nt golden :D
shroud BibleThump
Vamos SK SwiftRage
athUG Kappa
SK Kappa
sk :(
SK Kappa
VP was good this tournament Kappa
is this reruns PogChamp
It's live you kid Jebaited
felps very handsome LUL
When they ran down from B? LUL
THE banana rush LUL
Get ready for banana push 4Head
Banana Push EleGiggle
Yea LUL
FEELS BANANA PUSH MAN LUL
favella hacker zera LUL
Let's rush banana 4Head
Yes Kappa
I was a volunteer worker for it Keepo
rush banana LUL
YOu spelled it wrong that's why bois Keepo
mid then banana Kappa
G2 wins, rerun confirmed Keepo
we've got a game... if only they knew Kappa
time for banana boys Kappa
Let's rush banana 4Head
BANANA PUSH LUL
SK new IBP Keepo
replay :(
chill dude WutFace
Felps and Fer kicked already ? LUL
Gotta read HLTV everyday to keep up nowadays LUL
and kio is problem LUL
oui oui baguette LUL
like the fish cod? Kappa
FEELSBANANAPUSHMAN LUL
SK won this LUL
I only remember it as Swedish because of HeatoN :)
GOD APEX LUL
Manager is the favella Ricardo "dead" Sinigaglia Keepo
OhBabyATripleOYeah sup cod fan boy cmonBruh
G2 giving them the D LUL
sk LUL
Downside of Gambling, gotta watch them pretty skins mid-game Keepo
The worst are the fans, but they are not as toxic are turkish fans WutFace
Turkish people WutFace
turks WutFace
turok is nice LUL
@Exit5398 'openly' LUL
i used to play pokemon stadium at my haircut place as a kid LUL
house of the dead 2 on dreamcase Kreygasm
007 on the 64 Kreygasm
Ermagherd family show filter LUL
Ratchet and clank <3
What if we told you it was overpriced af Keepo
prebuilt LUL
fnatic LUL
Minecraft for everyone, fuc csgo SSSsss
who wants to play here? SSSsss
^ LUL
SK gaming LUL
rekt LUL
0-16 SK LUL
size doenst matter Kappa
master bait LUL
Aww cmon LUL
won 2 piston rounds, but lost this map WutFace
piston @backj5 LUL
backj5 sk won every pistol that series LUL
How bow you mute instead of crying out for attention B)
Maybe he ment instantly Gatecraft LUL
rush banana 4Head
He wants attention, stop giving it to him LUL
@OhBabyATripleOYeah the guy you're arguing with LUL
Oh, Angry daddy in chat LUL
this dude so mad LUL
@wildpurple LUL
@ovezl it was destiny Keepo
this chat LUL
Had some angry kid messageing me about being global and stuff also, no idea what trigerred him to tell me about is MM rank LUL
yeah its live LUL
spam this tuna for good fortuna SabaPing
@MrTruckFace LUL
@ChromaluX LUL
Who said Kenny can't rifle :)
no its not LUL
rip LUL
-2000$, she won't notice Keepo
LuL > LUL
Don't play on 64tick servers, you're just getting tricked that you suck more than you do Keepo
Oh god Jason, imma puke LUL
thanks :D
np :)
@marcelopiresps4 sorry fam, not here LUL
na nade LUL
Sounds hilarious ? LUL
Sherlok here PogChamp
So live you should bet all on G2, good money in it Keepo
"an wonderful example" LUL
"an" LUL
@tiermenschdesuntergangs you probably make bots look like ESL one winners LUL
Swedish racist here LUL
NA CS player here so I suck LUL
this chat LUL
Fredde179 LUL
@gatecraft but, think about the war refugees LUL
@gatecraft you know, the ones that refuse to integrate into your society Kappa
North Korea LUL
Brazil csgo LUL
i bet that G2 will win Dreamhack malmö Keepo
bbtw you can see it anyway Keepo
SK ERA LUL
SK LUL
dear mods! show me a sign that you're here with me <3
they're not here :(
TACO LUL
Fallen LUL
wonder how many griefing reports tier has Kappa
SK Strats , oh wait the strats book is empty LUL
Topkink stop been a woman cmonBruh
daily golden check LUL
Yup, 1000/1000 Keepo
WOO LUL
NiP > SK LUL
Swedish Favella back in 1.6 Keepo
3 AWP retake LUL
strat to lose KappaPride
imagine coldzera having an awp in that situation Kappa
Comeback LUL
@louiE3louiE3 LUL
@WesleyDesturne LUL
ez 3k LUL
@louiE3louiE3 Kappa
u want giveaway? pgl souvenir case? visit my profile and enjoy :)
shox LUL
He didnt kill two enemies tho :D
SK A HOLD LUL
favela = bad at cs LUL
favela = 3rd world country Jebaited
favela is a village LUL
0 pistol rounds LUL
@WesleyDesturne no it doesn't it LUL
trump 50 IQ, brazil 0 IQ LUL
gg 1V4 LUL
ONE TAP GG LUL
SK LUL
Live Jebaited
I do not live in the favela live here moema sao paulo who wants can come <3
Cant get more than 3 rounds after a pistol LUL
@louiE3louiE3 <3
@louiE3louiE3 LUL
chat bans for big boy words LUL
No LUL
him ---> KappaPride
TheTick ONLY THE CHOSEN ONE CAN PUT THE HAt on Kappa
1K viewers dead game Kappa
TheTick ONLY THE CHOSEN ONE CAN PUT THE HAt on Kappa
pimp <3
TheTick ONLY THE CHOSEN ONE CAN PUT THE HAt on Kappa
TheTick ONLY THE CHOSEN ONE CAN PUT THE HAt on Kappa
TheTick ONLY THE CHOSEN ONE CAN PUT THE HAt on Kappa
close enough ;)
Chrsurma ;)
ddssd TheTick ONLY THE CHOSEN ONE CAN PUT THE HAt on Kappa
TheTick ONLY THE CHOSEN ONE CAN PUT THE HAt on Kappa
v TheTick ONLY THE CHOSEN ONE CAN PUT THE HAt on Kappa
@matzends stalker du mig<?? DansGame
TheTick ONLY THE CHOSEN ONE CAN PUT THE HAt on Kappa
v TheTick ONLY THE CHOSEN ONE CAN PUT THE HAt on Kappa
: TheTick ONLY THE CHOSEN ONE CAN PUT THE HAt on Kappa
anyone want to play hydra guardian missions NotATK
v TheTick ONLY THE CHOSEN ONE CAN PUT THE HAt on Kappa
@matzends joker bare men hvor gammel er du? PogChamp
@matzends nice jeg er 16 :)
Lund11, cool :)
¨watch me play ESEA fam squad <3
TheTick ONLY THE CHOSEN ONE CAN PUT the hat on Kappa
TheTick ONLY THE CHOSEN ONE CAN PUT the hat on Kappa
TheTick ONLY THE CHOSEN ONE CAN PUT the hat on Kappa
ITS LIT FAM CurseLit
NAVI LUL
ITS EVERYDAY BRO CurseLit
nvm it went 2-1 LUL
matzends what u have to be rude cmonBruh
0rhythm dont cmonBruh
what is happening to me :(
This is live? Or wat BrokeBack
Bot draken LUL
SPAM THIS TUNA FOR GOOD FORTUNA SabaPing
APEX = DansGame
Draken LUL
Draken LUL
200k viewers = nobody watching LUL
@0rhythm that it's live LUL
Who killed him BibleThump
@0rhythm SeemsGood
i am betting on Tyloo MingLee
@strenius good luck LUL
i'm betting on G2 LUL
chat? cmonBruh
TheTick ONLY THE CHOSEN ONE CAN PUT THE HAt on Kappa
I listen to it like a radio while working :)
teamspeak in 2017 LUL
gotta go for faze censor cmonBruh
skype! KevinTurtle
i actually use skype PogChamp
discord? gotta hop on those snapchat calls cmonBruh
because sometimes some gurls come Kappa
c9 wins 4Head
Navi Kreygasm
yes its live Keepo
It's always live, it says it in the corner LUL
no scam BrokeBack
kkgoodnightsleeptightdontletthebedbugsbite #amiriteboiz? <3
Den här chatten är nu svensk PogChamp
was pretty fun PogChamp
hello guys. visit my profile and take a original pgl souvenir case. BloodTrail
its Live Navi can still win the tournament PogChamp
its live PogChamp
fatso LUL
how is it to be married WutFace
like jail Kappa
boiiiiiiiiiiiiii SwiftRage
if u're lucky ;p
@UtopiaPlanitia Yeah i can agree that our food is good :)
Girls also :p
l CrreamAwk
@dooshii yeah, that's true would be boring... but I like NiP because of the players, not because of the org :)
\m/ \m/ SwiftRage
RIP NIP LUL
is this live? Kappa
RERUN LUL
NAVIII has fallen PogChamp
THROW LUL
g2-0 Kappa
LIVE CHECK TWITTER PogChamp
navi win major and dreamhack YouWHY
navi win dreamhack HassaanChop
Autonoob LUL
they should ban weapons just because you suck with them FailFish
// Kappa
BM pause LUL
BOT Taco Kappa
This is s.. ResidentSleeper
@cucke_cucke where is this ? so dum8 ResidentSleeper
// Kappa
Bot draken Kappa
more thrashing kids please Kreygasm
// PogChamp
thank you SO MUCH Kreygasm
@cucke_cucke aha cause its close game its ..nice logic. i fak models life in a gated community and im global. hope u wonder why u arent, your brain is bad ResidentSleeper
@tiermenschdesuntergangs instead of watching why do you even respond? cmonBruh
clap PogChamp
THRASHERS Kreygasm
that kid in the background Kreygasm
Oh there was a Crowd? Din't recognized it after watching g2 vs nip LUL
Train ResidentSleeper
apples Kappa
OFFLINE RIP Kappa
are there any asian CS go teams MingLee
Clap ANELE
i don't think so that is live LUL
title says it's rerun LUL
get left LUL
Can we get some more live young boy camera shots? Kreygasm
s1mple D lmao <3
dat headshot WutFace
inwKhing Kappa
ok live then Kappa
Live CoolCat
navi Kappa
a Dragon poster as in Bruce Lee? Kappa
thrashing kids Kreygasm
Bizon LUL
works every time :D
@Ghosty_88 most of them are trolling :D
Victory Sip SeemsGood
best raund :D
yes Kappa
its a re live Keepo
rerun is the sponsor Kappa
ffs people in this chat are so dumb FailFish
then how will you explain that i know that g2 wins 2-0 vs north? Kappa
That fan on right ! :D
Omg this is live event CoolStoryBob
SMIX Kreygasm
Malmö crowd ResidentSleeper
smix her Kreygasm
its already past, G2 won ;)
Pimp doppelganger Kappa
Slow mode in rerun stream LUL
Thanks Purge SeemsGood
fire alarm ResidentSleeper
no one plays dd2 from now on :(
its definitely live Kappa
de_dust 2, no one plays it anymore :(
CHAT LOW PogChamp
bot is comming :D
Astralis Kappa
yes live Kappa
faze sticker Kappa
hobbit <--- LUL
Doesnt that make swedish guys bad if their reaction is under 50, but they react over 100? :D
ASTRA WIN HERE :)
ITS LIVE GUYS. ASTRALIS WILL WIN ON THIS GAME :D
dont forget the when saying it is live and rerun is a sponsor Kappa
2 - 13 PogChamp
astralis exposed Kappa
same logic Kappa
@spoonsforlife So is ur real name does names ever make sense? we just get used to them :)
fitch :o
Thanks Jankos SeemsGood
hva så Linda P 4Head
NIP this year is too fucking OP :D
depends who is the sponsor :D
ye ik that xD but i need to get one :)
series is still open immortals can comeback Keepo
Yes, that BR > ALL Keepo
Ez Game Ez Life Kappa
they picked it and got recked. BibleThump
Banana Control KappaPride
Never had so many ads........ BibleThump
someone help me get out of silver ;p
ty ty PunOko
ok thanks :D
BR > ALL Keepo
gonna get an epileptic attack wihtout epilepsy SeemsGood
IMMORTALS! SwiftRage
what ai mean is that in almost all eSports games there must be a brittish host with the accent Kappa
aizy! ... i mean EZ Keepo
G2 <3
BRA7-1L BRONZIL EleGiggle
Banana Control KappaPride
They are still my team, win or lose <3
Nameless nobody calling nip trash EleGiggle
kenny stop failing Kappa
he's right Kappa
they just forget the Kappa
by his behest he'll unleash the dragon's breath ... sadokist is so for memorising such lines KappaPride
g2 win 19-15 Kappa
there are only people who watched this last week Kappa
what a juan deag PogChamp
322 LUL
NiP? More like RiP LUL
His is light actually. Some frenchies have quite the accent :)
wonder if he will get his wish Kappa
@Outsmarthin Kappa
@Ghosty_88 Kappa
F*P DAP DA MAP! PunOko
F*P DAP DA MAP! PunOko
with his pretty boy hair. :p
Dosia PogChamp
Adren ResidentSleeper
Banana Control SeemsGood
she does not love me :(
@Ghosty_88 but i agree :)
AdreN <3
valde BANANA CONTROL SeemsGood
because this is live Kappa
133k viewers and we are on of them SeemsGood
and fitch was just not konfig :)
@r1ckRoidz no he isnt :D
aizy is back PogChamp
dosia PogKappaPrideChamp Kappa
whisper me for free skins :(
how live is this PrimeRlyTho PrimeRlyTho Kappa
want my a back :(
G2 Won the major PogChamp
Chat is flooded Kappa
Spoilered :(
now Idk :D
live? Kappa
Wrong title NotLikeThis
vp = shit 4Head
idk fam :D
vp in 2k17 LUL
This caster FailFish
can someone please give me a knife BibleThump
I can wrk fora knife <3
konfig picture ? :D
ok device Kappa
2v1 NotLikeThis
The cringe NotLikeThis
live :D
Best way to watch these streams is with RERUN headset SeemsGood
lekro has JW's nose 4Head
What do you think the word "Rerun" means? FailFish
@Game_of_Twitch people or me :D
I'm depressed now u ruined my day mod :(
check Kappa
rerun Keepo
dank CoolCat
Overpass BrokeBack
marten1MonkeS hvc5 KAPOW
If you want do be in this chat you need to ban the word "live" Kappa
meat head LUL
Le Gamme BrokeBack
this game ist now french Keepo
not many countrues can afford to have 2 teams on top level.. though they are kind of one big team :D
Kennys MDR PogChamp
Oh is coming <3
@Aussie4life115 go to hltv org :)
ofc G2 win they won dreamhack :D
The dream team :D
KennyS PogChamp
twichmemes on point :D
lost to cheese Kappa
C9 LUL
eco LUL
csgo LUL
skadoodle <3
yes clod9 playing boots :D
Clown9 LUL
E-spor botu dicemde bunlar dağcı botu :D
clutch 4Head
join the mzt_live gw on and ak skin 5 + dollar value. right now :)
ok :D
plmkiojb asi nie :D
EnYvUs need KENNY'S :D
only the chosen VAPE master can wear the vaper's hat VapeNation TheIlluminati
📞 HELLO CHRISTIANS 📞 JESUS HERE 📞 I WAS A MUSLIM 📞 4Head
LIVE? 4Head
Live LUL
110% LIVE PogChamp
People think this is live LUL
16-0 HLTV Confirmed 4Head
COMEBACK? 16-10 PogChamp
pasha trash 4Head
nice game :)
Your friend TheFunkPolice is also watching! VoHiYo
this is live Kappa
niko xd <3
If it isn't live you can't write in the chat dude FailFish
No more events in Poland lol Kappa
is this live? Kappa
acting like a dumb in 2017 LUL
very hard to figure out :P Kappa
yes Live Kappa
"tomorrow" isn't Kappa
I could've clutched that ezy Kappa
Yo anyone needs graphic designs working for skins or a knife <3
i just farted SoBayed
I play on HD and will never understand ppl who play on low settings :D
add me guys :)
@skyzmann PogChamp
@skyzmann thanks duude PogChamp
@skyzmann i paid and got the knife PogChamp
this guy is insaaane PogChamp
good night guys KonCha
bye guys KonCha
Håber at der er nogle få danskere herinde Kreygasm
I just ranked up to global my boys :)
live? PogChamp
RERUN = Live LUL
banan :D
N1p WiN 19_17 FailFish
I hope they win, hardly any Legit German teams now :(
Anyway GoNIP :D
It was very bad that VP is does not played better. :(
IBP DH UNBANNED PogChamp
whisper me for free skins :)
wtcnF wtcnLets PowerUpL
NiP <3
checkout my instagram -----> hlias_zafcheckout my instagram -----> hlias_zaf :D
Really hard in da sea of black Kappa
"WE WANT SWAG" BabyRage
Hi Stream lets count to 100 PogChamp
AUSTRALIAN CSGO FailFish
