2015 :(
is this live? Kappa
rerun is lie Kappa
camara effects PogChamp
d2 Kreygasm
FRIBERG <3
god bless Iraq SwiftRage
LG IN 2017 LUL
NaVi in 2017 LUL
!dorp Kappa
cs is ded only 1oo People 4Head
HeartStone haHaA 4Head
Dennis in g2 PogChamp
Maikelele + rain = <3
400 viewers dead game LUL
can we get drops in here? Kappa
Memeing on a rerun LUL
Using the new !LUL LUL
#KennyS Kappa
is this live? Kappa
It's live Kappa
that sound of ak-47 Kreygasm
old inferno <3
There's these cool things called memes :)
Ki0 was already the problem in 2K15 Jebaited
bot allu Kappa
THE FAKING SOUNDS :D
cuts off midd interview FailFish
i love how csgo does live tournaments 24/7. shows just how many players play this game :)
Hello ESL This is PGL who is better now 4Head
Bob ross has 3x more viewers than this LUL
old sounds BabyRage
when happy was so good and kennyS' era :(
kioo feelsbadman :(
gif me DLore pls KennyS :D
Olofboost ;)
dust 2 pls comeback CoolCat
the best map CoolCat
omg sad happy pro player lul MrDestructoid
OLD CS ADN TEAMS <3
old csgo <3
Omg old nip <3
ooooh, the memories <3
@THERealTokwatbaboy FailFish
ClarityTwisty are you even surprised? ;p
Is this live? Kappa
Nostalgy CoolStoryBob
The old sounds BibleThump
@iMxELA no BibleThump
Its 2k14 lul, Draken was in diapers back then :D
2014 Overpass PogChamp
The old usp sound PogChamp
Old sounds in general <3
@Vayne_carry_ he was with two headsets ! Kappa
NIP <3
LDLC <3
ldlc <3
2014? LUL
i saw this live at dreamhack EleGiggle
Anders and Semmler <3
I know right :D
This was a throw :D
NiP played it so bad :(
ITS LIVE PogChamp
When I came to the stream 30min ago the old sounds sounded so weird, now the new ones do KappaPride
But envy managed to comeback and won 2-1 :(
Next big tourney isn't till oct 20th WutFace
12-12 PogChamp
its so sad i love imortals i was expecting a 1hp clutch from heni :(
