Just got my first Vac 4Head
Rocket League EleGiggle
DOTA 2 LUL
no.... RERUN is the name of the sponsor! This is LIVE!!! Kappa
Tarco Kappa
executes ANELE
FIRED EleGiggle
I CS 4 EVER <3
fnatic Go Go <3
the great things about reruns is that "that's it for tonight guys" doesn't mean anything :p
Is this live? Kappa
..!..Drop! KappaPride
Is this live? Kappa
when bo3 came out Kappa
i just realize draken wasnt able to pick up the awp, he lost the ak Kappa
follow BloodTrail
hello silvers / Keepo
Kardeş napıyon kafasına gitti aq :D
IMT LUL
no i jsut wanna troll him i know meaning of rerun :)
who won that game i wanna know before rerun :)
sweden cs LUL
major? Kappa
live PogChamp
live Kreygasm
what a play PogChamp
lets go fuze PogChamp
lets go vp Kreygasm
COME ON VP SwiftRage
VP WHAT THE FUCK ARE YOU DOING SwiftRage
ok then he looks just similiar :D
live PogChamp
bet you G2 win Kappa
live PogChamp
Adren most consistent LUL
open bobs LUL
golden check Kappa
boi LUL
Mods not cool, as usual LUL
mods have no power over me LUL
why you so salty m8ty BabyRage
follow FutureMan
good kill Kappa
Comeback? :D
