apEX :(
i know :)
hello :)
11111 Kappa
wasn't even a noscope Keepo
loool tiny asian Keepo
lool faet man Keepo
lol :D
dunno. but he is standing there like an important girl, so maybe :D
hot girl tho :p
// encore Kappa
@rainaikai nah, he went back to Fnatic Kappa
now or now PogChamp
7 Keepo
hello guysss :D
ikea ak47 Kappa
dead chat LUL
:O :O :O :O :O :O :O :O <3
Banana! PogChamp
is this live? Kappa
why delete NotLikeThis
follow FutureMan
NIP <3
Knife M9 sapphire BibleThump
I thought Na'vi was just playing with Envyus cmonBruh
dONT THOUGHT AGAIN DatSheffy
back :D
