just i am russian,i don't speek english :D
knG back on Immortals YES PogChamp
ty,my english very bad BCWarrior
@tronan_fex this is not last map JKanStyle
@tronan_fex mirage picked immortals and next map picked inferno :D
wait, is this a rerun? Kappa
@gorgorgorggg i am playing <3
ResidentPlayer BR Brain ResidentSleeper
your waaaaaay behind the times Mr. Silver 5 :)
better than when they play 3 year old games :D
cs is dead LUL
live PogChamp
LIVE Kreygasm
live PogChamp
so live Kreygasm
GRILL PogChamp
grill monkaS PogChamp
yes this is live PogChamp
no it is live right now PogChamp
live PogChamp
live Kreygasm
live PogChamp
its live rerun 4Head
live PogChamp
live Kreygasm
Go Faze PJSalt
barbecu'd! PogChamp
STOP WATCHING THIS RERUN! LUL
just watch :)
that tongue WutFace
2.0 PogChamp
What a intense battle SeemsGood
Go north <3
buying headarmor NotLikeThis
still good to not get shot by a glock :p
they lost the round and bought, so you are wrong :D
can someone gift me a knife? :(
when did this happen? :)
Fnatic EleGiggle
rerun is the sponsor FailFish
XD im an awper and rifler :)
250K LUL
norway !! :)
hey :)
