Good old times BibleThump
guardian was the problem LUL
2016 BibleThump
Hey :D
NiP Na' Vi Poooound
Zeus was the problem 4Head
is it live Kappa
I am kidding btw :)
the old days :D
old inferno DansGame
Forest PogChamp
Old NIP :)
Kio PogChamp
this is so much more pleasing to watch than the NiP of today :(
old overpass PogChamp
remember that weird room on a site PogChamp
i do LUL
old gun sounds LUL
live Kreygasm
LIVE Kreygasm
live Kreygasm
bronzillieros Kappa
LIVE PogChamp
papa PogChamp
Coldzera PogChamp
Rerun DansGame
can someone give me a knife please :(
LIVE Kreygasm
I am a speedrunner who have been featured both on agdq and sgdq, stfu Kappa
2/0 SeemsGood
jajajajajaja 4Head
where the fuck are the mods? NotLikeThis
LETS GO FUZE PogChamp
YEAH FUZE PogChamp
LETS GO FUZE PogChamp
come on FUZE PogChamp
cade o fnx? Kappa
where the fuck are the mods NotLikeThis
dat free kill at b long and deadfox miss it FailFish
i neef to upgrade my potato Kappa
Des français :D
is there anybody in chat? TriHard
old tsm PogChamp
@Greekgodx PogChamp
@loltyler1 didnt know you watched cs PogChamp
7 TriHard
dreamhack MrDestructoid
Nosering KappaPride
is this live? Kappa
Yes Kappa
TY Kappa
LIVE DREAMHACK Kreygasm
Live Kappa
200 VIEWERS IN MAJOR CSGO SO DEAD LUL
Guardian went back to Navi because FaZe is noob LUL
K1o joined nV again Im so happy <3
This is not live,inferno looking so old. :)
wow she is sexy Kappa
_/ Kappa
How old is this? LUL
NiP <3
Get_Right <3
Cheering for a team in a 3 year old rerun is pretty dumb LUL
cCc NiP GeT_RiGhT NiP cCc <3
cCc GeT_RiGhT cCc <3
these ads its not even live ResidentSleeper
OMG old sounds.. I still love it <3
LDLC won in overtime Spoiler xDD LUL
the problem :)
rerun WutFace
fnx :(
ez gf Kappa
is this live ? Kappa
@moh1165 okay. :(
