interesting LUL
shroud: "I've baited enough kids to my stream. Thanks Mr. Gaben. Good luck with your dead game" LUL
"dead game" LUL
17k viewers on a CS MAJOR ? cs is dead game LUL
dead game meme ResidentSleeper
CHICKEN BIGMAC Kreygasm
LULDC Professional Team Kappa
DreamHack : We’re behind schedule! LDLC : Say no more, fam. We gotchu LUL
some people are saying it's not a major. like c9 plays minor tournaments LUL
ROPZ <3
rops is so sweet <3
RERUN LUL
1Head 2Head 3Head 5Head 4Head
major final only 18 k viewers this game is so dead LUL
EU TEETH PogChamp
WARNING ⚠: The emote “ “ will be removed after 10 more uses due to connections to haHAA. Please do not spam in the chat. . LUL
runboost PogChamp
L D L C NotLikeThis
HAT TEAM PogChamp
LDLC probably voted trump Kappa
grand final only 18k viewers LUL
ldlc should forfeit LUL
Grand final LUL
HATS VoteYea
MAJOR FINAL 19 K VIEWERS THIS GAME IS DEAD LUL
18K VIEWERS IN MAJOR FINAL LUL
SKYAAAAA TriHard
frenchies surrendering LUL
casters have no expectations Kappa
overwatch is a more alive game LUL
mouz guns looks like GN MM 4Head
LDLC onliners LUL
mous HATS VoteYea
LDLC LUL
LDLC in a major LUL
LDLC plzz BlessRNG
18K VIEWERS MAJOR FINAL CS IS DEAD LUL
gg end NotLikeThis
L D L C NotLikeThis
what a clown fiesta LUL
D C LUL
BOTS LUL
BOTS LUL
no offense LUL
mouz > bots SeemsGood
BOTS ON HARMLESS LUL
no offence LUL
Lmao LDLC make major final just to do this LUL
📞 HELLO LDLC 📞 AIRPORT HERE 📞 YOUR PLANE IS READY 4Head
haha LDLC bettor be like LDLC plzz BlessRNG
haha LDLC bettor be like LDLC plzz haha LDLC bettor be like LDLC plzz BlessRNG
@Miguel_Rocha_27 LUL
16-0 BlessRNG
L D L C NotLikeThis
GG LUL
EYE WutFace
16-0 BlessRNG
albino WutFace
L D L C NotLikeThis
LDLC DELETE? LUL
16-0 TakeNRG
LDLC getting a kill/roun LUL
L D L C BlessRNG
EU CS LUL
L D L C NotLikeThis
BOTS LUL
LDLC LUL
R P Z PogChamp
MAJOR VEIWERS DEAD GAME AM I FUNNY YET GUIZ? LUL
@pocarela LUL
@pocarela yeah lol, i like getting Jebaited
GG LUL
LDLC LUL
yung putin Kappa
16-0 BlessRNG
Stop they're already dead BibleThump
D C LUL
maniac PogChamp
18K VIEWERS MAJOR FINAL CS IS DEAD LUL
16-0 BlessRNG
D C LUL
Ldlc sucks SO DAMN BAD LUL
Kick then surrender LUL
MisterMonopoli: Stop they're already dead BibleThump
D C LUL
DEVIL ON LAN LUL
MAJOR VEIWERS DEAD GAME AM I FUNNY YET GUIZ? LUL
L D C LUL
16-0 BlessRNG
D C LUL
This looks like a real game, thank good its just the warmup LUL
ME ORC ME SPAM NO MOD NO BAN SMOrc
???? TriHard
LDLC WAS THE EU QUALIFIER 4Head
ME ORC ME SPAM NO MOD NO BAN SMOrc
D C LUL
11 kils PogChamp
@overraz RIP LUL
betting on the wrong team LUL
7-0 LUL
LDLC vs NA Ezpz vs EU Oshitt LUL
Timeout Presented by Doritis DoritosChip
ME ORC ME SPAM NO MOD NO BAN SMOrc
haha LDLC bettor be like LDLC plzz BlessRNG
16-0 BlessRNG
@loafxd MAJOR VEIWERS DEAD GAME LUL
ME ORC ME SPAM NO MOD NO BAN SMOrc
1v3 LUL
ME ORC ME SPAM NO MOD NO BAN ! SMOrc
16-0 ez LUL
ME ORC ME SPAM NO MOD NO BAN SMOrc
1v3 LUL
ME ORC ME SPAM NO MOD NO BAN . SMOrc
@coleridge49 18K VIEWERS MAJOR FINAL CS IS DEAD LUL
1 v 3 ? sap caster LUL
haha LDLC bettor be like LDLC plzz haha LDLC bettor be like LDLC plzz BlessRNG
Lul D Lul C haha LUL
181.9 PogChamp
16-1 LUL
@loafxd MAJOR VEIWERS DEAD GAME AM I FUNNY YET GUIZ? LUL
eye WutFace
181 adr PogChamp
D C LUL
181adr Kreygasm
ME ORC ME SPAM NO MOD NO BAN SMOrc
wun tep miester Kappa
ME ORC ME SPAM NO MOD NO BAN SMOrc
haha LDLC bettor be like LDLC plzz BlessRNG
7-1 BlessRNG
haha LDLC bettor be like LDLC plzz haha LDLC bettor be like LDLC plzz BlessRNG
ME ORC ME SPAM NO MOD NO BAN SMOrc
ME ORC ME SPAM NO MOD NO BAN SMOrc
ME ORC ME SPAM NO MOD NO BAN SMOrc
7-1 BlessRNG
ME ORC ME SPAM NO MOD NO BAN SMOrc
16-0 BlessRNG
haha LDLC bettor be like LDLC plzz BlessRNG
Live Die Leave Cry LUL
16-0 BlessRNG
i want 7-1 but i want 16-0 NotLikeThis
ME ORC ME SPAM NO MOD NO BAN SMOrc
ME ORC ME SPAM NO MOD NO BAN SMOrc
16-0 HSWP
haha LDLC bettor be like LDLC plzz haha LDLC bettor be like LDLC plzz BlessRNG
guess we know what LDLC is offline LUL
16-0 BlessRNG
20k viewers for a cs:go major what the actual? I remember when a simple qualifier would net 120k viewers. Pity. FailFish
5v2 to 2v2 LUL
7-1 BlessRNG
16-0 BlessRNG
This game ResidentSleeper
LDLC has pub strats go A or go B only call 4Head
Bra71l BlessRNG
7-1 PogChamp
// Kappa
BRA7-1L EleGiggle
7-1 LUL
rip 16-0 :(
7-1 BlessRNG
7-1 LUL
7-16 PogChamp
16-1 4Head
7-16 LUL
Bra71L Bra71L Bra71L Kreygasm
7-1 LUL
BRA71L LUL
haha LDLC bettor be like LDLC plzz haha LDLC bettor be like LDLC plzz BlessRNG
7-1 LUL
nice LDLC you won 1 single round yeaaa LUL
LDLC thx for perfect Bra71L setup Kreygasm
7-1 Kappa
Bra7-1 LUL
BRA71L dogdogLOL LUL
haha LDLC bettor be like LDLC plzz haha LDLC bettor be like LDLC plzz BlessRNG
haha LDLC bettor be like LDLC plzz BlessRNG
HEY EU NICE MAJOR 20 VIEWERS 4Head
haha LDLC bettor be like LDLC plzz haha LDLC bettor be like LDLC plzz BlessRNG
claws rawr Kappa
haha LDLC bettor be like LDLC plzz BlessRNG
LDLC LUL
D C LUL
haha LDLC bettor be like LDLC plzz haha LDLC bettor be like LDLC plzz BlessRNG
ME ORC ME SPAM NO MOD NO BAN SMOrc
this is a fair match Kappa
why major fuck BabyRage
LIDLC LUL
i have 500$ on LDLC :(
D C LUL
L L LUL
NO ONE WATCHING DROP LUL
D C LUL
nice stepping LUL
L L LUL
existence is smoked Kappa
ex6tenz clutch LUL
1 pushed, with bomb... and one ran away to save... nice teamplay FailFish
@shadowscheme3 They lost their own pick but won 2-1. AU CS LUL
SUNNY LUL
L L LUL
moving LUL
oskar awp <3
Twins Kreygasm
SUNNY LUL
oskar AWP Kreygasm
haha LDLC bettor be like LDLC plzz BlessRNG
0-0-10 EleGiggle
0 10 LUL
Is oskar 50 yo? LUL
I do Kappa
SUNNY LUL
Alex TriHard
it has to be embarrassing to be this bad LDLC LUL
REMEMBER WHEN PEOPLE WANTED TO1NOU TO BE PART OF THE FRENCH SUPERTEAM LUL
Alex is English ffs LUL
0 11 LUL
"NEW UPCOMING TALENT" LUL
obviously wallhacking LUL
"TALENT" LuL Jebaited
MOUZ VS CLOUD9 CLOUD9 WIN PogChamp
16-1 BlessRNG
mouzsports coach is like I'm ready to go home Kappa
@foziegod WHAT A ENGLISGES IN A CHAT PogChamp
missed the old titan :(
L L C LUL
haha LDLC bettor be like LDLC plzz BlessRNG
LDLC WITHOU KQLY LUL
GOD ROPZ 2017 <3
Beta dreamhack with beta teams and beta hosts beta casters LUL
LDLC WITHOUT KQLY LUL
@Powah999 Titan were best in the world at one point. How long you been around? LUL
D C LUL
ldlc still better than NA team LUL
lmao wtf :D
D C without online cheats LUL
ldlc hack online for sure LUL
11-1 LUL
L D L LUL
ONE KILL PogChamp
16-1 confirmed LUL
ldlc took 3 rounds already this series PogChamp
D C LUL
im done BabyRage
LDLC WITHOUT KQLY LUL
another 16-2 LUL
0 - 0 - 12 PogChamp
1-0-12 4Head
its bit harder without cheats yep baguettes? LUL
D C so bad LUL
EU CS LUL
SALT MY DISH BARTENDER PogChamp
LDLCrap LUL
MOUZ > LDLC > NA LUL
@Grimzzz mouz really isn't playing that good...LDLC just has no talent except with online connection benefits LUL
C LUL
11-16 ez SeemsGood
@foziegod Get better England first then you can talk LUL
REKT LUL
20k viewbots 4Head
REAL PROS NEVER FAKE LUL
L LC LUL
D C LUL
D C LUL
0 IQ 0 IQ 0 IQ 0 IQ 0 IQ 0 IQ LUL
L DLC LUL
0 IQ PLAY LUL
LDLC WITHOUT KQLY LUL
1 - 1 - 13 PogChamp
bot ex6 LUL
Smartest FR player BrokeBack
those moe fails need to be spammed Kappa
there is bad and then there is Pathetic LUL
Keyboard WutFace
time to plan LUL
1-13 lols LUL
ONLY 20K DEAD GAME CSGO LUL
ropzsports PogChamp
L DLC LUL
ARROW KEYS 1.6 LUL
MY NAME IS DEVIL I AM A BAITER, SEE YOU ON THE SITE A LITTLE LATER CoolStoryBob
ARROW KEYS LUL
D C LUL
Triggered LUL
MOUZ > LDLC > NA LUL
keyboard arrow keys WutFace
RASH B LUL
its not me, its my connection because its an even match LUL
20K DEAD GAME CS DIE LUL
take a timeout to figure out to rush b LUL
L C LUL
WTF LUL
ROPZ PogChamp
GODz Kreygasm
ACE BlessRNG
ACT BlessRNG
GODz GODz Kreygasm
ARE YOU FU... LUL
NO KIT LUL
WHY PEEK XD LUL
ARE YOU F LUL
ARE YOU F Kreygasm
Maniac LUL
0.05 LUL
OoOoH pApA cHrIsJ nOsCoPe Me So HaRd PogChamp
0.05 sec LUL
so fcking rekt omg Kreygasm
so bad FailFish
16-1 BlessRNG
minnesota twins LUL
ROBIN KOOL KKool PogChamp
there is being unlucky and just being terrible at offline matches LUL
17 year old PogChamp
MOUZ NA PRIDE PogChamp
haha LDLC bettor be like LDLC plzz haha LDLC bettor be like LDLC plzz BlessRNG
BOT Maniac DansGame
t sided map btw LUL
haha LDLC bettor be like LDLC plzz BlessRNG
NA MOUZ <3
LDLC ARE SO UNLUCKY LUL
BOTSKAR LUL
ropz cute <3
BOTSKAR LUL
botskar :(
BOT DEBIL LUL
BOT AWARENESS LUL
14-1 LUL
16-1 BlessRNG
MOUSE NO RESPECT LUL
UNLUCKY 1-14 LUL
game ResidentSleeper
16-1 LUL
ROPZ VAC LUL
16-14 PogChamp
T SIDED LUL
@fake_bian ur mum to LUL
Hi LDLC your flight leaves in 20min hurry up HeyGuys
14-16 dream BlessRNG
14-1 BrokeBack
pls still invite ldlc to big lans instead rly good teams LUL
16-2 and 14-1 NotLikeThis
its ct sided and ldlc will comeback now Kappa
14---1 BrokeBack
GONNA BE 32-3 LUL
@insomniaticpanda, x100500 Kappa
Live Die Lose Cry LUL
no this is CT Sided Kappa
Live Die Lose Cry LUL
WORST SKILLED LUL
P2K LUL
BOT DUEL PogChamp
ROPZ GOD NEW SCREAM GOD HYPE BEST SMURF IN THE WORLD <3
I was on a different tab but 14-1 14-1 14-1 14-1 14-1 LUL
200 IQ PogChamp
o :(
REDDIT TO1NOU AIMBOT CLARA! LUL
16-14 PogChamp
14-16 PogChamp
16-14 PogChamp
16-14 PogChamp
15-0 second half PogChamp
comeback FailFish
getting rounds DansGame
14 - 16 LUL
Is this Live? 4Head
16-2 1st game, 16-2 2nd game :(
I'm just happy to see LDLC at lan, hope they keep improving :)
14 - 16 Kappa
BOTJ LUL
.. Kappa
16-14 PogChamp
16-3 PogChamp
DENIED LUL
14-16 HLTV confirmed Kappa
gg boyz 16-14 LUL
... Kappa
monkaS LUL
delaying the loss ResidentSleeper
DEBIL 4Head
we lost 4Head
defusal Kappa
Defus LUL
L L PogChamp
16-15 Kappa
MOUZ VS ENVY FLASHBACKS LUL
14 - 16 coming, ohh its not a chinesse mafia tournament 4Head
Luckesport throw PogChamp
16-14 LUL
Comeback is real LUL
ez cumback LUL
15-19 trackcsgo confirmed :)
2 more rounds, nice fix LUL
mistou or riot SwiftRage
ji ji has been called DendiFace
sexi girl bent over Kreygasm
grill Kreygasm
Up up down down left right left right B A select start Kappa
GRILL :D
ya baby bend over Kappa
cringe coach LUL
chrisJ ResidentSleeper
M ResidentSleeper
just lose already ResidentSleeper
WARNING ⚠: The emote “ “ will be removed after 10 more uses due to connections to haHAA. Please do not spam in the chat. . LUL
CrhisJ = MVGame
astro headset Kappa
Live is a sponsor guys DarkMode
Ripdlc LUL
LDLC toggling on Kappa
how can I donate to this channel? Kappa
CUMBACK TIME BOIS Kappa
WARNING ⚠: The emote “ “ will be removed after 10 more uses due to connections to haHAA. Please do not spam in the chat. LUL
LDLCrap LUL
14 - 16 coming, ohh its not a chinessw mafia tournament LUL
10:20 in Bangkok SeemsGood
LuL in 2017 LUL
BOT LUL
BOT LUL
14-88 in Fuhrerland / DatSheffy
10 more LUL
14-16 LUL
16-14 i believe PogChamp
DECOY PogChamp
SEIZED PogChamp
16 - 200 coming LUL
DEVIL LUL
what are you doing maniac... FailFish
5:22 am now here in germany :D
comeback is unreal LUL
15-15 LUL
MANIAC LUL
My name is Oskar I'm a big baiter I'll see you on the bombsite A little bit later Jebaited
MANIAC LUL
D C LUL
portugal is a region in spain right? 4Head
D C LUL
CameraMan AFK LUL
now it's gg LUL
15 - 200 coming LUL
@csmace rage LUL
D C LUL
16 2 16 4 LUL
DEBIL LUL
gg LUL
EZ BOTS LUL
pro games should have take control like you can on bots 4Head
gg french idiots lol :)
15-5 PogChamp
COMEBACK LUL
OH LUL
ohhhhhh 4Head
pressure is on you will be kicked Kappa
32 6 LUL
LLUL LUL
GG AUF GEHTS :D
2-16 , 4-16 LUL
ScaredyCat Kappa
MUSIC BibleThump
RIP NeoFAG EleGiggle
NO CHINESSE TOURNAMENT = NO MAFIA 4Head
legal LUL
is that a grill Kappa
STAY LIT BOIS PogChamp
Ibra PogChamp
KRAUT NEIN DansGame
stay lit PogChamp
STAY LIT 4Head
LOOOOOL 4Head
haHaa 4Head
STAY LIT TriHard
DUST Kappa
Ropz should find a ropez Kappa
2.01 rating LUL
that was without ropz though 4Head
is that the real c9 flux @C9FluX PogChamp
big dead LUL
hazed Kreygasm
BIG deal LUL
High school players LUL
@C9FluX and I'm afraid you're a nobody with 0 followers on twitch LUL
when people look at twitch followers LUL
Sellout PogChamp
STUNNA <3
ACE PogChamp
GG mouz <3
@ittaisenpai LUL
Scripted Robot 4Head
Still 720p LUL
free coins PogChamp
I don't understand, I'm not intelligent enough BibleThump
i love r&m :)
fnatic PogChamp
flusha without cheats :(
