RERUN LUL
Bye EU plebs HeyGuys
@Cunnett yes Kappa
utility ResidentSleeper
Bots LUL
shz PogChamp
bug and lmousports threw for money :D
86k viewers but dead chat 4Head
I can play better with onl;y 40 hours into the game LUL
banned LUL
They're playing pretty late PogChamp
Can't believe this is live, kinda late for tourney TriHard
can we get a spam in the chat? Kappa
123 Kappa
only 5k viewers major final LUL
me dog me spam no mod no ban FrankerZ
asmr Kreygasm
smix Kreygasm
wow i was just joking i was expecting someone saying Rerun is the sponsor ;)
FaZe Kappa
Hi! HeyGuys
Hello! HeyGuys
6.5k for a rerun PogChamp
Or make from scrap metal pieces LUL
Ayyyyyyyy LUL
5k for Major dead game LUL
Dead game but ı watch everytime LUL
Still better than Destiny 2 LUL
So, when are you guys going to sell your skins LUL
@elcazadorriley i actually cashed everything out last week LUL
no scope? LUL
WARNING ⚠: The emote “ “ will be removed after 10 more uses due to connections to racism. Please do not spam in the chat TriHard
@elcazadorriley\s sure cuz only your opinion is the right one. its not rng for any player with IQ higher than 15 Jebaited
NERD DRAMA Kappa
NA CS EleGiggle
tf bttv not enabled here BibleThump
AZR GOD PogChamp
fortnite is better than pubg anyway TriHard
hes true tho LUL
ive never played pubg TriHard
@Liangjw clearly not a 14y old reddit lover i guess Jebaited
this set play PogChamp
NA CS LUL
Man, you guys are kids, aren't you? Arguing about a completely random game over the internet. Bravo // Kappa
its live Kappa
if its a rerun how come the casters dont know whats going to happen next? FailFish
theres a reason my friends call me the yung genius. and its not cuz i pay them 4Head
stream taken over by PUBG DansGame
PUBG, PUBG go away Fortnite is better anyway DansGame
AU CS LUL
MODS ON RERUN? Jebaited
ikr LUL
only monkaS enabled BibleThump
Just kiss already you fools. KappaPride
rekt LUL
spaaaaced out add dudeeee 4Head
turd LUL
Thomas I didn't understand that add, would you mind sharing your knowledge with me DendiFace
cant remember any emotes LUL
gr8 song LUL
Download adblocked LUL
2k VIEWERS MAJOR FINAL GAEM DEAD LUL
noob kid LUL
its not live lol :D
the Live RERUN :D
no he cant , he dont know how to read LUL
Yeah Make this "PPP" again Kreygasm
PPMD <3
RENE s KappaPride
anyway.. it's replay. Just watch it Kappa
first agent 0 0 7 Kappa
Renegades comeback Kappa
2k VIEWRS live MAJOR Dead GAEM LUL
2k VIEWRS live MAJOR Dead GAEM LUL
2k VIEWRS live MAJOR Dead GAEM LUL
2k VIEWRS live MAJOR Dead GAEM LUL
haha thanks :)
2k VIEWRS live MAJOR Dead GAEM LUL
csgo Kappa
no cmonBruh
Good :)
at like 8pm LUL
4:20 4Head
This is why na doesnt win SwiftRage
CLG NOT A REAL TEAM LUL
when you notice you fucked up DarkMode
Vennen din, andzcsgo, ser også på dette! VoHiYo
im comming from the future...clg will lose this map but win the series TheIlluminati
Tempo storm, stop buying guns NotLikeThis
No DansGame
0/6 Keepo
inside out KappaPride
Know each other inside and out KappaPride
ibrahimovic Kappa
He needs a mirror though Kappa
@JeremyKyleee 4Head
Who cares about SC3 we want HL3 Keepo
We'll never know for sure TheIlluminati
@jinglos damn that was a nice one ahah 4Head
live PogChamp
Archon toilets in dota ? 4Head
EU FailFish
SPAM THIS TO HELP SKADOODLE pastaThat
She sounds like she definitely knows what she is saying LUL
It turns to racism quite fast Kappa
oki nice won 100$ ;)
this is rerun dude :D
Devil hair wwwtttffff <3
NORTHERN GAMING LUL
Maniac FutureMan
Who won the final I missed it ? BibleThump
Nice troll but BIG and C9 played FailFish
HO HO HO LUL
SPAM THIS CHEESE FOR HELP MOUSESPORTS StinkyCheese
na cs LUL
Its Live PogChamp
SPAM THIS CHEESE FOR HELP MOUSESPORTS StinkyCheese
only 1379 viewers on a major cs is dead LUL
SPAM THIS CHEESE FOR HELP MOUSESPORTS StinkyCheese
SPAM THIS CHEESE FOR HELP MOUSESPORTS StinkyCheese
is this live? Kappa
it's live rebroadcast Kappa
tnx smix SeemsGood
LIVE Kreygasm
LIVE PogChamp
LIVE Kreygasm
map yes win clg relax :)
LIVE PogChamp
LIVE Kreygasm
LIVE PogChamp
@ugur19031993 why? DansGame
wut? DansGame
Live PogChamp
LIVE Kreygasm
LIVE PogChamp
LIVE Kreygasm
LIVE PogChamp
LIVE Kreygasm
LIVE PogChamp
LIVE Kreygasm
LIVE PogChamp
LIVE PogChamp
LIVE Kreygasm
LIVE PogChamp
chat is LIVE PogChamp
LIVE PogChamp
LIVE Kreygasm
LIVE PogChamp
LIVE Kreygasm
LIVE PogChamp
LIVE Kreygasm
LIVE PogChamp
LIVE Kreygasm
LIVE PogChamp
LIVE PogChamp
LIVE Kreygasm
LIVE PogChamp
LIVE Kreygasm
clg is yes win relax bro :)
LIVE PogChamp
LIVE Kreygasm
LIVE PogChamp
COME ON VP SwiftRage
LIVE Kreygasm
LIVE Kreygasm
LETS GO FUZE PogChamp
* PogChamp
LIVE Kreygasm
LIVE PogChamp
LIVE PogChamp
LIVE Kreygasm
LIVE Kreygasm
Dreamleague EleGiggle
LIVE Kreygasm
this is LIVE PogChamp
LIVE Kreygasm
LIVE PogChamp
LIVE Kreygasm
LIVE PogChamp
LIVE Kreygasm
LIVE PogChamp
LIVE Kreygasm
rerun tho ResidentSleeper
uhhh Kappa
sponsor Kappa
LIVE Kreygasm
moneys tight Kreygasm
LIVE PogChamp
LIVE PogChamp
is there a mod on to mute this kid NotLikeThis
LIVE Kreygasm
LIVE PogChamp
1.1k viewers in rerun PogChamp
LIVE Kreygasm
prolly toggling Kappa
LIVE PogChamp
@OreoEli Just watch the match, let him waste his time typine Live all the time ;)
AU csgo LUL
LIVE PogChamp
EU flash PogChamp
"maby" LUL
brain meme PogChamp
LIVE Kreygasm
LIVE PogChamp
LIVE Kreygasm
* PogChamp
LIVE PogChamp
LIVE Kreygasm
LIVE PogChamp
LIVE Kreygasm
LIVE PogChamp
LIVE Kreygasm
Why is one of the T players casting? Kappa
caster, watch out ANELE
It was Kappa
LIVE Kreygasm
LIVE Kreygasm
LIVE PogChamp
LIVE Kreygasm
yes LIVE PogChamp
omg live? PogChamp
HOLYSHIT LIVE? Kappa
yes i just confirmed that its live DansGame
LIVE PogChamp
LIVE Kreygasm
THIS IS LIVE DansGame
Wait what? I thought this was offline MVGame
THIS IS LIVE PogChamp
yes LIVE PogChamp
LIVE Kreygasm
bee enoop BrainSlug
LIVE PogChamp
live Kreygasm
LIVE PogChamp
CHUTYIA this is LIVE PogChamp
LIVE Kreygasm
LIVE PogChamp
yes, LIVE PogChamp
LIVE PogChamp
BHENCHOD this is LIVE PogChamp
LIVE Kreygasm
LIVE Kreygasm
did i stutter? :D
LIVE PogChamp
LIVE Kreygasm
LIVE PogChamp
Nice. Thanks bois <3
LIVE Kreygasm
LIVE PogChamp
LIVE Kreygasm
LIVE PogChamp
LIVE Kreygasm
LIVE PogChamp
LIVE Kreygasm
LIVE PogChamp
LIVE Kreygasm
LIVE PogChamp
LIVE Kreygasm
yes, LIVE PogChamp
LIVE Kreygasm
LIVE Kreygasm
whats so funny? BrokeBack
LIVE PogChamp
LIVE NotATK
Live Spray PogChamp
gobb <3
nex doe is the best german player PogChamp
Did you just tag yourself? Kappa
ye LUL
twitch is so shit these days NotLikeThis
I see you enjoyed it KappaPride
Flash LUL
chat so fast, nobody will notice im a straight guy Kappa
LIVE PogChamp
LIVE Kreygasm
i bet c9 wins map 1 loses map 2 and wins map 3 in double overtime Kappa
fuck pubG :o
LIVE Kreygasm
@Grupert213 FeelsGoodMan HeyGuys
LIVE PogChamp
LIVE Kreygasm
1,1K viewers nice major Valve cs dying game Shroud has more viewers than cs major 4Head
Big Black Glock <3
this is LIVE PogChamp
LIVE Kreygasm
LIVE Kreygasm
LIVE Kreygasm
"OSKUR" 4Head
LIVE Kreygasm
Win10 best Win for gaming Jebaited
C9 6-0 PogChamp
NA EleGiggle
C9 roster LUL
ARGENTINA HERE HeyGuys
ARGENTINA HERE FutureMan
LIVE PogChamp
ARGENTINA HERE FUNgineer
TARIK IS THE PROBLEM Kappa
TARIK IS THE PROBLEM LUL
No hay nada live? :(
@juliansaantiago :D
1k major CS DEAD LUL
LIVE PogChamp
LIVE Kreygasm
LIVE PogChamp
no, LIVE PogChamp
LIVE Kreygasm
@Baraka528 please no more :(
needs shroud Keepo
LIVE PogChamp
Its live Keepo
i just got permabanned in fl0ms channel for typing '!res' LUL
LIVE Kreygasm
n0thing has a disgusting voice thats why he got kicked LUL
C9 in 2K17 LUL
the crowd LUL
EU CS LUL
ofc stew take that kill cuz he going for risky spray no tap him ;)
EU CS LUL
EU CS LUL
hazed PogChamp
yeah it’s live Kappa
the voice WutFace
say my name Kappa
talk trash? DansGame
viewbot MrDestructoid
yeah it’s live Kappa
nt stewart Kappa
hard to smoke ct Kappa
pretty crisp and clean on my end :D
BIG came back and won Kappa
c9 finally won something :D
"gave it 110%" Kappa
f4f ;)
600 people watching re run this time of night seem legit LUL
valde :o
VP <3
problems and commercials in rerun LUL
forest Kreygasm
superteam Kappa
fnatic in 2017 Kappa
Fnatic in 2016 PogChamp
please drop me :D
I know that this is a rerun but that round was horrible Kappa
Dosia cheating LUL
even on a rerun, twitch chat is "c word" Kappa
yourself ? Jebaited
@trypsinogen ignore them they are just retaded typical twitch chat LUL
@LemonManCz BabyRage
this is why I hate twitch chat Kappa
mods ? DansGame
even tho I'm in the chat myself Kappa
not using ad blocker in 2017 LUL
f0rest LUL
Gambit 2 win 8/1. Hit me up on PayPal BloodTrail
HSWP. KappaPride
420 viewers LUL
