cz force win ? :)
hehe Keepo
nip win ok :D
oh it's 30 degrees LUL
nyk0h is bot :D
i will report him :D
u dirty bot :D
stop it bot :D
trying to steal my account orr what? :D
not going to tell you my password lmao :D
lol bots can't have prime :D
go sleep bot, take energy :D
you all are bots im only real human here :D
im from hungary so i cant be bot :D
i read article about twitch bots only watching reruns for good money so im 100%& true :D
400 game major viewer dead final 4Head
Hungary bots make no sense NotLikeThis
lol :D
bots cant read minds :D
G2 <3
g2 and kennyS also ok ;)
who was the best cs player ever? HeatoN? Kappa
HeatoN is the best because he designed the EC from Zowie Kappa
nv was good when they was ldlc Kappa
simple aint good :D
its live lol? :D
its a RERUN :p
500k Kappa
yes Keepo
pubg is finally dead officially BlessRNG
lmao its dead already :D
looks better anyways Kappa
hackers going to ruin pubg soon or later so its dead af :D
lul :p
there are more cheaters in pubg than csgo atm dead soon my boi ;)
it has always been dead, and always been shit ;)
true grive ;)
because csgo doesnt have so much cheaters? ;)
soon battleeye cant find anything coders are smarter than battleeye :)
ez cheats ;)
i can confirm that pubg is officialy dead game ;)
End of the story :)
End of the story :)
haha : ) go eat poop u dumb -200iq :p
dont be triggered because im right. ;)
karrigan in fnatic PogChamp
1.6 PogChamp
5years old PogChamp
Mirage was a cs1.6 map?? :D
1 PogChamp
Live ? LUL
Final? wheres SK? Kappa
sick Radar Kappa
240 viewers highest viewer count for 1.6 PogChamp
I regret not knowing of the existence of the competitive CS scene back in 2012 :p
30fps NotLikeThis
Those gaming chairs PogChamp
back in 2012? that was the very end, u should've seen the 2004-2007 era :D
zevs? LUL
IT'S ZEUS NotLikeThis
Bomb timer used to be 35secs unthinkable in CSGO now with molotovs and impenetrable smokes NotLikeThis
NICE <3
1.6 BibleThump
HenryG and fifflanren in young Kappa
HenryG and fifflanren in young Kappa
1.6 <3
cast by HenryG and fifflaren in young Kappa
marik Kreygasm
This is demo of new cs? LUL
Noise Maker LUL
source 2 out PogChamp
pls 1.6 comeback :(
yung semmler LUL
ðŸ‘‰ ðŸ‘Œ â“ 4Head
semmler :D
young xizt :D
xiztvsmile LUL
he's so cute BibleThump
Dongers? Kappa
2016 LUL
niko sports PogChamp
old inferno.. <3
haha seized :D
<3y :)
