so sdds, rip immortals :(
170 VIEWS HAHAHA LUL
Csgo is dead only 170 viewers LUL
than a really late rerun at 01:00 am LUL
As a long time NiP fan, guess how much dis hurt mah soul from 1-10 when I saw it live in the arena... BibleThump
all kids are sleep thats why no one spaming :D
whyyyy Kappa
finaly someon speaking :D
LIVE GAMEPLAY PogChamp
L I V E PogChamp
LIVE GAMEPLAY PogChamp
LIVE? PogChamp
I made this game :)
New twitch WutFace
6530 Kappa
am special Kappa
XD that happen when you learn english from gamingonly PogChamp
No one was tracking brotha ;p
Doing weekly giveaways, dont miss and follow me now! PogChamp
Doing weekly giveaways, dont miss and follow me now! PogChamp
Weekly giveaways - follow now so you don't miss! PogChamp
Weekly giveaways - follow now so you don't miss! PogChamp
Weekly giveaways - follow now so you don't miss! PogChamp
Weekly giveaways - follow now so you don't miss! PogChamp
76 People watching a major DYING GAME LUL
GODIMAtic PogChamp
hello :)
hello cmonBruh
spray PogChamp
espero que esta vez si gane gale force Kappa
ReRUN ResidentSleeper
csgo ResidentSleeper
