that sniping skill LUL
taco is so gay DansGame
NIP <3
NiP <3
lol :D
OSsloth SSSsss
1,6 Na Vi PogChamp
ceh9 <3
olof scoolboy yet LUL
Simple kicked? Kappa
graphic from 2000 :D
markeloff in navi Kreygasm
the commentators LUL
1 pixel nades LUL
Edward gets younger by the years. SeemsGood
im here to teach you Kappa
@sk_rinat1337 Spoilers WutFace
you must be a troll, i trust you LUL
Of what i know, they're still going... CoolStoryBob
11 - 4? Thats always a comeback LUL
faze vs nip :(
C9 Finals omg braindead LUL
NAcs LUL
carn casting LUL
bringning back the good old days :D
Old Mirage BibleThump
awp with crosshair LUL
ceh9 Kreygasm
cs 1.6 is back ! PogChamp
NA SMOKE LUL
karrigan fnatic LUL
that tact LUL
these casters LUL
this chat LUL
your life LUL
zeus and edward 1000000 years in navi 4Head
csgo LUL
markeloff,ceh9,Zeus,Starix,Edward <3
2012 4Head
is this 1080p? Kappa
fnatic 4Head
2 steps from hell <3
RIP dxRacer LUL
fnatic finally own something? Kappa
karrigan PogChamp
rip your mother 4Head
the old sweet famas burst.... :D
karrigan sweden is horrible 4Head
xizt 5 years old 4Head
mr hassan Kappa
major 2006 mibr BuddhaBar
5000$ buy my house 4Head
natus tiltus Kappa
BotSports LUL
Old navi TearGlove
VP <3
snax :)
fatsnax 4Head
japaneses WutFace
vietnam WutFace
not good teamwork ingame LUL
Godsent LUL
NiP -pyth = good <3
Nip PogChamp
@Grinch44444 In trash and searching for team Kappa
devil PogChamp
LOL FailFish
it's kennys PogChamp
Fortnite Tournament PogChamp
RERUNS IN 2017 LUL
DUST2 BibleThump
BR games in 2017 DansGame
old inferno BibleThump
give pubg a couple of years and it'll be dead as wwell LUL
no it's still 2016 Kappa
in a navi shirt WutFace
typical girls. Supporting "the best team" Jebaited
simple is overrated Kappa
friberg back to nip PogChamp
clone :D
I hope nip :)
Rez aswell Kreygasm
friberg too Keepo
200 VIEWERS AT A MANOR FINAL LUL
200 VIEWERS AT A MAJOR FINAL LUL
pls follow me on twitch <3
its just rerun :D
when GODSENT was good LUL
closer to death each day, by day :D
playstation for cs go? LUL
gl with that m8 :)
OLD CS PogChamp
NiP <3
ı love old dust2 <3
music LUL
these times <3
is this live? Kappa
this nip <3
maikelele TheIlluminati
smix <3
2014 :D
Meanwhile NiP just won the first map vs Faze (best of 5) :D
f3 <3
kkkkkk yeah 4Head
is this live Kappa
wow this is live ! Kappa
