guys, I'm so hyped now. this is something new and unprecedented in CS history Kappa
? PogChamp
SourPls i made this song :)
H1 1 LUL
its a puzzle LUL
its rerun HSWP
Im best at cs :)
Is this live? Speak to me plz? LUL
north fans in 2017 LUL
rerun :D
can share active promocode for cs:go. use @MATANTV and u can use it on dropgun_com friends say it works :)
nice round RpK :)
Getrektian LUL
NiP Win. KappaClaus
live cs at morning PogChamp
csgo in 2017 EleGiggle
dead chat ResidentSleeper
/ MingLee
EPIC MUSIC PogChamp
RENEGADES PogChamp
NAVI AT LAN?? this 2016? PogChamp
faze = overated LUL
shrood quit :(
“best fps player” LUL
@William98R Lmao LUL
@tellogaming ur trash LUL
@William98R nah my pc is a beast it was like 2100$ lmao LUL
@William98R ive been looking for games for a shit long and nothing :(
and Koreans are only good at Mobas LUL
dont know how to do meth Kappa
Cherry Pop KappaPride
how much ? :D
oh thx broh :)
vac LUL
is this the match where fer and felps pushed banana like agressive cocky sh1ts they are and threw the whole tourney away ? 4Head
cool thanks - it's such a joy to watch it Kreygasm
hunden 1v5 won all Keepo
you wouldve moaned so much if you played 1.6 Keepo
Get some character and build something for yourself, sheep Keepo
@thelimpan ur a MEME LUL
someone’s triggered so hard LUL
this is horseshit SMOrc
go pop some pimples Keepo
I never even wanted that massage, he just did it like some creep lurking outside his female co-workers house Kappa
Dat hair bridge Kappa
its live :D
