I am human beeb-beeb MrDestructoid
K0nfig fanboys LUL
as live as your girlfriend Kappa
true <3
They are BEST <3
Alright then BegWan
NiP4Ever <3
Yeah <3
My mom <3
Ahh okay :)
Draken ;)
I hate this part ... :(
NiP have to win <3
they use x1.1 speed on tournaments Kappa
fer cher Kappa
w0w good old days nice stream sad to its under 100 viewers :)
thats just as bad SwiftRage
zeusla edward ne oynardı be adam kacırmıyolar baksana simdi onundeki adamı vuramıyolar :D
i remember the first map i played was playground_x and the first gun i used was the mp5 memories BibleThump
@ascesso The ones using it ;)
Is this map dust2? Kappa
i wanna watch de_dust in competitive it would be so fun :)
sawed off BrokeBack
bowling = kobe wow 4Head
headshot ding voice so good on 1.6 Kreygasm
1.6 susturucusuz go susturuculu :)
hehehe :)
zeus Kreygasm
replay pls Kappa
@tjolaz LUL
gh? flamer Kappa
save Keepo
@n0jp Ahhhh, ty :D
Sorry for spoilerino, fnatic will win mirage 16-7. :)
dsn & carn <3
no @knype_ SwiftRage
BOT 4Head
this crosshair WutFace
2012 LUL
1.6 LUL
Navi LUL
1.6 LUL
Its live "RERUN" is a sponsor FailFish
@toto_neo_giovinco LUL
noscope PogChamp
3rd headshot? LUL
caster LUL
this accent LUL
// Keepo
Nathan 4 U PogChamp
Semmler LUL
THKS AUDIO MIXING LUL
xizt PogChamp
xizt like a highschool child 4Head
semmler same annoying voice LUL
50.000 dollars? PogChamp
comparing to csgo sooooo less yes :)
NA prod Kappa
Malmo PogChamp
machine? LUL
Dreamhack masters Malmo PogChamp
wow PogChamp
new game? PogChamp
NiP are champions of 2016 PogChamp
Grab your dongers LUL
wut dat graphics PogChamp
spam twitch chat Kappa
mouz in 2k17 niko? LUL
wooooot LUL
translator speaks? LUL
except me BrokeBack
dignitas LUL
virtus premier LUL
old inferno LUL
omg really ?? pyth and friberg... :(
