Yes they talk french in belgium :)
fun facts about csgo: allu is not a pro player, flusha has never cheated, boltz is on heroin, faze down, s1mple best player in world, scream is a sprayer. hope u enjoyed :)
FaZe workin twerkin twerkin LUL
Navi "they did say let Astralis win" FrankerZ
give them a chance BibleThump
M-Pour :D
thats rerun FailFish
LIVE PogChamp
banned for what LUL
dink for 11? WutFace
C9 in 2017? LUL
300 viewers in a major final wtf FailFish
nice me :D
nah csgo is dead LUL
people like to see guys on desks KappaPride
it is Kappa
276 viewers take a hint :D
by the time you can decently clutch certain situations your heartbeat wont beat so fast :)
or maybe you already can :)
@ayush891000 you can also be over alert so that is the disadvantage ;)
and keep on watching these streams and learn :)
aand timed out Kappa
Luv Ya :)
RIP Brofist LUL
Is FaZe WH? LUL
yeah Kreygasm
EZ 4 flusha LUL
Live PogChamp
Well yeah DansGame
who cares about north vs immmortals.. agust ames is dead now :(
300 viewers LUL
tf is this tape at shoxie's arm ? :D
NiP BabyRage
lol code @KRA1N for cs:go skins. really works on dropgun.me. try yourself. ps gives $10 ;)
dropgun.me gives code @KRA1N for cs:go, it also brings $10 . keep calm and use ;)
code @KRA1N for dropgun.me. i've dropped skin Bayonet Marble Fade from case FADEGUN for cs:go. also gives $10 :)
