adblock Kappa
thats what i thought <3
261 viewers Major Finals LUL
every game is a rerun ResidentSleeper
Carrygan Kappa
100thieves PogChamp
I bait KappaPride
in chat now Kappa
7 TriHard
7 TriHard
i am racist to my own kind :(
oh look 2 of my least favorite teams 4Head
Merry Christmas everyone that's watching, even Pootispo :)
I use an Auto Sniper TriHard
kNg :)
im goin 2 eat christmas food maddafakka :p
KennyS Kreygasm
RERUN IS JUST A SPONSO Kappa
right thanks for answer :)
np :D
@kaboomtv :)
noice :)
merry christmas <3
bots :D
nic sie nie dzieje na tym twitchu :D
Chats moving so fast that no one will see that im KappaPride
