same :D
the new dust? yea ages ago :D
oh :D
I mean like the pros wouldn't notice a change KappaRoss
it hates the me command riPepperonis
123 Kappa
Clap Kappa
karrigan PogChamp
I miss X-ray :(
good old days :)
why not :p
is this old man chat LUL
I miss the quickscopes with awp :(
almost 21 here :D
@r1val27 19, been playing cs 1,6 since 11, csgo since 17 :D
i started at 10, family thought I'd grow up to kill people LUL
@s1mpleof Hello :p
@fantaseeee stronger ??? man I cant get anywhere near bannan on new inferno withot them being stronger haha :D
@Exorzon1 back when the famas was actually a viable weapon in csgo i rather use a cz or deagle than famas haha :D
fnatic dns, cArn, ins, f0rest & Archi Kreygasm
Carn is so biased 4Head
dsn* DansGame
30 fps EleGiggle
if you are sitting on the far right or left you can see the screen LUL
Baby Xizt BibleThump
csgo DansGame
Chlenix NotLikeThis
true :)
vp won :D
vp will win imo Keepo
I told you VP will win Kappa
ofc it is LUL
im not talking im typing :D
look like i care LUL
i want a girlfriend ? LUL
rage LUL
i bet u live in a well LUL
quite close LUL
Dust2 PogChamp
that sound YouWHY
OLD D2 <3
SantaHat Kappa
the good old days of lan finals going until midnight local time PogChamp
Old sounds <3
dip tam :(
allu nip wtf SoBayed
allu wow PogChamp
old nip BibleThump
solo Kappa
Kio BibleThump
kennys:D :Dis the best :D
@dat_boi_isak didn't envy win :D
it's not docking i tried it Kappa
my twitch is broken z has 222 viewers and he had 124,891,368 ppl watching ever Kappa
old d2 :(
NA'VI LUL
cry zeus cry LUL
kennyS <3
KappaHD KappaHD KappaHD KappaHD BibleThump
kda lul SEIZED-0.65 APEX 1.48 SEIZED LUL
kennyS <3
only real LULer can build this perfect pyramid . Try like me !Try like me ! Try like me !! And my pyramid still higher!!!!!! LUL
nvm danke an alle :D
notekRogan CurseLit
is he wearing body armor? OpieOP
Stop thinking ur sherlock and let the NiP org. decide if he is good enough or not :)
