Schaut mal vorbei ihr freshen dudes! :)
ear scratch WutFace
man im polish :D
iam level 9 on faceit kid :)
i have holidays still :p
HELLO SK BANANA HERE PLS PUSH LUL
that comeback LUL
draken WutFace
forest Kreygasm
trying their best to connect shots but it never happens, i know how that crap feels ahah BibleThump
get right is always with you! :)
if u have sponsors u must advertise their names :)
who cares the names? watch to learn or jost for fun:D :D
nice draken thats why Im watching this :D
200 views on major grand final LUL
wh Kappa
what was that? :D
I don't know the other headset though ;)
play Minecraft, mine diamonds PunchTrees
hey :)
Live? Kappa
sure Kappa
R S I D N T S L P R ResidentSleeper
Chat to myself PogChamp
g2 <3
\ / Kappa
\ Kappa
/ Kappa
\ / Keepo
Scream is dead :(
SCREAMM <3
noobsports Kappa
\ / Kappa
G2 <3
astarlis <3
ah :(
Happy New Year everyone <3
Happy New Year everybody ! :)
