shroud is KappaPride
chellou Kappa
woow Ace Kappa
pala has ugLeh eye makeup y pala :\
major :)
im predicting Gambit to win. Kappa
7 TriHard
yes it's live i m in the dh arena rn :)
something and bud <3
LIVE LUL
good version of cs PogChamp
1.6 also, what a joke :D
I guess I am then :D
you can't talk bad about if you didnt play it :D
Youre porb 16 yourself :D
good old times :(
coz you suck at it :D
i miss 1.6 so much :(
CS 1.6 <3
I did not? :D
I'm not saying csgo is better or worse, it's current :D
DEAD GAME LUL
cool game isn't it Keepo
denizens of this cs stream Keepo
I hope i get a drop NotLikeThis
francuzi w finale BibleThump
nip na majorze BibleThump
Chloe Kreygasm
SMITHZZ LUL
smithzz LUL
Shoxie jesus PogChamp
NBK Kreygasm
friberg PogChamp
cola zero LUL
sick crowd LUL
smithzz <3
LDLC g2 LuL PogChamp
Happy pilnuje pleców PogChamp
get right LUL
MAIKELELE LUL
mysla że sa bezpieczni w picie a tu happy lurkuje LUL
REDBULL LUL
get right in 2k14 Kreygasm
NiP in 2k14 LUL
friberg Kreygasm
"blind shot" Kappa
LDLC PogChamp
stare inferno BibleThump
NBK LUL
NBK PogChamp
cz in 2k14 PogChamp
timing LUL
ECO'D LUL
czemu fallen nie był lepszy od kennego w 2017 roku LUL
not even old :D
Semmler :(
old gun sounds :(
i got a gold pickem for this major :D
fox BibleThump
kio BibleThump
kennyS :D
Happy PogChamp
rain PogChamp
rain Kreygasm
NBK FailFish
fox LUL
NBK PogChamp
losing to pistols LUL
jkaem PogChamp
cola zero LUL
G2 ESPORTS Win :D
kenny Kreygasm
apex LUL
ciemnia :(
IN THE TITLE LUL
jkaem and fox PogChamp
fox PogChamp
fox and jkaem on B Kreygasm
dennis Kreygasm
dennis stepping up Kreygasm
Kenny crippeling under pressure DansGame
didnt now kennys still in envyus :o
Ur doing good mate Kappa
Closing out DansGame
i you <3
that moment when the tec-9 is good again but you have no skin for it :D
u mad bro :D
i hope the french team wins :)
Uhh :(
bonsoir ;)
