Did you guys see TGN8R? He killed summit in fortnite so he added !ripsummit to the commands in his chat LUL
Kng in 2018 LUL
HALF VILLA MIX TEAM LUL
7 TriHard
G2 19/17 SK HLTV EleGiggle
thanks for the information :D
Yanko LUL
this isnt the major btw 4Head
MAJOR FINAL 150 viewers LUL
GO TO MAJORS WutFace
Hands in the Hose :D
the legendary HR lineup :(
c'est vrai que c'est mieux quand g2 gagne :D
#GONINJAS <3
live? Kappa
wait this isnt eleague Kappa
If Fnatic win i will be very happy :)
cg :D
@instantweaver if u bet on it :D
1.6? LUL
NA crowd 4Head
WHOS WATCHING THIS LUL
