Old d2 <3
Na'Vi Dendi DendiFace
@tafuuuu BibleThump
dust2 in 2018 LUL
@cobraceoa11 LUL
missed this game :(
Karrigan in a Fnatic jersey LUL
1.6 BibleThump
sk in 2k18 HassanChop
wallbangs Keepo
1.6 PogChamp
karrigan LUL
1.6 BibleThump
Are drops enabled? Kappa
No crowd LUL
Those sounds of guns haha <3
get_right looks like a kid LUL
old tec9 LUL
me when a get dragon lore = Kreygasm
dead game Kappa
TSM PogChamp
GOD ALLU PogChamp
old guns sound <3
old dust2 <3
old csgo <3
Miks ei saa tehdä pitkiä ja turhia viestejä? SMOrc
ye old times its a fucking better times :D
think navi will win Kappa
major final PogChamp
this spot is so ResidentSleeper
77 viewers LUL
8-0? PogChamp
watching SK win, warming up for today's match LUL
rip big Kappa
spam this noodle to help skadoodle pastaThat
why is my not showing :/ Kappa
FlipThis bibaMbeezy :| <3
enjoy ur time here :D
