: SPAM THIS FISH TO HELP THE VISH SabaPing
the mess LUL
Team Vila Mix LUL
ok :)
1.6 PogChamp
This game is a copy of csgo BrokeBack
1.6 <3
karrygan in fnatic LUL
that is rainbow Kappa
police team, blue team these casters :D
1.6 just look hard as fuck to win either way, eco or not LUL
damn, rocky got bopped real good LUL
they look so nervous and young :o
1.6 tho, the rounds end fast because people died left and right LUL
na crowd LUL
navi PurpleStar
this new Mirage update is good Kappa
mirage_ce if you guys want to play it :D
live? LUL
this wallbangs :D
my fps go 24 my fps 1.6 100 wtf gaben LUL
usps kills in 1.6 Kreygasm
One taps in 1.6 Kreygasm
Bhops in 1.6 Kreygasm
Sream? cmonBruh
Wallbangs in 1.6 Kreygasm
Walls made out of paper Kreygasm
1.6 Kreygasm
m4a1 in 1.6 Kreygasm
Sprays in 1.6 Kreygasm
Simple gamemodels, no bullshit empty tophats with no hitboxes Kreygasm
nade animations in 1.6 Kreygasm
famas in 1.6 Kreygasm
gaming chairs Kappa
Fuck Fnatik((((( EntropyWins
gg PogChamp
that music LUL
EZ Bet money PogChamp
thats a major win? LUL
RaidCall sponsor LUL
they got 2 m4a4 skins Kappa
sandstorm Kreygasm
didn't read that LUL
SEMMLER PogChamp
overwatch caster 4Head
Oh yeah, #1 got 7k from this one LUL
Semmler LUL
semmler LUL
@HolyShinoda I mean this stream has more viewers than OWL LUL
overwatch caster WutFace
when semmler wasnt KappaPride
professional LUL
hobbit LUL
Wait Karrigan actually won something? PogChamp
50k in Swedish currency LUL
Live ? Kappa
But inflation BabyRage
Suddenly back to CSGO LUL
new major champs LUL
old Dreamhack before ESL made it bad BibleThump
Anybody else watching ESL matches on Facebook now? Kappa
@TheJmJ Kappa
SK Kappa
I don't like watching ESL enough to actually sign into facebook LUL
Taco y Burrito LUL
old VP BibleThump
old VP's lineup BibleThump
TAZ :(
Taz BibleThump
Always will be @muchta79 :D
rip... BibleThump
end of an era :(
a teraz beda bez taza :(
why tf are we watching rerun ? :D
its best tournament in 2k17 :)
MICHU is really good player :)
taz :(
gg sk :(
sk lost this event like 9months ago LUL
taz <3
kio was kicked because he was the problem Kappa
smith Kappa
lele <3
NİP :(
live? Kappa
rip old fnatic, the best team ever :(
If you want to show a virtus pro match, dont show one where they lose BibleThump
2015 is sponsor Kappa
Get Right Kreygasm
89 viewers dead game LUL
major semifinal 89 viewers LUL
that chokepoint in banana though PogChamp
@apchi7777 yeah LUL
great match, great nV, great Happy ! BibleThump
this so moment PogChamp
yes,kenny is back in envy PogChamp
lol kio plays good ! and they said he is the problem LUL
barne read tittle 2015,if you are living in 2015 right now then its live Kappa
salty about spoilers from 3 years ago LUL
the old sounds LUL
like vp LUL
TARİK <3
