nice stream :D
SO bind LUL
MVP LUL
why mvp always pick T side LUL
fake cloud9 go 4Head
2 bot solo LUL
solo LUL
ASIA CS LUL
silver aim LUL
mEclipse Kappa
CN CS Give up la LUL
MAC 10 PogChamp
mac10 PogChamp
MAC10 4Head
my names zeff ResidentSleeper
@NisaTheSlayer ResidentSleeper
MAFIA LUL
omg LUL
no mic LUL
ASIAN CS LUL
kpop cs LUL
AE86 drifto Kappa
go dance kpop boys LUL
MVP PK PurpleStar
ECLIPSE PurpleStar
CN reaction LUL
so bad FailFish
Who knew someone would be hiding in the back Kappa
25 sec and don`t know where to plant LUL
this is nova level :D
looks clean boys LUL
@e4zy2003 it was obvious dude :D
Its korean kpop IBUYKPOP LUL
eu players LUL
IBUYKPOP LUL
HACKLIPSE LUL
why I didnt bet eclipse -1.5 :(
vs ResidentSleeper
they literally banned every copy pasta :(
MVP PK PurpleStar
ECO-D LUL
CZ GO LUL
IBUYKIMCHI VS HACKLIPSE LUL
ez LUL
123 Kappa
Is this LE MM LUL
BOTtle LUL
BOT-tle LUL
16-7 EZ LUL
CHINESE NATIONAL FOOD IS NOODLE. SKADOODLE FROM CHINESE LUL
from Chinese NotLikeThis
spamm this fire to help vp retire CurseLit
spamm this fire to help vp retire CurseLit
NOVA 2 GAME LUL
AYAYA VoHiYo
Choke-pse inc LUL
B O T T L E BrokeBack
@FaceAttacked only if you lose Kappa
KR CS LUL
THIS GAME LUL
mvp bet on eclipse confirmes DansGame
liquid ti champion LUL
quid LUL
Mvp playing like minecraft LUL
@GraveDiggerLive ty LUL
fucking quid LUL
these smokes LUL
56 people watching a major final ded game LUL
9-16 MVP SeemsGood
dmg MM > vp LUL
ayaya WEEBS DansGame
Harambe csgo LUL
magic reconnect LUL
rage quit LUL
Rage quit LUL
cheat mode on LUL
Eclipse on google: -how to destroy kimchi -how to take down kpop LUL
HSK was the problem EleGiggle
Boot - Nasr 15-15 :D
BOMB LUL
That reaction LUL
Korea numba 1 Kappa
another save LUL
what are these teams LUL
GG LUL
What a noobs LUL
movement LUL
xigns angle LUL
MVP the next to disband after VP LUL
Mvp pl is playing dragon city like kimchi city LUL
ECLIPSE CHOKE INCOMING LUL
Mvp is playing dragon city LUL
go back play arcade ow LUL
wtf is artillery LUL
artill is <3
GG 2-0 BY CN CS MVP LUL
CT sided map cant win a round. KOR CS LUL
3 2 2 my money BibleThump
@NaruHinaaaaa I went eclipse noob :)
console fps LUL
TK LUL
console csgo LUL
ECO-D LUL
EZ THROW 13-16 LUL
THIS LOOKS LIKE MY MM GAMES LUL
MY NAME IS ZEFF LUL
2-0 2-0 2-0 MAJOR TEAM LUL
AYAYA VoHiYo
@NaruHinaaaaa nice pun LUL
sliver mm match LUL
weeb name DansGame
AYAYA KonCha
Weebs DansGame
rip mvp bettor LUL
mvp noobs :)
CHOKE LUL
@sonic__w0rld probably LUL
TIER 100 CHOKE PogChamp
NiCE THROW 15-19 LUL
+603$ ez random bet TPFufun
rank 32 hltv LUL
argency FailFish
who stand in LUL
@sonic__w0rld theyre dominating their region LUL
16-10 ggwp :)
MVP TIER 1 ASIA= TIER 5 WORLD LUL
1G BabyRage
CLIPPED LUL
ARGENCY PogChamp
sick play Kappa
okay sorry 15-15 KappaClaus
CHING CHANG CHONG CHINESE 4Head
argencey DansGame
AYAYA VoHiYo
AYAYAYAYA SoBayed
AE TEAM DAMAGE AGAIN LUL
they play like ibuypower LUL
toxic LUL
when kicked from server LUL
16-13 TearGlove
they have a full buy why eco LUL
ASIA CS PogChamp
GGEZ KR CS LUL
FUCK MVP DansGame
GG EZ MingLee
KENYAN CS SCENE LUL
/m/ SwiftRage
np :)
i only know german places LUL
