ew shroud sub go away DansGame
ndovolTeam HeyGuys
vs ResidentSleeper
i assume bleh had a say in what the music would be :)
ndovolTeam HeyGuys
ONLY 1.4K VIEWERS FOR MAJOR FINAL, DEAD GAME LUL
That Music Kreygasm
will there be a match that will be played on time DansGame
Give me names of this songs please :D
Screenshot PogChamp
ez for tm LUL
game sound PogChamp
AU CS 3 People talking 2 people raging Bot cs TwitchVotes
fucking lucker boot :D
DEFUSE LUL
that ez spray :D
wow bm... w Kappa
im so fucking done :D
nice throw SeemsGood
AGAIN??? LUL
AU CS LUL
AU CS LUL
au cs LUL
asian cs LUL
nade LUL
AU NADE LUL
AU CS LUL
AUSTRIA CS LUL
5 ping for boot PogChamp
@supacs_ LUL
ECO LUL
1 VS 3 LUL
cause he got benched Kappa
cuz he bet on the other LUL
@realcs2000 LUL
fucking boot ds NotLikeThis
yam PogChamp
CS GO LUL
splash PogChamp
nice excuse @blitzen67 LUL
holy heck, four 2 minute timeouts? NotLikeThis
sg cs LUL
BOOT are discussing how they won 4 rounds and how they can repeat it LUL
well they were using all those time to search for their teamwork Kappa
Double awps again LUL
4-7 CoolCat
bot spray LUL
Splashke :o
ez 5v2 LUL
5vs2 WutFace
2 man army Kappa
fuck da aug LUL
nice double scope LUL
That flick :o
CLIP IT PogChamp
NZ VS PogChamp
Splashske :o
EZ 2VS 5 LUL
JUST WIN LOOOL 4Head
@pghgleets2a no, just w8 till tm get to CT LUL
nice hacks FailFish
toggled for 1 sec Keepo
they cant get ninjas on t side :(
ADDERAL + OGC + 12 BTW = GG LUL
12-6 LUL
5 smgs LUL
SILVER CHAT BabyRage
EZ For INS Best player on earth Kappa
INS fake nick a swedish legend LUL
payback LUL
THIS BUY LUL
14-7 CoolCat
you can literally see, how the ? accounts see more than you think they see ;)
bots LUL
it is polish flag special edition Kappa
TIER 5 POLISH CS LUL
Polish CS LUL
Hello people / OpieOP
16-7 CoolCat
it's Indonesia flag... Kappa
smh it's polish flag Kappa
no dude its the Monaco Flag Kappa
EU CS LUL
jebaited LUL
DROP Kreygasm
i thought austria is in europe not in asia? Kappa
ANTARCTIC CS LUL
i am disapointed that there is no african cs ;)
african cs LUL
dumb asses :D
Imagine a good NA Team LUL
don't think so ;)
Tainted Minds logo WutFace
Somalia vs Ivory Coast next LUL
somalia would be too good at cs that's why they are banned from participating ;)
Somalia best at retaking ships LUL
@Nekby1 VoteNay
One beer in Singapore 20 euro LUL
the music got more action that those teams BrokeBack
ugh this guitarnoise DansGame
@RealCS2000 singaporian LUL
INS swedish legend, nick stolen LUL
@RealCS2000 4Head
boot riPepperonis
No! TM4LIFE <3
russia net rebat :D
bootds piece of dirt tier 50 team LUL
Juan Deag LUL
polish cs LUL
@RealCS2000 they are not polish LUL
poland cs btw Virtus.Premier Bootds LUL
B.O.T-d LUL
cant even break vents LUL
BOT Benkai LUL
GuardiaN LUL
knife LUL
PL SAVE LUL
what is this FailFish
-snax + Benkai LUL
-KarrigaN +HeatoN LUL
NA STREAM LUL
dont gamble kids LUL
@danthawolf FailFish
RUN LUL
so stronk this match LUL
bootds gn mm team LUL
splashske = Guardian, GuardiaN = splashke ? LUL
TY GOD FOR THE KILL DansGame
BOT-d(s)cape 4Head
16-0 PogChamp
holy fuck can these bots win 1 round LUL
16:O Kappa
tactical pause LUL
dreamhack Jebaited
What the hell theyre doing i have 300€ on TM bet :D
Please do tell me more CoolStoryBob
8-1 finally PogChamp
16-8 PogChamp
9-1 LUL
BOT LUL
Tier 5 CS LUL
TILTED LUL
Dreamhack Gold Nova series LUL
oh de blowende gebruikende streamer Kappa
ezmoney 4Head
16-12 LUL
NA SPRAY LUL
VAC 4Head
INS 1.6 PogChamp
goodbye guys <3
watch it LUL
Yam PogChamp
B.O.T. Dream LUL
Dreamscape bettors BrokeBack
Ez money Kreygasm
BOT BENKAI LUL
LuL LuL LUL
16-14 Bots dreaming LUL
throw BabyRage
the comeback is happening LUL
he is throwing the game ;)
BOTSKI LUL
sk LUL
SK LUL
33.3% acá LUL
16-6 CoolCat
1 hp PogChamp
SG CS LUL
CS = realism? LUL
CZ-GO LUL
@b2gg since when did they rename this game to insurgency? Kappa
the comeback is happening LUL
@hydrolupus you cant own knives in the uk therefor i cant run! BrokeBack
thats why he is so speedy :D
@Moist_Potato so u guys don't even use cooking knives Kappa
boot got stomped Kappa
Asian players Kreygasm
Song DansGame
EU is so ba... wait let me take a breath EU is s... i need to take another one fk give me another burger OpieOP
why only rock DansGame
fuck yeah rock is awesome kids :D
There is good rock but cmon play some music that is more friendly for everyone DansGame
@kru1337 I dont know magic PogChamp
@BloodyValkyria It's the Jonas Brothers LUL
