@Vince gotv ip ls :(
yayın var sen ona dua et :D
xantares <3
enginsiz hemde :D
@turanonc (!) :D
xantares sk yle anlasmis beyler dogru mu ? SwiftRage
13:00 CoolStoryBob
xantares sk yle anlasmis beyler dogru mu ? xantares sk yle anlasmis beyler dogru mu ? SwiftRage
s2rim yapacaginizin isin amuna gorum yavv DansGame
@YgtE11 tamam :)
ilk mapi space aldi 16-4 Kappa
birtus.bro LUL
SS won knife LUL
start game SwiftRage
lets go PogChamp
SS FANBASE 4Head
Ngin 3 kill 1.raund :D
@quaresmania7 mad ? 4Head
bunela LUL
@adamsindr0gba cmonBruh
w.t.f from paris to cs server LUL
WHOA PogChamp
finally amk DansGame
@sealxy 2-0 bpro takim degil LUL
çaaaay Kappa
caylar LUL
ngin adamım ya :D
vac amk LUL
21-16 kazandı spaces bu maçı :D
xantares sevgilisinden ayrılmış :D
@nihat_7 bnu kacinci amk LUL
wouldn't mind a bit of Paz KappaPride
16-0 PogChamp
dayı <3
ECO'D LUL
bulgaria cs bulgaria cs LUL
@thelastn00bbender ayran icmedimi reyis 4Head
bulgaria cs sawed off LUL
@kresmachine carpilcan velet LUL
-ngin +unlost bu takim top5 olur SwiftRage
maj3r PogChamp
ahahahahah LUL
ayağı kaydı :D
pro players LUL
bulgaria cs bulgaria cs bulgaria cs LUL
im feeling thank you LUL
EZ LUL
nGin <3
ngin clutchking <3
ngin clutch PogChamp
7-1 OneHand
teasss dedi ya la adam :D
Lets go spaceS SwiftRage
WTF PogChamp
GODTARES :D
EASY LUL
X A N A R E S riPepperonis
ecofragger Kappa
Shrektares Keepo
xantares > god SwiftRage
@eXwore la tamam oynuyoruz işte :D
xantares > god xantares > god SwiftRage
7 TriHard
@Quaresmania7 bruv cmonBruh
@berkerx TriHard
8-2 olmus beyler :D
mods cmonBruh
unlost abim gelse ss top5 team ez StinkyCheese
8-2 :(
maj3r ohaa la kennys kesildi adam mk LUL
GLORY HOWL LUL
16-1 yazan biri vardı chatte nicki T başlıyodu LUL
2 round verdik su mallara ss disband amk LUL
Tugux :D
pazzers PogChamp
1v5 clutch hltv rip BibleThump
ngin <3
ngin <3
paz mazarında takla attı diyor spiker LUL
ngin hayatinin ilk clutchu olabilir mi ? LUL
@XWinsus1 9-3 :D
@TuGuX ngiN'e ne diyorsun? Sanki nuke haritasında kendini aştı. Başkası oynuyor gibi Dğer haritalara göre burada daha rahat oynuyor :)
actilar oc bulgarlar LUL
16-1 diyenlerin bacısına bidaha atliyim LUL
açtı diyorlar ya hahaaa EleGiggle
@Berkicem boklu annai s2ym LUL
Açtı Kreygasm
Karsi aimbot LUL
maj3r alsin 5. kattan asagi atlicam LUL
0-0-12 4Head
@BeBeTcX maj3r hayatinda clutch mu almis mal LUL
ALDI HELAL LUL
9-5 beyler geçmiş olsun :(
@BeBeTcX amk salagi ben promuyum mal LUL
teamxanta :D
care unlost SeemsGood
3şşek çhat majer yerine tugux olsaydı şuan esl turkiye liginde izlerdiniz spacei LUL
çare unlost LUL
@zilong06 nuke da t ha Kappa
unlost abim gelsin artik su takima LUL
GPYSY CS LUL
bulgaria cs bulgaria cs LUL
sexy KappaPride
10-6 :(
bulgaria cs bulgaria cs bulgaria cs LUL
poiz hax DansGame
poiz PogChamp
Nice retake bpros :p
unlost abim > woxic SwiftRage
m0rpheustr: takımın iyi bir awper e ihtiyacı var :D
spacesoldierstr: Tamam alıcaz iyi bir awper sakin :D
unlost abim > woxic SwiftRage
lan awp ile ne alakası slakmısınız sanki map d2 de space kaybediyor lan göt kadar map zaten :D
unlost abim > woxic unlost abim > woxic @BeBeTcX SwiftRage
he amk makro :D
@BeBeTcX unlost abim aslında xantaresten bile iyi kardeş SwiftRage
Spikerler dört köşe oldu :D
ez throw Kappa
@GriAw ice world Kappa
@berkerx Kappa
@BeBeTcX kardes unlost gibi kim var pro.unlost xantaresten buyuktur benim gozumde LUL
tier 65 takima kaybediyoruz LUL
unlost abim > xantares SwiftRage
xantares <3
makine PogChamp
Xantares PogChamp
acetares :D
ACEmail :D
Ecotares oğlum büyütmeyin şu adamı ya Kappa
24 KILL PogChamp
XANTARACE <3
PAZ PogChamp
3 ACE Kappa
paz uyuyor mk :D
Paz LUL
ulan pazz :D
xantares açtı beyler ;)
paz :D
@berkerx eminim ölümünedir :D
25.5 altı oynayan arkadaş vardı nerde o :D
@berkerx :D
X A N A R E S riPepperonis
@Counterstrikespectate :D
ngin <3
Majer takımın beyniyse bu takım bugün beyinsiz kaldı Kappa
he is cheating Kappa
@bebetcx izlede az taktik öğren :D
Bpro fans where are u ? :D
-ngiN + Shinka .. <3
majer çöp <3
maj3r <3
majer çöp <3
Majer çöp aramızda kalsın LUL
1-2 :D
kamera yönetmeni çöp Kappa
Maj3R e laf Eden varsa hala beynine sokim :D
gg LUL
32 kill xantares SwiftRage
go home poiz Kappa
bulgaria cs bulgaria cs LUL
bulgaria cs bulgaria cs bulgaria cs LUL
wtf is that :D
bulgaria cs LUL
is this happens because we are from bulgaria? LUL
is this happens because we are from bulgaria? is this happens because we are from bulgaria? LUL
is this happens because we are from bulgaria? LUL
Bulgaria which live with visa money LUL
olum adam turk lirasimi kazaniyor beyninize sokayim LUL
neyse siz halısınız :D
majer’in ct rushlarini ozleyenler +1 Kappa
offf bilgisayara bak mq süper loa :D
mal türkler emote atma ozurlu türkler LUL
mal türkler emote atma ozurluSÜ türkler LUL
mal türkler emote atma ozurlusü türkler LUL
Saat kaçta LUL
@veijnem I tried to find it as well, but thanks :)
mal türkler emote atma ozurlusü türkler LUL
türkler boklu bir ırktır LUL
türkler boklu bir ırktır.araplar bile türklerden daha iyidir LUL
majer çal çal afern :D
@meye9858 tam ekran <3
@chloroflexi Aynen bende ona dikkat ettim :)
madroaches ANELE
bedava skin sitesi isteyen fısıldasın BloodTrail
thx :)
exit game LUL
ss go <3
BOT pro 4Head
@knastv Kappa
majer çöp <3
unlost > maltares LUL
ngin flash <3
herkes xantaresi övüyor nginin flashına söyleyen yok :D
bulgaria cs bulgaria cs bulgaria cs LUL
taco =coldzera xantares = Ngın :D
@Milusheff pro LUL
This is sad LUL
11-2 LUL
tac = 1 flash rush a LUL
ngin LUL
ngin support yoksa first fragger Kappa
ngin FailFish
ngın sattı elı :D
wtf hahaha :D
ngiN aim FailFish
@Loth1c fake LUL
NA MOLLY LUL
na molly LUL
CHOKE SOLDIERS LUL
ngin <3
PAZ LUL
@xprische naptım ben amk bakışı :D
bulgar cs bi aralar e frag vardi bitmis bunlar LUL
GG BULGARIA CS LUL
4:3 :(
AWP BATTLE PogChamp
bot LUL
ngın :D
ngin <3
pro players LUL
bicak atsana mk LUL
9-1 LUL
ez shits :D
ngin is clutch master :D
bot but clutch mastee 4Head
hahahahahahha 100 iq BULGARIA CS BULGARIA CS LUL
TK LUL
majer Kappa
is this mm LUL
Maj3R tk LUL
majere bakınn ne kadar iyi bir igl :D
Is this happens because we are from BULGARIA ??? BibleThump
MAjer sırf zarar amk LUL
9-2 hltv LUL
maj3r na bullet :D
bu ne antreman maçı mı LUL
Is this happens because we are from BULGARIA ??? Is this happens because we are from BULGARIA ??? BibleThump
VACTARES <3
xantares and cheats better love story tha twitghlight 4Head
maj3r bi clutchu da al be LUL
@eskf LUL
default viewmodel WutFace
why so ez for spaceS LUL
Is this happens because we are from BULGARIA ??? BibleThump
Bulgaria fake country LUL
nice flash :D
@s0urkraut how tf is fake jesus how dumb are u NotLikeThis
16:6 HL TV CONFIRMED LUL
bpro BlessRNG
@x_angg bazen eski canlı yayinlar verilebiliyor dostum rerun olarak bilgine Kappa
@pembeduman yalnız daha turnuva oynanmadı LUL
Is this happens because we are from BULGARIA ??? LUL
bulguristan LUL
Kebabtanistan 4Head
@x_angg adam belki turnuva fikstüründen haberi yok Kappa
no kebabiye LUL
Is this happens because we are from BULGARIA ??? LUL
CHOKE FailFish
bulgaria awp LUL
clutch or kick LUL
knifing wall LUL
Poiz PogChamp
Ok , not so es maybe Kappa
GOIZ PogChamp
-ngin + poiz LUL
@architectkaan LUL
@VolkanYvzz calyxin hataesi yok poiz iyi vurdu LUL
veletler 1 online maça adam cıkarıyolar koyuyorlar tr cs özeti amk :D
aim nerde hs gitti LUL
adam doğru söylüyor a q ne ağlaması :D
welp they are cheating 4Head
chatte herkes türk amk LUL
Space Cheaters Kappa
4 :D
tier 10 takimina kaybedecez LUL
14 ammo LUL
bulgaria cs PogChamp
Its Bulgarian cs NotLikeThis
maj3r Jebaited
maj3r baiting LUL
@frushiws nereye gittin amk bida gitme gel :D
flasha bak 4Head
adam 6 kille 2. :D
CANIN CANI YOK KappaPride
I'm feeling thank you LUL
neanderthal languages in chat LUL
efrag used to be number 11 on world ranking still were tier 3 nt kebabpinos 4Head
NA BUY LUL
@elcuerpo7 rahmetliyi ahirette bile rahat bırakmamışlar TearGlove
@Vayne_carry_ anan LUL
BÖYLE EL VERİLMEZ FailFish
nerden gordun PogChamp
NOOPPS BULGARIA <3
calyx adamsin Kreygasm
@vayne_carry_ LUL
@Asznee, this close of a game against a team no one has ever heard of LUL
@Vayne_carry_ baba cs ilginc oyun surrize acik bak faze kaybetti bugun LUL
5 bullets NotLikeThis
@MisterMonopoli cmonBruh
@Vayne_carry_ 3 sene once e frag vardi iyiydi bunlar sonra dafildi adamlar LUL
9-9 16-9 VoteNay
BULGARIAN CS LUL
SOOOOO LUL
Bpro tired LUL
are we mamka vi ttturska dda eba bpro ciganina bloker 1 kill ne mje da zeme maika my ad eba i na negoo lamer probitt :D
bulgarian awper LUL
ohaaa vactares :D
Bulgarian cs LUL
bulgar cs CarlSmile
xantares ile calyx kapışıyo kilde resmen :D
Is this happens because we are from BULGARIA ? LUL
ngin 10 kill Kappa
2 Maç toplam 60kill xantares ezz :D
This redstar guy not too bad, the rest are mge LUL
ss number 1 :)
16 12 diyip rez alın diyen vardı sustu :D
@Vayne_carry_ meme kanka LUL
SPACE SHIT LUL
legends LUL
@Asznee Well clearly not they're winning Kappa
calyx'e kötü diyorlardı maçın başında Kappa
calyx a yı motor etti :D
poiz dont take sniper rifles pls :D
Is this happens because we are from BULGARIA ? LUL
theyre still space shit LUL
easy ResidentSleeper
SPACE TRASH LUL
139€ LUL
bulgarian LUL
@landownerr bnde iyi unlosttam tanıyorum seni osun demi s3n :D
Space Soldiers FTW <3
Is this happens because we are from BULGARIA ? LUL
is bulgarian trashs here :D
Is this happens because we are from BULGARIA ? LUL
@Asznee rage quit Kappa
bugun saati belli deil @mupduck LUL
Start? ResidentSleeper
north maci 10 dk sonra 4Head
maçtan sonra direk northla oynamak iyi mi kötü etkiler bilemedim :D
Space Soliders Space Soliders <3
hltv burdan diyor :D
SS MAÇI 19:00 25.03.2018 <3
SS MAÇI 19:00 25.03.2018 SS MAÇI 19:00 25.03.2018 SS MAÇI 19:00 25.03.2018 SS MAÇI 19:00 25.03.2018 <3
SS MAÇI 19:00 25.03.2018 SS MAÇI 19:00 25.03.2018 SS MAÇI 19:00 25.03.2018 <3
Space Soldiers MAÇI 19:00 - 25.03.2018 <3
Space Soldiers vs North / 19:00 / 25th of March 2018 / 25th of March 2018 <3
hi :)
i don´t think, i know Kappa
its on second around soon thirds :)
1-1 LUL
4A still lose FailFish
nani davai parove za danas :D
heroic bitmiş beyler :D
^ LUL
@rwslwong serbia Kappa
@rwslwong are you kiddin us :D
zimbamwe :D
H E R I. LUL
gaping hole KappaPride
i don't even play cs anymore OpieOP
@SEMIHGARAN Jugi is playing trap card Kappa
VALIANCE PogChamp
MODDI LUL
pls anyone donate 1$ skin :)
@rylathor check HLTV for emi, u will see who he is :)
Rubino fire bender LUL
NOOBINO LUL
nije jos junuze :D
13-5 alrdy LUL
or u just too dumb? Kappa
valiance PogChamp
god neno :)
moddi EleGiggle
@nan1shko ooo gde si jahacu :D
@KalatKNN Des kralju :)
@mrGenoHT Desi zemljak :)
@rylathor unistall cs:go EleGiggle
u should always appreciate your own/foreign language :)
god neno strikes again :D
mora da su ga naguzili dpk je bio dete :)
Sigurno je izgubio na svom silver ranku pa dosao da iskali bes na twitch chatu balavac :D
@ragingque let me fuck ur mom then i will give u lore :D
GG 16-6 LUL
@CrackerLSD from Wakanda TriHard
@PecaGRS gj infamo14InfaH <3
eu counter stri... ResidentSleeper
Heroic in 2018 PogChamp
@PecaGRS cestitke <3
@PecaGRS momci su popravili komunikaciju svaka cast :)
heroic losing to tier 10 team LUL
@romeoeyes proveri opet :D
Clap Kappa
jedna mapa nas dijeli <3
tyler subs DansGame
Clap PogChamp
nice ad LUL
WUU CUTIES <3
grills LUL
nisu ga dovoljno podojili :D
dead chat LUL
ty ;)
Thx For sticker love you <3
@Gytteboy I hope torqued too really nice team and I really like their gameplay :)
Heroic lost to tier10 team in train? LUL
niko vs hunter LUL
16:0 heroic LUL
gg -1k$ LUL
why LUL
FAKE NIKO LUL
snappi more like crappy LUL
niko LUL
hunter > fake niko > FaZe Choko LUL
CLOWNS LUL
RIP LUL
16-0 BlessRNG
GOD NADE PogChamp
But Who knows What maps Valiance play LUL
jugi play pubg LUL
TRASH3TAG LUL
16-7 LUL
new meta Kappa
3 scouts LUL
16-7 LUL
rip heroic. dreamhsck team underdog pro LUL
losing CT side on train.. heroic problems.. :D
jugi dead for this LUL
i said heroic will say bye bye on semi final cuz theyre full of shit :D
USP FailFish
USP OP LUL
tier 100 play LUL
LOST TO USP LUL
dink through doors LUL
16-9 heroic Kappa
king spava :D
spava otac :D
6K VIEWER ON FACEIT MAJOR DEAD GAME LUL
6K VIEWERS ON MAJOR FINAL ZOMBIE GAME 4Head
NIKO LEFT FAZE FOR THIS LUL
dreamhack :(
NIKO LEFT FAZE FOR THIS . LUL
Heroic losing tier 10 team LUL
NIKO LEFT FAZE FOR THIS LUL
NIKO LEFT FAZE FOR THIS LUL
NOT REAL NIKO BabyRage
Bet he regrets leaving Faze LUL
nne moze se bosonog na rusiju ;)
NIKO POLICE BabyRage
NIKO IN 2K18 LUL
HER IC LUL
BOT LUL
losing on CT LUL
IMPULSE LUL
EU CS LUL
Impulese LUL
NIKO LEFT FAZE FOR THIS LUL
Omega LUL
11-4 i said :)
SS - North and Heroic- Valiance Dreamhack brain LUL
WTF IS THIS LUL
dumb3tag LUL
SS - North and Heroic- Valiance Dreamhack brain LUL
CT SIDED BTW LUL
Tyloo // MingLee
Spam This Cents To Help Heroic Save My 10 Cents TwitchRPG
Spam This Cents To Help Heroic Save My 10 Cents . TwitchRPG
Spam This Cents To Help Heroic Save My 10 Cents TwitchRPG
impulse Kappa
11-16 PogChamp
BLEH PogChamp
Dont worry Heroic fans this map is T site advantage LUL
sado Kappa
Train T SIDED check HLTV PogChamp
Train vac ban check Heroic LUL
Dont worry Heroic fans this map is T site advantage LUL
@bulgarianblin1 he is his cousin :D
T Side map Kappa
Dont worry Heroic fans this map is T site advantage LUL
Dont worry Heroic fans this map is T site advantage 16 11 LUL
well if u got a strong CT side, T is nothing :)
heroic give handi then win WutFace
rekt LUL
11-9 WutFace
Dont worry Heroic fans this map is T site advantage LUL
heroic losing there map too LUL
@InPulse Dont worry Heroic fans this map is T site advantage LUL
Dont worry Heroic fans this map is T site advantage LUL
losing to nikos cousin LUL
YUGI IS THE PROBLEM LUL
@Crysata Dont worry Heroic fans this map is T site advantage LUL
watch after handi they will win LUL
FaZe disbanned check JW LUL
Hahahha HEROIC SILVERS EleGiggle
ajmo momci :D
@InPulse kako ide ? :D
wtf :D
Dont worry Heroic fans this map is T site advantage LUL
losing to nikos cousin LUL
FaZe disbanned check JW LUL
dont tell me thay lose to glocks :D
real Niko playing Hunter's account LUL
lossing to fuckin glawks :D
glawks LUL
this game SeemsGood
1 cz 1 deagle LUL
real Niko playing Hunter's account LUL
FAZE LUL
D n Haci LUL
what LUL
heroic needs jugi. these results lately. FailFish
is this silver cs LUL
Legenray eagle non prime MM LUL
Peacemaker is TRASH LUL
Peacemaker in 2018 EleGiggle
nema svadje do twitch chat svadje Kreygasm
Don follows me on twitter who jealous boys :)
mrmate best cheerleader PogChamp
thats why you dont buy armor boiz LUL
Thank you for the 8k Heroic :D
@jurich je ovo @kuhkug <-- budget kuka Kappa
cestitamo peci :D
heroic nearly lost to euronics valiance is better than euronics FailFish
BLEH?!?! PogChamp
NIKO? LUL
gg ez LUL
heroic left in a hurry BibleThump
Heroic LUL
real Niko playing Hunter's account LUL
heroic rq LUL
heroic OMEGA LUL
peca puca od srece :D
heroic FailFish
Marseille LUL
hunter vs niko LUL
faze vs valiance :D
Space Soldiers <3
space <3
@DreamHackCS HeyGuys
@pufferfiesh no i will not use your trash code LUL
space space i love u <3
whats this star wars music LUL
türks LUL
still better than r3hab on v4 LUL
early final :(
ay TriHard
strangers LUL
EZ KebabSoldiers <3
1 saat geri aldılar ya eu da FailFish
english plz Kappa
what Kappa
North is one step ahead i guess Keepo
v4 Festival cringe Set waiting room 4Head
@josh19866914 too early LUL
@4130yo soon :D
when does it start LUL
EZZZ WİN SPACES <3
unlost galiba :)
music Kreygasm
space soldiers <3
space soldiers <3
LETS GO BOTH TEAMS PogChamp
MUSIC PogChamp
nuke picklemiş north :(
XANTARES <3
7 TriHard
SPACE SOLDIERS XANTARES VACTARES SİKERTARESSS <3
of course north picked nuke Kappa
SPACE SOLDIERS XANTARES <3VACTARES SİKERTARESSS <3
SPACE SOLDIERS XANTARES VACTARES SİKERTARESSS <3
XANTARES <3
SPACE SOLDIERS XANTARES VACTARES SİKERTARESSS <3
15-0 is coming :D
KJAERBYE AST TO NORTH OMEGA LUL
SS <3
16-14 check *** ResidentSleeper
ss <3
SPACE SOLDIERS <3
SPACE SOLDIERS XANTARES VACTARES SİKERTARESSS <3
Space Soldiers <3
SPACE SOLDIERS XANTARES VACTARES SİKERTARESSS <3
Space Soldiers <3
Burayıda ele geçirmişiz aq :D
@Xvray146 is he still alive LUL
w0xic dolar kazanirken niye SS e gelsin a m k akli olan gelmez zaten iyi para kazanir 4Head
online turnuva ise gecikme fazla oluyor ResidentSleeper
@gaben_sama vay be unlost kesin 50 kıl aq :)
WE'VE BEEN COMPROMISED! EVERYONE, BURN ALL OF THE EVIDENCE! Kappa
i need to place my 0. 2$ bet 4Head
Ready chat? PogChamp
space <3
lets go PogChamp
@DreamHackCS always papa Kappa
ready for action LUL
OH SCHEISE LUL
güzel teaser yapmışlar amk :)
cobble ez ss ResidentSleeper
It actually started? PogChamp
METUZ PogChamp
irzimiza geccekler LUL
how did they lose against Ago LUL
@ufuktanop anirmaya basla LUL
THE LANGUAGE OF TURKEY What A Joke LUL
ngin Jebaited
@Edwifibattles better than ruski Kappa
space <3
Miki mouse LUL
danish cs danish cs danish cs LUL
hhahahahaha best aim calyx :D
WHATTT :D
i am feeling thank you LUL
im feeling thank you LUL
I am feeling ty I am feeling ty LUL
I don't come to a major grand final to not expect a Spam Kappa
im feeling thank you LUL
NORTH = FailFish
makina PogChamp
ONLINETARES PogChamp
Xantares insan değil amk :D
N RTH LUL
vactares PogChamp
TARES PogChamp
xantarez PogChamp
xanters is king <3
xantares açmıs :D
XANTARES AIM BOT PogChamp
NORTH TAKE MY SPIRIT NOT MY 0.2 $ SKIN BabyRage
space <3
NORTH TAKE MY SPIRIT NOT MY 0.2 $ SKIN . BabyRage
EZ 3 KILLS LUL
ngin 0 LUL
NORTH TAKE MY SPIRIT NOT MY 0.2 $ SKIN BabyRage
-ngin +unlost ez LUL
Metz LUL
mertz LUL
mertz LUL
this is the first kill from ngin :D
When does FaZe play? LUL
@UglyPiercing better than ngin LUL
CALYX LUL
NT LUL
HEP BİRLİKTE! ALLAH YOK, DİN YALAN, TEK GERÇEK XANTARES!! <3
RANDOMLY Kappa
NORTH TAKE MY SPIRIT NOT MY 0.2 $ SKIN BabyRage
space <3
HEP BİRLİKTE! ALLAH YOK, DİN YALAN, TEK GERÇEK XANTARES!! 31 <3
When does FaZe play? LUL
danish cs danish cs danish cs LUL
SpaceSoldiers hax confirmed. Everyone in the clan should just hand me over their skins before they get vac ;)
tamam ekolar kesin verdik eli :D
mom ss cheating BabyRage
bleh <3
HEP BİRLİKTE! ALLAH YOK, DİN YALAN, TEK GERÇEK XANTARES!! <3
@richardlevy12 SeemsGood
MSL FRAGGING FOR THE FIRST TIME EVER PogChamp
xantares rekt LUL
maj3r NotLikeThis
When does FaZe play? LUL
NORTH TAKE MY SPIRIT NOT MY 0.2 $ SKIN BabyRage
HEP BİRLİKTE! ALLAH YOK, DİN YALAN, TEK GERÇEK XANTARES!! <3
maj3r mal LUL
HEP BİRLİKTE! ALLAH YOK, DİN YALAN, TEK GERÇEK XANTARES!! <3
vactares PogChamp
awp hunter :)
stephanie curry LUL
BM LUL
they didnt even clear under balcony LUL
nt roaches Kappa
HEP BİRLİKTE! ALLAH YOK, DİN YALAN, TEK GERÇEK XANTARES!! <3
tune in for FAZE V4 Final LUL
HEP BİRLİKTE! ALLAH YOK, DİN YALAN, TEK GERÇEK XANTARES!! 31 <3
I am feeling ty LUL
chicken BibleThump
I CAN'T SLEEP AND I'M STUCK WATCHING TIER 4 BibleThump
kibariye diye nick mı olur aq :D
sikislere geldik LUL
@Yus___uf :D
gg ez space roaches Kappa
T sided map LUL
@UglyPiercing im playing it 5 :D
EU AWP LUL
mertz LUL
EU AWP LUL
@MECanoglu "Ass well" LUL
@Edwifibattles I don't have a mum BibleThump
@KiralyAttila hungary = turkish LUL
Denmark on fire LUL
ngin NotLikeThis
Turkey is not europe.. end of debate.. now let's enjoy some sweet CS:GO gameplay CarlSmile
He is Fallen? Kappa
SS <3
When does FaZe play? LUL
im feeling thank you LUL
pazzers PogChamp
I'M FEELING THANK YOU LUL
paz carrying roaches Kappa
BOTbye in 2018 LUL
I am feeling ty LUL
I m felling thank you :D
I'm feeling your pain thank you Danish guys Kappa
ne oldu bizimkiler sokuyomu beyler _ :D
I am feeling ty I am feeling ty LUL
yayıncı bile diyo artık :D
MERTZ LUL
ngiN MingLee
BOT LUL
Everything besides Ence = SHIT LUL
mertz LUL
mertz LUL
mertz LUL
SL LUL
BORTZ LUL
mertz Kappa
bot mertz LUL
CZ SPRAY PogChamp
replace Cajunb with a bot LUL
mert bot LUL
ngin boşuna çaycı degil Kappa
MS LUL
Türkiyede nginin yerine kim koyucaksın söylesenzie bi :D
@gufra1 mini, sasuke, imor? Yeterli oyuncu var :)
DANISH CS DANISH CS DANISH CS LUL
despe iyi mi güldürme LUL
When does FaZe play? LUL
ngin NotLikeThis
because i bet 5000$ for hds BibleThump
Ngin FailFish
ecod LUL
Majer ;)
maj3r PogChamp
VAC3R :)
DANISH CS DANISH CS DANISH CS LUL
i'm feeling thank you LUL
Ngin FailFish
I like Danish with my coffee... it's funny because it's the name of both a pastry AND a country... I'm so clever CarlSmile
-ngin +unlost LUL
im feeling thank you LUL
14k viewers for a major LUL
xantares <3
@Contemplativ Kappa
it's qualify not major LUL
cs dead game Kappa
headshoted LUL
dinked ekfoeofoodof LUL
14 million viewers for a major game dead LUL
cs in 2018 LUL
14K viewers for JW vac ban LUL
valde LUL
aizy LUL
MAJ3R <3
cry more kiddos LUL
north LUL
bombayı kuramıyoduk msl geldi dedi kardeş ben ölem gerek yok LUL
Ngin FailFish
COBBLE IS T SIDED MAP NO WORRIES NORTH WILL WIN THIS 4Head
@UbaDouche cmonBruh
NORTH NORTH DISBAAAAND LUL
gın pro moruq :D
@Corellaxftw LUL
COBBLE IS T SIDED MAP NO WORRIES NORTH WILL WIN THIS . 4Head
space <3
NORTH IN 2018 4Head
DEAD GAME 14K MAJOR FINALS LUL
five seven in current meta LUL
-ngin +unlost LUL
xantares <3
VACTARES <3
bm LUL
ngin adam vurdu diye seviniyor LUL
X A N A R E S riPepperonis
second map nuke LUL
WinnerWinner WinnerWinner SnickersHype
MUSLIMS SeriousSloth
-valde Keepo
valde gonna activate his hacks Kappa
. o O ( WinnerWinner ) CarlSmile
:/ RaccAttack
space soldiers ct side WutFace
XANTARES TwitchVotes
MUSLIMS riPepperonis
NEW EMOTE WinnerWinner PogChamp
WTF cmonBruh
/ TriHard
SPACES WOOPIN ASS LUL
tactical crash LUL
baslatin oclar LUL
RELIGION IN 2018 LUL
HEP BİRLİKTE! ALLAH YOK, DİN YALAN, TEK GERÇEK XANTARES!! <3
HEP BİRLİKTE! ALLAH YOK, DİN YALAN, TEK GERÇEK XANTARES!! 313131 <3
2018 IN 2018 LUL
ss in ct side WutFace
HEP BİRLİKTE! ALLAH YOK, DİN YALAN, TEK GERÇEK XANTARES!! 31313131313131313 <3
HEP BİRLİKTE! ALLAH YOK, DİN YALAN, TEK GERÇEK XANTARES!! allahhh <3
GOD MERTS LUL
HEP BİRLİKTE! ALLAH YOK, DİN YALAN, TEK GERÇEK XANTARES!! we <3
mertz = mert LUL
HEP BİRLİKTE! ALLAH YOK, DİN YALAN, TEK GERÇEK XANTARES!! <3
SPACE > NORTH ALL TİME ;)
MERTZ ACE PogChamp
-ngin +unlost LUL
/ KappaPride
HEP BİRLİKTE! ALLAH YOK, DİN YALAN, TEK GERÇEK XANTARES!! 90 <3
bot maj3r LUL
How much muslims whispers LUL
all bet t LUL
ngin LUL
:/ LUL
ngin MAL LUL
0-0-0 LUL
cz on pistol round EleGiggle
Force LUL
HEP BİRLİKTE! ALLAH YOK, DİN YALAN, TEK GERÇEK XANTARES!! <3
ngin ResidentSleeper
16-9 LUL
North losing to these LUL
colar satti ya gg bu mac LUL
ngiN 7-13 oynuyor nginlik bir durum yok diyor :D
HEP BİRLİKTE! ALLAH YOK, DİN YALAN, TEK GERÇEK XANTARES!! <3
ngin skiyo maci LUL
0-0-0 LUL
ngin NotLikeThis
n gin :(
Ngin FailFish
ngin WutFace
TURKEY <3
ngin iyi baitledi mal cikmadi 4Head
-ngin +unlost Kreygasm
-NGIN +WOXIC PogChamp
TACO IS BETTER THAN THOSE MUSLIMS LUL
tk LUL
TK LUL
NGIN LUL
engin LUL
NICE SHOT 4Head
TK LUL
NGIN FailFish
ngin ya :(
Ngin FailFish
beyler durun nginlik durum yok LUL
engin ya :(
pazzers LUL
North Remember RaccAttack
PAZZZ <3
PAZZERS PogChamp
Ngin LUL
north bringing it back PogChamp
paZZers <3
PAZZERS <3
pazzers PogChamp
paz <3
PAZ PogChamp
pazzers pazzers PogChamp
pazzers PogChamp
pazzerss adam awp bile oynayabiliyor ngin örnek al len <3
knife name LUL
pazzers pazzers pazzers PogChamp
3ump LUL
+18 LUL
maj3r NotLikeThis
ngin FailFish
again jump LUL
jump LUL
NGIN LUL
ngin LUL
ngin why :(
NGIN again Kreygasm
Ngin FailFish
beyler ngin de değil sorun ngin çok iyi LUL
-ngin + unlost LUL
ENGIN VoteNay
Pazz vs 9 LUL
mertz misses no shots yess LUL
ngin yemin ederim nova LUL
iki gavur zıplıyor LUL
unlost VoteNay
nginx? No thanks, I prefer Apache Kappa
Turkey genocides Armenia :(
ngin 1 oyun kötü oynadı diye diyor hahahahahah LUL
vac DansGame
@FaceAttacked Someone speaks the truth PogChamp
ngin PogChamp
MSL LUL
hay amk senin lsfhshgkjhgkdgs @rudedogg69 LUL
ngin NotLikeThis
ngin ngin ngin NotLikeThis
aime bak aime yavrum ngin :D
Ngin FailFish
eyco LUL
WHY YOU DELETE MUH COMMENT? BabyRage
Turkish chat ResidentSleeper
ngin ngin NotLikeThis
Lol ngin, they should've gotten apach :D
flaming turks for no reason LUL
ngin FailFish
ngin oç NotLikeThis
I am feeling ty LUL
11-12 <3
-ngin + unlost LUL
ngini savunanlar NotLikeThis
XANTARES <3
burda xantaresi övenler hiç ALPTV yi izlememiş sanırım :D
DO SOMETHING @ KJAER BabyRage
ez major Kappa
-ngin +unlost LUL
Calyx BlessRNG
that camera :D
14k VIEWERS ON MAJOR FINAL LUL
Majer awp LUL
Majer ve awp LUL
MAJ3R AWP GG LUL
english only FailFish
PAZ <3
paZZers Kreygasm
hahahahaha carbon :D
ngin ResidentSleeper
ngin :(
NGİN NGİN NotLikeThis
N G I N 4Head
ngin napıyosun yaaa :D
Ngin FailFish
NGİN NGİN NGİN NotLikeThis
NGİN NGİN NGİN NotLikeThis
Turk wallers LUL
DENMARK TACTICS LUL
WOOPS NO TIME LUL
NGIN SAKA MISIN ABI ? NotLikeThis
We have ngiN they dont Kappa
xantaresin sprayları o kadar guvenilirki :D
N RTH LUL
valde 4 kill ak siz engine sövün :D
ngin + calyx + 1 = maj3r LUL
despe vardı i ara özledik ber TwitchLit
ngin bottur tersini iddia eden 0çtur Keepo
ngin FailFish
Take your time North! Think about your mistakes! LUL
N ORTH LUL
KOLSUZ REYİZ DESPE BibleThump
Despe <3
calyx 9 kill ? :(
Ngin <3
valde ara verilince çıkıp geldi ngin ile calyx i geçecek LUL
SS FAN WutFace
ngin <3
NGİN SİE GİT ART IK NotLikeThis
spaceS maçında çet niye böyle ngiN adamdır bi gün kötü diye sövmeyin yeterrrr >(
NGIN LUL
PAZZERS PogChamp
GG LUL
YA SIZ KIMSINZ MK :D
paZZers Kreygasm
DANISH CS DANISH CS DANISH CS LUL
SS is trying so hard North is laughing at how hard SS is trying LUL
danish cs LUL
Pazz <3
NGİN NGİN NGİN NotLikeThis
XANTARES PAZ <3
Ngin killed someone in CT SIDE? I DONT REMEMBER LUL
DANISH CS DANISH CS LUL
ngin LUL
ngin LUL
ağzıyla tuttu bombayı :D
Xantares <3
SATTİ OCLAR NotLikeThis
Ngin FailFish
NGİN NGİN NGİN NotLikeThis
KILLED BY A 'NADE IN 2K18 LUL
SATTİ OCLAR SATTİ OCLAR NotLikeThis
eco :D
eco el gg :D
SATTİ OCLAR NotLikeThis
hs in smoke LUL
Bot soldiers LUL
SATTİ OCLAR SATTİ OCLAR NotLikeThis
SATTİ OCLAR NotLikeThis
wow aizy did something PogChamp
Ngin FailFish
SATTİ OCLAR SATTİ OCLAR NotLikeThis
i'm god or VoteNah VoteYea
calx LUL
ngin LUL
Bot Aizy LUL
SATTİ OCLAR NotLikeThis
SALTY TURKISH KIDS CRYING LUL
NGIN SIE GIT ARTIK NotLikeThis
spaces kaybeder ve bütün spaces izleyicilerin annesigiller bu gece bende Kappa
HE SAID PRESS NO TYPE FailFish
BRAVO MAJER :)
maj3r :(
EVEN WHEN BLINDED LUL
NGIN SIE GIT ARTIK NGIN SIE GIT ARTIK NotLikeThis
NGIN SIE GIT ARTIK NotLikeThis
gg turkey auto noob golden best :)
ngin LUL
NGIN SIE GIT ARTIK NGIN SIE GIT ARTIK NotLikeThis
ngiN LUL
PLANT THE BOMB BabyRage
200 İQ Kappa
laf söyleyecek yer arıyorsunuz aq kurallara uygun tuvaletini yapamayan adamlar başkalarının hatasız oynamasını bekliyor LUL
DAFUQ ARE YOU WATING FOR BabyRage
-200 IQ LUL
unlucky NotLikeThis
tpMagao HOW DID NORTH GET THIS FAR Kappa
check corners pazzers FailFish
silverlar vursana diyor LUL
KEBABSOLDIERS LUL
SS fan DatSheffy
unless they win the eco Kappa
kanser ya bu takim LUL
TURK CS LUL
xantares balonu hahahha LUL
Bana baba diyeceksiniz yoksa hakkaten annenizgilleri hoplatırım Kappa
USP SAVE LUL
valde FailFish
MY MOM IS BETTER THAN THIS WHOLE TURK NOOB TEAM LUL
khebab cs LUL
usp save LUL
kjaer LUL
USP SAVE LUL
TURK CS LUL
NGIN SIE GIT ARTIK LUL
Turk CS FailFish
turkish cs = syrian cs Kappa
BOT SOLIDERS DISBAND LUL
komik ShadyLulu
NGIN SIE GIT ARTIK NGIN SIE GIT ARTIK LUL
ngiN LUL
NGIN SIE GIT ARTIK LUL
ngiN LUL
DON'T CHOKE @NORTH BabyRage
NGIN SIE GIT ARTIK NGIN SIE GIT ARTIK LUL
paz çıldırdı :D
NGIN SIE GIT ARTIK LUL
how they won LUL
ss loses cbble? PogChamp
2v5 LUL
5v2 LUL
I CANT LUL
turk cs LUL
2V5 LUL
north LUL
hahahaha LUL
EZ LUL
2V5 LUL
nubs LUL
DANSKA CS LUL
2v5 LUL
TYPICAL DANISH CHOKE LUL
pazz <3
NGIN SIE GIT ARTIK LUL
NORTH THROW LUL
Maj3R babaaa <3
north remember RaccAttack
NGIN SIE GIT ARTIK NGIN SIE GIT ARTIK LUL
15-15. BlessRNG
9 kill > 21 kill LUL
EMO MSL LUL
youtube jasplaytv kanalda bıçak çekilişi olucak :)
Pazzers NotLikeThis
tilted LUL
N R T H LUL
north tilt oldu aq asjkdhasjkdghaksd :D
@mcahit1905 BOKLU ANANI S2YM LUL
THROW LUL
SPACES <3
m4 yerine galil alıyor engin LUL
BOMB FIRST OMEGA LUL
OT HLTV LUL
OT HLTV OT HLTV LUL
valde just afk on b the whole round LUL
ngin aldı en önemli roundu aklınızda bulunsun :D
SpaceS <3
SS onliners LUL
EZ LUL
choke north LUL
seyvliyeydin valde kardes :D
yotube jasplaytv bıçak çekilişi yarın başlıyor :)
@DreamHackCS TriHard
15 vurdu 4 ü az önce noldu diyenler LUL
engin kraldie Kappa
EU CS LUL
DEN CS LUL
Space Soldier CurseLit
Cry me a river casters LUL
dont cry LUL
XANTARES CİGARA YAKTI CurseLit
denish cs LUL
ngiN HATERS LUL
turkish fans LUL
dreamhack kanalında taraflı yayın ResidentSleeper
casters = BabyRage
SS onliners LUL
DEN CS LUL
CASTERS BabyRage
xantares 0 kill Kappa
CASTERS BabyRage
north fanboys salty LUL
XANTARES 31 KILLS Kreygasm
-70 LUL
north has great fans , it is na fans who have mental issues PJSalt
selamun aleyküm kardeşlerim bana destek olmak isterseniz youtube jasplaytv <3
SENE OLMUS 2018 HLTV YI BILMEYEN MALLAR LUL
turkish fans dont even know how to speak english LUL
north fans you so quiet que ota PJSalt
Turkey <3
19-15 LUL
MAJ3R 1.6 <3
ngın 16 kill LUL
xantares 31 ile sonuncu :D
31 de kalır o :D
BOT SOLIDERS DISBAND LUL
selamun aleyküm kardeşlerim bana destek olmak isterseniz youtube jasplaytv <3
19-15 hltv LUL
Valde 10 kills 4Head
7 Hey Boys TriHard
TÜRKİYE <3
msl :D
1.6 EleGiggle
XANTARES MAJ3R <3
EZ LUL
CHASING WITH 16K LUL
1.6 MAJ3R <3
monkaS caster bet on North ? LUL
caster atm BibleThump
CASTERS BabyRage
Noob North EleGiggle
cry caster :D
MAJ3R 1.6 <3
CASTERS BabyRage
RIFLER PAZ > MERTZ AWP LUL
casters BibleThump
tpMagao No ones is crying... North is playing like trash... Space Sol. are still the worst team IMO CarlSmile
mvp maj3r Kreygasm
NORTH GOING DOWN LUL
turks FailFish
Tilt PJSalt
cry is free BabyRage
@uRachicho morocco hltv LUL
NGI NAS TriHard
Valde in 2k18 EleGiggle
South gonna win Kappa
@Khemis That's my opinion...not the casters... CarlSmile
1.6 maj3r <3
danish kids get back get back eZ LUL
STUPID TURKS THINK CASTERS ARE CRYING ILLITERATE FUCKS LUL
@sevenyuva PogChamp
SPAM This For North PJSalt
DANISH CS LUL
@uRachicho LUL
calyx nickini falanda yanlış yazmış c büyük yazardı başka birini mi oynatıyolar lan buğra yerine :D
N ORTH LUL
is MSL Still pro WutFace
any ? cmonBruh
fill in that gaping hole Kreygasm
kobe PogChamp
NGİNNNNN <3
GODGIN LUL
ngiN PogChamp
ngin ngin ngin PogChamp
ohaaaa NGin :D
ÇAYLAAAAAAAAAR :D
Ahahahaha cry Norhth :D
3V5 LUL
N RTH LUL
BOT MERTZ LUL
Whiff LUL
-ngin +anlost appim -ngin +anlost appim -ngin +anlost appim -ngin +anlost appim -ngin +anlost appim LUL
ÇAYLARR LUL
MERTZ LUL
gg LUL
nGiN LUL
NGIN PogChamp
SPAM This For North PJSalt
gg LUL
nice ngin z3 <3
ngiN HATERS LUL
CHOKE LUL
-ngin +anlost appim -ngin +anlost appim -ngin +anlost appim -ngin +anlost appim -ngin +anlost appim LUL
CRY NORTH ShazBotstix
@Vayne_carry_ ismin samet mi Kappa
WHY WOULD ANYONE JUMP OUT OF A WINDOW AFTER YOU HAVE TWO TEAMMATES GETTING REKT IN FRONT OF YOU ??? WutFace
unlost in 2018 LUL
@abcde1771 hr maçlarında bile dönüyor LUL
TwitchRPGTwitchRPG TwitchRPG
TACO LEAVING SK PogChamp
XANTARES TO SK PogChamp
ngin go to SK LUL
M S LUL
be aware the inc. PJSalt
msl LUL
xantares :D
MSLUL LUL
DANISH CS LUL
DANISH CS LUL
NORTH LUL
19 15 hltv confirmed SeemsGood
üöüöüöüöüöü WutFace
aizy PogChamp
valde nin götü yemiyo drobu yakından tutmaya LUL
GET REKT SPACE SOL. LUL
AND ANOTHER ONE! SwiftRage
SAVED KappaRoss
İLLE ZORA SOKCAKLAR LUL
allah sizi kahretmesin :D
ot Kappa
16-19 pls dont 2ND OT LUL
hey nort xantares here come to drop <3
NA MOLLY LUL
Clutch 1 vs 4 4Head
CASTER LUL
north gets a triple kill every round LUL
gg caly gonna clutch 1v4 LUL
1v4 LUL
1v4 LUL
Calyx Kreygasm
MERTZ LUL
oooooo gg Kreygasm
Caster ? HELLO ARE U THERE ? LUL
1v4 LUL
1 v 4Head
CALYX <3
Rage quit LUL
1 V LUL
calyx <3
WHAT NOW TURK HATERS LUL
Buğra on fire Kappa
Yes north fans? LUL
r6rekt r6rekt r6rekt SoBayed
Nuke ResidentSleeper
calyXXX <3
KING OF THE NORTH CALYX :D
north LUL
r6rekt r6rekt SoBayed
Hobaaaaa @shadowmertt eyvallah :D
güzel reklam :D
bobs PogChamp
GRILL PogChamp
SPAM THİS CHEERS FOR HELP SOLDİERS HSCheers
ANIME ResidentSleeper
grill commercial PogChamp
SPAM THİS CHEERS FOR HELP SOLDİERS HSCheers
FAKE GAMEPLAY FOOTAGE LUL
GUARDIAN PogChamp
SPAM THIS CREEPER TO SPACE SOLDIERS SSSsss
SPAM THİS CHEERS FOR HELP SOLDİERS HSCheers
intense emotions from ads PogChamp
SPAM THIS CREEPER TO HELP SPACE SOLDIERS SSSsss
SPAM GORTH TO HELP NORTH TheTarFu
SPAM feliciaFlush TO REPRESENT SPACE SOL. feliciaFlush Kappa
15-13 2vs5 and 19-16 ez ss LUL
19-16 mı aldık hahaha, alırız demiştim ;)
SPAM THIS SALT FOR NORTH PJSalt
SPAM GORTH TO HELP NORTH TheTarFu
SPACE feliciaFlush SOLDIERS LUL
SPAM THIS CREEPER TO HELP SPACE SOLDIERS SSSsss
SPAM THİS CHEERS FOR HELP SOLDİERS HSCheers
SPAM GORTH TO HELP NORTH TheTarFu
SPAM tTHISTheTarFu TO HELP NORTH TheTarFu
SPAM GORTH TO HELP NORTH . TheTarFu
SPAM THIS SALT TO HELP CASTERS PJSalt
SPAM THİS CHEERS TO HELP SPACE SOLDİERS HSCheers
SPAM THIS GORTH TO HELP NORTH TheTarFu
SPAM GORTH TO HELP NORTH TheTarFu
tüm kardeşlerime teşekkür ederim bıçak çekilişini yarın yapıyorum youtube jasplaytv <3
SPAM THIS GORTH TO HELP NORTH ! TheTarFu
SPAM THİS CHEERS TO HELP SPACE SOLDİERS HSCheers
SPAM GORTH TO HELP NORTH TheTarFu
SPAM THIS GORTH TO HELP NORTH ! TheTarFu
SPAM THIS GORTH TO HELP NORTH TheTarFu
SPAM THIS GORTH TO HELP NORTH TheTarFu
SPAM THİS CHEERS TO HELP SPACE SOLDİERS HSCheers
@deepweb2k EleGiggle
EZZ FOR SPACE :D
SPAM THIS GORTH TO HELP NORTH >!! TheTarFu
SPAM GORTH TO HELP NORTH TheTarFu
tamam north gg wp ngin ağzınıza sıçıcak northda :D
north need help ss not :)
SPAM THIS GORTH TO HELP NORTH 1 TheTarFu
SPAM THIS SNICKERS TO RELAX CASTERS SnickersHype
A INKİ VoteNay
SPAM THIS GORTH TO HELP NORTH ! 1 TheTarFu
SPAM GORTH TO HELP NORTH .. TheTarFu
@Elient LUL
@ygzhyt im sorry but yea danish cs is one hell of a drug :)
SPAM THIS GORTH TO HELP NORTH ! 2 TheTarFu
SPAM THIS GORTH TO HELP NORTH ! TheTarFu
ss <3
SPAM GORTH TO HELP NORTH SPAM GORTH TO HELP NORTH TheTarFu
SPAM THİS TO HELP SPACE SOLDİERS twitchRaid
@naturalbara ne demek :D
@someone_somewhere the crying man from the future LUL
SPAM THİS TO HELP SPACE SOLDİERS twitchRaid
SPAM THİS TO HELP SPACE SOLDİERSs twitchRaid
wub wub WutFace
SPAM THİS TO HELP SPACE SOLDİERSs twitchRaid
SPAM THİS TO HELP SPACE SOLDİERSs twitchRaid
SPAM THIS GORTH TO HELP NORTH ! TheTarFu
SPAM THİS TO HELP SPACE SOLDİERSs twitchRaid
SPAM THIS GORTH TO HELP NORTH !1 TheTarFu
WinnerWinner CrreamAwk
ONE GUY SPAM FailFish
SPAM THIS GORTH TO HELP NORTH ! TheTarFu
SPAM THİS TO HELP SPACE SOLDİERS SPAM THİS TO HELP SPACE SOLDİERSs twitchRaid
hltv den bakarsanız karşıda altı kişi var :D
ONE GUY SPAM BibleThump
CHOKE NORTH LUL
7 ANELE
@nitr0xis cry more LUL
"Ss tier 1" Omegalul LUL
ngin LUL
4 kisi 1 tane kill alabildi mükemmel :D
nukede sikicekler BibleThump
guys ım from turkey but ez for north nuke so bad :D
SPAM THIS GORTH TO HELP NORTH ! TheTarFu
SPAM THİS CHEERS TO HELP SPACE SOLDİERS HSCheers
Twitch Primekubiline: SPAM THİS CHEERS TO HELP SPACE SOLDİERS HSCheers
SPAM THIS GORTH TO HELP NORTH TheTarFu
five seven :(
SPAM THİS CHEERS TO HELP SPACE SOLDİERS HSCheers
SPAM THİS CHEERS TO HELP SPACE SOLDİERS HSCheers
Çöpcü paz :D
ONE GUY SPAM FailFish
ya abi 2.el niye force luyorlar eco kalın 3.round silah olsun :(
SPAM THIS TO HELP NORTG TheTarFu
SPAM THİS CHEERS TO HELP SPACE SOLDİERS HSCheers
Hello, I am Russian and this is the diagnosis Kappa
ECOed LUL
who won the first map @aydozd :D
@sefa_yazkan_289 eben :D
@aydozd deden yavrrrrum :D
firtina mi var bu ses ne ? LUL
3-2 :)
adamlar nuke oynamaya alıştı LUL
DANISH CS DANISH CS DANISH CS LUL
BOT TARES LUL
xantares LUL
north get more kills on eco then gun round LUL
DANISH CS DANISH CS LUL
mertz türk beyler aslen bayburtlul LUL
@jiveturkey34 LUL
SPAM THIS TO HELP NORTH TheTarFu
turkish spray LUL
Savegin LUL
neyi nt lan sakin olsa hepsini alırdı :D
round bizde maj3r awp çekti :D
@prestoooo rütben ne sakin kardeş NOVA 3 :D
WinnerWinner WinnerWinner SnickersHype
@serot0ninn rütbem yok kardeş mm atmıyorum... 5k saatim var emin ol senden daha iyi biliyorum bu oyunu :)
saol :)
@yusufBey2 HeyGuys
1g CurseLit
German cs LUL
eco zannettiler :D
Eliminate both lmao LUL
5-4 ÖNCE GEÇTİK <3
adan ateşte bile shifte devam ediyor :p
@sanchezzzz bak şu an north kazandı cobblestone u :D
unlost abim nerde ? LUL
BOT WARS LUL
ngin mal LUL
hltv den bakmadık ki :)
PAZ Kreygasm
DANISH CS DANISH CS LUL
DANISH CS LUL
DANISH CS DANISH CS LUL
6-5 hanımlar sakin olun <3
doğru valla yakında maiin map olcak nuke LUL
ace :D
DANISH CS DANISH CS LUL
@DreamHackCS thank you <3
0 dmg LUL
xantares <3
500 hp on ss PogChamp
TK LUL
ahasdaxkxlas ff :D
TK LUL
xantares m <3
tk LUL
360 PogChamp
gaza geldi LUL
ECOTARES PogChamp
FAZE XANTARES LUL
VACTARES :D
DOC Style PogChamp
mouse accell LUL
"IM FEELING THANK YOU" LUL
20-4 PogChamp
keleşi ngine bırakmıyolar akıllanmışilar :D
İM SHOOTİNG THANK YOU :D
@Ufuk_sheriff ne etti gardaş çubuklular sana ? :D
X A N A R E S riPepperonis
DANISH CS DANISH CS LUL
@centimated ı think u are feeling thank you Kappa
yok ettiler lan :D
5ak LUL
5 ak LUL
5 ak :D
5 ak's LUL
DANISH CS DANISH CS LUL
5 AK CT LUL
@Ufuk_sheriff onun ayı olduğunu çubuklular la diyo, adamın kendisi de diyo :D
5 ak PogChamp
5 ak on ct LUL
5 AK LUL
5 AK LUL
olum cok dalga geçtik el gidiyo :D
CALYX <3
DANISH CS DANISH CS LUL
DANSKA CS LUL
i love space <3
golden auto noob LUL
31 LUL
golden? where? cmonBruh
CALYX NotLikeThis
ngin LUL
Ngin LUL
timing e çakam ngin 15 kere baktın bi kere denk getiremedin :D
KappaHD WinnerWinner TwitchUnity
ngiN NotLikeThis
ngin mi clutch mı? cmooon :D
ngiN FailFish
EZ LUL
ENG CHAT? WutFace
ez clap TriHard
DANISH CS DANISH CS LUL
AFK LUL
Base afk go kill Kappa
Aziz Yıldırım istifa etmiş PogChamp
DANISH CS DANISH CS LUL
@qko0 ilk 12 deyiz zaten 5 e hala giremedik 4Head
3 Kappa
1 LUL
FUCK TTours
aizy LUL
1 :(
1.5 LUL
Swedish cs Swedish cs Kreygasm
MERT TÜRK ASLEN URFALI LUL
NGIN LUL
Ngin <3
TK LUL
botsoldiers LUL
XANTARES LUL
ngin FailFish
bottares LUL
BOTTARES LUL
HADİ LAN SPACE KAZANIN ŞUNU HADİ <3
NGIN LUL
@lawuysal LUL
SS nuke strats LUL
turkish people using PCs LUL
NGININ MOUSE DONMEDI LUL
İnfo veren oçları engelleme keyfi LUL
420 TriHard
DANISH CS DANISH CS LUL
@Omerkk1 anlamaz :D
YOK ANASININ AMI LUL
A C E LUL
ace <3
bicaklasana mal maj3r NotLikeThis
hızlı oyunu acil plan eylemi gibi kullanıyoruz :D
ngin kills kjarbaye :D
ngin kill aldi PogChamp
pkk vs north Kappa
12-1 :(
maj3r DANISH CS LUL
bot nGin 4Head
ngin NotLikeThis
BOT SOLDIERS LUL
what a flick :o
mertz sen bır oropu evladısın Kappa
toggle LUL
CROSSHAIR WASNT EVEN ON THEM LUL
ngin TriHard
"Young one" SoBayed
ngin bacini s2m DansGame
MS LUL
elvish in chat WutFace
Spray LUL
ngin LUL
mal NotLikeThis
MAJ3R FailFish
turks playing cs LUL
ngin support len mq kill almasada olur len mq LUL
ginger TriHard
BYE TURK SCUM HeyGuys
who say 13 10 go to hltv BabyRage
mal oraya gitceksen once gitcektin mal maj3r silver mk LUL
BIZIMKIILER CEVIRCEKLER <3
ngin 25 vurunca helal olsun ngin adamsın çaycııı süpersin be bu sene major bizde len mq ngin vuramayınca ngin yeter artık git bu takımdan ben oynasam daha iyi oynarım LUL
Nefret ediyorum şu skoru yazan şerefsizlerden SwiftRage
vactares PogChamp
kjaerbye aim FailFish
16-13 hltv beyler LUL
kendininkinden çok calyxin stickerı var :D
SKOR VERENLERIN ANASINI SIKIYOLAR HLTV HABERLERE BAKIN PogChamp
@Zsonur güzel söyledin :D
verdiklere ele bak LUL
hahahhahah turks playing cs LUL
eco el :D
Majerin kafası iyi galiba :D
how did we lose that LUL
ngin hala 10 killde ya kill almasa da olur Kappa
ngin anani s2k anani EleGiggle
gg 16-11 back to turkey hahahah LUL
oclar sattilar yine FailFish
JW VAC BANNED Check HLTV PogChamp
hahahhahah turks playing cs LUL
ngin anani siiiiiiiiiikiim DansGame
ECO LUL
BACK TO ISLAMIC STATE LUL
VELETLER BURDAYSANIZ 1 YAZIN SwiftRage
last map inferno ez for space SeemsGood
Hello SpaceS 7 ANELE
bizim söylememize gerek yok türk diyince kendileri korkuyolar zaten :)
140 for a ticket. LUL
So many Turks 4Head
@deST_pK check #top 15 now :)
SS HeyGuys
turkroaches WutFace
@thelenrox turk muydun kanka :)
türk varmi? Jebaited
@kleimenn eyv kardeşim alırsak atlıyoruz demi :D
im not turkish but turkey is the best country!! HassaanChop
@tetimur38 :D
ja der er mig ihvertfald ;)
1-0 LUL
Mertz Türk beyler adı da mert Kappa
@medblue33 aha xanta yine orda :D
MAJ3R silver LUL
ecı ek gg :D
english stream but chat?? DansGame
sizin spacesoldiers diye öldüğünüz takım bu işte turkish pro league oyuncuları :D
ölütordu mal :D
BOTTARES LUL
camper ngin Kappa
neyse low 0çlar ben tam ekrana geçeyim de north sktikten sonra 130 $ ile internetten alışveriş yapayım :D
@turkishdude59 seninkine soktukları zaman :D
dreamhack chati çok bozmuş niye Türk maçı var LUL
adam şaşırıyor paz awp almadı diye :D
Clap Kappa
@amenosan nice england LUL
130 dolar diyor aq ergeni eline toplam o kadar para gecmemiştir senin :D
@cicocx parayla karıya gidiyor a.q davarı :D
SAVE SOLDIERS Kappa
sakin kardeşim :)
ngin did something report him PogChamp
ÇAYCI BABA PogChamp
ngin PogChamp
kör adamları vuruyor çünkü o engin kor BrokeBack
@brown_tv LUL
4-4 ;)
kör olması bir şeyi değiştirmez ki . Sonuç da vuruyor mu vuruyor :D
evde çayları ngin yapıyormuş ondan lakabı LUL
beyler bu maçı izleyeceğinize tecOne nin yayına gelin orada adam gibi yayın izleyin az birşey öğrenin :D
@kkk PogChamp
beyler bu maçı izleyeceğinize tecOne nin yayına gelin orada adam gibi yayın izleyin az birşey öğrenin :D
s beyler bu maçı izleyeceğinize tecOne nin yayına gelin orada adam gibi yayın izleyin az birşey öğrenin :D
@makar0nCS yayıncı için izleyici çalan mod gibi mod <3
BOMB LUL
left the bomb way back FailFish
XANTARES LUL
bombaya bakın LUL
beyler bu maçı izleyeceğinize tecOne nin yayına gelin orada adam gibi yayın izleyin az birşey öğrenin :D
bot msl LUL
görmedğ :D
beyler bu maçı izleyeceğinize tecOne nin yayına gelin orada adam gibi yayın izleyin az birşey öğrenin s :D
run MSL run LUL
beyler bu maçı izleyeceğinize tecOne nin yayına gelin orada adam gibi yayın izleyin az birşey öğrenin XD :D
MSLUL LUL
9K VIEWERS LUL
@makar0nCS knk ss chati kanserdir bak sana sövmeye başladılar uzaklaş bence yavaştan LUL
mom XANTARES USE CHEAT BabyRage
The MSLUL train! MS LUL
XD beyler bu maçı izleyeceğinize tecOne nin yayına gelin orada adam gibi yayın izleyin az birşey öğrenin :D
major final 9k LUL
beyler bu maçı izleyeceğinize tecOne nin yayına gelin orada adam gibi yayın izleyin az birşey öğrenin :D
anan Kappa
4 CZGO BibleThump
cz go ıs comıng Kappa
tecone ocdur LUL
@sefa_yazkan_289 yok kanka bu sene de oynadık ben yanlış söyledim :)
zuahahah beyler bu maçı izleyeceğinize tecOne nin yayına gelin orada adam gibi yayın izleyin az birşey öğrenin :D
beyler bu maçı izleyeceğinize tecOne nin yayına gelin orada adam gibi yayın izleyin az birşey öğrenin :D
huha beyler bu maçı izleyeceğinize tecOne nin yayına gelin orada adam gibi yayın izleyin az birşey öğrenin :D
canlara bak :D
dedim abi ilk ölcek diye :D
YİNE VERDİLER ECOYU KANSER TAM DansGame
ya şu hl tv'dem önceden görmeye alıştım bakmıcam diyom bakıyom ya :D
Bu malların maçını izleyeceğinize gidin tecOne yayını izleyin şimdide birşeyler öğrenin :D
BU KACINCI ECO OCLAR FailFish
Bu malların maçını izleyeceğinize gidin tecOne yayını izleyin şimdide birşeyler öğrenin :D
@bat1nn LUL
xf Bu malların maçını izleyeceğinize gidin tecOne yayını izleyin şimdide birşeyler öğrenin :D
xd Bu malların maçını izleyeceğinize gidin tecOne yayını izleyin şimdide birşeyler öğrenin :D
1.6 PogChamp
SPACE SOLDIERS <3
al sana tugux :D
eco win LUL
1 Bu malların maçını izleyeceğinize gidin tecOne yayını izleyin şimdide birşeyler öğrenin :D
Ez for cz LUL
danish cs danish cs LUL
olum bu nasıl maç :D
Bu malların maçını izleyeceğinize gidin tecOne yayını izleyin şimdide birşeyler öğrenin :D
is this caster from turk? so salty to north LUL
HUHU Bu malların maçını izleyeceğinize gidin tecOne yayını izleyin şimdide birşeyler öğrenin :D
danish cs LUL
eco alıyoruz diye adamlar alıştı devam ediyor LUL
ah mı Kappa
oh 3 tane p250 çekmişler aldık eli :D
Unlost espirisi yapın da gülelim Kappa
ya Bu malların maçını izleyeceğinize gidin tecOne yayını izleyin şimdide birşeyler öğrenin :D
LAN Bu malların maçını izleyeceğinize gidin tecOne yayını izleyin şimdide birşeyler öğrenin :D
unlosta kfr edenis anasini s2m LUL
beyler ya Bu malların maçını izleyeceğinize gidin tecOne yayını izleyin şimdide birşeyler öğrenin :D
"esc" BrokeBack
@killakev1988l ruski FrankerZ
la Bu malların maçını izleyeceğinize gidin tecOne yayını izleyin şimdide birşeyler öğrenin :D
Bu malların maçını izleyeceğinize gidin tecOne yayını izleyin şimdide birşeyler öğrenin :D
Vince is casting PogChamp
s Bu malların maçını izleyeceğinize gidin tecOne yayını izleyin şimdide birşeyler öğrenin :D
sa Bu malların maçını izleyeceğinize gidin tecOne yayını izleyin şimdide birşeyler öğrenin :D
Bu malların maçını izleyeceğinize gidin tecOne yayını izleyin şimdide birşeyler öğrenin :D
sikeim oynicagnizi oyunu NotLikeThis
ulan Bu malların maçını izleyeceğinize gidin tecOne yayını izleyin şimdide birşeyler öğrenin :D
oo @TuGuX <3
@TuGuX adamsııın <3
@TuGuX <3
Adamlar xantares ölünce direkt b ye koşsalar ngin i vuracaklar zaten Kappa
@TuGuX PogChamp
@TuGuX dayııııı <3
Bu malların maçını izleyeceğinize gidin tecOne yayını izleyin şimdide birşeyler öğrenin :D
@makar0nCS: defolup gideblirisin biradr zorla tutan yok.görende prof oyuncu sanacak seni adamlar daha gecen 300bin dolar kazandı hayatında görmediğin parayı kazandı boş yapma :)
sa Bu malların maçını izleyeceğinize gidin tecOne yayını izleyin şimdide birşeyler öğrenin :D
@TuGuX baba nerdesin tr demisin LUL
@cicocx sen paranı betini kontrol et :D
lan Bu malların maçını izleyeceğinize gidin tecOne yayını izleyin şimdide birşeyler öğrenin :D
electronic izle diyor haahhahab navi ne halde sen ne konusuyon 4Head
atan yok beni sagol :o
@TuGuX ara adam gıbı oynasınlar :D
ss Bu malların maçını izleyeceğinize gidin tecOne yayını izleyin şimdide birşeyler öğrenin :D
@TuGuX Dayı bi kalp atar mısın :)
@TuGuX ngin in takimdan gitmesi grekmiyor mu sence ? KappaClaus
o değil de 7-7 oldu lan :D
Bu malların maçını izleyeceğinize gidin tecOne yayını izleyin şimdide birşeyler öğrenin :D
@BETERALl unlost Kappa
@TuGuX HeyGuys
rr Bu malların maçını izleyeceğinize gidin tecOne yayını izleyin şimdide birşeyler öğrenin :D
@TuGuX Dayı bi kalp alırım :)
@BETERALl ngin daha iyi oldugu kesin mk Kappa
@cluxxxl aynen :D
turk xd SMOrc
ss Bu malların maçını izleyeceğinize gidin tecOne yayını izleyin şimdide birşeyler öğrenin :D
Bu malların maçını izleyeceğinize gidin tecOne yayını izleyin şimdide birşeyler öğrenin d :D
TOA TOA TOA <3
bedava skin sitesi isteyen fısıldasın d BloodTrail
@mpiA01 bu o değil Kappa
Bu malların maçını izleyeceğinize gidin tecOne yayını izleyin şimdide birşeyler öğrenin :D
Ez Kappa
@BETERALl mini var mesela ngin den daha iyi degil mi bu cocuk neden illa ngin ? ResidentSleeper
@sefa_yazkan_289 tüh karıştırmışım :D
noluyor aq :D
nt Bu malların maçını izleyeceğinize gidin tecOne yayını izleyin şimdide birşeyler öğrenin :D
son adam 10 hp demiyormu abi kimse :(
pinh difference LUL
ss Bu malların maçını izleyeceğinize gidin tecOne yayını izleyin şimdide birşeyler öğrenin :D
lan Bu malların maçını izleyeceğinize gidin tecOne yayını izleyin şimdide birşeyler öğrenin :D
spoiler verenlerin annesi yanımda <3
zz Bu malların maçını izleyeceğinize gidin tecOne yayını izleyin şimdide birşeyler öğrenin :D
base camping LUL
@BETERALl su ngin in nesini savunuyo millet anlamiorm gercekten FailFish
Bu malların maçını izleyeceğinize gidin tecOne yayını izleyin şimdide birşeyler öğrenin :D
engin sinirlendi engini vurdu :D
zaaa Bu malların maçını izleyeceğinize gidin tecOne yayını izleyin şimdide birşeyler öğrenin :D
ss Bu malların maçını izleyeceğinize gidin tecOne yayını izleyin şimdide birşeyler öğrenin :D
Beyler boşuna uğraşmayin olumm Sakat galiba görmezden gelin engeli basip geçin :D
lan Bu malların maçını izleyeceğinize gidin tecOne yayını izleyin şimdide birşeyler öğrenin :D
@xjec i support peace <3
gavatlar Bu malların maçını izleyeceğinize gidin tecOne yayını izleyin şimdide birşeyler öğrenin :D
davarlar Bu malların maçını izleyeceğinize gidin tecOne yayını izleyin şimdide birşeyler öğrenin :D
nt Bu malların maçını izleyeceğinize gidin tecOne yayını izleyin şimdide birşeyler öğrenin :D
ngin LUL
ss Bu malların maçını izleyeceğinize gidin tecOne yayını izleyin şimdide birşeyler öğrenin :D
lan a Bu malların maçını izleyeceğinize gidin tecOne yayını izleyin şimdide birşeyler öğrenin :D
beylercim Bu malların maçını izleyeceğinize gidin tecOne yayını izleyin şimdide birşeyler öğrenin :D
ngin is best clutcher :D
beyler lütfen Bu malların maçını izleyeceğinize gidin tecOne yayını izleyin şimdide birşeyler öğrenin :D
arkadaşlar Bu malların maçını izleyeceğinize gidin tecOne yayını izleyin şimdide birşeyler öğrenin :D
alo Bu malların maçını izleyeceğinize gidin tecOne yayını izleyin şimdide birşeyler öğrenin :D
annesizler Bu malların maçını izleyeceğinize gidin tecOne yayını izleyin şimdide birşeyler öğrenin :D
he Bu malların maçını izleyeceğinize gidin tecOne yayını izleyin şimdide birşeyler öğrenin :D
ulan Bu malların maçını izleyeceğinize gidin tecOne yayını izleyin şimdide birşeyler öğrenin :D
Space Soldiers <3
ez 16-7 LUL
calyx PogChamp
bot mertz NotLikeThis
orhan Bu malların maçını izleyeceğinize gidin tecOne yayını izleyin şimdide birşeyler öğrenin :D
yine veriyoduk LUL
sanliydik baba :)
10-8 LUL
Güle güle LUL
Bu malların maçını izleyeceğinize gidin tecOne yayını izleyin şimdide birşeyler öğrenin :D
Godx BloodTrail
ngin hoplaya ziplaya oynama lutfen :D
@casters şansını fazla zorluyorsun gülüm benim içinden geçerim senin adam ol tamam mı <3
@turkishdude59 çok işsiz var çok LUL
USP SAVE LUL
Beyler tecOne nun yayına gelin birşeyler öğrenin bu aptalların maçını izleyeceğinize gelin tecone izleyin :D
SAVE USP FOR WIN PogChamp
Beyler tecOne nun yayına gelin birşeyler öğrenin bu aptalların maçını izleyeceğinize gelin tecone izleyin : :D
alo Beyler tecOne nun yayına gelin birşeyler öğrenin bu aptalların maçını izleyeceğinize gelin tecone izleyin :D
ss Beyler tecOne nun yayına gelin birşeyler öğrenin bu aptalların maçını izleyeceğinize gelin tecone izleyin :D
@makar0nCS botu naber lan :D
Beyler tecOne nun yayına gelin birşeyler öğrenin bu aptalların maçını izleyeceğinize gelin tecone izleyin :D
CMON SS <3
@makar0nCS <3
@makar0ncs reklam yapma Kappa
ss Beyler tecOne nun yayına gelin birşeyler öğrenin bu aptalların maçını izleyeceğinize gelin tecone izleyin :D
bu el kritik alirsak bizde mac Kappa
Beyler tecOne nun yayına gelin birşeyler öğrenin bu aptalların maçını izleyeceğinize gelin tecone izleyin :D
Beyler tecOne nun yayına gelin birşeyler öğrenin bu aptalların maçını izleyeceğinize gelin tecone izleyin :D
Beyler tecOne nun yayına gelin birşeyler öğrenin bu aptalların maçını izleyeceğinize gelin tecone izleyin xd :D
best molotof :D
Yok ettiler B side helal :D
DREAMHACK <3
gg spam ss gg spam ss gg spam ss <3
Beyler tecOne nun yayına gelin birşeyler öğrenin bu aptalların maçını izleyeceğinize gelin tecone izleyin :D
maj3r be :D
alooo Beyler tecOne nun yayına gelin birşeyler öğrenin bu aptalların maçını izleyeceğinize gelin tecone izleyin :D
danish cs LUL
BM LUL
ss Beyler tecOne nun yayına gelin birşeyler öğrenin bu aptalların maçını izleyeceğinize gelin tecone izleyin :D
Cheat Soldiers Ez :D
@tantana586 thx LUL
agaa Beyler tecOne nun yayına gelin birşeyler öğrenin bu aptalların maçını izleyeceğinize gelin tecone izleyin :D
Adamlar zaten Ct bi de bombayı kurduktan sonra ekonomilerini bozmak için üstlerine koşuyor bizimkiler wp bois :D
ALON Beyler tecOne nun yayına gelin birşeyler öğrenin bu aptalların maçını izleyeceğinize gelin tecone izleyin :D
danish cs confirmed LUL
biz her zaman force eli veriyoruz :D
kemi Beyler tecOne nun yayına gelin birşeyler öğrenin bu aptalların maçını izleyeceğinize gelin tecone izleyin :D
Susmayacam Beyler tecOne nun yayına gelin birşeyler öğrenin bu aptalların maçını izleyeceğinize gelin tecone izleyin :D
ben burdayım rahat olun da sizin boş chatinizi okumuyorum tam ekranda patlamış mısırla keyif yapıyorum maç sonu hepinize tek tek yazacağım :D
YAV Beyler tecOne nun yayına gelin birşeyler öğrenin bu aptalların maçını izleyeceğinize gelin tecone izleyin :D
@taha2534 kardes suan 1-1 mac :D
10k viewers in a major final. dead game LUL
Beyler adamlar 4 ya da 5 Cz alınca el veriyoruz . 1-2 tane Cz kurtarmazzzz :D
@niggelo @irresistible4 daha var :D
ŞŞŞT Beyler tecOne nun yayına gelin birşeyler öğrenin bu aptalların maçını izleyeceğinize gelin tecone izleyin :D
gg LUL
oyyyy kjaerbye :)
xanta nabıyon :D
bunnyhopping LUL
Ben Beyler tecOne nun yayına gelin birşeyler öğrenin bu aptalların maçını izleyeceğinize gelin tecone izleyin :D
north realy noob thrower LUL
10500 para ne olum :D
alo Beyler tecOne nun yayına gelin birşeyler öğrenin bu aptalların maçını izleyeceğinize gelin tecone izleyin :D
@CeCeN46 iphone 10 alırsın o paraya Kappa
Beyler tecOne nun yayına gelin birşeyler öğrenin bu aptalların maçını izleyeceğinize gelin tecone izleyin :D
@nitroxygenius sa :D
:d Beyler tecOne nun yayına gelin birşeyler öğrenin bu aptalların maçını izleyeceğinize gelin tecone izleyin :D
makar0nCS: Beyler tecOne nun yayına gelin birşeyler öğrenin bu aptalların maçını izleyeceğinize gelin tecone izleyin :D
danish cs danish cs danish cs LUL
şşt Beyler tecOne nun yayına gelin birşeyler öğrenin bu aptalların maçını izleyeceğinize gelin tecone izleyin :D
@Makel37 :D
arkadaşlar Beyler tecOne nun yayına gelin birşeyler öğrenin bu aptalların maçını izleyeceğinize gelin tecone izleyin :D
cicox diye bi annesiz vardı susmuş LUL
Beyler tecOne nun yayına gelin birşeyler öğrenin bu aptalların maçını izleyeceğinize gelin tecone izleyin :D
Beyler tecOne nun yayına gelin birşeyler öğrenin bu aptalların maçını izleyeceğinize gelin tecone izleyin :D
SS tier 1 LUL
lan adamsanız Beyler tecOne nun yayına gelin birşeyler öğrenin bu aptalların maçını izleyeceğinize gelin tecone izleyin :D
uşt uşt Beyler tecOne nun yayına gelin birşeyler öğrenin bu aptalların maçını izleyeceğinize gelin tecone izleyin :D
Kjaerbye LUL
Kjearbe LUL
NGIN Kreygasm
vay mk :D
helal lea :D
troll Beyler tecOne nun yayına gelin birşeyler öğrenin bu aptalların maçını izleyeceğinize gelin tecone izleyin :D
gencler Beyler tecOne nun yayına gelin birşeyler öğrenin bu aptalların maçını izleyeceğinize gelin tecone izleyin :D
adamlar fake in fakeini attı :D
North :D
Maj3r çok kötü bir IGL Len mq :D
oyşşş Beyler tecOne nun yayına gelin birşeyler öğrenin bu aptalların maçını izleyeceğinize gelin tecone izleyin :D
bu oyunu gordum ya :)
lan Beyler tecOne nun yayına gelin birşeyler öğrenin bu aptalların maçını izleyeceğinize gelin tecone izleyin :D
ben bile yedimla fake xray varken :D
cya LUL
i hate u north :(
ngin <3
2023 iQ LUL
SS TOP10 TEAM <3
Beyler tecOne nun yayına gelin birşeyler öğrenin bu aptalların maçını izleyeceğinize gelin tecone izleyin :D
paraya bak parayaaaaaa :D
ARKADAŞLAR Beyler tecOne nun yayına gelin birşeyler öğrenin bu aptalların maçını izleyeceğinize gelin tecone izleyin :D
majer’s iq BrokeBack
la lecon des space :)
14-7 BibleThump
GENCLE Beyler tecOne nun yayına gelin birşeyler öğrenin bu aptalların maçını izleyeceğinize gelin tecone izleyin :D
xantares :D
ŞŞTT Beyler tecOne nun yayına gelin birşeyler öğrenin bu aptalların maçını izleyeceğinize gelin tecone izleyin :D
That kind of strat we don't even see from FaZe LUL
DREAMHACK SS FINALLY <3
Beyler tecOne nun yayına gelin birşeyler öğrenin bu aptalların maçını izleyeceğinize gelin tecone izleyin :D
MAJERSTEIN <3
YSSS Beyler tecOne nun yayına gelin birşeyler öğrenin bu aptalların maçını izleyeceğinize gelin tecone izleyin :D
beynim yandı mk o nasıl taktikti öyle :D
DenmarkCS LUL
space soldiers lose this (Second map) LUL
First time SS on dreamhack <3
@makar0ncs komik olma :D
SSSS Beyler tecOne nun yayına gelin birşeyler öğrenin bu aptalların maçını izleyeceğinize gelin tecone izleyin :D
ŞŞŞŞTT Beyler tecOne nun yayına gelin birşeyler öğrenin bu aptalların maçını izleyeceğinize gelin tecone izleyin :D
SAVE LUL
I am feeling thank you LUL
mallar LUL
bus sefer sıçtılar :D
? LUL
marsellia wait us :D
LAN Beyler tecOne nun yayına gelin birşeyler öğrenin bu aptalların maçını izleyeceğinize gelin tecone izleyin :D
olaun be :)
"hey guys b is clear" "ok we go a" LUL
b gidemezlerdi sure u unlucky 4Head
15-8 ;)
tecOne Yayına gelin beyler bu noobların maçını izleyeceğinize orada az birşey öğrenin <3
SS tecOne Yayına gelin beyler bu noobların maçını izleyeceğinize orada az birşey öğrenin <3
Arkadaşlar tecOne Yayına gelin beyler bu noobların maçını izleyeceğinize orada az birşey öğrenin <3
ŞŞŞT tecOne Yayına gelin beyler bu noobların maçını izleyeceğinize orada az birşey öğrenin <3
ANNENİZ tecOne Yayına gelin beyler bu noobların maçını izleyeceğinize orada az birşey öğrenin <3
UŞT AQ tecOne Yayına gelin beyler bu noobların maçını izleyeceğinize orada az birşey öğrenin <3
@hikmah in your dreams, 15-8 ;)
@xprische mümkün değil ngin Türkiyede değil :D
ADAM OLUN tecOne Yayına gelin beyler bu noobların maçını izleyeceğinize orada az birşey öğrenin <3
Türkler tecOne Yayına gelin beyler bu noobların maçını izleyeceğinize orada az birşey öğrenin <3
yarı bot yani :)
Mdrr tecOne Yayına gelin beyler bu noobların maçını izleyeceğinize orada az birşey öğrenin <3
save LUL
EZ LUL
Ahah save LUL
ŞŞT tecOne Yayına gelin beyler bu noobların maçını izleyeceğinize orada az birşey öğrenin <3
save for matchpoint LUL
en azindan uzatmaya gidicek :)
Maj3r FailFish
SS tecOne Yayına gelin beyler bu noobların maçını izleyeceğinize orada az birşey öğrenin <3
olm tecOne Yayına gelin beyler bu noobların maçını izleyeceğinize orada az birşey öğrenin <3
@makar0nCS annesı benm yanımda beyler ışır ışır :D
tecOne Yayına gelin beyler bu noobların maçını izleyeceğinize orada az birşey öğrenin s <3
NORTHA BET OYNAYANLAR LUL
calyx SwiftRage
urr tecOne Yayına gelin beyler bu noobların maçını izleyeceğinize orada az birşey öğrenin <3
SS tecOne Yayına gelin beyler bu noobların maçını izleyeceğinize orada az birşey öğrenin <3
bu maçı kazanınca sticker çıkıyo mu? Kappa
:d D tecOne Yayına gelin beyler bu noobların maçını izleyeceğinize orada az birşey öğrenin <3
adam olun çay iç tecOne Yayına gelin beyler bu noobların maçını izleyeceğinize orada az birşey öğrenin <3
GG HLTV LUL
şşt tecOne Yayına gelin beyler bu noobların maçını izleyeceğinize orada az birşey öğrenin <3
lll tecOne Yayına gelin beyler bu noobların maçını izleyeceğinize orada az birşey öğrenin <3
sizin daşşşaklarınızı yesinler 1.733 oran 150 $ ez spacesoldiers ahahahahahahahahahahahahahhaahahahahahahaha :D
"I have the highground " LUL
GG LUL
GG PogChamp
alooo tecOne Yayına gelin beyler bu noobların maçını izleyeceğinize orada az birşey öğrenin <3
adam LUL
GG LUL
Lan tecOne Yayına gelin beyler bu noobların maçını izleyeceğinize orada az birşey öğrenin <3
tecOne Yayına gelin beyler bu noobların maçını izleyeceğinize orada az birşey öğrenin <3
holy shit LUL
gg ss <3
SPACES <3
Ağlayın casterlar bak bak :D
139 € LUL
FEELING THANK YOU <3
WİNN :D
BEYLERRR DİNLEYİN tecOne Yayına gelin beyler bu noobların maçını izleyeceğinize orada az birşey öğrenin <3
gege <3
139 € 139 € LUL
north kaybedince adamda acı çekti :D
we are feeling thank you!! <3
ALOO BEYLER tecOne Yayına gelin beyler bu noobların maçını izleyeceğinize orada az birşey öğrenin <3
Şimdi beyler tecOne Yayına gelin beyler bu noobların maçını izleyeceğinize orada az birşey öğrenin <3
139 Eur LUL
139 € LUL
mitWin mitWin mitWin HSWP
139 € 139 € 139 € LUL
GENCLERR tecOne Yayına gelin beyler bu noobların maçını izleyeceğinize orada az birşey öğrenin <3
ALOON tecOne Yayına gelin beyler bu noobların maçını izleyeceğinize orada az birşey öğrenin <3
139 € 139 € 139 € 139 € LUL
SS SS SS SS SS SS SS SS SS SS SS SS SS SS SS SS SS SS SS <3
tecOne Yayına gelin beyler bu noobların maçını izleyeceğinize orada az birşey öğrenin <3
139 € LUL
ASLAAS tecOne Yayına gelin beyler bu noobların maçını izleyeceğinize orada az birşey öğrenin <3
SS SS SS SS SS SS SS SS SS SS SS SS SS SS SS SS SS SS SS <3
SS <3
SS SS SS SS SS SS SS SS SS SS SS SS SS <3
space <3
SS SS SS <3
tecOne Yayına gelin beyler bu noobların maçını izleyeceğinize orada az birşey öğrenin <3
cicoix diye bir Lale vardi 130$ aliyordu Babayi aldi mi LUL
BEYLER <3
İT WAS A LİTTLE BİT EASY AİNT ? ::D :D
BEYLER HADİ tecOne Yayına gelin beyler bu noobların maçını izleyeceğinize orada az birşey öğrenin <3
dream bekle bizi SPACES <3
SS SS SS SS SS SS SS SS SS SS SS SS SS <3
BYE BYE DANISH LUL
ahah tecOne Yayına gelin beyler bu noobların maçını izleyeceğinize orada az birşey öğrenin <3
SS SS SS SS SS SS SS SS SS SS SS SS SS <3
¨spae <3
HADİ tecOne Yayına gelin beyler bu noobların maçını izleyeceğinize orada az birşey öğrenin <3
SS SS SS SS SS SS SS SS SS SS SS SS <3SS SS SS SS SS SS SS SS SS SS SS SS SS <3
danish CS LUL
DONEISH Kappa
ALOO tecOne Yayına gelin beyler bu noobların maçını izleyeceğinize orada az birşey öğrenin <3
SS SS SS SS SS SS SS SS SS SS SS SS SS SS SS SS SS SS SS <3
HADİ tecOne Yayına gelin beyler bu noobların maçını izleyeceğinize orada az birşey öğrenin <3
SS SS SS SS SS SS SS SS SS SS SS SS SS SS SS SS SS SS SS SS SS SS SS SS SS SS SS <3
gencler tecOne Yayına gelin beyler bu noobların maçını izleyeceğinize orada az birşey öğrenin <3
tecOne Yayına gelin beyler bu noobların maçını izleyeceğinize orada az birşey öğrenin <3
ŞŞT tecOne Yayına gelin beyler bu noobların maçını izleyeceğinize orada az birşey öğrenin <3
Clap ANELE
lets goooo sons of Attila SwiftRage
tecOne Yayına gelin beyler bu noobların maçını izleyeceğinize orada az birşey öğrenin S <3
@izabel323232 @cicocx babayi aldi o LUL
LAZLAR tecOne Yayına gelin beyler bu noobların maçını izleyeceğinize orada az birşey öğrenin <3
şşşttt tecOne Yayına gelin beyler bu noobların maçını izleyeceğinize orada az birşey öğrenin <3
tecOne Yayına gelin beyler bu noobların maçını izleyeceğinize orada az birşey öğrenin <3
@33Terminator33 aynen kanka :D
SS tecOne Yayına gelin beyler bu noobların maçını izleyeceğinize orada az birşey öğrenin <3
NA CS LUL
NA CS LUL
