pls win 13 rounds avangar LUL
HakanARM *girl but never mind :)
grill on twitch chat? cant fool me LUL
Electronic saving in the open Jebaited
They get the opening pick and still keep only 1 at A FailFish
Silver telling a pro team how to play ct side LUL
Me Me spam No mod No ban haHAA SMOrc
buster all time pushing through smokes on b :D
@luke_bellew sure.. of course not Kappa
@NzJOP I love you more <3
I love u all guys <3
16 - 0 16 - 0 16 - 0 16 - 0 16 - 0 Kapa 4Head
welcome back to throw f3 HeyGuys
@Blackflunk Any comments on this? :D
a pro team that can't handle t side Kappa
16 - 0 16 - 0 16 - 0 16 - 0 16 - 0 haHAA 4Head
I will try it http://steamcommunity.com/id/janicka953/ LETS DO IT +rep :P :D
NzJOP no its just voluntering and i support EPICENTER since first season :)
going 1 by 1 without a flash :D
they dont want your power LUL
this is Astralis smurfing in Avangar team :D
@da_real_n1kko I have a VAC from tf2 doesnt mean I hack, everyone hacked when they were like 12 LUL
@h0vercat It's not f3 playing fast, avangar is very agressive team, they make agressive pushes all time on ct, thats why it seems so fast :D
esl one NY waiting room ResidentSleeper
flipside losing to no namers LUL
my team is losing enemy team is cheating BabyRage
my team is losing enemy team is cheating . BabyRage
Since when was F3 Good? Please Fanboys LUL
It's ruski CS, f3 is playing SO BAD (Like always) LUL
Guess everyone is cheating vs NiP nowdays then FeelsBadMan ;)
even when avangar is losing rounds in a row kids are crying LUL
saying someone is cheating without proof is ignorant too :)
not if there is 1 vac van player on team :)
@xCh3steR I like turtles ðŸ¢ Kappa
someone save my boy Electronic BibleThump
