12YR OLD CASTER ON MAJOR FINAL DEAD GAME LUL
Very good caster Can you say Happy Birthday to my homie Nick Gers. Thank you <33 :)
allu pls wheres your optic logo LUL
@epicenter_en1 komm mal wieder nach Merklingen :)
Casting the knife round is so 2004 LUL
Friberg gonna be banana 100 percent KappaRoss
c9 win first gun round BlessRNG
10k viewers in a major final dead game LUL
only useful for eco frags LUL
200 ping go fast men ))) PogChamp
if C9 lose this time to disband LUL
haHAA cringe caster 12 btw LUL
time to shine WITH 110 PING LUL
ofc it is a major Kappa
12k watchers csgo major csgo dead LUL
NA CS NA CS NA CS NA CS LUL
Shroud has more viewers than csgo major LUL
12YR OLD CASTER 200 PING WORST MAJOR FINAL DEAD GAME LUL
2 arms 2 legs and a head, but no body SeemsGood
200 ping against NA ez LUL
csgo major shroud has more LUL
LOSING TO PING WASHED UP EU PLAYERS NA SUPERTEAM LUL
+100 PING still ez for EU LUL
13k viewers no xd spam. feelsgoodman Kappa
Thx Yanko oh wrong Tournament CoolStoryBob
balanced? 0-5.. 1-7 kill spreads LUL
13K VIEWERS IN CSGO MAJOR GRAND FINAL CSGO DEADUL LUL
100 ping against NA, EZ LUL
13k viewers in major grand final csgo is dead LUL
100000000 dollar prize pool and only 13k watching LUL
lol 13 viewers in major finals, dead game LUL
na fans raving about winning s 10+ ping LUL
13k viewers in a major grand final 1mil$ price pool csgo is dead LUL
OpTic playing 4v5 on 110 ping LUL
@majinbrew dont mind them everybody here secretly kappapride for c9 KappaRoss
@Tzide not at all, just saying, they are both main awpers LUL
drowzyX one of them has played in big tournament finals etc and the other one hasnt LUL
Rush And Tarik On Lan LUL
OG IS DEAD shroudC9 shroudC9 shroud4Head LUL
People judging Optic in an online game LUL
did this caster just get outta school today? LUL
i just ate a bunch of sirach and had to shit so bad TriHard
@tazzu77 lol major only 4 viewers dead game LUL
this isnt a major fkin trolls LUL
If this was a major there would be no na trash playing. LUL
For all idiots not a Major LUL
@Trytosaymynamebackwards cause he ruined the armor when killing him. :)
PEOPLE SAYING THIS IS NOT A MAJOR FailFish
without Na all you Eu kids would be speaking German LUL
@epicenter_en1 can you shout out my boy jesus pls :D
@epicenter_en1 please next game change your caster this isnt good im just being honest. too much random things hes talking about and offpoint all the time. i appreciate nice try :(
16k viewers csgo major grand final bo7 map 7 csgo dead pubg LUL
allu got a kill with m4 PogChamp
JOEL skypee it's major here LUL
its a major u idiots FailFish
that wasnt clean by friberg imagine rain there in that round :D
C9 NOT EVEN TOP 1 NA LUL
C9 Losing to 150+ Ping players LUL
@epicenter_en1 can you shout out my boy jesus pls PLEASE :D
I like this caster. Soothing voice. <3
caster ruining game but I won't mute it BabyRage
16k viewers csgo major grand final bo7 map 7 csgo dead worst major ever LUL
People trynna troll and say this is not major ResidentSleeper
Disabling chat lmao too many people who are wet behind the ear :D
Major only 15K viewers is CS Dying ? RuleFive
No smoke criminal in qualifiers LUL
15.6K FOR A MAJOR? CSGO NotLikeThis
15 k viewers csgo major grand final bo7 map 7 csgo dead worst major ever LUL
Love how just because we haven't heard this caster before the're automatically shit LUL
SMOKING THEMSELVES IN NA STRATS 4Head
how can c9 lose 3 rounds against players with 100 ping LUL
EU losing to NA like always. Nothing new LUL
@courtesyflush43b who cares dude no one like usa they making in every country war LUL
SHROUD HAS MORE VIEWERS THAN CSGO MAJOR FINAL ACTUALLY DEAD GAME LUL
it’s a ct sided map BabyRage
u know what would be nice? another caster EleGiggle
15k viewers for a major final PogChamp
@zCrizzLee what i try do say is c9 is embarrassing LUL
NA is back? Tell that to FaZe LUL
eco frags vs 120 ping LUL
Im here already ^_^ epicenter_en1 VoHiYo
This caster is going places @epicenter_en1 Good job. PogChamp
20 ping vs 100+ ping... FAIR ;)
no one wants to see your face PogChamp
hes streaming out of his bedroom brahhh LUL
@zCrizzLee thats what i men :D
MOM I'M CASTING A GAME BabyRage
One match, can't play overpass LUL
why are you switching to fullscreen webcam EleGiggle
EU kid blame C9 for optic ping LUL
onedirTytroll bedroom broadcast on a major TriHard
@KKartel optic on 150 ping cmonBruh
HOLY SHIT THIS CASTER IS GORGEOUS <3
I'M LUVIN DIS CASTER PUT HIM EVERYWEHERE <3
This caster should replace SEMMLER LUL
caster is streaming in his bedroom LUL
skadoodle out of place on c9 WutFace
The caster is good chat PunOko
Caster really sounds like pansy but made in china LUL
NOT A MAJOR GUYS MOM TELL THEM BabyRage
bedroom broadcast onedirTytroll bedroom broadcast onedirTytroll TriHard
5 rounds with over 100 ping LUL
stopped the plant, what a bot LUL
EU CS +100 Ping > NA CS LUL
yea great play give the awp away and no money for rebuy LUL
NA TRASH ON T SIDED MAP LUL
from 0-6 to top frag PogChamp
Major final only 3k views LUL
awper 4-7 Skaddodle is back DarkMode
16K viewers on a major ? Go watch PUB.G LUL
C9 WITH 20 PING SO BAD LUL
C9 = REALLY TRULY BAD AT CS LUL
100 ping > 20 ping LUL
Hi Cloud9 Shroud here im rich now 4Head
all of OpTic 100+ PING LUL
EU PLAYING ON 100 PING LUL
When team Optic isn't even in America LUL
this is my best ping 4Head
wy du yo heff tu bea medd? Kappa
C9 = SLOPPY PINGWHORING FEGLORDS LUL
lost only m4 NA CS EleGiggle
NA CAN ONLY WIN AGAINST 10x PING LUL
KICK SKA STEW HAD TO START AWPING FOR HIM CUZ HE CANT LUL
people taking the bait in chat LUL
why is a qualifier for a tournament that is held in russia played in na server? cry9 cried for it like a bunch of girls? CoolStoryBob
IS OLOFMEISTER QUIT ON C9? BibleThump
C9 FANS = TRIGGERED BY A TWITCH CHAT LUL
STEWIE 100 PING WARRIOR ONLINER LUL
kids talking about c9 losing money betting on OpTic RIP mom's credit card LUL
@SeveronCS delusional NA FAN NO major NO relevant Tourney wins for NA in all of CSGO LUL
PLAYING VIDEO GAMES IN 2K17 LUL
@SeveronCS no its a trash NA invite tourney pls block me NA SCUM NOOB LUL
@13beans that's okay buddy, hope you have a great day :)
I think OpTic is gaming out of Macedonia LUL
100 vs 20 is unfair LUL
GATHER ignore us yung caster <3
Me me Spam. Mods Racist if Ban! TriHard
listening to this caster is no fun EleGiggle
DESPE cheated but Space Soldiers still PLAYING WITH HIM? LUL
they'll go back for epl mainly, which starts next week :p
NA FANS getting to hyped beating 100 pingers :D
U DONT CHECK THE SILVER CORNER 4Head
That's what C9 need to win Online match with 100 ping enemies LUL
giving jasonr money in 2017 LUL
EZ 20K $ TY HC LUL
OpTic a llub (a lube) Kappa
can the E.U even host servers ? LUL
LIQUID BEST TEAM NA LOST 3-0 WITH FAZE 4Head
THE MORE VIEWERS SOMEONE HAS THE MORE WE CARE WE ARE TWITCH CHAT 4Head
SHROUD HAS 38K VIEWERS Major 17k...Dead game WutFace
THE MORE VIEWERS SOMEONE HAS THE MORE WE CARE WE ARE TWITCH CHAT . 4Head
Jason R Fans in 2017 LUL
EU welfare region talking about lazy LUL
@epicenter_en1 How old are you? :)
I see russians play with 150 so they gotta win EZ Kappa
LuL c9 loose to 100 ping 4Head
C9 vs 100 ping EU LUL
ALLUB = his twin evil brother Kappa
I can't even take this match seriously CarlSmile
No allub is a tier 3 player from russia :(
100 ping > 15 ping LUL
i like this yung caster KappaPride
rip imoortals poor bolts and steel BibleThump
who won the first game? Kappa
what do you expect when a peanut brain is IGL LUL
NA CS = Silver 1 EU LUL
OpTic WITH 100 PING > CLOWN9 LUL
League = residentSleeper , Cs go = PubG = ResidentSleeper
plz dont talk in chat until u are a high rank(gn2+) thanks :)
C9 Losing against 100 ping players LUL
OMFGGGGGG c9 ! what a round PogChamp
thinking this is a major LUL
100ping in the comms as well Kappa
15k viewers grandfinal 1mil tournement csgo dead LUL
15k viewer for a major :(
Peanuts don't even have brains, you idiots FailFish
forsenDED VIEWERS AT MAJOR FINAL DEAD GAME EleGiggle
peanuts = is brain food, soo tarik <3
Pistols shit, CZ only good pistol nice meta ResidentSleeper
he wasn't even aiming at him DansGame
Thx! Any1 knows if its hosted in NA or EU? :)
losins to clown9 in 2k17 LUL
Faze vs Optic make it happen SwiftRage
15k viewers for a major LUL
vertsabre i've never used an awp ever, i've never played, only watch :(
@HEisgreaterthani ah I guessed as much It's ok, I watched for a bit before I started playing. :)
vertsabre I don't have a time or pc to play. Just an OpTic fan, that's all I don't even really understand how the money works lol :)
he couldn't pick up the awp cause 120 ping LUL
100 ping vs 10 ping peek LUL
EU brains are 100 ping delayed LUL
100 ping vs C9 is good :)
cant wait to see this optic play against sk/astralis/faze/g2 :D
c9 will believe they are good but they are sooooo bad :D
ska with an awp in 2017 LUL
Optic have 150Ping lag C9 have 300 MS Brain Delay cuz they are from NA LUL
thats the answer from ska PogChamp
daddy_please_stop_oh_yeah: overpass is 65% ct sided - 45% t sided LUL
@shadowsna, i think ur missing the point that pro matches are different than mm LUL
damn, this caster 0-100 real quick cmonBruh
daddy_please_stop_oh_yeah: "overpass is 65% ct sided - 45% t sided" yeah this map is 110% sided LUL
18 ping vs 120 ping SeemsGood
C9 on t side, this should be fun to watch LUL
Optic should’ve forfeited the match LUL
CASTER DEFENDING EU REJECT TEAM LUL
optic fangirls sleeping with c9 tonight LUL
This caster is so fucking stupid stfu plz WutFace
@shadowsna, boi u think i be doin math now? smh.. smart people Kappa
Crucial_m8 *girl but nvm You are Welcome :)
NICE TOURNAMENT 120 PING VS 20 LUL
@wulfgangus your queen is english monarch level inbred LUL
LIQUID VS C9 FINAL what we didnt see in NY PogChamp
100 ping isnt relevant EU excuses LUL
Allu didn't deserve to get kicked 4Head
AMERICANS PUMPED UP BECAUSE THEY BEAT TIER 3 TEAM WITH 100 PING LUL
Csgo Optic is a joke LUL
this sint even fair EU are born handicapped LUL
EZ CLOUD 9 PING WIN FailFish
EU stocks - NA stocks + PogChamp
Twitch Prime AvengersStark: @Brownerz66 Your friend Brownerz66 has just started watching! HeyGuys
NA kids happy that they can beat new team whos playing with 150 ping LUL
@Hawky2k Dude optic is playing with 100ping FailFish
my dog can cast better 4Head
Stew forgot Tarik wasnt on optic anymore Kappa
giving lessons 100 euros an hour LUL
EZ ROUND WITH 500 PING LUL
Gz NA your "superteam" can beat EU reject team LUL
12 - 6 OPTIC MAP PICK EU CS 4HEAD LUL
so easy to triggered Europe because they are so brainwashed LUL
nt optic better luck next time LUL
NA > All stfu kids LUL
When was the last time NA won a tournament again? LUL
@WigBiener you are stupid if you think optic would win is all im saying so I dont get why c9 11 year old kids are thinking c9 are good LUL
NA CHAT CALLING OPTIC NOOBS EleGiggle
Hello NA How many good teams 1, thats right 4Head
Y is EU always so mad 4Head
EU CS = TRASH CS LUL
@DonaldTrump3d nothing much, how does it feel now when usa is great again ? Kappa
@Enene237 feels good not having to pay tax dollars for refugee welfare LUL
HELLO NA EU HERE HOW MANY MAJOR WINS? . 4Head
500 PING VS 10 JUST SURRENDER AND LET THEM WIN LUL
HOW DID C9 LOSE THAT LUL
1 EU TRIGGERED NT OPTIC MAYBE NEXT TIME LUL
LOSING TO 150 PING NA CS LUL
for 100 ping 8 ROUND NOT BAD LUL
GOD ALLU WHERE IS NA EleGiggle
the woman was an anime version LUL
this caster is trying way too hard LUL
Hey EU How many majors? As many as your black plagues? 4Head
already closer than ESL ONE NY grand finals LUL
Losing to 150+ Ping players = NA ResidentSleeper
pants down hit him hard KappaPride
The 100 ping helps them. this chat LUL
optic 10000 ping still beating Cloud 9 LUL
Losing to 760 ping players, must be clown9 FailFish
Comparing MM ping to 128tick servers LUL
EU trying to compare themselves to their pro players LUL
@korkz808 i technically got you to stop :)
WHY DO YOU SWITCH TO THE CAM EleGiggle
Chat acting like they can cast better LUL
@dotane You can't base the whole cs community from twitch chat.. FailFish
Chat a bunch of spoiled kids who don't have the balls to apply to be a caster LUL
@korkz808 lul try playing with 110 ping in a pro match GL HF LUL
EX Optic BEATS NEW OPTIC PogChamp
100 ping too hard for EU BabyRage
OPTIC SO POOR THEY CANT FLY OUT EU PLAYERS 4Head
@daddy_please_stop_oh_yeah Not calling myself pretty, just calling out a caster who can still work on his craft ;)
optic is better *looks at score* LUL
Rush is still using that ak LUL
C9 fangirls reaction to pistols = NotLikeThis
@epicenter_en1 bad casting and observing cmonBruh
ogremagiismywaifu i can try it if u want girl caster Keepo
WHY IS SKA USING THE GLOCK WHEN HE HAS AN AWP NotLikeThis
BULLY THE CASTER CS COMMUNITY 4Head
Only if he starts saying cloud nine VoteYea
C9 LOSING ROUNDE TO 100 ping LUL
@Doodleyz_ ez knife her u have 2 StoneLightning
losing to pistols, over 100 ping = Clown 9 LUL
CLOWN9 fangirls - Best in NA LUL
losing to optic who have 1,456,678 ping LUL
THATS NOT WHAT DAZED SAID LUL
@epicenter_en1 BAD CASTING and OBSERVING + playing ads midround. cmonBruh
EU cant even play with 500 ping LUL
OpTic agreed to play AM qualifier themselves :(
@DetectiveTV Not being able to move your eyes to the top of the screen, or being unable to understand that OpTic are in NA as well LUL
@Proculous he is scrawny af tf you mean I wouldnt say that LUL
there is no no way you can win this with 100+ pings rofl 4Head
@vgrand428 And you probaly plays MM LUL
EU can't even play with 500 ping LUL
@redrum_1998 hopefully optic will get that far next tournament LUL
@snafu01 Liquid got 14 rounds LUL
EU girls bend over when they hear an American accent LUL
1sec delay in pro game and you dont win? LUL
NA CS LuL 16-11 vs 100+ ping 4Head
jfc say cloud 9 not cloud FailFish
EU Fans when they realize OpTic is in NA right now RuleFive
HEY YOU I HAVE AN EXCUSE AND YES IM FROM EU LUL
chat when he says cloud Jebaited
@wizardgaming010 Lul 100 ping Nice win LUL
