FlyToMoon on EPICENTER and MDL at the same time WutFace
if you dont want to play on madness qual with 400 ping then dont lose region quals in the first place SoBayed
EU server = EU win Kappa
one more positive comment and all banned :)
chinese teams too busy making it in actual qualis to be here LUL
i like eg, i wish luck to them :)
@sevenzero17 in the trash can :)
EpiCenter didnt delete facebook yet!?!? LUL
IT IS the finals, eg lost to vega, the winner of this match goes to Epicenter :)
no star players in VEGA EleGiggle
look at the razor's frozen lightning LUL
oh it was a pause LUL
mic cutting is giving me a headache :)
@phamous3k I'm a league player ;p
Lol. Doom juked like no other. For nothing :(
did the caster just refer nisha to a GRILL? SwiftRage
wk is not using thr armlet LUL
chat's better at casting than casters FailFish
4 CIS teams in 12 team major LUL
@rbauris 18-8 for FTM, watchu think TriHard
@DAN2797 another joke from peenoys LUL
well then i'd start saying goodbye to that 20 4Head
🐧 🐧 🐧 🐧 middle ? TriHard
Go back to LoL poland LUL
4 cis tems on cis major LUL
