BULLDOG SUBS? BULLDOG SUBS? BULLDOG SUBS? SoBayed
1 EL TRASHICO EL TRASHICO EL TRASHICO DendiFace
Gente porque mr choco no castea BibleThump
Less Viewers than fortnite, dead game LUL
if BDawg aint casting this..... NotLikeThis
Kyle already back When will bulldog go back to alliance LUL
celebrity always gets direct invite DendiFace
kyle + cap.. 2 americans.. LUL
GODZ Hating on Na'vi ?? What a surprise LUL
battle of the narcisists cap vs kyle vs godz LUL
2 American Thats not Fat LUL
Meme team vs Meme team LUL
50k viewer for tournament Death game LUL
I am Le French I Give Up Before I Start LUL
NAVI = 1 HOUR LONG GAMES ResidentSleeper
= Dendi the supamida (no space) DendiFace
they are just bad in the game LUL
stop pick elderTitan for Jerax PLSSS LUL
Mature = old as dirt LUL
Historically CoL wa snever good 🤔 so future is bright PogChamp
I'M A TEA EYE WINNER DansGame
PAIN, THE BEST TIER 3 TEAM LUL
Bulldog is not that one dude LUL
4 guys and 1 dude LUL
i won tea eye 3 10 years ago DansGame
@AdmiralBulldog Are you 4 guys or 1 dude? LUL
Bulldog Nyx Assassin and Drow Ranger PogChamp
GREEN OG Back Then FeelsBadMan NOW BLUE OG LUL
I hope we get a new set of Casters BlessRNG
NoTidehunter cuz they don't want Bulldog to pick it LUL
Call Bulldog He is crying BibleThump
please change this lane meta NotLikeThis
dont google bulldog ( insert any hero ) LUL
Crystallize Crystallize Crystallize Crystallize Crystallize LUL
LEBRON LEFT CAVS FOR THIS NotLikeThis
LE BRON LE BRON LE BRON TriHard
TIME TO SHOW HOW TRASH I AM DendiFace
BORN IN LVIV ALWAYS LOYAL TO HIS TEAM SUPERMIDA AND ALPHA GLOBAL EMOTE MUST BE DENDI DendiFace
lil world class without vp ? SoBayed
BORN IN LVIV ALWAYS LOYAL TO HIS TEAM SUPERMIDA AND ALPHA GLOBAL EMOTE 2DendiFace MUST BE DENDI DendiFace
LEBRON LEFT SOCCER FOR THIS LUL
U say World Class I say LUL
FURION s4 FURION s4 FURION s4 FURION s4 FURION s4 PogChamp
taught s4 how to play furion DansGame
@AdmiralBulldog when will you cast? DansGame
@AdmiralBulldog betterthan the 250kg beast NP LUL
@kiram_tu_kosse_nanat you're thinking about Earth Spirit LUL
STOP PICK ELDER FOR JERAXX LUL
@AdmiralBulldog Pls win another TI...oh wait LUL
poor Jerax, get me out of here BabyRage
OG&Navi Invited to SuperMajor SPELL TRASH! LUL
Kyle would be the final nail in the coffin for Navi LUL
how BAYED is this chat ? SoBayed
OG&Navi Invited to SuperMajor SPELL TRASH! OG&Navi Invited to SuperMajor SPELL TRASH! LUL
@admiralbulldog explain 2 hero puddle DansGame
MANUAL GUIDE ON HOW TO LOSE LUL
📚 📖 THROWING FOR DUMMIES DendiFace
5 COPIES OF CHEAT SHEET LUL
LEBRON QUIT NBA FOR THIS FailFish
XBOCT ANTI MAGE ALCHEMIST FeelsBadMan Kreygasm
= Grey Face (no space) Kappa
Why Dota 2 isn't more popular than Overwatch & LoL? It is even a free game :)
i will make sure this is a best of 2 DendiFace
best of two with NAVI DendiFace
Puppey was the problem Sonneiko was the problem Kuro was too DendiFace
dont worry this will not be BO3 DendiFace
this kyle guy is like a dota expert LUL
PRESS 1 IF YOU HAVE A DIG BICK KappaPride
OMG CHEAT SHEET SO PACKED LUL
OG NOT WORTH THAT BOOM LUL
Gaben Dota is free game LUL
20 PAGES AND STILL BAD NAVI LUL
1000s of pages of AdmiralBullshit 4Head
we dont cause climate change DendiFace
too complex for you kyle LUL
rescVV1 rescVV2 hail da panda rescVV3 rescVV4 GivePLZ
20 pages but small hero pools LUL
it's a monster sponsored event LUL
PICK 2 NERFED SUPPORT NAVI LUL
How to win dota 2 written by admiral bulldog LUL
OG idol the FAST RAT, faking waste ResidentSleeper
Gyro and TB every game NotLikeThis
dont worry guys I got this DendiFace
SYND WHEN IS YOUR GAME? LUL
Cant ban me here AdmiralBulldog ResidentSleeper
ВЛАДИМИР ПУТИН МОЛОДЕЦ ПОЛИТИК ЛИДЕР И БОРЕЦ SeemsGood
best EU team vs best CIS team no Kappa
General gonna carry once again DendiFace
any 7 in the chat TriHard
i miss the navi with the chen pudge fountain hook combo BibleThump
Its time to AA mid DendiFace
IM TOO OLD FPR THIS RuleFive
please let the camera on jerax KappaPride
i read match from a book, book of hell, so we alway lose DendiFace
DENDI HAS A MONKEYISH FACE LUL
French guy does not shower 4Head
▬▬▬▬▬▬▬▬▬▬▬ஜ۩۞۩ஜ▬▬▬▬▬▬▬▬▬ شكرا بو رج ▬▬▬▬▬▬▬▬▬▬ஜ۩۞۩ஜ▬▬▬▬▬▬▬▬▬▬ SeemsGood
xboct clap just is number DendiFace
Lets go guys we got this!!!!111!!1! :)
DediFace a hero for me LUL
OH WOW A CORE NAGA PogCha... ResidentSleeper
I hope bulldog isnt here ResidentSleeper
STOP LAUGHING PANEL AND CHAT cmonBruh
FeelsGoodMan OH WOW A CORE NAGA PogCha... ResidentSleeper
I LOST MY BET. WHAT IS THIS NOTAIL WutFace
7MAD STILL PLAYING IN OG LUL
core naga in 2k18 ? SoBayed
Going back to ROOTS OG BlessRNG
NOBRAIN NAGA NEW TO ME PogChamp
28% is just a number DendiFace
@thlnkthlnk im just being cute 7 TriHard
clock is good agains furion FailFish
@AdmiralBulldog WHEN WILL YOU CAST? LUL
use your cute emotes to make this chat cute KappaPride
@AdmiralBulldog Ban me now MonkaS ResidentSleeper
Cis is eu is the same Grant FailFish
No more brexit casters Im so happy Good casters nice PogChamp
Give us OD and Fogged SwiftRage
WE BELIEVE YOU MAN SURE LUL
Brix Out Kokona caster Now whats next LUL
Please no pinoys in chat BlessRNG
NA CAST FeelsGoodMan EU CAST ResidentSleeper
fiNALLY MA BOI GRANDGRANT . SoBayed
: NA CAST FeelsGoodMan EU CAST . ResidentSleeper
: NA CAST FeelsGoodMan EU CAST .. ResidentSleeper
: NA CAST FeelsGoodMan EU CAST ... ResidentSleeper
: NA CAST FeelsGoodMan EU CAST , ResidentSleeper
it's gonna be a tie DendiFace
: NA CAST FeelsGoodMan EU CAST ResidentSleeper
7.15: first creep wave can walk through fissure OSFrog
FLY USED TO CARRY BTW PogChamp
DENDI HAS 1 LAST HIT LUL
HELP ME MID IM LOSING DendiFace
No in Dota 2 pros FeelsGoodMan cmonBruh
cs is juss a number DendiFace
CS IS JUST A NUMBER LUL
CS IS JUST A NUMBER DendiFacce DendiFace
NUMBER IS JUST A NUMBER DendiFace
Viper CS just a number DendiFace
Mid CS losing to notail LUL
Press 1 if you singsing <3
one cs for one min WutFace
ANY BULLDOG SUBS ANY BULLDOG SUBS FreakinStinkin
CS IS JUST A NUMBER UncleNox
@AdmiralBulldog ban them on ur channel LUL
Dont worry chat this is planned DendiFace
cS IS JUST A NUMBER DendiFace
can't even type hero name cmonBruh
@AdmiralBulldog CASTING FROM TWITCH CHAT PogChamp
NAVI still not top tier ? 4Head
1 deny = 2 heroes 4Head
2 denies = 1 kill LUL
why is there a washed up pro player in the chat DansGame
no one cares bout u @AdmiralBulldog LUL
Living Trash lmfao who loses lane as viper DendiFace
@AdmiralBulldog not streaming this? Banned? EleGiggle
naga twice the denies of viper cs LUL
CS is just a NUMBAH DendiFace
i cant se the diference between these two caster they sounds equal NotLikeThis
@AdmiralBulldog CS IS JUST A NUMBER DendiFace
NaVi seems like my 3k pub :(
WHAT GAME IS THE FAT BOY CASTING? ResidentSleeper
Can't ban me here WeSmart ResidentSleeper
@admiralbulldog why you bald bro LUL
Ce6: ulti just is skill DendiFace
DEATH IS JUST A NUMBER DendiFace
JUST A NUMBER JUST A NUMBER DendiFace
navi die from every land DendiFace
Viper is just a number DendiFace
level 8 vs level 5 LUL
LEVEL IS JUST A NUMBER DendiFace
Death is just a social construct DendiFace
MMR IS JUST A MMR IS JUST A MMR IS JUST A DendiFace
K/D/A is just a number DendiFace
i googled dendi in 2018 WutFace
@AdmiralBulldog look at these fake accounts @AdmiralBullddog DendiFace
DENDI STILL NAVI, 2018 CMON BrokeBack
feed is just an observation DendiFace
@AdmiralBulldog CANT BAN ME HERE ResidentSleeper
LeBron left NBA for this LUL
Feed is just an action DendiFace
MMR IS JUST A MMR IS JUST A DendiFace
LOST LANING PHASE AS VIPER DendiFace
They See me Rollin they Hatin TriHard
Viper is just a support DendiFace
Net Worth is just a number DendiFace
these heralds have no idea we swapped roles DendiFace
naga mid is the new meta BCWarrior
WHAT GAME BULLDOG WILL CAST :)
whatever language French people speak BrokeBack
NetWorth is just a number DendiFace
Lost Is Just a number DendiFace
Pos is just a number DendiFace
pos 1 is just an asumption DendiFace
@AdmiralBulldog WHAT GAME YOU'RE GONNA CAST Kappa
ANYONE SEEN DARYL? Ronnie be looking for him cmonBruh
7 M E R D E LUL
MID US JUST A LANE DendiFace
ANYONE SEEN DARYL? Ronnie be looking for him . cmonBruh
@admiralbullddog I build this since dota 1 it's ma build DansGame
EG game when? OPTIC game when? Kyle game when? Synderen game when? LUL
top tier dota NA jokes on u LUL
Deads its just a number DendiFace
@AdmiralBulldog Gyro not even in your hero puddle LUL
DEATH # IS JUST A NUMBER DendiFace
0-1 is just a number DendiFace
team needs to be kicked DendiFace
DEATH # IS JUST A NUMBER DEATH # IS JUST A NUMBER DendiFace
winning is just a number DendiFace
much better than the british casters SeemsGood
NAVI FANGAY ON SUICIDE WATCH LUL
DARYL " FRIKI FRIDAY " KOH TriHard
end fast pizza is waiting DendiFace
who is this guy ? PogChamp
When bulldog will cast ? BrokeBack
DENDI MOVE TO POS 4 LUL
NEW WORTH IS JUST NUMBER DendiFace
Losing as solo viper is just a number DendiFace
NA OG EU OG VisLaud LUL
i think networth is just a number DendiFace
time to retire and become an analyst DendiFace
im looking at Navi player cam their faces tell you everything about this game already EleGiggle
net worth is just a number DenfFace DendiFace
Don't google viper's net worth EleGiggle
L LU L L L LUL
yea, the camera isnt smoth at all, need to change the observer LUL
LIL WAS NOT THE PROBLEM SwiftRage
Я Ишакин Даунил Мид отжал и катку слил НаВи третий год в г..не Дело ТОЧНО не во мне .... DendiFace
breaky and grant doing a good job PogChamp
TACTICAL so DENDI can get in front of Rubick LUL
Dota PSG Pogchamp football PSG LUL
im top 5 in the world DendiFace
at least mid is in top 5 networth SeemsGood
N I C E R LUL
You either die or live long enough to become trash DendiFace
@SCHlLLlNG gwent players dead game LUL
. o O ( DendiFace) TriHard
monkaS . o O ( ) TriHard
ANY FA IN CHAT ? SoBayed
@snowhawk_kakkoii they would lose invite to TI qualifiers :)
DendiFaece networth is just a number DendiFace
fly NW > MY NW DendiFace
the voices sound sooooo similar :D
i losted my money if navi losted. BibleThump
I'M RACIST I THINK I'M FUNNY I'M 12 BTW 4Head
NAVI MAKE OG LOOK LIKE TIER 1 TEAM LUL
Losing to pure push strat? DansGame
bet my lunch money on navi NotLikeThis
W I L L W OSFrog
@admiralbulldog washed up gamer cant ban me here SoBayed
navi beating tier 8 team PogChamp
whenever Navi gets a kill PogChamp
dendi go mid 18min item LUL
Who the caster? who the analyst ? the sound is same RuleFive
@valask your teammates in pubs are not VP members though LUL
OG still not top tier? 123 Kappa
@AdmiralBulldog Happy to know that you are going to the main event :)
: Помнишь, в миде я божил Рты противников долбил Это просто был твой сон Просыпайся, Дендимон DendiFace
u'r literally banned in this chat for saying anything literally 4Head
tier 4 vs tier 4 LUL
gyro will just run you baboon LUL
@admiralbulldog HEY CAN YOU BORROW ME 100$ ? BlessRNG
NEW META 4 SUPPORT 1 CARRY DendiFace
SIREN WILLOW NS ULT DRAGON cmonBruh
BLACK KING BAR IN 2018 LUL
Oh My Word ..... Oh wait SoBayed
CS GO IN 2018 OMEGA LUL
7 ITS A DIRTY GAME 7 TriHard
Grant overestimate this luna too much BrokeBack
it's always Crys vs 5 ResidentSleeper
this caster sounds so far omg 4Head
You can do it NaVi!! :)
Nobody cares if Dendiface dies LUL
chill guys I got this DendiFace
1 vs 9 poor Crys LUL
Just clown around and get invites DendiFace
wtf? Tier 9 vs Tier 9 in a major? dota truly a dead game LUL
It's ok 2k MMR chat, Viper is a late game hero DendiFace
@im_that_daryl_daryl_daryl YOU THINK THIS IS A JOKE??? cmonBruh
if you blow a lot Kappa
Pos 2 = same net worth as pos 4 enemy team Still the suppamidda DendiFace
WIXSON plural into singular form so smoothly Kreygasm
NAVI pls take my $$ LUL
NAVI are so frigging bad NotLikeThis
Tier 4 vs Tier 5 NotLikeThis
NAVI LOSING TO TIER 8 TEAM EleGiggle
im not the problem, my team is DendiFace
Direct Invite btw Direct Invite btw DendiFace
@AdmiralBulldog look at fly's micro LUL
navi got this chill guys DendiFace
score is just a number DendiFace
Can we kick Dendi, its 2k18 now. The old man had his time... 8 years ago or so FailFish
Impact is just a word DendiFace
ANY KAT PA LI IN CHAY ? SoBayed
when can we watch some t1/2 dota NotLikeThis
Alchemist is forgotten now .. BibleThump
Grant overestimate this luna too much DansGame
@AdmiralBulldog making fun of casters DansGame
celebrity always get Direct invite DendiFace
Networth lead is just a number DendiFace
Navi just have to kill the radiant throne 4Head
PSG DOTA ? Poggers! 7mad gyro? Poggers! French dota? LUL
kick rodger for L L LUL
NaVi make OG looks this good LUL
piza is just a number DendiFace
Put direct invite to this LUL
navi still no change, still trash DendiFace
tier 3 vs tier 2.5 LUL
Dota plus win probability is just a number DendiFace
stil invited to almost every major DendiFace
FARMING SUPPORT NEXT LEVEL DOTA PogChamp
synderen would be more mascot than captain Kappa
Rax still up !! Lets go navi take this rosh !! :D
OG still using illusion strat FailFish
LOSING AGAINTS CORE NAGA OMEGA LUL
Rax still up !! Lets go Alliance take this rosh !! :D
networth is just a number ! DendiFace
remember chat, racism is a virtue :)
@AdmiralBulldog navi fanstraight in 2k18 MVGame
FAN STILL GONNA VOTE ME TO TI DendiFace
not using Mom to build Butterfly DansGame
LOSING TO CORE NAGA IN 2018 LUL
who even losses to nobrain LUL
@AdmiralBulldog i ban emotes because im insecure about my boring content @AdmiralBulldog ResidentSleeper
Puppey was right LoH was left PogChamp
the things go skrrh ? SoBayed
@AdmiralBulldog your opinions of support NP sir ? :)
SCORE IS JUST A NUMBER DendiFace
What did you just say homosabien? cmonBruh
NAVI'S BACK... TO THE DUMPSTER DendiFace
OMG RIGHT GUY SO FAT NotLikeThis
0 : 1 is just a number DendiFace
LOSTING TO OG IN 2018 LUL
washed up all went to galaxy LUL
TYPICAL NA HUMANS ON SCREEN LUL
live is just a number i am just a number Viper is just a number Major is just a number no copy pasto DendiFace
I THOUGHT IT WAS CAP DansGame
grant & breaky, what a combo BlessRNG
they were both invited so youd be whining no matter who lost FailFish
Wow that one really made the Eurocucks mad NotLikeThis
forsenKek --> forsenKek --> forsenKek --> - DendiFace
NA VI will never be back LUL
Butt chin better than THANOS Kreygasm
Kick kyle so much salty more than PPD PogChamp
Even kyles own team didnt want him LUL
I NEED TO RETIRE FOLKS DendiFace
Kyle is salty af today LUL
Good job we lost / OpieOP
NA CS NA DOTO NA LUL
1 more game to lose Clap LUL
go back to your normie sports NA LUL
how bad can you be to lose to 7mad LUL
7Mad was right Reddit fans? SoBayed
analysis of one sided game SabaPing
losing to tier 8 team navi EleGiggle
playing FOOTball with HANDS NA LUL
DENDI on 1 APM hero Kappa
laughing at dendi I guess LUL
ONE MORE GAME UNTIL Liquid game BrokeBack
NA playing FOOTball with HANDS LUL
0/6 is just a number DendiFace
GAME STATS ARE JUST A NUMBER DendiFace
my smile doesn't help me winning mid DendiFace
.. GAME STATS ARE JUST A NUMBER GAME STATS ARE JUST A NUMBER DendiFace
KILLS 0 DEATH 6 just a number DendiFace
ZZ GAME STATS ARE JUST A NUMBER GAME STATS ARE JUST A NUMBER DendiFace
@AdmiralBulldog still better than your underlord LUL
NA VI Old AF go in Pension LUL
SOME PEOPLE HAVE 3 HERO POOL @admiralbulldog LUL
28% winrate still play Viper hero pool DendiFace
= (Daryl Smile no space) TriHard
KYLE KICKED FROM OWN TEAM LUL
THATS RICH COMING FROM KYLE LUL
Kyle again BRUTAL SAVAGE Rekt LUL
Why should the chat be posivitiv when Kyle is full of PJSalt
effect already disbanded like 2 weeks ago FailFish
why Spiderman and Dr strange TearGlove
@TheMagicaLhexOr lol ur a streamer TOO?? LUL
DC died in Infinity War LUL
Don't give Dendi Viper, give him Abaddon LUL
Russian gregariers hire crap Casters LUL
EG I LOVE U AND I MISS U <3
panel is more savage than usual, I love it LUL
always a fun panel with kyle PogChamp
I HOPE NAVI PICKS 5 CARRIES LMAO LUL
Hey! Your message is being checked by mods and has not been sent. 4Head
@admiralbulldog pick invoker pick invoker BlessRNG
WHERE MY DARYLS AT / TriHard
TELL ME DO YOU WANNA GO FrankerZ
the emotes are enabled ?!?!? PogChamp
I FEEL BAD FOR DENDI :(
BOY BOY BOY BOY BOY GOWKratos
left VP for this L L LUL
Lil thinking, why did I have to got na'vi? Just non stop losing LUL
DENDI notebook filled with TI3 strats LUL
@AdmiralBulldog Y U NO CAST DansGame
@AdmiralBulldog Yoo Mr. Dong say hellu :D
Navi is losing against low tier team LUL
cheat sheets = no need to prepare LUL
DENDI notebook filled with TI3 strats thats why it dont work LUL
OG AND NAVI TIER 1 TEAMS NO Kappa
SUB ME FOR ogreboS ogreboT ogreboY EleGiggle
Lil left VP for this LUL
WD IN 2K18 WD IN 2K18 LUL
Dendi Supamida please quit now LUL
0-1 IS JUST A NUMBER DendiFace
1st rule of FIGHT CLUB, NO FLY 2nd rule of FIGHT CLUB, NO LEBRON FrankerZ
Wanna hear a joke? tristan thompson court time LUL
Washed Out is a great band :)
TECHIES TO CM SO WHAT STILL 0% PICKRATE SoBayed
R A Z O R OSFrog
press 1 for OG, press 2 for DendiFace
lol there's wd and still pick razor LUL
how is kyle so smart ? :(
is that my boy PIMPSCHNUCKEL ?? @PimpmuckL KappaPride
Bron leave the cavs for this? cmonBruh
WHO WON FIRST MATCH PLZ CHAT ? BibleThump
2 1st rule of FIGHT CLUB, NO FLY 2nd rule of FIGHT CLUB, NO LEBRON FrankerZ
2 50K VIEWERS DEAD GAME LUL
50K VIEWERS IN MAJOR? DEAD GAME LUL
💖 🤞 🌸 use your cute emote to make this chat cute 💖 🤞 🌸 cmonBruh
OMEGALUL 50K VIEWERS DEAD GAME LUL
@bobo192389 560k total for a group stage is okay trackdota :)
so much new heroes in this tournament PogChamp
PSG.Ibrahimovic PSG.Neymar PSG.Cavani PSG.MAYBE PSG.FY PSG.Xnova LUL: dark seer ULU PogChamp
S H O V E IT Kreygasm
Navi is so bad at drafting LUL
ninja have more than dota LUL
Expecting high viewership for OG v Navi LUL
dont need BO3 if you can lose in 2 DendiFace
dont type "XD" its so annoying FailFish
HEY GUYS NARA HERE . BCWarrior
riki invoker or techies lets go Kappa
200 word essay due 2mrw and im here watching dota :D
1 MORE "XD" and am out SwiftRage
🗑️ D 🗑️ E 🗑️ N 🗑️ D 🗑️ I 🗑️ F 🗑️ A 🗑️ C 🗑️ E 🗑️ DendiFace
cap and his win conditions NotLikeThis
finally no "XD" in chat :D
look theres pl just pick sven loool 4Head
high five? high 4 instead danK OpieOP
LiL get me out of this team BabyRage
A D F iI N E M <3
whats up with LIL AND XBOCT. LUL
TOXIC LIL BRINGING DOWN NAVI EleGiggle
L L IS THE PROBLEM!! LUL
Kyle on suicide watch his ex team LUL
S H O V E Kreygasm
7 7 i became murican listening to these 2 7 7 DatSheffy
TEA EYE WINNER CAST WAITING ROOM ResidentSleeper
no high five for you OpieOP
chat getting by the xD meme Jebaited
CS CS CS CS CS CS LUL
CS CS CS CS CS CS CS CS CS CS CS CS CS CS CS CS CS CS CS CS CS CS CS CS CS CS CS CS CS LUL
LASt hit is just number boi DendiFace
Back again OG won game 1 danHappy :)
Remember Last hit is just number DendiFace
@AdmiralBulldog ( Casting ) will be ready BrokeBack
Next game Liquid vs Empire? 4Head
BRON BRON BRON BRON BRON BRON BRON BRON BRON BRON BRON BRON BRON BRON BRON BRON BRON BRON BRON BRON BRON BRON BRON BRON BRON BRON BRON BRON BRON BRON LUL
L E B R N LUL
juking a stomp real impressive BrokeBack
Contrast = off Sound = off Must be epicenter SeemsGood
Lost to OG Lost to pacers Must be lebron LUL
It will be if he suceeds at that Shards. PogChamp
@AbsolNE I asked them if they wanted me, they didn't reply BibleThump
@AdmiralBulldog only blebs can meme are you a bleb? LUL
@AdmiralBulldog can't wait to see you at main event HeyGuys
one of my finest creations OSFrog
👌 👌 👌 👌 👌 👌 👌 OSFrog
KYLE REKT BY FAT TOBI LUL
He went LIL too far Kappa
Deny is just a number DendiFace
I DENY CS LIKE LIL DENY XBOX DendiFace
@AdmiralBulldog dude when u cast some game man DansGame
CAN I GET SOME DARYLS TriHard
AUDIO is like 20 seconds off LUL
feed is just a word DendiFace
SOUND IS FROM ANOTHER OBSERVER LUL
👌 👌 👌 👌 👌 👌 OSFrog
deaths is just a number DendiFace
I AM THE BEST ALPHA DendiFace
Please DENDI can you decline? ResidentSleeper
Please DENDI can you decline? Please DENDI can you decline? ResidentSleeper
DEATHS ARE JUST A NUMBER DendiFace
S T A C C Kreygasm
@christinahendricks RTZ SUBS DEAD SUBS LUL
@harax2 both team same skill 7bad = worse than lebron LUL
don't google dendi CS last 5 min LUL
10$ per hr GRANT cast LUL
Hey nazi mods, dont ban me for this cmonBruh
Grant : triple3 Breaky : FailFish
@jacobmatrix18 why are u here forsen is online 4Head
feed is wat i do DendiFace
WHAT IS WRONG WITH DENDI LUL
DENIE IS JUST A NUMBER DendiFace
will see how it goes DendiFace
General Time to get kicked DendiFace
and i thought forsen subs were only a plague in csgo streams, boy was i wrong ResidentSleeper
navi do they still have fans? FailFish
Dendi is just a number DendiFace
We got. odka party here DendiFace
guys 1 MORE and im done LUL
guys refresh your stream the emotes are late here LUL
Walrus Punch is just a movement DendiFace
this is what you call casting BOIS! Kappa
Think I'm a few minutes behind Chat TTours
navi winning? Time to start feeding DendiFace
Running at ppl and feed PogChamp
I AM GOING IN GUYS RuleFive
322 is just a number DendiFace
MALEDICT IS JUST A NUMBER DendiFace
losing to navi in 2018 LUL
team carry me I can feed DendiFace
dont look at lebron net worth WutFace
NOBRAIN ON #1 CARRY INSTEAD OF SEB NotLikeThis
Eat your tangoes it save life DendiFace
it was STICK NOT TANGO LUL
LOSING TO NAVI IN 2018 LUL
@slime123 it was a tango FailFish
these teams got direct invite? EleGiggle
thanks camera guy, we don't wanna see most of the match anyways TTours
Its for the mana aswell NA Casters LUL
mad dk fear dk ccnc dk DansGame
Euls for the static link as well FailFish
📜 ✍ chat im ready cmonBruh
NAVI IS NAVI IS NAVI IS NAVI IS TriHard
u said eul is bad? DendiFace
sven no ult ez TF LUL
LOSING TO NAVI IN 2K18 LUL
@AdmiralBulldog Cant ban me here ResidentSleeper
Say i'm trash more haters DendiFace
@AdmiralBullddog cant ban me here ResidentSleeper
zoning pgg black holes never forget PogChamp
haters is just a number DendiFace
TIER 10 VS TIER 10 PogChamp
Losing to NaVi cmon OG FailFish
Win OG = Navi is back BrokeBack
W/L is just a number DendiFace
@AdmiralBulldog 👉 ⏰ BATTLE CUP DansGame
i thought i was win DendiFace
how is that for nothing FailFish
NAVI IS BECK TO THE DUMPSTER PogChamp
i think navi will win :)
we are winning? Time to 322 DendiFace
0-1 It's jst a number DendiFace
Tier 3 vs Tier 3 teams FailFish
DIRECT INVITE VS DIRECT INVITE Kreygasm
i think og will win :)
NAVI will win VP LAUGH LUL
NAVI BEING BACK SINCE 2014 LUL
@AdmiralBulldog don't you have a game night in 10 minutes sir you should prepare not sit in twitch chat :)
@AdmiralBulldog @syndereN CAST TOGETHER ?! @AdmiralBulldog @syndereN CAST TOGETHER ?! PogChamp
@AdmiralBulldog @syndereN ti8 CAST TOGETHER ?! PogChamp
npqHuK thanks for subscribing to Epicenter! Welcome to the Epic Kleb FreakinStinkin
Hey synderen do you wanna cast ti8 together? :)
Dead TEAM VS DEAD TEAM LUL
B DAWG AND SYND TI8 CAST PogChamp
@syndereN & @AdmiralBulldog TI8 Final Cast PogChamp
@AdmiralBulldog TRY BANNING ME HERE SoBayed
@AdmiralBulldog he will attend TI as a player obviously PunOko
Dont google vengeful net worth monkaS LUL
@AdmiralBulldog not rooting for s4 DansGame
@0timado0 aren't you new OG mid? DansGame
Why didn't they go CM for all these physical attackers Kappa
dont yahoo vengeful spirit networth monkaS LUL
650 gold for one kill OSFrog
sven farm all game just to get kited 1 fight LUL
loosing against OG in 2k18 LUL
J GOD INTO J DOG LUL
63k in dota dead game? FailFish
duel gives the units free pathing you baboons LUL
navi cs navi dota OMEGALUL LUL
dont duckduckgo vengeful spirit networth monkaS LUL
he cancels dendi's tp aswell Kappa
drop tp drop tp ti3 DendiFace
HE*S OUT HE CANCEL PUPPEY PogChamp
when xboct is your coach LUL
OH, he cancels Dendi's tp aswell PogChamp
NAVi vs OG (New Alliance) PogChamp
one of the worst ive ever seen TTours
NAVI SLAYER IS BACK s 4Head
you cant spell NAVI without NA LUL
@AdmiralBulldog 1 million dollar dream carl PogChamp
having your botton pushed in KappaPride
next slide please i made my notes n :)
GOO GOO NAVI TAKE MY ENERGY <3
s4 vs TI3 memories FeelsGoodMan DendiFace
GOO GOO NAVI TAKE MY ENERGY A <3
can we get some in the chat WutFace
polite chat requesting next slide please :)
Any navi fans here? / Kappa
s4 = Navi TP Canceller PogChamp
OH, he does not cancel Dendi's tp aswell PogChamp
DIRECT INVITE TO MOST MAJORS EleGiggle
bkb is just a number DendiFace
dendi playing worse than ever LUL
Wheres your cheat sheet now SoBayed
Charge is just a number DendiFace
BKB CHARGE IS JUST A NUMBER DendiFace
Back to the Trash Can 4Head
BKB IS JUST AN ITEM DendiFace
RUNING IS JUST A DEDI DendiFace
BKB CD IS JUST A NUMBER DendiFace
CD is just a num,ber DendiFace
kited ...thats why sny better than echo LUL
coolddown on bkb is just a number DendiFace
S4 STILL HAUNTING DENDI SINCE TI 3 LUL
bkb has just a timer DendiFace
The Only Game Og Will win in this tournament LUL
LOSING TO TIER 8 TEAM DendiFace
lose is just a number DendiFace
Guardian left navi for this LUL
? EULS RAZOR EULS RAZOR EULS RAZOR EleGiggle
BKB is just an item DendiFace
WASHED UP TRASH DOTA / DendiFace
WASHED UP TRASH DOTA // DendiFace
WASHED UP TRASH DOTA /// DendiFace
WASHED UP TRASH DOTA //. DendiFace
crystalline was supposed to play PL PunOko
breaky cast who is inviting these trash casters LUL
dendi still not the problem SoBayed
Simple left liquid for this LUL
whos worse, the casters or dendi ? 4Head
DIRECT INVITE DIRECT INVITE DIRECT INVITE SoBayed
still garboge after using cheat sheet LUL
when is EG playing ? :)
EG should replace Navi for direct invite NotLikeThis
no one knows ? when will EG play ? :)
@JinSooTV just give me the $100 now please LUL
ruining grant cast with trash like BreakyCPK epicenter_en1 LUL
rank is just a number DendiFace
S M L U L K E? BrokeBack
OG worse team than Navi LUL
damage reduction 5 patchtes ago LUL
GORO TEAM RISE UR HAND PunOko
i have one game 4.2k bb FailFish
/ GORO TEAM / RISE UR / HAND / PunOko
NAVI IS BACK TO TIER 5 FailFish
Tier 3 VS Tier 3 LUL
LEBRON LEFT NBA FOR THIS NotLikeThis
Help me overhype tier 3 Dota PogChamp
LEBRON LEAVE NBA FOR THIS EleGiggle
@BloeR you русский baboon monkaS PogChamp
losing to 7Bad and Nobrain LUL
Didn’t Earn Nothing, Direct Invite DendiFace
evasion + moment of courage = BrokeBack
should have left lil in VP until he alone had enough points to quality navi for Ti and then bought him out LUL
stop with this winner winner thing PLEASE NotLikeThis
Damage Reduction GRANT IS DRUNK LUL
NAVI IS BACK... TO THE TRASH LUL
2-0 is just a number DendiFace
og are not good , navi are so bad LUL
still garbage after using cheat sheet DendiFace
NAVI WORST THAN PAIN GAMING LUL
navi is bacl to the home LUL
EZ WON VS TIER 2 TEAM DendiFace
? DIRECT INVITE DIRECT INVITE DIRECT INVITE EleGiggle
ADS ? Cant see anything Kappa
Direct invite living trash never win DendiFace
time to watch mah boy Miracle Kreygasm
COL pick techies vs FTM PogChamp
D idn’t E arn N othing D irect I nvite DendiFace
LOSS IS JUST A NUMBER DendiFace
losing with og losing with og LUL
Navi is back Waiting room ResidentSleeper
N T A I L PogChamp
first 2-0 series must be NAVI LUL
kyleism brofisted gapitalist i laughed... EleGiggle
Didn’t Earn Nothing Direct Invite DendiFace
when is EG playing? need an answer pls :)
didn't win anything, still direct invite DendiFace
Time to become a Caster DendiFace
mmr is just a number DendiFace
guys im baiting viewers im useful DendiFace
Dota is dead, 49k viewers for a major final Kappa
@necrophos_best_hero but littlefinger is in avengers right, so no star wars spoilers BlessRNG
berry smart analysis by my boy KYLE PogChamp
Did we win ? Did we win ?DendiFace Did we win ?DendiFace Did we win ? DendiFace
new year new season new roster same lul Navi EleGiggle
shroudD I love being the best...champions club DendiFace
Did we win ? Did we win ? Did we win ? Did we win ? DendiFace
👉 📉 dendi's self esteem BibleThump
stop talking kyle win TI before u talk DendiFace
So kyle just gives lecture where as hes team less cmonBruh
wait did OG beat NAVI? LUL
Na Dota Picks TECHIES OFC LUL
MMR is just a number MMR is just a number DendiFaceMMR is just a number DendiFaceMMR is just a number DendiFace
MMR is just a number MMR is just a number MMR is just a number DendiFace
Dendi overrates Dendi outdated long have we waited Dendi eliminated DendiFace
has anyone picked techies yet chat? LUL
Kyle Curse pain beat navi LUL
CurseOfWinter i used to like you sing subs NotLikeThis
why do you have to comment on that ? Kyle explain DansGame
@xenongrate its weird that you think that matters LUL
epicenter_en1 Kyle is KILLING IT ! GOOD STUFF PogChamp
Next game ? Next game ? Next game ? ResidentSleeper
taking one game off don't mean shyat PogChamp
: monkaS 👉 FishMoley YetiZ TaxiBro PopCorn
definitely good enough to be top tier LUL
@xenongrate if hes triggering you feel free to mute the stream 4Head
it was not the aura but the razor passive FailFish
techies pick on second stream guys LUL
any orang Hiram in chat ? TriHard
COL picked techies against FTM lul LUL
MIND CONTROL TECIES INC MIND CONTROL TECIES INC PogChamp
MIND CONTROL TECHIES INC MIND CONTROL TECHIES INC PogChamp
HE GOT MATCHED WITH ME KappaPride
/ \ kyle n cap KappaPride
GRINDER USER RIGHT HERE CAP KappaPride
I GAVE IT TO HIM BEHIND THE PANEL KappaPride
memEmpire confirmed, capital E btw SoBayed
out of a sea of i see only one gachiBASS disappointed in u chat KappaPride
ukraine is not part of europe LUL
let me hear where my BLACK NAGGERS at! PogChamp
psg 11 vs mineski 5 Kappa
buy neymar get knocked out psg LUL
@Mikolikow we at ur moms vegana homie TriHard
2-0 for EMPIRE BOIS 2-0 for EMPIRE BOIS PogChamp
BLEED from WHERE?? Woman ?? WutFace
making fun of WEMEN singer HotPokket
TECHIES ON SECOND STREAM 1 PogChamp
spent 200 million to win league one psg LUL
quid game man I can't belive it LUL
TECHIES ON SECOND STREAM 2 PogChamp
thinking this music is anything but trash LUL
Where is this lady BLEEDING from?? WutFace
Guys why is Overwatch's art so much better than Dota 2? :)
TECHIES ON SECOND STREAM 3 PogChamp
TECHIES ON SECOND STREAM 4 PogChamp
SourPls song name - Bleed - axol & the theives SeemsGood
POP MUSIC FANSTRAIGHTS IN CHAT LUL
Press 1 if youre a LIQUID fangay PogChamp
3k viewers col vs ftm LUL
Guys why why is Overwatch's art so much better than Dota 2? :)
Guys why why why is Overwatch's art so much better than Dota 2? :)
Wana hear a joke? Dendi is Top Mid player LUL
Bleed for you? on Period? LUL
Where is this Lady BLEEDING from CHAT??? DansGame
press 2 for no reason Kappa
@Matumbafan89 WUB WUB WUB WUB NotLikeThis
Y does she keeps saying BLEED? and where the F is she BLEEDING from??? WutFace
EG Vs liquid in the finals pls Kappa
any LIQUID bettors here ? SoBayed
She BLEED from her VAJAYJ :)
SONG NAME - mirage - egzod feat leo SeemsGood
Zfreak techies on epicenter 2 PogChamp
Im gonna kill myself today :)
let´s go or let´s go to NotLikeThis
press 1 if you got Jebaited
Don't talk time or my soon again Jebaited
@Neil_thehunter are u using shazam bruh? cmonBruh
@ginko1618 these r my gym playlist DansGame
Countdown then Soon LUl @epicenter_en1 Jebaited
SOON = MORE 5 MIN Kappa
THIS TIMER LIKE BULLDOG WASHED UP AND BECAME USELESS Jebaited
Its OK production, we like to wait :)
Bulldog is a big joke LUL
EG is next tier 2 team PogChamp
EG NOT EVEN IN THE TOURNAMENT LUL
new update battle pass is out PogChamp
EG Crit is streaming bois SwiftRage
SONG NAME -light up the sky- axtasia . SeemsGood
EG WILL 27-0 LIQUID AGAIN PogChamp
@namansac But they lost that series Omegalul PogChamp
so EG is out from tournament ? no answer thx anyway :)
col is playing techies rn LUL
Darryl is a 's name TriHard
They are washed up aswel LUL
Press 1 if your hypped POGGER S PogChamp
it's about Grinding more progress BloodTrail
go memepire for the MemeS SwiftRage
WHERE DOES KUROS FOREHEAD END? LUL
Mutumba and Miracle looks the same Kappa
Type 1 in chat if you want to be Gh's mate KappaPride
Kyle is the toxic one LUL
POISON IS GOOD FOR HEALTH LUL
GH bring Miraclul to panel LUL
GH is the most wholesome person in eSports <3
Ah I see! Thank you everyone :)
Kuro also cried i member BibleThump
@iCrazylmL im a prime user for ages Kappa
MC TECHIS INC MC TECHIS INC PogChamp
COL got dumpster picking techies BabyRage
NO MONSTER ENERGY FOR KYLE BibleThump
@iCrazylmL 🤔 maybe someday..he have new emotes tho PogChamp
@kirahideto COL PICK TECHIES AND LOSING TO FTM LUL
col picked techies and lost LUL
@ndebated because your internet is trash ?? SoBayed
Techies is garbo in Pro scene reckGR BabyRage
KYLE WAS RIGHT COL WAS LEFT PogChamp
coL lost in 18 min FailFish
CoL Lost to 21 Mins LUL
BEST MID, 5 MINS 1 LAST HIT DendiFace
Col got stomped with techies LUL
TI5 IG BURNING AM NEVAR FORGET BibleThump
I didnt get any ads excuse me DansGame
not having adblock in 2018 LUL
ADS ? i dont see LUL
Paying for prime when AdBlock is free LUL
and that was before techies mines rework DansGame
I want to die guys :)
press 1 if your mom gay 4Head
FIRST TECHIES IN 500 DAYS PogChamp
techies zfreek < 1k mmr LUL
Did Miracle- play for liquid? LUL
T E C H I E S OSFrog
Kyle is the new PPD PJSalt
3K PANEL, NO TI WINNER BabyRage
can someone show me the forsenKek emote please? I never saw it :)
WHY IS GODZ STILL IN DOTES NotLikeThis
Dota 2 Update in the middle of Tournament OSfrog LUL
wake me up when panelist stop talking ResidentSleeper
press if to vote xyclopz in Ti8 BlessRNG
i dont want hear anythink from all of u, just let go game ResidentSleeper
I´ve had enought . im out ResidentSleeper
I want LGD to win... they lost too many final this year BibleThump
WHY IS GODZ STILL IN DOTA NotLikeThis
they say too much, stupid epicenter, pay money for waste time, make everybody sleep ResidentSleeper
LIL IS THE PROBLEM NOT ME DendiFace
quote me when game is up quote me when game is up quote me when game is up ResidentSleeper
TB VENO ENCH WISP OSFROG Willow incoming OSFrog
OG > LIQUID ? OMEGA LUL
@ftd_tiomt Saksa good to see he is back PogChamp
SOmeone said on Dendi stream, why don't you retire, Dendi responded, why don't you walk out a window? True story LUL
OG 2-0 Navi so proud...but, OG - LIquid is 0-2 BloodTrail
maybe VP won all their majors on vodka Kappa
Iron man dies at the end of Avengers BibleThump
THIS E STANDS FOR Eminem? LUL
kyle talking from his experience 4Head
@juperta Thanos kill gamora to get the soul gem LUL
SuBbing for a free content LUL
where is eg not invited ? SoBayed
They're probably already playing drunk and drugged out of their minds, that's why they giggle so much LUL
WELCOME TO THE EC KLEB FreakinStinkin
why do we get some garbage casters again? oh wait they invited 1 actual caster 4Head
Change game to talk show please ResidentSleeper
this is why dota is dying ResidentSleeper
STOP TALKING GIVE ME THE GAME SwiftRage
bek 2 bek talk shows ResidentSleeper
more dotes less talk pls ResidentSleeper
@inferno941 go watch forsen instead he is playing KKona Fallout NV PogChamp
DONT HAVE TIME STILL TALK ResidentSleeper
press to start the game ResidentSleeper
We are discussing the state of dota nowad.. ResidentSleeper
any body want play music walking in the sun ,ResidentSleeper ResidentSleeper
At least bulldog cant ban me here ResidentSleeper
bulldog cant ban me here ResidentSleeper
give me back my music then ResidentSleeper
LADY TALK SHOW STILL NOT END ResidentSleeper
why did NaVi get an invite to this tournament but other Tier 1 teams didnt FailFish
rtz cant even attend lan LUL
Thanks for your well reasoned insight :)
WHERE DO YOU NOW ??? ResidentSleeper
MOD ??? U cant see everybody do something ?? ResidentSleeper
RTZ too heavy for Sumail to carry LUL
noone remember the greatest swindlemelonzz BibleThump
when does EG play ? :)
WE WANT GAME! WE WANT GAME! WE WANT GAME! SwiftRage
WE NEED GAME RIGHT NOW BabyRage
THE GAME WILL START GUYS Jebaited
Hey guys. Huge EG fan here I love watching the boys DOMINATE the Dota 2 scene, but I can't find any of thier games :/ Can someone tell me where to find the real schedule? 🤔 DatSheffy
EG 0 PATCH TEAM NA EleGiggle
PEW PEW that's the sound of shots being fired PogChamp
COL AND OPTIC THE BEST NA TEAM LUL
COL IS NOT WORTH IT LUL
dont waste your time commenting no one is listining to you 4Head
thank god, all lady now stop ResidentSleeper
PROFESSOR X PROFESSOR X PROFESSOR X PogChamp
IF IT FEELS GOOD. IT'S GOOD OpieOP
A white cat - Mind ControL 2018 LUL
miracle looks like he needs a nap LUL
DISCOUNT AUI DISCOUNT AUI DISCOUNT AUI PogChamp
are they taking turn shaving their heads? LUL
i want to play that 1 OpieOP
next miracle will be bald WutFace
@AdmiralBulldog no strem sniping ? DansGame
did alliance win? oh wait.. LUL
imagine that smile in a dark alley KappaPride
@admiralbulldog you think navi can win ? LUL
New Hero New Hero PogChampNew Hero PogChampNew Hero PogChamp
@AliceXZ i thought we were singu fan DansGame
@AdmiralBulldog, I LOVE YOU #NoHomo :)
\ / \ / \ / BrokeBack
mirac lul 1 hero pool ResidentSleeper
Greatest player play TB boix LUL
MIRACLE CAN ONLY PLAY 1 HERO ResidentSleeper
When is mah boy artour playing? BabyRage
living legends are always bald UncleNox
hit 1 if alice is ugry asian LUL
@jeronnex2 hes streaming right now just go look LUL
@nameisunavail ah thank you! already suspected that from their voices :D
Matu hero pool is so ResidentSleeper
2GD is in TEAM EMPIRE PogChamp
you can dispell reflection now luna is not bad FailFish
IO LVL 15 TALENT AGHS FOR LUNA SwiftRage
WISP AGHS TALENT LUNA monkaS OSFrog
luna can take off reflection with manta FailFish
I dont want to die Mr.Stark AngelThump .. BibleThump
I dont want to die Mr.Stark BibleThump
don't underestimate IO offer aghs to SS n refresher avoiding sceptor BlessRNG
@Porygon_z2 IM STILL IN SHOCK THE BAD GUY WON PogChamp
Daenerys Targeryan on the left side PogChamp
LIQUID still in dota ? LUL
give me a baby Kuroky senpai KappaPride
wtf is he talkin about LUL
empire will 2-0 quid no worries boizs LUL
Kuroky dies in Infinity War :)
Daryl lost today racist loss PepeHands cmonBruh
ANY DARYL IN CHAT? 7 TriHard
John Cena ? John Cena ? PogChamp
I'm from the future, QUID throws LUL
John Cena ? . John Cena ? PogChamp
FAT TOBI IS BACK BOIS PogChamp
99% people in this chat didnt even play DOTA 1 LUL
James Hetfield from Metallica as caster PogChamp
Miracle and Tobiwan ate a lot burgers lately 4Head
report pink report light blue LUL
by Bulldog by Bulldog by Bulldog Jebaited
2-0 in 20 min each, bad match ever ResidentSleeper
Chappie would afk by now LUL
any1 watching the players from the epiclive? :D
do not google matu cs WutFace
THE DAMAGE ? HE DID 0 DMG LUL
stop saying the D WORD cmonBruh
@Leez_ you DID embarass yourself man :/ LUL
techies 0% winrate in 2018 LUL
Mango on sale 70$ Get your now PogChamp
dota is now mango bay CoolCat
they use mana, so it's okay Kappa
DYING IS GOOD - GRANT 2018 LUL
tier 4 vs tea eye winner LUL
📝 washed up teams : Alliance, Liquid LUL
miracle = best player in world SoBayed
AMPTropPunch ㅤ AMPTropPunch AMPTropPunch AMPTropPunch AMPTropPunch ㅤ 4Head
Viper Losing Lane to a melee hero LUL
guys if i see 1 more i'll flip OUT LUL
DENDI VIPER > MATU VIPER LUL
But at what cost But at what cost BrokeBack
IO says: SEDOT AKU MHANX, SEDOOOOOT SwiftRage
miracle's tb cosmetics is like the old dota 1 TB PogChamp
What do you call a black man running ? A runner , you racist. JK a Thief, he was running from the police LUL
waiting for miracle to carry again ResidentSleeper
VIPER SUPPORT IN THIS PATCH NotLikeThis
Even matu is doing support viper LUL
how stupid must you be to bet on f10k 4Head
3 CIS teams for what SoBayed
Navi invite is worth, 100k Ru stream and more memez / Kappa
M I P SH K A LUL
cmon chat, daryl is a white name FailFish
let it happen already monkaS ANELE
Do not google Dambuster Dog Kappa
made wisp a braindead hero OSFrog
@ww0515 yeah wtf would you pick viper for matumba.... NotLikeThis
monkaS 👉 📈 your weigh stop eating OpieOP
Liquid 3 Liquid a Team ANELE
yoky didn't hit any spirits FailFish
observer doesnt know about Sunder LUL
Vandesar retired from MU for this Vandesar retired from MU for this FailFish
it's not a phase, mom BabyRage
@jesusthedestroyer stop drinking so much in the day time Kappa
M I R A C LUL
wisp starts relocate, and the keeps the camera on the position where they relocate from and is suprrised they vanish? TTours
Why would Selemene choose any1 from Moonfang clan PunOko
minions ? LOL caster ? LUL
MINIONS TIER 1 CASTER BTW LUL
IO has arcana in game LUL
. o O ( ) TriHard
K U R K Y LUL
ICE PATH IS JUST A NUMBER DendiFace
BULLDOG NEVER DONE THAT THO LUL
kuro legend just like me, legend 1 PogChamp
any hot gurls here ? KonCha
book in russian pewdiepie on bridge LUL
RIP AVICII IN INFINITY WAR BibleThump
@risa1992 ohh wow, what a spoiler. Everyone knew that would happen, try harder next time LUL
@risa1992 dude i cried in that scene BibleThump
everybody is death in aven LUL
LOKI WAS THE FIRST ONE TO DIE BibleThump
all this immature kids spoiling avenger kids movie LUL
captain marvel for avenger 4 Kappa
INFINITY WAR 7.2 OVERRATED MOVIE LUL
first avicii then spoderman then hitler FeelsBadMan 🔫 BibleThump
@Silv_ is superman in avengers PogChamp
DUMBLEDORE GETS KILLED BY SNAPE BibleThump
not wanting spoilers and coming to twitch chat how dumb are you haHAA EleGiggle
BRUCE IS DEATH IN FLASHPOINT BibleThump
Black panther ans Black widow gets caged LUL
PO GGERS PO GGERS PO GGERS cmonBruh
Iron Man dies in Avengers BibleThump
0cant spoil if u dont care about the movie SoBayed
STEPHEN HAWKING DIES IN AVENGERS BibleThump
player one wins in ready player one PogChamp
LUKE SKYWALKER shows up in Avengers PogChamp
loki spidey dr.strange war machine all member of gotg black panther DIED BibleThump
Wakanda gets nuke in avengers TriHard
SUPER MAN DIES IN AVENGERS BibleThump
NED STARK DIES IN HOBBIT BibleThump
WAKANDA KING IS NO MORE BibleThump
: i remember when the black panther died HE WAS NOT DA KING he was the dead king my friend :(
My dad killed my mom :(
Ganondorf eats the Millenium Falcon BibleThump
Frodo takes the ring to hogwarts PogChamp
DUDE Look at that macropyre dude LUL
Darth Vader is Lukes father SoBayed
i seee da nick fury dispear into thin air :(
NO ONE CARES ABOUT MCU LUL
WAKANDA bikin TIKTOK Anjing Kacili cmonBruh
Jesus gets killed by Thanos BibleThump
Wakanda Forever? More Like Wakanda Never SoBayed
FC barcelona is not in the Champions league BibleThump
1ST SAYORI DIE 2ND YURI DIE 3RD NATSUKI DIE MONIKA WONT DIE BibleThump
spoiling a movie in twtich chat because they don't have friends to talk about it LUL
Hitler gets killed by Russians BibleThump
paying money to watch comic book heroes LUL
BLACK PANTHER DIED IN THE END LUL
luna and tb exact same items LUL
Jesus dies in first book BibleThump
spoiled movie based Old comic LUL
Don't Type 'XD' guys it disturbed me DansGame
@少女不十分 that was so sad BibleThump
Chat who is the half blood prince? GingerPower
this couldve been so next level PogChamp
dumbeldore dies anakin dies avangers was bad BibleThump
guys why iron man not black LUL
5% hp? guess what,now full OSFrog
ASH KETCHUM DIES IN GoT BibleThump
Luna and tb same item StoneLightning
Spiderman starlord deleted from universe BibleThump
WONDER WOMAN DIED IN INFINITY WARS BibleThump
DOTA DIED 2 YEARS AGO BibleThump
its only lvl 15 talents OSFrog
noobis talking about of marvel LUL
Empire is doing so well PogChamp
guys SW franchise died at last jedi BibleThump
@fitt16 its vice-versa check ur facts bro FailFish
TB and Luna same item LUL
I thought my screen goes bad LUL
Jon snow change to John SNU SNU BibleThump
Chat going so fast no one will notice im lonely and sucidal LUL
Nick fury calls captain marvel BibleThump
Adamsappletrees: Chat going so fast no one will notice im lonely and sucidal LUL
All these TI and Majorwinners aaand Artour BabyRage
Adamsappletrees no man dont do anything harshly please everything will be OK <3
Captain America BECOMES WHITE PANTHER PogChamp
this chat is so stupid :D
RTZ WINS TI IN INFINITY WAR Kappa
dota 1 died in 2011 BibleThump
nobody spoil the new avengers movie for me please thank you :)
Everyone smash the prime button here :)
iceiceice is a racist irl BibleThump
Heimdal Falcon and Panther are TriHard
i fought in infinity wars :)
LOKI AND SPIDER MAN DIE BibleThump
How can Spider-Man die if there is another movie coming out next year DendiFace
LUNA LUNA LUNA LUNA LUNA Kreygasm
quid cant stomp this trash LUL
THATHANOS KILLS ALL JUSTICE LEAGUE BibleThump
@AdmiralBulldog You mean MC will start Zappe Kleb in a year or so Kappa
INFINITE WAR SPOILERS: THANOS KILLED THEM ALL WutFace
THANOS KILLS ALL JUSTICE LEAGUE BibleThump
whew almost missed a CS TTours
Alliance loda rank 5k living legend? LUL
SABRINA SUZUKI KILLS JOHNY SINS BibleThump
RTZ WINS TI IN AVENGERS PogChamp
I GOOGLED BULDOG HERO POOL LUL
GOT SPOILE Littlefinger STILL ALIVE SwiftRage
SPOILERS EG will not win TI LUL
spoiler Avenger killed DC movies 4Head
panther has invisibility at night panther has invisibility at night TriHard
LIQUID WIN I'M FROM MARS Kappa
Loki is still alive guys PogChamp
Dont spoil me please, from this chat I already knew thanos collected all 6 stones and wiped out half of the universe despite thor put the axe in his chest FailFish
Lead for each team KKona math SeemsGood
Puppey is the real boss in avengers PogChamp
Loki's still alive guys, he will resurrect as Atreus PogChamp
SPOILER Thanos is not bad, he just want to bring balance to the universe PogChamp
AdmiralBulldog dies in Obesity Wars LUL
Where are the bulldog subs?! DansGame
AdmiralBulldog wins in blads wars LUL
Google Sabrina Suzuki, thank me later :)
infinity war spoiler: nobody dies they all become good friends moon2S :)
You mean he got it through illegal means cmonBruh
only 250kg beast can beat thanos infinity 4Head
why would he buyback grant LUL
GabeN dies in The Wolf of Wall Street BibleThump
Tony stark wears ironman suit PogChamp
lvl 19 viper - lvl 21 jak LUL
spoiler only half of viewers make it thru all infinity war movie LUL
kratos son is killed by thanos BibleThump
pos 5 vs pos 1 LUL
BSJ ? is that some promocode ? SoBayed
when you didnt watch the movie ASAP LUL
kuro is level 22 MATU ONLY LVL 19 LUL
Thanks guys for being positive :)
how is jakiro 22 ? WutFace
Guys guys can TNC win TI8? :)
IF GREAVES WAS AOE PURGE LUL
@feitanchrollo put my name there :)
GG boots = lotus KKona BrokeBack
PLD KICKED back to c9 BibleThump
I FEED I FEED I FEED PipeHype
I love twitch chat humour , so funny and makes me feel like im sitting w friends and not lonely. Thanks for that every 1 :)
KU KY MIRAC MA BAMAN LUL
Liquid losted to tier 100 teams LUL
LIQUID SAVING STRAT FOR TI SeemsGood
one more and IM OUT LUL
Still get rax WORTH IT LUL
this feels like my pub LUL
2 racks for team five LUL
one more and im out LUL
2 RACKS > TEAM FIGHT LUL
This luna is pretty good SeemsGood
@hiruko222 bro when u dont even understand basic dota u better say nothing ;)
2 rax and a rosh LUL
2 rax and a rosh, SeemsGood
LQ fangay feel still safe :)
tether DK because DK no BB herald chat LUL
CHICKEN WITH HEAD CUT OFF LUL
P O G G E R S PogChamp
IT WAS FUN WHILE IT LASTED LUL
gg ez for miracle God PogChamp
Where r u now BullDog SwiftRage
I lose teamfight = lose game LUL
Empire bad decision making n over commitment... sign of tier 2 team DendiFace
HERALD CHAT? SoBayed. UR DIVINE? LUL
luna no bb on time FailFish
how about when he threw the game as huskar vs VP? these analysts WutFace
who won navi vs OG? match was so trash I didn't even watch it LUL
empire look like a team LUL
Hi guys, big NA dota fan here. I was checking top 8 of DPC and couldn't find any NA team there. Yikes! Must be some kind of mistake. Can you tell me what it is? Any help is appreciated. KKona . :)
@flamindude99 Hi, can you tell me what time EG plays today? I can't find it on the schedule :)
2 Hi guys, big NA dota fan here. I was checking top 8 of DPC and couldn't find any NA team there. Yikes! Must be some kind of mistake. Can you tell me what it is? Any help is appreciated. :)
Hi guys, big NA dota fan here. I was checking top 8 of DPC and couldn't find any NA team there. Yikes! Must be some kind of mistake. Can you tell me what it is? Any help is appreciated. KKona 2 :)
12 Hi guys, big NA dota fan here. I was checking top 8 of DPC and couldn't find any NA team there. Yikes! Must be some kind of mistake. Can you tell me what it is? Any help is appreciated. :)
Hi guys, big NA dota fan here. I was checking top 8 of DPC and couldn't find any NA team there. Yikes! Must be some kind of mistake. Can you tell me what it is? Any help is appreciated. KKona 3 :)
Hi guys, big NA dota fan here. I was checking top 8 of DPC and couldn't find any NA team there. Yikes! Must be some kind of mistake. Can you tell me what it is? Any help is appreciated. KKona 4 :)
1Hi guys, big NA dota fan here. I was checking top 8 of DPC and couldn't find any NA team there. Yikes! Must be some kind of mistake. Can you tell me what it is? Any help is appreciated. KKona :)
Hi guys, big NA dota fan here. I was checking top 8 of DPC and couldn't find any NA team there. Yikes! Must be some kind of mistake. Can you tell me what it is? Any help is appreciate :)
Hi guys, big NA dota fan here. I was checking top 8 of DPC and couldn't find any NA team there. Yikes! Must be some kind of mistake. Can you tell me what it is? Any help is appreciated. KKona2 :)
Hi guys, big NA dota fan here. I was checking top 8 of DPC and couldn't find any NA team there. Yikes! Must be some kind of mistake. Can you tell me what it is? Any help is appreciated. KKona3 :)
Hi guys, big NA dota fan here. I was checking top 8 of DPC and couldn't find any NA team there. Yikes! Must be some kind of mistake. Can you tell me what it is? Any help is appreciated.:) :)
Lesscot: Hi guys, big NA dota fan here. I was checking top 8 of DPC and couldn't find any NA team there. Yikes! Must be some kind of mistake. Can you tell me what it is? Any help is appreciated. :)
Hi guys, big NA dota fan here. I was checking top 8 of DPC and couldn't find any NA team there. Yikes! Must be some kind of mistake. Can you tell me what it is? Any help is appreciated. _ :)
Hi guys, big NA dota fan here. I was checking top 8 of DPC and couldn't find any NA team there. Yikes! Must be some kind of mistake. Can you tell me what it is? Any help is appreciated. D: :)
i guys, big NA dota fan here. I was checking top 8 of DPC and couldn't find any NA team there. Yikes! Must be some kind of mistake. Can you tell me what it is? Any help is appreciated. :)
Hi guys, big NA dota fan here. I was checking top 8 of DPC and couldn't find any NA team there. Yikes! Must be some kind of mistake. Can you tell me what it is? Any help is appreciated... :)
23 Hi guys, big NA dota fan here. I was checking top 8 of DPC and couldn't find any NA team there. Yikes! Must be some kind of mistake. Can you tell me what it is? Any help is appreciated. :)
Hi guys, big NA dota fan here. I was checking top 8 of DPC and couldn't find any NA team there. Yikes! Must be some kind of mistake. Can you tell mewhat it is? Any help is appreciated. :)
NA fangays calling for mods LUL
Hi guys, big NA dota fan here. I was checking top 8 of DPC and couldn't find any NA team there. Yikes! Must be some kind of mistake. Can you tell me what it is? Any help is appreciated.- :)
Hi guys, big NA dota fan here. I was checking top 8 of DPC and couldn't find any NA team there. Yikes! Must be some kind of mistake. Can you tell me what it is? Any help is appreciated.; :)
Hi guys, big NA dota fan here. I was checking top 8 of DPC and couldn't find any NA team there. Yikes! Must be some kind of mistake. Can you tell me what it is? Any help is appreciated. KKool :)
Hi guys, big NA dota fan here. I was checking top 8 of DPC and couldn't find any NA team there. Yikes! Must be some kind of mistake. Can you tell me what it is? Any help is appreciated.: :)
SO MANY SALTY EUROS IN CHAT SoBayed
Hi guys, big NA dota fan here. I was checking top 8 of DPC and couldn't find any NA team there. Yikes! Must be some kind of mistake. Can you tell me what it is? Any help is appreciated." :)
Hi guys, big Navi dota fan here. I was checking good players and couldn't find any in Navi's team. Yikes! Must be some kind of mistake. Can you tell me where they are? Any help is appreciated :)
Hi guys, big NA dota fan here. I was checking top 8 of DPC and couldn't find any NA team there. Yikes! Must be some kind of mistake. Can you tell me what it is? Any help is appreciated.! :)
Hi guys, big NA dota fan here. I was checking top 8 of DPC and couldn't find any NA team there. Yikes! Must be some kind of mistake. Can you tell me what it is? Any help is appreciated....... :)
Hi guys, big NA dota fan here. I was checking top 8 of DPC and couldn't find any NA team there. Yikes! Must be some kind of mistake. Can you tell me what it is? Any help is appreciated. MonKas :)
Hi guys, big NA dota fan here. I was checking top 8 of DPC and couldn't find any NA team there. Yikes! Must be some kind of mistake. Can you tell me what it is? Any help is appreciated.a :)
: Hi guys, big NA dota fan here. I was checking top 8 of DPC and couldn't find any NA team there. Yikes! Must be some kind of mistake. Can you tell me what it is? Any help is appreciated. monkaS :)
Hi guys, big NA dota fan here. I was checking top 8 of DPC and couldn't find any NA team there. Yikes! Must be some kind of mistake. Can you tell me what it is? Any help is appreciated.'. :)
TIER 1 NA LOSING TO TIER 3 CIS LUL
Hi guys, big NA dota fan here. I was checking top 8 of DPC and couldn't find any NA team there. Yikes! Must be some kind of mistake. Can you tell me what it is? Any help is appreciated.' XD :)
de: D:Lesscot: Hi guys, big NA dota fan here. I was checking top 8 of DPC and couldn't find any NA team there. Yikes! Must be some kind of mistake. Can you tell me what it is? Any help is appreciated. :)
Hi guys, big NA dota fan here. I was checking top 8 of DPC and couldn't find any NA team there. Yikes! Must be some kind of mistake. Can you tell me what it is? Any help is appreciated.^^. :)
Unleash the Beast #BlackMonster *** LUL
:): Hi guys, big NA dota fan here. I was checking top 8 of DPC and couldn't find any NA team there. Yikes! Must be some kind of mistake. Can you tell me what it is? Any help is appreciated. :)
Guys guys, can Cavaliers win NBA championship 2018 ?? :)
Hi guys, big NA dota fan here. I was checking top 8 of DPC and couldn't find any NA team there. Yikes! Must be some kind of mistake. Can you tell me what it is? Any help is appreciated. ! :)
Hi guys, big NA dota fan here. I was checking top 8 of DPC and couldn't find any NA team there. Yikes! Must be some kind of mistake. Can you tell me what it is? Any help is appreciated. :(
Hi guys, big NA dota fan here. I was checking top 8 of DPC and couldn't find any NA team there. Yikes! Must be some kind of mistake. Can you tell me what it is? Any help is appreciated. :):) :)
Hi guys, big NA dota fan here. I was checking top 8 of DPC and couldn't find any NA team there. Yikes! Must be some kind of mistake. Can you tell me what it is? Any help is appreciated. / :)
Hi guys, big SA dota fan here. I was checking top 8 of DPC and couldn't find any NA team there. Yikes! Must be some kind of mistake. Can you tell me what it is? Any help is appreciated. :)
Hi guys, big NA dota fan here. I was checking top 8 of DPC and couldn't find any NA team there. Yikes! Must be some kind of mistake. Can you tell me what it is? Any help is appreciated. :)Hi guys, big NA dota fan here. I was checking top 8 of DPC and couldn't find any NA team there. Yikes! Must be some kind of mistake. Can you tell me what it is? Any help is appreciated. :)
Hi guys, big NA dota fan here. I was checking top 8 of DPC and couldn't find any NA team there. Yikes! Must be some kind of mistake. Can you tell me what it is? Any help is appreciated rtzW3 :)
Hi guys, big NA dota fan here. I was checking top 8 of DPC and couldn't find any NA team there. Yikes! Must be some kind of mistake. Can you tell me what it is? Any help is appreciated rtzW4 :)
DK2014FANBOY: Hi guys, big NA dota fan here. I was checking top 8 of DPC and couldn't find any NA team there. Yikes! Must be some kind of mistake. Can you tell me what it is? Any help is appreciated. :)
Hi guys, big NA dota fan here. I was checking top 8 of DPC and couldn't find any NA team there. Yikes! Must be some kind of mistake. Can you tell me what it is? Any help is appreciated rtzW1 :)
Hi guys, big NA dota fan here. I was checking top 8 of DPC and couldn't find any NA team there. Yikes! Must be some kind of mistake. Can you tell me what it is? Any help is appreciated rtzW2 :)
Hi guys, big NA dota fan here. I was checking top 8 of DPC and couldn't find any NA team there. Yikes! Must be some kind of mistake. Can you tell me what it is? Any help is appreciated. c :)
quote_me_ifyou_BibleThump: Hi guys, big NA dota fan here. I was checking top 8 of DPC and couldn't find any NA team there. Yikes! Must be some kind of mistake. Can you tell me what it is? Any help is appreciated. :)
KYLE looking for a job LUL
so many big Na dota fan here NotLikeThis
i want to watch some dota 2 please so please start the match right now thank you :)
Why do you delete the message LUL
guys can we all go back to spamming ? TriHard
lets bash NA dota instead of that caster LUL
KYLE SO GOOD AT PANEL Kreygasm
Hi guys! I just feel good today. God bless you all. PogChamp
@kamandawg lucky you love you PogChamp
@Exiled_hamster oddone subs on dota WutFace
FREE C O N T E N T LUL
was he mimicking crashed plane or what LUL
ReD EyE won 11 LAN Kreygasm
I play for fun reckGR BabyRage
I play DOTA for fun BibleThump
I play for fun n m herald LUL
RAI MU IRENG RAI MU IRENG cmonBruh
PICK LUNA INTO TB AGAIN LUL
LISTENING TO KYLE MADE MY DAY Kreygasm
RAI MU IRENG RAI MU IRENG 1 cmonBruh
KUROKY with the BULLDOG hairstyle :)
I played dota for fun, then i got hooked :(
Kuro 50 year old monk WutFace
kuro's head brighter than my future WutFace
hey guys lets shave our heads :)
King Tristan III died in Nameless Island BibleThump
This panel is the finest LUL
G R I L L gone WutFace
Kyle is making this event, tbh <3
Iranian patrick stewart in liquid PogChamp
Brennan Heart - Van Halen Is A Rockstar thank me later SeemsGood
They banned wisp they feel threatened LUL
String Theory in DOTA ..oh Godz DansGame
SpiderMan, Vision, Panther, Vision's gf, Loki, Dr Strange and all but the raccoon from GOTG die cmonBruh
MATU IS NOT BALD AGAIN LUL
matu so hyped to play viper again LUL
Liquid lookin like a bunch of dads now LUL
TEAM LIQUID = TEAM BALD LUL
kuro head brighter than my future WutFace
NS + KOTL = VISION STRAT PogChamp
dont make matu play venge pls NotLikeThis
everyone in LIQUID is going BALD LUL
M I R A C E LUL
@elidoudly Everyone's coming for Luffy's head now tho LUL
Venge is also a counter to Skywrath by Lore Kappa
ninja will have 100k+ even he play dokidoki LUL
@genjichaplimaster and u still watch dota? BRAINLESS LUL
ONE NINJA SUB and IM OUT SwiftRage
meme pire give us some meme game Kreygasm
PL is the win condition Kreygasm
what if NBA games had twitch chat DansGame
more viewers than LOL ALIVE game PogChamp
@dnap1234 that would be dope af homie TriHard
team bald vs team hair LUL
@sealdrealdeal yeah I'm sure Fortnite has a Major and an International LUL
RAD LS is the way against PL better than maelstorm Kreygasm
big nose? no chin? must be PHINEASE and ferb LUL
TEAM BALD VS TEAM HAIR PogChamp
D A R Y L KappaRoss
Kuro went full one punc man PogChamp
Underlord ulti on BM birds PogChamp
BF Underlord RIP my pubs NotLikeThis
dont gove pubs any more ideas NotLikeThis
These casters sound so much alike. NotLikeThis
CANT WAIT TO TRY THIS OUT PogChamp
RIP 1K AND 2K PUBS LUL
1-1 throw hdc lulquid like a newbee vs liquid miracle rubick mid ez bugati SeemsGood
Good luck in your games <3
Bulldog cant ban me here FeelsGoodMan ResidentSleeper
Boosting mmr for some skins 4Head
:SMHi guys, big NA dota fan here. I was checking top 8 of DPC and couldn't find any NA team there. Yikes! Must be some kind of mistake. Can you tell me what it is? Any help is appreciated. :)
50K VIWER MAJOR? 50K VIWER MAJOR? SoBayed
1 Hi guys, big NA dota fan here. I was checking top 8 of DPC and couldn't find any NA team there. Yikes! Must be some kind of mistake. Can you tell me what it is? Any help is appreciate :)
Nothing weird on the screen. Must be your monitor Kappa
@iamblackdragon where is Na teams i cant see single one LUL
I put $500 on liquid to gets first ten kills :)
2000 WORD ESSAY DUE MONDAY NotLikeThis
Can somebody tell me in what group EG is? :D
im ready for the next frame :)
chat going so fast no one even realising im ending my life after this game LUL
@PimpmuckL please practise obsing more so you dont do during ma boi rtzW3 grand finals TI this year. kthxbai TTours
Wothmassu: Hi guys, big NA dota fan here. I was checking top 8 of DPC and couldn't find any NA team there. Yikes! Must be some kind of mistake. Can you tell me what it is? Any help is appreciated.Charge2505: Hope Solvite Watchingwadidaw123: Define and explain the Policy Ineffectiveness Proposition. Discuss how thelength and the staggering of wa :)
fluttengree: memepire failing nothing new haHAAdjrajan: Hi guys, big NA dota fan here. I was checking top 80 of DPC and couldn't find any NA team there. Yikes! Must be some kind of mistake. Can you tell me what it is? Any help is appreciated. :)
@PimpmuckL oki thanks hope u observe at ti this year m8 :)
evil19051905: fluttengree: memepire failing nothing new haHAAdjrajan: Hi guys, big NA dota fan here. I was checking top 80 of DPC and couldn't find any NA team there. Yikes! Must be some kind of mistake. Can you tell me what it is? Any help is appreciated. :)
whats wrong with daryl ? cmonBruh
dont copy the name when you copy the pasta NotLikeThis
So many dark faces in chat NotLikeThis
hfn left pain for this LUL
Hi guys, big NA dota fan here. I was checking top 8 of DPC and couldn't find any NA team there. Yikes! Must be some kind of mistake. Can you tell me what it is? Any help is appreciated. ^_^ :)
No, miracle went jungle level 1 Kappa
My copy pasta still going LUL
meme pire win... uberlord mid is just too meme pick reckGR cmonBruh
aunt may dies in the end BibleThump
Spoiler alert = Darth Vader is Luke Skywalkers father LUL
You guessed it right, it's NightStalker LUL
dont ban black emotes please we fought a civil war to protect them :(
empire going toe to toe with Liquid LUL
You guessed it right, it's Nightstalker LUL
Who's your favourite player? Mine is black :)
Brothas today we don't fight for just Wakandans.. we fight for all the plebs against the mods TriHard
Cant ban if ur not in Admiral fatdog chat LUL
Just ignore PL guys, we got this Kappa
empire ll 322 this 2 LUL
( ) ( ) ( ) PogChamp
Liquid uberlord mid pick so meme reckGR DendiFace
NAIVE > MIRACLE NAIVE > MIRACLE PogChamp
( ) TIME TO ( ) WATCH ( ) SOME ( ) DOTES ( ) PogChamp
( ) BEST GAME ( ) OF THE DAY ( ) PogChamp
50 years locked in my basement playing dota LUL
@buchW will i get timed out if i type ? TriHard
why is only female in game the lowest net worth HotPokket
We won TI so dont care if Liquid lose everything after it DBstyle
Empire actually good in time for TI PogChamp
@floppypoppy_ and TNC and other teams LUL
relax bois game 3 liquid will own them Kappa
KKona CANT READ PATCH NOTES LUL
Miracle not reading patch notes LUL
Fire into rosh in new patch LUL
Read patch notes caster knowledge 4Head
patch hasnt updated in russia yet LUL
deIlluminati The triangle by my bottom shrine is itchy. Will you scratch it onii-chan? uuuGUUUuuu~~~~ VoHiYo
CIS fans? where you at? EleGiggle
How Bayed? How Bayed? How Bayed? How Bayed? How Bayed? SoBayed
how is liquid winning with this draft LUL
feed fiesta from both teams PogChamp
I love when a caster can admit they have no clue wtf is happening :D
Liquid Haters ? Liquid Haters ? Liquid Haters ? SoBayed
( ) TIME TO WATCH ( ) SOME TIER 2 TEAM ( ) THROW HARD ( ) PogChamp
Empire losing every game since forever 4Head
bkb heart and another heart Kappa
feels good to be unbanned from the chat room finally :)
Lost to Empire in 2018 PogChamp
Send em all back to Africa TriHard
50k watching major finals dead game LUL
Why did you come after me? You killed my people. Now, i will have my revenge. Ah, I see. Collateral damage in the rise of power! AHAHAHAH 4Head
teams outside top 4 in 2k18 LUL
nice tp on place already on tped LUL
a TOY CCNC a TOY CCNC LUL
@AdmiralBulldog NO ITS NOT ITS 644 BrokeBack
fun game you got there boys ? OSFrog
Can liquid just let empire win 1 game LUL
@AdmiralBulldog are you gonna cast tommorow or its Jebaited
I GOOGLED FAKE TAXI Kregasm Kreygasm
discovering fake taxi in 2018 LUL
I GOOLED STEVE KERR SON cmonBruh
i dont drink beer i drink malt liquor KevinTurtle
He was Glimmered 2k chat FailFish
this is an important rosh i think liquid will end now :)
LIQUID wins everygame because of roshan LUL
still using firestorm for rosh 4Head
Liquid just needs a vlads LUL
@Queetter please stop yelling in the chat room please thank you :)
@Queetter CASK STUNS CREEPS FOREVER FailFish
1699 isn't divisible by an even number FailFish
322 vs 644 966 vs 1299 Kappa
so much dmg on miracle Kappa
Actual HERALD calling others Herald FailFish
People flame Liquid even when they winning :D
I GOOGLED Boku No Hero Kreygasm
@iamTheDuelist of course he has, but they didn't see him, that's what glimmer does 4Head
matu not hitting anyone explain ?? OSFrog
RAP GOD TIER 1 CASTER PogChamp
flüssig gewinnt nur wegen käse BabyRage
@zopad you can deduce where he is... pls just be quiet..stop embarassing yourself more FailFish
@Tegern he, das ist hier kein deutscher chat! BabyRage
i googled Empire win rate 4Head
this is all because of empire rosh LUL
cant kill uber so proaud OSFrog
guys one more and im telling my Mommy LUL
MC MVP MC MVP MC MVP MC MVP PogChamp
GH LEFT AT THE BAR FIGHT LUL
creeping while you are sleeping LUL
techies was pick?? and col lost Kappa
so bad can't even beat liquid LUL
@ssupersmach 🔫 guy has literraly 0 dota knowledge WutFace
nice tank for UBER 5 PurpleStar
cant pronounce a normal word NotLikeThis
NOT THE BREXIT CAST AGAIN in the morning NotLikeThis
is he staying on half the chair??? LUL
tier 1 vs tier 3 NotLikeThis
RE - RUN VOD INC HYPE ResidentSleeper
Dondo is the reason why everyone quit Dota BibleThump
meme pire VS Aura Gaming Kreygasm
the fourth guy so muscular KappaPride
they didn't so solar crest for rs meme pire reckGR BabyRage
IM POSITIVE that bulldog is fat :)
certainly bot, positivity for the win! :)
S H O V E BrokeBack
BEST TEAM IN THE WORLD 4Head
G A M B L I N G 4Head
NO DIRECT INVITE NO LAN 4Head
Hi guys, big AUS dota fan here. I was checking top 8 of DPC and couldn't find any AUS team there. Yikes! Must be some kind of mistake. Can you tell me what it is? Any help is appreciated. :)
poker player bluff most of the time Kyle reckGR DansGame
GH - dont wait for me , kinda busy here LUL
Paul is 50 and broke :(
i'm not even 18 20's OMEGALUL LUL
that's wrong football 🏈 damn those NA reckGR DansGame
EG in group C . PogChamp
no one cares about handegg LUL
PLAYS MOSTLY WITH THEIR HAND, CALLS FOOTBALL BrokeBack
every "BALL" game is played on "FOOT" what makes football special? WutFace
New EU team PSG LGD Kreygasm
OD PIXEL FOR TI FINALS PogChamp
NA DOTA IS A JOKE LUL
Liquid been curse by moon banner DansGame
RE - RUN VOD INC RE - RUN VOD INC ResidentSleeper
liquid = FTM liquid = FTM LUL
EU Battlecup gonna be lit Kreygasm
Na luxury sports 1_golf 2_cocaine PunchTrees
Buy XVG, SC, and RDD. Don't buy TRON or Litecoin, thank you chat SeemsGood
why did SHETSTAIN NAVI GET DIRECT INVITE BUT EG DIDNT explain ? DansGame
nice music, but i still waiting next match LUL
: 322 videos by epicenter LUL
evoUSA NA dota always loses SoBayed
