col is playing techies rn LUL
Darryl is a 's name TriHard
They are washed up aswel LUL
Press 1 if your hypped POGGER S PogChamp
it's about Grinding more progress BloodTrail
go memepire for the MemeS SwiftRage
WHERE DOES KUROS FOREHEAD END? LUL
Mutumba and Miracle looks the same Kappa
Type 1 in chat if you want to be Gh's mate KappaPride
Kyle is the toxic one LUL
POISON IS GOOD FOR HEALTH LUL
GH bring Miraclul to panel LUL
GH is the most wholesome person in eSports <3
Ah I see! Thank you everyone :)
Kuro also cried i member BibleThump
@iCrazylmL im a prime user for ages Kappa
MC TECHIS INC MC TECHIS INC PogChamp
COL got dumpster picking techies BabyRage
NO MONSTER ENERGY FOR KYLE BibleThump
@iCrazylmL 🤔 maybe someday..he have new emotes tho PogChamp
@kirahideto COL PICK TECHIES AND LOSING TO FTM LUL
col picked techies and lost LUL
@ndebated because your internet is trash ?? SoBayed
Techies is garbo in Pro scene reckGR BabyRage
KYLE WAS RIGHT COL WAS LEFT PogChamp
coL lost in 18 min FailFish
CoL Lost to 21 Mins LUL
BEST MID, 5 MINS 1 LAST HIT DendiFace
Col got stomped with techies LUL
TI5 IG BURNING AM NEVAR FORGET BibleThump
I didnt get any ads excuse me DansGame
Loki/Gamora/Hemidall dead! Half of Universe disappeared LoL Kreygasm
not having adblock in 2018 LUL
ADS ? i dont see LUL
Paying for prime when AdBlock is free LUL
and that was before techies mines rework DansGame
I want to die guys :)
press 1 if your mom gay 4Head
FIRST TECHIES IN 500 DAYS PogChamp
techies zfreek < 1k mmr LUL
Did Miracle- play for liquid? LUL
T E C H I E S OSFrog
Kyle is the new PPD PJSalt
3K PANEL, NO TI WINNER BabyRage
can someone show me the forsenKek emote please? I never saw it :)
WHY IS GODZ STILL IN DOTES NotLikeThis
Dota 2 Update in the middle of Tournament OSfrog LUL
wake me up when panelist stop talking ResidentSleeper
press if to vote xyclopz in Ti8 BlessRNG
i dont want hear anythink from all of u, just let go game ResidentSleeper
I´ve had enought . im out ResidentSleeper
I want LGD to win... they lost too many final this year BibleThump
WHY IS GODZ STILL IN DOTA NotLikeThis
they say too much, stupid epicenter, pay money for waste time, make everybody sleep ResidentSleeper
LIL IS THE PROBLEM NOT ME DendiFace
quote me when game is up quote me when game is up quote me when game is up ResidentSleeper
TB VENO ENCH WISP OSFROG Willow incoming OSFrog
OG > LIQUID ? OMEGA LUL
@ftd_tiomt Saksa good to see he is back PogChamp
SOmeone said on Dendi stream, why don't you retire, Dendi responded, why don't you walk out a window? True story LUL
OG 2-0 Navi so proud...but, OG - LIquid is 0-2 BloodTrail
maybe VP won all their majors on vodka Kappa
Iron man dies at the end of Avengers BibleThump
THIS E STANDS FOR Eminem? LUL
kyle talking from his experience 4Head
@juperta Thanos kill gamora to get the soul gem LUL
SuBbing for a free content LUL
where is eg not invited ? SoBayed
They're probably already playing drunk and drugged out of their minds, that's why they giggle so much LUL
WELCOME TO THE EC KLEB FreakinStinkin
why do we get some garbage casters again? oh wait they invited 1 actual caster 4Head
Change game to talk show please ResidentSleeper
this is why dota is dying ResidentSleeper
STOP TALKING GIVE ME THE GAME SwiftRage
bek 2 bek talk shows ResidentSleeper
more dotes less talk pls ResidentSleeper
@inferno941 go watch forsen instead he is playing KKona Fallout NV PogChamp
DONT HAVE TIME STILL TALK ResidentSleeper
press to start the game ResidentSleeper
We are discussing the state of dota nowad.. ResidentSleeper
any body want play music walking in the sun ,ResidentSleeper ResidentSleeper
At least bulldog cant ban me here ResidentSleeper
bulldog cant ban me here ResidentSleeper
give me back my music then ResidentSleeper
LADY TALK SHOW STILL NOT END ResidentSleeper
why did NaVi get an invite to this tournament but other Tier 1 teams didnt FailFish
rtz cant even attend lan LUL
Thanks for your well reasoned insight :)
WHERE DO YOU NOW ??? ResidentSleeper
MOD ??? U cant see everybody do something ?? ResidentSleeper
RTZ too heavy for Sumail to carry LUL
noone remember the greatest swindlemelonzz BibleThump
when does EG play ? :)
WE WANT GAME! WE WANT GAME! WE WANT GAME! SwiftRage
WE NEED GAME RIGHT NOW BabyRage
THE GAME WILL START GUYS Jebaited
Hey guys. Huge EG fan here I love watching the boys DOMINATE the Dota 2 scene, but I can't find any of thier games :/ Can someone tell me where to find the real schedule? 🤔 DatSheffy
EG 0 PATCH TEAM NA EleGiggle
PEW PEW that's the sound of shots being fired PogChamp
COL AND OPTIC THE BEST NA TEAM LUL
COL IS NOT WORTH IT LUL
Next game ? Next game ? Next game ? Next game ? Next game ? ResidentSleeper
dont waste your time commenting no one is listining to you 4Head
thank god, all lady now stop ResidentSleeper
PROFESSOR X PROFESSOR X PROFESSOR X PogChamp
IF IT FEELS GOOD. IT'S GOOD OpieOP
A white cat - Mind ControL 2018 LUL
miracle looks like he needs a nap LUL
DISCOUNT AUI DISCOUNT AUI DISCOUNT AUI PogChamp
are they taking turn shaving their heads? LUL
i want to play that 1 OpieOP
next miracle will be bald WutFace
@AdmiralBulldog no strem sniping ? DansGame
did alliance win? oh wait.. LUL
imagine that smile in a dark alley KappaPride
@admiralbulldog you think navi can win ? LUL
New Hero New Hero PogChampNew Hero PogChampNew Hero PogChamp
@AliceXZ i thought we were singu fan DansGame
@AdmiralBulldog, I LOVE YOU #NoHomo :)
\ / \ / \ / BrokeBack
mirac lul 1 hero pool ResidentSleeper
Greatest player play TB boix LUL
MIRACLE CAN ONLY PLAY 1 HERO ResidentSleeper
When is mah boy artour playing? BabyRage
living legends are always bald UncleNox
hit 1 if alice is ugry asian LUL
@jeronnex2 hes streaming right now just go look LUL
@nameisunavail ah thank you! already suspected that from their voices :D
Matu hero pool is so ResidentSleeper
2GD is in TEAM EMPIRE PogChamp
you can dispell reflection now luna is not bad FailFish
IO LVL 15 TALENT AGHS FOR LUNA SwiftRage
WISP AGHS TALENT LUNA monkaS OSFrog
luna can take off reflection with manta FailFish
I dont want to die Mr.Stark AngelThump .. BibleThump
I dont want to die Mr.Stark BibleThump
don't underestimate IO offer aghs to SS n refresher avoiding sceptor BlessRNG
@Porygon_z2 IM STILL IN SHOCK THE BAD GUY WON PogChamp
networth is just a number DendiFace
Daenerys Targeryan on the left side PogChamp
LIQUID still in dota ? LUL
give me a baby Kuroky senpai KappaPride
wtf is he talkin about LUL
empire will 2-0 quid no worries boizs LUL
Kuroky dies in Infinity War :)
Daryl lost today racist loss PepeHands cmonBruh
ANY DARYL IN CHAT? 7 TriHard
John Cena ? John Cena ? PogChamp
I'm from the future, QUID throws LUL
John Cena ? . John Cena ? PogChamp
FAT TOBI IS BACK BOIS PogChamp
99% people in this chat didnt even play DOTA 1 LUL
James Hetfield from Metallica as caster PogChamp
Miracle and Tobiwan ate a lot burgers lately 4Head
report pink report light blue LUL
by Bulldog by Bulldog by Bulldog Jebaited
2-0 in 20 min each, bad match ever ResidentSleeper
Chappie would afk by now LUL
any1 watching the players from the epiclive? :D
do not google matu cs WutFace
THE DAMAGE ? HE DID 0 DMG LUL
stop saying the D WORD cmonBruh
@Leez_ you DID embarass yourself man :/ LUL
techies 0% winrate in 2018 LUL
Mango on sale 70$ Get your now PogChamp
dota is now mango bay CoolCat
they use mana, so it's okay Kappa
DYING IS GOOD - GRANT 2018 LUL
tier 4 vs tea eye winner LUL
📝 washed up teams : Alliance, Liquid LUL
miracle = best player in world SoBayed
AMPTropPunch ㅤ AMPTropPunch AMPTropPunch AMPTropPunch AMPTropPunch ㅤ 4Head
Viper Losing Lane to a melee hero LUL
guys if i see 1 more i'll flip OUT LUL
DENDI VIPER > MATU VIPER LUL
But at what cost But at what cost BrokeBack
IO says: SEDOT AKU MHANX, SEDOOOOOT SwiftRage
miracle's tb cosmetics is like the old dota 1 TB PogChamp
What do you call a black man running ? A runner , you racist. JK a Thief, he was running from the police LUL
waiting for miracle to carry again ResidentSleeper
VIPER SUPPORT IN THIS PATCH NotLikeThis
Even matu is doing support viper LUL
how stupid must you be to bet on f10k 4Head
3 CIS teams for what SoBayed
Navi invite is worth, 100k Ru stream and more memez / Kappa
M I P SH K A LUL
cmon chat, daryl is a white name FailFish
let it happen already monkaS ANELE
Do not google Dambuster Dog Kappa
made wisp a braindead hero OSFrog
@ww0515 yeah wtf would you pick viper for matumba.... NotLikeThis
monkaS 👉 📈 your weigh stop eating OpieOP
Liquid 3 Liquid a Team ANELE
yoky didn't hit any spirits FailFish
observer doesnt know about Sunder LUL
Vandesar retired from MU for this Vandesar retired from MU for this FailFish
it's not a phase, mom BabyRage
@jesusthedestroyer stop drinking so much in the day time Kappa
M I R A C LUL
wisp starts relocate, and the keeps the camera on the position where they relocate from and is suprrised they vanish? TTours
Why would Selemene choose any1 from Moonfang clan PunOko
minions ? LOL caster ? LUL
MINIONS TIER 1 CASTER BTW LUL
IO has arcana in game LUL
. o O ( ) TriHard
K U R K Y LUL
ICE PATH IS JUST A NUMBER DendiFace
BULLDOG NEVER DONE THAT THO LUL
kuro legend just like me, legend 1 PogChamp
any hot gurls here ? KonCha
book in russian pewdiepie on bridge LUL
RIP AVICII IN INFINITY WAR BibleThump
@risa1992 ohh wow, what a spoiler. Everyone knew that would happen, try harder next time LUL
@risa1992 dude i cried in that scene BibleThump
everybody is death in aven LUL
LOKI WAS THE FIRST ONE TO DIE BibleThump
all this immature kids spoiling avenger kids movie LUL
captain marvel for avenger 4 Kappa
INFINITY WAR 7.2 OVERRATED MOVIE LUL
first avicii then spoderman then hitler FeelsBadMan 🔫 BibleThump
@Silv_ is superman in avengers PogChamp
DUMBLEDORE GETS KILLED BY SNAPE BibleThump
not wanting spoilers and coming to twitch chat how dumb are you haHAA EleGiggle
BRUCE IS DEATH IN FLASHPOINT BibleThump
Black panther ans Black widow gets caged LUL
PO GGERS PO GGERS PO GGERS cmonBruh
Iron Man dies in Avengers BibleThump
0cant spoil if u dont care about the movie SoBayed
STEPHEN HAWKING DIES IN AVENGERS BibleThump
player one wins in ready player one PogChamp
LUKE SKYWALKER shows up in Avengers PogChamp
loki spidey dr.strange war machine all member of gotg black panther DIED BibleThump
Wakanda gets nuke in avengers TriHard
SUPER MAN DIES IN AVENGERS BibleThump
NED STARK DIES IN HOBBIT BibleThump
WAKANDA KING IS NO MORE BibleThump
: i remember when the black panther died HE WAS NOT DA KING he was the dead king my friend :(
My dad killed my mom :(
Ganondorf eats the Millenium Falcon BibleThump
Frodo takes the ring to hogwarts PogChamp
DUDE Look at that macropyre dude LUL
Darth Vader is Lukes father SoBayed
i seee da nick fury dispear into thin air :(
NO ONE CARES ABOUT MCU LUL
WAKANDA bikin TIKTOK Anjing Kacili cmonBruh
Jesus gets killed by Thanos BibleThump
Wakanda Forever? More Like Wakanda Never SoBayed
FC barcelona is not in the Champions league BibleThump
1ST SAYORI DIE 2ND YURI DIE 3RD NATSUKI DIE MONIKA WONT DIE BibleThump
spoiling a movie in twtich chat because they don't have friends to talk about it LUL
Hitler gets killed by Russians BibleThump
paying money to watch comic book heroes LUL
BLACK PANTHER DIED IN THE END LUL
luna and tb exact same items LUL
Jesus dies in first book BibleThump
spoiled movie based Old comic LUL
Don't Type 'XD' guys it disturbed me DansGame
@少女不十分 that was so sad BibleThump
Chat who is the half blood prince? GingerPower
this couldve been so next level PogChamp
dumbeldore dies anakin dies avangers was bad BibleThump
guys why iron man not black LUL
5% hp? guess what,now full OSFrog
ASH KETCHUM DIES IN GoT BibleThump
Luna and tb same item StoneLightning
Spiderman starlord deleted from universe BibleThump
WONDER WOMAN DIED IN INFINITY WARS BibleThump
DOTA DIED 2 YEARS AGO BibleThump
its only lvl 15 talents OSFrog
noobis talking about of marvel LUL
Empire is doing so well PogChamp
guys SW franchise died at last jedi BibleThump
@fitt16 its vice-versa check ur facts bro FailFish
TB and Luna same item LUL
I thought my screen goes bad LUL
Jon snow change to John SNU SNU BibleThump
Chat going so fast no one will notice im lonely and sucidal LUL
Nick fury calls captain marvel BibleThump
Adamsappletrees: Chat going so fast no one will notice im lonely and sucidal LUL
All these TI and Majorwinners aaand Artour BabyRage
Adamsappletrees no man dont do anything harshly please everything will be OK <3
Captain America BECOMES WHITE PANTHER PogChamp
this chat is so stupid :D
RTZ WINS TI IN INFINITY WAR Kappa
dota 1 died in 2011 BibleThump
nobody spoil the new avengers movie for me please thank you :)
Everyone smash the prime button here :)
iceiceice is a racist irl BibleThump
Heimdal Falcon and Panther are TriHard
i fought in infinity wars :)
LOKI AND SPIDER MAN DIE BibleThump
How can Spider-Man die if there is another movie coming out next year DendiFace
LUNA LUNA LUNA LUNA LUNA Kreygasm
quid cant stomp this trash LUL
THATHANOS KILLS ALL JUSTICE LEAGUE BibleThump
@AdmiralBulldog You mean MC will start Zappe Kleb in a year or so Kappa
INFINITE WAR SPOILERS: THANOS KILLED THEM ALL WutFace
THANOS KILLS ALL JUSTICE LEAGUE BibleThump
whew almost missed a CS TTours
Alliance loda rank 5k living legend? LUL
SABRINA SUZUKI KILLS JOHNY SINS BibleThump
RTZ WINS TI IN AVENGERS PogChamp
I GOOGLED BULDOG HERO POOL LUL
GOT SPOILE Littlefinger STILL ALIVE SwiftRage
SPOILERS EG will not win TI LUL
spoiler Avenger killed DC movies 4Head
panther has invisibility at night panther has invisibility at night TriHard
LIQUID WIN I'M FROM MARS Kappa
Loki is still alive guys PogChamp
Dont spoil me please, from this chat I already knew thanos collected all 6 stones and wiped out half of the universe despite thor put the axe in his chest FailFish
Lead for each team KKona math SeemsGood
Puppey is the real boss in avengers PogChamp
Loki's still alive guys, he will resurrect as Atreus PogChamp
SPOILER Thanos is not bad, he just want to bring balance to the universe PogChamp
AdmiralBulldog dies in Obesity Wars LUL
Where are the bulldog subs?! DansGame
AdmiralBulldog wins in blads wars LUL
Google Sabrina Suzuki, thank me later :)
infinity war spoiler: nobody dies they all become good friends moon2S :)
You mean he got it through illegal means cmonBruh
only 250kg beast can beat thanos infinity 4Head
why would he buyback grant LUL
GabeN dies in The Wolf of Wall Street BibleThump
Tony stark wears ironman suit PogChamp
lvl 19 viper - lvl 21 jak LUL
spoiler only half of viewers make it thru all infinity war movie LUL
kratos son is killed by thanos BibleThump
pos 5 vs pos 1 LUL
BSJ ? is that some promocode ? SoBayed
when you didnt watch the movie ASAP LUL
kuro is level 22 MATU ONLY LVL 19 LUL
Thanks guys for being positive :)
how is jakiro 22 ? WutFace
Guys guys can TNC win TI8? :)
IF GREAVES WAS AOE PURGE LUL
@feitanchrollo put my name there :)
GG boots = lotus KKona BrokeBack
PLD KICKED back to c9 BibleThump
I FEED I FEED I FEED PipeHype
I love twitch chat humour , so funny and makes me feel like im sitting w friends and not lonely. Thanks for that every 1 :)
KU KY MIRAC MA BAMAN LUL
Liquid losted to tier 100 teams LUL
LIQUID SAVING STRAT FOR TI SeemsGood
one more and IM OUT LUL
Still get rax WORTH IT LUL
this feels like my pub LUL
2 racks for team five LUL
one more and im out LUL
2 RACKS > TEAM FIGHT LUL
This luna is pretty good SeemsGood
@hiruko222 bro when u dont even understand basic dota u better say nothing ;)
2 rax and a rosh LUL
2 rax and a rosh, SeemsGood
LQ fangay feel still safe :)
tether DK because DK no BB herald chat LUL
CHICKEN WITH HEAD CUT OFF LUL
P O G G E R S PogChamp
IT WAS FUN WHILE IT LASTED LUL
gg ez for miracle God PogChamp
Where r u now BullDog SwiftRage
I lose teamfight = lose game LUL
Empire bad decision making n over commitment... sign of tier 2 team DendiFace
HERALD CHAT? SoBayed. UR DIVINE? LUL
luna no bb on time FailFish
how about when he threw the game as huskar vs VP? these analysts WutFace
who won navi vs OG? match was so trash I didn't even watch it LUL
empire look like a team LUL
Hi guys, big NA dota fan here. I was checking top 8 of DPC and couldn't find any NA team there. Yikes! Must be some kind of mistake. Can you tell me what it is? Any help is appreciated. KKona . :)
@flamindude99 Hi, can you tell me what time EG plays today? I can't find it on the schedule :)
2 Hi guys, big NA dota fan here. I was checking top 8 of DPC and couldn't find any NA team there. Yikes! Must be some kind of mistake. Can you tell me what it is? Any help is appreciated. :)
Hi guys, big NA dota fan here. I was checking top 8 of DPC and couldn't find any NA team there. Yikes! Must be some kind of mistake. Can you tell me what it is? Any help is appreciated. KKona 2 :)
12 Hi guys, big NA dota fan here. I was checking top 8 of DPC and couldn't find any NA team there. Yikes! Must be some kind of mistake. Can you tell me what it is? Any help is appreciated. :)
Hi guys, big NA dota fan here. I was checking top 8 of DPC and couldn't find any NA team there. Yikes! Must be some kind of mistake. Can you tell me what it is? Any help is appreciated. KKona 3 :)
Hi guys, big NA dota fan here. I was checking top 8 of DPC and couldn't find any NA team there. Yikes! Must be some kind of mistake. Can you tell me what it is? Any help is appreciated. KKona 4 :)
1Hi guys, big NA dota fan here. I was checking top 8 of DPC and couldn't find any NA team there. Yikes! Must be some kind of mistake. Can you tell me what it is? Any help is appreciated. KKona :)
Hi guys, big NA dota fan here. I was checking top 8 of DPC and couldn't find any NA team there. Yikes! Must be some kind of mistake. Can you tell me what it is? Any help is appreciate :)
Hi guys, big NA dota fan here. I was checking top 8 of DPC and couldn't find any NA team there. Yikes! Must be some kind of mistake. Can you tell me what it is? Any help is appreciated. KKona2 :)
Hi guys, big NA dota fan here. I was checking top 8 of DPC and couldn't find any NA team there. Yikes! Must be some kind of mistake. Can you tell me what it is? Any help is appreciated. KKona3 :)
Hi guys, big NA dota fan here. I was checking top 8 of DPC and couldn't find any NA team there. Yikes! Must be some kind of mistake. Can you tell me what it is? Any help is appreciated.:) :)
Lesscot: Hi guys, big NA dota fan here. I was checking top 8 of DPC and couldn't find any NA team there. Yikes! Must be some kind of mistake. Can you tell me what it is? Any help is appreciated. :)
Hi guys, big NA dota fan here. I was checking top 8 of DPC and couldn't find any NA team there. Yikes! Must be some kind of mistake. Can you tell me what it is? Any help is appreciated. _ :)
Hi guys, big NA dota fan here. I was checking top 8 of DPC and couldn't find any NA team there. Yikes! Must be some kind of mistake. Can you tell me what it is? Any help is appreciated. D: :)
i guys, big NA dota fan here. I was checking top 8 of DPC and couldn't find any NA team there. Yikes! Must be some kind of mistake. Can you tell me what it is? Any help is appreciated. :)
Hi guys, big NA dota fan here. I was checking top 8 of DPC and couldn't find any NA team there. Yikes! Must be some kind of mistake. Can you tell me what it is? Any help is appreciated... :)
23 Hi guys, big NA dota fan here. I was checking top 8 of DPC and couldn't find any NA team there. Yikes! Must be some kind of mistake. Can you tell me what it is? Any help is appreciated. :)
Hi guys, big NA dota fan here. I was checking top 8 of DPC and couldn't find any NA team there. Yikes! Must be some kind of mistake. Can you tell mewhat it is? Any help is appreciated. :)
NA fangays calling for mods LUL
Hi guys, big NA dota fan here. I was checking top 8 of DPC and couldn't find any NA team there. Yikes! Must be some kind of mistake. Can you tell me what it is? Any help is appreciated.- :)
Hi guys, big NA dota fan here. I was checking top 8 of DPC and couldn't find any NA team there. Yikes! Must be some kind of mistake. Can you tell me what it is? Any help is appreciated.; :)
Hi guys, big NA dota fan here. I was checking top 8 of DPC and couldn't find any NA team there. Yikes! Must be some kind of mistake. Can you tell me what it is? Any help is appreciated. KKool :)
Hi guys, big NA dota fan here. I was checking top 8 of DPC and couldn't find any NA team there. Yikes! Must be some kind of mistake. Can you tell me what it is? Any help is appreciated.: :)
SO MANY SALTY EUROS IN CHAT SoBayed
Hi guys, big NA dota fan here. I was checking top 8 of DPC and couldn't find any NA team there. Yikes! Must be some kind of mistake. Can you tell me what it is? Any help is appreciated." :)
Hi guys, big Navi dota fan here. I was checking good players and couldn't find any in Navi's team. Yikes! Must be some kind of mistake. Can you tell me where they are? Any help is appreciated :)
Hi guys, big NA dota fan here. I was checking top 8 of DPC and couldn't find any NA team there. Yikes! Must be some kind of mistake. Can you tell me what it is? Any help is appreciated.! :)
Hi guys, big NA dota fan here. I was checking top 8 of DPC and couldn't find any NA team there. Yikes! Must be some kind of mistake. Can you tell me what it is? Any help is appreciated....... :)
Hi guys, big NA dota fan here. I was checking top 8 of DPC and couldn't find any NA team there. Yikes! Must be some kind of mistake. Can you tell me what it is? Any help is appreciated. MonKas :)
Hi guys, big NA dota fan here. I was checking top 8 of DPC and couldn't find any NA team there. Yikes! Must be some kind of mistake. Can you tell me what it is? Any help is appreciated.a :)
: Hi guys, big NA dota fan here. I was checking top 8 of DPC and couldn't find any NA team there. Yikes! Must be some kind of mistake. Can you tell me what it is? Any help is appreciated. monkaS :)
Hi guys, big NA dota fan here. I was checking top 8 of DPC and couldn't find any NA team there. Yikes! Must be some kind of mistake. Can you tell me what it is? Any help is appreciated.'. :)
TIER 1 NA LOSING TO TIER 3 CIS LUL
Hi guys, big NA dota fan here. I was checking top 8 of DPC and couldn't find any NA team there. Yikes! Must be some kind of mistake. Can you tell me what it is? Any help is appreciated.' XD :)
de: D:Lesscot: Hi guys, big NA dota fan here. I was checking top 8 of DPC and couldn't find any NA team there. Yikes! Must be some kind of mistake. Can you tell me what it is? Any help is appreciated. :)
Hi guys, big NA dota fan here. I was checking top 8 of DPC and couldn't find any NA team there. Yikes! Must be some kind of mistake. Can you tell me what it is? Any help is appreciated.^^. :)
Unleash the Beast #BlackMonster *** LUL
:): Hi guys, big NA dota fan here. I was checking top 8 of DPC and couldn't find any NA team there. Yikes! Must be some kind of mistake. Can you tell me what it is? Any help is appreciated. :)
Guys guys, can Cavaliers win NBA championship 2018 ?? :)
Hi guys, big NA dota fan here. I was checking top 8 of DPC and couldn't find any NA team there. Yikes! Must be some kind of mistake. Can you tell me what it is? Any help is appreciated. ! :)
Hi guys, big NA dota fan here. I was checking top 8 of DPC and couldn't find any NA team there. Yikes! Must be some kind of mistake. Can you tell me what it is? Any help is appreciated. :(
Hi guys, big NA dota fan here. I was checking top 8 of DPC and couldn't find any NA team there. Yikes! Must be some kind of mistake. Can you tell me what it is? Any help is appreciated. :):) :)
Hi guys, big NA dota fan here. I was checking top 8 of DPC and couldn't find any NA team there. Yikes! Must be some kind of mistake. Can you tell me what it is? Any help is appreciated. / :)
Hi guys, big SA dota fan here. I was checking top 8 of DPC and couldn't find any NA team there. Yikes! Must be some kind of mistake. Can you tell me what it is? Any help is appreciated. :)
Hi guys, big NA dota fan here. I was checking top 8 of DPC and couldn't find any NA team there. Yikes! Must be some kind of mistake. Can you tell me what it is? Any help is appreciated. :)Hi guys, big NA dota fan here. I was checking top 8 of DPC and couldn't find any NA team there. Yikes! Must be some kind of mistake. Can you tell me what it is? Any help is appreciated. :)
Hi guys, big NA dota fan here. I was checking top 8 of DPC and couldn't find any NA team there. Yikes! Must be some kind of mistake. Can you tell me what it is? Any help is appreciated rtzW3 :)
Hi guys, big NA dota fan here. I was checking top 8 of DPC and couldn't find any NA team there. Yikes! Must be some kind of mistake. Can you tell me what it is? Any help is appreciated rtzW4 :)
DK2014FANBOY: Hi guys, big NA dota fan here. I was checking top 8 of DPC and couldn't find any NA team there. Yikes! Must be some kind of mistake. Can you tell me what it is? Any help is appreciated. :)
Hi guys, big NA dota fan here. I was checking top 8 of DPC and couldn't find any NA team there. Yikes! Must be some kind of mistake. Can you tell me what it is? Any help is appreciated rtzW1 :)
Hi guys, big NA dota fan here. I was checking top 8 of DPC and couldn't find any NA team there. Yikes! Must be some kind of mistake. Can you tell me what it is? Any help is appreciated rtzW2 :)
Hi guys, big NA dota fan here. I was checking top 8 of DPC and couldn't find any NA team there. Yikes! Must be some kind of mistake. Can you tell me what it is? Any help is appreciated. c :)
quote_me_ifyou_BibleThump: Hi guys, big NA dota fan here. I was checking top 8 of DPC and couldn't find any NA team there. Yikes! Must be some kind of mistake. Can you tell me what it is? Any help is appreciated. :)
KYLE looking for a job LUL
so many big Na dota fan here NotLikeThis
i want to watch some dota 2 please so please start the match right now thank you :)
Why do you delete the message LUL
guys can we all go back to spamming ? TriHard
lets bash NA dota instead of that caster LUL
KYLE SO GOOD AT PANEL Kreygasm
Hi guys! I just feel good today. God bless you all. PogChamp
@kamandawg lucky you love you PogChamp
@Exiled_hamster oddone subs on dota WutFace
FREE C O N T E N T LUL
was he mimicking crashed plane or what LUL
ReD EyE won 11 LAN Kreygasm
I play for fun reckGR BabyRage
I play DOTA for fun BibleThump
I play for fun n m herald LUL
RAI MU IRENG RAI MU IRENG cmonBruh
PICK LUNA INTO TB AGAIN LUL
LISTENING TO KYLE MADE MY DAY Kreygasm
RAI MU IRENG RAI MU IRENG 1 cmonBruh
KUROKY with the BULLDOG hairstyle :)
I played dota for fun, then i got hooked :(
Kuro 50 year old monk WutFace
kuro's head brighter than my future WutFace
hey guys lets shave our heads :)
King Tristan III died in Nameless Island BibleThump
This panel is the finest LUL
G R I L L gone WutFace
Kyle is making this event, tbh <3
Iranian patrick stewart in liquid PogChamp
Brennan Heart - Van Halen Is A Rockstar thank me later SeemsGood
They banned wisp they feel threatened LUL
String Theory in DOTA ..oh Godz DansGame
SpiderMan, Vision, Panther, Vision's gf, Loki, Dr Strange and all but the raccoon from GOTG die cmonBruh
MATU IS NOT BALD AGAIN LUL
matu so hyped to play viper again LUL
Liquid lookin like a bunch of dads now LUL
TEAM LIQUID = TEAM BALD LUL
kuro head brighter than my future WutFace
NS + KOTL = VISION STRAT PogChamp
dont make matu play venge pls NotLikeThis
everyone in LIQUID is going BALD LUL
M I R A C E LUL
@elidoudly Everyone's coming for Luffy's head now tho LUL
Venge is also a counter to Skywrath by Lore Kappa
ninja will have 100k+ even he play dokidoki LUL
@genjichaplimaster and u still watch dota? BRAINLESS LUL
ONE NINJA SUB and IM OUT SwiftRage
meme pire give us some meme game Kreygasm
PL is the win condition Kreygasm
what if NBA games had twitch chat DansGame
more viewers than LOL ALIVE game PogChamp
@dnap1234 that would be dope af homie TriHard
team bald vs team hair LUL
@sealdrealdeal yeah I'm sure Fortnite has a Major and an International LUL
RAD LS is the way against PL better than maelstorm Kreygasm
big nose? no chin? must be PHINEASE and ferb LUL
TEAM BALD VS TEAM HAIR PogChamp
D A R Y L KappaRoss
Kuro went full one punc man PogChamp
Underlord ulti on BM birds PogChamp
BF Underlord RIP my pubs NotLikeThis
dont gove pubs any more ideas NotLikeThis
These casters sound so much alike. NotLikeThis
CANT WAIT TO TRY THIS OUT PogChamp
RIP 1K AND 2K PUBS LUL
1-1 throw hdc lulquid like a newbee vs liquid miracle rubick mid ez bugati SeemsGood
Good luck in your games <3
Bulldog cant ban me here FeelsGoodMan ResidentSleeper
Boosting mmr for some skins 4Head
:SMHi guys, big NA dota fan here. I was checking top 8 of DPC and couldn't find any NA team there. Yikes! Must be some kind of mistake. Can you tell me what it is? Any help is appreciated. :)
50K VIWER MAJOR? 50K VIWER MAJOR? SoBayed
1 Hi guys, big NA dota fan here. I was checking top 8 of DPC and couldn't find any NA team there. Yikes! Must be some kind of mistake. Can you tell me what it is? Any help is appreciate :)
Nothing weird on the screen. Must be your monitor Kappa
@iamblackdragon where is Na teams i cant see single one LUL
I put $500 on liquid to gets first ten kills :)
2000 WORD ESSAY DUE MONDAY NotLikeThis
Can somebody tell me in what group EG is? :D
im ready for the next frame :)
chat going so fast no one even realising im ending my life after this game LUL
@PimpmuckL please practise obsing more so you dont do during ma boi rtzW3 grand finals TI this year. kthxbai TTours
Wothmassu: Hi guys, big NA dota fan here. I was checking top 8 of DPC and couldn't find any NA team there. Yikes! Must be some kind of mistake. Can you tell me what it is? Any help is appreciated.Charge2505: Hope Solvite Watchingwadidaw123: Define and explain the Policy Ineffectiveness Proposition. Discuss how thelength and the staggering of wa :)
fluttengree: memepire failing nothing new haHAAdjrajan: Hi guys, big NA dota fan here. I was checking top 80 of DPC and couldn't find any NA team there. Yikes! Must be some kind of mistake. Can you tell me what it is? Any help is appreciated. :)
@PimpmuckL oki thanks hope u observe at ti this year m8 :)
evil19051905: fluttengree: memepire failing nothing new haHAAdjrajan: Hi guys, big NA dota fan here. I was checking top 80 of DPC and couldn't find any NA team there. Yikes! Must be some kind of mistake. Can you tell me what it is? Any help is appreciated. :)
whats wrong with daryl ? cmonBruh
dont copy the name when you copy the pasta NotLikeThis
So many dark faces in chat NotLikeThis
hfn left pain for this LUL
Hi guys, big NA dota fan here. I was checking top 8 of DPC and couldn't find any NA team there. Yikes! Must be some kind of mistake. Can you tell me what it is? Any help is appreciated. ^_^ :)
No, miracle went jungle level 1 Kappa
My copy pasta still going LUL
meme pire win... uberlord mid is just too meme pick reckGR cmonBruh
aunt may dies in the end BibleThump
Spoiler alert = Darth Vader is Luke Skywalkers father LUL
You guessed it right, it's NightStalker LUL
dont ban black emotes please we fought a civil war to protect them :(
empire going toe to toe with Liquid LUL
You guessed it right, it's Nightstalker LUL
Who's your favourite player? Mine is black :)
Brothas today we don't fight for just Wakandans.. we fight for all the plebs against the mods TriHard
Cant ban if ur not in Admiral fatdog chat LUL
Just ignore PL guys, we got this Kappa
empire ll 322 this 2 LUL
( ) ( ) ( ) PogChamp
Liquid uberlord mid pick so meme reckGR DendiFace
NAIVE > MIRACLE NAIVE > MIRACLE PogChamp
( ) TIME TO ( ) WATCH ( ) SOME ( ) DOTES ( ) PogChamp
( ) BEST GAME ( ) OF THE DAY ( ) PogChamp
50 years locked in my basement playing dota LUL
@buchW will i get timed out if i type ? TriHard
why is only female in game the lowest net worth HotPokket
We won TI so dont care if Liquid lose everything after it DBstyle
Empire actually good in time for TI PogChamp
@floppypoppy_ and TNC and other teams LUL
relax bois game 3 liquid will own them Kappa
KKona CANT READ PATCH NOTES LUL
Miracle not reading patch notes LUL
Fire into rosh in new patch LUL
Read patch notes caster knowledge 4Head
patch hasnt updated in russia yet LUL
deIlluminati The triangle by my bottom shrine is itchy. Will you scratch it onii-chan? uuuGUUUuuu~~~~ VoHiYo
CIS fans? where you at? EleGiggle
How Bayed? How Bayed? How Bayed? How Bayed? How Bayed? SoBayed
how is liquid winning with this draft LUL
feed fiesta from both teams PogChamp
I love when a caster can admit they have no clue wtf is happening :D
Liquid Haters ? Liquid Haters ? Liquid Haters ? SoBayed
( ) TIME TO WATCH ( ) SOME TIER 2 TEAM ( ) THROW HARD ( ) PogChamp
Empire losing every game since forever 4Head
bkb heart and another heart Kappa
feels good to be unbanned from the chat room finally :)
Lost to Empire in 2018 PogChamp
Send em all back to Africa TriHard
50k watching major finals dead game LUL
Why did you come after me? You killed my people. Now, i will have my revenge. Ah, I see. Collateral damage in the rise of power! AHAHAHAH 4Head
teams outside top 4 in 2k18 LUL
nice tp on place already on tped LUL
a TOY CCNC a TOY CCNC LUL
@AdmiralBulldog NO ITS NOT ITS 644 BrokeBack
fun game you got there boys ? OSFrog
Can liquid just let empire win 1 game LUL
@AdmiralBulldog can't ban me here ResidentSleeper
@AdmiralBulldog are you gonna cast tommorow or its Jebaited
I GOOGLED FAKE TAXI Kregasm Kreygasm
discovering fake taxi in 2018 LUL
I GOOLED STEVE KERR SON cmonBruh
i dont drink beer i drink malt liquor KevinTurtle
He was Glimmered 2k chat FailFish
this is an important rosh i think liquid will end now :)
LIQUID wins everygame because of roshan LUL
still using firestorm for rosh 4Head
Liquid just needs a vlads LUL
@Queetter please stop yelling in the chat room please thank you :)
@Queetter CASK STUNS CREEPS FOREVER FailFish
1699 isn't divisible by an even number FailFish
322 vs 644 966 vs 1299 Kappa
so much dmg on miracle Kappa
Actual HERALD calling others Herald FailFish
People flame Liquid even when they winning :D
I GOOGLED Boku No Hero Kreygasm
@iamTheDuelist of course he has, but they didn't see him, that's what glimmer does 4Head
matu not hitting anyone explain ?? OSFrog
RAP GOD TIER 1 CASTER PogChamp
flüssig gewinnt nur wegen käse BabyRage
@zopad you can deduce where he is... pls just be quiet..stop embarassing yourself more FailFish
@Tegern he, das ist hier kein deutscher chat! BabyRage
i googled Empire win rate 4Head
this is all because of empire rosh LUL
cant kill uber so proaud OSFrog
guys one more and im telling my Mommy LUL
MC MVP MC MVP MC MVP MC MVP PogChamp
GH LEFT AT THE BAR FIGHT LUL
creeping while you are sleeping LUL
techies was pick?? and col lost Kappa
so bad can't even beat liquid LUL
@ssupersmach 🔫 guy has literraly 0 dota knowledge WutFace
nice tank for UBER 5 PurpleStar
cant pronounce a normal word NotLikeThis
NOT THE BREXIT CAST AGAIN in the morning NotLikeThis
is he staying on half the chair??? LUL
tier 1 vs tier 3 NotLikeThis
RE - RUN VOD INC HYPE ResidentSleeper
Dondo is the reason why everyone quit Dota BibleThump
meme pire VS Aura Gaming Kreygasm
the fourth guy so muscular KappaPride
they didn't so solar crest for rs meme pire reckGR BabyRage
IM POSITIVE that bulldog is fat :)
certainly bot, positivity for the win! :)
S H O V E BrokeBack
BEST TEAM IN THE WORLD 4Head
G A M B L I N G 4Head
NO DIRECT INVITE NO LAN 4Head
Hi guys, big AUS dota fan here. I was checking top 8 of DPC and couldn't find any AUS team there. Yikes! Must be some kind of mistake. Can you tell me what it is? Any help is appreciated. :)
poker player bluff most of the time Kyle reckGR DansGame
GH - dont wait for me , kinda busy here LUL
Paul is 50 and broke :(
i'm not even 18 20's OMEGALUL LUL
that's wrong football 🏈 damn those NA reckGR DansGame
EG in group C . PogChamp
no one cares about handegg LUL
PLAYS MOSTLY WITH THEIR HAND, CALLS FOOTBALL BrokeBack
every "BALL" game is played on "FOOT" what makes football special? WutFace
New EU team PSG LGD Kreygasm
OD PIXEL FOR TI FINALS PogChamp
NA DOTA IS A JOKE LUL
Liquid been curse by moon banner DansGame
RE - RUN VOD INC RE - RUN VOD INC ResidentSleeper
liquid = FTM liquid = FTM LUL
EU Battlecup gonna be lit Kreygasm
Na luxury sports 1_golf 2_cocaine PunchTrees
Buy XVG, SC, and RDD. Don't buy TRON or Litecoin, thank you chat SeemsGood
why did SHETSTAIN NAVI GET DIRECT INVITE BUT EG DIDNT explain ? DansGame
nice music, but i still waiting next match LUL
: 322 videos by epicenter LUL
evoUSA NA dota always loses SoBayed
