@97ryu97 russia bot account nice sub... march 20th account MrDestructoid
3 Dendiface K - viewers DendiFace
SK and NAVI playing at same time NotLikeThis
the onle and only china slayer DendiFace
R A K Y L E OSFrog
Kyle "Na'Vi won't win more than 2 games in this tournament" Kappa
Newbee U Will Be Remembered BibleThump
Kids love kyle for being "savage", adults hate him for being a child... choose your side ppd is the same btw LUL
ðŸ“ž Hi Faith ðŸ“ž it's Dendi here transaction complete ðŸ“ž Hi Dendi ðŸ“ž payment received ðŸ“ž GL further DendiFace
Kyle Only Come To Navi? Love So Much? DendiFace
You just can't say Garbage like this NotLikeThis
The guy kicked raging about others teams BrokeBack
NAVI TI 2019 CHAMPION BOYZ PogChamp
Fortnite game for 12 year olds LUL
how many monsters do they drink? WutFace
I wanna succ SCCC full KappaPride
@high247 Newbee in 2017 Newbee in 2018 OMEGALUL LUL
@deathwanderer1 whaaaaaaaaat like crystalize was doing everything. relax dude cmonBruh
@high247 bar sleep, all day Kappa
a match wer newbee can finally win ResidentSleeper
any Daryls in the chat? TriHard
Kyle going to major, not EG, LUL
WoookieXXXXL: Plot twist Navi was Jebaiting us all along and have always been the best.... LUL
= Win Waker (no space) DendiFace
lebron playing dota and nba PogChamp
playing 97 mins and LOST LUL
kyle always wants to have a narrative FailFish
kyle is wrong atleast 50% of the time passive-aggressive "i was only joking, too busy practicing" FailFish
EG 2-0 navi at dreamleague LUL
they beat Newbee not EG FailFish
@bran808 and where is EG now? SoBayed
Kyle was busy looking for a team to play. Got kicked by his own brother BibleThump
lets go play now, no rus LUL
unironically using the word cheese in dota NotLikeThis
where am I? why is EG not in this MAJOR ? what are we doing at home someone tell me artour sumail crit universe who is this bald danish guy B RuleFive
KKomrade any soviet americans here? KKomrade Vlad thanks you for your country BigBrother
Only the best teams went to EPICENTER so where is EG? LUL
@high247 US MEN DONT TOLERATE KYLE! BabyRage
he is watching twitch chat LUL
Are you ready for EG to get eliminated in the TI 8 NA qualifier? SoBayed
0% WINRATE TECHIES? 0% WINRATE TECHIES? DansGame
Wakandian dota 200 years more advanced TriHard
FIRST RULE OF FIGHT CLUB NO FLY SECOND RULE OF FIGHT CLUB, NO LEBRON FrankerZ
Newbee wins in the looks KappaPride
indonesia = middle african dude FailFish
I show you real dota DendiFace
ready to get dumpstered newbee? DendiFace
@RollinValencia oh boy, spend $300 for some cosmetics that unlock in september 2020 Kappa
hey its FIRST RULE OF FIGHT CLUB, NO FLY SECOND RULE OF FIGHT CLUB, NO LEBRON FrankerZ
Wasting reserve time for 1st pick LUL
Kyle has been timed out btw DendiFace
Kyle: wake me up thx panel ResidentSleeper
dont put your hands in the hair Kappa
SECRET? VP? NOW NEWBEE ANY TRASH? DendiFace
Dendi using a death note wtf Kappa
are they playing for 1 Million dollar? ? PogChamp
Approx. Total Earnings:$780,820 so trash DendiFace
@bozopro ur mom is trash DendiFace
Books are just a Dendi DendiFace
slarks good when he has a good slark game expert analysis from former complexity captain kyle CoolStoryBob
kpii is crying he knea hes gonna lose to navi LUL
arctis 5 dota 2 edition Kreygasm
slark's a good pick when it's a good slark game expert commentary from kyle SeemsGood
NAVI > VP > ALL NAVI IS BACK DendiFace
what does nyx need to be "activated"? he isn't charcoal he can own lesh with manaburn Jebaited
time to watch mah boi DendiFace
punk'd... what decade is it DansGame
kaka feed f10k thanks kaka BlessRNG
Kyle is full at this point BabyRage
F I R E D LUL
NA btw F word N word LUL
Its not good, just like NA LUL
he really does everything to get fired or what ? FailFish
navi is gonna win "unless they decide to lose just to spite me" grantDumb kyle CoolStoryBob
Oh my what? Oh my what? Chat triggered? My word > Microsoft word SoBayed
This Is A christian Stream Ktle :)
kyle fans of kyle kyles parents FailFish
DENDI + SLARDAR -100 ARMOUR Kreygasm
@epicenter_en1 thanks for the fun facts LUL
KYLE PepeHands I M DONE BabyRage
DAZZLE + SLARDAR -100 ARMOUR Kreygasm
No salary, still gets kicked LUL
Press 1 if RTZ > Miracle SeemsGood
BOOK CANT SAVE MY DOWNFALL DendiFace
D E A T H N O T E WutFace
What am i reading dude BrokeBack
is that where's waldo? that's a tough one danFat Jebaited
Pray For Kyle Press 1 If U Like BibleThump
up up down down left right A B LUL
they are reading magazine before the game LUL
GIVE ME VIPER OR LINA TO LOSE MID DendiFace
HATERS IN CHAT? WHAT NOW? DendiFace
navi with 5 death note PogChamp
activate your THC before you eat it gotta decarbolyxate that stuff danK SeemsGood
is that paper some kind of draft patterns? LUL
TIME TI WIN LANE AND LOSE GAME DendiFace
I TAKE TOO MUCH DRUGS OpieOP
high 5s? nah, lets do high 4s danK OpieOP
0% win rate Viper DendiFace0 0% win rate Viper DendiFace
FUN FACT IS NOT XBOCT OpieOP
what a greedy pick navi LUL
WILL WE SEE ORAKYLE AGAIN SoBayed
FIRST RULE OF FIGHT CLUB, NO FLY SECOND RULE OF FIGHT CLUB, NO LEBRON FrankerZ
THE FACE OF A CHAMPION DendiFace
kyle is easier to trigger than trump on twitter LUL
KKona model and Budget Miracle PogChamp
these 2 IDIOTS from NA again FailFish
won even when they lost LUL
S L A D A R NotLikeThis
Kyle make funny in panel <3
Nice production 60 fps is broken 4Head
Time to win a lane and lose the game DendiFace
FeelsGoodMan ðŸ‘‰ That's my word~ HSWP
Morph not rightclicker? Nna logic FailFish
Breaky, grandgrant and analyst grant cast Kreygasm
I lose mid again help DendiFace
HE MISSED A CS LOOOOL 4Head
Always losing my lane still back DendiFace
Dendi : Cs Is just a number LOL DendiFace
At least LINA don't have CS Kappa
losing mid as Viper POGGERS LUL
you do realize lina has aoe that can nuke the wave thinking viper can out CS early level FailFish
LIL bullying - call the bullyhunters HotPokket
prepare ur s for supamida DendiFace
Dendi Viper. time to lose the game DendiFace
SECURE MY LANE OR I KICK YOU DendiFace
FIRST BLOOD JUST A NUMBER DendiFace
first blood is just a blood DendiFace
FB IS JUST TOW LETTERS DendiFace
mid is just a lane DendiFace
General and crystalize gonna carry me again DendiFace
Press 1 - If you're excited for the TI battle pass tomorrow :)
Press 1 - If you're excited for the TI battle pass tomorrow . :)
@NeverMIndLmao where is alina li ? DansGame
You can only choose one: Asa Akira, Lana Rhoades, Sasha Grey, Eva Lovia, Adriana Chechik, Abella Danger, Riley Reid, Jynx Maze, Alexis Texas, Remy Lacroix, Janice Griffith, Mia Malkova, Daryl cmonBruh
he couldve survived if he just ran LUL
caster are not fan of NaVi LUL
lets look away during the fight TTours
kaka left AC Milan for this LUL
IT WAS ON CD CHAT FailFish
KAKA LEFT AC MILAN FOR THIS LUL
what game is this chat? :)
APparently it was on CD chat :)
Gyro cs Morph cs monkaS LUL
Kaka left milan for this SoBayed
Lebron left NBA for this ? LUL
Finally No more Oh My Word BrokeBack
@epicenter_en1 hey epicenter who is your favorite streamer? and why is it forsen? :)
morph near perfect last hits Kreygasm
created space for my team DendiFace
epicenter doesnt mod or show networth, they only like to dasha's instagram profile so kids can gawk.. russian orgs cant wait for this years girls of epicenter montage cringe video LUL
Newbee.KaKa rank 1 in China ranked by playing support PogChamp
Kyle being fired during this match?? LUL
networth Crys, PLS CARRY ME DendiFace
good on you for finding a wayto feel superior on all :D
excuse me chat, when is my boys EG playing? :)
GET THE HOOD AND YOU'RE GOOD LUL
EG got eliminated by the better team COL PogChamp
please invite Grant to TI this year BlessRNG
hey everyone! Huge EG fan here! I looked at the schedule and I can't find their next game! Yikes! Can anyone let me know when they're playing? Can't wait for them to win Epicenter! :)
eg is waiting in grand final dudes LUL
CRYSTALIZE MORPH PogCHamp EE MORPH 4Head
why did you draft VIPER again for DENDI NotLikeThis
stay in the tree flashback LUL
make morph lvl 10 talent "+800 hp" pls OSFrog
AFK is just a number DendiFace
afk - can't die. KDA isn't just a number DendiFace
AFK is just a myth DendiFace
SUPAMIDA + right CLICK hero = TRASH SoBayed
Networth is just a number DendiFace
LIVING LEGEND LOOK MY NETWORTH DendiFace
HE MISSED A CS LOL 4Head
tide gush heals morph cuz he's water Kappa
Navi.Centaur more contribution than bron LUL
@QUOTE_ME_IF_IXMIKE_RACIST Nice game understanding Nice brain 1v2 logic? LUL
Hi guys Dendi Ishutin here your favorite player Please don't hate us just becase we got lucky yesterday We are still the low tier team that you guys love Just watch my SUPAMIDA plays DendiFace
dendi's networth as a viper is always crappy LUL
Slardar stun is better than RAVAGE :p
high skill crush > low skill ravage Kreygasm
slardar ravage > tide ravage Kappa
where r u now haters DendiFace
NAVI IS BACK FOR A 100TH TIME LUL
navi back when dendi become support PogChamp
IS THIS 2011? Navi Back DendiFace
QUOTE me, Kyle is going to flame that gyro play LUL
Leveling talents is just an action DendiFace
Navi will win this major DendiFace
dendi support navi is back PogChamp
NAVI IS BACK TO HOME LUL
BACK TO TRASH CAN AGAIN LUL
i was back for an hr DendiFace
@QUOTE_ME_IF_NAVI_BACK yeah back to trash LUL
SMOKE AT WARD STILL DIE LUL
moogy the best cn carry Kappa
@capybc But NaVi TI winner DendiFace
dragon lance force staff of course FailFish
Hi Guys Dendi here your favorite player sorry i am too old for this but luck is on my side DendiFace
Back to trash can? As if they got out of it LUL
My 5 year old chair just broke BibleThump
NAVI BACK? NAVI in the BACK LUL
9/11 isn't 9/11 is KKona because it was an inside job ANELE
what was L L doing there LUL
LOSING TO A WASHED UP team DendiFace
LIL left VP for this LUL
moogy is a great carry WutFace
trash is just a number DendiFace
VP LOST TO THIS OMEGA LUL
NW IS JUST A NUMBER DendiFace
Networth is juts a number DendiFace
SECRET VP LOST TO THIS EleGiggle
dendi just likes to play as cute girl heroes... and viper VoHiYo
TI8 is just a number DendiFace
ANY DARYL IN CHAT ANY DARYL IN CHAT TriHard
@hijodelurysohn viper is a cute girl hero VoHiYo
What time is it? It`s Disband Time DendiFace
@Noleporino learn english first you scrub ;)
ðŸ‘‰ ðŸ“‰ NETW ORTH IS JUST A NUMBER DendiFace
TI 8 is just a number DendiFace
MONEY IS JUST A PAPER DendiFace
DemdIFace LIL IS THE PROBLEM DendiFace
ðŸ‘‰ ðŸ“‰ NETWORTH IS JUST A NUMBER DendiFace
nyyx not going spirit vessel NotLikeThis
VP won game 1 tho LUL
networth just a number dmg just a number DendiFace
@AX0ax0 Each orb +15% attack/magic dmg for her Kappa
KAKA LEFT FOOTBALL FOR THIS LUL
Roshan is just a cs DendiFace
Ranked 1 player in China Region LUL
L L FARM FARM FARM OMEGALUL LUL
new meta - never use ravage LUL
Even when Na'Vi don't pick Lina they have a lina LUL
Lina, Viper, SF there are other hereos? DendiFace
NAVI IS BACK BACK TO UKRAINE EleGiggle
@Lochtide7 what else is there to pick ? 3 hero pool DendiFace
Did he just say I'm not a carry? DendiFace
and you thought Navi would be back for real SoBayed
PICKING PASSIVE HERO FOR DENDI NotLikeThis
are u ok poggers? POGGERS DansGame
Dendi Viper = Auto Lose GG next game DendiFace
NAVI IS BACK TO THE AIRPORT LUL
LIL IS THE CARRY NOW Kappa
Dendi viper = Auto lost LUL
there are hereos outside Lina, Viper, SF, Tinker? DendiFace
General saved his morph why u ing him ?? LUL
pls come back haters i throw this game for u DendiFace
Sange 2150 Yasha 2150 Kaya 1950??? please nerf Kaya OSFrog
i dont see ravage this game ?? cmonBruh
noob chat lina can burst morth with aghs FailFish
0% win rate team broke me DendiFace
2 noob chat lina can burst morth with aghs FailFish
stop giving supamida rightclick hero SwiftRage
LeBron no help from refs LUL
Sange 2150 Yasha 2150 Kaya 1950? ? OSFrog
L L FARM MY CARRIES LANE AND FEED LUL
what's navi's winrate on viper? cmonBruh
Lina,SF,VIper,Tinker What do youmean there are other hereos? DendiFace
Navi beat VP, Newbee beat Navi, Pain beat Newbee conclusion Pain>>>VP? DendiFace
thanks chat for calling out racists :)
@EG_IS_STILL_NOT_TOP_TIER when does EG play? LUL
Lebron in NBA POGGERS Lebron in dota LUL
LOSING TO NEWBEE IN 2K18 LUL
CANT EVEN PLAY 0 SKILLED HERO LIKE VIPER TRASH BTW DendiFace
PRESS 1 IF PAIN > VP SeemsGood
VP lost cause dendi didnt play viper LUL
Mmr is juz a medal DendiFace
IS VP LOSE TO THIS? LUL
viper 0 skill hero? herald chat LUL
Rubick Subs Rubick Subs Rubick Subs TriHard
CANT EVEN PLAY 0 SKILLED HERO LIKE VIPER DendiFace
guess we'll just be leaving LUL
Have slardar, last pick Viper LUL
Secret, VP lost to this FailFish
RAVAGE IS JUST A SKILL DendiFace
Where are you now swindlemelon HATERZ??? SoBayed
lose game 1 win the series SeemsGood
playing viper to lose lane and early game DendiFace
VP AND SECRET GAVE NAVI WON LUL
just a loss Dont worry we ll make 2-1 DendiFace
NA WON 0 MAJOR BY FAR and im not even Kidding LUL
NAVI IS BACK BACK TO TIER3 LUL
10 second is just a number DendiFace
2 BEST TEAM IN GROUP B LUL
BKB IS JUST AN ITEM DendiFace
2 bkb charges wated for nyx FailFish
NETWORTH LEAD IS JUST A NUMBER DendiFace
BKB CHARGE IS JUST A NUMBER DendiFace
why is navi always drafting VIPER LUL
No BKB on tide stupid chat WutFace
ETH blade herald english chat LUL
think he meant ETH blade LUL
NUMBER IS JUST A NUMBER DendiFace
press F to play respect LUL
good thing its china doto, navi can farm until 50 min Kappa
KILLS IS JUST A NUMBER DendiFace
from dota 1 is not change why F-Blade ? DansGame
HP is just a number LUL
NAVI IS BACK TO TRASH LUL
NAVI IS BACK to bas DendiFace
NAVI IS BACK TO TRASH PogChamp
sniper with a stun and burst OSFrog
DENDI NEVER PICK VIPER AGAIN LUL
Dont worry fan, we will get DIRECT INVITE DendiFace
NAVI BACK TO TRASH TIER LUL
navi is back to dumpster DendiFace
DONDO MID IN 2k18 ROLF LUL
why does navi keep picking viper LUL
Thank you Navi fanboys for sweet arcana LUL
newbee won with tide only hitting 1 ravage...navi is back LUL
navi 2 - 1 newbee BlessRNG
Navi is back To trash can Kappa
Kyle go home thx Kkona :)
typical dendi, he was afraid to face the china team LUL
KYLE? KYLE? KYLE? KYLE? .. SoBayed
Navi 2 - 1 newbee Navi 2 - 1 newbee Navi 2 - 1 newbee Navi 2 - 1 newbee BlessRNG
when your JAWLINE dont work like they used to before KKona DatSheffy
KYLE? KYLE? KYLE? KYLE? xd SoBayed
` Kyle Reddit praise more pls Kyle Reddit praise more pls Kyle LUL
oh My Word ! Kyle ? LUL
TAG MY NAME TO TRIGGER KYLE LUL
KYLE? KYLE? KYLE? KYLE? KYLE? KYLE? SoBayed
Kyle Reddit praise more pls Kyle Reddit praise more pls Kyle LUL
Kyle tooo honest for dota LUL
How bay is this chat SoBayed
DENDI = LEGEND = BEST <3
KYLE IS THE BEST CASTER Kreygasm
@Danition Adblock is just a program LUL
:wheelchair Dendi coming through â™¿ DendiFace
DENDI â™¿ï¸ VIPER â™¿ï¸ COMING â™¿ï¸ THROUGH â™¿ï¸ â™¿ï¸ LUL
NAVI IS BACK TO HOME BibleThump
navi is back for one series LUL
NAVI IS BACK TO DUMPSTER BibleThump
VIPER LESHRAC 2 USELESS HEROES WutFace
NAVI IS BACK TO HOME NAVI IS BACK TO HOME BibleThump
navi lose game 1 on both secret and vp game B)
losing to the worst team of the tournament LUL
L L subs L L LUL
KAKA LEFT PSG FOR THIS FailFish
BRON LEFT FOOTBALL FOR DIS LUL
KLYE U R F UP LUL
newbee playing so bad, doesnt mean Navi can beat them LUL
can anybody tell this player + caster that NOBODY give a fat F what he thinks?! LUL
do i pick SF next game? or Lina? or Viper again? meybe Tinker? DendiFace
WHERE IS MY FAV CASTER MOFARAH? SwiftRage
KYLE 6 MONTHS BAN INC LUL
DENDI VIPER = AUTO LOSE NotLikeThis
if Dendi plays viper navi autolose , NotLikeThis
divide divide divide you divided w col Kappa
DENDI: PICK ME VIPER AGAIN LUL
i am not the problem DendiFace
NAVI IS BACK IN THE TRASHCAN DendiFace
stay in shape and not bald DendiFace
NAVI IS BACK IN THE TRASHCAN .. DendiFace
@anakin_skyhammer directly invited to semifinals Kappa
XBOCT has the same tattoo i want to do :D
ðŸ“– Dendi Stay in school, kids ðŸ“– DendiFace
washed up ti winner navi Kappa
NO WEEBS IN CHAT ? PepeHands VoHiYo
NAVI IS BACK IN THE TRASHCAN . DendiFace
General name General name General name cmonBruh
L L pretend to care LUL
give me liquid vs col so kyle can burn hisnex teammate PunOko
ywn have your face as a global emote DendiFace
Kyle is in the nrink of crying CoL is about to lose BibleThump
LEGENDS NEVER DIE THEY JUST BECOME TRASH . DendiFace
that's literally not even a remotely close comparison LUL
LEGENDS NEVER DIE THEY JUST BECOME TRASH .. DendiFace
MY HOMIES ARE HERE 7 TriHard
All you gotta do to win Dota is Deny Your Euls LUL
MODS Exterminate this 250kg beast SwiftRage
KYLE Triggered with these ancient players LUL
Someone older than fear in the dota game wtf LUL
Kyle..the only person there who is actually a pro player, Godz has done absolutely nothing in his dota career, dosen't deserve that panel spot LUL
RANK IS JUST A NUMBER DendiFace
kkushL kkushR "Learning for Exam" DendiFace
Pick viper or i feed DendiFace
LEGENDS NEVER DIE THEY JUST BECOME TRASH , DendiFace
Wonder why Newbee didn't ban Viper Kappa
STAY IN SHAPE AND NOT BALD DendiFace
kkushL kkushR "Any sponsors for me?" DendiFace
KYLE is so awkward wtf LUL
SMELLY ARMPIT SMELLY ARMPIT . WutFace
I am fat and I am a noob, I am bulldog DansGame
DONT SAY IT CHAT DONT SAY IT CHAT Jebaited
@AdmiralBulldog u can't ban me ResidentSleeper
@AdmiralBulldog BAN ME NOW ? ResidentSleeper
@AdmiralBulldog sorry sir you cant ban me here ResidentSleeper
I'm writing all of your names down :)
@AdmiralBulldog white knight here, you're doing a great job, keep it up :)
7 7 7 7 7 7 TriHard
CANT BAN ME HERE FAT BOI ResidentSleeper
@notaonetrick goldeneye was good... also you apparently never watched the george lazenby bond FailFish
Aussie Aussie OY OY OY Kappa
When NA Will Win Next TI ? LUL
@AdmiralBaldDog @AdmiralBaldDog @AdmiralBaldDog @AdmiralBaldDog @AdmiralBaldDog @AdmiralBaldDog @AdmiralBaldDog LUL
Kaka left psg for this BrokeBack
Na'vi is the bulldog of the pro scene LUL
Admiral Bulldog for the next James Bond Kappa
but kyle, teleportation knife is BERY strong on this champion as well :)
We need Bulldog Cast, Unbelievable Cast Kappa
viper didnt work time for DK DendiFace
pick kunkka he is a bery strong champion :)
*thinking* HMMMMMMMM *thinking* what about VIPER? DendiFace
any RN in chat ? TriHard
WTF this guy looks like a goblin WutFace
NAVI pretending they are prepared LUL
LOST TO NEWBEE IN 2018 LUL
BUT CAN YOU DO THIS? LUL
WHERE ARE YOU NOW NAVI FANGAYS BloodTrail
When Does NA Play ? SoBayed
Im already writhing my apology DendiFace
TA we win TA we win TA we win TA we win TA we win TA we win TA we win TA we win TA we win TA we win TA we win DendiFace
Kyle picks Navi = Navi loses NotLikeThis
xboct be like high 5 man i smoke weed btw LUL
He's giving Newbee his favor in hopes they lose LUL
ðŸ“œ âœï¸ let me write it down cmonBruh
TA Out of meta hero :o
@komiko5101 i will be too in a couple minutes :)
dont google xboct's weed addiction WutFace
WTF IS BREAKY DOING HERE LUL
CHAT! What is "RUNAWAY" in Japanese? SoBayed
@rizal1080 why are you always present? LUL
NA 1 MINOR 0 MAJOR LUL
@GamerDudeMarche yeah clearly when she levels stun and takes off your refrac immediately its so good FailFIsh YOU 1k? FailFish
LIQUID VS COL NOBODY WATCHING LUL
Credit for the kill make it stop WutFace
ðŸ‘‰ ðŸ“ˆ what's with this graph chat cmonBruh
Statue of Liberty made by NA EleGiggle
ANY WIFE CHEATERS IN CHAT? 4Head
DENDI CS VS SCCC CS LUL
this blue creature of the night TriHard
EE isn't at this tourney LUL
What do you mean overreact? cmonBruh
@CuteTwitchChat actually, the french built it SeemsGood
LeBron dunking on these fools LUL
C R Y T A I Z E LUL
lol statue of liberty was a present from France LUL
@gamehaterpro u build some statue wow what is the big deal LUL
navi won against vp and secret but lose to newbee ... you know what it means GABEN clap SoBayed
@BloeR statue of liberty reference WutFace
@Hazenztein shhh, let the KKona be happy Jebaited
Europoors hating on USA âœ“ on a American website âœ“ with American computers âœ“ on the American invented Internet âœ“ watching an American made game âœ“ From a country that was liberated and protected by America âœ“âœ“âœ“ DatSheffy
statue of libery was given by french statue of libery was given by french FailFish
look at DPC points and NA teams EleGiggle
I GOT GANKED EVERYTIME no team TP BabyRage
Some of you euros are alright, don't come to ti this year ðŸ”« PunOko
@anakin_skyhammer please stop flaming NA please thank you :)
what people don't appreciate about RTZ is his consistency. he has more 3rd place finishes at LAN than any other NA player. He has more 4th place finishes at LAN than any other NA player. If that doesn't speak to his skill as a player I don't know what does. BabyRage
@Lexikun but what does it matter? who cares about some random statue LUL
rusia vs china rigged 322 LUL
TAG MY NAME TO TRIGGER NA LUL
Lina sup 4. New meta PogChamp
SUP 4 SOLO MID NEW META PogChamp
ðŸ“ž HELLO NA? ðŸ“ž How many games did you win today ? ðŸ“ž . 4Head
S C C C C Kreygasm
the last caster on muslin was so NotLikeThis
S U C C C KappaPride
Twitch chat yelling at each other about regions NotLikeThis
ka le KA LE PRODUTION VALUE FailFish
VP LOST TO THIS RIGGED LUL
VP > pain > newbee > navi > VP WutFace
TI runner up too stronk WutFace
500 gold from team wipe. early kills matter Kappa
HATERS? Where are you now? DendiFace
NaVi won against VP and Secret PogChamp
ill just hit these ancients DendiFace
european find america then they call themselfs americans ant laughing at EU OMEGALUL SeemsGood
0 MAJORS 0 TEAMS ON TOP 8 80% EU PLAYERS MUST BE NA SoBayed
type if sea > na SoBayed
just fishing for information by trying everything reasonable pigShrug DendiFace
IS THIS MY BOY VANDERSAR TTours
BEAT VP LOSING TO NEWBEE SoBayed
KALE IN THE WORLD CUP LUL
1 KA LE is Back SoBayed
@daddymaster67 omniknight is a very strong champion :)
CTRL + SHIFT + W to get rid of KA LE SeemsGood
still haven't fixed production ? IS this KURDISTAN or what . FailFish
why extreme lag ? @starladder :)
ah the 2k strat, the entire enemey jungling strat LUL
net worth is just my number DendiFace
wheres my bois at ? 7 TriHard
WILL CIS STOP KA LE ING WutFace
0 MAJORS 0 TEAMS ON TOP 8 50% EU PLAYERS MUST BE NA .. SoBayed
european kill the indian and call themselfs amrican LUL
LETS GO NAVI LETS GO NAVI SwiftRage
KA LE and Navi is back Kappa
Win Because KA LE NAVI DendiFace
Lina missed because Slardar stunned her LUL
DONT COPY THE NAME WHEN YOU COPY THE PASTA FailFish
NEWBEE FANFAY ANY LAST WORD? DendiFace
jarofdirt1: Yolomaterino: DONT COPY THE NAME WHEN YOU COPY THE PASTA FailFish
@epicenter_en1 fix the lag sir :)
NA DOTA NA DOTA NA DOTA LUL
General broke the stream with crush PogChamp
NAVI IS BACK NAVI IS BACK NAVI IS BACK PogChamp
