guys one more and im' OUT LUL
\ m / \ m / SwiftRage
OG TAKE MY ENERGY \ / SwiftRage
Legends of the HIDDEN TEMPLE LUL
MOM CLOSE THE DOOR . SwiftRage
7kingMad will be called Seb all day LUL
With everything being so hardcore ofcourse they had to say it SeemsGood
0 MAJOR WINS 0 TEAMS IN TOP 8 DPC 50% NON AMERICAN PLAYERS MUST BE NA . SoBayed
LETS GO LIQUID LETS GO LIQUID LETS GO LIQUID SwiftRage
Bulldog is not the only bald TI Winner PogChamp
@epicenter_en1 I always love how much effort is put into your intros, just like last year <3
No MATUMBASHORTS?! No MATUMBASHORTS?! No MATUMBASHORTS?! No MATUMBASHORTS?! NotLikeThis
No MATUMBASHORTS?! No MATUMBASHORTS?! No MATUMBASHORTS?! No MATUMBASHORTS?! .. NotLikeThis
Ban Miracle- in pro scene and win TEA EYE LUL
No MATUMBASHORTS?! No MATUMBASHORTS?! No MATUMBASHORTS?! ,.,., NotLikeThis
CELEBRITY OF THE YEAR OMEGA LUL
Dota Celebrity of the year PogChamp
Bulldog can't steal viewers if you make him an analyst Kappa
bulldog celebrity of the year PogChamp
@L1MGU4N i'm just dancing SourPls DansGame
i am ded in side :D
I meme is berry good DansGame
@L1MGU4N bulldog teeth look like veeners WutFace
S4 is their star player Kappa
i mean i mean i mean Kappa
SO BALD SO BALD SO BALD LUL
i mean, like totally i PMSTwin
I MEAN I MEAN I MEAN I MEAN NotLikeThis
@TriHard_From_Viet_Nam every seen @trihard_from_mineski_ ? cmonBruh
i mean, like totally you know what I mean? like really PMSTwin
NAVI Low End Secret low end OMEGALUL LUL
hes just a baby boy so many big buttons to press BabyRage
Can someone donate me a sub to epicenter? Kappa
@L1MGU4N comparing to redeye , actually looking fake af 4Head
PHOTOSHOPED BULLDOG PHOTOSHOPED BULLDOG PHOTOSHOPED BULLDOG PogChamp
it was kuro's 4th won TI FailFish
Bulldog is truly a hideous creature 4Head
monster but they not even drinking they know is cancer LuL :D
Prince Omat bin Al Faisal of Jordan PogChamp
HE CANT SEE ME HE CANT SEE ME ResidentSleeper
Liquid 4 middle eastern players CurseLit
BULLDOG CANT START THE TALKING LUL
VP Noone > Miracle come at me SoBayed
admiralC Im a professional again :)
matumbaman best at his role LUL
best players in the world ANELE
matu is the best carry PunOko
BullDong Cant ban me Here!! LUL
Miracle opening Training Center ??? PogChamp
I MEAN I MEAN I MEAN I MEAN I MEAN BrokeBack
worse than no one..so hes the BEST PogChamp
i mean so well say that FreakinStinkin
RTZ makes too many mistakes LUL
metioning hero pool in front of bulldog LUL
80 KG BEAST 80 KG BEAST PogChamp
MIRACLE FANGAY MIRACLE FANGAY . KappaPride
@cozmium 7 @cozmium 7 @cozmium 7 @cozmium 7 @cozmium 7 @cozmium 7 TriHard
Come for OG vs Liquid Stay for Bulldog LUL
Bulldog cursing liquid for his boy s4 LUL
Bulldog Mirac flashbacks on battlecup monkaS LUL
gh outclasses everything !! ofc you can be mircale when you have gh with u :)
NOONE > MIRACLE COME AT ME SwiftRage
START GAME FeelsGoodMan 🎐 💦 START GAME FeelsGoodMan 🎐 💦 TehePelo
time to watch my boy admiral bulldog dominate the panel PogChamp
WHY IS THE DONGER SO SERIOUS WE need more MEMES :(
u know i mean WIPER LUL
OG GETTING REKT I CALLED IT LUL
RTZ > PANEL PRESS 1 4Head
bulldog not on his stream DansGame
BDAWG JUST GO STREAM :d LUL
JUST BAN WITCH DOCTOR AND GG LUL
he had to kick ba LUL
Play together Sleep together Showever together KappaPride
moscow russia and only chinese people hahahah LUL
Play together Eat together Sleep together Shower together KappaPride
liquid can only win because of korean overlord behind the scene TheIlluminati
get to know each other KappaPride
didn't she watch the last game? LUL
PUPPY IS GETTING SOME TONIGHT Kreygasm
OG POGGERS WAIT WHERE IS ZAI'?? :)
mmr is just a number DendiFace
Captain Winning Ti With 4 Pubstars Must be Kuroky PipeHype
rank is jsut a number Dendiface DendiFace
Miracle looks like a lesbian LUL
i mean but kinda like BrokeBack
KKomrade RUSSIA HAS BEST GRILS <3
It's not a trap if you like surprises KappaPride
I'm a simple man, I see grill, I kreygasm Kreygasm
one more Xd and i'm out DansGame
RU Grill Best grill in the World LUL
Only showing girls typical russian cast FailFish
Miracle = Soon to be bald LUL
he actually is insanely good at laning, but plebs are too bad to understand that :)
20 people in the booth LUL
GRILLS are DANGEROUS, cause GRILLS are HOT and they can burn CurseLit
WHO IS THIS BIAS PANEL? DansGame
invite bulldog to every lan so he doesnt steal your viewers LUL
The bridge to Daryl Clap TriHard
he does look a bit like Steve-O LUL
r we going to see s4 against miracle in mid? PogChamp
100 KG BEAST NOT FAT PogChamp
Bet against whoever Bulldog says gonna win LUL
I love Pussycat Grills, im positive :)
I think a small person is giving Bulldog the full treatment under the desk. His face tells us everything. LUL
Not bald not fat admiralPride admiralFedora PogChamp
BULLDOG trying to be taken seriously LUL
been in Keppa Kleb so long Hair grown out too long KappaRoss
NOT BALD NOT FAT NOT MY BULLDOG PepeHands PogChamp
Type / if you belong to the Club Kappa
cant ban me from panel ResidentSleeper
one more Xd and I'm out DansGame
I am fat and I am a noob, I am bulldog DansGame
Bulldog looking like EU Steve-O LUL
bulldog looks like he's on crack LUL
90 KILOS NOT BALD NEXT LEVEL ANALYSIS TI WINNER MUST BE BULLDOG PogChamp
drink a shot every time he says it LUL
Bulldog looks like new Draskyl WutFace
BULLDOG WANTS US TO BOOLAY HIM LUL
I MEAN = NO SPACE LUL
I googled Country code 227 Kreygasm
hi guys, I haven't seen EG play in the group stage, are they by any chance directly invited in the finas? Kappa
NOT FAT NOT BALD WEARING THE FRESHEST CLOTHEST HANGING OUT WITH THE COOLEST DUDES PogChamp
my is better that your Kappa
Pasha, Icex3, MC > S LUL
70K VIEWERS AND NO GOLDEN KAPPA KappaPride
100% MORPH vs 100% MORPH PogChamp
word choice = hero pool BrokeBack
EU DOTA NA DOTA OMEGALUL LUL
want to hear a joke? NA LUL
NA NA NA NA NA . LUL
NA NA NA NA NA ... LUL
BULLDOG BAN ME BULLDOG BAN ME BULLDOG BAN ME ResidentSleeper
sumail does less with more LUL
When isgoing to start already?? ResidentSleeper
WHY THE MATCH NOT START YET ResidentSleeper
I don't feel so Good Mr. Stark :(
Word choice = Hero pool BrokeBack
Kuro's head the 7th infinity stone PogChamp
@DickAndAHalf 📜 ✍️ actually added cmonBruh
All of chat hates bulldog yet all of reddit loves him Kappa
I DONT FEEL SO GOOD CHAT :(
FY GOD FY GOD . PogChamp
i don't know about you guys 4Head
does anyone remember EGM IO? BibleThump
wach yo words, NlGGS . TriHard
BULLDOG BAN ME BULLDOG BAN ME ResidentSleeper
ARCH TOP 5 POS 4 PLAYERS PogChamp
wach yo words, NlGGS .. TriHard
nice picture of a car PogChamp
S4Head NoBrain 7Bad MUST BE OG LUL
START THE GAME .START THE GAME SwiftRage
S4Head NoBrain 7Bad MUST BE OG . LUL
"not the best support?" watch GH rekt this game Kappa
MATU NIPS > MAUT NIPS Kreygasm
OG will win this, and will win TI this year. Mark My Words. Quote Me Later! TheIlluminati
💓 🤞 Use your cute emote cmonBruh
I remember when Navi NA beat GH at a LAN BibleThump
Where is my fangrills ? DansGame
Red Eye with Bdawg casting S4 Kreygasm
@siddhartha2107 Only Siddhartha is Gautama PunOko
S4Head NoBrain 7Bad Flaps JerBad MUST BE OG LUL
S4Head NoBrain 7Bad Flaps JerBad MUST BE OG / LUL
earth spirit in the pool PogChamp
NA WILL WIN THIS TOURNEY EZ Kappa
BEST NP BEST NP BEST NP PogChamp
Use ur cute mojis to make this chat cute cmonBruh
Good Miracle Evil ace monkaS PogChamp
oh great a naga game ResidentSleeper
ADD HIM TO THE LIST cmonBruh
L1MGU4N who is bdog idk it name PunOko
@Attackerdota Maybe Miracle and Midone played good kunkka gmaes this event. :)
get your s out boys ResidentSleeper
NP vs LD Bulldog GAME Kreygasm
500 IQ 100 Kg Beast PogChamp
he said a naughty word cmonBruh
SCREEN TO DARK NICE PRODUCTION VALUE TTours
Best Prophet TI Winner Must be Mindcontrol PogChamp
1 SCREEN TO DARK NICE PRODUCTION VALUE TTours
BULLDOG BULLDOG BAN ME BAN ME ResidentSleeper
Miracle Prophet Miracle Prophet Miracle Prophet . FailFish
Just "I MEAN" all the time LOOOOOOOL 4Head
G Eazy I Mean it SeemsGood
2 SCREEN TO DARK NICE PRODUCTION VALUE TTours
BULLDOG CANT BAN ME HERE SoBayed
3 SCREEN TOO DARK NICE PRODUCTION VALUE TTours
Ban Ryuu, F word spoiling PunOko
4 SCREEN TO DARK NICE PRODUCTION VALUE TTours
Get ready for OH MY WORD Caster PogChamp
YEAH I MEAN YOU KNOW FreakinStinkin
Get ready for OH MY WORD Caster ; PogChamp
Spamming Cmonbruh in 2018 spamming Cmonbruh in 2018 LUL
bold predictions are always more fun Kappa
21 SCREEN TO DARK NICE PRODUCTION VALUE TTours
ITS A DUDE WITH A WIG LUL
33 SCREEN TO DARK NICE PRODUCTION VALUE TTours
NP CORE NP CORE NP CORE NP CORE PogChamp
GO BACK TO THE GIRLS DansGame
GIVE THIS GUY A BONUS TTours
more cam on grills plz Kreygasm
66 SCREEN TO DARK NICE PRODUCTION VALUE TTours
SHOW US MORE RUSSIAN GRILL Kreygasm
S4 AXE , WE LOST LUL
GG Liquid GG Liquid GG Liquid FailFish
GG Liquid GG Liquid GG Liquid GG Liquid .., FailFish
Cursing liquid for his boy s4 KappaPride
WAT IS THIS YOU BETRAYED S4 DansGame
bulldog when this done you will got remove by s4 LUL
O H M Y W O R D Kreygasm
OH MY WORD THESE CASTER NotLikeThis
2k casters. Where is the rap god? LUL
Bo3 of OH MY WORDS Kreygasm
OH MY WORD NOT THEM AGAIN NotLikeThis
og wins this one eZ SwiftRage
Why Oh My Word Duet on this game NotLikeThis
OH MY WORD F BLADE cmonBruh
Chat moving so fast no one will notice I'm super gay for the new and slimmer Bulldog KappaPride
who are these lizard ppl LUL
I MEAN OH MY WORD I MEAN OH MY WORD I MEAN OH MY WORD I MEAN OH MY WORD BrokeBack
YEAH I MEAN OH MY WORD :)
Hi Chat Any Tips to get Girlfriend?? :)
WHERE IS BULDOG STREAM TO SAVE US FROM THESE CASTERS NotLikeThis
anti armor oh my word PogChamp
BEST NP IN DA WORLD PogChamp
OH MY WORD OR RIOT Kreygasm
Miracle afraid to lane agaonst s4 LUL
? OH MY WORD OH MY WORD OH MY WORD NotLikeThis
oh my word tier 1 caster PogChamp
TWITCH CAST CANT HANDLE CHANGE LUL
oh no these casters are here for playoffs as well? NotLikeThis
they didnt get the rune LUL
BEST PLAYER IN THE WORLD BTW LUL
IF LIQUID WINS I SHAVE MY HEAD BCWarrior
carries in the mid lane PogChamp
ON TOP OF THE LINA Kreygasm
5 usd mic in a train station DansGame
MC FURION > BULLDOG FURION PogChamp
its been almost a week listening to OH MY WORD NotLikeThis
Budget TOBi OD pixel cast LUL
@2gd_ i thought u could only pick bounty LUL
just 3 mins in laning phhase going well LUL
why are the casters yelling LUL
0 MAJOR WINS 0 TEAMS IN TOP 8 DPC 50% NON AMERICAN PLAYERS MUST BE NA - SoBayed
Annoying English. Must be oh my word caster cmonBruh
MERLINI & LD LEFT CASTING FOR THIS NotLikeThis
2 points on windrun ? LUL
he has a point, actually 2 LUL
Use Windrun, but not Windrunner LUL
herald chat with 2013 build LUL
Windrunner = max wind run LUL
Casters are so nervous to cast the play off LUL
OG will never win this elclassico LUL
OG is still leading herald chat FailFish
TOBER IS THAT YOU _ BrokeBack
TOBER IS THAT YOU ? TOBER IS THAT YOU ? BrokeBack
HERALD CHAT THAT WAS NAGA WHO TPD FailFish
MY WORD I HEARD IT Kreygasm
MY WORD I HEARD IT MY WORD I HEARD IT . Kreygasm
MY WORDS WUTS MY WORD ? PogChamp
MY WORD I HEARD IT MY WORD I HEARD IT Kreygasm
"s4 is going to feed, ez" LUL
"why not?" still doesn't realize its because of the timing, not the choise NotLikeThis
NOBRAIN PLEASE TAKE MY BRAIN 1 NotLikeThis
why no fear on lina from bear LUL
please take my brain Daddy NotLikeThis
Everyone can be TOBER on the 4th of may BrokeBack
IN TROUBLE MY WORD JeBaited WutFace
no Stax for Axe s 4Head
= forsen CD (no space) B)
+ NO 🧠 NO 🧠 BrokeBack
@alicexz are u supporting OG Kappa
not buying QB againts np WutFace
BEST PROPHET IN THE WORLD PogChamp
"S4 is gonna feed" - Bulldog LUL
BEST OFFLANER TI WINNER BEST NP MUST BE MIND_CONTROL PogChamp
He Has no bear for 100 seconds NotLikeThis
NET CREEP FOR AGGRO 2K CHAT FailFish
OH MY WORD waiting room ResidentSleeper
Why is the caster yelling nothing is happening LUL
why is this caster yelling NotLikeThis
This whole game is on S4 LUL
NO 🧠 NO 🧠 NO 🧠 NO 🧠 BrokeBack
that block buy phase boots dude LUL
no caster is worse than grant LUL
where is the primal roar? DansGame
MIND CONTROL IS SO GOOD PogChamp
MC NP = BEST NP PogChamp
JUST KILL THE TREES LOOOL 4Head
who need sprout use sprout BrokeBack
COMING ONLINE OH MY WORD TIMINGS Kreygasm
furion not SHOVING WAVES blitz PunOko
OH MY WORD IS BACK PogChamp
WHY IS EVERY CASTER YELLING NotLikeThis
STILL BETTER CAST THAN GRANT LUL
admiralC I admiralC MEAN OH MY WORD PogChamp
WHY IS THE CASTER CRYING? DansGame
THIS CASTER IS A SCOUSE LUL
god save the queen casters PogChamp
armlet = anti cull 1k caster LUL
Press 1 if you also muted this stream 4Head
( ( ( ) ) ) . SabaPing
Chat complaining about free entertainment LUL
? CHAT ? CHAT ? CHAT ? CHAT ? CHAT SoBayed
stop blocking yourself with your pet Notail DansGame
sKid, i know they come, i know they roam, but i still stand these and look for they do something BloodTrail
7GOD TO 7BAD REAL QUICK LUL
@Revenant6 that s4 would feed Kappa
BAD CASTERS PLEASE NotLIkeThis GIVE US KYLE NotLikeThis
CASTER HAS A HEART ATTACK! BrokeBack
AC - DAMAGE - BRAIN - LUL
you only rush radiance first if you have freefarm FailFish
its not that unusual casters :(
NOMAD AND MOFARAH TI FINALS PLS Kappa
THIS CASTER's VOICE UPS AND DOWN NotLikeThis
creep income? do you need to pay taxes for it ? LUL
CASTER NEEDS TO CALM DON NotLikeThis
Caster making sense. Definitely herald chat LUL
it was to counter the axe call, not to precast LUL
GIVE US BREAKY AND GRANT SwiftRage
Win condition in DOTA 2? Can't comeback in DOTA 2? DansGame1k Caster LUL
Hello everybody new viewer here! Can anybody tell me how I can turn off the "caster" voices :)
Bad casters, they are clueless about the game NotLikeThis
DONT YELL ON THE MIC NotLikeThis
use your cute emote to make to make this chat cute TriHard
CASTER CHOKING ON HIS OWN SPIT LUL
stop saying LINER Very Triggering NotLikeThis
i cant understand english anymore BrokeBack
CASTER CHOKING ON HIS OWN SPIT . LUL
Thinking DOTA is MOBA Thinking MOBA is Genre Thinking DOTA and LOL is same game must be caster BrokeBack
DON'T LET MATU PLAY LINA PLS WutFace
BEST CASTERS EVER SO MUCH HYPE PogChamp
Its nice, the one caster i font eant to hear keeps yelling . :)
when offlaners has higher networth than midlaners LUL
?? it's the standard build FailFish
M A T U M B A LUL
its ld range build this caster NotLikeThis
Hey chat I've gone deaf :)
casters ruing good back and forth game NotLikeThis
@ice0ut AKO BOG DA Krappa LUL
they are talking so much I haven't heard one hero voice line the entire game NotLikeThis
@lizZardDota2 ahhahahahaha samo teretana i rostilj :D
HIS VOICE IS SO ANNOYING BrokeBack
OG HATERS ? OG HATERS ? SoBayed
I like this caster, he seems very interested in the game :)
why are the casters shouting ,,BEAR LUL
3 kills can't get anyone casters LUL
how many stuns did matu miss? LUL
@NA_IS_THE_BEST_REGION WE COO BRO ? cmonBruh
Is this a football game ? LUL
Hype is over, hes still bringing it back BrokeBack
Hi SAM TARLY Caster . LUL
Sam Tarly KKona and Ollie cast BrokeBack
KYLE IS A BAD CASTER FailFish
@epicenter_en1 If I sub right now will you change these casters? Kappa
📢 LOUDER 📢 LOUDER 📢 LOUDER 📢 LOUDER SwiftRage
Im done LIQUID gonna take this MAJOR wtf so sync! NotLikeThis
@epicenter_en1 how can this guy casting liquid in winner bracket ??? SwiftRage
LOUDER !!!! LOUDER !!!! SwiftRageLOUDER !!!! LOUDER !!!! SwiftRage
📢 LOUDER 📢 LOUDER 📢 LOUDER SwiftRage
I lowered the volume my brain is dying NotLikeThis
Im done LIQUID gonna take this MAJOR wtf so sync! Im done LIQUID gonna take this MAJOR wtf so sync! ,. NotLikeThis
fake hype this is not liverpool vs madrid caster NotLikeThis
Im done LIQUID gonna take this MAJOR wtf so sync! Im done LIQUID gonna take this MAJOR wtf so sync! ! NotLikeThis
2 NOBRAIN PLEASE TAKE MY BRAIN NotLikeThis
THESE CASTERS GIVE ME LD AND MERLINI PepeHands NotLikeThis
This caster Thinking LOL and DOTA is same game 1k confirmed BrokeBack
Where are you going Love... Fake taxi Kreygasm
: LOUDER !!!! SwiftRageLOUDER !!!! LOUDER !!!! LOUDER !!!! LOUDER !!!! 2 SwiftRage
@Gareth save us from these casters NotLikeThis
This thing I would say. LUL
Brexit Caster: If Axe misses his call it feels like he wasted his initiation LUL
JUST BKB TP OUT LOL 4Head
💖 🌸 use your cute emote to make this chat cute 💖 🌸 💖 🌸 use your cute emote to make this chat cute 💖 🌸 BrokeBack
really? this CASTER SO BAAAAAAD PogChamp
@Gareth STOP BULLYING BULLDOG LAST WARNING PunOko
Brexit Caster: If Axe misses his call it feels like he wasted his initiation 4Head
I LOVE THESE CASTERS 123 <3
stun was on cd CASTER LUL
THE ARENA IS NOISY DUMB CHAT BrokeBack
I LOVE THESE CASTERS 741+ <3
✌ 🌸 use your cute emote to make this chat cute ✌ 🌸 TriHard
they still have the aegis I'm panicking aaaa caster WutFace
Im done LIQUID gonna take this MAJOR wtf so sync! Im done LIQUID gonna take this MAJOR wtf so sync! ,.,. NotLikeThis
can't do anything to the lifestealer LUL
OG NEVER WIN THIS ELCLASSICO LUL
pos 5 got all the gold NotLikeThis
can this caster stop yelling thanks :)
Stop Talking about the Caster NotLikeThis
worse fake hype than Maut NotLikeThis
THEY HAVE TO YELL CHAT NotLikeThis
why did they put bad casters on main event NotLikeThis
STOP YELLING STOP YELLING . NotLikeThis
LOUDER !!!! LOUDER !!!! LOUDER !!!! LOUDER !!!! LOUDER !!!! !! SwiftRage
she can still shacke and poweshot? LUL
You can yell without the fear of death in your voice LUL
call GG OG you've lost BibleThump
: 💖 🌸 use your cute emote to make this chat cute 💖 🌸 BrokeBack
Bring Xyclopz for casting pls Kappa
LOUDER !!!! FASTER !!!! LOUDER !!!! FASTER !!!! SwiftRage
200 dmg meteor hammer HUUUUUUGE LUL
CALM THE F DOWN CASTERS NotLikeThis
don't balme the caster guys :)
I think the casters are okay SeemsGood
LOUDER !!!! LOUDER !!!! LOUDER !!!! LOUDER !!!! LOUDER !!!! z SwiftRage
CASTER ANGRY AT MAJOR WINNER LUL
Don't google NoBrain Networth KappaDon't google NoBrain Networth Kappa
NO MAGICAL BURST ? Jakiro ? ? Kappa
M I R A C L E F A K E T A X I PogChamp
show some ve to caster <3
Someone cast silence on this caster LUL
i like redeye i like od but i somehow dont like this guy NotLikeThis
notail having zero farm because he fed LUL
where are all the good casters? WutFace
Talk about the Game not the Casters NotLikeThis
@xCrestfall4 I KNOW MAN PepeHands BibleThump
POS 4 night stalker SAME NET WORTH AS LONE DRUID OMEGALUL LUL
NO DAMAGE THEY CAN kill him LUL
5 MAN CANT KILL LS LUL
30 MINS 1 ITEM NOTTAIL LUL
CAST LOUDER !!!! CAST LOUDER !!!! SwiftRage
30fps stream? 30% commentator? Must be EPICENTER LUL
what happened with the song?! oh my god!!! WutFace
DIDN'T CATCH ALL THE SONG LUL
GIVE NP for Liquid in 2k18 LUL
G D G A M E LUL
Mofarah reddit appreciation thread waiting room ResidentSleeper
OMEGALUL G IN 2017 OMEGALUL G IN 2018 4Head
WHY AM I GETTING YELLED AT BibleThump
Caster about to cry OG fan caster BibleThump
Jexar leaving LIQUID for OG LUL
2 PLAY BY PLAY CASTERS NotLikeThis
1k Chat flame 2 k caster BrokeBack
Jerax leaving Liquid for OG LUL
WATCHING ON MUTE WATCHING ON MUTE Kreygasm
bla bla bla blo blo lo lo FailFish
miracle offlane, mind control carry PogChamp
WATCHING ON MUTE WATCHING ON MUTE WATCHING ON MUTE Kreygasm
stop by tree, best S4 BloodTrail
Drink every time the caster says OH Kappa
@epicenter_en1 can you turn the caster volume down a bit? :)
I LOVE THIS CAST SO HYPE monkaS PogChamp
MC > BULLDOG BEST NP PogChamp
3 MC FURION MC FURION MC FURION MC FURION MC FURION BlessRNG
CHAT ITS JUST HIS VOICE LUL
trash caster on major lan NotLikeThis
Drink every time the caster says OH LUL
Where's maut and winter when we need him? Kappa
Honestly these casters are impossible to listen to NotLikeThis
why 7bad not attacking rosh NotLikeThis
FIRE THESE BUDGET TOBIES . 4Head
@levi_hackerman trust me that's not uk English this guy lol LUL
THIS GUY CASTING SUPER SONIC NotLikeThis
s4 god doing his best PogChamp
OH THE SHACKLE OH THE CALL BrokeBack
just like that bois game over Kappa
BULLDOG WAS RIGHT BULLDOG WAS RIGHT , PogChamp
amazing sprouts by NP this game SeemsGood
LET HIM TALK.. i mean.. YELL Kappa
OH MY WORD 4 BUY BACKS 4Head
NO NAME CASTER CASTING MOJOR NotLikeThis
please, for the love of god, stop yelling. Thanks. :)
against this WHAT and jakiro? cmonBruh
LOUDER !!!! LOUDER !!!! LOUDER !!!! LOUDER !!!! LOUDER !!!! Xd SwiftRage
FIRE THESE BUDGET . TOBIES 4Head
there is still some hope BlessRNG
I CAN COUNT TO 4 SwiftRage
stop shouting at me i dindu nothing wrong PepeHands BibleThump
NO NAME CASTER CASTING MAJOR NotLikeThis
LOUDER !!!! LOUDER !!!! LOUDER !!!! LOUDER !!!! LOUDER !!!! omegalul g SwiftRage
@epicenter_en1 can you lower the caster volume a bit please? :)
STOP YELLING LIKE A PUSS SwiftRage
Aghanm build bring DOTA 1 TO DOTA 2 BrokeBack
LOUDER !!!! LOUDER !!!! LOUDER !!!! LOUDER !!!! LOUDER !!!! LOUDER !!!! SwiftRage
Why do you have to yell everything you say??? LUL
NA_HAS_WON_0_MAJOR_BY_FAR u sir have won the Best Twitch Name of 2k18 Award. Congrats 👉 🏆 PogChamp
HE'S NOT YELLING ITS HIS VOICE CHAT NotLikeThis
idk you tell me casters BrokeBack
both are yelling nonstop I am scared BibleThump
they are yellinh cuz its really loud in the arena kids cmonBruh
SwitfRage LULSwitfRage SwitfRage SwitfRage LULSwitfRage LUL
SwitfRage SwitfRage SwitfRage SwitfRage SwitfRage LUL
ROFL I LOVE THESE CASTERS <3
900 damage in 1 go OSFrog
4 CARRY VS 4 SUPPORT LUL
1k caster 1k caster 1k caster BrokeBack
Atleast we did half damage to rosh notail DansGame
is this LS build Legit? DansGame
lamer than a what baby? cmonBruh
REEEEE CASTER ARE BAD IM TWITCH CHAT BTW BabyRage
REEEEE CASTER ARE BAD IM TWITCH CHAT BTW 1 BabyRage
TWITCH CAN'T HANDLE NEW CASTERS BrokeBack
NICE NAGA NICE NAGA NICE NAGA WutFace
polaryon: LINERTwitch PrimeDDoZaNN: @gamehaterpro NotLikeThisLaikaTempest: LORD FRIEZA WutFace
press 1 if you're in the school looking epicenter mobile SeemsGood
BEST PLAYER IN THE WORLD Kappa
BEST PLAYER OF THE YEAR LUL
Best player in the world Kreygasm
I SHOUT TO LOOK COOL LUL
Miracle left OG for this LUL
End of world caster going mad WutFace
wtf is this notail build LUL
i just googled notail networth :(
people mocking on a amateur caster NotLikeThis
Win condition? who is have win ck LUL
'I think they can' -- CASTERS THINKING? Kappa
WHERE IS NA DOTA? NA NOOBS? WHERE IS NA DOTA? NA NOOBS? SoBayed
Keep themselve on the game Kappa
pos5 jakiro top level 30 mins in BrokeBack
this caster has a funny accent 4Head
WHERE IS NA DOTA? NA NOOBS? WHERE IS NA DOTA? NA NOOBS? . SoBayed
lvl 24 jakiro lvl 21 ld LUL
Win condition who get win condition now? OMEGALUL LUL
icepath talent pls carry OG BlessRNG
its balanar's skill you heralds LUL
Optic Gaming real OG #Greendream PogChamp
12k nw LD coming online LUL
NO BEAR NO BRAN OMEGALUL LUL
End it finally ... BrokeBackEnd it finally ... BrokeBackEnd it finally ... BrokeBack
I can't maintain the casters level of hype NotLikeThis
Someone save us from this NotLikeThis
oh my word this caster FailFish
ICE MADE YOU FortOne katzmeHehe Squid4
chat is the best caster BrokeBack
Thomas Shelby What party ? cmonBruh
wtf this casters are high? OG 1 barracks left :D
LOSING MMR JUST BY HEARING CASTERS BrokeBack
xp gain talent, Herald chat FailFish
needs it online as much as he can? WAT? BrokeBack
STUPID CASTERS STUPID CASTERS . FailFish
Win condition who is winning now? OMEGALUL LUL
SO TANKY OH MY WORD COMING THROUGH Kreygasm
I feel like OG has more than any other team Mau5
STUPID CASTERS STUPID CASTERS 1 FailFish
RAT DOTO BEST DOTO lUL LUL
LOUDER !!!! LOUDER !!!! LOUDER !!!! LOUDER !!!! 1 SwiftRage
MC NP MC GOD TI WINNER PogChamp
simple stun what a stun BrokeBack
im getting out of breath from listening to this caster LUL
this caster is ing all over the mic Kreygasm
stop plz my ears are tired NotLikeThis
gag these casters for next game BlessRNG
now he's been below GH for 20minutes FailFish
Honestly dude i never see notail on the top of the net worth LUL
ONE Caster is okay, the other is terrible FIRED SwiftRage
stop yelling my head hurts NotLikeThis
i just googled notail networth BrokeBack
LOUDER !!!! LOUDER !!!! LOUDER !!!! LOUDER !!!! LOUDER !!!! LOL SwiftRage
Hard to win? the problem is teamfight now herald caster BrokeBack
CALL THE CASTER HES CRYING BibleThump
Im Sorry Pls dont yell BabyRage
LOUDER !!!! LOUDER !!!! LOUDER !!!! LOUDER !!!! LOUDER !!!! I CAN'T HEAR SwiftRage
cant hear u Louder plz Kappa
Imagine being as bad as Notail LUL
HAHAHA BLADE MAIL VS WR LUL
bad game bas casters fake hype haHAA LUL
Nice blademail bug killed 7Mad FailFish
KICK THIS CASTER KICK THIS CASTER SwiftRage
OH MY WORD then WHAT A STUN LUL
@RickyCastell BULLDOG WAS RIGHT BULLDOG WAS RIGHT PogChamp
@peekgame BULLDOG WAS RIGHT BULLDOG WAS RIGHT PogChamp
322 vs 322 = great game by caster BrokeBack
TL just playing with OG LUL
WHAT A [insert spell name] WHAT A [insert spell name] WHAT A [insert spell name] PogChamp
@OmegaSui BULLDOG WAS RIGHT BULLDOG WAS RIGHT PogChamp
IM NOT YELLING. THIS IS JUST HOW I TALK BrokeBack
WHAT A STUN WHAT A WORD WHAT A CASTER BrokeBack
322 vs 322 = great game by caster c BrokeBack
so these are the 2 casters... BrokeBack
@Artzwar BULLDOG WAS RIGHT BULLDOG WAS RIGHT PogChamp
that game needs a real hype caster SwiftRage
WHAT A [insert spell name] WHAT A [insert spell name] PogChamp
WHY HATE ON THE CASTERS DansGame
322 vs 322 = great game by caster nsn BrokeBack
HALEY JOEL OSMENT + KINGRD LUL
1 game is enough with this casters WutFace
THEY JUST NEED MORE DAMAGE LUL
This Caster more like Cancer,,,ruining my day WutFace
redeye doesnt even know their names LUL
the casters were fine, its on the sound guys.... chat BrokeBack
KYLE KICKED FOR THIS BULLDONG? LUL
CHANGE CASTERS !!! CHANGE CASTERS !!! FailFish
D O N G E R PogChamp
where they found this British caster LUL
2 best teams wait about LGD DansGame
Who is the first ? Kappa
90 kg beast not bald LUL
NOT BALD NOT FAT BULLDOG PogChamp
MY DONGER! I CAN'T CONTROL IT KappaPride
Well, MindControl is still fatter than Bulldog! Kappa
Bulldog looks like he has some kind of degenerative disease WutFace
EU TEETH EU TEETH . WutFace
I CANT CONTROLL MY DONGER DansGame
REPLACE NO TAIL WITH BULLDOG SwiftRage
2K TOWER DMG WITH LONE DRUID LUL
Promoted BSJ - I see what you did there Cap LUL
FAKE BULLDOG NOT FAT N BALD WutFace
NOT FAT NOT BALD UNSUB DansGame
Bdawg 2nd best NP MC DansGame
BAN ME HERE TEA EYE WINNER LUL
NOT FAT NOT BALD MY BULLDOG KappaPride
NO PAIN? MOAR LIKE NO BRAIN LUL
WTF HIS VOICE SO DEEP LUL
this scene is too long KappaPride
NO AFS BLOCK IN 2K18?? admiralC LUL
IM THE BOSS OF THIS GYM KappaPride
@toxicson69 seems like one to me :)
intro is too long just start already KappaPride
NoTail LOOK AT HIM IN THE EYES KappaPride
CHAT IS SO HOMOPHOBIC IN 2018 LUL
You are a perfect flower BibleThump
they haven't even got top 4 BrokeBack
everything can work but only pick pusher nobrain LUL
GET TO THE GOOD PART KappaPride
dont follow the guide if you're scared of KappaPride
intro is taking too long guys KappaPride
SHOW HIM YOUR BIG HERO BUILDS KappaPride
if u follow torte guides u are KappaPride
Dont follow the guide if you're scared of KappaPride
type 1 if you'd marry notail KappaPride
if n0tail can't play anymore he needs to become a caster, that voice Kreygasm
want me to nerf your heros now or wath ? OSFrog
look scrim play - eat love pray LUL
WE THPOKE A LIL BIT KappaPride
just start the main part guys KappaPride
He has eyes on Fly KappaPride
why is chat keep ing KappaPride
G A Y B O Y S KappaPride
IM HALF + HALF mingLee AND I GET BULLIED TriHard
ANY DARYLS IN CHAT? 7 TriHard
THERE ARE NO ROLES IN DOTA there is no "pos 5 2 FailFish
michael cohen go back to trump LUL
@noxx1234567 IM IN A Country tho MingLee
T R T E D E L I N I KappaPride
No Good luck lul for next match MingLee
Michael Cohen taking a break from money laundering LUL
TorteDeLini aka, Mike Tyson of Dota Kappa
TorteDeLini aka, gay Mike Tyson of Dota Kappa
Master of P G G E R LUL
JUST BE VP AND YOU'LL BEAT LIQUID LUL
Swedish Steve-O Swedish Steve-O Swedish Steve-O DansGame
CARRIED BY CAP AGAIN OMEGA LUL
hello my name is henrik, and this is a sweatsuit cocktail LUL
Admiralbulldog: DONT HEA R ANYTHINK FROM ME, IM JUST ADS BloodTrail
JUST PICK S QOP LOL 4Head
@swordmaster100 u missed a hyped game cmonBruh
LuL Flaming A PRO PLAYERS LUL
B U L L D O G PogChamp
one more " " and im out LUL
I mean 2nd best NP DansGame
2 hero pool I MEAN 2 word pool BrokeBack
NA doto best doto ??? LUL
@epicenter_en1 Can you pass these on to @admiralbulldog please THANKS!!!! ResidentSleeper
THIN BULL DOG NOT BALD PogChamp
who is this thin dude PogChamp
i dunno what to say BrokeBack
Bulldog is so hot TBH KappaPride
BULLDONG Being humble in Panel LUL
EYES ON THE FLOOR BETADOG LUL
where is the 250kg beast BibleThump
@epicenter_en1 can u pls tell this to @AdmiralBullddog ResidentSleeper
Give us game and shut these bums up SwiftRage
bulldog not fat and no bald WutFace
Hi guys, huge NAVI dota fan here. 🙂 I looked at the schedule and I can't seem to find NAVI team there. Yikes! 😞 There must be a mistake. Can anyone let me know when they are playing? I can't wait to see them win Epicenter XL. :D
HI GUYS IM GAY NO ONE WILL NOTICE KappaPride
BULLDOG IS HANDSOME GUYS stay Positive :)
NO ATTACK SPEED ON MAELSTROM LUL
NO MIRACLE VS EVIL MIRACLE BibleThump
you cant kick the founder of OG LUL
oh my word waiting room ResidentSleeper
IS THIS GAME 1 ?? Kappa
@admiralbulldog cant ban me here ResidentSleeper
You are playing against Liquid. You do not ban Prophet because you can counter it. Liquid instantly picks Prophet. You lose against Liquid. You ban Prophet next time you play against Liquid because you're not stupid. FailFish
When twitch emote become daily word DansGame
WHAT NOW MAMOON THE BABOON SoBayed
Bulldog even analyse without memes DansGame
WHAT NOW MAMOON THE BABOON . SoBayed
bulldog is like a grown special ed kid who can only talk in memes. i feel sorry for him but at least he has money :)
finally talking in mEmEs Begins in PRO CAST muhahaha LUL
DOTA IS A HEALTHY META... ResidentSleeper
LIQUID WITH ALWAYS SAME PICKS, SUCH FUN TEAM ResidentSleeper
FIRST PICK NP BULLDOG MUST BE PROUD PogChamp
1 + 1 + 1 + 1 + 1 + 1 = 600 BrokeBack
Any daryls here ? ? cmonBruh
Picking Lone druid against MATU LUL
0 MAJOR WINS 0 TEAMS IN TOP 8 DPC 50% NON AMERICAN PLAYERS MUST BE NA # SoBayed
too bad water boy is banned OSFrog
TI CHAMPS vs TI CHUMPS LUL
1 MORE "XD" AND I AM OUT SwiftRage
He cant bann me here ResidentSleeper
2 1 MORE "XD" AND AM OUT SwiftRage
silly people cant appreciate silence....gotta love it when people are that uncomfortable with themselves LUL
I DONT KNOW I DONT KNOW I DONT KNOW DansGame
missed hype team china in shanghai BibleThump
when you pair pros with these analysts you see how little the analysts know BrokeBack
No energy analyst > overhyped castors LUL
NAVI DIRECT INVITED OG DIRECT INVITED PogChamp
💖 🌸 use your cute emote to make this chat cute 💖 🌸 . TriHard
I MEAN UMM I MEAN UMM BrokeBack
@admiralbulldog Can't ban me here ResidentSleeper
use your cute emote to make this chat cute TriHard
ES last pick for quit LUL
💖 🌸 use your cute emote to make this chat cute 💖 🌸 TriHard
Lol the sign says 'Navi will win anyway' LUL
our road is getting over here NotLikeThis
going to ti8 as toilet cleaner DendiFace
EPICENTER is just a tournament DendiFace
as if Liquid's draft couldn't get more boring PogChamp
damn ABA gg END ez liquid win LUL
ABBADON cant ban me here SoBayed
~~VoHiYo only real WEEB can build this perfect pyramid . Try like me !Try like me ! Try like me !! And my pyramid still higher!!!!!! VoHiYo
TB is the way OG PogChamp
PL so bad this game LUL
asialbiah: Hello dendi 📞 this is kuro 📞 what should i pick? 📞 Wait ill look up in my super losing bible 📞 oh okay thanks 📞 DendiFace
PL gonna take over this game PogChamp
is that a slim bulldog PogChamp
OG BACK TO ILLUSION HEROES BrokeBack
Notail back to illu hero..SURE WIN SoBayed
OH MY WORD THESE CASTERS NotLikeThis
H M Y W R D LUL
OH MY WORD OH MY WORD OH MY WORD BrokeBack
OH MY WORD R CASTING FailFish
JON SNOW AND SAM TARLY LUL
NOT FAT NOT BALD STILL FUNNY THIS IS MAH BULLDOG PogChamp
How is the caster with the lisp better than the other one NotLikeThis
broken audio AND these casters NotLikeThis
Pls dont get these casters in final BrokeBack
2k? THESE CASTERS ARE 1K LUL
no stun liquid no stun LUL
4 melee heroes vs viper LUL
yikes only real WEEB can build this perfect pyramid . Try like me !Try like me ! Try like me !! And my pyramid still higher!!!!!! VoHiYo
WEEBS 👉 🚪 WEEBS 👉 🚪 WEEBS 👉 🚪 WEEBS 👉 🚪 DansGame
WЕEBS 👉 🚪 WEEBS 👉 🚪 WEEBS 👉 🚪 WEEBS 👉 🚪 DansGame
haha only real WEEB can build this perfect pyramid . Try like me !Try like me ! Try like me !! And my pyramid still higher!!!!!! - VoHiYo
WЕЕBS 👉 🚪 WEEBS 👉 🚪 WEEBS 👉 🚪 WEEBS 👉 🚪 DansGame
WEEBS OUT 👉 🚪 WEEBS OUT 👉 🚪 DansGame
3 cam never miss kill LUL
haha only real WEEB can build this perfect pyramid . Try like me !Try like me ! Try like me !! And my pyr VoHiYo
only real WEEB can build this perfect pyramid . Try like me !Try like me ! Try like me !! And my pyramid still higher!!!!!! VoHiYo: gg VoHiYo
hahaa only real WEEB can build this perfect pyramid . Try like me !Try like me ! Try like me !! And my pyramid still higher!!!!!! I DID IT VoHiYo
: only real WEEB can build this perfect pyramid . Try like me !Try like me ! Try like me !! And my pyramid still higher!!!!!! VoHiYo
WЕЕВS 👉 🚪 WЕEBS 👉 🚪 WEEBS 👉 🚪 WEEBS 👉 🚪 DansGame
hahaaa only real WEEB can build this perfect pyramid . Try like me !Try like me ! Try like me !! And my pyramid still higher!!!!!! VoHiYo
haha only real WEEB can build this perfect pyramid . Try like me !Try like me ! Try like me !! And my pyramid still higher!!!!!! !!!! VoHiYo
haha only real WEEB can build this perfect pyramid . Try like me !Try like me ! Try like me !! And my pyramid still higher!!!!!! ., VoHiYo
you think mods can help you? LUL
haha only real WEEB can build this perfect pyramid . Try like me !Try like me ! Try like me !! And my pyramid still higher!!!!!! VoHiYo- VoHiYo
haha.. only real WEEB can build this perfect pyramid . Try like me !Try like me ! Try like me !! And my pyramid still higher!!!!!! VoHiYo
zzzqahaha only real WEEB can build this perfect pyramid . Try like me !Try like me ! Try like me !! And my pyramid still higher!!!!!! VoHiYo
THE ONLY GOOD WEEB IS DEAD WEEB cmonBruh
@PimpmuckL If you don't help us who will? :(
✌ 🌸 use your cute emote to make this chat cute ✌ 🌸 ✌ 🌸 use your cute emote to make this chat cute ✌ 🌸 3 TriHard
hah only real WEEB can build this perfect pyramid . Try like me !Try like me ! Try like me !! And my pyramid still higher!!!!!! 2 VoHiYo
enough is enough, this chat is not supposed to be a cappucino pasterino party, please show some manner and lets watch this great plays coming up by s LUL
✌ 🌸 use your cute emote to make this chat cute ✌ 🌸 ✌ 🌸 use your cute emote to make this chat cute ✌ 🌸 4 TriHard
HAHAH only real WEEB can build this perfect pyramid . Try like me !Try like me ! Try like me !! And my pyramid still higher!!!!!! VoHiYo
can everyone please stop spamming the chat room please thank you :)
NOT THESE CASTERS AGAIN OMG NotLikeThis
haha only real WEEB can build this perfect pyramid . Try like me !Try like me ! Try like me !! And my pyramid still higher!!!!!! 2 VoHiYo
Liquid is NO STUN GAMING :(
HOW MANY GAMES DID I MISSED BibleThump
S4 so smart pls comment on what he is doing SwiftRage
haha haha haha only real WEEB can build this perfect pyramid . Try like me !Try like me ! Try like me !! And my pyramid still higher!!!!!! VoHiYo
5: haha only real WEEB can build this perfect pyramid . Try like me !Try like me ! Try like me !! And my pyramid still higher!!!!!! VoHiYo
haha... only real WEEB can build this perfect pyramid . Try like me !Try like me ! Try like me !! And my pyramid still higher!!!!!! VoHiYo\ VoHiYo
WЕЕВS 👉 🚪 WЕЕBS 👉 🚪 WЕEBS 👉 🚪 WEEBS 👉 🚪 DansGame
@B_o_r_i_s YOU GO OUT YOU GO OUT PunOko
ˢʷᵉᵃʳ ᵗᵒ ᵍᵒᵈ ᶦᶠ ᵃᶰʸ ᵒᶠ ʸᵒᵘ ᵖᶫᵉᵇˢ ᶜᵒᵖʸ ᵃᶰᵈ ᵖᵃˢᵗᵉ ᵗʰᶦˢ ʸᵒᵘ ʷᶦᶫᶫ ᵇᵉ ᶦᶰ ˢᵉʳᶦᵒᵘˢ ᵗʳᵒᵘᵇᶫᵉ LUL
only real WEEB can build this perfect pyramid . Try like me !Try like me ! Try like me !! And my pyramid still higher!!!!!! . VoHiYo
Troll looks like Casey Neistat LUL
haha only real WEEB can build this perfect pyramid . Try like me !Try like me ! Try like me !! TriHardTriHard And my pyramid still higher!!!!!! TriHard
CHAT SO DUM B VOID IS NS SKILL LUL
WEEBS OUT WEEBS OUT WEEBS OUT DansGame
haha only real WEEB can build this perfect pyramid . Try like me !Try like me ! Try like me !! And my pyramid still higher!!!!!! VoHiYo.. VoHiYo
haha only real WEEB can build this perfect pyramid . Try like me !Try like me ! Try like me !! And my pyramid still higher!!!!!! . TriHard
WEEBS 👉 🚪 WEEBS DaWEEBS 👉 🚪nsGame 👉 🚪 WEEBS 👉 🚪 DansGame
: haha only real WEEB can build this perfect pyramid . Try like me !Try like me ! Try like me !! And my pyramid still higher!!!!!! VoHiYo. VoHiYo
Mods in 2018 Mods in 2018 Mods in 2018 LUL
haha only realYOINKER can build this perfect pyramid . Try like me !Try like me ! Try like me !! And my pyramid still higher!!!!!! . TriHard
haha only real WEEB can build this perfect pyramid . Try like me !Try like me ! Try like me !! And my pyramid still higher!!!!!! VoHiYo,. VoHiYo
MODS MODS MODS MODS MODS WutFace
📞 HELLO GUYS 📞 LIVING LEGEND HERE 📞 WHY SO QUIET? 📞 OMEGALUL DendiFace
: haha only real WEEB can build this perfect pyramid . Try like me !Try like me ! Try like me !! And my pyramid still higher!!!!!! VoHiYo... VoHiYo
Mods in 2018 Mods in 2018 LUL
haha only real WEEB can build this perfect pyramid . Try like me !Try like me ! Try like me !! And my pyramid still higher!!!!!! VoHiYo... VoHiYo
haha only real DARYL can build this perfect pyramid . Try like me !Try like me ! Try like me !! And my pyramid still higher!!!!!! , TriHard
hahah only real WEEB can build this perfect pyramid . Try like me !Try like me ! Try like me !! And my pyramid still higher!!!!!! VoHiYo
WOAW HE USED HIS TP PogChamp
HES EVERYWHERE, 3 kills in 8 minutes BrokeBack
haha only real DARYL can build this perfect pyramid . Try like me !Try like me ! Try like me !! And my pyramid still higher!!!!!! 123 TriHard
haha only real DARYL can build this perfect pyramid . Try like me !Try like me ! Try like me !! And my pyramid still higher!!!!!! 123 asdsad TriHard
haha only real DARYL can build this perfect pyramid . Try like me !Try like me ! Try like me !! And my pyramid still higher!!!!!! 123 sdsd TriHard
Chat, DONT GOOGLE OTOKONOKO DELIVERY! WutFace
PL DIED to a troll? LUL
@saito4752 I think i found the ANELE
Why is brexit casting this match??? NotLikeThis
hahah only real DARYL can build this perfect pyramid . Try like me !Try like me ! Try like me !! And my pyramid still higher!!!!!! TriHard
haha only real DARYL can build this perfect pyramid . Try like me !Try like me ! Try like me !! And my pyramid still higher!!!!!! 123 a TriHard
Notail farm vs Miracle farm LUL
: hahaha only real DARYL can build this perfect pyramid . Try like me !Try like me ! Try like me !! And my pyramid still higher!!!!!! TriHard
haha only real WEEB can build this perfect pyramid . Try like me !Try like me ! Try like me !! And my pyramid still higher!!!!!!! VoHiYo
: only real DARYL can build this perfect pyramid . Try like me !Try like me ! Try like me !! And my pyramid still higher!!!!!! TriHard
haha only real WEEB can build this perfect pyramid . Try like me !Try like me ! Try like me !! And my pyramid still higher!!!!!!!!! VoHiYo
haha only real WEEB can build this perfect pyramid . Try like me !Try like me ! Try like me !! And my pyramid still higher!!!!!!!! VoHiYo
: only real DARYL can build this perfect pyramid . Try like me !Try like me ! Try like me !! And my pyramid still higher!! TriHard
0 MАJOR WINS 0 TEAMS IN TOP 8 DPC 50% NON AMERICAN PLAYERS MUST BE NA SoBayed
: only real DARYL can build this perfect pyramid . Try like me !Try like me ! Try like me !! And my pyramid still higher!!!! TriHard
0 MАJОR WINS 0 TEAMS IN TOP 8 DPC 50% NON AMERICAN PLAYERS MUST BE NA SoBayed
1 0 MAJOR WINS 0 TEAMS IN TOP 8 DPC 50% NON AMERICAN PLAYERS MUST BE NA SoBayed
Chat, DONT GOOGLE OTOKONOKO DELIVERY WutFace
haha only real DARYL can build this perfect pyramid . Try like me !Try like me ! Try like me !! And my pyramid still higher!!!!!! 123 asdasd TriHard
mods ??? mods ??? mods ??? mods ??? mods ??? mods ??? cmonBruh
1 hahaha only real DARYL can build this perfect pyramid . Try like me !Try like me ! Try like me !! And my pyramid still higher!!!!!! TriHard
He died of viper poison... FailFish
DIVE AT TIER 2 G LUL
WHY IS NAGA SIREN BANNED DansGame
hahaa haha only real DARYL can build this perfect pyramid . Try like me !Try like me ! Try like me !! And my pyramid still higher!!!!!! TriHard
ha only real DARYL can build this perfect pyramid . Try like me !Try like me ! Try like me !! And my pyramid still higher!!!!!! TriHard
OG FeelsBadMan Na'Vi FeelsBadMan A IANCE FeelsBadMan LUL
CHAT DONT GOOGLE OTOKONOKO DELIVERY! WutFace
hahahahahaha only real DARYL can build this perfect pyramid . Try like me !Try like me ! Try like me !! And my pyramid still higher!!!!!! TriHard
hahaha only real DARYL can build this perfect pyramid . Try like me !Try like me ! Try like me !! And my pyramid still higher!!!!!! TriHard; TriHard
a man of bad culture VoHiYo
hahaha only real DARYL can build this perfect pyramid . Try like me !Try like me ! Try like me !! And my pyramid still higher!!!!!! TriHard.. TriHard
only real DARYL can build this perfect pyramid . Try like me !Try like me ! Try like me !! And my pyramid still higher!!!!!! 1 TriHard
HahahaTriHard only real DARYL can build this perfect pyramid . Try like me !Try like me ! Try like me !! And my pyramid still higher!!!!!! TriHard
hahaha only real DARYL can build this perfect pyramid . Try like me !Try like me ! Try like me !!!! And my pyramid still higher!!!!!! TriHard
@PajkattDota CCNC using PJ's accpunt LUL
Chat is full of monkaS TheIlluminati
hahaha only real DARYL can build this perfect pyramid . Try like me !Try like me ! Try like me !!!! And my pyramid still higher!!! TriHard
Hahahah only real DARYL can build this perfect pyramid . Try like me !Try like me ! Try like me !! And my pyramid still higher!!!!!! TriHard
haha2 only real WEEB can build this perfect piiramid . Try like me !Try like me ! Try like me !! And my piiramid still higher!!!!!! VoHiYo
HMM SEEMS LIKE A GUD IDEA OSFrog
hahaha only real DARYL can build this perfect pyramid . Try like me !Try like me ! Try like me !!!! And my pyramid still higher.!!! . TriHard
Look, only real DARYL can build this perfect pyramid . Try like me !Try like me ! Try like me !! And my pyramid still higher!!!!!! TriHard
WHAT A JUKE ??? casters BrokeBack
WHAT A JUKE!! IDIOT CASTER BrokeBack
NO BRAIN PLAY AND NO BRAIN CAST BrokeBack
low cd on low level? caster NotLikeThis
WHAT A JUKE .. OPS LUL
haha only real WEEB can build this perfect piiramidTPFufun . Try like me !Try like me ! Try like me !! And my piiramid still higher!!!!!! TPFufun
Look at me only real DARYL can build this perfect pyramid . Try like me !Try like me ! Try like me !! And my pyramid still higher!!!!!! TriHard
am i watching premier league now!?!?!? PogChamp
peanut butter on my balls let the dog lick it FrankerZ
haha only real DOG can build this perfect piiramid . Try like me !Try like me ! Try like me !! And my piiramid still higher!!!!!! WutFace
1 haha only real WEEB can build this perfect piiramid . Try like me !Try like me ! Try like me !! And my piiramid still higher!!!!!! TPFufun
peanut butter on my ballz let the dog lick it FrankerZ
haha only real NOBRAIN can build this perfect piiramid . Try like me !Try like me ! Try like me !! And my piiramid still higher!!!!!! WutFace
hahahaha only real DOG can build this perfect piiramid . Try like me !Try like me ! Try like me !! And my piiramid still higher!!!!!! WutFace
2haha only real WEEB can build this perfect piiramid . Try like me !Try like me ! Try like me !! And my piiramid still higher!!!!!! TPFufun
someone pull these casters off NotLikeThis
hahahahaha only real DOG can build this perfect piiramid . Try like me !Try like me ! Try like me !! And my piiramid still higher!!!!!! WutFace
TEMPO CONTROLLER WIN CONDITION LET'S JUST USE BUZZWORDS TO SEEM COMPETENT BrokeBack
hahahhahahaha only real DARYL can build this perfect pyramid . Try like me !Try like me ! Try like me !! And my pyramid still higher!!!!!! cmonBruh
NOBRAIN networth x 2 = Miracle NW LUL
WALL?! MAKE DOTA GREAT AGAIN LUL
@lincolnxs Original Gangster they dont have exact meaning Kappa
Slardar such a useless hero ResidentSleeper
why buy ward when you can be the ward LUL
slowest roshan of all time LUL
: haha only real DARYL can build this perfect pyramid . Try like me !Try like me ! Try like me !! And my pyramid still higher!!!!!! TheIlluminati
DO THEY KNOW ? ? OpieOP
They saw the smoke with the ward they were just talking about "Do they know" NotLikeThis
n0tail feeding, never seen that before PogChamp
got the aegis lost the game LUL
They would've won the fight if they had fought with notail :)
NOBRAIN go to the cliff la LUL
s carrying the game again 4Head
lack of stun lack of lockdown BrokeBack
10 FPS stream donuts major BrokeBack
OG MORE LIKE GG GO HOME LUL
NOTAIL TAKE MY BRAIN \ / SwiftRage
another day another oh my words LUL
ANY LAST WORDS OG FANS SoBayed
jerax left liquid for this NotLikeThis
gets kited by a viper LUL
TY TEAM 9X1 AGAIN S4 LUL
lvl 18 troll vs lvl 13 pl FailFish
OG? More like GG SoBayedSoBayed OG? More like GG OG? More like GG SoBayed
NA CASTERS >>>>>>>>>> EU CASTERS LUL
OG? More like GG SoBayedSoBayed OG? More like GG OG? More like GG l SoBayed
1 k caster coming through LUL
kick kuro change to rtz Kappa
pipe DK with no magic SeemsGood
not a lot of magic? viper? FailFish
microfire or microrypte? hahah LU LUL
ANOTHER ONE BITE ZA DUSTO LUL
aha only real DARYL can build this perfect pyramid . Try like me !Try like me ! Try like me !! And my pyramid still higher!!!!!! .. TriHard
Anyone else thinking "oh really" whenever these casters try to be clever? SMOrc
s4 Carrying the game wtf PogChamp
This caster is so bad and dumb LUL
haha only real DARYL can build this perfect pyramid . Try like me !Try like me ! Try like me !! And my pyramid still higher!!!!!! .2 TriHard
hahaha only real DARYL can build this perfect pyramid . Try like me !Try like me ! Try like me !! And my pyramid still higher!!!!!! || TriHard
these casters actually get paid LUL
dont type "XD" its annoying FailFish
haha only real DARYL can build this perfect pyramid . Try like me !Try like me ! Try like me !! And my pyramid still higher!!!!!! 7 TriHard
: haha only real DARYL can build this perfect pyramid . Try like me !Try like me ! Try like me !! And my pyramid still higher!!!!!! TriHard
ahahahahaha only real DARYL can build this perfect pyramid . Try like me !Try like me ! Try like me !! And my pyramid still higher!!!!!! TriHard
MY CS MY CS MY CS MY CS TriHard
hahaha only real DARYL can build this perfect pyramid . Try like me !Try like me ! Try like me !! And my pyramid still higher!!!!!! 7 cmonBruh
haha only real DARYL can build this perfect pyramid . Try like me !Try like me ! Try like me !! And my pyramid still higher!!! . TriHard
mod please behaviour chat has broke WutFace
\ / \ / \ / \ / TriHard
haha only real DARYL can build this perfect pyramid . Try like me !Try like me ! Try like me !! And my pyramid still higher!!!!!! OMEGALUL TriHard
S4 TO SECRET S4 To Secret BlessRNG
a mexican standoff is between 3 party FailFish
📞 Hello OG?! 📞 Local Bus here 📞 You have 5 seats for the hotel and warm pizza 📞 See you at the lower bracket 📞 4Head
only real DARYL can build this perfect pyramid . Try like me !Try like me ! Try like me !! And my pyramid still higher!!!!!! TriHArd TriHard
MODS HALP SO MANY DARYLS MODS HALP SO MANY DARYLS WutFace
OH FeelsGoodMan MY FeelsGoodMan WORD FeelsGoodMan LUL
haha only real DARYL can build this perfect pyramid . Try like me !Try like me ! Try like me !! And my pyramid still higher!!!! .. TriHard
📞 Hello OG? Did you guys want to hang out? 📞 DendiFace
@smokingganja13 tobiwan casts pubg now 4Head
haha only real DARYL can build this perfect pyramid . Try like me !Try like me ! Try like me !! And my pyramid still higher!!!! .2 TriHard
only real DARYL can build this perfect pyramid . Try like me !Try like me ! Try like me !! And my pyramid still higher!!!! . TriHard
TYPICAL 2K GAME NO DUST LUL
2k Chat dust for what? FailFish
don't wander too far, S4. LUL
2K chat you dont need dust to win FailFish
LOCKED IN A LOVING GAZE LUL
ONE More XD and i will Cut my Big fat Staff SwiftRage
haha only real DARYL can build this perfect pyramid . Try like me !Try like me ! Try like me !! And my pyramid still higher!!!!!! CoolStoryBob
NOTAIL CARRY NOTAIL CARRY NOTAIL CARRY BrokeBack
WHAT ARE U DOING THERE FailFish
OG? More like GG OG? More like GG OG? More like GG OG? More like GG SoBayed
been banned 4 times from chat for complaining about casters but apparently this trash is fine FailFish
cant win with this nobrain DendiFace
why does jakiro buy euls? BrokeBack
what does eul's do for jakiro 1k caster LUL
can you guys please stop spamming in the chat room please thank you :)
haha only real DARYL can build this perfect pyramid . Try like me !Try like me ! Try like me !! And my pyramid still higher!!!!!! ! cmonBruh
BACK TO BACK DEATHS BY NO BRAIN LUL
WHAT DOES A EULS SCEPTER DO BrokeBack
GG PL ALWAYS DEAD NO FARM NotLikeThis
NOTAIL WAS THE PROBLEM . Kappa
CLASSIC 4 VS 6 LIQUID + NOBRAIN LUL
PepeHands OG tier 2 team BibleThump
OG IS BACK THEY SAID Jebaited
oh my word he dived LUL
good lord, Liquid. stop bullying OG. BibleThump
GO SUICIDE ISRAEL GOO GOO !! <3
liquid back to back ti winner BlessRNG
OG about to qualify for a bus ride home LUL
had to mute these casters, they just state the bloody obvious and give no insight into the actual game. its not worth hearing their garbage when i can just put on some music or watch in game. such a shame considering this is a major LUL
i think the casters are doing a great job please stop flaming the casters please thank you :)
had to mute these casters, they just state the bloody obvious and give no insight into the actual game. its not worth hearing their garbage when i can just put on some music or watch in game. such a shame considering this is a major. Jebaited
CHAT STOP BOOLYING CASTERS s BibleThump
haha only real DARYL can build this perfect pyramid . Try like me !Try like me ! Try like me !! And my pyramid still higher!!!!!! . . TriHard
: haha only real DARYL can build this perfect pyramid . Try like me !Try like me ! Try like me !! And my pyramid still higher!!!!!! . TriHard
had to mute these casters, they just state the obvious and give no insight into the actual game. its not worth hearing their garbage when i can just put on some music or watch in game. such a shame considering this is a major Kappa
had to mute these casters, they just state the obvious and give no insight into the actual game. its not worth hearing their garbage when i can just put on some music or watch in game. such a shame considering this is a major LUL
CHAT STOP BOOLYING CASTERS PepeHands BibleThump
TELL ME MORE ABOUT MIRACLE NETWORTH CoolStoryBob
📞 Hello OG?? 📞 Local Bus here 📞 You have 5 seats for the hotel and warm pizza 📞 See you at the lower bracket 📞 4Head📞 Hello OG?? 📞 Local Bus here 📞 You have 5 seats for the hotel and warm pizza 📞 See you at the lower bracket 📞 4Head
K U R K E Y LUL
BE NICE PUT A ON THE END OF TH PASTA :)
CHAT STOP BOOLYING CASTERS . BibleThump
@ODPixel HEY THERE CAST GOD :)
@ODPixel I had to mute these casters, they just state the bloody obvious and give no insight into the actual game. its not worth hearing their garbage when i can just put on some music or watch in game. such a shame considering this is a major. :(
had to mute these casters, they just state the bloody obvious and give no insight into the actual game. its not worth hearing their garbage when i can just put on some music or watch in game. such a shame considering this is a major NotLikeThis
to mute these casters, they just state the obvious and give no insight into the actual game. its not worth hearing their garbage when i can just put on some music or watch in game. such a shame considering this is a major :)
miracle trying to manta dodge ice path LUL
MY CHAT EXPERIENCE MY CHAT EXPERIENCE MY CHAT EXPERIENCE NotLikeThis
Mind control Abbadon better than Sumail SeemsGood
had to mute these casters, they just state the bloody obvious and give no insight into the actual game. its not worth hearing their garbage when i can just put on some music or watch in game. such a shame considering this is a major. :)
had to mute these casters, they just state the obvious and give no insight into the actual game. its not worth hearing their garbage when i can just put on some music or watch in game. such a shame considering this is a major 4Head
: had to mute these casters, they just state the bloody obvious and give no insight into the actual game. its not worth hearing their garbage when i can just put on some music or watch in game. such a shame considering this is a major. :)
no booly casters are fine :)
ajor.10:49: ??????????10:49: had to mute these casters, they just state the bloody obvious and give no insight into the actual game. its not worth hearing their garbage when i can just put on some music or watch in game. such a shame considering this is a major. BabyRage
12 CHAT STOP BOOLYING CASTERS BibleThump
CHAT STOP BOOLYING CASTERS 3 BibleThump
NU CHAT STOP BOOLYING CASTERS BibleThump
@FleetyGuy be respectful for unqualified people, no way man :)
had to mute these casters, they just state the bloody obvious and give no insight into the actual game. its not worth hearing their garbage when i can just put on some music or watch in game. such a shame considering this is a major PunOko
poor s4 he should leave og FailFish
S4 1v9 S4 1v9 S4 1v9 S4 1v9 BibleThump
S4 AND 4 PLEBS VS TEA EYE WINNER LUL
*** arm leg by leg Kreygasm
not only s4 didnt feed but he was top networth both games LUL
ANY GROUP B FANGAYS ? 4Head
fake hype this game is ended already BrokeBack
s4 and jerax vs 8 FailFish
2 EZ FOR M GOD LUL
how is liquid playing safe LUL
1 BO 3 TOP 3 LUL
JERAX > GH JERAX > GH JERAX > GH PogChamp
PL AND DK FOR DEFENDING? LUL
had to mute these casters, they just state the obvious and give no insight into the actual game. its not worth hearing their garbage when i can just put on some music or watch in game. such a shame considering this is a major :(
Kick notail , get BSJ Kappa
mind control always behind miracle LUL
S4 top radiant net worth PogChamp
30k net worth to 12k LUL
What is he talking about Omegalul Castes ArsonNoSexy
Hello OG 📞 Reso speaking 📞 Good luck in open quals 📞 4Head
please call odpixel or somebody to cast the next games NotLikeThis
gh 0 - 1 Jerax LUL
I CAN'T WATCH THIS ANYMORE BibleThump
Any Daryls in the chat? TriHard
DO NOT GOOGLE DK NETWORTH WutFace
JERAX LEFT LIQUID FOR THIS? LUL
430 ms no boots tty icefrog LUL
D A M A G E OSFrog
WORST CASTERS IN THE WORLD LUL
TW is 15k AHEAD of the Dark Seer. LUL
2 butterfly > boots actually so smart PogChamp
doing so much dmg on miracle Kappa
anymatch OG meet Liquid so ez bet BloodTrail
OG? OG? OG? OG? OG? OG? SoBayed
hahahaha only real DARYL can build this perfect pyramid . Try like me !Try like me ! Try like me !! And my pyramid still higher!!!! . TriHard
who would have guessed LIQUID will WIN ResidentSleeper
GIVE GRANDGRANT CAST GIVE GRANDGRANT CAST SwiftRage
That was personal for miracle CoolStoryBob
JERAX LEFT FOR THAT OMEGA LUL
jerax left liquid remember? I remember 4Head
Jerax left liquid for this ? BibleThump
GH LIVING HIS DREAM BibleThumb BibleThump
@flamindude99 When does EG play today? Kappa
THE WAY THEY LOOK AT EACH OTHER KappaPride
k sorry i won't do it again BibleThump
had to mute these casters, they just state the bloody obvious and give no insight into the actual game. its not worth hearing their garbage when i can just put on some music or watch in game. such a shame considering this is a major. LUL
Cant wait to see more of these casters BrokeBack
stop noding pls its gay BrokeBack
TEAM LIQUID INVITE TO TI8 PogChamp
Oh My Cant find Word LUL
caster don't even have a desk LUL
pls don't ban me again BibleThump
250 KG BEAST OF HEL PogChamp
i'm stuck beneath you bulldog onii chan KappaPride
WHY SO THIN WHY SO THIN WHY SO THIN DansGame
wher did all of the 250 kg go DansGame
BULLDOG SUBS ? BULLDOG SUBS ? BULLDOG SUBS ? SoBayed
had to mute these casters, they just state the bloody obvious and give no insight into the actual game. its not worth hearing their garbage when i can just put on some music or watch in game. such a shame considering this is a major SwiftRage
BULLDOG SUBS ? BULLDOG SUBS ? SoBayed
250kg become 250g beast HAHAHAHA LUL
had to mute these casters, they just state the bloody obvious and give no insight into the actual game. its not worth hearing their garbage when i can just put on some music or watch in game. such a shame considering this is a major. FailFish
250kg become 250g beast HAHAHA LUL
JERAX VS MC WHERE IS MY BOY s ? 4Head
📞 HELLO OG? 📞 Local Bus here 📞 You have 5 seats for the hotel and warm pizza 📞 You will be JOINING NAVI and SECRET 📞 See you at the LOWER BRACKET 📞 4Head
why is Jerax compared with MC? DansGame
WHATS WITH THAT TONE ? cmonBruh
📞 HELLO OG!? 📞 Local Bus here 📞 You have 5 seats for the hotel and warm pizza 📞 You will be JOINING NAVI and SECRET 📞 See you at the LOWER BRACKET 📞 4Head
// if you are a BULLDOG FANGAY Clap // .. DansGame
NOT FAT HAS HAIR PROFESSIONAL TI WINNER PogChamp
3 times more dmg than 7ck PogChamp
who is this new talent PogChamp
Miracle's Troll doubled the PLs? 🤔 DansGame
📞 HELLO OG?? 📞 Local Bus here 📞 You have 5 seats for the hotel and warm pizza 📞 You will be JOINING NAVI, SECRET and other overrated teams 📞 See you at the LOWER BRACKET 📞 4Head
@ODPixel Why aren't you casting instead of these bad casters! DansGame
F I R E D LUL
OG = TRASH OG = TRASH LUL
washed up bulldog.. no talk.. ResidentSleeper
📞 HELLO OG!? 📞 Local Bus here 📞 You have 5 seats for the hotel and warm pizza 📞 You will be JOINING NAVI, SECRET and other overrated teams 📞 See you at the LOWER BRACKET 📞 4Head
JUST DON'T BE TRASH LOOOOL 4Head
SAYING A TEAM TRASH AS A PANEL LUL
OG vs FTM for major top 4? DansGame
OG MAKES OG LOOK BAD LUL
Did I hear trash ? PipeHype
DID SOMEONE CLIPPED THAT TRASH LUL
NOT FAT HAS HAIR LOOKS GREAT PROFESSIONAL PogChamp
: NOT FAT HAS HAIR LOOKS GREAT PROFESSIONAL PogChamp
NOT FAT HAS HAIR LOOKS GREAT PROFESSIONAL TI WINNER 1 PogChamp
Twitch Primef4lirazer: NOT FAT HAS HAIR LOOKS GREAT PROFESSIONAL TI WINNER PogChamp
NOT FAT HAS HAIR LOOKS GREAT PROFESSIONAL TI WINNER 11 PogChamp
@Morte7 NOT FAT HAS HAIR LOOKS GREAT PROFESSIONAL TI WINNER PogChamp
Time to watch Neymar to win some dotes PogChamp
@malmacore = Grey Face No spaces Kappa
@B_o_r_i_s NOT FAT HAS HAIR LOOKS GREAT PROFESSIONAL TI WINNER PogChamp
finally there is Trap music stream Kreygasm
@crispydoubled Hi guys, huge Navi dota fan here. I looked at the schedule and I can't seem to find any Navi team there. Yikes! There must be a mistake. Can anyone let me know when they are playing? I can't wait to see them win Epicenter XL. DendiFace
NОT FAT HAS HAIR LOOKS GREAT PROFESSIONAL TI WINNER MUST BE BULLDOG PogChamp
NОT FAT HAS HAIR LOOKS GREAT PROFESSIONAL TI WINNER PogChamp. PogChamp
TIER 1 TEAM VS TIER 5 LUL
NОT FAT HAS HAIR LOOKS GREAT PROFESSIONAL TI WINNER MUST BE BULLDOG . PogChamp
VP LIQUID UB FINALS AND GF BlessRNG
real final coming soon liquid vs vp PogChamp
why mineski is deleted ? LUL
song: FEARLESS - TAYLOR SWIFT Kappa
NaVI will win ti8.. coming from future LUL
Finally great to see admiralC on the Panel SeemsGood
Type 1 if RTZ will win TI8 BlessRNG
song : TULE - Fearless pt.II (feat. Chris Linton) :)
VP VS LIQUID GO GO GO PogChamp
Can't ban me here Can't ban me here ResidentSleeper
one more 'XD' and i'm out SwiftRage
@Kintsugee thanks man, all the best :)
Press 1 if RTZ > >> Miracle SeemsGood
can't russian just start the game earlier at least once ... always start on time or delayed ... never earlier .. cmonBruh
Weebs? Weebs? Weebs? Weebs? Weebs? Weebs? SoBayed
MODS? MODS? MODS? MODS? MODS? SoBayed
Psg thingy makes lgd look like eu team KappaWealth
Liquid vs VP on UB And Grand finals please BlessRNG
why VP lost to Navi LUL
NOT FAT HAS HAIR LOOKS GREAT PROFESSIONAL TI WINNER . PogChamp
1 TIME TO WATCH NEYMAR TO WIN SOME DOTES PogChamp
TI BATTLEPASS OUT CHECK REDDIT VisLaud PogChamp
B U L L D O G Kreygasm
0 MAJOR 0 TEAMS IN TOP 8 DPC 50% EU PLAYERS MUST BE NA SoBayed
IS REDEYE MAD AT eSports PGS LUL
Virtus Pr OMEGALUL vs PSR GD LUL
Virtus Pr OMEGALUL vs PSG GD LUL
Any NA dota fans here SoBayed
Battlepass is out HLTV CONFIRMED PogChamp
Is steve-o casting PogChamp,oh wait its bulldog LUL
NОT FAT HAS HAIR LOOKS GREAT PROFESSIONAL TI WINNER < PogChamp
What the hell is doing here DansGame
@Franklyn96 NOT FAT HAS HAIR LOOKS GREAT PROFESSIONAL TI WINNER PogChamp
bulldog lost all his weight due to his cocaine addiction Kappa
THIS GUY IS FAKE BULLDOG DansGame, bulldog doesnt have hair and fat DansGame
i mean i mean i mean 4Head
I MEAN OMEGALUL FOR SURE BrokeBack
Bulldog says they'll win must be opposite DansGame
I MEAN FOUR SHOE I MEAN POGGERS DansGame
I MEAN SUPER GOOD FOR SURE BrokeBack
Bulldog is most handsome panelist Kreygasm
it is because I say so, well played Bulldog BrokeBack
I mean , I mean :(
LOST WEIGHT MORE HAIR TI WINNER MUST BE BULLDOG admiralC KappaPride
he so slim so weird DansGame
Anyone got a huge cobra in the chat? Holla at cha boy Daryl TriHard
Admiralbulldog body language is alpha male towards Kyle LUL
10:13Twitch Primemescalette: LOST WEIGHT MORE HAIR TI WINNER MUST BE BULLDOG KappaPride
: LOST WEIGHT MORE HAIR TI WINNER MUST BE BULLDOG KappaPride
PREPARE YOUR LULS FOR SANSHENG LUL
Bulldog lookin like a snack KappaPride
FUTURE 3 TIMES TI WINNER MEETS TI3 WINNER PogChamp
BULLDOG GOING FOR MIRACLES GF LUL
I just exploded in my pants Kreygasm
ALPHA MALE admiralB admiralC admiralW Kreygasm
@epicenter_en1 Guys, it's "PSG" not "PGS" in the title Kappa
imagine PLAYERS giving MONEY to CURE CANCER isntead of TI8 COMPENDIUM...i also cant imagine it TTours
PSG ? OMEGALUL UEFA ? SoBayed
Guns KKona Do I hear guns WutFace
RAMSEZ 6 6 6 WOULD BE LUL
i wanna see vp lose just to hear the crowd 4Head
LGD got this FIFA got this DansGame
@shynnblue he is from Ukraine ;)
6 LETTERS START WITH N END WITH R ITS NEYMAR Kappa
Ramzes the Michael Cera of esports KonCha
the 322 if blood and flesh LUL
JUST USE SUBS JUST USE SUBS DansGame
THE ONE THE ONLY 322 LUL
K-DRAMA DUB K-DRAMA DUB K-DRAMA DUB PogChamp
RABA DUBA DUB RUBA DUB DUB DUB LUL
pls put a sub in BibleThump
Empire AKA Suicide watch list LUL
ITS NOT Kkonmrade WHEN YOU LISTEN IT DUBBED LUL
Why is his voice also 322-ing? LUL
Solo and pasha getting more women than Twitch chat LUL
CHAT all have WAIFUS too TehePelo
GET A WIFE FOR BULLDOG :(
TI8 finals liquid vs VP PogChamp
9 out of 11 DUB FailFish
@AliceXZ Actual Grille in chat :)
WHY DONT JUST SUB IT OMG this make me laugh LUL
I LOVE THIS ANIME DUB TehePelo
ITS BETTER USE SUBS THAN DUB BrokeBack
why not just put subtitles FailFish
BULLDOG IS THERE FOR THE MEMES LUL
haha hahaha only real DARYL can build this perfect pyramid . Try like me !Try like me ! Try like me !! And my pyramid still higher cmonBruh
hahahaha only real DARYL can build this perfect pyramid . Try like me !Try like me ! Try like me !! And my pyramid still higher cmonBruh
why arent u castin od LUL
Neymar left football for this LUL
I will move to Russia Kreygasm
lgd vs mineski for lower brack LUL
WHERE ARE THE CUTE BOYS ? KappaPride
PG LADY: NAVI, SEE U AT HEAVEN TehePelo
Eastern european girls are the best Kreygasm
sad team sad crowd salty people LUL
hahahaha only real DARYL can build this perfect pyramid . Try like me !Try like me ! Try like me !! And my pyramid still higher TriHard
YoureMySin i'll be waiting you KappaPride
@ICEICEICE_IXMIKE hahahahah what sorta name is that EleGiggle
Neymar Pos 1 , Cavani Pos 2 Kappa
GRILS ARE JUST A NUMBER DendiFace
only real DARYL can build this perfect pyramid . Try like me !Try like me ! Try like me !! And my pyramid still higher TriHard
where is my boy ? OpieOP
@bloer Sometimes I want to watch sophisticated content Kappa
lemme be ur mid solo imma be a good boy BabyRage
LADY AT VP SO PRETTY BloodTrail
Virtus Pr OMEGALUL vs GD LUL
magicdrop .pro /?ref=NKBO5j free 1$ ! <3
Can't control himself from meming 4Head
NO IN CROWD NO IN CROWD NO IN CROWD NO IN CROWD NO IN CROWD TriHard
russian's before they speak when they speak monkaS Kreygasm
When you tune in to watch dota and breaky casts BibleThump
my chat is deleted? hello? BabyRage
@MysticSynergyDota NO IN CROWD NO IN CROWD NO IN CROWD NO IN CROWD TriHard
when ur a grill but ur still socially awkward LUL
still can't see the bans though. :(
"uh ok" bulldog beta irl LUL
AGE OF SUB, LET SUB AND USING MONSTER SwiftRage
i want to see how to play kunkka BERRY well :)
admiralC /\ admiralB /\ admiralS4Head /\ admiralW /\ admiralPride My kinda team Clap :)
PSG NOW IN CHINA SUPER LEAGUE? PogChamp
monkaGIGA ...this emote looks so ugly to me DansGame
@Attackerdota I come here just for ADS PogChamp
KUNKKA MID @Attackerdota Already Wet PogChamp
last pick lion sup ok LUL
@Attackerdota hi sir please say hello to me PogChamp
@Attackerdota MA BOIZ BEST KUNKKA SwiftRage
I actually missed bulldog's face LUL
WHY IS DONGER SO SKINNY BibleThump
BullDOG: dont hear anythink i say, just hear anythink i make BloodTrail
HAS HAIR JAWLINE 1 CHIN DansGame
VP is not CIS (C) L L LUL
that disgusting goatee danFat KKomrade WutFace
Grant looking like a woman Kreygasm
ANY NA INFERIORS IN CHAT? LUL
grant is carryying eg in major PogChamp
NO MORE SHOUTING GRANT GRANT PogChamp
1 had to mute these casters, they just state the obvious and give no insight into the actual game. its not worth hearing their garbage when i can just put on some music or watch in game. such a shame considering this is a major BrokeBack
we need odpixel and fogg we need odpixel and fogg BabyRage
Does aghs counter trusk or tusk counter aghs LUL
@attackerdota when did you joined lgd? PogChamp
showing mid blocking instead of the first blood LUL
why show it like that? TTours
NEYMAR LEFT BARCA FOR THIS NotLikeThis
WHEN ARE NA INFERIORS PLAYING? LUL
he must have gotten bursted in 2 seconds Kappa
show on small for what TTours
3 CAMS BUT MISSES KILL LUL
3 SCREENS MISS ALL KILLS LUL
STILL MISS KILLS WITH 3 CAMS TTours
the are real wt faaaaaaaaaaaaaa TTours
DONT MIND ME MISSING ALL THE KILLS TTours
let the tilt soak in Kreygasm
3 cams still miss kills LUL
DAMN IT FEELS GOOD TO MISS ALL THE ACTION TTours
feels good to miss all kills TTours
Fish bump PDP SUBS conBruh cmonBruh
Lil Pump - Gucci gang KappaPride
That lighting in the booths looks awful WutFace
@GingerBaj Eliminated, win against VP for what LUL
KKomrade drunk on vodka, can't obs TTours
shields for VP shields for VP PurpleStar
3 v 1 Crowd goes wild LUL
@pantyhose4 he was he left LUL
Baiting tp 2 k chat FailFish
guys rodjer can't be rtz, hes actually a major winner Kappa
@Seoulstealer a lot of people think Rodjer looks like Arteezy SeemsGood
EVEN SEA HAS 1 MAJOR LUL
NO ONE LOSING MID TO KUNKKA LUL
NOONE LOSING TO KUNKKA MID LUL
missinv all the kills so far Clap TTours
my favorite emotes are monkaS SourPls and moon2S :)
0 wins for group A LUL
@Barrylob don't die man, you'll miss TI WutFace
man i can't wait to see rtz play chat can u tell me when an NA team is playing? OMEGALUL :)
a smoke and a finger 🚬 Kreygasm
literally just mention NA to trigger insecure Europoors LUL
any positive people in the chat? :)
NA DOTA ITS SO TRASH NA PLEB MAD? GO QUOTE ME KKona SoBayed
feels good watching VP and secret lose LUL
not understanding sarcasm must be NA LUL
NA DOTA ITS SO TRASH NA PLEB MAD? GO QUOTE ME KKona NA DOTA ITS SO TRASH NA PLEB MAD? GO QUOTE ME KKona SoBayed
Twitch Prime: Hi guys, huge EG dota fan here. I looked at the schedule and I can't seem to find any EG team there. Yikes! There must be a mistake. Can anyone let me know when they are playing? I can't wait to see them win Epicenter XL :)
OCEAN MAN TAKE ME BY THE HAND OSFrog
can someone tell me about daryl thing ? asking for friend :)
NA VI LOST TO THIS ? LUL
no good tower push with TA GYRO NP LUL
This Anti Racist Bot really is good PogChamp
He miscalculated so if Kunkka died they can go on lion. 1k chat NotLikeThis
Hi guys, sorry for my bad english. I am a Miracle fan boy and i hope that Liquid win this major :)
navi vs newbee at pub game PogChamp
Hi guys, Good Morning. Sorry for my bad england :)
luna is going to destroy in teamfights LUL
6 - 9, 4th grader : LUL
AUSSIE AUSSIE OI OI OI ooppss wrong game LUL
EU DOTA EU DOTA EU DOTA . LUL
@Searcher01 I hope they win it I support Arsenal man BibleTHump :)
WHERE U NOW VP FANGAYS LUL
👌 GOOD JOB MY CHILD OSFrog
You can’t for simultaneous kills idiots TTours
@SwaguarTV which team is EU right now braindead KKona FailFish
detection as bad as the mod LUL
tier 1 teams dont carry detection LUL
Hi guys, huge EG dota fan here. I looked at the schedule and I can't seem to find any EG team there. Yikes! :O There must be a mistake. Can anyone let me know when they are playing? I can't wait to see them win Epicenter XL. ... :)
@NA_HAS_WON_0_MAJOR_BY_FAR its so far not by far LUL
@BloeR BRB making NEW ONE LUL
@TriHard_ASZNEE HOLD TIGHT ASZNEEE MY BRUDDA TriHard
max range shard 2k CHAT OMEGA LUL
cooles farmer in the jungle TriHard
This Kunka Better That Attacker Kappa
Where's RTZ? Why is he missing the major? He's dreaming of winning a TI BabyRage
PSG LOSES IN THE LATER ROUNDS AGAIN NotLikeThis
2 dust for 196 gold LUL
2 dusts for 196 bounty hunter OSFrog
180 gold for 1 bh LUL
GO VP GOGOGO ez clap SwiftRage
COP COMING, RUN RUN RUN Kappa
360 gold for 196 gold BOUNTY LUL
Hi guys, huge EG dota fan here. I looked at the schedule and I can't seem to find any EG team there. Yikes! :O There must be a mistake. Can anyone let me know when they are playing? I can't wait to see them win Epicenter XL. OMEGALUL :)
solo missing every last hit LUL
I JUST FIXED my name now What Haters ? SoBayed
17 min = 32 kills LUL
WORTH OMEGALUL CIS Trashers? ? SoBayed
Today free chicken at KFC LUL
Grant cast saved Grant cast saved PogChamp
16 - 16 INTENSIVE GAME PogChamp
@moad_alami you cant say that word cmonBruh
FERRARI TA FERRARI TA FERRARI TA Kreygasm
NO ONE GOD OH MY GOODNESS PogChamp
VP COURIER IS NEVER ALIVE LUL
you cant question me, im power tripping mod SoBayed
2D WEEB GIRLS > 3D IRL GIRLS Kreygasm
eclopse is on CD you baboons NotLikeThis
@BloeR I CAN HEAR VILAТ LUL
TRYING TO MANFIGHT A TA LUL
wow he clicked his blink he must be the best PogChamp
NA BOAT LULNA BOAT LULNA BOAT LUL
literal timer on when TA will respawn Lion still cant time impale Jebaited
HE PRESSE BLINK CHAT IMPRESSED CLIP THAT PogChamp
From Pogchamp to so fast LUL
no bot, ask the mods to be positive SoBayed
CROWD? CROWD? CROWD? CROWD? CROWD? SoBayed
AM I IN GRAND FINAL ? DendiFace
Is navi back yet ? 4Head
Any furries in the chat? FrankerZ
haha only real WEEB can build this perfect pyramid . Try like me !Try like me ! Try like me !! And my pyramid still higher!!!!!! VoHiYoaa VoHiYo
@toiky99 tsundere weebs out 🗡️ PunOko
haha only real WEEB can build this perfect pyramid . Try like me !Try like me ! Try like me !! And my pyram VoHiYo
there is no such thing as a weeb, thats just a joke. nobody literally likes anime LUL
THIS IS NOW A WEEB CHAT Tehepelo TPFufun
Dont over use monka or I am out SwiftRage
hahaa only real WEEB can build this perfect pyramid . Try like me !Try like me ! Try like me !! And my pyramid still higher!!!!!! 123 VoHiYo
Dont over use monkaS or I am out SwiftRage
hahaa only real WEEB can build this perfect pyramid . Try like me !Try like me ! Try like me !! And my pyramid still higher!!!!!! 4 VoHiYo
Dont over use monka or I am out guys SwiftRage
EE EE EE EE xxxBO only real SAYIN can build this perfect pyramid xxxWD xxxOW . Try like me !Try like me !!!! Try like me !!!! xxxPR xxxAI xxxSE And my like me ! Try like me !! And my pyramid still higher!!!!!! 123 VoHiYo
hahaa only real POGGERS POGGERS can build this perfect pyramid VoHiYoVoHiYo . Try like me !Try like me ! Try like me !! And my pyramid still higher!!!!!! VoHiYo
love the new trap dmg? OSFrog
PSG left ligue 1 for this NotLikeThis
no one is a trap KappaPride
LUNA ULTI FOR NEXT X'MAS LUL
hahaa only real WEEB can build this perfect pyramid . Try like me !Try like me ! Try like me !! And my pyramid still higher!!!!!! 5 VoHiYo
28 28 1k lead My finest creation OSFrog
CUTE CHAT only real WEEB can build this perfect pyramid . Try like me !Try like me ! Try like me !! And my pyramid still higher!!!!!! VoHiYo
Hi guys, huge EG dota fan here. I looked at the schedule and I can't seem to find any EG team there. Yikes! :O There must be a mistake. Can anyone let me know when they are playing? I can't wait to see them win Epicenter XL. rtzW3 :)
BUY A NU FIER PLEASE LUL
haha! only real WEEB can build this perfect pyramid . Try like me !Try like me ! Try like me !! And my pyramid still higher!!!!!! VoHiYo
Haha only real WEEB can build this perfect pyramid . Try like me !Try like me ! Try like me !! And my pyramid still higher!!!!!! VoHiYo
type 1 if u already F@P TODAY Kappa
so many close escapes this game Kreygasm
VP FANS WHERE U AT LUL
right click for 10 seconds LUL
2 GG LGD 1-0 VP GROUP B FANGAYS ? LUL
This is just a great game PogChamp
CROWD ? CROWD ? CROWD ? CROWD ? CROWD ? SoBayed
fy control on point that ghost schepter SeemsGood
THREE HUNDRED TWENTY TWO DOLLAR panicBasket
Cant hear you Crowd ?? SoBayed
cute chat is the best TPFufun
CROWD ? CROWD ? CROWD ? CROWD ? SoBayed
Leauge 50k viewers; Dota 225k viewers LUL
WHY CHAT IS SAYING NEYMAR? LUL
coward i hope they lost MingLee
PSG. Neymar / PSG. Cavani / PSG. DiMaria / PSG. DanielAlves / PSG ThiagoSilva PogChamp
VP elimination drawing closer any last words? SoBayed
WHY CHAT IS SAYING NEYMAR? . LUL
@epicenter_en1 Ramzes couldn't do a thing because he was inside the sprout LUL
Ramzes best player in the world LUL
WAKANDA FOREVER WAKANDA FOREVER WAKANDA FOREVER TriHard
nice sup by de maria PogChamp
crowd crowd crowd crowd crowd SoBayed
FINALLY A GOOD MATCH TODAY ResidentSleeper
Is there a crowd ? Kappa
> What should I buy? LUL
what should i buy ? LUL
322 vs. 322 = 644 BabyRage
@QUOTE_ME_IF_MIRACLUL only miracle no miraclul LUL
PLS SAVE MY ARCANAS VP!!!! WutFace
69 69 69 69 69 69 LUL
Neymar 2014 World Cup Doto Jebaited
actually smart play by bounty dont lul him chat PogChamp
hero creating space for creeps LUL
NEW BATTLE PASS CHECK REDDIT PogChamp
satanichahaa only real WEEB can build this perfect pyramid . Try like me !Try like me ! Try like me !! And my pyramid still higher!!!!!! VoHiYo
Sansheng warding guide Sansheng warding guide Kreygasm
U N H E A L A B L E Mau5
7 x 1 Neymar Doto LUL
"Cis is located in europe" BULLDOG LUL
AME TOO DAMN STRONG, whole lgd team dies, LUL
VP HATERS ? VP HATERS ? VP HATERS ? SoBayed
What now Neymar fanboys ? SoBayed
VP HATERS ? VP HATERS ? VP HATERS ? VP HATERS ? SoBayed
TIER 1 CASTERS TIER 1 CASTERS Kreygasm
Lion save the game actually PogChamp
fy and xnova god POGGERS Kreygasm
LION IS BACK IN META PogChamp
FY: Look at me. I'm the carry now Kappa
Want to see aghs Lion 4Head
under farmed he got his last item 4Head
NO DARYL ITS BORING Clap ResidentSleeper
Lion aghs Lion aghs Lion aghs BlessRNG
FY: "Look at me. I'm the carry now" TriHard
EU ? CIS here Is everything ok ? SoBayed
D 💿 C D 💿 C BCWarrior
lgd is good at throwing so dont worry vp will win even tho i dont like vp :D
3rd roshan and cant finish FailFish
ELEGIGGLE? ELEGIGGLE? ELEGIGGLE? ELEGIGGLE? ELEGIGGLE? SoBayed
Top radiant farmer = Very underfarm caster LUL
SOBAYED ? SOBAYED ? SOBAYED ? SOBAYED ? SOBAYED ? EleGiggle
LOOK AT ME. IM THE CARRY NOW TriHard
CANT SPELL NULLIFY WITHOUT FY PogChamp
only real WEEB can build this perfect pyramid . Try like me !Try like me ! Try like me !! And my pyramid still higher!!!!!! 4 VoHiYo
NEED OD TO CAST THIS GAME BibleThump
hahahaha only real WEEB can build this perfect pyramid . Try like me !Try like me ! Try like me !! And my pyramid still higher!!!!!! VoHiYo
LMAO NULLIFIER LIN FY GOD LUL
rats we're rats we're the rats Mau5
" if it was me " LUL
SO NEAR YET SO FAR LUL
sansheng warding guide sansheng warding guide PogChamp
Can run but can't hide OSFrog
I was gonna tell uyou something, NO I AM NOT HAHHAHAH SIIIIKKE 4Head
stage of the game bois OSFrog
sansheng warding guide sansheng warding guide monkaS PogChamp
SEEMS OK TO ME . OSFrog
VP deserves the lost for putting leg on table called it LUL
666 RQ 666 RQ 666 RQ 666 RQ BabyRage
Best team in the world Kappa
CROWD 7 CROWD 7 CROWD 7 SoBayed
FY GOD I LOVE YOUUUUUUUUUUUUUUUUU <3
2 Chat? Chat? Chat? Chat? SoBayed
top 5 or higher LOL LUL
nice GAME Neymar is in the house <3
B A G U E T T E PogChamp
RAMZES NO GG INSTA DISCONNECT BabyRage
STAGE PANEL is this TI? PogChamp
TIER 1 VS TIER 1 PogChamp
PARIS EU DOTA PARIS EU DOTA PogChamp
ALLONS ENFANTS DE LA PATRIE! Kreygasm
GrandGrant carrying EG on Epicenter PogChamp
((( ))) BULLDOG INC BOIS PogChamp
GRANT looks stylish beside BREAKY LUL
JOUR DE GLOIRE EST ARRIVE! PogChamp
Guy on the right is most American looking guy ever LUL
RUSKI IN DA HOUSE SAY DansGame
DONT CHECK REDDIT DONT CHECK REDDIT Jebaited
MY BELLY IS HUGE MY BRAIN HAS DELAY YOU GUESSED IT RIGHT I'M FROM NA / EleGiggle
260k plus viewers Alive game PogChamp
GRANT and BREAKY are a good casting tandem SeemsGood
PANEL? PANEL? PANEL? SoBayedPANEL? PANEL? SoBayed\ SoBayed
@kiram_tu_kosse_nanat avaz kn khoob nist PeoplesChamp
PANEL ? PANEL ? PANEL ? SoBayed
He is so awkwardly quiet LUL
EVERYBODY went VP on the panel, including me. BibleThump
@MohammadHosseinglp in altame. yeki dige dashtam twitch ban dad asabi shodam ino dorost kardam LUL
UNDER PRESSUE cant resist not singin KappaPride
They all went for VP LUL
BULLDOG WEARING A SUIT admiralW PogChamp
2 5 0 k g b e a s t LUL
Dog Can't Permaban Panel Members LUL
@kiram_tu_kosse_nanat okey vali avaz kn SeemsGood
PSG de maria must be the problem PogChamp
I MEAN I MEAN I MEAN NotLikeThis
PSG sponsor LGD Rich Oil man 4Head
I MEAN I MEAN I MEAN LUL
Oh no, it broke on panel :(
ITS JUST SO EVEN EHM VERY EVEN 4Head
EG waiting room EG waiting room EG waiting room EG waiting room EG waiting room ResidentSleeper
guys tell me why bulldog didnt stream? :(
This is the face of a true frenchman LUL
you need to watch rick and morty to understand bulldog analysis 4Head
BULLDOG hiding in his shell :(
this is why sing2 retired, bcs someone jsut like him LUL
bulldog wants to sleep so hard LUL
NOT GIVING CREDIT TO LGD LUL
Goddamn at least bulldog looks good Kreygasm
BULLDOG LOOKS SO GOOD IN THE SUIT PogChamp
@DotACapitalist dont be sick and bulldog wouldnt have to analyze DansGame
sir bulldog bdog bdog sir BrokeBack
SAY NO TO CYBER BULLYING BibleThump
lgd won the game cos ramzes on gyro LUL
NOT 250 KG BEAST ANYMORE PogChamp
it's psg, eu pride for sure PogChamp
@DotACapitalist tell bulldog his suit is 9/10 PogChamp
HE CHOKE BOYS HE CHOKE BOYS DansGame
BERRY GOOD ANALYSIS BERRY GOOD ANALYSIS SeemsGood
BULLDOG AT STREAM BULLDOG AT PANEL ResidentSleeper
Can i get a "1" if youre here for Bulldog?? KappaPride
Hi, my name is VEGA MEGA SEGA MEGA Hahahahaha < I am just so funny, wtf did I just SAY HAHAHA LUL
Not a 250 kg beast PogChamp
Bulldog got addicted to Crack LUL
global silence casted global silence casted BloodTrail
growing beard still has no child pepehands feelsbadman i hope i will be able too see bdawg jr :(
Not Bald Not 250 KG TI Winner Gets all the chicks Must be BULLDAWG t h i c c PogChamp
ADS I WANNA SEE BULLDOG DansGame
Not Bald Not 250 KG TI Winner Gets all the chicks Must be BULLDAWG t h i c c PogChamp. PogChamp
guys, you just dont get ads because if prime, not because of adblock FailFish
If you are from a third world contry you don't get ads PogChamp
LIL? MORE LIKE L U L LUL
guys when is EG playing?? thank you :)
You dont skip FY GOD DansGame
pretending on a serious stream maybe he wasn't pretending after all LUL
finally chat without spamming 'XD' SeemsGood
Who is that fat clown on the panel? :)
@DotACapitalist stup bullying orakly pls NotLikeThis
1 HIT TRIPLE KILL 1 HIT TRIPLE KILL OSFrog
VP deserved that! they are too cocky SeemsGood
KUNKKA SEEMS GOOD TO ME OSFrog
They got Steve-O on the panel? PogChamp
Not Bald Not 250 KG TI Winner Gets all the chicks Must be BULLDAWG . PogChamp
Bulldog = STEVE-O on crack LUL
KYLE swing and a miss FailFish
steve o casting dota 2 now? LUL
there are 3 ban BTW LUL
is EG playing next?? thank you chat :)
3 HERO POOL TI WINNER LUL
please buff the lone druid LUL
I MEMBER DONGER PRO PLAYER :(
Who is this handsome 250kg Beast in the middle? PogChamp
I mean ya know yeah OpieOP
SOmeone give Bulldog a drink to relax BibleThump
only an ALPHA can make the conversation of a cast BE ALL ABOUT HIM at a major <3
bulldog actually giving quality insights SeemsGood
Who is EG playing next? SoBayed
you cant ban me here ResidentSleeper
@GamerDudeMarche dont be so edgy cmonBruh
CN > SEA > CIS > EU > SA > arabia > NA LUL
Bulldong saving hero strats for TI9 Kappa
he only speaks when spoken to beta LUL
GAME 4 only 3 games max in grup LUL
B l l d o g ResidentSleeper
Hey guys big eg fan anyone know when they play? :D
bulldog just doesnt talk what are they paying him for OMEGALUL LUL
@A_TRIHARD_GOTTA_EAT hey dumbo you missed the meme timing :)
@epicenter_en1 we came here for bulldog pls let him talk :)
can you ban me here bulldog?? 4Head
he hasnt said anything in 10 mins LUL
@a_trihard_gotta_eat Not at this tournament :)
@epicenter_en1 we came here for bulldog pls let him talk , :)
hey guys i have a good idea lets put bulldog on the panel that way his stream won't steal viewers from us he doesnt have to talk or do anything interesting as long as his stream isnt up SeemsGood
@orcky99 he can he mod here LUL
Can't band me here 250kg beast bald monkaS BrokeBack
hey guys i have a good idea lets put bulldog on the panel that way his stream won't steal viewers from us he doesnt have to talk or do anything interesting as long as his stream isnt up / SeemsGood
FURION ALL THE WAY TO TI VICTORY LUL
1 more xd iam out SwiftRage
Bulldog talking about hero pools SoBayed
hey guys i have a good idea lets put bulldog on the panel that way his stream won't steal viewers from us he doesnt have to talk or do anything interesting as long as his stream is down SeemsGood
hey guys i have a good idea lets put bulldog on the panel that way his stream won't steal viewers from us he doesnt have to talk or do anything interesting as long as his stream is down //.. SeemsGood
BULLDOG CLOWN OF THE PANEL LUL
I MEAN YOU KNOW ? DansGame
lone druid, furion old days Kappa
HE IS THINKINH BOUT IT cmonBruh
I KNOW MAN I KNOW WutFace
Chat show love to BDAWG :)
YOU KNOW BrokrBack I MEAN BrokeBack
He said relevant things without hesitating PogChamp
Slark is back BSJ confirmed TI8 champion PogChamp
you are doing great bulldog :)
fk KYLE LET BULDOG SPEAK LUL
I MEAN I MEAN I MEAN I MEAN .. BrokeBack
@janneeyyy be careful, theres a kyle fanboy in here and he gets triggered LUL
I MEAN I MEAN I MEAN I MEAN CoolStoryBob
hey guys i have a good idea lets put bulldog on the panel he doesnt have to talk as long as his stream doesn't steal our viewers SeemsGood
100% WINRATE 100% WINRATE 100% WINRATE . WutFace
hey guys i have a good idea lets put bulldog on the panel he doesnt have to talk as long as his stream doesn't steal our viewers / SeemsGood
drink every time says I mean DansGame
hey guys i have a good idea lets put bulldog on the panel he doesnt have to talk as long as his stream doesn't steal our viewers // SeemsGood
hey guys i have a good idea lets put bulldog on the panel he doesnt have to talk as long as his stream doesn't steal our viewers /// SeemsGood
I MEAN YOU KNOW YEAH I MEAN BrokeBack
hey guys i have a good idea lets put bulldog on the panel he doesnt have to talk as long as his stream doesn't steal our viewers ./ SeemsGood
@Fogged Calling out for your partner KappaPride
IN AUDIENCE = WATCH ON PHONE LUL
Stop breathing in the mic WutFace
@DotACapitalist are you gonna cast rtzW3 vs at TI grand finals this year? DendiFace
VP ? VP ? VP ? SoBayed
WHERE IS NA ? WHERE IS NA ? WHERE IS NA ? SoBayed
psg out of champions league :D
MEME PROPHET AND B GRADE MEME LUL
FY RUBICK FY RUBICK FY RUBICK FY RUBICK Kreygasm
MEMEING IN THE PANEL . LUL
noone can ban me here ResidentSleeper
haHAA i cringe at everything ♿ BrokeBack
you think FY 3-0 on rubick is good? Try Rodjer 15-0 on SK LUL
LGD picking same draft classic CN dota ResidentSleeper
AW or WD are both great picks for LGD BlessRNG
Thats why we watch bois Kreygasm
The cameraman is a goddamn hero PogChamp
THAT'S A TRAP Y'ALL ARE GHEY LMAO KappaPride
What was that never seen it in my life admiralC DansGame
can you even see with eyes like this? LUL
Needs This kind of cameraman In every tournament Kreygasm
Cameraman knows what twitch chat wants Kreygasm
no ArcWarden or WindRunner FeelsBadMan (both buffed) NotLikeThis
press 1 if you are here only for bulldog memes Kappa
skinny bulldog pls eat more sir BibleThump
ET spammer still cant play ET must be fogged EleGiggle
blade mail axe kills troll troll doesn't have a ton of armor BrokeBack
EZ Kyle is a stock broker LUL
cant analyze better say fifty fifty SoBayed
G R A N T Kreygasm
EZ kyle is at it again LUL
ALWAYS PREDICT VP AND LIQUID LUL
chat would u still want the OH MY WORD casters? CoolStoryBob
everyone talk to the camera man BlessRNG
How much for rubik set? DansGame
make heroes of newerth great again Kreygasm
I forsenOMEGA at the er’s LUL
both mid heroes are blue NotLikeThis
@risa1992 : come to me KappaPride
WUT UP MY FELLOW KNEEGAS? TriHard
I need 6 eyes for these WutFace
i have only 2 EYES WutFace
I ONLY HAVE 2 EYES NotLikeThis
Plebs who only have 2 eyes FailFish
IM BLIND I DON'T SEE THE PROBLEM ShadyLulu
only 2 eyes in 2018 LUL
Surely we can't miss fb with 3 obs Kappa
CHAT IS BUNCH OF GOOBERS LUL
best way to avoid just have the 3 lanes in 1 screen TTours
only 2 eyes in 2k18 LUL
MISS? DONT WORRY WE GIVES 3 TTours
u double ur eyes if u wear glasses Kappa
70k viewers and no XD in chat Kreygasm
@minhnhat93 why so many ? Kappa
NOT PRETTY MUCH, IT LITERALLY IS LUL
lordoh freezer is gone thank god BlessRNG
3 ulties CHU MEAN ? OSFrog
I don't like VP. Noone is a fat kid BabyRage
DONT TRY TO FLAME ME CHAT OSFrog
70K viewers and no in chat XD PogChamp
PUT TANK IN A MALL cmonBruh
Chat, should I watch DONGTALES 36 or this game ? 🤔 HeyGuys
yeah, sure glimpse the axe, so your taunted mates follow him into the enemy team Kappa
NoOne Tiltiiing on 3, 2, 1... Kappa
What now 322 ?, wanna bet ? SoBayed
Battlepass IS OUT Battlepass IS OUT PogChamp
Who talking in Background ? DansGame
2k MMR dogs without dusts v Bounty godnes LUL
0 MAJOR WINS 0 TEAMS IN TOP 8 DPC 50% NON AMERICAN PLAYERS MUST BE NA SoBayed. SoBayed
0 MAJOR WINS 0 TEAMS IN TOP 8 DPC 50% NON AMERICAN PLAYERS MUST BE NA a s d SoBayed
Go Vp 1 : 2 BlessRNG
Hey guys NA dota fan here. Can someone tell me when EG or Optic play? Thanks :)
GUYS PLEASE! Stop giving NA so much credit by flaming them! They are really not relevant enough to talk about them when CN plays vs CIS! SwiftRage
ARTIFACT GAME IS OUT ARTIFACT GAME IS OUT PogChamp
Level 2 Jinada, What now level 2 Shuriken fangays ? SoBayed
@Neil_thehunter : Brother from same mother PogChamp
0 MAJOR WINS 0 TEAMS IN TOP 8 DPC 50% NON AMERICAN PLAYERS MUST BE NA a SoBayed
why CIS casters sound like Gachi ? DansGame
GUYS PLEASE! Stop giving NA so much credit by flaming them! SwiftRageThey are really not relevant enough to talk about them when CN plays vs CIS! SwiftRage
@Invalidusr thought so, much better than the Brits PogChamp
HELP !! what is that rubik set??? :o
why is VP in the lead? DansGame
@ares2201 FYI my country code is 227 SeemsGood
@ReeBeckAh GrandGrant casting I'm watching at work. Amazing stuff Kreygasm
R U S S I A ? SoBayed
Terror was better kill but k LUL
Impossible to counter Rodjer SK LUL
@Neil_thehunter : I love 322 more Kappa
Nice work in the game balance GabeN SeemsGood
vSoBayed 0 MAJOR WINS 0 TEAMS IN TOP 8 DPC 50% NON AMERICAN PLAYERS MUST BE NA SoBayed
chat we coo? chat we coo? cmonBruh
@Moobot Stop spamming its rude :)
JUNGLE AXE JUNGLE TROLL JUNGLE OD NotLikeThis
Any Dog lovers?, Dogs are delicious MingLee
who smokes like that troll is in the jungle and kunkka is missing LUL
china go home eat dogs MingLee
NA = USA NA = USA NA = USA NA = USA BrokeBack
Chat is full of daryl\s FailFish
yeah troll is rly bad to do rosh with :)
dont type xd its dumb FailFish
game is boring, so chat is enabled LUL
@sing_up21 ? CHU SAY ? cmonBruh
mods mute me for using but they let racists go T.T :D
Troll OD cant do rosh Kappa
@BTSdota dude I just saw this movie literally finsishd it LUL
AME SO BAD NO SUNDER LUL
no one did not die FailFish
don't tag him chat wtf homie cmonBruh
" he will get it " Kappa
DONT TAG HIM. U WILL GET 2 DAY BAN NotLikeThis
YOU DON'T COPY THE NAME WHEN YOU COPY THE PASTA FailFish
MegaLizard: YOU DON'T COPY THE NAME WHEN YOU COPY THE PASTA FailFish
Hi guys, huge EG dotа fan here. I looked at the schedule and I can't seem to find any EG team there. Yikes! There must be a mistake. Can anyone let me know when they are playing? I can't wait to see them win Epicenter XL. :)
sigma_rexion: Zhul0r: MegaLizard: YOU DON'T COPY THE NAME WHEN YOU COPY THE PASTA FailFish
MODS IS ALIVE , BEHAVE CHAT Kappa
WHAT DO THE NUMBERS MEAN WutFace
I'm here for your elections MrDestructoid
OMEGALUL PUTIN BOTS OMEGALUL 151615615611561651 LUL
This bounty hunter tho, its a ward but with LEGS DendiFCe LUL
that's how the skill works DansGame
Chat so fast no one can see I'm gay KappaPride
TI WAITING ROOM LAST HUMAN TI MrDestructoid
hey @fourplayy how was the zai stream earlier :)
whats with the doc cd? someone whisper 4Head
Chat, your memes are weak today Step up your game POGGERS DansGame
casual large area insta kill, instant cast nuke OSFrog
Cheating Doc LOOOOL That's the joke haha 4Head
if only grant could seal intelligence :)
SANSHENG ? Neymar ? Cavani ? SoBayed
don't be racist be nice :)
D 📀 C 24,99$ SUB LUL
don't be nice be racist :)
Bounty Hunter is a mobile wards LUL
💖 GabeN 🌸 use your kawaii emote to make this chat kawaii 💖 🌸 OSFrog
@Mikelorus wow u changed my mind i was racist b4 but now im cured :)
haahaaa only real WEEB can build this perfect pyramid . Try like me !Try like me ! Try like me !! And my pyramid still higher!!!!!! VoHiYo
@Perm please gas the weebs BlessRNG
I googled twitch chat IQ I googled twitch chat IQ WutFace
: haahaaa only real WEEB can build this perfect pyramid . Try like me !Try like me ! Try like me !! And my pyramid still higher!!!!!! VoHiYo
cz its twitch chat? do you expect intelligence conversation here LUL
I googled twitch chat average iq WutFace
@Perm some of us are smart smileyface :)
PSG waste money for this?? LUL
echo of the other casters WutFace
Both teams are playing great :)
SO MUCH SPACE BUT TB FARMING ? LUL
LGD MANAGER IS THE KING! :)
finally vp realized theres a item called dust LUL
NEYMAR LEFT BARCELONA FOR THIS LUL
Battle Pass is Out Download Update now guys. PogChamp
Neymar left Barca for this 4Head
KEEP GOING RACIST I LIKE IT DatSheffy
report pink please thank you :)
solo shrine and creep steal LUL
press 3 if u PMA :)
4-14? why not force gg already LUL
Ame so slow in farming FailFish
👉 chances of 4-20 📈 BlessRNG
monkaS 👉 📀 BOYISH GIGGLES EleGiggle
press if u like VP press if u like LGD too :)
FEELS GOOD TO MISS ALL THE ACTION . TTours
4 more 4 more 4 more PogChamp
TIME TO MISS ALL THE ACTION TTours
HYPE FOR SUNDER against 4 LUL
ITS GETTING CLOSER BOIS VapeNation PogChamp
Any wakanda citizen here ? TriHard
FROM FY GOD TO FY LUL
@ronskiiz if it happens, i will take one with you :)
he astraled a fade bolt PogChamp
holy f high level doto PogChamp
IT WAS RUBICK ASTRAL 1K CASTERS LUL
Privet. Vladimir Putin here. Doing great! Just remember: There are 5 empty spots in Siberian Prison if you lose. No pressure, just win. . BigBrother
what game is this ? no looks like fortinate 4Head
Crowd? Crowd? Crowd? Crowd? Crowd? SoBayed
@wekoolbruh thts for midone dumb NotLikeThis
Nice bb shaman got serpents SeemsGood
WHERE U ARE VP FANS LUL
VP IS BACK TO TRASH TIER WHAT NOW VP FANGAYS? SoBayed
NEYMAR LEFT BARCA FOR THIS LUL
Crowd we need to talk UncleNox
Hey guys, big NA Dota fan here. Can someone tell me when NA Dota is playing in this event? Im waiting to cheer for my boys EG, OpTic, and coL to satisfy some punks. Pls whisper me the schedule :)
Hey Virtus Pro, Vlad Putin here. Your president. Doing great! Just a reminder: There are 5 spots open in a Siberian Prison waiting for you if you don't win. No pressure! See you guys soon!! BigBrother
DOC RAID DOC RAID DOC RAID BCWarrior
KICKED L L FOR THIS LUL
人群 ? 人群 ? 人群 ? MingLee
CROWD DEAD CROWD DEAD CROWD DEAD BibleThump
CHINA WIN TI THIS YEAR :)
13 / 1 / 4 OSFrog
Hey guys, big NA Dota fan here. Can someone tell me when NA Dota is playing in this event? Im waiting to cheer for my boys EG, OpTic, and coL to satisfy some punks. Pls whisper me the schedule. :)
C R OMEGALUL W D ⁭ SoBayed
ti getting closer vp getting LUL
VP ? VP ? VP ? VP ? VP ? VP ? VP ? SoBayed
go home vp.. ohh wait u r already home LUL
N O O N E BabyRage
VP gets destroyed in game 3. Cya clawing in lower bracket HeyGuys
@bloer what did i tell you in gmae 1 ? SoBayed
VP best team in the world LUL
SANSHENG WAS RIGHT VP WAS LEFT SoBayed
JUST BLOW UP SLARK LOOOOL 4Head
WHAT NOE VP FANS ? SoBayed
4 cis teams and no one in the up finals LUL
BATTLE PASS IS UP !!!! Kreygasm
Sansheng was right now what chat ? SoBayed
AME > MIRACLE > RTZ Kappa
C R OMEGALUL W D ? C R OMEGALUL W D ? SoBayed
GROUP B ??? GROUP B ??? SoBayed
Best team in the world? Go Liquid! Kappa
VP FANGAYS? VP FANGAYS? VP FANGAYS? SoBayed
C R OMEGALUL W D ?C R OMEGALUL W D ?C R OMEGALUL W D ? SoBayed
GROUP B ??? GROUP B ??? GROUP B ??? GROUP B ??? SoBayed
NEYMAR DOTA NEYMAR DOTA NEYMAR DOTA PogChamp
VP FANGAYS? VP FANGAYS? VP FANGAYS? VP FANGAYS? SoBayed
MINESKI QUALIFIES WITH TOP 4? LUL
who dressed Grant? grantMmm grantMmm grantMmm LUL
gonna play vs my boi daryl TriHard
Gonna get eliminated by mineski LUL
that's not really a stack LUL
i like hot bulldog can't just sit still always doing smth LUL
GROUP B GROUP OF DEATH LUL
please someone post on bulldog reddit his face next to steve o face LUL
NOT HAVING ADBLOCK IN 2k18 LUL
ya'll so greedy adds everytime someone's on pannel :(
thank god for ads so i didnt have to listen to kyle Kappa
AD block oh wait ... LUL
I MEAN... Uh... You know yeaa.... FreakinStinkin
RODEJR 1 DOLLAR ECHO SLAMS LUL
Not using Ublock in 2018 LUL
Bulldog just repeats whatever Kyle says FailFish
REMEMBER TO SUBSCRIBE to get rid of ads // SeemsGood
If mineski wins VP conf top 3 SeemsGood
ANY NA APES HERE ? 4Head
cyborgmatt is right, no ads for me :)
VP is better than Liquid LUL
REDEYE? eSports? REDEYE? eSports? REDEYE? eSports? SoBayed
NO EG ? NO EG ? DansGame
See you Tomorrow Chat / BibleThump
NA? NA? NA? NA? NA? SoBayed
Puppey Saving Strats for TI... LUL
SECRET FANGAYS? SECRET FANGAYS? SECRET FANGAYS? SECRET FANGAYS? SoBayed
TI WINNER CALLED ME GOOD BabyRage
NOT EVEN TOP 10 NA OMEGA LUL
GUYS BATTLE PASS IS LIVE !! PogChamp
NA = NA in DPC EleGiggle
OG vs FlyToMoon and Mineski vs VP - prefectly balanced Kappa
GUYS BATTLE PASS IS LIVE !! . PogChamp
he is the 250kg best LUL
NA? WHERE YOU AT? AGAIN WINNING NOTHING? EleGiggle
1 NA? WHERE YOU AT? AGAIN WINNING NOTHING? EleGiggle
PUPPEY SAVING STRATS FOR TI 10 EleGiggle
1 major winner vs 3 majors winner LUL
Even NAVI beat Secret and VP LUL
———————————————————————— monkaS has been permanently banned from this channel imGlitch
Navi vs EG final match PogChamp
NA =USA NA =USA NA =USA NA =USA NA =USA BrokeBack
GROUP A monkaS GROUP B 4Head
@pazaah plz dont ban me mod :(
Navi final match waiting room ResidentSleeper
GimmeWhiskey has been permanently banned from this channel imGlitch
———————————————————————— You have been permanently banned from this channel.. imGlitch
BULLDOG HAS NO SOCIAL SKILL PepeHands BibleThump
monkaS has been permanently banned from this channel imGlitch
LEPO LEPO BibleThumpLEPO LEPO BibleThumpLEPO LEPO BibleThump
@Erica993 : Just stay cheerful and bless you <3
HAVE A GOOD ONE CHAT SEE YOU BibleThump
BATTLEPASS IS LIVE !! . PogChamp
Low key rolling a blunt LUL
SEE YA IN CHAT BULLDOG BibleThump
I dont care about anyone of you chat 4Head
PLAY LEPO LEPO OR RIOT BibleThump
SECREKT IN TI FORM ALREADY LUL
LEPO LEPO Aniki is always with us. Sleep tight, Aniki BibleThump
Sweedistanians allowed in russia, seems legit Kappa
SECRET REKT BY SEA TEAM LUL
@Erica993 : Trust me if it will be easy then it would be no fun, things will be fine SeemsGood
BATTLEPASS IS LIVE ! .. PogChamp
STOP BATTLE PASS IT WILL BE OUT IN 1 HOUR GabeN Jebaited
I dont know jack about this game :)
just got here, time for some dotes Kappa
Amazing New Skins on Battlepass !! PogChamp
📺 🔨 GIMME YOUR MONITORS FrankerZ
STOP BATTLE PASS , IT WILL BE OUT IN 1 HOUR GabeN Jebaited
BYE CHAT I CRI EVERYTIM BibleThump
BYE CHAT , SEE YOU SOMEDAY IN THE DUMPSTER BibleThump
battle pass guys check dota2 twitter PogChamp
Battlepass is OUT check reddit PogChamp
@epicenter_en1 why cant i link Liquipedia WutFace
battle pass immortal for Slark PogChamp
battle pass POGGERS techies immortal NotLikeThis
GO WAST MY MONEY IN COMPEDIUM LUL
Battle Pass will be out after this major bois just chill :)
no repel Troll ,repel ES LUL
@terrorman_ no more games today SeemsGood
WHERE THIS IS THIS NAVI ? LUL
I hope NA will play tomorrow :)
NA will playing in rerun LUL
NA is back at home LUL
WHEN IS NAVI PLAYING ?? LUL
Is NA dota any good :)
hey where is tier 1 team EG? SoBayed
cant win TIs cant win majors cant win wars must be NA LUL
NAVI AND SECRET IN THE AIRPORT LUL
Battlepass tomorrow at 8 pm, but don't tell anyone chat :)
