If SK looses against C9, WE WILL GO DIRECTLY TO SEMI FINALS <3
Semi och vi slipper FaZe!!!! :D
HEY ITALY HOW'S THAT WORLD CUP QUALIFIER GOING? EleGiggle
DENNA DatSheffyCHATT DatSheffyÄR DatSheffyNU DatSheffySVENSK DatSheffy
@lushungabir:Din mamma är en äcklig slampa vilket gör dig till en horunge :)
DENNA CHATT ÄR NU SVENSK DatSheffy
SPAM THIS CHIP TO HELP OUT NIP DoritosChip
DENNA CHATT ÄR NU SVENSK toastyDab1 toastyDab2 toastyDab3 toastyDab3 DatSheffy
SPAM THIS CHIP TO HELP OUT NIP DoritosChip
SPAM THIS CHIP TO HELP OUT NIP DoritosChip
SPAM THIS CHIP TO HELP OUT NIP DoritosChip
SPAM THIS CHIP TO HELP OUT NIP DoritosChip
@BasSmeistro123 i vote for forsen EleGiggle
SPAM THIS CHIP TO HELP OUT NIP DoritosChip
SPAM THIS CHIP TO HELP OUT NIP q DoritosChip
SPAM THIS CHIP TO HELP OUT NIP DoritosChip
SPAM THIS CHIP TO HELP NIP DoritosChip
SPAM THIS CHIP TO HELP OUT NIP DoritosChip
SPAM THIS CHIP TO HELP OUT NIP DoritosChip
SPAM THIS CHIP TO HELP OUT NIP DoritosChip
SPAM THIS CHIP TO HELP OUT NIP DoritosChip
SPAM THIS CHIP TO HELP OUT NIP DoritosChip
SPAM THIS CHIP TO HELP NIP DoritosChip
SPAM THIS CHIP TO HELP NIP DoritosChip
SPAM THIS CHIP TO HELP OUT NIP DoritosChip
SPAM THIS CHIP TO HELP OUT NIP DoritosChip
SPAM THIS CHIP TO HELP NIP DoritosChip
DENNA CHATT ÄR NU SVENSK DatSheffy
SPAM THIS CHIP TO HELP OUT NIP DoritosChip
SPAM THIS CHIP TO HELP OUT NIP DoritosChip
SPAM THIS CHIP TO HELP OUT NIP DoritosChip
HEY ITALY HOW'S THAT WORLD CUP QUALIFIER GOING? EleGiggle
SPAM THIS CHIP TO HELP OUT NIP DoritosChip
SPAM THIS CHIP TO HELP OUT NIP 2 DoritosChip
SPAM THIS CHIP TO HELP OUT NIP DoritosChip
SPAM THIS CHIP TO HELP OUT NIP DoritosChip
SPAM THIS CHIP TO HELP OUT NIP DoritosChip
SPAM THIS CHIP TO HELP OUT NIP DoritosChip4 DoritosChip
SPAM THIS CHIP TO HELP OUT NIP DoritosChip
SPAM THIS CHIP TO HELP OUT NIP DoritosChip
SPAM THIS CHIP TO HELP OUT NIP 2 DoritosChip
SPAM THIS CHIP TO HELP OUT NIP DoritosChip
SPAM THIS CHIP TO HELP OUT NIP DoritosChip
SPAM THIS CHIP TO HELP NIP DoritosChip
ITALY USA soccer is better than ITALY LUL
SPAM THIS CHIP TO HELP OUT NIP . DoritosChip
SPAM THIS CHIP TO HELP NIP DoritosChip
SPAM THIS CHIP TO HELP OUT NIP 2 DoritosChip
SPAM THIS CHIP TO HELP OUT NIP 2 DoritosChip
SPAM THIS CHIP TO HELP OUT NIP DoritosChip
SPAM THIS CHIP TO HELP OUT NIP DoritosChip
SPAM THIS CHIP TO HELP OUT NIP 1 DoritosChip
USA SOCCER > ITALY SOCCER 4Head
SPAM THIS CHIP TO HELP OUT NIP . DoritosChip
SPAM THIS CHIP TO HELP OUT NIP DoritosChip
SPAM THIS CHIP TO HELP OUT NIP DoritosChip
DoritosChipSPAM THIS DoritosChipCHIP DoritosChipTO HELP OUT DoritosChipNIP DoritosChip
SPAM THIS DoritosChipCHIP DoritosChipTO HELP OUT DoritosChipNIP DoritosChip
SPAM THIS CHIP TO HELP OUT NIP DoritosChip
SPAM THIS CHIP TO HELP OUT NIP 2 DoritosChip
SPAM THIS CHIP TO HELP OUT NIP DoritosChip
SPAM THIS CHIP TO HELP OUT NIP DoritosChip
SPAM THIS CHIP TO HELP OUT NIP DoritosChip
SPAM THIS CHIP TO HELP OUT NIP DoritosChip
SPAM THIS CHIP TO HELP OUT NIP DoritosChip
SPAM THIS CHIP TO HELP NIP DoritosChip
SPAM THIS CHIP TO HELP OUT NIP 1 DoritosChip
SPAM THIS CHIP TO HELP OUT NIP DoritosChipldoz0: device stupid DoritosChip
SPAM THIS CHIP TO HELP NIP DoritosChip
SPAM THIS CHIP TO HELP OUT NIP DoritosChip
SPAM THIS CHIP TO HELP OUT NIP DoritosChip
SPAM THIS CHIP TO HELP NIP DoritosChip
SPAM THIS CHIP TO HELP OUT NIP DoritosChip
HEY ITALY HOW'S THAT WORLD CUP QUALIFIER GOING? EleGiggle
SPAM THIS CHIP TO HELP OUT NIP DoritosChip
SPAM THIS CHIP TO HELP OUT NIP DoritosChip
@FxPiegus Does this look like choke9 to you? Kappa
DENNA CHATT ÄR NU SVENSK DatSheffy
SPAM THIS CHIP TO HELP OUT NIP DoritosChip
SPAM THIS CHIP TO HELP OUT NIP DoritosChip
DoritosChipDoritosChip SPAM THIS CHIP TO HELP OUT NIP DoritosChip
Can I spam here without racist mods? TriHard
SPAM THIS CHIP TO HELP OUT NIP DoritosChip
SPAM THIS CHIP TO HELP NIP 1 DoritosChip
HEY ITALY HOW'S THAT WORLD CUP QUALIFIER GOING? EleGiggle
casters are the best part LUL
SPAM THIS CHIP TO HELP NIP DoritosChip
SPAM THIS DoritosChipDoritosChip CHIP TO HELP OUT NIP DoritosChip
SPAM THIS CHIP TO HELP OUT NIP DoritosChip
SPAM THIS CHIP TO HELP OUT NIP DoritosChip
HEY ITALY HOW'S THAT WORLD CUP QUALIFIER GOING? EleGiggle
SPAM THIS CHIP TO HELP OUT NIP b DoritosChip
SPAM THIS CHIP TO HELP OUT NIP DoritosChip
HEY ITALY HOW'S THAT WORLD CUP QUALIFIER GOING? EleGiggle
SPAM THIS CHIP TO HELP OUT NIP DoritosChip
SPAM THIS BLOKE CAUSE BRAZIL IS A JOKE SoBayed
SPAM THIS CHIP TO HELP OUT NIP DoritosChip
SPAM THIS CHIP TO HELP OUT NIP DoritosChip
SPAM THIS CHIP TO HELP OUT NIP DoritosChip
SPAM THIS CHIP TO HELP OUT NIP 1@ESL_CSGOb DoritosChip
SPAM THIS DoritosChipDoritosChip CHIP TO HELP OUT NIP DoritosChip
SPAM THIS CHIP TO HELP OUT NIP DoritosChip
HEY ITALY! SEE YOU IN RUSSIA ! Kappa
NiP to semi if they win go go go SKÅL! PogChamp
SPAM THIS CHIP TO HELP OUT NIP DoritosChip
That's a tortilla not a chip Kappa
DoritosChipSPAM THIS DoritosChipCHIP TO HELP OUT NIP DoritosChip
CoolStoryBobCoolStoryBob SPAM THIS BOB ROSS IF YOU ARE A BOSS CoolStoryBob
SPAM THIS NOODLE TO HELP SKADOODLE pastaThat
SPAM THIS CHIP TO HELP OUT NIP DoritosChip
SPAM THIS CHIP TO HELP OUT NIP DoritosChip
SPAM THIS CHIP TO HELP OUT NIP DoritosChip
SPAM THIS DoritosChipDoritosChip CHIP TO HELP OUT NIP DoritosChip
SPAM THIS CHIP TO HELP OUT NIP DoritosChip
That's a tortilla not a chip Kappa
SPAM THIS ROSS IF YOU ARE A BOSS CoolStoryBob
DoritosChipSPAM THIS DoritosChipCHIP TO HELP OUT NIP DoritosChip
📞 HELLO ASTRALIS? 📞 AIRPORT HERE 📞 READY TO GO HOME? 📞 4Head
⎛⎛ tickle tickle the user above you Jebaited
SPAM THIS CHIP TO HELP OUT NIP DoritosChip
bye envy! they are out :D
NINJAS, NINJAS, NINJAS IN PYJAMAS!!! <3
SPAM THIS CHIP TO HELP NIP DoritosChip
SPAM THIS K 0 0 N TO HELP OUT PHOON RaccAttack
📞 HELLO ASTRALIS? 📞 AIRPORT HERE 📞 READY TO GO HOME? 📞 4Head
⎛⎛ tickle tickle the user above you Jebaited
SPAM THIS CHIP TO HELP OUT NIP DoritosChip
SPAM THIS CHIP TO HELP NIP DoritosChip
james should only cast matchmaking OR VoteYea
SPAM THIS CHIP TO HELP OUT NIP DoritosChip
Nip har 10 p nu!! :D
xms throws ty gg NiP <3
SPAM THIS CHIP TO HELP OUT NIP DoritosChip
SPAM THIS CHIP TO HELP OUT NIP DoritosChip
HEY ITALY HOW'S THAT WORLD CUP QUALIFIER GOING? EleGiggle
104k viewers across 2 streams PogChamp
SPAM THIS MINCER TO HELP SIXER KappaPride
SPAM THIS CHIP TO HELP NIP DoritosChip
SPAM THIS CHIP TO HELP OUT NIP DoritosChip
DoritosChipSPAM THIS DoritosChipCHIP DoritosChipTO HELP OUT DoritosChipNIP DoritosChip
QUE OTA ???? GGG SK ArsonNoSexy
Spam this to help out NiP DoritosChip
SPAM THIS CHIP TO HELP OUT NIP DoritosChip
EZ RZ ENvy SO BAD EZ LUL
IT SAYS ON HLTV NO NEED FOR MATHS LUL
Everything I'm saying is straight from liquipedia. :)
brind me all of the cs Kreygasm
optic liquid is their new member... thats not the match Keepo
song idk if its horribl or nice LUL
sk could suck for 10 straight games and i still wouldn't say they will lose LUL
at least it's not pgl level delayed Kappa
sweden is nip and robbaz Kappa
haven't seen shroud play yet Kappa
when does OpTic play ??? cmonBruh
dont worry guys soon more delays will come LUL
3:20 --> 3:30 --> 3:35 4Head
Oh snap stannis best igl LUL
@buff_plankchest why r8 is the best weapon Kappa
mixwell didn't hate asking he hates primary awping NotLikeThis
prius buying time over here... we see right through you Kappa
hiko needs to be in the big time again BibleThump
SK threw the game so astralis would eliminate, SK banned for match fixing PogChamp
Chat need casters for knife round LUL
SPAM THIS HOUND TO FIX THE SOUND FrankerZ
blu is great , you guys shut up BibleThump
the only channel creativly isn't mod on PogChamp
@edgarporras14 they’re better than you LUL
STANISLAW BACK TO OPTIC HLTV CONFIRMED PogChamp
People calling casters trash when they’re 1000x better than all of you LUL
excuse me wtf just happened LUL
Optic in csgo optic in dota2 OMEGALUL LUL
jdm is on today boy PogChamp
JDM = Jogo Deitado Mesmo LUL
optic most skill heavy team with no skill LUL
Thought steel fixed a match?????? LUL
@Sliggoo 16k viewers in Major LUL
16k viwers in major final LUL
HS GOD it takes alot of skill to hide in a corner LUL
GOD ALLU LUL, EU FANBOYS LUL
Magisk has an smg... who cares LUL
this caster need to take some nose spray or blow his nose LUL
@Allunen oon sun luokan veeti, moro :)
EU guys have never even held a gun LUL
@the_last_templar 1 more kill = carrying LUL
Blu is good, other guy DansGame
ALLU MAGISK HS MIXWELL FRIBERG LUL
lil man best caster 2017 LUL
Steel the best player on the server PogChamp
@bora_baheea_minha_porra that guys know nothing about this game max silver 5 LUL
see you guys in an hour ResidentSleeper
Faze getting destroyed by Gambit LUL
