Q U A L I T Y LUL
NEXT SLIDE PLEASE NEXT SLIDE PLEASE LUL
512 KBS OF RAM 512 KBS OF RAM 512 KBS OF RAM LUL
DENNA CHATT ÄR NU SVENSK DatSheffy
thought INTEL was supposed to be high end stuff LUL
DENNA CHATT ÄR NU SVENSK DatSheffy
NEXT SLIDE PLEASE NEXT SLIDE PLEASE Jebaited
2TH FPS 2TH FPS 2TH FPS 2TH FPS LUL
Yeah but we can't see that STUFF going on here! with 1FPS LUL
RUNNING THE GAME ON A MICROWAVE EleGiggle
HELLO ESL? VALVE HERE, NO MAJOR LUL
CASTERS ARE JOKING ABOUT ESL LUL
Viewer count at 0 here LUL
WORSE THAN XBOX WORSE THAN XBOX LUL
2TH FPS 2TH FPS 2TH FPS 2TH FPS LUL
human eyes can't see 60 fps PogChamp
PLAYING BATTLEFIELD 1 IN WITH STONE AGE COMPUTERS LUL
jesus what the hell am I watching LUL
DONT MIX STREAM AND MY MIXTAPE ON SAME PC CurseLit
human eye cant see more than 2 fps FailFish
2TH FPS 2TH FPS 2TH FPS 2TH FPS LUL
Is this a stream from the 70s or what? LUL
tech guy takes a nap Kappa
18k views for a major LUL
what the fuck is this stream LUL
USIND THIS FOR MY SCHOOL PRESENTATION ON POWERPOINT PogChamp
HUMAN CAN'T SEE 3 FPS PogChamp
if you close your eyes and turn down the volume the stream is not that bad :)
20 FPS Cinematic 20 FPS Cinematic 20 FPS Cinematic Kreygasm
THIS STREAM IS BROUGHT TO YOU BY: Intel™ Jebaited
THANK GOD IT'S A 60 FPS STREAM Kappa
1FPS NA INTERNET NA CS Elegiggle EleGiggle
even chat goes faster than video, LUL
I've seen more quality from Anomaly LUL
stream running on a commodore 64 PogChamp
FRAMES? FRAMES? FRAMES? FRAMES? FRAMES? SoBayed
dont act all surprised guys, its esl Kappa
Intel® best streaming processor confirmed Kappa
if this is streamed from a pc with intel, i'll go for amd Kappa
ex cinematic 24fps for the console noobs Kappa
commodore 64 can host a stream PogChamp
@mangigglingwithhandonchin you and brain in 2017 LUL
I JUST JOINED WHAT THE FUCK IS THIS LUL
@DustySama their max FPS is 10 but they're only getting 3 Kappa
Let's put the static image so the chat can't figure out that it's 1 fps LUL
NIP VS MONGOLZ C9 WIN TWITCH CHAT DUMB LUL
whoa even my pc dont do that LUL
NO HATE GUYS, TRUE B STREAM LUL
