time to turn up NIP fans SwiftRage
Good morning pretending NA watches EU esport Kappa
IF YOU THINK NIP WILL WIN TYPE 1 Kappa
DENNA CHATT ÄR NU SVENSK DatSheffy
7k VIEWS on MAJOR CSGO DEAD LUL
is this elimination? tag me pls :D
@ESL_CSGOb fix the audio pls <3
Desync How Hard Can It Be NotLikeThis
how to mute this guy ResidentSleeper
NiP on the B stream :(
STEWIE IS THE BEST PLAYER <3
sounds like hes talking out of his 3rf neck LUL
CSGO has major finals every day 4Headpeople says game is dead FailFish
SK VS ASTRALIS DOESN'T HAVE ANY SOUND LUL
no ingame sounds on stream A :(
jamesIRL best caster in the world tbh PogChamp
@prius NA stream? makes sense 4Head
UL DELAYED SOUND DEAD GAME LUL
all the sh*it casters are on the B stream, LUL
@Creativly Trying to reason with childrun LUL
@Ponyweek Some of them did SeemsGood
tell the caster to blow his nose LUL
yeah guys, the audio isn't synced keep saying it LUL
@NillerOfficial They're doing their best BibleThump
Just open 2 streams and fix the sound yourself LUL
Fix sound already Fix sound already Fix sound already FailFish
@Creativly Creativly more like Boringly DansGame
@Creativly Thank you! Would be good to let the viewers know that then :)
You guys are complaining about sound delays and bad casters, just mute the stream 4Head
@Creativly fix this shit, give me mod I fix it :D
@Crotiz1 @Creativly Ah fak, sorry Tilted for no reason :(
SPAM THIS HOUND TO FIX THE SOUND FrankerZ
That just made it worse :D
SPAM THIS HOUND TO FIX THE SOUND FrankerZ
SPAM THIS HOUND FrankerZFrankerZ TO FIX THE SOUND FrankerZ
SPAM THIS HOUND TO FIX THE SOUND FrankerZ
SPAM THIS HOUND FrankerZTO FrankerZFIX THE SOUND FrankerZ
no wonder that you didnt get a major EleGiggle
SPAM THIS HOUND TO FIX THE SOUND FrankerZ
SPAM THIS HOUND TO FIX THE SOUND FrankerZ
SPAM THIS HOUND TO FIX THE SOUND FrankerZ
ESL? VALVE Here No Major 4Head
SPAM THIS HOUND TO FIX THE SOUND FrankerZ
SPAM THIS HOUND TO FIX THE SOUND FrankerZ
SPAM THIS HOUND TO FIX THE SOUND FrankerZ
SPAM THIS HOUND TO FIX THE SOUND FrankerZ
SPAM THIS HOUND TO FIX THE SOUND FrankerZ
SPAM THIS HOUND TO FIX THE SOUND FrankerZ
SPAM THIS HOUND TO FIX THE SOUND FrankerZ
@Creativly How are you today? :)
SPAM THIS HOUND TO FIX THE SOUND FrankerZ
SPAM THIS HOUND FrankerZTO FrankerZFIX THE SOUND FrankerZ
SPAM THIS HOUND TO FIX THE SOUND FrankerZ
SPAM THIS HOUND TO FIX THE SOUND FrankerZ
SPAM THIS TO FIX THE SOUND FrankerZ
SPAM THIS HOUND TO FIX THE SOUND FrankerZ
SPAM THIS HOUND TO FIX THE SOUND FrankerZ
SPAM THIS HOUND TO FIX THE SOUND FrankerZ
SPAM THIS HOUND TO FIX THE SOUND FrankerZ
SPAM THIS HOUND TO FIX THE SOUND FrankerZ
SPAM THIS HOUND TO FIX THE SOUND FrankerZ
SPAM THIS HOUND TO FIX THE SOUND FrankerZ
SPAM THIS HOUND TO FIX THE SOUND FrankerZ
SPAM THIS HOUND TO FIX THE SOUND FrankerZ
SPAM THIS HOUND TO FIX THE SOUND FrankerZ
SPAM THIS HOUND TO FIX THE SOUND FrankerZ
SPAM THIS HOUND TO FIX THE SOUND FrankerZ
SPAM THIS HOUND TO FIX THE SOUND FrankerZ
SPAM THIS HOUND TO FIX THE SOUND FrankerZ
SPAM THIS HOUND TO FIX THE SOUND FrankerZ
SPAM THIS HOUND TO FIX THE SOUND FrankerZ
SPAM THIS HOUND TO FIX THE SOUND FrankerZ
SPAM THIS HOUND TO FIX THE SOUND FrankerZ
SPAM THIS HOUND TO FIX THE SOUND FrankerZ
SPAM THIS HOUND TO FIX THE SOUND FrankerZ
SPAM THIS HOUND TO FIX THE SOUND FrankerZ
SPAM THIS HOUND TO FIX THE SOUND FrankerZ
SPAM THIS HOUND TO FIX THE SOUND FrankerZ
SPAM THIS HOUND TO FIX THE SOUND FrankerZ
SPAM THIS HOUND TO FIX THE SOUND FrankerZ
SPAM THIS HOUND TO FIX THE SOUND FrankerZ
SPAM THIS HOUND TO FIX THE SOUND FrankerZ
SPAM THIS HOUND TO FIX THE SOUND FrankerZ
SPAM THIS HOUND TO FIX THE SOUND FrankerZ
SPAM THIS HOUND TO FIX THE SOUND FrankerZ
SPAM THIS HOUND TO FIX THE SOUND FrankerZ
HIS HOUND TO FIX THE SOUND FrankerZ
SPAM THIS HOUND TO FIX THE SOUND SPAM THIS HOUND TO FIX THE SOUND FrankerZ
SPAM THIS HOUND TO FIX THE SOUND FrankerZ
SPAM THIS HOUND TO FIX THE SOUND FrankerZ
SPAM THIS HOUND TO FIX THE SOUND FrankerZ
SPAM THIS HOUND TO FIX THE SOUND FrankerZ
SPAM THIS HOUND TO FIX THE SOUND FrankerZ
SPAM THIS HOUND TO FIX THE SOUND FrankerZ. FrankerZ
SPAM THIS HOUND TO FIX THE SOUND FrankerZ
SPAM THIS HOUND TO FIX THE SOUND FrankerZ
SPAM THIS HOUND TO FIX THE SOUND !! FrankerZ
SPAM THIS HOUND TO FIX THE SOUND FrankerZ
SPAM THIS HOUND TO FIX THE SOUND FrankerZ! FrankerZ
SPAM THIS HOUND TO FIX THE SOUND FrankerZ
SPAM THIS HOUND TO FIX THE SOUND FrankerZ
XIZT NO KILLS SO FAR LUL
CAN WE DO IT TWITCH? FrankerZ
SPAM THIS HOUND TO FIX THE SOUND FrankerZ
SPAM THIS HOUND TO FIX THE SOUND FrankerZ
SPAM THIS HOUND TO FIX THE SOUND FrankerZ
Draken is better then Oskar PogChamp
SPAM THIS HOUND TO FIX THE SOUND! FrankerZ
SPAM THIS HOUND TO FIX THE SOUND FrankerZ
SPAM THIS HOUND TO FIX THE SOUND FrankerZ
SPAM THIS HOUND TO FIX THE SOUND FrankerZ
SPAM THIS HOUND TO FIX THE SOUND FrankerZ
SPAM THIS HOUND TO FIX THE SOUND FrankerZ
SPAM THIS HOUND TO FIX THE SOUND FrankerZ
SPAM THIS HOUND TO FIX THE SOUND OhMyDog
COD WW2 IS ACTUALLY GOOD PogChamp
SPAM THIS HOUND TO FIX THE SOUND FrankerZ
xizt in top form as always Kappa
SPAM THIS HOUND TO FIX THE SOUND FrankerZ
SPAM THIS HOUND TO FIX THE SOUND FrankerZ
SPAM THIS HOUND TO FIX THE SOUND FrankerZ
SPAM THIS HOUND TO FIX THE SOUND FrankerZ
SPAM THIS HOUND TO FIX THE SOUND FrankerZ
SPAM THIS HOUND TO FIX THE SOUND FrankerZ
SPAM THIS HOUND TO FIX THE SOUND FrankerZ
SPAM THIS HOUND TO FIX THE SOUND FrankerZ
SPAM THIS HOUND TO FIX THE SOUND FrankerZ
SPAM THIS HOUND TO FIX THE SOUND FrankerZ
SPAM THIS HOUND TO FIX THE SOUND FrankerZ
SPAM THIS HOUND TO FIX THE SOUND FrankerZ
SPAM THIS HOUND TO FIX THE SOUND SPAM THIS HOUND TO FIX THE SOUND FrankerZ
SPAM THIS HOUND TO FIX THE SOUND FrankerZ
: SPAM THIS HOUND TO FIX THE SOUND FrankerZ
SPAM THIS HOUND TO FIX THE SOUND FrankerZ
SPAM THIS HOUND TO FIX THE SOUND FrankerZ
SPAM THIS HOUND TO FIX THE SOUND FrankerZ
IT WAS UR MOTHER I DATED UR DAD WE JEBAITED U ARE MY SON IT IS STATED <3
SPAM THIS HOUND TO FIX THE SOUND FrankerZ
SPAM THIS HOUND TO FIX THE SOUND FrankerZ
240p w/ delayed audio BRUHHH FrankerZ
my stream is on 1080p LUL
SPAM THIS HOUND TO FIX THE SOUND FrankerZ
sound and quali all NA LUL
SPAM THIS HOUND TO FIX THE SOUND FrankerZ
SPAM THIS HOUND TO FIX SOUND Keepo
SPAM THIS HOUND TO FIX THE SOUND FrankerZ
IT WAS UR MOTHER I DATED UR DAD WE JEBAITED U ARE MY SON IT IS STATED <3
SPAM THIS HOUND TO FIX THE SOUND FrankerZ
Ska looking like an ogre LuL SMOrc
SPAM THIS HOUND TO FIX THE SOUND FrankerZ
ESL and technical difficulties, anme a more iconic duo EleGiggle
SPAM THIS HOUND FrankerZTO FrankerZFIX THE SOUND FrankerZ
SPAM THIS HOUND TO FIX THE SOUND FrankerZ
NA PRODUCTION JUST GETS BETTER LUL
SPAM THIS HOUND TO FIX THE SOUND FrankerZ\ FrankerZ
SPAM THIS HOUND TO FIX THE SOUND FrankerZ
SPAM THIS HOUND TO FIX THE SOUND FrankerZ
SPAM THIS HOUND TO FIX SOUND Keepo
SPAM THIS HOUND FrankerZTO FrankerZFIX THE SOUND FrankerZ
SPAM THIS HOUND TO FIX THE SOUND SPAM THIS HOUND TO FIX THE SOUND FrankerZ
SPAM THIS HOUND TO FIX THE SOUND FrankerZ
SPAM THIS HOUND TO FIX THE SOUND FrankerZ
HEART IT OUT SO WE CAN GET THE SOUND <3
SPAM THIS HOUND TO FIX THE SOUND FrankerZ
SPAM THIS HOUND TO FIX THE SOUND FrankerZ
SPAM THIS HOUND TO FIX THE SOUND FrankerZ
SPAM THIS HOUND TO FIX THE SOUND FrankerZ
SPAM THIS HOUND FrankerZTO FrankerZFIX THE SOUND FrankerZ
:phone: Hello ESL? :phone: Last Major :phone: 4Head
1.6 is back 1.6 is back 1.6 is back 1.6 is back 1.6 is back PogChamp
SPAM This HOUND FrankerZTO FrankerZFIX THE SOUND FrankerZ
HEART IT OUT SO WE CAN GET THE SOUND HEART IT OUT SO WE CAN GET THE SOUND <3
DENNA CHAT ÄR NU SVENSK DatSheffy
I WILL NEVER BUY HYPERX after this Kappa
: SPAM THIS HOUND TO FIX THE SOUND FrankerZ
WHO SAID OVERPASS ON 1.6 DIDN'T EXIST? Kappa
= Dog Face (no space) FrankerZ
bSPAM THIS HOUND TO FIX THE SOUND FrankerZ
SPAM THIS HOUND TO FIX THE SOUND FrankerZ
Im happy i bought a new monitor, so i can really enjoy this excellent quality :)!! <3
1.6 is back 1.6 is back 1.6 is back 1.6 is back PogChamp
SPAM THIS GREEN TO FIX THE SCREEN VoteYea
SPAM THIS KID TO FIX THE VID PunOko
Somehow fuck up video when trying to fix audio. ESL LUL
bSPAM THIS HOUND TO FIX THE SOUND FrankerZ
DEN HÄR CHATTEN ÄR NU SVENSK DatSheffy
Spam the too help them pop CoolStoryBob
knock both out and look for second kill 4Head
SPAM THIS GREEN TO FIX THE SCREEN 1 VoteYea
SPAM THIS KID TO FIX THE VID PunOko
bad quali, bad sound, bad stream SwiftRage
AT LEAST THE SOUND IS SYNCED NOW Kappa
WHAT IS THIS MESS PLEASE FIX THE RES LUL
GUYS DONT WORRY ITS A REPLAY FROM 2007 4Head
SPAM THE ***** TIGHT TO HELP THE GET_RIGHT AsianGlow
SA 2 MAJOR NA 2 TOWERS EleGiggle
@gwnlars bob and pop rhymes? CoolStoryBob
WHAT IS THIS MESS PLEASE FIX THE RES LUL
COUNT THE PIXELS _ 1 ... Kappa
how can you not fix this :D
So this is the power of 4K TTours
SKADOODLE PICTURE ON 8 BITS LUL
SPAM THIS VoteYeaGREEN VoteYeaTO FIX THE VoteYeaSCREEN VoteYea
SPAM THE ***** TIGHT TO HELP THE GET_RIGHT AsianGlow
WHAT IS THIS MESS PLEASE FIX THE RES LUL
SPAM THIS KID TO FIX THE VID PunOko
SPAM THE ***** TIGHT TO HELP THE GET_RIGHT AsianGlow
This is like 16p with 10 second audio delay FailFish
:phone: Hello ESL? :phone: Last Major :phone: 4Head
SPAM THIS MEME TO FIX THE STREAM Kappa
He did it on purpose FailFish
SPAM THIS SCREAM TO HELP THE STREAM SwiftRage
how is the stream getting worse ???? NotLikeThis
SPAM THIS MEME TO FIX THE STREAM Kappa
Why don't you fix the issues!?!? @Creativly Kappa
SPAM THIS MEME TO FIX THE STREAM Kappa
its this real life ? Draken got 2 shoots 2 hits PogChamp
AUDIO IS BAD VIDEO IS BAD CASTING IS BAD LUL
SPAM THIS HOUND TO FIX SOUND Keepo
too many viewers we need 22000 not 22495 LUL
1920x1080 at 10% Renderscale ! PogChamp
COUNT THE PIXELS 1 ... Kappa
This is like Amiga500 CS LUL
SPAM THIS MEME TO FIX THE STREAM Kappa
i feel at home at cs again finally <3
SPAM THIS KappaKappa MEME TO FIX THE STREAM Kappa
Spam This meme To Fix This Stream Kappa
SPAM THIS MEME TO FIX THE STREAM Kappa
GIVE THE BOMB TO THE LOW HP GUY LUL
SPAM THIS VoteYeaGREEN VoteYeaTO FIX THE VoteYeaSCREEN VoteYea
AUDIO IS BAD VIDEO IS BAD CASTING IS BAD LUL
SPAM THIS MEME TO FIX THE KappaKappa STREAM Kappa
please fix the quality problem @ESL_CSGOb :)
I have 14 HP give me bomb LUL
"what is this buy?" one stayed alive LUL
:telephone: ESL? :telephone: VALVE HERE :telephone: LAST MAJOR 4Head
Minecraft is better than this LUL
AUDIO IS BAD VIDEO IS BAD CASTING IS BAD LUL
N A S T R E A M 4Head
NA AUDIO NA VIDEO NA CASTERS NA CS LUL
DJ REz, BJ Baken. Get_Night, N1 Toast, Xzl NotLikeThis
What is this stream? Its so broke LUL
SPAM THIS DOGGY TO FIX THIS QUALITY RalpherZ
NA AUDIO NA VIDEO NA CASTERS NA CS LUL
AUDIO IS BAD VIDEO IS BAD CASTING IS BAD LUL
SPAM THIS DOGGY TO FIX THIS QUALITY RalpherZ
NA SOUND NA RESOLUTION NA PRODUCTION PogChamp
SPAM THIS HOUND TO FIX THE SOUND FrankerZ
THE STREAM HAS A DELAY? OF COURSE, IT'S FROM NA BrokeBack
Thank you for the fix <3
major with only 2k views LUL
SPAM THIS HOUND TO FIX SOUND Keepo
SPAM THIS TO FIX THIS SOUND FrankerZ
its still bad but verry better :D
SPAM THIS HOUND TO FIX THE SOUND FrankerZ
SPAM THIS HOUND TO FIX THE SOUND FrankerZ
SPAM THIS TO FIX THE SOUND FrankerZ
nA can u do something w or wut omg FrankerZ
SPAM THIS TO FIX THE SOUND FrankerZ
SPAM THIS HOUND TO FIX THE SOUND FrankerZ
SPAM THIS HOUND TO FIX THE SOUND FrankerZ
SPAM THIS HOUND TO FIX THE SOUND FrankerZ
somewthing wrong with quality again :(
SPAM THIS HOUND TO FIX THE SOUND FrankerZ
SPAM THIS HOUND TO FIX THE SOUND FrankerZ
NiP are playing so good PogChamp
Nip 200 IQ CT side PogChamp
c9 are making stupid mistakes :(
SPAM THIS TO FIX THIS SOUND FrankerZ
c9 What are they doing ?????? NotLikeThis
SPAM THIS HOUND TO FIX THE SOUND FrankerZ
SPAM THIS HOUND TO FIX THE SOUND FrankerZ
SPAM THIS HOUND TO FIX THE SOUND FrankerZ
SPAM THIS HOUND FrankerZTO FrankerZFIX THE SOUND FrankerZ
SPAM THIS HOUND TO FIX THE SOUND FrankerZ
c9 has gotten 1 gun round LUL
SPAM THIS HOUND TO FIX THE SOUND FrankerZ
SPAM THIS HOUND TO FIX THE SOUND FrankerZ
SPAM THIS HOUND TO FIX THE SOUND FrankerZ
SPAM THIS HOUND TO FIX THE SOUND d FrankerZ
SPAM THIS HOUND TO FIX THE SOUND FrankerZ
SPAM THIS HOUND FrankerZTO FrankerZFIX THE SOUND FrankerZ
SPAM THIS HOUND TO FIX THE SOUND FrankerZ
SPAM THIS HOUND TO FIX THE SOUND FrankerZ
SPAM THIS HOUND TO FIX THE SOUND FrankerZ
SPAM THIS HOUND TO FIX THE SOUND FrankerZSPAM THIS HOUND TO FIX THE SOUND FrankerZ
SPAM THIS HOUND TO FIX THE SOUND FrankerZ
they probably need to restart the stream to fix the sound.. NotLikeThis
SPAM THIS HOUND TO FIX THE SOUND FrankerZ
SPAM THIS HOUND TO FIX THE SOUND !!!! FrankerZ
SPAM THIS HOUND TO FIX THE SOUND FrankerZ
SPAM THIS HOUND TO FIX THE SOUND FrankerZ
SPAM THIS HOUND TO FIX THE SOUND FrankerZ
SPAM THIS TO FIX THIS SOUND FrankerZFrankerZ FrankerZ
SPAM THIS HOUND TO FIX THE SOUND FrankerZ
SPAM THIS HOUND TO FIX THE SOUND FrankerZ
SPAM THIS HOUND TO FIX THE SOUND FrankerZ
SPAM THIS HOUND TO FIX THE SOUND FrankerZ
SPAM THIS HOUND TO FIX THE SOUND FrankerZ
SPAM THIS HOUND TO FIX THE SOUND FrankerZ
SPAM THIS HOUND TO FIX THE SOUND FrankerZ
SPAM THIS FIST TO HELP XIZT Poooound
SPAM THIS HOUND TO FIX THE SOUND FrankerZ
SPAM THIS HOUND TO FIX THE SOUND FrankerZ
SPAM THIS HOUND TO FIX THE SOUND FrankerZ
SPAM THIS HOUND TO FIX THE SOUND FrankerZ. FrankerZ
SPAM THIS HOUND TO FIX THE SOUND FrankerZ
SPAM THIS HOUND TO FIX THE SOUND FrankerZ
SPAM THIS TO FIX THE SOUND FrankerZTwitch Primethesithnarwhal: Rip sound FrankerZ
SPAM THIS HOUND TO FIX THE SOUND FrankerZ
SPAM THIS HOUND TO FIX THE SOUND FrankerZ
SPAM THIS HOUND TO FIX THE SOUND FrankerZ
SPAM THIS HOUND TO FIX THE SOUND FrankerZ
SPAM THIS HOUND TO FIX THE SOUND FrankerZ
Jerk Your Wrist To Help Xist Kreygasm
SPAM THIS HOUND TO FIX THE SOUND FrankerZ
SPAM THIS HOUND TO FIX THE SOUND FrankerZ
SPAM THIS HOUND TO FIX THE SOUND FrankerZ
SPAM THIS TO FIX THE SOUND FrankerZ
SPAM THIS HOUND TO FIX THE SOUND FrankerZ
NA sound Na cs Na LUL
SPAM THIS HOUND TO FIX THE SOUND FrankerZ
SPAM THIS FIST TO HELP XIZT Poooound
SPAM THIS TO FIX THIS SOUND FrankerZFrankerZ FrankerZ
SPAM THIS HOUND TO FIX THE SOUND FrankerZ
SPAM THIS HOUND TO FIX THE SOUND FrankerZ
SPAM THIS HOUND TO FIX THE SOUND FrankerZ
SPAM THIS HOUND TO FIX THE SOUND FrankerZ
SPAM THIS HOUND TO FIX THE SOUND FrankerZ
SPAM THIS HOUND TO FIX THE SOUND FrankerZ
SPAM THIS HOUND TO FIX THE SOUND xddd FrankerZ
SPAM THIS HOUND TO FIX THE SOUND FrankerZ
Choke like they did vs SK inc 4Head
@NiPGaming YAY!!! Ninjor med fin pijamas :D
SPAM THIS CANINE WHEN LAUGHING AT CLOUD9 FrankerZ
SPAM THIS HOUND TO FIX THE SOUND FrankerZ
Holy crap what happened, when I left it was 0-4 LUL
SPAM THIS HOUND TO FIX THE SOUND FrankerZ
SPAM THIS FIST TO HELP XIZT Poooound
SKADDODLE IS NOT BOTTOMFRAGGING GOOD FOR HIM LUL
SPAM THIS TO FIX THE SOUND FrankerZ
SPAM THIS HOUND TO FIX THE SOUND FrankerZ
SPAM THIS HOUND TO FIX THE SOUND FrankerZ
SPAM THIS HOUND FrankerZTO FrankerZFIX THE SOUND FrankerZ
NA PRODUCTION NA CS . EleGiggle
SPAM THIS TO FIX THE SOUND FrankerZ
SPAM THIS TO FIX THE SOUND FrankerZ
SPAM THIS TO FIX THE SOUND! FrankerZ
AMPTropPunch Only the chosen one can stack these cans! AMPTropPunch but wait can you do three cans! !! AMPTropPunch PogChamp
SPAM THIS HOUND TO FIX THE SOUND FrankerZ
NA CS NA CS NA CS NA CS EleGiggle
NA PRODUCTION NA CS , EleGiggle
📞 HELLO ESL? 📞 PGL HERE 📞 NICE SOUND 📞 4Head
SPAM THIS HOUND TO FIX THE SOUND FrankerZ
SPAM THIS HOUND TO FIX THE SOUND FrankerZ
"C9 will win this game easily" LUL
SPAM THIS HOUND TO FIX THE SOUND FrankerZ
SPAM THIS HOUND TO FIX THE SOUND FrankerZ
SPAM THIS TO FIX THE SOUND FrankerZ
SPAM THIS HOUND TO FIX THE SOUND FrankerZ
spam happy jack to help C9's comeback HappyJack
officialjonatan är fuskaren här ?! PogChamp
CLEAR SOUNDS FOR ESL DELAYED AUDIO LUL
ESL PRODUCTION EVERY SINGLE TIME LUL
📞 HELLO ESL? 📞 PGL HERE 📞 NICE SOUND 📞 4Head
SPAM THIS HOUND TO FIX THE SOUND FrankerZ
Spam Noodle PastaThat To PastaThat Help PastaThat Skadoodle pastaThat
AMPTropPunch Only the chosen one can stack these cans! AMPTropPunch but wait can you do three cans! !! AMPTropPunch PogChamp
SPAM THIS HOUND TO FIX THE SOUND FrankerZ
@Vivulux HOW YOU ENJOYING YOUR BURGER LUL
@Howly01 Dom kommer ALDRIG byta spelare nu och det har du min pungkula på ;)
it's to bad whit that sound .. im out LUL
SPAM THIS SCREAM TO KILL THIS MEME SwiftRage
SPAM THIS HOUND TO FIX THE SOUND FrankerZ
SPAM THIS HOUND TO FIX THE SOUND FrankerZ
AMPTropPunchAMPTropPunch Only the chosen one can stack these cans! AMPTropPunch but wait can you do three cans! !! AMPTropPunch PogChamp
spam happy jack to help c9's comeback HappyJack
SPAM THIS HOUND TO FIX THE SOUND FrankerZ
SPAM THIS HOUND TO FIX THE SOUND FrankerZ
SPAM THIS HOUND TO FIX THE SOUND FrankerZ
SPAM THIS HOUND TO FIX THE SOUND FrankerZ
SPAM THIS HOUND TO FIX THE SOUND FrankerZ
SPAM THIS SCREAM TO KILL THIS MEME SwiftRage
hey emilio, any new vac bans recently? Kappa
📞 HELLO ESL? 📞 PGL HERE 📞 NICE SOUND 📞 4Head
DENNA CHATT ÄR NU SVENSK DatSheffy
SPAM THIS HOUND TO FIX THE SOUND FrankerZ
SPAM THIS HOUND TO FIX THE SOUND FrankerZ
📞 HELLO ESL? 📞 VALVE HERE 📞 NICE SOUND 📞 LAST EVENT 4Head
DENNA CHATT ÄR NU SVENSK DatSheffy
SPAM THIS HOUND TO FIX THE SOUND FrankerZ
DENNA CHATT ÄR NU SVENSK DatSheffy
DENNA CHATT ÄR NU SVENSK DatSheffy
SPAM THIS HOUND TO FIX THE SOUND FrankerZ
DENNA CHATT ÄR NU SVENSK DatSheffy
DENNA CHATT ÄR NU SVENSK DatSheffy
SPAM THIS HOUND TO FIX THE SOUND FrankerZ
DENNA CHATT ÄR NU SVENSK DatSheffy
SPAM THIS HOUND TO FIX THE SOUND FrankerZ
DENNA CHATT ÄR NU SVENSK . DatSheffy
Folk vill bah ha en anledning att hata bra spelare @Officialemilio ;)
DatSheffyDatSheffy DENNA CHATT ÄR NU SVENSK DatSheffy
@Pellbow Vad menar du? Alla för mig älskar mig ? Vilka är alla? Ser inte vad som skrivs av oväsentliga människor, har noobfilter på ;)
SPAM THIS HOUND FrankerZTO FrankerZFIX THE SOUND FrankerZ
DatSheffyDatSheffy DENNA CHATT ÄR NU SVENSK DatSheffy
DENNA CHATT ÄR NU SVENSK DatSheffy
DENNA CHATT ÄR NU SVENSK DatSheffy
SPAM THIS HOUND FrankerZTO FrankerZFIX THE SOUND FrankerZ
DENNA CHATT ÄR NU SVENSK DatSheffy
spam happy jack to help C9's comeback HappyJack
DENNA CHATT ÄR NU SVENSK DatSheffy
DENNA CHATT ÄR NU SVENSK DatSheffy
DENNA CHATT ÄR NU SVENSK . DatSheffy
DatSheffyDatSheffy DENNA CHATT ÄR NU SVENSK DatSheffy
DENNA CHATT ÄR NU SVENSK DatSheffy
DENNA CHATT ÄR NU SVENSK DatSheffy
DENNA CHATT ÄR NU SVENSK DatSheffy
DENNA CHATT ÄR NU SVENSK . DatSheffy
DatSheffyDatSheffy DENNA CHATT ÄR NU SVENSK DatSheffy
SPAM THIS HOUND TO FIX THE SOUND FrankerZ
DENNA CHATT ÄR NU SVENSK DatSheffy. DatSheffy
DENNA CHATT ÄR NU SVENSK DatSheffy
DENNA CHATT ÄR NU SVENSK . DatSheffy
DENNA CHATT ÄR NU SVENSK DatSheffy
THIS CHAT WAS NEVER SWEDISH DatSheffy
@NinoDno Min bror till döden millegudnE millegudnNL <3
DENNA CHATT ÄR NU SVENSK DatSheffy
SPAM THIS HOUND TO FIX THE SOUND FrankerZ
DIESER CHAT IST NUN DEUTSCH DatSheffy
DENNA CHATT ÄR NU SVENSK DatSheffy
IT MEANS SECOND TO LAST LUL
SVERIGE SKA TILL FKN VM!!!!! DatSheffy
DENNA CHATT ÄR NU SVENSK DatSheffy
DENNA CHATT ÄR NU SVENSK DatSheffy
Spam this to Help stewie2k VoteNay
DIESER CHAT IST NUN DEUTSCH . DatSheffy
DENNA CHATT ÄR NU SVENSK DatSheffy
LET'S GO NINJAS! LET'S GO NINJAS! LET'S GO NINJAS! LET'S GO NINJAS! <3
DENNA CHATT ÄR NU SVENSK DatSheffy
HI ESL PGL HERE Nice Stream 4Head
DENNA CHATT DatSheffyDatSheffy ÄR NU SVENSK DatSheffy
DENNA CHATT ÄR NU SVENSK DatSheffyDatSheffy DENNA CHATT ÄR NU SVENSK DatSheffy
SPAM THIS HOUND FrankerZTO FrankerZFIX THE SOUND FrankerZ
DENNA CHATT ÄR NU SVENSK DatSheffy
DENNA CHATT ÄR NU SVENSK DatSheffy
DENNA CHATT DatSheffyDatSheffy ÄR NU SVENSK DatSheffy
DENNA CHATT ÄR NU SVENSK DatSheffy
DENNA CHATT ÄR NU SVENSK DatSheffy
DatSheffyDatSheffy DENNA CHATT ÄR NU SVENSK DatSheffy
DENNA CHATT DatSheffyDatSheffy ÄR NU SVENSK DatSheffy
DIESER CHAT IST NUN DEUTSCH DatSheffy
DENNA CHATT ÄR NU SVENSK DatSheffy
DENNA CHATT ÄR NU SVENSK DatSheffy
SPAM THIS HOUND TO FIX THE SOUND FrankerZ
DENNA CHATT ÄR NU SVENSK DatSheffy
DENNA CHATT ÄR NU SVENSK DatSheffy
DENNA CHATT ÄR NU SVENSK DatSheffy
DENNA CHATT ÄR NU SVENSK DatSheffy
DENNA CHATT ÄR NU SVENSK DatSheffy
DENNA CHATT DatSheffyDatSheffy ÄR NU SVENSK DatSheffy
DENNA CHATT ÄR NU SVENSK DatSheffy
STREAM9 STREAM9 STREAM9 STREAM9 STREAM9 LUL
DENNA CHATT ÄR NU SVENSK DatSheffy
CLOWN 9 NOT ENOUGH BRAIN TO STOP THE NIP TRAIN CHOO CHOO BABY <3
DENNA CHATT ÄR NU SVENSK . DatSheffy
DENNA CHATT ÄR NU SVENSK DatSheffy
DENNA CHATT ÄR NU SVENSK DatSheffy
@dasp0_csgo Jag får spela allt idag förutom Majors. Och skulle det ev. komma ett nytt CS, ja, då är jag spelklar för Valve turneringar också. Men håll ögonen öppna i 2018 ;)
DENNA CHATT ÄR NU SVENSK DatSheffy
CLOWN 9 NOT ENOUGH BRAIN TO STOP THE NIP TRAIN CHOO CHOO BABY ! <3
DENNA CHATT ÄR NU SVENSK DatSheffy
DENNA DatSheffyCHATT DatSheffyÄR DatSheffyNU DatSheffySVENSK DatSheffy
PAM THIS HOUND TO FIX THE SOUND FrankerZ
DatSheffyDatSheffy DENNA CHATT ÄR NU SVENSK DatSheffy
how did this get to overpass they’re awful on this map LUL
DENNA CHATT ÄR NU SVENSK DatSheffy
SPAM THIS HOUND TO FIX THE SOUND FrankerZ
Spam this dorito to be despacito DoritosChip
DENNA CHATT ÄR NU SVENSK DatSheffy
DENNA CHATT ÄR NU SVENSK DatSheffy
DENNA CHATT ÄR NU SVENSK DatSheffy
DENNA CHATT ÄR NU SWEDISTAN DatSheffy
shroudC9 HOW shroudC9 ARE shroudC9 THEY shroudC9 LOSING shroudC9 BibleThump
DENNA CHATT ÄR NU SVENSK . DatSheffy
DENNA CHATT ÄR NU SVENSK DatSheffy
james shut up you tallk too much :D
DENNA CHATT ÄR NU SVENSK DatSheffy
DatSheffyDatSheffy DENNA CHATT ÄR NU SVENSK DatSheffy
DENNA DatSheffyCHATT DatSheffyÄR DatSheffyNU DatSheffySVENSK DatSheffy
DENNA CHATT ÄR NU SVENSK DatSheffy
DENNA CHATT ÄR NU SVENSK DatSheffy
DENNA CHATT ÄR NU SWEDISTAN DatSheffy
DENNA CHATT ÄR NU SVENSK . DatSheffy
DatSheffyDatSheffy DENNA CHATT ÄR NU SVENSK . DatSheffy
C9 WITHOUT SHROUD C9 WITHOUT SHROUD LUL
DatSheffyDatSheffy DENNA CHATT ÄR NU SWEDISTAN DatSheffy
DENNA CHATT ÄR NU SVENSK DatSheffy
DENNA CHATT ÄR NU NYSVENSK ANELE
DENNA CHATT ÄR NU SVENSK DatSheffy
DENNA CHATT ÄR NU SVENSK DatSheffy
HAHAHHAAHAHHAHAHHAA C9 1 GUN ROUND LUL
DENNA CHATT ÄR NU SVENSK DatSheffy
SPAM THIS HOUND TO FIX THE SOUND FrankerZ
a DENNA CHATT ÄR NU SVENSK DatSheffy
DENNA CHATT ÄR NU SVENSK DatSheffy
DENNA CHATT ÄR NU SVENSK DatSheffy
DENNA DatSheffyCHATT DatSheffyÄR DatSheffyNU DatSheffySVENSK DatSheffy
Spamma detta salt Om ni firar med pitepalt PJSalt
Does this guy speak super fast or what? LUL
losing to team who cant quality EU minor LUL
