U S T I L L O FUNgineer
@KoSsoO All those LL plebs FailFish
Ty never winn against eco team LUL
gambit has 2 bots cmon guys dosia and seized FailFish
eslMoreChunes 大陸 eslVAC 傻逼少 eslChicken 打簡字 PogChamp
DIS CHAT IST NUMBA WAN MingLee
GAMBIT HERE MAJOR WINNERS ZEUS WAS THE PROBLEM 4Head
eco win vs eco win LUL
kazakstanians is not russian, and not chinese CoolStoryBob
SK IN 2018 NIP IN 2016 IN 2018 IN 2018 LUL
@WileyFailD it's English channel isn't it LUL
@arvaq it is not the same ? LUL
the 2 player with kits push mid xccurate $1200 no kit NotLikeThis
Stickup11 Kazaks ARE* not ... Your english sucks Jebaited
Короче пацаны топим за казахов Китай СОС Kappa
Stickup11 you used plural, the plural of "is" is Are* ;)
@turalio nah, they r same m8 Kappa
@Goldfishh says the guy who spelled goldfish with to H Kappa
Не говорить на родном в 2018 LUL
THE CZ IS PERFECTLY BALANCED. Kappa
@Goldfishh i was faster Twitch PrimeStickup11: TWO 4Head
ITS IEM KATOWICE ITS GAMBIT VS TYLOO THE TITLES IN ENGLISH THE CHAT SHOULD BE TOO 4Head
Major champion losing to tier 3 Asian team LUL
IT'S IEM KATOWICE IT'S GAMBIT VS TYLOO THE TITLE'S IN ENGLISH THE CHAT SHOULD BE TOO 4Head
put overproud meme to indonesian NotLikeThis
Its not Poland stupid xD, Indonesia ResidentSleeper
: IT'S IEM KATOWICE IT'S GAMBIT VS TYLOO THE TITLE'S IN ENGLISH THE CHAT SHOULD BE RU 4Head
xcurrate n bntet from poland confirmed by hltv LUL
GAMBOT FROM MAJOR CHAMPIONS TO BEING ELIMINATED IN GROUP STAGE LUL
TL CS CLOWN 9 BYE GUYS HeyGuys
SEIZED BY THE GOD HIMSELF PogChamp
BnTeT & xccurate polish duo PogChamp
You don't copy the name when you copy pasta FailFish
VirtusPremier: You don't copy the name when you copy pasta FailFish
Spam this ORC to help MO SMOrc
VirtusPremier: You don't copy the name when you copy pasta FailFish
EU smoke = GOOD smokeNA smoke = BAD smokeCN smoke = NO smoke LUL
EU smoke = GOOD smoke,NA smoke = BAD smoke,CN smoke = NO smoke LUL
Polish + chinnese >>> Gambot LUL
getting 2-1 by TYLUL disband gambot EleGiggle
put overproud meme to indonesian FailFish
new polish number 1 team PogChamp
csgo player uses PUBG's mouse pad Kappa
You drink water that costs money and then cry it out Cry Not Free Kappa
GAMBOT FROM MAJOR CHAMPS TO BEING ELIMINATED IN GROUPSTAGE LUL
imagine if gambit didnt force every other round FailFish
Seized has lost a lot of weight PogChamp
SOMEBODY PICKS UP MP9 USES CZ LUL
The pictures look like the same face with different hair styles plz no bannerino eslino Kappa
@bigmackthegod You're fat if you're eating a burrito? LUL
why are they aggro as fuck LUL
Go tyloo so easier win for SK LUL
When ur 7-12 and decide to push A together PogChamp
no way gambit wins this map LUL
Can I get a 123? Kappa
Trollers vs trollers Wtf is going on chat LUL
SK WILL ALT TAB AGAIN 4Head
U S T I L L O FUNgineer
getting 2-1 by TYLUL = disband LUL
GAMBOT FROM MAJOR CHAMPS TO BEING ELIMINATED IN GROUPSTAGE LUL
put overproud meme to indonesian NotLikeThis
@s0mcs lol your homies numba want LUL
budget henryg and budget sadokist LUL
sadokist died in his new car rip sado BibleThump
Make sure to enter the awesome giveaway! http://intelextrememasters.com/raffle :D
from 8k to 4k...chinese bots gone PogChamp
Poland crowd is pretty tbh PogChamp
or they went to c9 vs liquid, but i'm here as long as gambit are <3
ez 6.40 odds upset bye Gambot EleGiggle
SPAM THIS NOODLE TO HELP SKADOODLE pastaThat
SPAM THIS NOODLE TO HELP SKADOODLE pastaThat
Make sure to enter the awesome giveaway! http://intelextrememasters.com/raffle :D
HEROBOSSRIKU NT, but i dont buy it Jebaited
polish duo = ez win LUL
SPAM THIS NOODLE TO HELP SKADOODLE pastaThat
major winners vs tier 166654477 LUL
they removed fitch for decoy LUL
Gambit losing to ty DISBAND LUL
Two Poland players in Tyloo too good MingLee
SPAM THIS NOODLE TO HELP SKADOODLE pastaThat
GAMBIT ELIMINATION GETTING CLOSER AND CLOSER LUL
@VetKin214 You are silver, what u know about CS? LUL
Bntet greatest player to ever play any version of cs PogChamp
Make sure to enter the awesome giveaway! http://intelextrememasters.com/raffle :D
"They are Indonesian" Nice joke 4Head
stop trolling THEY ARE POLISH LUL
BnTeT and xccurate Monaco pride PogChamp
"They are Indonesian" 2018 jokes LUL
AGO Bntet is the solution SwiftRage
after magical pause and hand language... i expect 16 - 6 incoming Kappa
BnTeT looks like average polish guy, right? Kappa
indonesia this country doesn't even exists LUL
BnTeT is polish, check HLTV FailFish
- PUBG AIM + BNTET SeemsGood
"They are Indonesian" 2018 jokes LUL
people thinking BnTet is from Indonesia LUL
"They are Indonesian" 2018 jokes LUL
Better polish squad than VP PogChamp
Hansel "BnTeT Ferdinandwski CHECK HIS LAST NAME 100% POLAND Kappa
"They are Indonesian" 2018 jokes LUL
" THEY ARE INDONESIANS " IN 2018 NICE JOKE LUL
I thought he was from Singapore PogChamp
yea , i forgot that the event is in poland, crowd is helping tyl to win LUL
i hate this polish chokers maaaaan TearGlove
(insert country here) PRIDE IN 2018 LUL
"They are Indonesian" 2018 jokes LUL
WE'RE CLOWN 9 OUR STRATS ARE JOKES SOMETIMES WE WIN BUT MOSTLY WE CHOKE 4Head
BnTET actually Polish but lives in Monaco for tax evasion. PeoplesChamp
WHY IS EVERYONE WATCHING NA CS INSTEAD LUL
The flag was accidentally flipped for BnTeT? TwitchVotes
SOMEBODY GETS THE KILL BUT WHO? LUL
Make sure to enter the awesome giveaway! http://intelextrememasters.com/raffle :D
chill mates...tyloo will be have ct in second half :)
nice caster even dont know who get kill LUL
GO BNTET MAKE POLISH CROWD PROUD SwiftRage
TyLUL > VirtusPUBG POLISH PROUD LUL
GO BNTET MAKE POLISH CROWD PROUD SwiftRage
' BnTeT is Indonisian' is the best joke in 2018 LUL
Fuckiing animals nice troll for BnTeT from Poland ResidentSleeper
GO BNTET LAST POLISH HOPE MAKE POLISH CROWD PROUD SwiftRage
is this lower or upper bracket? ty :)
chinese nerves are real in pistol chokes Kappa
Why don't we 600% zoom on Dosia's portrait and leave it be for the rest of the match? Kreygasm
Make sure to enter the awesome giveaway! http://intelextrememasters.com/raffle :D
again no polish players in playoffs in Katowice :(
after that magical pause at round 6 even at winning streak... tylol just never can win .... xccurate told MO he actually betted on Gambot with hand language LUL
ANY X GOD LOVER ?? <3
he isnt even polish he is indonesian LUL
Make sure to enter the awesome giveaway! http://intelextrememasters.com/raffle :D
TY GONNA COMEBACK AND CHOKE 14-16 LUL
bntet is fro. 3 countries tbh LUL
3s first kill that we dont see cmon TTours
knock knock who's there? sumbody LUL
TY THINK THEY CAN COME BACK LUL
bntet finally at home in katowice LUL
throw molly in smoke 200 iq LUL
dd? what does he want to copy Kappa
bntet wont see his family and gets pulled back to china with tyloo :(
Make sure to enter the awesome giveaway! http://intelextrememasters.com/raffle :D
