TARIK OUTDATED STEWIE OVERRATED SKADOODLE FRUSTATED CLOWN 9 ELIMINATED 4Head
this guy's mouth is huge LUL
Type OPFrog if you think Renegades is going to win and type if you think Cloud9 is going to win. SeriousSloth
JUST HERE TO SEE THE MAJOR WINNER GET ELIMINATED . 4Head
SPAM THIS NOODLE TO HELP SKADOODLE pastaThat
SPAM THIS NOODLE TO HELP SKADOODLE SPAM THIS NOODLE TO HELP SKADOODLE pastaThat
U S T I L O FUNgineer
"Tho boys" Fanboy caster confirmed LUL
TARIK OUTDATED STEWIE OVERRATED SKADOODLE FRUSTATED CLOWN 9 ELIMINATED 4Head
TARIK OUTDATED STEWIE OVERRATED SKADOODLE FRUSTATED CLOWN 9 ELIMINATED 4Head
Major Champion to BETTING Champion PogChamp
SPAM THIS NOODLE TO HELP SKADOODLE pastaThat
SPAM THIS NOODLE TO HELP SKADOODLE SPAM THIS NOODLE TO HELP SKADOODLE pastaThat
S A V A G E FUNgineer
USTILO IS A LOBSTER TOM LUL
HAHA C9 No Supporter , No Win LUL
SPAM THIS NOODLE TO HELP SKADOODLE pastaThat
TARIK OUTDATED STEWIE OVERRATED SKADOODLE FRUSTATED CLOWN 9 ELIMINATED 4Head
TARIK OUTDATED STEWIE OVERRATED SKADOODLE FRUSTATED CLOWN 9 ELIMINATED 4Head
U S T I L O FUNgineer
TARIK OUTDATED STEWIE OVERRATED SKADOODLE FRUSTATED CLOWN 9 ELIMINATED 4Head
SPAM THIS NOODLE TO HELP SKADOODLE SPAM THIS NOODLE TO HELP SKADOODLE pastaThat
crowd9 out in groups again LUL
SPAM THIS NOODLE TO HELP SKADOODLE SPAM THIS NOODLE TO HELP SKADOODLE pastaThat
SPAM THIS NOODLE TO HELP SKADOODLE pastaThat
CLOWN 9 TOP 3 TEAM LUL
SPAM THIS NOODLE TO HELP SKADOODLE SPAM THIS NOODLE TO HELP SKADOODLE pastaThat
SPAM THIS NOODLE TO HELP SKADOODLE pastaThat
FAZE SK AND C9 HLTV TOP 3 LUL
SPAM THIS NOODLE TO HELP SKADOODLE SPAM THIS NOODLE TO HELP SKADOODLE pastaThat
U S T I L O LUL
SPAM THIS NOODLE TO HELP SKADOODLE pastaThat
SPAM THIS NOODLE TO HELP SKADOODLE pastaThat
SPAM THIS NOODLE TO HELP SKADOODLE SPAM THIS NOODLE TO HELP SKADOODLE pastaThat
NO CROWD NO CLOUD . EZ for Renegades PogChamp
SPAM THIS NOODLE TO HELP SKADOODLE pastaThat
SPAM THIS NOODLE TO HELP SKADOODLE SPAM THIS NOODLE TO HELP SKADOODLE pastaThat
TARIK OUTDATED STEWIE OVERRATED SKADOODLE FRUSTATED CLOWN 9 ELIMINATED 4Head
Major Champion to BETTING Champion PogChamp
SPAM THIS NOODLE TO HELP SKADOODLE pastaThat
SPAM THIS CHIP TO HELP JAKE YIP DoritosChip
Narwhalic_: TARIK OUTDATED STEWIE OVERRATED SKADOODLE FRUSTATED CLOWN 9 ELIMINATED 4Head
SPAM THIS NOODLE TO HELP SKADOODLE SPAM THIS NOODLE TO HELP SKADOODLE pastaThat
PAM THIS NOODLE TO HELP SKADOODLE pastaThat
SPAM THIS NOODLE TO HELP SKADOODLE pastaThat
TARIK OUTDATED STEWIE OVERRATED SKADOODLE FRUSTATED CLOWN 9 ELIMINATED 4Head
TARIK OUTDATED STEWIE OVERRATED SKADOODLE FRUSTATED CLOWN 9 ELIMINATED 4Head
SPAM THIS NOODLE TO HELP SKADOODLE SPAM THIS NOODLE TO HELP SKADOODLE pastaThat
SPAM THIS NOODLE TO HELP SKADOODLE SPAM THIS NOODLE TO HELP SKADOODLE pastaThat
SPAM THIS NOODLE TO HELP SKADOODLE pastaThat
sPAM THIS NOODLE TO HELP SKADOODLE pastaThat
Narwhalic_: TARIK OUTDATED STEWIE OVERRATED SKADOODLE FRUSTATED CLOWN 9 ELIMINATED 4Head
SPAM THIS NOODLE TO HELP SKADOODLE SPAM THIS NOODLE TO HELP SKADOODLE pastaThat
TARIK OUTDATED STEWIE OVERRATED SKADOODLE FRUSTATED CLOWN 9 ELIMINATED 4Head
