Wow, banning peeps in massive chat 2018 DansGame
NIKO OVERATED GUARDIAN OVERWEIGHTED XIZT OUTDATED RAIN HATED KARRIGAN INTOXICATED FAZE ELIMINATED Jebaited
@Cent you and moobot are the only subs here LUL
Fnatic will win Cache 100% Kappa
@cent stop trying to bait subs Kappa
IS THIS KRIMZ IS THIS USTILO THE LOBSTER FUNgineer
@Cent but you can't sub with a cent. Kappa
NIKO OVERATED GUARDIAN OVERWEIGHTED XIZT OUTDATED RAIN HATED KARRIGAN INTOXICATED FAZE ELIMINATED Jebaited
caster doesnt know c9 is out LUL
Krimz has a bad hair day :D
fnatic 16-0 hope. caster bet on fnatic. LUL
NIKO OVERATED GUARDIAN OVERWEIGHTED XIZT OUTDATED RAIN HATED KARRIGAN INTOXICATED FAZE ELIMINATED Jebaited
ðŸ“ž SK ðŸ“ž ASTRALIS HERE ðŸ“ž SAVE US THE WINDOW SEATS ON THE PLANE ðŸ“ž SEE YOU SOON ðŸ“ž 4Head
Flusha doesnt even like Cache WutFace
People don't understand playing retake on A LUL
ðŸ“ž HELLO CLOWN 9? ðŸ“ž SK HERE ðŸ“ž WHY SO LATE ðŸ“ž STEWIE IS GETTING MAD ðŸ“ž BTW NRG TOOK THE WINDOW SEAT ðŸ“ž 4Head
ðŸ“ž SK ðŸ“ž ASTRALIS HERE ðŸ“ž SAVE US THE WINDOW SEATS ON THE PLANE ðŸ“ž SEE YOU SOON ðŸ“ž 4Head
flashback to when they played mirage LUL
astralis cheats? CRY IS FREE LUL
good team work = cheats LUL
NIKO OVERATED GUARDIAN OVERWEIGHTED XIZT OUTDATED RAIN HATED KARRIGAN INTOXICATED FAZE ELIMINATED Jebaited
FaZe dies in Infinity War LUL
ðŸ“ž SK ðŸ“ž ASTRALIS HERE ðŸ“ž SAVE US THE WINDOW SEATS ON THE PLANE ðŸ“ž SEE YOU SOON ðŸ“ž 4Head
taqiboy You are comparnig mm ranks LUL
KAYSH BOIS SEE YOU AT DIGGITY Kreygasm
Fnatic throwing so they can have a easy time in quarter finals LUL
NIKO OVERATED GUARDIAN OVERWEIGHTED XIZT OUTDATED RAIN HATED KARRIGAN INTOXICATED FAZE ELIMINATED Jebaited
9k viewers in a major final dead game LUL
@cryokevin Because its a joke FailFish
@RizzIsLurking Because its a joke 4Head
ðŸ“ž Twitch? ðŸ“ž Yeah we have some butthurt viewers ðŸ“ž @cryokevin 4Head
NIKO OVERATED GUARDIAN OVERWEIGHTED XIZT OUTDATED RAIN HATED KARRIGAN INTOXICATED FAZE ELIMINATED Jebaited
Why whould he go into the smoke, just because he hear the bomb plant. Stupid caster LUL
No job âœ”ï¸ No girlfriend âœ”ï¸ No friends âœ”ï¸ No talents âœ”ï¸ Wasting time on Twitch âœ”ï¸ Must be me 4Head
astralis printing money for bettors LUL
NIKO OVERATED GUARDIAN OVERWEIGHTED XIZT OUTDATED RAIN HATED KARRIGAN INTOXICATED FAZE ELIMINATED Jebaited
Golden is a great addition to Fnatic Kappa
SPAM THIS STATIC TO HELP FNATIC MorphinTime
NIKO OVERATED GUARDIAN OVERWEIGHTED XIZT OUTDATED RAIN HATED KARRIGAN INTOXICATED FAZE ELIMINATED Jebaited
SPAM THIS STATIC TO HELP FNATIC MorphinTime
SPAM THIS STATIC TO HELP FNATIC MorphinTime
SPAM THIS STATIC TO HELP FNATIC MorphinTime
SPAM THIS STATIC TO shut down FNATIC MorphinTime
SPAM THIS STATIC TO HELP FNATIC MorphinTime
Cache is Astralis worst map LUL
SPAM THIS STATIC TO HELP FNATIC MorphinTime
SPAM THIS STATIC TO HELP FNATIC MorphinTime
SPAM THIS STATIC TO shut down FNATIC MorphinTime
SPAM THIS STATIC TO shut down FNATIC MorphinTime
SPAM THIS STATIC TO HELP FNATIC MorphinTime
SPAM THIS STATIC TO HELP FNATIC MorphinTime
This is warmup round for Golden, just wait for T side LUL
SPAM THIS STATIC TO HELP FNATIC MorphinTime
SPAM THIS STATIC TO HELP FNATIC MorphinTime
SPAM THIS STATIC TO HELP FNATIC MorphinTime
imagine astralis still with kjaerbye Kreygasm
SPAM THIS STATIC TO HELP FNATIC MorphinTime
0 1 7 NOT BAD LUL
Cache = CT sided map confirmed Kappa
SPAM THIS STATIC TO HELP FNATIC MorphinTime
Win pistol round >>> 1-6 Fnabot LUL
SPAM THIS STATIC TO HELP FNATIC MorphinTime
SPAM THIS STATIC TO HELP FNATIC MorphinTime
SPAM THIS STATIC TO HELP FNATIC MorphinTime
SPAM THIS STATIC TO HELP FNATIC MorphinTime
another tournment for astralis! // PogChamp
SPAM THIS STATIC TO HELP CHOKE NATIC forsenSS forsenSS MorphinTime
NIKO OVERATED GUARDIAN OVERWEIGHTED XIZT OUTDATED RAIN HATED KARRIGAN INTOXICATED FAZE ELIMINATED Jebaited
FaZe dies in infinity war LUL
SPAM THIS STATIC TO HELP FNATIC MorphinTime
FNC IS GETTIN GSHIT ON EleGiggle
SPAM THIS STATIC TO HELP FNATIC MorphinTime
SPAM THIS STATIC TO HELP FNATIC MorphinTime
SPAM THIS STATIC TO HELP FNATIC MorphinTime
getting smashed since karrigan days LUL
DENMARK > SWEDEN EZ EZ EZ 4Head
DENMARK > SWEDEN EZ EZ EZ DENMARK > SWEDEN EZ EZ EZ 4Head
NIKO OVERATED GUARDIAN OVERWEIGHTED XIZT OUTDATED RAIN HATED KARRIGAN INTOXICATED FAZE ELIMINATED Jebaited
FaZe dies in infinity war LUL
SPAM THIS STATIC TO HELP FNATIC MorphinTime
SWEISH CS JUST AT STUPID AS FORSEN LUL
DENMARK > SWEDEN EZ EZ EZ #1 4Head
DENMARK > SWEDEN EZ EZ EZ #2 4Head
win pistol 1-0 -> 1-16 LUL
DENMARK > SWEDEN EZ EZ EZ #3 4Head
DENMARK > SWEDEN EZ EZ EZ 4Head
Golden was a great replacement for Olof Kappa
Karrigan leave tier1 for tier5 fnatic? LUL
DENMARK > SWEDEN EZ EZ EZ 4Head
FaZe dies in infinity war LUL
THIS IS FNC MAP AHAHHAHA LUL
Lets all take a moment to thank Kjaerbye for leaving Astralis Kappa
MAGISK SAID " HEY LOOK SO EZ MAN " LUL
FNATIC DIED IN INFINITY WAR LUL
CALM DONW GUYS, FNATIC SPECIALIZES ON CT SIDE. CACHE IS CT SIDED MAP Kappa
THIS IS FNC PICK HAHAHAH LUL
10k money everyone after buy LUL
DENMARK > SWEDEN EZ EZ EZ 4Head
Fnatic throwing for skins on csgolounge Kappa
DENMARK > SWEDEN EZ EZ EZ 4Head
You guys know that Fnatic wants to lose so they can have an easier time in the other bracket right? LUL
DENMARK > SWEDEN EZ EZ EZ 4Head
SWEDISH CS JUST AT STUPID AS FORSEN LUL
bracket messed up. 1 semi - astralis. 1 semi - tyloo. LUL
MORTEN KOM SÃ… PÃ… SKYPE PogChamp
fnatic dont know how to play cache FailFish
12/1 9/1 astralis playing against novas LUL
Golden throwing for skins on CSGOLOUNGE LUL
"we are not saying FNC is bad" Kappa
DENMARK > SWEDEN EZ EZ EZ 4Head
15.23 odd on lootbet for fnatic PogChamp
Saying golden is the reason fanatic suck = PJSalt
it's just CT sided map guys Kappa
Fnatic will comeback on CT side, every good CS player knows that Cache is CT sided. BabyRage
SPAM THIS DRINK TO MAKE ASTRALIS STINK DrinkPurple
SPAM THIS STATIC TO HELP FNATIC MorphinTime
If fnc leave and let the csgo bots play there have a chance to win Kappa
Just give the cup for Astralis already LUL
ITS LIKE GLOBAL'S VS DMG'S RIP FNATIC LUL
get killed, golden is silver igl LUL
silvers say that Fnatic are bad. Good players say that Astralis is great. Kappa
SPAM THIS DRINK TO MAKE ASTRALIS STINK DrinkPurple
Karma should hit right about now BibleThump
FNATIC, NO CHEAT, NO WIN LUL
astralis taking out the trash :(
FNATIC ARE THROWING FOR SKINS LUL
FLUSHA NEED A NEW MOUSE LUL
gg ez fnatic trolls vs ago on Epl rekt LUL
CACHE IS CT-SIDED CALM DOWN PJSalt
SPAM THIS DRINK TO MAKE ASTRALIS STINK DrinkPurple
SPAM THIS COKE TO MAKE ASTRALIS CHOKE DrinkPurple
Show flusha table punch !!! BlessRNG
GIVE ASTRALIS THE CUP ALREADY LUL
REALLY CLOSE AND INTENSE GAME PogChamp
FNATIC ERA 1 MONTH FNATIC ERA 1 MONTH FNATIC ERA 1 MONTH 4HeadFNATIC ERA 1 MONTH 4Head
16-13 Fnatic wins, check HLTV noobs. PJSalt
revive bullyhunters just for this match :(
I actually picked this map for fnatic, cuz i bet on Astralis :D
SPAM THIS BASKET TO PUT FNATIC IN A CASKET panicBasket
armpitsniffer420: Fnatic will win Cache 100% Kappa
SPAM THIS FIS TO HELP ASTRALIS YouDontSay
Show flusha table punch !! BlessRNG
SPAM THIS BASKET TO PUT FNATIC IN A CASKET panicBasket
SPAM THIS BASKET TO PUT FNATIC IN A CASKET panicBasket
is this faceit lvl 1 vs 10 ? LUL
SPAM THIS BASKET TO PUT FNATIC IN A CASKET panicBasket
SPAM THIS BASKET TO PUT FNATIC IN A CASKET panicBasket
Rightwing Denmark will always defeat lefist cuckSweden :)
first and last round ? LUL
someone call fnatic they're crying BibleThump
SPAM THIS BASKET TO PUT FNATIC IN A CASKET panicBasket
SPAM THIS BASKET TO PUT FNATIC IN A CASKET panicBasket
Cache = CT Sided. Fnatic = CT SIDE SPECIALISTS. Fnatic > Chokestralis 16-14 PJSalt
SPAM THIS BASKET TO PUT FNATIC IN A CASKET panicBasket
SPAM THIS BASKET TO PUT FNATIC IN A CASKET panicBasket
SPAM THIS BASKET TO PUT FNATIC IN A CASKET panicBasket
@moistcustard I picked this map, because i bet on astralis :D
SPAM THIS BASKET TO PUT FNATIC IN A CASKET panicBasket
SPAM THIS BASKET TO PUT FNATIC IN A CASKET panicBasket
= Fnatic Krimz (no space) SwiftRage
SPAM THIS BASKET TO PUT FNATIC IN A CASKET panicBasket
SPAM THIS COKE TO MAKE ASTRALIS CHOKE DrinkPurple
SPAM THIS BASKET TO PUT FNATIC IN A CASKET panicBasket
SPAM THIS BASKET TO PUT FNATIC IN A CASKET panicBasket
TOM CRUISE IS BUDGET DEVICE LUL
SPAM THIS BASKET TO PUT FNATIC IN A CASKET panicBasket
SPAM THIS BASKET TO PUT FNATIC IN A CASKET panicBasket
SPAM THIS COKE TO MAKE ASTRALIS CHOKE DrinkPurple
SPAM THIS BASKET TO PUT FNATIC IN A CASKET panicBasket
SPAM THIS BASKET TO PUT FNATIC IN A CASKET panicBasket
SPAM THIS BASKET TO PUT FNATIC IN A CASKET panicBasket
SPAM THIS BASKET TO PUT FNATIC IN A CASKET panicBasket
SPAM THIS COKE TO MAKE ASTRALIS CHOKE DrinkPurple
SPAM THIS BASKET TO PUT FNATIC IN A CASKET panicBasket
SPAM THIS BASKET TO PUT FNATIC IN A CASKET panicBasket
SPAM THIS BASKET TO PUT FNATIC IN A CASKET panicBasket
SPAM THIS BASKET TO PUT FNATIC IN A CASKET panicBasket
SPAM THIS BASKET TO PUT FNATIC IN A CASKET panicBasket
SPAM THIS BASKET TO PUT FNATIC IN A CASKET panicBasket
easy fnatic 2-1. just bet on high fnatic :)
SPAM THIS COKE TO MAKE ASTRALIS CHOKE DrinkPurple
SPAM THIS BASKET TO PUT FNATIC IN A CASKET panicBasket
SPAM THIS BASKET TO PUT FNATIC IN A CASKET panicBasket
SPAM THIS BASKET TO PUT FNATIC IN A CASKET panicBasket
SPAM THIS BASKET TO PUT FNATIC IN A CASKET panicBasket
SPAM THIS COKE TO MAKE ASTRALIS CHOKE DrinkPurple
SPAM THIS BASKET TO PUT FNATIC IN A CASKET panicBasket
SPAM THIS BASKET TO PUT FNATIC IN A CASKET panicBasket
Cache is T sided SIR LUL
SPAM THIS BASKET TO PUT FNATIC IN A CASKET panicBasket
HERE COMES THE FNATIC COMEBACK PogChamp
SPAM THIS BASKET TO PUT FNATIC IN A CASKET panicBasket
ðŸ“ž HELLO FNATIC ðŸ“ž FAZE HERE ðŸ“ž WE'RE WAITING AT THE AIRPORT ðŸ“ž SEE YOU SOON ðŸ“ž 4Head
SPAM THIS MEAT TO ACTIVATE FLUSHA MOUSE CHEAT BloodTrail
3 player stack - 1 kill LUL
SPAM THIS FIS TO HELP ASTRALIS YouDontSay
jajaja to es against the trolls LUL
damn astralis taking out the trash LUL
Golden is MVP 3 Kills 16 Deaths PogChamp
SKÃ…Ã…Ã…L VI VINDER OVER SVENSKEN :D
SPAM THIS COKE TO MAKE ASTRALIS CHOKE DrinkPurple
SPAM THIS COKE TO MAKE ASTRALIS CHOKE DrinkPurple
SPAM THIS COKE TO MAKE ASTRALIS CHOKE . DrinkPurple
SPAM THIS COKE TO MAKE ASTRALIS CHOKE DrinkPurple
I told you Cache is CT side, Fnatic wins Chokestralis PJSalt
JW VAC BANNED ON HLTV PogChamp
HAVE TO FULL TEAM STACK SITE TO WIN ROUND LUL
SPAM THIS COKE TO MAKE ASTRALIS CHOKE / DrinkPurple
might as well blow you all up LUL
FNATIC WINS I told you Cache is CT Sided and Fnatic is CT Specialists PogChamp
@viskonts just win the game already 4Head
DOC RAID HIDE YO WIFE WutFace
SPAM THIS LIGHT TO HELP FNATIC FIGHT MorphinTime
$4000 (800x5) v $1500 = the same LUL
DOC RAID HIDE YO WIFE WutFace
SPAM THIS COKE TO MAKE ASTRALIS CHOKE DrinkPurple
knife kill is harrrrd, bully hunter taught me :)
SPAM THIS COKE TO MAKE ASTRALIS CHOKE DrinkPurple
@JuanMata wtf, hola man, soy tu fan <3
the greatest player in the premier league PogChamp
the krimz knife kill guys TTours
SPAM THIS COKE TO MAKE ASTRALIS CHOKE DrinkPurple
@Huskei should probably nuke middle east while we're at it Kappa
SPAM THIS BASKET TO PUT FNATIC IN A CASKET panicBasket
SPAM THIS COKE TO MAKE ASTRALIS CHOKE DrinkPurple
@JuanMata Hi bro, im your big fan <3
SPAM THIS BASKET TO PUT FNATIC IN A CASKET panicBasket
guys it flashed garage its actually amazing PogChamp
DOC RAID DOC RAID DOC RAID DOC RAID DOC RAID ðŸ’¿ B)
I remember when it was 13 2 LUL
SPAM THIS COKE TO MAKE ASTRALIS CHOKE DrinkPurple
DOC RAID HIDE YO WIFE WutFace
SPAM THIS COKE TO MAKE ASTRALIS CHOKE DrinkPurple
SPAM THIS COKE TO MAKE ASTRALIS CHOKE DrinkPurple
SPAM THIS COKE TO MAKE ASTRALIS CHOKE DrinkPurple
kids who spammed scared already LUL
SPAM THIS COKE TO MAKE ASTRALIS CHOKE DrinkPurple
flusha: why are my cheats not working? LUL
SPAM THIS COKE TO MAKE ASTRALIS CHOKE DrinkPurple
SPAM THIS COKE TO MAKE ASTRALIS CHOKE DrinkPurple
SPAM THIS COKE TO MAKE ASTRALIS CHOKE DrinkPurple
SPAM THIS NEAGRO TO HELP LEKR0 TriHard
8 in a row EZ Kappa
@lolGennerator @hogey__ Dream on boys. LUL
NA this EU that SPAM this baby in the chat BabyRage
SK SK SK SK SK SK SK SK SK LUL
CAN PEOPLE STOP USE FUCKING YOU ARE NOT FUNNY LUL
SPAM THIS COKE TO MAKE ASTRALIS CHOKE DrinkPurple
NA this EU that SPAM this baby in the chat BabyRage
Golden is the best player on Fnatic PJSalt
SPAM THIS BASKET TO PUT FNATIC IN A CASKET panicBasket
SPAM THIS BASKET TO PUT FNATIC IN A CASKET panicBasket
SPAM THIS COKE TO MAKE ASTRALIS CHOKE DrinkPurple
gg ez denmark > sweden LUL
rekting the trolls was so EZZ LUL
@Adenis and we hate you :)
help golden to pay cheats BlessRNG
@lolGennerator @hogey__ that's not even coke LUL
navi could but they are not here LUL
TIME TO CHOKE IN SEMIS Kappa
@flashy80 its rare i actually laugh at a comment LUL
NA this EU that SPAM this baby in the chat BabyRage
EZZ 4 POLISH SUPERSTAR BNTET PogChamp
SINCE WHEN TK COUNTS AS KILL FOR ACE FailFish
there was a t name before LUL
B E A S T TriHard
B E A S T TriHard
