[0:00:14] <Real_MonkeyX> FUCKING UK CS
[0:00:14] <+PaulyDuk> HOWS A RESRREAM DIE
[0:00:25] <shreevey13> @Antonnix dont forget me chat is gonna take over
[0:00:27] <+Antonnix> this music LUL
[0:00:33] <Kuferty> w
[0:00:37] <$f1ghter75> cheer10 KING OF CHEERS
[0:00:38] <zen0side> a RERUN????
[0:00:45] <+Antonnix> @shreevey13 brothas gotta have each others backs
[0:00:50] <mikanaz> sellouts ResidentSleeper
[0:00:51] <zen0side> I THOUGHT THIS WAS FOR REAL!!!
[0:01:03] <+Hojineyer> rip
[0:01:03] <narvto> Same here @zen0side
[0:01:05] <+VKSailenRL> WTFFFFFFFFFFFFF
[0:01:09] <braingame49> rip
[0:01:10] <Frankietss> what happened????
[0:01:11] <Andforx> WTF
[0:01:12] <shreevey13> lol stream over :D
[0:01:16] <arihanta1> lol
[0:01:19] <+Antonnix> ultimate rip
[0:01:19] <@Moobot> Join the ESLCS steam group http://steamcommunity.com/groups/eslcs
[0:01:19] <msbg_blaze> lol
