[0:00:02] <+infamous_andrew> Yup live
[0:00:05] <Ctlen> Kippa
[0:00:16] <+grandpaputin> FortOne FortOne FortOne FortOne FortOne FortOne FortOne FortOne FortOne FortOne FortOne FortOne FortOne FortOne FortOne FortOne
[0:00:44] <+Ruthless937> @brandonrubacha youll know if its not live because it will come up with a blue "ads are playing" screen when the ads were playing during the live stream
[0:01:09] <+brandonrubacha> Weird, the ESL website says there isn't anything today. Okay cool thanks for the info!
[0:01:13] <+Ruthless937> @brandonrubacha plus the title of the stream will say "RERUN:
[0:01:27] <+brandonrubacha> @Ruthless937 Awesome!
[0:02:14] <~ESL_CSGO> !giveaway
[0:02:14] <@Moobot> Enter here to win a 24 inch gaming monitor from AOC - http://esl.pm/csgocomp
[0:03:52] <MrUrfan> KOBEEEEE
[0:03:53] <cleatus32> I this live or rerun? or live rerun?
[0:03:59] <+Ruthless937> Live
[0:04:12] <ankitgarg> its a reran rerun
[0:04:14] <MrUrfan> a shame not many people here
[0:04:16] <+Ruthless937> It will always say rerun if it’s not live in the title
[0:04:37] <cleatus32> my title has rerun in it
[0:04:46] <+Ruthless937> My doesn’t
[0:04:51] <srkliper> is live guys!!
[0:04:53] <cleatus32> maybe clear my cache?
[0:05:01] <BarnacleRus> live rerun
[0:05:04] <+Ruthless937> I guess? Lol
[0:05:21] <cleatus32> brb I'm going to reinstall twitch
[0:05:26] <+LirijaNightwalker> BrokeBack
[0:05:46] <+Krayycs> :O
[0:05:52] <MrUrfan> PogChamp
[0:05:57] <luanpx> monkaS
[0:05:58] <Blackeyefish> Gaming from Currys Pc World Jebaited EleGiggle
[0:06:02] <+Ruthless937> They are using the red dot as the recording symbol instead of putting live like sophisticated people
[0:06:04] <+Krayycs> admin bias Kappa
[0:06:21] <Chunkmine> Live?
[0:06:24] <MrUrfan> check Endpoints twitter. its live.
[0:06:28] <slydesin> nice one
[0:06:48] <+Ruthless937> Lol imma message them and tell them to fix it
[0:07:47] <BarnacleRus> LUL
[0:08:24] <SikRaga> viewers 2 :D
[0:08:30] <~ESL_CSGO> This is live, and the title is correct. If you were watching before we updated you will need to refresh twitch to see the updated title, crtl+f5 will fix this eslF5
[0:08:30] <@Moobot> Start your esports career on ESL Play: http://esl.gg/eslplaycsgo
[0:08:48] <~ESL_CSGO> !giveaway
[0:08:49] <@Moobot> Enter here to win a 24 inch gaming monitor from AOC - http://esl.pm/csgocomp
[0:08:51] <Randomf1sh> where is Sadokist?
[0:09:39] <rogue_colin> in hell
[0:10:16] <SikRaga> why does it show that ingame there is only 2viewers xd
[0:10:21] <huije> wtf boden
[0:11:15] <SikRaga> PRChase PRChase
[0:11:43] <+SealTeamFish> cuz there are 2 broadcasters
[0:12:12] <+Ruthless937> “Sry this promotion is not available in your region”
[0:12:26] <+Ruthless937> That’s why I’ve never heard of that shit company
[0:12:32] <DanielD3NY> ***
[0:12:42] <SikRaga> CrreamAwk CrreamAwk CrreamAwk CrreamAwk
[0:12:48] <botacoplays> Bot
[0:12:53] <Totterb0t> Which company we talking?
[0:12:58] <+DpS_csgo> Nice radex
[0:13:06] <getgoodblackman> Throw
[0:13:14] <+Ruthless937> I can’t win the aoc moniter
[0:13:21] <Totterb0t> Rip
[0:13:21] <wh1skcsgo> i want to be seeing jacky pragnell at this lan
[0:13:35] <SikRaga> did you know that all the twitch viewers should be shown in the game viewer count :d
[0:13:38] <huije> jack pragnell fan represent
[0:13:45] <JoeKarizma> cmonBruh
[0:13:55] <+Ruthless937> Sik how would that be possible?
[0:13:57] <Adams990623> LUL
[0:14:00] <luanpx> meeeee NotLikeThis
[0:14:21] <ybirdyy> that the new sadokist? Kappa
[0:14:21] <+Ruthless937> Twitch and cs are two different platforms
[0:15:26] <+Houragorn> Bajs ? forsenE forsen1
[0:15:35] <MrUrfan> C0ME ON ENDPOINT
[0:15:37] <+DpS_csgo> CheepCheep CheepCheep CheepCheep CheepCheep CheepCheep CheepCheep CheepCheep
[0:15:37] <SikRaga> Ruthless that what always happens, idk if you gotta link steam acc to see it but my friend who streams all of hes viewers are shown in game
[0:15:52] <SikRaga> Keepo Keepo
[0:15:57] <MrUrfan> EZ CT SIDED MAP FOR ENDPOINT GG
[0:16:01] <+DpS_csgo> KonCha PunOko
[0:16:15] <+Houragorn> forsenRedSonic Red sonic
[0:16:21] <+DpS_csgo> TPFufun TPFufun
[0:16:22] <MrUrfan> n0thingCreep
[0:16:41] <David_Kim_Jong_Il> @sikraga maybe not the steamacc linked to this twitchacc ingame, then it doesnt work
[0:16:42] <+Ruthless937> Anyone know what the point of throwing a flash if your not gonna peek after it goes off? Omg you blinded a dude but he survived good job
[0:17:15] <+DpS_csgo> Send me ur whisk fan fiction pls TehePelo
[0:17:15] <iwicsyTV> for a team-mate to peak it @Ruthless937
[0:17:20] <+sSevenX> if theyre holding an angle w and awp it will force them off
[0:17:40] <SikRaga> @David_Kim_Jong_Il i was thinking that they may not have the same thing that my friend has xd
[0:17:52] <+Ruthless937> Ahh
[0:18:11] <+Ruthless937> There that flash
[0:18:25] <+Ruthless937> He blinded himself
[0:18:26] <+RoshnakSc2> no crosshair? wtf
[0:18:47] <+shayse> @ruthless937 it slows down the push if they’re blinded
[0:18:54] <SikRaga> @RoshnakSc2 ???? what r u talking about
[0:20:29] <SikRaga> @ESL_CSGO wyd?
[0:20:45] <iiseo> Lol
[0:20:46] <@Moobot> Join the ESLCS steam group http://steamcommunity.com/groups/eslcs
[0:20:57] <luanpx> LUL
[0:20:59] <Iceman1415> LUL
[0:21:01] <+JakeyJewGold> LOL
[0:21:03] <Honkerbeeper> LUL
[0:21:08] <SikRaga> LUL LUL LUL
[0:21:10] <Soloql> LUL
[0:21:12] <iiseo> Zeus skins WHEN
[0:21:13] <quinnzeskimo> reeeekkkkt
[0:21:15] <luanpx> holy crap boy : LUL LUL
[0:21:16] <Adams990623> LUL
[0:21:18] <NoSkill_Error42> LUL
[0:21:20] <+S1eeet> well
[0:21:42] <+Theabomination223> raysL raysL raysL
[0:22:01] <SikRaga> @iiseo great idea :D zeus 21 fade
[0:22:16] <Totterb0t> No one else gonna address those horrible puns? LUL
[0:22:20] <~ESL_CSGO> !giveaway
[0:22:21] <@Moobot> Enter here to win a 24 inch gaming monitor from AOC - http://esl.pm/csgocomp
[0:22:30] <iiseo> Stattrack
[0:22:47] <SikRaga> Sorry, this promotion is not available in your region
[0:23:00] <SikRaga> ofc :c
[0:23:00] <iiseo> "Sorry, this promotion is not available in your region" lol wut
[0:23:01] <dyBBuKPT> !giveway
[0:24:15] <luanpx> LUL
[0:24:49] <quinnzeskimo> heh 69. Nice.
[0:24:53] <chris_tabernero> :D
[0:24:59] <luanpx> :D
[0:25:16] <pellebob1> What country is RADIX from?
[0:25:24] <audeonn> UK
[0:25:30] <+DpS_csgo> Luxembourg
[0:25:31] <pellebob1> Ok
[0:25:34] <audeonn> oh?
[0:25:35] <luanpx> UK
[0:25:37] <RRibeiro694> brasil
[0:25:46] <luanpx> Mexico LUL
[0:25:47] <%FF_John> north korea
[0:25:49] <iiseo> Africa
[0:25:51] <audeonn> well on their twitter it's saying UK
[0:25:51] <+DpS_csgo> They’re uk players Luxembourg org
[0:25:53] <+nadeey> who are the casters j4ck and snodz?
[0:25:58] <Symns> Sadokist cmonBruh
[0:25:58] <pellebob1> !giveaway
[0:25:58] <@Moobot> Enter here to win a 24 inch gaming monitor from AOC - http://esl.pm/csgocomp
[0:26:00] <RRibeiro694> south korea..
[0:26:19] <TotunG_CS> -Luzuh +swaggyavi
[0:26:32] <luanpx> rip ?
[0:26:38] <+naet_> -hype +naet
[0:26:44] <luanpx> -.-
[0:26:47] <Adams990623> saved
[0:26:54] <luanpx> saved
[0:27:37] <RRibeiro694> taco is god..
[0:27:48] <+xxFishy> Why do you use ...
[0:27:49] <+nadeey> p2k in 2018 omegaLUL
[0:27:53] <j4ck_csgo> radix win this ez tbh
[0:27:53] <@Moobot> Start your esports career on ESL Play: http://esl.gg/eslplaycsgo
[0:27:57] <+Zendroid> xd
[0:28:12] <+Dr_Sodium> Can we?
[0:28:15] <RRibeiro694> taco is god
[0:28:18] <luanpx> Liquid Taco ?? :thinking:
[0:28:25] <pellebob1> What tournament is this?
[0:28:26] <+Dr_Sodium> lol gfinity
[0:28:27] <RRibeiro694> maybe
[0:28:40] <nntrm> rip
[0:28:41] <RRibeiro694> taco=god
[0:28:43] <luanpx> well
[0:29:02] <wh1skcsgo> praggers at eps lan
[0:29:22] <j4ck_csgo> hi @wh1skcsgo im literally ur biggest fan
[0:29:34] <quinnzeskimo> liquid taco? you mean taco bell an hour later? @luanpx
[0:29:44] <ec1scsgo> oh man lets gooooo radix
[0:29:45] <+Evolutiontiger2> Is optic in this
[0:29:56] <RRibeiro694> taco confirmed in cloud9!!
[0:30:03] <pellebob1> What tournament is this?
[0:30:10] <RRibeiro694> facebook..
[0:31:02] <ec1scsgo> THE ROUND
[0:31:11] <ImmiCSGO> radix will throw again
[0:31:20] <Combatcondor> @pellebob1 look at the title......
[0:31:26] <ec1scsgo> @wh1skcsgo kp stealing my calls... smh
[0:31:41] <~ESL_CSGO> !giveaway
[0:31:41] <+DpS_csgo> Kpiz got the ts muted with edm on full blast
[0:31:42] <@Moobot> Enter here to win a 24 inch gaming monitor from AOC - http://esl.pm/csgocomp
[0:31:46] <ardiis> @ImmiCSGO radix win this
[0:32:02] <VsMKickSteR> when will u play with fnatic at @ec1scsgo , are u praccing?
[0:32:18] <ec1scsgo> We have already been praccing :)
[0:32:23] <ardiis> @wh1skcsgo u eps ready
[0:32:31] <Neilgamer> he is trialing for academy team not in the org yet.
[0:32:34] <VsMKickSteR> when is it officials
[0:32:51] <RRibeiro694> endpoint will win this
[0:32:54] <+Dr_Sodium> Can confirm Fnatic AT already praccing
[0:33:01] <ec1scsgo> yeah its basically a 1 month trial as fnatic academy
[0:33:09] <luanpx> @quinnzeskimo I was just kidding, relax fool. cmonBruh
[0:33:12] <+DpS_csgo> Radex will win :) CheepCheep
[0:33:26] <VsMKickSteR> lol so basically in gamerz u spent weeks to win a trial?
[0:33:27] <RRibeiro694> endpoint of course
[0:33:57] <%FF_John> BibleThump BibleThump BibleThump
[0:34:06] <ec1scsgo> Yea we get a one month contract to see if we are good enough to sign for longer
[0:34:27] <+JakeyJewGold> this is just embarrassing :/
[0:34:28] <+SaintedPlaceBoy> Is this being streamed on facebook Kappa
[0:35:01] <ImmiCSGO> What do you mean @JakeyJewGold
[0:35:07] <luanpx> Kappa
[0:35:12] <+TheseBuiscuits> ninjaCRINJA ninjaCRINJA ninjaCRINJA ninjaCRINJA ninjaCRINJA ninjaCRINJA ninjaCRINJA ninjaCRINJA ninjaCRINJA
[0:35:14] <+jenkoxd> nice of u to delete me @ImmiCSGO
[0:35:18] <+JakeyJewGold> just hate to see it dont ya immi
[0:35:22] <ImmiCSGO> ??!?!
[0:35:42] <ImmiCSGO> I haven't deleted anyone bro
[0:36:07] <pellebob1> Gg
[0:36:07] <~ESL_CSGO> !giveaway
[0:36:08] <@Moobot> Enter here to win a 24 inch gaming monitor from AOC - http://esl.pm/csgocomp
[0:36:15] <RRibeiro694> que ota
[0:36:15] <ardiis> left right goodnight for endpoint
[0:36:16] <+DpS_csgo> Endpoint in a slumppp
[0:36:16] <@Moobot> Join the ESLCS steam group http://steamcommunity.com/groups/eslcs
[0:36:19] <Neilgamer> tis deleted
[0:36:19] <pellebob1> !giveaway
[0:36:29] <Jesperere> Hello neil big fan
[0:36:30] <luanpx> ota
[0:37:04] <+DpS_csgo> Neil lan winner
[0:37:23] <chilicheese> !bracket
[0:37:23] <ec1scsgo> NEPH?
[0:37:25] <ardiis> wtf has neph done
[0:37:27] <Honkerbeeper> Kreygasm
[0:37:29] <ImmiCSGO> Genuinely haven't deleted him
[0:37:31] <%FF_John> vac
[0:37:33] <sharkgeek11> LUL uk CS
[0:37:34] <+JakeyJewGold> how the hell has he got away with that
[0:37:43] <pellebob1> Lol
[0:37:43] <Caplix> Holy hell, UK BOTS! lmao
[0:37:46] <ImmiCSGO> Hello fellow top20 coach @Neilgamer
[0:37:48] <+frazehh> NotLikeThis
[0:37:48] <getgoodblackman> !!!!??
[0:37:50] <getgoodblackman> Why didn't they kill him
[0:37:53] <+mousieeee> wow endpoint are getting hammered
[0:37:56] <Combatcondor> LUL
[0:37:57] <pellebob1> GG
[0:37:58] <Grenced> that is why this is premier Kappa
[0:38:02] <+JakeyJewGold> this is rough
[0:38:05] <luanpx> NotLikeThis
[0:38:06] <Serdartepeyurt> omg... nova3 match
[0:38:12] <banjana92> neph is cute
[0:38:18] <luanpx> rip dream :(
[0:38:19] <Neilgamer> hallo what doing @ImmiCSGO
[0:38:19] <+yoshi___> ANGRY
[0:38:42] <+DpS_csgo> FBtouchdown FBtouchdown FBtouchdown FBtouchdown
[0:38:47] <luanpx> gg
[0:38:53] <kramcjier> If they are nova 3.. You must be a silver
[0:38:57] <Serdartepeyurt> why no IQ?
[0:39:13] <RRibeiro694> are they silvers?
[0:39:16] <+fueledbydanimals> LUL
[0:39:18] <+yoshi___> hype is back
[0:39:19] <%FF_John> dream alive for endpoint
[0:39:20] <+SaintedPlaceBoy> 22-19 Kappa
[0:39:21] <Grenced> silver elites\
[0:39:24] <Caplix> i belive they are silvers
[0:39:28] <%FF_John> but end is in their name
[0:39:35] <+DpS_csgo> Mm ranks haHAA
[0:39:36] <MadZae> Is chat being Silver I again?
[0:39:36] <luanpx> or not LUL
[0:39:38] <RRibeiro694> i believe
[0:39:51] <+TrialsCS> tis hype
[0:40:02] <kramcjier> Yep, chat being silver again, salty af
[0:40:09] <Ruleh> :P
[0:40:09] <@Moobot> Start your esports career on ESL Play: http://esl.gg/eslplaycsgo
[0:40:17] <+frazehh> Harry Mac are u watching from hospital?
[0:40:18] <+njhcsgo> gg
[0:40:23] <Ruleh> go away trials
[0:40:24] <RRibeiro694> radix is a silver team..
[0:40:32] <+TrialsCS> cooool
[0:40:39] <+DpS_csgo> Yee got wifi
[0:40:45] <kpizcsgo> kpizcsHeadie
[0:40:48] <MadZae> @RRibeiro694 I want to see you 1v1 one of them
[0:40:49] <+frazehh> Nice
[0:40:55] <Caplix> lol wtf?
[0:40:57] <madlrage> Nice
[0:41:00] <+TheseBuiscuits> r6rekt KappaPride
[0:41:01] <RRibeiro694> ez...
[0:41:03] <b0denmastercs> w00000000000000000
[0:41:03] <+yoshi___> its happening
[0:41:10] <+DpS_csgo> @kpizcsgo stop ghosting!??
[0:41:18] <b0denmastercs> cya at lan boys btw
[0:41:19] <Serdartepeyurt> movements and aim are fine but literally IQ its like watcing a random pug
[0:41:21] <ImmiCSGO> @kpizcsgo PogChamp
[0:41:21] <Grenced> i would 1v1 4 of them Kappa
[0:41:24] <ardiis> ardiisCAPS
[0:41:31] <RRibeiro694> ez
[0:41:36] <ImmiCSGO> ec1scsCOOL ec1scsCOOL ec1scsCOOL ec1scsCOOL ec1scsCOOL ec1scsCOOL ec1scsCOOL
[0:41:37] <kpizcsgo> ardiisCAPS
[0:41:39] <kramcjier> PJSalt PJSalt PJSalt
[0:41:43] <luanpx> ot soon
[0:42:00] <RRibeiro694> SwiftRage SwiftRage
[0:42:00] <mateuslp01> LUL TK
[0:42:01] <Grenced> tk
[0:42:09] <luanpx> LUL
[0:42:14] <wh1skcsgo> see you there jacky
[0:42:20] <+S1eeet> o
[0:42:21] <RRibeiro694> ya.... they are silvers..
[0:42:21] <TotunG_CS> @Serdartepeyurt bro you need to play and you will win it all
[0:42:42] <luanpx> nt
[0:42:43] <kpizcsgo> @wh1skcsgo c u again soon brother
[0:42:49] <wh1skcsgo> yeee
[0:43:02] <+DpS_csgo> Whisk the stage player ?
[0:43:03] <wh1skcsgo> ngl after cache
[0:43:06] <hypecsgoo> gg
[0:43:23] <RRibeiro694> radix is silver team
[0:43:36] <+SaintedPlaceBoy> OOOOOOF
[0:43:38] <luanpx> omg NotLikeThis
[0:43:39] <mateuslp01> LUL
[0:43:40] <$skuxz_> what the fricking heck
[0:43:42] <Serdartepeyurt> you dont get it... theyre good invidually but not a team
[0:43:43] <+JakeyJewGold> holy molly
[0:43:43] <Combatcondor> PogChamp
[0:43:44] <RoopBcdeeml> 1g
[0:43:44] <+original_Buddhapest> FIRE!!!!
[0:43:44] <%glitcher03> ouch
[0:43:45] <+Advanst_> that molly tho gibePog
[0:43:48] <+hawka_cs> Poggers
[0:43:48] <@Moobot> Join the ESLCS steam group http://steamcommunity.com/groups/eslcs
[0:43:48] <MatthewGamble> gg
[0:43:49] <CDBeef> rofl
[0:43:49] <pellebob1> Gg
[0:43:51] <+vbL_tv> 1g
[0:43:53] <%glitcher03> dope molly
[0:43:54] <luanpx> gg wp
[0:43:58] <TotunG_CS> @Serdartepeyurt yeah bro go win $$$
[0:43:59] <biellrossini> awp for the next round? Kappa
[0:43:59] <+PimpGangsterz> brownGG
[0:44:03] <Luna_Tik> p90GG p90GG
[0:44:06] <luanpx> what ??? cmonBruh
[0:44:08] <Jaksary> wow nice hames
[0:44:08] <yabbah_> forsen1
[0:44:11] <RRibeiro694> lucky.....
[0:44:14] <dOMMM_> 3 : 0 ?
[0:44:17] <sobierro> last match today?
[0:44:18] <luanpx> hahahahahahahahahahahaha
[0:44:21] <ec1scsgo> IMMI ec1scsCOOL WAS ec1scsCOOL THE ec1scsCOOL PROBLEM ec1scsCOOL
[0:44:21] <agjents> @rribeiro694 thanks for info for like the 100th time. Whats your point?
[0:44:28] <luanpx> o my lord NotLikeThis
[0:44:30] <ImmiCSGO> IMMI ec1scsCOOL WAS ec1scsCOOL THE ec1scsCOOL PROBLEM ec1scsCOOL
[0:44:56] <+yoshi___> OMEGALUL
[0:45:04] <luanpx> OMEGALUL
[0:45:12] <yabbah_> forsenCD the 2 times
[0:45:13] <crazyyy> when snodz referances a hammer after iseries
[0:45:26] <@XhipGamer> !casters
[0:45:31] <surreal> PogChamp
[0:45:35] <$skuxz_> skuxjPug
[0:45:38] <Neilgamer> defo does not seem it here
[0:45:41] <+Krayycs> bed
[0:45:46] <surreal> smORC
[0:45:48] <+jenkoxd> PogChamp
[0:45:50] <yabbah_> sodaG
[0:45:53] <Jaksary> they should show the replay from B from a different point of view
[0:45:57] <+jenkoxd> SMOrc
[0:45:57] <+yoshi___> LOL
[0:45:59] <surreal> sMORC
[0:46:05] <Serdartepeyurt> I would gather a team with no doubt, its not the point
[0:46:07] <+yoshi___> SMOrc
[0:46:08] <+97_honda_accord> SMOrc
[0:46:08] <kryptixxx> SMOrc
[0:46:09] <ardiis> SMOrc
[0:46:11] <surreal> SMORc
[0:46:12] <BarnacleRus> LUL
[0:46:12] <+frazehh> Nice surreal
[0:46:14] <$skuxz_> SMOrc
[0:46:18] <Luna_Tik> spkyToxic
[0:46:19] <~ESL_CSGO> !giveaway
[0:46:19] <@Moobot> Enter here to win a 24 inch gaming monitor from AOC - http://esl.pm/csgocomp
[0:46:19] <+Emyrgreen> SMOrc
[0:46:22] <TotunG_CS> @Serdartepeyurt why bro easy money? i will play too
[0:46:22] <Fusha_> Wasting food >:[
[0:46:22] <@Moobot> Start your esports career on ESL Play: http://esl.gg/eslplaycsgo
[0:46:23] <surreal> SMOrc
[0:46:23] <ardiis> ardiisCAPS
[0:46:24] <+97_honda_accord> verrified, cant type SMOrc
[0:46:24] <dOMMM_> SMOrc
[0:46:30] <mohamed4778> heyy
[0:46:34] <+DpS_csgo> SMOrc
[0:46:36] <+Moggybuts > SMorc
[0:46:37] <$skuxz_> hey mohamed x
[0:46:43] <+radian__> forsenOMEGA
[0:46:45] <+Emyrgreen> mog NotLikeThis
[0:46:50] <+Moggybuts > SMOrc
[0:46:55] <+frazehh> FailFish
[0:46:56] <+DpS_csgo> #bringimmiback
[0:47:03] <+Moggybuts > NotLikeThis
[0:47:16] <isalauri> still more matches coming?
[0:47:34] <+DpS_csgo> Nope
[0:47:44] <isalauri> ah damn, missed rhe final game so
[0:47:47] <Serdartepeyurt> the point is being a good team, which they’re nowhere near
[0:48:08] <kramcjier> Yea, and you're not even a good player, so...
[0:48:17] <Serdartepeyurt> lol
[0:48:50] <Serdartepeyurt> I never said that
[0:48:52] <TotunG_CS> +dps to endpoint
[0:49:12] <ostriike> its finish?
[0:49:18] <kramcjier> Kids these days
[0:49:26] <agjents> lmao
[0:49:50] <discooalbert> will there be more?
[0:49:55] <agjents> No
