[0:00:03] <llnanoll> wtf
[0:00:05] <w3edp0ny> no
[0:00:14] <bloztv> f5
[0:00:16] <implosion13> oof
[0:00:16] <w3edp0ny> refresh
[0:00:16] <+TSP_FusionYT> Nvm you have to reset the stream
[0:00:59] <drenleka> 1
[0:01:11] <Velikiy_Magistr> ВЫ ВСЕ ПИДАРАСЫ
[0:02:24] <bloztv> ezz xd
[0:02:42] <implosion13> thry win a plate
[0:03:10] <KnastyCS> 1
[0:03:16] <mrlolz101> 2
[0:03:20] <sharkyscsgo> 3
[0:03:22] <bloztv> 3
[0:03:32] <quartelman> 4
[0:03:39] <deliiq> h
[0:03:42] <mrlolz101> and we fucked it already...
[0:03:43] <nafroo> 5
[0:03:53] <Izaaksheik321> 6
[0:03:58] <nafroo> 7
[0:04:04] <+TSP_FusionYT> 8
[0:04:05] <Izaaksheik321> 8
[0:04:06] <+demaurice_the_marth_main> Go faze
[0:04:15] <quartelman> faze lost LUL
[0:04:29] <+NopeTVV> FaZe are choke kings
[0:04:30] <bloztv> Me conocen por que siempre estoy en modo diablo
[0:04:52] <+demaurice_the_marth_main> KappaHD
[0:04:53] <sharkyscsgo> yo no te conozco
[0:05:09] <bloztv> a quien? :v
[0:05:17] <mrlolz101> goo nip!!!
[0:05:25] <sharkyscsgo> a vos
[0:05:32] <bloztv> nip is shit xD
[0:05:45] <bloztv> @sharkyscsgo de donde? xD
[0:05:56] <captain1army> yeah rip nip
[0:05:58] <mrlolz101> ok tf forest...
[0:06:12] <llnanoll> los peruanos estan en odos lados =/
[0:06:38] <bloztv> son como la mugre xDDDDD
[0:06:46] <sharkyscsgo> mal
[0:06:57] <mrlolz101> aaand ggs all around
[0:06:57] <captain1army> faze will win
[0:07:26] <sharkyscsgo> I don't win nor lose, I learn.
[0:08:37] <sharkyscsgo> come back is real
[0:09:16] <christopherkofod> hello how are you guys in the chat
[0:09:22] <alexte> this live?
[0:09:28] <mrlolz101> yes
[0:09:30] <+alexrj10> no
[0:09:32] <christopherkofod> yes this is live
[0:09:36] <FishToad> yes
[0:09:36] <@Moobot> Join the ESLCS steam group http://steamcommunity.com/groups/eslcs
[0:09:39] <mrlolz101> xddd
[0:09:39] <+Maugzy> sometimes
[0:09:40] <+alexrj10> 2017
[0:09:50] <sharkyscsgo> fucking good, until you arrive
[0:09:51] <alexte> its not live i saw it said RERUN
[0:09:56] <FishToad> IEM Oakland 2017 is live right now Kappa
[0:10:02] <egemenbaba4848> yes live
[0:10:06] <bloztv> ou shit
[0:10:09] <alexte> lol im blind
[0:10:15] <mrlolz101> @alexte congrats on havin EYEZ....
[0:10:19] <bloztv> IEM Oakland 2017
[0:10:27] <alexte> yes
[0:10:41] <+jafert165> sup beach
[0:10:48] <David_Hudson_> Poor Germany man.
[0:11:27] <sharkyscsgo> gg
[0:11:57] <egemenbaba4848> why poor?
[0:12:30] <krheej> ez for faze
[0:12:30] <egemenbaba4848> @David_Hudson_ WHY POOR?
[0:12:59] <sharkyscsgo> @david_hudson_ WWHYY
[0:15:32] <krheej> noobip
[0:15:34] <dewieCS> NiP win the series
[0:16:34] <sn00rkyy> MONKERS
[0:16:43] <krheej> artful
[0:16:43] <bloztv> ez
[0:16:48] <egemenbaba4848> ez
[0:16:54] <+Typ1calGamez> i remeber this game,i got to go to it
[0:17:01] <egemenbaba4848> gg
[0:17:06] <+Typ1calGamez> worth the money
[0:17:17] <+jahrizzy> I play this on stream sometimes, come follow me if yall wanna watch me climb the ranks! xo
[0:17:21] <alexte> how much?
[0:17:38] <bloztv> no
[0:17:49] <alexte> typ1cal1 how much did it cost?
[0:18:00] <+Typ1calGamez> @alexte i honestly forget
[0:18:02] <rustlordfortnite> lol
[0:18:09] <alexte> ok
[0:18:18] <1punygamer> fnatic
[0:18:24] <+Typ1calGamez> @alexte it was a birthday gift so i just knew then
[0:18:42] <dewieCS> love how the faze fanboys say ez every time they win
[0:18:52] <kininho> tacooooooooooooo
[0:18:53] <+Typ1calGamez> where my g2 fans at
[0:19:05] <sharkyscsgo> here
[0:19:12] <phandang97> Navi
[0:19:25] <dewieCS> NiP :)
[0:19:27] <kininho> #RUNSK
[0:19:29] <+Typ1calGamez> g2 is gonna do good with mixwell
[0:19:47] <dewieCS> they need shox IGL
[0:19:49] <phandang97> s1mpo
[0:19:54] <sharkyscsgo> I'm faze fan too
[0:19:56] <+Typ1calGamez> nah mixwell gon carry
[0:20:01] <dewieCS> apEX won’t do as well as him
[0:20:21] <+Typ1calGamez> alright im gonna go esea pug,have a good day yall
[0:20:22] <@Moobot> Start your esports career on ESL Play: http://esl.gg/eslplaycsgo
[0:20:45] <sharkyscsgo> ranks?
[0:21:05] <phandang97> Im le
[0:21:16] <+the_kevin_king> como le digo que me tiene locoo
[0:21:35] <bloztv> no se
[0:21:40] <+the_kevin_king> que poco a poco yo me enloquesco un poco maaas
[0:21:51] <Kayoh_UK> im the best
[0:22:07] <+the_kevin_king> @bloztv es un tema jsjsjs
[0:22:08] <Mr_Wallvirus> i am MG LOL i suck
[0:22:27] <+CsMoerLsac_Qc> csmoerLsac csmoerLsac csmoerLsac
[0:23:00] <phandang97> tậu em cũng không phải là cái gì đó thì phải có trách nhiệm với gia đình chồng và con này mà không có tác dụng với người khác mà không có tiền
[0:25:30] <+skorpy385> Hype
[0:28:04] <PatoNuub> hello guys
[0:28:22] <kiman52> hello guys
[0:29:47] <PatoNuub> nossa Nuke tomar Ban é difícil ein
[0:47:14] <ardakaan364> 0
[0:50:45] <erccosta> wtf?
[0:50:59] <erccosta> taco na sk?
[0:51:11] <god_gobetti> olha data loko
[0:52:06] <erccosta> ah ta 😂😂😂😂
[0:52:59] <kakakouri> rerun
[0:55:16] <Zankx> they talk about my 1 taps
[0:55:24] <+99_goat> Is that shroud casting
[1:08:58] <NotoriousFire2788> Where is Stewie?
[1:09:22] <+Captaino88> FailFish
[1:09:32] <+l_DOC_l> Stewie was already dropped from SK due to his performance in the pro league
[1:10:35] <surawat05> TriHard Spam TriHard These TriHard Racist TriHard To TriHard Help TriHard Sadokist TriHard
[1:10:43] <NotoriousFire2788> really?
[1:11:44] <NotoriousFire2788> and now he's back at cloud9 or something
[1:12:25] <+l_DOC_l> He’s temporarily retiring to refocus
[1:12:32] <xeoofficial> wbijajcie do tykenzo
[1:13:05] <Rojidoo> !uptime
[1:13:05] <@Moobot> @Rojidoo Uptime is: 2d 1h 13m 30s
[1:13:25] <+l_DOC_l> 48 hour stream POGGERS
[1:13:37] <mateusmelo563> sk gg
[1:14:09] <+godinhow0w> is this live?
[1:14:22] <+Captaino88> yup for 2 days
[1:14:36] <raino100> It said rerun
[1:15:31] <mateusmelo563> Can anyone tell me why felps and taco are on the sk?
[1:15:48] <ariellsv> rerun
[1:16:22] <mateusmelo563> algum br??
[1:17:01] <mateusmelo563> this live is recorded
[1:17:41] <mateusmelo563> ?
[1:17:55] <+MatasThor> rerun
[1:18:06] <+Captaino88> no its 2017
[1:32:12] <lauchagc> gg
[1:32:18] <Breno_lul> gg
[1:32:41] <stunts_king> gg easy
[1:32:53] <byismaeel> :v
[1:32:57] <stunts_king> SK is best team for CS:GO
[1:33:12] <WankingTako> These commentators are terrible lol
[1:34:38] <Kayoh_UK> agreed
[1:35:06] <kakakouri> SK is a good team, but is very bad recently
[1:45:46] <Enemy_lines7> 240p?lol
[1:46:22] <+HDak> 240p and no casters
[1:46:32] <+HDak> quality tourney
[1:46:38] <Kayoh_UK> worse than 240p
[1:46:51] <SrLonganiza> LUL LUL LUL
[1:46:56] <viniciuSoneK> 160P
[1:47:10] <zer00rx> wtf low quality this live?
[1:47:22] <SrLonganiza> PRChase
[1:47:45] <zer00rx> :v
[1:48:01] <+iKaiz69> 160p look better LUL
[1:48:02] <puck10114> Rerun is classically not live
[1:48:28] <moruQ_Querie> Hi
[1:48:50] <puck10114> cant watch this quality
[1:53:05] <zer00rx> LUL
[1:57:13] <Turtlesfly> I have it on 1080p and the quality is still horrible?
[1:57:21] <+yrex77> Ikr
[1:57:55] <Turtlesfly> this channel is just getting worse and worse :c
[2:00:56] <Turtlesfly> csgo maps at night would be so cool
[2:01:32] <Misharul> Кто русский?
[2:01:46] <zer00rx> what?
[2:01:58] <Misharul> who Russian?
[2:02:02] <+heibai21> something with russian
[2:02:21] <+heibai21> ah my russian isnt that bad
[2:02:22] <zer00rx> no i'm not russian
[2:04:08] <CatlordTV> Live?
[2:04:14] <Turtlesfly> no
[2:04:18] <CatlordTV> LUL
[2:04:30] <Turtlesfly> replay from 2017
[2:04:35] <CatlordTV> TheIlluminati
[2:04:52] <CatlordTV> CoolCat
[2:05:07] <zer00rx> FrankerZ
[2:06:04] <CatlordTV> VP is always fun to watch. Most entertaining EU team hands down.
[2:07:23] <CatlordTV> Didn’t cloud9 win the final?
[2:07:36] <Discory> potato graphics
[2:07:48] <Discory> why is it in 240 p while it says 1080p.
[2:07:57] <+heibai21> ok thought it was my connection but on 1080 it looks still like crap
[2:08:28] <CatlordTV> I’m on my phone and it’s still crappy on a tiny screen
[2:08:33] <+heibai21> cant even read the names properbly
[2:09:03] <CatlordTV> NotLikeThis
[2:09:30] <+heibai21> ah shit -b
[2:09:46] <Creamingmoose> I can't even get 1080 on the Xbox version of Twith. Can only get 720p :c
[2:10:05] <CatlordTV> No one knows who won the final? I can’t remember.
[2:10:19] <+heibai21> PS4 app often crashes
[2:10:53] <Creamingmoose> I think C9 won. Not sure though
[2:11:12] <ouikkk> Squid1 Squid2 Squid3 Squid4
[2:11:35] <ouikkk> Squid1 Squid2 Squid3 Squid2 Squid4
[2:12:07] <+heibai21> Squid1 Squid2 Squid3 Squid2 Squid4
[2:12:14] <+The_Supr3me> Squid1 Squid3 Squid2 Squid4
[2:12:54] <Turtlesfly> lionDongers lionWut
[2:13:12] <+heibai21> ok those cats are cute <3
[2:13:18] <Creamingmoose> That's cause PS4 is shit ;) But yea nah, that sucks man. From what I can tell the console versions of the app aren't well optimized
[2:13:18] <@Moobot> Join the ESLCS steam group http://steamcommunity.com/groups/eslcs
[2:13:20] <Turtlesfly> c:
[2:13:41] <Turtlesfly> lionAustin lionTomo
[2:14:01] <+heibai21> You are right, i stopped playing ps4 a year ago and only use it for streaming
[2:14:28] <Turtlesfly> lionDemon1 lionDemon2
[2:14:40] <Turtlesfly> lionDemon3 lionDemon4
[2:14:42] <Creamingmoose> 🍕🍕🍕
[2:19:02] <fr4me01> legit 1080 quality
[2:20:11] <+heibai21> rage quit
[2:21:08] <+heibai21> but the commercials are in 1080
[2:21:14] <fr4me01> ^
[2:22:32] <Trimegistos> yeh, this is so fucked
[2:22:47] <+heibai21> germany CS nation <3
[2:23:08] <Trimegistos> qualitiy 1080 p 60 frames :DDDD
[2:23:23] <+sk33t> Kappa
[2:23:34] <+heibai21> LUL
[2:24:17] <+heibai21> well the last ad was funnier than most shit on TV
[2:24:25] <fr4me01> true
[2:27:54] <CallMeFusions> TheIlluminati
[2:28:20] <Trimegistos> 93,93/93
[2:35:01] <Trimegistos> isn't jason in cloud nine?
[2:35:50] <dews47> @Trimegistos i think ur a bit reee
[2:35:52] <Chillout39> 10 years ago
[2:36:09] <Trimegistos> haha, yeh, I am old :D
[2:36:39] <+heibai21> welcome to the club :D
[2:37:57] <+heibai21> where is team NaVi from?
[2:39:06] <Chillout39> Cis
[2:42:13] <endiboy123> KappaPride
[2:42:54] <lmmortalTurk_> Sea
[2:44:22] <Ninflex> has this like already happened and its old footage
[2:45:14] <+heibai21> well the ESL ONE NY 2017 should give you the answer
[2:46:16] <+heibai21> its a rerun from 2017, not live
[2:46:28] <+its_me_wardy> ...
[2:46:39] <+its_me_wardy> People can be so dumb these days lmao
[2:46:55] <vegeziin> ***
[2:47:02] <+its_me_wardy> Rerun and date in the title
[2:47:04] <+heibai21> reading doenst seem to be a thing anymore
[2:47:40] <+its_me_wardy> If this was live there would be more that 500 viewers too
[2:48:06] <+its_me_wardy> If you want live matches Starladder is streaming rn
[2:48:29] <+its_me_wardy> HR vs North
[2:52:41] <AndriusPro4> come and follow this guy twitch name syotoshd
[2:54:10] <AndriusPro4> come and follow this guy twitch name syotoshd
[2:55:28] <AndriusPro4> come and follow this guy twitch name syotoshd
[2:56:46] <mgamingtot> wtf is this quality?
[2:58:29] <AndriusPro4> come and follow this guy twitch name syotoshd go follow
[2:58:36] <TheJok3rsbg3> !crosshair
[2:58:41] <+heibai21> stop spamming
[2:59:17] <ModelBC> m
[2:59:23] <AndriusPro4> come and follow this guy twitch name syotoshd
[3:01:07] <scimitar96> is this live?
[3:01:16] <1butterfly1> RERUN
[3:01:42] <scimitar96> why it say live on top left corner then??
[3:01:42] <@Moobot> Start your esports career on ESL Play: http://esl.gg/eslplaycsgo
[3:03:06] <+heibai21> ehm theres the name of the sector the player is atm
[3:03:21] <+sHOCKgaming94> the stream is live, not the game
[3:04:39] <+stepanblaha> ***
[3:04:54] <tono_blm7> is shroud commenting?
[3:05:15] <+sHOCKgaming94> diddnt have sound on, is he?
[3:05:29] <tono_blm7> ?
[3:05:44] <tono_blm7> i think
[3:05:58] <+RVDP> why tf would shroud be commentating, hes a palyer not a caster xD
[3:06:05] <tono_blm7> i know
[3:06:16] <tono_blm7> but hes retired
[3:06:32] <tono_blm7> oh no he isnt
[3:06:35] <+sHOCKgaming94> all i know is that united is leading!!!!
[3:09:57] <plamenkooo> stewie2k back to c9
[3:10:29] <plamenkooo> ?
[3:10:59] <shadowhunterb> LUL LUL LUL LUL
[3:11:10] <+heibai21> 2017 LUL
[3:11:20] <+michiloo> hi
[3:11:34] <+heibai21> hola
[3:11:55] <plamenkooo> stewie2k back to c9?
[3:13:23] <+heibai21> why has flamie an <A> behind his name?
[3:23:33] <bonbon0904> live?
[3:23:46] <steamtroller9889> no it is a rerun
[3:26:23] <ZacNH> people cant read
[3:26:27] <Felipesantos1110> hi guys
[3:26:48] <s17vincenzo> wait.. rerun not means live? u say rerun means rerun?
[3:26:52] <+rb640> Stewie is still c9?
[3:29:01] <Joss_Le> LUL
[3:29:04] <shadowhunterb> #when you don't have defuse kit
[3:29:09] <Brandoncck34> no this is from 2017
[3:29:10] <bigspicymeatballs> its live
[3:29:11] <rash_08> na cs
[3:29:14] <Joss_Le> Feels defuse quit man
[3:29:37] <jhonnaspark> defuse 0.1 sec 4Head
[3:29:56] <Zenandten> !followage
[3:30:02] <ainiuxs> xd
[3:31:38] <shadowhunterb> PogChamp PogChamp PogChamp
[3:32:37] <sniperblade> Hey is this live??
[3:32:38] <s17vincenzo> elxokaLUL elxokaLUL
[3:33:04] <s17vincenzo> elxokaIQ elxokaDEMON elxokaCRY
[3:33:13] <shadowhunterb> PogChamp PogChamp
[3:33:13] <NerdHerdering> @sniperblade indeed 😎
[3:33:19] <Icehydral> yup its live
[3:33:31] <NerdHerdering> shamrock100
[3:33:55] <sniperblade> Xd ty guys was sure rerun means live
[3:34:09] <arnau824> lol vac
[3:34:14] <ainiuxs> clouds9 win
[3:34:23] <Sanseto> Its a rerun
[3:34:38] <+heibai21> its a live rerun
[3:34:51] <CesarGR52> glhf
[3:34:57] <sniperblade> Live rerun but live
[3:35:08] <+heibai21> you got it
[3:35:23] <sniperblade> Xd
[3:37:03] <minechallengenl> did c9 win?
[3:37:30] <minechallengenl> ph they still in game xD
[3:38:06] <skullbonez90> Yea
[3:40:40] <spikersan24> who won?
[3:40:50] <Croissant31> cloud9
[3:40:57] <skullbonez90> C9
[3:41:04] <spikersan24> manu or man city?
[3:41:10] <Croissant31> manu
[3:41:20] <spikersan24> 3:2?
[3:41:25] <Croissant31> manuk dadali sia bangsat
[3:45:21] <yakup43700> Space Sold <3
[3:45:29] <respawnedlol> spawn camping monkaS
[3:46:07] <+SpeedyCz> this game is shit
[3:47:22] <respawnedlol> go on CoolStoryBob
[3:47:36] <Harni99> WutFace
[3:49:14] <+luciassssssssssss> PUL
[3:49:57] <+luciassssssssssss> L.UL = LUL
[3:50:16] <+luciassssssssssss> L.U.L. = LUL
[3:50:59] <respawnedlol> Kappa = Grey Face
[3:51:00] <@Moobot> Join the ESLCS steam group http://steamcommunity.com/groups/eslcs
[4:00:02] <$MyStumpyLegs> !uptime
[4:00:03] <@Moobot> @MyStumpyLegs Uptime is: 4h 11s
[4:00:20] <smokrf2> 1 taps
[4:01:09] <PatoNuub> nossa Team Liquid está em todos o campeonatos, Cs, R6
[4:01:35] <PatoNuub> se não me engano eles também estão no do Paladins
[4:02:07] <+heibai21> oh still high quality stream
[4:08:53] <poseidonboh> 88888
[4:09:16] <silenceeeeeeees> what sens and res are you guys useing?
[4:11:51] <MoE_BaH_DK> 1,3
[4:17:47] <Wevike> hi guys
[4:18:29] <zeus1824> @wevike Hi
[4:22:08] <MoE_BaH_DK> who is the best Awp player in 2018? so far :D
[4:22:40] <Borjuschka> Olofmeister
[4:23:05] <MoE_BaH_DK> agree^^
[4:23:49] <MoE_BaH_DK> faze is the shit atm .
[4:26:28] <worldplayrr> jdm suckadick
[4:26:35] <Mouwser> ululuyl
[4:38:52] <Kristianhjort10> hej ralde
[4:39:04] <kkollok> wow
[4:57:10] <+CinteX> more viewers than live EPL match on facebook LUL
[4:57:36] <+1Scot1> LUL
[5:09:47] <c9hobb1t> 2017 LUL
[5:14:01] <lDarkLife06> mac niye gostermiyoe
[5:14:53] <+1Scot1> LUL
[5:21:28] <ThePubgBrasil> #LULA2018
[5:25:51] <+jpayneTHEmayne> GingerPower fataLogo fataLogo fataLogo fataLogo fataLogo
[5:26:04] <ClowINSIDER> #bolsomito2018
[5:26:26] <ItsZuche> rip C9 stewie
[5:29:12] <joblessed> larissaBooty
[5:52:34] <+GoldyS5> vp bad
[5:52:46] <+GoldyS5> MiniK KappaHD
[5:56:16] <vareleitor> chavales ayudarme a llegar a los 500 subs suscribiros a i canal es vareleitor me arias muy feliz ser buenas personas juntos lo conseguiremos !!!
[6:01:38] <wiktor15907213> bo3>?
[6:03:49] <kamcio817> old vp PogChamp
[6:13:09] <klaudiuszg123> kiedy vp
[6:13:27] <klaudiuszg123> czy juz po meczu
[6:17:47] <maano20> poohub
[6:18:57] <r4inst0rm_exe> nawet nie wiedziałem że mecz jest
[6:19:23] <r4inst0rm_exe> jest tu kto?
[6:19:52] <r4inst0rm_exe> dobra nvm
[6:20:01] <xmaaatiii> xD
[6:20:02] <r4inst0rm_exe> mecz 2017 XDD
[6:23:31] <+Healusions> ajsFlag ajsFlag
[6:26:46] <Monisia696969> jak z fnatic było
[6:41:15] <+bonskiice> virtus.dno MiniK KappaHD xayooAtak xayooAtak xayooAtak xayooAtak xayooAtak
[6:41:34] <+bonskiice> virtus . dn[ooooo
[6:42:11] <+bonskiice> xayooGG xayooGG xayooGG xayooGG xayooGG
[6:42:39] <MilO0O0O> TAZ
[6:42:45] <oskaroso1> czemu taz gra z nimi
[6:52:05] <+die4audi> dal imim 100.000 zloty
[7:01:36] <lensen> jmd bock auf ein MM?
[7:02:18] <lensen> ?
[7:02:44] <lensen> any1 wanna play a MM
[7:04:31] <jens_ul> Someone wants to play then pm me
[7:07:04] <wildonespt> Free V Bucks ***
[7:09:41] <Xinfernusxx> serwus
[7:15:52] <Xinfernusxx> michu tez by ugral
[7:25:57] <jajo345> kurla az lezka w oku, stare vp
[7:26:16] <jajo345> nie tak stare
[7:30:17] <noobsrule4ever> hello
[7:30:30] <noobsrule4ever> anyone here?
[7:30:33] <NerdHerdering> !12!
[7:30:45] <noobsrule4ever> ;(
[7:31:07] <NerdHerdering> !uptime
[7:31:08] <@Moobot> @NerdHerdering Uptime is: 7h 31m 16s
[7:31:55] <noobsrule4ever> why no one else in chat
[7:32:21] <noobsrule4ever> speakers why no one else in chat im lonley
[7:33:18] <noobsrule4ever> !uptime
[7:33:18] <@Moobot> @noobsrule4ever Uptime is: 7h 33m 27s
[7:33:45] <noobsrule4ever> when g2 or c9 gonna play?
[7:34:38] <noobsrule4ever> at least moobot in chat
[7:34:56] <noobsrule4ever> !help
[7:35:40] <noobsrule4ever> !me
[7:37:38] <noobsrule4ever> who tf comentating
[7:37:50] <maciasek20> why taz on vp?
[7:38:05] <jiubjiub> check the title m8 its a rerun
[7:38:55] <+TriviumGaming> Frikin noob
[7:39:05] <+TriviumGaming> Ex dee
[7:40:11] <+TriviumGaming> What song was that
[7:40:38] <Douviid> PogChamp
[7:41:45] <+TriviumGaming> Very scrappy xd
[7:41:52] <maciasek20> this is 4 match vp to day
[7:42:19] <maciasek20> this is live?
[7:43:04] <Dingfus> no
[7:44:55] <a8czi> ile było?
[7:46:25] <Keleutian> WutFace
[7:47:15] <FaceAttacked> !title
[7:47:15] <@Moobot> @FaceAttacked Title is: RERUN: Virtus.pro vs. Team Liquid [Nuke] Map 2 - Group B Elimination - ESL One New York 2017
[7:47:28] <FaceAttacked> Live?
[7:47:54] <zombielubicycki> no?
[7:48:00] <thirstsnorlax> xd
[7:48:08] <zombielubicycki> title?
[7:48:23] <jodihodi4> !title
[7:48:23] <@Moobot> @jodihodi4 Title is: RERUN: Virtus.pro vs. Team Liquid [Nuke] Map 2 - Group B Elimination - ESL One New York 2017
[7:48:38] <+Cryptic_Vidz> 1uptime
[7:48:57] <maciasek20> ?
[7:48:58] <@Moobot> Start your esports career on ESL Play: http://esl.gg/eslplaycsgo
[7:49:04] <zombielubicycki> robots aaaa
[7:49:22] <Keleutian> Alien attack WutFace
[7:49:27] <+Cryptic_Vidz> mics are funny and sound it funny
[7:49:27] <Ishtiaque_Ish7> ez pz lemon squizyy big bag bush
[7:49:44] <+Th3c00ldud3> The audio of this stream is f*cked
[7:49:52] <Gokdenizssa> sa cs go bana bi tane ak_47 at be nick LAZKO
[7:49:58] <+Cryptic_Vidz> i noted that
[7:50:14] <Ishtiaque_Ish7> advertise PogChamp PogChamp PogChamp PogChamp
[7:51:01] <Ishtiaque_Ish7> Hello Noobs
[7:51:46] <natronic> shut up f face
[7:51:57] <Ishtiaque_Ish7> rain oh hoohoh PogChamp PogChamp
[7:53:13] <Ishtiaque_Ish7> PogChamp PogChamp PogChamp PogChamp PogChamp PogChamp PogChamp PogChamp
[7:53:24] <Ishtiaque_Ish7> ishtiaReddish7
[7:55:07] <Ishtiaque_Ish7> PogChamp PogChamp PogChamp
[7:57:04] <Ishtiaque_Ish7> PogChamp PogChamp PogChamp PogChamp
[7:57:12] <FaceAttacked> @ishtiaque_ish7 get a job
[7:57:45] <Ishtiaque_Ish7> LUL
[7:57:47] <FaceAttacked> jerk
[7:58:52] <maciasek20> michu by ugrał
[8:00:19] <bencantswim> wheres biceps
[8:00:30] <bencantswim> i see no biceps
[8:01:22] <+DiseasedNut> is cs a dead game now
[8:01:43] <bencantswim> no
[8:01:47] <Keleutian> LUL
[8:01:54] <Ishtiaque_Ish7> LUL
[8:02:01] <mateuszekbest> -taz / +MICHU..
[8:02:11] <FaceAttacked> BibleThump BibleThump BibleThump
[8:02:23] <+DiseasedNut> 400 viewers LUL
[8:02:26] <Ishtiaque_Ish7> LUL
[8:02:40] <Ishtiaque_Ish7> 400 dumbs LUL LUL
[8:02:59] <JSR5404> On a rerun boi
[8:03:10] <+DiseasedNut> league is stealing all the viewers
[8:03:18] <JSR5404> LOL
[8:03:27] <+DiseasedNut> lmao still
[8:04:04] <+k3m0KONA> gg
[8:05:13] <fannao> live or rediff ??
[8:05:49] <FaceAttacked> live
[8:05:58] <Keleutian> LIVE PogChamp
[8:06:06] <fannao> ty
[8:07:50] <+rick4442> forsenDED
[8:09:47] <Ulinsky> ads on a rerun in the middle of a game GG WP
[8:10:24] <FaceAttacked> @ishtiaque_ish7 owned
[8:22:16] <Itz_Slowly> 333333
[8:25:02] <sylwo108> taz
[8:25:52] <iceducktv> hello guys!
[8:27:51] <qeui> Hi
[8:30:42] <asapsid> hello
[8:31:27] <+VestuL> no NAF?
[8:34:01] <Keleutian> Too many SAME ads. I think they want us to memorize them
[8:40:25] <qeui> Yah
[8:42:34] <lejolol> is this live?
[8:42:45] <bitinhopt> rerun not live
[8:42:58] <lejolol> but it says live in the right corner
[8:43:07] <Coolfeet124> its a live rerun
[8:43:21] <lejolol> no i think rerun is hosting
[8:43:21] <bitinhopt> y but is not live "ive" :)
[8:43:28] <Coolfeet124> they play the matches that already happened
[8:43:31] <lejolol> pretty sure this is live
[8:43:49] <Coolfeet124> nope its not
[8:44:07] <qeui> It is live rerun
[8:44:34] <Coolfeet124> dont be that guy who I saw who said that RERUN is a sponsor
[8:44:37] <lejolol> but why it says live if its not
[8:44:57] <Coolfeet124> the channel is live but the match is not
[8:44:57] <bitinhopt> xD
[8:47:50] <qeui> LOL
[8:50:14] <KarenJapah> rooNom
[8:55:11] <Coolfeet124> title: inferno
[8:56:50] <Keleutian> omg he didn't see foot
[8:58:56] <Coolfeet124> lel
[9:00:24] <Efecanbodrumlu> safari mesh :D
[9:02:23] <Coolfeet124> ewww
[9:02:37] <thefranqui32> !sk
[9:08:59] <+Player5225> lol this shit quality
[9:10:13] <thiagoseeger> !sk
[9:39:51] <thezedy> !uptime
[9:39:51] <@Moobot> @thezedy Uptime is: 9h 40m
[9:43:43] <Nosew> live ?
[9:49:56] <ReflectionBooM> no
[9:51:44] <pythonex_yt> Sup
[9:52:04] <jaygreen4> oCHINion Kappa
[9:56:55] <windrunner322> When envy good team BibeThump
[9:58:22] <pythonex_yt> Cyka
[9:58:31] <Thot_slayer04> I have no ide wtf is going on]
[10:05:09] <AkAnDreWs00> jhi
[10:06:34] <1elo1> what happened with kio and hadji?
[10:07:48] <capis200> !sk
[10:07:59] <capis200> !SK GAMING
[10:13:58] <+LolWeener> simple standing in the worst place and no scoping with awp
[10:14:08] <+LolWeener> EU CS LUL
[10:14:08] <FernanChetoo> :/
[10:14:15] <Nosew> live ???
[10:14:25] <+LolWeener> RERUN: EnVyUs vs. Na'Vi [Cbble] Map 2 - Group A Elimination Match - ESL One New York 2017
[10:14:48] <FernanChetoo> xD
[10:15:00] <+LolWeener> titles are hard to read greekP
[10:15:38] <+TMoneyyy> Im live come check me out if u like fortnjte
[10:22:29] <Willzitowc> drop!
[10:25:08] <+phantompulsey> wow
[10:25:20] <JDRFHERE3> mopiWOW
[10:25:42] <Jromelhor> sk jogou?
[10:25:44] <panzhosky10> Wow
[10:25:49] <+SnaxGD> ded
[10:26:53] <+SnaxGD> (ScoreBOT) The Final Score Of Cobblestone Is 13(EnVyus) 16 (Na'Vi)
[10:27:15] <ivanhustler69> i wanna go back to the time when official games of esl are streamed on twitch 🤔
[10:28:17] <AkAnDreWs00> kekekekekeke
[10:28:23] <tono_blm7> beast
[10:32:22] <connerbossstreams> 1v5 clutch
[10:32:33] <proxgaminghd1> Nvm lol
[10:33:46] <proxgaminghd1> 1 v 2 clutch
[10:34:16] <proxgaminghd1> Nvm
[10:40:11] <swiftnesslee> It’s live ( who can remember that dump guy ?
[10:43:03] <connerbossstreams> It's not fucking live lmao
[10:43:24] <connerbossstreams> The twitch is but this is not live gameplay
[10:43:36] <connerbossstreams> Notice in the twitch title the first word is "rerun"
[10:43:58] <+TheGuse> its from 2017 xD
[10:44:03] <sosczosnkovvy> chjuj
[10:44:12] <+868k> !uptime
[10:44:12] <@Moobot> @868k Uptime is: 10h 44m 21s
[10:46:48] <+jaden_phan> e
[10:46:55] <connerbossstreams> LOL 10 hrs
[10:49:11] <+ded4life10> This guys are like 40 years old and surely play Minesweeper and have no idea of what CS:GO is
[10:54:18] <+termopilo> que loco no?
[10:54:29] <+termopilo> acabo de ver un video sobre esports
[10:54:40] <+termopilo> esta to wapo
[10:54:43] <retrodrifts> Speak da engerish
[10:54:50] <+termopilo> nen
[10:55:11] <KonspiracyKore> knowledge
[10:55:37] <retrodrifts> what's 9+10, 21
[10:55:37] <@Moobot> Join the ESLCS steam group http://steamcommunity.com/groups/eslcs
[11:06:21] <TimFolt> 500 views :s
[11:09:33] <KLtheman> Gggggh
[11:11:03] <johnathanr27> HEY
[11:14:24] <enzokah> ***
[11:14:57] <+zynxxlol> sadokist TriHard 7
[11:23:52] <+XxCorgixX> ggez
[11:24:21] <+PatrixML> Actually astralis ended up winning this
[11:25:41] <알카나> PogChamp
[11:27:50] <+spiffi3d> !subscribers
[11:30:37] <+BetaR6S> @Supremecoolguy is ugly
[11:32:32] <iagokyke> cade o taco n é na líquid q ele tá?
[11:40:23] <respawnedlol> VAC Kappa
[11:48:10] <Addictt> hello
[11:48:21] <Addictt> im hyped
[11:57:48] <lucasplaystvs> astralis hás the vantage
[12:03:48] <ZoeLee11> Hello there
[12:03:59] <ZoeLee11> Amy
[12:04:34] <ZoeLee11> O
[12:05:46] <+NachyoBurritos> kp
[12:07:55] <+Trytosaymynamebackwards> live?
[12:08:07] <+Trytosaymynamebackwards> or not live??
[12:08:20] <+JPhil> it says rerun
[12:08:40] <T3Xx> u blind?
[12:08:50] <+LolWeener> reading is hard greekP
[12:08:59] <+JPhil> ggx gang
[12:09:25] <+LolWeener> TriHard 7
[12:10:44] <+Trytosaymynamebackwards> im not blind u clown
[12:10:59] <+Trytosaymynamebackwards> anyone hear that? i think i hear something...
[12:11:02] <+JPhil> then you clearly dont understand what rerun means
[12:11:20] <+Trytosaymynamebackwards> is that sadokist? is he...mumbling something? i think
[12:11:33] <+Trytosaymynamebackwards> omfg he's calling someone an n-bomb!
[12:11:55] <T3Xx> not even funny
[12:11:59] <+Trytosaymynamebackwards> is he at 50% yet?
[12:12:07] <tono_blm7> yeeeeeeee
[12:12:19] <tono_blm7> i up to lvl 10 in faceit!
[12:12:21] <luigamerhd> who know the actual presiden of venezuela
[12:12:35] <luigamerhd> I up to silver 3 on mm
[12:12:38] <+Trytosaymynamebackwards> its hugo chavez wife's boyfriend
[12:12:45] <tono_blm7> congrats jaaja
[12:12:48] <luigamerhd> Nope
[12:13:01] <luigamerhd> The actual president is Nicolas Madurito
[12:13:08] <tono_blm7> nicolas maduro of course
[12:13:15] <luigamerhd> Ya he sucks
[12:13:27] <tono_blm7> im from spain
[12:13:29] <luigamerhd> btw im from venezuela
[12:13:39] <tono_blm7> but i live in canada
[12:13:45] <T3Xx> do you know that hippos give milk? weird ey?
[12:13:56] <luigamerhd> I live on florida haha
[12:14:05] <+Trytosaymynamebackwards> any americans here? make sure to vote red or else crooked hillary is gonna take our guns
[12:14:10] <tono_blm7> i didnt anwser you
[12:14:10] <@Moobot> Start your esports career on ESL Play: http://esl.gg/eslplaycsgo
[12:14:13] <luigamerhd> Im american
[12:14:19] <+Trytosaymynamebackwards> parkland was a liberal set up
[12:14:25] <luigamerhd> I live on ohio
[12:14:41] <+Trytosaymynamebackwards> ohio is in florida?
[12:14:55] <+AdamMagus> And you're supposed to be american?
[12:15:04] <luigamerhd> Ya dude
[12:17:08] <+Trytosaymynamebackwards> does anyone wanna make america great again? i know sadokist does
[12:18:04] <+AdamMagus> Piss off, Snowflake.
[12:18:17] <+Trytosaymynamebackwards> ?
[12:18:24] <+AdamMagus> Nobody wants your AmeriKKKa
[12:18:31] <+Trytosaymynamebackwards> ur a snowflake
[12:18:48] <+AdamMagus> Haha Nice comeback, Bro!
[12:19:20] <+Trytosaymynamebackwards> u probably never even read the constitution, immigrant. u cant take my assault rifle
[12:19:50] <+Trytosaymynamebackwards> watch info wars and educate urself
[12:19:53] <+AdamMagus> You're hilarious, Snowflake!
[12:20:13] <+AdamMagus> Continue embarassing yourself! Kappa
[12:21:18] <+Trytosaymynamebackwards> sure. u probably voted for the kenyan muslim obama.
[12:22:25] <+Trytosaymynamebackwards> im proud to be KKona
[12:24:53] <ItsYaBoyTyler16> !watchtime
[12:32:53] <jbg0625> !title
[12:32:53] <@Moobot> @jbg0625 Title is: RERUN: Astralis vs. Team Liquid [Cache] Map 2 - Group B Decider - ESL One New York 2017
[12:33:43] <MrAquinoX> #Spoiler: C9 Wins
[12:37:15] <dcrocha1> ***
[12:54:17] <seanwhat> wtf
[12:57:29] <+MrMateo8> a
[12:59:04] <+CSBergs> RareParrot
[12:59:20] <+CSBergs> SourPls
[13:03:30] <+CsMoerLsac_Qc> csmoerLsac
[13:04:03] <+Freak87XD> shroud1D shroud1D shroud1D shroud1D shroud1D shroud1D shroud1D shroud1D shroud1D shroud1D shroud1D shroud1D shroud1D shroud1D shroud1D shroud1D shroud1D shroud1D shroud1D shroud1D
[13:05:34] <+Tyeezy3> KAPOW
[13:14:20] <ZarekGod> !uptime
[13:14:20] <@Moobot> @ZarekGod Uptime is: 13h 14m 29s
[13:22:56] <brud1cs> TriHard
[13:23:19] <xcatus> Kappa
[13:25:22] <brud1cs> PogChamp
[13:26:37] <brud1cs> lol that jump spam xd
[13:33:50] <234_GasMonkey> ahahahhahahaha
[13:34:02] <234_GasMonkey> !steam
[13:34:03] <@Moobot> Join the ESLCS steam group http://steamcommunity.com/groups/eslcs
[13:36:11] <brud1cs> wow
[13:36:25] <brud1cs> cz is crazy
[13:36:27] <234_GasMonkey> yeah wow
[13:36:40] <234_GasMonkey> CZ:GO
[13:36:50] <brud1cs> haha :D 4Head
[13:39:20] <brud1cs> damn
[13:39:36] <brud1cs> intense af
[13:51:41] <blOoP_tV> twistzz god
[14:00:06] <+fontesgg> kuppoGod kuppoGod kuppoGod
[14:00:29] <sailor771217> oh shit
[14:02:27] <+Tobyj1337> mthGg
[14:03:52] <georg_marten> !uptime
[14:03:53] <@Moobot> @georg_marten Uptime is: 14h 4m 1s
[14:14:41] <xx_lol_xd_xx> Pogchamp
[14:14:57] <xx_lol_xd_xx> 4Head
[14:15:30] <xx_lol_xd_xx> 4Head 4Head 4Head 4Head 4Head 4Head 4Head 4Head 4Head 4Head 4Head 4Head 4Head 4Head 4Head 4Head 4Head 4Head 4Head 4Head 4Head 4Head 4Head 4Head 4Head 4Head 4Head 4Head 4Head 4Head 4Head 4Head
[14:16:41] <+carson16666> thats not pogchamp!
[14:16:55] <+carson16666> Kappa Kappa Kappa Kappa Kappa Kappa Kappa Kappa Kappa Kappa Kappa Kappa Kappa Kappa Kappa Kappa Kappa Kappa Kappa Kappa Kappa Kappa Kappa Kappa
[14:17:08] <+carson16666> THAT IS POGCHAMP
[14:18:38] <lenoxx11> I'm of Future and Astrilis gonna win LUL
[14:19:18] <Dickiss123> !schedule
[14:21:32] <%PassiverBoy> eslGob
[14:24:42] <cw14gamer> hey
[14:24:52] <%PassiverBoy> hi
[14:25:05] <cw14gamer> can anyone please subscribe to me on yt
[14:25:39] <cw14gamer> @passiverboy please
[14:30:55] <+Ghostbustanut> !viewmodel
[14:38:51] <Apreiu> am i crazy or is the stream blinking?
[14:39:27] <FaceAttacked> @apreiu you have schizophrenia
[14:43:43] <imdropped88> ***
[14:50:03] <bruno_lincoln> @FaceAttacked so do i
[14:51:39] <+xceebsx> LULQUID
[14:51:59] <bm05x> Faceit: Level 6+ SUP/GE
[14:52:17] <0rhythm> is this live
[14:52:22] <+chericokid> rip
[14:52:29] <bm05x> Faceit: Level 6+ Sup/***
[14:57:34] <0rhythm> DansGame
[14:57:58] <0rhythm> GOD ? BlessRNG
[14:58:23] <y3kx> TombRaid
[14:59:16] <0rhythm> DansGame WutFace
[15:00:46] <0rhythm> Jebaited
[15:01:21] <ReliktGamingHD> sk wins
[15:02:17] <ReliktGamingHD> SK destroy theses stupid american clan xD
[15:02:57] <+xceebsx> You must be fun at parties @reliktgaminghd
[15:03:26] <+Corstra> Where am i
[15:03:38] <ReliktGamingHD> shup up szupid americans xD xD xD
[15:05:02] <+xceebsx> “Szupid”
[15:09:08] <RomaHawk9> Lmao
[15:09:33] <xGallinger> LUL @ReliktGamingHD
[15:11:09] <zerozonezz> something
[15:11:44] <bananalxx> DrinkPurple DrinkPurple DrinkPurple DrinkPurple VoteYea
[15:14:29] <Sinlash> Explode on the desk
[15:14:45] <Sinlash> Squid1 crippledSexy Squid4
[15:15:29] <xGallinger> ReKt
[15:15:40] <xGallinger> LUL
[15:18:09] <bodadem2> ResidentSleeper
[15:19:39] <l4shiv> XD
[15:20:07] <l4shiv> DansGame
[15:24:52] <+oldwomaneaterr> N. Pppb kn kb lb kb kkv
[15:27:16] <leg1onork> DansGame
[15:28:01] <NerdHerdering> uhhh
[15:28:12] <melonslicer980> ??
[15:37:08] <benjaii> go plz
[15:37:47] <gabriel0000001> go fnatic(?
[15:37:47] <@Moobot> Start your esports career on ESL Play: http://esl.gg/eslplaycsgo
[15:38:17] <Pfare> Anyone here?
[15:38:47] <henkes_cr> hi
[15:38:52] <smithr4z> hi
[15:38:57] <Pfare> hi
[15:39:48] <ZyncTwitch> hi
[15:40:04] <FaceAttacked> @zynctwitch howdy
[15:40:22] <smithr4z> hahahaha
[15:40:22] <ZyncTwitch> LOL
[15:40:37] <Pfare> LUL
[15:40:38] <ZyncTwitch> that bass when some sounds happens wtf
[15:40:39] <FaceAttacked> ???
[15:40:40] <smithr4z> sk sucks
[15:41:06] <smithr4z> que otta?
[15:41:07] <Pfare> Hablo espanol?
[15:41:44] <+xceebsx> BrasiLUL
[15:42:53] <Pfare> 200$ on liquid
[15:43:10] <ZyncTwitch> its a rerun lel
[15:43:15] <ilovesovie> sup chat
[15:43:17] <+xceebsx> LMFAO
[15:43:29] <+xceebsx> @pfare you idiot
[15:43:36] <ilovesovie> do any of yall play critical ops
[15:43:41] <Pfare> @xceebsx What?
[15:43:58] <ZyncTwitch> @Pfare its a rerun, you cant bet lol
[15:44:09] <ZyncTwitch> the match is from 2017
[15:44:30] <ilovesovie> do any of u guys play critical ops?
[15:44:38] <ZyncTwitch> no
[15:45:31] <FaceAttacked> Live?
[15:45:47] <smithr4z> no
[15:45:56] <lucaas008> :2017
[15:45:57] <+wildcardNS> obviously live
[15:46:00] <smithr4z> its old match
[15:46:08] <FaceAttacked> ???
[15:46:18] <+wildcardNS> RERUN is the tournament name
[15:46:29] <FaceAttacked> so is it live or not?
[15:46:39] <ZyncTwitch> its not live
[15:46:42] <+xceebsx> Rerun sponsors the tournament it isn’t the name of it
[15:46:44] <Pfare> PogChamp PogChamp PogChamp PogChamp PogChamp PogChamp
[15:46:52] <+wildcardNS> oh u right my b
[15:46:55] <ZyncTwitch> look at top right
[15:47:13] <+wildcardNS> live game, sponsored by RERUN and 2017
[15:47:34] <+xceebsx> ^^
[15:47:38] <SouThhy15> Throwing LUL
[15:48:49] <Pfare> You guys bet?
[15:49:00] <+xceebsx> Yeah $500 on SK
[15:49:22] <xGallinger> bet u wont do that again... Kappa / \ KappaRoss
[15:49:28] <smithr4z> who win the newyork 2017?
[15:49:44] <xGallinger> @BOBROSS
[15:49:46] <+xceebsx> We can’t tell the future @smithr4z
[15:49:48] <SouThhy15> Kappa
[15:49:48] <@Moobot> Join the ESLCS steam group http://steamcommunity.com/groups/eslcs
[15:49:54] <+wildcardNS> Gaben won
[15:49:57] <Pfare> @smithr4z faze
[15:50:09] <smithr4z> jdjsjjss its not future
[15:50:20] <+xceebsx> You’re right it’s live
[15:50:25] <smithr4z> @pfare ty
[15:50:29] <SouThhy15> DansGame spoilefs rude
[15:50:36] <ZyncTwitch> faze won
[15:50:36] <+xceebsx> Ban
[15:50:48] <Pfare> kitty69
[15:50:49] <+wildcardNS> Han dies
[15:51:23] <rodrigolvl1> Brasil Brasil Brasil Brasil Brasil Brasil Brasil Brasil Brasil Brasil Brasil Brasil
[15:51:41] <Pfare> cartSnus
[15:52:12] <ZyncTwitch> why is fer always jumping wtf?
[15:52:18] <SouThhy15> Dabs LUL
[15:52:23] <+wildcardNS> big thumbs
[15:52:53] <Pfare> Is this London?
[15:52:53] <ZyncTwitch> lmao
[15:53:08] <ZyncTwitch> its new york
[15:53:32] <Pfare> Looks like London
[15:53:45] <ZyncTwitch> nah
[15:53:47] <SouThhy15> Sure LUL
[15:53:56] <+wildcardNS> yeah the right hand driving and american flags look very london
[15:53:56] <ZyncTwitch> london doesnt got a tower and bridge like that
[15:54:00] <UnknownDude47> FrankerZ FrankerZ FrankerZ FrankerZ FrankerZ
[15:54:23] <FaceAttacked> wtf
[15:54:23] <SouThhy15> especially with aall the skyscrapers on the left XD
[15:55:29] <ZyncTwitch> london have some sick skyscrapers
[15:55:41] <FaceAttacked> skyscrapers don't actually exist
[15:55:57] <ZyncTwitch> tf?
[15:56:01] <Pfare> Yes in Dubai
[15:56:04] <SouThhy15> am I the only one having sound delay?
[15:56:05] <+wildcardNS> because the sky isn't real
[15:56:20] <FaceAttacked> they're just illusions of man's grandeur
[15:56:21] <+wildcardNS> the world is flat and there is no sky
[15:56:29] <Pfare> Burj Khalifa
[15:56:30] <ZyncTwitch> that soun
[15:56:39] <FaceAttacked> @wildcardns exactly
[15:56:44] <ZyncTwitch> Mia khalifa "xd"
[15:56:50] <+vovanchick228> lol
[15:57:06] <SouThhy15> NO
[15:57:10] <+wildcardNS> mia khalifa made me a skyscraper
[15:57:14] <Pfare> cartG
[15:57:18] <ZyncTwitch> lol
[15:57:52] <Pfare> Cmon liquid win
[15:57:54] <ZyncTwitch> sk gaming is ct sided lmao
[15:58:24] <rodrigolvl1> Sk Win free
[15:58:31] <+wildcardNS> audio delay pls
[15:58:47] <rodrigolvl1> Free
[15:59:01] <rodrigolvl1> BRAZIL BRAZIL
[15:59:14] <Pfare> kittyL cartW kittyR
[15:59:17] <FaceAttacked> Saskatoon!!
[15:59:17] <@Moobot> Start your esports career on ESL Play: http://esl.gg/eslplaycsgo
[16:00:05] <rodrigolvl1> Sk Sk
[16:00:30] <SouThhy15> ....
[16:00:36] <16inchflaxxid> this
[16:00:51] <+wildcardNS> @rodrigolvl1 If you cheer hard enough SK will win this game
[16:01:16] <+wildcardNS> KappaHD
[16:01:50] <rodrigolvl1> Yes
[16:01:56] <FaceAttacked> Kappa
[16:02:39] <rodrigolvl1> Sk <3
[16:02:50] <smithr4z> uhhuwww acee
[16:02:59] <rodrigolvl1> Sk = life [vida]
[16:03:17] <rodrigolvl1> Brazil Brazil
[16:03:22] <+wildcardNS> Keepo
[16:03:40] <tanutpond> Squid1 Squid2 CrreamAwk Squid4
[16:05:18] <SouThhy15> jdm is like wtf
[16:05:19] <kanplayer> xd
[16:05:35] <smithr4z> ? i no watch tv enough ads
[16:06:22] <Debki_Kaminari> Jdm > naf
[16:07:01] <Wmiller999> hi there
[16:07:24] <Wmiller999> who is winning?
[16:07:46] <FaceAttacked> we are
[16:08:09] <+wildcardNS> nobody is winning
[16:08:32] <FaceAttacked> gamers everywhere are winning
[16:09:40] <Wmiller999> is this a old match?
[16:09:55] <FaceAttacked> no it's live bro
[16:10:18] <Wmiller999> lol felps on sk
[16:11:51] <Debki_Kaminari> I know so wins the series but does sk win this match?
[16:12:04] <Debki_Kaminari> Sk*
[16:12:33] <Wmiller999> partida antiga
[16:13:02] <lucaas008> SO TO aki pra ver o lance do cold
[16:13:24] <lucaas008> a sk perdeu essse jogo 2x0
[16:13:25] <rodrigolvl1> @wildcardNS I believe in my heart time
[16:13:37] <rodrigolvl1> Eae @RodrigoAF
[16:13:54] <rodrigolvl1> NÉ
[16:14:01] <lucaas008> 2017 com felps ainda
[16:14:04] <rodrigolvl1> salçfjçalsg
[16:14:18] <rodrigolvl1> Felps eu acho que esta emprestado
[16:14:18] <lucaas008> new york. 2017
[16:14:38] <rodrigolvl1> @ I believe in my heart time
[16:14:38] <@Moobot> Join the ESLCS steam group http://steamcommunity.com/groups/eslcs
[16:15:00] <Polonium2> english?
[16:15:16] <rodrigolvl1> Pt-br
[16:15:28] <igorinferno> Hello chat,i from Russia
[16:15:37] <rodrigolvl1> Vish tomou bam
[16:15:45] <Polonium2> hey man
[16:15:50] <rodrigolvl1> kalçfasmfglas
[16:15:58] <Polonium2> @rodrigolvl1 you know english?
[16:16:23] <rodrigolvl1> I speak a little
[16:16:35] <Polonium2> ah okay cool
[16:16:53] <rodrigolvl1> how's life going?
[16:17:04] <rodrigolvl1> What team do you hope for?
[16:17:07] <Polonium2> good man how about you?
[16:17:20] <Polonium2> Liquid
[16:17:36] <rodrigolvl1> Good
[16:17:46] <rodrigolvl1> I'm sk
[16:18:12] <Polonium2> nice
[16:18:13] <itzn0tmatt> MAKE NCS CS:GO GREAT AGAIN
[16:18:25] <Polonium2> i like fnatic more but rn it's liquid
[16:18:29] <FaceAttacked> @itzn0tmatt wtf
[16:18:54] <itzn0tmatt> give me a break im not sober
[16:19:09] <Polonium2> @Blackremounia RERUN not many people watch RERUNS
[16:19:16] <FaceAttacked> @itzn0tmatt <3 <3 <3
[16:19:18] <rodrigolvl1> Sk I love you <3 <3
[16:19:21] <haniso> its live braa
[16:19:37] <Polonium2> here we go again
[16:19:57] <haniso> Kappa Kappa Kappa
[16:19:59] <FaceAttacked> Somalia xD
[16:20:09] <joao_adegas> its live..but ends up but liquid won 2-1
[16:20:18] <itzn0tmatt> BET T ALL
[16:20:32] <Polonium2> @joao_adegas Kappa Kappa Kappa
[16:21:04] <itzn0tmatt> she looks like katy perry
[16:23:14] <Polonium2> rekt
[16:23:21] <rodrigolvl1> Do you know anything in Portuguese?
[16:23:48] <haniso> im natural portugeeze
[16:23:51] <Yogsothoth12> vinoverde
[16:23:55] <Polonium2> naw man
[16:25:24] <Blackremounia> Hey who won?
[16:25:53] <Polonium2> @Blackremounia are you blind? @joao_adegas posted who won
[16:25:57] <y3kx> 14-15, Team Liquid
[16:26:05] <rodrigolvl1> repeat with me I love my wife. Eu amo minha mulher
[16:26:12] <joao_adegas> it was 18-22 liquid this round
[16:26:17] <Blackremounia> Eu amo minha milher
[16:26:20] <y3kx> I love my wife. Eu amo minha mulher
[16:26:26] <chadaugi1> PogChamp
[16:26:26] <@Moobot> Start your esports career on ESL Play: http://esl.gg/eslplaycsgo
[16:26:33] <jannikploug> nice
[16:26:37] <haniso> what if i dont love my wife
[16:26:44] <y3kx> lol
[16:27:19] <haniso> i dont wana lieee ya knowww
[16:27:21] <joao_adegas> in this case u have to stop learning portuguese and go out to find another wife..
[16:27:25] <Blackremounia> Guys hi! Can you tell me who won this series?
[16:27:33] <Polonium2> eu não amo minha esposa @haniso say this
[16:27:46] <haniso> eu não amo minha esposa
[16:27:58] <chadaugi1> Ez
[16:28:11] <Polonium2> you have successfully said that you don't love your wife
[16:28:17] <Blackremounia> BOTACO
[16:28:21] <Polonium2> congrats how do you feel?
[16:28:28] <haniso> why i dont want to believe that:!:!:
[16:29:02] <chadaugi1> DansGame tattoo
[16:30:00] <+ShadySalvi> hello ???
[16:30:09] <Polonium2> hey
[16:30:16] <depressivel> hi
[16:30:31] <depressivel> i can't speak portuguese, why?
[16:30:46] <joao_adegas> a merda de assistir esses jogos bons demais eh que agora eu vou jogar tbm e me sinto um bot jogando...
[16:30:51] <+ShadySalvi> why are we watching this ??
[16:30:56] <Blackremounia> English only chat nazis
[16:30:59] <haniso> thats a good question i also dont know why
[16:31:02] <Polonium2> okay i know merda means shit
[16:31:12] <Debki_Kaminari> Stanisbot
[16:31:19] <+ShadySalvi> @haniso lol
[16:31:30] <joao_adegas> hahha u're fluent polonium
[16:31:32] <digitdaily> sound delay FeelsBadMan
[16:31:51] <Polonium2> dude i know merda because of assassins creed
[16:32:04] <Blackremounia> NA production LUL @digitdaily
[16:32:21] <chadaugi1> PogChamp
[16:32:28] <joao_adegas> hahah great game, great teacher
[16:32:31] <konvict_za> WOW ITS LIVE
[16:32:51] <Polonium2> yeah assassins creed 2 to be exact. i loved that game
[16:33:04] <Blackremounia> GODzerra
[16:33:30] <depressivel> taco's HAIR
[16:34:21] <haniso> tacos got hairss???
[16:34:31] <haniso> =´=
[16:34:42] <haniso> better not eat them then
[16:35:07] <Blackremounia> LUL
[16:35:13] <+TMoneyyy> Follow my stream if u like fortnite
[16:35:24] <+wildcardNS> fortnite blows
[16:35:45] <Polonium2> @TMoneyyy self advertising at it's finest
[16:36:31] <Blackremounia> @tmoneyyy for 100$ i’d follow you
[16:36:41] <+p0rschi> biberHerz
[16:37:00] <Polonium2> i'd follow you for 4 gtx 1080s and 4 nvidia titans
[16:38:32] <haniso> someone has to create team solid
[16:38:45] <Polonium2> and team gas
[16:38:57] <Polonium2> and their slogan will be farts
[16:39:07] <+wildcardNS> kappa/10
[16:39:08] <haniso> we got a plan then!
[16:39:20] <Polonium2> hell yeah
[16:39:20] <@Moobot> Join the ESLCS steam group http://steamcommunity.com/groups/eslcs
[16:40:00] <+Rptr04> Poggers
[16:40:05] <joao_adegas> caraio...
[16:40:05] <Polonium2> PogChamp
[16:40:05] <HibeePin> ns
[16:40:06] <papa_smurf_twitch> caralho PogChamp
[16:40:06] <tanutpond> LOL
[16:40:11] <94267ethan> cold!!!!!!!!!!!
[16:40:14] <+gabrielzao19> BEST OF WORLD
[16:40:14] <chadaugi1> Holy shit
[16:40:21] <Blackremounia> GODZERA
[16:40:44] <SupNTC> f1ng3rGod f1ng3rGod f1ng3rGod
[16:40:45] <haniso> thats how i play and im warming up guys its nothing special
[16:41:17] <weedio000> little brown man :D
[16:41:25] <MiNDARN> c PogChamp l d z e r a
[16:41:54] <MiNDARN> back when he was good
[16:42:13] <Blackremounia> NA smoke
[16:42:25] <MiNDARN> now he is not even top 20 anymore :(
[16:43:46] <I_POW_BYTE> i thought sadokist was banned forever
[16:43:53] <itzn0tmatt> no
[16:44:11] <I_POW_BYTE> then banned for life ?
[16:44:36] <Blackremounia> VAC
[16:45:52] <Polonium2> ohhh fallen got fucked
[16:46:14] <sasuka9985> what was fallen doing
[16:46:33] <Polonium2> trying to rush without p90
[16:47:46] <HibeePin> valve pls
[16:48:44] <MiNDARN> I_POW_BYTE Sadokst is VAC-banned but not banned from casting.
[16:49:13] <itzn0tmatt> TLWIN
[16:49:36] <Ishtiaque_Ish7> PogChamp PogChamp PogChamp PogChamp PogChamp PogChamp PogChamp PogChamp PogChamp PogChamp PogChamp PogChamp
[16:49:42] <pizzacheekss> sadokist got destroyed by a bunch of white boys enforcing PC culture LUL
[16:49:55] <HibeePin> le epic dab
[16:50:09] <ZowieAM> 2018 dab cringe
[16:50:18] <haniso> wtf adblock u have failed me
[16:50:27] <pizzacheekss> saying 2018 implies it wasn't always cringe
[16:50:27] <frostoo_> ^
[16:50:29] <soca3> gg
[16:50:40] <chadaugi1> Tie wtf
[16:50:44] <zerozonezz> what team is winning? :O
[16:51:09] <haniso> team solid
[16:51:22] <zerozonezz> damm sk needs to up their shit
[16:51:26] <MeroViiingian> stoop tis addssss
[16:51:49] <MiNDARN> pizzacheekss so you are cmonBruh?
[16:52:12] <Ishtiaque_Ish7> way for RAINNNN OH HAHAHAHHA
[16:52:53] <MiNDARN> TriHard
[16:56:34] <ghost_raccoon_1> GivePLZ CurseLit TakeNRG
[16:56:46] <zerozonezz> Mau5 KappaPride
[16:56:59] <ghost_raccoon_1> SSSsss PunchTrees SSSsss
[16:57:08] <BayFortnite> :D
[16:57:13] <ghost_raccoon_1> SSSsss
[16:57:31] <ghost_raccoon_1> BibleThump
[16:57:41] <frxxxGood> quantos que ta o placar?
[16:57:45] <ghost_raccoon_1> VoteYea VoteNay VoteYea VoteNay VoteYea VoteNay VoteYea VoteNay VoteYea VoteNay VoteYea VoteNay VoteYea VoteNay VoteYea VoteNay
[16:57:46] <@Moobot> Start your esports career on ESL Play: http://esl.gg/eslplaycsgo
[16:57:57] <ghost_raccoon_1> VoteYea VoteYea VoteYea VoteYea VoteYea VoteYea VoteYea VoteYea VoteYea VoteYea VoteYea VoteYea VoteYea VoteYea VoteYea VoteYea VoteYea VoteYea VoteYea VoteYea VoteYea VoteYea VoteYea VoteYea VoteYea VoteYea VoteYea VoteYea
[16:58:32] <papa_smurf_twitch> CoolStoryBob CoolStoryBob
[16:58:48] <xGallinger> Kappa / \ KappaRoss
[17:04:23] <Pfare> Hello chatters
[17:04:24] <+CallMeGlitch16> cmonBruh
[17:04:54] <Pfare> Anyone here?
[17:05:01] <zerozonezz> yep
[17:05:06] <Aeox> no
[17:05:14] <Pfare> @aeox cmonBruh
[17:05:50] <Aeox> @Pfare aesma1CHILL
[17:06:06] <eXplode542> hello DBstyle
[17:06:08] <papa_smurf_twitch> is the resolution shitty?
[17:06:14] <Pfare> kitty69
[17:06:21] <papa_smurf_twitch> TTours
[17:06:26] <Pfare> Its 16:10
[17:07:34] <papa_smurf_twitch> low res is it 480p?? WutFace WutFace
[17:08:02] <Pfare> 360 i think
[17:08:23] <Aeox> even on source it looks pretty crap
[17:08:30] <+seabass1080> why is the quality so bad
[17:08:35] <papa_smurf_twitch> yup, last game it was normal
[17:08:47] <+seabass1080> I have it on 1080p 60
[17:08:51] <Pfare> I think i need a better phone
[17:08:52] <papa_smurf_twitch> guess the channel just downgraded it
[17:09:05] <+seabass1080> Its not usually like this
[17:09:15] <PoxOpal> NotLikeThis
[17:09:17] <papa_smurf_twitch> I'm so tilted
[17:09:39] <+thealbinomuffin> jesus this is terrible
[17:09:54] <+thealbinomuffin> can't even see the crosshair on source
[17:09:55] <papa_smurf_twitch> last game it was 1080p, now is like 360p, 480p, can't even read the players names
[17:10:01] <Pfare> This is worse than terrible!
[17:10:32] <papa_smurf_twitch> OMG, someone is mining crypto on @ESL_CSGO pcs
[17:10:37] <zerozonezz> the video quality makes me think i have badeyesight wtf
[17:10:49] <Pfare> Are you watching from phones?
[17:10:56] <papa_smurf_twitch> nope, pc
[17:11:07] <+thealbinomuffin> lets all just stop watching lol they're notice when their audience dwindles to nothing
[17:11:12] <papa_smurf_twitch> I am SOOO tilted, this is crap!
[17:11:41] <GLihhh> Euronics?
[17:13:48] <fr4me01> i cant believe they are even streaming this video quality
[17:14:19] <zukothekiwi> it was fine before
[17:14:23] <papa_smurf_twitch> @ESL_CSGO that resolution WutFace, fix that please! =(( very bad
[17:15:31] <MatthewGamble> anyone else getting potato quality on 720p60fps?
[17:15:40] <HibeePin> i am
[17:15:42] <jayanthy> yh
[17:15:50] <papa_smurf_twitch> every quality is like 360p
[17:15:53] <HibeePin> y bizon
[17:15:57] <MatthewGamble> good to know it's not just me
[17:16:03] <munzevid> Im on 1080p 60 source but so awful
[17:16:11] <PVL159> even 1080 is a potato
[17:16:13] <Z0F0S> not just you man
[17:16:30] <+LoopyTheDog> quality isn't bothering me as much as that guy in the background lol
[17:16:32] <MatthewGamble> maybe this is ESL's way of nudging people onto facebook LUL
[17:16:32] <@Moobot> Join the ESLCS steam group http://steamcommunity.com/groups/eslcs
[17:16:33] <greenf11> the video quality is fckd up
[17:16:46] <MatthewGamble> @LoopyTheDog yeah I know right. it sounds like the production team talking in someone's ear
[17:16:58] <+LoopyTheDog> yeah no kidding
[17:17:22] <papa_smurf_twitch> @Moobot call the channel mods! @ESL_CSGO fix that stream pleeeease!
[17:17:47] <SlunkeD_tv> pixel ?
[17:17:56] <+Ninorux> Yeup !
[17:18:15] <Pfare> @slunked_tv have u seen that Movie?
[17:18:16] <papa_smurf_twitch> TTours WutFace
[17:18:55] <papa_smurf_twitch> RIP
[17:18:55] <+NewCozzack> what the hell is this camera quality
[17:18:55] <Aeox> wut?
[17:18:57] <+LoopyTheDog> F
[17:18:59] <hittumi> ?
[17:19:04] <teddyz122> ?
[17:19:05] <Soloql> RIP
[17:19:07] <+dmurph1991> alright
[17:19:13] <papa_smurf_twitch> better than 360p
[17:19:16] <+Rptr04> F
[17:19:17] <Aeox> it dieded
[17:19:20] <fr4me01> no its not
[17:19:21] <MatthewGamble> ooho maybe they're fixing it
[17:19:21] <greenf11> esl production monkaNIGA
