[0:00:36] <paulkrolll> vless, why are u always verbally harrassing me? what did i do to yu
[0:00:48] <+FrostBitteOfficial> No
[0:01:01] <+Simplexxxtt> 1
[0:01:20] <paulkrolll> please give me a NiP hat. im japanese!
[0:02:25] <+dexdikd> ***
[0:03:11] <nisnos> Mantap
[0:03:29] <nisnos> Halo man teman
[0:09:22] <Mygame_91> rerun
[0:09:44] <alienss> yeah next esl tour isnt until tuesday
[0:13:32] <thearkknight301> when is the game gonna start?
[0:13:48] <jim_kardashian> Like 2 mins
[0:13:55] <thearkknight301> k
[0:14:16] <sainath5233> namaste 🙏
[0:14:40] <jim_kardashian> Is this a rerun😂
[0:14:51] <jim_kardashian> It is
[0:15:01] <rasmus_roennow> 2017 LUL
[0:15:19] <rasmus_roennow> Kjaerby is not eaven in astralis LUL
[0:18:23] <+sjstanley1> is this a rerun
[0:19:05] <pro_gamerz_yt> yes it says it in the title
[0:19:15] <pro_gamerz_yt> @sjstanley1
[0:19:59] <jim_kardashian> Why would NIP force?
[0:20:10] <LexozyGaming> yay
[0:20:51] <LexozyGaming> female coach?
[0:20:52] <jim_kardashian> Kappa
[0:21:04] <jim_kardashian> The main coach is playing
[0:22:15] <LexozyGaming> Kappa
[0:24:46] <pro_gamerz_yt> lol
[0:25:05] <pro_gamerz_yt> FaZe Lost NiP
[0:25:15] <pro_gamerz_yt> juz now
[0:25:33] <pro_gamerz_yt> before this
[0:26:06] <LexozyGaming> get right getting older xD
[0:26:53] <hard7033> zonic ? wheres device ?
[0:27:16] <jim_kardashian> Stuck in traffic or something
[0:27:26] <jim_kardashian> I think that’s what they said 😂
[0:28:06] <pro_gamerz_yt> theres no device
[0:28:08] <ZambieK> Actually was on a flight during then lol
[0:29:45] <pro_gamerz_yt> device is not playin
[0:30:53] <LexozyGaming> wut xizt back to nip from faze?
[0:31:40] <pro_gamerz_yt> yep FaZe lost NiP
[0:31:45] <+HDBabolaT> yes
[0:32:04] <LexozyGaming> EleGiggle
[0:33:01] <pro_gamerz_yt> That's Impossible
[0:33:08] <jim_kardashian> Kappa Kappa Kappa
[0:33:52] <pro_gamerz_yt> i vote for Cloud9
[0:34:59] <pro_gamerz_yt> Cloud9 for Life
[0:35:29] <+Zetar_> WutFace
[0:35:46] <LexozyGaming> i hate ads
[0:41:22] <+respectablewhitemale> Dead af
[0:41:22] <@Moobot> Start your esports career on ESL Play: http://esl.gg/eslplaycsgo
[0:49:01] <Will_Treaty_> hey
[0:49:23] <Will_Treaty_> nobody here?
[0:49:29] <sehny> hi
[0:49:32] <+MoralMetal> no
[0:50:31] <shynz0r> None
[0:54:39] <Omaine> hahahah
[0:54:55] <Kaxwat> !uptime
[0:54:55] <@Moobot> @Kaxwat Uptime is: 6h 3m 32s
[0:54:57] <BerkeGoktas> lol
[0:55:01] <SaurienTheGreat> FeelsBadMan
[0:56:20] <Pofidoki> !cheers
[0:56:48] <ZaivanHASaBIGdick> '' in the back - the way you like it'' wtf
[0:57:11] <drkstfn> Is this life or a fanta sea?
[0:58:24] <+MoralMetal> dudes bout to have a stroke
[1:02:34] <absoliteduoo> oof
[1:04:49] <+TriHardNickQer> TriHard PowerUpR Summoning Minions triMini triMini triMini triMini
[1:05:16] <TheRickety> TriHard 7
[1:05:32] <+TriHardNickQer> TriHard 7
[1:06:29] <absoliteduoo> oof
[1:06:53] <Polonium2> what will you say if you want to meet a player of Ninjas in Pyjamas?
[1:07:05] <SoulSketcherGaming> get oofed
[1:07:07] <absoliteduoo> why u use aimbot
[1:07:19] <TheRickety> remember when you guys actually won games?
[1:07:24] <Polonium2> show me them NIPS
[1:07:40] <absoliteduoo> yeah astralis sucks now indays
[1:08:06] <TheRickety> AS used to be insane
[1:08:29] <absoliteduoo> now they sucks
[1:09:58] <+MoralMetal> "wicked sick"
[1:10:11] <4soon> ez World. go SS go
[1:11:35] <Omaine> wub wub wub
[1:11:57] <absoliteduoo> i swear if astralis clutches this and nip losses that will be a big oof
[1:13:06] <predator2424> PORTUGAL
[1:14:09] <absoliteduoo> why is there coach playing with them
[1:14:31] <arbberzlol> GrammarKing GrammarKing HSWP
[1:15:10] <arbberzlol> PJSalt
[1:15:17] <+Bezurk_> i think one of the players was sick
[1:15:30] <+Bezurk_> i think i heard that earlier in the commentary
[1:16:20] <absoliteduoo> oh
[1:18:05] <absoliteduoo> oof dudes i thought astralis was going to clutch that
[1:19:42] <forgiven72> HI
[1:19:44] <whiteturtlee> sup
[1:20:01] <forgiven72> why are you guys here
[1:20:12] <whiteturtlee> cuz im bored
[1:21:14] <tomastc1983> always a joy to watch NIP play ofc
[1:25:45] <gangstamarsu> sugoiiiii
[1:26:02] <gangstamarsu> perkele
[1:28:51] <oskar1995> nice fucking tank @ESL_CSGO @ESL_CSGO @ESL_CSGO @ESL_CSGO @ESL_CSGO
[1:30:07] <oskar1995> xdD
[1:33:09] <+TimelinesSs> who is watching for more game sense xd
[1:34:38] <Coolfeet124> me
[1:36:41] <shroudLuva> This is live right?
[1:37:08] <JeeyDee88> no
[1:37:08] <@Moobot> Join the ESLCS steam group http://steamcommunity.com/groups/eslcs
[1:37:13] <DelteN> EnVyUs vs. SK [Cbble] - Group A Round 1 - IEM Oakland 2017
[1:37:36] <shroudLuva> So it is live?
[1:37:58] <JeeyDee88> no its not live
[1:38:40] <DelteN> @shroudLuva IEM Oakland 2017
[1:39:10] <shroudLuva> Is it a replay from last night?
[1:39:33] <JeeyDee88> 2017 yes last night xDDDDDD
[1:39:50] <shroudLuva> Sweet who won
[1:40:08] <shroudLuva> Is cloud 9 playing tonight
[1:40:42] <shroudLuva> I wanna go watch shroud play
[1:40:52] <pao_quentin> SO VAI SK
[1:42:09] <+coreee7x> Kappa
[1:43:11] <Coolfeet124> LOL everytime people ar3 like is it live?
[1:45:15] <+coreee7x> Kappa
[1:49:43] <Asiz> TACO
[1:51:39] <brnmeister> TACO GOD
[1:53:02] <Asiz> BAD TACO
[1:53:56] <Maxsuelo53> sdds taco
[1:58:08] <tomastc1983> yeh its live , rerun is the sponsor
[2:03:15] <neitr12> jazdaaa sk
[2:04:57] <iamchief18> yeah
[2:05:07] <iamchief18> oh yeah baby give it to me baby
[2:07:12] <+Wazdaaa> is this a T sided map?
[2:07:22] <iamchief18> yeau
[2:07:55] <iamchief18> oh yeah give it to me
[2:07:56] <+Wazdaaa> I thought Stewie was on SK, what happened?
[2:08:07] <sehny> RERUN
[2:08:16] <JeeyDee88> THIS IS 2017 DUDE
[2:08:16] <+Wazdaaa> oh
[2:08:30] <+Wazdaaa> oh yea
[2:08:43] <iamchief18> oh giveit to me
[2:09:19] <+intense_draft> where is kio
[2:09:35] <+intense_draft> nvm this is 2017 lul
[2:11:12] <+Wazdaaa> Team Ace?
[2:11:42] <JeeyDee88> all have ace in 1 round xD
[2:21:31] <itzownedkill> gooooddd!!
[2:22:45] <woxzyy> minimap coloured players is annoying
[2:25:00] <neitr12> taco again back in Sk?
[2:25:02] <Gucu112> WIN 10 UPDATE!
[2:25:29] <itzownedkill> good!!!
[2:25:36] <脆皮小嫩雞> wtf ENVYUS IS SU......
[2:25:37] <+keepcalmandgetvac> USB
[2:25:43] <+largemargelive> shrou shroud200
[2:25:53] <woxzyy> is it not just me hearing the sounds? thought me pc done goofed
[2:26:01] <rekmox> ct better cobble
[2:26:08] <+largemargelive> shroudAK shroudAK shroudAK shroudAK shroudAK shroudAK shroud1D
[2:26:11] <papa_smurf_twitch> OMG
[2:26:18] <kordzik> ...
[2:26:19] <cksgkrjatk> <3 <3 <3 <3 <3
[2:26:20] <autobuy> aids on last round ResidentSleeper
[2:26:22] <getrektbyduck> unfollowed
[2:26:32] <kordzik> elo
[2:26:32] <@Moobot> Start your esports career on ESL Play: http://esl.gg/eslplaycsgo
[2:26:45] <papa_smurf_twitch> last round of the map, Ads running.unfollowed. unsubscribed, left the channel, killing myself, brb
[2:27:02] <kordzik> :P
[2:28:27] <+coreee7x> Keepo
[2:28:57] <+coreee7x> FanzerZ
[2:29:20] <+coreee7x> FrankerZ
[2:31:08] <FollowPJ> FeelsGoodMan
[2:31:40] <kordzik> pokeball
[2:33:16] <Augustowisk> taco?
[2:33:36] <Marginal_Da_Twitch> @augustowisk é
[2:33:40] <FollowPJ> SK please;..
[2:34:04] <Augustowisk> isso e reprise?
[2:36:07] <OGNikky> rawr
[2:38:05] <+bwkakashi> renti
[2:40:51] <+TimelinesSs> Is it normal that i stress alot when playing cs comp?
[2:40:59] <OGNikky> yes
[2:41:01] <+TimelinesSs> like 3/4 of the game
[2:41:18] <OGNikky> what rank r u?
[2:41:23] <+TimelinesSs> DMG
[2:41:30] <hafizumer> wow
[2:41:32] <OGNikky> nice
[2:41:38] <K4RM4_Tv_> nice
[2:41:44] <+TimelinesSs> Idk why but i just stress and my heartbeat goes pretty fast
[2:41:58] <BawpMarley> rip at 23
[2:42:02] <hafizumer> :D :D :D
[2:42:05] <OGNikky> i got deranked to sem after a year of not playing lol, i was mg1 :/
[2:42:27] <+TimelinesSs> Unlucky
[2:43:05] <OGNikky> ik.. its quite annoying but now i kinda smurf in silver, i usually stream me smurfing using deags only and stuff haha
[2:43:17] <+TimelinesSs> Haha
[2:43:21] <OGNikky> making the best of the situation
[2:47:18] <theameizingod> SK win this game ?
[2:47:56] <Elix1r_jiji> rekt
[2:48:39] <sooqawut> shitty quality
[2:51:05] <gfbyenal> space sol macı ne odlu
[2:51:27] <tHeReaLAgeS> 2-0 yendik kanka
[2:51:35] <Crabio> I don’t speak crossaint
[2:52:29] <+d_c0de> çrøssãíñt
[2:54:12] <+d_c0de> the clutccccch
[2:54:36] <MABOTee> space maçında son harita neydi?
[2:55:05] <+d_c0de> yo no hablo tu lengua
[2:55:28] <BawpMarley> what
[2:55:50] <+d_c0de> i said that I don't speak their language
[2:56:24] <Scazard> uga uga bunga unga bunga
[2:56:35] <AZER_QC> v
[2:56:45] <BawpMarley> buga buugaga
[2:56:49] <AZER_QC> l
[2:57:08] <AZER_QC> v
[2:57:24] <Scazard> bungaga bunga gaga buga buga ?
[2:57:45] <Wolve9> ECHOO
[2:57:46] <0papito> van magyar ?
[2:57:48] <autobuy> WutFace
[2:57:58] <+smokey0> nincs?
[2:57:58] <@Moobot> Join the ESLCS steam group http://steamcommunity.com/groups/eslcs
[2:58:08] <patlican> @MABOTee inferno
[2:58:09] <0papito> az jó
[2:58:46] <AZER_QC> v
[2:58:52] <+smokey0> greekHey
[2:59:01] <AZER_QC> do u guys think i will get banned
[2:59:16] <danipingu555> obv
[2:59:21] <+smokey0> IDK
[2:59:23] <Scazard> 4 watt ?
[2:59:45] <AZER_QC> can u guys see my messages
[2:59:48] <+smokey0> greekB1 greekB2 greekB3 greekB4
[3:00:05] <+smokey0> y
[3:00:54] <Scazard> yes and i think the same about blacks
[3:02:55] <Om3ge> Is this live? Kappa
[3:03:04] <moraismemo> rerun
[3:03:08] <+soy1limon> live
[3:03:24] <+soy1limon> oakland 2018 live
[3:03:32] <Om3ge> Oh cool
[3:03:33] <StatTrack10> !discord
[3:04:09] <Totterb0t> Can’t wait to see Stewie play NiP here Kappa
[3:06:31] <AZER_QC> f
[3:07:57] <TundraTankZ> just got here whats happening so far
[3:08:53] <anoargamingtwitch> wtffff
[3:09:15] <anoargamingtwitch> no live matches?
[3:10:04] <highfivejohn88> !schedule
[3:14:48] <+Spamgirl7> stfu
[3:15:02] <caitras> no you
[3:15:08] <+Spamgirl7> naaaah
[3:15:43] <+Spamgirl7> get some skills
[3:15:47] <+bwkakashi> E BR E
[3:16:01] <caitras> who won?
[3:17:22] <WrathNL> envy won vs sk in double overtime and nip won vs astralis
[3:17:45] <Qevor> when did this actually happen?
[3:18:19] <WrathNL> last year november
[3:19:09] <Qevor> oh okay thanks
[3:19:20] <WrathNL> yw
[3:19:25] <ElDominikoO> where is stew?
[3:19:46] <WrathNL> @NonStopWatch still on cloud during this event ;)
[3:20:07] <ElDominikoO> oh 2017 LUL LUL
[3:20:33] <WrathNL> @NonStopWatch oakland 2018 will be in november again i think
[3:23:07] <Cripple_Nugget> ITS A FUCKING RE RUN JUST READ IT
[3:23:18] <Sergioado12> peperRIP peperHS kuba2TAP
[3:23:22] <BryceO16> Lmao
[3:23:34] <failbad> is this live
[3:23:34] <+casti3lll> @Cripple_Nugget Is this live?
[3:23:39] <Sergioado12> peperREKT peperHYPE
[3:23:45] <sirhahnel> No
[3:23:52] <Kill_Glitched> !title
[3:23:52] <@Moobot> @Kill_Glitched Title is: RERUN: NiP vs. SK [Cbble] - Group A Round 2 - IEM Oakland 2017
[3:24:35] <+finnamakeakillin> Mau5
[3:24:45] <+casti3lll> RERUN is just the sponsor Kappa
[3:25:04] <WrathNL> @casti3lll dead troll xD
[3:26:19] <Emrex0> !corshair
[3:26:31] <Emrex0> !cfg
[3:27:41] <Sergioado12> Fer noob peperRIP peperREKT kubaLul kubaWTF
[3:27:41] <@Moobot> Start your esports career on ESL Play: http://esl.gg/eslplaycsgo
[3:32:19] <Icehydral> Is this live ?
[3:32:58] <+jhNsXO> is this reality?
[3:33:21] <7kursad> not live, is re run
[3:34:48] <FollowPJ> FeelsBadMan
[3:34:56] <nikinnsz> ??
[3:35:59] <Tearc> its amazing how people pop in here all the time and beeing suprised that it's reruns
[3:36:34] <+jase_the_god> ikr
[3:38:07] <Panzerful> hi
[3:38:20] <DarioN_NZ> it says re run
[3:38:22] <mresteves> hello is this a rerun?
[3:38:31] <DarioN_NZ> :v
[3:38:34] <Panzerful> yes it is a rerun
[3:38:40] <Cripple_Nugget> ughhhhhhhhhhhhhhhhhhhhhhhhhhhhhhhhhhhhhhhh
[3:38:46] <mresteves> jk jk :P
[3:38:51] <Panzerful> ads
[3:38:55] <duartesix> kkkkkkkkkkkkkkkkkkk
[3:39:01] <mresteves> im here all the time
[3:39:12] <Godcrusher123> anyone has a clue when NIP next plays live?
[3:39:21] <Panzerful> no
[3:40:34] <mathgod90> pao
[3:40:55] <Panzerful> pao? Kappa
[3:41:27] <BryceO16> Anyone know when ANZ qualifiers start up again? They started today but I only saw 1 match
[3:41:45] <Panzerful> again... no
[3:41:56] <Panzerful> sadly
[3:42:16] <BryceO16> At least I haven’t asked if this is a re run lmao
[3:42:29] <Panzerful> true true
[3:42:32] <BryceO16> There’s like no info on this shit anywhere lmao
[3:42:40] <Panzerful> who asked that?
[3:42:45] <BryceO16> Well on play times anyways
[3:43:08] <Panzerful> true
[3:44:33] <dreamreplacer> Elo
[3:54:47] <TexiTv> Why the facebook stream doesnt work on apple tv?
[3:55:33] <TexiTv> Anyone?
[3:55:48] <TimoreTime> @TexiTv don't know, but can't you just watch here on watch twitch on your apple tv?
[3:55:49] <bielxx846> CADE O FALLEN DI MIM
[3:56:05] <TimoreTime> or*
[3:56:06] <Crackdbalagamer> @bielxx846 ta narrando
[3:56:52] <Crackdbalagamer> é gravado?
[3:56:58] <bagesinho> Istpe reprise ou o taco ta emprestado?
[4:00:47] <iagokyke> reprise
[4:05:38] <woasd1> nice aim
[4:11:42] <fnc_bawcc> ninjas will win LUL
[4:12:35] <Lasarus07> !bracket
[4:13:01] <luriztfikri1> BANNED
[4:13:14] <luriztfikri1> cmonBruh
[4:13:20] <fnc_bawcc> LUL he told him u are black Lul
[4:13:40] <Dragnier1337> early warning signs of sadokists racism lol
[4:13:48] <fnc_bawcc> lul
[4:14:07] <+TheDarkAlbo> I don’t get it
[4:14:25] <fnc_bawcc> map number ?
[4:14:27] <Dragnier1337> better you don't
[4:14:37] <+TheDarkAlbo> LUL
[4:15:01] <DierliSilva> ***
[4:15:25] <fnc_bawcc> woow
[4:15:44] <fnc_bawcc> gg wp
[4:18:30] <+66ak> wow exciting
[4:19:36] <ilunat1c_> give e a suubb
[4:20:17] <+yaboisimse> @TheDarkAlbo google sadokist racism
[4:20:21] <jvictorcardoso> I'M TOO EXCITED
[4:20:33] <jvictorcardoso> HAHAHA, good Ad
[4:23:02] <DEvine0Knight> are they playing the same rerun over and over again?
[4:23:49] <+ondancetron> no this is live
[4:24:16] <DEvine0Knight> oh. yeah sry.. my bad
[4:24:41] <doyouknowdawaeeeee> Csgo = ded
[4:24:47] <+AmazingTlO> if u look at the top right it says live
[4:25:04] <autobuy> did that guy just drink out of his shoe WutFace
[4:25:11] <DEvine0Knight> yeah 680 viewers on a live majors final... ded for sure
[4:25:40] <DEvine0Knight> yes he did... and i gues that was an AU crowd
[4:26:25] <Im_Destroyer_> what is this quality lmaooo
[4:26:48] <Im_Destroyer_> why is it like 480p
[4:26:56] <DEvine0Knight> "you're it" PogChamp
[4:27:03] <+AmazingTlO> mine says 1080p
[4:27:59] <homie_88_> HEY GUYSSS
[4:28:20] <DEvine0Knight> hello!
[4:28:36] <homie_88_> how are you
[4:29:20] <DEvine0Knight> um... guess im doing well... wbu?
[4:30:00] <homie_88_> thats nice, im good too thanks
[4:30:13] <DEvine0Knight> :)
[4:32:45] <homie_88_> i hope cloud9 wins
[4:33:17] <sensapaura> Hello
[4:33:26] <homie_88_> hii
[4:33:33] <sensapaura> i'm best CS Go player
[4:33:33] <@Moobot> Join the ESLCS steam group http://steamcommunity.com/groups/eslcs
[4:33:35] <Pivel_> anyone else here too depressed to play vidya so they came here?
[4:33:49] <DEvine0Knight> vidya?
[4:33:49] <homie_88_> i dont know what vidya is
[4:33:58] <sensapaura> nvidya
[4:34:27] <homie_88_> im here to chat
[4:35:07] <sensapaura> SK > Cloud9
[4:35:27] <homie_88_> eww
[4:35:47] <hafizumer> gg
[4:37:10] <homie_88_> tarik is a peanut brain :D
[4:37:38] <hafizumer> :D :D :D
[4:38:06] <Stambord> what graphics are they using
[4:38:25] <Pivel_> default texture
[4:38:50] <Stambord> gtx 1050?
[4:39:43] <homie_88_> im gonna get some donuts uff jaa
[4:41:11] <+memecarrot> Hi boys
[4:41:24] <homie_88_> heyyyyy
[4:41:27] <hafizumer> @homie_88_ r u a csgo player?
[4:41:36] <SwiftGaia> holy shit c9 sucks
[4:41:51] <Amblindnotd3af> aaah another live match so glad
[4:42:29] <homie_88_> @hafizumer i play a little why u ask?
[4:42:32] <DEvine0Knight> are you blind?
[4:42:50] <homie_88_> TARIK IS A PEANUT BRAIN
[4:42:55] <hafizumer> @homie_88_ what rank?
[4:42:56] <autobuy> daamn
[4:42:58] <mostfa_> it is live game?
[4:43:05] <DEvine0Knight> ofc it is
[4:43:10] <homie_88_> @hafizumer unranked q_q
[4:43:14] <+wildcardNS> Yes @mostfa_ It's live, sponsored by RERUN
[4:43:15] <SwiftGaia> it says rerun, this is 2017 gameplay lol
[4:43:18] <JezreelPH> BibleThump
[4:43:20] <hafizumer> same here
[4:43:39] <homie_88_> u wanna play some csgo later?
[4:43:42] <DEvine0Knight> its sponsored by Rerun..
[4:43:47] <mostfa_> didnt read
[4:43:50] <hafizumer> yah why not
[4:43:55] <+wildcardNS> Yeah we noticed you didn't read
[4:43:56] <DEvine0Knight> its a company started inOakland in 2017
[4:44:01] <homie_88_> nice
[4:44:12] <+kat_iwnl> sup guys
[4:44:19] <homie_88_> suh dude
[4:44:24] <mostfa_> who need to play csgo i was global but left the game now unranked
[4:44:25] <+kat_iwnl> notice me its my birthday
[4:44:26] <+Assassins_ps4> suhhhh
[4:44:28] <DEvine0Knight> i wanna see a quadra team kill
[4:44:33] <homie_88_> im unranked toooo
[4:44:39] <DEvine0Knight> @dblft you have been noticed
[4:44:39] <hafizumer> hahaha
[4:44:53] <+kat_iwnl> ye ikr
[4:45:04] <+kat_iwnl> didnt see it
[4:45:35] <DEvine0Knight> oooh
[4:46:08] <ChawkLit25> is stew covering for c9?
[4:46:08] <@Moobot> Start your esports career on ESL Play: http://esl.gg/eslplaycsgo
[4:46:29] <bagesinho> is reprise?
[4:47:07] <homie_88_> too bad we cant read what the players are typing in the ingame chat XD
[4:47:38] <DEvine0Knight> i guess we can read them... if its all chat
[4:47:57] <+kat_iwnl> give me knife guys plz xd
[4:51:14] <homie_88_> what are the commentators talking about ????????
[4:51:47] <pettyfalk0> Idk kinda goofy rofl
[4:53:31] <Skyguard136> Hi guysssss
[4:53:36] <0rhythm> is this live
[4:53:46] <+Detatch> no
[4:53:49] <+ClickedI> RERUN: Cloud9 vs. The MongolZ [Mirage] - Group A Round 1 - IEM Oakland 2017
[4:53:54] <homie_88_> its a rerun
[4:54:07] <0rhythm> when is the live match
[4:54:13] <homie_88_> GH
[4:54:15] <+ClickedI> Lol
[4:54:22] <son_Seungwan_> here
[4:54:24] <DEvine0Knight> there was a live match earlier
[4:55:07] <homie_88_> DUDUDUDUDU
[4:55:10] <ChawkLit25> the game
[4:55:24] <Azickacz> MONKA
[4:55:36] <ChawkLit25> :o
[4:55:45] <DEvine0Knight> they had to put this in for a rerun?? DansGame
[4:55:58] <son_Seungwan_> is this a major?
[4:56:12] <luwenqing> c9 16 5
[4:56:13] <homie_88_> ye its dumb XDD
[4:56:33] <DEvine0Knight> no..no... not the same ads...
[4:57:08] <+montydey> neckbeard cental
[4:57:12] <homie_88_> the shoe guy triggers me everytime tho
[4:57:51] <DEvine0Knight> WE ARE LEGENDARY
[4:58:00] <homie_88_> XD
[4:58:05] <DEvine0Knight> WE ARE ONE
[4:58:16] <homie_88_> lol u the realest
[4:58:26] <DEvine0Knight> i've seen these ads for so loooong
[4:58:43] <homie_88_> how long u been watching? XD
[4:59:08] <DEvine0Knight> idk how long... but a hell lot of these reruns LUL
[4:59:30] <homie_88_> why are u doing this to urself XD
[4:59:33] <viktorm707> im not so familiar with rerun what is it?
[5:00:00] <DEvine0Knight> it is a company that sponsors the tournament
[5:00:30] <DEvine0Knight> you know.. running shoe company from Oakland... established in 2017
[5:00:48] <homie_88_> fake yeezy
[5:01:09] <+Detatch> Kappa
[5:01:20] <+Detatch> Rerun is the best shoe company
[5:01:23] <homie_88_> FAZE UP
[5:01:59] <homie_88_> juan deag
[5:02:56] <homie_88_> how can something be disgusting in a good way?
[5:03:11] <homie_88_> do these commentators even know what they are talking about
[5:03:24] <K1immy> no, they don't
[5:03:51] <DEvine0Knight> maybe abt something from chat...
[5:05:34] <DEvine0Knight> GG cloud
[5:05:43] <maano20> gg
[5:05:51] <xxrubgim2018xx> nice cloud
[5:05:51] <@Moobot> Join the ESLCS steam group http://steamcommunity.com/groups/eslcs
[5:07:07] <DEvine0Knight> 11 health and a dream
[5:07:09] <xxrubgim2018xx> nice team C9
[5:07:34] <DEvine0Knight> we're cheering them as if its live Kappa
[5:08:06] <DEvine0Knight> OOOH
[5:08:16] <toamini> damn
[5:08:30] <DEvine0Knight> NO
[5:08:37] <Athena_CSTV> HOLY SHIT
[5:08:39] <+UltiMichi> Mongolz Silver? KappaPride
[5:08:40] <DEvine0Knight> DAMN
[5:08:42] <maano20> clutch do close
[5:08:48] <Dingfus> I think they'll comeback Kappa
[5:08:53] <+dictatorq> elo
[5:09:08] <maano20> no c9 wins this is rerun
[5:09:21] <+UltiMichi> lol
[5:09:26] <Dingfus> ffs
[5:09:32] <+UltiMichi> its live dude
[5:09:40] <Dingfus> yeah
[5:09:49] <Cyrukh> a live rerun
[5:09:57] <+Section_7> Yeah stewies still on c9 Kappa
[5:10:07] <Dingfus> No it's happening right now Kappa
[5:10:11] <DEvine0Knight> pro camoflauge stats
[5:10:20] <Dingfus> nos sk stewie
[5:10:39] <DEvine0Knight> LUL
[5:10:46] <homie_88_> tarik is a peanut brain
[5:10:50] <maano20> you so baad
[5:11:03] <DEvine0Knight> he should've saved
[5:11:04] <Dingfus> Who so baad?
[5:11:49] <luwenqing> elo
[5:11:49] <homie_88_> yoo this dude he pro
[5:12:04] <maano20> you soo baaad
[5:12:46] <Dingfus> maano20 soo baaad
[5:13:16] <homie_88_> that bait tho
[5:13:35] <homie_88_> comeback israel?
[5:13:47] <Dingfus> ez comeback time
[5:14:01] <putinekru> na
[5:14:09] <luwenqing> nie
[5:14:12] <putinekru> nah
[5:14:19] <RiPabloEscobar> go go mongolz
[5:14:43] <maano20> go go go mangos
[5:14:53] <RiPabloEscobar> Machinegun is good player !
[5:14:57] <putinekru> c9 will beat your ass
[5:15:09] <homie_88_> GO NAVI
[5:15:11] <Dingfus> ez comeback time
[5:15:48] <Dingfus> mogolös win this
[5:15:54] <homie_88_> gg wp
[5:15:56] <maano20> mangolos
[5:15:59] <Dingfus> oops
[5:16:09] <luwenqing> hahahahahah
[5:16:17] <homie_88_> mangolos
[5:16:20] <luwenqing> u
[5:16:22] <CallM3Roy> SwiftRage SwiftRage SwiftRage SwiftRage
[5:16:22] <@Moobot> Start your esports career on ESL Play: http://esl.gg/eslplaycsgo
[5:16:26] <Dingfus> close game my mans
[5:17:11] <homie_88_> these 2 guys look like they have no clue about csgo
[5:17:22] <homie_88_> especially the dude on the right HAHAHAHHA
[5:17:28] <Dingfus> where's ddk and black ddk?
[5:19:10] <homie_88_> did anyone of yall watch the new h3h3 video
[5:20:31] <homie_88_> papa bless
[5:21:34] <Dingfus> Is there anyone who doesn't love nothing?
[5:22:01] <Trollyw00d> i lovepizza
[5:28:03] <homie_88_> go c9
[5:28:35] <homie_88_> noooooooo
[5:29:52] <nissEOFC> wow only 700 viewers
[5:30:18] <만나서_반가워> is shroud not c9 anymore?
[5:31:22] <+MasterKarpTV> inactive roster he's a streamer for c9
[5:31:53] <Pivel_> FOR C9?
[5:32:33] <iiNoxi> Yes
[5:32:57] <Pivel_> *emoji thinking face*
[5:34:35] <iiNoxi> *idk what you're confused emoji face*
[5:35:01] <Pivel_> you dont need to be on a team to stream
[5:35:38] <homie_88_> he still wanna get the $$$$ so
[5:36:29] <SniksPK> LUL 680 people on MAJOR FINALS :D dead game
[5:37:12] <homie_88_> RERUN: Cloud9 vs. Astralis [Train] - Group A Round 2 - IEM Oakland 2017
[5:37:44] <SniksPK> LUL 680 people on MAJOR FINALS :D dead game LUL 680 people on MAJOR FINALS :D dead game LUL 680 people on MAJOR FINALS :D dead game
[5:38:08] <+Jese_XIII> liuCREEP
[5:38:20] <+b1gtoe> haHAA i'm a troll haHAA
[5:39:06] <+b1gtoe> oh you follow ninja LUL
[5:39:29] <111danne111> NotLikeThis
[5:46:02] <만나서_반가워> StrawBeary StrawBeary
[5:46:13] <+hk725> hi guys
[5:46:17] <+SoYouWannaPlay> Sellout
[5:46:21] <homie_88_> heyy
[5:46:26] <+hk725> any1 wanna be my friend
[5:46:34] <homie_88_> sure
[5:46:38] <+hk725> yay
[5:46:44] <만나서_반가워> YouDontSay
[5:46:52] <+hk725> how old r u
[5:46:59] <homie_88_> 22
[5:47:07] <+hk725> oh
[5:47:28] <+hk725> im only 9
[5:47:44] <homie_88_> XD
[5:47:52] <+hk725> Lmao
[5:49:05] <+hk725> Real games?
[5:49:07] <+krypt0nix_> theyre reruns @nissEOFC
[5:49:20] <+hk725> It’s the same thing as other video games
[5:49:35] <homie_88_> ye true lmao
[5:49:50] <+hk725> That was a fast plant
[5:50:00] <+hk725> Oof
[5:50:14] <homie_88_> uff jaa
[5:50:24] <+hk725> What rank are you
[5:50:36] <homie_88_> unranked
[5:50:42] <+hk725> Lol
[5:50:52] <+hk725> Sick
[5:50:52] <@Moobot> Join the ESLCS steam group http://steamcommunity.com/groups/eslcs
[5:50:55] <homie_88_> havent played in aaaagggeeessss
[5:51:08] <+hk725> What was your old stank
[5:51:14] <+krypt0nix_> im silver 1
[5:51:19] <+hk725> Rank
[5:51:27] <homie_88_> cant remember
[5:51:32] <+hk725> Good shit @cell_x_
[5:51:46] <+krypt0nix_> thanks man im gonna be contacting some teams soon about picking me up
[5:51:53] <+hk725> Lmaooooo
[5:52:01] <homie_88_> good luck m8
[5:52:13] <+hk725> A pro org?
[5:52:14] <+krypt0nix_> KappaHD
[5:52:37] <homie_88_> anyone wanna play csgo later
[5:52:37] <+krypt0nix_> im expecting cloud 9 to pay top dollar and drop one of their active to put me on
[5:52:46] <+hk725> I’m only silver 2 I just lost silver 3 and I’m better than pros
[5:52:56] <+krypt0nix_> i believe it br
[5:53:05] <+hk725> Yea I can see that happening
[5:53:23] <Dkddjjjaodjaojuasodjud> team6Rip
[5:53:30] <homie_88_> silver is a fun elo
[5:53:41] <+hk725> It’s hell
[5:53:49] <+krypt0nix_> nah fr though were going to make a bad attempt at the open qualifiers for the faceit major
[5:53:53] <xxiFoxTrot> if youre trying to get out of it its a pain
[5:53:57] <homie_88_> ITS FUN
[5:54:12] <xxiFoxTrot> its fun if you wanna stay in there tho i agree
[5:54:30] <+hk725> Exactly
[5:54:32] <homie_88_> ye i aint about that try hard life
[5:54:42] <+hk725> Gl @cell_x_
[5:54:54] <NcK_> i'm trying to get down to silver
[5:54:54] <+krypt0nix_> ty
[5:54:59] <+hk725> I’m stuck in s4
[5:55:05] <homie_88_> derank dot me
[5:55:19] <+gingaacs> @Cell_x_ maybe we'll see you in the qualifier, we're only A and A+
[5:55:24] <maano20> is it live
[5:55:25] <+hk725> I got 30-45 bombs every game for about 15 games
[5:55:38] <+hk725> Went up 1 rank
[5:55:48] <+hk725> Stopped playing now can’t do shit
[5:55:51] <+sd_niko> c999
[5:55:53] <+Rain_94> it is live with 720 viewers
[5:56:05] <homie_88_> we should play some csgo
[5:56:06] <+hk725> And went down that rank :)
[5:56:21] <+gingaacs> LOL live major finals with less than 1,000 viewers, dead game lol
[5:56:23] <+hk725> Yea @rain_94 dead game
[5:56:37] <homie_88_> ye so dead man 2k17 UFF JA
[5:56:42] <+hk725> 500 billion major final and this many viewers
[5:56:55] <bedirhantekeli4> ı am global
[5:57:01] <+hk725> I’m not
[5:57:09] <Pivel_> hi global im dad
[5:57:18] <+hk725> Bad joke
[5:57:22] <gr4cio> can you add me?
[5:57:30] <+hk725> Don’t talk again
[5:57:33] <Pivel_> better than your joke lmfao
[5:57:45] <bedirhantekeli4> @gr4cio me ?
[5:57:45] <@Moobot> Start your esports career on ESL Play: http://esl.gg/eslplaycsgo
[5:57:53] <+hk725> You’re dumb don’t talk
[5:58:01] <+Rain_94> RERUN: Cloud9 vs. Astralis [Train] - Group A Round 2 - IEM Oakland 2017
[5:58:02] <scimitar96> is this live?
[5:58:11] <+Rain_94> omegalul
[5:58:15] <Dkddjjjaodjaojuasodjud> Its a rerun that's why 700 viewers look at title
[5:58:18] <homie_88_> lol yall dudes cant read LMAO
[5:58:26] <+hk725> No it’s not idiots
[5:58:37] <Dkddjjjaodjaojuasodjud> Look at title
[5:58:41] <xxiFoxTrot> why you gotta be so rude about it D:
[5:58:44] <scimitar96> why does it say live on bottom left corned guys
[5:58:59] <homie_88_> cuz the stream is live
[5:59:04] <+Rain_94> RERUN: Cloud9 vs. Astralis [Train] - Group A Round 2 - IEM Oakland 2017
[5:59:09] <+hk725> Major final dude
[5:59:10] <homie_88_> ur a peanut brain just like tarik
[5:59:13] <scimitar96> ok
[5:59:13] <Dkddjjjaodjaojuasodjud> Its a live stream of the vod
[5:59:17] <xxiFoxTrot> oof
[5:59:21] <scottsmileface> who replace stewie
[5:59:29] <homie_88_> me
[5:59:37] <Joellll> Fns
[5:59:37] <+hk725> MJor final
[5:59:49] <xxiFoxTrot> that clutch]
[5:59:51] <homie_88_> just luck no skill
[5:59:54] <+cheeser84> damn skadoodle
[5:59:58] <+hk725> DJDJFOSISSJFNFKDJHHDJTBRJEHD
[5:59:59] <+vehbiy> @scottsmileface fns
[6:00:13] <scottsmileface> No more champions for NA csgo
[6:00:21] <+vehbiy> lel
[6:00:22] <+hk725> Me?
[6:00:43] <+hk725> I’m better than all of you hahahahaha
[6:01:02] <homie_88_> are u sure about that
[6:01:05] <+hk725> And you idiots think this is groups of a rerun like the title says, it’s a major final
[6:01:16] <+hk725> Yea I am
[6:01:29] <homie_88_> oke
[6:01:48] <aethereal_manx> i love how someone is in a vod rerun talking shit like wtf lmao
[6:01:52] <scimitar96> how can it be major guys major was couple months ago and next one is in septembed
[6:02:07] <+hk725> Man I’m better than you shut up
[6:02:07] <homie_88_> everyday is major day
[6:02:17] <+hk725> Exactly lmao
[6:02:30] <aethereal_manx> lmao
[6:02:31] <homie_88_> who wanna play csgo with me
[6:02:32] <+hk725> This is the final of the 9274838283 grand final sijrfiicjsebehufubdbd
[6:02:42] <+hk725> Kancndjsbchisjwwdbd Hzn aabbasz im regards sha Hdifksnajcie
[6:03:01] <+hk725> u suck I’m 9 and I’m better than u
[6:03:16] <homie_88_> no one? oke q_q
[6:03:29] <+br0te> sup
[6:03:29] <scimitar96> guys i cang get out of master guardian please give some tips
[6:03:29] <+hk725> this game sucks
[6:03:39] <+hk725> git gud
[6:03:45] <aemoose> Thanks for the sponsor RERUN. THANKS for this live game PogChamp
[6:03:49] <homie_88_> always rush b my friend
[6:03:49] <@Moobot> Join the ESLCS steam group http://steamcommunity.com/groups/eslcs
[6:03:50] <+hk725> And click on heads
[6:03:55] <Dylan_204> shut up idiot
[6:03:57] <scimitar96> how go git gud
[6:03:59] <EXXXILON> Thanks for the sponsor RERUN. THANKS for this live game PogChamp
[6:04:01] <Lordaaaaa> what game is this ? Fortnite ? Kappa
[6:04:04] <+hk725> No u
[6:04:21] <WarshinBear> when does the circle close?
[6:04:27] <homie_88_> this is minecraft on full graphics
[6:04:30] <+br0te> scimitar96 improve your positioning. im willing to bet your aim is good, but positioning is important
[6:04:57] <+hk725> U all suck
[6:05:10] <+hk725> I’m gettimg banned and im sad
[6:05:17] <homie_88_> noooooo
[6:05:20] <aethereal_manx> aim good - master guardian Kappa
[6:05:33] <homie_88_> crosshair placement is also important
[6:05:38] <scimitar96> @br0te you are right dude i have alright aim but not good positioning
[6:05:50] <+hk725> Yea you need to aim at the toes
[6:06:08] <WarshinBear> the main skill is how good you are at reading the manifests on the trains
[6:06:26] <+hk725> No one asked you
[6:06:41] <homie_88_> the faster u rush b, the better player u are
[6:06:44] <scimitar96> @hk725 are you having a bad day
[6:06:47] <+hk725> Exactly
[6:07:04] <scimitar96> @homie_88_ LUL
[6:07:08] <homie_88_> he needs some sucki sucki
[6:07:28] <+hk725> Ok
[6:07:40] <Xtremeconditonx> dont we all
[6:07:45] <+hk725> Anyone want to hear a joke
[6:07:50] <homie_88_> yea that reduces cancer down there
[6:07:52] <scimitar96> stewie leaving c9 is the end of c9
[6:07:58] <+hk725> No it’s not
[6:08:08] <wilhelmvonkamp> Skadaddy
[6:08:17] <Xtremeconditonx> tarik and skadoodle did work in that major
[6:08:26] <stephenycs> stewie back on c9 PogChamp
[6:08:32] <+sd_niko> i am hosting feel free to watch <3
[6:08:38] <homie_88_> no tarik is a peanut brain
[6:08:38] <Xtremeconditonx> stewie showed up with the awp towards the end but he wasnt the mvp
[6:08:38] <+gingaacs> FNS plays the same role as Stewie and has made an impact bigger than Stew so far
[6:08:42] <+hk725> Does anyone want to hear a joke
[6:08:46] <scimitar96> skadoodle is retirinv
[6:08:55] <homie_88_> ye i want
[6:08:57] <scimitar96> retiring
[6:09:04] <wilhelmvonkamp> tarik is a great player, but not a great igl
[6:09:04] <+hk725> Nah he said he will play with fns
[6:09:05] <NcK_> skadoodle is staying c9 hltv confirmed
[6:09:08] <stephenycs> Kjaerybe back on Astralis PogChamp
[6:09:19] <homie_88_> he is a peanut brain
[6:09:23] <+gingaacs> @scimitar96 Ska on twitter said he's staying
[6:09:24] <+hk725> Will he won a major
[6:09:36] <scimitar96> oh good
[6:09:40] <+hk725> @homie_88_ knock knock
[6:09:54] <homie_88_> who is there
[6:10:08] <+hk725> Orange
[6:10:08] <@Moobot> Start your esports career on ESL Play: http://esl.gg/eslplaycsgo
[6:10:14] <homie_88_> orange who
[6:10:22] <scimitar96> why does faze always choke
[6:10:22] <+hk725> Orange you gonna let us in XDDDD
[6:10:27] <WarshinBear> i'm the player on the left
[6:10:31] <homie_88_> :D
[6:10:35] <+hk725> Knock knock
[6:10:53] <+sonse_> stfu kid
[6:10:58] <homie_88_> FAZE UP
[6:11:02] <scimitar96> anyone knows of olof is coming back
[6:11:04] <+hk725> Why are you so mean
[6:11:06] <Xtremeconditonx> that joke is sso old last time i heard it i fell off my dinosaur
[6:11:09] <homie_88_> karrigan my fruit boy
[6:11:18] <+hk725> He is he’s talking a break because of personal problems sci
[6:11:24] <+sonse_> because ur so annoying, little kid whit no life
[6:11:27] <+hk725> Knock knock @homie_88_
[6:11:28] <scimitar96> karrigan has been playing well lately
[6:11:28] <homie_88_> he didnt eat enough fruit thats why they lost :(
[6:11:39] <+hk725> Lmao
[6:11:41] <Xtremeconditonx> what is life
[6:12:03] <homie_88_> WHO'S THERE
[6:12:11] <+hk725> Lettuce
[6:12:11] <+mishanebolzin> й
[6:12:20] <homie_88_> ah oke come in
[6:12:25] <+hk725> LETTUCE IN LOOOOOOL
[6:12:38] <+hk725> nooooooo y r u like this
[6:12:43] <Thecurren> burger king door lettuce
[6:12:43] <homie_88_> tbh i didnt get one of ur jokes RIP
[6:13:04] <homie_88_> i like burger king fries
[6:13:05] <+hk725> Wow u r mean
[6:13:24] <+hk725> I’m not adding you as a friend now >:(
[6:13:35] <homie_88_> why u gotta do me like that
[6:13:53] <+gingaacs> What ranks are you guys
[6:13:53] <scimitar96> guys who do you think will win the major in september
[6:14:00] <+hk725> U said I’m ugly
[6:14:02] <homie_88_> NAVI
[6:14:13] <yhwach_bach> Nip
[6:14:13] <WarshinBear> team mime
[6:14:27] <scimitar96> i cant get out master guardian hell
[6:14:31] <homie_88_> anyone wanna add me on steam and play some fun csgo
[6:14:32] <vitzzovick> NIP
[6:14:39] <+hk725> I do
[6:14:43] <scimitar96> NIP LUL
[6:14:59] <+hk725> My mommys calling me to eat bye guys
[6:15:08] <+MrRamapage> This live?
[6:15:09] <homie_88_> no one? oke q_q i cri evritim
[6:15:09] <scimitar96> get right outdated, forest outdated LUL
[6:15:24] <yhwach_bach> Get right is still insane
[6:15:49] <+jonnyjj007> Im 24/7 comptetivw ban
[6:16:00] <+jonnyjj007> Oioi nothing
[6:16:03] <homie_88_> oh noooo
[6:16:11] <+jonnyjj007> Here he is
[6:16:11] <@Moobot> Join the ESLCS steam group http://steamcommunity.com/groups/eslcs
[6:16:17] <idiotpugster12> lol jordan n0thing gilbert is a caster now?
[6:16:35] <+jonnyjj007> Yeh ge does some
[6:16:54] <scimitar96> might as well since we dont have sadokist anymore
[6:17:32] <idiotpugster12> lol
[6:17:44] <idiotpugster12> is it just me or n0thing is high af
[6:18:25] <enes_458> RECEP TAYYİP ERDOĞAN
[6:20:44] <+semvsem> Look me up on twitch. sick clutches
[6:32:38] <homie_88_> HEY GUYS
[6:36:47] <homie_88_> whats up
[6:36:56] <alpbabaexe> sa
[6:37:09] <alpbabaexe> fps 10
[6:38:34] <OhMyJoey> why they showing this
[6:38:47] <homie_88_> they need to make money
[6:43:32] <OsAntho> !g2
[6:44:02] <homie_88_> omg sixer is so bad i cant stand him
[6:46:26] <jostilikestosti> sixer is alright
[6:52:34] <+khang_4> Kappa
[6:53:29] <shpek17> воу
[6:53:38] <+khang_4> PogChamp
[6:54:59] <homie_88_> GH
[6:55:10] <AlixHak> MrDestructoid MrDestructoid
[7:00:07] <homie_88_> lets gooo
[7:03:05] <homie_88_> "locks right on to him" YE MAN HE GOT HAX
[7:07:19] <thechalks> Yeet on those haters
[7:08:12] <homie_88_> UFFFF YAAA
[7:08:25] <jayhyphen> damn
[7:10:17] <homie_88_> HAHAHAHHA
[7:10:17] <Pivel_> LUL
[7:10:23] <qazak831> wow
[7:10:23] <Lostzelda> amazing
[7:10:34] <homie_88_> xms is on fire
[7:11:01] <homie_88_> pros dont fake hahah
[7:11:16] <alexdabossbro> i recently have been playing this good copy of csgo on ios
[7:12:41] <Pivel_> they know me for my wiffs
[7:12:51] <homie_88_> ahahahahahahhah
[7:20:28] <DjSilver88> next?
[7:20:34] <homie_88_> this was legitness
[7:20:36] <Spy_Man69> maybe
[7:21:14] <bassie1rl> and now MongoLZ win
[7:21:15] <amazingsniper> lmao
[7:21:23] <Spy_Man69> not relly
[7:21:53] <DjSilver88> ty
[7:22:35] <homie_88_> GG WP
[7:22:39] <Spy_Man69> win
[7:22:54] <Spy_Man69> so clutch?
[7:23:31] <Spy_Man69> LUL
[7:24:32] <homie_88_> cringe
[7:29:25] <DjSilver88> omg this voice lol
[7:29:38] <DjSilver88> girly
[7:29:49] <homie_88_> so annoying
[7:30:06] <DjSilver88> true
[7:30:25] <homie_88_> thats why they kicked him out of cloud9 XD
[7:30:38] <DjSilver88> YouDontSay Poooound
[7:30:50] <Threvorblackx> LOLOLOLOLOL
[7:31:29] <homie_88_> LUL
[7:33:37] <DjSilver88> Mongo junge hahaha
[7:34:02] <DjSilver88> no chance
[7:34:02] <@Moobot> Start your esports career on ESL Play: http://esl.gg/eslplaycsgo
[7:35:35] <homie_88_> boltz got wall hack im tellin ya
[7:35:53] <homie_88_> the aim lock is strong in this one
[7:36:37] <DjSilver88> I just thought same things about that
[7:37:29] <homie_88_> i dont like sk anyways
[7:37:47] <homie_88_> favelas x_x
[7:38:10] <DjSilver88> he had lock but when nah
[7:38:21] <DjSilver88> mean wh
[7:40:56] <parlamertt> hi
[7:41:11] <homie_88_> hii
[7:41:11] <DjSilver88> Hai
[7:41:30] <Skeetley> good god fallen they're gonna ban you for shots like that
[7:41:48] <DjSilver88> TPFufun
[7:41:58] <homie_88_> well i hope so
[7:42:19] <Skeetley> you cant be that good, it's too suspicious
[7:43:18] <homie_88_> ye
[7:48:25] <+timotim1000> no u
[7:48:42] <%sonnyyy03> PokCroagunk
[7:48:58] <+timotim1000> BCWarrior
[7:54:05] <homie_88_> RIP SOUND
[7:54:17] <ethanbar22> wtf
[7:54:20] <MitchFRAGS> Ye
[7:54:32] <Oreosmilkshake> This is rerun morons LUL
[7:54:41] <MitchFRAGS> We know
[7:54:47] <Oreosmilkshake> stfu kiddo LUL LUL
[7:54:52] <homie_88_> so what??
[7:55:01] <MitchFRAGS> I’m not a kid big boy
[7:55:11] <+SimplyPho> trulyyFacepalm trulyyFacepalm
[7:55:25] <MitchFRAGS> SwiftRage
[7:55:34] <+SimplyPho> Why are you people fighting lol it’s a rerun just watch lol
[7:55:50] <MitchFRAGS> I know right @simplypho
[7:55:56] <homie_88_> who fights?
[7:56:05] <+nekrozandtaka> ***
[8:03:10] <Skeetley> lmao is this live?
[8:03:19] <MitchFRAGS> No
[8:03:24] <Skeetley> lol isnt rerun just a sponsor?
[8:03:33] <MitchFRAGS> I think so
[8:03:52] <Skeetley> nah sorry im just messing around, i aint that stupid, just normal stupid
[8:04:55] <homie_88_> LOL
[8:06:32] <sirglassy> hi
[8:06:36] <Skeetley> nice shot FalleN
[8:07:29] <sirglassy> can you follow scottielightyear in twitch he just started streaming and needs all the help he can get
[8:07:49] <sirglassy> can you follow scottielightyear in twitch he just started streaming and needs all the help he can get.
[8:08:01] <sirglassy> can you follow scottielightyear in twitch he just started streaming and needs all the help he can get..
[8:08:11] <Skeetley> what does he stream?
[8:08:55] <homie_88_> no
[8:09:55] <Skeetley> @sirglassy what does that dude stream?
[8:10:25] <Skeetley> ah i guess he just hopping streams to advertise
[8:11:12] <emiliaeis> I like the way he is adding more and more dots at the end
[8:11:42] <Skeetley> lol yeah, i was gonna check him out but he just a stream hopper so i guess not
[8:12:21] <emiliaeis> how sad, i was just about making him my bff
[8:12:33] <+khang_4> GODADDY
[8:12:33] <@Moobot> Join the ESLCS steam group http://steamcommunity.com/groups/eslcs
[8:13:17] <Skeetley> oh yes daddy
[8:16:38] <+Zyfal> ?
[8:17:42] <homie_88_> omg the asian needs a burger
[8:18:21] <PatoNuub> taco ;-;
[8:18:25] <homie_88_> taco english is soooooooo cringe uff
[8:21:02] <emiliaeis> Taco is so cute
[8:21:43] <PatoNuub> Kippa Kippa Kippa
[8:26:12] <pr1ceyyy> k
[8:27:08] <PatoNuub> "BLU" kkkkk
[8:28:57] <Norek22> zapraszam do rVydoo
[8:40:09] <untitledn01> its live?
[8:40:22] <Anthonymous3007> yes
[8:41:05] <spug45> it's a rerun, read the title
[8:41:31] <untitledn01> @spug45 sry, thx m8
[8:41:44] <spug45> @untitledn01 np
[8:41:56] <netwalkers> sie hail
[8:53:18] <wiktor15907213> yo
[8:56:24] <GodOfpubg> is this live
[8:56:53] <Hevinem> Rerun
[9:02:43] <Ishtiaque_Ish7> PogChamp PogChamp PogChamp PogChamp PogChamp
[9:02:58] <Ishtiaque_Ish7> PogChamp PogChamp PogChamp PogChamp PogChamp PogChamp PogChamp PogChamp PogChamp
[9:04:34] <Anthonymous3007> Squid1 Squid2 Squid3 Squid2 Squid4
[9:05:26] <Ishtiaque_Ish7> Happyyyyy
[9:05:41] <Ishtiaque_Ish7> there s another onee there is another oh myy
[9:06:22] <netwalkers> ***
[9:06:45] <netwalkers> envy come on
[9:06:46] <+yigitbaba58> alpSa alpAs alpNazdrovya
[9:06:56] <netwalkers> sas
[9:07:06] <netwalkers> ich bin marcel davis
[9:07:37] <netwalkers> könn sieh deusch
[9:07:49] <netwalkers> moin
[9:07:57] <Ishtiaque_Ish7> danke
[9:08:03] <netwalkers> bitte
[9:08:13] <+yigitbaba58> alpNazdrovya alpNazdrovya alpNazdrovya
[9:08:19] <netwalkers> wir kommen deusch
[9:08:22] <Ishtiaque_Ish7> echte liebe
[9:08:34] <netwalkers> schönes leben
[9:08:36] <Ishtiaque_Ish7> Barvarian...
[9:08:51] <Ishtiaque_Ish7> Dortmund
[9:08:55] <+slupmen> Ihr seid toll
[9:08:58] <netwalkers> welcome to germany
[9:09:11] <netwalkers> ich bin leben
[9:09:17] <Ishtiaque_Ish7> wolfsburg
[9:09:26] <netwalkers> kreuzberg
[9:09:29] <Der_Saibot> luxemburg
[9:09:39] <netwalkers> merkel
[9:09:41] <Ishtiaque_Ish7> Bayern Munchen
[9:09:52] <netwalkers> B#rlin
[9:09:58] <+yigitbaba58> xfürer
[9:10:07] <netwalkers> fürer
[9:10:12] <Ishtiaque_Ish7> REAL MADRID HALA MADRID 💜💜💜💜💜💜💜
[9:10:16] <+yigitbaba58> xführer
[9:10:19] <netwalkers> whats fürer lmao
[9:10:38] <netwalkers> is it hit_ler?
[9:10:53] <netwalkers> adolf
[9:10:58] <+yigitbaba58> alpNazdrovya
[9:11:09] <netwalkers> leben ist schön
[9:11:11] <Ishtiaque_Ish7> Butt_ler
[9:11:24] <Ishtiaque_Ish7> LUL LUL LUL Kappa
[9:11:28] <+slupmen> Yes , he is back
[9:11:32] <netwalkers> is anyone from germany ? i need to learn xd
[9:11:46] <Ishtiaque_Ish7> echte liebe
[9:11:57] <Ishtiaque_Ish7> danke
[9:12:24] <netwalkers> bitte
[9:13:01] <+yigitbaba58> alpVac alpVac alpVac alpVac alpVac
[9:13:02] <@Moobot> Start your esports career on ESL Play: http://esl.gg/eslplaycsgo
[9:13:02] <netwalkers> leben toll
[9:13:22] <netwalkers> wie heisen sie
[9:13:35] <netwalkers> echte liebe
[9:14:12] <eTLStyLe> adam burnu tıkalı gibi konuşuyor aq
[9:14:33] <netwalkers> salam alaikum
[9:14:47] <netwalkers> welcome to deusch
[9:15:07] <+slupmen> Where are you from net?
[9:15:21] <netwalkers> Australia
[9:15:35] <netwalkers> what about u
[9:15:54] <netwalkers> leben
[9:16:09] <+slupmen> Germany, i Visited Australia Last year
[9:16:25] <netwalkers> nice nice can u teach me some german
[9:16:56] <+slupmen> What do you Wanna know 😀
[9:17:11] <teemolabase> Go write +Rep on my steam profile please: ***
[9:17:15] <netwalkers> stupid words like ashloch
[9:17:30] <+slupmen> Arschloch
[9:17:42] <teemolabase> id:louissncxv
[9:17:43] <netwalkers> ok arschloch
[9:17:59] <netwalkers> what does it mean in english
[9:18:12] <+slupmen> Asshole
[9:18:21] <netwalkers> oh haha
[9:18:54] <bobominecraft007> bruh
[9:18:55] <netwalkers> was heist leben
[9:19:11] <bobominecraft007> life?
[9:19:24] <netwalkers> ok
[9:19:36] <netwalkers> so leben means life
[9:19:54] <bobominecraft007> :D JA
[9:20:01] <netwalkers> jaaaaaaa
[9:20:15] <netwalkers> bitteser
[9:21:53] <netwalkers> hallo mein name David
[9:22:39] <scooter1294> Guys check CLeGFX on twitch, hes made new skins to cs:go
[9:23:00] <netwalkers> stfu
[9:23:21] <netwalkers> FaZeUp
[9:23:53] <netwalkers> 1 tap
[9:24:13] <netwalkers> sexy leben hast du
[9:25:50] <netwalkers> im going off have a nice day gzys
[9:27:44] <Pivel_> dont tell me what to do
[9:32:00] <youknowitworks> You cant swy
[9:34:50] <FaceAttacked> Live?
[9:34:52] <WildesMauVi> !followage
[9:35:04] <+rintorikii> monkaS
[9:40:09] <WildesMauVi> !howlong
[9:40:50] <FaceAttacked> livè???
[9:41:30] <JeeyDee88> no rerun
[9:41:54] <FaceAttacked> everyone says rerun is the sponsor though
[9:42:20] <JeeyDee88> RERUN: OpTic vs. Gambit [Train] - Group B Round 1 - IEM Oakland 2017
[9:42:20] <@Moobot> Join the ESLCS steam group http://steamcommunity.com/groups/eslcs
[9:49:10] <fr4me01> that chicks voice is so annoying
[9:49:53] <Afevee> sa
[10:08:03] <+PEPOinside> mixwell!
[10:09:41] <+BS_Poppin> barLUL
[10:09:57] <+BS_Poppin> 454 viewers 0 people in chat lol
[10:10:06] <cafly> hi
[10:10:11] <+PEPOinside> +1
[10:10:15] <Pivel_> it really do be like dat
[10:11:08] <medo2446> hey
[10:12:22] <swebster> what tune was that in the halftime break?
[10:18:18] <chainzon> fax
[10:19:18] <cafly> suck
[10:19:25] <Impetueux> POGGERS
[10:21:31] <LeweyyLS> this was on last night reee
[10:26:33] <N4deDead> We almost can't hear the other comentator ESL :/
[10:34:06] <brennan149888> Ahh sahhh my dudes
[10:37:40] <KingMG2000> watch this nice gameplay on youtube:"Ninja Ace Godlike CS:GO Inferno"
[10:40:51] <+blackhunter308> im actually suprised that people still play csgo
[10:41:29] <+b1gtoe> you play fortnite shut up
[10:41:38] <darobi97> why not:D Its still fun, if u dont play with salty russians xD
[10:41:39] <oa1do> Lol
[10:41:50] <KingMG2000> watch this video then you know why :"Ninja Ace Godlike CS:GO Inferno" youtube
[10:42:02] <+blackhunter308> ok
[10:43:30] <rarerubber> g2 esp0rts winner
[10:43:33] <+blackhunter308> king
[10:43:42] <rarerubber> karigan n00b
[10:43:44] <+blackhunter308> nice camera xd
[10:45:08] <rarerubber> 0l0fmiester g00d ...nice gaming
[10:46:25] <brennan149888> was up my duds
[10:50:29] <+thedivinesausage> The things go skkrrraaa
[10:52:01] <iamajeep> KENNYS
[10:56:01] <AstralLight911> NOT JOKING >>> There are people trapped at the secret Illuminati cloning centers. They’re located in Deep Underground Military Bases (like Area 51, Dulce Base and Montauk Base). Some are above ground though.
[10:56:40] <AstralLight911> More info on my Twitch channel.
[10:58:25] <jogvan12> are this live?
[10:59:01] <Grierty> no rerun
[11:03:33] <jogvan12> okee
[11:06:06] <assmelt> ëz fœr Xìzt
[11:06:11] <+SirUslybruh> who won?
[11:06:28] <+SirUslybruh> somebody know the end?
[11:06:32] <jogvan12> faze
[11:06:51] <jogvan12> won
[11:07:01] <+SirUslybruh> so why did you ask if it was a rerun if you know this match
[11:07:19] <+SirUslybruh> but okay thx
[11:09:28] <smilexd77> BrokeBack BrokeBack
[11:09:57] <widoxxx> كعسفضؤا هس بخق قثضم كضىس
[11:10:17] <widoxxx> mustach is for real mans
[11:11:58] <Jejyre> Mau5
[11:16:02] <iamajeep> faze won how??
[11:16:16] <+SirUslybruh> yep don't know how
[11:16:52] <iamajeep> hope fully he was lying
[11:17:24] <Flakxer> are coaches better than the players
[11:18:12] <+Antonnix> no?
[11:18:13] <+keikekkekikker> someanDuck someanDuck someanDuck
[11:18:14] <@Moobot> Start your esports career on ESL Play: http://esl.gg/eslplaycsgo
[11:19:35] <jogvan12> hahahah pranled!!
[11:19:42] <+SirUslybruh> @iamajeep French?
[11:20:36] <iamajeep> no
[11:21:15] <+SirUslybruh> support g2 @iamajeep
[11:21:48] <iamajeep> yup
[11:22:16] <+RobbyShotta> coaches probably wont have the same aiming skills but they'll have incredible game sense with what plays to make and when/what to buy
[11:22:18] <iamajeep> in every esport
[11:23:54] <frizecsgo> overtime ez
[11:24:00] <+SirUslybruh> too bad they are gonna lose :/
[11:26:06] <+SirUslybruh> gotagaFM
[11:29:07] <+eeezee46> hi people im new to twitch, i started to stream a few days ago. i'd love to see you in my stream, so let a follow there, i would appreciate that <3
[11:29:32] <+Ducknado1337> boi'
[11:30:02] <theroadtodrwaldo> @eeezee46 pro tip, self promoting in other channels is almost universally frowned upon
[11:33:44] <cw14gamer> who won
[11:33:57] <theroadtodrwaldo> Lol, comes, self promotes, leaves. Definitely not checking out his stream now cmonBruh
[11:34:08] <theroadtodrwaldo> Faze
[11:34:15] <+Ducknado1337> cmonBruh
[11:35:25] <Mokimboo> FaZe best organisation
[11:36:10] <+Ducknado1337> these ads jesus
[11:36:17] <Mokimboo> IKR
[11:36:25] <+Ducknado1337> so loud wutFace just show us CSGO
[11:36:50] <Mokimboo> Such good ads nothing I've seen ever before
[11:37:01] <Mokimboo> TriHard
[11:37:31] <+Ducknado1337> after seeing these ads tho ive made a choice
[11:38:04] <Mokimboo> What's the choice
[11:38:30] <+Ducknado1337> im going to start my esports career now
[11:38:39] <Mokimboo> LOOOOL
[11:39:11] <+Ducknado1337> im in silver but thats OK
[11:39:18] <alpenpendon2> rene vs rouge score?
[11:40:01] <jogvan12> who win?
[11:40:28] <jogvan12> faze or g2?
[11:40:47] <+Ducknado1337> this isnt awkward
[11:40:56] <Mokimboo> NA CASTERS
[11:41:16] <Mokimboo> !followage
[11:45:28] <Mokimboo> HE CIRCLED IT
[11:50:17] <Sinistersock0> huh
[11:56:51] <se4n> They play the same reruns
[11:57:09] <se4n> I just realized I saw this yesterday
[11:57:58] <lautigallardo07> ***
[12:11:43] <cereja55> l
[12:11:58] <cereja55> where taco?
[12:12:52] <imbackafterbeingbanned> they havent started using him yet
[12:13:35] <CL_flushentitypacket> and i thought this game was bad
[12:13:55] <CL_flushentitypacket> holy F8k my as
[12:14:48] <CL_flushentitypacket> whos got the batnet to das the serv if regengade starts winning
[12:14:59] <CL_flushentitypacket> lol
[12:15:24] <larslasse> Is IT steel as josh Nissan?
[12:15:36] <imbackafterbeingbanned> yes
[12:17:02] <CL_flushentitypacket> @imbackafterbeingbanned asdf
[12:17:56] <imbackafterbeingbanned> what
[12:18:03] <Carabin40> +
[12:20:32] <kauemsoares> renegados win?
[12:21:18] <kauemsoares> or not?
[12:25:29] <+ghost_tom_joad> doctorSTARE
[12:27:29] <+theTURKISHd00d> I presume this is live
[12:27:40] <+theTURKISHd00d> joke much love from France guys
[12:27:44] <LeagueLupe> yes
[12:27:56] <LeagueLupe> Its live dude
[12:28:05] <hokagepat> good joke?
[12:28:19] <hokagepat> take me to France
[12:28:32] <leyjincheng> Hi
[12:29:47] <LeagueLupe> JW good vac ban, check hltv
[12:31:37] <+theTURKISHd00d> guys you all welcome to France I swear I have plenty of places you can sleep
[12:31:48] <+theTURKISHd00d> mp for more infos
[12:32:32] <leyjincheng> Wtf
[12:38:35] <+JiggyFlyTV> FailFish
[12:39:58] <matt3h1> imGlitch
[12:42:44] <BarataTheChief> cunhasse no cunector
[12:42:54] <BarataTheChief> CUnassa, no CUnector
[12:44:57] <+GeorgeR0505> ?????????????
[12:44:59] <GuuhzxD> Whew.
[12:45:14] <GuuhzxD> Niiiiiiiice one ESL.
[12:45:18] <timtam718> :( :(
[12:45:20] <+JiggyFlyTV> LOL
[12:45:22] <Varun1091> what the fck
[12:45:27] <+sponge_soap> I know
[12:45:28] <考龍蝦> What?
[12:45:29] <flashstep_tv> Foiled
[12:45:29] <YungNguyen> Wtf so Professional nubs
