[0:00:27] <Polonium2> reruns are starting?
[0:00:31] <paulkrolll> Players from Tainted Minds bullied me when I went to school with them
[0:00:55] <+4vac> @paulkrolll sure Kappa
[0:01:11] <Polonium2> yeah and i grew up with barack obama @paulkrolll
[0:01:30] <paulkrolll> 3 of the members used to steal my lunch from my bag and one even stole my gameboy cartirdge
[0:01:39] <Theemo> Hellur
[0:02:14] <Polonium2> name the 3 players within 15 seconds
[0:02:38] <Polonium2> if not; we'll assume that you're googling their names
[0:02:40] <Theemo> and Failed
[0:03:12] <Theemo> oh rerun elaaDerp
[0:03:44] <Theemo> okay here it gets unbelievable
[0:03:44] <+4vac> NiP playing in Tier 1 tournaments again PogChamp Kappa
[0:03:54] <Theemo> if it happened, I am very sorry
[0:03:55] <@Moobot> Join the ESLCS steam group http://steamcommunity.com/groups/eslcs
[0:03:55] <Polonium2> @Theemooooo ikr
[0:04:08] <Theemo> but I don't really believe it elaaDerp
[0:04:38] <Polonium2> @Theemooooo no it didn't the names of the players he took aren't even in tainted minds
[0:04:40] <Theemo> uhu okay
[0:04:53] <Theemo> Oh LOL
[0:05:04] <Naugthy_Pinguinito> lul
[0:05:15] <Theemo> You can't even type "the russian thing" without getting banned for 10 minutes
[0:05:23] <Polonium2> DUDE LOOK UP PLAYR NAMES ON GOOGLE THERE'S NO JUSTIN ANDREW THERE
[0:05:32] <Theemo> ^
[0:05:42] <Theemo> ***** Yourself @paulkrolll
[0:06:01] <Polonium2> YEAH NO PLAYERS WITH THAT NAME ARE THERE
[0:06:15] <+66ak> plot twist
[0:06:43] <Theemo> I can't believe it either, people lying .
[0:06:54] <Theemo> People such as you @paulkrolll
[0:07:01] <Polonium2> LUL Hold up just a sec. you attention seeking idiot. i just called you out for taking phantom names
[0:07:10] <Theemo> make it worse (:
[0:07:24] <Theemo> what did he say? elaaDerp
[0:07:24] <@Cent> Come back tomorrow. Try to be more funny with your jokes then.
[0:07:27] <@Cent> 👋 paulkrolll
[0:07:38] <Theemo> PogChamp
[0:07:43] <Polonium2> @Cent Who's side are you on?
[0:07:52] <Theemo> Thank you @Cent elaaHug
[0:07:52] <@Cent> uh
[0:07:55] <@Cent> wut
[0:07:59] <Polonium2> @Cent you don't believe that idiot do you?
[0:08:04] <Theemo> Doesn't matter,
[0:08:11] <@Cent> I just timed him out for 12h.
[0:08:20] <Polonium2> BUT HE GOT TIMED OUT ANYWAY
[0:08:22] <@Cent> What would make you think I believe him CoolStoryBob
[0:08:38] <Polonium2> idk man lots of weird stuff in the world
[0:08:39] <Theemo> NotLikeThis
[0:09:01] <+duckymark> !title ☺
[0:09:01] <@Moobot> @duckymark Title is: RERUN: NiP vs. Astralis [Overpass] - Group A Round 1 - IEM Oakland 2017
[0:09:02] <DrPuschel> forsenPrime
[0:09:08] <Theemo> If he was on his side, he would time us out elaaDerp @Polonium2
[0:09:18] <Polonium2> yeah well hehe
[0:09:26] <Theemo> xD
[0:10:03] <Willzgamer> xd
[0:10:29] <Theemo> LOL
[0:10:41] <Polonium2> @Willzgamer without the capital 'D' that emote looks more like you're trying to lick yourself
[0:10:43] <Theemo> Did you time him out for 12h? Cause it was just a joke heh
[0:10:48] <@Cent> 30s
[0:10:56] <Theemo> Oh okay :) Thanks @Cent
[0:11:25] <cqe_cleiton> é ao vivo?
[0:11:25] <@Moobot> Start your esports career on ESL Play: http://esl.gg/eslplaycsgo
[0:11:38] <Polonium2> you mean to tell me that the @paulkrolll guy is still here?
[0:11:47] <@Cent> Probably.
[0:11:57] <sosyalsinek> selam mina koduklarim
[0:12:16] <Polonium2> @Cent how did you become a mod tho?
[0:12:43] <@Cent> Contracted.
[0:12:57] <Polonium2> ah i see nice
[0:14:58] <ArjenVenema> Notshot Kreygasm
[0:15:05] <ivanhanicar123> is this a replay?
[0:15:11] <Polonium2> it is
[0:16:04] <victorod123> when it will start
[0:16:20] <Theandric> it look like replay
[0:17:02] <FallenOG> !caster
[0:17:03] <@Moobot> @fallenog Your Broadcast team consists of @HeroldCSGO‏, @esioLoL, @Jackycsgo, & @Jakey_120
[0:19:10] <$p0llytv> its a rerun you idiots
[0:20:26] <ilskarius> waiit....you trying to tell me that it's not 2017 DansGame
[0:20:52] <$p0llytv> wtf why they rerunning a 2017 game?
[0:21:03] <$p0llytv> why are they*
[0:21:06] <28bee> because nothings on at the moment..?
[0:21:17] <$p0llytv> so then dont stream at all? lol
[0:21:33] <$p0llytv> csgo is so fucking dead, major every 2 weeks
[0:21:53] <28bee> then why are you here
[0:22:21] <vendettamaker> 28bee wins !
[0:22:52] <$p0llytv> i was checking if it was gonna be another crap german tournament or a rerun
[0:23:35] <eojoem> hi
[0:24:32] <Matu055> WOMEN coach???
[0:27:29] <v3n3n0_7> that spay
[0:27:51] <CrysrtalFire> :D
[0:28:00] <+AwwManAwwjeez> yeah nice spay
[0:28:03] <herrvonkraut> you cego porran
[0:28:43] <Spicedkiwi12> whos everyone going for
[0:29:14] <ziifamasllz> WHO is zonic playing with Them?! Ahah
[0:29:21] <+dont_read_my_username1> ninjaBlast1 ninjaBlast2 ninjaBlast3 ninjaBlast3 ninjaBlast3 ninjaBlast3 ninjaBlast3 ninjaBlast3 ninjaBlast3 ninjaSplode
[0:34:23] <whoiskevin03> hello
[0:39:47] <Mrbear450> R.i.p
[0:40:16] <+Willebaam> Cyka
[0:41:30] <+Willebaam> 1
[0:41:35] <tacocat39> 1
[0:42:24] <+TSaulZ> LUL
[0:42:50] <1nums> gtr LUL
[0:43:19] <tokatleeee> where is device
[0:43:22] <Drattak97> it's live ?
[0:43:32] <1nums> 2017
[0:43:36] <Agent769> *RERUN*
[0:43:39] <Drattak97> oh
[0:44:01] <Drattak97> just noticed thanks
[0:46:15] <Champtz> :(
[0:49:35] <hizziog> anyone alive? lirikCHAMP
[0:50:16] <dejunction> maybe
[0:51:54] <Gtgt1234> :'(
[0:54:46] <dejunction> what a play
[0:54:48] <Stefan_Gaming9> lul
[0:54:48] <@Moobot> Join the ESLCS steam group http://steamcommunity.com/groups/eslcs
[0:54:59] <shuttlebaby> underrated player
[0:54:59] <Stefan_Gaming9> NIP > Astralis
[0:55:10] <Stefan_Gaming9> @shuttlebaby +1
[0:55:12] <Zb0b> Live?
[0:55:20] <Stefan_Gaming9> @Zb0b no
[0:55:40] <fbbruel> Ohio
[0:56:15] <MatthewGamble> KappaPride
[0:56:40] <BeaTz_86> KappaPride
[0:58:23] <Drattak97> astrapoop
[0:58:25] <1nums> gtr PogChamp
[0:58:35] <+AwwManAwwjeez> zonic heart attack?
[0:58:36] <Grimm_Chief_TPK> raejHi
[0:59:39] <clowny4> noob astralis
[0:59:58] <1nums> noop gtr
[1:00:31] <Hi7chy> yeah its live
[1:00:50] <Drattak97> 2017 live
[1:01:00] <Drattak97> lul
[1:01:18] <EriaAWPgod> demmm
[1:01:57] <EriaAWPgod> fnatic iz ded
[1:02:15] <1nums> NiP will be win that iem Kappa
[1:02:28] <Hi7chy> anyone else having a stroke?
[1:03:05] <alle13377> no i hope not
[1:03:12] <Hi7chy> whaaat
[1:03:26] <alle13377> yea why
[1:03:34] <Hi7chy> why not
[1:03:50] <Hi7chy> give it a little toucj
[1:04:01] <alle13377> ho
[1:04:14] <alle13377> tjough u meant the sicknes storke
[1:04:19] <Hi7chy> stroke it up and down
[1:04:34] <Hi7chy> nah it wouldng let me say the other words haha
[1:05:05] <Drattak97> face intensifies
[1:05:16] <Drattak97> lmao
[1:05:39] <EriaAWPgod> i hope envy wins
[1:05:53] <Drattak97> dude it was 2017
[1:05:53] <LetsLukeYT> nip is my Favorite team
[1:06:02] <Leje7a1> c9
[1:06:14] <Hi7chy> yas c9
[1:06:15] <EriaAWPgod> c9 a little
[1:06:20] <1nums> NiP will be win the IEM remember my words Kappa
[1:06:22] <Leje7a1> LUL
[1:06:26] <EriaAWPgod> because shroud
[1:06:30] <Hi7chy> ever since shroud left
[1:06:44] <Hi7chy> good streamer tho
[1:06:46] <Leje7a1> shroud was my favorite
[1:06:48] <EriaAWPgod> i miss shroud
[1:07:02] <Leje7a1> now hes good streamer
[1:07:10] <Tardedaresomodsre> pubg > cs LuL
[1:07:14] <Hi7chy> hahaha
[1:07:14] <Drattak97> yup
[1:07:31] <Hi7chy> fortnite then pubg then cs
[1:07:31] <Leje7a1> pubg is all PogChamp
[1:07:32] <EriaAWPgod> very sad:<
[1:07:32] <@Moobot> Start your esports career on ESL Play: http://esl.gg/eslplaycsgo
[1:07:43] <Drattak97> ecks dee
[1:08:22] <EriaAWPgod> i love titan x
[1:09:33] <Hi7chy> wonder how much there emotions coach gets paid
[1:10:23] <+MattIce5> Wow
[1:12:07] <EriaAWPgod> is this really live?
[1:12:13] <R0ut66> no
[1:12:17] <Theandric> no
[1:12:22] <BeaTz_86> -
[1:12:29] <miguelog3295> who is zonic??
[1:12:39] <EriaAWPgod> aww
[1:13:05] <R0ut66> it's from 2017
[1:13:20] <EriaAWPgod> when is the next tournament?
[1:13:27] <Theandric> I reported this channel for scam.
[1:13:27] <R0ut66> idk
[1:13:41] <Theandric> Since its not live but replay.
[1:13:47] <R0ut66> I think here in Brazil
[1:14:04] <R0ut66> less than 1month
[1:14:08] <boruzking01> PowerUpL PogChamp
[1:14:15] <miguelog3295> @EriaAWPgod the DreamHack Marsella, next wednesday
[1:14:22] <R0ut66> BrokeBack BrokeBack
[1:14:34] <miguelog3295> and then the IEM Sidney
[1:15:03] <EriaAWPgod> niceeee
[1:15:32] <EriaAWPgod> any tips for newbies?
[1:15:45] <R0ut66> don't buy negev
[1:15:54] <X4rly> buy p90 and rush b
[1:16:00] <BeaTz_86> only buy negev
[1:16:03] <EriaAWPgod> XD
[1:16:05] <R0ut66> don't buy helmet as ct
[1:16:10] <zerozonezz> i love how NiP boys dont have gun skins on (:
[1:16:18] <EriaAWPgod> its 1700 rn right?
[1:16:26] <1nums> LUL
[1:16:33] <R0ut66> 11am for me
[1:17:06] <RaireCS> Bots watching LUL
[1:18:08] <+johnpyp> @EriaAWPgod git gud at m4a4 and ak
[1:18:10] <weaponsdrawn> yep
[1:18:29] <zerozonezz> whats the best rifle????
[1:18:30] <EriaAWPgod> ahh okayy
[1:18:47] <EriaAWPgod> btw any good csgo channels here?
[1:19:01] <casettapefromthe80s> @EriaAWPgod Run low sensitivity.
[1:19:10] <zerozonezz> @eriaawpgod Watch SuperStitum :)
[1:19:19] <casettapefromthe80s> No
[1:20:08] <casettapefromthe80s> @johnpyp Well, that is if hes going meta.
[1:20:15] <1nums> superstitum free promotion LUL
[1:20:42] <casettapefromthe80s> Lmao.
[1:20:46] <+johnpyp> @casettapefromthe80s he is asking for advice. I'm assuming he wants to get better
[1:21:07] <+johnpyp> which pretty much means playing meta
[1:22:20] <sypre23> guys how can find the schedule of the matches that we are gonna watch momentarily
[1:22:40] <EriaAWPgod> p90 + pros = mayhem
[1:28:47] <En_Em_> D:
[1:28:48] <@Moobot> Join the ESLCS steam group http://steamcommunity.com/groups/eslcs
[1:29:18] <Watti69> monkaS
[1:33:49] <+Swaggermcjaggerrrr> TSM TSM TSM
[1:34:44] <+Swaggermcjaggerrrr> lag
[1:36:24] <BrunoBBB1234> hi
[1:38:29] <+Swaggermcjaggerrrr> noice shot m8
[1:39:02] <+meechythree> @Swaggermcjaggerrrr is a mong
[1:39:12] <xdloloxxxdddxd> LUL MAJOR FINAL LUL 1K VIEWERS LUL DEAD GAME LUL
[1:39:29] <Pivel_> @xdloloxxxdddxd youre so funny LUL
[1:39:33] <+Swaggermcjaggerrrr> alive with hackers and smurf tho ill give you that
[1:40:36] <+Swaggermcjaggerrrr> double awp on cobble op
[1:40:55] <Turkish_power1> where is kennys when you need him :D
[1:41:14] <+Davido03> @Turkish_power1 Snorting coke probably. LUL
[1:41:24] <Turkish_power1> @davido03 :D
[1:41:49] <+Swaggermcjaggerrrr> where them 1 deags at
[1:41:54] <Turkish_power1> happy anothet one
[1:42:12] <Turkish_power1> another*
[1:44:33] <sypre23> @Turkish_power1 I am from turkey either have a nice time bro
[1:50:29] <kiubier> NINJA RAID forsenPrime NINJA RAID forsenPrime NINJA RAID forsenPrime NINJA RAID forsenPrime
[1:50:46] <0Ethan> Ninja wasn't even streaming
[1:50:47] <buyka71> Sad life eva
[1:51:21] <+pluembty> where stewie
[1:51:38] <+CaBlazze> 2017
[1:52:39] <BrunoBBB1234> TheIlluminati KappaPride
[1:52:54] <BrunoBBB1234> SMOrc BloodTrail BibleThump AsianGlow DBstyle PMSTwin BloodTrail PMSTwin SMOrc DBstyle SMOrc ArsonNoSexy SSSsss
[1:53:56] <+CaBlazze> 1 tap
[1:58:24] <Rivenherebtw> whats the game called again that everyone is playing right now?
[1:59:03] <lraf> csgo
[1:59:17] <lraf> LUL
[1:59:25] <+CaBlazze> fortnite?
[1:59:37] <+CaBlazze> building simulator 2k18
[1:59:41] <Rivenherebtw> @CaBlazze TY! forgot the name
[2:00:03] <lraf> csgo cheat simulator 2k18
[2:00:19] <zNesqui> dust 2 simulator
[2:00:44] <lraf> no one plays d2 after the maj
[2:00:57] <lraf> update*
[2:01:36] <Pivel_> proof?
[2:07:35] <centr1337> where windigo vs sprout?
[2:09:33] <aguilaaa1up> why stewie dont play=`=?
[2:09:45] <GreedoSenpai> lol
[2:09:50] <iuri007> is RERUN
[2:10:01] <iuri007> lmao
[2:10:11] <aguilaaa1up> what?
[2:10:23] <taylanirak> what is this crosshair config
[2:10:24] <GreedoSenpai> they kicked him off the team
[2:11:04] <aguilaaa1up> why``?
[2:11:09] <taylanirak> who has been kicked
[2:11:40] <DemonkushiK> мы крч стримим ***
[2:11:42] <ultrakodak> PRIMEIRO MAPA ?
[2:14:03] <rafaelvicente3327> ultrak esta partida foi em 2017 sabes??
[2:14:11] <taylanirak> what is this crosshair config
[2:14:36] <chadaugi1> STOP PUTTING THE FUCKIN MAP UP
[2:14:36] <@Moobot> Start your esports career on ESL Play: http://esl.gg/eslplaycsgo
[2:20:19] <taylanirak> what is this crosshair
[2:21:13] <ucangacan> !crosshair
[2:21:20] <furkanthebaba> !crosshair
[2:21:32] <ucangacan> !am
[2:21:39] <Ilkomiko> neden hep türkler burada
[2:21:41] <furkanthebaba> !yarraq
[2:21:46] <ucangacan> !kebab
[2:22:00] <furkanthebaba> !adana
[2:22:25] <ucangacan> !biliyat bb
[2:26:36] <quui16> suka
[2:28:16] <zefernades> vao toma no cu
[2:29:31] <Crackdbalagamer> vou!
[2:29:52] <serkanekinnn> canlı mı la bu ?
[2:30:57] <Pfare> Hello any girls here?
[2:31:10] <herochib> pinada master
[2:31:29] <Pfare> @herochib ?????????
[2:31:56] <cqe_cleiton> é ao vivo?
[2:32:02] <AlyssonPlayer1> pokebola
[2:32:48] <AlyssonPlayer1> @cqe_cleiton não,é antigo,se fosse ao vivo teria o stew no lugar do Taco
[2:32:58] <Atb7127> English please? OMEGALUL
[2:33:31] <Karatekeks27> :thumbsup:
[2:33:35] <casettapefromthe80s> SK is like the most meta team in existence.
[2:34:25] <casettapefromthe80s> But CSGO teams are in general tbf
[2:34:46] <herochib> fer pinada master
[2:36:02] <casettapefromthe80s> @johnpyp metas prob a safe bet for noobs tbf.
[2:36:02] <hurmatop111> нифига тут
[2:36:19] <+summars> is this live
[2:36:37] <+Micromith> !title
[2:36:37] <@Moobot> @Micromith Title is: RERUN: EnVyUs vs. SK [Cbble] - Group A Round 1 - IEM Oakland 2017
[2:36:49] <+summars> hello, is this live
[2:37:11] <+Micromith> read the title
[2:37:21] <+summars> envyus vs sk
[2:37:30] <demongunay> Kappa
[2:37:31] <+summars> is this live
[2:37:40] <xhollywoodhank> nope
[2:37:42] <+Micromith> god only helps those who help themselves
[2:38:03] <+summars> is this live guys, thanks
[2:38:05] <pedrogarcia1> godzera
[2:38:10] <+firefrost66> Nope it’s a rerun
[2:38:25] <+summars> can someone answer me please
[2:38:41] <+summars> is live this?
[2:38:46] <Burns1> chat's a bit dead for a live event
[2:38:47] <CuCumb3rCh3333s3> lel
[2:39:07] <+summars> VAC
[2:39:11] <pedrogarcia1> @summars RERUN: EnVyUs vs. SK [Cbble] - Group A Round 1 - IEM Oakland 2017
[2:39:23] <pedrogarcia1> @summars R E R U N
[2:39:26] <+summars> oh so this is live? thanks guys
[2:39:38] <CuCumb3rCh3333s3> lel
[2:39:38] <+FlorianPley> RERUN: EnVyUs vs. SK [Cbble]
[2:39:44] <+Irisviel_> the title literally says rerun lol
[2:39:50] <pedrogarcia1> @summars yeah bro, this is live, like your mother tomorrow
[2:39:51] <+Micromith> chat experience ruined
[2:39:52] <@Moobot> Join the ESLCS steam group http://steamcommunity.com/groups/eslcs
[2:39:57] <+summars> yes rerun means its live, thanks guys
[2:39:59] <Joxaah> Rerun = Live in Latin
[2:40:06] <+tacojoeplays> The trolls of rerun streams
[2:40:18] <CuCumb3rCh3333s3> your brain isnt live for sure
[2:40:20] <+FlorianPley> IEM Oakland 2017
[2:40:28] <mememe> x)
[2:40:37] <+summars> whats year is it
[2:40:50] <+tacojoeplays> 2016
[2:40:53] <+summars> ohh this is love? thanks guys
[2:41:03] <+summars> live
[2:41:10] <+Micromith> Just finished eating peanut butter on a corn tortilla with swiss cheese because Im poor rate my lunch
[2:41:12] <joazii> KappaPride
[2:41:28] <mememe> poor tako
[2:41:37] <+Micromith> FeelsBadMan
[2:41:40] <+summars> forsenE anyone?
[2:41:56] <Sunrisegd> me
[2:42:08] <+summars> forsenE check
[2:42:43] <1Flammeus1> forsen1 forsen2
[2:43:56] <hurmatop111> 89 rounds, check xDDD
[2:45:01] <fuzzydoom32> PogChamp
[2:45:02] <mememe> sixer = automatic right ?
[2:45:20] <Joxaah> Bot Sixer
[2:45:30] <KirdezGP> scream no kit ?
[2:45:35] <mememe> scream sucks so much
[2:45:36] <fuzzydoom32> 322
[2:45:38] <+clankkent> potato aim
[2:45:41] <MNSA> SCREAM AIMBOT BROKE
[2:45:53] <fuzzydoom32> AIM LUL
[2:45:55] <+Micromith> tilted aim FeelsBadMan
[2:45:55] <+clankkent> ninjaAim ninjaAim ninjaAim ninjaAim ninjaAim ninjaAim
[2:45:57] <bandistwitch> what ??? Scream>>
[2:46:21] <KirdezGP> oh god scream
[2:46:35] <mememe> he is not the guy he was before
[2:46:39] <hurmatop111> 18-18? xDDDDD
[2:46:50] <hurmatop111> wtf really
[2:47:00] <KirdezGP> its OT bro
[2:47:16] <linshangxiao0> hhhhh
[2:47:52] <KirdezGP> its now OT 2
[2:49:22] <+Hoppk1ns> who won?
[2:49:28] <pixelshaker> Yo
[2:49:29] <Joxaah> FNC
[2:49:43] <KirdezGP> why is scream not buying kit ? what ?
[2:50:50] <KirdezGP> oh now he bought kit
[2:51:10] <pedrogarcia1> WALLEN
[2:52:08] <+Hoppk1ns> who won???
[2:52:18] <pedrogarcia1> Faze
[2:52:25] <+Hoppk1ns> shut up
[2:52:32] <Haste_wizard> DarkMode PowerUpL PowerUpR
[2:52:43] <DEPT114> ye boy
[2:52:56] <DEPT114> Нави все равно круче всех
[2:53:06] <DEPT114> Хоть и сосут
[2:53:06] <@Moobot> Start your esports career on ESL Play: http://esl.gg/eslplaycsgo
[2:53:25] <pedrogarcia1> PowerUpL DarkMode PowerUpR
[2:53:32] <berkcan5959> !prime
[2:55:13] <BradDigitallPitt> yay
[2:55:33] <BradDigitallPitt> whut
[2:56:26] <AlphaExplorer> ae munna bhai mbbs
[2:57:51] <SiegeAyy> NotLikeThis
[2:57:52] <Sucade> WutFace
[2:57:57] <twiggz> MrDestructoid
[2:58:01] <SiegeAyy> WutFace
[2:58:03] <theinterman> wtf with mic
[2:58:24] <bahadurelhakim> 2 speaker?
[2:58:40] <herochib> yeah
[2:58:50] <bahadurelhakim> That shit was dope
[2:58:54] <Health_Kit> Herro
[2:59:00] <extorine> what's after?
[2:59:06] <bahadurelhakim> İdk
[2:59:30] <herochib> i dont remember
[2:59:38] <mikemagic92> same
[2:59:42] <Health_Kit> ^^
[3:00:49] <Slavon676> Who win?
[3:02:30] <bandistwitch> @Slavon676 SK
[3:03:24] <virtual_rust10> stewie2k
[3:04:49] <bracedown> !next
[3:05:39] <pavelus657> omg stewie is back in cloud9 lol
[3:11:44] <homie_88_> WHATS UP GUYS
[3:12:02] <0rhythm> ;) :p
[3:12:38] <joefromacounty> you would think that more people would talk when their are 780 viewers...
[3:13:20] <homie_88_> yeee i knowwww but im always talking :D
[3:13:32] <joefromacounty> i think SK might win this
[3:13:46] <homie_88_> i hope noooot
[3:13:55] <joefromacounty> NaV <3
[3:14:04] <bracedown> game start at ?
[3:14:12] <homie_88_> GO NAVI
[3:14:18] <joefromacounty> shouldn't be to long
[3:14:35] <joefromacounty> s1mple is a maniac
[3:14:47] <homie_88_> yea he the realest
[3:15:26] <joefromacounty> anyone heading to dreamcast? its being held in montreal in the stadium so im definitely going
[3:15:40] <homie_88_> i wanted but im broke AF
[3:16:06] <joefromacounty> my cousin is gonna be playing competetive hearthstone there so he can hook me up
[3:16:18] <homie_88_> oh man u lucky!
[3:16:29] <bracedown> bit far away from germany
[3:16:31] <joefromacounty> "Eating Meatballs with his body" ......
[3:17:09] <homie_88_> im from germany too ^_^
[3:17:16] <joefromacounty> i r canadian
[3:17:29] <homie_88_> hellooo mr canadian :D
[3:17:37] <joefromacounty> well actually im russian but im in camada
[3:17:51] <joefromacounty> canada
[3:17:54] <homie_88_> u born in russia?
[3:18:28] <joefromacounty> yup, born in moscow and moved to canada with my girlfriend because we both got job offers
[3:18:48] <homie_88_> thats nice bro
[3:19:12] <homie_88_> how long have u been in canada so far?
[3:19:12] <@Moobot> Join the ESLCS steam group http://steamcommunity.com/groups/eslcs
[3:19:28] <JOAOLUIS1234> lets go sk
[3:19:30] <joefromacounty> i have been here for..... 2 years i think
[3:19:47] <joefromacounty> @joaoluis1234 YES
[3:19:58] <JOAOLUIS1234> lets go men
[3:20:11] <JOAOLUIS1234> sou pt / br
[3:20:39] <IRockhard> so tacos no longer on sk?
[3:20:57] <joefromacounty> he is... look at the board
[3:21:20] <homie_88_> i think he left
[3:21:27] <IRockhard> yeah but i read something about him leaving
[3:21:37] <homie_88_> ye i read too
[3:21:48] <joefromacounty> i think Kenny has moved the most
[3:24:10] <homie_88_> RUSH B SUKA HAHAHA
[3:24:37] <xtomatenTV> NIP
[3:24:46] <BlackHeartBtchs> NIP
[3:24:52] <homie_88_> NIP
[3:24:53] <Skeetley> yeet yeet NiP
[3:24:58] <Hostaej> nip
[3:25:09] <BlackHeartBtchs> let get it NIP
[3:25:41] <joefromacounty> Fallen vs drak with awps?
[3:25:53] <joefromacounty> FalleN
[3:26:10] <homie_88_> VAC
[3:26:24] <joefromacounty> OVERWATCH THIS GUY! VALVE HELLO!?!?
[3:26:46] <homie_88_> report
[3:27:27] <Skeetley> FalleN is a great awper, maybe the best but idk
[3:27:40] <joefromacounty> nah id say Kenny is
[3:27:41] <homie_88_> nah he aint the best
[3:28:18] <joefromacounty> Kenny, FalleN, gaurdian, and s1mple are my top awpers
[3:28:31] <BlackHeartBtchs> S1mple bro
[3:28:34] <joefromacounty> and bodyy
[3:29:09] <homie_88_> everyone is definetly better than SIXER
[3:29:18] <BlackHeartBtchs> lol
[3:29:21] <joefromacounty> SIXER is an awper?
[3:29:35] <joefromacounty> OOF
[3:29:38] <homie_88_> i saw him awping
[3:29:46] <ThaceEien> woxic awping
[3:30:05] <joefromacounty> we all know shroud is the best awper Kappa
[3:30:32] <homie_88_> LUL
[3:30:48] <rubenmiguel97> SeemsGood SeemsGood SeemsGood SeemsGood SeemsGood SeemsGood SeemsGood SeemsGood SeemsGood SeemsGood
[3:30:59] <+Cornish6> jw doe
[3:31:00] <joefromacounty> actually... m0e is the BEST cs player
[3:31:15] <rubenmiguel97> EleGiggle EleGiggle EleGiggle EleGiggle EleGiggle EleGiggle
[3:31:43] <BlackHeartBtchs> M0e is the best CSgo player
[3:31:46] <rubenmiguel97> you drink today???
[3:31:56] <joefromacounty> actually yes i have
[3:32:08] <rubenmiguel97> EleGiggle SeemsGood SeemsGood
[3:32:16] <homie_88_> niko best player
[3:32:23] <joefromacounty> Hiko*
[3:32:28] <BlackHeartBtchs> no
[3:32:30] <homie_88_> noooo
[3:33:04] <+ChiversBRFC> bfdhhftxgcj
[3:33:25] <joefromacounty> what about stewie? i mean... he is pretty good but not the best
[3:33:25] <@Moobot> Start your esports career on ESL Play: http://esl.gg/eslplaycsgo
[3:33:46] <rubenmiguel97> woooow Hiko
[3:33:50] <BlackHeartBtchs> yh true
[3:33:51] <+ChiversBRFC> same
[3:34:03] <joefromacounty> anyone wanna make a ESL team?
[3:34:15] <homie_88_> ME
[3:34:23] <rubenmiguel97> maybe mafrend
[3:34:49] <rubenmiguel97> of curse joe
[3:35:04] <joefromacounty> i will be our main cowboy
[3:35:16] <rubenmiguel97> EleGiggle EleGiggle EleGiggle
[3:35:21] <joefromacounty> R8> deagle
[3:35:31] <homie_88_> who gonna add me on steam then for the team :D
[3:35:33] <+ChiversBRFC> rank?
[3:35:57] <joefromacounty> i used to be global but i took a break.. currently GN4
[3:36:09] <ferbragax> miss u VACØ
[3:36:14] <felipekqg> lets go sk
[3:36:25] <homie_88_> oh then im out im SILVER q_q
[3:36:38] <Pivel_> noob
[3:36:41] <+Cornish6> jw is god
[3:36:43] <BlackHeartBtchs> NIP
[3:38:16] <+ChiversBRFC> i was le but didn't play so now I'm gn4 too
[3:38:33] <joefromacounty> TBH, i have seen silvers that are not smurfs who are better than globals
[3:38:42] <homie_88_> LUL
[3:38:49] <joefromacounty> people are so mean to silvers even though silvers are actually quite decent
[3:39:05] <homie_88_> yea it the least toxic elo
[3:39:07] <Pivel_> silver spotted
[3:39:16] <rubenmiguel97> VoteYea
[3:39:20] <joefromacounty> VoteNay
[3:39:21] <+ScyNub> csgo is dead
[3:39:27] <ph03enix> not
[3:39:37] <homie_88_> @Pivel_ ur toxic i bet ur mg
[3:39:45] <rubenmiguel97> you are dead
[3:39:49] <torpa5> spunj as player PogChamp EleGiggle
[3:39:55] <ph03enix> ScyNub get off the stream if you think csgo is dead
[3:39:59] <joefromacounty> im not silver but some times i see silvers pull surprising plays
[3:40:11] <ph03enix> sometimes silvers are smurfs
[3:40:18] <+ScyNub> its dieing*
[3:40:21] <joefromacounty> no i mean real silvers
[3:40:34] <Pivel_> real silvers are terrible
[3:40:56] <joefromacounty> "Its dieing" -ScyNub... *he says while commenting on a CsGo PRO TOURNAMENT*
[3:41:15] <homie_88_> i used to be gn3 but playing csgo when ur a girl can be so annoying so i stopped playing for a long time so probably im silver now
[3:41:17] <+ChiversBRFC> i don't think its insanely hard to get to higher ranks but you just have to play a lot
[3:41:18] <+ScyNub> it is tho
[3:41:31] <+ScyNub> its not as popular as it used to be
[3:41:34] <rubenmiguel97> world have good players with bad PCs
[3:41:41] <joefromacounty> @homie_88_ how is it annoying as a girl?
[3:41:48] <torpa5> lmao they run old commericals? LUL Katowice 2018 LUL
[3:41:52] <Pivel_> @ScyNub the meme has gone on long enough
[3:41:57] <rubenmiguel97> true(??
[3:42:10] <+ScyNub> what??
[3:42:25] <+ScyNub> its not a meme its true
[3:42:28] <joefromacounty> @chiversbrfc its not hard but it takes way to long.. in order to get from SEM to GN1 it took six wins in a row... with 3 of then being enemy surrenders
[3:42:29] <@Moobot> Join the ESLCS steam group http://steamcommunity.com/groups/eslcs
[3:42:33] <Pivel_> prove it lmfao
[3:42:38] <homie_88_> @joefromacounty because guys are stupid and they cant just play csgo with me they always have to talk shit XD
[3:42:45] <torpa5> IT's true I read it on knowyourmeme
[3:42:54] <+ScyNub> there is legit statics but i dont have the link
[3:43:00] <rubenmiguel97> world have good players whit bad PCs
[3:43:12] <rubenmiguel97> true?
[3:43:21] <+ScyNub> do your research the amount of people playing is not sd much as it used to be
[3:43:45] <Pivel_> 10m plus active players sint dead do you have some sort of brain disorder?
[3:44:10] <rubenmiguel97> i have a Shit pc
[3:44:27] <rubenmiguel97> but i m good player
[3:44:32] <homie_88_> @rubenmiguel97 me too, 20 fps ingame q_q
[3:44:42] <+ChiversBRFC> @homie_88_ find some ppl you can play with consistently in stead of solo q
[3:44:44] <Pivel_> how tf do u play with 20 fps
[3:44:58] <joefromacounty> the best feeling in the world is when you out awp a wall hacker....
[3:45:20] <homie_88_> @ChiversBRFC i try really hard it aint that easy so i go on twitch chat and talk with people hahah XDDD
[3:45:27] <rubenmiguel97> homie_88 add me
[3:45:38] <+ScyNub> im not saying csgo is dead it just hasnt had the amount of people as what it used to be
[3:45:44] <rubenmiguel97> and play
[3:45:45] <homie_88_> @Pivel_ ye its really bad sometimes on cache i get 14 fps
[3:46:26] <Pivel_> get a real pc. even jsut 500$ can get you 300 fps
[3:46:38] <+robzz> lies
[3:46:50] <homie_88_> @Pivel_ IM BROKE DUDE XD
[3:47:04] <Pivel_> my pc is 500 and i get 300 fps lul
[3:47:05] <rubenmiguel97> EleGiggle EleGiggle
[3:47:34] <rubenmiguel97> CrreamAwk CrreamAwk CrreamAwk
[3:47:37] <PentagonSenpai> !schedule
[3:47:44] <+ChiversBRFC> i built my pc for cheap like £300 and i get 80fps
[3:47:46] <superpeanut> dab on the haters :D
[3:48:03] <Seek_Seek_Lest> nice chivers
[3:48:19] <superpeanut> very nice
[3:48:23] <rubenmiguel97> thats nice bruv SeemsGood
[3:48:45] <rubenmiguel97> chivers
[3:48:54] <+robzz> budget builds are great however, you always get what you pay for
[3:49:35] <mochibubz> nice game you have there
[3:50:41] <+robzz> i started off around 500 but have been upgradin ever since,
[3:52:25] <homie_88_> i have over 1000 hours in csgo and im unranked HAHAHAHAHAHA
[3:53:08] <Pivel_> how can us tand playing at 20fps xd
[3:54:40] <+seabass1080> I get 500
[3:55:54] <homie_88_> i just love counter strike so i play it no matter what :D
[3:59:29] <iamchief18> HEY
[3:59:47] <Pivel_> HEY
[3:59:48] <iamchief18> IM NEW IN CS GO I PLAYED FOR 50 HOURS AND NOW IAM legendary eagle master is this good for 50 hours ?
[4:00:05] <trandybeats> dafuq?
[4:00:08] <iamchief18> no?
[4:00:17] <Pivel_> absolute trash
[4:00:19] <ガッツ5> LEM LUL
[4:00:21] <+ChiversBRFC> nice troll iamcheif
[4:00:24] <iamchief18> i tryed my best
[4:00:26] <homie_88_> NOT GOOD
[4:00:31] <trandybeats> lmao
[4:00:31] <@Moobot> Start your esports career on ESL Play: http://esl.gg/eslplaycsgo
[4:00:37] <ガッツ5> Not even GE in 5- hours
[4:01:29] <homie_88_> I HAVE 1000 HOURS AND NO RANK IM SUPER PROFESSIONAL
[4:01:59] <iamchief18> i cant cripwalk
[4:02:10] <iamchief18> CAUSE IS DONT LIKE IT
[4:02:23] <trandybeats> I have 2530 hours and i'm Silver 3, is that good ?
[4:02:36] <homie_88_> @trandybeats u the realest
[4:02:44] <trandybeats> LUL
[4:03:06] <Pivel_> @homie_88_ how old are you?
[4:03:12] <+ChiversBRFC> i have 14 hours and ive only won 2 ESL championships is that good?
[4:03:15] <iamchief18> 19
[4:03:26] <iamchief18> hes 19 but he likes HH thats why 88
[4:03:47] <homie_88_> @Pivel_ why u askin
[4:03:56] <Pivel_> is there a trap section on hh?
[4:03:57] <lhab93> OLD SK BibleThump
[4:04:14] <Peregond> !uptime
[4:04:14] <@Moobot> @Peregond Uptime is: 4h 4m 23s
[4:04:15] <trandybeats> What did Change?
[4:04:16] <homie_88_> YALL KNOW WHAT 88 STANDS FOR LUL
[4:04:31] <Pivel_> @homie_88_ cuz usually peope with 20 fps would hate this game. its annoying even if u have good gear lul
[4:04:36] <cleitont2> new sk are to good to
[4:04:49] <iegeallentr> sa
[4:04:59] <homie_88_> @Pivel_ i know i know its just.... cs ma love
[4:05:11] <iamchief18> @pivel buy better pc instead of gear :DDDDDDDDDDDDDDDDDD
[4:05:20] <iegeallentr> turkler buradamiiii
[4:05:25] <Pivel_> @homie_88_ have you not tried other games?
[4:05:29] <iamchief18> i have 1000fps whole time
[4:05:38] <Pivel_> brb
[4:05:40] <iamchief18> 999 i mean
[4:05:51] <homie_88_> @Pivel_ i have 5 fps on gta 5 HAHAHAHAH so i just play sims 2 :P
[4:05:57] <iamchief18> @pivel can u teach me playing cs go?
[4:07:16] <iamchief18> Kippa Keepo
[4:07:18] <trandybeats> has Taco left cs go?
[4:07:27] <cleitont2> no
[4:07:29] <iamchief18> @trandybeats no
[4:07:39] <trandybeats> good. the
[4:07:52] <trandybeats> where is He now?
[4:07:56] <rubenmiguel97> taco is playing man wtf
[4:08:11] <trandybeats> sry dude, I heard He was leaving LUL
[4:08:46] <rubenmiguel97> hes name is in the team
[4:09:02] <iamchief18> @rubenmiguel97 its 2017
[4:09:13] <iamchief18> its not 18 :D :D hahahaaa
[4:09:17] <trandybeats> yea
[4:09:36] <rubenmiguel97> i now man EleGiggle EleGiggle EleGiggle EleGiggle
[4:09:40] <R4nd0om> he is in Team Liquid
[4:09:43] <iamchief18> now or know?
[4:09:52] <R4nd0om> and SK picked stewie
[4:10:05] <rubenmiguel97> sorry my inglish
[4:10:37] <tylergoad> what a choke job
[4:10:47] <trandybeats> for (my sorry english hello)
[4:10:59] <homie_88_> LUL
[4:11:06] <trandybeats> KappaPride
[4:11:06] <@Moobot> Join the ESLCS steam group http://steamcommunity.com/groups/eslcs
[4:11:28] <rubenmiguel97> :D :D :D :D
[4:12:45] <rubenmiguel97> sorry for my English hello
[4:13:26] <homie_88_> whats up
[4:13:56] <rubenmiguel97> whats up BIG BOSS Homie 88
[4:14:16] <homie_88_> NOT MUCH MA FRIEND AND U
[4:15:02] <rubenmiguel97> im all fucked
[4:15:21] <homie_88_> oh sheeet what happened to you
[4:15:33] <rubenmiguel97> i need a joint and relex next competitive
[4:16:07] <homie_88_> 420 BLAZE IT
[4:16:08] <rubenmiguel97> my country sucks
[4:16:19] <Pivel_> where do you live
[4:16:21] <homie_88_> where do u live
[4:16:33] <rubenmiguel97> Portugal mafrend
[4:16:41] <BakaBryanTV> LUL
[4:16:42] <homie_88_> oh sheeeeeeeeeeet sorry ma dude
[4:16:47] <KuroFuyuu> LUL
[4:16:50] <rubenmiguel97> 420 for fucking liveeeeee
[4:17:03] <homie_88_> smoke weed everyday
[4:17:19] <rubenmiguel97> sorry for what mafrend??
[4:17:36] <homie_88_> I was joking LUL
[4:17:40] <Pivel_> whats wrong with portugal
[4:17:54] <+WLFE> prismHowMad
[4:18:07] <saltymexican2412> Your country sucks? MY country sucks
[4:18:07] <Alvitano86> droga
[4:18:30] <homie_88_> whats ur country
[4:18:47] <rubenmiguel97> pivel dont have very good weed
[4:18:51] <saltymexican2412> Mexico
[4:19:02] <homie_88_> OH SHEEEEEEEET
[4:19:13] <saltymexican2412> trust me it really sucks
[4:19:21] <rubenmiguel97> :( :( :(
[4:19:25] <yangvaz> runskg
[4:19:30] <homie_88_> ye i know
[4:19:33] <rubenmiguel97> its true man
[4:19:46] <Pivel_> mexico oof
[4:19:49] <saltymexican2412> but its also beautiful in its way
[4:19:56] <Alvitano86> o k tu queres está murcho
[4:20:02] <Pivel_> u should try to get into america
[4:20:12] <homie_88_> worst country is brazil tho haha
[4:20:21] <Pivel_> Oh wait 4Head
[4:20:28] <rubenmiguel97> EleGiggle EleGiggle EleGiggle EleGiggle
[4:20:35] <saltymexican2412> @pivel_ oh no thx ww3 ia about to start and i dont wanna get in it
[4:20:37] <homie_88_> LUL
[4:21:01] <homie_88_> LUL LUL LUL LUL LUL LUL
[4:21:09] <munhin00> Taco BibleThump BibleThump BibleThump
[4:21:10] <rubenmiguel97> i go leave to the homie king 88 country
[4:21:21] <rubenmiguel97> MingLee MingLee
[4:21:25] <homie_88_> LUL hell yea
[4:21:31] <saltymexican2412> @munhin00 Hell yeah tacos
[4:21:41] <saltymexican2412> they are delicious
[4:21:41] <Pivel_> is eu on usa side?
[4:21:54] <homie_88_> BRUH
[4:21:54] <@Moobot> Start your esports career on ESL Play: http://esl.gg/eslplaycsgo
[4:22:05] <saltymexican2412> @pivel_ at least france and uk are
[4:22:33] <saltymexican2412> oh wait uk is not on eu SoBayed
[4:22:38] <Pivel_> considering what a joke na cs is we gunna get wooped in ww3 Kappa
[4:22:41] <homie_88_> LUL
[4:24:37] <Zodjah90> Who won nip or sk?
[4:24:47] <homie_88_> sk
[4:25:13] <Zodjah90> ok ty^^
[4:25:48] <rubenmiguel97> one day homie father is in Sk
[4:25:53] <homie_88_> np ^^
[4:26:11] <rubenmiguel97> CurseLit
[4:26:17] <homie_88_> bruh im a girl how am i supposed to be a father HAHAHAHAH
[4:26:39] <Pivel_> trans
[4:26:44] <HeadshotFee> Girls are allowed in ESL teams, aren´t they?
[4:27:08] <homie_88_> idk
[4:27:23] <WrathNL> yes they are.
[4:27:24] <Pivel_> ya duh
[4:27:25] <HeadshotFee> I sure you are allowed to play with´em
[4:27:44] <Pivel_> its just that males are superior cs players LUL
[4:27:44] <saltymexican2412> okay shhhh it started
[4:27:51] <rubenmiguel97> AHAHAHAHAH
[4:28:01] <Pivel_> @saltymexican2412 is this the heccin theater
[4:28:04] <rubenmiguel97> omg omg
[4:28:07] <HeadshotFee> Is there any live game today?
[4:28:09] <homie_88_> ye males are better than females
[4:28:17] <saltymexican2412> @pivel_ it is
[4:28:46] <saltymexican2412> @homie_88_ *TRIGGERED* (jk)
[4:28:46] <veg121> Shhh
[4:29:03] <Pivel_> no live games till the 18th.
[4:29:08] <homie_88_> @saltymexican2412 IM NOT LOL thats my honest opinion
[4:29:11] <HeadshotFee> ;(
[4:29:45] <joefromacounty> this is going to be a Slaughter
[4:29:47] <HeadshotFee> It´s not true :( Girls can be as good as men
[4:29:56] <homie_88_> nope
[4:30:11] <HeadshotFee> Why shouldn´t they?
[4:30:19] <rubenmiguel97> homie
[4:30:37] <homie_88_> male is the superior gender
[4:30:45] <saltymexican2412> huh?
[4:30:47] <Pivel_> eggssdee
[4:30:50] <rubenmiguel97> sorry miss lady
[4:30:55] <HeadshotFee> LUL
[4:31:12] <HeadshotFee> What kind of girl are u? I love u (jk)
[4:31:13] <homie_88_> women belong in the kitchen
[4:31:15] <saltymexican2412> twitch chats are so confusing
[4:31:48] <homie_88_> any of y'all watch jordan peterson?
[4:31:55] <HeadshotFee> No
[4:32:03] <homie_88_> too bad
[4:32:06] <nuggethead> Clean your room 😡
[4:32:07] <Pivel_> tf is that
[4:32:10] <saltymexican2412> who tf is that
[4:32:30] <homie_88_> he's a psychologist and he rekt cathy newman :D
[4:32:54] <HeadshotFee> Who´s Cathy NEwman? LUL
[4:32:54] <@Moobot> Join the ESLCS steam group http://steamcommunity.com/groups/eslcs
[4:32:59] <saltymexican2412> and whos cathy newman
[4:33:10] <nuggethead> shes like cathy man but new
[4:33:12] <Pivel_> cathy is a new man?
[4:33:26] <nuggethead> yeah she gave up her old ways
[4:33:28] <HeadshotFee> She´s a transgender PogChamp
[4:33:30] <homie_88_> XD shes some dumb woman on the news HAHAHAH
[4:33:36] <nuggethead> she is a now man now :)
[4:33:41] <rubenmiguel97> a woman deserve all
[4:33:44] <homie_88_> XD
[4:34:00] <jayjaym> lol
[4:34:44] <HeadshotFee> @Pivel_ Btw, where can I find the plan for ESL games?
[4:34:55] <homie_88_> GO CLOUD 9
[4:35:04] <Pivel_> google liquipedia
[4:35:04] <nuggethead> hltv for example
[4:36:33] <homie_88_> how are u guys today
[4:36:33] <rubenmiguel97> Cloud 9 for life TwitchUnity
[4:36:57] <HeadshotFee> Where can I find the time they play?
[4:37:32] <homie_88_> i dont know where they have the schedule
[4:37:45] <joefromacounty> idk why they gave tarik the awp... instead of skadoodle
[4:38:08] <homie_88_> ye tarik is a peanut brain
[4:38:40] <irm3> forsenCD
[4:40:33] <EmptyCIipz> tarik is a god
[4:40:48] <homie_88_> tarik is a peanut brain
[4:41:59] <alwes0640> u
[4:42:03] <Fenix1995> 2017?
[4:42:18] <alwes0640> hahah lol
[4:42:28] <Pivel_> @HeadshotFee i said google liquipedia reeeeeeeeee
[4:43:04] <rubenmiguel97> alwes dont mess with him
[4:43:11] <Pivel_> @homie_88_ tarik won maor so we call him watermelon brain now
[4:43:35] <FatesOG_> omg
[4:43:46] <homie_88_> HAHAH OKE DUDE LUL
[4:43:55] <joefromacounty> Tsogoo needs a vac plz
[4:44:06] <homie_88_> ye i report him now
[4:44:50] <rubenmiguel97> LUL LUL LUL
[4:45:26] <homie_88_> HAHAHAH
[4:45:39] <homie_88_> more like CHOKEgun
[4:46:13] <Pivel_> mongolz fell off where r they now adays
[4:46:57] <homie_88_> never heard of em
[4:47:24] <rubenmiguel97> Squid4 Squid4 Squid4
[4:47:59] <Pivel_> Squid1 TehePelo Kappa
[4:48:45] <rubenmiguel97> pivel go easy AngryJack SOTshark
[4:50:19] <joefromacounty> ResidentSleeper Squid4 TehePelo
[4:51:22] <homie_88_> LUL
[4:53:05] <rubenmiguel97> i not laughthing
[4:53:28] <rubenmiguel97> NomNom
[4:53:32] <joefromacounty> i recently figured out a way to completely eliminate the CZ's super long pull out
[4:53:52] <joefromacounty> inspect it.....
[4:54:03] <$OGNikky> lol obv
[4:54:05] <Pivel_> that doesnt work
[4:54:13] <$OGNikky> but still take a bit
[4:54:17] <homie_88_> i dont play cz
[4:54:17] <@Moobot> Start your esports career on ESL Play: http://esl.gg/eslplaycsgo
[4:54:24] <joefromacounty> @pivel_ yes it does...
[4:54:38] <$OGNikky> @joefromacounty what rank are you?
[4:54:42] <homie_88_> GH
[4:54:53] <$OGNikky> gh
[4:55:06] <Merlinocraft> Squid1 Squid2 Squid2 Squid3 Squid2 Squid2 Squid4
[4:55:10] <joefromacounty> @ognikky rn im GN4 but i used to be global till i took a break
[4:55:19] <Merlinocraft> PowerUpL EntropyWins PowerUpR
[4:55:30] <Kalex_Kahev> Lmao
[4:55:39] <+Popcornisbae> EZ Clap
[4:55:39] <$OGNikky> @joefromacounty have you ever played in a tourney like this before or no?
[4:56:19] <joefromacounty> @ognikky nope... i would prob get a bad boo boo
[4:56:46] <joefromacounty> i mean... i out awped a wall hacker on mirage once... does that raise my IQ?
[4:57:38] <rubenmiguel97> i go live to croatia
[4:57:52] <homie_88_> LUL
[4:58:06] <$OGNikky> @joefromacounty oh rip, im looking for a team to play for again around a year ago i was competing in tourneys such as this and had a few of my clips go on multiple top 5 channels under the name "Nikk(y)"
[4:58:17] <ryu_the_smasher> I "wallhacked" with an awp on mirage once while randomly shooting at window and getting a wallbang headshot on someone who was just running to window as i found out from the replay.
[4:58:40] <$OGNikky> thats why i asked, i wanted to see if you had or not and im thinking of joining back the comp scene
[4:59:06] <ryu_the_smasher> I need to train myself a bit more before i'm gonna think of joining the comp scene
[4:59:10] <$OGNikky> im back on my old team vangaurd. but they are more consumed by fortnite so :(
[4:59:12] <joefromacounty> nice scout ace Nikky
[4:59:39] <$OGNikky> @joefromacounty thanks, thats one of the clips on the top 5 channel
[5:00:23] <rubenmiguel97> its true
[5:00:29] <$OGNikky> i dont play much mm thats why my rank isnt higher, but i play alot of esea and face it
[5:01:16] <$OGNikky> when i do play mm i like to stream it and sometimes just deag only lol, work on my deag aim
[5:01:33] <Asalomander19> PUBG is the best
[5:01:37] <homie_88_> juan deag
[5:01:41] <joefromacounty> @ognikky i remember coming back from my 2 year csgo break...vi was unranked and i was terrible Vs basic silvers... so naturally I squaded up with my global friends and i somehow went 46 and 12....
[5:01:52] <Pivel_> anyone else here play comp lego starwars?
[5:02:21] <awebby10> iem Oakland the nosalllgiaaaaaaaa
[5:03:20] <$OGNikky> cheer15
[5:03:29] <+naeth101> Nah bro I play comp LEGO indiana jones
[5:03:41] <Pivel_> heathen
[5:03:46] <homie_88_> i play minecraft
[5:03:53] <OGNikky> lol
[5:04:09] <+naeth101> Minecraft hunger games>fortnite>pubg
[5:04:13] <joefromacounty> ^
[5:04:18] <Pivel_> ^
[5:04:25] <homie_88_> v
[5:04:39] <joefromacounty> Minecraft hunger games>PubG>fornite
[5:04:43] <homie_88_> <
[5:05:09] <Yukun_enola> lol
[5:05:22] <joefromacounty> i miss CSS when B-hops were the easiest thing on earth
[5:05:43] <joefromacounty> now i can't hop for my life
[5:06:03] <haygor11> :f
[5:06:07] <OGNikky> @joefromacounty do you use space bar or scroll wheel? i use space bar
[5:06:18] <joefromacounty> @ognikky space bar
[5:07:16] <OGNikky> @joefromacounty it takes a bit to get the timing right, but LOTS of practice and you got it
[5:07:37] <joefromacounty> @ognikky find it weird how i have more nova kills than AK?
[5:07:53] <homie_88_> DAYUM
[5:07:58] <rubenmiguel97> woooooow
[5:08:05] <salvisenpai> @joefromacounty nice lmao
[5:08:06] <@Moobot> Join the ESLCS steam group http://steamcommunity.com/groups/eslcs
[5:08:21] <Yukun_enola> woooow
[5:08:23] <rubenmiguel97> omg
[5:08:23] <joefromacounty> 3 nova aces on Dust 2.... it was a DMG game...
[5:08:44] <homie_88_> oommggggg
[5:08:52] <Pivel_> godimatic
[5:09:21] <rubenmiguel97> what a crazy play round
[5:09:37] <beratcy> vaccc
[5:09:45] <homie_88_> comeback now or what LUL
[5:10:32] <+jatfew> LUL
[5:10:53] <homie_88_> peanut brain
[5:11:24] <joefromacounty> #ZilkenBergIsMyCity
[5:11:32] <rubenmiguel97> LUL LUL LUL
[5:11:40] <homie_88_> LUL
[5:14:02] <Pivel_> y mi pp hrd
[5:14:06] <+jatfew> TriHard TriHard TriHard TriHard TriHard TriHard
[5:14:20] <Kalex_Kahev> bullshit
[5:14:21] <homie_88_> LUL LUL LUL LUL LUL LUL LUL
[5:15:13] <rubenmiguel97> homie???
[5:15:18] <Pivel_> stewie is god of apartments
[5:15:24] <homie_88_> whats up
[5:16:04] <homie_88_> GG WP
[5:16:06] <fjodor1337> gg
[5:16:14] <$wedabestfamily> gg
[5:16:52] <joefromacounty> i never heard of the mongolz until now so im not surprised that C9 won
[5:17:01] <homie_88_> true lmao
[5:17:02] <Tuncakaraca> is shroud playing ?
[5:17:14] <+Vexxeyyy> Yea
[5:17:24] <+Vexxeyyy> He was benched after this I believe
[5:17:25] <Tuncakaraca> thx
[5:18:09] <+Vexxeyyy> C9 vs Ast. This would be an easy choice, but I don't remember the outcome of this match
[5:21:35] <thedeadshotf> wait
[5:21:55] <thedeadshotf> is this live?
[5:22:08] <+SteveJEWBZ> no this is future
[5:22:12] <homie_88_> RERUN: Cloud9 vs. Astralis [Train] - Group A Round 2 - IEM Oakland 2017
[5:22:24] <thedeadshotf> IEM oakland 2017
[5:22:36] <thedeadshotf> da fuc?
[5:22:43] <xGallinger> whos watching this MAYHEM?
[5:23:12] <homie_88_> LUL
[5:23:53] <homie_88_> i cant stand his voice
[5:24:26] <xGallinger> id like to shave his beard
[5:24:27] <minalinsky39> Sdd
[5:24:45] <xGallinger> .......right in the middle
[5:24:56] <homie_88_> LUL
[5:26:12] <+Verixz> sado cmonBruh
[5:26:25] <yolosuag> this chat er nu dansk
[5:26:35] <rubenmiguel97> good game
[5:26:37] <homie_88_> speak london pls
[5:26:45] <rubenmiguel97> 2 good teams
[5:27:40] <rubenmiguel97> maybe astralis win
[5:28:09] <homie_88_> GO C9
[5:29:02] <rubenmiguel97> i now astralis is a very good team
[5:29:02] <@Moobot> Start your esports career on ESL Play: http://esl.gg/eslplaycsgo
[5:29:30] <homie_88_> XYP9X FOREHEAD IS TOO STRONG
[5:29:38] <Pivel_> tru
[5:29:54] <rubenmiguel97> cloud 9 to, but astralis are better
[5:30:06] <rubenmiguel97> i think
[5:30:07] <C9_Sleepy> this Stream is so relaxing i Love it :3
[5:30:08] <homie_88_> GO CLOUD9
[5:30:33] <rubenmiguel97> yes C9
[5:30:34] <homie_88_> ASTRALIS COACH IS TOO BIG
[5:30:53] <Pivel_> thiccstralis
[5:31:00] <homie_88_> LUL
[5:31:10] <rubenmiguel97> lol
[5:31:12] <C9_Sleepy> xD
[5:31:58] <coicocboy> stew????????c9?????????
[5:32:37] <+Gentiio> @coicocboy its RERUN
[5:32:42] <LilThiccE> PJSalt PJSalt PJSalt PJSalt PJSalt
[5:32:47] <rubenmiguel97> yes
[5:32:57] <C9_Sleepy> °-°)~
[5:32:57] <+Gentiio> FlipThis
[5:33:29] <rubenmiguel97> DrinkPurple DrinkPurple DrinkPurple DrinkPurple DrinkPurple
[5:33:41] <rubenmiguel97> for all
[5:33:52] <rubenmiguel97> c9 to enjoy
[5:33:58] <C9_Sleepy> Thanks ^_^
[5:34:11] <+WillstDuEinenKeksHaben> lol when poeple dont know that this is a rerun
[5:34:24] <homie_88_> SnickersHype
[5:34:32] <LilThiccE> xD
[5:34:55] <rubenmiguel97> DoritosChip DoritosChip DoritosChip
[5:35:12] <C9_Sleepy> I know it c: And Love it beacuse it is so chill
[5:35:14] <DAViDm__> Hi
[5:35:22] <homie_88_> hii
[5:35:24] <rubenmiguel97> eheheheh
[5:36:13] <homie_88_> uff i wanna pop that pimple
[5:37:26] <Pivel_> this time baby ill beeeeeeeeee bullleeeeeeeeeeettt prooooooooooof
[5:37:44] <homie_88_> i like that song
[5:38:54] <rubenmiguel97> LUL
[5:39:11] <rubenmiguel97> OSSmooth
[5:41:07] <Pivel_> wait they played this yesterday adn the day before that
[5:41:18] <Zodjah90> Who won this match?
[5:41:23] <Pivel_> @ESL_CSGO PICK UP THE PHONE
[5:41:27] <LilThiccE> i did
[5:41:42] <rubenmiguel97> i think it was astralis
[5:42:17] <papadoc3> does anyone no if the other team can hear u switching guns?
[5:42:27] <zooperino> WutFace
[5:42:31] <Pivel_> cant
[5:42:33] <homie_88_> they cant
[5:42:38] <papadoc3> ok ty
[5:42:40] <rubenmiguel97> LUL LUL LUL
[5:42:45] <homie_88_> np
[5:43:18] <yolosuag> dayum
[5:43:21] <rubenmiguel97> tas todo papado para perguntar isso LUL LUL LUL LUL LUL
[5:43:42] <+PeterPanRulez> does anyone know if this is live?
[5:43:52] <homie_88_> RERUN: Cloud9 vs. Astralis [Train] - Group A Round 2 - IEM Oakland 2017
[5:43:52] <@Moobot> Join the ESLCS steam group http://steamcommunity.com/groups/eslcs
[5:43:53] <rubenmiguel97> no is not
[5:44:07] <rubenmiguel97> 2017
[5:44:14] <GatieKatie> It’s a rerun :)
[5:44:50] <jAgenbix4567> Anybody here?
[5:45:00] <Pivel_> perhaps
[5:45:01] <homie_88_> heyy
[5:45:07] <omae_wa30> HeyGuys HeyGuys
[5:45:11] <jAgenbix4567> What’s good
[5:45:22] <Pivel_> not life LUL
[5:45:28] <Critbit> StewieSK
[5:45:55] <rubenmiguel97> TheIlluminati
[5:46:17] <omae_wa30> ??
[5:46:31] <rubenmiguel97> what..?
[5:47:27] <rubenmiguel97> very niceee
[5:48:03] <rubenmiguel97> " we are Legendary " ThankEgg ThankEgg ThankEgg
[5:48:08] <homie_88_> LUL
[5:49:41] <rubenmiguel97> we are back Kappu
[5:49:58] <homie_88_> SnickersHype SnickersHype
[5:50:42] <rubenmiguel97> PJSugar PJSugar
[5:53:09] <rubenmiguel97> GoDaddy CarlSmile
[5:55:37] <rubenmiguel97> nice PopCorn
[5:57:19] <rubenmiguel97> i dont like that guy
[5:59:07] <rubenmiguel97> all sleep out there?
[5:59:22] <+nitschgugu> nah
[5:59:31] <homie_88_> almost LUL
[5:59:35] <+nitschgugu> just watch n chill
[5:59:51] <rubenmiguel97> CarlSmile
[6:00:08] <+nitschgugu> what a play
[6:00:09] <pewiestiffin> dayum that clutch
[6:00:13] <rubenmiguel97> owww very nice play
[6:00:13] <+omgbackoff> Iconic
[6:00:13] <gjmac13> Omg
[6:00:21] <+litschi1312> god
[6:00:24] <rubenmiguel97> "magical"
[6:00:47] <Avernusxd> Such an intense game. Why so late at night though?
[6:01:08] <+DualplayaZ> its not live man
[6:01:16] <rubenmiguel97> LUL LUL LUL
[6:01:16] <vGaddy> It’s a rerun
[6:01:24] <mraktas> Rerun lol read a little
[6:01:24] <Avernusxd> are you sure?
[6:01:30] <homie_88_> RERUN: Cloud9 vs. Astralis [Train] - Group A Round 2 - IEM Oakland 2017
[6:01:32] <pewiestiffin> anyone know where you can watch dreamhack Marseille?
[6:01:33] <rubenmiguel97> he is sleepping
[6:01:34] <vGaddy> Nah
[6:01:38] <+DualplayaZ> lol yea its a match from 2017
[6:01:50] <Avernusxd> how is it a rerun if its live lol
[6:01:57] <Pivel_> @pewiestiffin on twitch LUL
[6:01:58] <iamchief18> nice one guys
[6:02:05] <Sykeswulf> troll XD
[6:02:06] <homie_88_> omg
[6:02:08] <iamchief18> we can throw now
[6:02:08] <@Moobot> Start your esports career on ESL Play: http://esl.gg/eslplaycsgo
[6:02:26] <homie_88_> but what they are streaming is a rerun
[6:02:28] <+KogavRL> jasonr1 jasonr2
[6:02:35] <homie_88_> u got 0 iq?
[6:02:37] <+KogavRL> jasonr3 jasonr4
[6:02:42] <Avernusxd> I put 20$ on c9, hope they win!
[6:02:44] <rubenmiguel97> avernusxd go sleep its the better you can do
[6:02:46] <Sykeswulf> jasonrLUL jasonrLUL
[6:02:49] <esbeeez> lol
[6:02:54] <+KogavRL> jasonrCreep jasonrCreep jasonrCreep jasonrCreep jasonrCreep
[6:02:59] <pewiestiffin> @Pivel_ k ty
[6:03:16] <Sykeswulf> jasonrWhiff jasonrWhiff jasonrWhiff
[6:03:34] <Avernusxd> wow kjaerbye and stewie are back? damn wtf
[6:03:53] <rubenmiguel97> omg Aver you are seek
[6:04:06] <Avernusxd> seek?
[6:04:25] <silasgoingftw> アニメ恋人
[6:04:25] <rubenmiguel97> seak
[6:04:32] <Avernusxd> whats a seak
[6:04:34] <homie_88_> i think he means sick
[6:04:49] <silasgoingftw> rerun stands for replay
[6:05:01] <Avernusxd> ye actually I have really bad diarrhea
[6:05:13] <homie_88_> OH SHEET GET WELL SOON DUDE
[6:05:45] <pewiestiffin> what you guys think bout stewie2sk
[6:06:12] <homie_88_> idk what do u think
[6:06:21] <silasgoingftw> and check title 2017
[6:06:32] <pewiestiffin> ik
[6:06:40] <Pivel_> whos sk other [player? bolts?
[6:06:47] <pewiestiffin> ye
[6:06:49] <Avernusxd> and stewue
[6:07:04] <silasgoingftw> boltz stay
[6:07:24] <rubenmiguel97> its sick ......
[6:07:45] <pewiestiffin> taco joined liquid
[6:08:06] <Pivel_> sk looks really good.
[6:08:07] <pewiestiffin> atleast he has a brazilian coach so he wont be too lonely
[6:08:20] <rubenmiguel97> yes pivel true
[6:08:22] <homie_88_> favela friend LUL
[6:08:30] <Pivel_> LUL
[6:08:51] <Pivel_> who tf is awping on liquid now
[6:09:00] <rubenmiguel97> i think fox was good for then
[6:09:16] <pewiestiffin> @Pivel_ prob nitro or elige?
[6:09:41] <Pivel_> nah those are their 2 main riflers
[6:09:50] <pewiestiffin> stewie just needs some time to get comfortablewith his team
[6:09:51] <rubenmiguel97> LUL LUL
[6:10:06] <LiveWithKick> wut stew
[6:10:24] <pewiestiffin> @Pivel_ then twistzz
[6:10:35] <homie_88_> oh noo bottle empty
[6:10:38] <Eetulehtone> im afraid young steward had reached his peek in c9
[6:11:30] <rubenmiguel97> astralis not nice in this map
[6:13:51] <pewiestiffin> ninja
[6:13:54] <LiveWithKick> dammnnn
[6:14:11] <homie_88_> PROS DONT FAKE
[6:14:44] <pewiestiffin> did i just hear n0ting?
[6:14:44] <@Moobot> Join the ESLCS steam group http://steamcommunity.com/groups/eslcs
[6:14:58] <+ItsFrostedHD> !fc
[6:15:08] <homie_88_> GG WP
[6:16:06] <maano20> Tha voice
[6:16:27] <noegiP1> IS THIS LIVE
[6:16:59] <rubenmiguel97> no live
[6:17:05] <Pivel_> LUL
[6:17:29] <rubenmiguel97> 2017
[6:18:11] <gjmac13> Is this recent (with Stewie2K)
[6:20:46] <homie_88_> goodnight zzZZZZZ
[6:20:58] <rubenmiguel97> what do you think about the name Ruben?
[6:21:14] <Rodrigo29_> Kappa
[6:21:19] <iiNoxi> Spanish?
[6:22:17] <Rodrigo29_> Hola
[6:22:26] <rubenmiguel97> no?
[6:22:32] <iiNoxi> Jo no habloe espanol
[6:22:42] <Rodrigo29_> yo si hola
[6:24:44] <rubenmiguel97> bye
[6:26:08] <Rodrigo29_> no, im not leaving Kappa
[6:30:21] <rubenmiguel97> cache....
[6:30:41] <rubenmiguel97> low fps
[6:32:42] <pewiestiffin> envyus silver?
[6:33:26] <ep1phanyy> unranked
[6:34:02] <Pivel_> who is everyones favorite trap?
[6:34:33] <ep1phanyy> bear traps are pretty sweet
[6:35:24] <+HandsomeBarks> dude omg
[6:38:05] <CookieeBoi> YetiZ
[6:38:19] <CookieeBoi> KappaCool
[6:44:21] <Pivel_> rpk 4k
[6:46:35] <Rodrigo29_> !subs
[6:52:40] <d00mez> !followage
[6:53:41] <+Cluxsplays> looool
[6:53:53] <Rodrigo29_> LOOOOL
[6:55:23] <Skeetley> RIP 3/12
[6:57:12] <+FastestFr0g> a
[7:00:15] <robert_d17> LUL
[7:07:00] <IsaacPlaysMinercaft> Is this live?
[7:08:34] <Pomkon71> no
[7:08:35] <+FroschiO> god dammit read
[7:08:46] <adamvajda4> nice
[7:09:24] <ageoldtradition> Someones cool LUL
[7:11:46] <+swaggielelelele> :D
[7:12:20] <NiGhTbOt_1337> ***
[7:21:34] <NoanXXX> heyo
[7:23:20] <ian22c9> gg
[7:24:21] <ramandeepgb1> gg
[7:24:32] <araflxd> gg
[7:31:00] <Pivel_> sado BibleThump
[7:31:25] <MaJoNaise28> Why did someone cheer in this Chat lol ?
[7:32:37] <MaJoNaise28> cs sucks
[7:32:50] <+vSpeshh> lol why u here
[7:32:55] <Pivel_> ^
[7:32:56] <@Moobot> Start your esports career on ESL Play: http://esl.gg/eslplaycsgo
[7:32:57] <MaJoNaise28> Why u here
[7:33:08] <MaJoNaise28> I like the mongos
[7:33:20] <MaJoNaise28> Thats why im here xD
[7:33:46] <+vSpeshh> well its gonna be a quick one for you then
[7:38:07] <HeadshotFee> Am I the only one hearing this clicking noises when they talk?
[7:38:23] <predator2424> lo0l
[7:38:46] <predator2424> im too @HeadshotFee
[7:39:12] <HeadshotFee> What is this? Why is this happining in an ESL game?
[7:39:27] <predator2424> i don't no
[7:40:14] <predator2424> BibleThump
[7:41:23] <ifeellikeamonsta> that wasnt noscope it was zoomshot :(
[7:42:35] <+yCharm> Hi
[7:43:42] <theultimate282> is this a live game?
[7:43:44] <+barryw0w> yo
[7:43:57] <+BurtonYeti> of course it is
[7:46:09] <PyronSilver> yes, stewie2k was dead
[7:48:20] <ussrtop> comeback xD
[7:48:40] <$mc3ow> GENGHIS KHAN PogChamp
[7:54:46] <HeadshotFee> This microphones xD
[7:54:55] <+Antibob1> oof
[7:54:58] <HeadshotFee> Professional
[8:03:24] <patvort> HELO
[8:06:18] <Tigerpiupiu> yikes
[8:06:32] <Tigerpiupiu> hahah dedgame and the chat is on slowmaode
[8:12:14] <kazegaming94> I used to play cs 1.6 with Tsogoo before he go pro
[8:12:28] <kazegaming94> fucking legend
[8:12:43] <freysaoffical> CengizHan
[8:14:11] <HeadshotFee> Who won? SK, right?
[8:14:20] <+khang_4> That voice so cringe xd
[8:17:12] <botsparkk> but jordan is streaming?!?
[8:21:36] <MJ1604> Nah, they didn’t headshotfree
[8:21:51] <MJ1604> Jk
[8:22:07] <MJ1604> 15-6
[8:23:09] <+nottommy1002> beep
[8:27:28] <Pivel_> boop
[8:37:22] <gui09999> q
[8:42:34] <Shrenade514> rip envyus
[8:58:26] <c9hobb1t> BRASIL NUMBA ONE BRASIL NUMBA ONE BRASIL NUMBA ONE BRASIL NUMBA ONE BRASIL NUMBA ONE BRASIL NUMBA ONE BRASIL NUMBA ONE BRASIL NUMBA ONE BRASIL NUMBA ONE BRASIL NUMBA ONE BRASIL NUMBA ONE
[8:59:15] <c9hobb1t> SCRAM ONE TAPS POGGERS
[9:04:31] <KingMG2000> ***
[9:09:07] <+BANAANMETH0NGER> Kappa hey guys i hope you guys have a great Day/night
[9:09:14] <Pivel_> ANELE
[9:09:39] <+BANAANMETH0NGER> mskkBird mskkAY mskkThirsty ninjaClap ninjaTooth
[9:09:51] <AvkyChannel> NomNom
[9:09:59] <+BANAANMETH0NGER> Nom
[9:10:21] <+BANAANMETH0NGER> Kappa :/ mskkAY mskkBird mskkC mskkEvil ninjaTooth ninjaTooth ninjaTooth ninjaClap mskkThirsty mskkNO mskkNO Kappa mskkAY mskkAY ninjaTooth mskkC
[9:10:33] <+KRUUSTYWOW> dadasd
[9:10:54] <AvkyChannel> Squid3 Squid2 Squid4
[9:16:50] <+GoldyS5> k
[9:17:12] <+GoldyS5> .
[9:21:27] <senmisinmi> :O :O :O :O :( :(
[9:24:57] <+Bob123427> If you wanna watch fortnite check out my stream
[9:25:44] <+DagdaEIR> how about no, bob
[9:28:27] <cafly> ArigatoNas
[9:38:40] <planetseventyfive> what’s up my guys
[9:39:34] <Pivel_> the NASDAQ
[9:50:32] <xFaZe_Novax> Fortnite is a bad game
[9:52:02] <Pivel_> fact
[9:55:31] <+HrGreen> Anyone know a good Match Betting Site for Csgo ESL? DM me. :)
[9:57:00] <thorf_csgo> I've never played a BR game and thought "wow yeah I'd play this again"
[10:05:16] <TonicGhia> zzz
[10:10:33] <PrinceHearthstone> NotLikeThis
[10:10:40] <OfficialFriberg> gg
[10:10:52] <OfficialFriberg> friLOL
[10:13:30] <+Dakusy> lel
[10:13:51] <+Dakusy> hihi
[10:26:42] <PerkelenTV> :o
[10:33:01] <+Spychikn007> hi
[10:33:17] <+Spychikn007> lets go faze
[10:34:26] <Toxic_hades1> faze for the win
[10:34:28] <jimberthm> xD
[10:45:26] <Ruslan1836> Повтор?
[10:46:34] <brennan149888> is this a re run??????????
[10:47:37] <+snowfl8ke21> Yes
[10:56:46] <+IIIGhostIII> FaZe Up
[10:57:11] <+sk33t> saving mac 10 OMEGALUL
[10:58:41] <+big_code> 500 viewers dead game
[11:01:53] <brag92> its rerun
[11:16:22] <som0nesimple> 2
[11:16:37] <som0nesimple> tr
[11:18:24] <Unchainedac3> DEAD GAME
[11:20:11] <arcoit> rerun?
[11:20:30] <som0nesimple> stream looks like trash
[11:22:34] <+la0z> Hi
[11:26:12] <som0nesimple> bad
[11:26:20] <thepokeman125> gg
[11:26:50] <thepokeman125> i'll be back for the next game
[11:37:13] <Badameco_> Duke nuke narrating?
[11:44:39] <brat__camrat> кто русский?
[11:44:44] <lowfye> KappaPride
[11:47:15] <od0rv2> Someone want to play?
[11:47:48] <PurpIeYoshi> aint feelin it, here to relax lmao
[11:47:48] <od0rv2> Someone want to play?
[11:48:02] <od0rv2> What is ur rank purple
[11:48:23] <PurpIeYoshi> go ask that on stream of n0thing LUL im MGE
[11:48:33] <PurpIeYoshi> wby?
[11:48:51] <+fearofhell> forever mge here too
[11:49:13] <PurpIeYoshi> aye
[11:50:04] <CayteaCrisis> Never played, like to watch :3
[11:51:10] <PurpIeYoshi> i watch more than i play nowadays but when you play you understand the game more tho
[11:51:36] <CayteaCrisis> I just like watching people shoot each other xD
[11:52:00] <CayteaCrisis> Less permanent on a game than in real life.
[11:52:08] <+fearofhell> tru
[11:52:51] <PurpIeYoshi> thats for sure
[11:55:03] <PurpIeYoshi> Favorite team?
[11:55:33] <+fearofhell> always and forever VP
[11:55:37] <CayteaCrisis> I have to say FaZe is a strong favorite of mine
[11:56:04] <+zzeuss> Sk
[11:56:18] <CayteaCrisis> SK is a good team along with VP
[11:56:37] <+fearofhell> I wouldn't go so far as to call VP a good team but I love them anyway
[11:56:51] <CayteaCrisis> It's just certain teams are better with certain maps, and they can just sweep a win with no problem
[11:57:06] <PurpIeYoshi> yeah i love them but like nowadays i feel like vp falling down
[11:57:12] <CayteaCrisis> That and good leadership
[11:57:45] <Kryne1188> mah na standingup
[11:59:12] <+Bob123427> im streaming fortnite right now
[11:59:23] <CayteaCrisis> VP might need to trade some players out, because they've become way too comfortable with expecting wins with their classic teamates
[11:59:33] <+fearofhell> ^
[11:59:45] <PurpIeYoshi> idk they have well balanced players
[11:59:47] <CayteaCrisis> Who cares, Bob, we're here for CS:GO.
[11:59:48] <+fearofhell> I love their lineup, and their personalities, they just aren't winning
[12:00:11] <PurpIeYoshi> they should change their playstyle
[12:00:45] <CayteaCrisis> They need to have more than one playstyle in order to diversify how they approach a map.
[12:01:08] <PurpIeYoshi> yeah causs i think in mirage they keep getting swept
[12:01:21] <CayteaCrisis> They do, and it's showing
[12:02:03] <PurpIeYoshi> they have potential
[12:02:27] <CayteaCrisis> But they have to build up on that potential in order to actually win on Mirage.
[12:03:00] <PurpIeYoshi> yeah true, but it isnt easy as it seems
[12:03:05] <+fearofhell> Whatever happened to Hiko anyways? He was a really decent player a few years back
[12:03:54] <PurpIeYoshi> its been a while ive heard of him.. he still in a team?
[12:04:18] <+fearofhell> not sure
[12:04:23] <CayteaCrisis> I haven't seen or heard anything about him, I thought he was still with his team. Just less air time.
[12:04:37] <PurpIeYoshi> lemme check real quick
[12:05:08] <+VashOnHash> Nice save Keepo
[12:05:51] <PurpIeYoshi> it says hes playing for a team called rogue
[12:06:14] <+fearofhell> oooh okay
[12:06:25] <PurpIeYoshi> probably semi-pro idk
[12:06:27] <mamx29> LUL
[12:06:34] <CayteaCrisis> Rogue? Never heard of them.
[12:06:34] <@Moobot> Join the ESLCS steam group http://steamcommunity.com/groups/eslcs
[12:06:48] <PurpIeYoshi> same xD
[12:07:02] <+fearofhell> yeah if I recall it's like a tier 2-3 team
[12:07:24] <CayteaCrisis> They have to be trying to build a strong team to compete in higher tier tournaments.
[12:07:45] <PurpIeYoshi> Yup
[12:07:49] <CayteaCrisis> Hiko is more than likely their best player right now.
[12:08:21] <PurpIeYoshi> look at faze and SK amazing players... but I think Hiko left the pro league is cause he wasnt feeling it
[12:08:21] <+fearofhell> I always thought Hiko was one of the better NA players back in the day, surprised to see him on a lower tier team
[12:08:46] <CayteaCrisis> He also might be taking a break from the pressure of a tier 1 team
[12:08:54] <+fearofhell> tru
[12:08:56] <PurpIeYoshi> yeah thats most likely
[12:10:06] <PurpIeYoshi> i feel pressure when i play normal pug imagine on stage live LUL
[12:10:28] <+fearofhell> I feel pressure when I play an mm and underperform lol
[12:10:40] <PurpIeYoshi> exactly 😂
[12:11:03] <CayteaCrisis> I feel like any game I play that deals with shooting makes me shit my pants and quit immediately :'D
[12:11:39] <PurpIeYoshi> soo you havent been a mw2 fan i suppose? xD
[12:11:54] <PurpIeYoshi> before csgo that was the good stuff back in the days
[12:12:01] <+fearofhell> ugh, mw2 was my first steam game, put wayyyy too many hours into that
[12:12:08] <CayteaCrisis> No, I couldn't even get through Black Ops without wanting to curse everyone out xD
[12:12:25] <jbg0625> HeyGuys
[12:12:47] <PurpIeYoshi> oh yeah black ops be toxic tho lol
[12:13:09] <CayteaCrisis> It's funny when it's everyone but me raging at the game
[12:13:13] <PurpIeYoshi> wassup jbg
[12:13:13] <+fearofhell> Well @PurpIeYoshi and @CayteaCrisis ya'll were real fun to chill with, have yourselves a good one HeyGuys
[12:13:25] <+fearofhell> im out for now
[12:13:28] <CayteaCrisis> Night @fearofhell
[12:13:43] <PurpIeYoshi> fear add me you cool dawg
[12:13:59] <PurpIeYoshi> ttyl
[12:14:19] <+fearofhell> ttyl
[12:14:33] <PurpIeYoshi> im not really that toxic tbh
[12:14:58] <PurpIeYoshi> only if like my teamates sucks 😂
[12:15:03] <CayteaCrisis> Don't you know that purple is a toxic color in the wild? Kappa
[12:15:33] <PurpIeYoshi> yeahh but thats beside the point LUL
[12:15:46] <CayteaCrisis> Same here, but there were worse players than me and I always wished they'd die quickly LUL
[12:16:43] <PurpIeYoshi> Yeah 😂
[12:17:08] <CayteaCrisis> That or I wished Friendly Fire was an option
[12:17:30] <CayteaCrisis> Dock my score, I don't care, just get them away from me D;
[12:17:53] <PurpIeYoshi> well in call of duty you got hardcore mode you can shoot allies and well csgo.. yeah LUL
[12:18:32] <CayteaCrisis> Yeah, but then I'D be killed in HC mode.
[12:19:02] <PurpIeYoshi> aye its alright
[12:19:40] <CayteaCrisis> Yeah, but still
[12:19:58] <PurpIeYoshi> Btw what do you think of stew leaving c9 to sk? which is a brasilian team?
[12:20:15] <PurpIeYoshi> and anyway call of duty is dead nowadays LUL
[12:20:50] <Modyghost> adsad
[12:21:17] <mamx29> lol round 18 nice ad rolling LUL
[12:21:31] <CayteaCrisis> It's kind of a toss up for me really, because C9 was good, but SK is better. C9 could've really tried to dominate if they tried, but SK has already shown how strong of a pro-league team they are.
[12:22:09] <PurpIeYoshi> gotta get that money LUL and i agree. stew said he left cause he felt sk was better and theyre always trying to do their best
[12:22:30] <PurpIeYoshi> C9 even if he won a championship he didnt felt that energy
[12:22:44] <CayteaCrisis> Exactly, and C9 is still fimbling trying to find where their strengths are in their own team members.
[12:22:44] <mamx29> but sk have to speak english now because of him. it's a double edge knife
[12:23:33] <CayteaCrisis> Well, English is one of the most widely spoken languages past Mandarin so it's a plus for the team.
[12:23:54] <PurpIeYoshi> Yup..
[12:23:54] <@Moobot> Start your esports career on ESL Play: http://esl.gg/eslplaycsgo
[12:24:11] <mamx29> not that of a plus. they can sometime chocking because of that
[12:24:11] <PurpIeYoshi> !uptime
[12:24:12] <@Moobot> @PurpIeYoshi Uptime is: 12h 24m 20s
[12:25:26] <CayteaCrisis> It'll be a transition for Stew and SK, but they'll eventually learn how to communicate with one another effectively. They can't just speak Portuguese and hope Stew knows what they're saying.
[12:25:47] <PurpIeYoshi> Alot of those teams have potential i cant wait for summer tournament
[12:26:02] <PurpIeYoshi> and most of SK speaks english shouldnt be that bad
[12:26:15] <CayteaCrisis> Same here, it's going to me a massacre if FaZe and SK go head to head.
[12:26:43] <PurpIeYoshi> that would be an insane matchup
[12:27:01] <mamx29> I still hope for s1mple get a first Major champion with Navi.
[12:27:05] <CayteaCrisis> That'd be a matchup for the ages
[12:27:42] <PurpIeYoshi> s1mple is good but aint heard nothing good of Navi lately
[12:28:03] <mamx29> Yah, that the problem
[12:28:08] <CayteaCrisis> Nope, they're team just hasn't been in it lately
[12:28:33] <mamx29> Navi have no clear strat at all, they depending in s1mple too much
[12:29:03] <PurpIeYoshi> Theyre washed up.. like Nip.. used to be my fav team too
[12:29:22] <CayteaCrisis> They need to find their strengths like C9 needs too, and then focus on rotation until their entire team is rounded out.
[12:29:47] <mamx29> They are getting back bit by bit, but still not enough.
[12:30:05] <PurpIeYoshi> if C9 finds their strengths and weaknesses as much as Navi they would be insane no joke
[12:30:16] <CayteaCrisis> Nip is a tragic loss. They used to be one of my favorites as well.
[12:30:49] <PurpIeYoshi> im just mad that theyre is alot of good players who are in teams who are "bad".. and yeah its sad..
[12:30:55] <CayteaCrisis> They could get right behind FaZe or SK, but they'd have to build their skills more to match them.
[12:30:55] <mamx29> C9 LUL first nothing and shround, now ska
[12:31:20] <PurpIeYoshi> they also lost stewie
[12:31:38] <CayteaCrisis> Yeah, and Stew was one of their better players.
[12:31:50] <Onurberke2626> Liquid Win
[12:31:54] <PurpIeYoshi> they have tarik tho.. huge leader and entry fraggers
[12:32:17] <mamx29> He didn't shine much in the Major, nut he still 1 of the key player
[12:32:17] <CayteaCrisis> Liquid is making a comeback, but Renegades could pull ahead again.
[12:32:48] <+Bob123427> come check me out im streaming fortnite
[12:32:55] <PurpIeYoshi> yeah true.. and yeah its anybody's game rn but the money is a big difference
[12:33:03] <mamx29> Fortnite LUL
[12:33:13] <PurpIeYoshi> LUL
[12:33:15] <CayteaCrisis> Shut the front door and walk away, Bob.
[12:33:36] <PurpIeYoshi> fornite players be saying csgo is dead lmao
[12:33:52] <CayteaCrisis> It's far from dead lmfao xD
[12:34:22] <PurpIeYoshi> i know right 😂
[12:34:22] <mamx29> 250k viewer in major is enough
[12:34:25] <CayteaCrisis> Like saying Overwatch is dead when there are plenty of players still playing it lmfao
[12:34:39] <igorzarkov> is this live rerun?
[12:34:46] <PurpIeYoshi> yes
[12:34:49] <CayteaCrisis> Nope, just rerun
[12:35:01] <igorzarkov> hahah trollin guyz
[12:35:05] <CayteaCrisis> I thought reruns were never live? O_o
[12:35:14] <igorzarkov> :( :D :D
[12:35:22] <PurpIeYoshi> well its live but like rerun
[12:35:28] <mamx29> The anti-cheeting Ai in Csgo doing the goodjob i think
[12:35:33] <PurpIeYoshi> i mean thats logic aint it 😂
[12:35:44] <mamx29> Like my overwatch is now full of cheeter
[12:36:01] <CayteaCrisis> Find a wall and try walking through it, Yoshi LUL
[12:36:09] <igorzarkov> did someone know why is no skins on csgo bet sites? there is only pubg to withdraw
[12:36:34] <mamx29> Cause Valve patched it few days ago
[12:36:35] <PurpIeYoshi> sure thing 😂 and idk try another site
[12:36:35] <@Moobot> Join the ESLCS steam group http://steamcommunity.com/groups/eslcs
[12:36:58] <mamx29> They change trading system
[12:36:59] <igorzarkov> what that means patched it?
[12:37:22] <igorzarkov> is this bad?
[12:37:23] <mamx29> It take a week for item to be trade now
[12:37:34] <CayteaCrisis> That sucks...
[12:37:43] <PurpIeYoshi> they did this soo less change of scam?
[12:38:00] <igorzarkov> i went from daily 0.20€ to 40€ and i need to withdraw stupid pubg skin
[12:38:01] <mamx29> Is the dead for all betting site
[12:38:02] <CayteaCrisis> More than likely if they were getting a lot of scam reports
[12:38:33] <igorzarkov> are they goin to fix this?
[12:38:48] <PurpIeYoshi> i mean i think theyre trying to shut down betting sites since its easy to make money in those
[12:38:53] <mamx29> no, they want to stop all betting in csgo
[12:38:54] <CayteaCrisis> Usually, the changes are permanent
[12:39:06] <SkyTech6> This is their fix XD
[12:39:11] <PurpIeYoshi> and im not sure if theyre getting money by those betting sites
[12:39:13] <mamx29> since you cant bet your item when it take 1 week to trade again
[12:39:15] <igorzarkov> but why maan
[12:39:30] <PurpIeYoshi> they want money lmao
[12:39:34] <igorzarkov> that thing is kinda dumb btw
[12:39:43] <SkyTech6> cause gambling sites are unethical?
[12:39:53] <CayteaCrisis> If they want money, open their own betting site.
[12:39:54] <Gpiresjr> Cadê o taco?
[12:39:54] <mamx29> Scam report dude
[12:40:10] <ZarekGod> ?
[12:40:15] <igorzarkov> gambling is for those who cant afford better skins cmoon volvo
[12:40:18] <CayteaCrisis> Take a percentage from what is bet.
[12:41:19] <igorzarkov> i need to buy that pubg
[12:41:33] <igorzarkov> but its 30 euros man
[12:41:37] <CayteaCrisis> Pubg even came to mobile ffs
[12:41:48] <PurpIeYoshi> dont spent money on that
[12:42:11] <PurpIeYoshi> ive played it and ive been a fan of it but like you get bored of it easily
[12:42:20] <mamx29> Yeah Pubg suck by now
[12:42:33] <mamx29> the skin price not gonna be that high for long
[12:42:38] <CayteaCrisis> Pubg is free on mobile -_-
[12:42:42] <PurpIeYoshi> the maps are way too big and not enough players
[12:42:54] <PurpIeYoshi> yeah but on mobile pubg is real bad
[12:43:16] <CayteaCrisis> It's why I haven't downloaded it despite the #1 status on it
[12:43:23] <PurpIeYoshi> they wanted to put it on mobile real quick soo they didnt take care of glitches and everything
[12:43:40] <PurpIeYoshi> you can get skins but its useless
[12:43:48] <CayteaCrisis> Yeah, they'll try to fix them down the line despite not having a beta release
[12:44:13] <mamx29> Bad optimize, item sell with high price, and most of the game is hide and seek
[12:44:28] <PurpIeYoshi> yup and you mostly run away from the circle
[12:44:49] <CayteaCrisis> When you're supposed to run towards it
[12:46:00] <PurpIeYoshi> its just a waste of money and igor i think even if they shut them down, people are still gon put new sites up
[12:46:54] <mamx29> Pubg is good if you have friend and play squad tho.
[12:46:56] <JCAlcapone> just forget PUBG, there is ROE OF ELYSIUM, JUST GOOGLE URSLELF AND GO PLAY IT, ITS ALMOST BUG FREE AND BETTER THAN PUBG. i forgot, its also a FREE GAME
[12:46:56] <@Moobot> Start your esports career on ESL Play: http://esl.gg/eslplaycsgo
[12:46:57] <CayteaCrisis> Yep, and they'll do like pirate movie sites: switch url each time in order to keep hiding.
[12:47:29] <CayteaCrisis> Go walk off a cliff, JCA.
[12:48:00] <PurpIeYoshi> Soo toxic Caytea, he tryna advertise LUL
[12:48:07] <JCAlcapone> pubg sheep
[12:48:18] <JCAlcapone> i just tell this kids good game
[12:48:24] <CayteaCrisis> I know, but he doesn't see that I'd rather shank him than look that game up LUL
[12:48:40] <PurpIeYoshi> Lmao 😂
[12:48:54] <CayteaCrisis> xD
[12:48:59] <PurpIeYoshi> JCA no hate tho all love LUL
[12:49:00] <JCAlcapone> ur like america, ignorant actions
[12:49:27] <CayteaCrisis> I'm like America, I hate my own country and the president makes me wanna die LUL
[12:49:49] <PurpIeYoshi> Im happy too be Canadian LUL
[12:49:55] <mamx29> Like the shit happen in Syria right now LUL ?
[12:50:05] <CayteaCrisis> I like Canada too, lets trade Kappa
[12:50:30] <JCAlcapone> syria is just one more planted plot so they can "democratise"
[12:50:35] <PurpIeYoshi> Nah id rather stay here, we dont like trump ugly lookin' ass
[12:50:44] <CayteaCrisis> Syria is a stockpile or shit and piss right now lol
[12:51:05] <mamx29> It's alway about oil and money
[12:51:06] <PurpIeYoshi> i mean trump just destroyed that country..
[12:51:23] <JCAlcapone> but still, it has rivers of oil pouring out of soil
[12:51:31] <CayteaCrisis> I hate my own country for the simple fact it chose an asshole...that wants to build a fuckin' wall. Like China didn't try that already -_-.
[12:51:37] <JCAlcapone> it needs america to be free
[12:52:14] <SkyTech6> Destroying 3 factories... isn't really "destroying" the country
[12:52:15] <JCAlcapone> you dont have a choice, its all a plot
[12:52:27] <mamx29> All America president promiss lot of thing. But they never and the war they cause
[12:52:31] <JCAlcapone> you need to start to wake up, but ur media is all bought
[12:52:37] <CayteaCrisis> If it didn't work in China, it won't work between the US and Mexico.
[12:52:49] <PurpIeYoshi> Hes not gonna do shit
[12:53:08] <PurpIeYoshi> all the things he promise and didnt do
[12:53:16] <CayteaCrisis> Who'll build it? The people he's trying to keep out LUL
[12:53:33] <JCAlcapone> with mexico money also
[12:53:42] <PurpIeYoshi> the guy dont even believe in climat change somebody help him LUL
[12:54:11] <CayteaCrisis> Nah, Mexico recalled all their support and wish Americans weren't so stupid.
[12:54:36] <mamx29> But i still think Trump better then Hilary Clinton, she seem fake to me.
[12:54:44] <JCAlcapone> climat change is money making, weather is already mostly engeneerd
[12:55:01] <CayteaCrisis> He's never read a Science book, I don't even think he knows what NASA is doing xD LUL
[12:55:28] <PurpIeYoshi> Most likely, and Hilary was friend with Obama and i feel like he was WAY better than trump
[12:55:35] <uthgardthemediocre> i preict you will breath in the next 99 mins
[12:55:42] <PurpIeYoshi> yes he didnt do some of the things he said but still
[12:55:42] <Jeremycoolj> bro they shoed this same match yesterday wtf
[12:55:55] <PurpIeYoshi> jeremy its a rerun
[12:56:07] <CayteaCrisis> Obama was the best president we've had in the last two deacdes.
[12:56:18] <Rommlel> LUL
[12:56:18] <+silver_medal> Jebaited
[12:56:19] <mamx29> LUL friend
[12:56:56] <uthgardthemediocre> GabeN GabeN GabeN GabeN GabeN GabeN GabeN GabeN GabeN GabeN GabeN GabeN GabeN GabeN GabeN GabeN GabeN GabeN GabeN GabeN GabeN GabeN GabeN GabeN
[12:56:56] <mamx29> Watch house of card
[12:57:05] <iamihop> talk about a low bar... the last two decades... lol
[12:57:07] <CayteaCrisis> Ffs, most of the celebrities didn't like him either. That says something when even the Hulk wishes you weren't President.
[12:57:40] <PurpIeYoshi> Its pathetic
[12:57:52] <+silver_medal> you keep resisting & screaming at the sky brah
[12:57:52] <@Moobot> Join the ESLCS steam group http://steamcommunity.com/groups/eslcs
[12:57:58] <PurpIeYoshi> gg ez
[12:58:25] <mamx29> Because he did the shit no celebrities can, become an asshole tha can make america better
[12:58:57] <mamx29> and i'm not even american but i think he doing the fine job LUL
[12:59:40] <PurpIeYoshi> fl0mT
[13:00:44] <iamihop> generally, if your enemies and rivals, along with tyrants and dictators, love your president, that's a bad sign.
[13:00:53] <iikey_king> Pizza
[13:01:25] <CayteaCrisis> BibleThump PunOko
[13:01:39] <iikey_king> Squid3 Squid2 Squid1 Squid2 Squid4
[13:02:00] <PurpIeYoshi> Well yall imma go watch some youtube vids @cayteacrisis youll add me ill catch ya later and mamx was fun talking to you to! BE STRONG YALL fl0mG fl0mLUL
[13:02:17] <mamx29> Bye
[13:02:26] <CayteaCrisis> Later Yoshi!
[13:02:39] <PurpIeYoshi> you can add me to if ya mamx, you cool dawg
[13:02:50] <PurpIeYoshi> want
[13:05:26] <CayteaCrisis> I'mma hop off too, night everyone! o/
[13:07:39] <scherk454> algum BR ?
[13:15:50] <Yalex3223> this is live right? Kappa
[13:15:59] <brando12> no
[13:16:15] <Yalex3223> it is live
[13:17:19] <brando12> ni
[13:20:18] <trash_can111> it says 2017 lol
[13:20:30] <trash_can111> im guessing you are just acting stupid
[13:20:55] <brando12> i think he is sir trash
[13:21:02] <OhDamyam> its a meme trashcan lmao
[13:21:16] <ArkBirdFTW> jesus is that tarik
[13:21:26] <ArkBirdFTW> no nvm
[13:24:55] <+TMoneyyy> Im live check me out if u like fortnite
[13:29:22] <HotNurse69> RE RUN seaS
[13:50:58] <flare__x> FaZe up
[13:53:42] <ji3aku_tennin> cmonBruh
[13:53:56] <Notwork12> BCWarrior
[14:08:29] <Polonium2> YOUR MOM GYA
[14:09:27] <kauedx> tue
[14:20:16] <smallz55> Who wins just tell me chat
[14:23:21] <+l0wnairshine> google it
[14:27:12] <Krizaah_> no u
[14:31:30] <+TMoneyyy> Was live for 5 hours playing fortnite drop a follow so u know when i go live tomorrow
[14:31:43] <jimmbob> No
[14:34:34] <rubenmiguel97> im very sad
[14:37:14] <BGiantPT> is this live?
[14:40:46] <ardent64> \_
[14:42:56] <DEvine0Knight> 600 viewers on a major finals??? LUL this meme is ded Kappa
[15:06:40] <dttamaro> vac
[15:07:01] <Cambam024> VAC
[15:07:14] <Cambam024> LUL
[15:11:41] <arturs_maksis_lv> #aceit
[15:16:29] <+Rexmpk> falatu
[15:18:15] <Lil_ChuBbs_> greekYikes
[15:21:49] <kramir> Йоу
[15:26:09] <Loanranger4444> HEY CSGO IS CRINGE
[15:26:12] <BENAYTUG> !uptime
[15:26:12] <@Moobot> @mendar06 Uptime is: 15h 26m 21s
[15:27:18] <Loanranger4444> CLOUD9 SUCKS
[15:27:57] <Loanranger4444> BTW I COULD DO BETTER THAN THEM IM PRO
[15:28:25] <Loanranger4444> GAMBIT IS BEST
[15:29:22] <+fakersbigrod> Sick production esl
[15:34:19] <Iziqee> gg
[15:36:08] <+slava_tago> why smt blinking on the screen?
[15:36:21] <+slava_tago> hypno
[15:36:40] <+slava_tago> freaking bits
[15:36:50] <guldberg1979> mud0wNXTLVL mud0wNXTLVL
[15:37:12] <+slava_tago> pls stop it
[15:37:19] <guldberg1979> GivePLZ TakeNRG
[15:37:38] <guldberg1979> No
[15:37:46] <+slava_tago> who's playing fortnite?
[15:38:29] <guldberg1979> Me Butthead
[15:38:43] <guldberg1979> mud0wSANDAL
[15:45:45] <lublusobran1e> ребзя
[15:52:01] <ndsnvkzd> гамбит лошары лошары скм
[16:20:09] <+JordieOCE> can you guys see my chat
[16:20:28] <Ruhan_TV> Y
[16:20:43] <+JordieOCE> i think i got ip banned
[16:21:01] <+ddub> can see
[16:21:14] <+danshal> Czs are too good
[16:21:26] <+JordieOCE> ty every stream is black for me and when i go into dashboard it says i am banned
[16:21:35] <+danshal> LUL
[16:22:04] <jbg0625> SeemsGood
[16:22:06] <+JordieOCE> thats some bullshit
[16:32:34] <DeWollfy> Why would you peek in that situation?
[16:44:18] <carlssenvr> Who wins?
[16:45:47] <araflxd> faze
[16:45:58] <mlp_csgo> Faze
[16:46:12] <mlp_csgo> 8-2
[16:51:40] <jmjapanese> Vietnam
[16:52:05] <jmjapanese> Mer
[17:03:11] <sainath5233> when is the next major championship
[17:05:27] <maskokee> Everyday is another challenge, wether you choose to be the champion or not is your choice.
[17:06:01] <maskokee> Does that answer your question?
[17:06:12] <+spider_808> rekt nurd
[17:08:40] <CayteaCrisis> Go FaZe :D
[17:17:37] <Globaldinosaur> sup my nibbros
[17:22:26] <charlesjr> hh
[17:24:41] <+Saoar> what rerun mean?
[17:24:49] <+Vendetterz> Oh
[17:25:01] <+Vendetterz> It’s a replay
[17:25:12] <+Saoar> o ok
[17:25:36] <+Saoar> I'm huge fan of cs but I'm About to be professional player in rocket league lol so i don't play cs
[17:37:20] <dithmarschen> lol same
[17:40:42] <celnestrzaly> GOGOGO Gambit
[17:43:08] <Dppy> Gambit busting a nut
[17:52:48] <kstark> JahBalta
[17:58:25] <+Dongerlordxj9> what a noob
[17:58:40] <Jonsenator> noooo should have stuck it
[18:05:51] <Moitaaa1> Ao vivo ?
[18:05:54] <lookforme81> Shox :(
[18:07:34] <Oscar_Olsson> <3 :)
[18:16:10] <+TMoneyyy> Follow me if you like fortnite
[18:17:12] <Sirbaldorf> VoteNay
[18:25:55] <darkj4ck> VoteNay
[18:26:06] <muhibbi> VoteNay
[18:26:42] <Xsvampen> Wtf is wrong with this pauses mid game.......
[18:26:58] <darkj4ck> idk fam
[18:27:13] <darkj4ck> too greedy these companies
[18:28:35] <+b1gtoe> Type 1 if you aren’t a bot
[18:29:41] <hans_ol> Rerun from group stage of event from last year and has more viewers than JDM and M0e combined. :thinking:
[18:30:56] <darkj4ck> m0e DansGame
[18:34:35] <mr_redfox162> shox..... i miss you for now
[18:35:22] <dasheadstreak> g2
[18:35:34] <dasheadstreak> no chances in Cybersport
