[0:00:08] <+drewpel> OH BUT THES SHOW UP OF COURSE
[0:00:59] <+Zombieattackr> Timer started
[0:01:13] <+Zombieattackr> Wait wrong stream
[0:04:40] <+uncrewedzeus93> wooo
[0:04:58] <+ThremTwitch> yeet
[0:05:15] <casper9271> Yo
[0:14:09] <RespectableLady> I have a small and tight hole OMEGALUL
[0:17:45] <shivansh_khatri> PowerUpL DxCat PowerUpR
[0:18:01] <+mine_fewer> cool gameplay
[0:18:07] <shivansh_khatri> LUL
[0:21:42] <shivansh_khatri> cmonBruh
[0:23:06] <hachwompamby> LUL only real LULer can build this perfect pyramid LUL LUL . Try like me !Try like me ! Try like me !! LUL LUL LUL And my pyramid still higher!!!!!! LUL LUL LUL LUL -
[0:26:21] <Pafcio12> LUL only real LULer can build this perfect pyramid LUL LUL . Try like me !Try like me ! Try like me !! LUL LUL LUL And my pyramid still higher!!!!!! LUL LUL LUL
[0:27:20] <mjlytle> Hey guys
[0:28:05] <+Saimoz> heya
[0:29:48] <RespectableLady> roxi LUL
[0:30:08] <RespectableLady> !vanish
[0:30:20] <RespectableLady> I'm a ninja
[0:31:20] <nickjob33> сосать
[0:53:04] <+reedwh> IS this LIVE?
[0:53:45] <+african94> no
[0:53:49] <GarudaMM> Yeah, live from 2017
[0:54:25] <+reedwh> oh cool i didnt know there was a tournament going on
[0:54:49] <Goodinhoo> i hav e seen this game yesterday omg
[0:54:51] <MisToGaN1997> !maya
[0:56:52] <+reedwh> crazy they would do a game this early
[0:57:34] <kingdoges> I don’t know why I’m here I don’t play cs anymore
[0:57:48] <kingdoges> But i hope NiP wins
[0:58:05] <+reedwh> yeah i know this game is so cool
[0:58:27] <+reedwh> but this isnt CS bro
[0:58:45] <kingdoges> Counter strike ?
[0:58:46] <TyroGamer0> yeah it is
[0:58:47] <+reedwh> this is fortnite
[0:58:54] <kingdoges> lmao
[0:59:06] <+reedwh> n00b its not CSGO
[0:59:18] <+reedwh> i hope he drops tilted
[0:59:28] <kingdoges> Fortnite is taking over guys...
[0:59:39] <kingdoges> IM MAD
[1:00:11] <axebob> bot
[1:00:23] <axebob> c
[1:00:28] <+reedwh> is that AK gun new to Fortnite Battle Royale?
[1:00:41] <+Faceeater52> F
[1:00:44] <+reedwh> I love FORTNITE BATTLE ROYALE
[1:00:47] <kingdoges> Yeah today’s update
[1:01:08] <+reedwh> WHO ELSE LOVES FORTNITE BATTLE ROYALE
[1:01:13] <kingdoges> they canceled the lmg
[1:01:38] <kingdoges> Meee
[1:01:51] <+reedwh> I LOVE NINJA
[1:02:02] <TyroGamer0> whats 333x2
[1:02:19] <kingdoges> I LOVE MYTH
[1:02:35] <kingdoges> Wait.....
[1:05:25] <ryantwenty1> AngelThump
[1:05:40] <ryantwenty1> :tf:
[1:06:48] <+PiP_ph0s> device no more at astralis?
[1:09:34] <elvinbuz> @PiP_ph0s Nope
[1:10:08] <+PiP_ph0s> @elvinbuz where is he now?
[1:12:04] <elvinbuz> @PiP_ph0s oh wait, he is actually still in Astralis but he's not in this game
[1:12:38] <+PiP_ph0s> @elvinbuz just googled it myself but ty :)
[1:16:39] <bugrasamurrr> Nextime ?
[1:17:31] <STATIKOOO> !vpn
[1:20:22] <RespectableLady> conVIRGIN
[1:21:02] <greenpheonixk> there is a live tournament going on why yall here lol
[1:31:19] <reapershaitch> rip chat?
[1:31:48] <alamosis> NA CS LUL
[2:01:10] <+xc0nceptx7> 22
[2:10:05] <KingDumpsters> Anyone know when they are rerunning the C9 game
[2:16:10] <XxMFDxX> yo
[2:18:34] <rubenmiguel97> hellooo
[2:24:57] <+SteveJEWBZ> W I N D O W S
[2:27:15] <KingDumpsters> Oops
[2:27:29] <KingDumpsters> Don’t kick plz lmao
[2:29:47] <+thebomber0707> Ayy
[2:31:07] <flshballcat> PAI?!
[2:45:53] <kumamao622> wtf
[2:46:16] <kumamao622> scream ! is this real?
[2:46:26] <flshballcat> aqui é brasil caralho
[2:46:58] <flshballcat> Go SK!
[2:59:02] <soloraiding> ResidentSleeper
[3:14:50] <akram_shaarawy> hyy
[3:32:12] <+bandy_7> cheer 1
[3:35:19] <seNb> sk bitmis bitmis
[3:36:51] <maano20> i have donated 500$ for kennys
[3:38:03] <maano20> And my Dad is ColdZera
[3:38:28] <maano20> I have a pc with leds
[3:38:50] <petitgoatee> hi
[3:40:13] <scrubnub21> bl@ck scr33n?
[3:40:59] <+freebigbrother> If you're on PC and it's broken, type /popout after the URL for a temporary fix.
[3:56:20] <mgil1234> is this real life or already happend ?
[3:56:38] <mgil1234> oh it is a rerun nvm
[4:01:46] <+Aria_lolplayer> hej
[4:03:51] <fuzzydoom32> POG
[4:04:24] <+Aria_lolplayer> xD
[4:12:58] <jonas_drescher> go sk
[4:16:03] <itzownedkill> GOOD!
[4:21:03] <+muskepo> !score
[4:32:24] <+Fleszar79> EZ CLap
[4:32:42] <+Fleszar79> EZ Clap
[4:34:26] <+Fleszar79> monkaS
[4:41:03] <+Kajuin_> FortOne
[4:41:13] <Enismaholli> PJSalt PJSalt PJSalt PJSalt PJSalt PJSalt PJSalt PJSalt PJSalt PJSalt PJSalt
[4:42:41] <Enismaholli> Press "F" If ur Ninja's Fan
[4:42:53] <+RyanLegacy> no
[4:43:00] <Enismaholli> Press "F" If ur Ninja's Fan.
[4:43:12] <+RyanLegacy> FortBush FortBush
[4:43:18] <Enismaholli> lol
[4:43:30] <+Antonnix> What happened with ninja?
[4:43:33] <Enismaholli> SnickersHype
[4:43:47] <Enismaholli> he want some sleep
[4:43:57] <Enismaholli> s
[4:44:10] <+Antonnix> Ah I was wondering if you were talking about the whole n-word thing
[4:46:21] <+ItzTedzy> pugTw
[4:49:52] <fenixjff> lol .
[4:54:26] <artemowl1> ***
[4:55:08] <byriix_> p
[4:55:31] <araflxd> noooooooooooo
[4:55:33] <byriix_> why anyone is speaking ?
[4:56:35] <+dlScatManlb> Halftime break on a rerun... makes no sense
[4:57:21] <iTzNiiick> yup
[5:03:28] <Pmetvanarchy> Wheres Swag i haven't been up to date on the community lateralt
[5:03:41] <Pmetvanarchy> Lately*
[5:06:57] <CrysrtalFire> TwitchRPG
[5:16:48] <ryanbot1234> BloodTrail
[5:20:35] <+Grizzly_FPS> thumpFarm thumpFarm thumpFarm thumpFarm thumpFarm
[5:26:06] <+General_Bong> free $30 game on humblebundle yo! called satellite reign
[5:35:53] <ian22c9> is this repetition?
[5:38:01] <+hinviggo> yes
[5:38:02] <amine0gaming> yp
[5:38:13] <ian22c9> ok thx
[5:38:15] <zukulenciaextrema> cloud 9 wins now gtfo of here
[5:38:32] <toamini> ^
[5:43:23] <Esponjoso_88> !teams
[5:49:06] <fabie> c9 is best lol
[6:06:43] <Folosep> a
[6:10:53] <+NateShotTacos> Rerun?
[6:11:09] <lilboichu> this is old
[6:11:12] <+NateShotTacos> Oh nvm stewie on c9 it’s a rerun
[6:11:36] <+NateShotTacos> Young stew left us 😰😰
[6:18:39] <+Spenace_The_Menace> Hey, its the "wrist tape from gaming too hard" guy.
[6:27:43] <+rubenetfoios> adds in reruns.. fak my life
[6:29:00] <srmulssumano> eaiiii
[6:35:04] <CyberStormer65> hi
[6:46:32] <PurpIeYoshi> !title
[6:46:32] <@Moobot> @PurpIeYoshi Title is: RERUN: EnVyUs vs. The MongolZ [Cache] - Group A Round 2 - IEM Oakland 2017
[6:53:20] <IzyaboiConnor> yoooooooo
[6:53:27] <v_morais> god
[7:48:27] <gamermanu1> OhMyDog
[7:48:40] <+Spychikn007> Keepo Keepo Keepo
[7:57:17] <+ekujodia> Oof ads
[8:06:44] <bigodonrx> ***
[8:16:19] <nunes_0110> !uptime
[8:16:19] <@Moobot> @nunes_0110 Uptime is: 8h 16m 28s
[8:17:02] <TheGreenRobotProduct> They should be Rerunning DreamHack Marseille matches tbh.
[8:23:08] <frknordu39> hi
[8:30:37] <+Ariantoad> this is live btw
[8:32:08] <Qlassix> bttw
[8:36:49] <wRedHunter> Where can I watch the newest episodes of supernatural here in Norway?
[8:37:08] <wRedHunter> with good quality
[8:41:10] <Bonymic> fmovies
[8:53:54] <lanpou87> !rank
[8:54:51] <Bigmacdc> ffrenePat
[8:55:07] <wabbitIV> !title
[8:55:07] <@Moobot> @wabbitIV Title is: RERUN: EnVyUs vs. Astralis [Inferno] - Group A Round 3 - IEM Oakland 2017
[9:03:04] <gustavoohsu> 🤔
[9:14:31] <The_Small_Face> lol
[9:20:31] <MagicMushrooom> ez
[9:20:49] <jemicsgo> pz
[9:21:19] <TheGreaterFool> cz
[9:32:11] <+DatGoodSir> Elephants are the only land animal that can't jump.
[9:40:56] <Zigfriend> algum BR no chat por favor?
[9:41:27] <randomlagger> LULULULULUUL
[9:46:23] <KingMG2000> hi guys i have a video bad qualli but nice gameplay just watch it after the rerun game on youtube:"Ninja Ace Godlike CS:GO Inferno"
[9:46:48] <KingMG2000> and leave me a comment if you like it :D
[9:51:01] <Yanartur> aqui fion
[9:51:38] <Yanartur> @zigfriend q foi???
[10:04:04] <+OfficialStammy> Lmao checking right on that corner DendiFace
[10:37:42] <+sneakyguy0911> Hi
[10:42:07] <fatl3nny> Hello :-)
[10:42:39] <Blongskie> hola!
[10:45:26] <rubenmiguel97> the game its nice ??
[10:46:16] <rubenmiguel97> no one there?
[10:48:03] <rubenmiguel97> wtf
[10:49:06] <+Simonhorja> why yall watching this
[10:49:29] <TacticxVortex> y r u ? to come here and ask others why there watching ?
[10:49:44] <TacticxVortex> what a sad life u must have
[10:49:51] <+Simonhorja> cs id dead meme\
[10:50:06] <+Simonhorja> no u
[10:50:13] <TacticxVortex> lol
[10:50:23] <TacticxVortex> so u do have a sad life and join streams to ask people y there watching
[10:50:27] <+Simonhorja> tactic why u watching this
[10:50:35] <TacticxVortex> very sad
[10:50:41] <+Simonhorja> don't you have more important things to do?
[10:50:57] <+YANKEEMAN123455> Yes
[10:51:14] <+YANKEEMAN123455> Thx for reminding me
[10:55:55] <ZoIars> o yes
[10:56:02] <Twurl_> Live?
[10:56:17] <ZoIars> ye
[10:56:35] <Sinistersock0> god this has been a rough half for G2
[10:57:53] <+OfficialStammy> G2 have had both rough halves xD
[10:58:45] <+OfficialStammy> You can see G2 panicking in spawn trying to sort out drops in first half, I knew then that they'd at least lose first half
[11:18:45] <+kob3> ew
[11:19:01] <+kob3> youll see him pick his nose
[11:19:07] <Harambehunter123> no
[11:23:24] <djinvoker6> ot
[11:29:18] <Sinistersock0> have you ever thought that there are gun skins in cs that are worth more than the real gun would
[11:30:26] <irma_commingforthatass> have you ever thought that some skuns are worth more than cars
[11:30:50] <Sinistersock0> oh its totally insane
[11:31:00] <irma_commingforthatass> 3k for a skin
[11:31:32] <Sinistersock0> im pretty sure you can buy a real karambit doppler for less than the skin
[12:16:49] <lolman2110> someone wanna join scrim
[12:17:06] <lolman2110> need one
[12:25:06] <karca_> is this the br steel?
[12:34:35] <$chipskilIed> forsenBee
[12:38:59] <TheLeoPls> ñ
[12:45:09] <+rekless99> this game is intense
[12:46:36] <Zhyxnok> Very intense
[12:58:35] <sombra_98h> MrDestructoid BloodTrail KappaPride GOWKratos GOWAtreus
[13:09:42] <CETCET1> canlımı lan
[13:10:08] <CETCET1> laaaaaaaaaaaaaaaaaaaaan
[13:11:49] <+Wuccus242> thought optic died
[13:13:32] <xSmesHx> hi HeyGuys
[13:16:09] <CETCET1> live match ?
[13:16:45] <CETCET1> SnickersHype
[13:17:09] <iojji> yes, it is
[13:20:35] <XxZoxX18> its rerun
[13:21:33] <godknows> Rerun
[13:27:47] <seargentbear123> OK
[13:28:06] <Sinistersock0> what was that
[13:29:58] <Sinistersock0> we are rigid
[13:30:48] <+ownr> nice ads lol
[13:35:25] <LionRodriguez> EleGiggle EleGiggle
[13:42:02] <+mine_fewer> this game needs more maps
[13:44:44] <+Ziplify> gg
[13:49:22] <xGallinger> his voice tho!!! LUL LUL LUL
[13:59:09] <Kreynosix> @ESL_CSGO is someone there all the time or do you just play reruns and go away
[14:13:38] <StraitusBrittany> hamz1 hamz2
[14:14:04] <StraitusBrittany> hamz3 hamz4
[14:21:24] <AxelFlahertyII> que jugaba?
[14:21:32] <Lololsak121321313> hobbit
[14:28:40] <MooSauras> for a live match this doesn't have many views
[14:30:41] <Kanurai> it is rerun
[14:31:52] <l1ghtningggg> is this giveaway now
[14:33:46] <gwpkrispykitty> Stream lag
[14:39:39] <Lololsak121321313> score 1-1?
[14:43:07] <+timitank23> siema
[14:47:12] <+sk1nny_omg> fpsPro fpsPro fpsPro fpsPro fpsPro fpsPro fpsPro fpsPro fpsPro fpsPro fpsPro fpsPro fpsPro fpsPro fpsPro fpsPro fpsPro fpsPro fpsPro fpsPro fpsPro fpsPro fpsPro fpsPro
[15:02:01] <Winsteam> o galera me segue na twitch me da uma forca ***
[15:02:46] <Winsteam> e so clica no meu nock agradeco
[15:02:50] <+d44papa> que? yo no hablo mucho espanol
[15:03:41] <+d44papa> pueda habla ingles o no?
[15:05:09] <FlamingHotSushi> si
[15:06:17] <leviathan_fortnite> hi
[15:06:37] <Notrance> you probably wonder why I gathered you all here
[15:13:54] <FireWinteR> woow
[15:18:57] <+nogoodnameleft95> SUUUUUUUUUUUUUUUUUUP
[15:42:21] <SheildGames> Kappa
[15:45:51] <markodavkovski> !claim
[15:50:58] <markodavkovski> TheThing
[15:57:02] <DarKasTicForEver> lol
[15:57:04] <belyeg> wtf
[15:57:06] <sainath5233> how to get drop
[15:57:24] <Triple58> @sainath5233 its a replay
[15:57:26] <belyeg> @sainath5233 rofl
[15:57:28] <DarKasTicForEver> u wont get it now its a rerun
[15:58:16] <sainath5233> then when i can get drop
[15:58:45] <DarKasTicForEver> in a major mostly
[15:59:01] <DarKasTicForEver> that too live
[15:59:10] <belyeg> any when you play mm
[15:59:16] <sainath5233> when is major championship
[15:59:37] <belyeg> next week
[15:59:57] <sainath5233> on which date
[16:00:07] <DarKasTicForEver> uhh omg
[16:00:21] <belyeg> 28
[16:00:22] <DarKasTicForEver> go check it urself
[16:00:49] <belyeg> and starts from 5 am
[16:01:10] <belyeg> nip is in the legend stage.
[16:01:11] <sainath5233> ok thanks for helping @belyeg @darkasticforever
[16:01:31] <belyeg> you are welcome
[16:02:18] <DarKasTicForEver> technically u could check that yourself but ur welcome
[16:02:41] <sainath5233> BloodTrail
[16:03:03] <sainath5233> on there web sites
[16:07:24] <Jumpi11Fnatic> Lol
[16:11:04] <+mine_fewer> not a gg
[16:16:35] <dracktic> These games always seem soo set up one team almost wins and then the loosing team almost takes it back...
[16:17:13] <DurandalsCherry> LUL
[16:17:42] <dracktic> who won?
[16:18:08] <mr_truump> G2 have been eliminated
[16:18:19] <dracktic> oh damn
[16:18:37] <+mine_fewer> map pool is really boring
[16:18:40] <dracktic> well its pretty clear xD
[16:19:53] <dracktic> there it is :P
[16:19:54] <DurandalsCherry> yeah
[16:20:43] <UnknownDude47> BibleThump BibleThump BibleThump
[16:32:35] <zformerstv> sa
[16:34:43] <+mine_fewer> new train looks bad
[16:34:56] <+mine_fewer> do people prefer it to old train
[16:41:41] <cengover1> hi
[16:42:22] <cengover1> please
[16:49:08] <Amferness> why is cole sprouse playing with renegades
[16:51:05] <MaycomFerreira1> BR HUEHUEHUEHE
[16:55:20] <Ishtiaque_Ish7> noob chat
[16:55:42] <TeddyBuggyx> looks like gta
[16:56:00] <Ishtiaque_Ish7> LUL LUL LUL LUL LUL
[16:57:45] <+iPyyro> yeet
[16:57:55] <+FJKING> anyone have ak-47 the empress to trade?
[17:00:50] <shivansh_khatri> get on csmoney
[17:02:10] <+Stablebog> @FJKING The empress is overrated its not that cool in game
[17:03:21] <shivansh_khatri> i prefer Bloodsport
[17:04:09] <Ishtiaque_Ish7> i prefer Safari mesh LUL LUL LUL
[17:04:26] <shivansh_khatri> SeemsGood SeemsGood
[17:04:38] <Ishtiaque_Ish7> indian?
[17:04:41] <shivansh_khatri> good choice
[17:04:53] <shivansh_khatri> yup
[17:05:01] <Ishtiaque_Ish7> oyee chak de pathhee
[17:05:05] <+Stablebog> LUL LUL
[17:05:07] <shivansh_khatri> LUL
[17:05:15] <Ishtiaque_Ish7> LUL
[17:06:04] <Ishtiaque_Ish7> oyee betaa
[17:06:20] <shivansh_khatri> olofmiester doesn't like skins or wut
[17:06:43] <Ishtiaque_Ish7> olofmiester ka patttii uraa do yaar LUL
[17:07:05] <shivansh_khatri> LUL
[17:08:37] <Ishtiaque_Ish7> LUL LUL LUL LUL
[17:09:09] <Ishtiaque_Ish7> olofmeister ka RGB tatti keyboard LUL
[17:09:50] <Ishtiaque_Ish7> @shivansh_khatri
[17:10:16] <shivansh_khatri> haha
[17:11:59] <Ishtiaque_Ish7> Here isss Rain OHH HAHAAAHAHA LUL LUL LUL LUL LUL LUL LUL
[17:12:47] <Ishtiaque_Ish7> LUL LUL LUL LUL LUL LUL LUL
[17:13:10] <Ishtiaque_Ish7> LUL LUL
[17:13:35] <Ishtiaque_Ish7> LUL LUL LUL LUL
[17:14:21] <Ishtiaque_Ish7> LUL LUL LUL LUL LUL LUL LUL LUL LUL LUL
[17:15:46] <Ishtiaque_Ish7> PogChamp PogChamp PogChamp
[17:16:21] <Ishtiaque_Ish7> PogChamp PogChamp PogChamp
[17:17:43] <Ishtiaque_Ish7> PogChamp PogChamp PogChamp PogChamp PogChamp PogChamp PogChamp PogChamp
[17:18:08] <Ishtiaque_Ish7> PogChamp PogChamp PogChamp PogChamp PogChamp PogChamp PogChamp PogChamp PogChamp PogChamp PogChamp
[17:18:20] <dio405> dead game
[17:18:29] <Ishtiaque_Ish7> ya
[17:18:47] <sybrand1234> why dead?
[17:19:08] <Ishtiaque_Ish7> new hack coming like hacker can crash the match
[17:19:22] <sybrand1234> hmm
[17:19:34] <Ishtiaque_Ish7> so that they will never caught in overwatch :I
[17:25:27] <xkropeczka> gg
[17:25:47] <bardi57> nt
[17:26:55] <Freddybanan> ***
[17:32:31] <+iPyyro> skrt skrt
[17:32:32] <@Moobot> Join the ESLCS steam group http://steamcommunity.com/groups/eslcs
[17:46:02] <any_th1ng_> wiaf'
[17:58:20] <DrPaprikaQ> wow super nice live game PogChamp
[17:58:56] <+FlorianPley> lmao
[18:16:15] <DrPaprikaQ> is NBK short for Nutt break kid?
[18:18:30] <outlawrisk> the avg is between 1.5 and 2.5... like 2k?
[18:19:38] <outlawrisk> GRIL?
[18:24:24] <+kralasker> trash
[18:34:48] <+lolchelsea> noob
[18:43:47] <+Erifah> These casters are terrible
[18:48:38] <Pegasus35> wtf
[18:48:57] <dadl0x> ??
[18:49:03] <appiethebest> Guys who is the best team rn in the world ?
[18:49:05] <Kbl95> :(
[18:49:12] <dadl0x> R.I.P.
[18:49:42] <+Ashen_Pestilence> rip?
[18:50:07] <Kbl95> rip
[18:50:10] <Norek22> IEM Oakland 2017?
[18:50:19] <lovetospoons> yep
[18:56:01] <ItsTiko> can someone confirm what he said?
[18:56:23] <ItsTiko> is that scoring system true?
[18:56:50] <FuseRaK> dunno :D
[19:02:40] <Eksofeddd> sea
[19:03:41] <awdaw2> xuyea
[19:03:46] <RamanSingh> Yo
[19:29:04] <+Wazdaaa> Ikea pistol LUL
[19:50:44] <Grage_OSU> RUSSIA!
[19:51:44] <vojtisek12> :D :D :D :D
[19:58:43] <goku_limouni> GUYS CAN ANYONE GIVE ME A SMALL LIL SKIN ?
[19:59:12] <alirzas1> LOL
[20:05:35] <PeGeRiS> ss
[20:08:15] <Mandozar> Oh boy IEM Oakland 2017 again
[20:12:23] <Donence> can you suck my sik
[20:13:10] <Donence> türk varmı ulan tırrekler
[20:13:44] <Donence> olupta sesini çıkarmayanın başı dertten
[20:13:47] <markodavkovski> !res
[20:13:54] <Donence> götü sikilmekten...
[20:14:10] <Donence> :D
[20:15:37] <+Luizreisen123> ,32
[20:16:52] <spycee> Hey
[20:18:01] <Spetriniv> ho
[20:32:23] <+bill_iz_da> let's go
[20:32:44] <profikttvv> go astralis
[20:36:31] <+nickgames3> ninjaPrime ninjaPrime ninjaHi ninjaHi ninjaDisco ninjaH ninjaHyper ninjaHype ninjaK ninjaFail ninjaCreep ninjaCash
[20:37:28] <WeAreNuKeClan> hey
[20:37:33] <Losbude> Where can I see the schedule?
[20:37:44] <WeAreNuKeClan> losbude
[20:37:45] <Losbude> !schedule
[20:38:07] <markodavkovski> ! schedule
[20:38:15] <WeAreNuKeClan> marko
[20:38:21] <markodavkovski> !schedule
[20:38:23] <Losbude> what?
[20:38:35] <markodavkovski> ??
[20:38:37] <WeAreNuKeClan> LOSBUDE
[20:38:51] <WeAreNuKeClan> pls stfu
[20:38:56] <Losbude> ja?
[20:39:04] <markodavkovski> dosta be
[20:41:26] <KroNNosGOD86> HI
[20:41:43] <Uchihamadara096> astralis won
[20:42:39] <KroNNosGOD86> shut up
[20:43:04] <Juld1> "won"
[20:43:17] <Juld1> Its a live game bro
[20:43:34] <+GoldyS5> eblifeWow
[20:43:39] <rtamb> i miss sk being decent :(
[20:44:20] <glokken> haha nice clutch
[20:44:36] <WeAreNuKeClan> juld no its not
[20:44:53] <WeAreNuKeClan> this is a rerun
[20:47:52] <xxxsipanxxx44> LUL
[20:57:20] <ramapiop123> wtf is he doing
[20:57:36] <markodavkovski> BCWarrior
[21:03:41] <ca1reyiz> sea
[21:05:00] <danil_axt> ху
[21:06:12] <casettapefromthe80s> AWP spud.
[21:10:06] <jacob_reid1414> Gg
[21:26:24] <Gandalf1591> ????
[21:39:12] <ikkijkjoustreampie> Spoil pls the score
[21:40:26] <+Dakusy> it's rerun
[21:43:41] <radioactive1211> Choć
[21:55:09] <Polojoblo> yo
[22:06:17] <bitshawk> guys come to my stream looking foward to interact whit you
[22:08:47] <chillilyp> good morning
[22:10:20] <gaylaxiia> stew is still on c9?
[22:10:20] <najlepszyhajgrander> ResidentSleeper ResidentSleeper ResidentSleeper ResidentSleeper
[22:21:50] <+NitroRain_> stewie in c9 LUL
[22:36:35] <balor2454> cs shit
[22:37:19] <+ViciousMutant> Envyus wtf XD that was trash defending.
[22:38:30] <Moitaaa1> Live ?
[22:39:48] <+ViciousMutant> It’s a re run
[22:42:28] <danke321ltu> idinajui
[22:46:02] <ZaivanHASaBIGdick> vace
[22:47:14] <+Spectaqlarr> why is people watching this instead of dreamhack
[22:47:29] <skullym1992> yes me to
[22:50:22] <+ViciousMutant> Stewie is shit
[22:55:47] <+doabigandlongfacezoom> 2017 cmonBru
[22:58:18] <xxstreamsnipxx> when does the dreamhack start???
[23:00:21] <MNoord> 420
[23:06:58] <Polonium2> why aren't you all watching dreamhack?
[23:07:21] <+TraniumB> thank u for tellling me lol
[23:07:38] <Polonium2> nah im asking why you all aren't watching that?
[23:14:08] <Vinemaster11> hi
[23:14:38] <Vinemaster11> Hi
[23:14:51] <Vinemaster11> Awnser
[23:16:19] <BachScharfschutze> forsenPrime click on the subscribe button
[23:18:10] <weverton5506> HII
[23:18:21] <Vinemaster11> Hi
[23:21:25] <CambaTV> old?
[23:21:36] <weverton5506> Y
[23:21:55] <CambaTV> stewie on cloud haha
[23:22:06] <CambaTV> ok rerun
[23:26:26] <+bodega_brent> eslRerun eslRerun eslRerun eslRerun eslRerun eslRerun eslRerun eslRerun
[23:27:23] <weverton5506> eslRerun eslRerun eslRerun eslRerun
[23:27:33] <weverton5506> hehehe
[23:27:54] <Vinemaster11> nice try
[23:28:13] <Vinemaster11> KappaPride KappaPride KappaPride KappaPride KappaPride
[23:28:28] <Hummelbr4ten> PogChamp
[23:28:37] <weverton5506> BloodTrail BibleThump BibleThump
[23:28:49] <weverton5506> br
[23:31:09] <picklerickkk_> Guys, c9 or so?
[23:31:24] <mikeysalo> FaZe
[23:32:20] <Hummelbr4ten> NotLikeThis
[23:32:31] <picklerickkk_> Wow skadoodle
[23:32:33] <+tombone85> c9
[23:32:40] <Hummelbr4ten> c9
[23:32:44] <picklerickkk_> Never heard of him cause I’m new to esports
[23:34:40] <Totterb0t> Prepare to hear a lot about him
[23:35:00] <Kenriit> wutup guys? whats happening?
[23:35:12] <picklerickkk_> Just a rerun
[23:35:27] <Kenriit> ik
[23:35:40] <Antox037> jvblnkñ
[23:36:45] <Kenriit> do you guys just watch whenever you feel for it, or do yiu wqtch when they are livee?
[23:36:59] <picklerickkk_> When I feel like watching csgo
[23:37:01] <ZaivanHASaBIGdick> shut up
[23:37:33] <picklerickkk_> Wow
[23:37:49] <v1dus> kid fight
[23:37:52] <ZaivanHASaBIGdick> I'm taking to the commentators
[23:37:52] <@Moobot> Start your esports career on ESL Play: http://esl.gg/eslplaycsgo
[23:38:18] <ZaivanHASaBIGdick> and I'll knock you out and throw you in water too
[23:38:29] <picklerickkk_> @zaivanhasabigdick how old are you? Jeez
[23:38:39] <ZaivanHASaBIGdick> 20
[23:38:49] <picklerickkk_> Act like it
[23:39:00] <ZaivanHASaBIGdick> I
[23:39:14] <ZaivanHASaBIGdick> I don't care
[23:39:25] <ZaivanHASaBIGdick> hbu
[23:46:49] <Totterb0t> To think if he had cl_righthand 0 instead of 1 he coulda won that round Kappa
[23:47:02] <picklerickkk_> Lol
[23:47:44] <+PNipples> is that banned??
[23:48:44] <Totterb0t> Left handed viewmodels?
[23:48:59] <Totterb0t> I dunno
[23:49:03] <+PNipples> cuz I used to use that all the time in CSGO and then one day it literally got taken off and now i cant use the console
[23:49:47] <+PNipples> i think i got banned from using my console lol like ive tried re mapping it to a different key but i can't even open it
[23:49:52] <skayar> why Stew play with c9?
[23:50:23] <Totterb0t> I mean I use right hand 0 so it isn’t banned in game or anything
[23:50:41] <Toastythetoastz> condo
[23:50:41] <Totterb0t> @skayar rerun from before his team change
[23:51:00] <+PNipples> hmmm interesting yeah idk why its not letting use the console then lol
[23:51:02] <Toastythetoastz> console command of course it's not banned*
[23:51:22] <+PNipples> interesting
[23:51:55] <ntopa> GREECE
[23:52:06] <+PNipples> greekP greekP greekP greekP
[23:56:48] <OnDraBiNar> !followage
[23:57:12] <ntopa> !followage
[23:57:23] <ntopa> !folowage
[23:57:32] <ZaivanHASaBIGdick> what
[23:59:55] <chauka_fr> !followage
[1 day, 0:00:02] <ZaivanHASaBIGdick> what
[1 day, 0:00:20] <chauka_fr> !folowage
[1 day, 0:00:44] <ZaivanHASaBIGdick> what
[1 day, 0:01:08] <+BRIANatorDK1996> @chauka_fr 2 L's sir
[1 day, 0:02:15] <I_AM_CR0W> rip taco sk
[1 day, 0:02:40] <Braviewermine> rip
[1 day, 0:04:07] <ZaivanHASaBIGdick> yes c9 will win
[1 day, 0:05:51] <ZaivanHASaBIGdick> YESSSSSSSSSS
[1 day, 0:06:13] <Braviewermine> its a rerun man
[1 day, 0:06:42] <+RobbyShotta> is this the series they won?
[1 day, 0:09:18] <ddejan42> M
[1 day, 0:10:32] <ddejan42> CorgiDerp
[1 day, 0:13:32] <+ikhaatpaarden> wait this isnt dreamhack
[1 day, 0:15:30] <skayar> @Totterb0t ty
[1 day, 0:15:48] <casettapefromthe80s> Lol.
[1 day, 0:16:10] <skayar> i see
[1 day, 0:16:25] <zeephiros> DansGame
[1 day, 0:18:22] <+caniliveforever3> spoiler: c9 wins boston major
[1 day, 0:36:34] <bitshawk> hi guys im streaming come join we can talk a bit im kinda bored looking foward of talking to you guys
[1 day, 0:37:17] <Nassim_nv> why is csgo dead?
[1 day, 0:37:52] <cmurf_> people like change
[1 day, 0:39:20] <iLikeNotMuch> @Nassim_nv it is not
[1 day, 0:39:38] <iLikeNotMuch> 413,504 In-Game
[1 day, 0:46:22] <kjeldtjuhh> !title
[1 day, 0:46:22] <@Moobot> @kjeldtjuhh Title is: RERUN: EnVyUs vs. NiP [Nuke] - Group A Round 5 - IEM Oakland 2017 [1/2]
[1 day, 0:57:14] <itsFGDR> Lets play dota watch me whip watch me naenae
[1 day, 1:00:22] <Dioaf> yo wazzap
[1 day, 1:00:32] <Dioaf> MVGame
[1 day, 1:01:27] <itsFGDR> Watch me noob dota watch me naenae
[1 day, 1:09:30] <jeidtv> LUL
[1 day, 1:09:43] <errorghost_> ResidentSleeper
[1 day, 1:09:57] <errorghost_> omg the chat isn't fast
[1 day, 1:10:28] <errorghost_> i just wanna say thanks to my mom and dad n all my friends
[1 day, 1:10:39] <errorghost_> for supporting me
[1 day, 1:10:51] <errorghost_> and what else
[1 day, 1:10:53] <Marren94> your welcome
[1 day, 1:11:07] <errorghost_> @jaymesismetal no you
[1 day, 1:11:25] <errorghost_> PogChamp
[1 day, 1:11:54] <jaymesismetal> Yes me
[1 day, 1:12:04] <jaymesismetal> Maybe you?
[1 day, 1:12:38] <jaymesismetal> I’m silver 4 can I play faceit
[1 day, 1:12:50] <errorghost_> maybe us Kappa
[1 day, 1:12:52] <Marren94> fan händer?!
[1 day, 1:13:02] <errorghost_> @marren94 führer
[1 day, 1:13:21] <Marren94> hahaha
[1 day, 1:14:25] <jaymesismetal> Im from Australia
[1 day, 1:14:30] <Marren94> swedish and german are kinda diffrent tho
[1 day, 1:15:02] <jaymesismetal> Where r u from
[1 day, 1:15:08] <Marren94> swe
[1 day, 1:15:15] <tangdara112> Cambodia
[1 day, 1:15:47] <tangdara112> You?
[1 day, 1:15:52] <Marren94> us and a?
[1 day, 1:16:02] <jaymesismetal> The land down under
[1 day, 1:16:23] <Marren94> wall country?
[1 day, 1:16:46] <jaymesismetal> Kangaroos mate
[1 day, 1:17:03] <Marren94> haha you wrote it before
[1 day, 1:17:19] <Marren94> nice country tho
[1 day, 1:17:31] <Marren94> hot af
[1 day, 1:17:48] <jaymesismetal> Was just makin sure 😜 yeah it is I dislike the heat :/
[1 day, 1:18:21] <Marren94> i can understand that
[1 day, 1:18:51] <+Millenniumstarfury> sup guys
[1 day, 1:19:00] <jaymesismetal> See when it’s cold you can always put more clothes on but you can only get so naked in the heat
[1 day, 1:19:15] <Marren94> hahaha
[1 day, 1:20:01] <Marren94> is it summer season now?
[1 day, 1:21:42] <jaymesismetal> Autumn
[1 day, 1:23:01] <jaymesismetal> B a n a n a
[1 day, 1:25:42] <boudyt> the mongolz wtf
[1 day, 1:26:09] <jeidtv> @ESL_CSGO LUL
[1 day, 1:26:09] <@Moobot> Join the ESLCS steam group http://steamcommunity.com/groups/eslcs
[1 day, 1:29:52] <RealCraze4war> Who won the NiP game?
[1 day, 1:30:43] <maskokee> Michael Jordan
[1 day, 1:39:29] <R3KTModz> does not hit once
[1 day, 1:39:59] <TheSuperPuup> omg do someone play this nowaday?
[1 day, 1:41:26] <imnotfamous4> Many ppl
[1 day, 1:49:02] <PurpIeYoshi> guys dreamhack is live why watching rerun? LUL
[1 day, 1:56:14] <Samurai_Darkness> does people enjoy watching reruns?
[1 day, 1:57:08] <+RobbyShotta> obviously or we wouldn't be watching it
[1 day, 2:00:45] <+kordova14> great stream thanks
[1 day, 2:15:27] <ardakaan5205> s
[1 day, 2:15:38] <ardakaan5205> p
[1 day, 2:23:07] <Apfelprofi> wow this game is RIP
[1 day, 2:24:17] <gam333r02> FaZe is going to win
[1 day, 2:25:12] <Aske_RL> Rip avicii
[1 day, 2:25:45] <Artit0x> #ripavicii
[1 day, 2:26:16] <Aske_RL> May AVIcii rest in Peace riPepperonis
[1 day, 2:31:48] <mg_otgoo> hi
[1 day, 2:44:28] <opadom> its live?
[1 day, 2:44:41] <Chuavechoto> bo?
[1 day, 2:50:11] <LOGBUT007DOESTWITCH> no
[1 day, 2:50:25] <LOGBUT007DOESTWITCH> its a rerun @opadom
[1 day, 3:00:21] <callboyyy> hi
[1 day, 3:00:25] <wallehjortkloe> sweet shirt ynk
[1 day, 3:03:38] <LOGBUT007DOESTWITCH> boolean
[1 day, 3:04:10] <Rapulet> N0thing the best man in the world
[1 day, 3:11:48] <Harmasio99> Rip Avicii
[1 day, 3:11:59] <+A1ec_0> Play the damn gsmr
[1 day, 3:12:12] <callboyyy> rip david guetta
[1 day, 3:12:23] <+SteveJEWBZ> rip beethoven
[1 day, 3:12:37] <callboyyy> rip g2
[1 day, 3:12:51] <callboyyy> add me on steam
[1 day, 3:16:53] <Aqishima> pog
[1 day, 3:29:17] <altayVO> when is next major?
[1 day, 3:29:45] <TheToaster541> In maybe a few weeks
[1 day, 3:29:54] <altayVO> ok
[1 day, 3:29:57] <milocsgo_> !title
[1 day, 3:29:58] <@Moobot> @milocsgo_ Title is: RERUN: G2 vs. Team Liquid [Cache] - Group B Round 4 - IEM Oakland 2017
[1 day, 3:31:17] <+Magnetiiism> who won?
[1 day, 3:31:53] <luxyishere> lol
[1 day, 3:32:03] <TheToaster541> TakeNRG GivePLZ TakeNRG GivePLZ TakeNRG
[1 day, 3:33:08] <TheToaster541> Can i smash
[1 day, 3:36:38] <Ishtiaque_Ish7> !dumbpeoples
[1 day, 3:38:19] <Superuneful> he shouldve waited
[1 day, 3:38:58] <JeanClaudeTarzan> niko left faze and eintracht to join bayern
[1 day, 3:41:08] <callboyyy> becky lemme smash
[1 day, 3:54:37] <Endermen1820> Walls
[1 day, 3:54:54] <Susiesloth14> Hahahah lol
[1 day, 3:56:58] <mrfilon111> hi
[1 day, 3:57:31] <+s3nk4201> rip
[1 day, 4:00:01] <ToxicSnakee> hi
[1 day, 4:01:33] <Susiesloth14> Hi
[1 day, 4:09:08] <+Bluxxie1> who else here sucks at csgo
[1 day, 4:09:20] <+astreamingstar> Ok
[1 day, 4:18:57] <+SteveJEWBZ> what is csgo
[1 day, 4:32:49] <+TheOutsiderOW> a pretty shit game
[1 day, 4:39:53] <macklecs> i need 50 follower 🐈
[1 day, 4:45:41] <+munken_69> sup guys
[1 day, 4:46:35] <reweeney> nice long ranges and flanking routes its like a baby game
[1 day, 4:46:54] <reweeney> 1 flanking route
[1 day, 4:47:11] <reweeney> ooo ooo where he gonna come from duuuuud
[1 day, 4:47:26] <reweeney> can only count 0
[1 day, 4:58:05] <+UnholeyToast> Why are they holding IEM Oakland 2017 in 2018?
[1 day, 4:59:28] <gustarhymes9> wtf
[1 day, 5:01:42] <+Horizah> very good question
[1 day, 5:02:19] <+Horizah> Kappa
[1 day, 5:07:19] <+logannkendall> ew
[1 day, 5:11:28] <Poepiedoeipie> ***
[1 day, 5:12:43] <+logannkendall> PokCharizard
[1 day, 5:26:03] <killer_1247> shox was noob
[1 day, 5:26:50] <Zafren> 280 viewers at major final OMEGALUL Dead game
[1 day, 5:32:47] <Ishtiaque_Ish7> PogChamp PogChamp PogChamp PogChamp PogChamp PogChamp
[1 day, 5:34:52] <cukutye> rerun
[1 day, 5:35:04] <cukutye> ResidentSleeper
[1 day, 5:42:47] <+italianpossum> where's apex
[1 day, 5:59:39] <sanoooooooooooooo02> ***
[1 day, 5:59:50] <VantrexPlays> live?
[1 day, 6:00:03] <Johnnytheboy123> yes
[1 day, 6:00:26] <+thegarrett50cali> definitely
[1 day, 6:04:21] <Nonaym> poopy commentator
[1 day, 6:09:37] <+Falke930> it is Life
[1 day, 6:10:01] <+Falke930> Played in 2017, but its live guys
[1 day, 6:16:30] <+bountytube> Is this minikerr?
[1 day, 6:17:14] <+villeda200> I miss old og
[1 day, 6:21:55] <azsky_> G2 is a best
[1 day, 6:29:46] <nehjys> No
[1 day, 6:32:47] <potatomorty> kwkx
[1 day, 6:33:41] <potatomorty> its ok
[1 day, 6:34:01] <potatomorty> i get its hard to commentate
[1 day, 6:35:15] <potatomorty> lul
[1 day, 6:35:27] <WorstTrollNA> ill do a good jiob
[1 day, 6:35:39] <FoxFacha> !followage
[1 day, 6:35:46] <potatomorty> your name is worstroll
[1 day, 6:35:59] <potatomorty> u look like a troll
[1 day, 6:36:41] <potatomorty> i mean in the way that u will troll peopel
[1 day, 6:42:43] <potatomorty> can i be mod? Kappa
[1 day, 6:44:17] <potatomorty> no. ok
[1 day, 6:50:38] <DoMaZzZ_YT> #FaZeIsTheBest
[1 day, 6:56:49] <qeui> Weeb a
[1 day, 6:58:03] <AugustasCpLM> when theres only 250 virwers on csgo and pubg solo streamers have more than tournaments.. 😂😂😂😂😂
[1 day, 6:59:55] <jogvan12> how many rounds are in this groupe?
[1 day, 7:00:32] <qeui> This is a rerun.
[1 day, 7:00:40] <+Louis6321> @AugustasCpLM it's a re-run tho
[1 day, 7:14:59] <milocsgo_> !title
[1 day, 7:14:59] <@Moobot> @milocsgo_ Title is: RERUN: Renegades vs. Gambit [Inferno] - Group B Round 5 - IEM Oakland 2017
[1 day, 7:33:33] <ben1roberts1> 240 VIEWERS FOR MAJOR FINAL forsenOMEGA CSGO IS DEAD LUL
[1 day, 7:33:48] <Sinistersock0> dude its a rerun
[1 day, 7:33:50] <Misslaurentyler> It’s not live
[1 day, 7:34:42] <Sinistersock0> when theres actually a final on theres like at least 10k in
[1 day, 7:36:00] <+F1l1ps> so dead
[1 day, 7:36:20] <+F1l1ps> just view bots
[1 day, 7:40:34] <guimitto> Lets Go!!!
[1 day, 7:47:51] <+VeryDisc0> hsdgwsd
[1 day, 8:04:27] <+davy28demon> greets from belgium
[1 day, 8:06:01] <CorraNinetySix> g'day graceMate
[1 day, 8:25:01] <TG_XavierPlays> ayt
[1 day, 8:48:23] <TheRonineh> Bbye cbl hello dust2 lmao hahahahaha
[1 day, 8:57:31] <ftuddr> !date
[1 day, 9:11:02] <$RickyW> raineHype
[1 day, 9:50:56] <$RickyW> a
[1 day, 9:52:08] <srkNT> cobblestone cases is delete. why?
[1 day, 10:05:39] <stork447> what was the last map?
[1 day, 10:05:43] <+n0yzen> Hello
[1 day, 10:05:56] <+n0yzen> im realy Drunk
[1 day, 10:06:06] <stork447> what was the map 1
[1 day, 10:06:54] <+n0yzen> Show on liquipedia
[1 day, 10:12:26] <noidentity7> e aqui q ganha caixa ?
[1 day, 10:15:43] <paozinhoprearup> sla
[1 day, 10:18:27] <S3nc3d> SK or optic?
[1 day, 10:19:07] <deibid_27> OPTIC
[1 day, 10:19:36] <S3nc3d> :(
[1 day, 10:20:12] <S3nc3d> SK all the way
[1 day, 10:20:34] <xFiremanskOffcial> its a rerun
[1 day, 10:20:41] <S3nc3d> ye ik
[1 day, 10:20:55] <S3nc3d> i was just asking who ppl are fans of
[1 day, 10:25:07] <BeanMarioCow_YT> Wow
[1 day, 10:26:12] <n1k1ta___> когда эта игра была?
[1 day, 10:26:28] <SniP3r_csgo> hi
[1 day, 10:26:38] <SniP3r_csgo> am silver 2 and i can play better than the,
[1 day, 10:26:52] <SniP3r_csgo> them*
[1 day, 10:26:56] <n1k1ta___> in what time this game was played?
[1 day, 10:27:22] <SniP3r_csgo> 2 days ago i think
[1 day, 10:27:29] <n1k1ta___> nah
[1 day, 10:27:39] <+Depax92> 2017
[1 day, 10:27:48] <n1k1ta___> taco in liquid now
[1 day, 10:28:06] <n1k1ta___> @Depax92 ty
[1 day, 10:28:35] <SniP3r_csgo> rust is better than csgo
[1 day, 10:32:37] <S3nc3d> ARK is better than rust ;)
[1 day, 10:39:48] <+bigpeez> rust is forsure better than ARK
[1 day, 10:40:05] <+bigpeez> dookie dinoark
[1 day, 10:43:41] <TheOnlyRedBanana> rust and ark are both shit
[1 day, 10:44:20] <+TMoneyyy> Im live come check me out
[1 day, 10:44:45] <賓哥> I'm live to. 1080P 60FPS PUBG strim.
[1 day, 10:45:20] <賓哥> guess I clicked in to this channel by mistake
[1 day, 10:48:54] <psumagayan13> can anyone help me? i really want to be a streamer but i dont have graphics card because i cant afford it
[1 day, 10:49:31] <+Tamal71> go get a job?
[1 day, 10:49:40] <psumagayan13> i cant
[1 day, 10:49:51] <psumagayan13> im not highschool graduate :(
[1 day, 10:50:27] <Magicbeeky67> do some chores then
[1 day, 10:50:39] <psumagayan13> nvm
[1 day, 10:54:11] <+kyleperson4> yo
[1 day, 10:55:21] <fiambrinho> hahahahah
[1 day, 10:56:55] <heberttyramos> is real??
[1 day, 11:00:44] <KWzack> !crosshair
[1 day, 11:04:51] <$wedabestfamily> live
[1 day, 11:05:02] <$wedabestfamily> ?
[1 day, 11:16:38] <blowfish_ouo> will it drop the case?
[1 day, 11:19:25] <blowfish_ouo> guys
[1 day, 11:30:14] <PurpIeYoshi> !title
[1 day, 11:30:14] <@Moobot> @PurpIeYoshi Title is: RERUN: Cloud9 vs. Gambit [Overpass] Map 1 - Quarterfinal - IEM Oakland 2017
[1 day, 11:30:29] <PurpIeYoshi> o this old
[1 day, 11:30:42] <+Rory_El_Waster> @purpieyoshi it’s because of tomorrow
[1 day, 11:30:43] <BarataTheChief> ola
[1 day, 11:30:55] <ifoundmycar> last year tf
[1 day, 11:31:07] <ifoundmycar> Oooohhh
[1 day, 11:31:07] <+Rory_El_Waster> @ifoundmycar because of tomorrow dummt
[1 day, 11:31:22] <ifoundmycar> :) What's tmrw?
[1 day, 11:31:30] <PurpIeYoshi> i mean C9 gon take that W but still
[1 day, 11:31:30] <+Rory_El_Waster> Fka slow mode
[1 day, 11:32:14] <+Rory_El_Waster> @purpieyoshi Team Liquid thought that too
[1 day, 11:32:25] <ifoundmycar> :P
[1 day, 11:32:55] <PurpIeYoshi> team liquid whiff tho saw the match
[1 day, 11:33:04] <+Rory_El_Waster> It will be interesting to see if C9 ban overpass
[1 day, 11:33:21] <ifoundmycar> Is there a big comp tmrw?
[1 day, 11:33:32] <PurpIeYoshi> they should theyre pretty good in other maps
[1 day, 11:33:52] <PurpIeYoshi> dreamhack @ifoundmycar
[1 day, 11:34:10] <+Rory_El_Waster> @purpieyoshi yep, and it’s gambits only good map. But c9 are afraid a team will pick nuke
[1 day, 11:34:10] <ifoundmycar> What's dreamhack, sorry I noob
[1 day, 11:34:23] <+Rory_El_Waster> @ifoundmycar you’ll find out it 5 hours
[1 day, 11:34:37] <ifoundmycar> 5 hrs?
[1 day, 11:34:46] <PurpIeYoshi> i mean almost nobody pick nuke nowadays
[1 day, 11:34:47] <+Rory_El_Waster> 5
[1 day, 11:35:01] <PurpIeYoshi> its mostly mirage cache cbble
[1 day, 11:35:18] <PurpIeYoshi> maybe train leftover
[1 day, 11:35:55] <+Rory_El_Waster> @purpieyoshi C9 always ban Nuke, and Gambit always pick overpass, so if you’re c9, you could take a big risk and ban overpass instead, because then gambit has to pick something like Train
[1 day, 11:36:47] <blowfish_ouo> will it drop the case?
[1 day, 11:36:50] <+Rory_El_Waster> But realistically I think c9 will play overpass, pick mirage, and train/cache will be left over
[1 day, 11:37:10] <PurpIeYoshi> if they win overpass its over
[1 day, 11:37:38] <blowfish_ouo> guys
[1 day, 11:37:42] <PurpIeYoshi> even if they lose mirage and train is easy for them but that would mostly be the matchup
[1 day, 11:37:46] <+Rory_El_Waster> Yup, and C9 has looked good on overpass against Faze so maybe they’ll just say “fuck it, we’ll play gambit on it”
[1 day, 11:38:00] <PurpIeYoshi> yeah 😂 they got confidence
[1 day, 11:38:05] <blowfish_ouo> will it drop the case?
[1 day, 11:38:19] <+Rory_El_Waster> @blowfish_ouo shut your mouth
[1 day, 11:38:23] <PurpIeYoshi> @blowfish_ouo tf?
[1 day, 11:39:45] <blowfish_ouo> You are so rude
[1 day, 11:39:58] <ifoundmycar> How much has c9's roster changed?
[1 day, 11:40:02] <PurpIeYoshi> if C9 loses im over it, but tbh, i think they got it easy
[1 day, 11:40:12] <PurpIeYoshi> stew replace by fns thats bout it
[1 day, 11:40:24] <BotKnockOut_EC> pimpHello
[1 day, 11:42:27] <ItzYaBoiiBluee> CSS was fun
[1 day, 11:43:26] <PurpIeYoshi> it was and lets keep it that way LUL
[1 day, 11:44:18] <jerqvaa> omg.... NO BRAKE WHEN ITS A RERUN!!!!
[1 day, 11:44:30] <jerqvaa> rly.....
[1 day, 11:53:06] <+TMoneyyy> Just dropped 18 check me out
[1 day, 11:53:13] <+mattpod98> rip stewie
[1 day, 11:53:42] <+xFuddx> Rip stews ace lol
[1 day, 11:59:23] <+jayearthling> I think I just had a heart attack
[1 day, 12:04:11] <+xFuddx> you still alive?
[1 day, 12:04:27] <+xFuddx> @jayearthling
[1 day, 12:04:27] <@Moobot> Start your esports career on ESL Play: http://esl.gg/eslplaycsgo
[1 day, 12:05:23] <+jayearthling> Sorry I was too busy starting my E sports career but yes
[1 day, 12:06:07] <+xFuddx> lol awesome
[1 day, 12:06:54] <+xFuddx> when your name is rush but your not even entry fragger lol
[1 day, 12:07:12] <+xFuddx> I love c9 but rush's name is really funny for what he does
[1 day, 12:14:23] <xtheotherguyx> Does Gambit win this?
[1 day, 12:14:48] <gello1232> idk
[1 day, 12:15:43] <+Blastr> probably not, gamit chokes more then a college sorority girl if you know what i mean
[1 day, 12:17:13] <+Blastr> yeah thats gambit for ya right there lmao
[1 day, 12:28:53] <pspdashti> who win ?
[1 day, 12:29:57] <+Blastr> whens next big event? anyone know
[1 day, 12:31:37] <+sgtaziz> May 14th
[1 day, 12:31:48] <+sgtaziz> until 20th, for ESL finals
[1 day, 12:31:58] <z3ro1233> up
[1 day, 12:32:17] <+sgtaziz> youre welcome babe :*
[1 day, 12:33:09] <+sgtaziz> C9 win best of 3
[1 day, 12:33:24] <+sgtaziz> wait actually thats a different one
[1 day, 12:33:33] <+sgtaziz> i dont think i watched this one yet
[1 day, 12:33:58] <+Blastr> @sgtaziz where is the dreamhack playing?
[1 day, 12:34:12] <+Blastr> like the site to watch
[1 day, 12:35:02] <Xillien> Why is Stewie still on C9 here??
[1 day, 12:35:20] <+sgtaziz> *** / dreamhackcs
[1 day, 12:35:27] <+Jnsyyy> Old stream
[1 day, 12:35:48] <+sgtaziz> dreamhackcs twitch channel
[1 day, 12:35:50] <Sea32111> last year stream
[1 day, 12:36:28] <+Blastr> thanks
[1 day, 12:57:52] <ziShadow> Gli Gl8
[1 day, 12:59:51] <Caneed> mddr
[1 day, 13:00:48] <p4rrudo> Ao vivo ou outra reprise?
[1 day, 13:01:11] <p4rrudo> Adv
[1 day, 13:02:57] <akiraryu> ;p
[1 day, 13:03:03] <+EaglesCS> IS THIS LIVE?
[1 day, 13:03:14] <+EaglesCS> is stewie subbing for clodud 9
[1 day, 13:03:18] <akiraryu> no
[1 day, 13:04:05] <+dv_voxer> Do you not see :"RERUN"
[1 day, 13:06:02] <fittip0> Noo
[1 day, 13:06:14] <+I3Iinkiiz> wtf tarik
[1 day, 13:06:23] <Antz12354> lol tarik
[1 day, 13:06:29] <kikokokokokokokokoko> OOF
[1 day, 13:06:38] <UncleRichardTV> hahaha
[1 day, 13:06:57] <Antz12354> vac
[1 day, 13:07:42] <UncleRichardTV> wait what
[1 day, 13:41:31] <lCTRLl> Nothing's beard on point
[1 day, 13:42:21] <369bw> true
[1 day, 13:49:42] <eddymonteezy93> cs go sux
[1 day, 13:49:50] <Antz12354> no u
[1 day, 13:49:58] <eddymonteezy93> rainbow six is the new cs
[1 day, 13:50:15] <Antz12354> r6s trash
[1 day, 13:50:15] <eddymonteezy93> is the better cs i mean
[1 day, 13:50:42] <eddymonteezy93> lol cs been the same game for 30 years
[1 day, 13:50:55] <eddymonteezy93> enjoy bro
[1 day, 13:51:00] <Gnaav> yet it's still one of the biggest games
[1 day, 13:51:11] <Gnaav> what does R6 average?
[1 day, 13:51:11] <Antz12354> cs hasnt even been out for 30 years
[1 day, 13:51:51] <Antz12354> but it has been out soo long yet people play it still
[1 day, 13:54:10] <toey_acry> 55555555
[1 day, 13:58:57] <clinton21hokwantai> i miss stewie
[1 day, 14:02:25] <dpo4y_gde_xo4y> лол
[1 day, 14:04:12] <dpo4y_gde_xo4y> без шрауда хуйня а не команда
[1 day, 14:04:23] <blowfish_ouo> will it drop the case?
[1 day, 14:06:56] <Justasked> 1 hp
[1 day, 14:08:54] <Antz12354> @blowfish_ouo no
[1 day, 14:10:17] <wabbitIV> !title
[1 day, 14:10:17] <@Moobot> @wabbitIV Title is: RERUN: Cloud9 vs. Gambit [Mirage] Map 3 - Quarterfinal - IEM Oakland 2017
[1 day, 14:14:05] <+ChaseyNiall> I remember seeing that clip on reddit ages ago lol
[1 day, 14:18:38] <%Hemelinger18> MrDestructoid
[1 day, 14:20:27] <dpo4y_gde_xo4y> дося как алкаш
[1 day, 14:20:27] <F0NT_> sup all
[1 day, 14:25:08] <sanoooooooooooooo02> ***
[1 day, 14:28:29] <tangdara112> DansGame DansGame DansGame
[1 day, 14:44:44] <TorrannosaurusRex> SwiftRage SwiftRage SwiftRage
[1 day, 14:45:45] <Rin_Yuki_> ,
[1 day, 14:45:57] <Rin_Yuki_> c9 fans?
[1 day, 14:46:26] <Losbude> Sind hier deutsche?
[1 day, 14:49:54] <F0NT_> im swedish so naan none of this teams :D
[1 day, 14:51:02] <leer0yj3nkins> gg
[1 day, 14:51:43] <Rin_Yuki_> gg
[1 day, 14:51:46] <TorrannosaurusRex> C9 fan, but not my fav team Poooound
[1 day, 14:52:22] <Rin_Yuki_> c9>faze
[1 day, 15:15:04] <+bydav1d> POGGERS RERUN
[1 day, 15:18:40] <+atteraxy> title says rerun
[1 day, 15:18:59] <+bydav1d> @irma_commingforthatass ???
[1 day, 15:19:12] <+bydav1d> it is a rerun
[1 day, 15:19:13] <MylanHunter> @bydav1d trolling he is
[1 day, 15:19:19] <irma_commingforthatass> ^
[1 day, 15:22:54] <nggalayf> enough guyz who watching this shit ajahahhahahhah
[1 day, 15:25:34] <sunnscope> who wins
[1 day, 15:28:38] <altayVO> when is next major?
[1 day, 15:35:24] <Jockeira> sound is bad
[1 day, 15:35:41] <+daZepelin> yeahh ;/
[1 day, 15:37:04] <datguyzeus> Wtf was that?
[1 day, 15:39:42] <joaovdoc> "shortly"
[1 day, 15:52:04] <+thebaste44> Oh shit ReRun cup
[1 day, 15:52:30] <ShaKura_> rerun is the best event of the year
[1 day, 15:53:29] <Shekelguy> Yea man I love the rerun events they are so high energy
[1 day, 15:57:20] <shivansh_khatri> CrreamAwk PogChamp
[1 day, 16:00:46] <shivansh_khatri> SeemsGood
[1 day, 16:03:41] <xiongz> when was thus
[1 day, 16:05:00] <Batherson666> Это лайв вообще то дау*ы
[1 day, 16:05:18] <Batherson666> Пздц ставка горит
[1 day, 16:05:24] <g1nere> ты еблан?
[1 day, 16:05:29] <Batherson666> Форест ретард
[1 day, 16:05:39] <g1nere> аахахахахах
[1 day, 16:05:53] <g1nere> какой лайв что ты несеш дура
[1 day, 16:05:59] <Batherson666> @g1nere Если ты ставил на бомжей из СК - это не значит что я еблан
[1 day, 16:06:12] <kedgaming2005> sukq
[1 day, 16:06:21] <Mart1nFr> Hvem vant?
[1 day, 16:06:25] <kedgaming2005> cyka
[1 day, 16:06:30] <Batherson666> @g1nere Debil ebaniy
[1 day, 16:06:40] <Batherson666> NICE
[1 day, 16:06:43] <+ma1ox> vandt* @Mart1nFr
[1 day, 16:06:53] <Batherson666> Draken spasaet 29 dollarov
[1 day, 16:08:04] <Mart1nFr> @ma1ox nei, er ikke dansk
[1 day, 16:10:00] <DeVrim_Tr> lol
[1 day, 16:12:24] <Antz12354> lol
[1 day, 16:14:20] <+TMoneyyy> If u like fortnite check out my channel and drop a follow
[1 day, 16:14:39] <rjerram> l
[1 day, 16:14:40] <S4mski> Go away tmoney
[1 day, 16:14:49] <rjerram> yo
[1 day, 16:14:51] <S4mski> Dont advertise on others channels
[1 day, 16:15:01] <rjerram> shit
[1 day, 16:15:11] <rjerram> f
[1 day, 16:15:35] <rjerram> l
[1 day, 16:15:48] <rjerram> i hate u
[1 day, 16:31:59] <jarrrmo> ALLUU
[1 day, 16:36:28] <superzeke08> I’m better then these guys
[1 day, 17:06:24] <smukando> CSGO is dead? xD
[1 day, 17:11:56] <rokHeaN> mamacita
[1 day, 17:15:11] <uhhGenocide> so trades are dead
[1 day, 17:15:23] <uhhGenocide> feels bad
[1 day, 17:19:57] <Raiguerreir0> tem live br?
[1 day, 17:21:18] <hwessel> GOTTA GO FAST Kappa
[1 day, 17:23:38] <FTW_Fronk> Bom dia
[1 day, 17:33:42] <potatomorty> why is chat so silent
[1 day, 17:35:24] <+Gill077> Sleeping
[1 day, 17:37:15] <Syafla> nubs
[1 day, 17:42:55] <+bierzeps02> Who is not looking dream hack idiots xD
[1 day, 17:46:30] <+SpeedyBlueDude> NiP is my favorite team lol.
[1 day, 17:46:48] <+SpeedyBlueDude> I watched this match live, brings back good memories.
[1 day, 17:47:06] <legenda_> k
[1 day, 17:47:14] <+SpeedyBlueDude> Rather watch a rerun cause of the good times it brought than watch Na’Vi vs Mousesports xD
[1 day, 17:50:23] <legenda_> ok
[1 day, 17:53:10] <legenda_> sk win i hope
[1 day, 17:53:21] <Happyy__> its a rerun
[1 day, 17:53:26] <legenda_> ik
[1 day, 17:53:42] <Happyy__> lul
[1 day, 17:53:42] <legenda_> but i didnt see the live game
[1 day, 18:00:26] <havoked> yo
[1 day, 18:00:31] <Said_ea_gg> Ауууууу
[1 day, 18:01:30] <imieniny> ayyyyyy
[1 day, 18:03:17] <helmomo> SA
[1 day, 18:03:29] <helmomo> SELAMUN ALEYKUM
[1 day, 18:03:35] <SecurtyTR> as
[1 day, 18:03:49] <helmomo> SS <3
[1 day, 18:04:07] <helmomo> CLOUD9 < SPACE SOLDİERS
[1 day, 18:04:50] <359_Stancho> VERY NICE
[1 day, 18:05:16] <helmomo> ? very nice
[1 day, 18:05:37] <davepoon2> Simsalabim
[1 day, 18:06:37] <359_Stancho> IS IT REPLAY
[1 day, 18:07:06] <LolYouMaster> Yea my friend
[1 day, 18:07:34] <359_Stancho> who win
[1 day, 18:07:45] <LolYouMaster> Idk
[1 day, 18:08:01] <359_Stancho> did you know
[1 day, 18:08:13] <LolYouMaster> Hopefully NIP
[1 day, 18:08:16] <vdbplays> is this live???admins help
[1 day, 18:08:52] <vdbplays> i kiding
[1 day, 18:09:33] <vdbplays> 430 live users this is not live
[1 day, 18:10:35] <mickeymctawer> 2017?
[1 day, 18:10:49] <Surfermop9> ja
[1 day, 18:16:42] <gkhnolmzz> who win
[1 day, 18:17:02] <masterz1904> NiP
[1 day, 18:17:04] <crispyyyy> nip
[1 day, 18:17:14] <gkhnolmzz> lol
[1 day, 18:17:17] <crispyyyy> they won the intire tournament
[1 day, 18:18:36] <gkhnolmzz> lol
[1 day, 18:19:42] <crispyyyy> THE CHICKEN
[1 day, 18:25:39] <Tunahan_Aruc> CcC
[1 day, 18:28:03] <Mancar_Kafa> hi
[1 day, 18:29:48] <crispyyyy> GET RIGHT <3
[1 day, 18:30:02] <crispyyyy> best lurker
[1 day, 18:30:07] <+alppbkc> h.shit
[1 day, 18:30:29] <+alppbkc> ninjas gg
[1 day, 18:32:05] <Mancar_Kafa> GG
[1 day, 18:32:14] <crispyyyy> gg <3
[1 day, 18:32:14] <@Moobot> Join the ESLCS steam group http://steamcommunity.com/groups/eslcs
[1 day, 18:32:35] <+alppbkc> cyka
[1 day, 18:32:44] <xxPREDATOR368xx> Lástima
[1 day, 18:46:52] <nsrdeluxe> hi
[1 day, 18:47:13] <+carnizzle> Hey
[1 day, 18:49:04] <EliteToqxy> !next
[1 day, 18:50:35] <Robino930> faze!!!
[1 day, 18:50:48] <samik_SK> Guardian :(
[1 day, 18:51:29] <+carnizzle> murica god dammit
[1 day, 18:51:41] <+sniper64idk> thaneHi
[1 day, 18:52:26] <LalPoomp> Who's hyped for C9 vs Gambit?
[1 day, 18:54:01] <+jaaakexd> stewie on c9 : BibleThump
[1 day, 18:55:44] <megaaaapeace> lol
[1 day, 18:56:18] <+HugginZ> Nice sound delay
[1 day, 18:57:12] <Robino930> nice
[1 day, 18:57:23] <Robino930> LUL
[1 day, 18:57:33] <Robino930> oooooooooooooooooooooooo
[1 day, 18:57:59] <globalmariokh> SwiftRage SwiftRage SwiftRage
[1 day, 19:00:44] <Robino930> nice Faze!!!
[1 day, 19:00:46] <r_hawk96> LOVE U FAZE
[1 day, 19:01:31] <liverpoollugencihtiyar> Olof has the flash genious way of playing but I think he just cant manage to be classy as others
[1 day, 19:02:03] <Essawa> ne anlatiyon amk
[1 day, 19:02:42] <Robino930> cloud9 is noobs
[1 day, 19:04:29] <r_hawk96> LOVE U FAZE
[1 day, 19:07:08] <Robino930> Faze!!!
[1 day, 19:14:16] <Ninja__OP> GrammarKing KappaPride
[1 day, 19:17:14] <syglight> fynbo1985 on twtich
[1 day, 19:17:17] <Ninja__OP> GrammarKing KappaPride
[1 day, 19:21:50] <Ennard_CSGO> @Robino930 C9 can beat everyone in this chat. I'm not a Cloud 9 fan at all. I'm just saying. They aint noobs.
[1 day, 19:22:23] <maano20> what fan are you
[1 day, 19:22:40] <maano20> im G2
[1 day, 19:22:52] <mendesrr2001> lol
[1 day, 19:22:54] <Ennard_CSGO> - Fragsters
[1 day, 19:23:12] <FeraOwnz> Stewie2k returned to cloud9 ??
[1 day, 19:23:29] <FeraOwnz> Kappa
[1 day, 19:23:30] <Ennard_CSGO> He's been there for a long time. Lol
[1 day, 19:23:30] <mendesrr2001> this is a 2017 replay
[1 day, 19:23:47] <ranks123> he is in sk now
[1 day, 19:25:43] <RealRiz> PogChamp
[1 day, 19:25:57] <RealRiz> :(
[1 day, 19:26:41] <SwedeFlake> this is not live
[1 day, 19:26:55] <SwedeFlake> this is old right?
[1 day, 19:27:07] <AsaadGames> shroud
[1 day, 19:36:16] <shivansh_khatri> CrreamAwk
[1 day, 19:37:39] <karansv> Inta kelb
[1 day, 19:37:51] <karansv> :3
[1 day, 19:38:35] <s4kw0w> cross?
[1 day, 19:38:51] <shivansh_khatri> SeemsGood
[1 day, 19:39:39] <karansv> Kelbs u all are
[1 day, 19:39:49] <shivansh_khatri> PowerUpL DxCat PowerUpR
[1 day, 19:39:55] <karansv> Kelbi shit
[1 day, 19:44:45] <+thatPickles> marseille has great teams and great crowd yet 400 viewers? dreamhack need to step it up
[1 day, 19:50:12] <Armiszz> H
[1 day, 20:02:16] <+J_dog27> draken BlessRNG
[1 day, 20:03:25] <majniiftw> idd
[1 day, 20:08:18] <kennysmonkas> anyone else from dreamhack??
[1 day, 20:08:45] <+miko13377> Sadokist <3
[1 day, 20:08:55] <kennysmonkas> banned LUL LUL LUL
[1 day, 20:09:19] <raecs16> @kennysmonkas y
[1 day, 20:09:21] <kennysmonkas> cobblestone removed as well LUL
[1 day, 20:09:36] <kennysmonkas> said some bad words LUL
[1 day, 20:09:48] <+miko13377> Yes
[1 day, 20:10:46] <KeiiDee> why is cbble still active? Kappa
[1 day, 20:10:54] <kennysmonkas> LUL LUL LUL LUL
[1 day, 20:11:15] <kennysmonkas> watching this due to delayhack
[1 day, 20:13:01] <dendi2k54> lul
[1 day, 20:14:28] <+poeyagaming> spoiler
[1 day, 20:14:55] <jakkexqz> sup brothers
[1 day, 20:16:04] <jakkexqz> suuup!
[1 day, 20:21:30] <oskar1995> lol
[1 day, 20:33:53] <vRyteX> dead game
[1 day, 20:34:38] <+mystik_vow> wtf
[1 day, 20:34:56] <+mystik_vow> this double kill is illegal
[1 day, 20:36:19] <Matu055> !howlong
[1 day, 20:36:20] <arcken__> who won
[1 day, 20:39:37] <Mailrugmail> ex
[1 day, 20:44:41] <chuckalo123> ye the bots and afks
[1 day, 20:45:35] <DistressedCoder> this is from previous year or what?
[1 day, 20:46:04] <DistressedCoder> gg
[1 day, 20:46:19] <DistressedCoder> lmao
[1 day, 20:47:41] <DistressedCoder> lovely dog tho
[1 day, 20:47:49] <GA_PhoeniX> lol
[1 day, 20:48:04] <DistressedCoder> my favorite team is Astralis
[1 day, 21:06:01] <dithmarschen> :c
[1 day, 21:06:17] <dithmarschen> nom-nom
[1 day, 21:08:23] <turtle_of_time> 📞
[1 day, 21:10:32] <dithmarschen> Nice
[1 day, 21:14:09] <sparycow> DoritosChip
[1 day, 21:14:55] <oskar1995> BASEFUCK
[1 day, 21:19:46] <oskar1995> fcu
[1 day, 21:20:38] <sailor771217> 2017?
[1 day, 21:21:02] <sailor771217> sorry
[1 day, 21:23:04] <DarkSprinter> why are ppl watching this and not the majjor?
[1 day, 21:30:12] <smitc1749> ***
[1 day, 21:31:31] <+powersize_> SPAM KappaPride DIS KappaPride GEI KappaPride TO KappaPride HELP KappaPride NA KappaPride
[1 day, 21:31:59] <KoekoekJongen321> Cd is dead
[1 day, 21:32:10] <BeeRumble> 🐐
[1 day, 21:32:21] <smitc1749> Dead chat
[1 day, 21:33:33] <hikarumon145> hdgothPride hdgothPride
[1 day, 21:38:40] <+Dirtypeasants> Need a 5th for LE game
[1 day, 21:40:31] <livedomiau> TOP
[1 day, 21:41:31] <livedomiau> Baby can't you see
[1 day, 21:44:16] <p4rad0x_2k> why watch reruns when you can watch live
[1 day, 21:44:54] <jamaica_aroma> Squid1 Squid3 Squid2 Squid2 Squid4
[1 day, 21:47:53] <Zwasey> is this live
[1 day, 21:49:10] <hannan0507> Ye
[1 day, 21:49:20] <hannan0507> It’s very live
[1 day, 21:49:44] <mresteves> yes. live in 2017 . for real
[1 day, 21:49:47] <marius199623> <3
[1 day, 21:49:52] <+Alih121> so live
[1 day, 21:50:56] <Zwasey> ok i read the title, i’m dylesic
[1 day, 21:51:52] <mresteves> hello, i'm mario
[1 day, 21:52:58] <regan104> Hi mario
[1 day, 21:54:09] <callmetoni> does this mean were in the future
[1 day, 22:04:48] <rcrdpt> sup my knee gus
[1 day, 22:14:05] <+depl4ned> ok
[1 day, 22:14:21] <+depl4ned> why does noone write in chat
[1 day, 22:14:37] <Caarl> rerun
[1 day, 22:22:55] <lespinoza> cuz esl is viewbotting
[1 day, 22:23:07] <lespinoza> im just kidding lululul
[1 day, 22:24:55] <bassie1rl> who is watching this when you can watch DreamHack Live
[1 day, 22:25:05] <bassie1rl> LUL
[1 day, 22:26:26] <ChawkLit25> lol
[1 day, 22:31:59] <Uiquizz> LUL
[1 day, 22:35:47] <+RinRinRinn> NiP win 3-2
[1 day, 22:36:48] <+littlebishfeet> faze in 2018😂😂😂
[1 day, 22:38:53] <JJuan> what was the inferno score?
[1 day, 22:42:39] <Lordancr> SnickersHype SnickersHype SnickersHype SnickersHype SnickersHype
[1 day, 22:45:57] <ChelouItsMe> Guardian actually good with riffles too, dunno why someone says, he is good only with awp
[1 day, 22:48:22] <l3kie> nubare
[1 day, 22:52:46] <b1a3er> Хочешь аркану? Тогда заходи и забирай её! ***
[1 day, 23:02:35] <clydesfries> rip xizt
[1 day, 23:07:38] <IllIIlIlIlIl> poop
[1 day, 23:08:04] <IllIIlIlIlIl> GoDaddy blasLUL
[1 day, 23:08:04] <@Moobot> Start your esports career on ESL Play: http://esl.gg/eslplaycsgo
[1 day, 23:08:31] <pencre4s> SSSsss
[1 day, 23:09:00] <pencre4s> KappaPride
[1 day, 23:09:50] <NielsKlinkie> thedir8Blame thedir8Blame thedir8Blame thedir8Blame
[1 day, 23:10:11] <NzhSwiftyJ> Who won it?
[1 day, 23:18:14] <DEvine0Knight> guys???
[1 day, 23:18:26] <DEvine0Knight> hello?
[1 day, 23:18:40] <DEvine0Knight> watch the dreamhacks...
[1 day, 23:18:47] <JfamousTV> ...
[1 day, 23:18:51] <DEvine0Knight> if you aint bots that is
[1 day, 23:19:00] <JfamousTV> lol
[1 day, 23:24:50] <samyssd> pop1
[1 day, 23:29:33] <+mr_captain21> forsenE forsenE forsenE forsenE
[1 day, 23:30:17] <+BreadKJB> PokGengar PokGengar PokGengar PokGengar
[1 day, 23:30:28] <Erenexez> LOL
[1 day, 23:35:09] <+shqipplay> its live ?
[1 day, 23:35:25] <iSoReaLBash> nope
[1 day, 23:35:36] <iSoReaLBash> RERUN: NiP vs. FaZe
[1 day, 23:35:40] <hunnybon_> stream is live tho
[1 day, 23:35:52] <hunnybon_> game was last year
[1 day, 23:35:58] <+shqipplay> xd
[1 day, 23:36:03] <hunnybon_> they are replaying it
[1 day, 23:38:49] <gcourage> Hi
[1 day, 23:43:27] <leonardo33434> é de hj msm
[1 day, 23:44:43] <+banzaiiii1989> its live idiots :)
[1 day, 23:45:02] <hunnybon_> game is old though
[1 day, 23:45:12] <+banzaiiii1989> its live
[1 day, 23:45:24] <hunnybon_> I know the stream is live
[1 day, 23:45:45] <+banzaiiii1989> the game is live
[1 day, 23:45:56] <+puggyyyyyy> ***
[1 day, 23:45:56] <hunnybon_> check title idiot
[1 day, 23:45:59] <shanny_massive> nope
[1 day, 23:46:04] <+banzaiiii1989> ITS LIVE
[1 day, 23:46:06] <herris> !score
[1 day, 23:46:09] <nkdWaco_> RERUN: NiP vs. FaZe [Overpass] Map 4 - GRAND FINAL - IEM Oakland 2017
[1 day, 23:46:16] <$pur3pker3> lol
[1 day, 23:46:18] <+banzaiiii1989> noo no no its live
[1 day, 23:46:21] <shanny_massive> you have to go to school again
[1 day, 23:46:26] <+Mirech232> :D :D
[1 day, 23:46:27] <hunnybon_> kid game is from last year stream is live is it that hard to understand
[1 day, 23:46:38] <+banzaiiii1989> its live man :)
[1 day, 23:46:41] <+Spectre_Rx> You know it’s old because Faze was still good mangoLUL mangoLUL
[1 day, 23:46:52] <hunnybon_> ima go bye
[1 day, 23:46:58] <+banzaiiii1989> go go NIP
[1 day, 23:47:05] <shanny_massive> just block him LUL
[1 day, 23:47:15] <+banzaiiii1989> itssss liiiive :(
[1 day, 23:51:56] <wolfhowl897> !followage
