Yeah, ESL_csgob is best major Kappa
let's try keep chat spam free? if that's possible LUL
16 2 c9 hltv confirmed Kappa
Im a NIP fan TotinosRecruit Now what? PunOko
500 viewers in a major soz for spam FeelsBadMan LUL
gambit mother russia putin c ommunism PogChamp
ska > niko and cold SeemsGood
what is that noise in the background WutFace
ska 1 v 4 vs astralis Kreygasm
ESL on Twitch TWITCH > YOUTUBE PogChamp
EU Thinking NiP has a chance LUL
@antonbro ofcourse we are cheering them on :)
Eu kids cheering on a dead team LUL
PAZZLE NICE ENGLANDO YANKORINO CAWPOCHIN0 LUL
time to turn up NIP fans SwiftRage
Good morning pretending NA watches EU esport Kappa
IF YOU THINK NIP WILL WIN TYPE 1 Kappa
7k VIEWS on MAJOR CSGO DEAD LUL
is this elimination? tag me pls :D
@ESL_CSGOb fix the audio pls <3
Desync How Hard Can It Be NotLikeThis
how to mute this guy ResidentSleeper
NiP on the B stream :(
STEWIE IS THE BEST PLAYER <3
sounds like hes talking out of his 3rf neck LUL
CSGO has major finals every day 4Headpeople says game is dead FailFish
SK VS ASTRALIS DOESN'T HAVE ANY SOUND LUL
no ingame sounds on stream A :(
jamesIRL best caster in the world tbh PogChamp
@prius NA stream? makes sense 4Head
UL DELAYED SOUND DEAD GAME LUL
all the sh*it casters are on the B stream, LUL
@Creativly Trying to reason with childrun LUL
@Ponyweek Some of them did SeemsGood
tell the caster to blow his nose LUL
yeah guys, the audio isn't synced keep saying it LUL
@NillerOfficial They're doing their best BibleThump
Just open 2 streams and fix the sound yourself LUL
Fix sound already Fix sound already Fix sound already FailFish
@Creativly Creativly more like Boringly DansGame
@Creativly Thank you! Would be good to let the viewers know that then :)
You guys are complaining about sound delays and bad casters, just mute the stream 4Head
@Creativly fix this shit, give me mod I fix it :D
@Crotiz1 @Creativly Ah fak, sorry Tilted for no reason :(
That just made it worse :D
SPAM THIS HOUND FrankerZFrankerZ TO FIX THE SOUND FrankerZ
no wonder that you didnt get a major EleGiggle
ESL? VALVE Here No Major 4Head
@Creativly How are you today? :)
HIS HOUND TO FIX THE SOUND FrankerZ
SPAM THIS HOUND TO FIX THE SOUND !! FrankerZ
SPAM THIS HOUND TO FIX THE SOUND FrankerZ! FrankerZ
XIZT NO KILLS SO FAR LUL
CAN WE DO IT TWITCH? FrankerZ
Draken is better then Oskar PogChamp
SPAM THIS HOUND TO FIX THE SOUND! FrankerZ
SPAM THIS HOUND TO FIX THE SOUND OhMyDog
COD WW2 IS ACTUALLY GOOD PogChamp
xizt in top form as always Kappa
240p w/ delayed audio BRUHHH FrankerZ
my stream is on 1080p LUL
sound and quali all NA LUL
Ska looking like an ogre LuL SMOrc
ESL and technical difficulties, anme a more iconic duo EleGiggle
NA PRODUCTION JUST GETS BETTER LUL
SPAM THIS HOUND TO FIX THE SOUND FrankerZ\ FrankerZ
HEART IT OUT SO WE CAN GET THE SOUND <3
1.6 is back 1.6 is back 1.6 is back 1.6 is back 1.6 is back PogChamp
SPAM This HOUND FrankerZTO FrankerZFIX THE SOUND FrankerZ
HEART IT OUT SO WE CAN GET THE SOUND HEART IT OUT SO WE CAN GET THE SOUND <3
DENNA CHAT ÄR NU SVENSK DatSheffy
I WILL NEVER BUY HYPERX after this Kappa
WHO SAID OVERPASS ON 1.6 DIDN'T EXIST? Kappa
= Dog Face (no space) FrankerZ
Im happy i bought a new monitor, so i can really enjoy this excellent quality :)!! <3
1.6 is back 1.6 is back 1.6 is back 1.6 is back PogChamp
SPAM THIS GREEN TO FIX THE SCREEN VoteYea
Somehow fuck up video when trying to fix audio. ESL LUL
DEN HÄR CHATTEN ÄR NU SVENSK DatSheffy
Spam the too help them pop CoolStoryBob
knock both out and look for second kill 4Head
SPAM THIS GREEN TO FIX THE SCREEN 1 VoteYea
bad quali, bad sound, bad stream SwiftRage
AT LEAST THE SOUND IS SYNCED NOW Kappa
GUYS DONT WORRY ITS A REPLAY FROM 2007 4Head
SA 2 MAJOR NA 2 TOWERS EleGiggle
@gwnlars bob and pop rhymes? CoolStoryBob
COUNT THE PIXELS _ 1 ... Kappa
how can you not fix this :D
So this is the power of 4K TTours
SKADOODLE PICTURE ON 8 BITS LUL
This is like 16p with 10 second audio delay FailFish
He did it on purpose FailFish
SPAM THIS SCREAM TO HELP THE STREAM SwiftRage
how is the stream getting worse ???? NotLikeThis
Why don't you fix the issues!?!? @Creativly Kappa
its this real life ? Draken got 2 shoots 2 hits PogChamp
too many viewers we need 22000 not 22495 LUL
1920x1080 at 10% Renderscale ! PogChamp
COUNT THE PIXELS 1 ... Kappa
This is like Amiga500 CS LUL
i feel at home at cs again finally <3
SPAM THIS KappaKappa MEME TO FIX THE STREAM Kappa
Spam This meme To Fix This Stream Kappa
GIVE THE BOMB TO THE LOW HP GUY LUL
SPAM THIS MEME TO FIX THE KappaKappa STREAM Kappa
please fix the quality problem @ESL_CSGOb :)
I have 14 HP give me bomb LUL
"what is this buy?" one stayed alive LUL
:telephone: ESL? :telephone: VALVE HERE :telephone: LAST MAJOR 4Head
Minecraft is better than this LUL
N A S T R E A M 4Head
DJ REz, BJ Baken. Get_Night, N1 Toast, Xzl NotLikeThis
What is this stream? Its so broke LUL
NA SOUND NA RESOLUTION NA PRODUCTION PogChamp
THE STREAM HAS A DELAY? OF COURSE, IT'S FROM NA BrokeBack
Thank you for the fix <3
major with only 2k views LUL
its still bad but verry better :D
nA can u do something w or wut omg FrankerZ
somewthing wrong with quality again :(
NiP are playing so good PogChamp
Nip 200 IQ CT side PogChamp
c9 are making stupid mistakes :(
c9 What are they doing ?????? NotLikeThis
c9 has gotten 1 gun round LUL
SPAM THIS HOUND TO FIX THE SOUND d FrankerZ
SPAM THIS HOUND TO FIX THE SOUND FrankerZSPAM THIS HOUND TO FIX THE SOUND FrankerZ
they probably need to restart the stream to fix the sound.. NotLikeThis
SPAM THIS HOUND TO FIX THE SOUND !!!! FrankerZ
SPAM THIS TO FIX THE SOUND FrankerZTwitch Primethesithnarwhal: Rip sound FrankerZ
Jerk Your Wrist To Help Xist Kreygasm
NA sound Na cs Na LUL
SPAM THIS HOUND TO FIX THE SOUND xddd FrankerZ
Choke like they did vs SK inc 4Head
@NiPGaming YAY!!! Ninjor med fin pijamas :D
SPAM THIS CANINE WHEN LAUGHING AT CLOUD9 FrankerZ
Holy crap what happened, when I left it was 0-4 LUL
SKADDODLE IS NOT BOTTOMFRAGGING GOOD FOR HIM LUL
NA PRODUCTION NA CS . EleGiggle
SPAM THIS TO FIX THE SOUND! FrankerZ
NA CS NA CS NA CS NA CS EleGiggle
NA PRODUCTION NA CS , EleGiggle
"C9 will win this game easily" LUL
officialjonatan är fuskaren här ?! PogChamp
CLEAR SOUNDS FOR ESL DELAYED AUDIO LUL
ESL PRODUCTION EVERY SINGLE TIME LUL
Spam Noodle PastaThat To PastaThat Help PastaThat Skadoodle pastaThat
@Vivulux HOW YOU ENJOYING YOUR BURGER LUL
@Howly01 Dom kommer ALDRIG byta spelare nu och det har du min pungkula på ;)
it's to bad whit that sound .. im out LUL
AMPTropPunchAMPTropPunch Only the chosen one can stack these cans! AMPTropPunch but wait can you do three cans! !! AMPTropPunch PogChamp
spam happy jack to help c9's comeback HappyJack
hey emilio, any new vac bans recently? Kappa
📞 HELLO ESL? 📞 VALVE HERE 📞 NICE SOUND 📞 LAST EVENT 4Head
Folk vill bah ha en anledning att hata bra spelare @Officialemilio ;)
@Pellbow Vad menar du? Alla för mig älskar mig ? Vilka är alla? Ser inte vad som skrivs av oväsentliga människor, har noobfilter på ;)
DENNA CHATT ÄR NU SVENSK DatSheffy. DatSheffy
THIS CHAT WAS NEVER SWEDISH DatSheffy
@NinoDno Min bror till döden millegudnE millegudnNL <3
IT MEANS SECOND TO LAST LUL
SVERIGE SKA TILL FKN VM!!!!! DatSheffy
Spam this to Help stewie2k VoteNay
DIESER CHAT IST NUN DEUTSCH . DatSheffy
LET'S GO NINJAS! LET'S GO NINJAS! LET'S GO NINJAS! LET'S GO NINJAS! <3
HI ESL PGL HERE Nice Stream 4Head
DENNA CHATT ÄR NU SVENSK DatSheffyDatSheffy DENNA CHATT ÄR NU SVENSK DatSheffy
STREAM9 STREAM9 STREAM9 STREAM9 STREAM9 LUL
CLOWN 9 NOT ENOUGH BRAIN TO STOP THE NIP TRAIN CHOO CHOO BABY <3
@dasp0_csgo Jag får spela allt idag förutom Majors. Och skulle det ev. komma ett nytt CS, ja, då är jag spelklar för Valve turneringar också. Men håll ögonen öppna i 2018 ;)
CLOWN 9 NOT ENOUGH BRAIN TO STOP THE NIP TRAIN CHOO CHOO BABY ! <3
PAM THIS HOUND TO FIX THE SOUND FrankerZ
how did this get to overpass they’re awful on this map LUL
Spam this dorito to be despacito DoritosChip
shroudC9 HOW shroudC9 ARE shroudC9 THEY shroudC9 LOSING shroudC9 BibleThump
james shut up you tallk too much :D
DatSheffyDatSheffy DENNA CHATT ÄR NU SVENSK . DatSheffy
C9 WITHOUT SHROUD C9 WITHOUT SHROUD LUL
DatSheffyDatSheffy DENNA CHATT ÄR NU SWEDISTAN DatSheffy
DENNA CHATT ÄR NU NYSVENSK ANELE
HAHAHHAAHAHHAHAHHAA C9 1 GUN ROUND LUL
a DENNA CHATT ÄR NU SVENSK DatSheffy
Spamma detta salt Om ni firar med pitepalt PJSalt
Does this guy speak super fast or what? LUL
losing to team who cant quality EU minor LUL
