SPAM THIS FLAME TO CurseLitHELP ASTRALIS WINCurseLit CurseLit
@Nodios jeg er mere til dota :D
Chat! What mouse using Eliege?? Squid3
@biqshaqq nah, bor på vestegnen :)
WHY AM I ON TWOTCH THEN VoteYea
Spam This Drink To Help Astralis Dink DrinkPurple
Device should probably go back to Minecraft at this point JonCarnage
Chat smile, I'm taking a photo FeelsGoodMan TTours
@yigityukselen lol i don't quite think you understand the game :)
SPAM THIS CHEESE TO HELP DUPREEHSS MOM StinkyCheese
SPAM THESE MICE TO HELP DEVICE Mau5SPAM 💿 THIS 💿 DISC 💿 TO 💿 HELP 💿 MAGISK Mau5
SPAM Mau5THESE MICE TO HELP DEVICE Mau5SPAM 💿 THIS 💿 DISC 💿 TO 💿 HELP 💿 MAGISK Mau5
bet on NA teams? you deserve to lose all your money LUL
STOP BULLYING LIQUID AND NA! :(
SPAM THESE MICE TO HELP DEVICE SPAM :cd:THIS :cd:DISC :cd:TO :cd:HELP :cd:MAGISK . Mau5
Steel is the true smoke criminal Kappa
1 MORE " " and I AM OUT KappaPride
ASTRALIS go back to AUSTRALIA LUL
@coincidence12 yea on final MAJOR was 2mln viewers LUL
payne_7 I'm a nice guy BibleThump
Spam This Fish To Help ELiGE SabaPing
SPAM THIS KAPPA TO HELP ASTRA Kappa
Spam This Fish To Help ELiSH SabaPing
SHOW YOUR FISTS TO HELP TWISTZZ Poooound
win the round have no money NotLikeThis
NOT A MAJOR GROUP STAGE B STREAM DansGame
SPAM THIS SQUID TO HELP LIQUID Squid1
LIQUID LIQUID LIQUID LIQUID EZ EleGiggle
L I U I E LUL
L I U I D LUL
NA CS NA CS NA CS LUL
SPAM THESE FISTS TO HELP Twistzz Poooound
NA Fat pigs always getting EZ CLAPPED LUL
Standard danish players ! #Astralis ;)
SPAM THIS FACE SO DEVICE CAN GET AN ACE# PogChamp
@snay_dk that doesnt even rhyme LUL
@gonzocc y so toxic, bruthaman? ;)
: SPAM THIS FLAME TO HELP CurseLitASTRALIS CurseLitWIN CurseLit
: SPAM THIS FLAME TO HELP ASTRALIS WIN CurseLit
WHy only xyp9x on b mates :(
SPAM THIS REFEREE TO HELP DUPREEH FBtouchdown
SPAM THIS RICE TO HELP DEVICE PopCorn
Silvers dont understands the art of saving LUL
only 1 on B...and they call Gla1ve a "mastermind" FailFish
: SPAM THIS KID TO MAKE LIQUID QUIT BabyRage
run to win the round LUL
D E V I C E PogChamp
other stream crowd 9 soon to be eliminated LUL
P O L A N D LUL
Elige to hungry for kills LUL
Kæft man bliver glad af at se Magisk spille :D
USTILO IS A LOBSTER TOM LUL
NA SAVE I want some more kills LUL
Den Tjat er nu Danskerino LUL
Spam den her fisk for at hjælpe Magisk SabaPing
Nå Morten hvad med hundehaven på DR senere ???? :(
@WarmSensationz Scandinavia is in europe LUL
ASTRALIS IS FROM AUSTRALIA ACTUALLY LUL
lets see by the end of the *** if it holds true Kappa
@WarmSensationz Still part of EU LUL
@jasonruggeti we still beat sk LUL
SPAM THIS FLAME TO HELP ASTRALIS WIN THE Game CurseLit
@jutan123 SPAM THIS FLAME TO HELP jutan123 & friends CurseLit
RING TIL MORTEN HAN GRÆDER BibleThump
SPAMMING THIS FLAME IS HELLA LAME CurseLit
NAF IS SID FROM ICE AGE LUL
NA JETLAGGED NA ALTTABBED NA CANT FRAG LUL
LIQUID IS FROM THE LAND OF THE FREE, OF COURSE THEY'RE A FREE WIN LUL
B O T S GG LUL
NA CS always entertaining to watch LUL
NA CS NA FAT PIGS LUL
ty for my $400 bet win :)
Won first map but still lose TL LUL
SPAM THIS ROBOT TO HELP DEVICE BE A BROBOT MrDestructoid
FORSEN SUBS haHAA DOC SUBS PogChamp
at the Liquid fans calling 2-1 earlier LUL
save for next tour pls LUL
NA ERA NA ERA NA ERA NA ERA LUL
Astralis #1 NA CS FAT PIGS LUL
@thearabianknightt Yes, but that's not enough SeriousSloth
morten skyper lige han er busy Kappa
thearabianknightt Woah. I'm right here DansGame
@Cent you don't creativly , and he is best mod DansGame
@perm who timed me out cmonBruh
F A V E L A EleGiggle
If you don't have a Twitter then... make one SeriousSloth
81k on SKxC9, 14k on Astralis LUL
thearabianknightt Why don't you care about my Twitter DansGame
@Cent he is better mod but link me your twitter too nanHm DansGame
@Cent 😡 what's your twiter :)
Snakker med Morten lige nu LUL
ONE MORE NA TEAM TO GO 4Head
Why the hell are winners matches on Bstream LUL
NU ER DET NU SVENSKERE PogChamp
@GabbidiN1337 i agree, LOL, why not train , LUL
Rain came just in time Kappa
Olof is used to choking LUL
Someone clip ? lazy fucks LUL
Cloud9 SK moved to main stream? WutFace
betting on csgo enjoy your scmas LUL
10k viewers watching the first major rerun PogChamp
Niko soon to be tilted 4Head
Get ready for some juan deags CarlSmile
bald fuck trying to knife LUL
@Yannickhuis1 FAZE FANBOY KARRIGAN IS THE WORST IN THE TEAM LUL
@ferxaL FAZE FANBOY KARRIGAN IS THE WORST IN THE TEAM LUL
@willeeen bet you’re a silver too LUL
@simpze YESTERDAY KARRYGAN CARRIED IN INFERNO LUL
@L3G10N_TBY JUST LUCK, 1 MATCH GOOD 100 MATCHES BAD? LUL
@SimpZe NO ME FNATIC FANBOY LUL, CUZ YERSTERDAY CARRYGAN 30/9 LUL
djuunaz he should know it LUL
@ferxaL KARRIGAN IS USUALLY LIKE 11/22 JUST ONE MAP LUL
pro player doesnt even know your left side is always more exposed BrokeBack
U S T I L O FUNgineer
@SimpZe I KNOW, HE BETTER THAN U LUL
@ferxaL MAYBE A LITTLE BIT LUL
@L3G10N_TBY YOUR BOII KARRIGAN JUST DIED ON INFERNO LUL
F N A T I C LUL
IF YOU DON'T KNOW WHAT HAPPENED WITH ALT TAB DONT CONTEST THE INTELLIGENCE OF DA SPAMMERS LUL
OLOF THROWING FOR EX TEAMMATES CrreamAwk
@SimpZe I KNOW, U SILVER BOY LUL
@ferxaL OBVIOUSLY YOU THAT CALLED ME A SILVER LUL
JW VAC BANNED CHECK HLTV !!!! PogChamp
@Cent send me waifu body pillows WEEBS AYAYA Clap TehePelo
JW PREGNANCY CONFIRMED CHECK HLTV PogChamp
@ferxaL FAZE DOWN VOTEKICK BOTTIGAN LUL
Golden smoked before his picture was taken LUL
@L3G10N_TBY YOUR BOII JUST DIED AGAIN LUL
so toxic br fans here coz all in sk stream thank god BlessRNG
@SimpZe OR -SIMPLE +YOU, FAZE SO FKING DOWN LUL
@ferxaL CANT BE WORSE THAN KARRIGAN LUL
KARRIGAN BOTTOM FRAGGING AS USUAL LUL
its cool guys, golden got his 1 kill. he is done for this game LUL
Golden can't hit 1 shot LUL
NIKO, PLAY LIKE THIS IN THE MAJOR Keepo
Karrigan looks like the grinch LUL
NOT A 1g meme police DatSheffy
1 kill was timing next kill was terrible by flusha LUL
@SimpZe I TOLD U HE'S BETTER THAN U LUL
@ferxaL STILL THE WORST PLAYER IN FAZE LUL
dont copy the name when you copy the pasta FailFish
WTF NEW FORTNITE PATCH IS INSANE NO MORE BUILD? PogChamp
PLEASE DON'T TYPE IN CHAT UNLESS YOU ARE HIGH RANK (mg1 and above) FailFish
6:14dangernoodle5: dont copy the name when you copy the pasta FailFish
duqgaming: 6:14dangernoodle5: dont copy the name when you copy the pasta FailFish
G O L D E N LUL
lutkatvittuun: dangernoodle5: dont copy the name when you copy the pasta FailFish
llo_ollCS: lutkatvittuun: dangernoodle5: dont copy the name when you copy the pasta FailFish
lo_ollCS: lutkatvittuun: dangernoodle5: dont copy the name when you copy the pasta FailFish
Oh so olofmeister isnt playing in fnatic anymore? i guess olof got bored of JW's double chin always smeling like rotten egg , gottta understand :D
He needed to fight the other guy anyway bot chat FailFish
dAnGeRnOoDlE5: DoNt cOpY ThE NaMe wHeN YoU CoPy tHe pAsTa FailFish
don't copy the pasta when you copy the name FailFish
mejcel: don't copy the pasta when you copy the name FailFish
DoNt cOpY ThE NaMe wHeN YoU CoPy tHe pAsTa FailFish
Heard some rumors that olofmeisters goes around 500-1000 $ depends on the specimen , easy buy for faze clan lol :D
pasta when you copy the name FailFish
MOMMY THEYRE MAKING FUN OF MY RANK BabyRage
ccs2525: georgi808: ccs2525: mejcel: don't copy the pasta when you copy the name FailFish
Bullderiheri: pasta when you copy the name FailFish
Stickup11: ccs2525: georgi808: ccs2525: mejcel: don't copy the pasta when you copy the name FailFish
cOpY ThE NaMe wHeN YoU CoPy tHe pAsTa FailFish
jerrykremi: Bullderiheri: pasta pasta pasta when you copy the name FailFish
DoNt PaStA ThE NaMe wHeN YoU CoPy tHe pAsTa FailFish
F4LL007: ccs2525: F4LL007: ccs2525: Stickup11: ccs2525: georgi808: ccs2525: mejcel: don't copy the pasta when you copy the name FailFish
Im confused.. How can he be allowed to name himself GOLDEN when his rank is clearly Silver? WutFace
OVDJE IMA VISE BALKANCA NEGO DRUGIH LUL
SPAM THIS TO HELP FNATIC HappyJack
MODS ALLOW RACISM BUT NOT SPAM? cmonBruh
DoNt cOpY ThE pAsTa wHeN YoU CoPy tHe NaMe FailFish
Hit me with better spam the Don't copy the name meme pls ResidentSleeper
@AleshLUL aleshR zajtra rano tam odchadzam s kamaratom busom a budeme pozerat z areny ty nejdes co? :D
why niko push the smoke? FailFish
: Spam this Static to help Fnatic MorphinTime
Let me push this smoke real quick, gj NiKo 4Head
How does karigan lose that LUL
this is a T side map LUL
KEEP PEEKING GUARDIAN ON MID LUL
@danesh07 its information and i am sure that alot of people will care :)
LAST TIME I CHAT ABOUT FAZE PLAYER I'M BANNED 42K SECS LUL
of course they lost to usp :D
#1 team in the world LUL
OLOF THROWING FOR EX TEAMMATES LUL
OLOF DIDNT WANT TO KILL HIS OLD MATE LUL
LAST TIME I CHAT ABOUT FAZE PLAYER I'M BANNED 42K SECS . LUL
who the hell is Lekro LUL
Katowice one of the worst cities in Polando <3
Where the pro players sleep Keepo
JW can't have watch, but niko is allowed LUL
Spam this Static to help Fnatic MirohinTime MorphinTime
fighting long range with glawks FailFish
WENGER OUT is not dead till wenger leaves LUL
Wenger VAC ban check hltv TriHard
flusha faked switching to m4 PogChamp
@simonKS95 You mean Havard Newgarden? SeemsGood
SPAM CurseLitTHIS BLAZE TO HELP CurseLitFAZE : CurseLit
niko died . no ak to drop . FailFish
NIKO Aim > coldzera aim LUL
SPAM THIS FIRE TO HELP GOLDEN RETIRE 6-14 CurseLit
SPAM THIS BLAZE TO HELP FAZEvortex4590: flusha krimz gamesen CurseLit
Spam this Static to help Fnatic a MorphinTime
wtf is wrong with golden LUL
BOT OLOF BOT OLOF BOT OLOF LUL
Spam this Static to help Fnatic!! MorphinTime
WTF were both wattching the same angle? NotLikeThis
SPAM THIS BLAZE TO HELP FAZEmyname_Kev: SPAM THIS BLAZE TO HELP FAZE . CurseLit
SPAM THIS BLAZE TO HELP CurseLit
Spam this Static to help Fnatic !! MorphinTime
Spam this Static to help Fnatic4 MorphinTime
SPAM THIS BLAZE TO HELP FAZE mm CurseLit
THIS STREAM IS ON FIREEEEE CurseLit
Spam this Static to help Fnatic !!!! MorphinTime
SPAM THIS BLAZE TO HELP FAZE CurseLitCurseLit SPAM THIS BLAZE TO HELP FAZE CurseLit
SPAM THIS BLAZE TO HELP FAZE sumG CurseLit
SPAM THIS BLAZE TO HELP FAZE sumW CurseLit
SPAM THIS BLAZE TO HELP FAZE sumW sumE CurseLit
SPAM THIS BLAZE TO HELP FAZE kk CurseLit
@da_longe so true, but not everyone is smart, take it easy :)
Spam this Static to help Fnaticc h MorphinTime
Spam this Static to help Fnaticc 8 MorphinTime
SPAM THIS BLAZE TO HELP FAZE pp CurseLit
Spam this Static to help Fnaticc 89 MorphinTime
SPAM THIS WEEBO TO HELP HREEBO KonCha
Spam this Static to help @da_longe ¨s mental health MorphinTime
don't copy the name when you copy paste FailFish
lokol18: don't copy the name when you copy paste FailFish
NIKO IS SO DAMN GOOD CrreamAwk
bamlive: lokol18: don't copy the name when you copy paste FailFish
no problem for faze unless u tell to niko this is a final Kappa
@famagusta94 what does it mean? :D
COPY IF U LOVE NIKO TwitchUnity
olof got killed through the smoke. Chat FailFish
Got 1 kill goes panic mod LUL
I swear all this chat ever does is pick the one idiot with the lowest IQ and copy whatever that brain dead moron types. ANELE
SPAM IF U LOVE NIKO TwitchUnity
Golden, it's like Pronax never left, ResidentSleeper
@0rhythm i dont see any 80-90 years old LUL
metro boomin wants some more TriHard
"Winner advances to semi-finals, loser advances to quarter-finals" No worries CurseLit
C9 12 - 12 SK PogChamp
krimz getting 3k all the time PogChamp
KRIMZ killed Olofmeister with m4a4 - Top 10 Anime betrayals of all time LUL
SPAM THIS BLAZE TOFUNgineer HELP KRIMZ FUNgineer
idc if fnatic lost but remember always flusha krimz gamesense always > niko botdian Kappa
aim punch'd hard. CZ PZ LMN SQZ CurseLit
@nyxiz u are stupid if u think that he doesnt need to frag LUL
Spam this Static to help Fnatic . MorphinTime
SPAM THIS BLAZE TO HELP FAZE! CurseLit
G O L D LULE N LUL
LIFTING HIS MOUSE LIFTING HIS MOUSE LIFTING HIS MOUSE LUL
HELLO FLUSHA VAC BAN I HERE LUL
It's ok chat he just lifts his mouse alot Kappa
SPAM THIS BLAZE TO HELP FAZE CurseLit1 CurseLit
IT IS NOT ALWAYS FLUSHA SILVER CHAT Common spray spot FailFish
SPAM THIS BLAZE TO HELP FAZE !!!!!!!!!!!! CurseLit
you guys are so bad it's amazing :D
TAKING SMOKE BATTLES WITH SENOR VAC LUL
Spam this Static to help Fnatic c MorphinTime
karrigan not dropping his ak 4Head
SPAMM this to make Karrigan Fit PopCorn
FLUSHA FORGOT THERE IS A SMOKE THERE LUL
RAIN CZ AND KARRIGAN AK LUL
SPAM THIS BRUH TO HELP FAZECLAN SPAM THIS BRUH TO HELP FAZECLAN cmonBruh
16-0 INCLUDED FOR FAZE AFTER THAT LUL
SPAM NATASHA TO HELP FLUSHA PMSTwin
Fnatick players loocks like they eat more then they play LUL
@Pinglaoh almost like the entire NA population LUL
Guardian SHAVED, that is why he missing his shots sometimes :(
1 more and i'm out LUL
C9 14-13 SK STREAM A FailFish
V O D A F O N LUL
spam CurseLitCurseLit this blaze to help FaZe CurseLit
CurseLitCurseLit SPAM THIS BLAZE TO HELP FAZE .. CurseLit
FaZe Top 1 btw haHAA LUL
: SPAM THIS BLAZE TO HELP FAZE .. CurseLit
spam this because Fnatic going to take this with storm! duDudu
C9 15 - 13 SK NotLikeThis
C9 has sent SK home PogChamp
Как поживаете в свое Геймерике и Гейропе Kappa
No job ✔️4Head No girlfriend ✔️ No friends ✔️ No talents ✔️ Wasting time on Twitch ✔️ Must be me 4Head
SPAM THIS STATIC TO HELP FNATIC s MorphinTime
SPAM THIS STATIC TO HELP FNATIC b MorphinTime
SPAM THIS STATIC TO HELP FNATIC ö MorphinTime
SPAM THIS STATIC TO HELP FNATIC w MorphinTime
1k bet Lets go Fnatic :D
WTF HOW IS KIO CASTING NOW? PogChamp
COLDZERA OVERRATED FALLEN OUTDATED BOLTZ OVERWEIGHTED SK ELMINATED . Jebaited
FAZE PLEASE GO TO WIN BlessRNG
SK ELIMINATED FAZE IS NEXT LUL
SK best team in the world? What a joke LUL
Spam this Blaze To Help Faze . CurseLit
CLOUD9 WON AGAINST SK Favelas Goodbye LUL
NIKO>COLD THEY SAID TOP1 SK TOP1 LUL
SPAM THIS GEEKO TO HELP NIKO NotATK
Casters: "The teams want to win" thanks for the analysis SeemsGood
they said felps was problem LUL
SK best team in the world LUL
First G2, then SK and now FaZe LUL
SK alttabbed out of the tournament PogChamp
FALLEN OUTDATED BAITZERA OVERRATED BOTZ OVERWEIGHT SK ELIMINATED . LUL
: SPAM THIS GEEKO TO HELP NIKO NotATK
Its very unfair that SK had to play in such unplayable conditions LUL
Spam this blaze to help Faze CurseLit
THIS is not a elimination match idiots L LUL
TIRED BAD KEYBOARD DESK HIGH WIND BLOWING BYE BYE SK HiGuys LUL
@TheGuyWhoNeedsU because it started late LUL
1G MEANS DYING TO YOUR OWN MOLLY STUPID CHAT NotLikeThis
niko would never lose to FATNATICS SMOrc
SK and FAZE EZ wins... oh wait... LUL
GET BETTER CASTERS NOT THESE CHEAP ONES LUL
FALLEN OUTDATED BAITZERA OVERRATED BOTZ OVERWEIGHTED SK ELIMINATED. LUL
Hey guys I am a dirty favela fanboy. When does SK play in playoffs? LUL
Guardian is gunna retire if he loose to FATNATIC BrokeBack
FALLEN OUTDATED BAITZERA OVERRATED BOTZ OVERWEIGHTED SK ELIMINATED FALLEN OUTDATED BAITZERA OVERRATED BOTZ OVERWEIGHTED SK ELIMINATED LUL
EDWARD IN THR BACK RIGHT LUL
@Perm You're here as well PogChamp
MAJOR FINAL 30k VIEWERS DEAD GAME EleGiggle
NIKO OVERRATED? NOT FUNNY DUDE CrreamAwk
Guud job ✔️ Sexy girlfriend ✔️ Lot friends ✔️ Many talents ✔️ Wasting time on Work ✔️ Must be me .. 4Head
XboxElite help flusha lift his mouse HSWP
tomahawker314: No job ✔️ No girlfriend ✔️ No friends ✔️ No talents ✔️ Wasting time on Twitch ✔️ Must be me 4Head
FALLEN OUTDATED BAITZERA OVERRATED BOLTZ OVERWEIGHTED SK ELIMINATED Jebaited
spam this cat to help a trap! Kippa
WALLEN OUTDATED BAITZERA OVERRATED BOTZ OVERWEIGHTED SK ELIMINATED LUL
NO MORE GRAND SLAM FOR SK FailFish
HEY GUYS IM MASTER GUARDIAN ELITE LUL
Bring the good casters to this game LUL
FAZE AND SK IN 2018 LUL
LITERALLY SLAV SQUATTING AT FORKLIFT LUL
FaZe in 2018 FaZe in 2018 FaZe in 2018 FaZe in 2018 FaZe in 2018 LUL
SK ALT TAB TIRED HEADPHONES UNCOMFORTABLE JETLAG BabyRage
FAZE IN 2018 SK IN 2018 LUL
Faze and Sk in 2018 cmonBruh
Olaf Eisner was the problem LUL
imagine guardian slav squatting forklift irl MVGame
I don't wanna spam anymore got banned 42k secs LUL
X GOD: Undercover Vol. II CurseLit
: OLOF OUTDATED NIKO OVERRATED GUARDIAN OVERWEIGHTED FAZE ELIMINATED LUL
SPAM THIS NOODLE TO HELP SKADDOODLESPAM THIS NOODLE TO HELP SKADDOODLE o pastaThat
spam this god to get a nice bod BlessRNG
got job got girlfriend must be me PogChamp
WTF has happened to CS in 2018? All the scores are backwards NotLikeThis
PogChamp: OLOF OUTDATED NIKO OVERRATED GUARDIAN OVERWEIGHTED FAZE ELIMINATED LUL
MARKELOFF MAIN AWP IN FLIPSIDE PogChamp
Spam this Static to help Fnatic 1 MorphinTime
noahB__: OLOF OUTDATED NIKO OVERRATED GUARDIAN OVERWEIGHTED FAZE ELIMINATED LUL
olof getting ripped by old team LUL
LOSE TO TYLOO BEAT FAZE LUL
HOW MUCH IS THAT FLUSHA KNIFE PogChamp
Why does this caster sound like he's speaking to royalty LUL
OLOF OUTDATED NIKO OVERRATED GUARDIAN OVERWEIGHTED KARRIGAN OUTPLAYED RAIN OVERWEIGHTED FAZE ELIMINATED LUL
NIKO RANK 2 in 2K18 LUL
great players, but not a great team LUL
KRIMZ OUTDATED LEKR0 OVERRATED JW OVERWEIGHTED FAZE ELIMINATED LUL
FAZE throwing so they get to play tmr LUL
fnatic is back more aimlocks pls PogChamp
HELLO FNATIC OLOF HERE CAN I GO BACK ? LUL
spam these gayz to help out faze KappaPride
Olof wont kill fnatic players LUL
fnatic vs the traitor of fnatic Kappa
JW VAC BANNED CHECK HLTV Kappa
SPAM THIS KEEPO TO HELP NIKO KeepoSPAM THIS KEEPO TO HELP NIKO Keepo
fake niko and now fake olof LUL
FAZE and Fnatic are in playoffs LUL
he should change it to (0) to show shis kills LUL
GOLDEN LOOKS LIKE A GHOUL DansGame
FAZE ARE STILL IN PLAYOFFS NO AIRPORT LUL
50k on Major grand Final LUL
Flusha turned on cheats again PogChamp
OLOF CAN I COME BACK TO FNATIC ? 4Head
SPAM THIS KEEPO TO HELP NIKO SPAM THIS KEEPO TO HELP NIKO Keepo
THE LOSERRRRRRR DOESNT EVEN GET ELIMINATED LUL
📞 HELLO OLOF? 📞 FNATIC HERE 📞 NEED A TEAM?? 📞 4Head
FLUSHA HACKING IS OLD NEWS LUL
flusha vac ban check msnbc 4Head
FAZE vs C9 in QUARTERFINAL LUL
📞 HELLO OLOF? 📞 FNATIC HERE 📞 NEED A TEAM?? 📞 . 4Head
RAIN best player in world LUL
Curselit Smells Like Meme Spirit CurseLit
RISKING IT FOR A BISCUIT LUL
SPAM THIS BLAZE TO HELP FAZE CurseLut CurseLit
karrigan knows hes a BOT LUL
RISKING FOR A BISCUIT hmm KappaClaus
THATS NOT A BOGDAN CHAT FailFish
1 stand for the overall kills in olofs name? Kappa
EPIC FNATIC OLOF where are you dude <3
NIKO WITH THE 5IQ FLANK LUL
NIKO LEFT HEROIC FOR THIS LUL
bunchiee do u see this faze LUL
SK AND FAZE AT THE AIRPORT LUL
1 stands fot the overall kills olof? Kappa
niko left Heroic for this LUL
[1] olofmeister at 1 frag LUL
NIKO WENT TO HEROIC CUZ OF THIS LUL
lap3:21mrbadasduck: Spam this Static to help Fnatic MorphinTime
people think that navi is a good team now that they beat faze LUL
FaZe why you do this to me BibleThump
MOUZ > FAZE UMAD NIKO? LUL
1 stands for the overall kills (bot)olof? Kappa
SO EASY FOR FNATIC, FAZE FANS GO HOME LUL
guys im having a mental breakdown dont want FaZe to lose should i kill meself? BibleThump
SK TOP2 FAZE TOP 1 LUL
noo way FaZe why did u do this to me :(
Golden is just Pronax 2.0 FailFish
📞 HELLO, ? 📞 SK HERE 📞 NICE ERA 📞 LUL
cmon faze win this tournament win something finally pls we need old Niko :(
OLOF OUTDATED NIKO OVERRATED GUARDIAN OVERWEIGHTED FAZE ELIMINATED x LUL
cv FaZe BOUGHT THE MOST EXPENSIVE PLAYERS FOR THIS LUL
i won 200$ on C9 LUL
SPAM THİS FAZE UP OR SHUT THE F* UP FBtouchdown
vg FaZe BOUGHT THE MOST EXPENSIVE PLAYERS FOR THIS LUL
📞 HELLO OLOF? 📞 FNATIC HERE 📞 HOW IS FAZE? 4Head
fnatic know that faze know that flusha is cheatin LUL
CHAT SPAMMING BRA71L BECAUSE SK GAYBOYZ MAD B)
📞 HELLO, FAZE? 📞 SK HERE 📞 WAITING FOR YOU AT THE AIRPORT 📞 LUL
EU = WASHED UP REGION LUL
FAZE UP FAZE UP FAZE UP HumbleLife
cuz he also plays in fnatic Kappa
KJAERBYE LEFT ASTRALIS FOR THIS LUL
SK ERA SK ERA SK ERA SK ERA SK ERA LUL
@nanochon NIKO LEFT HEROIC for this LUL
HELLO, FAZE? 📞 SK HERE 📞 WAITING FOR YOU AT THE AIRPORT 📞 LUL
FAZE TIME TO REBUILD BUY OTHERS LUL
📞 HELLO, FAZE? 📞 SK HERE 📞 WAITING FOR YOU AT THE AIRPORT 📞 NICE BRA71L BTW 📞 LUL
HELLO, FAZE? SK HERE WAITING FOR YOU AT THE AIRPORT LUL
fun event SK and Faze out Jebaited
56K AND NO SPAM? 56K AND NO SPAM? 56K AND NO SPAM? Kappa
SPAM THIS BLAZE TO HELP FNATIC CurseLit
@famagusta94 are you mad cuz im not LUL
silver chat thinks this is elimination LUL
FaZe not out yet FaZe not out yet FaZe not out yet BabyRage
THIS IS SEMI/QUARTER MATCH, NOT ELIMINATION Jebaited
@0rhythm tujhya aaichi gand jast bolu nako :p
HELLO OLOF YOU CANT COME BACK OLOF: OK ILL COMEBACK THEN 4Head
..FaZe not out yet FaZe not out yet FaZe not out yet BabyRage
EUROS BITTER BECAUSE THEY ARE NOT AMERICANS EleGiggle
Nico left Heroic for this NotLikeThis
@adamz003 F.X je stejně top :)
so many people told me JW was banned to check HLTV but he's playing right now cmonBruh
niko from behind my dream Kreygasm
Niko left Niko for this NotLikeThis
📞4Head Hello Fnatic 📞4Head Olof here 📞 Can i come back 📞4Head 4Head
Spam This Static To Help Fnatic MorphinTime
@WarmSensationz No one wants to talk to you Kappa
Im fine today how are you :)
OLOF GOING BACK TO FNATIC PogChamp
chat lets all be nice :)
Isn't this just a nice day? :)
just like old times fnatic 16-0 faze LUL
SPAM THIS BLAZE TO HELP FAZE ..- CurseLit
SPAM THIS STATIC TO HELP FNATIC MorphinTime:) MorphinTime
SK ELIMINATED IN GROUP STAGE LUL
SPAM THIS BLAZE TO HELP CurseLitFAZE CurseLit
SPAM THIS FACE TO HELP FAZE :)
One more "xD" and I'm off to bed FailFish
C9 era 2 weeks Faze era ??? 4Head
@shirciaaa cuz someone is taking his place Kappa
SPAM THIS CHASE TO HELP FAZE PRChase
SPAM THIS HO TO HELP LEKRO , PMSTwin
Spam this Static to help Fnatic........ MorphinTime
b-stream got more views than main stream LUL
SPAM THIS STATIC TO HELP FNATIC MorphinTime\ MorphinTime
Flusha not even trying to hide cheats LUL
FAZE FANBOYS - FNATIC TRASH BabyRage
SPAM THIS HO TO HELP LEKRO PMSTwin.. PMSTwin
2015 Senor Vac :< 2015 <3
flusha. on the gear bois LUL
SPAM THIS DASHA TO HELP FLUSHA : PMSTwin
SPAM THIS HO TO HELP LEKRO ,,, PMSTwin
FNC hacking so hard whaha its just funny how that proves how bad they are LUL
LIFT MY gachiGASM MOUSE gachiGASM DADDY gachiGASM Kreygasm
SPAM THIS HO TO HELP LEKRO PMSTwin0 PMSTwin
WTF IS THIS GONNA DO?!?! CurseLit
LIFT MY MOUSE DADDY . Kreygasm
vortex4590, please dont insult other people's intelligence when you are able to construct a coherent sentence in English LUL
@freska3 help faze obviously, like it says FailFish
: SPAM THIS STATIC TO KICK FNATIC MorphinTime
make sure to follow the channel :)
Spam this ustilo to help NiKo FUNgineer
SPAM THIS FIRECurseLit TO HELP FAZE RETIRE CurseLit
SPAM THIS CAN TO HELP FAZE CLAN hahahaha DrinkPurple
: SPAM THIS STATIC TO KICK FNATIC 1 MorphinTime
: SPAM THIS STATIC TO KICK FNATIC 3 MorphinTime
SPAM THIS HO TO HELP LEKRO PMSTwin1 PMSTwin
: SPAM THIS STATIC TO KICK FNATIC 6 MorphinTime
: SPAM THIS STATIC TO KICK FNATIC 88 MorphinTime
SPAM THIS HO TO HELP LEKRO PMSTwin. PMSTwin
B to win pls not come A cmonBruh
Spam this Static to help Fnatic## MorphinTime
: SPAM THIS STATIC TO KICK FNATIC 34 MorphinTime
SPAM THIS HO TO HELP LEKRO . PMSTwin
SK OUTDATED FAZE OVERRATED G2 ELIMINATED LUL
who is (1) and why does he have olofmeister nickname, where is olof? 4Head
-[1]olof +olof -[1]olof +olof -[1]olof +olof BabyRage
We didn't spam enough static NotLikeThis
COLD OUTDATED FER OVERRATED BOLTZ OVERWEIGHTED SK ELIMINATED LUL
USTILO IS A LOBSTER TOM! PogChamp
The picture of guardian looks like LUL
THIS CHAT IS SO FUNNY . 4Head
-[1]olof +olof -[1]olof +olof ... BabyRage
Spam this rain to help rain bleedPurple
CSGO chat is this funny LUL
SPAM THIS lul TO HELP OLOFMEISTER LUL
NA WORS COUNTRY IN THE WORLD <3
look at that trash faze fan chat LUL
FLUSHA OUTDATED KRIMZ OVERRATED JW OVERWEIGHTED FAZE ELIMINATED LUL
IT WAS LEKRO YOU FUCKING AUTISTS PogChamp
FaZe are not playing well :(
CAN THIS CHAT GET A BIT CREATIVE? JESUS CHRIST ALL YOU GUYS DO IS SPAM! FailFish
FLUSHA DOESNT GIVE A FUCK LUL
I COPY AND PASTE STUFF BECAUSE I DON'T HAVE ORIGINALITY LUL
FLUSHA OUTDATED LEKRO OVERRATED JW OVERWEIGHTED FNATIC ELIMINATED LULLUL FLUSHA OUTDATED LEKRO OVERRATED JW OVERWEIGHTED FNATIC ELIMINATED LUL
CAN THIS CHAT GET A BIT CREATIVE? JESUS CHRIST ALL YOU GUYS DO IS SPAM! . FailFish
Rain's Name Rain's Name Rain's Name TriHard
Spam this Jack for FaZe to Come Back HappyJack
KreygasmKreygasm K R I M Z Kreygasm
Spam this bush to help Fnatic rush CoolStoryBob
SPAM THIS MAN TO HELP KARRIGAN ! Kappa
Too much 69 for today Kreygasm
SPAM THIS MAN TO HELP KARRIGAN !!! Kappa
@CPU_INTENSlVE it is called "in the butt" LUL
FAZE FANBOYS TALKING ABOUT NA ERS LUL
FAZE FANBOYS TALKING ABOUT NA ERA LUL
WHO WON OF ASTRILIST VS OTHER TEAM? Keepo
SPAM THIS HIKO TO HELP NIKO OpieOp OpieOP
Let's make the prisoner climb the ladder FBtouchdown
┏ ┓┏ ┛┗ EleGigge ┓┗ ┛ EleGiggle
SK with Taco and Boltz LUL
┏ ┓┏ ┛┗ ┓┗ ┛ EleGiggle
Spam this Static to help Fnaticcccc MorphinTime
2 na teams i playoffs no br teams LUL
𝔻𝕠𝕟'𝕥 𝕖𝕧𝕖𝕟 𝕥𝕙𝕚𝕟𝕜 𝕠𝕗 𝕔𝕠𝕡𝕪𝕚𝕟𝕘 𝕒𝕟𝕕 𝕡𝕒𝕤𝕥𝕚𝕟𝕘 𝕥𝕙𝕚𝕤. PogChamp
Spam this booze to help Fnatic lose DrinkPurple
menamesqueak1: CurseLitCurseLit SPAM THIS BLAZE TO HELP FAZE CurseLit
SPAM THIS CAN TO HELP FAZE CAN DrinkPurple
SPAM THIS SLIMS TO HELP KRIMZ pastaThat
CRY IS FREE NA PLEBS BrokeBack
can you guys stop spamming? thanks :)
a was free as well LUL
wKreygasm K R I M Z Kreygasm
Twitch chat will literally copy and paste any words in between emotes 4Head
@tiendung_ngt im mge and i wouldnt check that LUL
HE JUST "LIFTS HIS MOUSE" LUL
CALLING VAC WHEN HE DIDNT EVEN HIT THE SHOT LUL
SEES HIM GO IN TO THE SPOT, VAC haHAA silver BTW BabyRage
52k watching this stream and no "xD" spam? WutFace
67k watching this stream and no "xD" spam? WutFace
FNATIC NO CHEAT WIN FAZE LUL
@blazee96 NO U CAN'T CHEAT ON LAN BabyRage
SPAM THIS SNACK TO HELP SENOR VAC 7 PopCorn
v CurseLitCurseLit SPAM THIS BLAZE TO HELP FAZE CurseLit
SPAM THIS SNACK TO HELP SENOR VAC! PopCorn
SPAM THIS SNACK TO HELP SENOR VAC POGGERS PopCorn
SPAM THIS SNACK TO HELP SENOR VACC PopCorn
BOTIAN UNINSTALL THE GAME AND RETIRE LUL
SK and FaZe in 2k18 LUL
Faze lose to more ecos than gun rounds LUL
you guys complaining about eSports fans being toxic. Have you ever been to a soccer match and heard the sh*t the crowd is saying being drunk out of their minds? CHECK YOURSELF LUL
honsly this major sucks no effort for replays so bad DansGame
SPAM THIS BLAZE TO HELP CurseLitCurseLit FAZE CurseLit
@Kalvjaevel thanks dude i was just wondering! :D
LONG HAVE WE WAITED NOW WE JEBAITED Jebaited
ACtually worth it only lost a famas and a p250 LUL
NIE PRZEGRAJCIE FAZE 10 ZŁ NA WAS OBSTAWIŁEM :(
OLOF OUTDATED NIKO OVERRATED GUARDIAN OVERWEIGHTED KARRIGAN OUTSKILLED FAZE ELIMINATED LUL
olof needs to counter toggle flusha LUL
FAZE AND PLAYERS CHOKING AGAINST THEIR FORMER TEAMS LUL
SPAM Johnny SINS TO HELP KRIMZ FUNgineer
Why is faze playing like master guardins :(
How can people cringe at that? FailFish
Spam this Chico to help Niko Keepo
OLOF OUTDATED NIKO OVERRATED GUARDIAN OVERWEIGHTED FAZE ELIMINATED OLOF OUTDATED NIKO OVERRATED GUARDIAN OVERWEIGHTED FAZE ELIMINATED u dumb yes? LUL
FAZE DOWN ! FNATIC Up BabyRage
: SPAM THIS BLAZE TO HELP FAZE CurseLitbratwurstgame: SPAM THIS BLAZE TO HELP FAZE CurseLit
JW VAC BAN CHECK HLTV PogChamp
always players head set pause nowadays LUL
NU ÄR DENNA CHATTEN SVENSK DatSheffy
MY DREAM IS A CHAT FULL OFF FORESENBOYS DansGame
Spam this Dude to make the match gud StoneLightning
just start ffs faze gona lose anyway Kappa
SPAM THIS KRIMZ TO HELP GOLDEN FUNgineer
Niko back to HEROIC, check HLTV LUL
SPAM THIS HotPokketCHICK HotPokketTO HotPokketSUCK HotPokketMY HotPokketDICK HotPokket
人 人 EQUALITY 人 人 TriHard
The server is out of "cache" Kappa
OLOF EXCHANGE MEMES WITH NIKO LUL
E S L P R D U C T I ResidenSleeper N ResidentSleeper
📞 HELLO FAZE? 📞 SK HERE 📞 SHOULD WE WAIT AT THE AIRPORT? 📞 4Head
NIKO TILTED OLOF DEFEATED GUARDIAN OUTDATED RAIN OVERRATED LUL
5 swedes > 1 swede ArigatoNas
OLOF WAS THE PROBLEM CONFIRMED LUL
OLOF WILL PROBABLY GO BACK TO FNATIC BECAUSE OF THIS PogChamp
SPAM THIS SALT TO HELP NIKO PJSalt
OLOF OUTDATED NIKO OVERRATED GUARDIAN OVERWEIGHTED FAZE ELIMINATED l LUL
SPAM THIS CHIP TO HELP NIP DoritosChip
2018 AND NO "xD" IN CHAT LUL
SPAM THIS BLAZE TO HELP FAZE CurseLitElG0zad0r: FAZE CurseLit
CurseLitCurseLit SPAM THIS BLAZE TO LAUGH AT FAZE CurseLit
@swedishfishz even if FaZe lose they wont be eliminated = ur braindead LUL
SPAM THIS BLAZE TO HELP FAZE ; CurseLit
SK out G2 out FAZE out too LUL? LUL
@treyhard_ i saw u baiting on hltv EleGiggle
Spam this Static to help Fnatic z MorphinTime
TYLOO > FNATIC > FAZE. BTW CHINA NUMBA ONE LUL
SPAM THIS NOODLE TO HELP SKADOODLE SPAM THIS NOODLE TO HELP SKADOODLE pastaThat
📞 Hello Fnatic 📞 Olof here 📞 is there any spot left for me in team ? 📞 hello ? hellloooo ? 📞 l BabyRage
FAZE BOUGHT THE SUPER TEAM FOR $1,500,000 WAS WORTH IT 4Head
📞 Hello Fnatic 📞 Olof here 📞 is there any spot left for me in team ? 📞 hello ? hellloooo ? 📞 BabyRage.. BabyRage
gives it to him raw Kreygasm
GIVES IT TO HIM RAW KappaPride
Gives it to em raw bois LUL
LOSE TO FNATIC IN 2K18 LUL
JW VAC ban check Here LUL
these casters british dudes talking about rap LUL
FaZe bettor? Where are u? PogChamp
Hope to see fnatic faze again soon! :D
G2 OUT SK OUT FAZE OUT TOO LUL? LUL
📞 Hello Fnatic 📞 Olof here 📞 is there any spot left for me in team ? 📞 hello ? hellloooo ? 📞 BabyRage0 BabyRage
i was brb amd it was 2 vs 3, bot clan LUL
@EKShot even if they lose they are in quaterfinal LUL
FAZE SUPERTEAM 1.5M TOTALLY WORTH IT LUL
TWITCH CHAT THINKING FAZE IS OUT IF THEY LOSE THIS LUL
i was brb amd it was 2 vs 3, bot clan i was brb amd it was 2 vs 3, bot clan LUL
Most Overrated Line-Up in CSGO History LUL
NaVi sticker on Guardian's deagle LUL
Meisterpaul_: SPAM RAIN'S LASTNAME TO WIN THE GAME duDudu
I SAID 1 G !!!!!!! PogChamp
Hello Faze clan Sk here Dont be Late to the Airport 4Head
Niko left Heroic for this LUL
Fnatic Cheating Gold nova BTW BabyRage
📞 :telephone_receiver:BetterTTV Emojis Hello Fnatic 📞 Olof here 📞 is there any spot left for me in team ? 📞 hello ? hellloooo ? 📞 . BabyRage
SPAM THIS FLAME TO HELP RAIN CurseLit
Fnatic Cheating Gold nova BTW Fnatic Cheating Gold nova BTW BabyRage
📞 Hello Fnatic 📞 Olof here 📞 is there any spot left for me in team ? 📞 hello ? hellloooooo ? 📞 . BabyRage
MY MOM SAYS HI TO YOU GUYS HeyGuys
@chaaxDxD he is helping out his swedish friends dont be mad :)
so many noobs talking crap NotLikeThis
Olof in 2018 I cant believe people still believe he has it LUL
Flusha this Flusha that I'm a silver In twitch chat BabyRage
NIKO PLEASE COME TO B LUL
losing to fnatic in 2017 EleGiggle
📞BabyRage hello SK📞BabyRage Faze Here📞BabyRage wait for us at the airport will ya?📞 BabyRage
GuardiaN :OO Other FaZe players LUL
losing to fnatic in 2016 EleGiggle
SPAM THIS BLAZE TO HELP FAZE.. CurseLit
SPAM THIS BLAZE TO HELP FAZEx CurseLit
📞 Hello Fnatic 📞 Olof here 📞 is there any spot left for me in team ? 📞 hello ? hellloooo ? 📞 ... BabyRage
I think Faze wants Fnatic too win this! Ez win if they meet them again LUL
📞 Hello Fnatic 📞 Olof here 📞 is there any spot left for me in team ? 📞 hello ? hellloooooo ? 📞 BabyRage
SPAM THIS STATIC TO HELP MorpjonTimeFNATIC MorphinTime
JW PIG!!!! 12 BTW haHAA JW PIG!!!! 12 BTW haHAA BabyRage
Twitch Primemarvvvvv: SPAM THIS BLAZE TO HELP FAZE CurseLit
SOME NEW FAZE KIDS CRYING IN HLTV RELAX KIDS FAZE FNATIC ARE BROTHER CLAN <3
olof left fnatic for this? LUL
📞 Hello Fnatic 📞 Olof here 📞 is there any spot left for me in team ? 📞 hello ? hellloooo ? 📞 :telephone_receiver:BetterTTV Emojis . BabyRage
FAZE IS IN PLAYOFFS ALREADY :D
RAIN NEEDS A BETTER TEAM LUL
Not Smoking it off? FNATIC NotLikeThis
FAZE SK C9 VP G2 LUL
📞 Hello Fnatic 📞 Olof here 📞 is there any spot left for me in team ? 📞 hello ? hellloooo ? 📞 .. . BabyRage
Fat Ugly Playing with cheats Must be JW LUL
Hello NaVi GuardiaN here Are there spot in the team for me? LUL
ez mone Who say 3.6 ez Fanatic <3
8-18 OLOF WAS THE PROBLEM LUL
KNIFE KNIFE KNIFE KNIFE SwifRage SwiftRage
📞 HELLO FNATIC 📞 OLOF HERE 📞 CAN I HAVE MY JOB BACK 📞 4Head
📞 Hello GABEN? 📞 OLOF IS THROWING 📞 THROWMEISTER!!! 📞 hello ? hellloooo ? 📞 BabyRage
KARRIBOT NiBoT brain BotdiaN BOTMEISTER LUL
📞 Hello GabeN ? 📞 OLOF IS THROWING 📞 THROWMEISTER!!! 📞 hello ? hellloooo ? GabeN 📞 BabyRage
Spam for SK and FAZE FANS PJSalt
FAZE & SK GAMING IN 2k18 LUL
FAZE ERA started at ESL NEW YORK and ended there Nice investment LUL
FaZe Cache : FaZe 16:1 Cloud9And now FaZe 8:16 Fnatic LUL
FAZE SK TOP 1 2 LUL
Hello Na'Vi 📞 Faze here 📞 how much for s1mple? 📞 .... 4Head
S U P E R T E A M LUL
Navi rekts faze cuz guardian left. And now fnatic rekts faze cuz olofmeister left. LUL
FaZe best team in world :D
BYE C9 BYE C9 BYE C9 LUL
FAZE VS CLOUD9 BACK TO MAJOR LUL
BYE C9 BYE C9 BYE C9 BYE C9 LUL
2018 FLUSHA STILL NOT BANNED? 4head 4Head
@tsanches2 HAHAHAH SK TRASH LOST TO NA LUL
TY FOR THE MONEY AND SKINS FAZE FANGAIS EleGiggle
WE IN 2018 AND FLUSHA STILL ISNT BANNED HAHAHAHAHHAHA LUL
FINAL MAJOR 2018 BEGINS FAZE VS C9 LUL
@tac_dominator they don't want to wake you up ResidentSleeper
TARIK TWEET TARIK TWEET TARIK TWEET LUL
FAZE VS C9 BYE C9 LUL
BYE MEANS FREE WIN IDIOTS LUL
faze nip or fnatic will win IEM CONFIRMED by gaben FutureMan
"upset of a lifetime" ofc 3 time major winners only :D
Raise hand in chat if you play for BYE / Kappa
I JUST WANT FNATIC TO WIN 4 MAJORS TO SHUTUP NA PUG CS LUL
BYE (beijing yought esports) is an Asian Pro CS:GO team. They have 2 teams in this tournament, however Asian cs < EU CS. Touch luck lads! Kappa
FAZE GONNA CHOKE IN PLAYOFFS AGAIN LUL
BYE (Beijing Yought Esports) is an Asian Pro CS:GO team. They have 2 teams in this tournament, unfortunately both knocked out. Tough luck lads! Kappa
@tsanches2 lol thats why SK aint even in this championship anymore ? Kappa
