[0:01:04] <Geraltt_> HeyGuys
[0:01:10] <merS_cs> 16-0 BibleThump
[0:02:09] <Daminikano1337> 16-3
[0:02:17] <merS_cs> yea 16-3
[0:02:21] <justnoel> nip died to this FeelsBadMan
[0:02:28] <merS_cs> !maps
[0:02:28] <@Moobot> @merS_cs Train (VEGA's pick), Overpass (SPIRIT's pick), Inferno (decider)
[0:03:09] <merS_cs> LUL lets LUL go LUL vega LUL
[0:03:36] <justnoel> LuL why did that get a timeout
[0:03:46] <merS_cs> :(
[0:03:46] <@Moobot> Forget the skins! Join the future of betting! Bet with bitcoins now: http://bit.ly/2fljpKo
[0:04:03] <Lamemow> gg vega
[0:04:24] <Thomas_Huayra> FeelsGoodMan
[0:04:24] <Geraltt_> 1800 v on the major final ? dead game EleGiggle
[0:04:38] <justnoel> WutFace sound
[0:04:40] <Lamemow> ez 300$
[0:04:42] <AlexALZ> lol
[0:04:42] <Ekamin> fix ur mic dude
[0:04:43] <Daminikano1337> NA mic
[0:04:43] <Thomas_Huayra> MrDestructoid
[0:04:46] <theMagicskoolVan> MrDestructoid MrDestructoid
[0:04:50] <Ekamin> NA mic ahahah
[0:04:50] <@JanicKaa953> MrDestructoid epicenter_en1
[0:04:50] <yaramboo> MrDestructoid MrDestructoid MrDestructoid
[0:04:52] <HeatdudeOW> MrDestructoid MrDestructoid MrDestructoid
[0:04:52] <merS_cs> MrDestructoid MrDestructoid MrDestructoid
[0:05:03] <Ekamin> MrDestructoid MrDestructoid MrDestructoid MrDestructoid
[0:05:03] <tengenemoshi> NA MIC
[0:05:06] <yaramboo> MrDestructoid MrDestructoid MrDestructoid MrDestructoid MrDestructoid
[0:05:06] <romchkushki> when is nip game?
[0:05:08] <+ezomongolia> MrDestructoid MrDestructoid MrDestructoid
[0:05:08] <merS_cs> MrDestructoid im MrDestructoid robot MrDestructoid
[0:05:11] <nrollin_> that mic
[0:05:16] <@JanicKaa953> romchkushki 21:00 CET
[0:05:16] <csgocrazy1> MrDestructoid
[0:05:18] <yaramboo> 21:00 nip vs space
[0:05:28] <yeskelaa> PIDRS MICRO
[0:05:29] <romchkushki> okey thanks
[0:05:30] <Thwoine> robot mic on point
[0:05:35] <sneak_beaky> MrDestructoid
[0:05:38] <HeatdudeOW> MrDestructoid MrDestructoid MrDestructoid MrDestructoid
[0:05:49] <Thwoine> SSSsss SSSsss SSSsss
[0:05:50] <+volrathy_82> caster sounds horrible
[0:05:55] <merS_cs> get to tha choppa BibleThump CoD
[0:05:57] <Daminikano1337> ru game=ru mic
[0:06:11] <Daminikano1337> god mir
[0:06:13] <csgocrazy1> WTF
[0:06:13] <Geraltt_> PogChamp
[0:06:14] <+azadubz> NICE
[0:06:17] <merS_cs> ez
[0:06:20] <maximistomin> PogChamp PogChamp PogChamp PogChamp
[0:06:20] <Ekamin> <3
[0:06:29] <CloudSpace> PJSalt
[0:06:40] <Thwoine> PowerUpL BJBlazkowicz PowerUpR
[0:06:55] <Ekamin> "Media Markt" - a German sponsor on Russian tournament? LUL
[0:07:00] <ibrahimAbi31> LUL 2K FOR LUL MAJOR FINAL LUL DEAD GAME BTW LUL
[0:07:13] <justnoel> haHAA major final btw haHAA
[0:07:16] <Ekamin> @ibrahimAbi31 this isnt a major
[0:07:29] <ibrahimAbi31> not a major BabyRage
[0:07:33] <justnoel> @Ekamin its a meme you dip
[0:07:34] <pts_kris> GO SPIRIT YOLO DAY LUL
[0:07:42] <ibrahimAbi31> LUL 2K FOR LUL MAJOR FINAL LUL DEAD GAME BTW LUL
[0:07:43] <Geraltt_> not a major BabyRage
[0:07:59] <Daminikano1337> vac shot
[0:07:59] <@Moobot> Our social media: http://epicenter.gg/ | http://facebook.com/epicentergg | https://twitter.com/epicentergg
[0:08:07] <ibrahimAbi31> VAC BabyRage
[0:08:18] <+azadubz> NaVi mir when?
[0:08:22] <maximistomin> PogChamp
[0:08:26] <merS_cs> vac mir btw
[0:08:34] <maximistomin> that one taps
[0:08:43] <merS_cs> -seized +mr.mir
[0:08:55] <merS_cs> -seized +mir
[0:08:55] <@Moobot> @moobot Casters are https://twitter.com/switchjamie and https://twitter.com/hawka_cs
[0:08:59] <csgocrazy1> spirit academy choke is real noobs
[0:09:21] <CloudSpace> :>
[0:09:30] <merS_cs> just an academy team vs a major group team WutFace choke
[0:09:31] <Ekamin> 📞4Head Hello Epicenter 2017 📞 4Head Valve here 📞 4Head last major 📞 4Head
[0:09:41] <Daminikano1337> VoteYea if you are bot
[0:09:48] <@JanicKaa953> Ekamin thats not major man...
[0:09:49] <merS_cs> VoteYea
[0:09:54] <maximistomin> VoteYe
[0:09:54] <@JanicKaa953> VoteYea
[0:10:03] <maximistomin> WutFace
[0:10:04] <Ekamin> @JanicKaa953 I know I just go with the trolls :D
[0:10:07] <+tack595> Spirit = VoteYea
[0:10:07] <csgocrazy1> CHOKE
[0:10:09] <maximistomin> 1g
[0:10:10] <pts_kris> VoteYea RIP 1$
[0:10:12] <@JanicKaa953> Ekamin NotLikeThis
[0:10:23] <merS_cs> HSWP
[0:10:26] <Geraltt_> 📞 4Head Hello Epicenter 2017 📞 4Head Valve here 📞 4Head last major 📞 4Head
[0:10:46] <Ekamin> nice
[0:10:47] <csgocrazy1> VAC
[0:10:52] <Daminikano1337> Choke is real
[0:10:56] <maximistomin> PogChamp
[0:10:57] <professor2000> where is bas?
[0:10:58] <Faaakk> ez vega
[0:10:58] <ezzwin> vega has wh
[0:11:16] <Geraltt_> na knife lul
[0:11:19] <Daminikano1337> raz raz raz eto hardbass
[0:11:30] <merS_cs> russıan pro teams like WutFace russıan silver teams like rush B PogChamp
[0:11:58] <maximistomin> O_o
[0:12:11] <Totopro12> any ruskis here??
[0:12:14] <Cubirk> t's major final and only 2k iewers? Dead Game 4Head
[0:12:22] <Daminikano1337> I`m here
[0:12:34] <yeskelaa> eblo burjui zavalili
[0:12:36] <maximistomin> ru cs
[0:12:46] <maximistomin> 3-16
[0:13:11] <Daminikano1337> 2.5k chat 4Head
[0:13:21] <@JanicKaa953> VoHiYo
[0:13:23] <Totopro12> no
[0:13:28] <yeskelaa> kak jizn' pidori amerikanskie?
[0:13:39] <Totopro12> @Daminikano1337 so what u kiddo?
[0:13:45] <ilrand> CIS Closed Qualifier lul
[0:13:51] <Totopro12> look at the teams, barely popular
[0:14:09] <@Moobot> Broadcast brought to you by our partners - Efrag - http://facebook.com/efragtv | http://twitter.com/efragnet
[0:14:12] <Totopro12> + there's a ruski channel, more viewers there
[0:14:18] <ZoDIks> CSGO in 2k17 LuL
[0:14:29] <Daminikano1337> @Totopro12 not quite,I`m 17 yo btw
[0:15:35] <Daminikano1337> VoteYea
[0:16:03] <Daminikano1337> it`s like dm for vega
[0:16:13] <Totopro12> @Daminikano1337 17ish in 2k17 4Head , better shut up kid, yea, you're kid
[0:16:14] <maximistomin> ez reset
[0:16:15] <ezzwin> qh
[0:16:15] <Geraltt_> vac
[0:16:26] <ezzwin> that wh
[0:16:37] <maximistomin> no knifes LUL
[0:16:50] <Daminikano1337> no knifes=cheats
[0:16:56] <theotherguy124> Wall hack squadron
[0:17:13] <as200> !maps
[0:17:13] <@Moobot> @WWMMWWMMWWMMWWMMWWMM Train (VEGA's pick), Overpass (SPIRIT's pick), Inferno (decider)
[0:17:43] <ilrand> WH Squadron lul
[0:17:49] <as200> WTF that guy got timed out for using 2 emotes
[0:17:54] <as200> 2
[0:18:02] <as200> BibleThump
[0:18:02] <@Moobot> Forget the skins! Join the future of betting! Bet with bitcoins now: http://bit.ly/2fljpKo
[0:18:03] <Wan6Saber> DansGame
[0:18:05] <banksiema> bearde17Bboom bearde17Bboom bearde17Bboom
[0:18:08] <merS_cs> :(
[0:18:10] <Ksenooh> kek
[0:18:11] <Wan6Saber> ConcernDoge
[0:18:14] <merS_cs> rootthE7 rootthE7 rootthE7
[0:18:15] <as200> Rip in peace
[0:18:25] <Daminikano1337> same with the laws in russian
[0:18:31] <ANLIYORUM> SS > ALL
[0:18:48] <Ekamin> I think SS will win vs nip
[0:19:02] <as200> The ConcernDoge Doges ConcernDoge will ConcernDoge take ConcernDoge over ConcernDoge the ConcernDoge chat ConcernDoge
[0:19:04] <merS_cs> space shoulders LUL
[0:19:17] <ANLIYORUM> sure they will
[0:19:17] <@Moobot> @moobot Casters are https://twitter.com/switchjamie and https://twitter.com/hawka_cs
[0:19:37] <yllua> @Ekamin i also think i deserve to be global
[0:19:42] <merS_cs> 2-1 ss btw
[0:19:45] <yllua> but sadly just a dmg
[0:20:19] <maximistomin> vega nip PogChamp
[0:20:19] <hammerheadkitty> who else bet high on vega?
[0:20:20] <as200> The ConcernDoge Doges ConcernDoge will ConcernDoge take ConcernDoge over ConcernDoge the ConcernDoge chat ConcernDoge
[0:20:44] <Ekamin> n1
[0:20:46] <maximistomin> me
[0:20:48] <Geraltt_> LUL
[0:20:48] <as200> LuL
[0:20:48] <hammerheadkitty> unlucky timing
[0:20:48] <ezzwin> timing ...
[0:20:51] <ilrand> omg lul
[0:20:52] <maximistomin> LUL
[0:20:52] <Ekamin> Vega I love you <3
[0:20:53] <merS_cs> LUL
[0:20:58] <7eventa> Lamo
[0:21:04] <7eventa> Haha
[0:21:46] <as200> WTF
[0:22:20] <Daminikano1337> 3-0 > 4-10
[0:22:20] <as200> Noobs dont even get AWP FailFish
[0:22:23] <Ekamin> @hammerheadkitty me 50 but I have to win 3 games more, made a combo bet
[0:22:30] <+GoldenGlade> Did Vega swap up their roster?
[0:22:45] <CloudSpace> not asaik
[0:22:45] <as200> @GoldenGlade negative
[0:22:50] <ANLIYORUM> lol
[0:22:51] <Geraltt_> NA FLASH
[0:22:53] <as200> they added a coach, though
[0:23:15] <Daminikano1337> lul
[0:23:15] <maximistomin> train T sided LUL
[0:23:22] <Daminikano1337> ru play
[0:23:41] <maximistomin> 1v3 ez
[0:23:51] <hammerheadkitty> Ah nice there were 1.3 odds on LOOT.BET which was really nice, I bet 100 because shitty academy teams will never win anything lul
[0:23:51] <theotherguy124> dudududu
[0:23:54] <as200> ez ez Jebaited
[0:24:14] <+ezomongolia> @maximistomin train is actually t sided map if they have very good strategy..
[0:24:35] <as200> ye, its t-sided in GN2
[0:24:35] <@Moobot> Broadcast brought to you by our partners - Efrag - http://facebook.com/efragtv | http://twitter.com/efragnet
[0:25:04] <ANLIYORUM> if you have very good strategy, every map is t sided ...
[0:25:07] <hammerheadkitty> bot chopper lul
[0:25:16] <as200> BOT chopper
[0:25:20] <maximistomin> NotLikeThis
[0:25:30] <maximistomin> PogChamp
[0:25:31] <hammerheadkitty> na cs
[0:25:44] <as200> NA CS EleGiggle
[0:26:02] <merS_cs> br cs PunchTrees
[0:26:09] <as200> wtf was that?
[0:26:15] <as200> decoy?
[0:26:31] <theotherguy124> gg
[0:26:41] <as200> jee jee
[0:27:03] <ANLIYORUM> ww shut you mouth a bit
[0:27:09] <ANLIYORUM> your*
[0:27:15] <as200> thats a negative
[0:27:36] <maximistomin> PogChamp
[0:27:43] <+GoldenGlade> one of them is actually ukrainian o.o
[0:27:45] <maximistomin> nt
[0:27:51] <JONANzz> IS THIS RERUN?
[0:28:04] <+GoldenGlade> nope it's live
[0:28:04] <@Moobot> Our social media: http://epicenter.gg/ | http://facebook.com/epicentergg | https://twitter.com/epicentergg
[0:28:04] <ANLIYORUM> it is live
[0:28:07] <maximistomin> LUL savage
[0:28:08] <merS_cs> CrreamAwk game
[0:28:15] <Martinez_theSecondTapper> LUL LUL LUL
[0:28:19] <JONANzz> @anliyorum thanks
[0:28:19] <maximistomin> RUSH B
[0:28:21] <merS_cs> rush b
[0:28:44] <hammerheadkitty> this L UL emote sucks ass
[0:28:52] <merS_cs> cyk@ bly@t razh b
[0:29:00] <randy_handy> LuL > LUL
[0:29:02] <Ekamin> LUL emote is lit
[0:29:16] <merS_cs> LUL > LUL
[0:29:17] <rmpgr> LuL
[0:29:31] <Daminikano1337> I thought it was moE emote DansGame
[0:30:11] <maximistomin> 5-16
[0:30:11] <@Moobot> Forget the skins! Join the future of betting! Bet with bitcoins now: http://bit.ly/2fljpKo
[0:30:21] <merS_cs> smoke rush CrreamAwk classic russıans SeemsGood
[0:30:27] <+tack595> Type MoeFace for LUL emote
[0:30:37] <merS_cs> oh no LUL
[0:30:56] <d3rpinho> can vega win on ovp?
[0:31:20] <hammerheadkitty> thats some na cs right there
[0:31:20] <Ekamin> of course
[0:31:21] <merS_cs> vega can win all maps vs spirit a
[0:31:27] <maximistomin> XDDD
[0:31:38] <merS_cs> even on vertigo
[0:31:39] <maximistomin> 2nd map 16-0
[0:31:41] <+Exotic_snacks> lol can vega lose op?
[0:31:45] <+tack595> @d3rpinho it doesn't seem that vega plays overpass much
[0:31:49] <fleX_3> VAV
[0:31:50] <HynesD> 2nd map?
[0:31:50] <merS_cs> i dont know where to go on vertigo
[0:31:58] <maximistomin> !maps
[0:31:59] <@Moobot> @maximistomin Train (VEGA's pick), Overpass (SPIRIT's pick), Inferno (decider)
[0:32:01] <HynesD> what is 2nd map?
[0:32:02] <Ekamin> noz when they eat exotic snacks before @Exotic_snacks
[0:32:06] <d3rpinho> @tack595 exactly i dont recall hem ever winning on ovp before
[0:32:11] <@JanicKaa953> HynesD Overpass
[0:32:27] <HynesD> ok thanks
[0:32:31] <+Exotic_snacks> best prep @Ekamin
[0:32:34] <m1Tk8> @merS_cs XD they are russians they will all fall from the bulding xD
[0:32:41] <as200> are you all in the chat idiots? Cant you type !maps to see the maps?
[0:32:45] <bookjun> can vega play overpass?
[0:32:45] <merS_cs> overpass ResidentSleeper dust2 PogChamp
[0:32:47] <+tack595> @d3rpinho Yeah, doesn't mean they wont win though. Spirit seem trash compared to vega right now; on train at least
[0:33:02] <merS_cs> said 16-5
[0:33:04] <bookjun> I got -1.5 bet on vega maps
[0:33:06] <maximistomin> lul
[0:33:08] <merS_cs> but 16-6
[0:33:47] <HynesD> 16-6
[0:33:52] <maximistomin> nt
[0:33:53] <HynesD> mayB
[0:34:03] <maximistomin> gg
[0:34:11] <m1Tk8> gg
[0:34:19] <maximistomin> overpass how many rounds can win Spirit A?
[0:34:21] <Ekamin> gg
[0:34:25] <Bangatello> 15-15 and then 22-19
[0:34:38] <Ekamin> under 8 @maximistomin but depends on who wins the pistols
[0:34:55] <maximistomin> think so
[0:35:18] <randy_handy> gg
[0:35:19] <@Moobot> @moobot Casters are https://twitter.com/switchjamie and https://twitter.com/hawka_cs
[0:35:20] <HynesD> gege
[0:35:21] <Ekamin> nice <3
[0:35:22] <as200> Bot
[0:35:24] <Bangatello> Sprit won on Overpass
[0:35:25] <talisay999> ez
[0:35:27] <maximistomin> PogChamp
[0:35:31] <as200> GG
[0:35:37] <@JanicKaa953> GG
[0:35:45] <HynesD> really?
[0:36:03] <Gloomy_and_Mops> простите что не в тему, но самый конченый стример - @bratishkinoff
[0:36:06] <riamomito1> gg
[0:48:28] <echosmith132> spirit
[0:48:29] <@Moobot> Our social media: http://epicenter.gg/ | http://facebook.com/epicentergg | https://twitter.com/epicentergg
[0:48:56] <hammerheadkitty> huge skill gap between spirit and vega tbh
[0:49:16] <HeYffecTiVe> why hellraisers are not in CIS
[0:49:17] <HynesD> glock?
[0:49:43] <HeYffecTiVe> and where is team spirit with starix?
[0:50:05] <hammerheadkitty> BOT rommi
[0:50:31] <yllua> PogChamp
[0:50:45] <csgocrazy1> IDIOTS
[0:50:46] <@Moobot> Broadcast brought to you by our partners - Efrag - http://facebook.com/efragtv | http://twitter.com/efragnet
[0:50:51] <theonlytwentytwo> NICE VEGA !
[0:51:01] <bookjun> very nice camera work
[0:51:13] <bookjun> catch every shot landed
[0:51:14] <Daminikano1337> @HeYffecTiVe just because of angel?
[0:51:34] <bookjun> HSWP Squid1 Squid2 Squid3 Squid4
[0:52:06] <Geraltt_> rekt
[0:52:09] <theonlytwentytwo> LOL EZ LUL
[0:52:54] <MehmetSalihTR> 16-0
[0:53:12] <HynesD> 58% CT
[0:53:22] <HeYffecTiVe> Angel and bondik, 2 UKRs
[0:53:23] <HynesD> spirit lost the game
[0:53:33] <HeYffecTiVe> bondik still has a contract
[0:53:48] <Daminikano1337> But he is not in lineup
[0:54:47] <HeYffecTiVe> it's sad with FaZe, North. Astralis and G2 in Europe alongside Hellraisers
[0:55:24] <Daminikano1337> Following the logic Liquid with s1mple might be cis aswell
[0:55:44] <MehmetSalihTR> 16-1
[0:55:52] <HynesD> btw where is s1mple now?
[0:55:52] <@Moobot> Forget the skins! Join the future of betting! Bet with bitcoins now: http://bit.ly/2fljpKo
[0:55:55] <+azadubz> I still feel HR should keep bondik
[0:56:13] <as200> kick bot issaa
[0:56:17] <Knockdown214> whats ?
[0:56:19] <HeYffecTiVe> they should so they can be top 3 cis and actually go to events
[0:56:39] <HeYffecTiVe> that's the logic, smart ass
[0:56:51] <as200> 1 navi 2 Flipsid3 3 vega 4 hellraiser
[0:57:07] <hammerheadkitty> flipside blows
[0:57:28] <Daminikano1337> #freeElectronic
[0:57:38] <HeYffecTiVe> ISSA man, arabian playing EU FPL so pick him up, a joke of a player
[0:57:54] <as200> flipside 2-3 at major navi 2-3 at major
[0:57:58] <hammerheadkitty> gg
[0:58:08] <as200> f3 rekt FaZe
[0:58:29] <@Moobot> Our social media: http://epicenter.gg/ | http://facebook.com/epicentergg | https://twitter.com/epicentergg
[0:58:37] <as200> vega 0-3 at major
[0:58:50] <as200> Hellraiser didnt qualify for major
[0:58:56] <HynesD> @csgocrazy1 are u betting on spirit?
[0:59:02] <yllua> ez game2 hendi
[0:59:10] <as200> Betting in 2017 LuL
[0:59:14] <ax333l1> hellraisers - cis AHAHAHHAHA
[0:59:47] <Ekamin> @csgocrazy1 rip
[0:59:48] <tondudu> BOT ACADEMY
[0:59:48] <HynesD> lol calm down
[1:00:02] <Igorassina> !caster
[1:00:02] <@Moobot> @Igorassina Casters are https://twitter.com/switchjamie and https://twitter.com/hawka_cs
[1:00:10] <maximistomin> 1-16 i think
[1:00:12] <HeYffecTiVe> PENTA aka Mousesport academy qualified man, Hellraisers are better
[1:00:23] <as200> !schedule
[1:01:36] <as200> !uptime
[1:01:48] <@Insomniuhh> 1:18
[1:01:48] <Ahmar_shad> !caster
[1:01:48] <@Moobot> Broadcast brought to you by our partners - Efrag - http://facebook.com/efragtv | http://twitter.com/efragnet
[1:01:48] <@Moobot> @Ahmar_shad Casters are https://twitter.com/switchjamie and https://twitter.com/hawka_cs
[1:01:50] <grvtyberkay> what is next match ?
[1:01:50] <@JanicKaa953> Tvoj priateľ Insomniuhh práve začal pozerať! HeyGuys
[1:02:12] <tondudu> SPRAY
[1:02:13] <@Insomniuhh> raysD I'm gonna assume that says hi.
[1:02:22] <@JanicKaa953> grvtyberkay NIP vs Space Soldiers
[1:02:33] <HynesD> @grvtyberkay inferno
[1:02:44] <as200> janickaa953 why u no do work?
[1:02:45] <HynesD> NIP vs Space?
[1:02:55] <as200> why u always be on twitch chat spamming
[1:02:59] <@JanicKaa953> WWMMWWMMWWMMWWMMWWMM what u mean?
[1:03:01] <HeYffecTiVe> XANTARES vs. NIP yes
[1:03:23] <tondudu> CHOPPER VS BOT
[1:03:30] <MehmetSalihTR> BOT
[1:03:37] <maximistomin> ez clutch
[1:03:41] <@Insomniuhh> Niiiice
[1:03:42] <tondudu> what
[1:03:43] <MehmetSalihTR> VEGA vs BOT
[1:03:44] <Daminikano1337> GOD
[1:03:45] <Geraltt_> PogChamp PogChamp
[1:03:45] <HynesD> LOL
[1:03:46] <as200> PogChamp
[1:03:47] <yllua> PogChamp
[1:03:49] <@JanicKaa953> csgocrazy1 *she
[1:03:51] <Daminikano1337> clip pls
[1:03:52] <HynesD> GID
[1:03:53] <HeYffecTiVe> Sooooo quiack
[1:03:53] <HeatdudeOW> PogChamp PogChamp
[1:03:57] <HynesD> GOOOOOD
[1:04:00] <ctrlaltdltalttab> too stronk
[1:04:01] <Igorassina> O M G
[1:04:01] <maximistomin> PogChamp
[1:04:04] <as200> @JanicKaa953 paid job?
[1:04:11] <as200> how much monies?
[1:04:13] <HeYffecTiVe> Quicker than ScreaM
[1:04:19] <Daminikano1337> Did someone clip it?
[1:04:27] <@JanicKaa953> WWMMWWMMWWMMWWMMWWMM no :) it's just volunteering and im with EPICENTER since first season :) and i support them
[1:04:32] <HynesD> cHopper?
[1:04:33] <ax333l1> chopper vs rogue 1v3 overpass, chopper vs spirit academy 1v3 overpass
[1:04:43] <Daminikano1337> vladopard HeyGuys
[1:05:00] <@JanicKaa953> csgocrazy1 we don't looking for new mods :)
[1:05:17] <as200> LuL throw
[1:05:19] <tondudu> 2-16
[1:05:22] <csgocrazy1> hey
[1:05:28] <csgocrazy1> ty
[1:05:36] <grvtyberkay> thanks for info guys
[1:05:40] <HeYffecTiVe> If VegaCS was as good as Vega on DoTa
[1:05:56] <fly_cooper_fly> Well, I tried to deepthroat him my first time and threw up on it. I was so humiliated that I just ended up swallowing the throw up. Thankfully, he didn't notice.
[1:05:59] <grvtyberkay> i love space soliders xd but i guess nip wins
[1:06:04] <vdt1010> wtf eco
[1:06:27] <csgocrazy1> LUL
[1:06:39] <talisay999> dis choke
[1:06:49] <HynesD> need awp
[1:06:49] <@Moobot> Forget the skins! Join the future of betting! Bet with bitcoins now: http://bit.ly/2fljpKo
[1:06:55] <tondudu> 3-16
[1:07:14] <Geraltt_> kobe
[1:07:24] <HeYffecTiVe> It's funny because only 3 players are from the ST Academy, they just got together with moon and flash to play
[1:07:31] <silvertr> @grvtyberkay draken taşır knk
[1:07:38] <tondudu> BOT ACADEMY
[1:08:10] <coruscant87> нееееет
[1:08:12] <Ekamin> it is a t map right?
[1:08:22] <as200> no
[1:08:23] <HynesD> CT map
[1:08:31] <as200> see tee map
[1:08:31] <@Moobot> Our social media: http://epicenter.gg/ | http://facebook.com/epicentergg | https://twitter.com/epicentergg
[1:08:41] <Bobond> 322 mode has started
[1:08:44] <coruscant87> пожалуйста меньше 25.5 RuleFive BlessRNG
[1:08:47] <silvertr> good awper=ct map
[1:08:54] <HynesD> 60% on CT
[1:09:26] <Ekamin> ok thx
[1:09:38] <Geraltt_> vac
[1:09:47] <vdt1010> 7 1 -> 7 8
[1:09:52] <vdt1010> nice trash CIS
[1:09:53] <csgocrazy1> GO SPIRIT GO
[1:10:04] <lcrlcr> 10-5
[1:10:05] <silvertr> turn on wh inc xd
[1:10:12] <vdt1010> i bet hdc s[irit
[1:10:26] <vdt1010> never trust trash CIS cs go and doto
[1:10:52] <yggnisse> placed 9,860 €€
[1:11:14] <ax333l1> @vdt1010 trash cis cs go top 1 major
[1:11:19] <vdt1010> see ha ha ez 230$
[1:11:29] <yggnisse> nip next major winnner
[1:11:33] <grvtyberkay> @Silvertr kanka çaktırma amk space soliders alır yazacaktım ke bp falan yazarlar diye yazmadım
[1:11:40] <grvtyberkay> ama nip iddialı olabilir
[1:11:55] <csgocrazy1> VAC
[1:11:55] <@Moobot> Broadcast brought to you by our partners - Efrag - http://facebook.com/efragtv | http://twitter.com/efragnet
[1:11:57] <yggnisse> @grvtyberkay how is weather in india
[1:11:59] <Ekamin> nice
[1:12:01] <ezzwin> wh
[1:12:06] <lcrlcr> hutji PogChamp
[1:12:10] <csgocrazy1> HACKER OMFG
[1:12:10] <maximistomin> PogChamp PogChamp
[1:12:11] <theonlytwentytwo> PogChamp HUTJI
[1:12:16] <grvtyberkay> @yggnisse ? i don't understand u
[1:12:17] <csgocrazy1> NotLikeThis
[1:12:21] <HynesD> omfg
[1:12:26] <csgocrazy1> 2 vs 1 lost again...
[1:12:32] <Igorassina> ez
[1:12:36] <grvtyberkay> @yggnisse i'm not from india
[1:12:37] <yggnisse> @grvtyberkay how is weather in india my friend
[1:12:42] <yggnisse> oooooooooh
[1:12:45] <+Demise7F> i bet on vega and i'm super frustrated right now
[1:12:51] <grvtyberkay> lul
[1:12:57] <silvertr> @grvtyberkay draken son maçlarındaki gibi oynarsa nip alır gibi bence kanka ssye awpci lazım
[1:13:01] <csgocrazy1> WHY PUSHING TO CONNECTOR IDIOT ...
[1:13:06] <+Demise7F> remember 1-7
[1:13:07] <yggnisse> @grvtyberkay do you like india politics
[1:13:07] <vdt1010> ve will win 16 14
[1:13:11] <lcrlcr> why ? vega doing fine
[1:13:11] <vdt1010> ez hdc spirit
[1:13:14] <csgocrazy1> WHY PUSHING EVERYWHERE SPIRIT WTF !
[1:13:16] <HynesD> 9-5
[1:13:18] <grvtyberkay> @yggnisse maybe
[1:13:25] <yggnisse> ooooooh
[1:13:27] <+Demise7F> BOT spirit
[1:13:31] <csgocrazy1> why they are pushing everywhere why !
[1:13:33] <HynesD> holy moly
[1:13:44] <yggnisse> @grvtyberkay right now im watch game bacause of sterix
[1:13:49] <grvtyberkay> @Silvertr aynen awpci şart majer de iyi oynuyorda aslında adamın 5k saati var hani aimi falan mükemmel inanıyorum, ama işte satıyor
[1:13:49] <vdt1010> spirit.aca is only tier5 team
[1:13:51] <silvertr> @csgocrazy1 russian tacticts need rush everywhere
[1:13:55] <我有妹妹哦> TTours
[1:13:57] <grvtyberkay> @yggnisse ok
[1:13:59] <HynesD> RushB?
[1:14:01] <vdt1010> spirit aca is only tier5 team
[1:14:09] <ax333l1> @yggnisse its spirit ac. lul no spirit
[1:14:11] <grvtyberkay> space soliders need awper
[1:14:15] <+Demise7F> 1uke hasnt done like anything the entire game
[1:14:21] <rarichi_ii> ded
[1:14:28] <yggnisse> @ax333l1 ooooooooh only academy team
[1:14:33] <csgocrazy1> RU TACCTICS
[1:14:35] <grvtyberkay> @yggnisse do u like meat ?
[1:14:41] <+Demise7F> jR 3 kills as AWPer LUL
[1:14:44] <lcrlcr> jR 3kills PogChamp
[1:14:49] <grvtyberkay> @csgocrazy1 rush b lul
[1:14:51] <yggnisse> @grvtyberkay yes my friend i like red meat
[1:14:58] <ax333l1> @demise7f he igl
[1:15:11] <grvtyberkay> @yggnisse oh i me too like this, how do you make it ?
[1:15:21] <grvtyberkay> with steam or grill ?
[1:15:38] <yggnisse> @grvtyberkay you put it on grill my friend you put salt and pepper
[1:15:52] <csgocrazy1> BOT 1UKE
[1:15:54] <grvtyberkay> @yggnisse do u know nusr et ?
[1:16:06] <csgocrazy1> CHOPPER WTF
[1:16:07] <grvtyberkay> he make excelent meats
[1:16:07] <vdt1010> 6 9 and 9 9
[1:16:11] <yggnisse> @grvtyberkay yes my friend i saw him on youteb
[1:16:19] <lor3nz1337> gh
[1:16:23] <yggnisse> @grvtyberkay maybe i go there one day
[1:16:28] <echosmith132> VAC
[1:16:36] <grvtyberkay> @yggnisse i prefered
[1:16:38] <lcrlcr> vega gonna win pistol btw
[1:16:44] <lcrlcr> Kappa
[1:16:46] <yolorize> ez 4 bliat squadron 4Head
[1:16:51] <+Demise7F> spoilerMAN
[1:16:54] <grvtyberkay> @yggnisse do u like lamb ?
[1:16:59] <+Demise7F> SPOILER ALERT ; VEGA WINS
[1:16:59] <@Moobot> @moobot Casters are https://twitter.com/switchjamie and https://twitter.com/hawka_cs
[1:17:00] <TwitchTV_Streaming> vega vs avangar who win?
[1:17:27] <Bangatello> why did i even try my luck on spirit
[1:17:29] <yggnisse> @grvtyberkay ok my friend im go now and play match making and i also like lamb my friend, i would like to eat whole lamb for myself one day
[1:17:37] <Geraltt_> vac
[1:17:37] <Bangatello> wait wtf was that moon
[1:17:43] <vdt1010> 9 9 incuming
[1:17:43] <+dontknowme123> NIP vs SS is in 3 hours
[1:17:48] <lcrlcr> ok i'm out Kappa
[1:17:49] <grvtyberkay> @yggnisse okay have a nice day
[1:17:49] <csgocrazy1> LUL
[1:17:49] <Bangatello> moon hax confirmed
[1:17:50] <seonsemmonen> team speak academy?
[1:17:59] <+SeNiTuM> KappaHD
[1:18:01] <yggnisse> @grvtyberkay ok heff fun my friend
[1:18:18] <+Demise7F> Vega is almost losing against an Academy team for a tier 4 team LUL
[1:18:41] <+Demise7F> PGL was missleading eh
[1:18:41] <@Moobot> Forget the skins! Join the future of betting! Bet with bitcoins now: http://bit.ly/2fljpKo
[1:19:04] <csgocrazy1> BOT ROMMI
[1:19:10] <+Demise7F> HAHAHAH
[1:19:16] <Ekamin> LUL
[1:19:22] <Ekamin> ahahahaha
[1:19:22] <echosmith132> rip
[1:19:27] <tondudu> BOT ACADEMY
[1:19:27] <talisay999> wtf
[1:19:29] <ezzwin> cheaters
[1:19:30] <Ekamin> nice <3
[1:19:31] <csgocrazy1> WTF OMFG
[1:19:32] <+azadubz> aaaaa
[1:19:33] <lcrlcr> PogChamp
[1:19:33] <Daminikano1337> god hutji
[1:19:38] <+azadubz> what was that
[1:19:39] <Igorassina> h u t j iiiii
[1:19:42] <Ekamin> JUAN DEG
[1:19:47] <grvtyberkay> @Silvertr burada mısn knk ?
[1:19:51] <csgocrazy1> why I bet my money on this shitty team ... I hate my f*cking life
[1:19:51] <lcrlcr> 3 kills with the D
[1:19:54] <Igorassina> TTours
[1:20:15] <HynesD> the D1ck?
[1:20:30] <csgocrazy1> HACKER
[1:20:32] <HynesD> omg
[1:20:32] <+dontknowme123> eco frags
[1:20:33] <+Demise7F> MrDestructoid we are the spirit academy MrDestructoid we are programmed to lose MrDestructoid
[1:20:37] <csgocrazy1> russian hackers
[1:20:38] <lcrlcr> Kappa
[1:20:38] <Daminikano1337> eco kills 4Head
[1:20:40] <HynesD> quad or triple?
[1:20:46] <HynesD> eco?
[1:20:46] <csgocrazy1> quad
[1:20:49] <lcrlcr> quad
[1:20:52] <csgocrazy1> MrDestructoid we are the spirit academy MrDestructoid we are programmed to lose MrDestructoid
[1:20:58] <+Demise7F> MrDestructoid we are the spirit academy MrDestructoid we are programmed to lose MrDestructoid .
[1:21:03] <HynesD> holy moly
[1:21:03] <Daminikano1337> c`mon spirit just 2 rounds ANELE
[1:21:18] <+Demise7F> MrDestructoid we are the spirit academy MrDestructoid we are programmed to lose MrDestructoid ..
[1:21:19] <Ekamin> MrDestructoid we are the spirit academy MrDestructoid we are programmed to lose MrDestructoid
[1:21:24] <csgocrazy1> MrDestructoid we are the spirit academy MrDestructoid we are programmed to lose MrDestructoid
[1:21:31] <+Demise7F> MrDestructoid we are the spirit academy MrDestructoid we are programmed to lose MrDestructoid ...
[1:21:41] <grvtyberkay> wtf ?
[1:21:47] <Ekamin> nice try
[1:21:53] <Daminikano1337> nt
[1:21:54] <asse183> haha we'll talk when spirit wins
[1:21:56] <lcrlcr> nt
[1:22:03] <Daminikano1337> one more ANELE
[1:22:03] <@Moobot> Broadcast brought to you by our partners - Efrag - http://facebook.com/efragtv | http://twitter.com/efragnet
[1:22:05] <+Demise7F> nt
[1:22:07] <HynesD> LOL
[1:22:18] <+ezomongolia> Go Spirit Show them Who you are !!!
[1:22:49] <+Demise7F> MrDestructoid we are the spirit academy MrDestructoid we are programmed to lose MrDestructoid
[1:23:07] <matumbawoman_> LUL
[1:23:15] <as200> LuL
[1:23:15] <maximistomin> 8-16
[1:23:16] <+dontknowme123> rap god
[1:23:43] <as200> 16-11 SeemsGood
[1:23:44] <+Demise7F> haHAA
[1:23:54] <+Demise7F> MrDestructoid we are the spirit academy MrDestructoid we are programmed to lose MrDestructoid !
[1:23:58] <lcrlcr> haHa
[1:24:07] <talisay999> NICE LA SwiftRage SwiftRage
[1:24:09] <tondudu> BOT ACADEMY
[1:24:10] <lcrlcr> no ANELE Kappa
[1:24:39] <Daminikano1337> academy of tier 3 team LUL
[1:24:44] <merS_cs> spirit a. ResidentSleeper
[1:24:47] <+Demise7F> tier 4*
[1:24:57] <Daminikano1337> ye
[1:25:01] <as200> spirit academy top 5 CIS
[1:25:06] <as200> Kappa
[1:25:20] <merS_cs> tier 4 academy = tier 20
[1:25:33] <+Demise7F> you mean BOT academy?
[1:25:41] <+Demise7F> im sure
[1:25:55] <tondudu> that awp
[1:26:05] <lcrlcr> nt
[1:26:07] <merS_cs> get to tha choppa
[1:26:12] <maximistomin> 8-16
[1:26:16] <vdt1010> 2 glock kill
[1:26:26] <HynesD> 3 more cmon
[1:26:28] <+Demise7F> jR 5 kills LUL
[1:26:35] <josh19866914> are these teams russian?
[1:26:41] <HynesD> yep
[1:26:48] <HynesD> putin teams
[1:27:37] <tondudu> hahahaaha
[1:27:38] <@Moobot> @moobot Casters are https://twitter.com/switchjamie and https://twitter.com/hawka_cs
[1:27:39] <professor2000> gg
[1:27:40] <Geraltt_> bm
[1:27:45] <lcrlcr> hutji 3 kills PogChamp
[1:27:47] <professor2000> ezezez
[1:27:48] <HynesD> 2 more
[1:27:49] <+dontknowme123> so bad
[1:28:14] <Bangatello> im done with betting on russia
[1:28:29] <Bangatello> russia should learn how2play csgo
[1:28:31] <Geraltt_> this cs > navi cs
[1:28:31] <lotuskde> smh these teams both suck ass
[1:28:37] <talisay999> GG
[1:28:38] <+dontknowme123> GG
[1:28:43] <HynesD> navi is dabest
[1:28:43] <@Moobot> Our social media: http://epicenter.gg/ | http://facebook.com/epicentergg | https://twitter.com/epicentergg
[1:28:46] <maximistomin> GG YES
[1:28:48] <+Demise7F> vega got in OGK major
[1:28:57] <denkoi> rekt
[1:28:58] <josh19866914> vegas quadron
[1:28:59] <HynesD> feet?
[1:29:09] <+Demise7F> Vega got in PGL major and NiP didnt LUL
[1:29:11] <yllua> @Bangatello the odds on spirit academy on sec ggame hendi were soo bad , vega was such a nice bet
[1:29:15] <HynesD> 16-15 lul
[1:30:20] <Daminikano1337> G_G
[1:30:24] <Ekamin> NA molly
[1:30:37] <merS_cs> cıs molly
[1:30:39] <Ekamin> gg wp
[1:30:40] <tondudu> 4v3
[1:30:41] <talisay999> LUL
[1:30:42] <HynesD> GG
[1:30:48] <lcrlcr> holy shit god mir
[1:30:49] <vdt1010> gg
[1:30:50] <merS_cs> gg
[1:30:51] <lor3nz1337> gg
[1:30:52] <HynesD> ty for 70$
[1:30:53] <Bangatello> tbh vega are bad
[1:30:56] <maximistomin> YEASS
[1:30:58] <Bangatello> and spirit are worse
[1:31:00] <+Demise7F> gg
[1:31:12] <+Demise7F> ez $40 to $48
[1:31:17] <FaceAttacked> Both are good teams you're just bitter and dead inside
[1:31:21] <rarichi_ii> tbh your grammar is shit
[1:31:26] <riamomito1> !bracket
[1:31:29] <Bangatello> "dead inside"
[1:31:33] <lotuskde> space soldiers lost?
[1:31:36] <merS_cs> when will spaces will start
[1:31:37] <FaceAttacked> Yeah
[1:31:39] <lotuskde> oh nvm
[1:31:40] <Bangatello> i dont even play games on pc much
[1:31:43] <merS_cs> 21.00 or early
