[0:00:22] <echosmith132> spirit
[0:00:23] <@Moobot> Our social media: http://epicenter.gg/ | http://facebook.com/epicentergg | https://twitter.com/epicentergg
[0:00:50] <hammerheadkitty> huge skill gap between spirit and vega tbh
[0:01:10] <HeYffecTiVe> why hellraisers are not in CIS
[0:01:11] <HynesD> glock?
[0:01:37] <HeYffecTiVe> and where is team spirit with starix?
[0:01:59] <hammerheadkitty> BOT rommi
[0:02:25] <yllua> PogChamp
[0:02:39] <csgocrazy1> IDIOTS
[0:02:40] <@Moobot> Broadcast brought to you by our partners - Efrag - http://facebook.com/efragtv | http://twitter.com/efragnet
[0:02:45] <theonlytwentytwo> NICE VEGA !
[0:02:55] <bookjun> very nice camera work
[0:03:07] <bookjun> catch every shot landed
[0:03:08] <Daminikano1337> @HeYffecTiVe just because of angel?
[0:03:28] <bookjun> HSWP Squid1 Squid2 Squid3 Squid4
[0:04:00] <Geraltt_> rekt
[0:04:03] <theonlytwentytwo> LOL EZ LUL
[0:04:48] <MehmetSalihTR> 16-0
[0:05:06] <HynesD> 58% CT
[0:05:16] <HeYffecTiVe> Angel and bondik, 2 UKRs
[0:05:17] <HynesD> spirit lost the game
[0:05:27] <HeYffecTiVe> bondik still has a contract
[0:05:42] <Daminikano1337> But he is not in lineup
[0:06:41] <HeYffecTiVe> it's sad with FaZe, North. Astralis and G2 in Europe alongside Hellraisers
[0:07:18] <Daminikano1337> Following the logic Liquid with s1mple might be cis aswell
[0:07:38] <MehmetSalihTR> 16-1
[0:07:46] <HynesD> btw where is s1mple now?
[0:07:46] <@Moobot> Forget the skins! Join the future of betting! Bet with bitcoins now: http://bit.ly/2fljpKo
[0:07:49] <+azadubz> I still feel HR should keep bondik
[0:08:07] <as200> kick bot issaa
[0:08:11] <Knockdown214> whats ?
[0:08:13] <HeYffecTiVe> they should so they can be top 3 cis and actually go to events
[0:08:33] <HeYffecTiVe> that's the logic, smart ass
[0:08:45] <as200> 1 navi 2 Flipsid3 3 vega 4 hellraiser
[0:09:01] <hammerheadkitty> flipside blows
[0:09:22] <Daminikano1337> #freeElectronic
[0:09:32] <HeYffecTiVe> ISSA man, arabian playing EU FPL so pick him up, a joke of a player
[0:09:48] <as200> flipside 2-3 at major navi 2-3 at major
[0:09:52] <hammerheadkitty> gg
[0:10:02] <as200> f3 rekt FaZe
[0:10:23] <@Moobot> Our social media: http://epicenter.gg/ | http://facebook.com/epicentergg | https://twitter.com/epicentergg
[0:10:31] <as200> vega 0-3 at major
[0:10:44] <as200> Hellraiser didnt qualify for major
[0:10:50] <HynesD> @csgocrazy1 are u betting on spirit?
[0:10:56] <yllua> ez game2 hendi
[0:11:04] <as200> Betting in 2017 LuL
[0:11:08] <ax333l1> hellraisers - cis AHAHAHHAHA
[0:11:41] <Ekamin> @csgocrazy1 rip
[0:11:42] <tondudu> BOT ACADEMY
[0:11:42] <HynesD> lol calm down
[0:11:56] <Igorassina> !caster
[0:11:56] <@Moobot> @Igorassina Casters are https://twitter.com/switchjamie and https://twitter.com/hawka_cs
[0:12:04] <maximistomin> 1-16 i think
[0:12:06] <HeYffecTiVe> PENTA aka Mousesport academy qualified man, Hellraisers are better
[0:12:17] <as200> !schedule
[0:13:30] <as200> !uptime
[0:13:42] <@Insomniuhh> 1:18
[0:13:42] <Ahmar_shad> !caster
[0:13:42] <@Moobot> Broadcast brought to you by our partners - Efrag - http://facebook.com/efragtv | http://twitter.com/efragnet
[0:13:42] <@Moobot> @Ahmar_shad Casters are https://twitter.com/switchjamie and https://twitter.com/hawka_cs
[0:13:44] <grvtyberkay> what is next match ?
[0:13:44] <@JanicKaa953> Tvoj priateľ Insomniuhh práve začal pozerať! HeyGuys
[0:14:06] <tondudu> SPRAY
[0:14:07] <@Insomniuhh> raysD I'm gonna assume that says hi.
[0:14:16] <@JanicKaa953> grvtyberkay NIP vs Space Soldiers
[0:14:27] <HynesD> @grvtyberkay inferno
[0:14:38] <as200> janickaa953 why u no do work?
[0:14:39] <HynesD> NIP vs Space?
[0:14:49] <as200> why u always be on twitch chat spamming
[0:14:53] <@JanicKaa953> WWMMWWMMWWMMWWMMWWMM what u mean?
[0:14:55] <HeYffecTiVe> XANTARES vs. NIP yes
[0:15:17] <tondudu> CHOPPER VS BOT
[0:15:24] <MehmetSalihTR> BOT
[0:15:31] <maximistomin> ez clutch
[0:15:35] <@Insomniuhh> Niiiice
[0:15:36] <tondudu> what
[0:15:37] <MehmetSalihTR> VEGA vs BOT
[0:15:38] <Daminikano1337> GOD
[0:15:39] <Geraltt_> PogChamp PogChamp
[0:15:39] <HynesD> LOL
[0:15:40] <as200> PogChamp
[0:15:41] <yllua> PogChamp
[0:15:43] <@JanicKaa953> csgocrazy1 *she
[0:15:45] <Daminikano1337> clip pls
[0:15:46] <HynesD> GID
[0:15:47] <HeYffecTiVe> Sooooo quiack
[0:15:47] <HeatdudeOW> PogChamp PogChamp
[0:15:51] <HynesD> GOOOOOD
[0:15:54] <ctrlaltdltalttab> too stronk
[0:15:55] <Igorassina> O M G
[0:15:55] <maximistomin> PogChamp
[0:15:58] <as200> @JanicKaa953 paid job?
[0:16:05] <as200> how much monies?
[0:16:07] <HeYffecTiVe> Quicker than ScreaM
[0:16:13] <Daminikano1337> Did someone clip it?
[0:16:21] <@JanicKaa953> WWMMWWMMWWMMWWMMWWMM no :) it's just volunteering and im with EPICENTER since first season :) and i support them
[0:16:26] <HynesD> cHopper?
[0:16:27] <ax333l1> chopper vs rogue 1v3 overpass, chopper vs spirit academy 1v3 overpass
[0:16:37] <Daminikano1337> vladopard HeyGuys
[0:16:54] <@JanicKaa953> csgocrazy1 we don't looking for new mods :)
[0:17:11] <as200> LuL throw
[0:17:13] <tondudu> 2-16
[0:17:16] <csgocrazy1> hey
[0:17:22] <csgocrazy1> ty
[0:17:30] <grvtyberkay> thanks for info guys
[0:17:34] <HeYffecTiVe> If VegaCS was as good as Vega on DoTa
[0:17:50] <fly_cooper_fly> Well, I tried to deepthroat him my first time and threw up on it. I was so humiliated that I just ended up swallowing the throw up. Thankfully, he didn't notice.
[0:17:53] <grvtyberkay> i love space soliders xd but i guess nip wins
[0:17:58] <vdt1010> wtf eco
[0:18:21] <csgocrazy1> LUL
[0:18:33] <talisay999> dis choke
[0:18:43] <HynesD> need awp
[0:18:43] <@Moobot> Forget the skins! Join the future of betting! Bet with bitcoins now: http://bit.ly/2fljpKo
[0:18:49] <tondudu> 3-16
[0:19:08] <Geraltt_> kobe
[0:19:18] <HeYffecTiVe> It's funny because only 3 players are from the ST Academy, they just got together with moon and flash to play
[0:19:25] <silvertr> @grvtyberkay draken taşır knk
[0:19:32] <tondudu> BOT ACADEMY
[0:20:04] <coruscant87> нееееет
[0:20:06] <Ekamin> it is a t map right?
[0:20:16] <as200> no
[0:20:17] <HynesD> CT map
[0:20:25] <as200> see tee map
[0:20:25] <@Moobot> Our social media: http://epicenter.gg/ | http://facebook.com/epicentergg | https://twitter.com/epicentergg
[0:20:35] <Bobond> 322 mode has started
[0:20:38] <coruscant87> пожалуйста меньше 25.5 RuleFive BlessRNG
[0:20:41] <silvertr> good awper=ct map
[0:20:48] <HynesD> 60% on CT
[0:21:20] <Ekamin> ok thx
[0:21:32] <Geraltt_> vac
[0:21:41] <vdt1010> 7 1 -> 7 8
[0:21:46] <vdt1010> nice trash CIS
[0:21:47] <csgocrazy1> GO SPIRIT GO
[0:21:58] <lcrlcr> 10-5
[0:21:59] <silvertr> turn on wh inc xd
[0:22:06] <vdt1010> i bet hdc s[irit
[0:22:20] <vdt1010> never trust trash CIS cs go and doto
[0:22:46] <yggnisse> placed 9,860 €€
[0:23:08] <ax333l1> @vdt1010 trash cis cs go top 1 major
[0:23:13] <vdt1010> see ha ha ez 230$
[0:23:23] <yggnisse> nip next major winnner
[0:23:27] <grvtyberkay> @Silvertr kanka çaktırma amk space soliders alır yazacaktım ke bp falan yazarlar diye yazmadım
[0:23:34] <grvtyberkay> ama nip iddialı olabilir
[0:23:49] <csgocrazy1> VAC
[0:23:49] <@Moobot> Broadcast brought to you by our partners - Efrag - http://facebook.com/efragtv | http://twitter.com/efragnet
[0:23:51] <yggnisse> @grvtyberkay how is weather in india
[0:23:53] <Ekamin> nice
[0:23:55] <ezzwin> wh
[0:24:00] <lcrlcr> hutji PogChamp
[0:24:04] <csgocrazy1> HACKER OMFG
[0:24:04] <maximistomin> PogChamp PogChamp
[0:24:05] <theonlytwentytwo> PogChamp HUTJI
[0:24:10] <grvtyberkay> @yggnisse ? i don't understand u
[0:24:11] <csgocrazy1> NotLikeThis
[0:24:15] <HynesD> omfg
[0:24:20] <csgocrazy1> 2 vs 1 lost again...
[0:24:26] <Igorassina> ez
[0:24:30] <grvtyberkay> @yggnisse i'm not from india
[0:24:31] <yggnisse> @grvtyberkay how is weather in india my friend
[0:24:36] <yggnisse> oooooooooh
[0:24:39] <+Demise7F> i bet on vega and i'm super frustrated right now
[0:24:45] <grvtyberkay> lul
[0:24:51] <silvertr> @grvtyberkay draken son maçlarındaki gibi oynarsa nip alır gibi bence kanka ssye awpci lazım
[0:24:55] <csgocrazy1> WHY PUSHING TO CONNECTOR IDIOT ...
[0:25:00] <+Demise7F> remember 1-7
[0:25:01] <yggnisse> @grvtyberkay do you like india politics
[0:25:01] <vdt1010> ve will win 16 14
[0:25:05] <lcrlcr> why ? vega doing fine
[0:25:05] <vdt1010> ez hdc spirit
[0:25:08] <csgocrazy1> WHY PUSHING EVERYWHERE SPIRIT WTF !
[0:25:10] <HynesD> 9-5
[0:25:12] <grvtyberkay> @yggnisse maybe
[0:25:19] <yggnisse> ooooooh
[0:25:21] <+Demise7F> BOT spirit
[0:25:25] <csgocrazy1> why they are pushing everywhere why !
[0:25:27] <HynesD> holy moly
[0:25:38] <yggnisse> @grvtyberkay right now im watch game bacause of sterix
[0:25:43] <grvtyberkay> @Silvertr aynen awpci şart majer de iyi oynuyorda aslında adamın 5k saati var hani aimi falan mükemmel inanıyorum, ama işte satıyor
[0:25:43] <vdt1010> spirit.aca is only tier5 team
[0:25:45] <silvertr> @csgocrazy1 russian tacticts need rush everywhere
[0:25:49] <我有妹妹哦> TTours
[0:25:51] <grvtyberkay> @yggnisse ok
[0:25:53] <HynesD> RushB?
[0:25:55] <vdt1010> spirit aca is only tier5 team
[0:26:03] <ax333l1> @yggnisse its spirit ac. lul no spirit
[0:26:05] <grvtyberkay> space soliders need awper
[0:26:09] <+Demise7F> 1uke hasnt done like anything the entire game
[0:26:15] <rarichi_ii> ded
[0:26:22] <yggnisse> @ax333l1 ooooooooh only academy team
[0:26:27] <csgocrazy1> RU TACCTICS
[0:26:29] <grvtyberkay> @yggnisse do u like meat ?
[0:26:35] <+Demise7F> jR 3 kills as AWPer LUL
[0:26:38] <lcrlcr> jR 3kills PogChamp
[0:26:43] <grvtyberkay> @csgocrazy1 rush b lul
[0:26:45] <yggnisse> @grvtyberkay yes my friend i like red meat
[0:26:52] <ax333l1> @demise7f he igl
[0:27:05] <grvtyberkay> @yggnisse oh i me too like this, how do you make it ?
[0:27:15] <grvtyberkay> with steam or grill ?
[0:27:32] <yggnisse> @grvtyberkay you put it on grill my friend you put salt and pepper
[0:27:46] <csgocrazy1> BOT 1UKE
[0:27:48] <grvtyberkay> @yggnisse do u know nusr et ?
[0:28:00] <csgocrazy1> CHOPPER WTF
[0:28:01] <grvtyberkay> he make excelent meats
[0:28:01] <vdt1010> 6 9 and 9 9
[0:28:05] <yggnisse> @grvtyberkay yes my friend i saw him on youteb
[0:28:13] <lor3nz1337> gh
[0:28:17] <yggnisse> @grvtyberkay maybe i go there one day
[0:28:22] <echosmith132> VAC
[0:28:30] <grvtyberkay> @yggnisse i prefered
[0:28:32] <lcrlcr> vega gonna win pistol btw
[0:28:38] <lcrlcr> Kappa
[0:28:40] <yolorize> ez 4 bliat squadron 4Head
[0:28:45] <+Demise7F> spoilerMAN
[0:28:48] <grvtyberkay> @yggnisse do u like lamb ?
[0:28:53] <+Demise7F> SPOILER ALERT ; VEGA WINS
[0:28:53] <@Moobot> @moobot Casters are https://twitter.com/switchjamie and https://twitter.com/hawka_cs
[0:28:54] <TwitchTV_Streaming> vega vs avangar who win?
[0:29:21] <Bangatello> why did i even try my luck on spirit
[0:29:23] <yggnisse> @grvtyberkay ok my friend im go now and play match making and i also like lamb my friend, i would like to eat whole lamb for myself one day
[0:29:31] <Geraltt_> vac
[0:29:31] <Bangatello> wait wtf was that moon
[0:29:37] <vdt1010> 9 9 incuming
[0:29:37] <+dontknowme123> NIP vs SS is in 3 hours
[0:29:42] <lcrlcr> ok i'm out Kappa
[0:29:43] <grvtyberkay> @yggnisse okay have a nice day
[0:29:43] <csgocrazy1> LUL
[0:29:43] <Bangatello> moon hax confirmed
[0:29:44] <seonsemmonen> team speak academy?
[0:29:53] <+SeNiTuM> KappaHD
[0:29:55] <yggnisse> @grvtyberkay ok heff fun my friend
[0:30:12] <+Demise7F> Vega is almost losing against an Academy team for a tier 4 team LUL
[0:30:35] <+Demise7F> PGL was missleading eh
[0:30:35] <@Moobot> Forget the skins! Join the future of betting! Bet with bitcoins now: http://bit.ly/2fljpKo
[0:30:58] <csgocrazy1> BOT ROMMI
[0:31:04] <+Demise7F> HAHAHAH
[0:31:10] <Ekamin> LUL
[0:31:16] <Ekamin> ahahahaha
[0:31:16] <echosmith132> rip
[0:31:21] <tondudu> BOT ACADEMY
[0:31:21] <talisay999> wtf
[0:31:23] <ezzwin> cheaters
[0:31:24] <Ekamin> nice <3
[0:31:25] <csgocrazy1> WTF OMFG
[0:31:26] <+azadubz> aaaaa
[0:31:27] <lcrlcr> PogChamp
[0:31:27] <Daminikano1337> god hutji
[0:31:32] <+azadubz> what was that
[0:31:33] <Igorassina> h u t j iiiii
[0:31:36] <Ekamin> JUAN DEG
[0:31:41] <grvtyberkay> @Silvertr burada mısn knk ?
[0:31:45] <csgocrazy1> why I bet my money on this shitty team ... I hate my f*cking life
[0:31:45] <lcrlcr> 3 kills with the D
[0:31:48] <Igorassina> TTours
[0:32:09] <HynesD> the D1ck?
[0:32:24] <csgocrazy1> HACKER
[0:32:26] <HynesD> omg
[0:32:26] <+dontknowme123> eco frags
[0:32:27] <+Demise7F> MrDestructoid we are the spirit academy MrDestructoid we are programmed to lose MrDestructoid
[0:32:31] <csgocrazy1> russian hackers
[0:32:32] <lcrlcr> Kappa
[0:32:32] <Daminikano1337> eco kills 4Head
[0:32:34] <HynesD> quad or triple?
[0:32:40] <HynesD> eco?
[0:32:40] <csgocrazy1> quad
[0:32:43] <lcrlcr> quad
[0:32:46] <csgocrazy1> MrDestructoid we are the spirit academy MrDestructoid we are programmed to lose MrDestructoid
[0:32:52] <+Demise7F> MrDestructoid we are the spirit academy MrDestructoid we are programmed to lose MrDestructoid .
[0:32:57] <HynesD> holy moly
[0:32:57] <Daminikano1337> c`mon spirit just 2 rounds ANELE
[0:33:12] <+Demise7F> MrDestructoid we are the spirit academy MrDestructoid we are programmed to lose MrDestructoid ..
[0:33:13] <Ekamin> MrDestructoid we are the spirit academy MrDestructoid we are programmed to lose MrDestructoid
[0:33:18] <csgocrazy1> MrDestructoid we are the spirit academy MrDestructoid we are programmed to lose MrDestructoid
[0:33:25] <+Demise7F> MrDestructoid we are the spirit academy MrDestructoid we are programmed to lose MrDestructoid ...
[0:33:35] <grvtyberkay> wtf ?
[0:33:41] <Ekamin> nice try
[0:33:47] <Daminikano1337> nt
[0:33:48] <asse183> haha we'll talk when spirit wins
[0:33:50] <lcrlcr> nt
[0:33:57] <Daminikano1337> one more ANELE
[0:33:57] <@Moobot> Broadcast brought to you by our partners - Efrag - http://facebook.com/efragtv | http://twitter.com/efragnet
[0:33:59] <+Demise7F> nt
[0:34:01] <HynesD> LOL
[0:34:12] <+ezomongolia> Go Spirit Show them Who you are !!!
[0:34:43] <+Demise7F> MrDestructoid we are the spirit academy MrDestructoid we are programmed to lose MrDestructoid
[0:35:01] <matumbawoman_> LUL
[0:35:09] <as200> LuL
[0:35:09] <maximistomin> 8-16
[0:35:10] <+dontknowme123> rap god
[0:35:37] <as200> 16-11 SeemsGood
[0:35:38] <+Demise7F> haHAA
[0:35:48] <+Demise7F> MrDestructoid we are the spirit academy MrDestructoid we are programmed to lose MrDestructoid !
[0:35:52] <lcrlcr> haHa
[0:36:01] <talisay999> NICE LA SwiftRage SwiftRage
[0:36:03] <tondudu> BOT ACADEMY
[0:36:04] <lcrlcr> no ANELE Kappa
[0:36:33] <Daminikano1337> academy of tier 3 team LUL
[0:36:38] <merS_cs> spirit a. ResidentSleeper
[0:36:41] <+Demise7F> tier 4*
[0:36:51] <Daminikano1337> ye
[0:36:55] <as200> spirit academy top 5 CIS
[0:37:00] <as200> Kappa
[0:37:14] <merS_cs> tier 4 academy = tier 20
[0:37:27] <+Demise7F> you mean BOT academy?
[0:37:35] <+Demise7F> im sure
[0:37:49] <tondudu> that awp
[0:37:59] <lcrlcr> nt
[0:38:01] <merS_cs> get to tha choppa
[0:38:06] <maximistomin> 8-16
[0:38:10] <vdt1010> 2 glock kill
[0:38:20] <HynesD> 3 more cmon
[0:38:22] <+Demise7F> jR 5 kills LUL
[0:38:29] <josh19866914> are these teams russian?
[0:38:35] <HynesD> yep
[0:38:42] <HynesD> putin teams
[0:39:31] <tondudu> hahahaaha
[0:39:32] <@Moobot> @moobot Casters are https://twitter.com/switchjamie and https://twitter.com/hawka_cs
[0:39:33] <professor2000> gg
[0:39:34] <Geraltt_> bm
[0:39:39] <lcrlcr> hutji 3 kills PogChamp
[0:39:41] <professor2000> ezezez
[0:39:42] <HynesD> 2 more
[0:39:43] <+dontknowme123> so bad
[0:40:08] <Bangatello> im done with betting on russia
[0:40:23] <Bangatello> russia should learn how2play csgo
[0:40:25] <Geraltt_> this cs > navi cs
[0:40:25] <lotuskde> smh these teams both suck ass
[0:40:31] <talisay999> GG
[0:40:32] <+dontknowme123> GG
[0:40:37] <HynesD> navi is dabest
[0:40:37] <@Moobot> Our social media: http://epicenter.gg/ | http://facebook.com/epicentergg | https://twitter.com/epicentergg
[0:40:40] <maximistomin> GG YES
[0:40:42] <+Demise7F> vega got in OGK major
[0:40:51] <denkoi> rekt
[0:40:52] <josh19866914> vegas quadron
[0:40:53] <HynesD> feet?
[0:41:03] <+Demise7F> Vega got in PGL major and NiP didnt LUL
[0:41:05] <yllua> @Bangatello the odds on spirit academy on sec ggame hendi were soo bad , vega was such a nice bet
[0:41:09] <HynesD> 16-15 lul
[0:42:14] <Daminikano1337> G_G
[0:42:18] <Ekamin> NA molly
[0:42:31] <merS_cs> cıs molly
[0:42:33] <Ekamin> gg wp
[0:42:34] <tondudu> 4v3
[0:42:35] <talisay999> LUL
[0:42:36] <HynesD> GG
[0:42:42] <lcrlcr> holy shit god mir
[0:42:43] <vdt1010> gg
[0:42:44] <merS_cs> gg
[0:42:45] <lor3nz1337> gg
[0:42:46] <HynesD> ty for 70$
[0:42:47] <Bangatello> tbh vega are bad
[0:42:50] <maximistomin> YEASS
[0:42:52] <Bangatello> and spirit are worse
[0:42:54] <+Demise7F> gg
[0:43:06] <+Demise7F> ez $40 to $48
[0:43:11] <FaceAttacked> Both are good teams you're just bitter and dead inside
[0:43:15] <rarichi_ii> tbh your grammar is shit
[0:43:20] <riamomito1> !bracket
[0:43:23] <Bangatello> "dead inside"
[0:43:27] <lotuskde> space soldiers lost?
[0:43:30] <merS_cs> when will spaces will start
[0:43:31] <FaceAttacked> Yeah
[0:43:33] <lotuskde> oh nvm
[0:43:34] <Bangatello> i dont even play games on pc much
[0:43:37] <merS_cs> 21.00 or early
