[0:00:00] <benidoto> HERE IT COMES Jebaited
[0:00:00] <VitaBellae> WE BACK
[0:00:00] <Doggytalents007> Saved
[0:00:00] <JarRa_hello> POGGERS
[0:00:00] <kmVrabac> PogChamp
[0:00:01] <patpatpat95> ITS BACK BABYYYY
[0:00:01] <+Pancakemachine> saved
[0:00:01] <DunK12345> PogChamp
[0:00:01] <Ostarava> BACK PogChamp
[0:00:01] <+memelibertine> PogChamp
[0:00:01] <coltaine> Poggers
[0:00:01] <+00000000000000000_OSfrog> POGGERS
[0:00:01] <MrAcies> BACK
[0:00:01] <dogimcw> WutFace
[0:00:02] <rohlikZ> 4Head
[0:00:02] <disfordysphoria> PogChamp PogChamp PogChamp
[0:00:02] <+mr_thall> POGGERS
[0:00:02] <70457> Chag
[0:00:02] <+AnandGrg> back
[0:00:02] <kylieraegaming> there you go
[0:00:02] <lassejs> We HEEERE
[0:00:02] <+CapitanoObvioso> SOON Jebaited
[0:00:02] <slaughterize_> SOON Jebaited
[0:00:03] <nimmersonn> Jebaited
[0:00:03] <the_rincewind> synd 4Head
[0:00:03] <+ragnarok854> what
[0:00:03] <skyedanz> PogChamp
[0:00:03] <kappathekeepomancer> SYND LUL
[0:00:03] <Oukhil> PogChamp
[0:00:03] <+ILoveTsundere> Jebaited ???
[0:00:03] <sriki007> POGGERS
[0:00:03] <New_Meta_Bob> 4Head
[0:00:03] <treetss> PogChamp
[0:00:03] <NeverMcOne> PogChamp
[0:00:03] <AVirusOfTheTV> Stream PogChamp
[0:00:04] <+zllRyner> PogChamp
[0:00:04] <HeyThatsPrettyCrispy> WE BACK PogChamp
[0:00:04] <wutssup> PogChamp
[0:00:04] <+BrendoMyFriendo1> BACK PogChamp
[0:00:04] <RaijuLg> POGGERS
[0:00:04] <4rthurios> Jebaited SOON
[0:00:04] <+perdey> PogChamp
[0:00:04] <drowdyy> 4Head
[0:00:05] <JGod8> synd LUL
[0:00:05] <+9ezzzz> SOON Jebaited
[0:00:05] <botplebs> 1 Stream is back. Press ALT + F4 to refresh the webpage SeemsGood
[0:00:05] <hongjingkoh88> SwiftRage SwiftRage
[0:00:05] <Bedtimestory9> SUND Kappa
[0:00:05] <bylit777> Наканецто
[0:00:05] <kapitanXD> nice major guysss
[0:00:05] <Pallevanten> PogChamp
[0:00:05] <+whiplash_XD> FIXED PogChamp
[0:00:05] <Acknowledgeable> BACK POGGERS
[0:00:06] <klotar> PogChamp WOW we back PogChamp
[0:00:06] <Social_Rhubarb> PogChamp
[0:00:06] <All0yman> PogChamp
[0:00:06] <+QUOTE_ME_IF_MAU5> POGGERS
[0:00:06] <+dro5en> LIVE SOON
[0:00:06] <oknotok> EPIC LUL
[0:00:06] <+hb_sc2> Jebaited
[0:00:06] <+omgacow> SYND LUL
[0:00:07] <louck78> heloo
[0:00:07] <TriHard_from_the_news> ( Jebaited )
[0:00:07] <+DJaudioh> jeBaited
[0:00:07] <+Rasquavak_> LIIIIOIIVE
[0:00:07] <shafou> PogChamp !!
[0:00:07] <IcyNoobsgamer> actually back?
[0:00:07] <feelgodstoya> SAVED ?
[0:00:07] <paulnhomu1> soon
[0:00:07] <anakin_skyhammer> BACK
[0:00:07] <D_Viktor> POGGERS
[0:00:08] <GunkyJibbon> WERE SAVED
[0:00:08] <gr4verr> SyndLUL
[0:00:08] <nekto86> @syndereN 4Head
[0:00:08] <cuddlycloud> ADs working perfectly fine lol
[0:00:08] <RaynBow6> S Jebaited Jebaited N
[0:00:09] <emshuu> CTRL W
[0:00:09] <Damer76> PogChamp
[0:00:09] <h3r0_7> NO Jebaited PLS
[0:00:09] <Zentrain> Jebaited Jebaited Jebaited
[0:00:09] <CaptainKitkat> PogChamp ?
[0:00:09] <NO_THIS_IS_PATRICK> ***
[0:00:10] <zek_zek> POGGERS
[0:00:10] <l3b0y> PogChamp BACK SOON
[0:00:10] <+loudmonkey77> SYND LUL
[0:00:10] <zengnarok> It's back PogChamp
[0:00:10] <Doggytalents007> PogChamp
[0:00:10] <swish26> we back 4 real
[0:00:10] <scoopnum> wow
[0:00:11] <admiralburger> PanicVis
[0:00:11] <gcast> WE Are live
[0:00:11] <theJPguy> BACK FOR ANOTHER MINUTE PogChamp
[0:00:12] <Zurdomaster> back PogChamp but soon Jebaited
[0:00:12] <psYzh> S Jebaited Jebaited N
[0:00:13] <El_Shai_Ftw> alt+w now
[0:00:13] <+memelibertine> POGGERS
[0:00:13] <+AnandGrg> @syndereN LUL
[0:00:13] <benidoto> BACK PogChamp
[0:00:13] <+ZubenTell> back PogChamp
[0:00:13] <Aniwerethin> back soon
[0:00:13] <Sariel0512> SOON LUL
[0:00:13] <kmVrabac> S PogChamp PogChamp N
[0:00:13] <violezahad> Jebaited
[0:00:13] <wolfilushen> SOON Jebaited
[0:00:14] <QUOTE_ME_IF_KALE> S Jebaited Jebaited N
[0:00:14] <LnDSuv> giff german production
[0:00:14] <SolTeeNutzz> OH MY WORD
[0:00:14] <RENDANG_ISNT_CRISPY> 4Head
[0:00:14] <lolz_lolcat_lolz> Pogchamp
[0:00:14] <Iceman1415> S Jebaited Jebaited N
[0:00:15] <minhnhat93> STILL SOON Jebaited STILL SOON Jebaited STILL SOON Jebaited
[0:00:15] <endlessly8> ResidentSleeper
[0:00:16] <+Ruined123> PogChamp
[0:00:16] <rohlikZ> soon Jebaited
[0:00:16] <+QUOTE_ME_IF_MAU5> RERUN Jebaited
[0:00:16] <6paTeu_pacTa> POGGERSA
[0:00:16] <+dro5en> HELLO SOON????
[0:00:17] <+WayrusDota> POGGERS
[0:00:17] <Remedy4You> PogChamp
[0:00:17] <coltaine> PogChamp
[0:00:17] <cvokchicken> SYND LUL
[0:00:17] <Lulik> S POGGERS POGGERS N
[0:00:17] <trdomandela> RIPCENTER
[0:00:18] <DunK12345> Jebaited
[0:00:18] <iheartsolenn> we them back bosy
[0:00:18] <robotka3> SourPls
[0:00:18] <+JonNWN> TRACKDOTA SAYS ITS ON PogChamp
[0:00:19] <Garbageman500> S Jebaited Jebaited N
[0:00:19] <kappathekeepomancer> SAVED
[0:00:19] <kehkeloonga> game 1 over? Kappa
[0:00:19] <InSilicio> Jebaited
[0:00:19] <+omgacow> SourPls
[0:00:20] <LifeAfterDeath96> PogChamp PogChamp
[0:00:20] <+qosu> @syndereN THANKS SYND
[0:00:20] <sehajcool22> Finnaly White Stream
[0:00:20] <paulnhomu1> SOOOOOOOOON
[0:00:21] <hongjingkoh88> PogChamp PogChamp PogChamp
[0:00:22] <marvin_hamlisch> BACK PogChamp
[0:00:22] <Tranquiloulapinou> soon TM
[0:00:22] <Ithnathel> SYNDEREN WITH THE SAVE Kreygasm
[0:00:22] <Magnetizor> Jebaited
[0:00:22] <extr3merulez> SOON Jebaitedf
[0:00:22] <Daedomir> sooooon
[0:00:22] <imbatr0n> PJSalt PJSalt PJSalt
[0:00:23] <RuhAdamTR> SOON TM LUL
[0:00:23] <sebastian3097> SYNDEREN BACK TO CASTER
[0:00:23] <+xlabrinthx> ScaredyCat
[0:00:23] <coltaine> Jebaited
[0:00:23] <B0RD0o> LOUDER PogChamp
[0:00:24] <Hejnus> S OMEGALULOMEGALULN
[0:00:24] <lit420blase> SOON MrDestructoid MrDestructoid
[0:00:24] <+sarkozy_whatelse> ITS NOT UP THE GAME WILL BE TOMORROW
[0:00:25] <rod_0108> SOON LUL LUL
[0:00:25] <+JonNWN> SourPls
[0:00:25] <Aletheies89> STILL SOON
[0:00:26] <nateapetriso> PogChamp LIVE ! !
[0:00:26] <akbarjihad> SOON TM 4Head
[0:00:26] <nationas> SOON Jebaited
[0:00:27] <sriki007> @syndereN SYND LUL
[0:00:27] <+The_Gunner__> BACK
[0:00:27] <SolTeeNutzz> OH MY WORD POGGERS
[0:00:27] <@OnFireDimitri> LIV
[0:00:28] <mvdrlk> G G
[0:00:28] <TriHard_from_the_news> cmonBruh
[0:00:28] <DieWithMe8> RIP ?
[0:00:28] <+00000000000000000_OSfrog> S POGGERS POGGERS N
[0:00:28] <D_Viktor> S Jebaited Jebaited N
[0:00:28] <6paTeu_pacTa> POGGERS
[0:00:29] <WhiteCoke15> T’Challa BibleThump
[0:00:29] <applesgonnapple> Jebaited
[0:00:30] <skyedanz> S Jebaited Jebaited N
[0:00:30] <yurcho6> Chill N0tail is just taking a weed
[0:00:30] <Hi5enberg> louda
[0:00:30] <Kevinrvld> SOON AND ERROR AGAIN FailFish FailFish
[0:00:30] <NeverMcOne> HEY KEEP IT KYLE CHAT DansGame
[0:00:31] <YeahJustDoIt> Jebaited
[0:00:31] <faridfatur> WHO DIED?
[0:00:32] <kappathekeepomancer> GOD SYND @syndereN
[0:00:32] <sadlyes> SOON LUL
[0:00:32] <pegasus_eclair> SOON
[0:00:32] <Gillesberg> S JeBaited ND
[0:00:33] <quote_me_if_error2000> S OMEGALUL OMEGALUL N
[0:00:33] <+krnzmaster> DID NAVI WIN?????
[0:00:34] <HeyThatsPrettyCrispy> Love you Synd PogChamp
[0:00:35] <ninjafalcon11> SYND LUL
[0:00:36] <Feralhobbit> forsenOMEGA
[0:00:36] <Hejnus> S OMEGALUL OMEGALUL N
[0:00:37] <admiralburger> Jebaited CENTER
[0:00:37] <Mareweed> SAVED PogChamp
[0:00:37] <zephyroth137> soon LUL
[0:00:37] <dennisadams98> F
[0:00:37] <kareemkhtb> daryl
[0:00:37] <emshuu> RIp
[0:00:38] <+The_Gunner__> KA LE
[0:00:38] <klotar> KKomrade saved
[0:00:38] <trihard_from_darkness> 👏 TriHard 👏 TriHard
[0:00:38] <SolTeeNutzz> Jebaited
[0:00:38] <disfordysphoria> PepeHands
[0:00:38] <greedygin> SAVED PogChamp
[0:00:39] <doubtgin_> SAVED PogChamp
[0:00:39] <kenryu047> SourPls
[0:00:40] <El_Shai_Ftw> ok enough with "cool" music.
[0:00:40] <anziman231> when is soon ?
[0:00:40] <scoopnum> fixed PogChamp
[0:00:40] <papapapaparrian> LUL I am from EU LUL my breath smells like poo LUL Game delayed LUL And the server's down too LUL
[0:00:41] <prankmastergeneral> KALE again LUL\
[0:00:41] <Ostarava> WELCOME BACK LUL
[0:00:41] <DieWithMe8> IS IT RIP ?
[0:00:41] <Bedtimestory9> TIME PogChamp TO PogChamp WATCH PogChamp MY PogChamp BOY PogChamp S4 PogChamp WIN PogChamp SOME PogChamp DOTES
[0:00:42] <pegasus_eclair> OMEGALUUL
[0:00:42] <lookatmrmeeseeks> F
[0:00:42] <the_rincewind> PogChamp
[0:00:43] <+dro5en> TO MUCH VODKA
[0:00:43] <SixKauzer> KA LE
[0:00:43] <SteerOfTheEnd> OMEGALUL
[0:00:43] <TweekIk> VisLaud
[0:00:43] <Adummm> its on
[0:00:43] <hostreloki> OG WON PogChamp
[0:00:43] <anakin_skyhammer> SAVED
[0:00:44] <nationas> PogChamp
[0:00:44] <magicfingers198> finally
[0:00:44] <+playmaker419> Synd with the IT support DendiFace
[0:00:45] <General_Beef> Back?
[0:00:45] <Oukhil> SAVED PogChamp
[0:00:45] <lolz_lolcat_lolz> WAOW
[0:00:46] <Allspark_1> F
[0:00:46] <+ebert42> SAVED!
[0:00:46] <Abdul_Therapist> PogChamp
[0:00:46] <slaughterize_> POGGERS
[0:00:46] <stormats> DRAFT PogChamp
[0:00:46] <Kevinrvld> PogChamp PogChamp PogChamp PogChamp
[0:00:47] <Doggytalents007> SAVED
[0:00:47] <Ithnathel> F LUL
[0:00:47] <Gillesberg> S Jebaited ND
[0:00:47] <All0yman> PogChamp
[0:00:47] <coltaine> LUL
[0:00:48] <+loudmonkey77> omegalul
[0:00:48] <+memelibertine> PogChamp SAVED
[0:00:48] <+mr_thall> F
[0:00:48] <RaynBow6> LUL
[0:00:48] <Ostkaken> OMEGALUL F
[0:00:48] <NeverMcOne> F
[0:00:49] <GustavoKH> LUL
[0:00:49] <+hilti3000> OMEGALUL
[0:00:49] <harpake> F
[0:00:49] <+00000000000000000_OSfrog> OMEGALUL
[0:00:49] <ktoid> LUL
[0:00:49] <Trunks10k> we did it
[0:00:49] <YerrDinner> F
[0:00:49] <TriHard_from_the_news> Jebaited
[0:00:49] <+JonNWN> f
[0:00:49] <kmVrabac> LUL
[0:00:50] <LifeAfterDeath96> LIKE NOTHING HAPPENED
[0:00:50] <Shiverwarp> Jebaited
[0:00:50] <magicfingers198> FINALLY
[0:00:50] <+AnandGrg> F
[0:00:50] <PapaGuu> Jebaited
[0:00:50] <Lorven_> F
[0:00:50] <bosabarbosa> SAVED PogChamp
[0:00:50] <chiefjoe14> F?
[0:00:50] <sadlyes> ReDeYe PogChamp
[0:00:50] <Hi5enberg> low audio
[0:00:50] <PackPacker> LUL
[0:00:50] <DunK12345> Jebited
[0:00:50] <RaijuLg> BYE LUL
[0:00:50] <+zllRyner> KA LE
[0:00:50] <+ILoveTsundere> Jebaited LUL
[0:00:51] <ShizzK> lol
[0:00:51] <blandeyes> KA LE
[0:00:51] <Joeyohh9292> Jebaited
[0:00:51] <Nipsus> LUL
[0:00:51] <+tveggis> f
[0:00:51] <+Pancakemachine> f
[0:00:51] <trihard_from_darkness> 👏 TriHard 👏 TriHard 👏 TriHard
[0:00:51] <Tranquiloulapinou> pretend like nothing happened PogChamp
[0:00:51] <+IL0veCheese> F
[0:00:51] <Auxilant> F
[0:00:51] <robotka3> NotLikeThis
[0:00:51] <Styxxx69> AGAIN
[0:00:52] <Sixx08> KA LE
[0:00:52] <EricChangOfficial> KA LE
[0:00:52] <cry_ciel> ka le LUL
[0:00:52] <AceVoid> F OMEGALUL
[0:00:52] <hongjingkoh88> PogChamp PogChamp PogChamp
[0:00:52] <scoopnum> wow
[0:00:52] <+showhey> F
[0:00:52] <Bozopro> Jebaited
[0:00:52] <hagerww> F
[0:00:52] <chiptehmonk> Jebaited
[0:00:52] <Ryner_Bardell> uh oh
[0:00:52] <narrttu> F
[0:00:53] <Lompe12> LUL
[0:00:53] <Sariel0512> PogChamp
[0:00:53] <+sarkozy_whatelse> lul
[0:00:53] <TheGRinch1908> gggggggg
[0:00:53] <Adummm> AGAIN
[0:00:53] <+unborn_brandon> LUL
[0:00:53] <Inesco> F
[0:00:53] <Onetwenty7> KA LE
[0:00:53] <lunat1c95> F
[0:00:53] <HeyThatsPrettyCrispy> F
[0:00:53] <johnsone1> Jebaited
[0:00:53] <Zentrain> LUL
[0:00:53] <DieWithMe8> F
[0:00:53] <+Rasquavak_> Jebaited
[0:00:53] <NormieCommie> F
[0:00:54] <+QUOTE_ME_IF_MAU5> KALE LUL
[0:00:54] <D_Viktor> Jebaited
[0:00:55] <ballblasta> Jebaited
[0:00:55] <Bedtimestory9> LMFAO
[0:00:55] <oknotok> EPIC LUL
[0:00:55] <Crazy_int> Stream is online PogChamp Jebaited
[0:00:55] <+Stuttering_Parrot> F
[0:00:55] <drowdyy> OMEGALUL
[0:00:55] <Aerioc> Jebaited
[0:00:55] <nationas> F Jebaited
[0:00:56] <holoschmolo> xdddddd
[0:00:56] <Western_Wind> SAVED Jebaited
[0:00:56] <WhiteCoke15> KA LE
[0:00:56] <V4WX> F
[0:00:56] <FabulousFruit> NEVER MIND Jebaited
[0:00:56] <magicfingers198> NOOOOOOOOO
[0:00:56] <Doggytalents007> LUL
[0:00:56] <thehouse_of_hang> Jebaited
[0:00:56] <Bubbl3WrapNinja> F
[0:00:56] <+archyes> f
[0:00:56] <psYzh> F
[0:00:56] <港農> KA LE
[0:00:56] <+silentshadows90> BrokeBack
[0:00:56] <+aether128> F
[0:00:56] <lolz_lolcat_lolz> LOL
[0:00:57] <+Zeppomatti> LMAO
[0:00:57] <Abdul_Therapist> Jebaited
[0:00:57] <Kevinrvld> F
[0:00:57] <General_Beef> RIP
[0:00:57] <+CapitanoObvioso> Keepo 👌
[0:00:57] <dev_box> BYEEEE
[0:00:57] <papapapaparrian> Jebaited
[0:00:57] <yoran420> Jebaited
[0:00:57] <pegasus_eclair> OMEGALUL
[0:00:57] <aminatraxel> PogChamp PogChamp PogChamp
[0:00:57] <+dro5en> LUL
[0:00:57] <Feralhobbit> OMEGALUL F
[0:00:58] <ElysiaSakura> OMEGALUL
[0:00:58] <admiralburger> F
[0:00:58] <blad12345> PogChamp
[0:00:58] <ArmoredS_> LUL
[0:00:58] <Garbageman500> PepeHands
[0:00:58] <Shadoer> f
[0:00:58] <boiboihm> Ka LE OMEGALUL
[0:00:59] <Mareweed> F
[0:00:59] <Oukhil> KA LE LUL Jebaited
[0:00:59] <+Awfulsome> F
[0:00:59] <Remedy4You> LUL
[0:00:59] <stormats> F Jebaited
[0:00:59] <JoJoBizarrestAdventurer> KA LE
[0:00:59] <ben550> LUL
[0:00:59] <+xyz1706> TTours
[0:01:00] <+donziiii> NotLikeThis
[0:01:00] <dysorl> F,
[0:01:00] <+hasbaz> F
[0:01:00] <+AnandGrg> KA LE
[0:01:00] <Pandarom> KA LE
[0:01:00] <Ken_Kaneki14> F
[0:01:00] <IAmMaze> POGGERS
[0:01:00] <+whiplash_XD> Jebaited F
[0:01:00] <CurrySauseBandit> Jebaited
[0:01:01] <toyfuu> F
[0:01:01] <Pallevanten> PogChamp
[0:01:01] <Magnetizor> Jebaited OMEGALUL
[0:01:01] <bakarina_sama> S Jebaited Jebaited N
[0:01:01] <trihard_from_darkness> 👏 TriHard 👏 TriHard
[0:01:01] <RaijuLg> Jebaited ONCE MORE
[0:01:01] <zengnarok> KA LE
[0:01:01] <retnetazer> back
[0:01:01] <sadlyes> Jebaited
[0:01:01] <treetss> saved
[0:01:01] <HoroHoro3> monkaS
[0:01:01] <Hejnus> OMEGALUL
[0:01:01] <+E1sKugel> Jebaited
[0:01:02] <+sarkozy_whatelse> KA LE
[0:01:02] <Delfnee> NEXT SLIDE PLS LUL
[0:01:02] <nimmersonn> axaxaxaxaxaxaxaxaxxaxa
[0:01:02] <+ILoveTsundere> BACK
[0:01:02] <+loudmonkey77> Jebaited
[0:01:02] <DunK12345> BACK
[0:01:02] <PapaGuu> SAVED PogChamp
[0:01:02] <+xyz1706> TTours
[0:01:03] <Velatix> monkaS
[0:01:03] <Onetwenty7> PogChamp
[0:01:03] <senorwall> F
[0:01:03] <Kaelpoon> buffering
[0:01:03] <paulnhomu1> LUL
[0:01:03] <VitaBellae> WutFace
[0:01:04] <Hi5enberg> f
[0:01:05] <+Izathelios> Back to bring you straight into the Ka Le
[0:01:05] <stanley350z> KA LE
[0:01:06] <yashleo21> PogChamp saved
[0:01:06] <lunat1c95> KA LE
[0:01:06] <BurningSpurgu> PogChamp
[0:01:06] <abdullah5585> Back
[0:01:06] <Allspark_1> refresh WaitWhat
[0:01:06] <Ithnathel> DELAY
[0:01:06] <QuickShift_> it's back
[0:01:06] <blackjesus4thetruth> KA LE
[0:01:06] <FabulousFruit> WE GOT Jebaited
[0:01:07] <Aletheies89> TTours
[0:01:07] <+dro5en> NEXT SLIDE PLS
[0:01:07] <+PilsZ_> LA KE
[0:01:07] <EricChangOfficial> WUtFace HELP
[0:01:07] <phoenyx99999> F
[0:01:07] <psYzh> KA LE
[0:01:07] <anziman231> lol
[0:01:08] <RaynBow6> PepeHands
[0:01:08] <fujisawaluzer> KA LE
[0:01:08] <Zentrain> OMEGALUL
[0:01:08] <Bluesyoos> FailFish
[0:01:08] <General_Beef> F
[0:01:08] <ciri1a> LUL
[0:01:09] <cry_ciel> Next slide please 4Head
[0:01:09] <admiralburger> TTours
[0:01:09] <mk__9> KALE
[0:01:09] <imbatr0n> cmonBruh cmonBruh cmonBruh
[0:01:09] <hongjingkoh88> LAG
[0:01:10] <faqerish> KA LE
[0:01:10] <ninjafalcon11> PepeHands
[0:01:10] <lolz_lolcat_lolz> KA LE
[0:01:10] <Nekaa> NEXT SLIDE FeelsGoodMan
[0:01:10] <Loompeek> KA LE Jebaited
[0:01:10] <JarRa_hello> OMEGALUL OMEGALUL
[0:01:11] <dennisadams98> F
[0:01:11] <yoran420> 24 fps
[0:01:11] <+TarAlacrin> HAHAHAH
[0:01:11] <slein321> F
[0:01:11] <Elanoir> KA LE
[0:01:11] <applesgonnapple> HAHAHAHAH
[0:01:11] <lowkeytriharder> Jebaited
[0:01:11] <Adummm> PogChamp
[0:01:12] <Auxilant> OMEGALUL
[0:01:12] <Bubbl3WrapNinja> LUL LUL LUL
[0:01:12] <Geralt__Rivia> F
[0:01:12] <turogg> KA LE
[0:01:12] <yurcho6> Internet is about to come to Russia
[0:01:12] <GamerDudeMarche> F
[0:01:12] <Budgeee> f
[0:01:12] <rohlikZ> Jebaited
[0:01:12] <+keine_Kapriolen> KA L
[0:01:12] <Osmoldd> Jebaited
[0:01:12] <Western_Wind> KA LE
[0:01:12] <+whiplash_XD> KA LE LUL
[0:01:12] <toyfuu> SAVED
[0:01:12] <+memelibertine> GabeN sort it out
[0:01:13] <+tveggis> kalle
[0:01:13] <+crafteffect541> F
[0:01:13] <ahfhsaj> BibleThump
[0:01:13] <+loudmonkey77> KA LE
[0:01:13] <DansGayyme> EPI LUL TER
[0:01:13] <+00000000000000000_OSfrog> OMEGALUL OMEGALUL
[0:01:13] <bosabarbosa> SLIDE SHOW
[0:01:13] <disfordysphoria> KA LE
[0:01:13] <Onetwenty7> SLIDESHOW
[0:01:13] <treetss> KA LE
[0:01:14] <Garbageman500> SOUND POGGERS
[0:01:14] <RuhAdamTR> KA LE
[0:01:14] <+junn97> RIP
[0:01:14] <sajjadziaei> Jebaited
[0:01:14] <dream7killer> F
[0:01:14] <+ILoveTsundere> HAHAHAHHAHA NICE PRODUCTION
[0:01:14] <THEKIRA77> its black ?
[0:01:15] <chiptehmonk> monkaS TTours
[0:01:15] <Jalfish> OFFLINE
[0:01:15] <Nikolaythebest> f5
[0:01:15] <nationas> KA LE
[0:01:15] <D_Viktor> KY LE
[0:01:15] <oknotok> EPIC LUL 89
[0:01:15] <ShizzK> almost back
[0:01:15] <+ipsmofull> POWERPOINT DOTA
[0:01:15] <harpake> NEXT SLIDE PLEASE
[0:01:15] <QUOTE_ME_IF_MIRACLUL> Jebaited
[0:01:15] <skyedanz> KA LE
[0:01:16] <trihard_from_darkness> 👏 TriHard 👏 TriHard 👏 TriHard
[0:01:16] <Datveiga> Ka le
[0:01:16] <+The_Gunner__> NEXT SLIDE PLEASE
[0:01:16] <robotka3> NEXT FeelsGoodMan SLIDE FeelsGoodMan PLEASE FeelsGoodMan
[0:01:16] <ballblasta> Jebaited
[0:01:16] <evan311> KALE
[0:01:16] <Dewardalot> F
[0:01:16] <trdomandela> POWER POINT
[0:01:16] <LifeAfterDeath96> KALE
[0:01:16] <Buz1rat> DIASHOW LUL
[0:01:16] <paulnhomu1> LAGG
[0:01:16] <MASTAOPPOSITE> 2;0 for VP ezy
[0:01:17] <+omgacow> KA LE
[0:01:17] <Warheadjr> !cam1
[0:01:17] <HeyThatsPrettyCrispy> 2 fps F
[0:01:17] <makinen12389> RADIO PogChamp
[0:01:17] <+mr_thall> KA LE
[0:01:17] <papapapaparrian> KA LE
[0:01:17] <JoJoBizarrestAdventurer> LAAGG
[0:01:17] <HollowZaraki> ResidentSleeper
[0:01:18] <El_Shai_Ftw> LOL.Russian net
[0:01:18] <klotar> laaaaaaag BibleThump
[0:01:18] <+hekkr> KA LE
[0:01:18] <zeckcloud> Next Slide Pls
[0:01:18] <w_pum> FF
[0:01:18] <PackPacker> NEXT SLIDE PLEASE POGGERS
[0:01:18] <PapaGuu> NEXT SLIDE FeelsGoodMan
[0:01:18] <Hejnus> POWERPOINT PogChamp
[0:01:18] <+GnatDaGnat> KA LE
[0:01:18] <marslmo> 1 fps
[0:01:18] <+yorokobee> wew lads look at this slideshow
[0:01:18] <+perseagogo> Slideshow LUL
[0:01:18] <jingapoo> great
[0:01:18] <aminatraxel> PogChamp PogChamp PogChamp LAG
[0:01:19] <+dro5en> NEXT SLIDE
[0:01:19] <+BenjaminUDover> next slide pls
[0:01:19] <TriHard_from_the_news> PogChamp only major delay PogChamp
[0:01:19] <RaijuLg> RIP LUL
[0:01:19] <+Stuttering_Parrot> Powerpoint LUL
[0:01:19] <Porsonkorno> NEXT SLIDE PLEASE COME ON
[0:01:19] <+Jo_Qool> redeye literally got 10 words out before the stream lagged again
[0:01:19] <ArmoredS_> KA LE
[0:01:20] <CaptainKitkat> barely lagging Kappa
[0:01:20] <kiestinor> hahahahaha
[0:01:20] <+archyes> a slight problem
[0:01:20] <NeverMcOne> NEXT SLIDE PLS LUL
[0:01:20] <tcmbanggang> LUL
[0:01:21] <senorwall> LUL
[0:01:21] <tamabee> Jebaited Jebaited
[0:01:21] <mk__9> F LUL
[0:01:21] <LifeAfterDeath96> F
[0:01:21] <neymystery> black screen
[0:01:21] <slein321> Jebaited
[0:01:21] <kareemkhtb> fps
[0:01:21] <Bully_Hunter_007> NEXT SLIDE PLEASE ResidentSleeper
[0:01:21] <ktoid> KA LE
[0:01:22] <coltaine> Jebaited
[0:01:22] <IcyNoobsgamer> KA LE
[0:01:22] <willis_234> RIP
[0:01:22] <nawmsayinbro> next slide plz
[0:01:22] <QUOTE_ME_IF_KALE> LUL
[0:01:22] <turogg> SLIDESHOW PogChamp
[0:01:22] <lit420blase> WHERE IS MY FRIEND ARTOUR, WE DRINK TOGETHER ResidentSleeper ResidentSleeper
[0:01:23] <Allspark_1> Don't refresh WutFace
[0:01:23] <+tshenk> Slideshow better than no show POGGERS
[0:01:23] <+silentshadows90> stream is suffering PepeHands
[0:01:23] <DunK12345> RIP
[0:01:23] <FruitNinjaDem> K A L E
[0:01:23] <+Khyrillian> OMEGALUL OMEGALUL
[0:01:23] <Ithnathel> LUL
[0:01:23] <AceVoid> OMEGALUL
[0:01:23] <tco10> f
[0:01:24] <conDotes> LUL
[0:01:24] <blandeyes> LUL
[0:01:24] <FurtivePotato> Jebaited
[0:01:24] <+JamesDaGames> Epicenter, soirt it out 😡
[0:01:24] <Delfnee> ROFL
[0:01:24] <SheamusxD> LUL
[0:01:24] <VitaBellae> OMFG
[0:01:24] <+perdey> PepeHands
[0:01:24] <RaijuLg> KKomrade NICE ONE
[0:01:24] <+sarkozy_whatelse> bye
[0:01:24] <bhash> PUTIN DDOS
[0:01:24] <applesgonnapple> lmao
[0:01:24] <RaynBow6> EleGiggle
[0:01:24] <shion8> AESIURHSAUIRHSUAIR
[0:01:24] <nimmersonn> LUL LUL LUL
[0:01:25] <+the18k> LUL
[0:01:25] <CuteTwitchChat> OMEGALUL
[0:01:25] <Neil_thehunter> KA LE FeelsGoodMan
[0:01:25] <+ebert42> FortOne FortOne FortOne
[0:01:25] <Doggytalents007> F]
[0:01:25] <+Fireinside77> OFFLINE??
[0:01:25] <Agent_Dorito> Jebaited
[0:01:25] <Ostarava> Jebaited
[0:01:25] <ic3gamer> 1fps , seems good
[0:01:25] <+IL0veCheese> F
[0:01:25] <nationas> F
[0:01:25] <jodetert3> Jebaited
[0:01:25] <yoran420> Jebaited
[0:01:25] <+Ruined123> LUL
[0:01:25] <Ryujjjjin> LuL
[0:01:26] <dysorl> RIP in pepperoni
[0:01:26] <sehajcool22> gg
[0:01:26] <+Mauvai> FFFFFFFFFFFFFFFFFFFFFFF
[0:01:26] <IamIgniso> down again LUL
[0:01:26] <Social_Rhubarb> LUL
[0:01:27] <Velatix> F
[0:01:27] <+whiplash_XD> LUL
[0:01:27] <Elanoir> LUL
[0:01:27] <salamanix> LMAO LUL
[0:01:27] <+omgacow> F LUL
[0:01:27] <Nipsus> Jebaited
[0:01:27] <rod_0108> TTours TTours
[0:01:27] <JoJoBizarrestAdventurer> Jebaited
[0:01:27] <gmitch2310> Jebaited
[0:01:27] <Hi5enberg> NotLikeThis
[0:01:27] <treetss> F
[0:01:27] <bakarina_sama> F LUL
[0:01:27] <stallon100> F
[0:01:27] <SolTeeNutzz> Jebaited
[0:01:27] <+memelibertine> OMEGALUL NICE GAME
[0:01:28] <honzah70> F
[0:01:28] <MASTAOPPOSITE> DENG
[0:01:28] <+Hugo_BAWS> Kappa HYPE
[0:01:28] <+ILoveTsundere> Jebaited
[0:01:28] <sisispurrier> TOPKEK
[0:01:28] <redpam7> lag
[0:01:28] <ciri1a> RIP
[0:01:28] <klotar> omg PepeHands
[0:01:28] <yashleo21> Jebaited
[0:01:28] <hongjingkoh88> PogChamp PogChamp
[0:01:28] <Qpak95> Jebaited
[0:01:28] <Garbageman500> Jebaited
[0:01:29] <Ziibbii> Jebaited
[0:01:29] <lunat1c95> OMEGALUL
[0:01:29] <yurcho6> HYPEEEEEEEEEEEE
[0:01:29] <+skovsmose> rip slide show
[0:01:29] <play4free11> GG
[0:01:29] <V1nc3B> LUL
[0:01:29] <+Thamuztv> F
[0:01:30] <wolfilushen> rippp
[0:01:30] <Feralhobbit> OMEGALUL
[0:01:30] <Damer76> OMEGALUL
[0:01:30] <battleDON_> LUL
[0:01:30] <papapapaparrian> Jebaited
[0:01:30] <TriHard_from_the_news> Jebaited
[0:01:30] <Nekaa> OMEGALUL
[0:01:30] <+georgepeorgebeorge> FFFFF
[0:01:30] <pegasus_eclair> OMEGALUL
[0:01:30] <PEZPURPLE> PepeHands
[0:01:30] <+Stuttering_Parrot> rip
[0:01:30] <Adummm> F
[0:01:30] <AVirusOfTheTV> Jebaited
[0:01:30] <granveil> OMEGALUL
[0:01:31] <港農> Jebaited
[0:01:31] <iokahoma1> LUl
[0:01:31] <CR0WN66> LUL
[0:01:31] <nerrvous_> Sir can i please have some frames FeelsBadMan
[0:01:31] <nateapetriso> :)
[0:01:31] <Sariel0512> LUL
[0:01:31] <IAmMaze> KKomrade
