[0:00:01] <+RockoHS> lo que no va es el mapa
[0:00:20] <FroxeKzz> lol
[0:00:22] <+RockoHS> Change screen production
[0:00:23] <diiplox> go to the other stream
[0:00:25] <@GreatnessCS> tech
[0:00:30] <samumasoka> ddos SwiftRage
[0:00:33] <fusion99> @RockoHS un conete PogChamp
[0:00:39] <PollitoC> han tirado el server los rusosno podian con esta humillacion
[0:00:42] <+RockoHS> @fusion99 jacoNO
[0:01:00] <fusion99> LUL
[0:01:05] <diiplox> idos al otro streaam en rusky
[0:01:08] <dmanso7j> amono
[0:01:20] <diiplox> ya na
[0:01:26] <AllBeautyMustDie> LUL
[0:01:49] <AllBeautyMustDie> dima NotLikeThis
[0:01:50] <@Moobot> Be positive, chat :)
[0:02:19] <+wAVe_cs> shackk attack
[0:02:19] <AngelAnguiano5> Que bien está jugando KPI
[0:02:37] <KPI_Gaming> vamos, aún queda partido, paso a paso!
[0:03:09] <AngelAnguiano5> Este es el único b03 de hoy no? @KPI_Gaming
[0:03:23] <Followlynn> VAC LUL
[0:03:32] <KPI_Gaming> @AngelAnguiano5 si, en caso de que pasemos, anunciamos novedades por redes! se jugaría esta semana lo más seguro
[0:03:50] <mephistopheles007> Europe was founded in 1848 by Walker Texas Ranger when he rode a horse across the Atlantic, he called it "Eastern USA" which was eventually abbreviated as just "EU"
[0:04:18] <Followlynn> LUL 🐍
[0:04:22] <XenZ__> buen anuncio q me salta
[0:04:29] <diiplox> que rico eh
[0:04:49] <barbiturikaa> a mi tambien -.-
[0:05:02] <Followlynn> ZELIN LUL
[0:05:15] <samumasoka> parece que solo se anime el caster cuando matan los ruskis
[0:06:24] <diiplox> winnable
[0:07:53] <UANINAUEI> unlucky
[0:07:53] <@Moobot> https://epiclive.gg - the best way to watch EPICENTER XL!
[0:08:24] <4HEADMOM> FeelsBadMan Caster
[0:09:16] <J_JoeKickass> zelin beast PogChamp
[0:09:16] <@Moobot> OH FeelsGoodMan MY FeelsGoodMan WORD FeelsGoodMan
[0:09:46] <Followlynn> bot WutFace
[0:09:50] <4HEADMOM> WutFace
[0:09:54] <XenZ__> lo q les ha faltado para tirar la ronda
[0:09:54] <KPI_Gaming> kpiBoys kpiLogo kpiFlag
[0:09:54] <diiplox> buena
[0:10:02] <Huskygamecaster> so nooob
[0:10:05] <+wulfmandota> wait this isnt dota 2
[0:10:06] <+wAVe_cs> venezuelan cs lul
[0:10:22] <+wAVe_cs> nope sorry gaben
[0:10:34] <+NeocomCS> hay brackets del quali? o si ganan y a están en el Adrenaline?
[0:10:39] <+wulfmandota> Give dota REEE
[0:10:48] <KPI_Gaming> @NeocomCS tenéis información en nuestra web
[0:10:58] <diiplox> si que hay un bracket metete en hltv y ahí te sale
[0:11:01] <rekoilas> I MEAN YEAH BEUUUUUUUTIFUL
[0:11:02] <+wAVe_cs> brackets
[0:11:05] <4HEADMOM> Any Here? TriHard /
[0:11:16] <rekoilas> I MEAN BrokeBack
[0:11:17] <+NeocomCS> @KPI_Gaming no puedo entrar a vuestar web, no tengo internet
[0:11:19] <KPI_Gaming> *** toda la info
[0:11:28] <+craz3ed> triT4 triT5 triT6 /
[0:11:33] <+massivedix> CZ:GO
[0:12:52] <Nagardien> Si meten pipas de terro y no cometen muchos errores pueden llevarse el partido sin problemas
[0:13:06] <XenZ__> NeocomCS tienen q ganar dos bo3 a parte de este
[0:13:06] <@Moobot> More cool photos with your favorite teams here: http://media.epicenter.gg
[0:13:07] <+NeocomCS> no es broma, no tengo intenet, me conecto a través de 4g y no me quedan datos, pero con vodafone video pass puedo ver Twitch sin consumir datos, alguien me explica como va lo del quali? en que fase están? gracias
[0:13:14] <diiplox> gh
[0:13:16] <nack22> bots
[0:13:17] <+NeocomCS> gracias @XenZ__ te quiero
[0:13:17] <+RockoHS> pillando bien la espalda
[0:13:21] <Nagardien> gh
[0:13:26] <XenZ__> xd
[0:13:29] <J_JoeKickass> dat agression doe Pogchamp
[0:13:30] <+papasio> que buena esta ronda
[0:13:32] <nack22> spiriBOTS
[0:13:35] <+RockoHS> buena xikii ya les teneis
[0:13:40] <Chapadux12> dima is on fire
[0:13:41] <KPI_Gaming> @papasio <3
[0:13:46] <+wAVe_cs> luego vs kinguin/asterion
[0:13:56] <wamboroful> is spirit losing against that nonames?
[0:14:19] <spretofficial> pra cima deles zelin !!!
[0:14:23] <mSr_CSGO> yes cuz spirit is garbage
[0:14:38] <thunderXky> nonames LUL
[0:14:53] <megofaz> ResidentSleeper
[0:14:56] <Followlynn> LUL 🐍
[0:15:09] <deiv15> que tal sc4rx?
[0:15:20] <sperants> mm kpi puede seguir jugando esl masters ? solo son dos ibericos no ? o emenk y shack tienen la nacionalidad ?
[0:15:45] <Leeandro3> vaya rondon
[0:15:45] <wamboroful> omg
[0:15:45] <Followlynn> PogChamp
[0:15:48] <AngelAnguiano5> Dios que buena
[0:15:49] <Genghis_HS> :O
[0:15:50] <XenZ__> vamosss
[0:15:51] <nack22> sipiriBOTS
[0:15:51] <diiplox> que buena locooo
[0:15:52] <mSr_CSGO> enormes
[0:15:54] <gopi9> dioooooa gg
[0:15:55] <J_JoeKickass> zelin PogChamp
[0:15:55] <goncalopes2> God Zelin one tap
[0:15:56] <samumasoka> isi gg
[0:16:07] <Vinu_> O.o
[0:16:09] <Leeandro3> creo que emenk y shack tienen la nacionalidad e igualmente zelin es portugues, por tanto tambien iberico
[0:16:10] <thunderXky> sperants son residentes en españa, con eso llega xD
[0:16:13] <kroja2204> gg
[0:16:22] <Ukjoefilas> VAMOS KPI
[0:16:23] <KPI_Gaming> kpiFlag kpiFlag kpiFlag kpiFlag kpiFlag
[0:16:34] <secretofnaja123> FailFish FailFish FailFish FailFish
[0:16:38] <Leeandro3> y sc4rx es sudamericano que creo que vive en españa
[0:16:39] <KPI_Gaming> Quién es vuestro jugador favorito?
[0:16:40] <wamboroful> i think spirit is not even trying
[0:16:40] <goncalopes2> Iberico só o lince :D
[0:16:43] <barbiturikaa> shhhack y emenk son mas españoles que la tortilla casi, y zelin tambien huehuehue
[0:16:47] <J_JoeKickass> ibero-american team PogChamp SeemsGood
[0:17:09] <XenZ__> Leeandro3 tienen nacionalidad pero creo q con residir en españa sirve y scarx vive aqui diria
[0:17:12] <wamboroful> 3-1-16 rip money LUL
[0:17:14] <+RockoHS> zelin firmame el pecho por dios
[0:17:22] <barbiturikaa> @RockoHS calma.
[0:17:33] <barbiturikaa> Kappa
[0:17:44] <KPI_Gaming> sc4rx god
[0:17:46] <Leeandro3> yaya, por eso @XenZ__
[0:17:56] <danippperez> VAMOOOOOOOOOOOOOS! @KPI_Gaming
[0:18:00] <Nagardien> Sólo dos más
[0:18:03] <goncalopes2> Zelin se vas
[0:18:05] <Chapadux12> pizituKpi2 pizituKpi
[0:18:10] <UANINAUEI> gg
[0:18:10] <@Moobot> Be positive, chat :)
[0:18:23] <Bernardoc2> 15-4
[0:18:35] <CryPain> El siguiente partido es ahora?
[0:18:50] <danippperez> no @CryPain
[0:19:05] <danippperez> cada dia és un partido
[0:19:22] <+RockoHS> y cada ronda es una vida
[0:19:22] <@Moobot> Our social media: http://epicenter.gg/ | http://facebook.com/epicentergg | https://twitter.com/epicentergg
[0:19:34] <spretofficial> @KPI_Gaming god zelin bro
[0:19:41] <+RockoHS> es un sentimiento mas alla de lo verdaderamente intelectual del asunto
[0:19:44] <KPI_Gaming> team of gods
[0:19:47] <XenZ__> su proximo rival es kinguin o aterion y tienen el partido entre ellos el jueves
[0:19:57] <XenZ__> asterion*
[0:19:57] <Nagardien> Por pushear LUL
[0:20:03] <barbiturikaa> lol davcost XDDD
[0:20:07] <wamboroful> davcost nova?
[0:20:09] <Once_potato_vortex> whiffcost
[0:20:15] <+papasio> shaak cheater
[0:20:24] <barbiturikaa> pero esto es en internet no? davcost deberia ir volando Kappa
[0:20:30] <fly_bomb> lolo
[0:20:32] <UANINAUEI> ty davcost LUL
[0:20:35] <kroja2204> omg
[0:20:35] <Once_potato_vortex> smithzzzz would be proud of davcost
[0:20:36] <XenZ__> unluko
[0:20:41] <hieuvacban> gg
[0:20:44] <gopi9> fac
[0:20:44] <+RockoHS> que pena de ronda
[0:20:45] <Nagardien> que pena
[0:20:50] <wamboroful> davcost this throwing rigged
[0:20:55] <UANINAUEI> NotLikeThis
[0:22:14] <XenZ__> nice eco
[0:22:32] <hieuvacban> kpi lose anyway
[0:22:43] <diiplox> #SayNoToTheThrow
[0:23:02] <wamboroful> coldy 1vs9
[0:23:18] <wamboroful> davcost silver awp like keev
[0:23:18] <@Moobot> https://epiclive.gg - the best way to watch EPICENTER XL!
[0:24:25] <diiplox> 16hp
[0:24:31] <AngelAnguiano5> Que pena
[0:24:32] <hieuvacban> ez choke
[0:24:45] <Robin1081> FunRun
[0:24:53] <AngelAnguiano5> ez anuncio
[0:24:55] <nueit> huele a ORILLATED
[0:24:57] <Vinu_> si planta despues de q acabe la ronda no da los 800 extra no?
[0:25:21] <kroja2204> 1
[0:25:31] <Moreirajc> monheCaburro monheCaburro monheCaburro
[0:25:41] <danippperez> da 300 si no recuerdo mal @Vinu_
[0:25:44] <+Neverbloomed> Ak 75 LUL
[0:25:55] <barbiturikaa> @Vinu_ 300 y si
[0:25:55] <sperants> vamos a cerrar el partido
[0:26:04] <kroja2204> this auto director is crap xD
[0:26:11] <diiplox> ufff como no metan una más se van a poner nervisos
[0:26:19] <UANINAUEI> end this now pls
[0:26:19] <gopi9> eso @serpants
[0:26:20] <@GreatnessCS> my observing would be worse haha
[0:26:49] <wamboroful> finally a kill this nova
[0:26:50] <kroja2204> Hahhaha xD @GreatnessCS
[0:26:55] <+jba___> maps result??
[0:27:03] <+RockoHS> 1 -1
[0:27:20] <randommate12> @epicenter_en1 are you streaming from a library?
[0:27:42] <@GreatnessCS> nope my bedroom
[0:27:56] <diiplox> gg
[0:27:57] <wamboroful> i think yes haha
[0:28:06] <gopi9> faaaaaac
[0:28:11] <+RockoHS> ༼ つ ◕_◕ ༽つ KPI TAKE MY ENERGY ༼ つ ◕_◕ ༽つ
[0:28:12] <randommate12> Because of the whispers :D
[0:28:20] <wamboroful> he is streaming in computer rooms school
[0:28:20] <@Moobot> More cool photos with your favorite teams here: http://media.epicenter.gg
[0:28:20] <+NeocomCS> are you gonna stream next bo3?
[0:29:02] <+mancoPower_> ya no hay mas bo3 hoy LUL
[0:29:03] <@GreatnessCS> don't think so :(
[0:29:12] <@GreatnessCS> don't think there is one
[0:29:16] <Nagardien> por lo menos plantaron, a ver si ahora cortan el comeback
[0:29:32] <randommate12> KPI is spanish right?
[0:29:32] <@Moobot> Unleash the Beast #BlackMonster https://bit.ly/2F8yZmJ
[0:30:13] <AngelAnguiano5> Vamos!
[0:30:14] <manu731> is xiki not exxiki
[0:30:20] <AgenteDoFox> GOD ZELIN!
[0:30:20] <+RockoHS> ONE MORE
[0:30:22] <+ikerjaba> emenek xd
[0:30:27] <+Skoll_CSG0> @randommate12 yeah
[0:30:28] <J_JoeKickass> KPI! KPI!
[0:30:29] <XenZ__> ra
[0:30:31] <Kinroko> Korean Pro institution
[0:30:31] <diiplox> chiki
[0:30:35] <UANINAUEI> xikii mvp of this bo3
[0:30:35] <CarlosJDLC> ez spanish
[0:30:35] <AngelAnguiano5> Xikii sacandose el nabo fuertemente
[0:30:37] <Nagardien> @randommate12 some players are foreign but they all live here and comunicate in spanish
[0:30:49] <diiplox> ufffff
[0:30:49] <UANINAUEI> he's playing at a insane level today
[0:30:54] <J_JoeKickass> VAC
[0:31:02] <jaysonelkilla> xikii de mi vida!!!
[0:31:03] <randommate12> Nice let's go my hispanophone guys
[0:31:22] <BaeTonG1234> NotLikeThis
[0:31:24] <jaysonelkilla> este es el xikiii de la temporada pasada
[0:31:48] <iMagJavi> ¡GOGOGO! KPI KPI KPI <3
[0:31:49] <lukapv95tv> gg
[0:31:52] <Moreirajc> 15-15 :(
[0:31:58] <nueit> GG
[0:31:58] <+RockoHS> es vuestraaaaaaaaaaaaa
[0:32:11] <+nscopcsgo> Vamos kpi
[0:32:13] <iMagJavi> Dios
[0:32:17] <wamboroful> omg
[0:32:17] <kroja2204> omg
[0:32:17] <bbqsenpaila> PogChamp
[0:32:19] <AgenteDoFox> NotLikeThis KPI TROW
[0:32:20] <sperants> vamos kpi dios
[0:32:21] <Crusher_91> buen throw lul
[0:32:21] <Vinu_> xddd
[0:32:24] <randommate12> dayum
[0:32:24] <+wAVe_cs> trowherino
[0:32:25] <BaeTonG1234> PogChamp
[0:32:27] <Genghis_HS> diosss
[0:32:27] <wamboroful> coldy 1vs9 guys
[0:32:27] <+nscopcsgo> Throw
[0:32:28] <iMagJavi> <3 KPI <3 TAKE <3 MY <3 ENERGY <3
[0:32:30] <FroxeKzz> choke
[0:32:30] <J_JoeKickass> que malo :(
[0:32:33] <+ikerjaba> no me throweeis esto por dios
[0:32:33] <Moreirajc> monheCaburro monheCaburro monheCaburro
[0:32:34] <Nagardien> NotLikeThis
[0:32:35] <nueit> como se puede asomar asi?
[0:32:40] <+nscopcsgo> superflipFieles superflipFieles
[0:32:41] <emanon_92> le throw
[0:32:47] <+christineew> Danke
[0:32:47] <UANINAUEI> ...
[0:32:49] <cs_maiki> throw?
[0:32:50] <Crusher_91> no se esperan ni 3 segundos aunque sea antes de asomar
[0:32:52] <jaysonelkilla> asoman demasiado pronto tio...
[0:32:57] <diiplox> no podía ir mejor 1v3
[0:33:02] <barbiturikaa> calma tiush
[0:33:04] <gopi9> vamos kpi plz
[0:33:09] <idrisgo> já se foderam
[0:33:22] <barbiturikaa> tou a ficar malucaaaaaaa
[0:33:22] <@Moobot> Be positive, chat :)
[0:33:29] <tezaycsgo> sc4rx is so bad, LUL
[0:33:43] <sperants> OT hltv confirmed
[0:33:45] <UANINAUEI> @barbiturikaa x2 LUL
[0:33:48] <iMagJavi> Es el primer partido ofical de sc4rx desde su fichaje (jugó sólo un quali con el equipo) y está haciendo un partidazo. A animar a KPI!
[0:33:50] <manu731> venezuelan cs Kappa
[0:34:08] <drkil_> LUL
[0:34:11] <barbiturikaa> @UANINAUEI hahahaha
[0:34:19] <iMagJavi> xikiiiiiiiiiiiiiiiiiiii
[0:34:21] <Crusher_91> unluko
[0:34:22] <AgenteDoFox> LUL LUL
[0:34:25] <BaeTonG1234> PogChamp
[0:34:25] <+mancoPower_> alextrollCry2
[0:34:26] <gopi9> aaaaaaaaay
[0:34:26] <deiv15> loool
[0:34:28] <+papasio> de infarto
[0:34:30] <Nagardien> NotLikeThis
[0:34:30] <iMagJavi> Están quitando años de vida
[0:34:30] <+wAVe_cs> muy unlucko
[0:34:33] <diiplox> otra vez
[0:34:34] <sergio6keko> VAMOS KPI!!! 1 MAS
[0:34:34] <Vinu_> no cierran xdd
[0:34:34] <+RockoHS> Calm downnnnnnnnnnn
[0:34:34] <EliteShogun> Yo caster turn yourself down
[0:34:37] <nueit> Xikii es dios
[0:34:37] <emanon_92> ahahah this venezuelian guy throwing so hard
[0:34:39] <dieguito19911> como van en mapas?
[0:34:42] <dmps09> that team kill
[0:34:47] <+Skoll_CSG0> Spirit no sabe ni como está aguantando xD
[0:34:52] <iMagJavi> 1-1 dieguito19911
[0:34:54] <Chapadux12> ot confirmed
[0:34:56] <jaysonelkilla> sc4rx que deje de liarla...
[0:35:00] <Benny98Alves> Tirar o Pizituh por um venezuelano? AHAHAH
[0:35:04] <sperants> Entre TempoStorm el fin de semana y esto me va a dar un ataque
[0:35:10] <kroja2204> Good old 16-14? xD
[0:35:11] <AgenteDoFox> 16-14
[0:35:16] <diiplox> 11-4
[0:35:22] <barbiturikaa> LETS GOOOOOO
[0:35:22] <dieguito19911> si gana kpi que pasa donde van? @imagjavi
[0:35:25] <XenZ__> sperants
[0:35:26] <iMagJavi> Ganan
[0:35:30] <1nodz> FAMAS
[0:35:33] <+RockoHS> A semis
[0:35:36] <diiplox> @dieguito19911 siguiente ronda
[0:35:39] <XenZ__> sperants +1*
[0:35:46] <iMagJavi> A una final presencial en Moscú con 100k en premios y equipos como Virtus... dieguito19911
[0:35:49] <+daniel_uno> ct map confirmed
[0:35:50] <goncalopes2> Zelin in Tempo Storm :O B)
[0:35:51] <jaysonelkilla> ningun equipo español gana sus partidos sin sufrir xd
[0:36:02] <iMagJavi> Te paso toda la info por whisper dieguito19911
[0:36:05] <barbiturikaa> @jaysonelkilla nos encanta sufrir
[0:36:14] <emanon_92> @jaysonelkilla ningun equipo español gana sus partidos .
[0:36:33] <sperants> dieguito19911 al siguiente partido
[0:36:33] <iMagJavi> ganan, estoy seguro!
[0:36:38] <Crusher_91> exiki xD
[0:36:39] <lukapv95tv> rip
[0:36:39] <FroxeKzz> sc4rx esta lag gg
[0:36:46] <XenZ__> esta no se puede escapar
[0:36:46] <+mancoPower_> no throweeis LUL
[0:36:48] <jaysonelkilla> xikiii
[0:36:51] <barbiturikaa> gg! :D
[0:36:52] <Crusher_91> hh
[0:36:53] <manu731> ggggggggg
[0:36:54] <jaysonelkilla> gana esto
[0:36:55] <KPI_Gaming> GOOOO
[0:36:55] <XenZ__> vamosssssssss gg
[0:36:55] <guepard> es el internet de venezuela
[0:36:56] <+daniel_uno> gg dont ez
[0:36:56] <wamboroful> omg
[0:36:56] <Bernardoc2> gg
[0:36:56] <sperants> @emanon_92 excepto kpi que gana este :)
[0:36:56] <+RockoHS> SUUUUUUU
[0:36:56] <Ukjoefilas> gg
[0:36:57] <+mancoPower_> GG alextrollParty
[0:36:57] <1nodz> gg LOL
[0:36:58] <Nagardien> GG
[0:36:58] <diiplox> ggggggggg
[0:36:58] <+ikerjaba> gg
[0:36:59] <sergio6keko> GGGGGGGGGGGG
[0:37:00] <+pabl097> GG
[0:37:01] <+wAVe_cs> gg
[0:37:01] <Vinu_> jajajajjajaja casii
[0:37:01] <luisenthil> siiiiii
[0:37:01] <UANINAUEI> GG!
[0:37:01] <+jba___> god xikiiiiiiioiiiiiii
[0:37:03] <AgenteDoFox> GG WP <3 <3 KPI <3
[0:37:05] <+nscopcsgo> Ez
[0:37:06] <jaysonelkilla> xikiiGOD
[0:37:07] <luisenthil> gg
[0:37:07] <+RockoHS> ezzzzzzzzzzzzzzzzzzzzzzz
[0:37:08] <CarlosJDLC> bien, si se vio esa ronda xd
[0:37:11] <nueit> lo dicho, ORILLATED
[0:37:11] <emanon_92> @sperants not spanish
[0:37:13] <bbqsenpaila> 99
[0:37:14] <UANINAUEI> TE AMO XIKII
[0:37:15] <J_JoeKickass> KPI <3
[0:37:16] <+NeocomCS> gg
[0:37:17] <Hunter0808> gg
[0:37:19] <secretofnaja123> Kuy noob
[0:37:19] <goncalopes2> 1 euipa espanhola só?
[0:37:19] <iMagJavi> KPI <3 KPI <3 KPI <3 KPI <3 KPI <3 KPI <3KPI <3 KPI <3
[0:37:20] <Genghis_HS> siuuuu kpi!!!
[0:37:28] <+RockoHS> get out of my game mannnnnnnn
[0:37:28] <ConcepcionCarhuancho> hila ... esto es dota?
[0:37:35] <secretofnaja123> Garbage no spirit
[0:37:37] <Nagardien> Have a nice day y'all
[0:37:44] <+RockoHS> have a fantastic nicht
[0:37:46] <@GreatnessCS> hope you all enjoyed the cast :)
[0:37:54] <@GreatnessCS> have a good night
[0:38:00] <ConcepcionCarhuancho> @greatnesscs que dijiste m
[0:38:09] <m4rcoEZ> xikii smurfing Kappa
[0:40:25] <dieguito19911> ahora que chavaled?
[0:40:25] <@Moobot> OH FeelsGoodMan MY FeelsGoodMan WORD FeelsGoodMan
