[0:00:24] <cating_a> ..
[0:00:31] <+losanducheros> China number 1
[0:00:32] <the15fly> DansGame
[0:01:16] <CompIex_TV> :P
[0:01:16] <@alexmann97> ninaWat
[0:10:32] <scoopnum> LUL
[0:18:46] <CompIex_TV> does anyone know how to pronounce buue?
[0:19:38] <1zest> should be peronounced as "boo-i"
[0:20:14] <CompIex_TV> like boo-eye?
[0:20:34] <1zest> boo-ee
[0:21:07] <Majstero12> kinguin god
[0:21:07] <@Moobot> Our social media: http://epicenter.gg/ | http://facebook.com/epicentergg | https://twitter.com/epicentergg
[0:22:54] <Majstero12> taz god
[0:23:53] <MewkaAoV> how about right hand?
[0:24:19] <Najwiekszy_Fan_IzakoBoars> @epicenter_en1 right hand pls
[0:24:30] <Taiganatural> yes its dota2 and it is rebroadcast
[0:24:38] <MewkaAoV> ty
[0:25:44] <Majstero12> Siema Polaczki
[0:27:45] <erykocki> elo
[0:28:15] <MewkaAoV> haha
[0:28:20] <+Markydias> omg that's amazing
[0:28:35] <erykocki> co to bylo
[0:28:38] <+Markydias> TK + CZ = :(
[0:28:44] <Majstero12> tryy tryt
[0:29:27] <chrismeister> CZ:GO
[0:29:45] <Zachyunji> DOTA:GO ? DansGame
[0:35:19] <Majstero12> new vp : rallen byali snax michu minise
[0:35:19] <@Moobot> Our social media: http://epicenter.gg/ | http://facebook.com/epicentergg | https://twitter.com/epicentergg
[0:36:54] <MewkaAoV> xD
[0:36:54] <@Moobot> More cool photos with your favorite teams here: http://media.epicenter.gg
[0:39:05] <+Markydias> I feel like Kinguin is always having to clutch 2v3 or 2v4 to win their rounds...this is not good lol
[0:39:45] <+Markydias> mouzinho on fire though, otherwise it could be more like 9-0 atm :/
[0:42:53] <Lunas_Moon_Butt> this is some good dota
[0:46:25] <the_black_sheep_1> @epicenter_en1 pls change title and game...
[0:47:32] <+Markydias> dota really took a step forward in graphics
[0:47:32] <ariancsgo> why is it set on dota2?
[0:47:45] <ariancsgo> ye+
[0:49:21] <+Markydias> finally some conviction
[0:50:28] <+J4KEPEZ> Dota 4Head
[0:50:38] <Kusiak15> dota LUL
[0:50:38] <@Moobot> Our social media: http://epicenter.gg/ | http://facebook.com/epicentergg | https://twitter.com/epicentergg
[0:50:57] <Majstero12> dota = cs
[0:50:57] <@Moobot> @moobot Tournament bracket and match results: https://www.hltv.org/events/3712/adrenaline-cyber-league-2018-qualifier
[0:51:29] <Majstero12> taz kick - taz join kinguin - taz god
[0:52:33] <+ScienceGorilla> wow dota2 changed so much
[0:53:18] <rallq> this new dota patch is pretty amazing
[0:54:21] <Majstero12> make cs great again
[0:54:38] <efragru> :D
[0:54:49] <efragru> sry, fixed
[0:55:28] <+sirteadrinkerii> rip k1ndeadly best asterion player
[0:55:40] <Najwiekszy_Fan_IzakoBoars> jezeli kinguin wygra kwalifikacje moze dojsc do legendarnego spotkania na lanie vp vs kinguin
[0:55:57] <和彦> legendarne xDD
[0:56:27] <Najwiekszy_Fan_IzakoBoars> no a nie? przeciez cala polska scena csgo bedzie to ogladala
[0:57:02] <Kusiak15> witam najwiekszego fana IB
[0:57:02] <@Moobot> More cool photos with your favorite teams here: http://media.epicenter.gg
[0:57:15] <Murgenuu> mysle ze vp wtedy sie opamieta i przygarnie Taza, wedlug mnie to jedna z najlepiej zapowiadajacych się młodych gwiazd z polski
[0:57:21] <Najwiekszy_Fan_IzakoBoars> elo klusiak mordo
[0:57:48] <+sunbearOW> are you guys speaking polish
[0:58:04] <Najwiekszy_Fan_IzakoBoars> yep
[0:58:19] <+sunbearOW> nice
[0:58:33] <+sunbearOW> are you rooting for anyone
[0:58:43] <Murgenuu> for asterion ofc
[0:58:59] <+sunbearOW> Are they polish too?
[0:59:09] <Murgenuu> none of them actually
[0:59:11] <+OfficialCalimero> reatz needs to step up and kinguin will easily win
[0:59:13] <+sirteadrinkerii> asterion are not the same without k1ndeadly
[0:59:30] <+sunbearOW> That's sick tho
[0:59:54] <+sunbearOW> Do you live in poland or europe?
[0:59:55] <Murgenuu> no just kidding, im biggest fan of TAZ
[1:00:09] <Murgenuu> VAC
[1:01:45] <Majstero12> Taz nie wróci do vp ,
[1:01:46] <@Moobot> Our social media: http://epicenter.gg/ | http://facebook.com/epicentergg | https://twitter.com/epicentergg
[1:01:56] <+sirteadrinkerii> this game would probably be over if k1ndeadly was on asterion still, underrated
[1:02:31] <Murgenuu> nie wróci bo kinguin jest aktualnie lepszy niż vp
[1:02:31] <@Moobot> @moobot Tournament bracket and match results: https://www.hltv.org/events/3712/adrenaline-cyber-league-2018-qualifier
[1:02:34] <GreqsoN> ASterion kicked randomRAmbo ?
[1:02:48] <Murgenuu> taz jest nosicielem zbyt dużego skilla i doświadczenia
[1:02:57] <Majstero12> @Murgenuu heh szkoda że vp dostało zaproszenie do tego turnieju a nie kinguin
[1:03:14] <Najwiekszy_Fan_IzakoBoars> ja kibicuje i vp i kinguin
[1:03:34] <Majstero12> @Najwiekszy_Fan_IzakoBoars a ago? Xd
[1:03:44] <bpl00slh> LUL ?
[1:03:51] <Murgenuu> kto to ago?
[1:04:15] <Majstero12> @Murgenuu taka drużyna Polska które będzie grała na starsseriers i dreamhack tours
[1:04:16] <+Markydias> lose round AND die after time, ouch :o
[1:04:16] <Daawiddd> @Majstero12 bo vp to rosyjska organizacja dlatego dostali :)
[1:04:29] <Najwiekszy_Fan_IzakoBoars> trzeba przyznac ze taz o wiele lepiej strzela niz w vp
[1:04:32] <Invisiturtle> 🗡
[1:04:33] <Majstero12> @Daawiddd no i co że rosyjska ważne że dostali
[1:04:47] <Najwiekszy_Fan_IzakoBoars> ago nie lubie
[1:04:54] <Daawiddd> @Majstero12 ale jezeli piszesz ze szkoda to Ci mowie
[1:05:00] <MIHU9612> no i co że dostali jak i tak na początku odpadną xD
[1:05:06] <Murgenuu> nie wiem dlaczego Izako bores nie dostało zaproszenia
[1:05:18] <Najwiekszy_Fan_IzakoBoars> VP dostalo zaproszenie bo rok temu wygrali tego lana
[1:05:25] <Murgenuu> Stomp by spokojniue ich wszystkich pokonał
[1:05:36] <bpl00slh> D:
[1:05:40] <Logyck> WTF is this accent, northern ireland?
[1:05:50] <cezary_grzegorz> VP do Cologne tez dostanie zapro
[1:06:06] <Najwiekszy_Fan_IzakoBoars> watpie
[1:06:20] <danixx2_> @cezary_grzegorz moe
[1:06:25] <jnxcs> lucker
[1:06:36] <Najwiekszy_Fan_IzakoBoars> @cezary_grzegorz skad te przypuszczenia\/
[1:06:37] <Majstero12> @cezary_grzegorz możliwe
[1:06:44] <danixx2_> @cezary_grzegorz nie dostanie zapro napewno nie
[1:06:59] <cezary_grzegorz> mam swoje info
[1:07:01] <Najwiekszy_Fan_IzakoBoars> watpie ze dostana zaproszenie
[1:07:04] <Murgenuu> @Najwiekszy_Fan_IzakoBoars w ramach rekompensaty za holokaust
[1:07:05] <Majstero12> VP dostało zaproszenie na Asia champions
[1:07:18] <danixx2_> @cezary_grzegorz w takim razie to info jest zle
[1:07:34] <cezary_grzegorz> @danixx2_ zobaczymy :D
[1:07:34] <@Moobot> More cool photos with your favorite teams here: http://media.epicenter.gg
[1:07:44] <Majstero12> Ja się nie zdziwie jak vp dostanie zaproszenie
[1:07:54] <Logyck> Never heard a northern irish caster before, good craic :D
[1:07:56] <Majstero12> jakoś BIG dostało zaproszenie a teraz ich gra to nie to samo co na PGL
[1:08:21] <Logyck> You're doing a good job, keep it up man!
[1:08:23] <Najwiekszy_Fan_IzakoBoars> @Majstero12 tylko ze big to niemiecka druzyna i dlatego dostali zaprosznie
[1:08:33] <danixx2_> @cezary_grzegorz czego ty nie rozumiesz? wszystkie teamy ktore moga dostac slota przez zapro sa juz zaproszone
[1:08:36] <Najwiekszy_Fan_IzakoBoars> ostatnio vp na zadne duze lany nie dostaje zaproszen
[1:08:56] <Majstero12> Ważne że VP będzie na majorze
[1:08:59] <Najwiekszy_Fan_IzakoBoars> @danixx2_ nie jeszcze sa invy na colagen
[1:09:18] <Taiganatural> @Majstero12 na kwalifikacjach do majora* czy na majorze to nie wiadomo
[1:09:22] <GreqsoN> @Majstero12 BIg dostali zaproszenie, bo turniej jest w Niemczech. Na tej samej podstawie VP dostali zaproszenie na iem katowice
[1:09:24] <danixx2_> @Najwiekszy_Fan_IzakoBoars nie dostaje bo nie maja formy i nie sa w TOP 10 rankingui HLTV
[1:09:32] <+shadreNcs> Up the IRA
[1:09:36] <Murgenuu> snax musiałby odejść żeby vp zyskało troche świeżości
[1:09:52] <OGZER0> please godtaz
[1:09:56] <Majstero12> Kwalifikacje ostatnia runda = oficjalna część majora tak valve stwierdziło
[1:09:59] <Najwiekszy_Fan_IzakoBoars> @danixx2_ przeciez ja pisze wlasnie ze nie dostana zaproszenia
[1:10:11] <Majstero12> przeciesz pickema dało się tera robić z kwalifikacji
[1:10:20] <Kusiak15> Virtus powinno dostawac zaproszenia nawet wtedy gdy nie maja formy, bo to jednakoni przyciagaja na streamy najwiecej ludzi
[1:10:25] <Taiganatural> @Majstero12 i co? to nie prawdziwy major i tak
[1:10:42] <Najwiekszy_Fan_IzakoBoars> @Kusiak15 dostali przez rok takie zaproszenia :D
[1:10:45] <danixx2_> @Najwiekszy_Fan_IzakoBoars mi chodzi oto ze nie dostaja juz od ostatniego czasu rzadnego invite na lana bo nie sa w TOP 10 rankingu hltv
[1:10:51] <Murgenuu> @Kusiak15 tylko ze przyciagna publike na 2 mapy max
[1:10:54] <Majstero12> Jak nie jak tak to by nie było oficjalne sponsorowane przez valve
[1:10:55] <ariancsgo> Ez Ast
[1:11:05] <Majstero12> kwalifikacje teraz od el 2018 są sponsorowane przez valve więc to już major
[1:11:12] <danixx2_> @ariancsgo your mother is sooooooo ez
[1:11:15] <Kusiak15> @murgenuu nie wazne na ile map
[1:11:31] <Kusiak15> wazne ze przyciagaja
[1:11:40] <danixx2_> @Majstero12 co?
[1:11:48] <Taiganatural> @Majstero12 super kwalifikacje do msitrzostw swiata w PN też są sponsorowane i to nie mistrzostwa tylko kwalifikacje
[1:11:48] <@Moobot> Our social media: http://epicenter.gg/ | http://facebook.com/epicentergg | https://twitter.com/epicentergg
[1:11:49] <wasteland900> @epicenter_en1 isn't it pronounced as meenese?
[1:11:58] <Logyck> Sorry if I sounded rude, I was just surprised, don't hear many Norn Iron casters, you represent man :D
[1:11:58] <SETje_01> Przynoszą wstyd i nic więcej
[1:12:04] <the_black_sheep_1> ghosting Kappa
[1:12:11] <wasteland900> maybe im wrong
[1:12:17] <danixx2_> @SETje_01 co?
[1:12:19] <Najwiekszy_Fan_IzakoBoars> LIL
[1:12:25] <Murgenuu> sourPLS
[1:12:27] <bpl00slh> StoneLightning StoneLightning StoneLightning
[1:12:29] <wasteland900> WutFace too loud
[1:12:33] <Arcventic> WutFace
[1:12:35] <Najwiekszy_Fan_IzakoBoars> LUL
[1:12:35] <@Moobot> @moobot Tournament bracket and match results: https://www.hltv.org/events/3712/adrenaline-cyber-league-2018-qualifier
[1:12:37] <michalcokkkkk> RlyTho
[1:12:37] <the_black_sheep_1> music DansGame
[1:12:38] <和彦> JonCarnage
[1:12:41] <Murgenuu> SourPls
[1:12:42] <niebotyczny> o kuirwa ale buja
[1:12:52] <doilbranson> Music?
[1:12:58] <styggan> song name ?
[1:12:59] <Invisiturtle> Music is very loud compared to rest of the stream
[1:12:59] <Murgenuu> fajne nawet
[1:13:06] <和彦> ShazBotstix
[1:13:25] <Najwiekszy_Fan_IzakoBoars> mamo nie sprzątaj caster pozamiatal
[1:13:31] <NatekGaming1> Blon Inconforme name of music
[1:13:32] <Murgenuu> r? g
[1:13:47] <OGZER0> awpppp ???
[1:13:56] <wasteland900> wth?
[1:14:08] <styggan> @NatekGaming1 ty !
[1:14:20] <OGZER0> please win this
[1:14:40] <Murgenuu> @OGZER0 you bet money on kinguin?
[1:15:06] <Murgenuu> gg 16-3
[1:15:23] <wasteland900> TTours
[1:15:34] <OGZER0> wtf sick
[1:15:34] <niebotyczny> gg
[1:15:39] <Logyck> gg
[1:15:49] <Murgenuu> dont worry its asterion'sa map pickl
[1:15:50] <Taiganatural> z jakimis randomami przegrywaja.....eh
[1:16:08] <MIHU9612> again a little too loud D:
[1:16:18] <和彦> nigdy nie widziałem tak słabej polskiej sceny cs jak teraz jest..
[1:16:47] <CompIex_TV> still too loud?
[1:16:48] <Taiganatural> @和彦 to żart nie?Bo lepszej niż teraz nigdy nie było
[1:17:26] <和彦> XDDD
[1:17:46] <和彦> Chyba nie pamiętasz jak 2 polskie teamy były na majorze.
[1:17:47] <@Moobot> More cool photos with your favorite teams here: http://media.epicenter.gg
[1:20:55] <+sirteadrinkerii> wheres k1ndeadly when you need him?
[1:21:02] <shifu_isr> buue
[1:21:18] <+sirteadrinkerii> stupid asterion, i got dirt on their owners
[1:21:47] <shifu_isr> when conitnue
[1:23:34] <rybs0n_> bo3?
[1:23:34] <@Moobot> Our social media: http://epicenter.gg/ | http://facebook.com/epicentergg | https://twitter.com/epicentergg
[1:29:07] <LyriiKK> hi
[1:30:54] <pyt3k> GO GO KINGWIN
[1:33:35] <GreqsoN> @和彦 (apollo093) nie liczac spadku formy VP. Reszta poslkiej sceny idzie ciagle poziomem w gore
[1:35:46] <Najwiekszy_Fan_IzakoBoars> minise jak sie rozkecie to jest niedozatrzymania
[1:36:31] <GreqsoN> @Najwiekszy_Fan_IzakoBoars Gorzej jak sie zatnie jak w kwalifikacjach do starladdera
[1:36:34] <Najwiekszy_Fan_IzakoBoars> polska scena csgo obecnie bardzo sie wyrownala, nie mamy zadnego dobrego zaspolu
[1:36:34] <@Moobot> @moobot Tournament bracket and match results: https://www.hltv.org/events/3712/adrenaline-cyber-league-2018-qualifier
[1:37:09] <Najwiekszy_Fan_IzakoBoars> milo widziec taza w takiej formie :)
[1:37:36] <xm23> 16-0 BlessRNG
[1:37:39] <wiktoriaa0> Fajnie by było jakby się udało pingwinom zakwalifikować :D
[1:37:50] <dzimidzordz> kebab w bulce z frytkami
[1:37:57] <Najwiekszy_Fan_IzakoBoars> @wiktoriaa0 ta i meczyk vp vs kinguin
[1:37:57] <@Moobot> Our social media: http://epicenter.gg/ | http://facebook.com/epicentergg | https://twitter.com/epicentergg
[1:38:02] <Tedd2y> ale kinguin ich niszczy :)
[1:38:19] <RuskiNinj> they have 7 kills total LUL
[1:38:21] <DerDorraDo> Tedd2y chu say cmonBruh
[1:38:28] <wiktoriaa0> @Najwiekszy_Fan_IzakoBoars właśnie :D
[1:38:33] <the_black_sheep_1> smoike?
[1:39:17] <wiktoriaa0> Ajj prawie
[1:39:18] <xm23> nt taz
[1:39:27] <miszcz54> ile w mapach
[1:39:58] <GreqsoN> 1:0 dla Asterion
[1:40:09] <cornholio182> KappaPride
[1:40:46] <cornholio182> j
[1:41:35] <wiktoriaa0> jaca on fire
[1:41:35] <@Moobot> More cool photos with your favorite teams here: http://media.epicenter.gg
[1:41:50] <WALKM4N_TV> 8 k/d
[1:41:59] <GreqsoN> Minis average 2 kills per round LUL
[1:42:26] <WALKM4N_TV> kto da więcej, kto da więcej
[1:42:26] <pyt3k> co on wyprawia na tej mapie? :D
[1:43:06] <cornholio182> co to jest
[1:43:20] <cornholio182> KappaPride ?
[1:43:31] <xm23> 30 frags in one half cmon minise
[1:43:42] <Kmfip> PogChamp
[1:43:45] <EXXXILON> 28-3 LOOOOOOOL
[1:44:08] <Najwiekszy_Fan_IzakoBoars> LUL
[1:44:35] <xm23> one more
[1:44:40] <qieubonabite> 29
[1:44:45] <9JoNy> its an asian caster or what?
[1:45:15] <the_black_sheep_1> kick Taz Kappa ks
[1:45:24] <Najwiekszy_Fan_IzakoBoars> kkkkkkkkkkkkk
[1:45:39] <cornholio182> zabka Keepo
[1:46:21] <EXXXILON> gg
[1:46:48] <pyt3k> ehh tylko kd psuja Jacy
[1:46:48] <@Moobot> @moobot Tournament bracket and match results: https://www.hltv.org/events/3712/adrenaline-cyber-league-2018-qualifier
[1:47:03] <cornholio182> ĝğ ēž...
[1:47:13] <deekayoo> jd
[1:48:21] <Backrrestt> vamos cobras! VAMOS MI CAPITAN PORCHELA
[1:48:21] <@Moobot> Our social media: http://epicenter.gg/ | http://facebook.com/epicentergg | https://twitter.com/epicentergg
[1:48:47] <dorixonalibabix> Itd bo3!??
[1:49:05] <kropla40> Minise na smurfie :D
[1:49:15] <Kmfip> PogChamp
[1:49:21] <Najwiekszy_Fan_IzakoBoars> jaca praca
[1:49:22] <EXXXILON> why so ez
[1:49:33] <ciuchcikk> 32/1/4
[1:49:49] <iksnasty> kochac disa
[1:49:50] <xm23> now I understand why BiG kicked Luckerrr
[1:49:57] <dorixonalibabix> Jdjsjjsjd
[1:49:57] <+Markydias> that backwards 1...awesome :>
[1:50:01] <Kobel_> Noice 1
[1:50:22] <dragonwyck42> is this live?
[1:50:55] <armstuffy> rerun
[1:51:13] <CompIex_TV> its live
[1:51:34] <Kaburg3000> music anyone?
[1:51:41] <mrnnnPL> za ile 3 mapa
[1:52:08] <armstuffy> @Kaburg3000 mostly beethoven
[1:52:08] <@Moobot> More cool photos with your favorite teams here: http://media.epicenter.gg
[1:52:10] <CompIex_TV> look up youtube no copyright sounds background music and should find it
[2:03:59] <Sledziu89> Go Kinguin!
[2:04:01] <armstuffy> taz to ugra
[2:05:09] <Sledziu89> No i łatwo!
[2:05:11] <armstuffy> najs
[2:05:18] <cezary_grzegorz> GO GO KINGUIN
[2:05:42] <pyt3k> #GOGOKINGWIN
[2:06:01] <Sledziu89> sledzPolska
[2:06:06] <spoi2> PogChamp
[2:06:29] <pomesix> Squid1 Squid2 Squid3 Squid2 Squid4
[2:08:04] <Pavelll71> rip team troll
[2:08:15] <Pavelll71> nice steam troll
[2:10:44] <cmd41> TTours
[2:10:46] <barto31> You sure that's minays not minise?
[2:11:10] <akashi_69> PogChamp
[2:11:40] <Tedd2y> GO KNG
[2:13:27] <dol1ar> nt
[2:13:45] <KubelakK> nt
[2:14:06] <Franeklowcabaniek> d
[2:14:06] <@Moobot> Our social media: http://epicenter.gg/ | http://facebook.com/epicentergg | https://twitter.com/epicentergg
[2:15:10] <sylwo108> its not minajs but minis ;)
[2:15:10] <Tedd2y> no zobaczmy tego forca
[2:15:33] <EXXXILON> no zobaczymy kuurłA
[2:15:40] <sylwo108> no kurła
[2:15:57] <Tedd2y> go kurła
[2:16:06] <sylwo108> i mouz kerry
[2:16:20] <EXXXILON> Ja tam wole miec kontrole nad bombsajtem
[2:16:21] <Tedd2y> nice
[2:16:21] <@Moobot> @moobot Tournament bracket and match results: https://www.hltv.org/events/3712/adrenaline-cyber-league-2018-qualifier
[2:16:31] <vitawich> Fox was the problem ahaga
[2:16:43] <sylwo108> najss, asterion no money
[2:16:45] <dol1ar> TaZ was the problem Kappa
[2:16:48] <Tedd2y> he was
[2:17:15] <dol1ar> snax was the problemo in toiletto Kappa
[2:17:41] <Tedd2y> rip fallen
[2:18:05] <Uncite> portugese still salty that fox was kicked LUL , that team had no future, and it's better now for kinguin and for fox in tempostorm
[2:18:32] <dol1ar> TaZ LUL
[2:19:28] <Tedd2y> serio rallen
[2:19:33] <matikcsplayer> bo3?
[2:19:37] <dol1ar> kippo
[2:19:45] <pelcus1337> @matikcsplayer ta 1-1
[2:19:50] <jbg0625> Faze LUL
[2:19:53] <KubelakK> @matikcsplayer tak, to juz 3 mapa
[2:19:55] <Tedd2y> decider
[2:19:55] <matikcsplayer> thx
[2:19:59] <dol1ar> tureckie awantury
[2:20:32] <matikcsplayer> a to są closed kwali?
[2:20:34] <pelcus1337> niech to kinguin sie dostanie na tego lana, chetnie zobacze vp vs kinguin
[2:20:34] <Tedd2y> wąsacz
[2:20:52] <pelcus1337> tak
[2:20:52] <+DongerMcMuffin> wun tep
[2:21:02] <EXXXILON> @pelcus1337 wcale bym sie nie zdziwil gdyby kinguin wygralo z vp
[2:21:04] <TheOddSupport> does this guy even know their names? why tf is he reading them like that
[2:21:25] <+DongerMcMuffin> he got an accent ig lmao
[2:21:26] <@Moobot> More cool photos with your favorite teams here: http://media.epicenter.gg
[2:21:30] <eldonawolnoo> ja bym się zdziwił jeśli vp by się dostao, no offence
[2:21:32] <pelcus1337> @EXXXILON oni sa mozna powiedziec na takim samym poziomie teraz ;p
[2:21:37] <dol1ar> @EXXXILON a później TaZ poprawia fryzure i mruga okiem Kappa
[2:21:49] <Franeklowcabaniek> 5 commercial in the row? @epicenter_en1 u are greedy
[2:21:53] <sylwo108> jechanka :)))
[2:21:55] <matikcsplayer> a ma ktoś dać jakaś drabinke na pw?
[2:22:07] <Tedd2y> hltv
[2:22:08] <EXXXILON> racja, jak dla mnie w vp jest więcej problemow niz tylko taz @pelcus1337
[2:22:27] <dol1ar> @EXXXILON snax ekekekneem snax ekkem
[2:23:13] <Murgenuu> @matikcsplayer hltv jest od tego
[2:23:21] <matikcsplayer> S@
[2:23:32] <matikcsplayer> @murgenuu masz już
[2:23:34] <+sterling0161> TaZ weas the problem
[2:23:43] <matikcsplayer> mam*
[2:23:49] <EXXXILON> fps?
[2:24:06] <Tedd2y> np vp nie ma dobrego snipera
[2:24:06] <@Moobot> Our social media: http://epicenter.gg/ | http://facebook.com/epicentergg | https://twitter.com/epicentergg
[2:24:28] <dol1ar> @Tedd2y ale entry ma dobre Kappa
[2:24:29] <Tedd2y> snax na przmeian z pasha to takie byle co jest , a pasza bez formy .
[2:24:52] <Tedd2y> no cos tam wyciagnie czasem ..
[2:25:11] <EXXXILON> czasem pasza trafia
[2:25:26] <EXXXILON> ale w wiekszosci nie trafia i ma tragiczny movment
[2:25:36] <eldonawolnoo> Tfu
[2:25:37] <drahoon> you Irish m8?
[2:25:38] <Tedd2y> dokładnie czasem xd
[2:25:38] <GreqsoN> @Tedd2y Snax i Neo spokojnie mogli by grac jako 1st pos sniper i robic robote.
[2:25:49] <Bust3r28> pasza nawet trafia ale wychyla jak silver, non stop repeekuje te same pozycje xD
[2:26:00] <qieubonabite> dla mnie to pasha dobrze sobie z m4 radzi
[2:26:14] <Tedd2y> pasha dobry z ak xdd
[2:26:21] <GreqsoN> Pasha gra dobrze z ak, powiedzialbym, ze nawet lepiej niz z awp.
[2:26:23] <drahoon> cheers :)
[2:26:30] <eldonawolnoo> Po pierwsze to oni grają „starym” stylem
[2:26:30] <@Moobot> @moobot Tournament bracket and match results: https://www.hltv.org/events/3712/adrenaline-cyber-league-2018-qualifier
[2:26:47] <dol1ar> dlatego pyta sie taco o ustawienia dla lurkera Kappa
[2:27:46] <EXXXILON> ogolnie to vp odstaje aimowo wedlug mnie, zwlaszcza od tych nastolatkow w tierach 2/3/4
[2:28:03] <K4m1l3005fa> ^
[2:28:07] <Bust3r28> prawda
[2:28:08] <Tedd2y> jedynie michu aimowo cos tam ratuje
[2:28:14] <dol1ar> @EXXXILON zdecydowanie Kappa szczególnie od takiego godsent to noby
[2:28:30] <GreqsoN> Byali aiomowo jest jednym z najlepszych graczy na swiecie
[2:28:32] <Murgenuu> vp in 2k18 lul
[2:28:34] <pelcus1337> magiczny muvment :D
[2:28:40] <Tedd2y> godsent dzis wygralo z fnatic takze oni sa w gazie :)
[2:28:49] <dol1ar> ale liżecie du**e temu michowi
[2:30:40] <Murgenuu> :D
[2:30:40] <+Stanek1418> Myslalem ze na Angielski stream przyszedlem a tu jakis arabski ehh
[2:30:42] <pomesix> FailFish
[2:30:44] <SUND_F> xd
[2:30:51] <K4m1l3005fa> lol rallen
[2:31:00] <shotekxd> XD
[2:31:06] <Murgenuu> LUL
[2:31:27] <KubelakK> FailFish
[2:32:02] <Kmfip> PogChamp
[2:32:02] <@Moobot> More cool photos with your favorite teams here: http://media.epicenter.gg
[2:32:28] <eldonawolnoo> W gazie to byli żydzi w 44
[2:32:40] <ergansaas> !maps
[2:32:48] <dol1ar> @eldonawolnoo ile nad tym myślałeś ? Keepo
[2:33:10] <eldonawolnoo> Jebaited
[2:33:35] <qieubonabite> reatz PogChamp
[2:34:04] <Murgenuu> Gaza to miasto w Izraelu lub Egipcie
[2:34:12] <dol1ar> zi u t e k
[2:34:12] <@Moobot> Our social media: http://epicenter.gg/ | http://facebook.com/epicentergg | https://twitter.com/epicentergg
[2:34:20] <FriendlyUserNoBanPlz_12bt> gaza to taki bandaz
[2:34:23] <dol1ar> nie mozna napisac zi u te k
[2:34:25] <michalangelo> good cast so far m8
[2:34:41] <SUND_F> qoorva
[2:34:41] <KubelakK> @michalangelo i wyrwę :)
[2:34:47] <drahoon> indeed
[2:34:56] <eldonawolnoo> Gaza to bardziej opatrunek mój kolego
[2:35:00] <+GalaxySkipper> MercyWing1 PinkMercy MercyWing2
[2:35:04] <KubelakK> I agree*
[2:35:24] <dol1ar> i zyk forsik
[2:35:29] <qieubonabite> godsent faze 14;7
[2:35:52] <KubelakK> @epicenter_en1 youve got great potential, hope to see you on major in the future :)
[2:35:58] <dol1ar> a sie śmiali że vp z nimi przegrywa Kappa
[2:36:10] <Tedd2y> godsent nieźle jada
[2:36:29] <dol1ar> vp znowu tworzy jakiś Team Kappa
[2:37:00] <waveclearandchill> Minise BibleThump
[2:37:42] <ausgeloest> 322
[2:37:42] <@Moobot> @moobot Tournament bracket and match results: https://www.hltv.org/events/3712/adrenaline-cyber-league-2018-qualifier
[2:39:20] <ausgeloest> lol
[2:39:36] <ausgeloest> pidari
[2:40:27] <@JanicKaa953> VoHiYo come on!
[2:41:26] <ausgeloest> wat
[2:41:39] <ausgeloest> 322 obvious as hell
[2:42:17] <@UnknownFME> !caster
[2:42:27] <sylwo108> kinguin 😋
[2:42:31] <waveclearandchill> so easy for bottom fragger TaZ
[2:42:40] <Noobssking> Hell yea
[2:43:09] <ausgeloest> piiidar
[2:44:08] <waveclearandchill> TaZ PogChamp
[2:44:08] <@Moobot> More cool photos with your favorite teams here: http://media.epicenter.gg
[2:44:11] <alfons_z_ghany> jaca to kot
[2:44:16] <Tedd2y> brawo
[2:44:31] <drahoon> they playing for 15 -15
[2:44:32] <@Moobot> Our social media: http://epicenter.gg/ | http://facebook.com/epicentergg | https://twitter.com/epicentergg
[2:44:39] <Noobssking> Taz come on one more kill n u are not bot frag
[2:44:56] <Noobssking> ......
[2:45:01] <EXXXILON> o nie
[2:45:03] <Tedd2y> wth
[2:45:05] <waveclearandchill> CZGO
[2:45:26] <alfons_z_ghany> jaca na luzie ich bierze
[2:45:26] <+BLOXX> GODrallen
[2:45:36] <EXXXILON> uff
[2:45:36] <SUND_F> LUL
[2:45:37] <dawid31093> XD
[2:45:39] <ausgeloest> piiidAR
[2:45:41] <alfons_z_ghany> no mowilem
[2:45:41] <K00RN1> LUL
[2:45:42] <drahoon> ninja !!!!
[2:45:43] <@KieranTheCaster> POGGERS
[2:45:45] <Tedd2y> haha kozak
[2:45:47] <byhumantouch> pagoLapki pagoLapki
[2:45:50] <K4m1l3005fa> GODminajs xD
[2:45:50] <michalangelo> god
[2:45:51] <Kmfip> PogChamp PogChamp PogChamp PogChamp
[2:45:56] <sylwo108> hahaha minise jak sobie ich robi jak dzieci xd
[2:45:57] <K00RN1> pros dont fake
[2:45:58] <samso0omz> beast
[2:46:02] <baqbaqbaq> jaca praca
[2:47:26] <SUND_F> asterion and post plant
[2:47:27] <pomesix> ugrał
[2:47:27] <pyt3k> Tazik <3
[2:47:27] <drahoon> taz clutch :)
[2:47:30] <Kmfip> taz ugral PogChamp
[2:47:33] <Najwiekszy_Fan_IzakoBoars> ez pz
[2:47:33] <Tedd2y> gg
[2:47:35] <Noobssking> Tazzzz
[2:47:39] <the_black_sheep_1> nice comms LUL
[2:47:41] <rallq> taz by ugrał
[2:47:46] <K4m1l3005fa> Taz by ugrał... oh wait
[2:47:48] <qieubonabite> 16;14 dla godsent
[2:47:52] <Noobssking> Ouch
[2:47:53] <+caspersky021> tazsilog
[2:47:58] <+Stanek1418> pagoLapki TAZ pagoLapki
[2:48:02] <drahoon> 5 loses in a row :) they have enough for buy
[2:48:05] <和彦> qtaz
[2:48:21] <Kmfip> 4Head
[2:48:22] <alfons_z_ghany> eleganckooo
[2:48:33] <+caspersky021> rip taz
[2:48:48] <Noobssking> O_o
[2:48:56] <the_black_sheep_1> LUL
[2:49:01] <echovsky> -taz +michu
[2:49:03] <michal4991> taz igl?
[2:49:19] <waveclearandchill> Throw for over of course BibleThump
[2:49:19] <@Moobot> @moobot Tournament bracket and match results: https://www.hltv.org/events/3712/adrenaline-cyber-league-2018-qualifier
[2:49:34] <KubelakK> @michal4991 tak
[2:51:27] <waveclearandchill> throw for over nothing to see
[2:51:37] <+caspersky021> don't throw kinguin please
[2:51:49] <K4m1l3005fa> 11-16 confirmed info
[2:52:20] <waveclearandchill> LUL
[2:52:26] <EXXXILON> LUL
[2:52:30] <K00RN1> eco LUL
[2:52:32] <Kmfip> PogChamp
[2:52:32] <pyt3k> hahahah
[2:52:33] <+caspersky021> gg hahahah
[2:52:34] <waveclearandchill> P250 OP
[2:52:36] <ttk91> gg xD
[2:52:36] <EXXXILON> haha gg
[2:52:37] <drahoon> gg wp
[2:52:39] <@KieranTheCaster> GG PogChamp
[2:52:44] <Najwiekszy_Fan_IzakoBoars> E LUL C LUL O
[2:52:44] <K4m1l3005fa> ggezpz
[2:52:45] <michalangelo> gg lol
[2:52:46] <KubelakK> NotLikeThis
[2:52:51] <+caspersky021> !score
[2:52:54] <drahoon> thanks for cast m8 nice one
[2:52:54] <pawlon234> gg
[2:52:59] <+Stanek1418> GG XD
[2:53:02] <+caspersky021> 2-1 kinguin?
[2:53:02] <Noobssking> How good can u be to lose a round like this
[2:53:03] <MisterChax> score all plz ? 2-1 ? for kg ?
[2:53:07] <michalangelo> thanks mi
[2:53:24] <xenosnipp2901> Music ??
[2:53:25] <KubelakK> 2-1 for Kinguin everyone
[2:53:48] <zirhoco> gratki
[2:54:43] <xenosnipp2901> Pls what is the music
[2:54:43] <@Moobot> Our social media: http://epicenter.gg/ | http://facebook.com/epicentergg | https://twitter.com/epicentergg
