DREAMHACK? VALVE HERE Nice Major 4Head
@0ngoing Yes it is Kappa
unban shroud SMOrc
Pubg ResidentSleeper
lowkey shittalk LUL
Only 15k viewers LUL
@shroud BibleThump
MOM C9 CHEATING BabyRage
Shroud stream 26k, clown9 match 15k LUL
This is just open SwiftRage
Yung STUUW TriHard
WE WANT SHROUD SMOrc
League 123k view, shroud4Head 28k views, CSGO MAJOR 16k views LUL
WE WANT SHROUD BACK Kick Peanut Brain SMOrc
@lawboy00 FailFish
1 WE WANT SHROUD BACK Kick Peanut Brain SMOrc
SCAM FailFish
in 2k17 LuL LUL
n0thing :(
dreamhack got another major? PogChamp
csgo less views than NA LCS NotLikeThis
DREAMHACK? VALVE HERE Nice Major 4Head
2 WE WANT SHROUD BACK Kick Peanut Brain SMOrc
7k viewers on major csgo is dead LUL
n0thing BibleThump
C9 Pistol rounds LUL
League 123k view, shroud4Head 28k views, CSGO MAJOR 16k views LUL
NA crowd ResidentSleeper
DREAMHACK? VALVE HERE Nice Major 4Head
@jdallecio46 i have a mac LUL
@astroassault LUL
18K VIEWERS IN A NA MAJOR CSGO IS DEAD EleGiggle
Tarik with a scout LUL
THE FORCE LUL
18K VIEWERS FOR DREAMHACK MAJOR CSGO IS DEAD EleGiggle
STUUUWIE 2K PogChamp
18K VIEWERS FOR DREAMHACK MAJOR CSGO IS DEAD LUL
NA CS 4Heaf LUL
18K VIEWERS IN A NA MAJOR CSGO IS DEAD EleGiggle
DREAMHACK? VALVE HERE Nice Major 4Head
brazil cs LUL
Favela strats LUL
@daveygod I hope you're trolling LUL
1 18K VIEWERS IN A NA MAJOR CSGO IS DEAD EleGiggle
NA CS 4Head
PEOPLE CALLING THIS A MAJOR EleGiggle
18K VIEWERS FOR DREAMHACK MAJOR CSGO IS DEAD EleGiggle
barraLG ResidentSleeper
5 year vet coin LUL
THIS MAJOR IS BORING ResidentSleeper
18k viewers in a major LUL
TARIK PogChamp
ONLY 18K VIEWERS FOR DREAMHACK MAJOR CSGO IS DEAD EleGiggle
18K VIEWERS IN A NA MAJOR CSGO IS DEAD EleGiggle
"Whats a major" EleGiggle
PUBG waiting room ResidentSleeper
MAJOR PogChamp
Baiting in Twitch Chat EleGiggle
ONLY 18K VIEWERS FOR DREAMHACK MAJOR CSGO IS DEAD EleGiggle
"Major" LUL
EU TEETH EleGiggle
If csgo dead, then leave. bye HeyGuys
"4head" 4Head
ELEAGUE MAJOR LUL
DREAMHACK? VALVE HERE Nice Major 4Head
20k VIEWERS FOR A RERUN CSGO ALIVE PogChamp
NAVI CHOKED 10-0 LEAD LUL
rush in shrouds old spot BibleThump
ONLY 18k VIEWERS AT MAJOR FailFish
DEAD GAME 500K PLAYERS 4Head
imagine having less views than NA LCS EleGiggle
League 123k view, shroud4Head 28k views, CSGO MAJOR 16k views LUL
@daveygod Dude, this is the third 2017 major. Go check Valve's website. you need to educate yourself more on majers duudddee LUL
BORING MAJOR ResidentSleeper
20k viewers EleGiggle
CLOWN 9 !! . EleGiggle
ONLY 18K VIEWERS FOR DREAMHACK MAJOR CSGO IS DEAD EleGiggle
NA CS . SoBayed
SHROUD MORE VIEWERS LUL
NA PLAYING = NO MAJOR FailFish
Point in case Kappa
BORING MAJOR ResidentSleeper
League 123k view, shroud4Head 28k views, CSGO MAJOR 21k views LUL
denied LUL
shroudW more viewers than c9 SoBayed
21K VIEWERS FOR A MAJOR LUL
18K VIEWERS ON A MAJOR NOT A DEAD GAME LUL
BR Brain ResidentSleeper
YAY \ / Kappa
NA SUCK AT ALL ESPORTS SoBayed
18K VIEWERS FOR DREAMHACK MAJOR CSGO IS DEAD EleGiggle
SHROUD MORE VIEWERS CS GO DEAD GAME WORST MAJOR LUL
shroud fans hitting puberty waiting room ResidentSleeper
DH montreal major 4Head
BR Brain BR Brain ResidentSleeper
CSGO IS DEAD Kappa
plebs from NA saying youre idiots for saying its a major. Not realising theyre gettin jebaited FailFish
League 123k view, shroud4Head 28k views, CSGO MAJOR 21k views LUL
BR Brain BR Brain BR Brain ResidentSleeper
is greyface no space Kappa
C9 <3
@Sledgered haha no sorry Dreamhack montreal is a major ESG isnt a major get your facts right ;)
More people watching shroud play PUBG LUL
SHROUD MORE VIEWERS CS GO DEAD GAME LUL
ELEAGUE VIEWBOT HERE ELEAGUE FINISHED WHATS UP MrDestructoid
JW VAC BANNED EU CS LUL
WHERE IS SHROUD Kappa
BR Brain BR Brain ResidentSleeper
MINOSITY LUL
mang0 in jail BibleThump
SHROUD? LUL
ELEAGUE VIEWBOT HERE ELEAGUE FINISHED WHATS UP MrDestructoid
SHROUD MORE VIEWERS CS GO DEAD GAME LUL
Edging Kreygasm
WE WANT SHROUD BACK Kick Peanut Brain SMOrc
ELEAGUE VIEWBOT HERE ELEAGUE FINISHED WHATS UP MrDestructoid
@Sledgered dont lie brother ;)
grill Kreygasm
JW VAC WILL NOW ONLY PLAY KINGDOM HEARTS LUL
DUREK PogChamp
PUBG is gonna die like all battle royale games Kappa
CLOWN 9 LUL
Grill? DBstyle
shroud no team ? what the f*** dude :D
Shroud left before this game died (only 22k viewers) so fkin smart PogChamp
@Sledgered than better go to home if you dont know what you are watching ;)
1 WE WANT SHROUD BACK Kick Peanut Brain SMOrc
SGAY LUL
nek what ? cmonBruh
@masterOFdoomies TTD normie WutFace
Na> BR in everything except for crime 4Head
20k viewers in a MAJOR LUL
tim with an awp 4Head
Cloud 9 PogChamp
7-1 BlessRNG
ARTEEZY SUBS DendiFace
thats easy LUL
this isnt a major FailFish
masterOFdoomies cmonBruh
CLOUD 9 PogChamp
20k viewers at a major LUL
c9 c9 c9 LUL
It is not a major FailFish
COD 2 LUL
COD LUL
AVA LUL
FIRST NA MAJOR Kappa
COD LUL
COD 4 WAS 10 YEARS AGO LUL
COD LUL
CoD LUL
ska is passive tho LUL
cod fast LUL
how can anyone lul at cod4? FailFish
COD WW2 >>>> CSGO LUL
He came from AVA not cod LUL
Get of skas nuts LUL
cod4 LUL
24K VIEWERS IN A NA MAJOR CSGO IS DEAD EleGiggle
20k VIEWS ON MAJOR CS IS DEAD LUL
NA CS MingLee
na flash LUL
YELZAO ??? LUL
C9 PogChamp
:Z LUL
2v4 LUL
YEL LUL
WTF YELZAO LUL
HANDS ON 4Head
2v5 LUL
2v4 LUL
monkaS PogChamp
best NA team has a chance against tier 2-3 of BR 4Head
C9 PogChamp
br cs LUL
YEL LUL
SUICIDE JUMP LUL
Flying, blind AWP'er? LUL
???? ???? LUL
SO CRINGE FailFish
BRA71L BlessRNG
HE HIT THAT PogChamp
zed LUL
VAC WutFace
DRINKS VoteYea
7-1 BlessRNG
alla som är svenskar här inne gå in och kolla på eaglehawktv han ger bort en rasta backpack vid 50 followers :)
NA SUPERTEAM 4Head
TARIK BABY PogChamp
zed because it's in canada chat FailFish
7-1 BlessRNG
I LOVE THIS BRAZILLIAN SALT GIMME MORE Kappa
BRA7IL BlessRNG
@GhOsTOGY dreamhack has really sound settings Kreygasm
IT'S NOT A MAJOR, NA IS PLAYING FailFish
BRA71L BlessRNG
MINOSITY LUL
BRA7IL BlessRNG
7-1 BlessRNG
@auhsmith i give em 2.5 weeks 4 Kappa
BRA71L BlessRNG
@zouzounos1 https://open.dreamhack.com/2017/montreal-groups-schedule/ :)
C9 wins this 16-6, it is not live FailFish
7-1 BlessRNG
7-1 BlessRNG
25k viewers in a major? RIP CSGO BibleThump
@Sledgered eleague is over for the night soo :)
wtf Luminosity? why did they kicked FalleN?? :(
TARIK PogChamp
by one smoke Jebaited
C9 SO BAD Jebaited
6-2 LUL
BRA71L BlessRNG
DURIK PogChamp
7-1 BlessRNG
BRA71L BlessRNG
C9 SO BAD Jebaited
7-1 rip Jebaited
7-1 BlessRNG
M A J O R B A I T LUL
NA RETAKE LUL
C9 LUL
6-2 Jebaited
NA SO BAD Jebaited
16-6 PogChamp
BRA62L 4Head
Worst major in history PogChamp
jesus christ what an epic retake . 4Head
all the way from ivy up middle through our connector SabaPing
CHELO AND NEKIZ 0 KILLS WutFace
NA SUCKS AT ALL ESPORST SoBayed
nekiz chelo 0-8 0-7 LUL
6RA2IL Kappa
2 people with 0 kills EleGiggle
16-1 PogChamp
Stewart LUL
nekiz chelo 0-8 0-7 LUL
NEKIZ LUL
Claudio nove LUL
League 123k view, shroud4Head 28k views, CSGO MAJOR 21k views LUL
LG 4Head
HELLO DREAMHACK? ELEAGUE HERE YOU CAN HAVE YOUR VIEWERS BACK 4Head
FAKE CROWD LUL
League 123k view, shroud 28k views, CSGO MAJOR 21k views LUL
nekiz chelo 0-8 0-7 LUL
CLAUDIO 9 LUL
@hiko SMOrc
shroud bannec PogChamp
twitch jokes in 2017 LUL
HELLO DREAMHACK? ELEAGUE HERE YOU CAN HAVE YOUR VIEWERS BACK 4Head
HELLO DREAMHACK? ELEAGUE HERE YOU CAN HAVE YOUR VIEWERS BACK 4Head
@Idkcd Kappa
one more "one more xD and im out " and im out FailFish
4 majors in one day LUL
NA SO DED 4Head
BR CS 4Head
Using LuL in 2017 LUL
26K ON A MAJOR WutFace
HELLO DREAMHACK? ELEAGUE HERE YOU CAN HAVE YOUR VIEWERS BACK 4Head
SORRY NOT 1G POLICE 4Head
LG FailFish
📞 FAVELA? 📞 THIS IS C9 📞 QUE OTA? 📞 4Head
26 MILLIONS? LUL
BOTiME LUL
20k VIEWS ON A QUALIFIER CSGO IS ALIVE AND WELL LUL
ALL THESE PPL TRYING TO TRIGGER CHAT IS FUNNY LUL
EZ FOR CLOUD 9 SabaPing
Triple AWP tarikW PogChamp
NICE RUN BOOST LUL
📞 FAVELA? 📞 WHY SO QUIET 📞 4Head
FAIL JUMP LUL
triple awp LUL
Triple awp on an eco PogChamp
inzane run boost LUL
BR RUNBOOST LUL
NA jump LUL
SHOWTIME LUL
??? LUL
lauhging LUL
BR runboost 4Head
nice jump bruh Kappa
dude is LUL
BR MOVEMENT LUL
triple awp LUL
WE WANT SHROUD BACK Kick Peanut Brain SMOrc
yel looking into the camera LUL
LuL KappaPride
bruh LUL
wtf LUL
@th3_nat KappaPride
TARIK PogChamp
Sadokist is a good caster Kappa
3 AWPS LUL
Bot Nekiz and bot Chelo: 0 kills LUL
sumHassan KappaPride
📞 FAVELA? 📞 WHY SO QUIET? 📞 4Head
DEABLES LUL
LG in 2k17 LUL
Mentioning Henry KappaPride
I didn't think pubg killed csgo, but only 15k viewers at a major FailFish
Kenny on train LUL
normies using LuL LUL
PPL SEE NA PLAYING AND STILL THINK ITS A MAJOR LUL
PEANUT BRAIN LUL
TUROK PogChamp
PEANUT BRAIN PogChamp
PEANUT BRAIN !! PogChamp
DERIK PogChamp
Tarik PogChamp
LG JEBAITED IMT OVERRATED SK ELIMINATED BRA71L EXASPERATED 4Head
tarikW tarikW tarikW PogChamp
GOD TARIK PogChamp
PEANUT GO PogChamp
TUROK PogChamp
PEANUT BRAIN PogChamp
BUREK PogChamp
NA CS = 0 MAJORS, SK/LG= 2 MAJORS LUL
how did SK do today ? ? ? LUL
Well it is CS -sided Kappa
EU MAJORS HOW MANY ? Kappa
0-2-10 LUL
PEANUT BRAIN PogChamp
0/11 0/10 LUL
SK 2-0 AGAINST LIQUID TODAY LUL
0-11 0-12 LUL
0 0 ? LUL
NA >>>> BR CONFIRMED TODAY AT 2 MAJORS PogChamp
CHELO NEKIZ LUL
JW VAC BANNED CHECK TRUMP WEBSITE PogChamp
2 people with 0 kills LUL
0-2-11 LUL
27k viewers in a major LUL
BAREK PogChamp
16-2 SeemsGood
LIVE? DansGame
NA WIN BR AT MAJOR 2 TIMES TODAY LUL
11 rounds, 0 kills LUL
I really dont think Autimatic should play Awp. Ska and Stew is the awpers with Ska as the main :D
that flashing WutFace
30Hz MONITOR LUL
LG JEBAITED IMT OVERRATED SK ELIMINATED BRA71L EXASPERATED Jebaited
omg same grill pls telephone tell me <3
BR CS LUL
LuL TTours
haHAA calling events that arent majors majors is funny haHAA LUL
CRACK OFF Kappa
BR in 2k17 LUL
they should go for triple awp LUL
c9 28k viewer shroud 35 k LUL
JOEL SKYPE!!! SwiftRage
0-11 and 0-12 LUL
optic "na" LUL
LG JEBAITED IMT OVERRATED SK ELIMINATED BRAZIL EXASPERATED Jebaited
IBP UNBANNED HLTV CONFIRMED PogChamp
TORAK PogChamp
best in NA LUL
NA IS SO BAD LUL
STEWIE BAITED Jebaited
Stewied Jebaited
PPL SEE NA PLAYING AND STILL THINK ITS A MAJOR LUL
LG JEBAITED IMT OVERRATED SK ELIMINATED BRAZIL EXASPERATED Jebaited
tarik3 tarik4 Jebaited
@elitefirestorm2 CoolStoryBob
NA SO GOOD PogChamp
IMT >>> SK SwiftRage
only 30k viewers at a csgo major cs is dying FailFish
NA is so NA LUL
CS GO IS DIED BRO PUBGGG :p
Using NA as an adjective to describe something bad LUL
minosity LUL
CHAT GETTING BAITED LUL
NICE MAJOR LUL
📞 FAVELA? 📞 WHY SO QUIET? 📞 4Head
Stewie in the zone Kappa
ST WIE BabyRage
0/13 LUL
L MINOSITY LUL
NA WIN BR AT MAJORS ? WutFace
CSGO IS DIED 4Head
Allen Iverson in 2k17 LUL
dead game LUL
NA CROWD LUL
0-13 0-12 EleGiggle
T SIDED MAP PogChamp
NA CROWD LUL
MINOSITY LUL
t2 vs t3 LUL
canada LUL
13-2 LUL
30k viewers at a montreal event CSGO is ALIVE PogChamp
repac_tv Jebaited
yo chat, why is dreamhack streaming c9 prac???? cmonBruh
MAJOR LUL
NA WIN BR AT 2 MAJORS TODAY WHY THE HAVE 0 MAJORS WutFace
PPL SEE NA PLAYING AND STILL THINK ITS A MAJOR LUL
NORTH MAJOR CHAMPIONS PogChamp
GUREK PogChamp
C9 28k viewers, shroud 35k LUL
LG JEBAITED IMT OVERRATED SK ELIMINATED BRA71L EXASPERATED Jebaited
GG LUL
Why practice bois cmonBruh
this game ResidentSleeper
This is not a major stew is banned from playing in majors FailFish
CHELO LUL
shit viewers for a major LUL
LG JEBAITED IMT OVERRATED SK ELIMINATED BRA71L EXASPERATED Jebaited
0 kills till the end BlessRNG
WHY SHROUD HAVE MORE VIEWERS THAN A MAJOR? WutFace
LG JEBAITED IMT OVERRATED SK ELIMINATED BRA71L EXASPERATED Jebaited
the coach is an invited player? LUL
LG SO BAD 4Head
LG JEBAITED IMT OVERRATED SK ELIMINATED BRA71L EXASPERATED Jebaited
2x 0/14 LUL
0-13, 0-14 Jebaited
LG JEBAITED IMT OVERRATED SK ELIMINATED BRAZIL EXASPERATED Jebaited
28k viewers on a major dead game LUL
0-13 LUL
BR CS LUL
LG JEBAITED IMT OVERRATED SK ELIMINATED BRA71L EXASPERATED Jebaited
CHELO PogChamp
yet to frag LUL
first kill PogChamp
KILL PogChamp
nek who? cmonBruh
chelo just shit on tarik LUL
CHELO FIRST KILL PogChamp
1 st kill PogChamp
Ska CZ Kreygasm
!!!! CHELO GOT A KILL PogChamp
HE GOT A KILL PogChamp
LG JEBAITED IMT OVERRATED SK ELIMINATED BRA71L EXASPERATED Jebaited
NEKIZ 0 KILLS AT HALF LUL
1 KILL PogChamp
e: LG JEBAITED IMT OVERRATED SK ELIMINATED BRA71L EXASPERATED Jebaited
1 kill LUL
chelo GOAT PogChamp
13-2 LUL
LG JEBAITED IMT OVERRATED SK ELIMINATED BRA71L EXASPERATED Jebaited
@makemagik https://open.dreamhack.com/2017/montreal-groups-schedule/ :)
13-2 LUL
NEKIZ 4Head
ONLINERS LUL
SHROUD GOT MORE VIEWERS LUL
ON LINERS LUL
proven online LUL
29k for a major LUL
LG JEBAITED IMT OVERRATED SK ELIMINATED BRA71L EXASPERATED Jebaited
haHAA calling events that arent majors majors is funny haHAA i'm mentally disabled btw haHAA LUL
Time to CHOKE C9 LUL
LG JEBAITED IMT OVERRATED SK ELIMINATED BRA71L EXASPERATED Jebaited
important LUL
Dreamhack majors Kreygasm
1 kill on round 15 LUL
NA MAJORS= 0 LUL
mods - censoring twitch chat BrokeBack
LG JEBAITED IMT OVERRATED SK ELIMINATED BRA71L EXASPERATED Jebaited
LULMINOSITY TAKE MY ENERGY AT THIS MAJOR PogChamp
28k viewers on a major dead game LUL
"important" and "open" don't go together LUL
HELLO BR NA HERE 3RD WORLD? 4Head
BR COACH LUL
LG SO BAD 4Head
29K VIEWERS IN A NA MAJOR CSGO IS DEAD EleGiggle
LG JEBAITED IMT OVERRATED SK ELIMINATED BRA71L EXASPERATED Jebaited
LG JEBAITED IMT OVERRATED SK ELIMINATED BRAZIL EXASPERATED lol Jebaited
Nive major LUL
3RD TIER TEAMS AT MAJOR DEAD GAME LUL
BR COMEBACK AT NA TEAMS AT MAJORS LETS BEGIN Kappa
LG JEBAITED IMT OVERRATED SK ELIMINATED BRAZIL EXASPERATED Jebaited
NA MAJORS= 0 NA MAJORS= 0 NA MAJORS= 0 LUL
greatest major of all time 4Head
CHAT LET'S GET OUR ENERGY FOR NEKIZ !! PogChamp
📞 FAVELA? 📞 WHY SO QUIET? 📞 4Head
30k viewers at a Montreal Event CSGO is ALIVE PogChamp
1 taps LUL
na choke LUL
📞 FAVELA? 📞 WHY SO QUIET? 📞 4Head
C9 PISTOLS LUL
0-16 LUL
16 - 13 BR COMEBACK AT MAJOR PogChamp
Pubg No Major 4Head
LUMINOSHITY LUL
NA PISTOL LUL
NEKIZ 0-15 LUL
📞 FAVELA? 📞 WHY SO QUIET? 📞 . 4Head
BR Brain BR Brain BR Brain ResidentSleeper
Time to choke c9 LUL
LG JEBAITED IMT OVERRATED SK ELIMINATED BRAZIL EXASPERATED Jebaited
30k viewers at a Montreal Event CSGO is ALIVE PogChamp
16-3 PogChamp
PICKLE LUL
pickle LUL
pickle LUL
can only win pistols LUL
16-3 LUL
16X12 LUL
28k viewers on a major dead game LUL
NEKIZ TU NÃO VAI MATA UM NÃO? LUL
PICKLE RICK LUL
LG JEBAITED IMT OVERRATED SK ELIMINATED BRAZIL EXASPERATED Jebaited
HELLO BR NA HERE 3RD WORLD? 4Head
0-15 LUL
0-15 LUL
NEKIZ 0-15 LUL
@GODaZed HI DADDY PogChamp
Comeback inc :(
30k viewers at a Montreal Event CSGO is ALIVE PogChamp
BOTH PISTOLS 13-3 LUL
0-15 LUL
18K VIEWERS FOR DREAMHACK MAJOR CSGO IS DEAD EleGiggle
SUP s TriHard
SPLYCE LUL
godsent EleGiggle
7 TriHard
- TACO + ZQK SANTINHA PogChamp
30k viewers at a Montreal Event CSGO is ALIVE 30k viewers at a Montreal Event CSGO is ALIVE PogChamp
KEEMSTAR 4Head
COMEBACK PogChamp
KABOOM EleGiggle
29K VIEWERS IN A NA MAJOR CSGO IS DEAD EleGiggle
KEEM STAR? WutFace
CSGO IS ALIVE PogChamp
not a major BabyRage
KEYD STARS LUL
30k viewers at a Montreal Event CSGO is ALIVE PogChamp
HARD WERK cmonBruh
NEKIZ LUL
NEKIZ LUL
NEKIZ STILL DIED EleGiggle
NEKIZ LUL
CHELO 2 KILLS PogChamp
LG JEBAITED IMT OVERRATED SK ELIMINATED BRAZIL EXASPERATED Jebaited
2 KILLS PogChamp
0-16 LUL
CHELO 3 KILLS Kreygasm
30k viewers at a Montreal Event CSGO is ALIVE 30k viewers at a Montreal Event CSGO is ALIVE PogChamp
0-16 LUL
0-16 LUL
16x13 LUL
This is copy pasta. MrDestructoid
I FEEL BAD FOR HIM 0-16 LUL
16-4 PogChamp
0/16 LUL
nekiz so bad LUL
@kkartel, myguy JKanStyle
LEP who?? NEKIZ LUL
0-16 :)
still yet to frag LUL
30k for major PogChamp
30k viewers at a Montreal Event CSGO is ALIVE 30k viewers at a Montreal Event CSGO is ALIVE PogChamp
// Kappa
NEKIZ LUL
LG JEBAITED IMT OVERRATED SK ELIMINATED BRA71L EXASPERATED Jebaited
CAN'T EVEN GET AN ECO KILL LUL
@dansavagedyourmum Idk, I heard from twitch chat it was Kappa
Can I be pro? I can 0-16 too 4Head
LETS GO MINOSITY LUL
LETS GO C9 BrokeBack
30k viewers at a Montreal Event CSGO is ALIVE PogChamp
0-16 LUL
0-3-16 wow LUL
0-16 4Head
Noobinosity Kappa
MINOSITY LUL
I'm pretty sure a silver can do better than 0-16 Kappa
720p in 2k17 4Head
@notseans ayy at least he got 3 assists LUL
0-16 PogChamp
already saving EleGiggle
My major TriHard
NEKIZ IS GONNA SAVE THIS ROUND AT MAJOR PogChamp
GG :D
EZ C9 LUL
nekiz LUL
NEKIZ saving PogChamp
LG JEBAITED IMT OVERRATED SK ELIMINATED BRAZIL EXASPERATED Jebaited
@kenopsf hes a team player Kappa
CAN'T WIN A GUN ROUND LUL
30K VIEWERS IN A NA MAJOR CSGO IS DEAD EleGiggle
saving when down 13-4 LUL
shroud's PUBG streams have more viewers LUL
BR CS MAD TODAY EleGiggle
NEKIZ DIDNT DIE THIS ROUND PogChamp
Nekiz throwing for skins Kappa
30k viewers at a Montreal Event CSGO is ALIVE PogChamp
16-4 Jebaited
communism WutFace
First SK now LG LUL
I wonder if they'll make a "play like Nekiz on train" tutorial vid LUL
MARIK PogChamp
this is far from a major LUL
ibp nekiz LUL
30k viewers at a Montreal Event CSGO is ALIVE PogChamp
@SeveronCS im a c9 fan LUL
NEKIZ 322 Jebaited
PUG MM STRATS Kappa
cloud 9 sponsored by ibp LUL
30 K AT MONTREAL MAJOR CSGO IS DEFINITILY ALIVE PogChamp
Only 30k at DreamHack ASTRO Open Montreal 2017 CSGO is dead BabyRage
C9 LUL
SURVIVED A ROUND PogChamp
Nekiz gave silvers hope that they can go pro PogChamp
30k viewers at a Montreal Event CSGO is ALIVE 30k viewers at a Montreal Event CSGO is ALIVE PogChamp
LULMINOSITY . DansGame
NEKIZ BR PROS LUL
Sk DEMOLISHED LG DEMOLISHED BRAZIL IMPOVERISHED Jebaited
Liquid beat SK now C9 wil beat LG LUL
Nekiz was a member of iBuyPower Kappa
HELLO BR NA HERE 3RD WORLD? 4Head
NEKIZ BR WITHOUT HACKS LUL
Sk DEMOLISHED LG ABOLISHED BRAZIL IMPOVERISHED Jebaited
C9 GOING TO MAJOR PLAYOFFS PogChamp
- SK - LG + IMT + KEYDSTARS WITH ZQK SANTINHA PogChamp
Sk DEMOLISHED LG DEMOLISHED BRAZIL IMPOVERISHED Jebaited
- LG + TEAMONE PogChamp
awpers on m4a1 LUL
30k VIEWERS IN A MAJOR. RIP IN PIECES CS GO EleGiggle
Sk DEMOLISHED LG ABOLISHED BRAZIL IMPOVERISHED Jebaited
Sk DEMOLISHED LG ABOLISHED BRAZIL IMPOVERISHED 123 Jebaited
0-16 LUL
30k viewers at a Montreal Event CSGO is ALIVE PogChamp
C9 getting legend status PogChamp
C9 GONNA WIN A MAJOR???? PogChamp
ANYONE REMEMBER LUMINOSITY WON A MAJOR? MingLee
- LG + TEAM1 KAKAVEL IS A GOD Kreygasm
SHUT MURICAS , OUR 14 BIS >>> YOUR F-15 . Kappa
SK DEMOLISHED LG ABOLISHED BRAZIL IMPOVERISHED Jebaited
is this Mojo? EleGiggle
30k viewers at a Montreal Event CSGO is ALIVE 30k viewers at a Montreal Event CSGO is ALIVE PogChamp
OG stickers Kappa
c9 ganna win a major without shroud PogChamp
NEKIZ 1V1 LUL
SK DEMOLISHED LG ABOLISHED BRAZIL IMPOVERISHED Jebaited
NEKIZ 1 V 1 PogChamp
c9 gets legend status PogChamp
who cmonBruh
using haHAA LUL
NEKIZ LUL
NEKIZ LUL
NEKIZ LUL
NO KILL BUT WON THE ROUND LUL
0-17 LUL
0-17 LUL
GOD NEKIZ PogChamp
tarik LUL
NEKIZ SAVE THE ROUND WITH - KILLS PogChamp
STILL NO FRAGS PogChamp
WINS AND DIES LUL
16-5 PogChamp
still 0 kills LUL
no kills LUL
0-17 LUL
0-17 LUL
NEKIS PACIFIST PogChamp
NEKIZ IS A BOT LUL
SK DEMOLISHED LG ABOLISHED BRAZIL IMPOVERISHED Jebaited
PACIFIST BibleThump
NEKIZ GOD 0 KILLS GAMEPLAY PogChamp
SHUT UP MURICAS , OUR 14 BIS >>> YOUR F -15 Kappa
BRAZILIAN S1MPLE PogChamp
C9 LUL
0-17 LUL
NEKIS PACIFIST PogChamp
nt ska BibleThump
Sk DEMOLISHED LG ABOLISHED BRAZIL IMPOVERISHED Jebaited
0-17 PogChamp
0-17 WON THE ROUND PogChamp
NEW CS GO META Kappa
PACIFIST VICTORY BlessRNG
nekiz firing warning shots BibleThump
THE REAL CLUTCH GOD WITH 0 KILLS PogChamp
LG JEBAITED IMT OVERRATED SK ELIMINATED BRA71L EXASPERATED Jebaited
NEKIS going for pacifist achievement LUL
0-18 inc LUL
spare him BibleThump
poor nekiz :(
NEKIZ TIME TO BUY CHEATS BRO :(
SPRAY DOWN WHO? cmonBruh
TK LUL
HOW THIS GUY CAN CLUTCH WITH 0 KILLS IN A MAJOR ? WutFace
LG JEBAITED IMT OVERRATED SK ELIMINATED BRAZIL EXASPERATED Jebaited
he means no harm BibleThump
LG JEBAITED IMT OVERRATED SK ELIMINATED BRA71L EXASPERATED Jebaited
0-18 for sure LUL
no kills whole map pls BlessRNG
nekiz LUL
CHELO SO GOOD ON CT Kreygasm
Nekiz Bhops better than he plays Kappa
LG JEBAITED IMT OVERRATED SK ELIMINATED BRAZIL EXASPERATED Jebaited
0-19 EleGiggle
0-18 LUL
NEKIZ LUL
NEKIZ 0=18 LUL
0-18 LUL
NEKIS BibleThump
SK DEMOLISHED LG ABOLISHED BRAZIL IMPOVERISHED Jebaited
NEKIZ LUL
NEKIZ LUL
0-18 4Head
0-18 LUL
NEKIZ PogChamp
0-18 LUL
0-18 LUL
NEKIZ LUL
0-18 monkaS NEKIZ PLS BibleThump
0-18 LUL
ISSO QUE DA APRENDER NA GAMES ACADEMY . FailFish
1 MORE PogChamp
0 kills whole map pls BlessRNG
BR LUL
0-18 LUL
NEKIZ CLUTCH WITH 0 KILLS AT THIS MAJOR PogChamp
shroudC9 shroudC9 PogChamp
0-18 RECORD LUL
OVERTIME LUL
STOP KILLING HIM BibleThump
0-18 BR CS LUL
0 - 18 Kreygasm
GOD NEKIZ PogChamp
pray for nekiz :(
0 kills whole game PLEASE GOD BlessRNG
0-19 LUL
LG JEBAITED IMT OVERRATED SK ELIMINATED BRAZIL EXASPERATED Jebaited
0-19 0-19 BlesRNG BlessRNG
NEKIZ LUL
0-19 LUL
HOLYSIHT LUL
LG LUL
0-19 PogChamp
nekiz doesn't want to hurt anyone BibleThump
RIP NEKIZ LUL
YES 0-20 LUL
0-19 FailFish
0-19 LUL
0-19 LUL
0-19 LUL
0 KIlls EleGiggle
0-19 LUL
0 KILLS LUL
0-19 PogChamp
0-19 LUL
0-19 LUL
0-19 LUL
0 KILLS LUL
0-19 PogChamp
SK DEMOLISHED LG ABOLISHED BRAZIL IMPOVERISHED Jebaited
GG 0-19 PogChamp
0 kills LUL
0-19 LUL
0-19 'pro' player LUL
0 KILLS LUL
HE MEANT NO HARM BibleThump
0-19 LUL
NEKIZ MVP LUL
0-19 PogChamp
LG JEBAITED IMT OVERRATED SK ELIMINATED BRA71L EXASPERATED Jebaited
0 kills LUL
I join the stream and it's all over :(
C9 LEGEND STATUS PogChamp
NEKIZ CAN CLUTCH Kappa
0-19 PogChamp
CHEL0-19 LUL
3 v 5 LUL
BR player, 0 kill LUL
Great fight LUL
0-19 PogChamp
Lumi smothering Nekiz to deth BibleThump
NEKIZ GETTING CUT LUL
IGNORED LUL
gg Kappa
So sad :(
BR LUL
huddle for 0-20 LUL
31 K AT DREAM HACK CLUJ NAPOCA MAJOR PogChamp
it's OK nekiz is igl Kappa
BR CS SO BAD LUL
0-19 LUL
stewie <3
NA > BRAZIL LIQUID > SK C9 > LUMINOSITY LUL
NEKIZ :(
Nekiz BibleThump
NEKIZ LUL
God nekiz PogChamp
HE MEANT NO HARM BibleThump
Not their best performances 019 LUL
NA WIN BR AT 2 MAJORS TODAY WutFace
Nekiz plz don't -1 BibleThump
RIP NEKIZ RIP LUL
0-19 LUL
@KalmanF https://open.dreamhack.com/2017/montreal-groups-schedule/ :)
KappaPride} KappaPride
Nekiz mvp of rhe match gave cloud9 the win BibleThump
SHUT UP MURICAS , OUR 14 BIS > > YOUR F -15 Kappa
Put me in for NEKIZ Kappa
NEKIZ NONVIOLENT PROTEST LUL
he only wanted the fighting to stop BibleThump
Any here? TriHard
-nekiz +me Kappa
0-19 favela CS LUL
📞 HELLO NA? 📞 EU HERE 📞 WHERES UR MAJOR? 📞 4Head
0-19 on a LAN DansGame
@hipofficial there was a guy that had 0 frags ? LUL
AT LEAST IT WASNT 0-20 4Head
Any here? TriHard
ska exuberant LUL
lol hahahah LUL
shroud9 Jebaited
BR CS TODAY LUL
who got as many kills as nekiz??? / Kappa
📞 HELLO NA? 📞 EU HERE 📞 WHERES UR MAJOR? 📞 4Head
NEKIZ QUIT LUL
Exuberant PogChamp
c9 best team earth Kappa
nekiz best LUL
Hazed nice shirt Kappa
Kivinuudel MINU ^^ TriHard
HAZED Kreygasm
📞 Hello Nekiz? 📞 LG Here. 📞 You're fired 4Head
HAZED KappaPride
trailer park boys LUL
IMMORALS LUL
rap god PogChamp
HAZED'S VOICE Kreygasm
PIMP PogChamp
Top 1 NA team winning over Top 3/4 BR team. WOW SO GOOD YUNG STEWIE ROCKSSSSSSSSS! Kreygasm
Immortals 4Head
HAZED KappaPride
RAP GOD Kreygasm
NEKIZ 4Head
he called em out LUL
0-19 EleGiggle
📞 FAVELA? 📞 WHY SO QUIET? 📞 4Head
PIMP RACIST cmonBruh
HAZED voice Vin Diesel??? PogChamp
Time to send Cloud9 home :)
PIMPP <3
0-19 LUL
NEKIZ SUPPORT PLAYER LUL
bad SwiftRage
j2NeS minu ANELE
0-19 Jebaited
feeder NEKIZ 4Head
Top 1 NA team winning over Top 3/4 BR team. WOW SO GOOD YUNG STEWIE ROCKSSSSSSSSS! Kreygasm
-nekiz and luminosity couldve saved a plane ticket DansGame
RAP GOD PogChamp
📞 Hello Nekiz? 📞 LG here 📞 You're fired. 4Head
Never played cs before 0-19 LUL
rip shroud :(
rush so small BibleThump
Will Wierzba Kreygasm
RUSH <3
Rush manlet 4Head
rush Kreygasm
WILL PogChamp
R S H PogChamp
EMINEM PogChamp
@2Slow4Mebro Yeah they give him a full setup to stream from prison. pretty cool if you ask me PogChamp
RUSH <3
rush Kreygasm
OPTIC RUSH BibleThump
like LUL
NOTHING? PogChamp
RUSH IS A SMALL MAN LUL
📞 Hello Nekiz? 📞 LG here 📞 You're fired 4Head
manlet LUL
RUSH PogChamp
"yes yes we are very proud of your spy Nekiz who did a great job" LUL
Rush is so short LUL
nerves Kappa
Top 1 NA team winning over Top 3/4 BR team. WOW SO GOOD YUNG STEWIE ROCKSSSSSSSSS! Kreygasm
📞 HELLO LG? 📞 FAZE HERE 📞 HOW MUCH FOR NEKIZ? 📞 EleGiggle
The face of aimlock Jebaited
RUSH <3
LG JEBAITED IMT OVERRATED SK ELIMINATED BRAZIL EXASPERATED Jebaited
@heavymetalmushroom https://open.dreamhack.com/2017/montreal-groups-schedule/ :)
TYLER1 ON CLOUD9?????? PogChamp
LG JEBAITED IMT OVERRATED SK ELIMINATED BRAZIL EXASPERATED Jebaited
yall xd LUL
Optic LUL
Optic BibleThump
0-19 LUL
OpTic BibleThump
HELLO NA ??? BR HERE WHAT ABOUT MAJORS ?? 4Head
@EdenLulic171 https://open.dreamhack.com/2017/montreal-groups-schedule/ :)
LG JEBAITED IMT OVERRATED SK ELIMINATED BRAZIL EXASPERATED Jebaited
HAZED'S VOICE Kreygasm
4 players and bot MSL Kappa
valde and konfig are better than every c9 player EleGiggle
Lilman CoolStoryBob
LG JEBAITED IMT OVERRATED SK ELIMINATED BRAZIL EXASPERATED Jebaited
SURE.. MORE SKILL CoolStoryBob
Triggered EU viewers LUL
Nekiz9 LUL
elf ears WutFace
RUSH B :D
Voice crack 4Head
hazed <3
LG JEBAITED IMT OVERRATED SK ELIMINATED BRAZIL EXASPERATED Jebaited
EMINEM PogChamp
konfig having skill fool Jebaited
10-14 LUL
C9 OVERRATED 4Head
51 kills Kreygasm
10/40 4Head
Nekiz LUL
10 kills EleGiggle
NEKIZ LUL
10 kills for 2 maps LUL
10-40 LUL
10-40 LUL
:Z VoteNay
10-40 LUL
10 LUL
35 ADR LUL
MUREK PogChamp
LG JEBAITED IMT OVERRATED SK ELIMINATED BRAZIL EXASPERATED Jebaited
NEKIS AND CHELO WTF LUL
GOD TUROK BABY PogChamp
10-40 LUL
10-40 LUL
51 KİLL PogChamp
10KILLS LUL
rush LUL
10 FRAGS IN 2 MAPS LUL
GOD NEKIZ Kappa
Big Brain PogChamp
10-40 LUL
CHEATER LOGIC GAMIGN LUL
RUSH LUL
ITS TRUE LUL
10-40 ? Great leader LUL
@endlessboot https://open.dreamhack.com/2017/montreal-groups-schedule/ :)
show kills on second map LUL
drama confirmed LUL
C9 FINALLY GOT OUT OF GROUPS IN A MAJOR LUL
ANOTHER EZ FINAL FOR IMT LUL
LG JEBAITED IMT OVERRATED SK ELIMINATED BRAZIL EXASPERATED Jebaited
10-40 ' SMOrc
C9 FINALLY GOT OUT OF GROUPS IN A MAJOR LUL
KOOSTA LUL
NOT A MAJOR FailFish
LG JEBAITED IMT OVERRATED SK ELIMINATED BRAZIL EXASPERATED Jebaited
\ / SMOrc
east la TriHard
Nekiz standin for coldzera! 4Head
10-40 LUL
N I P P L E S LUL
oJebaited LG JEBAITED IMT OVERRATED SK ELIMINATED BRAZIL EXASPERATED Jebaited
LG JEBAITED IMT OVERRATED SK ELIMINATED BRAZIL EXASPERATED Jebaited
HELLO NA ??? BR HERE WHAT ABOUT MAJORS ??? 4Head
LG JEBAITED IMT OVERRATED SK ELIMINATED BRA71L EXASPERATED Jebaited
Sister Kreygasm
sister KappaPride
def ur sister Kappa
STAY AWAY FROM MY SISTER STUNNA BabyRage
def your sister Kreygasm
LG JEBAITED IMT OVERRATED SK ELIMINATED BRAZIL EXASPERATED Jebaited
Forgot his fingers at home 0-19 Jebaited
STUNNA WANTS YOUR SISTERS Kappa
0-19 never forget LUL
stunna funny guy 4Head
LG JEBAITED IMT OVERRATED SK ELIMINATED BRA71L EXASPERATED Jebaited
Owen who? 19 Jebaited
LG JEBAITED IMT OVERRATED SK ELIMINATED BRAZIL EXASPERATED Jebaited
PEOPLE STILL HERE LUL
WHAT FUCK CLG ARE DOING AT SEMI FINALS ?? THEY ARE SOOOOOO TRASH ... DansGame
LG JEBAITED IMT OVERRATED SK ELIMINATED BRAZIL STILL 2 MAJORS WHILE NA 0 Jebaited
"Time to send Cloud9 home" - Nekiz 2017 LUL
RIP keyboard BibleThump
CLUMSY SILVER LUL
@endlessboot https://open.dreamhack.com/2017/montreal-groups-schedule/ :)
I hate it when it rains on my keyboard LUL
corsair <3
LG JEBAITED IMT OVERRATED SK ELIMINATED BRAZIL EXASPERATED Jebaited
hot grill PogChamp
BEAST PogChamp
DAMN TriHard
THAT WAS BEAST LUL
THAT WAS BEAST PogChamp
PLAYING CS IN THE SHOWER LUL
hate it when i play outside in the hurricane and my keyboard stops working Kappa
INTEL <3
Firefoxx Kreygasm
THAT WAS BEAST LUL
HALO PogChamp
haHAA haHAA haHAA haHAA haHAA LUL
LG JEBAITED IMT OVERRATED SK ELIMINATED BRAZIL EXASPERATED Jebaited
THAT WAS BEAST TriHard
@DracoHundredRounds Waching hentai in the shower Kappa
Yandex :D
Owen here 📱 nekiz 19 monniQ Jebaited
MOBILE GAMES LUL
haHAA inc Kappa
LG JEBAITED IMT OVERRATED SK ELIMINATED BRAZIL EXASPERATED Jebaited
@thek1k1 https://open.dreamhack.com/2017/montreal-groups-schedule/ :)
hell yeah TriHard
Shz was the problem LUL
LG JEBAITED IMT OVERRATED SK ELIMINATED BRAZIL EXASPERATED lol Jebaited
message deleted TriHard
PS2 GRAPHICS LUL
LG JEBAITED IMT OVERRATED SK ELIMINATED BRAZIL EXASPERATED Jebaited
wait a second... are valve releasing CSGO e-sport team player model skins? Is this foreshadowing? 4Head
spray control PogChamp
DYAC LUL
SourPls SourPls SourPls SourPls TriHard
song? ResidentSleeper
LG JEBAITED IMT OVERRATED SK ELIMINATED BRAZIL EXASPERATED Jebaited\ Jebaited
Song WutFace
@InfiniteComplexity https://open.dreamhack.com/2017/montreal-groups-schedule/ :)
@lowerade Poooound
c9 win or lose #goC9 <3
PEOPLE STILL HERE LUL
