PPMD <3
Rerun alway best chat KappaPride
explaining what a dream is LUL
160p PogChamp
160p Kreygasm
fnatic with shit lineup LUL
This is live! Kappa
DDREAMHACK Kappa
France LUL
where does it say live Jebaited
banana LUL
plz any shit will do people i begg u :D
i do :(
cuz i need them :D
ump me baby >(
gg SK DansGame
GG G2 <3
Spunj one love <3
THE FUCKING GAME OF YEAR PogChamp
S1MPLE PogChamp
#GO_GTR <3
GTR <3
HAHAHAHA GTR IS MY GOD <3
Go SK <3
People actually in chat for a rerun? :o
Glave was 19-38 in this game LUL
Great time management LUL
Is this live? Kappa
dosia's sexappeal ? Kappa
CSGO IS DEAD LUL
? LUL
this is css cmonBruh
navi-fnatic Kappa
no skins ResidentSleeper
old pistols eco rounds ResidentSleeper
@Madix__x <3
Edward still on navi PogChamp
Zeus still on NaVi PogChamp
its time when navi win? 4Head
Cs 1.6 BibleThump
god karrigan Kreygasm
7000 USD for this win, meanwhile karrigan gets like 9000 in FaZe per month 4Head
// Kappa
raidcall Kappa
zeus so young Kreygasm
@itstheBNICSshow KonCha
In Russian a day 10:00 :D
Pyth was the Problem Kappa
0:39:54] <kfelidae> nv kennys BibleThump
1:04:12] <voicefulspace5> DansGame
1:17:10] <ortela> WutFace
1:18:12] <ismaelwep> KappaPride
1:19:04] <Flooeru> what troll Kappa
1:19:18] <zombieryan> Kappa
1:36:25] <Icklefry> pyth doesn't give a fuck :(
2:14:24] <Haga> Oj, sorry hade ingen aning :D
3:08:23] <dackops> Kappa
3:10:29] <WackyPandaa> HeyGuys
3:10:42] <CrazyPRO111111> HeyGuys
3:28:30] <+gregoirers> daddy right Kreygasm
4:13:38] <+gregoirers> PogChamp
4:16:16] <Haappen> that smoke Kreygasm
4:23:22] <Maaxsaaa> HeyGuys
4:23:50] <f4iThftw> SMOrc
4:40:22] <ata_jordan> :)
5:05:02] <tiermenschdesuntergangs> vac Kappa
5:15:41] <Jikarpert> Hopefully NiP wins! Kappa
5:16:13] <jakesus> KappaPride
5:20:59] <NubiTv> the best major Kappa
5:28:58] <axlllrr> Kappa
5:30:53] <flashbox23> LUL
5:32:52] <DanyaBash_> LUL
5:37:19] <TwitcHxDhaHAA> Dust2 PogChamp
5:55:43] <b4rrythebest> ya i just wanted to know how far we have come ;)
6:08:58] <gulli3107> live stream of a rerun :D
6:12:09] <crewv> @hjgkhgj its obvious u troll, if u dont its sad This is from 2016, its 2017 now fam :(
6:34:26] <SpaaarkZZ> 123 Kappa
6:45:14] <bigmacusxd> that comeback :D
6:47:13] <+Tharkarun711> LUL
6:49:32] <+Tharkarun711> 18 months LUL
6:56:48] <WhYJay1> paaaaaala <3
7:02:30] <lilsnapeee> obviously its live, dont be stupid LUL
7:17:39] <Vitalik93418> BibleThump
7:43:17] <Appocc> friberg BibleThump
7:48:20] <leonagnel> smithzz hitting shots LUL
7:52:03] <leonagnel> NBK SG LUL
7:52:57] <leonagnel> FailFish
7:58:11] <leonagnel> ResidentSleeper
8:06:18] <yamamotorevenge> PogChamp
8:11:01] <pomf11> BibleThump
8:25:18] <+Snowdrifft> i wonder CrreamAwk
8:33:44] <ketchlv> cz buy :)
8:42:24] <Kess_P2> LUL
8:50:53] <yakareh> BloodTrail
9:28:11] <Hubblejp> old sound WutFace
9:36:13] <nya__3> SmithZz :(
9:36:32] <nya__3> Maikelele in NiP BibleThump
9:41:01] <nya__3> NiP Maikelele, friberg. LDLC k1o, shox BibleThump
9:41:08] <GreekDudesRPG> :D
9:42:14] <nya__3> So fucking sad. Maikelele... Lost talent Sweden CS BibleThump
9:53:56] <+raasco> A site of old overpass NotLikeThis
10:30:46] <lilsnapeee> lets go flipside, so fun to see live games!! :D
11:05:41] <+HeyBananaFace> LUL
11:51:26] <sleed123> KappaPride
13:20:00] <+Orga87> Great game amirite Kappa
13:41:42] <+KorkronTH> LUL
16:26:27] <dert0527> hey Keepo
17:38:04] <tompogaming1g> follow HeyGuys
19:15:14] <+Ikabuzo> HSWP
19:58:44] <UncrItIcAls> BabyRage
20:50:47] <lee036> DansGame
22:19:11] <EnhGamer> DansGame
22:45:23] <monkas_trihard_kappa_lul> HeyGuys
23:31:07] <0rhythm> LUL
23:57:51] <bruntyboi> PogChamp
23:59:30] <Rs_Shardoom> How many people are from Sweden here? PogChamp
0:00:13] <Rs_Shardoom> You guys are shit LUL
