We are Heroic bots We are programmed to loose MrDestructoid
deagle in pistol round LUL
SAVE USP LUL
Hi everyone HeyGuys
@Striker13371337 I dont have any pity for you if you lose, but good luck my friend <3
@Striker13371337 I know this feeling BibleThump
im just betting 0.15 trash and i 've got to nearly 1 dollar so far :D
betting in 2k17 LUL
16-4 LUL
god zero PogChamp
pekne zero PogChamp
wow god zero LUL
bot heroic LUL
ez LUL
1v4 hold LUL
Reddit be like : buff silenced M4 LUL
Zero Kreygasm
@lpleb4tor oh, it's you again KappaPride
woxic Kreygasm
w0xic Kreygasm
Zero PogChamp
zero Kreygasm
zero god LUL
PogChampPogChamp PogChamp
get deleted PogChamp
@sparkiespaark LUL
Boxic LUL
MUSHOOD BKL SeemsGood
16-12 hr win hltv Kappa
Buff M4A1 LUL
1 by 1 LUL
hawka <3
RUNNING INTO THE AWPER 1 BY 1 PAID CSGO PLAYERS LUL
ME ORC ME SPAM NO MOD NO BAN SMOrc
@LOBOGED HeyGuys
@Qarden ME ORC ME SPAM NO MOD NO BAN SMOrc
Cheating BabyRage
This is some CS.. Heroic NotLikethis ResidentSleeper
save LUL
lets go HR <3
heroic buy LUL
@afro13gr BabyRage
8-7 hltv Kappa
NOT A 1G BTW 12 BabyRage
W0xic LUL
angel PogChamp
@ScorpionXX44 Average Twitch troll LUL
Heroic no kit LUL
Cry is free @afro13gr BabyRage
Do you remember when the heroic guys started to shoot HR's dead bodies on Inferno? what a choke after big mouth LUL
semikappa Kappa
How much you lose Heroic Bettors BabyRage
Jugi nice aim LUL
2hp save LUL
DANISH CHOKE EleGiggle
yeah go SAVE EleGiggle
@afro13gr 12 BTW? BabyRage
vac Kappa
Cheating, throwing and LUCKY BabyRAge BabyRage
HAX BabyRage
@Master_Anuca which player has Kappa
Throwing BabyRage
es3tag bot LUL
le'go heroic! SwiftRage
es3tag bot 2 kills !!!! LUL
@solidboiii they are going home LUL
MSL Whine to win LUL
HR tilt LUL
My english is A+ Kappa
SAVED KappaRoss
JUST DEATH ResidentSleeper
saund LUL
W0xic clutch ? LUL
ME ORC ME SPAM NO MOD NO BAN SMOrc
@ibrahimAbi31 Nice try :)
noxiist nt toxic kid LUL
noxiist tx toxic kid LUL
nice mic MrDestructoid
MUH EARS WutFace
@epicenter_en1 fix sound pls cmonBruh
ESL taking over WutFace
AHHH MrDestructoid
RIP EARS BibleThump
hahahahah MrDestructoid
ESG Tours invading the stream WutFace
FELLOW HUMAN MrDestructoid
ESG TOURS WutFace
SAVED KappaRoss
HELLO ESL? VALVE HERE LAST MAJOR 4Head
SAVED LUL
HELLO EPICENTER ESL HERE PROBLEM WITH MICROPHONE ? 4Head
SAVED LUL
No bogdan law ? no win LUL
HELLO EPIC CENTRE? VALVE HERE LAST MAJOR 4Head
not really saved Kappa
HELLO EPICENTER ESL HERE PROBLEM WITH MICROPHONE ? 4Head
brexit mic 4Head
@BeyondMiracle aynen temsili degil ta kendisi :D
Es3tag bench soon LUL
es3tag LUL
AHAHAHAH LUL
TIER 3 CS LUL
Is this matchmaking? LUL
ISSA LUL
eu teamplay PogChamp
ME ORC ME SPAM NO MOD NO BAN SMOrc
ISSA LUL
issa joke Kappa
ME ORC ME SPAM NO MOD NO BAN SMOrc
Moddi FailFish
so fast LUL
13-16 Jebaited
ME ORC ME SPAM NO MOD NO BAN SMOrc
welcome to the comeback KevinTurtle
HANDICAP Jebaited
ME ORC ME SPAM NO MOD NO BAN x SMOrc
ME ORC ME SPAM NO MOD NO BAN SMOrc
ME ORC ME SPAM NO MOD NO BAN y SMOrc
ME ORC ME SPAM NO MOD NO BAN SMOrc
ME ORC ME SPAM NO MOD NO BAN y SMOrc
ME ORC ME SPAM NO MOD NO BAN SMOrc
ME ORC ME SPAM NO MOD NO BAN z SMOrc
MODS WutFace
ME ORC ME SPAM NO MOD NO BAN t SMOrc
ME ORC ME SPAM NO MOD NO BAN SMOrc
ME ORC ME SPAM NO MOD NO BAN SMOrc
ME ORC ME SPAM NO MOD NO BAN SMOrc1 SMOrc
ME ORC ME SPAM NO MOD NO BAN SMOrc
ME ORC ME SPAM NO MOD NO BAN a SMOrc
NO MOD? SMOrc
ME ORC ME SPAM NO MOD NO BAN l SMOrc
SLEEP TEST ðŸ› IF YOU TOUCH THE BED , GO TO SLEEP âŽ ResidentSleeper
chat again 1 IQ LUL
my name is flusha, people say i've stopped cheating but i'm still top of every server cause i never cheated Kappa
CY ER KAPOW
galil LUL
Es3rag getting carried LUL
ES3TAG LUL
JUGI LUL
Hey HellRaisers Bettor? What Happen?CHOKE? SoBayed
people in chat acting they are better than these players LUL
betting HR WutFace
SLEEP TEST ðŸ› IF YOU TOUCH THE BED , GO TO SLEEP âŽ ResidentSleeper
comeback LUL
$1200 LUL
this caster, overpass is one of hr's better maps lately LUL
Inb4 16-13 LUL
19-15 confirmed LUL
spoiler DansGame
@epicenter_en1 rigged Kappa
@epicenter_en1 match fixing confirmed DansGame
M4 FOR ES3TAG LUL
es3tag with the one m4 cmonBruh
I got banned by mod SMOrc
7k viewers for a major LUL
gg LUL
godlike timing HR PogChamp
@epicenter_en1 y u ban me?!?!? SMOrc
ES3TAG THE GOAT LUL
JUGÄ° JUGÄ°Ä°Ä°Ä° KevinTurtle
i love how heroic played really well taking duels and being confident then decided they didnt like that and played super passive LUL
caster voice WutFace
Heroic bettors LUL
es3tag bottom frag. At least something is normal today LUL
7/21 BibleThump
B1ad3 level frags LUL
HEROic anlaki bro :D
GG? LUL
GG? LUL
last round es3tag with m4 resp pistol awp last round fams Jebaited
GG? LUL
GODII PogChamp
GOD MODDi PogChamp
MODDII PogChamp
HELLCHOKERS LUL
GODDI PogChamp
EZtag LUL
es3tag ez boost :D
Pause HR again DansGame
Es3tag troll heroic Kappa
hell chokers LUL
noooooo SwiftRage
gloaballer chat'i bastÄ± gidin oynayÄ±n boÅŸ yapmayÄ±n Kappa
Heroic 19-15 HellRaisers KappaPride
NA CS LUL
chat so smart like this is amajor my ass Kappa
MAJOR POLICE BTW BabyRage
hellraisers a low team LUL
@Exotic_DE only when you're there baby <3
MAJOR FINAL CSGO DEAD BabyRage
Hr why so play like nova last round FailFish
Exotic_DE We just want you to love us. :(
pubg BrokeBack
CSGO so dead :(
PUBG ESPORTS READY 4Head
hello moddi LUL
"That man is snappi" Kappa
your a bit slow @epicenter_en1 LUL
BOTraisers LUL
hr please FailFish
L L LUL
what bomb? LUL
really? LUL
3 sec is not enough for bomb plant guys :(
HR BabyRage
such long game ResidentSleeper
tHRow Kappa
pekne no zoloRage LUL
ISSAA got a taste of his own medicine Kappa
Snappi LUL
hello snappi Jebaited
omg why noone watching this major BibleThump
16-16 confirm BibleThump
Issa is arab so he loves bomb Kappa
Major Grand finals only 7200 viewers, top 2 teams Heroic and Hellraisers playing, 2 million dollar prize pool. in front of 10,000 audience, dead crowd. bad caster. CSGO dead Kappa
Raise your cans PJSalt
Major Grand finals only 7200 viewers, top 2 teams Heroic and Hellraisers playing, 2 million dollar prize pool. in front of 10,000 audience, dead crowd. bad caster. CSGO dead Kappa
Heroic 17-16 HR gotv confirm Kappa
Major Grand finals only 7200 viewers, top 2 teams Heroic and Hellraisers playing, 2 million dollar prize pool. in front of 10,000 audience, dead crowd. bad caster. CSGO dead . Kappa
PETA BibleThump
cry more heroic bettors BibleThump
chickenraisers LUL
Patrik Star Sponge B0b Kappa
only 7 looking for major :(
HEROIC BETTORS LUL
one tap PogChamp
8/25 FailFish
es3tag not even igl why LUL
Es3tag 1 vs 9 EntropyWins
csgo major in 2017 seven viewer not watch csgo :(
Es3tag 1 vs 9 EntropyWins
Major Grand finals only 7200 viewers, top 2 teams Heroic and Hellraisers playing, 2 million dollar prize pool. in front of 10,000 audience, dead crowd. bad caster. CSGO dead Kappa
HEROIC LUL
oiv LUL
HEROIC BETTORS NC CHOKE LUL
Heroic bettors sayin HR cheating LUL
heroic bettors on suicide watch L L LUL
7 viwers csog major in 2017 dont watching csgo death game :(
es3 LUL
Major Grand finals only 7200 viewers, top 2 teams Heroic and Hellraisers playing, 2 million dollar prize pool. in front of 10,000 audience, dead crowd. bad caster. CSGO dead Kappa
FOTBOX LUL
Mivan DeadFox megbasz mindenkit :)
hr bettors LUL
gg PogChamp
GG LUL
ez LUL
gg :)
gg LUL
Major Grand finals only 7200 viewers, top 2 teams Heroic and Hellraisers playing, 2 million dollar prize pool. in front of 10,000 audience, dead crowd. bad caster. CSGO dead Kappa
hellraisers <3
