LOL EZ LUL
Tvoj priateľ Insomniuhh práve začal pozerať! HeyGuys
WWMMWWMMWWMMWWMMWWMM no it's just volunteering and im with EPICENTER since first season and i support them :)
vladopard HeyGuys
csgocrazy1 we don't looking for new mods :)
hutji PogChamp
HUTJI PogChamp
jR 3 kills as AWPer LUL
jR 3kills PogChamp
ez 4 bliat squadron 4Head
ok i'm out Kappa
Vega is almost losing against an Academy team for a tier 4 team LUL
nice <3
we are the spirit academy we are programmed to lose MrDestructoid
eco kills 4Head
we are the spirit academy we are programmed to lose MrDestructoid
we are the spirit academy we are programmed to lose . MrDestructoid
c`mon spirit just 2 rounds ANELE
we are the spirit academy we are programmed to lose .. MrDestructoid
we are the spirit academy we are programmed to lose MrDestructoid
we are the spirit academy we are programmed to lose MrDestructoid
we are the spirit academy we are programmed to lose ... MrDestructoid
one more ANELE
we are the spirit academy we are programmed to lose MrDestructoid
16-11 SeemsGood
we are the spirit academy we are programmed to lose ! MrDestructoid
NICE LA SwiftRage
academy of tier 3 team LUL
spirit a. ResidentSleeper
jR 5 kills LUL
hutji 3 kills PogChamp
Vega got in PGL major and NiP didnt LUL
