is this live? DansGame
Mou 1 hp LUL
that last HS by hobbit PogChamp
Yeassss :D
I love Gambit <3
X GOD Kappa
KNG kicked LUL
Thank yank ResidentSleeper
Live Kappa
@lethaldoge tree reasons heard it aswell PogChamp
from when is this rerun? :D
too many teamspeak issues, they should use skype Kappa
dota is for losers LUL
NiP is back PogChamp
Yes it was a major Kappa
Nothing Kappa
navi doesnt even know how to defense LUL
only s1mple one man team FailFish
irregardless Kappa
so clutch Kreygasm
this is life guys? Kappa
yeah very life overtime so exciting Kappa
no life :(
a gamer with tape at the knuckles... we no what u did there TehePelo
0:18:56] <iiMilan> TheRinn. z0iomlger TheRinger
2:25:55] <TotalProductions> :(
3:10:27] <ViperZxD> KONF1G PJSalt
3:11:39] <sebbyyy> read the title of the stream ;)
3:13:29] <justpunki> but it says live in the top right of the screen Kappa
4:26:04] <AiSwallowcomeX> nbk <3
5:16:42] <fu0c> LUL
6:04:27] <erenaga1907> PogChamp
6:05:35] <ExcellentWalter> rerun and 10am SeemsGood
6:20:33] <+ConTRoniiX> LUL
6:20:53] <+ConTRoniiX> PogChamp
6:39:24] <turkey240> this is life right? Kappa
7:03:45] <Karriya> DarkMode
7:04:14] <twmDavid> LUL
7:53:21] <dankboogle> LIL B!TCH HumbleLife
8:03:39] <BlueberryMonster> they think you are a terrorist cmonBruh
9:15:27] <LessaBS> u will see ;)
9:34:46] <tenshee123> SMOrc
11:02:30] <tompogaming1g> followme BloodTrail
11:12:05] <tompogaming1g> follow BloodTrail
12:04:51] <officialentiro> LUL
12:04:52] <marcelalex22> LUL
12:04:58] <LucianoA15> LUL
12:05:01] <theyungbarier> LUL
12:05:17] <marcelalex22> LUL
12:05:21] <Sam_Si> CarlSmile
12:05:46] <torque_123> Kappa
12:06:04] <marcelalex22> Kappa
12:06:26] <officialentiro> for real? LUL
13:59:06] <+jonek121> just stopping by to let people know that Outlast + DLC is free on Humble Bundle right now, grab it and have fun ;)
14:27:02] <Rain_94> LUL
14:27:15] <Rain_94> Guys this is live TriHard
14:27:40] <ariefheldian> cmonBruh
14:44:26] <2akcf79> i do not intrestes watching this stuff on 20 pixel :D
14:55:11] <2akcf79> you stunshock them so they cant move :D
15:20:03] <2akcf79> and there is it asa akira :D
15:45:04] <yessps> g2 LUL
16:04:34] <Shadowsneak12> Listening to cs as you go to sleep is so relaxing <3
18:20:11] <CausingJaguar11> me either LUL
18:38:02] <JoaoPabloFL> ResidentSleeper
22:33:24] <+ja11es> PogChamp
22:38:03] <JarsaXi> i love you <3
22:40:03] <WhLehack> It make sense now LUL
22:44:49] <WhLehack> LUL
23:07:56] <c0nred> Hrello valde I'm your biggest fan <3
23:11:32] <+zHOw> Stralis og North chokede for vild til DH FailFish
