@hyp3rflame NA Steel 4Head
Liquid online LUL
tap tap PogChamp
holy shit PogChamp
liquid online and ofline LUL
@semcriatividadefds twitch people including myself 4Head
@semcriatividadefds including you 4Head
zzzzzzzzzz ResidentSleeper
casters ResidentSleeper
ZZZZZZZZZ ResidentSleeper
ELIGE VAC PogChamp
jdm always a nade in his hand FailFish
lol aint no one going to Brazil for ESL it'll probably be some shit $10k tournament that no one will risk their life to go to LUL
FNS in Brazil = death 4Head
CLG on the ESL BRAZIL? LUL
jdm with most weapons BrokeBack
@Cypro47 <3
Jesus Christ LULQUID 4Head
minosity LUL
YOLO LUL
SHITQUID LUL
S A V E LUL
Liquid LUL
GJ brazil LUL
LIQU- LUL
QUID LUL
6000 viewers CSGO IS DEAD LUL
shroud gets 7 times the views of this. CSGO DEAD LUL
They only go B FailFish
Why americans use this emojis > ? W T F LUL
@Lambcakez so go watch him 4Head
this emoji is hiko LUL
this is hiko OpieOP
3-16 Kappa
= Hiko OpieOP
its looks like Hiko LUL
This is a rerun :D
pickle BrokeBack
LIQUID LUL
Losing any rounds to LG LUL
this would be 16-0 if it was on LAN LUL
GOLD NOVA > LIQUID LUL
@Buuyyaakkaa hello father :)
hello my son @junglebOYfps :)
over 26.5 Jebaited
N LUL
uhhhh WutFace
WTF FailFish
QUID LUL
liquid top na they said LUL
He wanted to take the 1v1 he didn't know where the other guy was FailFish
NA CS x BR CS Jebaited
SPAM THIS SQUID TO HELP LIQUID Squid3
SPAM THIS SQUID TO HELP LIQUID Squid3
SPAM THIS SQUID TO HELP LIQUID Squid3
? HotPokket
SPAM THIS SQUID TO HELP LIQUID Squid3
masculine? 4Head
SPAM THIS SQUID TO HELP LIQUID Squid3
LG Tier 3 SK Tier 1 4Head
SPAM THIS SQUID TO HELP LIQUID Squid3
SPAM THIS SQUID TO HELP LIQUID Squid3
SPAM THIS SQUID TO HELP LIQUID Squid3
SPAM THIS SQUID TO HELP LIQUID Squid3
chupa minha rola liquid KappaPride
@SkylordGuillaume KKona power Kappa
@junglebOYfps eu sou Kappa
mulher com pênis feminino Kappa
SPAM THIS SQUID TO HELP LIQUID Squid3
@SkylordGuillaume twitch chat is serious business 4Head
SPAM THIS SQUID TO HELP LIQUID Squid3
lmao liquid is goin to lose to tier 3 LG 4Head
liquid knife bettors crying 4Head
LG org never lost to TL LUL
Elige NA Best Player LUL
@epicenter_en1 I hate it when casters do this... you can't be critical of "star players" every time they aren't able to carry their team... LUL
10% Lg skins, ez skins CarlSmile
This casting LUL
SPAM THIS SQUID TO HELP LIQUID Squid3
TL playing like bots LUL
SHOOWTIME ON FIRE LUL
STANIS LUL
ez 97$, KNIFE GOD :)
ELIGE LUL
EL GE LUL
stop saying it cmonBruh
saying what? TriHard
nekiz TriHard
@Raygron Liquid in general LUL
SPAM THIS SQUID TO HELP LIQUID Squid3
shelocking LUL
at least eligs will be streaming after match guys LUL
SPAM THIS SQUID TO HELP LIQUID Squid3
STAN NotLikeThis
4.8 odds for fuc king LG, I i will lose my bet for 1.2 odds LUL
yell aimlocks these Kappa
shelocking LUL
Shit awper LUL
brz down DarkMode
@Buuyyaakkaa Triggered af PogChamp
one caster can get it right 4Head
LIQUID T1, THEY SAID 4Head
@Buuyyaakkaa LG Kreygasm
jdm LUL
jdm LUL
he said chelo PogChamp
JD- LUL
shelocking DarkMode
SPAM THIS SQUID TO HELP LIQUID Squid3
HE SAID CHELO TriHard
DELETED LUL
they both did @Buuyyaakkaa PogChamp
Under pls BlessRNG
liquid NotLikeThis
@SiCKOc ~ :o
SPAM THIS SQUID TO HELP LIQUID Squid3
stanislaw the best BCWarrior
chelo brazilian coldzera PogChamp
nitro is the caller FailFish
pause CHOKE LUL
LG> Liquid > SK LUL
@waddaboss 4Head
LG BlessRNG
thanks to kNg it looks like LG is number two in BR now 4Head
"we're good" LUL
\ / wooo Kappa
YODA ON PogChamp
on lan jdm would've got all 3 Kappa
Clap PogChamp
Elige Jebaited
QUID LUL
lg can be big PogChamp
NA MOLLY LUL
forcebuy LUL
NA CS LUL
na molly LUL
shelocking HSWP
sheloking LUL
SHELOCK1NG HSWP
@PandemicDC that wasnt beyond stupid, he was trying to get a kill or delay plant while they took site. its unexpected. l2play my friend <3
LG 1 MAJOR > LIQUID 0 MAJOR LUL
LMAOOO the other caster is trying to point out his name is chelo the other dude is clueless LUL
CT have no information LUL
@Buuyyaakkaa l2play? You're probably gold nova kid why are you even talking LUL
Liquid losing for LG LUL
@haskell_californiagirl HeyGuys
@sumi__ tier 4 ? name me better BR teams than LG except SK and immortals FailFish
ez af Over 26.5 4Head
SPAM THIS SQUID TO HELP LIQUID Squid3
CheloKNG Kappa
SPAM THIS SQUID TO HELP LIQUID Squid3
since when is LG tier 4? theyre the 3rd best BR team LUL
Liquid back to normal after getting dicked by EU LUL
still trying to hint at pronounciation 4Head
@reevengerxarada os caras fizeram eco velho NotLikeThis
7 TriHard
we out here cmonBruh
BRA71L CS LUL
@waddaboss top 1 cs LUL
monkie BR s TriHard
What is this Viewmodel and Crosshair WutFace
automod = racist 4Head
@EvaNNN_ct5 seek mental help OpieOP
burgers are good cmonBruh
WALLL Kappa
EU caster DansGame
i think i speak for everyone when i say fuck brazilians SeemsGood
thinkibg mcds are only burgers cmonBruh
@Frostyasice12 SeemsGood
fighting in chat 4Head
atleast we arent ran by ANELE
11-11 PogChamp
@bitcore classic LUL
caster BrokeBack
BR fans know LG is going to lose so they are starting to chimp out 4Head
@sumi__ It's number 2, we only lose to Argentina, stupid americans LUL
stay calm people BCWarrior
still saying sheloking this caster LUL
3rd world vs 3rd world LUL
8k viewers and chat is slow as f*ck FailFish
BR piggybacks off the accomplishments of fallen and coldzera like two players represent their shithole country 4Head
WHIFF LUL
fatties eating brazilian meat on their burgers OpieOP
bot PKL LUL
WTF 4V2 TO 2V2 FailFish
NA TACTICS LUL
@NApls209 why are you so mad, fattie? OpieOP
fucking liquid FailFish
NA CS 4Head
really casters? CoolStoryBob
@wagtop4 a nossa capital é buenos aires Kappa
P90 PogChamp
@NApls209 why would i? lmao. go eat burgers made with brazilian meat EleGiggle
liquid no more bit plays TakeNRG
@NApls209 i probably have higher living standards than you damn, you are fucking dumb lol FailFish
BR will kill you because of a tweet EleGiggle
touching tips KappaPride
8K VIEWERS IS MAJOR FINALS, CS GO IS DEAD LUL
8k viewers on major, cs what a joke LUL
tighter Kreygasm
@sumi__ you lost so you have to hit ignore 4Head
7k viewers on a major SeemsGood
> SO... liquid can beat SK but will lose to LG EleGiggle
@regisnoso thanks dream team NA, dream team SA :)
sumi cant win the chat fight so he ignores LUL
@calebci_tv and then he doesn't even do it, I can see his messages still 4Head
nitr0 staring at the wall EleGiggle
@regisnoso thanks hope they can compete well also. they want to take it very serious :)
@sumi__ typical BR thin-skinned kiddo who can dish it out but not take it EleGiggle
(‿ˠ‿) _(‿ˠ‿) only the chosen one can fist both asses. .⎝ ⎠ Kreygasm
br TriHard
@Buuyyaakkaa if need more pubg players on NA im available :)
yel se smokou, parece prata LUL
TL #1 Team LUL
TheTick ONLY THE CHOSEN ONE CAN WEAR THE HAT Kappa
@Buuyyaakkaa when the twins leave IMT try to take boltz and steel ;)
@TrajanJeebus i guess that's how logic works, so yes Kappa
9/11 and Pearl Harbos 4Head
Flash PogChamp
@epicenter_en1 very nice laugh ahahah i have haappy day :D
Pearl Harbor, my keyboard is crazy :(
@Buuyyaakkaa Id rather see they coming to LG than LG players flocking to IMT tbh, nothing against the org but they came after you guys <3
Most common pop flash on inferno PogChamp
no ace :(
you're arrogant for thinking all na is arrogant SMOrc
HELLO LIQUID? FAZE HERE HeyGuys
elige so cheat Kappa
16-12 LUL
13 - 16 LUL
lg would take faze anytime lol faze = eu trash Kappa
HIKO IN 2017 LUL
omg yel its bot FailFish
@napls209 so your source is invalid as your argument.. show me something consistent.. stop saying things you dont know about :)
TK LUL
TK LUL
NITRO LUL
Nitro hungry Kappa
QUID LUL
yel gódi Keepo
basics of cs NotLikeThis
@Buuyyaakkaa not going to gamble on kng? LUL
yel in imt LUL
Top Players: Cold, NiKo, Device, Fallen, Hiko LUL
take my doris LG DoritosChip
Third map HeyGuys
casters FailFish
interesting LUL
Liquid > LG LUL
bra71l TriHard
EZ Bet LUL
@nayraryan so you admit it's an issue, nuff said CoolStoryBob
kng is a tard LUL
boosted by shelocking LUL
napls209 Jebaited
@sumi__ i mean i dont even really like liquid LUL
LG 2ND BEST BR TEAM LUL
save lg LUL
NEKIZ LUL
get wrecked brazil LUL
br in 2017 LUL
