wtf is this :D
LIVE PogChamp
VP a pro team LUL
VP FANS PunchTrees
When VP was good LUL
any here ? TriHard
SK lost to this LUL
dat shot is dead Kappa
Disculpa mod esse desgrçadu PogChamp
Use my Code Landers on drakelounge for bet on matches (free 1$) LUL
VP <3
we came back stronger LUL
makeup DansGame
live PogChamp
@LethalMonkey SAVED PogChamp
do learn england @spoonsforlife @maksiorek1337 Kappa
lear KappaPride
england ? DansGame
shroudIA KAPOW
? 4Head
nathanS LUL
kenny is the best <3
it says LIVE on the top tight of screem Kappa
vp wins PogChamp
live PogChamp
LIVE PogChamp
racist WutFace
yes live PogChamp
2 DreamHack in 2017 <3
Shoxie for life <3
live \ / PogChamp
G2 <3
Trad: This victory is shared with everybody, we said we will win for the France :)
moving teams in 2017 Jebaited
aight thank you guys Keepo
Kio left Faze, do not now exAngelina ;)
gameplay is too live NotLikeThis
@Yonasho10 WHAT THE are you talking about??? DansGame
hahaha 9/10 people on twitch chat are so stupid. im so glad I'm part of the 1% Kappa
alguno sabe cuando juega gale force? Keepo
grill PogChamp
there it was again PogChamp
grill PogChamp
grill gone :(
shows navi, but NIP comes out ??? LuL Jebaited
live PogChamp
yeah lets go VP PogChamp
SpaceS <3
this is LIVE PogChamp
grill PogChamp
hot grill Kreygasm
lets go fuze PogChamp
vp Kreygasm
fuze PogChamp
lets go fuze PogChamp
fuze Kreygasm
2015 indicates attendance not year FailFish
exactly, this is LIVE PogChamp
this is live PogChamp
393 viewers for a quarter final FailFish
398 now PogChamp
394 PogChamp
old fnatic old envy BibleThump
Orl sound KappaWealth
no, this is LIVE PogChamp
live PogChamp
put the grill back on the screen SwiftRage
live PogChamp
yes live PogChamp
kio the problem is back 4Head
live PogChamp
there was a chicken on the ground PogChamp
live PogChamp
live PogChamp
live PogChamp
live Kreygasm
no scoped PogChamp
what a rerun LUL
Is this live TheThing
spoilerinos Keepo
2015 LUL
421 VIEWER IN A MAJOR FINAL LUL
I bought that and im no better at Esports :(
duuuude 2 years old rerun :D
@Lars11johan HeyGuys
lets go fuze PogChamp
YEAH FUZE PogChamp
oh yeah someone is getting plowed KappaPride
let the plowing begin KappaPride
live plowing KappaPride
fox <3
fuze <3
seized <3
this is live PogChamp
JW VAC banned <3
cluj <3
440 viewers on major dead game Kappa
live PogChamp
Pala :D
Titan BibleThump
no this is live :(
live PogChamp
388 viewers = dead Jebaited
device in TSM WutFace
allu in NIP LUL
allu in nip? DansGame
16k ? DansGame
thats the time where nip was so great... but now is all the magic gone... :(
that game LUL
AGDQ_raid whatever u say you need to learn how to read titles :P :)
AGDQ_raid That might work with ur friends, but we are more intellectual here, im sorry :)
yeah, i said that, so? :)
AGDQ_raid if you dont understand then you dont deserve my time :)
AGDQ_raid i dont ignore people, even though they are obvious trolls :)
sorry guys, I gotta leave, back to the future :D
andrewslopan you and AGDQ_raid then ;)
AGDQ_raid got timed huh? thats what trolls deserve ;)
AGDQ_raid good insults and nice try trolling ;)
AGDQ_raid i feel bad for your parents right now :\
AGDQ_raid its not my fault ur not smart enough to use adblock man :)
Old luminosity PogChamp
ZakCS_ hes trolling ofc :p
ZakCS_ every rank has toxic people man just get over it XD :)
and i ALWAYS run out of ammo for the spray :(
2 extra bullets for every guy makes a big diff ;)
ZakCS_ dont let guardian hear u say that Kappa
but rest of them would love being called russians Kappa
Alexgone_ its a joke, ukrainians hate being called russians ;p
ZakCS_ likewise! where u from anyways? :D
Halibali käften din jävla glassätare <3
Ye dude, swedish fish Kreygasm
good old times Kappa
dust 2 BibleThump
now 374 LUL
sponsored by rerun aye? :)
d2 being still in the mappool? :)
another one bites DE_DUST :)
381 viewers major semi-final LUL
KENNY LUL
i bet nv lose PogChamp
followme BloodTrail
GLOVES Kappa
It`s LIVE Kappa
LIVE with allu in NiP 4Head
Na`Vi. If it`s Cluj-Napoca 2016. EnVy winned this major. Whoops LUL
guardian Kappa
i miss the old navi :(
old sounds :(
10/10 english LUL
shox <3
Xizt <3
JW VAC FailFish
0:02:59] <sockenpeter> old gun sounds Kreygasm
0:08:50] <PillFHead> someone send me a key please :D
0:23:50] <thegreattraveler> Live PogChamp
0:55:48] <gippig> look at that little crowd cs2k14 <3
1:06:19] <josbizarresadventures> becaus of french baguette ;)
1:10:18] <lexburrat> :)
1:14:37] <Gutterm0uth> Whats up Nick PogChamp
1:15:57] <yobos1111> only get right can lurk StoneLightning
1:17:23] <lexburrat> lol no stage :)
1:19:37] <yobos1111> go GeT_RiGhT SwiftRage
1:20:20] <RealWhiski> We cant I stop hate NBK and happy? :p
1:24:36] <RealWhiski> Its not fair that they lost this :(
2:08:54] <Tako_Lengki> wait isn't k1o and happy on different teams?? Kappa
2:12:09] <Theurbanorb> The time when VeryGames dethroned NIP a few years ago was awesome. The rivalry was so intense :)
3:00:09] <1zunde> Is this major final? Kreygasm
3:09:49] <h1MrCat> GingerPower
3:33:54] <The_Man_of_Glass> lan final only 300 viewers LUL
3:56:22] <+CharlieMKE> LUL
4:04:24] <+DaHeisenburger> Keepo
4:09:58] <iluxacsgo2> 300 viewers major final cs die LUL
4:10:19] <iluxacsgo2> DarkMode
4:13:27] <asvprockyyyy> Live? Keepo
4:16:25] <AsianAlex35> Is this rerun live Kappa
4:20:07] <AsianAlex35> Kappa
4:34:03] <epicicecubez> Kappa
4:44:02] <JannicaTV> Pala <3
5:04:15] <Zealaus> You'll be SORRY @sadokist Kappa
5:09:50] <zfg1_raid> live PogChamp
5:10:07] <zfg1_raid> live Kreygasm
5:10:36] <zfg1_raid> yes PogChamp
5:17:45] <Zealaus> Yeah idk whats upo with all these bans Kappa
5:21:49] <+Breen_> PogChamp
5:23:40] <zfg1_raid> banned WutFace
5:27:55] <zfg1_raid> live PogChamp
5:32:36] <zfg1_raid> live DansGame
5:35:02] <zfg1_raid> @Rando2G are you dead? DansGame
5:46:25] <zfg1_raid> live PogChamp
5:48:31] <zfg1_raid> live Kreygasm
5:53:48] <zfg1_raid> @Rando2G come back to life :(
5:55:12] <zfg1_raid> @Rando2G HES DEAD!!! WutFace
6:07:05] <zfg1_raid> live PogChamp
6:11:32] <zfg1_raid> live Kreygasm
6:12:32] <zfg1_raid> 100% live gameplay PogChamp
6:13:38] <zfg1_raid> this gameplay is so live Kreygasm
6:13:53] <zfg1_raid> GRILL PogChamp
6:21:21] <zfg1_raid> bring back the grill DansGame
6:24:50] <zfg1_raid> chat wants a grill on screen DansGame
6:32:08] <zfg1_raid> live PogChamp
6:35:43] <RaireCS> 200 viewers major csgo is dead bait xd LUL
6:37:07] <pauloguinabr1> ez 4 gale force JAJA Kappa
6:38:00] <zfg1_raid> this is LIVE PogChamp
7:28:50] <zfg1_raid> live PogChamp
7:38:53] <zfg1_raid> live Kreygasm
7:40:46] <zfg1_raid> live PogChamp
7:49:54] <zfg1_raid> live PogChamp
7:50:24] <zfg1_raid> grill PogChamp
8:19:32] <zfg1_raid> live PogChamp
8:27:43] <zfg1_raid> live Kreygasm
9:00:44] <zfg1_raid> live PogChamp
9:16:13] <zfg1_raid> live PogChamp
9:16:23] <zfg1_raid> @zfg1_raid live PogChamp
9:39:22] <zfg1_raid> yes live PogChamp
9:39:42] <zfg1_raid> THIS IS LIVE SwiftRage
9:41:01] <AeroasxX> Live? ShazBotstix
9:45:02] <zfg1_raid> live PogChamp
9:46:27] <AeroasxX> 13-4 BCWarrior
10:02:35] <AeroasxX> Its not Live? cmonBruh
10:26:48] <zfg1_raid> live PogChamp
10:30:16] <AeroasxX> live? TheThing
10:46:28] <p1ump> come to my stream :D
11:03:41] <AeroasxX> gogo North! CoolCat
11:57:08] <Olimpos_> VoteYea
12:12:24] <AGDQ_raid> live PogChamp
12:21:10] <AGDQ_raid> live Kreygasm
12:37:53] <AGDQ_raid> * Kreygasm
12:41:12] <AGDQ_raid> live gameplay PogChamp
13:00:21] <AGDQ_raid> live Kreygasm
13:05:00] <faustou> que lindo entrar y ver la bandera argentina <3
13:21:06] <AGDQ_raid> live PogChamp
13:52:54] <AGDQ_raid> live PogChamp
15:19:38] <zfg1_raid> live PogChamp
15:45:20] <Knallertton> LIVE PogChamp
19:49:08] <raffyg23> NotLikeThis
20:15:16] <LaCharcuterie_Of> Kappa
20:21:29] <JviTV> League on cs stream DansGame
