fnatic so bad :(
237viewers on major LUL
hahaha holy u guys are not the brightest LUL
if you focus you can hear japanesse comentators Kappa
all of the admins speak only japanesse LUL
nah can i change? :D:D :D
AK-47 Neon Revolution FN with 4 iBUYPOWER Holo? Who wants to trade? :)
coldzera gaming x north LUL
In capital letters ResidentSleeper
i earn 350$ who want 3-5$ comment my steam profile(SJLVERTR) <3
Leage LUL
Ja ahah :D
GN 3 :)
Nice :D
Nå jeg skal smutte Ses :)
Se Ya :D
Nip <3
live PogChamp
live PogChamp
where is shroud :(
We will only have nippulz of Tarik to get us through the tough times now :(
live PogChamp
live PogChamp
no, RERUN is a SPONSOR, this is LIVE gameplay PogChamp
is this even lan? DansGame
come on fuze PogChamp
yeah there you go fuze PogChamp
shot fired PogChamp
this is LIVE PogChamp
or sorry go to the MODS WutFace
confirmed by @Moobot twice, this is LIVE gameplay PogChamp
@agdq_raid PJSalt
live PogChamp
live Kreygasm
lets go fuze PogChamp
BRING BACK THE GRILL monkaS SwiftRage
GAMBIT CoolCat
if youre bnd wanna see some esea pugs im live right now and if you follow ill follow back! :)
That was a quick ad break ;)
0:26:26] <Eddycatflapp> Keepo
0:49:08] <dellanl0l> This is live PogChamp
1:14:21] <OfficialSapz> TheTick ONLY THE CHOSEN ONE CAN PUT THE HAT ON THE KAPPA Kappa
1:16:53] <+kidlon> <3
1:18:50] <Maaxsaaa> KAPOW
1:27:42] <Maaxsaaa> simpel is savage Jebaited
1:31:06] <Maaxsaaa> @ColossalAnt LUL
1:34:58] <Maaxsaaa> get rekt LUL
1:43:35] <feelsbadmanxdxd> FrankerZ
1:54:02] <+ScubaMD> LUL
1:59:33] <cokhaklisinozurdilerim> :o
2:10:33] <rautarier> :D
2:23:48] <rautarier> yep :D
2:28:12] <CipiBLu97> i couldn't watch it cuz i was at work... so i need to watch the rerun :(
2:35:06] <IceTouch_04> its live PogChamp
2:41:18] <DaxyCZ> no. 30.8-3.9. G2 first place, North 2nd. Gambit and NiP third :D
2:41:29] <DaxyCZ> ofc its live :D
2:41:52] <loglino> nip will slip Kappa
2:42:48] <DaxyCZ> :D
2:43:24] <DaxyCZ> wtf you really think that DreamHack, biggest csgo tournament queter finals and 714 people? :D
2:49:37] <+Brogans> I love how people still have this discussion. It's a pretty dead meme :D
2:57:50] <rautarier> lol both stfu :D
3:05:45] <wihay> Kappa
3:05:59] <wihay> NIP back to old form? DarkMode
3:06:28] <battlefisterdk> Live? Kappa
3:11:24] <rautarier> <3
3:12:08] <+SplatMan111> HSWP
3:13:50] <TheAnaboleMan> <3
3:15:36] <troublemaker007> to bad i'm going out LUL
3:17:49] <troublemaker007> chat ResidentSleeper
4:12:41] <damian09501> You have been permanently banned from this channel imGlitch
4:13:01] <damian09501> ———————————————————————— You have been permanently banned from this channel imGlitch
4:14:55] <PaC69MaN> You have been permanently banned from this channel imGlitch
4:17:40] <+inf6464> :(
4:24:56] <PaC69MaN> You have been permanently banned from this channel imGlitch
4:25:05] <PaC69MaN> :D
4:28:20] <Veidaro> :(
4:30:13] <LimeLight4TheDark> Kappa
4:35:26] <+VapeNinjaX> get on that money train if you can ;)
4:48:11] <lucassodelicia> @HeddaShooter Astralis Kappa
4:51:01] <minefrank> sk :D
4:55:21] <+Insertname4321> Its a rerun but you know that internet Troll Kappa
5:11:46] <xiarz> they lost to big on overpass :D
5:16:45] <xiarz> im a fan of underdogs :D
5:18:43] <+buas> Dosia Kreygasm
5:38:35] <+JaAlstublieft> can someone list the ban phrases? Kappa
6:09:29] <AGDQ_raid> LIVE PogChamp
6:11:33] <AGDQ_raid> LIVE Kreygasm
6:12:30] <AGDQ_raid> THIS IS LIVE GAMEPLAY, this is happening as we speak PogChamp
6:16:42] <Kjelliandrelius69> prediction immortals 2-0 north <3
6:17:30] <AGDQ_raid> LETS GO VP PogChamp
6:17:42] <Kjelliandrelius69> maps u idiot caralho <3
6:18:02] <AGDQ_raid> COME ON FUZE DansGame
6:19:26] <AGDQ_raid> you got this vp PogChamp
6:20:36] <AGDQ_raid> YEAH SOUTH PogChamp
6:21:39] <AGDQ_raid> EAST Kreygasm
6:22:01] <ZAIROSMT> Go br Kappa
6:22:11] <AGDQ_raid> who the fuck is br ? DansGame
6:22:46] <AGDQ_raid> LETS GO VP PogChamp
6:22:50] <ZAIROSMT> why? Kappa
6:24:52] <AGDQ_raid> LIVE PogChamp
6:26:13] <AGDQ_raid> VP Kreygasm
6:26:55] <AGDQ_raid> 12:00pm time to beer PogChamp
6:28:19] <spolcyc_csgo> StoneLightning
6:33:15] <AGDQ_raid> how are you guys enjoying this live gameplay PogChamp
6:49:20] <AGDQ_raid> live PogChamp
6:51:15] <AGDQ_raid> live PogChamp
6:52:33] <AGDQ_raid> such LIVE gameplay PogChamp
6:55:27] <AGDQ_raid> live Kreygasm
6:58:56] <+stuIle> dont feed the troll 4Head
7:00:03] <AGDQ_raid> how is it dead if this is LIVE gameplay PogChamp
7:03:21] <AGDQ_raid> yes, this is LIVE PogChamp
7:05:27] <AGDQ_raid> how is everyone enjoying this LIVE gameplay? PogChamp
7:08:35] <AGDQ_raid> LETS GO VP PogChamp
7:29:08] <epicicecubez> yes Kappa
7:30:06] <+cg_cryptic> Kappa
8:09:30] <zakmiwiener> FUNgineer
8:10:09] <natas_k> CoolStoryBob
8:10:59] <nacxd321> Kappa
8:11:23] <theultimatecze> RERUN LIVE HAHAHA LUL
8:11:30] <natas_k> :(
8:11:58] <natas_k> 488 for a master cs is dying Kappa
8:14:18] <natas_k> Jebaited
8:19:24] <siprrr> forfeit LUL
9:18:35] <bot_loczek> sorry but I never saw pros with that - and they still pros :)
9:19:21] <AvengersHawkeye> true, they don't always have it but i think they have it now because it happened in Malmo and it's super cold there :D
9:23:42] <bot_loczek> athletes should be ...athletic as the name say it - I'm sure that 80 % of that "e-sport players" will not run 5 km #JW # snax etc :P :)
10:13:19] <Guguskis> ? ANELE
10:19:59] <Guguskis> PogChamp
10:21:31] <LeLucking> NIP ResidentSleeper
10:29:08] <Guguskis> LUL
10:31:25] <Guguskis> Flashed himself LUL
15:58:12] <Boll_> I think its from yesterday :D
15:59:35] <Boll_> i go to sleep,good night :D
16:00:53] <Johm> sniper crosshair? PogChamp
16:03:09] <Azberg> of the day LUL
16:03:35] <Johm> og spray PogChamp
16:05:13] <1738_jowap> @triplejman whatchu doin in here Bro LUL
16:05:51] <1738_jowap> @triplejman I think I know you from Tims stream, when you queue sniped him in PUBG LUL
16:05:53] <Johm> no this is csgo 2 on ultra settings Kappa
16:07:00] <Azberg> not biased casting Kappa
16:07:11] <Johm> LUL
16:07:30] <Azberg> TTours
16:08:03] <Johm> Karrigan PogChamp
16:08:26] <Azberg> this analyst LUL
16:17:16] <Ez0t> PogChamp
16:17:33] <kestler_ow> Good camera work SeemsGood
16:20:27] <+Mason74u> 1.6 PogChamp
16:22:21] <vrockenbach> carn and dsn PogChamp
16:26:58] <dream9x> where's skins WutFace
16:29:32] <ChikenNug> thisboostedlee DansGame
16:29:41] <+Zewk> when you could shoot through everything LUL
16:31:06] <XioNtwitch> years of this lan ? :(
16:31:09] <katzhunt> <3
16:32:15] <zCucabeludo1> This is csgo running in 4k mode on ps4 pro Kappa
16:32:28] <officialra1se_> karrygan <3
16:34:14] <KizzoKazzo> @jclxtv I am calm :)
16:36:13] <+felixwhichusernameisfree> Young semmler LUL
18:10:10] <lolifolder> Let’s go VP! VoHiYo
20:42:08] <+rioduh> Come watch some esea pugging if you want im live right now gonna be pugging all night. Giveaways as well when i start to grow! :)
20:53:25] <chronicleszombies> Hi Kappa
21:46:24] <spolcyc_csgo> Rerun DansGame
22:37:33] <sldsnakeee> old navi <3
22:51:48] <Nusti123> You? :D
22:54:37] <+ito295> f0rest <3
22:59:11] <+ScubaMD> LUL
23:02:41] <skinnykk> old sounds :(
