how can clg be the chats favorite :(
LIVE Kreygasm
knife PogChamp
Lets go SK :)
Lets go SK :)
Thx <3
Remember when envy had KennyS? :(
8:09:16] <Kur0o> is it live? Kappa
8:11:04] <Kur0o> yeah, so weird that only 213 viewers and its live match Kappa
8:12:05] <+stuIle> 4Head
8:12:28] <Kur0o> csgo is dying? Kappa
8:13:58] <Kur0o> is it live never dfies in my mind SwiftRage
8:18:41] <Kur0o> live or riot! SwiftRage
9:51:01] <shayebird> 150 viewers for a major final DEAD GAME LUL
12:18:04] <SWooz_PV> Kappa
12:23:54] <porre230> TriHard
12:56:22] <Neyuba> TTours
22:23:30] <N00bGam4r> ye dreamhack is always live TPFufun
22:49:40] <u4k40w4> summit subs DansGame
22:53:05] <+tumh> PogChamp
23:31:21] <tyrano22> LUL
