74 viewers 4Head
Go eXtatus Go ! :D
there is no sound :(
Why isn’t the sound working :(
no sound :(
I have sound but I am listening to my own music. :)
no audio ? :D
rip Na`Vi BibleThump
@Slipping123 Jebaited
when markeloff was a god Kappa
ceh9 top fragging for Na'Vi Jebaited
ceh9 = CIS Shroud Kappa
150 views on DH FINAL cs is dead LUL
Game: Counter-Strike: Global Offensive Kappa
1.6 PogChamp
round not even over and already saying gh 4Head
legends :(
carn :(
delpan markeloff :(
1.6 reruns finally 4Head
karrigan ecofrags Keepo
where is JW Kappa
ceh9 :(
1.6 PogChamp
young machine LUL
