One of these commentators is ResidentSleeper
brazil gonna lose :p
is this live? Kappa
Yes @punk3rtv Kappa
@MonstazX yes, I'm in crowd right now Kappa
not me, busy building a wall from mexico @MonstazX Kappa
me / Kappa
it's live Kappa
nice case LUL
/ TriHard
IS TIHS LIVE???????? 12 BTW haHAA Kappa
or people in different time zones ;)
> hazed Kreygasm
Hazed LUL
jo jag med men jag kunde se ;)
this caster ResidentSleeper
fns ANELE
Dead chat BabyRage
wow 1k viewers for a cs major Kappa
1K viewers major dead game LUL
Bug abuser LUL
admin banned PogChamp
Worst aimers ever NRG NotLikeThis
s-p-e-l-l it TriHard
NA CS LUL
live Kappa
RUSH nice rush :D
is this live Kappa
what is this LUL
mouz LUL
18;16 big :)
Man this boot is bad, theres hundreds of better teams that would love to play there :D
Not Denver??? DansGame
np ;)
Virtus.pro no jo poland troland :D
visit official site im not charge here :D
VP is shit FrankerZ
but he was in the match LUL
chat is quiet Kappa
1 round they already tied the amount of rounds they got against cloud9 PogChamp
Glitch on the matrix PogChamp
to astralis <3
16 - 13 BlessRNG
SU ER KAPOW
@HDGamerLive Get back to Studying PunOko
MSL LUL
0/10 LUL
MSL 0 - 10 :D
10/10 MSL inc Kappa
i wwas on the toilet LUL
I like how konfig has a smurf picture :D
he didnt wathch GoT D: WutFace
Was this the worst even ever LUL
@despence_ cmonBruh
kid... :(
title says Denver DansGame
he is in the Faze Team :D
no i just didnt watch ca for a long time Kappa
why are heni kng and lucas for imortals? i thought that they are gone :D
no it is a offline match Kappa
and the three said that teir new team is set so what are they doing tehre :D
immortals vs fanatic who has won he sais faze Kappa
this isnt dever LUL
MAN BEWBS LUL
feel so good :)
ClappyHype ClappyDerp :D
kng Kappa
who win ATTAX VS KINGUIN ?? LUL
who win ATTAX VS KINGUIN ?? LU LUL
SKYNET WutFace
who win ATTAX VS KINGUIN ?? LUL
Nutted on my dog FailFish
lada Kappa
G2 PogChamp
who win ATTAX VS KINGUIN ?? LUL
who win ATTAX VS KINGUIN ?? LUL
Faker PogChamp
who win ATTAX VS KINGUIN ?? LUL
pump it up PogChamp
shroudC9 KappaClaus
Turned on KappaPride
Are they playing the wrong rerun? LUL
They are playing the wrong rerun LUL
Dreamhack Production EleGiggle
isnt this malmo ? DansGame
April WutFace
I have never watched this map so I can still enjoy it :)
ðŸ“ž OLÃ GAMERS MEDIA ðŸ“ž DAQUI VALVE ðŸ“ž O PRÃ“XIMO MAJOR Ã‰ VOSSO ðŸ“ž 4Head
nip in 2k17 4Head
guardian is running away like a beaten dog OneHand
guardian awp DansGame
Malmo LUL
Which team won this game :D
