who do you think will win? Kappa
bye bye HeyGuys
Same crap different toilet LUL
Ska PogChamp
ska LUL
i hate how inaccurate deagle is :(
ONLY TheTick A TRUE VIEWBOT CAN WEAR THE ANTENNA MrDestructoid
Na cs LUL
clg... LUL
1k ppl Major final CSGO is dead LUL
People totally love watching replays Kappa
What are you talking about this is live Kappa
live rerun Kappa
1k viewers major LUL
Let's get some in the chat boys Kappa
ez clg LUL
ChokeLG LUL
gg ez renegades Kappa
dota WutFace
best components? why is there an intel in it? Kappa
Gimme monster energy :D
Juice Monster PogChamp
can you give me AK-47 | Redline ? Kappa
@r . :p
@kemprii, KappaPride
LIVE MAJOR FINALS 1,5k VIEWERS CSGO DEAD EleGiggle
LIVE MAJOR FINALS 1,5k VIEWERS CSGO DEAD EleGiggle
LIVE MAJOR FINALS 1,5k VIEWERS CSGO DEAD EleGiggle
mouse :)
LIVE MAJOR FINALS 1,5k VIEWERS CSGO DEAD EleGiggle
LIVE MAJOR FINALS 1,5k VIEWERS CSGO DEAD LIVE MAJOR FINALS 1,5k VIEWERS CSGO DEAD EleGiggle
as if renegades could ever make the playoffs of a major LUL
LIVE MAJOR FINALS 1,5k VIEWERS CSGO DEAD EleGiggle
Major Grand Final Two NA teams 1.7k viewers 4Head
@pahatviinit BloodTrail
that was so dope <3
eli kaikki viinit :D
MAJOR CSGO FINAL MATCH 1,7K VIEWERS CSGO DEAD ResidentSleeper
i love you okka Bachan <3
CSGO STREAM 1,7K VIEWERS ANGRY FANBOIS USUAL CSGO MingLee
NA CS DendiFace
finish WutFace
na LUL
Is this live? if only Kappa
sk lost to that LUL
@bundesagentur_fuer_arbeit Hartz 4 PogChamp
BIG is going to win 16 - 10. It's already played :D
@FearlessOW shhh dont tell them :D
Rerun is the arena they play in SSSsss
weedFaded HeyGuys
no its live Kappa
Must be because of PUBG LUL
CSGO IS DEAD GO WATCH FORTNITE CoolStoryBob
@Spoonman20 ur life is as dead as that meme LUL
BotB 4Head
wish me luck plss thank you :)
Haven’t seen this game R)
@ who the fuck cares? hes a bully :(
@bliztking thanks :)
@blitzking troll on a new level PogChamp
The tittle said it all LUL
that's just the usual rerun troll :D
rerun trolls gettin banned now? LUL
I do like BIG :D
I got some work to do. So I'll be back later Have a good one. Cya ;)
un, backpack! PogChamp
un backpack! weedHype PogChamp
some players have cheats in his mouse :D
The way he pronounces shz is sounding like poo in german :D
I played non prime mm today. 4Head
^ :D
this live? Kappa
@rekt6587 FailFish
@wallbangQc FailFish
dost2 like "oh, we have a major schedule.." OpieOP
thought it should be kind of a slightly roast :D
I know :(
Full potato LUL
Its alright though, we still have our two asians <3
@imaginekaos You seriously promote that on Twitch? What a life. LUL
wondering if teams go smoke some hot shit after matches LUL
@eduardobarros1 second best world awp player BloodTrail
anomNeighbor anomGreed KappaClaus
abuse BibleThump
so many B teams here im prob gonna watch ESEA europe when it begins instead Keepo
EX6TENZ = SONIC PogChamp
RUFF 1 OhMyDog
pretty aweful LUL
? TriHard
Large Dxxks Large Cxxts ? Kappa
true idhaf? LUL
1.3k viewers last major 4Head
Mutch action in the chat huh? Kappa
Many action Kappa
im not a girl trút me HeyGuys
live Kreygasm
GRILL PogChamp
Still a grill LUL
this is LIVE PogChamp
Yeah this is definitely live Kappa
i just cant believe how live this is PogChamp
LIVE Kreygasm
Raffle PogChamp
LIVE Kreygasm
LIVE PogChamp
LIVE Kreygasm
tks! :)
Welcome to CS:GO the game where Snipers run and AK's camp. Kappa
LIVE Kreygasm
1,600 for a major lolol KappaPride
dead game LUL
LIVE Kreygasm
NA STRAT GUIDE LUL
1,7 K VIEWERS ON A MAJOR LIVE FINAL DEAD GAME LUL
