L D L C BlessRNG
@chargerstreams Kappa
aiite thanks to who ever told me to reload page :D
denver history LUL
this game will be ResidentSleeper
What type of subway was that? WutFace
EU CS cmonBruh
Mousesports? Mau5
L D L C BlessRNG
hi GivePLZ
NA casters LUL
CLG CLG CLG HeyGuys
ya vraiment 0 fr sur le chat ? Kappa
CLG CLG HeyGuys
ropz PogChamp
@zboubdelephant il ont tous 10 piges , donc non il dorme Kappa
niko didn't like him so he got benched 4Head
ropz <3
Bruise ? DansGame
smoke weed FutureMan
knicks LUL
Devil SeemsGood
bomb player devil 4Head
40% HS pro player Jebaited
GOD DEBIL 4Head
@TaPsomBONG Gold flakes PogChamp
LDLC wins ill give away a kara safari mesh :D
DEVIL WAKE UP SwiftRage
EX6 Kreygasm
L D L C BlessRNG
Counter-Talk ResidentSleeper
@chargerstreams to me? Kappa
Uk CS PogChamp
📞 Hello Chat 📞 CDLC Here 📞 Were Going To Kick A** 📞 Kappa
UK CS EleGiggle
alex and devil WutFace
Ex6TenZ looks so short. LUL
@KnightsWind renegades and clg just played cmonBruh
L D L C BlessRNG
have to root for ex6tenz because hes all the french scene has Keepo
L L LUL
📞 HELLO CLG 📞 AIRPORT HERE 📞 PLANE IS READY 4Head
not dust 2 noob pro teams LUL
nuke NotLikeThis
NA OPINION Jebaited
@deadpoolsheree noob pro teams? LUL
KQLY GOT BANNED FOR THIS ? DansGame
50 50 PogChamp
Kiss WutFace
Chat elevator PogChamp
!LDLC 4Head
hazed Kreygasm
ldlc fans go slep pls FutureMan
HAZED KappaPride
NA LUL
Dust doesn't like Nuke, if you are like him you don't like Nuke either Kappa
!teamHUNGARY BloodTrail
is that zeus? Kappa
L D L C BlessRNG
📞 Hello Chat 📞 CDLC Here 📞 Were Going To Kick A** 📞 Kappa
Cail to Colorado is so far LUL
BLU BLU BLU NotLikeThis
test Kappa
worse caster and analyst LUL
test Keepo
comment j'aimerais les LDLC mettent 2/0 pour fermer des bouche ;)
📞 Hello Twitch Chat 📞 LDLC Here 📞 Were Going To Kick A** 📞 Kappa
@magicman601 LUL
twins PogChamp
coloradope PogChamp
Dead GAME LUL
THEY ARE HIGH AF LETS GO KappaPride
420 CoolStoryBob
L D L C BlessRNG
PUBG Waiting room ResidentSleeper
D C LUL
NUKE ResidentSleeper
NUKE+ BLU NUKE+ BLU NUKE+ BLU NUKE+ BLU NotLikeThis
7k followers "verified" LUL
blind LUL
devil LUL
mouz <3
OSKAR GOD ??? PogChamp
respect ur opponent mouz DansGame
mouz didnt loose against forcebuy PogChamp
@battlefront390x nt LUL
720p for major stream gg dead game LUL
@dream9x PogChamp
styko LUL
SCOUTJ PogChamp
CEUNTER STRAKE IN 2 K 17 LUL
Mark my D, LDLC will win this 16-3 Kappa
LDLC is so bad ResidentSleeper
LDLC picked nuke LUL
19K AT A MAJOR FINAL LUL
devil LUL
18 million in the arena PogChamp
???? LUL
Force buy city LUL
NEW META LUL
timing LUL
720 quality WutFace
NA BUY LUL
LDCZ Kreygasm
Maniac pls cmonBruh
19K DEAD GAME LUL
EU FORCE BUY WutFace
Player Unknowns Battle Gro- ResidentSleeper
it works FailFish
WTF PogChamp
OfflineJ MVGame
WTF PogChamp
HOOOLLYYS SHIT PogChamp
WTF PogChamp
hi reddit PogChamp
VAC PogChamp
REDDIT PogChamp
GOD J Kreygasm
WTF PogChamp
LANJ PogChamp
WTF PogChamp
WTF PogChamp
SO fcking REKT Kreygasm
OH BABY A TRIPLE PogChamp
ninja LUL
THAT CLUTCH OF HELL HOLY SHIT PogChamp
Chat woke up LUL
ONLINE J LUL
ldlc nuke LUL
to1nou wallou cmonBruh
BOT ALEX LUL
alex LUL
OK LUL
Alex UK CS LUL
D C LUL
C C LUL
19k viewers btw LUL
LDLC picking a map they already lost on LUL
ldlc so unlucky LUL
MOUZ LUL
SAVED KappaRoss
250 word paper due monday and I'm watching cs lol 4Head
NUKE PICK LOL Kappa
devil MVGame
LDLC ResidentSleeper
full homeless LUL
I heard Ex6TeNz was a good IGL? LUL
DEVIL KappaPride
Mous is bad BTW LUL
Launders way funnier this event LUL
DIESER CHAT IST JETZT DEUTSCH DatSheffy
Ex6TeNz good IGL LUL
das furer would be proud Kappa
why can these people in chat not spell Dutch Kappa
20K VIEWERS MAJOR FINALS LUL
botskar LUL
crouch sprayers DansGame
ROPZ PogChamp
bot j LUL
D C LUL
BOTJ IS BACK LUL
we lost 4Head
throwing LUL
LDLC LUL
god maniac LUL
similing 4Head
I lost? EleGiggle
fancy plays LUL
MOUSESP TS LUL
@zudeno so he doesnt get heard youre clearly smarter than pro players LUL
CSGO DEAD GAME EleGiggle
major meme dead meme LUL
250 word paper due monday and I'm watching cs lol 4Head
2k viewers for this CoD major LUL
LDLC IZI MAP Kappa
@bananabboi Destiny 2 LUL
? HotPokket
20k VIEWERS IN DOTA3 MAJOR DEAD GAME LUL
LDLC choosing a map they can' play LUL
SAVE EleGiggle
the plays LUL
NA CASTERS LUL
next level shit MVGame
LAUNDERS LUL
NICE CASTER SeemsGood
NA CASTER LUL
caster LUL
They saved cuz Alex is stupid and went solo with the bomb FailFish
NA CASTERS LUL
LDLC securing A site when they dont even have bomb FailFish
Rushline turn on your monitor Kappa
NAUNDERS LUL
LAN J PogChamp
MUMBLE RAP FANBOYS LUL
KappaHD shroudAK ANELE
CASTERS LUL
@dille1488 and u are with us Jebaited
Rank C chat FailFish
CS:GO is dead?? PogChamp
LANJ PogChamp
Don't talk in chat unless you're high ranked player in MM (gold nova 2 or higher) FailFish
7-1 incoming PogChamp
oskar without awp PogChamp
BRA71L LUL
gold nova 2 = high rank LUL
7-1 BRA7IL SoBayed
D L c LUL
El1ge's brother PogChamp
7:1 :(
SCARFACE ROPZ LUL
@xiTuner getting b8'd by an old meme LUL
LDLC LUL
pq os gringa zoa nois? :D
the movement PogChamp
Please Don't talk in chat unless you're high ranked player in MM (gold nova 2 or higher) FailFish
to1nou baiter LUL
DLC LUL
NA FLASH LUL
ldlc tier 8 ? 4Head
EU MOVEMENT LUL
@420FC IM S4 MOUZ IS HACKER BabyRage
botskar LUL
nubby BabyRage
Looks like me playing MM LUL
csgo LUL
That's my aim LUL
silver fight LUL
Botskar in LAN LUL
oskar on rifles LUL
Sliver LUL
OSKAR on rifle LUL
Ex6TeNz best IGL LUL
@stancedexodus, i'm gn3 so i know they are not hacking Keepo
LDLC STRATS LUL
kool aid LUL
EX6TENZ GOOD IGL LUL
Kool LUL
Sliver match LUL
ex6stenz in 2017 LUL
Nice half buy LUL
LDLELC LUL
SICK STRAT GOOD BUY LUL
nice buy idiots LUL
french cs LUL
DEVIL LUL
WHAT IS THIS GAMR LUL
CeRq died for this :(
GOOD BUY GOOD BYE LUL
UK CS ALEX LUL
420 lmao KappaPride
4k LUL
no wonder chrisj is playing well LUL
STYKO PogChamp
WEED LUL
SRYK <3
LDLC LUL
4K PogChamp
"fully legal" >still federally illegal Jebaited
MATCHMAKING ON TWITCH? LUL
D C LUL
NRG LOST 2-0 TO THIS LUL
STYKO PogChamp
STYKO DESTROYING PEOPLE LUL
VANS IN 2017 LUL
huahuahua LUL
NUKE LUL
D C LUL
@Spooce84 Renegades :D
DEVIL LUL
O_o KappaPride
DEVIL LUL
Nuke was LDLC pick LUL
nice map pick LUL
FRENCH CS IN 2017 LUL
@fixions nice bait LUL
DEE SEE LUL
good map pick ldlc Kappa
C9 LUL
LDLC is waiting for the clean sweep CT side FailFish
DEE SEE LUL
French always lose Kappa
XD C LUL
/ hi everyone TriHard
ex6 in 2017 LUL
ONE MORE "OwO" AND IM LEAVING Kappa
crowd LUL
EX6 TO SUPERTEAM 4Head
123 in chat Kappa
I FUCKING GOT A 3 MIN AD JUST BECAUSE I DIDNT ENTER EARLOR, THX TWITCH 4Head
These tactical pauses from LDLC ResidentSleeper
crowd LUL
Ldlc not french team NA education LUL
123 Kappa
\ / Kappa
DEE SEE DEE SEE DEE SEE BEST NOOBS IN TOWN LUL
123 Kappa
Dabbing oneself out of existence in 2017 LUL
MAC 10. SEIZED ISNT IN MOUZ LUL
10 1 LUL
LDLC IN 2K17 LUL
EX6TENZ OUTDATED MANIAC OVERRATED DEVIL JEBAITED LDLC ELIMINATED Jebaited
KNICKS LUL
JebaitedJebaited EX6TENZ OUTDATED MANIAC OVERRATED DEVIL JEBAITED LDLC ELIMINATED Jebaited
16k LUL
L D L C EleGiggle
should be banned because it is racist TriHard
3. LDLC picked Nuke WutFace
@deoncatindig10 ldlc LUL
L D L C LUL
DLC LUL
L D L C LUL
LDLC LUL
wtf ldlc are throwing LUL
oskar LUL
L D L C EleGiggle
16-1 LUL
gg wp LUL
D C LUL
D L C LUL
DLC DLC LUL
LULC LUL
LDLC doing the same shit over and over expecting different results EleGiggle
Family Show Ropz BibleThump
L D L C LUL
Save to this EleGiggle
french cs LUL
REKT LUL
L D L C EleGiggle
12-2 possible PogChamp
L D L C LUL
knicks LUL
12-16 PogChamp
WARNING ⚠: The emote “ “ will be removed after 10 more uses due to connections to racism. Please do not spam in the chat . TriHard
16-12 PogChamp
the commentator funny LUL
WARNING ⚠: The emote “ “ will be removed after 10 more uses due to connections to racism. Please do not spam in the chat. TriHard
comes e bebes is rio PogChamp
should be banned because it is racist TriHard
? TriHard
COMEBACK TIME LUL
? cmonBruh
WARNING ⚠: The emote “ “ will be removed after 10 more uses due to connections to racism. Please do not spam in the chat. TriHard
Ok 16-2 LUL
WARNING ⚠: The emote “ “ will be removed after 10 more uses due to connections to racism. Please do not spam in the chat , TriHard
its okay guys, CT sided Kappa
WARNING ⚠: The emote “ “ will be removed after 10 more uses due to connections to racism. Please do not spam in the chat. TriHard
7 TriHard
monkaS 👉 TriHard
what did u say cmonBruh
EX6TENCE DEAGLE LUL
11 12 13 14 15 PogChamp
D C LUL
/ TriHard
7 TriHard
monkaS monkaSChannel: monkasenBetterTTV Channel Emotes :point_right: TriHard
god dammit chat FailFish
ma TriHard
monkaS 👉 7 TriHard
200 IQ sunny PogChamp
x6 deag but teammates have 1200? LUL
WARNING ⚠: The emote “ “ will be removed after 10 more uses due to connections to racism. Please do not spam in the chat. TriHard
L D L C LUL
D C LUL
WARNING ⚠: The emote “ “ will be removed after 10 more uses due to connections to racism. Please do not spam in the chat. . TriHard
VAC PogChamp
nice LUL
PUSHING SMOKE LUL
SILVER GAME LUL
devil LUL
wtf are ldlc doing? DansGame
TK LUL
ropz again PogChamp
DEVIL LUL
TK LUL
WARNING ⚠: The emote “ “ will be removed after 10 more uses due to connections to racism. Please do not spam in the chat, TriHard
L D L C LUL
DEVIL LUL
DEV LUL
L D L C LUL
PUTIN MAIS C EST QUOI CA FailFish
WARNING ⚠: The emote “ “ will be removed after 10 more uses due to connections to racism. Please do not spam in the chat' TriHard
NEXT LEVEL STRATS LUL
DEVIL LUL
WARNING ⚠: The emote “ “ will be removed after 10 more uses due to connections to racism. Please do not spam in the chat. . TriHard
"PUSH THE SMOKE" GOOD CALL LUL
Deni BrokeBack
WARNING ⚠: The emote “ “ will be removed after 10 more uses due to connections to racism. Please do not spam in the chat TriHard
stolen ace, feelsbadman :(
TK disbandLUL LUL
ACE DENIED LUL
PogC LUL
ACE STOLEN LUL
Not Ace confirmed :(
Never seen Devil play a LAN without at least 1 tk LUL
@dreamhackcs HeyGuys
WARNING ⚠: The emote “ “ will be removed after 10 more uses due to connections to racism. Please do not spam in the chat. TriHard
push under smoke NotLikeThis
WARNING ⚠: The emote “ “ will be removed after 10 more uses due to connections to racism. Please do not spam in the chat, TriHard
WARNING ⚠: The emote “ “ will be removed after 10 more uses due to connections to racism. Please do not spam in the chat. . TriHard
Lemme push through smoke without even flashing must be LDLC BrokeBack
WARNING ⚠: The emote “ “ will be removed after 10 more uses due to connections to racism. Please do not spam in the chat. TriHard
L D L C LUL
Good map pick Kappa
7 TriHard
admin spam 4Head
inc LDLC reverse sweep 4Head
that map pick LUL
DEAD CROWD LUL
CT sided Kappa
? Kappa
@DreamHackCS no bully BibleThump
@DreamHackCS HeyGuys
Nuke LUL
1by 1 Push LUL
nuke ct sided 4Head
WARNING ⚠: The emote “ “ will be removed after 10 more uses due to connections to haHAA. Please do not spam in the chat. . LUL
XD LUL
L D L C BlessRNG
monkaS 👉 TriHard
"DEVIL" LuL EleGiggle
HSVoid TwitchUnity
L D L C LUL
16 seconds LUL
ROFL LUL
GG ez LUL
L D L C EleGiggle
L D L C BlessRNG
gg LUL
LDLC tier 1 LUL
shit eating grin!!!! LUL
DreamHack : We’re behind schedule! LDLC : Say no more. Hold my beer LUL
I blinked what happened Kappa
ldlc LUL
CiGrip CiGrip 4Head
Oskar never happy LUL
LAUNDERS LUL
L D L C EleGiggle
3. LDLC picked Nuke LUL
L D L C LUL
chrisj literally rush a strat LUL
L D L C LUL
18 seconds LUL
LDLC picked this map because they just want to go home 4Head
D C LUL
Its such a shame that an emote with a black persons face cant be used responsibly by twitch chat too many racist kids who dont understand the consequences of their actions :(
frenchies better at real combat LUL
L D L C EleGiggle
1 1 LUL
1 TriHard
1 Kappa
1 LUL
7 TriHard
1 TriHard
CHAT COPIES ANYTHING BETWEEN EMOTES 4Head
1 TriHard
1v4 1 hp clutch inc Kappa
ldlc is such a garbage team LUL
Alex is a stupid TriHard
KOBE LUL
L D L C LUL
KOBE LUL
LDLC LUL
what happened to ropz face :(
L D L C EleGiggle
L D L C LUL
L D L C BlessRNG
bon bah c'etait une bonne game ça Kappa
L D L C LUL
ChrisJ default galil thats the secret PogChamp
Sooooo fast first map LUL
D C LUL
French CS 4Head
MOUZ>LDLC> NA LUL
GG EZ LUL
losing 16 -4 against mouz on this map yesterday, picks it again LUL
L D L C EleGiggle
just go suicde LUL
DESTROYED ON OWN MAP LUL
L D L C LUL
GG LUL
80000 iq play PogChamp
LOLC LUL
L D L C EleGiggle
D C LUL
close game PogChamp
THIS WAS LDLC PICK LUL
DEVIL LUL
EZ HANDICAP LUL
LDLCZ-75 LUL
3. LDLC picked Nuke LUL
3. LDLC picked Nuke BrokeBack
MOUZ > LDLC > NA LUL
UK CASTERS LUL
LILDC LUL
any ? TriHard
NRG LOST TO THAT LUL
/ TriHard
LDLC throwing for skins LUL
DLC LUL
7 TriHard
LAUNDERS <3
L D L C BlessRNG
WARNING ⚠: The emote “ “ will be removed after 10 more uses due to connections to haHAA. Please do not spam in the chat. . LUL
GO INFAMOUS SwiftRage
LDLC > T1 NA LUL
SELLOUT PogChamp
corsair keyboards Kreygasm
Mouz keyboard KappaPride
baguettes LUL
highlight from nova 2 mm LUL
woaw LUL
waow PogChamp
200IQ GAME PogChamp
Rick and Morty PogChamp
NOT P2W LUL
SCAMMAZ TriHard
smart show PogChamp
WIN AT SLIVAH TV TriHard
The train CJ TriHard
Scammasssss TriHard
7 TriHard
BOOSST PogChamp
DOOOMFFIIIIST TriHard
Scam LUL
FNATIC IN 2017 LUL
fnatic LUL
fnatic LUL
CHINESE PogChamp
banQ spray control LUL
7 TriHard
nice music TriHard
7 TriHard
?? TriHard
AKKE Kreygasm
Akke? TriHard
ad WutFace
AKKE GOD PogChamp
@TriHardFromSyria cmonBruh
ads BabyRage
just a little bit closer Jebaited
wassup TriHard
ay cuh TriHard
YEET TriHard
So I love chat LUL
Akke KappaPride
DLC LUL
NICE PICK TriHard
where is dududu? SMOrc
NA music TriHard
How much is Akke? KappaPride
LDLC LUL
na pizza SeemsGood
DLC LUL
Nice major... better than pgl atleast LUL
akke KappaPride
@afugy DansGame
@Salty_2k17 We all know no one is waiting on you LUL
L D L C BlessRNG
woooh KappaPride
ok guys my right hand is the only thing waiting :(
follow me KappaPride
Akke my Swedistani grill KappaPride
Akke best csgo player Kappa
interesting LUL
shroud: "I've baited enough kids to my stream. Thanks Mr. Gaben. Good luck with your dead game" LUL
"dead game" LUL
17k viewers on a CS MAJOR ? cs is dead game LUL
dead game meme ResidentSleeper
CHICKEN BIGMAC Kreygasm
LULDC Professional Team Kappa
DreamHack : We’re behind schedule! LDLC : Say no more, fam. We gotchu LUL
some people are saying it's not a major. like c9 plays minor tournaments LUL
ROPZ <3
rops is so sweet <3
RERUN LUL
1Head 2Head 3Head 5Head 4Head
major final only 18 k viewers this game is so dead LUL
EU TEETH PogChamp
WARNING ⚠: The emote “ “ will be removed after 10 more uses due to connections to haHAA. Please do not spam in the chat. . LUL
runboost PogChamp
L D L C NotLikeThis
HAT TEAM PogChamp
LDLC probably voted trump Kappa
grand final only 18k viewers LUL
ldlc should forfeit LUL
Grand final LUL
HATS VoteYea
MAJOR FINAL 19 K VIEWERS THIS GAME IS DEAD LUL
18K VIEWERS IN MAJOR FINAL LUL
SKYAAAAA TriHard
frenchies surrendering LUL
casters have no expectations Kappa
overwatch is a more alive game LUL
mouz guns looks like GN MM 4Head
LDLC onliners LUL
mous HATS VoteYea
LDLC LUL
LDLC in a major LUL
LDLC plzz BlessRNG
18K VIEWERS MAJOR FINAL CS IS DEAD LUL
gg end NotLikeThis
L D L C NotLikeThis
what a clown fiesta LUL
D C LUL
BOTS LUL
BOTS LUL
no offense LUL
mouz > bots SeemsGood
BOTS ON HARMLESS LUL
no offence LUL
Lmao LDLC make major final just to do this LUL
📞 HELLO LDLC 📞 AIRPORT HERE 📞 YOUR PLANE IS READY 4Head
haha LDLC bettor be like LDLC plzz BlessRNG
haha LDLC bettor be like LDLC plzz haha LDLC bettor be like LDLC plzz BlessRNG
@Miguel_Rocha_27 LUL
16-0 BlessRNG
L D L C NotLikeThis
GG LUL
EYE WutFace
16-0 BlessRNG
albino WutFace
L D L C NotLikeThis
LDLC DELETE? LUL
16-0 TakeNRG
LDLC getting a kill/roun LUL
L D L C BlessRNG
EU CS LUL
L D L C NotLikeThis
BOTS LUL
LDLC LUL
R P Z PogChamp
MAJOR VEIWERS DEAD GAME AM I FUNNY YET GUIZ? LUL
@pocarela LUL
@pocarela yeah lol, i like getting Jebaited
GG LUL
LDLC LUL
yung putin Kappa
16-0 BlessRNG
Stop they're already dead BibleThump
D C LUL
maniac PogChamp
18K VIEWERS MAJOR FINAL CS IS DEAD LUL
16-0 BlessRNG
D C LUL
Ldlc sucks SO DAMN BAD LUL
Kick then surrender LUL
MisterMonopoli: Stop they're already dead BibleThump
D C LUL
DEVIL ON LAN LUL
MAJOR VEIWERS DEAD GAME AM I FUNNY YET GUIZ? LUL
L D C LUL
16-0 BlessRNG
D C LUL
This looks like a real game, thank good its just the warmup LUL
ME ORC ME SPAM NO MOD NO BAN SMOrc
???? TriHard
LDLC WAS THE EU QUALIFIER 4Head
ME ORC ME SPAM NO MOD NO BAN SMOrc
D C LUL
11 kils PogChamp
@overraz RIP LUL
betting on the wrong team LUL
7-0 LUL
LDLC vs NA Ezpz vs EU Oshitt LUL
Timeout Presented by Doritis DoritosChip
ME ORC ME SPAM NO MOD NO BAN SMOrc
haha LDLC bettor be like LDLC plzz BlessRNG
16-0 BlessRNG
@loafxd MAJOR VEIWERS DEAD GAME LUL
ME ORC ME SPAM NO MOD NO BAN SMOrc
1v3 LUL
ME ORC ME SPAM NO MOD NO BAN ! SMOrc
16-0 ez LUL
ME ORC ME SPAM NO MOD NO BAN SMOrc
1v3 LUL
ME ORC ME SPAM NO MOD NO BAN . SMOrc
@coleridge49 18K VIEWERS MAJOR FINAL CS IS DEAD LUL
1 v 3 ? sap caster LUL
haha LDLC bettor be like LDLC plzz haha LDLC bettor be like LDLC plzz BlessRNG
Lul D Lul C haha LUL
181.9 PogChamp
16-1 LUL
@loafxd MAJOR VEIWERS DEAD GAME AM I FUNNY YET GUIZ? LUL
eye WutFace
181 adr PogChamp
D C LUL
181adr Kreygasm
ME ORC ME SPAM NO MOD NO BAN SMOrc
wun tep miester Kappa
ME ORC ME SPAM NO MOD NO BAN SMOrc
haha LDLC bettor be like LDLC plzz BlessRNG
7-1 BlessRNG
haha LDLC bettor be like LDLC plzz haha LDLC bettor be like LDLC plzz BlessRNG
ME ORC ME SPAM NO MOD NO BAN SMOrc
ME ORC ME SPAM NO MOD NO BAN SMOrc
ME ORC ME SPAM NO MOD NO BAN SMOrc
7-1 BlessRNG
ME ORC ME SPAM NO MOD NO BAN SMOrc
16-0 BlessRNG
haha LDLC bettor be like LDLC plzz BlessRNG
Live Die Leave Cry LUL
16-0 BlessRNG
i want 7-1 but i want 16-0 NotLikeThis
ME ORC ME SPAM NO MOD NO BAN SMOrc
ME ORC ME SPAM NO MOD NO BAN SMOrc
16-0 HSWP
haha LDLC bettor be like LDLC plzz haha LDLC bettor be like LDLC plzz BlessRNG
guess we know what LDLC is offline LUL
16-0 BlessRNG
20k viewers for a cs:go major what the actual? I remember when a simple qualifier would net 120k viewers. Pity. FailFish
5v2 to 2v2 LUL
7-1 BlessRNG
16-0 BlessRNG
This game ResidentSleeper
LDLC has pub strats go A or go B only call 4Head
Bra71l BlessRNG
7-1 PogChamp
// Kappa
BRA7-1L EleGiggle
7-1 LUL
rip 16-0 :(
7-1 BlessRNG
7-1 LUL
7-16 PogChamp
16-1 4Head
7-16 LUL
Bra71L Bra71L Bra71L Kreygasm
7-1 LUL
BRA71L LUL
haha LDLC bettor be like LDLC plzz haha LDLC bettor be like LDLC plzz BlessRNG
7-1 LUL
nice LDLC you won 1 single round yeaaa LUL
LDLC thx for perfect Bra71L setup Kreygasm
7-1 Kappa
Bra7-1 LUL
BRA71L dogdogLOL LUL
haha LDLC bettor be like LDLC plzz haha LDLC bettor be like LDLC plzz BlessRNG
haha LDLC bettor be like LDLC plzz BlessRNG
HEY EU NICE MAJOR 20 VIEWERS 4Head
haha LDLC bettor be like LDLC plzz haha LDLC bettor be like LDLC plzz BlessRNG
claws rawr Kappa
haha LDLC bettor be like LDLC plzz BlessRNG
LDLC LUL
D C LUL
haha LDLC bettor be like LDLC plzz haha LDLC bettor be like LDLC plzz BlessRNG
ME ORC ME SPAM NO MOD NO BAN SMOrc
this is a fair match Kappa
why major fuck BabyRage
LIDLC LUL
i have 500$ on LDLC :(
D C LUL
L L LUL
NO ONE WATCHING DROP LUL
D C LUL
nice stepping LUL
L L LUL
existence is smoked Kappa
ex6tenz clutch LUL
1 pushed, with bomb... and one ran away to save... nice teamplay FailFish
@shadowscheme3 They lost their own pick but won 2-1. AU CS LUL
SUNNY LUL
L L LUL
moving LUL
oskar awp <3
Twins Kreygasm
SUNNY LUL
oskar AWP Kreygasm
haha LDLC bettor be like LDLC plzz BlessRNG
0-0-10 EleGiggle
0 10 LUL
Is oskar 50 yo? LUL
I do Kappa
SUNNY LUL
Alex TriHard
it has to be embarrassing to be this bad LDLC LUL
REMEMBER WHEN PEOPLE WANTED TO1NOU TO BE PART OF THE FRENCH SUPERTEAM LUL
Alex is English ffs LUL
0 11 LUL
"NEW UPCOMING TALENT" LUL
obviously wallhacking LUL
"TALENT" LuL Jebaited
MOUZ VS CLOUD9 CLOUD9 WIN PogChamp
16-1 BlessRNG
mouzsports coach is like I'm ready to go home Kappa
@foziegod WHAT A ENGLISGES IN A CHAT PogChamp
missed the old titan :(
L L C LUL
haha LDLC bettor be like LDLC plzz BlessRNG
LDLC WITHOU KQLY LUL
GOD ROPZ 2017 <3
Beta dreamhack with beta teams and beta hosts beta casters LUL
LDLC WITHOUT KQLY LUL
@Powah999 Titan were best in the world at one point. How long you been around? LUL
D C LUL
ldlc still better than NA team LUL
lmao wtf :D
D C without online cheats LUL
ldlc hack online for sure LUL
11-1 LUL
L D L LUL
ONE KILL PogChamp
16-1 confirmed LUL
ldlc took 3 rounds already this series PogChamp
D C LUL
im done BabyRage
LDLC WITHOUT KQLY LUL
another 16-2 LUL
0 - 0 - 12 PogChamp
1-0-12 4Head
its bit harder without cheats yep baguettes? LUL
D C so bad LUL
EU CS LUL
SALT MY DISH BARTENDER PogChamp
LDLCrap LUL
MOUZ > LDLC > NA LUL
@Grimzzz mouz really isn't playing that good...LDLC just has no talent except with online connection benefits LUL
C LUL
11-16 ez SeemsGood
@foziegod Get better England first then you can talk LUL
REKT LUL
20k viewbots 4Head
REAL PROS NEVER FAKE LUL
L LC LUL
D C LUL
D C LUL
0 IQ 0 IQ 0 IQ 0 IQ 0 IQ 0 IQ LUL
L DLC LUL
0 IQ PLAY LUL
LDLC WITHOUT KQLY LUL
1 - 1 - 13 PogChamp
bot ex6 LUL
Smartest FR player BrokeBack
those moe fails need to be spammed Kappa
there is bad and then there is Pathetic LUL
Keyboard WutFace
time to plan LUL
1-13 lols LUL
ONLY 20K DEAD GAME CSGO LUL
ropzsports PogChamp
L DLC LUL
ARROW KEYS 1.6 LUL
MY NAME IS DEVIL I AM A BAITER, SEE YOU ON THE SITE A LITTLE LATER CoolStoryBob
ARROW KEYS LUL
D C LUL
Triggered LUL
MOUZ > LDLC > NA LUL
keyboard arrow keys WutFace
RASH B LUL
its not me, its my connection because its an even match LUL
20K DEAD GAME CS DIE LUL
take a timeout to figure out to rush b LUL
L C LUL
WTF LUL
ROPZ PogChamp
GODz Kreygasm
ACE BlessRNG
ACT BlessRNG
GODz GODz Kreygasm
ARE YOU FU... LUL
NO KIT LUL
WHY PEEK XD LUL
ARE YOU F LUL
ARE YOU F Kreygasm
Maniac LUL
0.05 LUL
OoOoH pApA cHrIsJ nOsCoPe Me So HaRd PogChamp
0.05 sec LUL
so fcking rekt omg Kreygasm
so bad FailFish
16-1 BlessRNG
minnesota twins LUL
ROBIN KOOL KKool PogChamp
there is being unlucky and just being terrible at offline matches LUL
17 year old PogChamp
MOUZ NA PRIDE PogChamp
haha LDLC bettor be like LDLC plzz haha LDLC bettor be like LDLC plzz BlessRNG
BOT Maniac DansGame
t sided map btw LUL
haha LDLC bettor be like LDLC plzz BlessRNG
NA MOUZ <3
LDLC ARE SO UNLUCKY LUL
BOTSKAR LUL
ropz cute <3
BOTSKAR LUL
botskar :(
BOT DEBIL LUL
BOT AWARENESS LUL
14-1 LUL
16-1 BlessRNG
MOUSE NO RESPECT LUL
UNLUCKY 1-14 LUL
game ResidentSleeper
16-1 LUL
ROPZ VAC LUL
16-14 PogChamp
T SIDED LUL
@fake_bian ur mum to LUL
Hi LDLC your flight leaves in 20min hurry up HeyGuys
14-16 dream BlessRNG
14-1 BrokeBack
pls still invite ldlc to big lans instead rly good teams LUL
16-2 and 14-1 NotLikeThis
its ct sided and ldlc will comeback now Kappa
14---1 BrokeBack
GONNA BE 32-3 LUL
@insomniaticpanda, x100500 Kappa
Live Die Lose Cry LUL
no this is CT Sided Kappa
Live Die Lose Cry LUL
WORST SKILLED LUL
P2K LUL
BOT DUEL PogChamp
ROPZ GOD NEW SCREAM GOD HYPE BEST SMURF IN THE WORLD <3
I was on a different tab but 14-1 14-1 14-1 14-1 14-1 LUL
200 IQ PogChamp
o :(
REDDIT TO1NOU AIMBOT CLARA! LUL
16-14 PogChamp
14-16 PogChamp
16-14 PogChamp
16-14 PogChamp
15-0 second half PogChamp
comeback FailFish
getting rounds DansGame
14 - 16 LUL
Is this Live? 4Head
16-2 1st game, 16-2 2nd game :(
I'm just happy to see LDLC at lan, hope they keep improving :)
14 - 16 Kappa
BOTJ LUL
.. Kappa
16-14 PogChamp
16-3 PogChamp
DENIED LUL
14-16 HLTV confirmed Kappa
gg boyz 16-14 LUL
... Kappa
monkaS LUL
delaying the loss ResidentSleeper
DEBIL 4Head
we lost 4Head
defusal Kappa
Defus LUL
L L PogChamp
16-15 Kappa
MOUZ VS ENVY FLASHBACKS LUL
14 - 16 coming, ohh its not a chinesse mafia tournament 4Head
Luckesport throw PogChamp
16-14 LUL
Comeback is real LUL
ez cumback LUL
15-19 trackcsgo confirmed :)
2 more rounds, nice fix LUL
mistou or riot SwiftRage
ji ji has been called DendiFace
sexi girl bent over Kreygasm
grill Kreygasm
Up up down down left right left right B A select start Kappa
GRILL :D
ya baby bend over Kappa
cringe coach LUL
chrisJ ResidentSleeper
M ResidentSleeper
just lose already ResidentSleeper
WARNING ⚠: The emote “ “ will be removed after 10 more uses due to connections to haHAA. Please do not spam in the chat. . LUL
CrhisJ = MVGame
astro headset Kappa
Live is a sponsor guys DarkMode
Ripdlc LUL
LDLC toggling on Kappa
how can I donate to this channel? Kappa
CUMBACK TIME BOIS Kappa
WARNING ⚠: The emote “ “ will be removed after 10 more uses due to connections to haHAA. Please do not spam in the chat. LUL
LDLCrap LUL
14 - 16 coming, ohh its not a chinessw mafia tournament LUL
10:20 in Bangkok SeemsGood
LuL in 2017 LUL
BOT LUL
BOT LUL
14-88 in Fuhrerland / DatSheffy
10 more LUL
14-16 LUL
16-14 i believe PogChamp
DECOY PogChamp
SEIZED PogChamp
16 - 200 coming LUL
DEVIL LUL
what are you doing maniac... FailFish
5:22 am now here in germany :D
comeback is unreal LUL
15-15 LUL
MANIAC LUL
My name is Oskar I'm a big baiter I'll see you on the bombsite A little bit later Jebaited
MANIAC LUL
D C LUL
portugal is a region in spain right? 4Head
D C LUL
CameraMan AFK LUL
now it's gg LUL
15 - 200 coming LUL
@csmace rage LUL
D C LUL
16 2 16 4 LUL
DEBIL LUL
gg LUL
EZ BOTS LUL
pro games should have take control like you can on bots 4Head
gg french idiots lol :)
15-5 PogChamp
COMEBACK LUL
OH LUL
ohhhhhh 4Head
pressure is on you will be kicked Kappa
32 6 LUL
LLUL LUL
GG AUF GEHTS :D
2-16 , 4-16 LUL
ScaredyCat Kappa
MUSIC BibleThump
RIP NeoFAG EleGiggle
NO CHINESSE TOURNAMENT = NO MAFIA 4Head
legal LUL
is that a grill Kappa
STAY LIT BOIS PogChamp
Ibra PogChamp
KRAUT NEIN DansGame
stay lit PogChamp
STAY LIT 4Head
LOOOOOL 4Head
haHaa 4Head
STAY LIT TriHard
DUST Kappa
Ropz should find a ropez Kappa
2.01 rating LUL
that was without ropz though 4Head
is that the real c9 flux @C9FluX PogChamp
big dead LUL
hazed Kreygasm
BIG deal LUL
High school players LUL
@C9FluX and I'm afraid you're a nobody with 0 followers on twitch LUL
when people look at twitch followers LUL
Sellout PogChamp
STUNNA <3
ACE PogChamp
GG mouz <3
@ittaisenpai LUL
Scripted Robot 4Head
Still 720p LUL
free coins PogChamp
I don't understand, I'm not intelligent enough BibleThump
i love r&m :)
fnatic PogChamp
flusha without cheats :(
