SPAM THIS NOODLE TO HELP SKADOODLE pastaThat
HELLO EU? 📞 NA HERE 📞 TIME TO GO 4Head
SPAM THIS NOODLE TO HELP SKADOODLE pastaThat
NOODLES OUT FOR SKADOODLE pastaThat
NA CS LUL
SPAM THIS NOODLE TO HELP SKADOODLE pastaThat
SPAM THIS NOODLE TO HELP SKADOODLE pastaThat
4Head4Headspam this spam that thats right its twitch chat 4Head
Dreamhack 55k Shrood 51k LUL
sup ma ers TriHard
// Kappa
@OrangeRice LUL
spam this spam that thats right its twitch chat 4Head
Your all’s music is shit about as bad as commentary Kappa
2 PIZZA ROLES IN A ROW PogChamp
EU WHY SO QUIET? 4Head
NOODLES OUT FOR SKADOODLE pastaThat
SPAM THIS NOODLE TO HELP SKADOODLE pastaThat
TC SIDE LUL
HEHE TriHard
SPAM THIS NOODLE TO HELP SKADOODLE pastaThat
I PIZZA ROLLS <3
TC SIDE NEW META PogChamp
SPAM THIS NOODLE TO HELP SKADOODLE pastaThat
spam this spam that thats right its twitch chat d 4Head
📞 HELLO NA? 📞 EU HERE 📞 TIME TO GO HOME 📞 4Head
My Belly is larger My brain has delay You guessed it right I'm from NA 4Head
SPAM THIS NOODLE TO HELP SKADOODLE lolol pastaThat
Shroudimatic KappaPride
GODSEN Kreygasm
EU WHY SO QUIET? 4Head
GET IN INNER LUL
SPAM THIS NOODLE TO HELP SKADOODLE pastaThat
SPAM THIS NOODLE TO HELP SKADOODLE pastaThat
SPAM THIS NOODLE TO HELP SKADOODLE pastaThat
SPAM THIS NOODLE TO HELP SKADOODLE lolol pastaThat
Spam This Noodle to help Skadoodle pastaThat
SPAM THIS NOODLE TO HELP SKADOODLE lolol ska pastaThat
SPAM THIS NOODLE TO HELP SKADOODLE pastaThat
NA CS LUL
!c9 LUL
📞 HELLO NA? 📞 EU HERE 📞 TIME TO GO HOME 📞 4Head
11-1 PogChamp
EU CS EleGiggle
NA CS LUL
BIG WITHOUT BUG EleGiggle
! OpieOP
SPAM THIS WEEB TO HELP KEEV TehePelo
KAPPA OUTDATED POGCHAMP OVERRATED LONG HAVE WE WAITED NOW WE JEBAITED Jebaited
! OpieOP
Spam This Noodle to help Skadoodle pastaThat
11-1 PogChamp
11-1 PogChamp
C9 LUL
SPAM THIS WEEB TO HELP KEEV TehePelo
SMELLS LIKE POO TEETH ARE YELLOW THATS RIGHT IM AN EU FELLOW LUL
CLOWN 9 LUL
SPAM THIS WEEB TO HELP KEEV TehePelo
my teeth are yellow sometimes blue you guessed it righjt im from EU 4Head
SPAM THIS NOODLE TO HELP SKADOODLE pastaThat
EU time 100K vieuwers NA time 55k vieuwers LUL
NA crowd LUL
SPAM THIS WEEB TO HELP KEEV TehePelo
boys HotPokket
Spam This Noodle to help Skadoodle pastaThat
SPAM THIS NOODLE TO HELP SKADOODLE pastaThat
for BIG GUYS!???? PJSalt
SPAM THIS NOODLE TO HELP SKADOODLE pastaThat
NA CROWD 4Head
SPAM THIS NOODLE TO HELP SKADOODLE pastaThat
ESKETIT TriHard
SPAM THIS NOODLE TO HELP SKADOODLE pastaThat
SPAM THIS NOODLE TO HELP SKADOODLE pastaThat
BOYS??? HotPokket
SPAM THIS NOODLE TO HELP SKADOODLE pastaThat
SPAM THIS NOODLE TO HELP SKADOODLE pastaThat
SPAM THIS NOODLE TO HELP SKADOODLE pastaThat
SPAM THIS NOODLE TO HELP SKADOODLE pastaThat
SPAM THIS NOODLE TO HELP SKADOODLE pastaThat
SPAM THIS NOODLE TO HELP SKADOODLE pastaThat
SPAM THIS NOODLE TO HELP pastaThatpastaThat SKADOODLE pastaThat
NA CROWD PogChamp
SPAM THIS NOODLE TO HELP SKADOODLE pastaThat
SPAM THIS NOODLE TO HELP SKADOODLE lolol pastaThat
MAJOR FINAL 50k VIEWERS LUL
55K VIEWERS AT A CSGO MAJOR CSGO IS DEAD LUL
SPAM THIS NOODLE TO HELP SKADOODLE pastaThatž pastaThat
SPAM pastaThat
SPAM THIS NOODLE TO HELP SKADOODLE pastaThat
Kyrgson: SPAM THIS NOODLE TO HELP SKADOODLE lolol pastaThat
@virtusplooow PogChamp
SPAM THIS NOODLE TO HELP SKADOODLE lo pastaThat
SPAM THIS NOODLE TO HELP SKADOODLE pastaThat
@virtusplooow PogChamp
SPAM THIS NOODLE TO HELP SKADOODLE pastaThat
SPAM THIS NOODLE TO HELP SKADOODLE pastaThat
ITS 2.30 AM IN EU OF COURSE ONLY 55K LUL
SPAM THIS NOODLE TO HELP SKADOODLE pastaThat
📞 HELLO NA? 📞 EU HERE 📞 TIME TO GO HOME 📞 4Head
SPAM THIS NOODLE TO HELP SKADOODLE pastaThat
NA PogChamp
SPAM THIS NOODLE TO HELP SKADOODLE pastaThat
RUSH PogChamp
SPAM THIS NOODLE TO HELP SKADOODLE pastaThat
@bshadeu: your turkish LUL
NO BUG NO BIG 4Head
USA USA USA PogChamp
SPAM THIS NOODLE TO HELP SKADOODLE pastaThat
SPAM THIS NOODLE TO HELP SKADOODLE pastaThat
SPAM THIS NOODLE TO HELP SKADOODLE pastaThat
SPAM THIS NOODLE TO HELP SKADOODLE lolol pastaThat
SPAM THIS NOODLE TO HELP SKADOODLE pastaThat
Ruuuush PogChamp
my teeth are yellow sometimes blue you guessed it righjt im from EU 4Head
📞 HELLO NA? 📞 EU HERE 📞 TIME TO GO HOME 📞 4Head
SPAM THIS NOODLE TO HELP SKADOODLE pastaThat
12-1 PogChamp
SPAM THIS NOODLE TO HELP SKADOODLE pastaThat
RUSH PogChamp
EU In 2017 EU In 2017 EU In 2017 EU In 2017 EU In 2017 LUL
SPAM THIS NOODLE TO HELP SKADOODLE pastaThat
SPAM THIS NOODLE TO HELP SKADOODLE pastaThat
silver 1 DansGame
its not a major BabyRage
SPAM THIS NOODLE TO HELP SKADOODLE pastaThat
NA FIRST MAJOR WIN! LUL
SPAM THIS NOODLE TO HELP SKADOODLE pastaThat
SPAM THIS NOODLE TO HELP SKADOODLE pastaThat
SPAM THIS NOODLE TO HELP SKADOODLE pastaThat
SPAM This Basket to help cloud9 lose this map panicBasket
daddy Kreygasm
BIG without bugs LUL
1EU In 2017 EU In 2017 EU In 2017 EU In 2017 EU In 2017 LUL
SPAM THIS NOODLE TO HELP SKADOODLE pastaThat
KAPPA OUTDATED POGCHAMP OVERRATED LONG HAVE WE WAITED NOW WE JEBAITED Jebaited
SPAM THIS NOODLE TO HELP SKADOODLE pastaThat
SPAM THIS NOODLE TO HELP SKADOODLE pastaThat
NA Wins this $100,000 total prize pool Major Kreygasm
SPAM THIS NOODLE TO HELP SKADOODLE ! pastaThat
AKKE KappaPride
SPAM THIS NOODLE TO HELP SKADOODLE pastaThat
Nice rerun LUL
SPAM THIS NOODLE TO HELP SKADOODLE lol pastaThat
@virtusplooow PogChamp
rip skadoodle BibleThump
SPAM THIS NOODLE TO HELP SKADOODLE pastaThat
my teeth are yellow sometimes blue you guessed it righjt im from EU 4Head
EU without glitch hax LUL
SENDE DIESE KATZEN FÜR 30 FRAGS VON TABSEN CoolCat
SPAM THIS NOODLE TO HELP SKADOODLE pastaThat
60k viewers in a major final dead game LUL
same copy pastas as always ResidentSleeper
SPAM THIS NOODLE TO HELP SKADOODLE pastaThat
SPAM THIS NOODLE TO HELP pastaThatpastaThat SKADOODLE pastaThat
EU In 2017 EU In 2017 EU In 2017 EU In 2017 EU In 2017 LUL
SPAM THIS NOODLE TO HELP SKADOODLE pastaThat
SPAM THIS NOODLE TO HELP SKADOODLE pastaThat
SPAM THIS NOODLE TO HELP SKADOODLE pastaThat
SPAM THIS NOODLE TO HELP SKADOODLE pastaThat
SPAM THIS NOODLE TO HELP SKADOODLE pastaThat
1EU In 2017 EU In 2017 EU In 2017 EU In 2017 EU In 2017 LUL
?? KappaPride
@Snikepaven BAN WutFace
SPAM THIS NOODLE TO HELP SKADOODLE pastaThat
📞 HELLO NA? 📞 EU HERE 📞 TIME TO GO HOME 📞 4Head
nuts to buts KappaPride
ban IT WutFace
nuts to butts Jebaited
SPAM THIS NOODLE TO HELP SKADOODLE pastaThat
nuts to butts KappaPride
SPAM THIS NOODLE TO HELP SKADOODLE pastaThat
SPAM THIS NOODLE TO HELP SKADOODLE lol pastaThat
SPAM THIS NOODLE TO HELP SKADOODLE pastaThat
SPAM THIS NOODLE TO HELP SKADOODLE pastaThat
nuts to butts KappaPride
nuts to buts ??? LUL
SPAM THIS NOODLE TO HELP SKADOODLE pastaThat
FAMILY SHOW LUL
SPAM THIS NOODLE TO HELP SKADOODLE pastaThat
EU In 2017 EU In 2017 EU In 2017 EU In 2017 EU In 2017 LUL
SPAM THIS NOODLE TO HELP SKADOODLE pastaThat
SPAM THIS NOODLE TO HELP SKADOODLE pastaThat
FINAL MAJOR NO SERCURITY ON PCS HAX.INSTALLED -60K VIEWERS CSGO IS ALREADY DEAD LUL
Spam This Noodle to help Skadoodle pastaThat
SPAM THIS NOODLE TO HELP SKADOODLE pastaThat
Nuts to Butts KappaPride
EU In 2017 EU In 2017 EU In 2017 EU In 2017 EU In 2017 LUL
nuts to butts WutFace
SPAM THIS NOODLE TO HELP SKADOODLE pastaThat
NUTS IN BUTTS Kreygasm
NUTS TO BUTTS Kreygasm
nuts to buts KappaPride
EU CS LUL
FINAL MAJOR NO SERCURITY ON PCS HAX.INSTALLED -60K VIE­WERS CSGO IS ALREADY DEAD LUL
: SPAM THIS NOODLE TO HELP SKADOODLE pastaThat
SPAM THIS NOODLE TO HELP SKADOODLE pastaThat
EU time 100K vieuwers NA time 55k vieuwers LUL
SPAM THIS NOODLE TO HELP SKADOODLE pastaThat
Nuts to bUtts KappaPride
SPAM THIS NOODLE TO HELP SKADOODLE x pastaThat
LAUNDERS <3
SPAM THIS NOODLE TO HELP pastaThatpastaThat SKADOODLE pastaThat
SPAM THIS MUSH TO HELP RUSH BrainSlug
@liamlama SPAM THIS NOODLE TO HELP SKADOODLE pastaThat
SPAM THIS NOODLE TO HELP pastaThatpastaThat SKADOODLE pastaThat
EXPLOIT LUL
THIS CHAT 4Head
NA REMEMBER C9 VS FAZE LUL
SPAM THIS NOODLE TO HELP SKADOODLE pastaThat
SPAM This Basket to help cloud9 lose this map panicBasket
SPAM THIS MUSH TO HELP RUSH BrainSlug
BIG Jebaited
SPAM THIS NOODLE TO HELP SKADOODLE pastaThat
SPAM THIS MUSH TO HELP RUSH BrainSlug
SPAM THIS TRIHARD TO HELP MY COLLEGE FUND TriHard
2 viewers for a major final, dead game EleGiggle
NO BUG NO BIG LUL
NICE EU LUL
SPAM THIS NOODLE TO HELP SKADOODLE pastaThat
SPAM THIS NOODLE TO HELP SKADOODLE pastaThat
NUTS IN BUTS KappaPride
EXPLOIT Jebaited
its b LUL
EU TEAMS PLAYING ACTUAL TIER 1 TOURNAMENT TOMORROW NA FANS LUL
SPAM THIS TEAR TO GET EU OUTTA HERE BibleThump
SPAM THIS NOODLE TO HELP SKADOODLE pastaThat
SPAM THIS NOODLE TO HELP SKADOODLE pastaThat
SAVE P250 LUL
save p250 LUL
SPAM THIS NOODLE TO HELP SKADOODLE pastaThat
SPAM THIS MUSH TO HELP RUSH BrainSlug
BIG TIER 5 TEAM NA IS A JOKE BIG TIER 5 TEAM NA IS A JOKE LUL
SPAM THIS NOODLE TO HELP SKADOODLE pastaThat
SPAM THIS WEEB TO HELP KEEV TehePelo
SPAM THIS NOODLE TO HELP SKADOODLE pastaThat
LULQUID TO GET TRASHED BY VEGA SQUADRON TOMORROW LUL
my teeth are yellow sometimes blue you guessed it righjt im from EU 4Head
P250 LUL
SPAM THIS NOODLE TO HELP SKADOODLE pastaThat
SPAM THIS NOODLE TO HELP SKADOODLE . pastaThat
SPAM THIS NOODLE TO HELP SKADOODLE pastaThat
SPAM THIS NOODLE TO HELP SKADOODLE pastaThat
P250 NO ARMOR SAVE EU LUL
SPAM THIS NOODLE TO HELP SKADOODLE pastaThat
SPAM THIS NOODLE TO HELP SKADOODLE pastaThat
BIG TIER 5 TEAM NA IS A JOKE LUL
SPAM THIS NOODLE TO HELP pastaThatpasta That SKADOODLE pastaThat
gob b go b LUL
save p250 LUL
SPAM THIS NOODLE TO HELP SKADOODLE pastaThat
SPAM THIS MUSH TO HELP RUSH BrainSlug
SPAM THIS NOODLE TO HELP SKADOODLE pastaThat
SPAM THIS NOODLE TO HELP SKADOODLE pastaThat
BIG TIER 5 TEAM NA IS A JOKE BIG TIER 5 TEAM NA IS A JOKE LUL
SPAM THIS NOODLE TO HELP SKADOODLE pastaThat
my teeth are yellow sometimes blue you guessed it righjt im from EU 4Head
nuts to butts Kreygasm
SENDE DIESE KATZEN FÜR 30 FRAGS VON TABSEN CoolCat
SPAM THIS MUSH TO HELP RUSH BrainSlug
my teeth are yellow sometimes blue you guessed it righjt im from EU // 4Head
FINAL MAJOR NO SERCURITY ON PCS HAX.INSTALLED -60K VIEWERS CSGO IS ALREADY DEAD LUL
SPAM THIS MUSH TO HELP RUSH BrainSlug
SPAM THIS MUSH TO HELP RUSH BrainSlug
my teeth are yellow sometimes blue you guessed it right im from EU 4Head
📞 HELLO NA? 📞 EU HERE 📞 TIME TO GO HOME 📞 4Head
SPAM THIS WEEB TO HELP KEEV TehePelo
Spam This Noodle to help Skadoodle pastaThat
SPAM THIS NOODLE TO HELP SKADOODLE pastaThat
MY TEETH ARE YELLOW IT HURTS TO CHEW, YOU GUEZZSD IT RIGHT IM FROM EU CoolStoryBob
SPAM THIS NOODLE TO HELP SKADOODLE pastaThat
SENDE DIESE KATZEN FÜR 30 FRAGS VON TABSEN CoolCat
my teeth are yellow sometimes blue you guessed it righjt im from EU 4Head
SPAM THIS NOODLE TO HELP SKADOODLE pastaThat
EU In 2017 EU In 2017 EU In 2017 EU In 2017 EU In 2017 LUL
SPAM THIS NOODLE TO HELP SKADOODLE pastaThat
SPAM THIS MUSH TO HELP RUSH BrainSlug
SPAM THIS NOODLE TO HELP SKADOODLE pastaThat
my teeth are yellow sometimes blue you guessed it righjt im from EU / 4Head
SPAM THIS MUSH TO HELP RUSH BrainSlug
my teeth are yellow sometimes blue you guessed it righjt im from EU 4Head
SPAM THIS NOODLE TO HELP SKADOODLE pastaThat
FINAL MAJOR NO SERCURITY ON PCS HAX.INSTALLED 60K VIEWERS CSGO IS ALREADY DEAD LUL
SENDE DIESE KATZEN FÜR 30 FRAGS VON TABSEN CoolCat
SENDE DIESE KATZEN FÜR 30 FRAGS VON TABSEN CoolCat
SPAM THIS NOODLE TO HELP SKADOODLE pastaThat
SPAM THIS NOODLE TO HELP SKADOODLE pastaThat
SPAM THIS NOODLE TO HELP SKADOODLE pastaThat
SPAM THIS MUSH TO HELP RUSH BrainSlug
EU LUL
SENDE DIESE KATZEN FÜR 30 FRAGS VON TABSEN CoolCat
SPAM THIS MUSH TO HELP RUSH BrainSlug
SPAM THIS NOODLE TO HELP SKADOODLE pastaThat
SPAM THIS NOODLE TO HELP pastaThatpasta That SKADOODLE pastaThat
📞 HELLO NA? 📞 EU HERE 📞 MAJORS ? 📞 4Head
SPAM THIS MUSH TO HELP RUSH x BrainSlug
SPAM THIS NOODLE TO HELP SKADOODLE . pastaThat
EU? EU? EU? EU? SoBayed
SPAM THIS NOODLE TO HELP SKADOODLE pastaThat
SPAM THIS MUSH TO HELP RUSH BrainSlug
SPAM THIS NOODLE TO HELP SKADOODLE pastaThat
NA CHAT SO TOXIC BrainSlug
📞 HELLO NA? 📞 EU HERE 📞 TIME TO GO HOME 📞 4Head
SPAM THIS NOODLE TO HELP SKADOODLE . pastaThat
@crazehsmile I’m latino just want to bait some NA scum LUL
godimatic PogChamp
SPAM THIS NOODLE TO HELP SKADOODLE pastaThat
`SPAM THIS MUSH TO HELP RUSH BrainSlug
SPAM THIS NOODLE TO HELP SKADOODLE pastaThat
ECO KILLER PogChamp
eco frags LUL
EU CS LUL
EU EU EU EU EU EU LUL
EU? EU? EU? EU? SoBayed
GA LUL
SPAM THIS NOODLE TO HELP SKADOODLE pastaThat
WINNING TIER 3 TOURNEY LUL
SPAM THIS JEW TO HELP STEW CurseLit
EUs GO TO BED OpieOP
GO HOME EU LUL
FINAL MAJOR NO SERCURITY ON PCS HAX.INSTALLED 6­0K VIEWERS CSGO IS ALREADY DEAD LUL
SPAM THIS MUSH TO HELP RUSH BrainSlug
SPAM THIS NOODLE TO HELP SKADOODLE pastaThat
DAVID YOU SUCK AT CS LUL
NO BUG NO BIG SoBayed
SPAM THIS NOODLE TO HELP SKADOODLE pastaThat
LAUNDERS A BIT BIAS LUL
SENDE DIESE KATZEN FÜR 30 FRAGS VON TABSEN CoolCat
GA LUL
EU CS LUL
LEGIJA AWP LUL
galil and good Kappa
BEAT EM ONCE IN WW1 BEAT EM TWICE IN WW2 LETS DO IT AGAIN AT DREAMHACK TOO LUL
EU CS 4Head
📞 HELLO NA? 📞 EU HERE 📞 MAJORS ? 📞 4Head
double awp first round LUL
BELUL LUL
IT"S GG, G TO THE G, GOOD BYE B.I.G LUL
my teeth are yellow sometimes blue you guessed it righjt im from EU 4Head
SPAM THIS NOODLE TO HELP SKADOODLE pastaThat
SPAM THIS NOODLE TO HELP SKADOODLE pastaThat
@superstitum HeyGuys
on 60k views on major LUL
EUROS GO TO BED OpieOP
NA NO MAJORS LUL
NA WINNING A TIER 2 TOURNEY , THE ONLY THING THEY CAN WIN EleGiggle
LEGIJA = TACO LUL
SPAM THIS MUSH TO HELP RUSH a BrainSlug
SUCK MY NOODLE TO HELP SKADOODLE pastaThat
SPAM THIS MUSH TO HELP RUSH BrainSlug
📞 STOP CALLING THIS NUMBER 📞 DansGame
EU LUL
? OpieOP
SPAM THIS NOODLE TO HELP SKADOODLE pastaThat
HUFF SOME GLUE TO HELP OUT STEW 4Head
friberg sticker PogChamp
5'6 smoke BigBrother
SPAM THIS JEW TO HELP STEW CurseLit
this reminds me of WW-II Kappa
SPAM THIS JEW TO HELP STEW CurseLit
SENDE DIESE KATZEN FÜR 30 FRAGS VON TABSEN CoolCat
EU EU EU EU EU EU EU LUL
SPAM THIS NOODLE TO HELP SKADOODLE pastaThat
📞 HELLO NA? 📞 EU HERE 📞 TIME TO GO HOME 📞 4Head
SPAM THIS NOODLE TO HELP SKADOODLE pastaThat
SPAM THIS NOODLE TO HELP SKADOODLE pastaThat
SPAM THIS NOODLE TO HELP SKADOODLE . pastaThat
@Thats_So_Cliche 7 TriHard
SPAM THIS WEEB TO HELP KEEV TehePelo
SPAM THIS NOODLE TO HELP SKADOODLE pastaThat
SPAM THIS MUSH TO HELP RUSH BrainSlug
📞 HELLO NA? 📞 EU HERE 📞 MAJORS ? 📞 4Head
CLOUT 9 LUL
BIG? Abuse? No, they would never 4Head
EU CS LUL
Miliseconds PogChamp
16-4 Kappa
SPAM THIS NOODLE TO HELP SKADOODLE pastaThat
what did you say? cmonBruh
PAM THIS NOODLE TO HELP SKADOODLE pastaThat
SPAM THIS ROBOMATIC TO HELP AUTOMATIC MrDestructoid
milliseconds LUL
eu hold LUL
SENDE DIESE KATZEN FÜR 30 FRAGS VON TABSEN CoolCat
SAVE SPORTS ResidentSleeper
SPAM THIS JEW TO HELP STEW s CurseLit
@imsittingona_cucumber TehePelo
SPAM THIS MUSH TO HELP RUSH BrainSlug
Launders WutFace
atomic bonb? MingLee
SPAM THIS NOODLE TO HELP SKADOODLE pastaThat
NK here MingLee
WHAT MORE VAN I DO LUL
SPAM THIS NOODLE TO HELP SKADOODLE pastaThat
worth awps LUL
EU CS LUL
Japan BibleThump
too soon BibleThump
atomic bomb TPFufun
EU In 2017 EU In 2017 EU In 2017 EU In 2017 EU In 2017 LUL
any weebs? TPFufun
SPAM THIS TEAR TO GET EU OUTTA HERE BibleThump
Spam A meme to help the team Kappa
hey EU why so quiet? :thinking: hey EU why so quiet? :thinking: hey EU why so quiet? :thinking: . 4Head
my teeth are yellow sometimes blue you guessed it righjt im from EU @virtusplooow 4Head
SPAM THIS TO HELP BIG TriHard
📞 HELLO NA? 📞 EU HERE 📞 MAJORS ? 📞 4Head
HIROSHIMA cmonBruh
SPAM THIS NOODLE TO HELP SKADOODLE pastaThat
SPAM THIS JEW TO HELP STEW CurseLit
SUCK MY NOODLE TO HELP SKADOODLE pastaThat
LUANDERS LUL
hey EU why so quiet? :thinking: . 4Head
SPAM THIS MUSH TO HELP RUSH BrainSlug
flash LUL
SPAM THIS NOODLE TO HELP THAT SKADOODLE pastaThat
NUTTS TO BUTTS, ATOMIC BOMBS LUL
@imsittingona_cucumber VoHiYo
too soon my dude c9 has two japanese Kappa
>Happy for winning to a tier 3 EU team LUL
SPAM THIS MONK EE TO HELP GOB B 1 TriHard
K EE V OpieOP
weebs unite TPFufun
SPAM THIS NOODLE TO HELP SKADOODLE . pastaThat
SPAM THIS NOODLE TO HELP SKADOODLE pastaThat
hey EU why so quiet? :thinking: hey EU why so quiet? :thinking: . 4Head
atom bomb MingLee
!SUCK MY NOODLE TO HELP SKADOODLE pastaThat
SPAM THIS NOODLE TO HELP SKADOODLE pastaThat
SPAM THIS NOODLE TO HELP SKADOODLE pastaThat
SPAM THIS DORITO TO HELP TARIK DoritosChip
nuts KappaPride
my teeth are yellow sometimes blue you guessed it right im from EU 4Head
SPAM THIS NOODLE TO HELP SKADOODLE pastaThat
SPAM THIS MUSH TO HELP RUSH BrainSlug
SENDE DIESE KATZEN FÜR 30 FRAGS VON TABSEN CoolCat
EU PogChamp
TRAINSTOPPER OpieOP
Turkey = NA Kappa
SPAM THIS JEW TO HELP STEW CurseLit
@nunz1o making quarterfinals major = tier 3 EU? LUL
STFU CHAT 😡 NUKES GAVE US ANIME VoHiYo
SPAM THIS NOODLE TO HELP SKADOODLE pastaThat
TILTED ResidentSleeper
SUCK MY NOODLE TO HELP SKADOODLE pastaThat
EU CS LUL
hey EU why so quiet? :thinking: .. 4Head
📞 HELLO NA? 📞 EU HERE 📞 MAJORS ? 📞 4Head
NA CASTERS LUL
hey EU why so quiet? :thinking: 4Head
SPAM THIS NOODLE TO HELP SKADOODLE pastaThat
SPAM THIS NOODLE TO HELP SKADOODLE pastaThat
Spam A meme to help the team Kappa
SPAM THIS JEW TO HELP STEW CurseLit
EU CS LUL
!SUCK MY NOODLE TO HELP SKADOODLE pastaThat
keyboard under armpit LUL
SPAM THIS NOODLE TO HELP SKADOODLE pastaThat
SPAM THIS NOODLE TO HELP SKADOODLE pastaThat
my teeth are yellow i smell like poo you guessed it right im from EU linnerFire7: 📞 HELLO NA? 📞 EU HERE 📞 MAJORS ? 📞 4Head
hey EU why so quiet? :thinking: hey EU why so quiet? :thinking: .. 4Head
Which country is better at a game LUL
SUCK MY NOODLE TO HELP SKADOODLE pastaThat
SPAM THIS JEW TO HELP STEW s CurseLit
SPAM THIS MUSH TO HELP RUSH BrainSlug
📞 HELLO NA? 📞 EU HERE 📞 MAJORS ? 📞 4Head
SPAM THIS NOODLE TO HELP pastaThatpastaThat SKADOODLE pastaThat
WOOOOOOOO PogChamp
SPAM THIS NOODLE TO HELP SKADOODLE pastaThat
BIG WITHOUT BUG 4Head
SPAM THIS RHYME TO HELP Kapp C9 Kappa
???? ??? PogChamp
📞 HELLO NA? 📞 EU HERE 📞 MAJORS ? 📞 . 4Head
SPAM THIS NOODLE TO HELP SKADOODLE pastaThat
SUPER SMASH LUL
distracting crowd DansGame
sOmEThinGgh: SPAM THIS NOODLE TO HELP SKADOODLE pastaThat
EU CS LUL
SPAM THIS NOODLE TO HELP SKADOODLE . pastaThat
EU In 2017 EU In 2017 EU In 2017 EU In 2017 EU In 2017 LUL
Hiko PogChamp
SPAM THIS NOODLE TO HELP SKADOODLE pastaThat
? PogChamp
SPAM THIS NOODLE TO HELP SKADOODLE pastaThat\ pastaThat
?????????????? PogChamp
??????? PogChamp
SPAM THIS NOODLE TO HELP SKADOODLE pastaThat/ pastaThat
INSANE PAUSE PogChamp
YEEEAHH LUL
hey EU why so quiet? :thinking: hey EU why so quiet? :thinking: ,, 4Head
SPAM THIS NOODLE TO HELP SKADOODLE pastaThat
spam this dad to help skadad BloodTrail
@SUCK MY NOODLE TO HELP SKADOODLE pastaThat
REPAUSE PogChamp
WE ARE C9 WE LIKE TO STREAM WINNING A MAJOR? ONLY A DREAM 4Head
chat too fast WutFace
NA CROWED LUL
DOTA2 CROUD LUL
ExcUses LUL
?????????????/ WutFace
SPAM THIS TO HELP RYAN HIGA TriHard
THAT AINT FALCO PogChamp
SPAM THIS NOODLE TO HELP SKADOODLE pastaThat' pastaThat
TR4SH EleGiggle
Oohhhhh PogChamp
Spam this if you betted your house Mau5
SPAM THIS NOODLE TO HELP SKADOODLE pastaThat
!!!!!!!!!!!!!! PogChamp
Pause PogChamp
SPAM THIS NOODLE TO HELP SKADOODLE . pastaThat
FU r9kek SPAM THIS NOODLE TO HELP SKADOODLE pastaThat
SPAM THIS NOODLE TO HELP SKADOODLE pastaThat
NA crowd Kappa
200 IQ PLAY BIG PAUSE PogChamp
EYES LUL
SUCK MY NOODLE TO HELP SKADOODLE pastaThat
C9 ON TIER 2 LUL
WHATS GOING ON ?????? LUL
SPAM THIS NOODLE TO HELP SKADOODLE pastaThat
SPAM THIS NOODLE TO HELP SKADOODLE pastaThat
SPAM THIS NOODLE TO HELP SKADOODLE pastaThat
SPAM THIS NOODLE TO HELP SKADOODLE pastaThat
SPAM THIS NOODLE TO HELP SKADOODLE pastaThat
Ohhh Kreygasm
SPAM THIS NOODLE TO HELP SKADOODLE pastaThat
my teeth are yellow sometimes blue you guessed it righjt im from EU 4Head
DOTA2 GUYS LUL
? ANELE
FULLY LOADED ANELE
LIVE STUDIO AUDIENCE LUL
they replaced Danan WutFace
NA feel so proud beating a tier 2 team. How about major titles NA? EleGiggle
PRERECORDED FAKE CROWD LUL
HES LOOKING AT US Kappa
SPAM THIS NOODLE TO HELP SKADOODLE 11 pastaThat
SPAM THIS NOODLE TO HELP SKADOODLE pastaThat
SPAM THIS MASTIYA TO HELP LEGIJA FrankerZ
keev LUL
spam this dad to help skadad lololololol BloodTrail
TIME OUT HYPE! PogChamp
ASTRO HEADSETS 4Head
FAKE CROWD LUL
SPAM THIS NOODLE TO HELP SKADOODLE pastaThat
HALO CROWD LUL
SPAM THIS NOODLE TO HELP SKADOODLE pastaThat
NA Crowd :D
KEEV <3
TIER 1 TEAMS ACTUALLY PLAYING 500k TOURNAMENT TOMORROW. ENJOY UR TIER 4 TRASH LUL
EU CS LUL
Spam this mouse if you betted your house Mau5
halo stage more hype than us LUL
📞 HELLO NA? 📞 EU HERE 📞 MAJORS ? 📞 4Head
SPAM THIS NOODLE TO HELP SKADOODLE pastaThat
SPAM THIS NOODLE TO HELP SKADOODLE . pastaThat
*FrankerZ SPAM THIS MASTIYA TO HELP LEGIJA FrankerZ
SPAM THIS NOODLE TO HELP SKADOODLE pastaThat
c9 coach LUL
SPAM THIS NOODLE TO HELP SKADOODLE pastaThat
FAKE CROWD 60k VIEWERS DEAD GAME LUL
Keev OpieOP
📞 HELLO NA? 📞 EU HERE 📞 TIME TO GO HOME 📞 4Head
SPAM THIS NOODLE TO HELP SKADOODLE pastaThat
SPAM THIS NOODLE TO HELP SKADOODLE pastaThat
my teeth are yellow sometimes blue you guessed it righjt im from EU @virtusplooow 4Head
BIG 4Head
SPAM THIS MASTIYA TO HELP LEGIJA FrankerZ
my teeth are yellow sometimes blue you guessed it right im from EU 4Head
valens isn't coaching, c9 wins grandfinals at major tourney LUL
EU CS TRASH LUL
TALKING DURING TACTICALS WutFace
HALO BETTER THAN US HALO BETTER THAN US HALO BETTER THAN US LUL
SPAM THIS NOODLE TO HELP THAT SKADOODLE pastaThat
BANNED LUL
SPAM THIS NOODLE TO HELP SKADOODLE pastaThat
Spam This THI C C C Guy To Help BIG OpieOP
TIER 1 TEAMS ACTUALLY PLAYING 500k TOURNAMENT TOMORROW. ENJOY UR TIER 4 NA TRASH LUL
EU? EU? EU? SoBayed
BIG DADDY KEEV Kreygasm
SENDE DIESE KATZEN FÜR 30 FRAGS VON TABSEN CoolCat
SPAM THIS NOODLE TO HELP SKADOODLE pastaThat
spam this dad to help skadad xdxdxd BloodTrail
SPAM THIS NOODLE TO HELP SKADOODLE . pastaThat
SPAM THIS NOODLE TO HELP SKADOODLE pastaThat
Spam this mouse if you betted your house Mau5
STEW Kreygasm
iBUYPOWER PogChamp
SPAM THIS MASTIYA TO HELP LEGIJA FrankerZ
TARIK Kreygasm
@Miami_Bandit NA THIS EU THAT IM A BABY IN TWITCH CHAT BabyRage
📞 HELLO NA? 📞 EU HERE 📞 MAJORS ? 📞 . 4Head
my teeth are yellow sometimes blue you guessed it righjt 1m from EU 4Head
EU In 2017 EU In 2017 EU In 2017 EU In 2017 EU In 2017 LUL
SPAM THIS NOODLE TO HELP SKADOODLE pastaThat
TIER 1 TEAMS PLAYING 500k TOURNAMENT TOMORROW. ENJOY UR TIER 4 TRASH LUL
SPAM THIS MUSH TO HELP RUSH BrainSlug
EU BREXIT NICE LUL
SPAM THIS NOODLE TO HELP SKADOODLE pastaThat
HIS HACKS ARE MALFUNCTIONING Kappa
Hax found Kappa
TOGGLE INC LUL
Stewies Parents: "We told you to become a DOCTOR!!!!!" MingLee
SPAM THIS NOODLE TO HELP SKADOODLE pastaThat
SPAM THIS NOODLE TO HELP SKADOODLE . pastaThat
SPAM THIS MASTIYA TO HELP LEGIJA FrankerZ
Have fun at epicenter C9 Oh wait 4Head
NA PRODUCTION LUL
SPAM THIS NOODLE TO HELP SKADOODLE pastaThat
CO LUL
SPAM THIS NOODLE TO HELP SKADOODLE pastaThat
proud NA Crowd winning vs shitty EU team LUL
my teeth are yellow sometimes blue you guessed it right im from EU 4Head
Enjoy uour VACation / Kappa
NA Crowd LUL
TABSEN BabyRage
C10 LUL
SPAM THIS MASTIYA TO HELP LEGIJA FrankerZ
SPAM THIS NOODLE TO HELP SKADOODLE . pastaThat
when a Halo match is louder than us Dead Game HALO BETTER THAN US LUL
? TriHard
SPAM THIS NOODLE TO HELP SKADOODLE pastaThat
\ / PogChamp
Cry is Free Tapsen EleGiggle
FAKE CROWD LUL
? TriHard
DOWNLOAD MORE RAM! SwiftRage
/ Kappa
? cmonBruh
NA CROWD LUL
haHAA LUL
SPAM THIS NOODLE TO HELP SKADOODLE pastaThat
SPAM THIS WEEB TO HELP KEEV VoHiYo
@Miami_Bandit NA THIS EU THAT IM A BABY IN TWITCH CHAT BabyRage
7 TriHard
📞 HELLO NA? 📞 EU HERE 📞 MAJORS ? 📞 4Head
DAB LUL
SPAM THIS LIMB TO HELP TIM PowerUpR
CHEATS DONT WORK ANYMORE LUL
HALO BETTER THAN US HALO BETTER THAN US HALO BETTER THAN US LUL
nooo WutFace
oh no NotLikeThis
OH GOD WutFace
DONT DO IT LUL
DABS I REAL LIFE LUL
/ Kappa
MOONMOON SUBS LUL
DAB WutFace
my teeth are yellow sometimes blue you guessed it righjt im from EU @virtusplooow 4Head
RIP CSGO PUBG BEST GAME LUL
LULAUNDERS <3
Dabbing in 2017 LUL
/ DatSheffy
that was funny LUL
what happens when the haters dab back? LUL
HAVE FUN AT EPICENTER C9 OH WAIT LUL
Plaid shirt DansGame
SPAM THIS NOODLE TO HELP SKADOODLE pastaThat
that boy WutFace
\ > dab on the haters TriHard
\ / Kappa
Grand Finals LUL
\ > Kappa
NA PRODUCTION LUL
SPAM THIS NOODLE TO HELP SKADOODLE pastaThat
NA rigging game again 4Head
SPAM THIS NOODLE TO HELP SKADOODLE pastaThat
BIG without BUG LUL
< / DAB ON DEM H8ERS Kappa
SPAM THIS NOODLE TO HELP SKADOODLE pastaThat
SPAM THIS NOODLE TO HELP SKADOODLE pastaThat
SPAM THIS NOODLE TO HELP SKADOODLE pastaThat
SPAM THIS NOODLE TO HELP SKADOODLE pastaThat
SENDE DIESE KATZEN FÜR 30 FRAGS VON TABSEN CoolCat
\ > dab on the haters TriHard
SPAM THIS NOODLE TO HELP SKADOODLE pastaThat
is gg guys , just look at big team LUL
SPAM THIS NOODLE TO HELP SKADOODLE pastaThat
📞 HELLO NA? 📞 EU HERE 📞 MAJORS ? 📞 4He ad 4Head
Dab on 2k17 DansGame
SPAM THIS NOODLE TO HELP SKADOODLE pastaThat
NA crowd WutFace
WTF DansGame
NA CROWD ResidentSleeper
colorado weed LUL
DENVER DAB LUL
EU In 2017 EU In 2017 EU In 2017 EU In 2017 EU In 2017 LUL
WEED LUL
420 LUL
na crowd = FailFish
SPAM THIS NOODLE TO HELP SKADOODLE pastaThat
Denver Dab LUL
📞 HELLO NA? 📞 EU HERE 📞 MAJORS ? 📞 4Head
0.99 LUL
KEEV 4Head
SPAM THIS NOODLE TO HELP SKADOODLE pastaThat
SPAM THIS NOODLE TO HELP SKADOODLE pastaThat
@Insomniuhh HeyGuys
52% PogChamp
KEEV OpieOP
SPAM THIS NOODLE TO HELP SKADOODLE pastaThat
EU OpieOP
BIG BOI KEEV Kreygasm
SPAM THIS NOODLE TO HELP SKADOODLE . pastaThat
STEWIE OF BIG LUL
csgo has more viewers than pubg PogChamp
FACE OF DEFEAT BibleThump
SPAM THIS NOODLE TO HELP SKADOODLE pastaThat
SPAM THIS NOODLE TO HELP SKADOODLE pastaThat
"BIG" player 4Head
thicc OpieOP
moroons :D
THICC boys Kreygasm
SPAM THIS NOODLE TO HELP SKADOODLE pastaThat] pastaThat
EU EU EU EU OpieOP
JW PogChamp
NOT EVEN 1 KDA LUL
SPAM THIS MUSH TO HELP RUSH BrainSlug
skadoodle = ResidentSleeper
ska ResidentSleeper
SPAM THIS NOODLE TO HELP SKADOODLE pastaThat
spam this dad to help skadad BloodTrail
27% hs Kappa
SkaDADDY pastaThat
Augustis Gloup OpieOP
SKADADDY :)
SKA ResidentSleeper
SPAM THIS STEVE TO HELP KEEV PunchTrees
SKA PogChamp
SPAM THIS NOODLE TO HELP SKADOODLE pastaThat
KEEV Used to be Fit Happened WutFace
MOOT IS THAT YOU? PogChamp
so ez ResidentSleeper
GOB 4Head
SPAM THIS NOODLE TO HELP SKADOODLE pastaThat
LOOOOOOOL 4Head
SPAM THIS TEAR TO GET EU OUTTA HERE BibleThump
GOB B KappaRoss
. ResidentSleeper
WHY SMILING 4Head
post mlaone PogChamp
ska smurfing ResidentSleeper
SKADOZER ResidentSleeper
SPAM THIS NOODLE TO HELP SKADOODLE pastaThat
EU CS EU CS EU CS EU CS EU CS ResidentSleeper
JUST BUY A MAJOR LOOOL 4Head
HIKO PogChamp
EU so bad LUL
EU In 2017 EU In 2017 EU In 2017 EU In 2017 EU In 2017 LUL
MOOT is playing cs PogChamp
SPAM THIS STEVE TO HELP KEEV PunchTrees
SPAM THIS TEAR TO GET EU OUTTA HERE . BibleThump
ONLY 66K VIEWERS IN CSGO FINAL GAME IS DEAD LUL
IM LOSING 4Head
Why does he look so unhappy :(
SPAM THIS NOODLE TO HELP SKADOODLE pastaThat
IM LOSING 4Head
skadaddy will sleep, when u need him to carry wake him up Kreygasm
SPAM THIS NOODLE TO HELP SKADOODLE pastaThat
spam this dad to help skadad BloodTrail
KKona HassanChop
SPAM THIS NOODLE TO HELP SKADOODLE pastaThat
@DarkKlagSon EU CS EU CS EU CS EU CS ResidentSleeper
Go BIG or go HOME PogChamp
SPAM THIS TEAR TO GET EU OUTTA HERE . BibleThump
LAUNDERS IS ANALYSING <3
SPAM THIS NOODLE TO HELP SKADOODLE pastaThat
ITS JUST A CASTER ANELE
SPAM THIS NOODLE TO HELP SKADOODLE . pastaThat
losing 4Head
launders boys <3
SPAM THIS TEAR TO GET EU OUTTA HERE BibleThump
Major Final only 66k viewers, CS IS DEAD BibleThump
SUPER MEME BOI BloodTrail
SPAM THIS STEVE TO HELP KEEV PunchTrees
LAUNDERS Kreygasm
SPAM THIS NOODLE TO HELP SKADOODLE pastaThat
my teeth are yellow sometimes blue you guessed it right im from EU 4Head
JUST A CASTER BRO ANELE
SPAM THIS TEAR TO GET EU OUTTA HERE . BibleThump
GOB B: T1 NA realy? LUL
Launders Analysing LUL
SPAM THIS NOODLE TO HELP SKADOODLE pastaThat
SPAM THIS TEAR TO GET EU OUTTA HERE BibleThump
only 67k viewers LUL
TEAM LAUNDERS BloodTrail
EU CS EU CS EU CS EU CS ResidentSleeper
SPAM THIS STEVE TO HELP KEEV PunchTrees
SPAM THIS TEAR TO GET EU OUTTA HERE BibleThump
Major Final only 66k viewers, CS IS DEAD BibleThump
SPAM THIS NOODLE TO HELP SKADOODLE pastaThat
SPAM THIS TEAR TO GET EU OUTTA HERE . BibleThump
SPAM THIS NOODLE TO HELP SKADOODLE pastaThat
Launders is not even Muslim. He's Indian FailFish
SPAM THIS TEAR TO GET EU OUTTA HERE . BibleThump
SPAM OhMyDogTHIS DOGGO OhMyDogTO OhMyDogHELP OhMyDogCSGO OhMyDog
SPAM THIS NOODLE TO HELP SKADOODLE pastaThat. pastaThat
? SPAM THIS TEAR TO GET EU OUTTA HERE . BibleThump
SPAM THIS STEVE TO HELP KEEV PunchTrees
CSGO haHAA EleGiggle
EU CS EU CS EU CS EU CS EU CS EU CS EU CS ResidentSleeper
SPAM THIS TEAR TO GET EU OUTTA HERE BibleThump
HUFF SOME GLUE TO HELP OUT STEW 4Head
SPAM THIS NOODLE TO HELP SKADOODLE . pastaThat
SPAM THIS DOGGO TO HELP CS GO OhMyDog
66k viewers major final PogChamp
EU is so ba... wait let me take a breath EU is s... i need to take another one fk give me another burger OpieOP
SPAM THIS TEAR TO GET EU OUTTA HERE . BibleThump
jasonr subs LUL
SPAM THIS NOODLE TO HELP SKADOODLE pastaThat
NA this EU that but just remember... that BR is worst LUL
SPAM THIS STEVE TO HELP KEEV PunchTre PunchTrees
SPAM THIS NOODLE TO HELP SKADOODLE pastaThat
they found stews aimbot BibleThump
SPAM THIS NOODLE TO HELP SKADOODLE YE pastaThat
Blu Launders ResidentSleeper
SPAM THIS TEAR TO GET EU OUTTA HERE BibleThump
SPAM THIS TEAR TO GET EU OUTTA HERE . 🤔 BibleThump
SPAM THIS NOODLE TO HELP SKADOODLE pastaThat
EU is so ba... wait let me take a breath EU is s... i need to take another one fk give me another burger OpieOP
SPAM THIS STEVE TO HELP KEEV PunchTrees
SPAM THIS STEVE TO HELP KEEV PunchTrees
EU sux LUL
SPAM THIS TEAR TO GET EU OUTTA HERE . BibleThump
Blu Launders ResidentSleeper
SPAM THIS NOODLE TO HELP SKADOODLE pastaThat
Bark away the tech issue OhMyDog
HAVE FUN AT EPICENTER C9 OH WAIT LUL
EU is so ba... wait let me take a breath EU is s... i need to take another one fk give me another burger OpieOP
SPAM THIS NOODLE TO HELP SKADOODLE YE pastaThat
is this live? Kappa
SPAM THIS NOODLE TO HELP SKADOODLE pastaThat
NA TriHard
EU is so ba... wait let me take a breath EU is s... i need to take another one fk give me another burger OpieOP
SPAM THIS NOODLE TO HELP SKADOODLE pastaThat
SPAM THIS NOODLE TO HELP SKADOODLE pastaThat
SPAM⚡THE ⚡STATIC⚡TO ⚡HELP⚡ AUTOMATIC⚡ BibleThump
more viewers than Overwatch LUL
SPAM THIS TEAR TO GET EU OUTTA HERE BibleThump
SPAM THIS STEVE TO HELP KEEV PunchTre PunchTrees
NADE KITS LUL
my teeth are yellow sometimes blue you guessed it righjt im from EU @virtusplooow 4Head
SPAM THIS NOODLE TO HELP SKADOODLE pastaThat. pastaThat
MATCH STARTING PogChamp
Bark away the tech issue OhMyDog8:43 brdyXD: <message deleted> OhMyDog
Gameplay PogChamp
CS in NA ResidentSleeper
SPAM THIS NOODLE TO HELP SKADOODLE pastaThat
@Insomniuhh LUL
SPAM THIS BROKE TO NA CHOKE BrokeBack
SPAM THIS STEVE TO HELP KEEV PunchTrees
SPAM THIS NOODLE TO HELP SKADOODLE pastaThat
SPAM THIS NOODLE TO HELP SKADOODLE pastaThat
EU CS EU CS EU CS EU CS EU CS ResidentSleeper
SPAM THIS MUSH TO HELP RUSH BrainSlug
SPAM THIS WEEB TO HELP KEEV TehePelo
EU PLAYING REAL TOURNEY TOMOROW NOT THIS T2 THING LUL
SPAM THIS NOODLE TO HELP SKADOODLE pastaThat
SPAM THIS TUNA FOR GOOD FORTUNA SabaPing
SPAM THIS MASTIYA TO HELP LEGIJA FrankerZ
SPAM THIS NOODLE TO HELP SKADOODLE pastaThat
TARIK LUL
SPAM THIS NOODLE TO HELP SKADOODLE pastaThat] pastaThat
LEGIJA LUL
EU CS EU CS EU CS EU CS EU CS EU CS ResidentSleeper
SPAM THIS NOODLE TO HELP SKADOODLE pastaThat
SPAM THIS NOODLE TO HELP SKADOODLE pastaThat
TUROK LUL
SPAM THIS TUNA FOR GOOD FORTUNA SabaPing
TARIK LUL
SPAM THIS STEVE TO HELP KEEV PunchTrees
SPAM THIS TEAR FOR EU FEAR BibleThump
SPAM THIS MUSH TO HELP RUSH BrainSlug
SPAM THIS NOODLE TO HELP SKADOODLE pastaThat
SPAM THIS NOODLE TO HELP SKADOODLE . pastaThat
2 EZ 4 NA 4Head
TIER 2 TOURNEY ResidentSleeper
📞 HELLO NA? 📞 EU HERE 📞 TIME TO GO HOME 📞 4Head
SPAM THIS MUSH TO HELP RUSH BrainSlug
SPAM THIS BROKE TO NA CHOKE BrokeBack
haha tarik is so funny :p
HAVE FUN AT EPICENTER C9 OH WAIT LUL
SPAM THIS NOODLE TO HELP SKADOODLE pastaThat
BULLY BibleThump
SPAM THIS MASTIYA TO HELP LEGIJA FrankerZ
SPAM THIS NOODLE TO HELP SKADOODLE . pastaThat
NO BUG NO BIG LUL
SPAM THIS NOODLE TO HELP SKADOODLE cx pastaThat
BULLYING cmonBruh
Cheats fixed LUL
SPAM THIS NOODLE TO HELP SKADOODLE pastaThat
SPAM THIS NOODLE TO HELP SKADOODLE pastaThat
BULLY FeelsBadMan freakazoid BibleThump
Spam this mouse if you betted your house Mau5
SPAM THIS LIMB TO HELP TIM PowerUpR
EU In 2017 EU In 2017 EU In 2017 EU In 2017 EU In 2017 LUL
SPAM THIS NOODLE TO HELP SKADOODLE pastaThat
SENDE DIESE KATZEN FÜR 30 FRAGS VON TABSEN CoolCat
SPAM THIS DORITO TO HELP THE 16-0 DoritosChip
SPAM THIS NOODLE TO HELP SKADOODLE pastaThat
FK GERMANY GO C9 BloodTrail
SPAM THIS TEAR TO GET EU OUTTA HERE BibleThump
NA proud winning vs shitty EU Team LUL
BOT PogChamp
SPAM THIS pastaThatpastaThat NUTZ TO HELP RUSH pastaThat
stewie awp LUL
Stew LUL
SPAM THIS NOODLE TO HELP SKADOODLE . pastaThat
"AWPING OVER SKADOODLE..." 4Head
SPAM THIS DORITO TO HELP THE 16-0 DoritosChip
STEW AWP SKA RIFLE WUT LUL
KEEV spanked Stew LUL
SPAM THIS DORITO TO HELP THE 16-0 DoritosChip
SPAM THIS NOODLE TO HELP SKADOODLE pastaThat
BOT STEWIE LUL
HAVE FUN AT EPICENTER C9 OH WAIT LUL
SPAM THIS NOODLE TO HELP SKADOODLE pastaThat
SPAM THIS LIMB TO HELP TIM PowerUpR
SPAM THIS NOODLE TO HELP autimatic pastaThat
jasonR subs LUL
3 AWPS LUL
Spam this mouse if you betted your house Mau5
3 awps LUL
SPAM THIS NOODLE TO HELP SKADOODLE pastaThat
3 awps LUL
legija in 2017 LUL
SPAM THIS DORITO TO HELP THE 16-0 DoritosChip
TRIPLE AWP LUL
SPAM THIS pastaThatpastaThat NUTZ TO HELP RUSH pastaThat
SPAM THIS NOODLE TO HELP SKADOODLE pastaThat
SPAM THIS DORITO TO HELP THE 16-0 DoritosChip
16-0 BlessRNG
Free Hiko LUL
SPAM THIS TEAR TO GET EU OUTTA HERE BibleThump
SPAM THIS DORITO TO HELP THE 16-0 DoritosChip
SPAM THIS BROKE TO NA CHOKE BrokeBack
SPAM THIS TEAR TO GET EU OUTTA HERE . BibleThump
Twitch Prime xfac70r: SPAM THIS DORITO TO HELP THE 16-0 DoritosChip
16-0 FeelsBadMan BlessRNG
Spam this mouse if you betted your house Mau5
lose 5 rounds buy 3 awps CSGO LUL
Launders advertising his youtube ResidentSleeper
SPAM THIS NAY TO HELP NA VoteNay
EU CS EU CS EU CS EU CS BrokeBack
SPAM THIS NOODLE TO HELP TARIK pastaThat
TUROK LUL
SPAM THIS NOODLE TO HELP SKADOODLE pastaThat
SPAM THIS MASTIYA TO HELP LEGIJA FrankerZ
LADDER BUG BrokeBack
NA LUL
CS LADDERS LUL
NT // Kappa
SPAM THIS NOODLE TO HELP SKADOODLE . pastaThat
PEANUT BRAIN LUL
SPAM THIS NOODLE TO HELP SKADOODLE pastaThat
SPAM THIS NOODLE TO HELP SKADOODLE pastaThat
SPAM THIS NAY TO HELP NA VoteNay
16-0 BlessRNG
SPAM THIS NOODLE TO HELP TARIK pastaThat
SPAM THIS NOODLE TO HELP SKADOODLE pastaThat. pastaThat
EU LUL
BUGGERS LUL
no 16-0 BibleThump
SPAM THIS NOODLE TO HELP SKADOODLE pastaThat
SPAM THIS NOODLE TO HELP SKADOODLE pastaThat.. pastaThat
SPAM THIS BROKE TO NA CHOKE BrokeBack
SPAM THIS NOODLE TO HELP SKADOODLE pastaThat
C9 you won 100k tournament Now win major hahahahahh never LUL
SPAM THIS NOODLE TO HELP SKADOODLE pastaThat......... pastaThat
SPAM THIS NOODLE TO HELP SKADOODLE pastaThat
SPAM THIS NOODLE TO HELP SKADOODLE pastaThat. pastaThat
16-1 Kappa
Skadaddy Kreygasm
SPAM THIS NOODLE TO HELP SKADOODLE . pastaThat
16-1 FeelsBadMan BlessRNG
SPAM THIS NOODLE TO HELP SKADOODLE pastaThat
SPAM THIS NOODLE TO HELP SKADOODLE pastaThat
16:0 riPepperonis
SPAM THIS NAY TO HELP NA VoteNay
SPAM THIS DOODLE TO HELP SKADOODLE CurseLit
ez reset LUL
LET US PRAY FOR N A BlessRNG
RESET LUL
SPAM THIS NOODLE TO HELP SKADOODLE pastaThat
when vp? :D
SPAM THIS NOODLE TO HELP SKADOODLE pastaThat
HAVE FUN AT EPICENTER C9 OH WAIT LUL
SPAM THIS TO HELP NA VoteNay
SPAM THIS NOODLE TO HELP SKADOODLE pastaThat
SPAM THIS NOODLE TO HELP SKADOODLE pastaThat
reset LUL
Spam this mouse if you betted your house Mau5
BIG with no BUG haHAA LUL
LEGIJA AWP LUL
SPAM THIS NOODLE TO HELP SKADOODLE pastaThat
SPAM THIS NOODLE TO HELP SKADOODLE pastaThat
NO BUG NO BIG LUL
when vp???????? :D
NO BUG NO BIG 4Head
SPAM THIS MUSH TO HELP RUSH BrainSlug
7-1 BlessRNG
NO BUG NO BIG LUL
SPAM THIS NOODLE TO HELP SKADOODLE pastaThat
7-1 BlessRNG
LET US PRAY FOR N A BlessRNG
SPAM THIS NOODLE TO HELP SKADOODLE pastaThat
SPAM THIS FGT TO HELP AUTIMATIC KappaPride
NO BIG NO BUG LUL
Cloud10 = Hiko + simple + bot + bot + bot ftw LUL
? PogChamp
LEGIJA LUL
PAM THIS NOODLE TO HELP SKADOODLE pastaThat
FAKE CROWD LUL
NA CROWD LUL
FAKE CROWD TTours
OOOOOOOOOOOOOOOOOOO PogChamp
7-1 BlessRNG
Gobb blocker LUL
FAKE CROWD DansGame
FAKE CROWD BloodTrail
ion PogChamp
the eu spam is gone EleGiggle
fake LUL
Spam this mouz if you betted your house Mau5
7-1 BlessRNG
nice TIER 3 tornament LUL
FAKE CRAWWD LUL
BIG BANG THEORY CROWD LUL
SPAM THIS NOODLE TO HELP SKADOODLE pastaThat
SCRIPTED LUL
FAKE CROWD EleGiggle
ASSUMING DH ONLY HAVE CS LUL
CROWD LUL
HALO CROWD Kreygasm
SPAM THIS NOODLE TO HELP SKADOODLE . pastaThat
THIS GAME IS SO DEAD THAT THE CROWD IS WATCHING ANOTHER GAME NICE MAJOR LUL
crowd watching shroud's stream PogChamp
MOONMOON SUBS DansGame
THEY'RE DOING THE WAVE CHAT FailFish
FAKE CROWD LUL
TK LUL
NA CS LUL
knockout? PUBG? Kappa
USE THIS SPAM TO HELP THE FAM SwiftRage
Ska is a SPY FailFish
THIS GAME IS SO DEAD THAT THE CROWD IS WATCHING ANOTHER GAME NICE MAJOR - LUL
6-2 LUL
BRA71L BlessRNG
SPAM THIS NOODLE TO HELP SKADOODLE pastaThat
BLOOD SACRIFICE LUL
Think? LUL
SPAM THIS NOODLE TO HELP SKADOODLE pastaThat
SPAM THIS NOODLE TO HELP SKADOODLE pastaThat
SPAM THIS MUSH TO HELP RUSH BrainSlug
SPAM THIS NOODLE TO HELP SKADOODLE pastaThat
SPAM THIS NOODLE TO HELP SKADOODLE pastaThat
USE THIS SPAM TO HELP THE FAM X SwiftRage
SPAM THIS TRIHARD TO HELP MY COLLEGE FUND TriHard
save LUL
SPAM THIS NOODLE TO HELP SKADOODLE pastaThat
SEND HIM TO HELP TIM WutFace
SPAM THIS NOODLE TO HELP SKADOODLE pastaThat
SPAM THIS NOODLE TO HELP SKADOODLE / / pastaThat
7-1 LUL
BRA71L EYS BlessRNG
BRA71L LUL
SPAM THIS NAY TO HELP NA VoteNay
BRA71L LUL
SPAM THIS TEAR TO GET EU OUTTA HERE BibleThump
SPAM THIS MUSH TO HELP RUSH BrainSlug
BRA71L BlessRNG
7-1 LUL
SPAM THIS NOODLE TO HELP SKADOODLE . pastaThat
BRA71L 4Head
REVERSE BRAZIL LUL
BRA71L ALWAYS LUL
Dreamhacks 2k18 = Hiko in Fnatic instead of Olof LUL
7 - 1 BlessRNG
school tomorrow BibleThump
SPAM THIS BACK FOR THE COMEBACK TriHard
Bra7-1L HeyGuys
EU LUL
Making my way downtown, driving fast Jebaited
SPAM THIS NAY TO HELP NA VoteNay
REVERSE BRA71L LUL
7-1 :(
SPAM THIS NOODLE TO HELP SKADOODLE . pastaThat
BRA7IL SK GAMING FERBOT TOP1 LUL
Every 60 seconds in Brazil Germany scores a goal Together we can stop this Spread the word LUL
SPAM THIS NOODLE TO HELP SKADOODLE pastaThat
SPAM THIS NOODLE TO HELP SKADOODLE pastaThat
BRAZIL LUL
NA MAJORS ? 4Head
Germany 7-1'd LUL
7-1 4Head
REVERSE BRA71L LUL
BRA71L 12 BTW LUL
golden test Kappa
Boost PogChamp
C9 has 7-1 Germany. PogChamp
BRA71L TriHard
BRA7IL PogChamp
📞 HELLO NA? 📞 EU HERE 📞 TIME TO GO HOME 📞 4Head
7-1 LUL
USA soccer though LUL
BRA71L 12 BTW LUL
SENDE DIESE KATZEN FÜR 30 FRAGS VON TABSEN CoolCat
SPAM THIS BACK FOR THE COMEBACK . TriHard
7-1 LUL
Semphis got kicked from C9 PogChamp
BRA71L PogChamp
7-1 LUL
SPAM THIS TO HELP RYAN HIGA TriHard
SPAM THIS JEW TO HELP OUT STEW BlessRNG
BRA7-1L 4Head
USE THIS SPAM TO HELP THE FAM SwiftRage
WHERE IS SWAG HE BANNED AGAIN IDIOT?>? LOL CoolCat
@nach0cs HeyGuys
Brazil triggered LUL
cant hit me Jebaited
SENDE DIESE KATZEN FÜR 30 FRAGS VON TABSEN CoolCat
NO BUG NO BIG 4Head
STRRATS PogChamp
NA BAIT LUL
SPAM THIS NOODLE TO HELP SKADOODLE pastaThat
ruff FrankerZ
SPAM THIS NOODLE TO HELP SKADOODLE pastaThat
:telephone_receiver: HELLO BIG? :telephone_receiver: AIRPORT HERE :telephone_receiver: YOUR PLANE IS READY 4Head
small clan 4Head
NEW C9 PogChamp
SPAM THIS NOODLE TO HELP SKADOODLE pastaThat
NA JUMP LUL
SPAM THIS NOODLE TO HELP SKADOODLE pastaThat
BIG LUL
LET US PRAY FOR N A BlessRNG
SPAM THIS TRIHARD TO HELP MY COLLEGE FUND TriHard
SPAM THIS NOODLE TO HELP SKADOODLE pastaThat
BUG LUL
SPAM THIS NOODLE TO HELP SKADOODLE . . pastaThat
: SPAM THIS NOODLE TO HELP SKADOODLE pastaThat
NO BUG NO BIG LUL
Bye EU HeyGuys
1 SPAM THIS TO HELP RYAN HIGA TriHard
SPAM THIS NOODLE TO HELP SKADOODLE pastaThat
TOP KEK Jebaited
Big is tier 10 team EU LUL
TOO EZ ResidentSleeper
SPAM THIS NOODLE TO HELP SKADOODLE . pastaThat
EU LUL
LOSING TO NA DansGame
gg LUL
SPAM THIS NOODLE TO HELP SKADOODLE pastaThat
EU 4Head
SPAM THIS NOODLE TO HELP SKADOODLE pastaThat
SPAM THIS NOODLE TO HELP SKADOODLE pastaThat
Shroud who ??? LUL
EU LUL
Go BIG or go HOME PogChamp
HAVE FUN AT EPICENTER C9 OH WAIT LUL
SWAG GOT BANNED? WHERE IS SWAG?? BANNED LOL CoolCat
"skadoodle is shit" LUL
USA BEST Kappa
SPAM THIS MASTIYA TO HELP LEGIJA FrankerZ
SPAM THIS NOODLE TO HELP SKADOODLE / pastaThat
LOSING TO NA LUL
SPAM THIS NOODLE TO HELP SKADOODLE pastaThat
WTF DansGame
optic tarik :(
SPAM THIS NOODLE TO HELP SKADOODLE pastaThat
WTF R THEY DOING WutFace
bour time VoteYea
PORTUGAL <3
\ / Kappa
EU MAJOR LEGENDS LUL
Skadoodle is shit LUL
THEY ARE TIER 2 LUL
My Teeth Are Yellow My Breathe Smells Like Poo You Guessed It Right I'm From EU BigBrother
USA USA LUL
BUG LUL
?? cmonBruh
?????? WutFace
MAKING BIG LOOK SMALL Kappa
I have never herad big team. who is? CoolCat
NA EU Kappa
SPAM THIS BACK FOR THE COMEBACK TriHard
out of sync NotLikeThis
SO MANY PEOPLE WEARING GLASSES LUL
Fake Crowd WutFace
67k viewers and no spam? .... Kappa
NA FANS WutFace
EVEN VP WON AGAINST NA LUL
?????????????? WutFace
NO BUG NO BIG LUL
WHY DO NA CROWDS SUCK WutFace
inflatable karambit tiger tooth PogChamp
Major Legends can't beat #2 NA LUL
NA > USA > AMERICA > rest of you s hitters LUL
Cloud9 was the problen LUL
MOOOOM people are having fun in the crowd waaaahhhh BabyRage
SPAM THIS BROKE TO NA CHOKE BrokeBack
monkaS Kappa
SPAM THIS JEW TO HELP OUT STEW BlessRNG
EU CS LUL
clout 9KevinTurtle clout9 clout9 clout9 KevinTurtle
CT MAP SeemsGood
67k viewers and no spam ? ... Kappa
SPAM THIS NOODLE TO HELP SKADOODLE pastaThat
NO BUG NO WIN LUL
SPAM THIS NOODLE TO HELP SKADOODLE ! pastaThat
EU MAJOR LEGENDS LUL
SPAM THIS BUG TO HELP BIG BrainSlug
SPAM THIS NOODLE TO HELP SKADOODLE pastaThat
LAUNDERS IS SUCH A MEMER LUL
monkaS / \ ANELE
EU GOING TO SLEEP? LUL
NA MOLLY LUL
SPAM THIS NOODLE TO HELP SKADOODLE . pastaThat
NA MOLLY LUL
SHAFT Kreygasm
SPAM THIS NOODLE TO HELP SKADOODLE pastaThat
EU MOLOTOV LUL
SPAM THIS NOODLE TO HELP SKADOODLE pastaThat
EU MOLLY LUL
NA MOLLY LUL
hit my shaft Kreygasm
Shaft Kreygasm
EU MOLLY LUL
KEEV LUL
SPAM THIS MUSH TO HELP OUT RUSH BrainSlug
KEEV LUL
SPAM THIS NOODLE TO HELP SKADOODLE pastaThat
KEEV LUL
LEGIJA LUL
67k viewers in major final dead game LUL
BOT LUL
NA SPRAY LUL
legija LUL
LEGIJA LUL
SPAM THIS BRUH TO HELP LEGIJA cmonBruh
NO BUG NO BIG LUL
gg LUL
SHIT IT CS TEETH YELLOW LIKE EGG YOLKS YOU GUESSED IT WE'RE EU FOLKS LUL
BOT LEGIJA LUL
GG LUL
KEEVIE WONDER LUL
HAHAHAHA LUL
ohhhhhhhhh Kreygasm
RAGE TOGGLE LUL
GOD B PogChamp
SPAM THIS BROKE TO NA CHOKE BrokeBack
GOB B PogChamp
G O D B Kreygasm
GOD B PogChamp
GOD B WDF PogChamp
EZ Kappa
1.6 PogChamp
GOD B PogChamp
Vac PogChamp
GOD B PogChamp
AnomalyXd HeyGuys
GOD B PogChamp
@bingobangobongotv PogChamp
NA TRIGGERED LUL
GOD B PogChamp
GOD B PogChamp
GOB B PogChamp
16-2 ResidentSleeper
GOD B PogChamp
VAC B PogChamp
SPAM THIS BUG TO HELP BIG BrainSlug
anomaly HeyGuys
SPAM THIS NOODLE TO HELP SKADOODLE pastaThat
GOD B PogChamp
@AnomalyXd DED GAME LUL
@Anomaly PogChamp
@AnomalyXd XD PogChamp
GOB B CHET? I THINK SO LOL!!! CoolCat
@anomalyxd PogChamp
EU GOT 2 ROUND PogChamp
eu BOTS LUL
vintage mouz gob b Kreygasm
@AnomalyXd HeyGuys
reset EleGiggle
SPAM THIS NOODLE TO HELP SKADOODLE pastaThat
BIG LUL
AAND ITS GONE LUL
16-2 ResidentSleeper
TRUMP V MERKEL LUL
SPAM THIS NOODLE TO HELP SKADOODLE pastaThat
RESET LUL
SPAM THIS NOODLE TO HELP SKADOODLE pastaThat
NA A RUSH PogChamp
RESET LUL
GET FUCKED LUL
TACTICAL PAUSE= INJECT HACK 4Head
SPAM THIS NOODLE TO HELP SKADOODLE pastaThat
DIDNT BAN TRAIN 4Head
SKADADDY OML Kreygasm
SPAM THIS NOODLE TO HELP SKADOODLE pastaThat
GOD B INCOMING PogChamp
ECONOMY RESET LUL
EU LUL
SPAM THIS NOODLE TO HELP SKADOODLE pastaThat
OOOOOO Kreygasm
Ska PogChamp
SPAM THIS WIG TO HELP BIG KappaRoss
SPAM THIS NOODLE TO HELP SKADOODLE pastaThat
AAAND ITS GONE LUL
@shroud LUL
EU? EU? EU? EU? EU? EU? SoBayed
SPAM THIS NOODLE TO HELP SKADOODLE pastaThat
BIG BIG BIG BIG LUL
SPAM THIS NOODLE TO HELP SKADOODLE . . . . pastaThat
ECONOMY RESET LUL
SPAM THIS NOODLE TO HELP SKADOODLE pastaThat
SPAM THIS NOODLE TO HELP SKADOODLE pastaThat' pastaThat
DAT RESET Kreygasm
NA CS PogChamp
RESET AGAIN LUL
SO FAKING EZ LUL
16:1 riPepperonis
RUSH A LUL
SENDE DIESE KATZEN FÜR 30 FRAGS VON TABSEN CoolCat
EU CT LUL
SPAM THIS NOODLE TO HELP SKADOODLE pastaThat
another reset NotLikeThis
TACTICAL ROUND LOSS PogChamp
ska fcking insane PogChamp
RESET LUL
SPAM THIS NOODLE TO HELP SKADOODLE pastaThat
GOD B PogChamp
RESET LUL
📞 HELLO NA? 📞 EU HERE 📞 TIME TO GO HOME 📞 4Head
EU GOT 2 ROUNDS PogChamp
shroudC9 shroudC9 shroudC9 shroudC9 shroudC9 PogChamp
lmao c9 just rush a and they lose instantly LUL
SPAM THIS NOODLE TO HELP SKADOODLE pastaThat
BOT B LUL
ECONOMY RESET LUL
RESET LUL
BIG FANS LEAVING LUL
BIG RESETS AGAIN 4Head
BIG FANS LEAVING LUL
god b 1v5??? Kappa
skadaddy af PartyTime
BIG FANS LEAVING LUL
RAGE LEAVE LUL
EU CS EU CS EU CS EU CS EU CS EU CS EU CS EleGiggle
SPAM THIS MUSH TO HELP RUSH BrainSlug
EU LEAVING LUL
too BIG 4Head
SPAM THIS BACK FOR THE COMEBACK TriHard
TOO BIG LUL
BIG FANS HeyGuys
EU OUT LUL
SPAM THIS NOODLE TO HELP SKADOODLE pastaThat
skadaddy is back <3
SPAM THIS NOODLE TO HELP SKADOODLE pastaThat
@anomalyxd HeyGuys
BIG FANS LUL
SPAM THIS NOODLE TO HELP SKADOODLE pastaThat
SPAM THIS NOODLE TO HELP SKADOODLE pastaThat
TACTICAL RESET BY C9 LUL
Skadaddy Kreygasm
SPAM THIS BUG TO HELP BIG BrainSlug
GOD B LUL
SPAM THIS TEAR FOR EU FEAR BibleThump
SPAM THIS NOODLE TO HELP SKADOODLE pastaThat
NA > USA > AMERICA > rest of you s hitters LUL
EU LEAVING LUL
📞 :telephone_receiver:BetterTTV Emojis HELLO EU? 📞 NA HERE 📞 TIME TO GO HOME 📞 4Head
EU GOING HOME LUL
SPAM THIS NOODLE TO HELP SKADOODLE pastaThat
SPAM THIS NOODLE TO HELP SKADOODLE pastaThat
no bug no big Kappa
BIG EleGiggle
NA WINNING TIER 3 TOURNAMENT LUL
ALL USPS LUL
SPAM THIS NOODLE TO HELP SKADOODLE pastaThat
SPAM THIS TRIHARD TO HELP MY COLLEGE FUND TriHard
SPAM THIS MUSH TO HELP RUSH BrainSlug
SPAM THIS NOODLE TO HELP SKADOODLE pastaThat
EU HAVE NO CHANCE TO WIN NA CS LUL
SPAM THIS NOODLE TO HELP SKADOODLE pastaThat
SPAM THIS MUSH TO HELP RUSH BrainSlug
SPAM THIS NOODLE TO HELP SKADOODLE pastaThat
SPAM THIS TEAR TO GET EU OUTTA HERE BibleThump
KEEV LUL
EU GOT 2 ROUNDS PogChamp
THIS FINAL IS VERY BORING ResidentSleeper
SPAM THIS NOODLE TO HELP SKADOODLE . pastaThat
SPAM THIS NOODLE TO HELP SKADOODLE pastaThat
@anomalyxd HeyGuys
VIEWERSHIP IS LOW NOW BCUZ BIG FAN LEAVING LUL
SPAM THIS MUSH TO HELP RUSH BrainSlug
PEANUT BRAIN LUL
NA LUL
WANNA PLAY FAZE NA? LUL
EU is so ba... wait let me take a breath EU is s... i need to take another one fk give me another burger OpieOP
TUROK LUL
SPAM THIS NOODLE TO HELP SKADOODLE pastaThat
TUROK LUL
LMFAO LUL
SKA PogChamp
VAC LUL
VAC LUL
VAC LUL
SPAM THIS NOODLE TO HELP SKADOODLE pastaThat
SKADADDY PogChamp
WOW FOCK PogChamp
SKADADDY VAC PogChamp
SPAM THIS NOODLE TO HELP SKADOODLE pastaThat
VAC PogChamp
VAC PogChamp
bye germans CYA HeyGuys
What PogChamp
Usa PogChamp
REEEDDDIIIITT PogChamp
SPAM TPFufu THIS WEEB TO HELP KEEV TPFufun
visited by mr skadoodle Kreygasm
SPAM THIS NOODLE TO HELP SKADOODLE pastaThat
SPAM THIS NOODLE TO HELP SKADOODLE pastaThat
"prediction" LUL
SKADADDY VAC PogChamp
SPAM THIS NOODLE TO HELP SKADOODLE pastaThat
SPAM THIS VOHIYO TO HELP THE ASIAN DUO VoHiYo
SPAM THIS NOODLE TO HELP SKADOODLE . pastaThat
VAC DansGame
VAC SwiftRage
RUSH A LUL
Thank Mr. Skadoodle OpieOP
SKADADDY PogChamp
VAC PogChamp
gg LUL
SPAM THIS JEW TO HELP OUT STEW BlessRNG
GabeN NOT VAC Kappa
eu cz75 LUL
RUSH A LUL
BAIT b Jebaited
GG LUL
CANT CHEAT ON VAC SECURED SERVERS LUL
SPAM THIS WIG TO HELP BIG KappaRoss
SPAM THIS NOODLE TO HELP SKADOODLE pastaThat
VAC DOODLE PogChamp
SPAM THIS NOODLE TO HELP SKADOODLE pastaThat
BIG HOLDING A LUL
BIG CS IS TRASH Kappa
SPAM THIS NOODLE TO HELP SKADOODLE pastaThat
RUSH A EVERY ROUND LUL
BOT LUL
EU CS LUL
NA CS PogChamp
SPAM THIS NOODLE TO HELP SKADOODLE pastaThat
SPAM THIS NOODLE TO HELP SKADOODLE pastaThat
EU CS LUL
WTF IS HAPPENING NotLikeThis
SPAM THIS NOODLE TO HELP SKADOODLE pastaThat
SPAM THIS NOODLE TO HELP SKADOODLE pastaThat
SPAM THIS NOODLE TO HELP SKADOODLE pastaThat
SPAM THIS NOODLE TO HELP SKADOODLE pastaThat
SPAM THIS NOODLE TO HELP SKADOODLE pastaThat
C9 PLAYING DM LUL
BIG LUL
EU CS EU CS EU CS EU CS EU CS EU CS LUL
EU CS LUL
SPAM THIS NOODLE TO HELP SKADOODLE pastaThat
SPAM THIS NOODLE TO HELP SKADOODLE pastaThat
wow C9 LUL
DEATHMATCH SERVER LUL
why is EU so bad? EleGiggle
SPAM TPFufu THIS WEEB TO HELP KEEV TPFufun
SPAM THIS NOODLE TO HELP SKADOODLE pastaThat
HELLO GER? 📞 NA HERE 📞 REMEMBER WW2? 📞 4Head
🤘🏿 PogChamp
HACKING AGAINST BIG LUL
WANNA PLAY FAZE NA? LUL
THAT HAPPENS EVERY GAME IN MM LUL
EU CS LUL
RUSH A AGAIN LUL
SPAM THIS NOODLE TO HELP SKADOODLE pastaThat
EU CS LUL
SPAM THIS NOODLE TO HELP SKADOODLE . pastaThat
SPAM THIS NOODLE TO HELP SKADOODLE Twitch Prime pastaThat
SPAM THIS NOODLE TO HELP SKADOODLE XD pastaThat
Fake hype LUL
C9 are pub stomping them EleGiggle
C9 playing PUGS LUL
RUSH LUL
TARIK "RUSH A EVERY ROUND" LUL
EU CS EU CS EU CS EU CS EU CS EU CS EU CS LUL
NA win soon TPFufun
NO BUG NO BIG LUL
EU CS LUL
RUSH 4 kill LUL
TIER 89 TOURNEY DOMINATION LUL
RUSH ADR LUL
EU CS LUL
EU LUL
EU LUL
WE WANT FAZE Kappa
no shroud no problem B)
BEAT EM ONCE IN WW1 BEAT EM TWICE IN WW2 LETS DO IT AGAIN AT DREAMHACK TOO LUL
SPAM THIS TRIHARD TO HELP MY COLLEGE FUND TriHard
EU CS EU CS EU CS EU CS EU CS EU CS LUL
NO BUG NO WIN LUL
EU? WHY SO QUIET? LUL
SPAM THIS NOODLE TO HELP SKADOODLE XD pastaThat
SPAM THIS WEEB TO HELP KEEV TPFufun
bye germans CYA HeyGuys
SPAM THIS NOODLE TO HELP SKADOODLE pastaThat
Trash teams LUL
EU CS LUL
SPAM THIS WIG TO HELP BIG KappaRoss
SPAM THIS BACK FOR THE COMEBACK TriHard
EU WHERE ARE YOU ?? LUL
SPAM THIS TO LAUGH AT EU LUL
WANNA PLAY FAZE NA? 4Head
IBP big Kappa
SPAM THIS NOODLE TO HELP SKADOODLE a pastaThat
EU IS BAD LUL
EU is so ba... wait let me take a breath EU is s... i need to take another one fk give me another burger OpieOP
EU CS FailFish
SPAM THIS |\|lG TO HELP BIG TriHard
60k viewers on a major dead game LUL
LULLUL SPAM THIS TO LAUGH AT EU LUL
SPAM THIS TO LAUGH AT EU LUL
EU CSGO in 2k17 WutFace
SPAM THIS JEW TO HELP OUT STEW BlessRNG
SPAM THIS MUSH TO HELP RUSH BrainSlug
NO BUG NO WIN LUL
EU CS players LUL
:telephone_receiver: HELLO BIG? :telephone_receiver: AIRPORT HERE :telephone_receiver: YOUR PLANE IS READY 4Head
SPAM THIS MUSH TO HELP RUSH BrainSlug
NA STRAT NA STRAT NA STRAT NA STRAT PogChamp
WHEN EU THINK THEYRE good AT CS LUL
SPAM THIS NOODLE TO HELP SKADOODLE pastaThat
SPAM THIS TO LAUGH AT EU LUL
C9 GO PLAY IN MAJOR QUALS PLS LUL
📞 HELLO NA? 📞 EU HERE 📞 TIME TO GO HOME 📞 4Head
SPAM THIS NOODLE TO HELP SKADOODLE pastaThat
LMAO NA HAPPY BECAUSE THEY BEAT BIG B I G LUL
SPAM THIS JEW TO HELP OUT STEW BlessRNG
SPAM THIS WEEB TO HELP KEEV TPFufun
SPAM THIS NOODLE TO HELP SKADOODLE pastaThat
NA teamwork LUL
SPAM THIS TO LAUGH AT EU LUL
67000 viewers in major final LUL
EU CS EU CS EU CS EU CS EU CS EU CS EU CS LUL
SPAM THIS NOODLE TO HELP SKADOODLE pastaThat
My Teeth Are Yellow My Breathe Smells Like Poo You Guessed It Right I'm From EU BigBrother
SPAM THIS TRIHARD TO HELP MY COLLEGE FUND TriHard
BIG tier 28 team LUL
SPAM THIS TO LAUGH AT EU LUL
BIG PLS BlessRNG
SPAM THIS NOODLE TO HELP SKADOODLE pastaThat
SPAM THIS NOODLE TO HELP SKADOODLE . pastaThat
dead chat LUL
SPAM THIS TO LAUGH AT EU LUL
SPAM THIS BROKE TO NA CHOKE BrokeBack
SPAM THIS TO LAUGH AT EU LUL
SPAM THIS TO LAUGH AT EU LUL
hey EU why so quiet? :thinking: 4Head
GO BUG GO HOME LUL
GERMANY 0 TOURNAMENTS LUL
SPAM THIS NOODLE TO HELP SKADOODLE pastaThat
SPAM THIS NOODLE TO HELP SKADOODLE pastaThat
LET US PRAY FOR N A BlessRNG
BIG tier 40 team LUL
@monkas_trihard_kappa_lul LUL
@SweatyClackers SPAM THIS NOODLE TO HELP SKADOODLE pastaThat
SPAM THIS NOODLE TO HELP SKADOODLE pastaThat
SPAM THIS NOODLE TO HELP SKADOODLE pastaThat
hey EU why so quiet? :thinking: hey EU why so quiet? :thinking: . 4Head
SPAM THIS TO LAUGH AT EU LUL
NA winning minors, but cheering as if its's major LUL
5 more NA BlessRNG
My Teeth Are Yellow My Breathe Smells Like Poo You Guessed It Right I'm From EU . BigBrother
SPAM THIS LIMB TO HELP TIM PowerUpR
SPAM THIS TO LAUGH AT EU LUL
SPAM THIS NOODLE TO HELP SKADOODLE . pastaThat
THIS TO LAUGH AT EU . LUL
SPAM THIS TO LAUGH AT EU LUL
BIG JUST PLAY INFERNO WITH BUG 4Head
SPAM THIS TO LAUGH AT EU LUL
SPAM THIS NOODLE TO HELP SKADOODLE pastaThat
SPAM THIS TO LAUGH AT EU .. LUL
T2 EU TEAM BEAT FAZE U WONT LUL
SPAM BrainSlugTHIS BrainSlugMUSH BrainSlugTO BrainSlugHELP BrainSlugRUSH BrainSlug
My Teeth Are Yellow My Breathe Smells Like Poo You Guessed It Right I'm From EU BigBrother
SPAM THIS NOODLE TO HELP SKADOODLE . pastaThat
SPAM THIS TO LAUGH AT EU .. LUL
c9 smurfing EU major legends LMAO LUL
SPAM THIS WEEB TO HELP KEEV TPFufun
EU CS EU CS EU CS EU CS EU CS EU CS EU CS LUL
SPAM THIS TO LAUGH AT EU . LUL
SPAM THIS TO LAUGH AT EU x LUL
TWITCH CHAT LUL
NAs FIRST WIN AGAINST EU 4Head
ASIANS AND TURKS NA BTW LUL
NA HOW MANY MAJORS? 4Head
SPAM MAGA TO MAKE AMERICA GREAT AGAIN Poooound
SPAM THIS TO LAUGH AT EU LUL
My Teeth Are Yellow My Breathe Smells Like Poo You Guessed It Right I'm From EU . BigBrother
NA COMPARING BIG WITH FAZE LUL
NA's best team barely beats EU's 8th best team and think they are good SeemsGood
THIS TO LAUGH AT EU LUL
NA COMPARING BIG WITH FAZE NA COMPARING BIG WITH FAZE LUL
NO BUG NO WIN 4Head
SPAM THIS NOODLE TO HELP SKADOODLE pastaThat
EU GOT 3 ROUNDS EU GOT 3 ROUNDS EU GOT 3 ROUNDS PogChamp
SPAM THIS TO LAUGH AT EU LUL
My Teeth Are Yellow My Breathe Smells Like Poo You Guessed It Right I'm From EU . BigBrother
NA COMPARING BIG WITH FAZE LUL
NAs FIRST WIN AGAINST EU 4Head
SPAM THIS WIG TO HELP BIG KappaRoss
IBP LUL
NA COMPARING BIG WITH FAZE NA COMPARING BIG WITH FAZE LUL
SPAM THIS TO LAUGH AT EU ..f LUL
EU chat CarlSmile
EU is so ba... wait let me take a breath EU is s... i need to take another one fk give me another burger OpieOP
@sweatyClackers SPAM THIS NOODLE TO HELP SKADOODLE 2 pastaThat
SPAM THIS NOODLE TO HELP SKADOODLE pastaThat
Major Final only 68k viewers, CS IS DEAD BibleThump
SPAM THIS NOODLE TO HELP SKADOODLE pastaThat
KEEV OpieOP
SPAM THIS TO LAUGH AT EU LUL
SPAM THIS NOODLE TO HELP SKADOODLE pastaThat
HAVE TO USE ENGLISH CAUSE EU IS SHIT LUL
BIG OpieOP
The plant doesnt matter, they have infinite money chat FailFish
NAs FIRST WIN AGAINST EU . 4Head
Choke? Kappa
BIG OpieOP
they have money silver chat ResidentSleeper
C M B A C K Kreygasm
NA HOW MANY MAJORS? 4Head
C( had plenty of money, he wanted to drop a gun, 200IQ SeemsGood
EU CS EU CS EU CS EU CS EU CS EU CS EU CS LUL
SPAM THIS TO LAUGH AT EU LUL
SMART By stewie. BIG has low money :)
Baby keep looking thicc Kreygasm
jjjaja OpieOP
Comeback LUL
SPAM THIS NOODLE TO HELP THAT SKADOODLE pastaThat
EU Overrated LUL
Tier 2 EU same level than tier 1 USA LUL
3 awp :D
BIG THEIR ALL BIG LUL
SPAM THIS TO LAUGH AT EU LUL. LUL
TRUMP Starting Racist war TRUMP Starting Racist war LUL
📞 HELLO NA? 📞 EU HERE 📞 TIME TO GO HOME 📞 4Head
SPAM THIS MUSH TO HELP RUSH BrainSlug
triple AWP PogChamp
3 awps LUL
NA WHERE'S YOUR MAJOR? 4Head
SPAM THIS TO LAUGH AT EU LUL
3 awp LUL
T1 NA FINALLY BEATS A T2 EU TEAM 4Head
3 awps :tf: LUL
NOT A MAJOR BabyRage
NA CS LUL
LULLUL SPAM THIS TO LAUGH AT EU LUL
3 awps LUL
Losing to C9 in 2017 FailFish
MM BUY LUL
SPAM THIS NOODLE TO HELP SKADOODLE pastaThat
wow beating t3 EU teams PogChamp
GG LUL
CLOWN9 WINNING TIER 3 TOURNAMENT LUL
GG EU LUL
TRIPLE AWP LUL
stew LUL
LOL LUL
SPAM THIS MEME TO HELP YOUR FAVORITE TEAM :)
TARIK LUL
:tf: LUL
le BAIT EU Overrated LUL
CHAT FailFish
bot legija <3
STEW TROLLING TARIK LUL
KAPPA OUTDATED POGCHAMP OVERRATED LONG HAVE WE WAITED NOW WE JEBAITED Jebaited
NA JOKE LUL
fk this im out LUL
SO EZ LUL
SPAM THIS TO LAUGH AT EU LUL
SPAM THIS NOODLE TO HELP SKADOODLE ., pastaThat
CLOWNING ON EU LUL
lost to tripple awp LUL
SPAM THIS NOODLE TO HELP SKADOODLE . pastaThat
SPAM THIS NOODLE TO HELP SKADOODLE pastaThat
SPAM MAGA TO MAKE AMERICA GREAT AGAIN Poooound
SPAM THIS TEAR FOR EU FEAR BibleThump
is 2-0 guys 4Head
HOW IS MOVING SO FAST WutFace
RUSH POPDOG WITH AWP LUL
That was insane LUL
📞 HELLO NA? 📞 EU HERE 📞 TIME TO GO HOME 📞 4Head
Stew just bailed LUL
SPAM THIS NOODLE TO HELP SKADOODLE pastaThat
EU CS EU CS EU CS EU CS EU CS EU CS EU CS LUL
SPAM THIS TO LAUGH AT EU LUL
SPAM THIS TO LAUGH AT EU LUL
RIP SKINS LUL
BIG LUL
EZ LUL
TACTICAL RESET AGAIN LUL
RUSH PogChamp
VAC NA LUL
EU LOSING TO THIS LUL
EU LUL
SPAM THIS TO LAUGH AT EU LUL
GH 4Head
GG LUL
C9 > Big Keepo
Germany CS Jebaited
NA HOW MANY MAJORS? 4Head
12-16 watch LUL
IAN LUL
IAN PogChamp
SPAM THIS NOODLE TO HELP SKADOODLE pastaThat
? HeyGuys
Twitter LUL
12-3 TRAIN T SIDE LUL
WHO IS? LUL
EU CS EU CS EU CS EU CS EU CS EU CS EU CS LUL
Ian HeyGuys
IAN PogChamp
Big 3 LUL
IAN HeyGuys
IAN LUL
IAN HeyGuys
IAN PogChamp
16-12 Kappa
HELLO GER? 📞 NA HERE 📞 REMEMBER WW2? 📞 4Head
Ian HeyGuys
IAN HeyGuys
IAN PogChamp
/ Kappa
IAN LUL
IAN HeyGuys
@DreamHackCS HeyGuys
/ Kappa
SPAM THIS NOODLE TO HELP SKADOODLE pastaThat
IAN HeyGuys
Ian HeyGuys
@IAN LUL
SPAM THIS NOODLE TO HELP SKADOODLE . pastaThat
SPAM THIS TO LAUGH AT EU LUL
YES NA HAS ASIANS BUT NO MAJORS LUL
me / Kappa
NA CROWD LUL
NA LUL
/ Kappa
SPAM THIS NOODLE TO HELP SKADOODLE pastaThat
na crowd LUL
IAN DansGame
/ Kappa
/ Kappa
📞 HELLO C9 📞 EU HERE 📞 NO EPICENTER? 📞 4Head
me / Kappa
SPAM THIS NOODLE TO HELP SKADOODLE pastaThat
Being named Ian in 2017 DansGame
/ Kappa
SPAM MAGA TO MAKE AMERICA GREAT AGAIN Poooound
haHAA Cringe haHAA HeyGuys
SPAM THIS TO LAUGH AT EU LUL
EAT IT 4Head
IAN HeyGuys
PAM THIS NOODLE TO HELP SKADOODLE pastaThat
/ Kappa
EU GOT 3 ROUNDS EU GOT 3 ROUNDS EU GOT 3 ROUNDS PogChamp
GODIAN PogChamp
FULL OFNERDS LUL
NA team does not have any KKona LUL
I LIKE TO HAVE CONSENSUAL INTERCOURSE WITH MY MALE FRIENDS OhMyDog
12-3 TRAIN T SIDE LUL
NA STILL NO MAJOR LUL
SMELLS LIKE POO TEETH ARE YELLOW THATS RIGHT IM AN EU FELLOW LUL
12-1 PogChamp
SPAM THIS TO LAUGH AT EU LUL
LEZ GO C9. FAK THESE KIDS DatSheffy
12-1 LUL
SPAM THIS NOODLE TO HELP SKADOODLE . pastaThat
WATERBOI LUL
SAW U AT EPICENTER NA... OH WAIT LUL
VALENS WAS THE PROBLEM LUL
NA THIS EU THAT IM A BABY IN TWITCH CHAT BabyRage
12-1 PogChamp
any else spot the cute ? KappaPride
c9 win doesnt count its not a major BabyRage
NO LUL
@puzzle444 <3
13-1 incoming Kreygasm
LULI AM FROM EU LULMY TEETH ARE BRIGHT YELLOW LULI LIKE MY SISTER LULAND MY VOICE IS MELLOW LUL
no LUL
SO MUCH SAUSAGE OpieOP
📞 HELLO NA? 📞 EU HERE 📞 TIME TO GO HOME 📞 4Head
SPAM THIS NOODLE TO HELP SKADOODLE pastaThat
NO BUG NO BIG! NO BUG NO BIG! NO BUG NO BIG! NO BUG NO BIG! LUL
EU LUL
NO LUL
NO WE DONT LUL
MAP 3 BlessRNG
@insomniuhh CorgiDerp
SPAM THIS NOODLE TO HELP SKADOODLE pastaThat
SPAM THIS NOODLE TO HELP SKADOODLE XD pastaThat
SPAM THIS NOODLE TO HELP SKADOODLE pastaThat
EU CS EU CS EU CS EU CS EU CS EU CS EU CS LUL
SPAM THIS WIG TO HELP BIG KappaRoss
SPAM THIS MUSH TO HELP RUSH BrainSlug
Big=No Good without jump bug LUL
EU is so ba... wait let me take a breath EU is s... i need to take another one fk give me another burger OpieOP
📞 HELLO C9 📞 EU HERE 📞 NO EPICENTER? 📞 4Head
BUG MAJOR LEGENDS BUG MAJOR LEGENDS LUL
SPAM THIS NOODLE TO HELP SKADOODLE pastaThat
@dapr tier 20 na player PogChamp
SPAM THIS NOODLE TO HELP SKADOODLE pastaThat
BIG WITHOUT BUG LUL
@Insomniuhh SeemsGood
@phluffyhead haHAA are u from murica? OpieOP
EU? EU? EU? EU? EU? EU? EU? SoBayed
SPAM THIS NOODLE TO HELP SKADOODLE pastaThat
tier 1 EU Major Legends getting REKT by NA LUL
SPAM THIS NOODLE TO HELP SKADOODLE pastaThat
EU LUL
SPAM THIS NOODLE TO HELP SKADOODLE pastaThat
bye germans CYA HeyGuys
I LIKE TO LOOK AT DUST MOURET WHERE IS DUST OhMyDog
EU CS LUL
SPAM THIS NOODLE TO HELP SKADOODLE pastaThat
L E T S GO PogChamp
13-1 ! PogChamp
NA CS PogChamp
EU CS LUL
shroudC9 PogChamp
Gg :)
EU WutFace
EU CS EU CS EU CS EU CS EU CS EU CS EU CS LUL
SPAM THIS MUSH TO HELP RUSH BrainSlug
NA PogChamp
EU CS LUL
69.690 viewers PogChamp
SPAM THIS NOODLE TO HELP THAT SKADOODLE pastaThat
Tarik my idol PogChamp
N0THING N0THING N0THING EleGiggle
TARIK PogChamp
LOW VIEWER COUNT ASK SHROUD TO HOST LUL
SPAM THIS GOOEY TO HELP STEWIE BrainSlug
NA! WHERE'S YOUR MAJOR? 4Head
TUROKK PogChamp
SPAM THIS MUSH TO HELP RUSH BrainSlug
TUROK Kreygasm
tier 1 EU Major Legends getting REKT by NA LUL
BIG LEGENDS BIG LEGENDS LUL
EU? EU? EU? EU? SoBayed
Big without bug EleGiggle
PartyPopper LUL
germany cs LUL
I don't want to Hype too much but C9 BEST TEAM IN THE WORLD Kreygasm
SEE U AT EPICENTER NA... OH WAIT LUL
EU CS LUL
📞 HELLO NA? 📞 EU HERE 📞 TIME TO GO HOME 📞 4Head
SPAM THIS GOOEY TO HELP STEWIE BrainSlug
SPAM THIS NOODLE TO HELP SKADOODLE pastaThat
@n0thing HeyGuys
NA HYPING OVER BIG SO DESPERATE LUL
EU CS LUL
Dire Straits PogChamp
rekt LUL
SPAM THIS TO LAUGH AT EU LUL
EU FANS VRYING LUL
Bye EU HeyGuys
gg LUL
SPAM THIS GOOEY TO HELP STEWIE a BrainSlug
SPAM THIS GOOEY TO HELP STEWIE BrainSlug
TY FREE WIN EU LUL
the biggest OpieOP
Big without bug EleGiggle
'in terms of statistics' LUL
GG LUL
bye EU HeyGuys
wanna hear a joke? EU 4Head
SPAM THIS GOOEY TO HELP STEWIE sda BrainSlug
IN TERMS OF STATISTICS LUL
SPAM THIS GOOEY TO HELP RUSH BrainSlug
nasty PogChamp
c9 BlessRNG
TAPSEN Kreygasm
SPAM THIS GOOEY TO HELP STEWIE quet BrainSlug
EU CS LUL
NA NO MAJOR LUL
14-16 PogChamp
EU CS EU CS EU CS EU CS EU CS EU CS EU CS LUL
NA HYPINg OVER BIG DESPERATE LUL
hol cmonBruh
EU GOT 3 ROUNDS EU GOT 3 ROUNDS EU GOT 3 ROUNDS EU GOT 3 ROUNDS PogChamp
SENDE DIESE KATZEN FÜR 30 FRAGS VON TABSEN CoolCat
TABSEN BACKWARDS IS NESBAT OMG WOEW OhMyDog
SPAM THIS NOODLE TO HELP SKADOODLE . pastaThat
na > eu LUL
MAJOR LEGENDS LOSING TO NA TEAM WHO WASNT EVEN IN THE MAJOR LUL
SPAM THIS WEEB TO HELP KEEV TehePelo
SPAM THIS NOODLE TO HELP SKADOODLE pastaThat
SPAM THIS NOODLE TO HELP SKADOODLE pastaThat
TAPSEN PogChamp
EU CS EU CS LUL
SPAM THIS GOOEY TO HELP RUSH BrainSlug
tier 1 na beating tier 3 eu PogChamp
SPAM THIS TO LAUGH AT EU LUL
SPAM THIS GOOEY TO HELP STEWIE BrainSlug
IAN PogChamp
SPAM THIS NOODLE TO HELP SKADOODLE pastaThat
SPAM THIS NOODLE TO HELP SKADOODLE pastaThat
TABSEN LUL
NA CHAT SO TOXIC BrainSlug
LULLUL SPAM THIS TO LAUGH AT EU LUL
SPAM THIS NOODLE TO HELP SKADOODLE pastaThat
Trump made NA great again KKona 7 PogChamp
IAN!!!!!!!!!! SwiftRage
SPAM THIS MUSH TO HELP RUSH BrainSlug
SPAM THIS MUSH TO HELP RUSH BrainSlug
PAM THIS NOODLE TO HELP SKADOODLE pastaThat
bye germans CYA HeyGuys
SPAM THIS NOODLE TO HELP SKADOODLE . pastaThat
COACH 4Head
NO BUG NO WIN LUL
EU CS LUL
EU = BabyRage
POOR TABSEN :(
NO BUG NO BIG! NO BUG NO BIG! NO BUG NO BIG! NO BUG NO BIG! LUL
God IAN PogChamp
GOD IAN Kreygasm
tabsen BibleThump
SPAM THIS TO LAUGH AT EU LUL
EU CS EU CS EU CS EU CS EU CS EU CS EU CS LUL
stew is god PogChamp
T1 TOURNEY TOMOROW GUESS WHAT NA NOT QUALIFIED LUL
playing for OT BrokeBack
EU BOTS EU BOTS EU BOTS MrDestructoid
SPAM THIS GOOEY TO HELP STEWIE BrainSlug
EU MONEY PogChamp
EU CS LUL
NO BUG NO WIN LUL
No force? LUL
SPAM THIS GOOEY TO HELP RUSH BrainSlug
IAN MVP PogChamp
SPAM THIS TUNA FOR CLOUD9 FORTUNA SabaPing
EU CS LUL
Bye EU plebs HeyGuys
SENDE DIESE KATZEN FÜR 10 FRAGS VON TABSEN CoolCat
IAN MVP PogChamp
NA major Kreygasm
What is up with stewies monitor Jebaited
BELIEVE THEMSELVES LUL
📞 HELLO NA? 📞 EU HERE 📞 TIME TO GO HOME 📞 4Head
SPAM THIS NOODLE TO HELP SKADOODLE XD pastaThat
EU CS EU CS EU CS EU CS EU CS EU CS EU CS LUL
SPAM SKADOOLE IF YOU LOVE THE DOODLE pastaThat
SPAM THIS TO LAUGH AT EU Twitch Prime LUL
NO BUG NO WIN LUL
SPAM THIS TO LAUGH AT EU LUL
EU CS EU CS EU CS EU CS EU CS EU CS EU CS LUL
TABSEN BACKWARDS IS NESBAT BACKWARDS IS OhMyDog
EU CS LUL
NO BUG NO BIG! NO BUG NO BIG! NO BUG NO BIG! NO BUG NO BIG! LUL
SPAM THIS NOODLE TO HELP SKADOODLE pastaThat
EU LUL
shroudC9 PogChamp
15-15 BlessRNG
GG LUL
GG LUL
SPAM THIS TO LAUGH AT EU LUL
MINOR MINOR MINOR LUL
gg LUL
EU LUL
SPAM THIS NOODLE TO HELP SKADOODLE pastaThat
Clap PogChamp
SPAM THIS TO LAUGH AT EU LUL
NA MAJOR PogChamp
SPAM THIS NOODLE TO HELP SKADOODLE pastaThat
1 ResidentSleeper
SPAM THIS NOODLE TO HELP SKADOODLE pastaThat
EU CS EU CS LUL
CANT WAIT TO SEE BIG COMEBACK Kappa
USA PogChamp
EZ NA MAJOR FINALLY Kappa
SPAM THIS TO LAUGH AT EU LUL
FOOT CLAP 4Head
EU CS EU CS EU CS EU CS EU CS EU CS EU CS LUL
SPAM THIS NOODLE TO HELP SKADOODLE . pastaThat
NA CS PogChamp
SPAM THIS NOODLE TO HELP SKADOODLE pastaThat
USA PogChamp
NA Crowd WutFace
NA CROWD LUL
19-15 Kappa
EU EU EU EU EU EU EU EU EU EU EU EU EU LUL
TIER 20 tournament usa win :D
20.000 gob 4Head
15-15 LUL
EU BTFO EU BTFO LUL
USA PogChamp
Booo USA DansGame
SPAM THIS NOODLE TO HELP SKADOODLE pastaThat
EU SALTY LUL
EU CS LUL
📞 :telephone_receiver:BetterTTV Emojis HELLO EU? 📞 NA HERE 📞 TIME TO GO HOME 📞 4Head
SPAM THIS NOODLE TO HELP SKADOODLE pastaThat
WHERE IS EU????? WHERE IS EU????? WHERE IS EU????? WHERE IS EU????? WHERE IS EU????? WHERE IS EU????? 4Head
CHOKE 9 INCOMING 4Head
SPAM THIS TUNA FOR CLOUD9 FORTUNA SabaPing
EU EU EU EU EU EU EU EU LUL
EU? EU? EU? EU? EU? EU? SoBayed
EU CS LUL
BEAT EM ONCE IN WW1 BEAT EM TWICE IN WW2 LETS DO IT AGAIN AT DREAMHACK TOO LUL
feet clap DansGame
DO IT ON MAJOR LUL
EZ FOR NA SwiftRage
USA PogChamp
EU BOTS EU BOTS EU BOTS MrDestructoid
SPAM THIS MUSH TO HELP RUSH BrainSlug
USA DansGame
EU CS EU CS EU CS EU CS EU CS EU CS EU CS LUL
USA USA USA PogChamp
SPAM THIS NOODLE TO HELP SKADOODLE pastaThat
EU 4Head
BUSH OUTDATED OBAMA OVERRATED HILLARY ELIMINATED TRUMP CONGRATULATED LONG HAVE WE WAITED NOW WE EMIGRATED Jebaited
Liquid Choke LUL
Finally a First place after ... ages 4Head
SPAM THIS TO LAUGH AT EU LUL
celebrating against BIG NA LUL
GERMAN CS LUL
EU SALTY LUL
USA PogChamp
SPAM THIS NOODLE TO HELP SKADOODLE pastaThat. pastaThat
EU = BabyRage
📞 :telephone_receiver:BetterTTV Emojis HELLO EU? 📞 NA HERE 📞 TIME TO GO HOME 📞 4Head
EU EU EU EU EU EU EU EU LUL
EU CS EU CS EU CS EU CS EU CS EU CS EU CS LUL
EU BAD EU MAD EU SAD LUL
EU EleGiggle
HELLO EU? NA HERE Y SO QUIET? 4Head
USA USA Lets GO C9 WE BEAT A TIER 20 team!!! PogChamp
HAHAHAH LUL
NA MAJORS LUL
3 CANADIANS IN TEAM BUT CHANT IS USA LUL
SPAM THIS MUSH TO CHEER ON RUSH BrainSlug
ASIAN EYES LUL
8 eyes WutFace
Eight eyes 🕷 LUL
KEEV ;)
HELLO EU? NA HERE WHY SO QUIET? 4Head
MORE LIKE 8 CHINS LUL
GAME SENSE LUL
CHEATING CROWD LUL
BIG LUL
4:3 NotLikeThis
SPAM THIS NOODLE TO HELP SKADOODLE . pastaThat
USA LUL
AUTI BLIND LUL
EU CS EU CS EU CS EU CS EU CS EU CS EU CS LUL
SPOODER WutFace
GAMESENSE LUL
EU CS LUL
GAMESENSE LUL
choke 9 PogChamp
GAMESENSE LUL
BIG MAJOR TEAM EleGiggle
NA think they're special beating Tier 3 EU teams LUL
BIG HAS BIG PLAYERS LUL
OT BlessRNG
If Tim wasn't Asian he woulda saw hiim Kappa
8 eyes LUL
Gamesence Kappa
Spam This Japa To Help Stew . NotATK
GAMESENSE = CHEATS LUL
SPOODER SENSE WutFace
CHOKE 9 LUL
15-15 EleGiggle
GUY CLAPPING WITH HIS LEGS LUL
NO BUG NO WIN 4Head
SPAM THIS BROKE TO NA CHOKE BrokeBack
@AnoxCsgo LUL
CHOKE9 LUL
COMEBACK PogChamp
COMEBACK COMEBACK COMEBACK COMEBACK COMEBACK LUL
19-15 LUL
19-15 LUL
COMEBACK PogChamp
its gonna be a long game LUL
15-5 BlessRNG
SPAM THIS IF YOU LOVE LANDERS CASTING <3
4 ROUNDS PogChamp
16-15 4Head
USA? SoBayed
OT OT OT OT OT LUL
BUSH OUTDATED OBAMA OVERRATED HILLARY ELIMINATED TRUMP CONGRATULATED LONG HAVE WE WAITED NOW WE EMIGRATED Jebaited
Comeback PogChamp
NA CHOKE LUL
SPAM THIS WIG TO HELP BIG KappaRoss
SPAM THIS IF YOU LOVE LANDERS CASTING <3. <3
winning t4 tournament against t3 EU teams 4Head
EU CS LUL
SPAM THIS NOODLE TO HELP SKADOODLE . pastaThat
Comeback Kappa
15-15 hltv Kappa
15-15 BlessRNG
choke9 LUL
proud NA crowd because winning vs shitty EU team LUL
OVERTIME PLEASE BlessRNG
SPAM THIS NOODLE TO HELP SKADOODLE pastaThat
CHOKE9 Kappa
SPAM THIS NOODLE TO HELP SKADOODLE pastaThat
EU CS EU CS EU CS LUL
CHOKE 9 BlessRNG
16-15 CHOKE9 LUL
STOP IT CHOKE 9 PunOko
C9 LUL
OT Kappa
SPAM THIS GOOEY TO HELP RUSH BrainSlug
NA? NA? NA? NA? SoBayed
KEEV OpieOP
SPAM THIS TUNA FOR CLOUD9 FORTUNA SabaPing
SPAM THIS IF YOU LOVE LANDERS CASTING <3.. <3
NA TO WIN A MAJOR NA TO WIN A MAJOR EleGiggle
OT BlessRNG
CHOKE 9? LUL
16-15 LUL
CHOKE 9 LUL
BUSH OUTDATED OBAMA OVERRATED HILLARY ELIMINATED TRUMP CONGRATULATED LONG HAVE WE WAITED NOW WE EMIGRATED Jebaited
SPAM THIS NOODLE TO HELP SKADOODLE pastaThat
15-15 Guys PogChamp
SPAM THIS NOODLE TO HELP SKADOODLE pastaThat
VAC LUL
SPAM THIS IF YOU LOVE LANDERS CASTING <3... <3
NA? NA? SoBayed
SPAM THIS BROKE TO NA CHOKE BrokeBack
SPAM THIS NOODLE TO HELP SKADOODLE pastaThat
15-15 Kappa
EU NEEDS CHEATS LUL
Na Choke = 15 - 4 LUL
BOT B LUL
Dreamhack 70k Viewers. Shroud 51k Viewers SeemsGood
SPAM THIS GOOEY TO HELP RUSH BrainSlug
BOT B LUL
SPAM THIS WIG TO HELP BIG KappaRoss
15-15 LUL
CHOKE 9 LUL
BOT B LUL
COMEBACK PogChamp
4:3 LUL
SENDE DIESE KATZEN FÜR 30 FRAGS VON TABSEN CoolCat
SPAM THIS GOOEY TO HELP RUSH BrainSlug
AUTI REKT GODB LUL
SPAM THIS NOODLE TO HELP SKADOODLE pastaThat
NA? NA? NA? NA? SoBayed
SPAM THIS |\|lG TO HELP BIG TriHard
EU CS EU CS EU CS LUL
CHOKE 9 LUL
NA DEAGLE // Kappa
SPAM THIS NOODLE TO HELP SKADOODLE pastaThat
EU FALSE HOPE LUL
SPAM THIS MUSH TO HELP RUSH BrainSlug
SPAM THIS MUSH TO HELP RUSH BrainSlug
BOT B LUL
19 - 15 LUL
CMON BIG!! BlessRNG
15 15 LUL
SPAM THIS HOTTIE TO HELP AUTI PMSTwin
CHOKE9 LUL
SPAM THIS BROKE TO NA CHOKE BrokeBack
CROWD?!?!? LUL
SPAM THIS GOOEY TO HELP RUSH . BrainSlug
OUTSIDE B Kappa
choke9 BlessRNG
BUSH OUTDATED OBAMA OVERRATED HILLARY ELIMINATED TRUMP CONGRATULATED LONG HAVE WE WAITED NOW WE EMIGRATED Jebaited
EU thinking c9 will choke this LUL
bot rush LUL
EU EU EU EU EU EU EU EU LUL
SPAM THIS HOTTIE TO HELP AUTI PMSTwin
bye germans CYA HeyGuys
SEE U AT EPICENTER NA... OH WAIT LUL
SMELLS LIKE POO TEETH ARE YELLOW THATS RIGHT IM AN EU FELLOW LUL
OVERTIME LUL
15-15 BlessRNG
SPAM THIS GOOEY TO HELP RUSH BrainSlug
SPAM THIS NOODLE TO HELP SKADOODLE a pastaThat
EU CS EU CS EU CS EU CS EU CS EU CS EU CS LUL
SPAM THIS NOODLE TO HELP SKADOODLE pastaThat
EU In 2017 EU In 2017 EU In 2017 EU In 2017 EU In 2017 LUL
SPAM THIS GOOEY TO HELP STEWIE BrainSlug
SMELLS LIKE POO TEETH ARE YELLOW THATS RIGHT IM AN EU FELLOW LUL
SPAM THIS TO LAUGH AT EU LUL
EU FLASH LUL
SPAM THIS NOODLE TO HELP SKADOODLE pastaThat
SPAM THIS NOODLE TO HELP SKADOODLE pastaThat
SPAM THIS NOODLE TO HELP SKADOODLE pastaThat
NAVI WILL WIN EPICENTER, O WAIT LUL
MINOR MINOR MINOR MINOR LUL
SPAM THIS GOOEY TO HELP STEWIE BrainSlug
FIVE SEVEN LUL
SPAM THIS NOODLE TO HELP SKADOODLE pastaThat
SPAM THIS TEAR TO GET EU OUTTA HERE BibleThump
SPAM THIS GOOEY TO HELP RUSH . BrainSlug
SPAM THIS BROKE TO NA CHOKE BrokeBack
EU is so ba... wait let me take a breath EU is s... i need to take another one fk give me another burger OpieOP
15-19 LUL
Double molly LUL
EU BOTS EU BOTS EU BOTS MrDestructoid
@saycredtv LUL
SPAM THIS NOODLE pastaThatpastaThat TO HELP SKADOODLE pastaThat
SPAM THIS STEVE TO HELP KEEV PunchTrees
AT LEAST SHROUD IS CASTING Kappa
spam this static to help out autimatic MorphinTime
FIVE-SEVEN IN 2K17 LUL
SPAM THIS NOODLE TO HELP SKADOODLE pastaThat
SPAM THIS TEAR TO GET EU OUTTA HERE . BibleThump
bye germans CYA HeyGuys
SENDE DIESE KATZEN FÜR 30 FRAGS VON TABSEN CoolCat
SPAM THIS NOODLE TO HELP SKADOODLE pastaThat
SMELLS LIKE POO TEETH ARE YELLOW THATS RIGHT IM AN EU FELLOW LUL
SPAM THIS NOODLE TO HELP SKADOODLE . pastaThat
SPAM THIS BROKE TO NA CHOKE BrokeBack
15-15 LUL
EU In 2017 EU In 2017 EU In 2017 EU In 2017 EU In 2017 LUL
SPAM THIS GOOEY TO HELP RUSH BrainSlug
EU is so ba... wait let me take a breath EU is s... i need to take another one fk give me another burger OpieOP
SPAM THIS NOODLE TO HELP SKADOODLE pastaThat
70k viewers CSGO MAJOR FINALS LUL
spam this static to help out autimatic MorphinTime
BibleThumpBibleThump SPAM THIS TEAR TO GET EU OUTTA HERE . BibleThump
SPAM THIS GOOEY TO HELP STEWIE BrainSlug
SPAM THIS TEAR TO GET EU OUTTA HERE BibleThump
SENDE DIESE KATZEN FÜR 30 FRAGS VON TABSEN CoolCat
EU HeyGuys
ECS FLASHBACKS WutFace
I wish Germans tried this hard to save their country. EleGiggle
NA TO WIN MAJOR PogChamp
SPAM THIS NOODLE TO HELP SKADOODLE pastaThat
NA HOW MANY MAJORS? 4Head
@MateusPortilho PogChamp
SPAM THIS MUSH TO CHEER ON RUSH BrainSlug
EU is so ba... wait let me take a breath EU is s... i need to take another one fk give me another burger OpieOP
SPAM THIS BROKE TO NA CHOKE BrokeBack
SPAM THIS NOODLE TO HELP SKADOODLE pastaThat
SPAM THIS NOODLE TO HELP SKADOODLE pastaThat
SPAM THIS TO LAUGH AT EU LUL
SPAM THIS NOODLE TO HELP SKADOODLE pastaThat
bye germans CYA HeyGuys
SPAM THIS NOODLE TO HELP SKADOODLE pastaThat
CHOKE 9 LUL
NA SAVE LUL
@anomalyxd PogChamp
BUSH OUTDATED OBAMA OVERRATED HILLARY ELIMINATED TRUMP CONGRATULATED LONG HAVE WE WAITED NOW WE EMIGRATED Jebaited
SPAM THIS NOODLE TO HELP SKADOODLE pastaThat
SPAM THIS TEAR TO GET EU OUTTA HERE BibleThump
SPAM THIS NOODLE TO HELP SKADOODLE pastaThat
BLITZKRIEG PogChamp
15-15 Kappa
EU CS EU CS LUL
C9 MorphinTime
EU In 2017 EU In 2017 EU In 2017 EU In 2017 EU In 2017 LUL
CHOKE 9 LUL
NA WINNING A MAJOR TOURNAMENT PogChamp
shovel LUL
? KappaPride
SPAM THIS NOODLE TO HELP SKADOODLE pastaThat
📞 :telephone_receiver:BetterTTV Emojis HELLO EU? 📞 NA HERE 📞 TIME TO GO HOME 📞 4Head
DIG DOWN LUL
0 MAJOR 0 MAJOR 0 MAJOR 0 MAJOR 0 MAJOR 0 MAJOR LUL
NA HOW MANY MAJORS? 4Head
gg :)
15-19 HLTV Confirmed PogChamp
so deep KappaPride
SPAM THIS NOODLE TO HELP SKADOODLE pastaThat
EU CS EU CS EU CS EU CS EU CS EU CS EU CS LUL
SPAM THIS GOOEY TO HELP STEWIE BrainSlug
SPAM THIS NOODLE TO HELP SKADOODLE pastaThat
launders LUL
@whiteknight5 esea whiteknight LUL
0 MAJOR 0 MAJOR 0 MAJOR 0 MAJOR 0 MAJOR 0 MAJOR . LUL
BIG WITH NO BUG LUL
SPAM THIS TO LAUGH AT EU LUL
EU????? EU????? EU????? EU????? EU????? EU????? SoBayed
SPAM THIS TO LAUGH AT EU LUL
SPAM THIS MUSH TO HELP RUSH BrainSlug
SPAM THIS MUSH TO CHEER ON RUSH BrainSlug
EU LUL
GG PogChamp
SPINBOT LUL
EU CS LUL
EU HOW OVERRATED? 4Head
1 PogChamp
EU????? EU????? EU????? EU????? SoBayed
CHOKE 9 DENIED LUL
EU CS LUL
c9 its happening PogChamp
TARIK LUL
GG BibleThump
NA would still be owned by natives without EU LuL Your welcome 4Head
BIG LUL
SPAM THIS GOOEY TO HELP STEWIE BrainSlug
not gg PogChamp
c9 BlessRNG
2v5 LUL
EU CS EU CS LUL
0 MAJOR 0 MAJOR 0 MAJOR 0 MAJOR 0 MAJOR 0 MAJOR LUL
NA HOW MANY MAJORS? 4Head
SPAM THIS TEAR TO GET EU OUTTA HERE BibleThump
BOTIMATIC FailFish
PORTOOOOOO :D
SPAM THIS TO LAUGH AT EU LUL
EU LUL
VS OpieOp MingLee
SPAM THIS TEAR FOR EU FEAR BibleThump
tarik9 PogChamp
YOUNG STEEEW PogChamp
AIR HORN LUL
EU CS EU CS LUL
EU? EU? EU? EU? SoBayed
EU In 2017 EU In 2017 EU In 2017 EU In 2017 EU In 2017 LUL
AIRHORNS LUL
EU LUL
EU OVVRRATED 4Head
1 ResidentSleeper
airhorn LUL
SKADOODLE SMILING FeelsGoodMan PogChamp
trumpet LUL
My Teeth Are Yellow My Breathe Smells Like Poo You Guessed It Right I'm From EU BigBrother
USA PogChamp
EU EU EU EU EU EU EU EU LUL
NA MAJORS NA MAJORS NA MAJORS LUL
EU CS LUL
GG C9 PogChamp
BYE EU HeyGuys
no confettis ? DansGame
yung stew2k Kreygasm
ÀSPAM THIS TO LAUGH AT EU LUL
EU is so ba... wait let me take a breath EU is s... i need to take another one fk give me another burger OpieOP
0 MAJOR 0 MAJOR 0 MAJOR 0 MAJOR 0 MAJOR 0 MAJOR . LUL
GG PogChamp
WE FINALLY WON T2 TOURNEY PogChamp
NA CS PogChamp
KEEV <3
SPAM THIS TO LAUGH AT EU LUL
NO BUG NO BIG! NO BUG NO BIG! NO BUG NO BIG! NO BUG NO BIG! LUL
Gg :)
NA MAJOR PogChamp
C9 PogChamp
TIER 2 TOURNAMENT LUL
c9 beat tier 3 eu PogChamp
WHERE ARE YOU EU LUL
EU EXCUSES LUL
nooo mah cobble cases NotLikeThis
SPAM THIS TO LAUGH AT EU LUL
NA CS PogChamp
WHERE DA CONFETTI AT DansGame
USA THIS IS ASIANS LUL
EU CS EU CS EU CS EU CS EU CS EU CS EU CS LUL
TIER 2 TOURNAMENT LUL
EU CS EU CS LUL- LUL
CLOUD) WON AGAINST SECOND CLASS CS TEAMS LUL
YEAAAAHHHHHHHHHHH NA GOOD BYE EU LUL
BYE EU HeyGuys
tier 3 teams LUL
EU EU EU EU EU EU EU EU LUL
EU CS EU CS EU CS EU CS EU CS EU CS EU CS LUL
EU LUL
Not Even Close LUL
0 MAJOR 0 MAJOR 0 MAJOR 0 MAJOR 0 MAJOR 0 MAJOR LUL
WHERE ARE YOU EU LUL
too bad NA couldn't win a real tournament LUL
TIER 2 TOURNAMENT LUL
C9 only wins the tournies where there are no good teams LUL
EU CS LUL
c9 win doesnt count its not a major BabyRage
Hello EU? NA here? Why so easy?? 4Head
KAKA LUL
EU? SoBayed
EU CS EU CS EU CS EU CS EU CS EU CS EU CS LUL
EU CS LUL
SPAM THIS TO LAUGH AT EU LUL
NEW ASIA LUL
TIER 2 TOURNAMENT LUL
EU? EU? EU? EU? EU? EU? EU? EU? SoBayed
NA CS is PogChamp
IAN LUL
0 MAJOR 0 MAJOR 0 MAJOR 0 MAJOR 0 MAJOR 0 MAJOR . LUL
TIER 2 TOURNAMENT PogChamp
IAN LUL
EU LUL
EU? EU? EU? EU? SoBayed
// PogChamp
CHOKE 9 WINS LUL
TIER 2 TOURNAMENT LUL
1st major LUL
IAN LUL
IAN GET OUT LUL
USA DatSheffy
GG EZ LUL
finally they won a t3 tournament Kappa
TIER 3 TOURNAMENT LUL
IAN LUL
NA Song 4Head
LMAO EU LUL
// Kappa
WE WON T2 TOURNEY PogChamp
stew KappaPride
IAN LUL
MINOR LUL
datSheffy USA DatSheffy
TUROK // SMOrc
NA CS PogChamp
IAN PogChamp
CRINGE LUL
TUROK BibleThump
EU R U THERE? LUL
Ian LUL
Been a year LUL
VALENS RETIRED LUL
0 MAJOR 0 MAJOR 0 MAJOR 0 MAJOR 0 MAJOR 0 MAJOR LUL
TUROK PogChamp
WON A MAJOR LUL
GOD BLESS AMERICA 7 BibleThump
ez 4 Ian :D
TARIK <3
USA DatSheffy
IAN :(
EU where are you? 4Head
I REMEMBER THE FINALS ESL_COLOGNE 2017 WITH C9 LOSE OF 3X0 FOR THE SK KINGG LUL
0 MAJOR 0 MAJOR 0 MAJOR 0 MAJOR 0 MAJOR 0 MAJOR . LUL
USA <3
SPAM THIS NOODLE TO HELP SKADOODLE pastaThat
I'm not crying BibleThump
BEST NA TEAM WON TIER 3 TOURNAMENT LUL
lets PogChamp
STEWIE LUL
LETS GO LUL
TUROK, THE PEANUT BRAIN // SMOrc
Shroud was the problem LUL
TUROK LUL
SPAM THIS TO LAUGH AT EU LUL
MAJOR 4Head
SPAM THIS NOODLE TO HELP SKADOODLE pastaThat
SKA LUL
S K A LUL
IAN PogChamp
IAN PogChamp
IAN LUL
IAN LUL
IAN LUL
IAN Kreygasm
IAN PogChamp
Shroud : BibleThump
FUCK EU LUL
THEY DID IT BibleThump
EU LUL
WE WON T2 TOURNEY PogChamp
HYPED AF FOR A TIER 2 TOURNAMENT NA CS LUL
WHOOOO PogChamp
SPAM THIS TO LAUGH AT EU LULÀ LUL
IAN PogChamp
EU In 2017 EU In 2017 EU In 2017 EU In 2017 EU In 2017 LUL
IAN LUL
IBRA PogChamp
PALA PogChamp
> SPAM THIS NOODLE TO HELP SKADOODLE pastaThat
IAN PogChamp
IAN PogChamp
IAN PogChamp
EU? EU? EU? EU? SoBayed
CLOWN 9 PogChamp
oh PogChamp
Na first tournament win LUL
IAN LUL
CONFETTI?? ResidentSleeper
PALA PogChamp
IAN DID IT GUYS!!!!! BibleThump
Clown 9 LUL
CLOWN 9 LUL
SKADADDY :)
IAN PogChamp
EU CASTER LUL
NA won a tier 3 tourny wohooo Kappa
EU CS EU CS LUL
CONFETTI?? CONFETTI?? ResidentSleeper
OMG SKA TALKING Kappa
NA IS BACK BOIS BibleThump
AUTI LUL
PALA PogChamp
IAN DENIED LUL
SKA LUL
i IAN <3
Pala Kreygasm
SKA DADDY <3
Pala PogChamp
Scard to talk LUL
HE TALKS PogChamp
TYLER PogChamp
ska talking PogChamp
SKJA PogChamp
HE TALKS PogChamp
SKA PogChamp
I REMEMBER THE FINALS ESL_COLOGNE 2017 WITH C9 LOSE OF 3X0 FOR THE SK KINGG LUL
-LUL EU CS EU CS LUL
Sport LUL
HES SPEAKING PogChamp
SKA TALKING PogChamp
HE CAN TALK PogChamp
ska talking PogChamp
skadday <3
WE WON T2 TOYRNEY PogChamp
SKA TALKING PogChamp
SKADOODLE TALKING????? PogChamp
IAN!!! BibleThump
HE TALKS PogChamp
EU LUL
EU CS EU CS LUL
SKA CAN TALK LUL
SPAM THIS NOODLE TO HELP SKADOODLE pastaThat
SKA TALKING PogChamp
TIM LUL
> LUL
STEW LUL
CRINGE BabyRage
TIM LUL
he can spoke PogChamp
IT WAS GREAT PogChamp
SPAM THIS NOODLE TO HELP SKADOODLE pastaThat
SKA BibleThump
EU Bet On NA Everybody Wins LUL
TIM LUL
monkaS BibleThump
"Ska can talk" Omega LUL
small trophy BabyRage
SPEAKING WutFace
TUROK, THE PEANUT BRAIN // SMOrc
Bot Rush LUL
EU? EU? EU? EU? SoBayed
SKA talk BibleThump
// Kappa
TUROK PogChamp
SPAM THIS MUSH TO CHEER ON RUSH BrainSlug
// Kappa
SPAM THIS NOODLE TO HELP SKADOODLE . pastaThat
What about Stew LUL
n u t t z Kreygasm
PEANUT PogChamp
shroud :(
rip stew LUL
STEW Jebaited
Ska talking PogChamp
BREXIT LUL
NA CROWD LUL
WE FINALLY WON T2 TOURNEY ?? PogChamp
// PogChamp
SKIP STEW Kappa
AIN SMOrc
HUMBLE TUROK BibleThump
EU LUL
STEW BibleThump
STEW DENIED LUL
HYPED AF FOR A TIER 2 TOURNAMENT LUL
Yeah it was great 4Head
CLOUD9 <3
STEW IGNORED LUL
it's over BibleThump
IAN BibleThump
STEW Jebaited
GOB <3
@Ahrora HeyGuys
// PogChamp
RIP STEW LUL
NA MAJOR PogChamp
STEWIE Jebaited
yeah, it was great Kappa
SPAM THIS NOODLE TO HELP SKADOODLE pastaThat
EU BTFO LUL
I REMEMBER THE FINALS ESL_COLOGNE 2017 WITH C9 LOSE OF 3X0 FOR THE SK KINGG LUL
they won a major guys BibleThump
BEST NA TEAM WON TIER 3 TOURNAMENT LUL
TRUE LUL
STEW LUL
@shroud SwiftRage
WON'T WIN EVER AGAIN LUL
EU? LUL
that was great ResidentSleeper
Dust BrokeBack
EU CS EU CS LUL
TIER 3 TOURNAMENT LUL
EU SILENT LUL
NO MOMENT FOR STEW LUL
HAZED Kreygasm
EU CS EU CS - LUL
IAN MVP PogChamp
Timothy Ta Kreygasm
UK ACCENT IN USA?? UK ACCENT IN USA?? UK ACCENT IN USA?? UK ACCENT IN USA?? RuleFive
@sockkyyy FailFish
that was great ResidentSleeper
EU teeth DansGame
GUYS WHERE IS SHROUD ? BibleThump
EU? EU? EU? EU? SoBayed
WE FINALLY WON T2 TOURNEY ?? PogChamp
NA GREAT AGAIN BibleThump
LOL LOL LOL LUL
SPAM THIS TUNA FOR CLOUD9 FORTUNA SabaPing
HES RIGHT 2-0 PREDICT PogChamp
EU CS EU CS LUL
hazed PogChamp
hazed :(
go c9! :)
SPAM THIS TO LAUGH AT EU LUL
HAZED Kreygasm
EU MAD AF LUL
TIER 10 TOURNY PogChamp
Ian BibleThump
TIM IS SO GROWN UP BibleThump
I REMEMBER THE FINALS ESL_COLOGNE 2017 WITH C9 LOSE OF 3X0 FOR THE SK KINGG LUL
EU? EU? EU? EU? SoBayed
? MingLee
ska mad WutFace
hazed Kreygasm
EU CS EU CS LUL
PEANUT BRAIN SeemsGood
STEW Kappu
EU CS EU CS = LUL
TIER 3 TOURNAMENT LUL
EU Cs EU Cs LUL
@corrblimey see u at epicenter LUL
losing to american team FailFish
STEWIE PogChamp
IAN IAN IAN PogChamp
BEST NA TEAM WON TIER 3 TOURNAMENT LUL
Hard Kappa
HUNG STEW Kreygasm
44 PogChamp
41 LUL
U MAD EU? LUL
lol na wins tier 3 sure but EU = TIER 1 <3
HATERS LUL
TARIK PogChamp
44 PogChamp
I REMEMBER THE FINALS ESL_COLOGNE 2017 WITH C9 LOSE OF 3X0 FOR THE SK KINGG LUL
41 ADR LUL
13-1 PogChamp
LEGIJA = TACO LUL
TIER 3 EU VS TIER 1 NA Kappa
SALTY EU LUL
dreamhackcs Denver, done BibleThump
stew <3
LEGIA SO TRASH LUL
44 PogChamp
20 LUL
KICK LE a KappaPride
1 ASSIST LUL
legija in 2017 LUL
LEGIJA RETIRE LUL
@garnech mad? LUL
BEST NA TEAM WON TIER 3 TOURNAMENT . LUL
RUSH 91 ADR PogChamp
EU CS EU CS LUL
ASIANS LOWEST ADR WutFace
Spam This Noodle to help Skadoodle pastaThat
BEST NA TEAM WON TIER 3 TOURNAMENT .. LUL
RUSH PogChamp
SPAM THIS NOODLE TO HELP SKADOODLE yes pastaThat
EU SALT LUL
years LUL
NA Won WWII and DH Denver Get Rekt Keepo
SPAM THIS TEAR TO GET EU OUTTA HERE BibleThump
GROUPS LUL
TIER 2 EU TEAM LUL
major is the next OpieOP
WHY IS EU SO QUITE? EleGiggle
Spam This Noodle To Help Skadoodle pastaThat
@milan1864 ur an idiot all the teams are decent LUL
EU Still Waiting For The Comeback LUL
what is that background??? LUL
WHEN YOU SPEND TIME WATCHING C9 JUST TO TALK CRAP LUL
SPAM THIS NOODLE TO HELP SKADOODLE yes pastaThat
see ya next major na HeyGuys
go deep PogChamp
BEST NA TEAM WON TIER 3 TOURNAMENT . LUL
WE FINALLY WON T2 TOURNEY?? PogChamp
Are you supposed to lose in low tier tourneys then? EleGiggle
EU CS EU CS - LUL
NA NEXT MAJOR LUL
C9 for president PogChamp
BEST NA TEAM WON TIER 3 TOURNAMENT LUL
Twitch PrimeMoreontop: Spam This Noodle To Help Skadoodle pastaThat
SPAM THIS TO LAUGH AT EU LUL
Legija is a support player, not a fragger FailFish
Liquid LUL
NA WINS NEXT MAJOR OH WAIT LUL
LULQUID LUL
Liquid DansGame
EU CS LUL
LULIQUID LUL
CSGO MAJOR FINALS 70k VIEWERS LUL
c9 is number 1 FailFish
lulquid LUL
ahhh a werewolf WutFace
TOP NA TEAM WON TIER 3 TOURNAMENT LUL
NA WON LUL
liquid <3
EU CS LUL
Liquid LUL
LIQUID Squid3
NA CS VS TIER 1 EU TEAMS NA CS VS TIER 1 EU TEAMS NA CS VS TIER 1 EU TEAMS LUL
C9 LUL
they still have smaller paycheck than shroud Kappa
EU gets so salty when NA gets 1. Lmao EleGiggle
RIVARLY LUL
TOP NA TEAM WON TIER 3 TOURNAMENT LUL
50k SeemsGood
EU CANT WIN TIER 3 TOURNAMENT LUL
CLOUD9 TOP NA TEAM LUL
GG EleGiggle
EU THIS NA THIS BabyRage
TL IS far better LUL
s1mple hiko :(
LIQUID? c9 all the way baby! LUL
online liquid better LAN c9 better :)
EU? EU? EU? EU? SoBayed
shroud has more viewers SeemsGood
CLG LUL
c9 tier 1 ok LUL
WHERES YOUR MAJOR TOURNAMENT WIN NA? LUL
rekt LUL
EU CANT WIN TIER 3 LUL
NRG LUL
NRG LUL
CLG LUL
CLG LUL
why is Europe so mad? UnSane
NRG LUL
c9 summer :o
EU WutFace
WHERES YOUR MAJOR TOURNAMENT WIN NA? ONLY TIER 3 TOURNAMENTS LUL
just NA things 4Head
EU CS FUCKING LUL
CLG LUL
C G LUL
Liquid? LUL
C9 TIER 1 LUL
WE FINALLY WON A T2 TOURNEY?? PogChamp
WHERES YOUR MAJOR TOURNAMENT WIN NA? ONLY TIER 3 TOURNAMENTS . LUL
SPAM THIS NOODLE TO HELP SKADOODLE pastaThat
SPAM THIS NOODLE TO HELP SKADOODLE pastaThat
OpTic LUL
FIRED LUL
Jönköping LUL
IT WAS SO CLOSE TO MOUZ 2:0 but they choked BibleThump
missed teeth LUL
WHERES YOUR MAJOR TOURNAMENT WIN NA? ONLY TIER 3 TOURNAMENTS LUL
Optic Hazed LUL
BAITED LUL
SELLOUT DansGame
SCAMAZ WutFace
EU LUL
FIRED CrreamAwk
EU SO TRIGGERED EleGiggle
MONSTER PogChamp
NO BUG NO BIG LUL
Hazed hinting he wants to analyze for dh winter LUL
STUNNA WE LOVE YOU <3
LAUNDERS Kreygasm
C9 TIER 2 TEAM LUL
DREAMHACK Kreygasm
STUNNA WE LOVE YOU <3
NAMES PogChamp
@Tobatha_Gaming WE HAVE ENVYUS FOR THAT LUL
BYE HeyGuys
toodaloo HeyGuys
STUNNA HAVE MY BABIES Kreygasm
MUCH LOVE <3
T1 TOURNEY TOMOROW GUESS WHAT NO NA TEAM LUL
great cast, great games , bye bye guys BibleThump
EU? EU? EU? EU? SoBayed
EU CANT WIN TIER 3 TOURNAMENT LUL
WHERES YOUR MAJOR TOURNAMENT WIN NA? ONLY TIER 3 TOURNAMENTS LUL
that fucking shot LUL
@SlowPT alot from EU aren't EleGiggle
HLTV BETTER GOT C9 #1 AFTER THIS BibleThump
bye chat BibleThump
Enjoy da win lads :D
bye HeyGuys
EU CANT WIN TIER 3 TOURNAMENT LUL
@phluffyhead only stating facts LUL
EU? EU? EU? EU? SoBayed
SPAM THIS NOODLE TO HELP SKADOODLE pastaThat
IAN IS THE PROBLEM SOLVER FAK VALENS PogChamp
C9 WON THE TOURNAMENT BibleThump
WE FINALLY WON T2 TOURNEY ?? PogChamp
@phluffyhead true facts stay bad LUL
EU? EU? EU? EU? SoBayed
IAN CrreamAwk
EU? EU? EU? EU? SoBayed
NA = 0 MAJORS LUL
NA = 0 MAJORS . LUL
@Its_Just_Spy HeyGuys
EU Can't even win t3 tourney EleGiggle
NA = 0 MAJORS LUL
But there was no good EU teams? :)
BUSH OUTDATED OBAMA OVERRATED HILLARY ELIMINATED TRUMP CONGRATULATED LONG HAVE WE WAITED NOW WE EMIGRATED Jebaited
EU? SoBayed
EU = 0 MINORS LUL
NA WON CUZ ALL THE GOOD EU TEAMS PLAY A TOURNAMENT THAT MATTERS LUL
C9 WON THE DREAMHACK MAJOR OhMyDog
SEE YA AT EPICENTER LUL
50K CSGO TOURNAMENT LUL
GRILL CSGO DansGame
EU CS LUL
EU = 0 MINORS LUL
NA WON CUZ ALL THE GOOD EU TEAMS PLAY A TOURNAMENT THAT MATTERS LUL
girlgamers LUL
NA = 0 MAJORS LUL
Too many overhyped americans PogChamp
WHEN MOUZ WAS THE BETTER EU TEAM LUL
@excedra1321 never a fun game LUL
yooo TriHard
not pay2win PogChamp
coins TriHard
Silver TV 4Head
do you people have nothing better to do than haHAA 'ing at a rick and morty commercial LUL
Only time NA has gone to major finals was because of S1mple LUL
DROP AWP LUL
Only time NA has gone to major finals was because of S1mple LUL
240hz LUL
@dach33zman not a major LUL
240hz meme LUL
VAC MONITOR LUL
420hz PogChamp
NA = 0 MAJORS LUL
EU = 0 MINORS LUL
EU? EU? EU? EU? @wyre75 SoBayed
C9 better than Faze Huge Kappa
EU CS LUL
@Its_Just_Spy LUL
NA = 0 MAJORS LUL
@corrblimey see u at epicenter LUL
EU CS IN 2k17 LUL
@wyre75 EU? EU? EU? EU? EU? EU? EU? EU? EU? EU? EU? EU? SoBayed
36k viewers watching a rerun PogChamp
EU CS LUL
@milan1864 salty eu kid PJSalt
eu LUL
EU ONLY 1 MAJOR WIN IN LAST 4 LUL
C9 won Esl pro league major in Brazil LUL
Dreamhack made tournaments so NA could win something too LUL
nt eu it was a valiant attempt LUL
@itzShadowfox663 Dreamhack made tournaments so NA could win something too LUL
EU Still Waiting For Comeback LUL
EU? EU? EU? EU? SoBayed
@corrblimey u won im on phone LUL
SPAM THIS NOODLE TO HELP SKADOODLE pastaThat
@milan1864 PJSalt
SkaDADDY pastaThat
