93 viewers PogChamp
BagOfMemes BagOfMemes TriHard
I SEE YAWNKO I FALL ASLEE... ResidentSleeper
Wait and find out :)
forever rerun DansGame
Kenny <3
Omg how did he miss??? Draken NotLikeThis
U welcome :)
score is Nein nein Kappa
draken with pants down Kreygasm
0:04:29] <Fbklover1> Kreygasm
3:55:36] <veganape> @mrbanks4 PogChamp
3:56:05] <mrbanks4> FrankerZ
4:11:46] <swedz96> LUL
5:38:50] <w8loutbi> ;)
6:16:10] <+brax_was_framed> Eco kills SeemsGood
6:47:07] <efixoff> Kappa
10:06:46] <ta1katassu> ANELE
11:25:02] <DizasterQ7> Kappa
11:35:21] <Lucidxoh> Mouz server siding Kappa
12:47:01] <mikeevm> I miss this lineup :(
13:04:20] <yviyuviyug> This is live Kappa
13:51:10] <HuzzerCSGO> :)
14:56:17] <EzeeeC7> CLG* Kappa
18:41:23] <SimonVertigo> LUL
23:10:32] <+Corz4K> LUL
23:15:06] <nipsetv> scam LUL
23:33:10] <Troxnic> watching csgo in 2k17 LUL
