200 viewers at a major wow game is dead LUL
200 viewers at a major wow game is dead LUL
sdds imt :(
. BloodTrail
> IMMORTALS <3
Dreamhack Summer Kreygasm
ok.............. :(
im fine, you? :D
nice :D
yup ;)
yea :D
FNC Olofmeister returned PogChamp
Rerun is the sponsor NotLikeThis
rerun is the sponsor idiots NotLikeThis
best inferno team in the world DansGame
I hope it :)
sdds <3
Everbody who´s still looking this stream, get tomorrow a Dlore from gaben :)
Hello there :)
Hello :)
noob league here LUL
i dont know the score. but i can find out. and guess you are stupid since you cant even read the titel :D
SPAM THIS BLAZE TO HELP FAZE CurseLit
SPAM THIS BLAZE TO HELP FAZE. CurseLit
SPAM THIS BLAZE TO HELP FAZE CurseLit
SPAM THIS BLAZE TO HELP FAZE. CurseLit
SPAM THIS BLAZE TO HELP FAZE CurseLit
Gg can't believe faze won this Kappa
I am a troll MingLee
uff chinesse Kappa
what happened to olof :(
SKKKKKKKKKKK <3
SKKKKKKKKKKKKKKKK <3
0:27:01] <jokerxy_> HeyGuys
0:40:53] <crewv> PogChamp
0:50:29] <crewv> LUL
1:08:21] <ExoticChaotic> you spying on me prank LUL
3:46:21] <blackrobot4021> BCWarrior
4:22:05] <Fo_Kus> Jebaited
4:52:13] <BraxAdr> My fps is 50 :(
10:10:25] <Lord_Guto1> Sempre em rerun os cara aq eh td br kkkkkkk LUL
10:13:19] <RickClode> StinkyCheese
10:16:18] <feelsbadmanxdxd> Kreygasm
10:42:36] <+jokerborder> LUL
11:35:10] <+TheBeamHero_> :D
14:01:57] <bennnik> PJSalt
15:45:45] <rtamb> ninyas LUL
16:24:11] <redisska31off> SabaPing
17:18:03] <Archangel_Niko > my balls are so wet right now WutFace
17:49:29] <Archangel_Niko > // Kappa
17:52:35] <Archangel_Niko > // Kappa
18:21:58] <ModPunchi> :D
18:26:50] <jagoan_tusbol> this arena is full of nip fanbois 4Head
18:26:51] <ModPunchi> What Ranks do you guys have? :D
18:27:37] <ModPunchi> sick I'm Gn 3 now: I was dmg :D
18:28:04] <ModPunchi> Add me on Steam if you want : punchihot or Punchi_main :D
18:29:06] <+TurntBoast> LEM :)
18:29:22] <ModPunchi> Eu :D
18:31:14] <ModPunchi> dobro :D
18:42:53] <ModPunchi> I want to be a pro player too, but I haven' t so much time :(
18:43:31] <00MrGamer> @ModPunchi lol yeah must be a time problem Kappa
18:43:42] <ModPunchi> haha :D
19:03:28] <Suar1> :D
19:14:58] <Suar1> KappaPride
19:15:59] <Suar1> KappaPride
19:39:16] <marcusnils1> :)
19:53:28] <cremefraiche527> <3
19:53:35] <grabson94> girl <3
20:40:08] <Maciaasty_> PogChamp
21:31:41] <dundersvinet12> BloodTrail
21:37:35] <kedd152> L I V E PowerUpL
21:37:41] <kedd152> LUL
21:38:58] <kedd152> yea no spoilers nerd 4Head
21:42:59] <Vioppix> PJSalt
23:00:25] <+nEviLLz_7> OpieOP
23:28:11] <+nEviLLz_7> aizy GOD PogChamp
