or the sponsor is rerun Kappa
79 views on a major final DEAD GAME LUL
Aussies NotLikeThis
130 Afk-Viewer? LUL
peek with knife in 2k17 Kappa
i'm in the twitch app it won't work that way :D
then, i dont know -sry :D
lmao :D
NA flash LUL
ale nudy ResidentSleeper
1:29:55] <Akrosstv> Jebaited
1:57:12] <Akrosstv> LUL
1:58:56] <Akrosstv> Jebaited
4:04:18] <dmannn12> 4Head
4:04:48] <SaltyLugoLugo> PogChamp
4:04:53] <DriedB0nEz> cmonBruh
4:18:31] <v_eg> PogChamp
4:22:44] <v_eg> He is a master baiter LUL
7:58:57] <Trankvilizatorik> how she hold this mic <3
10:54:56] <Yaboi22222> :\
12:32:56] <7eleven77> almost a throw Kappa
13:18:23] <alang00d> VoteNay
14:56:16] <M4nchy> LUL
15:42:45] <Djurix1998> CrreamAwk
15:58:13] <Djurix1998> HeyGuys
16:11:34] <Djurix1998> ResidentSleeper
17:09:53] <laulaps> I'm at work i cant listen :D
