gambit SwiftRage
kennyS PogChamp
bot felps LUL
ripple for idiots Kappa
zeloer its a rerun :(
Wrong. I can't believe there's only 440 viewers at a valve major rn LUL
LeagueOfLegend > CSGO PogChamp
Fortnite > CSGO PogChamp
OSRS > CSGO PogChamp
gratis150ml > CSGO WutFace
east la TriHard
NIP IN 2K17 LUL
and i didnt say who's winning ;)
that face LUL
You say Nico stfu CrreamAwk
Is this the famous disband game? Kappa
1:23:27] <wazerr> draken <3
7:12:51] <赤坂> TehePelo
7:36:19] <coolcoll1n> PogChamp
11:35:29] <Kannore> black bars LUL
11:43:12] <dinosaursixx> LUL
13:47:35] <+Horked> i dont believe the RUSH guy but thats just me :)
13:53:06] <heli1> y 2k ppl watching a rerun live LUL
13:53:56] <exileuniverse> C9 LUL
14:00:36] <+SirBroManDudeGuy> Jebaited
14:00:37] <exileuniverse> Kappa
14:00:37] <~DreamHackCS> HeyGuys
14:00:44] <GetParanoid> HeyGuys
14:00:44] <0mi_> LUL
