The better stream PogChamp
Yeah, ESL_csgob is best major Kappa
any NIP fans? TriHard
Here I am #GONINJAS 4Head
GO MONG Z LUL
NiP PogChamp
LESSGOO NiP <3
let's try keep chat spam free? if that's possible LUL
C9 Home field advantage PogChamp
ez lose for NIP 4Head
@7eleven77 np Kappa
<message deleted> LUL
I'm already spamming FailFish
500 viewer. Golden Test Kappa
16 2 c9 hltv confirmed Kappa
TARIK <3
Im a NIP fan TotinosRecruit Now what? PunOko
500 viewers in a major soz for spam FeelsBadMan LUL
always a major 4Head
because you unoriginal :(
scary music WutFace
Schedule - http://en.intelextrememasters.com/season-12/oakland/tournament/schedule/ :)
@Kittyface674339 LUL
f0rest <3
gambit mother russia putin c ommunism PogChamp
ska > niko and cold SeemsGood
ska > all PogChamp
what is that noise in the background WutFace
@antonbro LUL
ez for nip VoteYea
ska 1 v 4 vs astralis Kreygasm
nip will slip LUL
ESL on Twitch TWITCH > YOUTUBE PogChamp
NiP fans 4Head
start already ResidentSleeper
tarik LUL
NIP FTW VoteYea
EU Thinking NiP has a chance LUL
@antonbro ofcourse we are cheering them on :)
Eu kids cheering on a dead team LUL
Go NIP <3
i want daddy shroud BibleThump
shroud PUBG DEAD GAME LUL
GO NIP <3
PAZZLE NICE ENGLANDO YANKORINO CAWPOCHIN0 LUL
shroudC9 Kappa
start PogChamp
time to turn up NIP fans SwiftRage
out of sync LUL
BLU ResidentSleeper
james earl Kappa
Good morning pretending NA watches EU esport Kappa
BLU WutFace
INTEL MAJOR LUL
IF YOU THINK NIP WILL WIN TYPE 1 Kappa
NA CASTERS ResidentSleeper
sound NotLikeThis
DUBBED ANIME LUL
C9 VoteYea. NiP VoteNay
NA time schedule LUL
even a shower PogChamp
NA being NA Kappa
4k views LUL
here is spam SeemsGood
NiP fans LUL
C9 :)
@groopcsgo WutFace
overpass? DansGame
@SnevridenAK Hej :D
cool SeemsGood
DENNA CHATT ÄR NU SVENSK DatSheffy
@groopcsgo HassanChop
sound WutFace
7k VIEWS on MAJOR CSGO DEAD LUL
Desync NotLikeThis
CLOUD9 <3
NIP IN MAJOR 2017 LUL
NA AUDIO EleGiggle
is this elimination? tag me pls :D
lets go nip <3
Na soung WutFace
YEAH, F THAT KNIFE PogChamp
rush b PogChamp
Na sound WutFace
esl production NotLikeThis
@ESL_CSGOb fix the audio pls <3
SOUND MrDestructoid
@Hakkir thanks :)
NA Production EleGiggle
NA SYNC LUL
Nip Already lost LUL
bridge cmonBruh
NA SOUND LUL
NiP LUL
FUCKING NIP EleGiggle
STEWIEEEEE PogChamp
Na sound Kappa
STEWIE MARRY ME <3
STEWIIEEEEE PogChamp
FAK BabyRage
REZ is so bad LUL
NA SOUND LUL
cheat s2k :o
Stewies' what??? KappaPride
Desync How Hard Can It Be NotLikeThis
nice sound gr8 quality :)
STEWIE BabyRage
Nice sounds LUL
refresh LUL
how to mute this guy ResidentSleeper
NiP on the B stream :(
SHROUD :(
shROUND :(
SHROUD BibleThump
shroud BibleThump
STEWIE IS THE BEST PLAYER <3
nice Delay FailFish
sounds like hes talking out of his 3rf neck LUL
CSGO has major finals every day 4Headpeople says game is dead FailFish
NA LUL
NA AUDIO LUL
NA SOUND LUL
SK VS ASTRALIS DOESN'T HAVE ANY SOUND LUL
VAC LUL
VAC Kappa
@prius ESL PRODUCTION 4Head
EU AIM PogChamp
VAC LUL
GODREST Kreygasm
EXPOSED LUL
no ingame sounds on stream A :(
Im a dog :D
jamesIRL best caster in the world tbh PogChamp
FIXED? PogChamp
FIRED LUL
NA CHEATER LUL
SAVED PogChamp
wtf boost PogChamp
@prius NA stream? makes sense 4Head
fire cheating caster no Kappa
UL DELAYED SOUND DEAD GAME LUL
TARUK LUL
B stream ResidentSleeper
all the sh*it casters are on the B stream, LUL
ESL LUL
SKA BibleThump
NA sound :D
@Creativly NA Stream EleGiggle
SKADOODLE LUL
@Creativly Trying to reason with childrun LUL
NIP LUL
@Ponyweek Some of them did SeemsGood
atleast theres sound here LUL
tell the caster to blow his nose LUL
ESL PRODUCTION LUL
yeah guys, the audio isn't synced keep saying it LUL
@NillerOfficial They're doing their best BibleThump
na audio haha LUL
@creativly DansGame
Just open 2 streams and fix the sound yourself LUL
Fix sound already Fix sound already Fix sound already FailFish
NO AWP ON F0REST ResidentSleeper
@BVB1909Fan LUL
BIASED CASTERS Kappa
SOUND BabyRage
NA EXEC LUL
NIP <3
c9 SoBayed
NA LUL
fix sound pls :(
@Creativly Creativly more like Boringly DansGame
@Creativly Thank you! Would be good to let the viewers know that then :)
Tactical reset Kappa
Blu sound BabyRage
@Creativly give me mod :D
Schedule - http://en.intelextrememasters.com/season-12/oakland/tournament/schedule/ :)
NO AWP ON F0REST ResidentSleeper
You guys are complaining about sound delays and bad casters, just mute the stream 4Head
Get right LUL
ESL LUL
ESL BrokeBack
> TTours
Now it's worse LUL
@Creativly fix this shit, give me mod I fix it :D
QUALITY CASTING <3
@Crotiz1 @Creativly Ah fak, sorry Tilted for no reason :(
NA SOUND WutFace
MY HEART PogChamp
NA AUDIO LUL
NA PRODUCTION LUL
SPAM THIS HOUND TO FIX THE SOUND FrankerZ
later c9 Kappa
C9 LUL
NA SOUND LUL
NIP <3
That just made it worse :D
1.6 Kreygasm
SPAM THIS HOUND TO FIX THE SOUND FrankerZ
> NA SOUND LUL
rez doing work Kreygasm
SPAM THIS HOUND FrankerZFrankerZ TO FIX THE SOUND FrankerZ
SPAM THIS HOUND TO FIX THE SOUND FrankerZ
Please refresh now :)
SPAM THIS HOUND FrankerZTO FrankerZFIX THE SOUND FrankerZ
no wonder that you didnt get a major EleGiggle
SPAM THIS HOUND TO FIX THE SOUND FrankerZ
refreshed LUL
NA SOUND WutFace
still off :(
SPAM THIS HOUND TO FIX THE SOUND FrankerZ
Hello NA 4Head
NA CS LUL
SPAM THIS HOUND TO FIX THE SOUND FrankerZ
JetFuelCantMeltSteelMan NotLikeThis
na sound LUL
ESL? VALVE Here No Major 4Head
Na Sound WutFace
SPAM THIS HOUND TO FIX THE SOUND FrankerZ
refresh didnt work FrankerZ
NA SOUND WutFace
SPAM THIS HOUND TO FIX THE SOUND FrankerZ
Refresh works Kappa
SPAM THIS HOUND TO FIX THE SOUND FrankerZ
SPAM THIS HOUND TO FIX THE SOUND FrankerZ
SPAM THIS HOUND TO FIX THE SOUND FrankerZ
SPAM THIS HOUND TO FIX THE SOUND FrankerZ
SPAM THIS HOUND TO FIX THE SOUND FrankerZ
NA LUL
@Creativly How are you today? :)
SPAM THIS HOUND TO FIX THE SOUND FrankerZ
SPAM THIS HOUND FrankerZTO FrankerZFIX THE SOUND FrankerZ
SPAM THIS HOUND TO FIX THE SOUND FrankerZ
SPAM THIS HOUND TO FIX THE SOUND FrankerZ
SPAM THIS TO FIX THE SOUND FrankerZ
SPAM THIS HOUND TO FIX THE SOUND FrankerZ
FrankerZFrankerZ FrankerZ
SPAM THIS HOUND TO FIX THE SOUND FrankerZ
SPAM THIS HOUND TO FIX THE SOUND FrankerZ
SPAM THIS HOUND TO FIX THE SOUND FrankerZ
@RotorBoy95 :D
SPAM THIS HOUND TO FIX THE SOUND FrankerZ
SPAM THIS HOUND TO FIX THE SOUND FrankerZ
SPAM THIS HOUND TO FIX THE SOUND FrankerZ
SPAM THIS HOUND TO FIX THE SOUND FrankerZ
SPAM THIS HOUND TO FIX THE SOUND FrankerZ
SPAM THIS HOUND TO FIX THE SOUND FrankerZ
SPAM THIS HOUND TO FIX THE SOUND FrankerZ
SPAM THIS HOUND TO FIX THE SOUND FrankerZ
SPAM THIS HOUND TO FIX THE SOUND FrankerZ
SPAM THIS HOUND TO FIX THE SOUND FrankerZ
SPAM THIS HOUND TO FIX THE SOUND FrankerZ
SPAM THIS HOUND TO FIX THE SOUND FrankerZ
SPAM THIS HOUND TO FIX THE SOUND FrankerZ
SPAM THIS HOUND TO FIX THE SOUND FrankerZ
SPAM THIS HOUND TO FIX THE SOUND FrankerZ
FrankerZ: FrankerZ
SPAM THIS HOUND TO FIX THE SOUND FrankerZ
SPAM THIS HOUND TO FIX THE SOUND FrankerZ
SPAM THIS HOUND TO FIX THE SOUND FrankerZ
SPAM THIS HOUND TO FIX THE SOUND FrankerZ
SPAM THIS HOUND TO FIX THE SOUND FrankerZ
SPAM THIS HOUND TO FIX THE SOUND FrankerZ
SPAM THIS HOUND TO FIX THE SOUND FrankerZ
SPAM THIS HOUND TO FIX THE SOUND FrankerZ
SPAM THIS HOUND TO FIX THE SOUND FrankerZ
SPAM THIS HOUND TO FIX THE SOUND FrankerZ
SPAM THIS HOUND TO FIX THE SOUND FrankerZ
SPAM THIS HOUND TO FIX THE SOUND FrankerZ
HIS HOUND TO FIX THE SOUND FrankerZ
SPAM THIS HOUND TO FIX THE SOUND SPAM THIS HOUND TO FIX THE SOUND FrankerZ
wat CorgiDerp
SPAM THIS HOUND TO FIX THE SOUND FrankerZ
SPAM THIS HOUND TO FIX THE SOUND FrankerZ
SPAM THIS HOUND TO FIX THE SOUND FrankerZ
SPAM THIS HOUND TO FIX THE SOUND FrankerZ
SPAM THIS HOUND TO FIX THE SOUND FrankerZ
SPAM THIS HOUND TO FIX THE SOUND FrankerZ. FrankerZ
SPAM THIS HOUND TO FIX THE SOUND FrankerZ
SPAM THIS HOUND TO FIX THE SOUND FrankerZ
SPAM THIS HOUND TO FIX THE SOUND !! FrankerZ
SPAM THIS HOUND TO FIX THE SOUND FrankerZ
SPAM THIS HOUND TO FIX THE SOUND FrankerZ! FrankerZ
SPAM THIS HOUND TO FIX THE SOUND FrankerZ
SPAM THIS HOUND TO FIX THE SOUND FrankerZ
XIZT NO KILLS SO FAR LUL
CAN WE DO IT TWITCH? FrankerZ
SPAM THIS HOUND TO FIX THE SOUND FrankerZ
SPAM THIS HOUND TO FIX THE SOUND FrankerZ
SPAM THIS HOUND TO FIX THE SOUND FrankerZ
Draken is better then Oskar PogChamp
SPAM THIS HOUND TO FIX THE SOUND! FrankerZ
ASTRALIS 0-6 SK 4Head
SPAM THIS HOUND TO FIX THE SOUND FrankerZ
SPAM THIS HOUND TO FIX THE SOUND FrankerZ
SPAM THIS HOUND TO FIX THE SOUND FrankerZ
SPAM THIS HOUND TO FIX THE SOUND FrankerZ
SPAM THIS HOUND TO FIX THE SOUND FrankerZ
SPAM THIS HOUND TO FIX THE SOUND FrankerZ
SPAM THIS HOUND TO FIX THE SOUND OhMyDog
Ban word hound @Creativly Kappa
COD WW2 IS ACTUALLY GOOD PogChamp
SPAM THIS HOUND TO FIX THE SOUND FrankerZ
xizt in top form as always Kappa
SPAM THIS HOUND TO FIX THE SOUND FrankerZ
SPAM THIS HOUND TO FIX THE SOUND FrankerZ
SPAM THIS HOUND TO FIX THE SOUND FrankerZ
Industry Leader 4Head
SPAM THIS HOUND TO FIX THE SOUND FrankerZ
SPAM THIS HOUND TO FIX THE SOUND FrankerZ
SPAM THIS HOUND TO FIX THE SOUND FrankerZ
SPAM THIS HOUND TO FIX THE SOUND FrankerZ
SPAM THIS HOUND TO FIX THE SOUND FrankerZ
SPAM THIS HOUND TO FIX THE SOUND FrankerZ
SPAM THIS HOUND TO FIX THE SOUND FrankerZ
KevinTurtl KevinTurtle
SPAM THIS HOUND TO FIX THE SOUND FrankerZ
SPAM THIS HOUND TO FIX THE SOUND FrankerZ
SPAM THIS HOUND TO FIX THE SOUND SPAM THIS HOUND TO FIX THE SOUND FrankerZ
SPAM THIS HOUND TO FIX THE SOUND FrankerZ
: SPAM THIS HOUND TO FIX THE SOUND FrankerZ
ESL PROD LUL
esl Kappa
SPAM THIS HOUND TO FIX THE SOUND FrankerZ
SPAM THIS HOUND TO FIX THE SOUND FrankerZ
SPAM THIS HOUND TO FIX THE SOUND FrankerZ
480p LUL
320x240 Kappa
IT WAS UR MOTHER I DATED UR DAD WE JEBAITED U ARE MY SON IT IS STATED <3
SPAM THIS HOUND TO FIX THE SOUND FrankerZ
SPAM THIS HOUND TO FIX THE SOUND FrankerZ
1080p 60fps PogChamp
640x 480 PogChamp
180p? LUL
ESL production PogChamp
nice 1080p LUL
240p w/ delayed audio BRUHHH FrankerZ
Best stream ever <3
144p LUL
my stream is on 1080p LUL
SPAM THIS HOUND TO FIX THE SOUND FrankerZ
my eyes WutFace
ESL NotLikeThis
ESL LUL
2005 PogChamp
4K QUALITY LUL
wtf LUL
> LUL
1080p LUL
EU FLASH PogChamp
ROBLOX WutFace
Roblox PogChamp
NA SOUND WutFace
8bit cs PogChamp
1 dolla stream budget LUL
quality is nice Kappa
CS 1.6 LUL
240p WutFace
sound and quali all NA LUL
SPAM THIS HOUND TO FIX THE SOUND FrankerZ
144p LUL
1.6 tournament LUL
LAST MAJOR LUL
"I think it's pixelated" LUL
GOOD JOB ESL SeemsGood
144p LUL
144p Kappa
CS 1.3 QUALITY LUL
INDUSTRY LEADER LUL
SPAM THIS HOUND TO FIX SOUND Keepo
1080P 60 FPS Jebaited
800x600 pro settings LUL
16p PogChamp
144p OMEGA LUL
SPAM THIS HOUND TO FIX THE SOUND FrankerZ
IT WAS UR MOTHER I DATED UR DAD WE JEBAITED U ARE MY SON IT IS STATED <3
1080p LUL
SPAM THIS HOUND TO FIX THE SOUND FrankerZ
Ska looking like an ogre LuL SMOrc
SPAM THIS HOUND TO FIX THE SOUND FrankerZ
NA resolution 4Head
4K LUL
ESL and technical difficulties, anme a more iconic duo EleGiggle
auti face LUL
1.6 PogChamp
200x150 LUL
MARIO IN 2K17 LUL
ESEA BTW LUL
I like this SSSsss
ESL QUALITY PRODUCTION EleGiggle
INDUSTRY LEADERS PunOko
4k quality boys PogChamp
SPAM THIS HOUND FrankerZTO FrankerZFIX THE SOUND FrankerZ
SPAM THIS HOUND TO FIX THE SOUND FrankerZ
640x480 master res PogChamp
NA PRODUCTION JUST GETS BETTER LUL
C9 LUL
SPAM THIS HOUND TO FIX THE SOUND FrankerZ\ FrankerZ
CS 1.6 LUL
MY STREAM NOW SSSsss
so sharp Kreygasm
SPAM THIS HOUND TO FIX THE SOUND FrankerZ
SPAM THIS HOUND TO FIX THE SOUND FrankerZ
ELECTRONIC SPORTS LEAGUE PogChamp
SPAM THIS HOUND TO FIX SOUND Keepo
> SPAM THIS HOUND FrankerZTO FrankerZFIX THE SOUND FrankerZ
Fix vid please hahah :D
NA QUALITY EleGiggle
quality SSSsss
csgo and minecraft colab :)
SPAM THIS HOUND TO FIX THE SOUND SPAM THIS HOUND TO FIX THE SOUND FrankerZ
1080p 60fps Kappa
144p stream LUL
SPAM THIS HOUND TO FIX THE SOUND FrankerZ
1080P Kappa
1080p Kappa
SPAM THIS HOUND TO FIX THE SOUND FrankerZ
HEART IT OUT SO WE CAN GET THE SOUND <3
Draken better then Oskar PogChamp
SPAM THIS HOUND TO FIX THE SOUND FrankerZ
SPAM THIS HOUND TO FIX THE SOUND FrankerZ
SPAM THIS HOUND TO FIX THE SOUND FrankerZ
24p Kappa
wHAT IS tHIS LUL
pure 4k Kreygasm
SPAM THIS HOUND TO FIX THE SOUND FrankerZ
QUALITY SMOrc
@ESL_CSGOb NICE STREAM THERE Kappa
SPAM THIS HOUND FrankerZTO FrankerZFIX THE SOUND FrankerZ
:phone: Hello ESL? :phone: Last Major :phone: 4Head
1.6 is back 1.6 is back 1.6 is back 1.6 is back 1.6 is back PogChamp
ARCADE GAME QUALITY LUL
> SPAM This HOUND FrankerZTO FrankerZFIX THE SOUND FrankerZ
MY STREAM NOW SSSsss
HEART IT OUT SO WE CAN GET THE SOUND HEART IT OUT SO WE CAN GET THE SOUND <3
ESL production Jebaited
DENNA CHAT ÄR NU SVENSK DatSheffy
I WILL NEVER BUY HYPERX after this Kappa
: SPAM THIS HOUND TO FIX THE SOUND FrankerZ
1080p60 LUL
ARCADE GAME QUALITY LUL
640 PogChamp
WHO SAID OVERPASS ON 1.6 DIDN'T EXIST? Kappa
1080p Source LUL
= Dog Face (no space) FrankerZ
im a RaccAttack
bSPAM THIS HOUND TO FIX THE SOUND FrankerZ
SPAM THIS HOUND TO FIX THE SOUND FrankerZ
Im happy i bought a new monitor, so i can really enjoy this excellent quality :)!! <3
CS 1.6 back LUL
very low cs Kappa
44p PogChamp
4K JD PogChamp
1.6 is back 1.6 is back 1.6 is back 1.6 is back PogChamp
-Xizt +Dennis <3
SPAM THIS GREEN TO FIX THE SCREEN VoteYea
BEST EVENT LUL
SPAM THIS KID TO FIX THE VID PunOko
Somehow fuck up video when trying to fix audio. ESL LUL
bSPAM THIS HOUND TO FIX THE SOUND FrankerZ
CS 1.6 PogChamp
DEN HÄR CHATTEN ÄR NU SVENSK DatSheffy
Spam the too help them pop CoolStoryBob
DRAKEN PogChamp
GOD DRAKEN PogChamp
NA LUL
draken PogChamp
SKADOODLE WITH A RIFLE LUL
C9 LUL
choke9 LUL
knock both out and look for second kill 4Head
NA CS LUL
> PogChamp
draken Kreygasm
SPAM THIS GREEN TO FIX THE SCREEN 1 VoteYea
160p wtf ResidentSleeper
GOD PIXEL DRAKEN PogChamp
SPAM THIS KID TO FIX THE VID PunOko
bad quali, bad sound, bad stream SwiftRage
Skadoodle LUL
AT LEAST THE SOUND IS SYNCED NOW Kappa
SCADOODLE PHOTO CON 8BITS LUL
stream from 2001 EleGiggle
WHAT IS THIS MESS PLEASE FIX THE RES LUL
GUYS DONT WORRY ITS A REPLAY FROM 2007 4Head
SPAM THE ***** TIGHT TO HELP THE GET_RIGHT AsianGlow
Minecraft: Global Offensive PunchTrees
SA 2 MAJOR NA 2 TOWERS EleGiggle
QUALITY 1080*60 sourfce DansGame
@gwnlars bob and pop rhymes? CoolStoryBob
MY STREAM NOW SSSsss
WHAT IS THIS MESS PLEASE FIX THE RES LUL
COUNT THE PIXELS _ 1 ... Kappa
how can you not fix this :D
RUSSIAN STREAM WORKS :D
So this is the power of 4K TTours
SKADOODLE PICTURE ON 8 BITS LUL
SPAM THIS VoteYeaGREEN VoteYeaTO FIX THE VoteYeaSCREEN VoteYea
MY STREAM NOW SSSsss
na cs LUL
SPAM THE ***** TIGHT TO HELP THE GET_RIGHT AsianGlow
WHAT IS THIS MESS PLEASE FIX THE RES LUL
SPAM THIS KID TO FIX THE VID PunOko
SCUFFED RES SCUFFED AUDIO LUL
NEW PACKMAN UPDATE LUL
SPAM THE ***** TIGHT TO HELP THE GET_RIGHT AsianGlow
This is like 16p with 10 second audio delay FailFish
REZ? More like RES LUL
VOICE LUL
2007 youtube throwback BibleThump
VOICE CRACK LUL
:phone: Hello ESL? :phone: Last Major :phone: 4Head
VOICE CRACK LUL
NA SOUND NA QUALITY LUL
ESL FailFish
MY STREAM NOW SSSsss
all spam the SSSsss
SPAM THIS MEME TO FIX THE STREAM Kappa
NA VOICE LUL
MY STREAM NOW SSSsss
1080p60fps 4Head
He did it on purpose FailFish
16bit cs PogChamp
WHAT A SHITSHOW LUL
B channel B quality :)
WORST EVENT EVER LUL
> SSSsss
1.5 CS PogChamp
640x480? :D
rez Kreygasm
wassup LUL
NA stream SSSsss
ska dle LUL
WORST EVENT EVER LUL
SPAM THIS SCREAM TO HELP THE STREAM SwiftRage
xizt 4Head
NA FLASH LUL
MUH VIEWING EXPERIENCE BibleThump
1080p 60fps Kappa
how is the stream getting worse ???? NotLikeThis
DRAKEN PogChamp
C9 LUL
SPAM THIS MEME TO FIX THE STREAM Kappa
Why don't you fix the issues!?!? @Creativly Kappa
NA FLASH LUL
1.6 is back PogChamp
refresh Kappa
1p LUL
minecraft LUL
@Fifflaren HeyGuys
4k 4Head
DOWNSCALED TO POTATO LUL
SPAM THIS MEME TO FIX THE STREAM Kappa
its this real life ? Draken got 2 shoots 2 hits PogChamp
Standard ESL stream LUL
MINECRAFT LUL
losing to nip FailFish
AUDIO IS BAD VIDEO IS BAD CASTING IS BAD LUL
SPAM THIS HOUND TO FIX SOUND Keepo
@fifflaren :D
too many viewers we need 22000 not 22495 LUL
minecraft cs go PogChamp
1920x1080 at 10% Renderscale ! PogChamp
COUNT THE PIXELS 1 ... Kappa
4K LUL
ctrl+w Kappa
This is like Amiga500 CS LUL
Happy LUL
144p in 2017 LUL
fix the sound FrankerZ
4v2 LUL
NA BOMB LUL
SPAM THIS MEME TO FIX THE STREAM Kappa
NIP LUL
MEANWHILE IN NA LUL
asian duo PogChamp
i feel at home at cs again finally <3
Try double 140 :D
4v2 LUL
asian duo PogChamp
2v4 LUL
1080p PogChamp
asian duo Kreygasm
144p TTours
SPAM THIS KappaKappa MEME TO FIX THE STREAM Kappa
Spam This meme To Fix This Stream Kappa
E S L LUL
NA CS LUL
REZ PogChamp
NA CS LUL
cs 1.6? LUL
NA CS LUL
NA CS LUL
REZ PogChamp
Clown 9 LUL
C9 LUL
REZgod PogChamp
4k stream DansGame
REZ PogChamp
NA production Kappa
1p LUL
RUSSIAN STREAM WORKS :D
rez <3
SPAM THIS MEME TO FIX THE STREAM Kappa
NA CS LUL
GIVE THE BOMB TO THE LOW HP GUY LUL
which pixel is players? Kappa
GOOD queality LUL
cs 1.6 ? LUL
SPAM THIS VoteYeaGREEN VoteYeaTO FIX THE VoteYeaSCREEN VoteYea
AUDIO IS BAD VIDEO IS BAD CASTING IS BAD LUL
HOW Many KILLS?!! NotLikeThis
SPAM THIS MEME TO FIX THE KappaKappa STREAM Kappa
C9 NA TEAM LUL
Draken on point PogChamp
ESL LUL
what is this quality LUL
144p Kreygasm
144p LUL
Quality stream SeemsGood
what is this REZolution Kappa
8 bit LUL
please fix the quality problem @ESL_CSGOb :)
I have 14 HP give me bomb LUL
"what is this buy?" one stayed alive LUL
hearhole LUL
C9 LUL
turok LUL
f0rp PogChamp
forp <3
NA CS LUL
na res LUL
PEANUT LUL
:telephone: ESL? :telephone: VALVE HERE :telephone: LAST MAJOR 4Head
@Creativly who cares lmao LUL
Minecraft is better than this LUL
RESTREAM RECORDED A WEBCAM LUL
640x480 low quality stream PogChamp
THIS IS POTATO QUALITY LUL
AUDIO IS BAD VIDEO IS BAD CASTING IS BAD LUL
ooooo lets go C9 :)
NIP PogChamp
THE QUALITY LUL
60p LUL
144p Kappa
N A S T R E A M 4Head
Minecraft Kappa
Is this DOOM? Kappa
bitchywheel PogChamp
NA AUDIO NA VIDEO NA CASTERS NA CS LUL
Minecraft Minecraft Kappa
nice quality 4Head
DJ REz, BJ Baken. Get_Night, N1 Toast, Xzl NotLikeThis
C9 BlessRNG
NA STREAM LUL
What is this stream? Its so broke LUL
SPAM THIS DOGGY TO FIX THIS QUALITY RalpherZ
NA AUDIO NA VIDEO NA CASTERS NA CS LUL
NICE QUALITY LUL
AUDIO IS BAD VIDEO IS BAD CASTING IS BAD LUL
640x480 LUL
CS 1.6 PogChamp
watching 1.6 PogChamp
ESL INDUSTRY LEADERS LUL
i can't read name LUL
SPAM THIS DOGGY TO FIX THIS QUALITY RalpherZ
QUALITY Kreygasm
fixed PogChamp
FIXED? PogChamp
1080p PogChamp
hi Steve SSSsss
> Kreygasm
HD PogChamp
NA SOUND NA RESOLUTION NA PRODUCTION PogChamp
4k stream PogChamp
FIXED PogChamp
finally LUL
Good qualify stream PogChamp
SAVED LUL
finally LUL
SPAM THIS HOUND TO FIX THE SOUND FrankerZ
I CAN SEE PogChamp
SAVED PogChamp
THE STREAM HAS A DELAY? OF COURSE, IT'S FROM NA BrokeBack
SAVED PogChamp
SOUND FIXING HOUND FrankerZ
Thank you for the fix <3
EU STREAM PogChamp
4k quality PogChamp
You happy, chat? BibleThump
SAVED KappaRoss
major with only 2k views LUL
NO MORE MINECRAFT BibleThump
> <3
still bad :(
NP :)
SOUND LUL
still sound delay WutFace
NA SOUND LUL
Still desynced LUL
NA CS LUL
Desync NotLikeThis
NA SOUND LUL
SPAM THIS HOUND TO FIX SOUND Keepo
NA LUL
@nipgaming PogChamp
SPAM THIS TO FIX THIS SOUND FrankerZ
NA CS LUL
DRAKEN PogChamp
GOD DRAKEN PogChamp
Draken so good PogChamp
SOOOOOOOOOOOOOOUND BibleThump
draken Kreygasm
its still bad but verry better :D
SPAM THIS HOUND TO FIX THE SOUND FrankerZ
SPAM THIS HOUND TO FIX THE SOUND FrankerZ
Nip med Dip PogChamp
NA CS LUL
image quality ruins sound 4Head
NA CS LUL
SPAM THIS TO FIX THE SOUND FrankerZ
ECO LUL
nA can u do something w or wut omg FrankerZ
nice audio SYNC LUL
SPAM THIS TO FIX THE SOUND FrankerZ
SPAM THIS HOUND TO FIX THE SOUND FrankerZ
9-4 while losing pistol Kreygasm
Schedule - http://en.intelextrememasters.com/season-12/oakland/tournament/schedule/ :)
This caster ResidentSleeper
NA PRODUCTION EVERYONE EleGiggle
NA CASTERS ResidentSleeper
@kort3ano SeemsGood
-Xizt +Dennis <3
NIP <3
SPAM THIS HOUND TO FIX THE SOUND FrankerZ
Hi NIP <3
Love u too! HeyGuys
@nipgaming PogChamp
NiP PogChamp
@NiPGaming <3
@NiPGaming <3
gaz tank leaking LUL
@NiPGaming <3
/ / / Kappa
SOUND WutFace
WTF IS THIS SOUND WutFace
SPAM THIS HOUND TO FIX THE SOUND FrankerZ
casters ResidentSleeper
RUSH NotLikeThis
somewthing wrong with quality again :(
@ESL_CSGOb fix sound SMOrc
Na Spray FailFish
SOUND WutFace
SPAM THIS HOUND TO FIX THE SOUND FrankerZ
C9 LUL
NiP <3
SPAM THIS HOUND TO FIX THE SOUND FrankerZ
NA SOUND LUL
NiP are playing so good PogChamp
NA CS LUL
na stream na team EleGiggle
CLOWN 9 LUL
Nip 200 IQ CT side PogChamp
c9 are making stupid mistakes :(
NA CS LUL
BIASED BLU LUL
CLOWN9 EleGiggle
nt LUL
SPAM THIS TO FIX THIS SOUND FrankerZ
NA PRODUCTION EleGiggle
c9 What are they doing ?????? NotLikeThis
nip_draken PogChamp
C9 fans in 2017 LUL
SPAM THIS HOUND TO FIX THE SOUND FrankerZ
SPAM THIS HOUND TO FIX THE SOUND FrankerZ
SPAM THIS HOUND TO FIX THE SOUND FrankerZ
SPAM THIS HOUND FrankerZTO FrankerZFIX THE SOUND FrankerZ
nip <3
SPAM THIS HOUND TO FIX THE SOUND FrankerZ
Cloud9 best na team EleGiggle
c9 has gotten 1 gun round LUL
SPAM THIS HOUND TO FIX THE SOUND FrankerZ
SPAM THIS HOUND TO FIX THE SOUND FrankerZ
SPAM THIS HOUND TO FIX THE SOUND FrankerZ
nip right now CurseLit
NA cs LUL
C9 WON PISTOL BTW LUL
SPAM THIS HOUND TO FIX THE SOUND d FrankerZ
NA CS LUL
SPAM THIS HOUND TO FIX THE SOUND FrankerZ
SPAM THIS HOUND FrankerZTO FrankerZFIX THE SOUND FrankerZ
SPAM THIS HOUND TO FIX THE SOUND FrankerZ
SPAM THIS HOUND TO FIX THE SOUND FrankerZ
SPAM THIS HOUND TO FIX THE SOUND FrankerZ
2-12 and 4-11 LUL
SPAM THIS HOUND TO FIX THE SOUND FrankerZSPAM THIS HOUND TO FIX THE SOUND FrankerZ
SPAM THIS HOUND TO FIX THE SOUND FrankerZ
they probably need to restart the stream to fix the sound.. NotLikeThis
SPAM THIS HOUND TO FIX THE SOUND FrankerZ
SPAM THIS HOUND TO FIX THE SOUND !!!! FrankerZ
SPAM THIS HOUND TO FIX THE SOUND FrankerZ
SPAM THIS HOUND TO FIX THE SOUND FrankerZ
SPAM THIS HOUND TO FIX THE SOUND FrankerZ
SPAM THIS TO FIX THIS SOUND FrankerZFrankerZ FrankerZ
SPAM THIS HOUND TO FIX THE SOUND FrankerZ
SPAM THIS HOUND TO FIX THE SOUND FrankerZ
SPAM THIS HOUND TO FIX THE SOUND FrankerZ
SPAM THIS HOUND TO FIX THE SOUND FrankerZ
SPAM THIS HOUND TO FIX THE SOUND FrankerZ
SPAM THIS HOUND TO FIX THE SOUND FrankerZ
SPAM THIS HOUND TO FIX THE SOUND FrankerZ
SPAM THIS FIST TO HELP XIZT Poooound
SPAM THIS HOUND TO FIX THE SOUND FrankerZ
SPAM THIS HOUND TO FIX THE SOUND FrankerZ
SPAM THIS HOUND TO FIX THE SOUND FrankerZ
@JopoXD toxic LUL
SPAM THIS HOUND TO FIX THE SOUND FrankerZ. FrankerZ
C9 LUL
SPAM THIS HOUND TO FIX THE SOUND FrankerZ
SPAM THIS HOUND TO FIX THE SOUND FrankerZ
SPAM THIS TO FIX THE SOUND FrankerZTwitch Primethesithnarwhal: Rip sound FrankerZ
4-3 to 4-11 EleGiggle
SPAM THIS HOUND TO FIX THE SOUND FrankerZ
SPAM THIS HOUND TO FIX THE SOUND FrankerZ
SPAM THIS HOUND TO FIX THE SOUND FrankerZ
NA CS LUL
NA LUL
SPAM THIS HOUND TO FIX THE SOUND FrankerZ
NA CS LUL
NA CS LUL
CLOWN9 EleGiggle
SPAM THIS HOUND TO FIX THE SOUND FrankerZ
NIP PogChamp
C9 suck :D
Jerk Your Wrist To Help Xist Kreygasm
NA CS LUL
NA CS LUL
wow .. so bad LUL
NiiiiiiiiiiiiiiiiiiiiiiP <3
quickmafs TriHard
na cs LUL
SPAM THIS HOUND TO FIX THE SOUND FrankerZ
NA CS IS DEAD LUL
SPAM THIS HOUND TO FIX THE SOUND FrankerZ
SPAM THIS HOUND TO FIX THE SOUND FrankerZ
SPAM THIS TO FIX THE SOUND FrankerZ
SPAM THIS HOUND TO FIX THE SOUND FrankerZ
NA quiet SoBayed
NA sound Na cs Na LUL
4-3 -> 4-11 LUL
Easy NiP <3
f0rest <3
NiP <3
SPAM THIS HOUND TO FIX THE SOUND FrankerZ
joke LUL
SPAM THIS FIST TO HELP XIZT Poooound
joke LUL
SPAM THIS TO FIX THIS SOUND FrankerZFrankerZ FrankerZ
SPAM THIS HOUND TO FIX THE SOUND FrankerZ
JOKE CLOWN9 LUL
NiP <3
C9 Joke LUL
SPAM THIS HOUND TO FIX THE SOUND FrankerZ
SPAM THIS HOUND TO FIX THE SOUND FrankerZ
SPAM THIS HOUND TO FIX THE SOUND FrankerZ
SPAM THIS HOUND TO FIX THE SOUND FrankerZ
SPAM THIS HOUND TO FIX THE SOUND FrankerZ
@kort3ano OpieOP
NA CS LUL
SPAM THIS HOUND TO FIX THE SOUND xddd FrankerZ
@NiPGaming STREAM SNIPING? Kappa
nice SOUND ESL LUL
Sound still not fixed? LUL
SPAM THIS HOUND TO FIX THE SOUND FrankerZ
NA PRODUCTION NA CS EleGiggle
> NA STREAM LUL
11-16 Jebaited
Choke like they did vs SK inc 4Head
@NiPGaming YAY!!! Ninjor med fin pijamas :D
NIPGAMING <3
NA CS LUL
SPAM THIS CANINE WHEN LAUGHING AT CLOUD9 FrankerZ
SPAM THIS HOUND TO FIX THE SOUND FrankerZ
EMILIO LUL
Holy crap what happened, when I left it was 0-4 LUL
SPAM THIS HOUND TO FIX THE SOUND FrankerZ
11-16 inc NIP LUL
SPAM THIS FIST TO HELP XIZT Poooound
Skadoodle NA hope LUL
SKADDODLE IS NOT BOTTOMFRAGGING GOOD FOR HIM LUL
ct f0rp PogChamp
SPAM THIS TO FIX THE SOUND FrankerZ
SPAM THIS HOUND TO FIX THE SOUND FrankerZ
EU Teeth LUL
SPAM THIS HOUND TO FIX THE SOUND FrankerZ
SPAM THIS HOUND FrankerZTO FrankerZFIX THE SOUND FrankerZ
NA PRODUCTION NA CS . EleGiggle
SPAM THIS TO FIX THE SOUND FrankerZ
SPAM THIS TO FIX THE SOUND FrankerZ
EU Teeth EU Teeth LUL
SPAM THIS TO FIX THE SOUND! FrankerZ
C9 NotLikeThis
NA CS LUL
@Facep1ant SUBBing to shroud LUL
gg LUL
EU Teeth LUL
AMPTropPunch Only the chosen one can stack these cans! AMPTropPunch but wait can you do three cans! !! AMPTropPunch PogChamp
Delay Kappa
CLOWN9 LUL
B IS CLEAR LUL
CLOWN9 EleGiggle
clown9 EleGiggle
wau PogChamp
CLOWN9 LUL
CLOWN 9 EleGiggle
SPAM THIS HOUND TO FIX THE SOUND FrankerZ
NA CS NA CS NA CS NA CS EleGiggle
NIP <3
NA no kills Jebaited
Clown9 PogChamp
ez LUL
NiP PogChamp
NA PRODUCTION NA CS , EleGiggle
LU NA CS LUL
nice and slow Kreygasm
> NA EVERYTHING LUL
📞 HELLO ESL? 📞 PGL HERE 📞 NICE SOUND 📞 4Head
C9 LUL
NA EleGiggle
Team ace PogChamp
clown 9 EleGiggle
4 USP-S LUL
SPAM THIS HOUND TO FIX THE SOUND FrankerZ
team ace PogChamp
SPAM THIS HOUND TO FIX THE SOUND FrankerZ
"C9 will win this game easily" LUL
@jacobdaneden EU mad LUL
NA PRODUCTION NA CS EleGiggle
SPAM THIS HOUND TO FIX THE SOUND FrankerZ
NA CS EleGiggle
LOSING TO NIP LUL
PRO90 LUL
SPAM THIS HOUND TO FIX THE SOUND FrankerZ
PRO 90 PogChamp
C9 worse than NIP LUL
SKÅÅÅÅÅL NA CS LUL
SPAM THIS TO FIX THE SOUND FrankerZ
PRO90 Kreygasm
SPAM THIS HOUND TO FIX THE SOUND FrankerZ
RUSH 2-14 LUL
spam happy jack to help C9's comeback HappyJack
3-4 instead of 4-5 LUL
NA CS EleGiggle
c9 LUL
DEEPER LUL
@Officialemilio hey dude :D
officialjonatan är fuskaren här ?! PogChamp
CLEAR SOUNDS FOR ESL DELAYED AUDIO LUL
ESL PRODUCTION EVERY SINGLE TIME LUL
📞 HELLO ESL? 📞 PGL HERE 📞 NICE SOUND 📞 4Head
SPAM THIS HOUND TO FIX THE SOUND FrankerZ
Spam Noodle PastaThat To PastaThat Help PastaThat Skadoodle pastaThat
NA PRODUCTION NA CS EleGiggle
NA SOUND LUL
AMPTropPunch Only the chosen one can stack these cans! AMPTropPunch but wait can you do three cans! !! AMPTropPunch PogChamp
SPAM THIS HOUND TO FIX THE SOUND FrankerZ
@Vivulux HOW YOU ENJOYING YOUR BURGER LUL
@Howly01 Dom kommer ALDRIG byta spelare nu och det har du min pungkula på ;)
draken LUL
it's to bad whit that sound .. im out LUL
SPAM THIS SCREAM TO KILL THIS MEME SwiftRage
SPAM THIS HOUND TO FIX THE SOUND FrankerZ
EZ MONEY FOR NIP LUL
NA CS LUL
NA CS LUL
SPAM THIS HOUND TO FIX THE SOUND FrankerZ
AMPTropPunchAMPTropPunch Only the chosen one can stack these cans! AMPTropPunch but wait can you do three cans! !! AMPTropPunch PogChamp
@Officialemilio haha kung :D
spam happy jack to help c9's comeback HappyJack
EMILIO <3
SPAM THIS HOUND TO FIX THE SOUND FrankerZ
16-8 c9 LUL
SPAM THIS HOUND TO FIX THE SOUND FrankerZ
SPAM THIS HOUND TO FIX THE SOUND FrankerZ
SPAM THIS HOUND TO FIX THE SOUND FrankerZ
SPAM THIS HOUND TO FIX THE SOUND FrankerZ
SPAM THIS SCREAM TO KILL THIS MEME SwiftRage
hey emilio, any new vac bans recently? Kappa
📞 HELLO ESL? 📞 PGL HERE 📞 NICE SOUND 📞 4Head
DENNA CHATT ÄR NU SVENSK DatSheffy
SPAM THIS HOUND TO FIX THE SOUND FrankerZ
SPAM THIS HOUND TO FIX THE SOUND FrankerZ
📞 HELLO ESL? 📞 VALVE HERE 📞 NICE SOUND 📞 LAST EVENT 4Head
RUSH 3 KILLS LUL
NiP magic is real EleGiggle
comeback BlessRNG
DENNA CHATT ÄR NU SVENSK DatSheffy
DENNA DatSheffy
SPAM THIS HOUND TO FIX THE SOUND FrankerZ
DENNA CHATT ÄR NU SVENSK DatSheffy
NA CS LUL
NIP <3
CLOWN9 EleGiggle
DENNA CHATT ÄR NU SVENSK DatSheffy
SPAM THIS HOUND TO FIX THE SOUND FrankerZ
DENNA CHATT ÄR NU SVENSK DatSheffy
Schedule - http://en.intelextrememasters.com/season-12/oakland/tournament/schedule/ :)
DENNA CHATT ÄR NU SVENSK DatSheffy
123 Kappa
SPAM THIS HOUND TO FIX THE SOUND FrankerZ
so ez ResidentSleeper
DENNA CHATT ÄR NU SVENSK DatSheffy
SPAM THIS HOUND TO FIX THE SOUND FrankerZ
Alla svenskar skriver "nipgenk" BrokeBack
DENNA CHATT ÄR NU SVENSK . DatSheffy
Folk vill bah ha en anledning att hata bra spelare @Officialemilio ;)
emilio vac banned PogChamp
DatSheffyDatSheffy DENNA CHATT ÄR NU SVENSK DatSheffy
SPAM TriHard
@Pellbow Vad menar du? Alla för mig älskar mig ? Vilka är alla? Ser inte vad som skrivs av oväsentliga människor, har noobfilter på ;)
SPAM THIS HOUND FrankerZTO FrankerZFIX THE SOUND FrankerZ
DatSheffyDatSheffy DENNA CHATT ÄR NU SVENSK DatSheffy
DENNA CHATT ÄR NU SVENSK DatSheffy
NA CS Kappa
DENNA CHATT ÄR NU SVENSK DatSheffy
SPAM THIS HOUND FrankerZTO FrankerZFIX THE SOUND FrankerZ
NiP <3
DENNA CHATT ÄR NU SVENSK DatSheffy
spam happy jack to help C9's comeback HappyJack
Cloud9 2 wins LUL
DENNA CHATT ÄR NU SVENSK DatSheffy
123 Kappa
DENNA CHATT ÄR NU SVENSK DatSheffy
DENNA CHATT ÄR NU SVENSK . DatSheffy
DatSheffyDatSheffy DENNA CHATT ÄR NU SVENSK DatSheffy
DENNA CHATT ÄR NU SVENSK DatSheffy
DENNA CHATT ÄR NU SVENSK DatSheffy
DENNA CHATT ÄR NU SVENSK DatSheffy
DENNA CHATT ÄR NU SVENSK . DatSheffy
DatSheffyDatSheffy DENNA CHATT ÄR NU SVENSK DatSheffy
SPAM THIS HOUND TO FIX THE SOUND FrankerZ
not what it means LUL
DENNA CHATT ÄR NU SVENSK DatSheffy. DatSheffy
DENNA CHATT ÄR NU SVENSK DatSheffy
It means second last LUL
C9 LUL
SECOND TO LAST LUL
NO LUL
DENNA CHATT ÄR NU SVENSK . DatSheffy
2nd from last 4Head
NOT WHAT IT MEANS LUL
DENNA CHATT ÄR NU SVENSK DatSheffy
THIS CHAT WAS NEVER SWEDISH DatSheffy
HAHAHAHHAHAHAHHAH C9 LUL
@NinoDno Min bror till döden millegudnE millegudnNL <3
WRONG NA CASTER LUL
DENNA CHATT ÄR NU SVENSK DatSheffy
SPAM THIS HOUND TO FIX THE SOUND FrankerZ
DIESER CHAT IST NUN DEUTSCH DatSheffy
NA SCHOOLS PogChamp
tarik LUL
TARIK LUL
DENNA CHATT ÄR NU SVENSK DatSheffy
IT MEANS SECOND TO LAST LUL
SVERIGE SKA TILL FKN VM!!!!! DatSheffy
DENNA CHATT ÄR NU SVENSK DatSheffy
NA CS EleGiggle
DENNA CHATT ÄR NU SVENSK DatSheffy
9 LUL
NA CS LUL
NA Education LUL
Spam this to Help stewie2k VoteNay
NA LUL
DIESER CHAT IST NUN DEUTSCH . DatSheffy
NA CS SoBayed
Schedule - http://en.intelextrememasters.com/season-12/oakland/tournament/schedule/ :)
DENNA CHATT ÄR NU SVENSK DatSheffy
NIP PogChamp
LET'S GO NINJAS! LET'S GO NINJAS! LET'S GO NINJAS! LET'S GO NINJAS! <3
DENNA CHATT ÄR NU SVENSK DatSheffy
HI ESL PGL HERE Nice Stream 4Head
DENNA CHATT DatSheffyDatSheffy ÄR NU SVENSK DatSheffy
DENNA CHATT ÄR NU SVENSK DatSheffyDatSheffy DENNA CHATT ÄR NU SVENSK DatSheffy
SPAM THIS HOUND FrankerZTO FrankerZFIX THE SOUND FrankerZ
C9 LUL
NiP winning on Overpass PogChamp
PHOON PogChamp
DENNA CHATT ÄR NU SVENSK DatSheffy
NA CS LUL
LMAO LUL
PHOON LUL
DENNA CHATT ÄR NU SVENSK DatSheffy
NA CS LUL
DENNA CHATT DatSheffyDatSheffy ÄR NU SVENSK DatSheffy
PHOON PogChamp
DENNA CHATT ÄR NU SVENSK DatSheffy
NA CS LUL
DENNA CHATT ÄR NU SVENSK DatSheffy
Ninjas in PYjamas <3
NA PRODUCTION NA CS EleGiggle
DatSheffyDatSheffy DENNA CHATT ÄR NU SVENSK DatSheffy
EASY NIP <3
NA CS LUL
DENNA CHATT DatSheffyDatSheffy ÄR NU SVENSK DatSheffy
DIESER CHAT IST NUN DEUTSCH DatSheffy
STREAM9 STREAM9 STREAM9 LUL
DENNA CHATT ÄR NU SVENSK DatSheffy
NA OVERPASS LUL
DENNA CHATT ÄR NU SVENSK DatSheffy
3-3-16 LUL
STREAM9 LUL
NIP <3
SPAM THIS HOUND TO FIX THE SOUND FrankerZ
Schedule - http://en.intelextrememasters.com/season-12/oakland/tournament/schedule/ :)
STREAM9 STREAM9 STREAM9 LUL
DENNA CHATT ÄR NU SVENSK DatSheffy
NA CS IS DEAD LUL
DENNA CHATT ÄR NU SVENSK DatSheffy
DENNA CHATT ÄR NU SVENSK DatSheffy
C9 fans EleGiggle
DENNA CHATT ÄR NU SVENSK DatSheffy
DENNA CHATT ÄR NU SVENSK DatSheffy
RUSH LUL
DENNA CHATT DatSheffyDatSheffy ÄR NU SVENSK DatSheffy
DENNA CHATT ÄR NU SVENSK DatSheffy
C9 after day 1 ResidentSleeper
EASY LUL
SKADOODLE 5 KILLS LUL
STREAM9 STREAM9 STREAM9 STREAM9 STREAM9 LUL
STEWIE EleGiggle
f0rest <3
DENNA CHATT ÄR NU SVENSK DatSheffy
NA brain LUL
CLOWN 9 NOT ENOUGH BRAIN TO STOP THE NIP TRAIN CHOO CHOO BABY <3
DENNA CHATT ÄR NU SVENSK . DatSheffy
NA CS LUL
DENNA CHATT ÄR NU SVENSK DatSheffy
stewie2k in 2k17 LUL
DENNA CHATT ÄR NU SVENSK DatSheffy
@dasp0_csgo Jag får spela allt idag förutom Majors. Och skulle det ev. komma ett nytt CS, ja, då är jag spelklar för Valve turneringar också. Men håll ögonen öppna i 2018 ;)
DENNA CHATT ÄR NU SVENSK DatSheffy
CLOWN 9 NOT ENOUGH BRAIN TO STOP THE NIP TRAIN CHOO CHOO BABY ! <3
DENNA CHATT ÄR NU SVENSK DatSheffy
NA HIDING LUL
NA CS LUL
DENNA DatSheffyCHATT DatSheffyÄR DatSheffyNU DatSheffySVENSK DatSheffy
PAM THIS HOUND TO FIX THE SOUND FrankerZ
NA CS NA CS LUL
NA CS 4Head
f0rest <3
NA CS LUL
FINAL STAND ANELE
DatSheffyDatSheffy DENNA CHATT ÄR NU SVENSK DatSheffy
Nordamerikansk cs LUL
how did this get to overpass they’re awful on this map LUL
DENNA CHATT ÄR NU SVENSK DatSheffy
SPAM THIS HOUND TO FIX THE SOUND FrankerZ
Spam this dorito to be despacito DoritosChip
N I P PogChamp
DENNA CHATT ÄR NU SVENSK DatSheffy
Stew0k 4Head
Schedule - http://en.intelextrememasters.com/season-12/oakland/tournament/schedule/ :)
YOU NEVER KNOW EleGiggle
@NiPGaming cmonBruh
DENNA CHATT ÄR NU SVENSK DatSheffy
NA CS LUL
NA SUPERTEAM LUL
DENNA CHATT ÄR NU SVENSK DatSheffy
@NiPGaming HeyGuys
DENNA CHATT ÄR NU SWEDISTAN DatSheffy
shroudC9 HOW shroudC9 ARE shroudC9 THEY shroudC9 LOSING shroudC9 BibleThump
DENNA CHATT ÄR NU SVENSK . DatSheffy
DENNA CHATT ÄR NU SVENSK DatSheffy
james shut up you tallk too much :D
blu LUL
NA PRODUCTION NA CS EleGiggle
DENNA CHATT ÄR NU SVENSK DatSheffy
DatSheffyDatSheffy DENNA CHATT ÄR NU SVENSK DatSheffy
DENNA DatSheffyCHATT DatSheffyÄR DatSheffyNU DatSheffySVENSK DatSheffy
BLU FailFish
C9 LUL
@NiPGaming :D
Cloud9 :(
@NiPGaming THEYRE BACK PogChamp
@NiPGaming <3
DENNA CHATT ÄR NU SVENSK DatSheffy
DENNA CHATT ÄR NU SVENSK DatSheffy
DENNA CHATT ÄR NU SWEDISTAN DatSheffy
DENNA CHATT ÄR NU SVENSK . DatSheffy
DatSheffyDatSheffy DENNA CHATT ÄR NU SVENSK . DatSheffy
where them at KappaPride
C9 LUL
Skadoodle got a kill PogChamp
C9 WITHOUT SHROUD C9 WITHOUT SHROUD LUL
DatSheffyDatSheffy DENNA CHATT ÄR NU SWEDISTAN DatSheffy
COMEBACk PogChamp
FUCK U James Kappa
NA HOLD LUL
DENNA CHATT ÄR NU SVENSK DatSheffy
DENNA CHATT ÄR NU NYSVENSK ANELE
Schedule - http://en.intelextrememasters.com/season-12/oakland/tournament/schedule/ :)
C9 LUL
NIP <3< 3 <3
NA CS NA CS LUL
SKADOODLE LUL
DENNA CHATT ÄR NU SVENSK DatSheffy
NA CS LUL
gg gg gg PogChamp
NA EleGiggle
NA PRODUCTION NA CS EleGiggle
DENNA CHATT ÄR NU SVENSK DatSheffy
AHAHAH EZ NIP <3
HAHAHHAAHAHHAHAHHAA C9 1 GUN ROUND LUL
NA LUL
NA hope cloud9 Kappa
DENNA CHATT ÄR NU SVENSK DatSheffy
NA super team LUL
SPAM THIS HOUND TO FIX THE SOUND FrankerZ
a DENNA CHATT ÄR NU SVENSK DatSheffy
Damn the sound sucks LUL
GGWP LUL
NA CS LUL
NA SUPERTEAM 4Head
DENNA CHATT ÄR NU SVENSK DatSheffy
DENNA CHATT ÄR NU SVENSK DatSheffy
NA CS LUL
DENNA DatSheffyCHATT DatSheffyÄR DatSheffyNU DatSheffySVENSK DatSheffy
NA CS . LUL
na sound Kappa
Schedule - http://en.intelextrememasters.com/season-12/oakland/tournament/schedule/ :)
NA best team LUL
NA CS LUL
NA CS LUL
next game is success <3
NA CS LUL
Sitt ner jävla hamburgare OpieOP
Spamma detta salt Om ni firar med pitepalt PJSalt
HAHAHA NA CS LUL
Does this guy speak super fast or what? LUL
VÄLFÄRD PogChamp
mad c9 fanboys LUL
PENULTIMATE CASTER PogChamp
Schedule - http://en.intelextrememasters.com/season-12/oakland/tournament/schedule/ :)
BAJS IN CHAT WutFace
NA CS LUL
OFFLINE LUL
losing to team who cant quality EU minor LUL
40 minutes ResidentSleeper
