Ropz <3
hi chat :)
this tension music BabyRage
cloud 9 PogChamp
WEEB WutFace
i'm straight :)
157 viewers ded game LUL
double awp setup is so OP :D
double OT !!! thanks to double awp :D
I made this dreamhack contest :)
He Sucks? :D
i have a prromocode @MATANTV for cs:go. u can use it on opencsgo_com. maybe u'll drop skin Desert Eagle Blaze ;)
LIVE PogChamp
SK or Immortals: does literally anythingBrazillians: ¿¡¿¡¿¡QUE OTA!?!?!? PogChamp
2:03:49] <NicolasDeVillegas> shorroGale shorroGale Kappa
5:14:41] <+kok0k0ko> cmonBruh
5:14:45] <+kok0k0ko> Jebaited
5:14:52] <+kok0k0ko> LUL
5:15:00] <+kok0k0ko> TPFufun
7:10:43] <sanovaapatu> @exocellular u just gotta get over it :)
7:11:51] <exocellular> <3
15:11:39] <Akrosstv> LUL
15:12:01] <295atfatburgers> LUL
17:47:51] <MashedApplesauce> Who's BOOT ? LUL
21:08:09] <NotnaMan> someone here? Kappa
21:08:28] <lercbar> idk NotLikeThis
21:08:32] <NotnaMan> wtf are you doing here LUL
21:53:58] <GreekDudesRPG> HSWP
21:59:45] <GreekDudesRPG> i have broke my fingers and i cant even hold the freaking mouse :D
22:23:08] <yoggsarn> <3
22:28:54] <King_Norberg> oj oj oj där fick jag en fruktansvärd psykos fan vad häftigt :OOOOOOO :D
23:17:59] <kaen_csgo> i have a prromocode @MATANTV for cs:go. u can use it on opencsgo_com. maybe u'll drop skin Desert Eagle Blaze ;)
