150 viewers majpr LUL
DEAD GAME LUL
Rerun LUL
160 viewers at live major this game is dead LUL
yea just keep watching Kappa
0.24K viewers LUL
7 TriHard
anyone here? :D
1:03:28] <bmk983> PogChamp
1:06:40] <bmk983> oh, BIG game is at 4:30 :)
1:07:04] <jayson_valencio> rise will upset B)
1:12:28] <jayson_valencio> 2008 B)
1:13:49] <bmk983> 4Head
1:17:56] <bmk983> dreamhack countdown is runnin PogChamp
1:24:58] <+LionLF> idk how but thats how i got mine LUL
1:29:10] <chunkyy_milk> 10 ads nice ResidentSleeper
1:30:34] <+LionLF> LUL
1:31:03] <jayson_valencio> Kreygasm
1:31:58] <jayson_valencio> but its bo1 B)
1:38:44] <Toombsi> tf WutFace
1:39:28] <aizydor> PogChamp
