navi win anyway 4Head
Asa Akira PogChamp
Is this live? Kappa
navi vac, replay? Keepo
pizza face CoolCat
@JuppDuke Final is already done :D
don t spoil :D
tier 3 major @JuppDuke LUL
then probably they should delete the rerun :)
its rerun :)
yep :)
you guys sure are good at trolling Kappa
cuz its a lie if this isnt a rerun :)
@Mt_West that's sad was hoping for a goof long game :(
can you read? :)
@mattlapistaken I know, I was hoping for a close match. Oskar never showed up with his awp, ropz was quiet. Just wasn't their day :(
@Mt_West oof.. nerves maybe? they seemed to do well in the games I caught :(
we miss shroud BibleThump
you dont like dosia? dosia is the best 4Head
6k viewers nice major dead game LUL
it's not a rebroadcast rerun is the sponsor old meme ResidentSleeper
@xxdevionexx you're an old match ResidentSleeper
twitch chat best chat LUL
Gotta love them rerun trolls :D
@samturet youre such a troller or just a 0iq guy Kappa
@TomboDude Yeah, appearently RERUN is the sponsor Kappa
@paszen i cant read SeemsGood
@paszen this chat is so stressful cause of the trolls Kappa
Why doe/ everyone get triggered by trolls ? LUL
It's not just a computer game cmonBruh
i fucking quit Kappa
420 Kappa
NOT A RERUN DansGame
X GOD Kreygasm
ESL won LUL
MOOSE PogChamp
Razer headphones LUL
Canadian MingLee
sound effects PogChamp
XGOD Kreygasm
did some relax ;)
FeelsBadMan IceCold :pick: I GET YOU OUT OF THERE cmonBruh
when i get him out cmonBruh
MOOBOT IS POSTING LINKS THAT VIOLATES THE RULES BAN HIM MODS SwiftRage
That aim LUL
^ LUL
Hi my name is Ashley and I’m looking for people to chat with;) my snap is alanore6 ;)
Grand Final live with only 6k viewers? Dead Game. LUL
@ovvzie okay we got it funny meme haha you can stop now :)
Grand final Live with 6k viewers? Dead game LUL
it's like an 12 yrs old dude making jokes :D
@Trytosaymynamebackwards noone cares about your dumb bowling tho LUL
free long A LUL
@mikkozuh Kappa
It's live rerun FailFish
@Trytosaymynamebackwards gone quiet ? Kappa
ooh fuck edward :(
JUGi LUL
28 bullets reload LUL
Wow magurs PogChamp
OMG - 6k viewers in a MAJOR FINAL - CS:GO dead BibleThump
was good match, very good. soviet union will be pleased OpieOP
shes reading it of wikipedia FailFish
The reactions ResidentSleeper
3.7k viewers for major CSGO is dead ResidentSleeper
navi wins Kappa
No skill, no smart movement, no aim, just show your knife LUL
Donald trump wins this match Kappa
Trump did 7/11 Kappa
michael felps, SK's best swimmer Kappa
@Blitzzzer oh damn nice Kappa
I.m quite sure Mouse won Kappa
i could smell the sarcasm 3 weeks a go Kappa
And remember, Rerun is a sponsor. Kappa
wanna bet skins on the game striker LUL
CROWD PogChamp
budget anders and eco HenryG LUL
big words WutFace
wtf DansGame
im used to asian chicks massaging me not teaching me DansGame
* :)
Who won? :D
Reru this s a rerun :D
Live? Kappa
Love? Kappa
Or league of legends LUL
optic is a na team Kappa
One more " " and i'm out LUL
@domalt_trump LUL
make that 10 LUL
:Z :Z :Z :Z :Z :Z :Z :Z :Z :Z ;)
BiG DansGame
Pala <3
1 tap master? SIXER? LUL
ropz is cute ;)
is it just me that could barely understand what he was saying LUL
not this cringe again FailFish
Rise nation LUL
Rise LUL
Spunj Casting Kappa
rip it was a funny joke Kappa
milk? BabyRage
1k view rerun LUL
Educational PogChamp
GTChimp > PogChamp
BYOC <3
actually I'm thinking about are you trolling wiewers :D
Very good live gameplay PogChamp
RERUN Energy Drinks PogChamp
Golden check Kappa
s1mple LUL
facts are facts, regardless if they're adding to the conversation or not :(
ipewpewyewqq LUL
@AutoFangerz PogChamp
Wow i wanna drop out of school too now Kappa
@ipewpewyewqq Golden check Kappa
How do they not make him shave his neckbeard omg FrankerZ
The thing is that a lot of ppl graduate uni and still cant find a job LUL
I dropped out of school to become pro in csgo Kappa
Oh, yeah okay :o
1k on rerun dead game LUL
LIVE EVENT and 1000 viewers and dead Chat Hahahaha LUL
Mousesports is love <3
i am the guy sitting on first row first seat LUL
I am the guy sitting on the second row second seat LUL
Then wave yeeezy Kappa
^ LUL
ChrisJ was sitting there earlier thats why i took his seat kreyGasm LUL
^ Kreygasm
see me there LUL
im waving Kappa
^ LUL
I'm oskar :D
-oskar +lvl 3 faceit LUL
oskar on lan LUL
oskar in 2018 LUL
oskar LUL
oskar is history LUL
oskar in 1.6 Kreygasm
200 IQ LUL
Budget semmler LUL
budget anders LUL
budget semmler and anders LUL
14-1 LUL
foxy, never thought about it..but indeed I can live w/o the spam LUL
Edward payed for best net Kappa
I'M KOOSTA I'LL MAKE MY TEAM LOSE MY TEAMMATE HAS A KIT BUT I THINK I'LL DEFUSE MingLee
1,400 live LUL
1400 v , cs is dead Kappa
S1mple kkkkkk LUL
in 2017 LuL LUL
LOL RUNNING INTO A SPRAY EleGiggle
CSGO IN 2K17 LUL
BOT FLAMİE :D
Im from the past LUL
1,600 viewers? cs is dead LUL
awpNaVi awpNaVi awpNaVi Kappa
pubg = pokemon go popularity LUL
Very Games = dead Kappa
underpart PogChamp
hahaha :)
you're feet? Keepo
raw sauce IceCold TriHard
SIXER LUL
you know why LUL
Are we still doing the live or rerun bait in 2017? LUL
1,500 viewers cs is dead LUL
1663 LUL
S1mple CurseLit
omg :D
@guzguzguz23 Its almost Major time so hopefully :)
Its 15-14 so they are winning atm LUL
Yes old live LUL
Flamie is on CurseLit
Yes you are <3
@k_xl Kappa
@tehnatedog you forgot Kappa
10 viewers LUL
oh no chat @ulla1234567 doesn't know about rotational velocidensity BibleThump
NA Production LUL
BOTS VIEWERS! YouDontSay
TopHat DarkMode
@ir0n_fist_ RaccAttack
@kevinksd14 CarlSmile
Major 1.3k views LUL
idiots RERUN is sponsor FailFish
stupid people here that think this is life LUL
pubg LUL
gambit does a nice fake comeback SantaHat IceCold Kappa
i think the cheaters are pushing everyone to other games :)
som pepole just dont read befor there cry all over the chat? it is a rerun yes csgo is stil top 10 words best games :oD :D
but i stil like to look at it even so it is a rerun :)
som do yes :D
@wizzywilly that is ok i get a lot of +rep in game so one -rep for a mistake i can take :D
the wut on the wut LUL
that must be that badst -rep ever :)
mousesports LUL
@wizzywilly cheaters are all over csgo on steam that is why you play on faceit or esea :O it is ok you make mistakes all the time but i stil forgive you :D
if you're watching this in 2k17 LUL
you well do you know team reaper white? :)
for sure dude you are welcome :)
and same^ i am exl a nice guy :D
i can tell i was just playing +rep for sense of humor :)
same here dude no ham done :D
i am one of the old players i think :D
30+ any one higher? :D
haha close 34 :)
bruh this dudeeeeeeeeeeeee LUL
for sure mate i well add you to follow after :)
suumza it is a rerun :D
@Suumza a rerun omgf :D
done :)
s1mple you are insane dude :D
he thinks navi will win LUL
800k maybe 8.00k :D
OW has been out for how long? And CSGO? Checkmate :)
OW = 380mil players a month? Strange how the stats work in my favor :)
I guess fanboys gotta be fanboys :)
1.118 VIEWERS at a final :(
It's a bit sad that they have 1k numbers, but fanboys will deny everything :)
Changing topic, kiddo :)
Can't you use Google, fanboys? :)
legit chairs PogChamp
I know you are in denial but that shouldn't block your brain cells...oh wait :)
Owerwotch . GOTY LUL
Oh, I guess that's why CSGO won the award....oh wait :)
I'll try to speak slower for you guys :)
Haha, love getting fanboys triggered because they can't argue against facts :)
Keep name calling me, kiddos. Just proving my point :)
Keep it coming, I love it :)
1.2k viewers major final Kappa
Keep going :)
Oh, a new fanboys has entered the game! :)
Oh nevermind, it's the same kid that has a crush on my and wants my attention :)
Thank me later :)
Look at that sexy knife. LUL
"languages" :D
No draw animations. LUL
1.6 in 2k17 lul PogChamp
old school Kappa
whoa, finally some quality content these days... i member.... :(
yea right moobot LUL
marik PogChamp
1.6 LUL
2012* LUL
more viewers than csgo Kappa
csgo is ded Kappa
ns ty LUL
Fnatic needs Olof. Keepo
navi needs simple LUL
1.6 PogChamp
markeloff nick translates like "i like to rest" LUL
@top10deaths No one cares LUL
1.6 ResidentSleeper
its new csgo update(shit joke) LUL
Swedish J is so funny LUL
1.6 PogChamp
1.6 <3
can you speedrun here? LUL
bind mousewheelup +duck Kappa
using mwheel up LUL
sry, im used to wheelup Kappa
ecoed LUL
nice graphics LUL
YES ITS LIVE Kappa
can i get a souvenir drop from here? Kappa
1 pixel nades LUL
and also that u need to buy ammo DansGame
BOOSTED LUL
its pubg test server Kappa
edward 14-6 PogChamp
old Edward PogChamp
1000 viewer in major final CSGO DED LUL
NA not knowing about 1.6 LUL
what is this :)
// Kappa
They're young AF LUL
he doesnt know how to pronounce zeus LUL
so intense...0 reaction Kappa
saving famas LUL
I use to play this game in internet cafes as elementary school student in early 2000s LUL
@ianvangough 8bit is better than cs1.6 FrankerZ
POLICE TEAM LUL
navi hasnt gotten any better either LUL
1.6 Kreygasm
buy cz-75, ffs Kappa
throq molotov Kappa
CarN PogChamp
"flashes were quite ineffective" LUL
he doesnt know shit 4Head
eidablupi Kappa
throwback <3
@xenocide13666 THE RIGHT GUY OR THE LEFT? LUL
@brijeshnan Left one. Sorry. LUL
and people complain hit reg now LUL
karrigan LUL
Spectators 2 Kreygasm
cs 1.6 is the best shit ever :D
every pisole was shit but dgl :D
being able to buy usp for the terrorist team Kreygasm
mirage :)
holy fuck 1.6 looks like hot garbage LUL
bomb is ticking too much LUL
@shut_nic Because they suck at it LUL
this roblox turny looks lit 4Head
makes sense LUL
sosatt urodi Kappa
angel LUL
TO BAD S1MPLE didn't play 1.6 ...he would dominate IT <3
1.6 in 2k17 LUL
@Etsku168 i look nothing like i 5 year old self :p
now old and stressed Kappa
frizz even bad in cs go LUL
Flash grenades looks like bricks LUL
this navi team except ceh9 (puke) Kreygasm
markeloff awp PogChamp
!desk seems up to date with the event Kappa
1.6 <3
karrigan fragging PogChamp
karrigan out of faze PogChamp
chair PogChamp
@DreamHackCS can we find who is actually casting pls? :)
jesus those strobes WutFace
heart of courage PogChamp
THIS IS SOME MUSIC PogChamp
I like this new fnatic PogChamp
DARUDE LUL
Semmler PogChamp
godmmler Kreygasm
Young gun LUL
cringe LUL
ahAHHH cringe BabyRage
DH during Obama LUL
IT'S LUL
safe space HotPokket
safe space LUL
BUDGET ANDERS LUL
budget anders LUL
So Anders and Hiko had a baby LUL
CSGO is not dying, but your gransparents are LUL
we want more oldschool cs SMOrc
cosplays HotPokket
DOTA DansGame
LoL LUL
LoL BabyRage
1K viewers for a Major dota dead game 4Head
clash of clans 500k viewer, the future of esports 4Head
@DreamHackCS more old games or can i leave Kappa
old seized LUL
bot allu LUL
actually good VP PogChamp
LG PogChamp
yeah mann :(
@Fantomankka JW and Karrigan are twins. LUL
twins LUL
Liquid winning trophies PogChamp
2015 fnatic Kreygasm
2015 fnatic loosing DH cluj LUL
flusha LUL
ye he is cheatin LUL
0:08:37] <alexashkinn> :(
0:23:11] <husam_halawa> guys where is SHOX :(
0:25:27] <husam_halawa> fk :)
0:32:43] <+infamous_andrew> he showed up so hard Kappa
0:41:01] <Dafak1> PogChamp
0:46:05] <Dafak1> old sounds NotLikeThis
0:46:51] <Dafak1> back when flusha cheated Kappa
0:51:20] <CriseQQQ> old fnatic :(
0:51:42] <tomyrider1889> yes :(
0:52:07] <tomyrider1889> old kenny's :(
0:52:34] <BazingaSniks> LUL
0:53:20] <FriggleBiggle> OpieOP
0:54:21] <redbullpower19> kappa ppl <3
0:55:54] <davidpowa> Jebaited
0:55:55] <btasty_> Kappa
0:57:41] <Slends> they are drinking monster WutFace
0:58:37] <redbullpower19> :)
1:36:41] <GreekDudesRPG> kennys misses his shots CrreamAwk
1:43:28] <Dafak1> @laseyes Jebaited
1:44:25] <ColaSnor> cmonBruh
1:47:10] <Dafak1> @DreamHackCS cmonBruh
1:47:29] <btasty_> SMOrc
2:01:01] <ladaPRIORA05> WutFace
2:21:46] <+jonasmolander> live? KappaClaus
2:39:08] <iHaveNoSound> 1.6 LUL
2:50:08] <lolifolder> Let’s go VP! VoHiYo
3:09:50] <J2neS> SUE Kreygasm
3:34:33] <+darthxqc> THE GOAT FOX PogChamp
3:41:53] <higherxlevel> :)
3:41:59] <itsRukz> LUL
3:47:54] <+infamous_andrew> LUL
3:55:41] <MuwiePoPolsku> :(
4:12:13] <TuhHoryAeyzeins> old g2 Kreygasm
4:15:22] <+infamous_andrew> LUL
4:28:05] <whatstherisk_> LUL
4:38:44] <TheDexiPlay> Old NIP vs TSM PogChamp
4:56:53] <+buendiger> OptimizePrime
5:03:26] <pumtac> I didnt like astralis name anyway :)
5:09:32] <milkstrums> Old weapon sounds Kreygasm
5:14:46] <ImTyroneee> Wtf found a 50 years old man playin OSRS and he stream name LowBudgetRS LUL
5:57:26] <ImTyroneee> Wtf found a 50 years old man playin OSRS and he stream name LowBudgetRS . ppl call him dad LUL
8:14:47] <munzevid> Old m4 sound BegWan
8:16:13] <dibraldinho_bruxo> steel WutFace
8:21:24] <31eet> go next navi vs ftatic on tuscan cs1.6 CoolStoryBob
10:41:52] <+ShredzAOC> you could type but you cant read ? check title LUL
11:51:38] <kuwaitigamerlol> Payback Kappa
12:13:09] <Jkt84> Happy ruined everything that round LUL
13:37:46] <TheArchdemonic> 'scripted games' Kappa
14:45:40] <zizzipuk> wow seized 17 kills PogChamp
14:46:11] <zizzipuk> is this live ? Kappa
14:49:03] <zizzipuk> kio is envy lol he got kicked from faze already MingLee
15:22:23] <sammy6892> cmonBruh
15:26:45] <CrudY> JKanStyle
15:28:34] <Biggleby> LUL
15:28:43] <mne_poxui> MrDestructoid
15:30:26] <CrudY> Kappa
15:30:39] <CrudY> Envy still does B)
15:56:17] <Thebelgianbg> gg fnatics Kappa
16:01:28] <+Craigyo2> 320 viewers but chat is dead DansGame
16:16:09] <oExTeNsiionz> CrreamAwk
16:28:30] <vinycius0202> Kappa
16:31:39] <Sketchys> not the player the strimmer LUL
18:28:29] <NMPstoleMyTV> BabyRage
19:51:28] <wildpants35> 400 viewers in a major final wtf FailFish
20:12:28] <juni0r_wolf> JKanStyle
20:24:01] <AFG_oskar> TriHard
21:22:06] <dzarbala> :D
22:44:57] <+jnicolaslf128> Hai and elrichXMAS KappaClaus
22:50:39] <ogmachine_tv> NO. IT IS LIVE. Kappa
22:54:49] <karlsson41> <3
23:14:45] <MashedApplesauce> guardian OpieOP
23:48:39] <ColaSnor> dead chat LUL
23:51:47] <marcoszaiden> 4Head
