guys :(
LoL LUL
DED GAME LUL
1300 viewers on major finals. Dead game LUL
@DreamHackCS HeyGuys
The meaning of memes CoolStoryBob
WOOX PogChamp
2ez Kappa
Pala is a Freak WutFace
empty stadium dead game LUL
!RISE LUL
CHAD: "CYA CHAT" 4Head
2600 VIEWERS FOR A MAJOR FINAL CSGO DEAD GAME LUL
stewie reference LUL
yup CorgiDerp
nvm mods dont care about racism LUL
how did heroic won this cmonBruh
and bacon PJSalt
tbh he does it even when the game is going on LUL
that flash doesnt blind shit LUL
> LUL
I give you happy ending :)
this game is sad :p
RiseNaion LUL
2,5k people watching a rerun LUL
RERUN = SPONSOR LUL
HELLO? THIS IS RISE NATION WE SEE THAT YOU ARE LOSING! NAME CHANGE: DIES NATION LUL
Friendship means sending you a " " once or twice a month KappaRoss
I'm here for the drops Kappa
2049 viewers for a major LUL
@barkeem Its a rerun LUL
in three years u will se me on stage ;)
na hair DansGame
Dreamhack is not over LUL
when vp play? 4Head
when does c9 play Kappa
but placebos provide something :)
you didnt have to put money to have pleasure to see your weapon :)
but if they have money for it, why not :)
dreamhack so bassy WutFace
Lets go BIG <3
Ruski est? TriHard
eZ for BIG :)
abisani est? TriHard
1.6 PogChamp
Yes very fanni @titan_xz 4Head
Karrigan was 10 y/o here Kappa
Only Flusha and Emilio Jebaited
dam....nostalgia :D
1.6 LUL
2012 PogChamp
nvm thats prob not markeloff Kappa
1.6 > G.O. :)
rez and draken werent born yet Kappa
MIRAGE PogChamp
XIZT PogChamp
XIZT AND KARRIGAN PogChamp
how they see what key to press without led lights? Kappa
good old days BibleThump
bring back 1.6 fuark go :(
gaming chairs Kappa
@johanl33t yes Kappa
is this live? Kappa
big nades 4Head
1 pixel nades <3
and you have to buy ammo for your guns :D
Gux :(
karrigan still looks the same LUL
is this live Kappa
Is this live? Kappa
1.6 <3
ARE THESE CASTERS IN CHAT? PogChamp
karigan LUL
nostalgi LUL
1.6 BibleThump
1.5 seconds left :D
markeloff markeloN PogChamp
GODIGAN Kreygasm
burst fire 1.6 Kreygasm
2012 fidget spinner LUL
KARRIGAN PogChamp
SpawN PogChamp
did he just pull a mic out of his ass DansGame
6000 USD LUL
that was so abrupt BibleThump
laptop gaming LUL
RISE NATION LUL
my iq is too low Kappa
i can see why Rise Nation hasn't been to the higher leagues Kappa
ct sided map 9-4 BloodTrail
They watching Rick and Morty Kappa
damn XGOD LUL
the hype man LUL
intellectual LUL
18k dpi and 7 sens or bad Kappa
breating from argentina Keepo
salve galera boa noite ResidentSleeper
zzz ResidentSleeper
viewbot checking in MrDestructoid
The essence of ResidentSleeper
Anyone else here fate hags? Kappa
yes KappaPride
Is this a replay? :D
EU ResidentSleeper
gobby ;)
BOT B LUL
thrown LUL
PogChampPogChamp PogChamp
"never comes when we go offline" kqly mentality Kappa
kqly vac ban Kappa
sleepy chat vibes ResidentSleeper
123 Kappa
@MeatImp it is, just googled it :D
Sixer NotLikeThis
oh didnt even notice the playbutton :(
envy take my energy 4Head
savyus Kappa
ma bois <3
NIce I watched Mouseports - BIG yesterday. Looks like Envy is doing good against them :)
yeah :)
DarkTeenPaint are something special? PogChamp
Whi is it even in slow mode? :D
wun tap Kreygasm
11 47 am here :)
10:46 am ;)
obv VoteYea
Join a new coin based gambling website: Roulette, Jackpot, Coinflip and CRASH game! Starter giveaway for the first 5-10 people csgo.band. !10.000 coins giveaway! :)
@muck_fods thank you have a good day ;)
First to type PogChamp
mean muggin' LUL
1700 viewers for a major LUL
RED FrankerZ
stupid kid FailFish
One day I will to go DreamHack Winter VoHiYo
1700 vievers is nice for a Rerun :D
is this live guys Kappa
utc? :D
is this live guys? Kappa
2k viewers MAJOR DEAD GAME LUL
2k viewers MAJOR DEAD GAME LUL
2k viewers MAJOR DEAD GAME LUL
1.5k viewers ded gehm LUL
2k viewers MAJOR DEAD GAME LUL
2.3k LUL
gambit PogChamp
2K Viewers LUL
3k viewers LUL
tagnatBottle Kappa
4k view LUL
throwing awp LUL
7 TriHard
7 TriHard
RU NADE Kappa
CIS NADE Jebaited
navi.g2a LUL
K thx guys :)
JUGI-OH PogChamp
comeback inc PogChamp
doesnt? well it does for me :D
@jahtimakkara69 this is live, my arse. ;)
in what year do you live? :D
Live PogChamp
@ExeTick you have turbo which removes ads NotLikeThis
its live FailFish
hope heroic comeback, did 200$ stake on them :)
DANISH MOVEMENT PogChamp
IDIOT LUL
Heroic PLZ BlessRNG
that run boost over the top of the molly was sick Kreygasm
rerun is the sponosr DansGame
navi have no chance against heroic LUL
i bet my son for Heroic BlessRNG
its live SeemsGood
we have to believe BlessRNG
rap god PogChamp
Heroic plays such fun CS 4Head
Heroic LUL
xdxdxdxdxdxdxd. .XDXDDXD LUL
@Moobot LUL
So many kids baiting LUL
So many kids baiting LUL
s1mple PogChamp
Kids aguring about moobot Omega LUL
3k on group stage dead game LUL
ez win for goombit VoteNay
IS NOT MY LuL LUL
> LuL LUL
Is this live? Kappa
LuL > LUL
>>>>>>>>>>>>>>>>>>>>>>>>>>>> shit LuL LUL
> LuL LUL
yes its live Kappa
> LuL LUL
This is a rerun guys :D
S1mple the ecofragger 4Head
@dab_haters_we_must LuL > LUL
CS id ded, Quake is ded NotLikeThis
zeus LUL
when is final i cannot wait sixer rekt simple LUL
reddit LUL
inv wall 3x0 Zeus LUL
Silver chat NotLikeThis
im actually gn1 DendiFace
ADS WutFace
this show looks good though TPFufun
none prime complaining about ads LUL
S1mple AWP LUL
* :(
not using twitch 5 LUL
rerun 15 minutes before it starts WutFace
just dont talk in chat unless you are high rank (mg1 and above) :)
just dont talk in chat unless you are high rank (silver 1 and above) :)
why use prime when you can use mobile twitch LUL
@helpcraftlp mg1 isn't high LUL
4k vievers in major final 4Head
4k vievers in major final / 4Head
twice tf LUL
4k vievers in major final // 4Head
clash royale more viwer than cs go WutFace
not even 5K viewers in major final NotLikeThis
s1imple awp LUL
PUBG ded game PunchTrees
NOOOOOOOOO BibleThump
4k vievers in major final / 4Head
EU PRODUCTION PogChamp
S1mple got like 60 eco frags..overrated LUL
PC better than both Kappa
Console peasants DansGame
