Yes they talk french in belgium :)
fun facts about csgo: allu is not a pro player, flusha has never cheated, boltz is on heroin, faze down, s1mple best player in world, scream is a sprayer. hope u enjoyed :)
FaZe workin twerkin twerkin LUL
Navi "they did say let Astralis win" FrankerZ
give them a chance BibleThump
M-Pour :D
> LUL
thats rerun FailFish
LIVE PogChamp
banned for what LUL
dink for 11? WutFace
C9 in 2017? LUL
300 viewers in a major final wtf FailFish
nice me :D
nah csgo is dead LUL
people like to see guys on desks KappaPride
it is Kappa
276 viewers take a hint :D
by the time you can decently clutch certain situations your heartbeat wont beat so fast :)
or maybe you already can :)
@ayush891000 you can also be over alert so that is the disadvantage ;)
and keep on watching these streams and learn :)
aand timed out Kappa
Luv Ya :)
RIP Brofist LUL
Is FaZe WH? LUL
yeah Kreygasm
3:02:50] <MashedApplesauce> EZ 4 flusha LUL
6:54:47] <xItsDaFuzz> 4Head
6:57:06] <winning_losing> Live PogChamp
10:23:36] <laseyes> Kreygasm
12:23:33] <SHARRKxd> Well yeah DansGame
13:30:21] <Ebensoi> Kappa
13:31:22] <lo1ken_tv> Kappa
14:12:43] <dagurlele> who cares about north vs immmortals.. agust ames is dead now :(
14:13:58] <A1jaii> LUL
15:32:14] <EstOffMe> 300 viewers LUL
15:35:33] <EstOffMe> LUL
16:52:42] <+Faptastic_Russian> LUL
17:00:22] <FastPrune> DansGame
17:46:08] <BORITO> WutFace
17:52:34] <GTX1070LOL> :D
18:35:10] <+BluuR1337> tf is this tape at shoxie's arm ? :D
18:59:27] <r_Scoofy> NiP BabyRage
21:31:05] <xdAvalanche> KappaPride
22:21:07] <elpedroon> lol code @KRA1N for cs:go skins. really works on dropgun.me. try yourself. ps gives $10 ;)
22:35:06] <Antonw1001> SSSsss
22:52:16] <elpedroon> dropgun.me gives code @KRA1N for cs:go, it also brings $10 . keep calm and use ;)
23:14:02] <Kydagnikhs> code @KRA1N for dropgun.me. i've dropped skin Bayonet Marble Fade from case FADEGUN for cs:go. also gives $10 :)
