VP in grand final PogChamp
i didint see it :(
thanks :)
go go go xD :)
pasza :D
pięknie <3
memories <3
Oh my god is geme <3
Old gambit <3
2:17:54] <EKATU05> BCWarrior
4:05:04] <カラメルクマ> HappyJack
4:28:20] <Tomahawkki> simple LUL
5:55:37] <llzarrusll> aw :(
8:54:37] <simonciwan> PrimeMe
9:34:10] <tomatotom> :o
10:16:36] <mats9501> BibleThump
11:40:56] <JackyDuNet> PogChamp
12:29:12] <Gnaav> Kappa
12:29:38] <Gnaav> cause it is KappaPride
12:30:06] <sniperdark> good old days :(
12:38:33] <+Giiki_na> the gun sound nostalgia Kreygasm
12:38:54] <sniperdark> i m gonna cry :(
12:39:57] <rlysick> its mirage LUL
12:42:44] <sellabarim> That bhop PogChamp
12:48:03] <1200pingwarrior> // Kappa
12:49:25] <+DrLoveBond> aren't there other 1.6 tournaments? BibleThump
12:55:06] <+smokeweed420x69xblaze> LUL
12:56:13] <kupabestaa> LUL
12:57:22] <+DrLoveBond> Kerrigan and xizt? PogChamp
12:58:38] <+VanquishDestiny> With friis and Moddi! PogChamp
12:59:27] <+Art_btw_LUL> Is that knife star trak Kappa
12:59:47] <+DrLoveBond> DansGame
13:00:11] <+DrLoveBond> hey guys what do you think about the 100thieves team PogChamp
13:02:32] <+raka_gg> new cs ? PogChamp
13:02:44] <+DrLoveBond> this is source 2.0 Kappa
13:03:31] <+DrLoveBond> guys I don't like the new dust 2 BibleThump
13:09:02] <+DrLoveBond> xizt English pretty good already in 2012 PogChamp
13:09:07] <Fjort1z> so underhyped :D
13:09:23] <xile1> His English is still pretty much the same :D
13:09:43] <+DrLoveBond> okay yeah there we go Kappa
13:11:16] <+DrLoveBond> anders Kappa
14:44:57] <sellabarim> 1.6 SwiftRage
17:08:47] <CheekyFacee> <3
17:44:31] <glacecstv> Kreygasm
17:56:22] <munzevid> 2015 but live LUL
18:19:40] <frmike> Old tsm :(
19:25:14] <+mikewatchestwitch> csgo in 2017 LUL
20:05:37] <walsaddamm> VoHiYo
20:09:05] <walsaddamm> MingLee
22:08:43] <bucket_love_maria> Love to se guardian back in navi Kappa
23:02:20] <sparklez69> watching this in my english lesson Kappa
23:25:16] <TheDevilFTWHD> omg old sounds Kreygasm
23:28:00] <peste_fastera> yes :D
23:30:42] <Kavticznik3> old sounds PogChamp
23:49:34] <uzerjkee> cumback cumback pls xD TearGlove
23:58:21] <iTzblackwidd0w> the match is not live it's a match from 2015 :D
