budget anders LUL
BUDGET ANDERS LUL
BIG MAC ELEKTRONIC LUL
new era LUL
vello dlom rhy sivs ue s d di uhh dh duhd :):) d udys did :)
Budget Anders LUL
Vendetta with the 2-0 mouz pick Kappa
TÄÄLLÄ PUHUTAAN NYT SUOMEA! DatSheffy
UK ANDERS LUL
VINCE PogChamp
ECO ANDERS LUL
this music WutFace
ECO ANDERS LUL
fake semler and anders :(
budget anders LUL
BUDGET FAZE BUDGET ANDERS BUDGET TOURNAMENT LUL
SoSnowy LUL
@TannnkTopluke h3h3 SUB haHAA LUL
Budget anders and semmler DansGame
LIDL MAJOR LUL
EZ DH 4 NAVI CoolCat
@pimpcsgo HeyGuys
sure LUL
SPAM THIS HAM TO HELP WESTHAM CoolCat
SantaHat KappaPride
SantaHat LUL
factory new pimp LUL
s1mple hype train ResidentSleeper
PIMP PogChamp
SantaHat LUL
with zoosh PogChamp
Shit? Family Show DansGame
BUDGET FAZE BUDGET ANDERS BUDGET TOURNAMENT IN BUDGET STOCKHOLM LUL
@fabby83 ANGRY MOUSESPORTS' FAN LUL
SELLOUTS LUL
language LUL
FAMILY SHOW P1MP FIRED LUL
TVs in 2017 LUL
SAMSUNG MingLee
Shit LUL
Samsuck LUL
NAVI WAS GOOD AT COBBLE? LUL
TV LUL
WTFS A TV? LUL
CHRISTIAN GAME LUL
@seized LOL WAS THE PROBLEM LUL
SAMSHIT LUL
SAMSUNG DansGame
Thanks SpunJ SeemsGood
TV in 2017 LUL
SAMSUNG > SKT LUL
T.. V...? DansGame
Thanks SpunJ SeemsGood
LG OLED Kreygasm
WOOAHHH PogChamp
Arigato SPUNJ SeemsGood
SpunJ write a book PogChamp
TVs IN 2K17 LUL
????? LUL
NOCLIPPED PogChamp
thats left bud, i guess everythings backwards in AU Kappa
mousesports picked cobblestone LUL
they were telling him to hurry up in his headset LUL
pretty nice pretty nice pretty nice SeemsGood
5 17 LUL
5:17 LUL
oscar 5 FailFish
OSKAR LUL
BOTSKAR FUNgineer
26 9 :D
130 ADR LUL
7-5 LUL
5-17 4Head
flamie with the time shift play PogChamp
130 ADR PogChamp
5-17 LUL
5:17 :D
DAR FailFish
it seens like pimp has his mouth full of peanuts when he is talking LUL
130 ADR LUL
ADR = DAR LUL
wut 130 LUL
130 adr Kappa
DAR FailFish
DAR?>??? DansGame
DAR LUL
DAR = ADR LUL
RAPGUD LUL
s1mple and 4 bots against 5 expert bots Kappa
10k Viewer in a major final? Cs:go is dead Kappa
130 DAR PogChamp
ADR = D A R LUL
same letters same shiet Jebaited
traps are KappaPride
SELLOUT DansGame
SCAM LUL
SCAM LUL
SELLOUT LUL
MINER LUL
Dar Dar Kappa
Stunna <3
SCAMMSS LUL
S E L L O U T DansGame
SCAMAZ Jebaited
GET FREE STUFF SCAM IN 2017 ? LUL
CHILD GAMBLING LUL
no ? TriHard
another way for women to scam HotPokket
BITCOIN MINERS WutFace
SAFARI MESH Kreygasm
SCAM SCAM LUL
S C A M HeyGuys
OPTIC LUL
SCAM LUL
SCAM DansGame
SILVER TV LUL
OPTIC > FAZE LUL
OPTIC PogChamp
Where is the other guy LUL
GUARDIAN WAS THE PROBLEM LUL
GET FREE STUFF SCAM IN 2017 ? LUL
WHO WOULD BET ON OPTIC LUL
Optic>faze LUL
GAMBLING LUL
safari mesh LUL
SCAM cmonBruh
BOOST YOUR BET PogChamp
safari mesh LUL
"WIN" TriHard
SAFARI M SH DansGame
S C A M FailFish
OPTIC LUL
P90 sand dune Kreygasm
SCAM LUL
SURE LUL
SAFARI MESH LUL
scam LUL
@pyth PogChamp
@pyth BibleThump
Scam LUL
Hi pyth <3
Win SKINS ScaM LUL
IOS C CKED LUL
THIS IS WHY WE'RE LOSING NET NEUTRALITY Kappa
@pyth HeyGuys
@pyth LUL
@pyth <3
safari mesh PogChamp
@pyth <3
AWESOM GAMBLING PogChamp
android WutFace
SCAM LUL
TAKE MY STEAM ACCOUNT LUL
IM GOING TO PLAY PogChamp
@pyth HeyGuys
silver LUL
Not even FN LUL
12 MINUTES ResidentSleeper
100% FREE LUL
@pyth PogChamp
@pyth O HELLO MY MOM <3
@pyth KappaClaus
sixer LUL
HEN1 PogChamp
ASTRO LUL
SPAM THE PUPPA TO MAKE THE ADS SHUT UP FrankerZ
noscopes aren't impressive, they're all luck DansGame
PYTH LEFT WutFace
@shroud LUL
@pyth sup dude PogChamp
ODpixel <3
FrankerZFrankerZ SPAM THE PUPPA TO MAKE THE ADS SHUT UP FrankerZ
SILVER TV LUL
ODPIXEL Kreygasm
APPLE LUL
AUX Kreygasm
AD Kappa
GTChimp GTChimp GTChimp LUL
APPLE LUL
BUDGET FAZE BUDGET ANDERS BUDGET TOURNAMENT IN BUDGET STOCKHOLM LUL
ONEPLUS 5T <3
APPLE LUL
APPLE LUL
NAVI LUL
APPLE BURN LUL
apple LUL
APPLE LUL
headphone jackerino PogChamp
Apple Rekt LUL
BURN LUL
haHAA = IPHONE USER LUL
APPLE LUL
REKT RAZER PHONE LUL
RAP GOD PogChamp
APPLE LUL
HELLO FELLOW KIDS Kappa
APPOPPPPOLE LUL
CRİNGE LUL
BURN LUL
SHOTS FIRED LUL
OMEGA LUL
LEDS MAKES U PRO LUL
p2 PogChamp
APPLE REKT PogChamp
GTChimp GTChimp PogChamp
K95 Kreygasm
Cheap keyboard Kappa
apple LUL
HELLO FELLOW 12 YEAR OLDS haHAA LUL
@s1mple 4Head
10FPS PogChamp
GOLD NOVA PLAY LUL
CLG LUL
RAZER BEST Kappa
DEEZ TriHard
CLG LUL
FAKE LUL
grills DansGame
staged LUL
FAKE REACTIONS LUL
fake reactions LUL
CLG LUL
@fredsify 4Head
hohoho TriHard
FNC LUL
women dont watch cs FailFish
CLG RED LUL
CLG LUL
FNATIC IN 2K17 LUL
FNS LUL
? FNATIC IN 201 LUL
10 minutes until the next game FeelsBadMan WutFace
gamer girls LUL
FNATIC in 2K17 LUL
haha LUL
FNATIC IN 2017 LUL
DROP AWP WutFace
C R I N G E LUL
FNATIC IN 2017 LUL
FNATIC IN 2K17 LUL
FNATIC YEAR THEY SAID LUL
👍 FailFish
Clap TriHard
NO LOLOF NO FNATIC :D
@DreamHackCS ? PogChamp
CSGO IN 2017 LUL
SantaHat TriHard
ohhh cringe LUL
It says "Kappa Pro LEague" LUL
FNC in 2017 LUL
240hz Kreygasm
SCAM LUL
240 hz PogChamp
240HZ PogChamp
NAVI CurseLit
SantaHat IceCold TriHard
240Hz PogChamp
SlyJeremy HSCheers
NORMIE MUSIC DansGame
Not bo5 finals LUL
NA MUSIC LUL
@ssqueak u need to remove the horns first Kappa
NA MUSIC DansGame
PALA DansGame
pala DansGame
SoSnowy PJSalt
YASUO Kappa
GRILL PogChamp
PALA Kreygasm
PAULA HeyGuys
SPAM THIS HAM TO HELP WESTHAM CoolCat
hot grill Kreygasm
pala TriHard
hot foreign GRILL PogChamp
Pala Kreygasm
BUG - ONLINESPORTS LUL
DONT FORGET TO BRUSH YOUR TEETH PJSugar
p250 LUL
Keemstar? DansGame
Friis <3
IBRA TELEPOT PogChamp
HOT FOREIGN GRIL PogChamp
ANOTHER BIG ROUND FOR BIG LUL
g2 LUL
DreamHack TTours
IM HERE JUST TO WATCH SOME PLAYERS KappaPride
g2 LUL
Hellraisers sellouts 4Head
SUPERTEAM LUL
G2 SUPERTEAM LUL
kenny KappaPride
STYKO IN HR AND MOUZ WutFace
GAMBIT LUL
KennyS Kreygasm
OH YEA Kreygasm
G2 LUL
kennyS <3
UNKENNY Kappa
"SUPERTEAM" LUL
KENNYROCKSTAR LUL
MID SLOPE KappaPride
Bot Kenny LUL
touching dat KappaPride
Trusting nerds to crowd surf on LUL
60k major DEAD GAME LUL
ZLATAN PogChamp
kenny FailFish
Tier 2 event LUL
P A L A LUL
GESTURES LUL
Winning tier 2 event LUL
DONT FORGET TO BRUSH YOUR TEETH PJSugar
KOOSTA LUL
KOOSTA LUL
Cold ResidentSleeper
KOOSTA LUL
K O O S T LUL
K S T A LUL
KOOSTA LUL
koosta LUL
Koosta MingLee
Clap PogChamp
SantaHat CoolStoryBob
COLDZERA Kreygasm
SK FANS LUL
WHEN TOURNEY WAS TIER 1 LUL
FNS LUL
CLG LUL
FRED THE FROG LUL
maikelele LUL
Godzera clapping fools like usual ResidentSleeper
NA CS KOOSTA LUL
EZ DEFUSE LUL
KOOSTA LUL
SK <3
CLG EleGiggle
PONY TAIL LUL
clg LUL
LUL' LUL
KOOSTA LUL
Koosta LUL
KOOSTA LUL
Koosteh LUL
THROW LUL
koosta LUL
CLG LUL
NA CS LUL
KOOSTA LUL
KOOSTA LUL
KOOSTA LUL
Full tilt LUL
IceCold LUL
NA CS LUL
NA CS LUL
defoosta LUL
NA LUL
LELELELE LUL
NEVER FORGET LUL
KOOSTA LUL
HAHAHAH LUL
NA CS LUL
NA CS LUL
Na defuse LUL
DEFOOSTA LUL
@JasonGarcia1396 your mom and sucking ;)
Auti PogChamp
BIG LUL
COL LUL
these gestures LUL
NA CS KKona LUL
NA CS LUL
CoL LUL
NA LUL
NA LUL
CoL LUL
AUTIMATIC PogChamp
tim <3
VaultBoy LUL
NA PogChamp
SantaHat PogChamp
silver PogChamp
No pld PogChamp
NA CS LUL
ptr LUL
TIM PogChamp
@iHaveAMasiveDick Inferno <3
nut LUL
I'M KOOSTA I'LL MAKE MY TEAM LOSE MY TEAMMATE HAS A KIT BUT I THINK I'LL DEFUSE MingLee
effects WutFace
TIM PogChamp
I'M KOOSTA I'LL MAKE MY TEAM LOSE MY TEAMMATE HAS A KIT BUT I THINK I'LL DEFUSE MingLee
BIG ResidentSleeper
@shroud HeyGuys
REKT LUL
NINJA PogChamp
what cmonBruh
K O S T A LUL
nexja defuse PogChamp
I'M KOOSTA I'LL MAKE MY TEAM LOSE MY TEAMMATE HAS A KIT BUT I THINK I'LL DEFUSE MingLee
I'M KOOSTA I'LL MAKE MY TEAM LOSE MY TEAMMATE HAS A KIT BUT I THINK I'LL DEFUSE MingLee
the rap gestures LUL
BIG NINJA PLAY LUL
Cant find bomb LUL
ONLINEJ PogChamp
DLC LUL
V C Kappa
MLG LUL
RKO PogChamp
LDLC IN 2017 LUL
LANJ PogChamp
IceCold PogChamp
D C LUL
SPAM THIS HAM TO HELP WESTHAM CoolCat
NA CS LUL
LDLC LUL
I'M KOOSTA I'LL MAKE MY TEAM LOSE MY TEAMMATE HAS A KIT BUT I THINK I'LL DEFUSE MingLee
DONT FORGET TO BRUSH YOUR TEETH PJSugar
Mantrousse <3
Vodafone Sponsor Kappa
2017? LUL
PALA <3
MOUZ ResidentSleeper
ONlanJ PogChamp
LDLC LUL
Ducks DansGame
spunj LUL
62k viewers grand final LUL
7 TriHard
DEADGAMEBTW LUL
CRINGE BabyRage
SPUNJ LUL
C R I N G E LUL
doing it under the desk KappaPride
cya :)
under the table KappaPride
I am 12 and everything is cringe xD LUL
SPunj BrokeBack
kids show LUL
62K GHIS IS A MAJOR BTW LUL
TotinosRing Kippa
b03 LUL
Notch LUL
Budget Anders LUL
haHA so cringe HaHaha im 13 and pretty cool btw these cringers though xD LUL
LIDL ANDERS LUL
BUDGET ANDERS <3
NOTCH LUL
NOTCH NOTCH PunchTrees
atari in 2017 LUL
ECO ANDERS LUL
LIDL ANDERS LUL
#budget caster LUL
Vince = Budget Andres LUL
IceCold PunchTrees
bless god Shroud and DrDisrrespect aren´t streming :D
Budget Anders Kappa
WALLMART ANDERS 4Head
EZ 4 S1mple CoolCat
BATTLE SCARRED ANDERS LUL
@cba_life LUL
budget anders LUL
what type of anders & semmler is this PogChamp
Anders Academy LUL
S1mple smurfing CoolStoryBob
NA-DERS LUL
IceCold BCWarrior
vince>anders stay mad plebs LUL
CROWD ResidentSleeper
IceCold PogChamp
Awportunity LUL
dreamhack should rename themselves to Slapstick Kappa
NA DERS LUL
so cringe it's talking and social interactions so cringe HaHaha LUL
BATTLE SCARRED ANDERS = BEST MEME 4Head
VODAFONE LUL
SNUS LUL
Sunny WutFace
electronic hair LUL
Too EZ for NaVi LUL
64k IN A MAJOR FINAL DEAD GAME LUL
sunny snus Kappa
City Scored LUL
SNUS LUL
SNUS IS GOD POWER LUL
64 viewers in a major final LUL
@F4deros 71k viewers for a tournament with literally Mouz and NaVi as the best teams but "CS IS DEAD 12 BTW haHAA" LUL
flash PogChamp
ez LUL
16-0 16-0 16-0 WutFace
flamie 4Head
@the_ukraine LUL
3 NAVI fans LUL
TIER 4 FINAL LUL
golden test Kappa
> monkaS 4Head
LooooooooL 4Head
GG PogChamp
1Head 2Head 3Head 4Head
TopHat 4Head
Is it possible to get drops here?? Kappa
8Head 4Head
gg LUL
gg after first round confirmed. Kappa
Dead Crowd ResidentSleeper
@siracemcknight Pansy has food poisoning :(
M4 sounds like NERF gun DansGame
S1MPLE ECO S1MPLE ARMED GTChimp PogChamp
16-0 inc LUL
TK LUL
66k DreamHack Grand Final Dead game LUL
TK LUL
TK LUL
TK LUL
@4ycs TRIGGERED MOUZ FAN LUL
TK LUL
MP7 NotLikeThis
STYKO PogChamp
:sweep: LUL
STYKO PogChamp
IceCold LUL
Navi LUL
ECOD LUL
ECOD LUL
Ded game LUL
SoSnowy LUL
pistols balanced LUL
NAVI LUL
f1lame = BibleThump
Mousesports juan deags PogChamp
STYKO PogChamp
?????? LUL
ECO LUL
JUAN DEAG LUL
WALLHACKS LUL
HP LUL
S1MPLE ECO S1MPLE ARMED GTChimp PogChamp
1.6 dgl PogChamp
Pansy is Sick , she moved on to other dead games like Pull the PlugG PogChamp
Sneeze LUL
no save :(
exit kills :D
exit frags ez LUL
Stykosports LUL
Tier 4 Grand Final LUL
TIER 4 FINAL LUL
HE HAD TIME Keepo
Vince Grand final!? PogChamp
WTF TTours
SantaHat TTours
NA PRODUCTIONS LUL
SIMPLE LUL
Clap TTours
HE HAD TIME LUL
ffs TTours
LIBARRY LUL
NA production LUL
WTF DansGame
ONE MORE AND IM OUT LUL
HOW LUL
TIME TO MISS ALL THE ACTION TTours
S1MPLE DIED LUL
flame = BibleThump
f TTours
simple lost that LUL
styko <3
IceCold TTours
NICE CAMERAMAN TTours
s1mp LUL
IceCold TTours
SantaHat TTours
keep cutting to the crowd please TTours
IceCold SantaHat ReinDeer SoSnowy TTours
IceCold Kappa
So he killed simpe, Nice camera DansGame
0rhythm: you dont copy the name when you copy the pasta FailFish
SEND THIS FLAME TO SUPORT NAVI CurseLit
IceCold Kappa
NA OBVERSER TTours
IceCold Kappa
ZEE ZED LUL
SEND THIS FLAME TO SUPORT NAVI CurseLit
0rhythm: you dont copy the name when you copy the pasta FailFish
MY BELLY IS BIG MY BRAIN HAS DELAY YUP U GUESSED IT IM FROM NA 4Head
SEND THIS FLAME TO SUPORT NAVI CurseLit
@Raig0NNN 7 TriHard
thatgus01: 0rhythm: you dont copy the name when you copy the pasta FailFish
SantaHat SoSnowy TTours
He was 100hp LUL
7 TriHard
SEND THIS FLAME TO SUPORT NAVI CurseLit
SEND THIS FLAME TO SUPORT NAVI CurseLit
C Zed LUL
BOT Edward LUL
7 TriHard
s1mp LUL
fail LUL
NAVI 2K17 LUL
ECOD LUL
IceCold SoSnowy ReinDeer SantaHat TTours
EZ LUL
THROW LUL
GOD S1MPLE LUL
MOUZ LUL
S1mple LUL
ECOD LUL
SIMPLE LUL
EZ LUL
navi in 2018 DansGame
NAVI LUL
NA CS cmonBruh
Mouz LUL
ECOED AGAIN LUL
TIER 3 FINAL LUL
MouseBOTS LUL
M U S E S P R T S LUL
What is happening NotLikeThis
EZ simp LUL
ECOD LUL
DreamHack Tier 4 tournament LUL
NAVI ARE BACK PogChamp
ELECTRONIC PogChamp
EZ Clap LUL
CHECK SITE FFS LUL
SIMPLE BETTER THAN COLD? LUL
SantaHat IceCold TriHard
BOXED WATER LUL
DOUBLE LUL
Silver site before plant TTours
strafe WutFace
IceCold SantaHat ReinDeer SoSnowy LUL
Single player teams championships LUL
SantaHat IceCold SantaHat IceCold SantaHat IceCold TriHard
Secret PogChamp
XENOESTROGENS DansGame
AFK LUL
SEND THIS FLAME TO SUPORT NAVI CurseLit
Press 1 is Navi is ugliest team WutFace
he does look like a lesbian LUL
GTChimp > PogChamp
Go Liquid PogChamp
ENZA TriHard
IceCold TriHard
EZ LUL
GO TETAM SECRET! oh wait wrong game Kappa
BERRY BENEFICIAL DansGame
again LUL
SoSnowy Kappa
mouse BabyRage
SEND THIS FLAME TO SUPORT NAVI CurseLit
Clap TriHard
STRANGE SOUND LUL
Na'Vi Best Tier 4 team LUL
IF I SEE ONE MORE I'M OUT LUL
BOT OSKAR LUL
Secret 3-0 liquid PogChamp
ALIENS WutFace
TK LUL
BEEEEP MrDestructoid
TK LUL
TK LUL
TK LUL
stop WutFace
WTF WutFace
monkaS WutFace
SoSnowy WutFace
Edward throwing LUL
IceCold LUL
what is that WutFace
what is that noise WutFace
STOP IT WutFace
BEEEEEEEEEP WutFace
MAKE IT STOP WutFace
GJ EDWARD LUL
ALIENS WutFace
TK LUL
TK LUL
crowd is going insane Kappa
OMG WutFace
make it stop WutFace
UFO LUL
STOP IT! WutFace
I BEG YOU WutFace
bbbeeeeeeepppp WutFace
STOP WutFace
beeeeeep WutFace
EKG EKG LUL
NA SOUND DansGame
IceCold SantaHat ReinDeer SoSnowy WutFace
EU BEEEEEEEEEEP LUL
LETS GO ELECTRONIC MorphinTime
NA SOUND WutFace
STOP WutFace
csgo NotLikeThis
AHHHHHH WutFace
sound? WutFace
bUrself bUrself bUrself WutFace
PLEASE STOP WutFace
THAT NOISE WutFace
STOOPPPP ITTTT! WutFace
BLOWS Kreygasm
ECO AGAIN LUL
titans LUL
IceCold WutFace
NA AUDIO DansGame
REEEEEEEEEEEEEEEEEEEEE WutFace
Sound? WutFace
ROBOTS WILL KILL US WutFace
chokesports LUL
ECO OP LUL
CAMERA LOW ON BATTERY Kappa
EDWARD OLD MAN DYING LUL
SoSnowy BLOW Kreygasm
REEEEEEEEEEEEEEEEEEEE WutFace
sound esp LUL
TITAN BibleThump
SAVE? LUL
BUT WHY WutFace
@Insomniuhh fix the sound stop typing in chat Kappa
edward clutch 4Head
IT'S A THROW LUL
Electronic is making the noise Kappa
nice defuse LUL
// Kappa
// Kappa
S1MPLE ECO S1MPLE ARMED GTChimp PogChamp
EYE WutFace
EKG EKG EKG DEAD MrDestructoid
@istillusekappa LUL
SAVED KappaRoss
A2Horns DarkMode
Spam this Hound to fix the Sound FrankerZ
EU CROWD LUL
dead crowd DansGame
Zeus bait player LUL
FrankerZSpam this Hound FrankerZto fix the Sound FrankerZ
oskar LUL
FrankerZFrankerZ Spam this Hound to fix the Sound FrankerZ
FSpam this Hound to fix the Sound FrankerZ
BOT OSKAR LUL
BOT OSKAR LUL
oSKAR LUL
oskar so tilted LUL
smoke Jebaited
SKAR LUL
oskar LUL
BOTSKAR LUL
baited LUL
Send this Mouse to support Mouz Mau5
Spam this Hound to fix the Sound FrankerZ
no flash LUL
oskar is the true king of banana LUL
i like both teams so dont care who wins :)
oskar on final LUL
Send this Mouse to support Mouz Mau5
-guardian +oskar they said LUL
botscar LUL
ECO FINAL Jebaited
benene area BENENE AREA Kappa
FrankerZFrankerZ Spam this Hound to fix the Sound FrankerZ
Skar MrDestructoid
Dota ResidentSleeper
PEN KILLS PogChamp
s1mp LUL
A PEN LUL
3-2 Kappa
mp7 everywhere PogChamp
Dreamhack LUL
save LUL
edward clutch PogChamp
edward clutch 4Head
clutch 4Head
WE ARE NA'VI WE ARE LAME EVERY TIME WE PLAY WE THROW THE GAME MorphinTime
EU CROWD LUL
edward cluth LUL
ROPZ DansGame
S1MPLE ECO S1MPLE ARMED GTChimp PogChamp
NA SKIN LUL
ropz PogChamp
arms WutFace
Force NotLikeThis
ROPZ ARM LUL
navu navi Clap DendiFace
RIP Face ResidentSleeper
DOTA LUL
Another force LUL
let's see oskar getting rekt again in banana. GO bOtSKAR LUL
GTChimp GTChimp GTChimp LUL
DOTA IN 2017 LUL
DEAD GAME EleGiggle
Send This Cat To Choke Mousesports CoolCat
QUE OTA PogChamp
80k viewers LUL
ROPZ ARM ROPZ ARM ROPZ ARM LUL
ECOD LUL
simple Kreygasm
CS LUL
EZ 4 S1mple CoolCat
AGAIN LUL
OSKAR CLUTCH PogChamp
ECO FINAL LUL
SantaHat IceCold PogChamp
navi pistol > mous full buy LUL
BOTSKAR LUL
TEAM ACE :D
eco 4Head
SoSnowy PJSalt
FLAMIE LUL
IceCold LUL
Team ace PogChamp
S1MPLE MAD LUL
SIMPLE <3
S1MPLE SMILE LUL
Overwatch in 2017 LUL
s1mple LUL
BOTJ LUL
TILTJ LUL
BOTSKAR LUL
TILTED LUL
SoSnowy NotLikeThis
ECOD LUL
LANJ NotLikeThis
Wadu hek WutFace
SantaHat TopHat LUL
Simple PogChamp
MADJ LUL
WE ARE MOUZ WE ARE LAME EVERY TIME WE PLAY WE THROW THE GAME MorphinTime
2:0 what games are on this evening besindes that? LUL
sooka IceCold LUL
onlineJ LUL
Eco tier tournament LUL
GUARDIAN JOING FAZE CLAN CHECK HLTV PogChamp
SEND THIS FLAME TO SUPORT NAVI CurseLit
NAVI IN CSGO NAVI IN DOTA NAVI ARE BACK PogChamp
SEND THIS FLAME TO SUPORT NAVI CurseLit
JW DIED CHECK HLTV BibleThump
He's a Close Tip Top TopCat TopHat CoolCat
IBP UNBANNED HLTV PogChamp
Send this Mouse to support Mouz Mau5
ROPZ ARM ROPZ ARM ROPZ ARM ROPZ ARM LUL
losing to Zeus LUL
DreamHacks NAVI best team in major EleGiggle
SIMPLE BETTER THAN COLDZERA? LUL
Niko was the problem LUL
JW everyday banned check HLTV today too LUL
TopHat BibleThump
FLUSHA VAC BANNED GO CHECK HLTV PogChamp
Ropz only 1 strats LUL
SECRET WON A MAJOR SECRET WON A MAJOR PogChamp
one more OMEGALUL and im out NotLikeThis
JW BANNED LUL
Send this Mouse to support Mouz Mau5
JW banned LUL
IQ 20000 EMOTES NotLikeThis
TIMING LUL
AFK LUL
TopHat LUL
???? LUL
AFK LUL
Looked away LUL
TIMING LUL
AFK LUL
S1MPLE AFK LUL
IDIOT S1MPLE LUL
AFK LUL
LOOKING ON OTHER MONITOR LUL
S1mple Sleeping LUL
BOT SIMPLE LUL
he was looking away LUL
simple sleeping? :D
AFK LUL
looked away LUL
AFK LUL
LMAO AFK LUL
AFK LUL
AFK LUL
AFK LUL
LAG LUL
timing LUL
Feel asleep at the wheel LUL
AFK LUL
AFK LUL
Bot S1mple? LUL
JW VAC BANNED NotLikeThis
AFK LUL
s1mple afk LUL
TopHat LUL
? LUL
THANK YOU SO MUCH KANE LUL
HE WAS LOOKING AWAY LUL
STUPID IDIOT S1MPLE LUL
jesus take the wheel LUL
SUNNY LUL
IceCold LUL
STYKO PogChamp
NAVI NotLikeThis
EDWARD LUL
MARTIN PogChamp
1v3 LUL
NICE PogChamp
WHAAAAT PogChamp
STYKO PogChamp
GOD STYKO PogChamp
SantaHat IceCold SoSnowy Clap PogChamp
GTChimp GTChimp GTChimp GTChimp PogChamp
Clap PogChamp
disgusing DansGame
disgusting DansGame
DISKASTING LUL
SantaHat SoSnowy PogChamp
ty for skins s1mple Kappa
edward LUL
edward OpieOP
s1mple and edward EleGiggle
Thanks to AFK Simple LUL
DISGUSTING HotPokket
tac timeout for simple to change his undies Kappa
TIER 10 FINALS LUL
EU spray PogChamp
S1mple FailFish
mad LUL
the spray LUL
DISGUSTING BabyRage
chrisJ with hair WutFace
too much vodka for edward EleGiggle
s1mple idiot EleGiggle
this major qualifier? Kappa
TopHat BibleThump
Ed Sheeran on NaVi coach DansGame
simple on hltv Kappa
TS LUL
Oskar carry 4Head
Minor> Deramhack LUL
HELLO MOUSESPORTS FAZE HERE HOW MUCH FOR STYKO? 4Head
SPICY CurseLit
SEND THIS FLAME TO SUPORT NAVI CurseLit
s1mple bussy streamsniping? Keepo
PIMPLE MingLee
87k MAJOR FINAL LUL
SEND THIS FLAME TO SUPORT NAVI CurseLit
Rip eye ResidentSleeper
Send this Mouse to support Mouz Mau5
TIER 20 EVENT LUL
Electronic on LAN BibleThump
Mau5Mau5 Send this Mouse to support Mouz Mau5
87k dead game LUL
this guy is really good SeemsGood
eco round? EZ NAVI LUL
SEND THIS FLAME TO SUPORT NAVI CurseLit
Where i find JW banned ? LUL
Send this Mouse to support Mouz Mau5
SEND THIS FLAME TO SUPORT NAVI CurseLit
CHRISJ AK ROPZ GALIL LUL
SPAM THIS ROBOT BCOZ EDWARD IS BOT MrDestructoid
Send this Mouse to support Mouz Mau5
SoSnowy TriHard
ZEE ZED LUL
SUOMI MAINITTU TORILLA TAVATAAN PogChamp
Ehm.. Boom TriHard
JW VaC Ban LUL
Send this Mouse to support Mouz Mau5
BOT ZEUS LUL
WEEABOOS DansGame
mans not hot TriHard
so finnish messages get banned but you let anime through? DansGame
Send this Mouse to support Mouz Mau5
MrDestructoidMrDestructoid SPAM THIS ROBOT BCOZ EDWARD IS BOT MrDestructoid
AFK TEM LUL
ReinDeer VoHiYo
THANKS PURGE SeemsGood
SAVE USP LUL
Weebs SoSnowy TehePelo
GOD ALLU PogChamp
87k viewesr in major final dead game LUL
SoSnowy SantaHat LUL
ONKO TORI JO VARATTU? PogChamp
Clap ANELE
90k final major ded game LUL
SPAM THIS ROBOT BCOZ EDWARD IS BOT MrDestructoid
PRO LUL
2 viewers ded game LUL
dead game LUL
Major LUL
s1mple PogChamp
@Paverix / Kappa
deded LUL
90K VIEWERS LUL
WEEABOOS 4Head
80k viewers at a major final Dead game LUL
2 viewers CS is great again PogChamp
90k in tier2 major is good 4Head
OSKAR GARBAGE LUL
again LUL
GTChimp GTChimp GTChimp PogChamp
VAC LUL
EZ LUL
@rdsw This is not major FailFish
PAINUKAA NYT HELVETTIIN UnSane
DENNA CHAT ÄR NU SVENSKA DatSheffy
SIMPLE QUE OTA PogChamp
OKSAR the Banana God LUL
@MischievousMatt ANELE
DEAD GAME SHROUD SUB BTW LUL
@xxshadingvazxx21 LUL
oskar AngryJack
aBILITY LUL
Nyaa~ OhMyDog
final casters not anders or semmeler LUL
TÄÄÄLLÄ DatSheffy
S1mple so bad always lucky LUL
BOT SIMPLE DatSheffy
MISSES 1 DEAG PPL CALL HIM BOT LUL
bomb A LUL
SPAM THIS ROBOT BCOZ EDWARD IS BOT MrDestructoid
SKYPE IN 2017 LUL
> SKYPE> 2017> LUL
WADU pLS STOP THIS CRINGE KappaPride
mac 10 cmonBruh
timing LUL
timing LUL
TIMING LUL
timing LUL
shroud top 8 LUL
TIMING LUL
TIMING LUL
Send this Mouse to support Mouz Mau5
Mouz top 1 Dead game LUL
TIMING LUL
timing LUL
TIMING LUL
HELEPPO CS DatSheffy
2V2 SAVE LUL
saved the awp PogChamp
lil vert TriHard
SA'VE LUL
SantaHat KappaClaus
Send this Mouse to support Mouz Mau5
2V2 SAVE LUL
EU CS Kreygasm
shower please WutFace
Send this Mouse to support Mouz Mau5. Mau5
so mad LUL
CHOKE LUL
chat LUL
Send this Mouse to support Mouz Mau5
Send this Mouse to support Mouz . Mau5
Clap BrainSlug
Ebolatronic WutFace
mods LUL
Silver Chat LUL
Send this Mouse to support Mouz Mau5
SPAM THIS keepo TO HELP STYKO Keepo
SoSnowy IceCold KappaClaus
NA CS LUL
Rip his setup DansGame
GREASY WutFace
HELEPPO CS DatSheffy
banned again :(
CLOSE AND TIGHT Kreygasm
Send this Mouse to support Mouz Mau5. Mau5
eblola banned LUL
600 seconds ban LUL
electronic russian grease DansGame
Send this Mouse to support Mouz . Mau5
oskar initmidated by s1mple Kreygasm
Close and Tight Kappa
@mihair3d 90k in grand final LUL
NATUS CHOKERE <3
Send this Mouse to support Mouz Mau5
chat is moving too fast for anyone to read that I'm for Electronic KappaPride
FAILED PYRAMID LUL
zues LUL
Zeus LUL
bot zeus LUL
zeus LUL
JUMP LUL
zeus LUL
ZEUS LUL
NAVI LUL
Send this Mouse to support Mouz . Mau5
zes PogChamp
ZUEEESS LUL
edward again LUL
what reck LUL
ZEUS LUL
still on B LUL
EDWARD LAST ALIVE AGAIN LUL
zeus LUL
OnlineJ LUL
the lone wolf BibleThump
ZEUS LUL
BOT ZEUS LUL
EDWARD = HAPPY LUL
lets do edward clutch it LUL
NAVI IN 2k17 LUL
still on b LUL
edWARD LUL
NAVI IS BACK LUL
Edward is like: "B CLEAR!" good call Ed! LUL
Always Edward being alone BibleThump
DEM BAITING SKILLS LUL
not edwards fault... hes B anchor FailFish
BOMB IS PLANTED LUL
COLT PogChamp
Thats why old NaVi kicked Zeus LUL
90K VIEWERS AND NO SPAM? TriHard
MOUSESPORTS AVOIDING THE SITE WHICH EDWARD'S ON LUL
2k17 Major Final Dead game LUL
C H A T LUL
Clap TriHard
7 TriHard
Navi A hold LUL
7 TriHard
7 TriHard
Send this Mouse to support Mouz . Mau5
7 TriHard
7 TriHard
7 TriHard
completely white ? cmonBruh
chat? cmonBruh
Clap TriHard
@Insomniuhh Thanks :D
7 TriHard
7 TriHard
Eco round? Mouz gg 4Head
Clap TriHard
DEAD GAME SHROUD SUB BTW LUL
Spam this Hound to fix the Sound FrankerZ
CHAT cmonBruh
7 TriHard
7 TriHard
7 overthrow TriHard
What thay are drinking ? LUL
@LuxorMaker Kappa
RAge 4Head
CHAT cmonBruh
CHAT BEHAVE cmonBruh
Major final 9140000 viewers. Dead Game 4Head
CHAT U OK? cmonBruh
snag Clap TriHard
Chat, Check Yourself cmonBruh
PIZZA FACE LUL
I saw those cmonBruh
NA CS LUL
STAPH IT NOW cmonBruh
What's on his eye monniPride KappaPride
ZEUS GOD 4Head
Major joke in 2k17 LUL
DONT 7 CHAT cmonBruh
uh oh TriHard
7 TriHard
s1mple = p1zza LUL
@Paverix / TriHard
CHAT WTF cmonBruh
Ropz got hair gel on his eye LUL
CHAT, BEHAVE cmonBruh
Zeus getting roasted by his team EleGiggle
2 NA TEAMS IN MAJOR FINALS CRY EU NA NUMBA 1 2 NA TEAMS IN MAJOR FINALS CRY EU NA NUMBA 1 LUL
7 TriHard
behind simple KappaPride
Wait EU is out? EleGiggle
@raine881 but not 1 NA player all EU rofl LUL
G2A in 2017 LUL
zelLeft zelRight PunchTrees
You have been gifted the Golden Kappa! imGlitch
Forcus vincere MingLee
EU CROWD LUL
SantaHat MingLee
LuL LuL LuL LUL
Edward LUL
AFK BTW LUL
IceCold IceCold ANELE
Saving LUL
kick botward and bot zeus LUL
@raine881 Edward level bait Jebaited
Babe deliver again LUL
REKT LUL
put zeus and edward on b worst idia LUL
GTChimp > PogChamp
So gud LUL
tier 3 casters LUL
Edward AK Electronic CZ LUL
he heard him LUL
SK and Mouz, best German orgs without Germans player LUL
REKT BANDERA LUL
@TrevorL_TV LUL
Flamie making too much sound FailFish
SA'VE LUL
holes KappaPride
@azee03 silver player LUL
SHUT UP YOU SILVERS "VAC" ,.... idiot low skill players LUL
Greasy Electronic LUL
U HAVE TO DEFUSE THE BOMB NOT LET IT EXPLODE LUL
GODZICLE PogChamp
SAVE LUL
Na'vi in 2017 LUL
S1MPLE NOT TOP FRAGGING DansGame
eu crowd LUL
electronic get a bath you fucking grease ball LUL
electronic hair EZ SantaHat SoSnowy Clap SoSnowy :D
S1mple LUL
simple in 2017 LUL
SoSnowy ITS NOT SNOW Jebaited
Zeus practice shooting Edward LUL
0 damage nade :D
CROWD CHAT ResidentSleeper
ANY 7 TriHard
biased casters LUL
7 TriHard
Dead Crowd ResidentSleeper
NOT EVEN 1G chat FailFish
2 TEAMS TIER 2 FINAL MAJOR RIP GAME LUL
7 TriHard
we out here 7 TriHard
Chat full of dead MEMES ResidentSleeper
0.14g LUL
X-God Kreygasm
X GOD Kreygasm
Chat think that was 1g FailFish
XGOD Kreygasm
NAVI LUL
bad LUL
NAVI IN 2017 LUL
RIP LUL
NATUS CHOKERE INC <3
electronic NA aim LUL
ELECTRONIC MAD LUL
NAVI LUL
edward LUL
X GOD ? cmonBruh
dead memes dead game ResidentSleeper
NA'VI LUL
EDWARD LUL
EZ EZ EZ EZ LUL
NAVI LUL
NAVI U OK? LUL
Send this Mouse to support Mouz . Mau5
ZEUS = TRASH SILVER = JACOB Kappa
ALWAYS EDWARD LUL
electronic, sell those gloves and get a decent shower, bath and haircust seriously wtf! LUL
SEND THIS FLAME TO SUPORT NAVI CurseLit
edward SMOrc
EDWARD LUL
CromosoNic WutFace
saveward LUL
Edward always late to the party Kappa
NAVI PICKED INFERNO LUL
EDWARD LUL
NAVI LUL
edward best clutcher 2k17 LUL
2 TEAMS TIER 2 FINAL MAJOR RIP GAME LUL
NAVI IN 2017 LUL
EDWARD LUL
zeus LUL
ITS A SITE EDWARD LUL
92K MAJOR CS GO IS Dead WutFace
edward LUL
edward save LUL
EDWARD LUL
EDWARD Jebaited
IceCold LUL
edward was like cmonBruh
edward still afk PogChamp
Edward -20 IQ LUL
BADWARD LUL
Zeus LUL
"B CLEAR" - EDWARD SMOrc
Saveward LUL
SPOILER BibleThump
EDWARD once again LUL
WILSON BibleThump
Edward Zeus LUL
Wilson BibleThump
savedward LUL
SAVEWARD LUL
DEUTLAND LUL
Edward again on b LUL
CARRYWARD LUL
4 on bombsite no kills LUL
SEND THIS FLAME TO SUPORT NAVI CurseLit
Edward again. B CLEAR GUYS! LUL
"B CLEAR" - EDWARD LUL
WILSOOOOON BibleThump
SAVEWARD LUL
NA CHAT LUL
SADWARD LUL
92K VIEWERS MAJOR CS GO IS Dead WutFace
"B CLEAR" LUL
WILSON BibleThump
WILSONNNNN BibleThump
wilson BibleThump
Remember 2014, when finals had 1 Million Viewsers? I Member BibleThump
SAVEDWARD LUL
SEND THIS FLAME TO SUPORT NAVI CurseLit
WLSON BibleThump
Navi organisation, leave cs :)
Edward cmonBruh
na'vi are clearly throwing this game they dominated the first one , simple not even trying LUL
Edward save again ResidentSleeper
BANDERA CSGO LUL
92K VIEWERS FOR A MAJOR DEAD GAME LUL
wilson where are you BibleThump
WILSON BibleThump
deja vu LUL
Wilson BibleThump
CurseLitCurseLit SEND THIS FLAME TO SUPORT NAVI CurseLit
NATUS CHOKERE <3
SoSnowy IceCold LUL
"B IS CLEAR" - EDWARD LUL
ZEUS LUL
4A LUL
Edward best save player LUL
Lone survivor BibleThump
92K VIEWERS FOR A MAJOR DEAD GAME.. LUL
CromosoNic WutFace
Poor little guy BibleThump
STYKO LUL
electronic BOT LUL
Edward - bomb went off LUL
SEND THIS FLAME TO SUPORT NAVI CurseLit
SENDING THIS FLAME TO SUPPORT IS LAME CurseLit
Weekend Silver Championships EleGiggle
92K VIEWERS FOR A MAJOR DEAD GAME LUL
2 TEAMS TIER 2 FINAL MAJOR RIP GAME LUL
Save electronic once again PogChamp
Navi need dendi DendiFace
STYKO PogChamp
MAN B()()BS LUL
SEND THIS FLAME TO SUPORT NAVI CurseLit
Send this Mouse to support Mouz Mau5
ELECTRONIC ADDIES WEARING OFF LUL
SPAM THIS Na'Zi TO HELP Na'vi DatSheffy
CIS HAIR LUL
IN 2K17 LUL
CromosoNic . WutFace
SILVER > ZEUS LUL
GO NATUS CHOKERE <3
Na'Vi: LET'S VOTE TO KICK THE SLACKER EDWARD ON "B" :D
Zeus score LUL
IceCold LUL
So Snowy BibleThump
DEAD GAME MEME IS DEAD LUL
FreeS1mple FreeS1mple BibleThump
navi is back DendiFace
SoSnowy BibleThump
SAUSAGE PogChamp
SPAM THIS Na'Zi TO HELP Na'vi DatSheffy
disgusting electronic, euuu DansGame
The Sausage Kreygasm
LuL > LUL
MEME KIDS :)
big sausage PogChamp
gave the sausage KappaPride
LuL > LUL
sausage Kreygasm
FreeS1mple FreeS1mple FreeS1mple BibleThump
gave the sausage LUL
SAUSGE Kreygasm
IceCold IceCold:pick: I GOT U BRO cmonBruh
Na'Vi without Guardian LUL
GAVE THE SAUSAGE LUL
Old NaVi would kick BOT Zeus LUL
EUCS DansGame
NaVi losing cuz NA in their name LUL
Send this Mouse to support Mouz Mau5
Der Trainer von NAVi: richtiger Holzrusse :)
sausage KappaPride
SoSnowy BibleThump
SPAM KAPPACLAUS TO HELP MOUZ KappaClaus
> LuL LUL
@Hrce actually 1 mill live viewers you idiot , it;s not just on twtich , your brain is dead ... idiot FailFish
DROOLING SAUSAGE FeelsGoodMan Kreygasm
Not a 1G BabyRage
NOT A 1G BabyRage
IceCold AngryJack
SPAM THE FLAME TO HELP FLAMIE CurseLit
Not 1G BabyRage
Only Normies use instead of LuL LUL
1g CurseLit
> LuL LUL
NOT A 1G CHAT SO STUPID FailFish
ITS NOT 1G LUL
93K VIEWERS FOR A MAJOR DEAD GAME LUL
NOT A 1G BabyRage
NOT 1 G BabyRage
NA'VI CT SIDE NA'VI TR SIDE Pogchamp LUL
NOT A 1 G BabyRage
NOT A 1G POLICE BabyRage
1g AGAIN LUL
>>>>>>>>>LuL LUL
1Gs LUL
NOT 1G BabyRage
2G LUL
NOT 1G LUL
100% CONFIRMED 1G PogChamp
2G LUL
@zezzleCS 1g police hyphREE BabyRage
Seriously Electronic. I have to wipe off my monitor with a tissue everytime you've been on. Wash your goddamn hair dude! LUL
2g LUL
hahahahaha LUL
2g LUL
2G LUL
ONLINE J LUL
Edward LUL
2G LUL
Flaming team LUL
2G LUL
2G LUL
100% CONFIRMED 1G , PogChamp
zeus 4k next round LUL
CurseLitCurseLit SEND THIS FLAME TO SUPPORT NAVI CurseLit
NOT A 2G BabyRage
flashed himself LUL
NOT A IG DUM DUMS TriHard
NICE FLASH LUL
NOT A 1G FailFish
Not a 1g BabyRage
NA FLASH LUL
s1mple just jumoing casually into the site PogChamp
NOT A 2G NOT A 2G NOT A 2G BabyRage
SEND THIS FLAME TO SUPORT NAVI CurseLit
He Flash himself LUL
STYKO LUL
SPAM THIS FLAME TO HELP THE UKRAINE CurseLit
NEW MEME LUL
not a 1g BabyRage
ESPORTS LUL
STYKO LUL
I DON'T EVEN KNO WHAT 2G IS BUTTHIS ISN'T IT MOMMY BabyRage
ZEUS GOT A KILL PogChamp
E TRONIC LUL
SantaHat TriHard
NAVI T O G G L E D 4Head
NOT A 2G BabyRage
Should have doublelifted with that flash PogChamp
ZEUS KILL PogChamp
5x1 LUL
Zeus got a kill PogChamp
STAPH cmonBruh
SEND THIS FLAME TO SUPPORT NAVI CurseLit
took his awp LUL
100% CONFIRMED 1G PogChamp
NATUS CHOKERE <3
CROWD PogChamp
SKIN LUL
skin Kappa
1G POLICE HERE REAL 1G DatSheffy
NS Crowd DansGame
EU CROWD LUL
// Kappa
ZEUS GOD PogChamp
Not a 2G friggin plebs FailFish
@dystroyka LUL
NA Crowd DansGame
CROWD IS BACK PogChamp
in chat bois PogChamp
crowd = 1 drunk chick LUL
> BasedGod IceCold :pick: I GOT U BRO cmonBruh
nade WutFace
IceCold :pick: I GOT U BRO cmonBruh
YOU GOT WHAT BROH ? cmonBruh
SILVER CHAT > ZEUS Kappa
EU CROWD DISBAND LUL
DONT SPAM 1g IF YOU DONT KNOW FailFish
SlyJeremy GTChimp TwitchVotes
NOW THE CROW CHEERS LUL
SICK CROWD!!! EleGiggle
PARKOUR LUL
IceCold SoSnowy LUL
IceCold IceColdBetterTTV Global Emotes :pick: I GOT U BRO cmonBruh
100% CONFIRMED 1G PogChamp
choke for 3 map , 16-0 on mirage <3
? cmonBruh
CHAT SPAM TriHard
2 TEAMS TIER 2 FINAL MAJOR RIP GAME LUL
ROPZ BICEPS PogChamp
electronic ResidentSleeper
Crowd as bad as Zeus LUL
HOW DO YOU RUN AFTER GETTING HIT IN THE LEG FROM AK DansGame
7 TriHard
Chat cmonBruh
IceCold :pick: I GOT U BRO cmonBruh
ZEUS THINKS VODKA = WATER LUL
\ / TriHard
/ TriHard
btw theres over 1 million people watching over all platforms , it ain't just on twitch , idiots LUL
CHAT BEHAVE cmonBruh
FEED ROBZ WutFace
92.5K MAJOR PogChamp
IceCold :pick: I GOT YOU BRO cmonBruh
IceCold TriHard
@arttueel suami PogChamp
7 TriHard
electronic = ResidentSleeper
7 TriHard
Trihard IceCold :pick: I GOT YOU BRO cmonBruh
ZEUS LUL
MOUSESPORTS WILL LOSE Kappa
IceCold Kappa
100k VIEWERS PogChamp
IceCold Pick CmonBruh TriHard
IceCold :pick: I GOT U BRO . cmonBruh
IceCold :pick: I GOT U BRO cmonBruh
electronic = XD ResidentSleeper
flamie PogChamp
CROWD LUL
Aim LUL
WOOOOOOOO PogChamp
GTChimp GTChimp GTChimp WutFace
FLAMIE AWP PogChamp
FLAMIE AWP PogChamp
TriHead IceCold :pick: I GOT U BRO cmonBruh
FLAMIE AWP PogChamp
Bad Crowd DansGame
electronc ResidentSleeper
// Kappa
IceCold :pick: GOTCHA BRO cmonBruh
electronddic = ResidentSleeper
100% CONFIRMED 1G PogChamp
spray LUL
WOOOOOOO SwiftRage
ONLY ZEUS DIES LUL
NaVi <3
FLAMIE Kreygasm
IceCold TriHard
// Kappa
SPAM THIS LOUD TO HELP HYPE THE CROWD SwiftRage
SEND THIS FLAME TO SUPPORT NAVI CurseLit
PIXELWALK LUL
NOT EVEN 100K VIEWERS DEAD GAME LUL
What up s7 TriHard
92K VIEWERS FOR A MAJOR DEAD GAME. LUL
FLAM1E > Guardian PogChamp
@Kaekael eu has better spray than NA , shroud isn;t even NA he;s canada LUL
DADUPINE = ZEUS FANBOY LUL
Clap PogChamp
WHAT? PogChamp
flamie PogChamp
THAT FLICK PogChamp
RUSH A LUL
Send this Mouse to support Mouz Mau5
SEND THIS FLAME TO SUPPORT NAVI CurseLit
gh PogChamp
flamie top 1 world :D
HE'S AN AWPER PogChamp
FLAMIE GOD PogChamp
Clap PogChamp
SEND THIS FLAME TO SUPPORT NAVI CurseLit
flamie PogChamp
GUARDIAN PogChamp
69 Kreygasm
FLAMIE PogChamp
Send this Mouse to support Mouz . Mau5
3 BACK TO BACK PogChamp
GRILL VOICE Kreygasm
RUSH A NO STOP LUL
6-9 KappaPride
s1mple awp ?? NO NO flamie awp LUL
FLAMIE PogChamp
What is the dead game? LUL
FLAMIE IS ON FIRE Kappa
SEND THIS FLAME TO SUPPORT NAVI CurseLit
SIMPLES DAD LUL
FLAMIE MAIN AWP PogChamp
WOOOOOOOOOOOOOOOOOOOOOOOOOOOOO PogChamp
flamieS Clap PogChamp
SPAM KAPPACLAUS TO HELP MOUZ KappaClaus
Flame PogChamp
just a fast drag LUL
SEND THIS FLAME TO SUPPORT NAVI CurseLit
Send this Mouse to support Mouz . Mau5
69 Kreygasm
ZEUS MAKING THIS HARD LUL
HOW TO THROW FT. MOUSEPSORTS PogChamp
Flamie CurseLit
FLAMIE > GUARDIÁN SeemsGood
SPAM KAPPACLAUS TO HELP MOUZ KappaClaus
6-9 KappaPride
69 LUL
IceCold CurseLit
Send this Mouse to support Mouz Mau5
GOGO NATUS CHOKERE <3
Send this Mouse to support Mouz . Mau5
cmon mouz KappaClaus
f l a m i e CurseLit
zzzz SEND THIS FLAME TO SUPORT NAVI CurseLit
SPAM KAPPACLAUS TO HELP MOUZ KappaClaus
S1MPLE PLAYING ON FLAMIE'S ACCOUNT LUL
69 PogChamp
SPAM KAPPACLAUS TO HELP MOUZ KappaClaus
SPAM THIS FLAME TO HELP FLAMIE CurseLit
SEND THIS TO HELP NAVI CurseLit
OMEGALUL LUL
G U I T A R H E R O KappaClaus
Styko 4Head
94K VIEWERS FOR A MAJOR DEAD GAME LUL
SantaHat IceCold SoSnowy KappaClaus
ropz WutFace
Send this Mouse to support Mouz Mau5
92K VIEWERS FOR A MAJOR DEAD GAME.. LUL
SPAM THIS FLAME TO HELP FLAMIE CurseLit
navi hoddie :D
Spam Couch to support Mouz Kappa
DreamHack ResidentSleeper
Send this Mouse to support Mouz . Mau5
ropz ghost WutFace
Spam Couch to support Mouz lol Kappa
DED GAME JOKES LUL
ONLY 2 TEAMS IN FINAL OMG CSGO SO DEAD LUL
SEND THIS FLAME TO SUPORT NAVI CurseLit
LuL > LUL
93K VIEWERS FOR A MAJOR DEAD GAME LUL
SEND THIS FLAME TO SUPORT NAVI CurseLit
NAVI MorphinTime
omg Jebaited
STYKO LUL
SEND THIS FLAME TO SUPORT NAVI CurseLit
CIS STRAT LUL
G U I T A R H E R O KappacCäaus KappaClaus
ROPZ AFK LUL
ropz LUL
finals o_O
Double Jebaited
A CLEAR LUL
tming LUL
200k viewsers DEAD GAME LUL
EU CS LUL
SoSnowy Jebaited
2000 IQ PogChamp
BOTZ LUL
EU Start PogChamp
FAKED LUL
EZ PLANT LUL
Double Jebaited
SPAM THIS CLAUS TO HELP MOUZ KappaClaus
strat SeemsGood
NaVi pistols PogChamp
botscar LUL
better save mouz LUL
BM LUL
KNIFED LUL
CSGOD LUL
BM LUL
LMAOOO PogChamp
simple PogChamp
S1mple!!!!!!!!!! LUL
s1nple LUL
WHERE THE PIMP SUBS AT pimpHype pimpPIMP pimpSub pimpDog <3
S1MPLE KNIFE MASTER LUL
DISRESPECT LUL
BM LUL
h1tler WutFace
+3k LUL
SIMPLE PLAY LUL
U MAD? LUL
EZ 4 S1mple CoolCat
ARE YOU MAD PogChamp
OMFG LUL
GOD BLESS S1MPLE LUL
GoHam CrreamAwk
U MAD BRUH? 4Head
ARE YOU MAD LUL
S1MPLE LUL
GERMAN FANS MAD LUL
rekt LUL
SPAM KAPPACLAUS TO HELP MOUZ KappaClaus
s1mple LUL
mad LUL
CHOKE SPORTS IS BACK LUL
PRONAX LUL
PRONAX LUL
u mad TriHard
KNIFE HUMILIATION LUL
PRONAX BibleThump
PRONAX LUL
PRONAX LUL
PRONAX LUL
pronax Age BibleThump
Zeus LUL
ZEUS PLAYING WITH 1 HAND LUL
pronax LUL
USP KEVLAR LUL
PRONAX LUL
AHAHAHHHA CHRISJ USP MEGA ARMOR LUL
FNATIC WITH PRONAX BibleThump
ARE YOU MAD? PogChamp
BOI PowerUpR
kevlar usp LUL
CHOKE SPORTS IS BACK LUL
USPJ LUL
usp + armor LUL
if you miss Pronax VoteYea
USP KEVLAR LUL
> GTChimpGTChimp > MayDay PogChamp
CHAT MAD LUL
WHERE THE PIMP SUBS AT pimpHype pimpPIMP pimpSub pimpDog <3
USP KEVLAR RUSH B BLYET LUL
armor-sJ MingLee
!!! TriHard
MAC10 ZEUS PogChamp
OMG WORST MAJOR EVER FailFish
> GTChimp > MayDay PogChamp
u mad ? cuz im nawt TriHard
Navi you have to plant bomb LUL
@KKartel BibleThump
ROPZ LUL
57 LUL
SPAM THIS TRIHARD TO HELP EDWARD TriHard
oskar LUCKY TRASH <3
Curse CurseLit
Ad 1/15 Kappa
GODSKAR LUL
VACskar PogChamp
@Eazinho LUL
Turned On Kreygasm
to not get turned on Kappa
HAIR Kreygasm
Turned On KappaPride
TURNED ON KappaPride
GODTRONIC PogChamp
WIN KappaPride
GODTRONIC PogChamp
GODTRONIC PogChamp
SEND THIS FLAME TO SUPPORT NAVI CurseLit
ZEUS SHOTCALLS PogChamp
CHOKE SPORTS IS BACK LUL
20-8 PogChamp
apex syndrome LUL
GODTRONIC PogChamp
electronic 1 v 2 no prob PogChamp
Ez PogChamp
20-8 PogChamp
SPAM KAPPACLAUS TO HELP MOUZ KappaClaus
Godtronic PogChamp
GOD MrDestructoid
@mrbastek87 only the best player in the world in the final ,, you idiots FailFish
aliens DansGame
nail biting WutFace
CHOKESPORTS PogChamp
uglykidtronic LUL
mous choking LUL
Zeus getting carried LUL
ELECTROVAC Kreygasm
BEST MAJOR Kappa
PIMPLE FACE WutFace
greasy hair WutFace
god plays Kappa
deleting cmon bruh emote? :(
One lonely warrior fighting the meme war LUL
CHAT HAS NEVER PLAYED INFERNO NO SUPRISE :D
This is a major?? LUL
ECO FRAG PogChamp
SEND THIS FLAME TO SUPORT NAVI CurseLit
Mousesport <3
ZEUS NOT HEAVY ENOUGH LUL
\ IceCold TriHard
Bromance KappaPride
TILTED LUL
SPAM THIS BOT TO HELP ELECTRONIC MrDestructoid
Tier 2 cs LUL
95K VIEWERS FOR A MAJOR DEAD GAME LUL
electronic pay raise PogChamp
SEND THIS FLAME TO SUPORT NAVI CurseLit
@shroud hi shroud :)
ropz EyeCancer WutFace
95k VIEWERS MAJOR FINAL DEAD GAME LUL
Inferno music = :)
MISS LUL
when does big play? EleGiggle
GOLDEN Check TriHard
WORST MAJOR EVER FailFish
tolf you navi threw a few rounds to make it look like it was interesting LUL
NA AIM LUL
missed pot LUL
Wooooooooooooooooooooooo DansGame
missed pot LUL
R U MAD LUL
plant BibleThump
Doesn't like pots Kappa
BO3 GRAND FINAL LUL
BOTJ LUL
powercouple KappaPride
ZEUS DEAD LUL
Carrytronic PogChamp
SantaHat KappaPride
96K VIEWERS FOR A MAJOR DEAD GAME LUL
IceCold PogChamp
GOLDEN CHECK TehePelo
93K VIEWERS AND NO 7 SPAM? PunchTrees
SUnny baiting LUL
@shroud PogChamp
BLOCKED LUL
OSKAR TK LUL
Oskar LUL
TK LUL
SUNNY??? LUL
WTF LUL
TK LUL
EZ Assist LUL
TK LUL
SHALL NOT PASS LUL
LMAO LUL
50 lq play LUL
1IQ PLAY LUL
NA GAMESENSE LUL
Tk LUL
THAT NADE LUL
LuL IceCold LUL
@Perm yeah haha pimpHype pimpSub pimpPIMP :D
SUNNY DOWNSYNDROME LUL
NA'VI WINNING A 4V5 LUL
TRUMP WALL ON CSGO LUL
NICE MAJOR LUL
NICE NADE LUL
TILTED LUL
cmon BabyRage
? ANELE
THROWSPORTS FailFish
chokesports 4Head
VACLECTRONIC Kreygasm
zeus happy as f LUL
80k viewers at major final, dead game LUL
SHROUD SUB IM OUT LUL
TILTED LUL
Clap ANELE
7 TriHard
ZEUS CAN JUST AFK LUL
sports NotLikeThis
TILT LUL
NOT LIKE THIS LUL
TILTED LUL
that im dead inside smile of crhis LUL
LMBT LUL
ReinDeer CandyCane SantaHat TriHard
navi threw rounds to make it look like mouse had a chance LLUL LUL
? ANELE
kane playing for zeus Kappa
chris J being toxic LUL
SantaHat WEEB SantaHat MODE SantaHat ACTIVATED SantaHat TehePelo
DEAD MEME DEAD GAME LUL
Zeus getting carried LUL
KEEV LUL
CAN ZEUS GET A KILL? LUL
? ANELE
SPAM KAPPACLAUS TO HELP MOUZ KappaClaus
keevg roasted LUL
Zeus 5 kills Electronic 25 :D
navi navi navi Clap DendiFace
PSA Announcement = public service announcement announcement SeemsGood
NO BUG NO BIG 4Head
SPAM KAPPACLAUS TO HELP MOUZ KappaClaus
SPAM KAPPACLAUS TO HELP MOUZ KappaClaus
KappaClausSPAM KappaClausKAPPACLAUS KappaClausTO HELP KappaClausMOUZ KappaClaus
ZEUS 1 KILL/4 ROUNDS WHEN WINNING LUL
ReinDeer TriHard
SPAM KAPPACLAUS TO HELP MOUZ KappaClaus
major final LUL
SPAM KAPPACLAUS TO HELP NAVI KappaClaus
KappaClausSPAM KappaClausKAPPACLAUS KappaClausTO HELP KappaClausMOUZ KappaClaus
Major final only 100k? Kappa
MAJOR FINAL 90K VIEWERS LUL
MODS LUL
SPAM KAPPACLAUS TO HELP NAVI KappaClaus
KappaClausSPAM KappaClausKAPPACLAUS KappaClausTO HELP KappaClausMOUZ KappaClaus
CandyCane TriHard
ZEUS GO FIRST BOI LUL
greedy NotLikeThis
chat? cmonBruh
running into a headshot LUL
OSKAR PogChamp
GTChimp PogChamp
BIGGEST GAME OF THE YEAR 100 VIEWERS DEAD GAME LUL
SPAM KAPPACLAUS TO HELP MOUZ KappaClaus
SPAM KAPPACLAUS TO HELP MOUZ KappaClaus
SantaHat TriHard
? ANELE
? TriHard
Some people actually wondering if it's a Major FailFish
hello gambit zeus here im in finals where are u? 4Head
> ALL KappaPride
ZEUS = WALKING CORPSE LUL
Edward LUL
SPAM KAPPACLAUS TO HELP MOUZ KappaClaus
no luck only skillz Kappa
ReinDeer TriHard
SPAM KAPPACLAUS TO HELP MOUZ KappaClaus
Clap ANELE
KappaClausKappaClaus SPAM KAPPACLAUS TO HELP MOUZ KappaClaus
Clap ANELE
Clap ANELE
4 HP LUL
GODWARD PogChamp
ECO FRAGS LUL
Clap bois ANELE
SPAM KAPPACLAUS TO HELP MOUZ KappaClaus
GTChimp PogChamp
Nice B)
GODWARD PogChamp
HELP FROM ZEUS PogChamp
KING OF SPRAY PogChamp
Edward? LUL
NOT EVEN 100K VIEWERS MAJOR FINAL LUL
Clap ANELE
SPAM KAPPACLAUS TO HELP MOUZ KappaClaus
Cla[ ANELE
Clap ANELE
1.6 PogChamp
Clap ANELE
Clap ANELE
Clap ANELE
Edward actually does something LUL
vs pistols best bra Kreygasm
Clap ANELE
IceCold ANELE
MIRAGE ResidentSleeper
navi tryharders with tier 3 teams,Think they are good again 4Head
NAVI NOT LOSING TO PISTOLS PogChamp
?? WutFace
Clap ANELE
why 1.6??? :o
wtf WutFace
"couple of rounds" LUL
monkaS WutFace
alien transmission WutFace
SantaHat ANELE
Clap ANELE
Why no Nuke DansGame
??? WutFace
Waterfall WutFace
WATERFALL WutFace
ZEUS CELEBRATED EARLY AFTER THE NV WIN LUL
PHOON LUL
Whats that sound WutFace
EU MOVEMENT PogChamp
EMO LUL
PHOON PogChamp
Phoon the myth PogChamp
Photon PogChamp
ZEUS JUST GO IN AND SCOUT LUL
ReinDeer TriHard
SPEED DEMON PogChamp
97k viewers LUL
CandyCane TriHard
IceCold ANELE
Clap ANELE
SantaHat TriHard
OnlineJ REKT LUL
VAC BabyRage
send him on Vacation :)
still 0 round on ct side EleGiggle
EZ 4 S1mple CoolCat
Iceblock counter to IceCold ANELE
97K ON A MAJOR FINAL 4Head
sunny LUL
what kind of ears do you HAVE, S1mple? LUL
GUYS ANELE
EZ 4 S1mple bro CoolCat
Hacks 4Head
MOUZ LUL
WHO WANTS TO WATCH A MONTAGE ABOUT SOME KID CALLED CHRISJ LUL
safesports FailFish
MOUTH SPORTS MingLee
FLAMIE LUL
mouz on B LUL
ReinDeer TriHard
5-15 ZEUS LUL
5 LUL
POP-HE instead of Popflash LUL
ELECTRONIC Kreygasm
9-3 > 9-12 LUL
gg ez LUL
25-8 PogChamp
IceCold Clap ANELE
Blatant hacking BabyRage
SoSnowy ANELE
25/8 LUL
5-15 LUL
5-15 WutFace
ZEUS LUL
16-9 LUL
ZEUS LUL
ReinDeer PogChamp
Zeus 5-15 LUL
. ANELE
5/15 LUL
25-8 PogChamp
25-8 TheIlluminati
25-8 LUL
Clap ANELE
LanJ LUL
Zeus major winner xDDDDD Kappa
Savesports PogChamp
5/15 LUL
GODTRONIC CARRY PogChamp
ZEUS 5/15 LUL
SantaHat ANELE
Zeus 5-15 LUL
Zues 5 - 2 LUL
gooo navi <3
KICK ZEUS ALREADY ResidentSleeper
destroying that a hole KappaPride
25-0-8 PogChamp
ropz position MayDay FailFish
ZEUS SMURFING LUL
Clap ANELE
Destroying the A-Hole? KappaPride
100 k viewers in major dead game LUL
LANTRONIC PogChamp
zeus 5/15 LUL
VAC Kappa
Zeus always getting carried LUL
Clap clap clap Kappa
-ZEUS +HIKO PogChamp
Through the Smoke Kreygasm
VAC LUL
MayDay ANELE
IceCold Kappa
VAC PogChamp
SPAM KAPPACLAUS TO HELP MOUZ KappaClaus
NOT A VAC NOT A VAC BabyRage
-ZEUS +FLOM PogChamp
comback LUL
DAN M // Kappa
MOM S1MPLE IS CHEATING BabyRage
ZEUS CANT EVEN THROW AND LOSE LUL
MAJOR GRANDFINAL 100k VIEWERS DEAD GAME LUL
TWITCH SO LAGGY AF DansGame
3-9 12-9 LUL
SantaHat SoSnowy Clap SoSnowy TriHard
100k views in Final Major LUL
-WENGER +ZEUS PogChamp
SantaHat TriHard
MAJOR 100K VIEWERS LUL
Electronics Hair LUL
WENGER LUL
ELECTRONIC HAIRCUT LUL
"can't cheat on vac server m9" joins non prime matchmaking , 5 vs 4 spin botters and you eating popcorn watching the show LUL
electronic = apeX LUL
IceCold Kappa
BOT LUL
BOT LUL
WENGER OUT SwiftRage
BOT LUL
BOT LUL
OSKAR LUL
NICE SHOT LUL
BOTSKAR LUL
OSKAR LUL
BOT LUL
BOTSKAR LUL
BOT LUL
OSKAR LAST EVENT 4Head
BOTSKAR LUL
BOT LUL
BOT LUL
SantaHat SoSnowy NotLikeThis
DEAD GAME SHROUD SUB BTW LUL
OSKAR LAST EVENT 7 4Head
LULU LUL
@Moobot thx computer :)
-OSKAR +ALLU LUL
BOT Kappa
KNIFE OUT LUL
THROW LUL
OSCAR ON LAN Kappa
BOT X2 LUL
OSKAR LAST EVENT 4Head
wtf LUL
lmao bot oskar xD XDxdxd xdd LUL
ropz PogChamp
omfg LUL
What is he doing? LUL
What is this team LUL
GIVE CHRISJ THE AWP LUL
"PROFESSIONAL PLAYER" LUL
MOUSE BETTORS LUL
WTF LUL
ROPZ PogChamp
GODZ PogChamp
OSCAR LUL
ZEUS LUL
BOT LUL
THEY DID IT PogChamp
ROPZ GOD PogChamp
NAVI IDIOTS LUL
Ropz PogChamp
SAVED KappaRoss
THROW LUL
ROPZ PogChamp
Zeus LUL
time LUL
100k PogChamp
CHOKE INC <# <3
BOTSCAR LUL
ropz carrying LUL
"can't cheat on vac server m9" joins non prime matchmaking , 5 vs 4 spin botters and you eating popcorn watching the show . LUL
zeus LUL
100k PogChamp
Lucky round LUL
rropz BabyRage
EU CS LUL
OSKAR LAST EVENT 4Head
This kid can really play cs PogChamp
NA BOOST LUL
WENGER OUT JW BANNED @HIKO HeyGuys
OSKAR LAST EVENT 7 4Head
botskar melts in big games FailFish
OSKAR LUL
OSKAR LAST EVENT 4Head
Cromosonic DansGame
that was a solid crossfire NotLikeThis
no kevler? LUL
NA BOOST LUL
??? LUL
nice boost LUL
OSKAR LUL
EU BOOST LUL
Trying to be Twist LUL
Ropz stick arms LUL
ELECTRONIC HAIRCUT LUL
? LUL
ZEUS BETTER OFF BUYING A ZEUS LUL
ROPZ SAVE MOUZ PogChamp
deja vu LUL
sure Kappa
DENIED LUL
OSKAR LAST EVENT 4Head
IceCold PogChamp
TWITZ LUL
NA RUNBOOST LUL
BULLYNG LUL
tk LUL
SAME LUL
CHOKE INC <3
100000 k LUL
NICE NADE LUL
NO ARMOR LUL
EVEN ME LUL
no armor :D
LUL. TIMES RAN OUT LUL
BULLYZOID LUL
OSKAR ROASTED BY SILVER CASTERS LUL
NA LUL
> IceCold IceCold IceCold IceCold IceCold IceCold LUL
CASTERS LUL
TK LUL
"can't cheat on vac server m9" joins non prime matchmaking , 5 vs 4 spin botters and you eating popcorn watching the show LUL
Silver caster LUL
M4 NO ARMOR LUL
Cheat cmonBruh
WENGER OUT JW BANNED @HIKO HeyGuys
NO ARMOR LUL
100K PogChamp
NO ARMOR LUL
STYKO NO ARMOR LUL
m4 full nades no vest LUL
this VAC secure server there are no cheaters on valve LUL
NO ARMOR LUL
RIP TOWER LUL
stilts HACKED LUL
"can't cheat on vac server m9" joins non prime matchmaking , 5 vs 4 spin botters and you eating popcorn watching the show . LUL
Styko no armor LUL
GOO NAVI CurseLit
WHERE ALL THE PIMP SUBS AT? pimpSub pimpPIMP pimpHype pimpDog <3
STYKO NO ARMOR LUL
oskar is being so bad :(
ELECTRONIC HAIRCUT LUL
no armor LUL
everyone is red hp NotLikeThis
SantaHat KonCha
mouz ct side EleGiggle
ChrisJ LUL
NIKO NIKO NII TehePelo
4 blind 0 kills LUL
BOT LUL
m4a1-s LUL
No armor LUL
10 LUL
no armor LUL
NIKOJ LUL
OSKAR LAST EVENT 4Head
styko saving armor for major LUL
ONLINEJ LUL
1taps LUL
OSKAR LAST EVENT 7 4Head
E S K E D D I T LUL
M4A1S IN 2017 LUL
new scream LUL
MAJORS FINAL 4Head
RESET LUL
NOTBADWARD PogChamp
NiKo was right LUL
CLUTCH PLZ LUL
EU flash but NA aim LUL
6-16 LUL
m4a1-s in 2017 LUL
COLT LUL
ACC TO HLTV FORUM OSKAR TOP 5 LUL
save the awp FailFish
26-9 WutFace
IceCold KonCha
26-9 LUL
6-16 LUL
"A clear" - ropz SMOrc
SPAM KAPPACLAUS TO HELP MOUZ KappaClaus
Hello oskar mouz ceo here last event 4Head
6-16 LUL
Zeus 6 kills :D
"can't cheat on vac server m9" joins non prime matchmaking , 5 vs 4 spin botters and you eating popcorn watching the show LUL
NIKO NIKO NI TehePelo
electronic carry SeemsGood
1 round on CT LUL
EZ 4 NA'VI CoolCat
ropz's arms >(
reset LUL
TAKE MY ENERGY MOUZ TakeNRG
SPAM KAPPACLAUS TO HELP MOUZ KappaClaus
m4a1 LUL
> ALL KappaPride
6-16 LUL
100k dead game LUL
NIKO NIKO NI TehePelo
call woooooooooooo Kappa
HAIR LUL
Anorexic WutFace
DAB LUL
DAB LUL
EU DAB LUL
> BabyRage
)) (( BabyRage
. FailFish
haHAA BabyRage
7 Kappa
KIDS DansGame
DAB WutFace
dab is deader than cs LUL
beat your child LUL
\ > BabyRage
Chat so wixSanic nobody will notice I'm KappaPride
< / BabyRage
Grand finals LUL
< / BabyRage
< / BabyRage
EU DAB DansGame
... only real LULer can build this perfect pyramid . Try like me !Try like me ! Try like me !! And my pyramid still higher!!!!!! LUL
FINALS LUL
Hello oskar mouz ceo here last event 4Head
RIP M4 LUL
gg LUL
\ 7 BabyRage
dad must be proud DAB LUL
NAVI ERA 4Head
ropz LUL
EU FINALS LUL
Clap LUL
only real LULer can build this perfect pyramid . Try like me !Try like me ! Try like me !! And my pyramid still higher!!!!!! LUL
OSKAR IN 2017 LUL
LET'S GO NA'VI <3
... only real LULer can build this perfect pyramid . Try like me !Try like me ! Try like me !! And my pyramid still higher!!!!!! LUL
@WotsOnSecond KappaPride
STYKO DEAGLE PogChamp
< r BabyRage
KIDS SUPPORTING NAVI LUL
... only real LULer can build this perfect pyramid . Try like me !Try like me ! Try like me !! And my pyramid still higher!!!!!! LUL
LuL > LUL
only real LULer can build this perfect pyramid . Try like me !Try like me ! Try like me !! And my pyramid still higher!!!!!! LUL
? TriHard
only real LULer can build this perfect pyramid LULLUL . Try like me !Try like me ! Try like me !! And my pyramid stil LUL
Redemzz: only real LULer can build this perfect pyramid . Try like me !Try like me ! Try like me !! And my pyramid still higher!!!!!! LUL
only real LULer can build this perfect pyramid . Try like me !Try like me ! Try like me !! And my pyramid still higher!!!!!! LUL
... only real LULer can build this perfect pyramid . Try like me !Try like me ! Try like me !! And my pyramid still higher!!!!!! LUL
No 1080p? DansGame
RELOAD LUL
Little One Shot KappaPride
... only real LULer can build this perfect pyramid . Try like me !Try like me ! Try like me !! And my pyramid still higher!!!!!! LUL
EZ DH 4 NA'VI CoolCat
OSKAR LAST EVENT LUL
R LUL
flamie LUL
WHAT LUL
RELOAD LUL
only real LULer can build this perfect pyramid . Try like me !Try like me ! Try like me !! And my pyramid still higher!!!!!! LUL
LET'S GO NA'VI <3
......LUL only real LULer can build this perfect pyramid . Try like me !Try like me ! Try like me !! And my pyramid still higher!!!!!! LUL
SAVED LUL
only real LULer can build this perfect pyramid . Try like me !Try like me ! Try like me !! And my pyramid still higher!!!!!! LUL
... only real LULer can build this perfect pyramid . Try like me !Try like me ! Try like me !! And my pyramid still higher!!!!!! LUL
LULLUL only real LULer can build this perfect pyramid . Try like me !Try like me ! Try like me !! And my pyramid still higher!!!!!! LUL
50 IQ LUL
only real LULer can build this perfect pyramid . Try like me !Try like me ! Try like me !! And my pyramid still higher!!!!!! LUL
gg :)
... only real LULer can build this perfect pyramid . Try like me !Try like me ! Try like me !! And my pyramid still higher!!!!!! LUL
SAVED PogChamp
FLAMIE SAVED LUL
OSKAR USELESS LUL
... only real LULer can build this perfect pyramid . Try like me !Try like me ! Try like me !! And my pyramid still higher!!!!!! LUL
TILT PogChamp
9-3 LUL
MODS WutFace
// Kappa
tiltskaf Jebaited
BOT OSKAR LUL
only real LULer can build this perfect pyramid . Try like me !Try like me ! Try like me !! And my pyramid still higher!!!!!! LUL
only real LULer can build this perfect pyramid . Try like me !Try like me ! Try like me !! And my pyramid still higher!!!!!! LUL
.....LUL only real LULer can build this perfect pyramid . Try like me !Try like me ! Try like me !! And my pyramid still higher!!!!!! LUL
only real LULer can build this perfect pyramid . Try like me !Try like me ! Try like me !! And my pyramid still higher!!!!!! LUL
j LUL
only real LULer can build this perfect pyramid . Try like me !Try like me ! Try like me !! And my pyramid still higher!!!!!! LUL
boring grand final ResidentSleeper
??? WutFace
// Kappa
WTF LUL
......... only real LULer can build this perfect pyramid . Try like me !Try like me ! Try like me !! And my pyramid still higher!!!!!! LUL
TILTEEEDDD LUL
only real LULer can build this perfect pyramid . Try like me !Try like me ! Try like me !! And my pyramid still higher!!!!!! LUL
chokesports LUL
WTF LUL
only real LULer can build this perfect pyramid . Try like me !Try like me ! Try like me !! And my pyramid still higher!!!!!! LUL
THANKS FOR THE MONEY NAVI CurseLit
oskar PogChamp
only real LULer can build this perfect pyramid . Try like me !Try like me ! Try like me !! And my pyramid still higher!!!!!! LUL
flamie doesnt care TriHard
only real LULer can build this perfect pyramid . Try like me !Try like me ! Try like me !! And my pyramid still higher!!!!!! LUL
Magic? KappaPride
... only real LULer can build this perfect pyramid . Try like me !Try like me ! Try like me !! And my pyramid still higher!!!!!! LUL
only real LULer can build this perfect pyramid . Try like me !Try like me ! Try like me !! And my pyramid still higher!!!!!! LUL
CHRISJ PUTTING SNUS LUL
only real LULer can build this perfect pyramid . Try like me !Try like me ! Try like me !! And my pyramid still higher!!!!!! LUL
LULLUL only real LULer can build this perfect pyramid . Try like me !Try like me ! Try like me !! And my pyramid still higher!!!!!! LUL
only real LULer can build this perfect pyramid . Try like me !Try like me ! Try like me !! And my pyramid still higher!!!!!! LUL
''GRAND'' final LUL
tilt LUL
LET'S GO NA'VI <3
TILTED about to CRY UL L LUL
... only real LULer can build this perfect pyramid . Try like me !Try like me ! Try like me !! And my pyramid still higher!!!!!! LUL
mousesports 9 - 3 -> 10-16 LUL
only real LULer can build this perfect pyramid . Try like me !Try like me ! Try like me !! And my pyramid still higher!!!!!! LUL
....LUL only real LULer can build this perfect pyramid . Try like me !Try like me ! Try like me !! And my pyramid still higher!!!!!! LUL
S1mple PogChamp
only real LULer can build this perfect pyramid . Try like me !Try like me ! Try like me !! And my pyramid still higher!!!!!! LUL
KappaClausSPAM KappaClausKAPPACLAUS KappaClausTO HELP KappaClausMOUZ KappaClaus
LULLUL only real LULer can build this perfect pyramid . Try like me !Try like me ! Try like me !! And my pyramid still higher!!!!!! LUL
only real LULer can build this perfect pyramid . Try like me !Try like me ! Try like me !! And my pyramid still higher!!!!!! LUL
M U S E S P R T S LUL
only real LULer can build this perfect pyramid . Try like me !Try like me ! Try like me !! And my pyramid still higher!!!!!! LUL
MAJOR FINALS LUL
only real LULer can build this perfect pyramid . Try like me !Try like me ! Try like me !! And my pyramid still higher!!!!!! LUL
only real LULer can build this perfect pyramid LULLUL . Try like me !Try like me ! Try like me !! And my pyramid still higher!!!!!! LUL
LuL > LUL
LULLUL only real LULer can build this perfect pyramid . Try like me !Try like me ! Try like me !! And my pyramid still higher!!!!!! LUL
... only real LULer can build this perfect pyramid . Try like me !Try like me ! Try like me !! And my pyramid still higher!!!!!! LUL
LULLUL only real LULer can build this perfect pyramid . Try like me !Try like me ! Try like me !! And my pyramid still higher!!!!!! LUL
only real LULer can build this perfect pyramid . Try like me !Try like me ! Try like me !! And my pyramid still higher!!!!!! . LUL
only real LULer can build this perfect pyramid . Try like me !Try like me ! Try like me !! And my pyramid still higher!!!!!! LUL
ZEUS = LUL
... only real LULer can build this perfect pyramid . Try like me !Try like me ! Try like me !! And my pyramid still higher!!!!!! LUL
LULLUL only real LULer can build this perfect pyramid . Try like me !Try like me ! Try like me !! And my pyramid still higher!!!!!! LUL
LULLUL only real LULer can build this perfect pyramid . Try like me !Try like me ! Try like me !! And my pyramid still higher!!!!!! LUL
LULLUL only real LULer can build this perfect pyramid . Try like me !Try like me ! Try like me !! And my pyramid still higher!!!!!! LUL. LUL
LULLUL only real LULer can build this perfect pyramid LULLUL . Try like me !Try like me ! Try like me !! And my pyramid still higher!!!!!! LUL
only real LULer can build this perfect pyramid . Try like me !Try like me ! Try like me !! And my pyramid still higher!!!!!! LUL
MODS WutFace
only real LULer can build this perfect pyramid . Try like me !Try like me ! Try like me !! And my pyramid still higher!!!!!! LUL
TÄÄLLÄ PUHUTAAN NYT SUOMEA! DatSheffy
only real LULer can build this perfect pyramid . Try like me !Try like me ! Try like me !! And my pyramid still higher!!!!!! LUL
zeus LUL
only real LULer can build this perfect pyramid LULLUL . Try like me !Try like me ! Try like me !! And my pyramid still higher!!!!!! LUL
only real LULer can build this perfect pyramid . Try like me !Try like me ! Try like me !! And my pyramid still higher!!!!!! LUL
only real LULer can build this perfect pyramid . Try like me !Try like me ! Try like me !! And my pyramid still higher!!!!!! LUL
only real LULer can build this perfect pyramid . Try like me !Try like me ! Try like me !! And my pyramid still higher!!!!!! LUL
... only real LULer can build this perfect pyramid . Try like me !Try like me ! Try like me !! And my pyramid still higher!!!!!! LUL
only real LULer can build this perfect pyramid . Try like me !Try like me ! Try like me !! And my pyramid still higher!!!!!! LUL
RIP CHAT LUL
CHAT WutFace
LULLUL only real LULer can build this perfect pyramid . Try like me !Try like me ! Try like me !! And my pyramid still higher!!!!!! LUL
> only real LULer can build this perfect pyramid . Try like me !Try like me ! Try like me !! And my pyramid still higher!!!!!! LUL
... only real LULer can build this perfect pyramid . Try like me !Try like me ! Try like me !! And my pyramid still higher!!!!!! LUL
only real LULer can build this perfect pyramid . Try like me !Try like me ! Try like me !! LULLUL And my pyramid still higher!!!!!! LUL
LULLUL only real LULer can build this perfect pyramid . Try like me !Try like me ! Try like me !! And my pyramid still higher!!!!!! LUL
only real LULer can build this perfect pyramid LULLUL . Try like me !Try like me ! Try like me !! And my pyramid still higher!!!!!! LUL
LULLUL only real LULer can build this perfect pyramid . Try like me !Try like me ! Try like me !! And my pyramid still higher!!!!!! LUL
only real LULer can build this perfect pyramid . Try like me !Try like me ! Try like me !! And my pyramid still higher!!!!!! LUL
LULLUL only real LULer can build this perfect pyramid . Try like me !Try like me ! Try like me !! LULLUL And my pyramid still higher!!!!!! LUL
only real LULer can build this perfect pyramid . Try like me !Try like me ! Try like me !! And my pyramid still higher!!!!!! LUL
only real LULer can build this perfect pyramid . Try like me !Try like me ! Try like me !! And my pyramid still higher!!!!!! LUL
only real LULer can build this perfect pyramid LULLUL . Try like me !Try like me ! Try like me !! LULLUL And my pyramid still higher!!!!!! LUL
SPAM KAPPACLAUS TO HELP MOUZ KappaClaus
only real LULer can build this perfect pyramid . Try like me !Try like me ! Try like me !! And my pyramid still higher!!!!!! LUL
LULLUL only real LULer can build this perfect pyramid . Try like me !Try like me ! Try like me !! And my pyramid still higher!!!!!! LUL
LULLUL only real LULer can build this perfect pyramid LULLUL . Try like me !Try like me ! Try like me !! And my pyramid still higher!!!!!! LUL
NOT NOW CHAT WutFace
... only real LULer can build this perfect pyramid . Try like me !Try like me ! Try like me !! And my pyramid still higher!!!!!! LUL
only real LULer can build this perfect pyramid LULLUL . Try like me !Try like me ! Try like me !! And my pyramid still higher!!!!!! LUL
only real LULer can build this perfect pyramid . Try like me !Try like me ! Try like me !! And my pyramid still higher!!!!!! LUL
LULLUL only real LULer can build this perfect pyramid . Try like me !Try like me ! Try like me !! And my pyramid still higher!!!!!! LUL
MY CHAT EXPERIENCE WutFace
... only real LULer can build this perfect pyramid . Try like me !Try like me ! Try like me !! And my pyramid still higher!!!!!! LUL
only real LULer can build this perfect pyramid . Try like me !Try like me ! Try like me !! And my pyramid still higher!!!!!! LUL
only real LULer can build this perfect pyramid . Try like me !Try like me ! Try like me !! And my pyramid still higher!!!!!! LUL
...... only real LULer can build this perfect pyramid . Try like me !Try like me ! Try like me !! And my pyramid still higher!!!!!! LUL
only real LULer can build this perfect pyramid . Try like me !Try like me ! Try like me !! And my pyramid still higher!!!!!! LUL
only real LULer can build this perfect pyramid . Try like me !Try like me ! Try like me !! LULLUL And my pyramid still higher!!!!!! LUL
only real LULer can build this perfect pyramid . Try like me !Try like me ! Try like me !! And my pyramid still higher!!!!!! LUL
only real LULer can build this perfect pyramid . Try like me !Try like me ! Try like me !! And my pyramid still higher!!!!!! LUL
MODS PLEASE HELP US WutFace
only real LULer can build this perfect pyramid . Try like me !Try like me ! Try like me !! And my pyramid still higher!!!!!! LUL
// Kappa
LULLUL only real LULer can build this perfect pyramid LULLUL . Try like me !Try like me ! Try like me !! And my pyramid still higher!!!!!! LUL
My chat experience BibleThump
dreamhack mods LUL
MOOOODS WutFace
Wutface MODS WutFace
vac ? :D
MODS HELP :(
THIS SPAM :(
MODS cmonBruh
SPAM THIS KAPPACLAUS TO HELP MOUSE KappaClaus
CHAT LUL
LULLUL only real LULer can build this perfect pyramid . Try like me !Try like me ! Try like me !! And my pyramid still higher!!!!!! LUL
VAC LUL
LULLUL only real LULer can build this perfect pyramid . Try like me !Try like me ! Try like me !! And my pyramid still higher!!!!!! lul LUL
LULLUL only real LULer can build this perfect pyramid . Try like me !Try like me ! Try like me !! And my pyramid still higher!!!!!! LUL
SPAMMING IN 2017 ResidentSleeper
MODS WutFace
CHAT LUL
LULLUL only real LULer can build this perfect pyramid . Try like me !Try like me ! Try like me !! And my pyramid still higher!!!!!! LUL
my chat experience WutFace
MY CHAT EXPERIENCE BibleThump
MODS EleGiggle
MODS cmonBruh
VAC WutFace
ZEUS LUL
MODS??? WutFace
@Perm LUL
mods cmonBruh
ZEUS = THE BEST OF PASS IMFORMATION MingLee
HE HIT ONE PogChamp
HE'S ARCH - ZEUS LUL
LET'S GO NA'VI <3
OSKAR VACATION LUL
COMEBACK GTChimp PogChamp
COMEBACK PogChamp
Mazi Mods 4Head
VAC Activated PogChamp
EYE WutFace
THANKS ZEUS - MOUSE OWNER LUL
ROPZ = BabyRage
x-ray eye ropz :D
CHOKE INC <3
the comeback PogChamp
EYE WutFace
rropz BabyRage
SPAM THIS CHEESE TO HELP MOUSESPORTS StinkyCheese
chat cmonBruh
what has he on his eyes? LUL
ropz BabyRage
SHOW ME THE KappaPride
OSKAR HACKS ON PogChamp
SPAM THIS CHEESE TO HELP MOUSESPORTS. StinkyCheese
SPAM THIS KAPPACLAUS TO HELP MOUSE KappaClaus
IceCold LUL
dan subs in 2k17 DansGame
"ILL PAYPAL U TONIGHT ZEUS" - MOUSE OWNER LUL
x-ray VoteYea
SPAM THIS CHEESE TO HELP MOUSESPORTS StinkyCheese
KappaClausSPAM KappaClausKAPPACLAUS KappaClausTO HELP KappaClausMOUZ KappaClaus
CSGO > KappaPride
TÄÄLLÄ KANNUSTETAAN NYT ALLUA DatSheffy
NAVI finally wining tier 2 major PogChamp
SPAM KAPPACLAUS TO HELP MOUZ KappaClaus
SPAM THIS CHEESE TO HELP MOUSESPORTSVeburn: monkaS music StinkyCheese
Oskar 48 years old amazink plaier DansGame
JukkasJarvi: SPAM THIS CHEESE TO HELP MOUSESPORTS StinkyCheese
check Kappa
ZEUS JUST BUY FOR YOUR TEAM LUL
SPAM THIS CHEESE TO HELP MOUSESPORTSVeburn: monkaS music StinkyCheese
OSCAR is just 26 YEARS OLD ;)
Twitch PrimeRustica69: JukkasJarvi: SPAM THIS CHEESE TO HELP MOUSESPORTS StinkyCheese
:/ TTours
One more " " and i'm out LUL
life ? LUL
SPAM THIS KAPPACLAUS TO HELP MOUSE KappaClaus
HOW DOES CHEESE RHYME WITH MOUSESPORTS LUL
' StinkyCheese
Don't copy the name when you copy pasta LUL
LU LUL
@garil23 26 ;)
LET'S GO NA'VI <3
Eye WutFace
500k total viewers !!!! PogChamp
Why would you do that LUL
block LUL
real LULer user LuL not ... LUL
GG LUL
IceCold :pick: I GOT U BRO cmonBruh
gg gg gg gg MOUSE ARE NOOBS gg gg gg gg PogChamp
500k total viewers £!"£"£"£$$"£"£$ PogChamp
real LULer user LuL not .. LUL
SPAM THIS KAPPACLAUS TO HELP MOUSE KappaClaus
LET'S GO NA'VI <3
real LULer use LuL not .. LUL
Clap TriHard
BOT OSKAR LUL
SAVE LUL
GG LUL
GOOO NAVI CurseLit
edward LUL
GGWP NAVI <3
Saving last round LUL
SEND THIS FLAME TO SUPPORT NAVI CurseLit
edward LUL
EDWARD LUL
WOOOOOOOOOOOOOOOOOO PogChamp
edward LUL
// Kappa
SPAM THIS CHEESE TO HELP MOUSESPORTSVeburn: monkaS music StinkyCheese
// Kappa
@KnotKidding 180k in total of streams ;)
// Kappa
EDWARD LUL
ZEUS STILL 5 KILLS? LUL
Navi won PogChamp
// KappaPride
DEAD CROWD LUL
SPAM THIS KAPPACLAUS TO HELP MOUSE KappaClaus
membBoom membBoom ANELE
// Kappa
// Kappa
ZEUS LUL
CROWD WutFace
CRROOOOOWDDDDD WAKE UUUP PogChamp
NA CROWD LUL
Good Game Na'Vi OSKAR LUL
@Sholkz54 im meemin :)
GAMBIT LOST TO THIS LUL
NAVI Choke Kappa
NA CROWD LUL
Clap Kappa
white "stuff" on ropzs face Kappa
ZEUS 7 KILLS PogChamp
pennywise Kappa
105k ded game 4Head
NAVI = nAUTISM vincere LUL
EU CROWD LUL
tier3 finals Kreygasm
@PimpCSGO ayy PogChamp
Na`Vi world champions PogChamp
@PimpCSGO one of us PogChamp
Clap PogChamp
DELETED LUL
@PimpCSGO HeyGuys
styko LUL
BOT LUL
NA LUL
TEAMWORK PogChamp
WOOT LUL
WALKING LUL
GG WP Kappa
@PimpCSGO <3
@PimpCSGO HeyGuys
VAC Kappa
BEST TEAM IN THE WORLD PogChamp
omg LUL
BOT LUL
nice throw SeemsGood
ward Jebaited
rkt LUL
GG THROWSPORTS EleGiggle
BOT LUL
caster ResidentSleeper
VAC LUL
NA SPRAY LUL
EZ 4 NAVI CoolCat
IZI LUL
gg LUL
CurseLitCurseLit CurseLit
CONGRATS NAVI WP WELL DESERVED <3
Russian Fans WutFace
GOD ZEUS PogChamp
TIME TO MISS ALL THE ACTION TTours
M U S E S P R T S LUL
NAVI won something PogChamp
EZ 4 S1mple CoolCat
BO3 FINAL WutFace
dead game LUL
mlg horns LUL
MLG LUL
navi winning in 2017 PogChamp
FINALLY MA BOYS <3
MLG LUL
NAVI SwiftRage
CHOKESPORTS LUL
SIMPLE WON A TROPHY PogChamp
MLG HORN LUL
TÄÄLLÄ KANNUSTETAAN NYT ALLUA DatSheffy
tier 5 LUL
Gambit? LUL
i'll miss oskar tho :(
AIRHORN LUL
No SK No FaZe EZ WIN LUL
NAVI IS BACK PogChamp
TIER 2 LUL
MLG LUL
mlg horn LUL
NAVI IS BACK PogChamp
2-0 LUL
Clap DendiFace
MLG EleGiggle
TIER 5 EVEN FOR NAVI LUL
+860$ PogChamp
+ KappaPride
@surbazmeister TriHard
BIG LAN LUL
BUDGET EDWARD LUL
grabin ass KappaPride
EZ DH 4 NaVi CoolCat
SEIZED WAS THE PROBLEM LUL
S1MPLE <3
SIMPLE VINCERE PogChamp
NA vi LUL
MAUS LUL
Vicory WUBS PogChamp
SantaHat LUL
ZEUS LUL
NAVI <3
EZ CHAMPIONS EZ FINAL OMGOMGOMG <3
simple's hair WutFace
bass PogChamp
Na'VI CEO PogChamp
SEIZED WAS THE PROBLEM LUL
S1MPLE <3
ZEUS LUL
BES OF 2 LUL
@Raig0NNN TriHard
NAVI FINALLY MAJOR CHAMPION LUL
NAous Sports LUL
Best major PogChamp
navi's back! <3
SEIZED WAS THE PROBLEM LUL
NAous Sports LUL
@pimpcsgo PogChamp
NAVI PogChamp
Darude - Sandstorm PogChamp
where is dendi? DendiFace
na crowd LUL
WTF CS BO3 LUL
NAVI BabyRage
? BabyRage
NAVI <3
event ResidentSleeper
GG EZ HSWP
IceCold BabyRage
NAVI BabyRage
NAVI SwiftRage
NAVI BabyRage
simple :)
NAVI BabyRage
F4KE HYPE 4Head
NAVI BabyRage
Clap BabyRage
T3 EVENT LUL
// Kappa
// Kappa
no 3rd map?????? BAD TOURNAMENT LUL
NAAAAAAVIII BabyRage
SIMPLE LUL
Edward 4Head
MUSIC LUL
was this the final aleready? LUL
paid crowd LUL
// KappaPride
SantaHat BabyRage
NATUS <3
Clap 4Head
Lucky Cykas LUL
Pyrotechnics PogChamp
Tier 5 Tournament Tier 5 Tournament Tier 5 Tournament 4Head
Clap ResidentSleeper
SIMPLE BibleThump
GOOOOOOOO NAVI <3
Good on them!! <3
10 year old fans lmao LUL
// Kappa
CRINGE FailFish
hahaha no crowd :D
Song ResidentSleeper
NAVEEEEEEEEEEE BabyRage
CROWD LUL
Music KappaPride
Navi BabyRage
PALA <3
Clap ResidentSleeper
na crowd LUL
salty LUL
NAAAAAAAAAVI BabyRage
EU crowd LUL
budget Pala 4Head
THIS CASTER LUL
naaviiiii BabyRage
Zlatan PogChamp
This camp ResidentSleeper
Electronic free BibleThump
M O JI O D LL bI !!! PogChamp
S1MPLE <3
\ / Kappa
NA CROWD 4Head
KANE STEAL TROPHY LUL
50 people in crowd :D
as always? LUL
S1MPLE <3
s1mple :)
sank you guys <3
\ / KappaClaus
NAVI <3
FeelsGoodMan BibleThump
Clap Kappa
MLG LUL
S1MPLE <3
GOD S1MPLE <3
MLG LUL
MLG HORN LUL
MLG LUL
AIRHORN LUL
THAT HORN LUL
TY <3
ALPHA LUL
TIER 2 CHAMPIONS PogChamp
MLG PogChamp
s1mple <3
S1MPLE LUL
S1MPLE DESTROYED NAVI LUL
MLG PogChamp
insane LUL
GAMBIT LUL
> PAPA ZEUS <3
Zeus <3
MLG LUL
SIMPLE ENGLISH IMPROVEMENT PogChamp
Gambit LUL
AIRHORNS LUL
S1MPLE <3
Nice English LUL
NAAAVIII BabyRage
no sank you :)
I LOVEWU OLOFMEISTER LUL
hahahahaha <3
BUDGET ZLATAN ZLATAN BUDGETT ZLATAN ! PogChamp
Beating Gambit LUL
s o n g? Kappa
i very happy LUL
I VERY HAPPY LUL
IS THAT MANTROUSE LUL
ZEUS WORST PLAYEr 4Head
MEME GOD <3
beating gambit LUL
GAPPPY LUL
LONDON LUL
Gambit? SoBayed
WERY KAPI PogChamp
ZEUS <3
electronic cant understand pala LUL
ZEUS <3
LOVE YOU ZEUS <3
PASHA LONDON SCHOOL LUL
HE'S VERY HAPPY BibleThump
ZEUS LUL
I VERY HAPPY <3
gg <3
// Kappa
DIDN'T BEAT GAMBIT? LUL
Major champions PogChamp
BE ZUS BE HAPPY LUL
Reformed SeemsGood
AY BERY HEPY TANK YU GUYZ LUL
s1mple with the great english and Zeus <3
SHIT INTERVIEW LUL
beat gambit ? LUL
NAAAAAAAAAVIIIIII BabyRage
AY BERY HEPY TANK YU GUYZ LUL
Zues actually happy Kreygasm
AY BERY HEPY TANK YU GUYZ LUL
GRILL GONE BibleThump
VINSEER LUL
RED RED HSWP
ZEUS <3
ITS PRONOUNCED WINKERE LUL
zeus 4Head
S1MPLE LUL
Clap KappaPride
Electronic WutFace
NATUS VINCIR forsenOMEGA LUL
OLOF I LOVE U OLOF I LOVE U OLOF I LOVE U Poooound
edward smiling PogChamp
''YES I WILL'' LUL
NAVI DendiFace
TIER 3 force LUL
Navy is back DendiFace
NaVi <3
PIMP ANALYST DESK LUL
SK are afraid LUL
GZ NAVI <3
new kid :D
HELLO NAVI THIS IS FAZE HOW MUCH FOR S1MPLE? 4Head
bye chat BibleThump
NAVI IS BACK Clap DendiFace
EZ DH $ NAVI :D
navi is back DendiFace
MNGA: MAKE NAVI GREAT AGAIN LUL
NAVI IS BACK BibleThump
Navi TOP 1 TEAM HLTV CONFIRMED PogChamp
seized was the problem LUL
@Chevrolet_Impala <3
Where are you navi haters? SoBayed
MAKE NAVI GREAT AGAIN BibleThump
@VRT1N you clearly didnt watch simple then LUL
Na'Vi <3
@Chevrolet_Impala <3
@Chevrolet_Impala <3
MAJOR ResidentSleeper
@chevrolet_impala HeyGuys
@Chevrolet_Impala 5balls <3
NA'VI IN TIER 2 LUL
tweeting LUL
time to tweet LUL
3-9 16-10 LUL
top 5 PogChamp
IPHONEX PogChamp
BUDGET EDWARD LUL
iPHONE X PogChamp
Top 5 LUL
iphone x PogChamp
cheats deactivated Kappa
MAKE NAVI GREAT AGAIN BibleThump
IPHONE X LUL
turning hax off LUL
UGIN LUL
ECO EDWARD LUL
Cringy kid LUL
TAKE A SHOWER LUL
monkaS LUL
HAIR WutFace
Chicken lol :D
EZ PogChamp
KIKO LUL
NORTH ACADEMY 4Head
IceCold LUL
X DEMIGOD Kreygasm
NAVI ALMOST LOST TO HEROIC 4Head
BASICALLY CARRIED BASICALLY CARRIED LUL
stunna <3
SUPERSTITUM ELECTRONIC VIDEO PogChamp
Zeus LUL
NaVi Major champion finally !!! PogChamp
zeus LUL
OSKAR LUL
zeus LUL
BOTSKAR BibleThump
ZEUS LUL
SEIZED WAS THE REAL PROBLEM 4Head
SUPERSTITUM HeyGuys
SUPERSTITUM ELECTRONIC VIDEO PogChamp
TÄÄLLÄ KANNUSTETAAN NYT ALLUA DatSheffy
BOTSKAR BibleThump
ZEUS LUL
Gambit died for this DansGame
Superstitum cmon bruv B)
POOR ZUES LUL
NOW AVOID RELEGATION IN ESL LUL
miss seized BibleThump
SAVAGE LUL
SUPERSTITUM KappaRoss
s1mple mvp BASICALLY CARRIED LUL
MEXICO LUL
DH WINNINERS PLAYING RELEGATION LUL
vertical DansGame
freestyle'd LUL
simple nahuj SantaHat cmonBruh
iphone x LUL
S1mple's BROTHER PogChamp
V Kappa
Zeus x2 major PogChamp
focus PogChamp
Spam LUL
STOP LUL
Wut LUL
MORE LUL
some privacy cameraman DansGame
SUPERSTITUM ELECTRONIC VIDEO PogChamp
NA photo LUL
500 pictures LUL
NA TTours
ZUPERSITIUM LUL
UNDERTAKER <3
SuperStitum LUL
the good videos DansGame
Jkoff material Jebaited
@perm I'm so happy navi are back <3
SUPERSTITUM PogChamp
SUPERSTITUM <3
iphone X LUL
IPHONE X PogChamp
na'vi NICE MAJOR LUL
SUPERSTITUM PogChamp
we HAWT LUL
IPHONE X PogChamp
UNDERTAKER LUL
SUPERSTITUM LUL
FACE ID LUL
SUPERSTITUM PogChamp
SUPERSTITUM PogChamp
SUPERSTITUM <3
simple god PogChamp
SUPERSTITUM <3
face id LUL
NA PHONE LUL
SUPERSTITUM? LUL
SUPERSTITUM <3
ultimately LUL
supersTITum LUL
how do I unlock it LUL
Superstitum LUL
iphone LUL
"GOOD VIDS" haHAA LUL
FreePLUG Kappa
7 TriHard
Superstitum LUL
how much is prize money? 10k for first? LUL
face id LUL
FACE ID LUL
STUNNA BODYGAURD LUL
iphone x FailFish
S1MPLE THE UNDERTAKER 4 PogChamp
S1MPLE THE UNDERTAKER PART 3 LUL
NAVI IS BACK DendiFace
Photography is hard Kappa
TÄÄLLÄ KANNUSTETAAN NYT ALLUA DatSheffy
EU CASTERS LUL
superSTIFFem Jebaited
iam a part of you KappaPride
ANY 's here ? TriHard
STUNNA FEAT IN NEXT VIDEO PogChamp
hoe hoe hoe TriHard
Pimp subs EleGiggle
IceCold TopHat KappaClaus
PIMP BibleThump
BYE CHAT BibleThump
PIMP CSGO CAREER LUL
bye chat BibleThump
putting processors in the motherboards PogChamp
bye chat BibleThump
S1mple Kreygasm
BYE CHAT BibleThump
CHAt BibleThump
bye chat BibleThump
CHAT BibleThump
CHAT BibleThump
why are we crying BibleThump
NEXT YEAR BibleThump
IceCold BibleThump
bye :(
NEXT YEAR BibleThump
@DreamHackCS host QuakeChampions dreamhack please BlessRNG
bye chat i love u BibleThump
The year is over BibleThump
BYE CHAT BibleThump
VAC BabyRage
BYE CHAT SEE YOU NEXT TIME BibleThump
MLG LUL
bye chat <3
ill miss you chat BibleThump
TOOOOT PogChamp
BYE CHAT BibleThump
NAVI SeemsGood
@as43_ BYE BibleThump
CHAT BibleThump
VUVUZELA LUL
simple is so happy :D
PETA WutFace
bye chat BibleThump
enene237 bye BibleThump
BYE BibleThump
CYA KIDS 4Head
7 TriHard
CHAT BibleThump
bye chat BibleThump
TÄÄLLÄ KANNUSTETAAN NYT ALLUA DatSheffy
bye chat BibleThump
@th3anas <3
u are my only friends BibleThump
Bye bye chat BibleThump
@Jorgen297 BB BibleThump
Trihard BYE TriHard
astro LUL
IceCold BibleThump
Bye Chat BibleThump
Don't @ me <3
ELECTRONIC AFTER TEAM CHANGE SUPERSTITUM PogChamp
seized chat 2017 BibleThump
bYE CHAT BibleThump
SEE YOU AT ELEAGUE CHAT <3
see you next tourney PLEB <3
HEJDÅ <3
One Plus Kreygasm
2018 inc BibleThump
CHAT BibleThump
plaing cs under the shower <3
RAIN LUL
can play in bath now LUL
See you guys on Tuesday TopHat Kappa
PLAYING CS DURING A TSUNAMI Kreygasm
WHO PLAYS ON RAIN? 4Head
play in the rain PogChamp
guys can u donate to me any skin pls :(
only real LULer can build this perfect pyramid . Try like me !Try like me ! Try like me !! And my pyramid still higher!!!!!! LUL
FIDGET SPINNER LUL
PLAYING CSGO DURING HURRICANE LUL
I am late :(
FEMALE CS LUL
Clap ANELE
girl csgo players LUL
Female CS LUL
CLG LUL
BOOST PogChamp
OPTIC LUL
hello reddit ? WutFace
silver LUL
fnatic LUL
again ResidentSleeper
@DreamHackCS LUL
Fnatic in 2k17 LUL
OH CRAP :D
240hz PogChamp
240 PogChamp
monitor 240hz > ingame fps 200 Kappa
From cs to quake LUL
Na`Vi Go Go Go <3
Alanore69 your name is familiar Kappa
phoon PogChamp
quake PogChamp
