nice hair *strokes* WutFace
say what? DansGame
GROOT TEAM SMOrc
Nice guy <3
MANTROUSSE Kreygasm
Mikl Korse Kappa
EU ENGLISH :(
FLAMIE <3
IceCold KappaPride
FRIENDS <3
Mikle Korse Kreygasm
:Z DarkMode
pashabaguette zdec' PogChamp
friends <3
They're his friends PogChamp
CIS HotPokket
Na'Vi wants nV IceCold CurseLit
LEAVE HIM ALONE LUL
my frends <3
FRIENDS <3
epic final PogChamp
ofcorz LUL
RUSSIAN CYKA BLYAT LUL
FRANDS LUL
Na'Vi <3
FLAMIE <3
IM FEELİNG THANK YOU LUL
FLAMIE INTERVIEW PogChamp
IVAN <3
sanks <3
Peacemaker about to be fired for the 10th time LUL
CRINGE LUL
SENKS PogChamp
// Kappa
na english LUL
Siergiej <3
flamie has the nicest skin PogChamp
give it to us KappaPride
SAMSUNG LUL
S A M S U N G PogChamp
Good London. SeemsGood
S A M S U N G <3
OMEGALUL SAMSUNG EleGiggle
SELLOUTS LUL
SAMSUNG IN 2017 LUL
flip knives LUL
YOUTUBE LUL
SAMSUNG EleGiggle
Apple fans triggered LUL
Friends KappaPride
PRODUCTION PogChamp
RUSH B P-90 IF SUCCESSFUL DRINK VODKA AND DANCE WITH BEAR PogChamp
my Friends KappaPride
1.6 grenade size PogChamp
ya boi OhMyDog
Tell me more CoolStoryBob
Tier 3 game ResidentSleeper
bad guys LUL
ya boi YouDontSay
s1mple flash LUL
Budget Niko NotLikeThis
CT BAD GUYS LUL
his brain Kreygasm
SAMSUNG LUL
S M S U N G LUL
really???? CoolStoryBob
S A M S U N G MingLee
SAMSUNG LUL
ANDROID in 2017 LUL
SAMSUNG MingLee
71 45 PogChamp
Electronic overrated LUL
S1mple 71 frag Kreygasm
Heroic assist LUL
APPLE LUL
SAMSUNG IN 2017 LUL
ANDROID In 2017 LUL
SAMSUNG KOREAN CS LUL
jugi NTY LUL
comming out? KappaPride
IPHONE team when? PogChamp
CS 1.7 LUL
symbol LUL
one plus >> Samsung > Apple LUL
SAMSUNG EVO 1TB SSD Kreygasm
Seized was the problem Kappa
PIMP <3
IS THIS CS 1.7 SOURCE LUL
not a Rap God DansGame
pimp <3
SantaHat cmonBruh
epic insights Kappa
SPUNJ CARRYING PIMP ON DESK LUL
@Serious_Angelos VoteYea
SantaHat DansGame
SantaHat Kappa
SELLOUT LUL
SantaHat TriHard
PIMP HEAD LIKE MISSILE STATION Kappa
Buddifuddi hes not that heavy though, been doing good :)
SantaHat ANELE
Mighty Ducks PogChamp
SantaHat IceCold Kappa
teach me lord Pimp pimpProf I love you <3
SantaHat EleGiggle
mighty ducks LUL
s1mple to rouge Kappa
STRAFE LUL
smooth LUL
SELLOUT LUL
Smoooooth LUL
sellout LUL
dumb app name wtf LUL
BUDGET MACHINE LUL
sellout Kappa
SantaHat NotLikeThis
SELLOUT LUL
OUTSELL WutFace
SELLOUT ResidentSleeper
BIG EleGiggle
SELLOUTT LUL
who the damn does not know what strafing is... besides all the silver plebs here in chat SantaHat Kappa
@bmothebeast Spunj = BrokeBack
dumb LUL
BIG KappaPride
SantaHat Kappa
fnatic in 2017 LUL
stack a Kappa
Fnatic LUL
Graphics worse than actual game EleGiggle
@breakdowns_at_tiffanys / HeyGuys
TÄÄLLÄ PUHUTAAN NYT SUOMEA! DatSheffyDatSheffy TÄÄLLÄ KANNUSTETAAN NYT ALLUA DatSheffy
fnatic in 2018 LUL
fnatic ? LUL
SantaHat SantaHat SantaHat B)
ASTROS WutFace
headphone jack Kreygasm
AUX CHORD PogChamp
Still has a headphone jack PogChamp
Jack me Kreygasm
JUST WOW :D
SHOTS TOWARDS APPLE LUL
HAHHAHA burn apple ! :D
A HEADPHONE JACK PogChamp
LIGHTS PogChamp
acting like 128 gb is a lot in 2017 LUL
IceCold KappaPride
AUX?!?!? PogChamp
BUTTONS PogChamp
NO DONGLE DansGame
NOOB LUL
What is Spotify ResidentSleeper
SILVERS LUL
CLG LUL
7 TriHard
or ryzen tho Jebaited
SILVER PLAY ResidentSleeper
SCAM TriHard
SILVERS LUL
7 TriHard
gambling PogChamp
SCAMS TriHard
gambling SeemsGood
BOOST YO BET TriHard
GET FREE STUFF SCAM IN 2017 LUL
7 TriHard
SCAM Kappa
BRAH TriHard
SCAM LUL
IceCold TriHard
SILVERS LUL
FREE STUFF = BITCOIN MINER LUL
240hz PogChamp
HEADPHONE JACK <3
silver tv? really LUL
NOT GAMBLING BTW! LUL
NBA spray LUL
monitor wings LUL
NOT GAMBLING BTW! LUL
How does a sceen provide better spray WutFace
AKKE Kregasm Kreygasm
B G Kreygasm
:gun: BibleThump
sound guy just got dumped by GF (or BF ) KappaPride
>tfw you uncle touches you BibleThump
this song WutFace
>tfw you uncle touches you BibleThump
SantaHat BibleThump
>tfw your uncle touches you BibleThump
stop dad BibleThump
>tfw adds play over it BibleThump
? TriHard
? cmonBruh
music LUL
? TriHard
:gun: IceCold :hammer: BibleThump
YAAAA TriHard
Everyday on the block TriHard
SantaHat cmonBruh
SMOKE TREES TriHard
ayyy TriHard
WHAT? TriHard
politically incorrect song cmonBruh
7 TriHard
IceCold TriHard
Clap yuh cuh TriHard
JUST POPPED A ZANNY TriHard
IceCold cmonBruh
SantaHat TriHard
WHO BROUGHT THE XANNY TriHard
EU racism NotLikeThis
Clap real trap shit TriHard
we all thinkin now cmonBruh
NEKKID TriHard
yah yah TriHard
IceCold ResidentSleeper
SourPls TriHard
you make chat very happy @DreamHackCS they can go full dumb now LUL
SantaHat TriHard
juna juna 4Head
@CrusherOA EleGiggle
TÄÄLLÄ PUHUTAAN NYT SUOMEA! DatSheffyDatSheffy TÄÄLLÄ KANNUSTETAAN NYT ALLUA DatSheffy
song cmonBruh
POPPED A XANNY TriHard
@muck_fods nah cuh 7 TriHard
DOING STUFF PogChamp
czat ok cmonBruh
trhard TriHard
alt rap is so bad FailFish
what's thinking bruh :thinking: cmonBruh
AYO GURL TriHard
7 TriHard
cloud rap LUL
BOATY SUBS DansGame
SPAM THIS Mau5e TO HELP MOUZ Mau5
akke KappaPride
shit song WutFace
Out TriHard
MUSIC ? PLS ♥ Kappa
pass me the aux DH TriHard
im so hyped Kappa
2+2 IS ? MINUS 1 VATS ? I CAN'T DO MAFS TriHard
I CANT TRAP TO THIS TriHard
@font8 TriHard
chat wants Disney songs!! SwiftRage
When is dust 2 coming to the competitive pool ResidentSleeper
GRILL PogChamp
NAVI TIER 2 4Head
grills PogChamp
I DreamHack... keep hiring Pimp. He deserves it <3
ZEUS PogChamp
"the most connections out of any venue at one time" .... wut LUL
PIMP I YOU <3
INTEL DansGame
SPUNJ AND STUNNA DansGame
tsellout cmonBruh
5/7 sellout 4Head
HEARTH ATTACK ON CAN MingLee
PIMP LUL
MONSTER DRINK DansGame
> RaccAttack
OML KILL ME LUL
> HSWP
50 GRAMS OF SUGAR LUL
Monster DansGame
ENVYUS LUL
nice girl <3
Clap KappaPride
Clap KappaPride
"yea" KappaPride
they literaly come to ur house next day and sell u those :D
IceCold KappaPride
mousesports top 10 4Head
Ya like that pimp KappaPride
pimp LUL
SoCold LUL
FLYING HEADSET PogChamp
oskar BlessRNG
STYKO LUL
7 TriHard
STYKO LUL
sunny LUL
BIG the Ggerman-Team WIN !!!!!! :D
SUNNY = INVISIBLE LUL
IceCold LUL
chrisj :D
Sunny LUL
Sunny afk Kappa
NAVI PogChamp
RAP GOD PogChamp
SantaHat LUL
@DreamHackCS KonCha
HAT LUL
eating LUL
SantaHat Kappa
FABULOUS LUL
sunny <3
THIN LUL
IceCold cmonBruh
So Snowy LUL
KNICKS!? LUL
ReinDeer Kappa
HOMO = STYKO LUL
BIG TriHard
Clap :)
SUNNY LUL
GOOD WIBES Clap :)
NO BUG NO BIG LUL
who? cmonBruh
IceCold IceCold LUL
BOT B IS HERE LUL
LOOOOOOOOOOOL 4Head
ReinDeer CurseLit
@drstriker666 přesně :)
SantaHat LUL
BIG IN MAJOR WITH NO BUG LUL
SWEDEN CROWD Kappa
pimpHype pimpHype pimpSub pimpSub :)
EMPTY CHAIRS LUL
EZ Icecold Kappa
0 CROWD LUL
0.79 LUL
EU Audience LUL
XD ECSDEEE LUL
EZ IceCold Kappa
ReinDeer IceCold TTours
GRILLLL PogChamp
major meme ResidentSleeper
GODSEN PogChamp
CUTE LUL
WHERE IS YNK ResidentSleeper
Pimp <3
Big Guy TopHat KappaPride
Hello @Hiko <3
THE PIMP Kappa
FeelsFeelsBadManMan Kappa
Only the chosen wizard can wear his hat つ◕౪◕つ──☆*:・ TwitchLit
eyes LUL
crosseyed pimp LUL
SantaHat LUL
PIMP <3
SantaHat Kappa
@Axaruz <3
pimp <3
keev OpieOP
BM LUL
WHERE THIS GUY IS WATCHING LUL
eaten LUL
TAPSEN MingLee
pimp fat shame LUL
SantaHat PogChamp
BIG PLAYERS LUL
allin on mouz 2:0 lets go LUL
BOT B LUL
stunna DansGame
IceCold LUL
I feel it too Kreygasm
IM GAY VoHiYo
PIMP Jawline is Perfect 45 degrees Kreygasm
what about legija and nex DansGame
? LUL
I never heard my s LUL
hold my LUL
// LUL
Clap LUL
Clap LUL
/ LUL
Clap LUL
IceCold LUL
( ) LUL
IceCold BibleThump
Clap Kappa
IceCold LUL
[ ] LUL
EU CROWD LUL
mirage finally Kreygasm
)( LUL
NICE HEADSET KappaPride
IceCube SabaPing
twitch chat collective consciousness 4Head
/( LUL) Kappa
SantaHat 4Head
IceCold SabaPing
monkaS :point_right: FeelsAmazingMan :point_right: LuL LUL
stop spamming "xD" in chat NotLikeThis
SantaHat LUL
IceCold SabaPing
SantaHat B I G 4Head
ANY SHAHZAM SUBS? ANELE
SantaHat SeemsGood
BIG <3
SPAM THIS MOUSE TO GIVE POWER TO MOUZ Mau5
chat spamming god b NotLikeThis
IceCold ANELE
lets go BIG <3
Go BIG or go Home. :D
KEEV HUNGRY LUL
TAPE >>> !votemouz <<< LUL
picking BIG LUL
!spectate NiKo Kappa
Keev LUL
assuming predictions in 2017 LUL
big ntnt LUL
budget ANDERS PogChamp
youre right BCWarrior
Budget Anders <3
BUG LUL
budget anders again ResidentSleeper
YES LUL
YES LUL
ECO ANDERS DansGame
Whisper me Guys if you are a noob silver 1 Kappa
ANDERS DansGame
i keep getting modded LUL
whisper me if you are gn4 or above ;)
BIG WITHOUT BUG EleGiggle
VAC LUL
FLY HACK LUL
TABSEN FLYING PogChamp
ropz LUL
VAC PogChamp
silver fight LUL
BOT LUL
BUG LUL
Hello chat HeyGuys
LETS GO MOUZ PogChamp
DONT USE HeyGuys
ReinDeer LUL
show bob PogChamp
@EagleEye1392 LUL
BUG LUL
IceCold SantaHat ReinDeer LUL
wireless mouse low battery Tabsen Kappa
GODSKAR PogChamp
oskar PogChamp
haHAA ReinDeer MY EYES WutFace
"effectively" he did... LUL
450 ADR PogChamp
NO BUG NO BIG LUL
ReinDeer PogChamp
styko REALLY likes christmas Kappa
nice crowd LUL
BIG HATERS LUL
SantaHat PogChamp
SantaHat Kappa
SantaHat KappaClaus
ReinnDeer Kappa
SantaHat Kappa
ReinDeer Kappa
Dead game dead crowd ResidentSleeper
SO EZ FOR KappaClaus
SantaHat SoSnowy Kappa
OSKAR <3
SantaHat IceCold KappaClaus
40k viewers in major final dead game NotLikeThis
IceCold TTours
spam ? Kappa
SantaHat PogChamp
OSKAR IS BACK Kreygasm
OSCAR LUL
EU PLANT PogChamp
BOMB PLANT LUL
surrender already ffs big NotLikeThis
CUTEskar Kappa
sunny TROLL Jebaited
that ace steal DansGame
IceCold Kappa
i can erect KappaPride
NA AIM LUL
bot LUL
BOT LUL
styko plox LUL
BOT KappaClaus
nice lurk LUL
GOD B Kappa
BudStar SPAM BudStar THIS BudStar STAR BudStar TO BudStar HELP BudStar STYKO BudStar cuz oskart dont need your help 4Head
TableHere FlipThis FlipThis h SSSsss
GOD B PogChamp
bot ropz LUL
Ropz LUL
GOD B PogChamp
BIG PLAYS PogChamp
90000 IQ PogChamp
BudStar SPAM BudStar THIS BudStar STAR BudStar TO BudStar HELP BudStar STYKO BudStar cuz oskart dont need your help 4Head
chrisj confident on lan LUL
chrisj confident at any time LUL
:bug: PogChamp
no overwatch cmonBruh
G B Tacitcal MASTERMIND Kappa
1 tapsen!!! Kappa
STYKO LUL
SPAM THIS THUMB TO HELP NO ONE SeemsGood
LETS GOOO BIG StoneLightning
GODJ PogChamp
GOD J LUL
LAN J PogChamp
LAN J PogChamp
onlinej Kappa
LAN J PogChamp
KEEV LUL
BOT KEEV LUL
VACJ PogChamp
CHRIS MAIN AWP PogChamp
Der Chat ist DEUTSCH / DatSheffy
LanJ PogChamp
LANJ Kreygasm
BOTS LUL
@Insomniuhh HeyGuys
LanJ PogChamp
LanJ Clap PogChamp
ME ORC ME SPAM NO MODS NO BAN SMOrc
online J > lan J LUL
@insomniuhh <3
Zee Zed LUL
MOUSESPORTS: NO NIKO, NO PROBLEM Kappa
Uh-Oh double awp PogChamp
Der Chat ist DEUTSCH / DatSheffy
ME ORC ME SPAM NO MODS NO BAN SMOrc
chrisJ SantaHat PogChamp
GALUL LUL
@s1monis zdravím LUL
Z IS PRONOUNCED zed in canada :D
BELAL? ANELE
Clap PogChamp
ME ORC ME SPAM NO MODS NO BAN SMOrc
SPAM KOBE TO HELP GOB B 4Head
Clap DatSheffy
BUG LUL
ez LUL
Clap LUL
GO Bi LUL
BOT LUL
keev LUL
saved LUL
handshake skillz LUL
KFC MANAGER LUL
weird :D
keev NotLikeThis
BIG FailFish
HIGH FIVE LUL
LanJ Clap PogChamp
LAN J PogChamp
SMOrcSMOrc ME DIS STREAM ME SPAM NO MODS NO BAN SMOrc
HIGH FIVE LUL
surf PogChamp
BIG CHANCE LUL
biiiiig Kreygasm
EU SAVE LUL
MOUSESPORTS: NO NIKO, NO PROBLEM Kappa
taip 5 if u dont have a life LUL
# >(
SPAM THIS GRIN TO HELP TABSEN 4Head
ME ORC ME SPAM NO MODS NO BAN SMOrc
BIG ON LAN 4Head
GG HSWP
@SirHammy123 haha ;)
SPAM THIS THUMB TO HELP NO ONE SeemsGood
Crowd LUL
big -> >(
SPAM THIS THUMB TO HELP NO ONE SeemsGood
SPAM KOBE TO HELP GOB B 4Head
mouz win :(
DEAD CROWD DEAD GAME LUL
BIG ON ANY MAP THAT ISNT INFERNO LUL
SPAM KOBE TO HELP GOB B 4Head
SMALL > BIG LUL
GLAWKS Clap SwiftRage
GLAWKS LUL
SPAM KOBE TO HELP GOB B 4Head
PANTS DOWN LUL
Glock LUL
pants down KappaPride
NO PANTS JUST SAUCE LUL
SPAM THIS SQUID TO HELP TABSEN SabaPing
42K Views in Final Major LUL
Dazed in 2017 EleGiggle
SPAM THIS SQUID TO HELP TABSEN SabaPing
BIG IN 2017 LUL
SPAM THIS THUMB TO HELP NO ONE SeemsGood
tier3 Championship LUL
ME ORC ME SPAM NO MODS NO BAN SMOrc
@exileuniverse DansGame
KKona forsenGun ANELE
Clap DatSheffy
ChrisJ Kreygasm
7-1 BlessRNG
@jahtimakkara69 Tervist seltsimees! LUL
SPAM THIS SQUID TO HELP TABSEN SabaPing
pubg LUL
7x1 vs germany is a brazilian revenge for world cup WutFace
you wish LUL
IceCold StoneLightning
GODSKAR PogChamp
7-1 BRAZIL LUL
L E G E N D LUL
NO BUG NO WIN LUL
Common wallbang silvers NotLikeThis
VACSKAR LUL
BRA71l LUL
NO BUG NO WIN NO BUG NO WIN NO BUG NO WIN NO BUG NO WIN LUL
DADDY Kreygasm
BIG WITHOUT A JUMP BUG LUL
Clap PogChamp
Clap PogChamp
NO BUG NO WIN NO BUG NO WIN NO BUG NO WIN NO BUG NO WIN LUL
@insomniuhh BUG LuL Kappa
german cs Clap DatSheffy
GERMANY LOSING 1-7 LUL
NO BUG NO WIN NO BUG NO WIN NO BUG NO WIN NO BUG NO WIN LUL
BIG WITHOUT A JUMP BUG LUL
BRA7-1L LUL
BIG after the only tournament they used the JUMP BUG danLUL LUL
Go Big or Go Home❤ <3
BUG > BIG LUL
SPAM THIS KITTEN TO HELP BRITAIN DxCat
TABSEN HEAVY HITTER MingLee
Spam this Bae To help ChrisJ PMSTwin
SantaHat TriHard
OskerSports PogChamp
DxCatDxCat SPAM THIS KITTEN TO HELP BRITAIN DxCat
spam this to save ropz's forehead 4Head
NOOBSKAR LUL
why isnt big using smokes LUL
miss 1 shot = BOT, nice logic chat LUL
BIG almost lost against bot academy ( north ) LUL
BIG LUL
3 CT AKs LUL
BUDGET MOUZ LUL
SPAM THIS RIG TO HELP BIG copyThis
Clap PogChamp
STYKO headset ? KappaPride
@Warincoming ikr Twitch chat is always better than pro players LuL NotLikeThis
gg LUL
ez LUL
OUTPLAYED PogChamp
BOTS LUL
BEAUTIFUL Kreygasm
SO EZ LUL
NO BUG NO WIN NO BUG NO WIN NO BUG NO WIN NO BUG NO WIN LUL
SPAM THIS PISS TO HELP CHRIS MorphinTime
BIG without glitches LUL
rkt ez LUL
SILVER CHAT CurseLit
SPAM THIS RIG TO HELP BIG copyThis
SPAM THIS keepo TO HELP STYKO Keepo
BIG BOTS LUL
@SEAM4N Oskar is czech tho! :D
BIG was like OMFG we won against north ACADEMY we can win this whole tournament LUL
knicks LUL
BIG TriHard
BAD LUL
SPAM THIS keepo TO HELP STYKO . Keepo
SantaHat SantaHat SantaHat SantaHat SantaHat cmonBruh
SPAM THIS PISS TO HELP CHRIS ! MorphinTime
SUOMEN SUO SMOrc
BIG = BAD EleGiggle
Both of these teams are just terrible FailFish
@csgoloverinho cmonBruh
SPAM THIS DOGGO TO HELP OSKAR FrankerZ
spam this tuna for good fortuna SabaPing
SILVER CHAT CurseLit
BIG LUL
GAY STYKO PogChamp
SantaHat SabaPing
NIKO was the problem Kreygasm
Godskar LUL
SPAM THIS FOR NO REASON TriHard
mouz best german team without a single german player LUL
Mackrelelele SabaPing
omg no please it's more annoying than xD spam HappyJack
@88joni88 LOL ikr :D
for no reason TriHard
SPAM THIS RIG TO HELP BIG copyThis
Čo to má STYKO za buzerantské slúchadlá? :D
team go home 4Head
flash LUL
SPAM copyThisTHIS copyThisRIG copyThisTO copyThisHELP copyThisBIG copyThis
ROPZ EYE WutFace
So many nades yet no kills NotLikeThis
SlyJeremy AngryJack
EZ AF LUL
Spam this CAT to give respect to SantaHat CoolCat
16-1 BlessRNG
ECO FRAGS 4Head
i’m gay but nobody will see this KappaPride
BIG SantaHat LUL
ECOFRAGS LUL
go BIG or go ... Kappa
SPAM THIS RIG TO HELP BIG copyThis
SantaHat KappaPride
16-1 Kappa
SMART PogChamp
AHAHAHAHAHAH LUL
BUG LUL
Styko Claus Kappa
just rush the awp LUL
SPAM THIS RIG TO HELP BIG copyThis
LMFAO LUL
BIG major spot LUL
SPAM THIS RIG TO HELP BIG xd copyThis
NEXT MAP PLEASE BabyRage
Spam this CAT to give respect to SantaHat CoolCat
GO HOME 4Head
BIG WITHOUT PRE PATCH INFERNO LUL
SPAM THIS RIG TO HELP BIG copyThis
16 - 1 CONFIRMED LUL
just forfeit LUL
nutty KappaPride
Clap Clap Clap DatSheffy
@GoodGat "peak" IceCold LUL
mouz online mouz on lan PogChamp
L E G E N D LUL
16-1 4Head
Throw LUL
SPAM THIS GAY TO HELP CHRISJ KappaPride
hope BlessRNG
BIG is good without glitches Kappa
Spam this CAT to give respect to SantaHat CoolCat
2ND ROUND FOR :bug: ?? PogChamp
SPAM THIS GAY TO HELP KappaPrideKappaPride CHRISJ KappaPride
@VRT1N LUL
BIG without BUG LUL
SPAM THIS RIG TO HELP BIG copyThis
TIMING WutFace
timing LUL
Clap PogChamp
5v2 LUL
2v5 LUL
2VS4 LUL
DEAD CROWD LUL
NOT EVEN OSKAR CAN CARRY LUL
2v5 LUL
5v2 nice throw mouz LUL
TABSEN best awp in team LUL
2v5 LUL
SPAM THIS RIG TO HELP BIG copyThis
KEEV :)
back on the board 10-2 LUL
SantaHat LUL
1v9 LUL
BIG = FAT LUL
IceCold DansGame
FACE LUL
SPAM THIS RIG TO HELP BIG xd copyThis
Flusha v2 4Head
10-2 smile :)
SantaCap :)
P G G E R S PogChamp
NO BUG NO BIG LUL
suNny :)
BIG BELLY LUL
5v2 4Head
IceCold :)
Spam this bunny to help Sunny FrankerZ
Spam this CAT to give respect to SantaHat CoolCat
nice team flash :D
> CoolCat
SCAREDSEN LUL
BOTSEN LUL
tabsen 4Head
2x5 LUL
U LUL
tabsen tilter LUL
tabsen LUL
BOTSEN LUL
tabsen angry Kappa
Spam this CAT to give respect to SantaHat CoolCat
BIG BELLY BURGER LUL
WHAT SwiftRage
TABSEN TILTED LUL
MADSEN LUL
SPRAYSEN LUL
NO BUG NO BIG LUL
SantaHat :)
GOD B LUL
Spam this gay to help chrisJ KappaPride
No jump bug no big LUL
GOB PogChamp
BIG WITHOUT BUG LUL
TopHat R)
Spam this CAT to give respect to SantaHat CoolCat
Spam this CAT to give respect to SantaHat CoolCat
he will lose LUL
SantaHat :)
BIG = Bad In Games LUL
cat LUL
CHOKESPORTS LUL
SantaHat :D
2v5 PogChamp
EU RETAKE LUL
GOD B PogChamp
200IQ Kreygasm
200 IQ PogChamp
GOD B PogChamp
GOD B Kreygasm
GOB GOD PogChamp
GOD B PogChamp
GOB B BIG BALLS PogChamp
G.O.D. B SantaHat Kreygasm
1 000 000 IQ PogChamp
STYKO IS SO BAD FailFish
INTENSE BOI :D
dont get koky BIG FAT LOSER LUL
200 iq PogChamp
the bALLS to not peak PogChamp
Spam this CAT to give respect to SantaHat CoolCat
FAK LUL
Such a smart play PogChamp
German Engineered Round PogChamp
FAK FAK FAK FAK FAK LUL
wuhuuuuu !!!!!! Gob B <3
OVERPASS FAK LUL
1-13 14 ADR BOTIJA LUL
BIG is throwing but GOD B in this clutche sman WutFace
1939 iq LUL
CHAT SO CRINGY LULU LUL
ez 16-10 Keepo
keev LUL
KEEV 4Head
TRILLION IQ PogChamp
keev OpieOP
Spam this CAT to give respect to SantaHat CoolCat
NOT TILT PogChamp
LEGIJA 1 KILL LUL
BIG players LUL
@fuhain they are happy because they go on lan :)
200 IQ LUL
Adolf CS Jebaited
Spam this CAT to give respect to SantaHat CoolCat
BIG BELLY LUL
1 IQ play PogChamp
THIS CHAT IS SO CRINGY LUL
IceCold Jebaited
denis was the problem LUL
NA FLASH LUL
TEAM FLASH LUL
SPAM THIS RIG TO HELP BIG copyThis
TK Flash LUL
TABSEN LUL
NA FLASH LUL
@flaredex ;)
na flash LUL
Nice flash LUL
SPAM THIS RIG TO HELP BIG copyThis
NA FLASH LUL
silver chat LUL
BIG IS TRASH LUL
BOT LUL
bot ChrisJ LUL
4;3 LUL
4:3 LUL
debil LUL
BOT J LUL
BOT J LUL
THIS CHAT IS SO CRINGY LUL
Seeders : 103 , Leechers : 11 = 114 <3
1-14 LUL
HES GOT FIVE HEAD 4Head
1-14 LUL
LEGIJA 1/14 LUL
1/14 LUL
LIGIJA LUL
1/14 PogChamp
LEGIJA 1 KILL LUL
1-14 LUL
SoSnowy PJSalt
onsBaited onsBaited Jebaited
-ropz +dennis LUL
LEGIJA IS JUST RIPPING THEM APART PogChamp
LEGIJA LUL
LEGIJA LUL
legia LUL
one kill in 14 ronds LUL
NA Casters LUL
LEGIJA 4Head
the mighty anchor legija MingLee
2 IQ LUL
SoSnowy PJSalt
BOT B LUL
1k/14d SERIOUSLY? LUL
BOT B LUL
LEGIJA OUT BUG LUL
mouz noobs lost back to backs 2x5 10-5 inc now LUL
LEGIJA is a kevlar player? LUL
BUILD A HOUSE TO HELP MOUSE PunchTrees
@ZoumBaDouWowPifPif It's water ;)
1/15 LUL
NO BUG NO BIG 4Head
BUILD A HOUSE TO HELP MOUSE 345 PunchTrees
LEGJIA BOT - EASY LUL
GO BUG OR GO HOME 4Head
BUILD A HOUSE TO HELP MOUSE PunchTrees
GO BUG OR GO HOME 4Head
BIG COMMITMENT MingLee
@xBenekk ty! looks like milk ;)
BUILD A HOUSE TO HELP MOUSE PunchTrees
BUILD A HOUSE TO HELP MOUSE PunchTrees
CHOKE LUL
bot sunny LUL
GO BUG OR GO HOME LUL
NO BUG NO BIG LUL
B G LUL
Spam this CAT to give respect to SantaHat CoolCat
legiah throwing for skins? LUL
killed by legija = kick LUL
BUILD A HOUSE TO HELP MOUSE PunchTrees
WANNA HEAR A JOKE ? LEGIJA LUL
NO BUG NO BIG ReinDeer IceCold LUL
THERE'S STILL CT SIDE FailFish
Spam this CAT to give respect to SantaHat CoolCat
BIG legends on major 4Head
Feelin it Kreygasm
Go BUG or go home LUL
LEGIJA LUL
LGBT? KappaPride
gob b topfragging LUL
? KappaPride
mouz <3
LGBT? KappaPride
STYKO KappaPride
SPAM BASKET TO BURY BIG IN A CASKET panicBasket
NO BUG NO WIN LUL
Spam this CAT to give respect to SantaHat CoolCat
New York Knicks PogChamp
1-15 legija LUL
DE CSGO LUL
kossanWut CoolCat
TEC9 LUL
IceCold LUL
GJA LUL
LEGIJA LUL
LEGIJA so bad LUL
1-16 LUL
1- 16 LUL
kossanWut HSWP
1-16 LUL
7 TriHard
GOD OpieOP
1-16 LUL
sSAVE USP LUL
Spam this CAT to give respect to SantaHat CoolCat
legija NotLikeThis
poor legija LUL
tabsen LUL
ez 1v5 LUL
SHAKE YOUR twitchRaidDIKK TO HELP twitchRaidBIG twitchRaid
tec 9 LUL
TEC 9 LUL
tec9 in 12/17 LUL
clutch 4Head
tec LUL
NICE GUN LUL
\ / PogChamp
KEK9 :(
1/16 LUL
Spam this CAT to give respect to SantaHat CoolCat
1-16 LUL
1-16 LUL
1-16 LUL
1-16 LUL
1-16 LUL
LEGIJA LUL
1-16 LUL
5v4 LUL
1-16 time for eco frags LUL
gg 16-11 nt mousesports Keepo
keev is the MICHELLIN guy LUL
EU MOLLY PogChamp
one could say, "legij-ing" it LUL
@k0BRA_tv IceCold FailFish
I killed a muslim the other day, i can't find allah :(
IceCold SoSnowy NotLikeThis
sunny LUL
@k0BRA_tv @Joco413 rofl you guys :D
SantaHat SoSnowy DansGame
CS:GO LUL
IceCold NotLikeThis
1-16 Legia bot LUL
He was standing still LUL
CSGO LUL
SantaHat SoSnowy LUL
RACIST MODS DansGame
@k0BRA_tv ThunBeast
SoSnowy LUL
gotta be running or fully stopped Kappa
IceCold SoSnowy LUL
2-16 PogChamp
BUILD A HOUSE TO HELP MOUSE PunchTrees
BM LUL
500Q LUL
CHARITY LUL
2 FRAGS LUL
2-16 PogChamp
200 IQ PogChamp
11-16 HLTV confirmed Kappa
SantaHat SoSnowy LUL
2 PogChamp
RAPGOD PogChamp
2-16 PogChamp
FINALLY 2 KILLS CONGRATS LUL
20000iq Jebaited
EU IQ LUL
450 LUL
200 iq LUL
2kill PogChamp
LEGIJA LUL
$450 LUL
450 LUL
450 LUL
2-16 LUL
450 LUL
4 MP9 PogChamp
216 IQ PogChamp
$450 LUL
2-16 LUL
450$ PogChamp
BLIND LUL
??? LUL
nex LUL
@onscreen <3
NEX LUL
BUILD A HOUSE TO HELP MOUSE PunchTrees
@ONSCREEN HeyGuys
12,4 IQ PogChamp
MP9 meta PogChamp
Keev IceCold SoSnowy LUL
ThrowSports LUL
FAZE CLAN LUL
NA MATHS LUL
@onscreen Jebaited
big = f a t LUL
@onscreen LUL
cz LUL
BUILD A HOUSE TO HELP MOUSE PunchTrees
cz on buy round LUL
@ONSCREEN PogChamp
game too loud WutFace
@ONSCREEN LUL
@ONSCREEN HeyGuys
QUICK MAFS TriHard
Legija frag PogChamp
tabsen Kreygasm
@ONSCREEN Rofl :D
@onscreen how were the kebabs? :D
SantaHat SoSnowy LUL
SPAM THIS BLUE WIG TO HELP BIG HotPokket
Big is Back Go Big or Go Home German for win ❤❤ <3
Tapsen = noob LUL
@ONSCREEN <3
SPAM THIS LESBIAN TO HELP TABSEN HotPokket
@agtx have you ever tried gasoline in water + fire? try it :)
chokesports LUL
@Hiko HeyGuys
ONLINERSPORTS LUL
SantaHat SoSnowy NO BUG SantaHat SoSnowy NO BIG SantaHat SoSnowy LUL
sunny doesnt find ak LUL
TRASH B LUL
SPURT Kreygasm
chokesports LUL
SoSnowy LUL
legija LUL
@ONSCREEN MU3-1AFC LUL
nex PogChamp
SantaHat SoSnowy NO BUG SantaHat SoSnowy NO BIG SantaHat SoSnowy LUL
CHOKE LUL
SantaHat IceCold LUL
Knicks LUL
? ANELE
CHOKESPORTS LUL
4v5 every round LUL
Hats not banned WutFace
KNICKS LUL
NEX PogChamp
WATER BURNING VALVE NICE GAME LUL
2 kills PogChamp
chokesports is back PogChamp
still 2/17 LUL
@mwcs1 kys matt LUL
GERMAN CS LUL
SPAM THIS CHEESE TO HELP MOUZ PLEASE StinkyCheese
vintage chokesports PogChamp
The Hax are in the Hats PogChamp
silver chat LUL
CHOKE SPORTS WHAT'S NEW LUL
"LOL" LUL
IT'S COMING ANELE
tRACTING? LUL
LEGIJA 2k17 2-17 LUL
GLOBAL CHAT PogChamp
BOTJ LUL
onlineJ LUL
nice try Kappa
J LUL
WHIFFJ LUL
onlineJ IceCold Kappa
BOT J LUL
BOTJ LUL
J LUL
RED HSWP
CHRIS LUL
WHIFF J LUL
SantaHat SoSnowy NO BUG SantaHat SoSnowy NO BIG SantaHat SoSnowy LUL
J LUL
Chris LUL
just csgo :)
ONLINER J LUL
..onlineJ IceCold Kappa
49 IQ play PogChamp
ONLINE J LUL
ChrisJ LUL
RIP LUL
SPAM THIS KAPPACLAUS TO HELP MOUZ KappaClaus
Support Big Go Big or Go Home <3
my spelling FailFish
useless sunny LUL
Knicks hat LUL
SPAM THIS CHEESE TO HELP MOUZ PLEASE StinkyCheese
plant the bomb FailFish
CHOKE SPORTS LUL
IceCold LUL
IceCold Kappa
BOTGIJA PogChamp
"plant the bomb" BrokeBack
DEAD CROWD LUL
BUILD A HOUSE TO HELP MOUSE PunchTrees
SPAM THIS GAY TO HELP CHRISJ KappaPride
IceCold FailFish
2-17 PogChamp
SORRY USA ANELE
it's 4 vs 5, bois FailFish
SoSnowy ANELE
gold nova players FailFish
Spam this CAT to give respect to SantaHat CoolCat
SPAM THIS CHEESE TO HELP MOUZ PLEASE StinkyCheese
BUILD PunchTreesA PunchTreesHOUSE PunchTreesTO PunchTreesHELP PunchTreesMOUSE PunchTrees
SoSnowy LUL
??? LUL
IceCold ANELE
LINE UP LUL
SPAM KappaClausTHIS KappaClausKAPPACLAUS TO KappaClausHELP MOUZ KappaClaus
SPAM THIS CHEESE TO HELP MOUZ PLEASE StinkyCheese
That stupid peek no flash FailFish
GOD B PogChamp
SPAM TO HELP SUNNY TwitchRPG
SMARTB PogChamp
how did tthey recover LUL
legia LUL
SPAM THIS NAY TO HELP CHRISJ VoteNay
200IQ B PogChamp
BIG CLUTCH LUL
GOD LEGIJA Kappa
nice throw mouseports LUL
baiter ropz LUL
HMM, DO I HAVE TIME OpieOP
Clap ANELE
SPAM THIS CHEESE TO HELP MOUZ PLEASE StinkyCheese
nt OpieOP
HE HAD TIME FailFish
10IQ :D
JE JAD TIME LUL
pick up the bomb LUL
chat LUL
No kit FailFish
HE HAD TIME LUL
NA BODY TYPE OpieOP
Chat FailFish
Clap OpieOP
HE HAD TIME BabyRage
he had TIME LUL
One more and im out chat LUL
SILVER CHAT LUL
silver chat FailFish
CLAP ANELE
he didnt chat LUL
Spam this CAT to give respect to SantaHat CoolCat
kit ... silver chat LUL
HE HAD TIME 4Head
he didn't have time LUL
"he had time" KIDS LUL
silver chat 4Head
HE HAD TIME, I´M GLOBAL FailFish
SILVER CHAT LUL
HE HAD TIME 4Head
mouz 2k17 LUL
@fixions you're silver LUL
HE DIDN'T HAVE TIME OMFG LUL
NO TIME, silver chat FailFish
Finn3gan LUL
SILVER CHAT 4Head
he had time im rank 1 rank-S 4Head
only real LULer can build this perfect pyramid . Try like me !Try like me ! Try like me !! And my pyramid still higher!!!!!! LUL
ropz = 12 years old and 12 inch 4Head
Chat LUL
HE HAD NO TIME NA CHAT PogChamp
even if you don't have time, why not stick it? SantaHat SMOrc
BOT LEGIJA LUL
you are all silver omg LUL
TIME POLICE HERE HE HAD TIME BabyRage
legija deadweight LUL
NO TIME LUL
B G LUL
I DIDNT FCKING SILVERS PogChamp
GOD LEGIJA PogChamp
LEGJIA SO FKIN BAD...SO BAD SO BAD LU LUL
@shi_soo_yung MingLee
big LUL
LEGIKA Keepo
LEGIJA TakeNRG
BUG CLAN LUL
TIME POLICE EleGiggle
legija lost them round LUL
DON'T TALK IN CHAT UNLESS YOU'RE A HAVE A HIGH RANK (GN2 OR HIGHER) FailFish
NOW THEY WILL JUST ABUSE BOMBSIDE THAT LEGIJA COVERING LUL
PALA LUL
SantaHat STYKO Kappa
SPAM THIS CHEESE TO HELP MOUZ PLEASE StinkyCheese
@iBUYPOWER_IS_GARBAGE nice nickname SeemsGood
GN2 IS NOT A HIGH RANK LUL
imagine being triggered by twitch chat in 2017 LUL
DON'T TALK IN CHAT UNLESS YOU'RE A HAVE A HIGH RANK (GN2 OR HIGHER) FailFish
SantaHat SoSnowy NO BUG SantaHat SoSnowy NO BIG SantaHat SoSnowy LUL
@iBUYPOWER_IS_GARBAGE GN2 IS NOT HIGH RANK I AM GN3 THIS IS HIGH RANK LUL
I AM GOLD NOVA THEREFORE CHAT IS SILVER LUL
SantaHat KappaPride
styko = KappaClaus
So Bad LUL
DON'T TALK IN CHAT UNLESS YOU'RE A HAVE A HIGH RANK (DMG OR HIGHER) FailFish
SPAM THIS CHEESE TO FEED MOUZ PLEASE StinkyCheese
EU CROWD LUL
mouse esports TriHard
high rank gn2 LUL
LE REDDIT GLOBAL LUL
DMG HIGH LUL
IceCold LUL
ONLY SPEAK IN CHAT IF YOU ARE A HIGH RANK (gold nova 2) FailFish
EU FLASH LUL
PALA PogChamp
BUG Clan SantaHat SoSnowy LUL
dont talk in chat unless you are global elite or lower Kappa
BIG <3
@nok1c HeyGuys
@shi_soo_yung my bad Kappa
DON'T TALK IN CHAT UNLESS YOU'RE A HAVE A HIGH RANK (DMG OR HIGHER) OMEGALUL FailFish
Only speak in chat if you're a high rank Kappa
2-20 LUL
SantaHat 4Head
PALA BEHIND THE SCENES FILMING PogChamp
Eco Killer LUL
PALA ? KappaPride
FPL b o i s PogChamp
@wankrflaps Kappa
MY BROTHER IS MGE THEREFORE I AM SMART 4Head
SantaHat SoSnowy NO BUG SantaHat SoSnowy NO BIG SantaHat SoSnowy LUL
stalker Kappa
PALA LUL
SPAM McRib TO HELP BIG PJSugar
pala :D
PALA <3
PALA LUL
O_o LUL
PALA Kreygasm
PALA LUL
PALA LUL
im a pro player B)
@godazed LUL
PALA LUL
PALA CRINGE // Jebaited
SantaHat SoSnowy 4Head
EU CAMERA LUL
pala PogChamp
Papa LUL
pala finding himself a good looking boy KappaPride
2-20 LUL
SoSnowy LUL
pala LUL
@godazed shitty LUL
cringe pala Jebaited
2-20 LUL
SO EXITING LUL
@DreamHackCS Kreygasm
3 kill PogChamp
@DreamHackCS PALA is so cringe, please fire him Jebaited
third kill PogChamp
@DreamHackCS THAT SPELLING LUL
LEGIJA LUL
3-20 PogChamp
3-21 LUL
IJA LUL
Tier 3 game LUL
biiiigggg <3
bot b LUL
3 KILLS FOR LEGIJA, WHAT A GOD PogChamp
3-21 LUL
CHIEF KEEV LUL
KEEV 1v4 LUL
IJA BTW LUL
NO BUG NO BIG 4Head
3 2 1 LMAO LUL
MAJOR LEGENDS LUL
LEGIJA DELETE CS PLS Jebaited
WIRELESS MOUSE LUL
KEYBOARD TILT LUL
any s? VoHiYo
Crowd PogChamp
LEGEND TEAM BTW LUL
3-21 LUL
?? VoHiYo
LEGIJA AWPING LUL
Spam this CAT to give respect to SantaHat CoolCat
1945 flashback WutFace
OSKAR TOP 5 AWP or VoteYea? VoteYea
3 IceCold LUL
keev LUL
ReinDeer VoHiYo
3-21 BloodTrail
??? LUL
keev LUL
if Legia plays bad, BIG LOSE :)
LEGIJA DELETE CS PLS Jebaited
3-22 throw LUL
IceCold PogChamp
Spam this CAT to give respect to SantaHat CoolCat
2 awp LUL
Tier 3 Major LUL
LEGIJA LUL
IceCold ANELE
bot Legija 3-22 LUL
CROWD BabyRage
322 PogChamp
GHOSTS WutFace
IceCold WutFace
SantaHat CoolCat
SPIRITS WutFace
IceCold WutFace
WutFac LUL
IceCold LET ME OUT WutFace
EU crowd LUL
3v2 LUL
SPAM THIS CHEESE TO FEED MOUZ PLEASE StinkyCheese
LEGIJA DELETE CS PLS Jebaited
StoneCold WutFace
WALLS Kappa
3 vs 2 LUL
IceCold WutFace
4 PogChamp
SantaHat styko Kappa
4 kills PogChamp
4v2 LUL
3-22 PogChamp
ANOTHER KILL PogChamp
4-21 PogChamp
4 frags PogChamp
a kill PogChamp
GOOD DAY LUL
BOT LEGIJA LUL
HE DIDNT SHOOT LUL
4 kills LUL
why shot noob LUL
LOEGIJA GOT A KILL PogChamp
LEGIJA DELETE CS PLS aaaaas Jebaited
legija FailFish
4-22 LUL
LEgija LEG LUL
MiniK IceCold :pick: Don't worry son, i'm gonna get you out of there. Kappa
BOGDAN PogChamp
He killed PogChamp
Spam this CAT to give respect to SantaHat CoolCat
4-22 LUL
SantaHat SoSnowy NO BUG SantaHat SoSnowy NO BIG SantaHat SoSnowy LUL
4 KILLS LUL
SantaHat PogChamp
2 IQ LUL
4-22 LUL
3 VS 5 LUL
4-21 LUL
25 ROUNDS 4 KILLS LUL
4-22 LUL
3 VS 5 LUL
gg LUL
? TriHard
WE LOST 4Head
4-22 LUL
GG LUL
Spam this CAT to give respect to SantaHat CoolCat
IceCold LUL
GOD LEGIJA Kreygasm
2-0 mouz LUL
?? TriHard
50K viewers dead game LUL
BUDGET ANDERS LUL
Clap TriHard
styko ma boyyyy :D
4-22 LUL
SantaHat PogChamp
budget anders LUL
BUDGET ANDERS NA SEMMLER DansGame
Music Kreygasm
budget anders and semmler? LUL
sports won Overpass 16-9 (picked by BIG), 2nd map is Mirage (picked by Mousesports) & 3rd map is Cbble (decider) Mau5
SantaHat Clap TriHard
@phourks YES HOLY SHIT STOP ASKING 4Head
4-22 LEGIJA LUL
Fake Anders LUL
Budget Anders Kreygasm
Cam position WutFace
NA ANDERS IceCold LUL
Fake Anders WutFace
SELLOUT LUL
Sellout IceCold Kappa
budget anders Jebaited
Suit Jacket not Tuexedo 4Head
@Masterharis79 Thanks :)
10m LUL
vince is sellout LUL
IceCold Kappa
ASTRO LUL
GUESS LEGIJA´S MM RANK ! GO ! Kappa
sixer LUL
Hen1 LUL
@Finn3gan higher than yours Kappa
Terminator PogChamp
im gonna buy it WutFace
Loud music WutFace
oneplus PogChamp
Mobile gaming 4Head
RIP Keyboard LUL
SourPls WutFace
I'VE NEVER DONE THAT DansGame
water resistant PogChamp
liars BibleThump
waterproof i can play in pool GTChimp PogChamp
HELL WutFace
Finally i can play my pc in the shower Kreygasm
Play on ... Water PogChamp
brb, time to use my keyboard in the bathtub Kappa
CS in the rain LUL
SHOWERING WITH A KEYBOARD DansGame
RAIN'S KEYBOARD PogChamp
lemme take my keyboard ot the desert LUL
play in sea PogChamp
play in rain 4Head
gaming in the rain so romantic <3
JUST IN TIME FOR DESTROY DUCK DECEMBER Kreygasm
no? LUL
Cs in bath tub LUL
NA JUMP LUL
GOD PogChamp
SILVERS LUL
extra $50 for pleb water resist LUL
only a 4k LUL
CLARA PogChamp
IceCold TriHard
SantaHat TriHard
CS IN BATH LUL
SCAMAZ WutFace
? TriHard
BAIT BAIT BAIT BAIT BAIT BAIT TriHard
GAMBLING PogChamp
Clap TriHard
I BOOST YO BET cmonBruh
ADVERTISING SCAMMING LUL
IceCold KevinTurtle
chat? cmonBruh
optic > faze LUL
SCAM LUL
Clap TriHard
intel in 2017/18 LUL
field tested PogChamp
>tfw you can hear someones skin colour TriHard
ReinDeer TriHard
SantaHat cmonBruh
animation LUL
Fnatic <3
cringe DansGame
I BET MY KIDNEY ON BIG LUL
fnatic going to TF2 battlements LUL
IceCold Kappa
NA SPRAY LUL
OH CRAB EleGiggle
LONG RANGE SPRAY LUL
Pay toWin WutFace
H A HAA SwiftRage
SPAM PogChamp
Pimp TriHard
VP LUL
Roasted LUL
Pimp LUL
mic ... wtf LUL
SELLOUT DansGame
"Pro" 4Head
Pimp LUL
the music Kreygasm
Wrong Side LUL
Roast PJSalt
SCRAWNY WINNING ????????? LUL
SHRIMP LUL
score is backwards LUL
gj on the score LUL
pimp losing 0-3 LUL
Graphic guy FailFish
BRA71L LUL
score keeper LUL
well done organizors LUL
Fixed match LUL
SCORE LUL
SAVED LUL
SAVED PogChamp
score LUL
COD LUL
TILTED Kappa
DAE Blast LUL
Rkt LUL
SantaHat LUL
NICE ONE ResidentSleeper
Scrawny living up to his name LUL
I put my whole inventory on Pimp :D
12 ADS WutFace
Scrawny is a Canadian caster LUL
Pimp FailFish
16-0 4Head
pimps still doing well infront of an audience 4Head
NEVER LUCKY BabyRage
BG MUSIC NotLikeThis
I wish I got a raise for every good idea I had Kappa
2 EZ LUL
16-0 LUL
10-0 inc 4Head
NA MUSIC LUL
TOO EZ LUL
silver LUL
MLG PogChamp
ARE YOU HAVING ADS I'M NOT LUL
BRA81L LUL
COMEBACK LUL
BOT LUL
RiP 16-0 BibleThump
ROASTED LUL
BRAZIL RUINED NotLikeThis
BRA81L LUL
FOX <3
MODS DansGame
comebacks 4Head
SO BAD LUL
@WarRoomPhilly It's only money :D
Scrawny's really good Kappa
9-16 Kappa
ACTUALLY LISTENING TO SOME1 THIS BAD LUL
ROAST LUL
Nice tournament 4Head
RIP LUL
ROASTED LUL
first to 11 LUL
@Simibali7rekt rip XD :D
Canada LUL
? TTours
ruined EleGiggle
SAVAGE PIMP LUL
Is it first to 11?? LUL
PIMP TO LIQUID LUL
I wanted to see more BabyRage
EZ PIMP <3
Canada IceCold LUL
Raise your cans in the air Kappa
PIMP TRANSFER TO FAZE HLYV CONFIMED LUL
At least NA isn't CAN CS LUL
not even an canadian org wants pimp tho LUL
NA CS LUL
akke KappaPride
PRERECORDED LUL
IceCold LUL
- LEGIJA + PIMP HLTV CONFIRMED LUL
even subroza plays better than pimp tho LUL
only 10 viewers for a major final dead game dead meme kill me ResidentSleeper
I'd smash KappaPride
@princess_hot_pocket doctorTONIC doctorHANDSHAKE doctorHANDSHAKE doctorHANDSHAKE HeyGuys
@MANSNOTHOT HeyGuys
GTChimp HSWP
ERIk PogChamp
Not Good enough for this LAN LUL
TUXEDO AND T SHIRT LUL
WENGER OUT BibleThump
ECO ANDERS LUL
ANDERS LUL
in a BIG way Kappa
FORCEBUY ANDERS LUL
Forcebuy ANDERS LUL
Search this : EBOD-249 Kappa
IceCold MANS NOT HOT IceCold TriHard
When your tourneament is so poor so you hire fake anders :D
SAVAGE LUL
@Moobot nobody asked 4Head
major final 37K viewers dead game LUL
Juice can come ago...but Sauce...Sauce sticks around. TriHard
Maps ? :D
major meme ResidentSleeper
toxic pimp Kappa
major final 37K viewers dead game LUL
Spam this to get a real Anders plz FrankerZ
SEARCHING FOR HAX LUL
Hax WutFace
DELAYHACK LUL
major final 37K viewers dead game' LUL
major final 37K viewers dead game LUL
IceCold Kappa
DELAYHACK LUL
major final 37K viewers dead game LUL
PALA CRINGE IS BACK PogChamp
IceCold Kappa
pubg has lesser viewrs LUL
That chain LUL
Astro Kreygasm
Teamspeak in 2018 LUL
@fabsnnn ANELE
WORKSHOP HAX 2015 LULMOUSE HAX 2016 HEADSET HAX 2017 LUL
gob b ANELE
Legiija LUL
UR FACE WHEN U WILL LOSE 2:0 4Head
Legjia 4 - 22 LUL
gobfather Kreygasm
Probably Unknown Boring Game ? LUL
BIG better VoteNay
LEGIJA LUL
if you don't do cocaine then you are a loser DBstyle
38k viewers progress LUL
that crowd, this game is DEAD 4Head
PlayerUnknown Ban Gamers LUL
legija -1 / 20 this map confrimed LUL
LEGIJA gonna drop 40 Kills Kreygasm
MANU WON 3-1 LUL
38k of people watching rerun EleGiggle
who care pubg LUL
pubg LUL
dead game dead crowd dead production ResidentSleeper
Probably Unknown Boring Game ? LUL
@insomniaticpanda mouz just won a major like a month ago LUL
dead chat ResidentSleeper
MIRAGE PogChamp
vs. DatSheffy
PUBG WHEN WE HAVE MINECRAFT LUL
I alway think of you PimpCSGO as kramer from seinfeld <3
GOD LUL
16-0 WutFace
@hollanddjw i saw that cmonBruh
Kramer from Seinfield :o
sunny Clap PogChamp
sunnY 4Head
39k viewers LUL
IceCold CurseLit
@SizZa147 saw what? nothing happened Kappa
@hollanddjw Kappa
Big ohne Bug LUL
NO BUG NO BIG 4Head
BOTSKAR LUL
NOOBS LUL
Oskar LUL
WTF LUL
SILVER SPRAY LUL
bot STYKO LUL
@PimpCSGO hope to see you play for dignitas soon :D
NaVi wasted spot in semis Kappa
SPAM THIS *** TO HELP BIG TriHard\ TriHard
@PimpCSGO HeyGuys
PHOON PogChamp
@PimpCSGO LUL
@PimpCSGO pimpPIMP pimpPIMP <3
MY CHAT EXPERIENCE BibleThump
ROPZ ;)
Cancer WutFace
7 TriHard
@PimpCSGO HeyGuys
@th3anas no nip , faze nor fnatic ...who will pay for t3 teams Jebaited
PimpCSGO <3
@pimpcsgo hi CoolStoryBob
SPAM THIS GUY TO HELP BIG TriHard
@PimpCSGO SUP <3
@DreamHackCS how did you make the sound so awesome? I fcking love it :D
ReinDeer TriHard
@neymarjr salve Kreygasm
pimp :D
pimp stop ruining the chat Kappa
FAKE PIMP WutFace
Hello! @PimpCSGO :D
Pimp not even modded LUL
SPAM THIS TRIG TO HELP BIG DoritosChip
@PimpCSGO show me a smoke bro Jebaited
@PimpCSGO ayy lmao LUL
Pimp PogChamp
Flash dodge PogChamp
keev hit a shot PogChamp
SPAM THIS DORITO TO HELP NIKO ... oh wait DoritosChip
Kein Bug Kein Big LUL
BOT B LUL
LuL LuL LUL
L L LUL
BOT B LUL
FAK LUL
PLAYED YOURSELF LUL
GOOOOODJ <3
Bot B LUL
BOT B IceCold LUL
IceCold LUL
rsik play from gob b, bomb wanst even plant for ct FailFish
-9999999 IQ GOB B LUL
SPAM THIS PUPPY TO HELP GOB B FrankerZ
ChrisJ 1000iq Kappa
MOUSEPORS PogChamp
@PimpCSGO Hay Pimp! :)
FrankerZFrankerZ SPAM THIS PUPPY TO HELP GOB B FrankerZ
Bug LUL
pimp <3
@pimpcsgo did you win the 1v1 thing Kappa
chrisJ knows how gob b plays so... :D
everyone wins gun fights against legija LUL
@PimpCSGO PogChamp
big without bug LUL
16-9 LUL
Chris LUL
B8 WutFace
ROPZ SMART Kreygasm
NO BUG NO BIG 4Head
BIG LUL
Spam to help Germany! MingLee
NO BUG NO WIN EleGiggle
BUG CLAN LUL
pimp LUL
STYKO LUL
pimpHype pimpHype SwiftRage
Bug, go home EleGiggle
NA EVENT LUL
tabsen FailFish
Dead Game WutFace
What is going on LUL
MAJOR AND DEAD CROWD 4Head
its a group match idiots FailFish
CULT WutFace
NA Spray LUL
16-0 BlessRNG
Please choke BlessRNG
IceCold TTours
16-0 BlessRNG
mouz on lan PogChamp
NO BUG NO BIG 4Head
COLT 1.6 BibleThump
major final 42K viewers dead game LUL
ADOLF CS LUL
MAJOR AND DEAD CROWD 4Head
JW banned PogChamp
SPAM THIS TORTILLA TO HELP LEGIJA DoritosChip
major final 42K viewers dead game' LUL
@lushungabir still group FailFish
JW ESL ban PogChamp
major final 42K viewers dead game LUL
I only see one team loaded what happened to BIG Kappa
Two bits Kappa
KQLY UNBANNED check hltv PogChamp
50 seconds FailFish
oskar WutFace
Major Legends LUL
@Juryss no way :D
NO BUG NO BIG 4Head
SPAM THE BOB TO HELP GOB CoolStoryBob
ROPZ PogChamp
major final 42K viewers dead game LUL
ropz NINJA PogChamp
bot nex LUL
NO BUG NO WIN EleGiggle
> TBCrunchy LUL
kennyS do this against best teams in world, Oskar do this against BiG ye same level LUL
TABSEN LUL
@Gullian099 dead meme 4Head
REMEMBER WHEN PEOPLE THOUGHT ROPZ HAX LUL
NO Sweat tho LUL
BIG gonna cry haha BibleThump
save tabsen :(
GERMAN CS LUL
NO BUG NO BIG LUL
RAPZ PogChamp
LULsen LUL
shroud subs LUL
Music LUL
SoSnowyBibleThump SoSnowy BibleThump
NO BUG NO WIN NO BUG NO WIN NO BUG NO WIN NO BUG NO WIN LUL
SoSnowy SoSnowy BibleThump
keev WutFace
IceCold SoSnowy SantaHat TriHard
tabsen cry :D
SWEATING JonCarnage
WTF LUL
ncie cover noob team WutFace
16-0 BlessRNG
16-0 GivePLZ
ez LUL
BUG LUL
SantaHat ANELE
Sunny ruined everything LUL
NO BUG NO WIN LUL
SPAM THE BOB TO HELP GOB CoolStoryBob
NO BUG NO WIN EleGiggle
16-0 BlessRNG
NO BUG NO WIN LUL
> PunchTrees
NO BUG NO BIG 4Head
RA Kreygasm
NO BUG NO WIN LUL
NO BUG NO WIN LUL
budget flusha LUL
NO BUG NO WIN LUL
8RAZ1L BlessRNG
NO BUG NO WIN LUL
16-0? Dream LUL
NO BUG NO WIN EleGiggle
gob b BrokeBack
@InsomniaticPanda 1on1 n4p? LUL
@merthins So they boosted themselfes? 20 IQ LUL
matchfixing ez pro scene Kappa
NO BUG NO WIN LUL
SPAM THE BOB TO HELP GOB CoolStoryBob
LIDL Flusha LUL
NIP 16 - 0 BUG FLASHBACKS BibleThump
@InsomniaticPanda i dont play CS LUL
NO BUG NO WIN EleGiggle
MAJOR LEGENDS LUL
16-0 4Head
9-0 SantaHat SoSnowy Clap SoSnowy LUL
16-0 Plz LUL
15-0 HALF LUL
16-0 INCOMING LUL
pro team btw LUL
16-0 BlessRNG
16-0 Kappa
SK LOST TO THIS LUL
PALM TREES PogChamp
16-0 mouz Kappa
poor bigs BibleThump
+420$ Kreygasm
GERMAN CS EleGiggle
16-0 BlessRNG
16-0 BlessRNG
SoSnowy :o
Big = Small? ? Kappa
16-0 BlessRNG
GAPING Kreygasm
G E R M A N CS LUL
BIG GAPING HOLE SantaHat SoSnowy Clap SoSnowy Kreygasm
gaping Jebaited
BIG GAPING HOLE LUL
NO BUG NO WIN EleGiggle
GAPING Kreygasm
double timing LUL
Gaping LUL
GAPING HOLE KAPPA LUL
NO BUG NO BIG PogChamp
SoSnowy PogChamp
Fill that gap up Kappa
NO JUMP BUG LUL
LEGIJA PRO PLAYER EleGiggle
CRY :(
GERMANY PLAYERS LUL
RUSH B Kappa
B I G EleGiggle
SantaHat SoSnowy Clap KappaRoss
German CS LUL
NO BUG NO WIN EleGiggle
16-0 dream BlessRNG
german cs NotLikeThis
CT SIDED MAP Kappa
IceCold LUL
NO BUG NO WIN LUL
SantaHat SoSnowy NotLikeThis
blob b LUL
IceCold NotLikeThis
CT sided BabyRage
FREE TABSEN BibleThump
just wait for Gaben to change mirage as it is too ct sided after this match :D
Never lucky BibleThump
german cs just as bad as turkish cs LUL
IceCold NotLikeThis
German CS FailFish
What more can i do NotLikeThis
SantaHat NotLikeThis
GERMAN COUNTER STRIKE IceCold SantaHat ReinDeer LUL
the dream BlessRNG
SoSnowy NotLikeThis
N O B U G N O B I G 4Head
tears of sadness :(
Sprinkle my Dingle SoSnowy Squid4
SMALL 4Head
NO BUG NO WIN EleGiggle
BRA71L BibleThump
16-10 Kappa
NO BUG NO BIG 4Head
16-0 BlessRNG
SoSnowy KappaClaus
NO BUG NO WIN EleGiggle
@isokarrhu Todellakin ;)
Throwing away utility GERMAN CS LUL
All big know is finding bugs... LUL
NO BUG NO BIG 4Head
10-16 CHECK HLTV PogChamp
NO BUG NO BIG 4Head
@tremmhd PogChsmp LUL
godJ PogChamp
nailing Kreygasm
ONLINEJ PogChamp
Chris!!!! PogChamp
NO BUG NO WIN EleGiggle
ONLAN J Kreygasm
SoSnowy PogChamp
GERMAN CS:GO LUL
16-0? LUL
16-0 actually happening PogChamp
16-0 BlessRNG
16-0 PogChamp
16-0 BlessRNG
BIG pro strats Kappa
@DreamHackCS JINX FailFish
16-0 LUL
SoSnowy SoSnowy SoSnowy SoSnowy PogChamp
16-0 BlessRNG
16-0 BlessRNG
this is matchfixing :(
FIFA AD TriHard
Jinx? FailFish
EVEN DREAMHACK SAYS 16-0 LUL
ChrispJ PogChamp
LanJ Kreygasm
stomp VoteYea
16-0 BlessRNG
16-0 EleGiggle
Salt Central SoSnowy PJSalt
SickJ Kreygasm
16-0 BlessRNG
NO BUG NO WIN EleGiggle
16 - 0 BlessRNG
SoSnowy FailFish
16-0 OpieOP
FADEAWAYJ Kreygasm
@DreamHackCS BabyRage
DreamHackCS Kappa
@DreamHackCS no jump bug no win LUL
COMEBACK Kappa
@DreamHackCS monkaS WutFace
11-0 FailFish
Big TriHard
Trade Nex for Tabsen SeemsGood
@DreamHackCS freedom speech looooool 4Head
??? LUL
BEING KIND BEING KIND EleGiggle
@DreamHackCS Do you love me? BibleThump
reaction LUL
BIG-B16 Kappa
@shroud PogChamp
The dream BlessRNG
NO BUG NO BIG 4Head
7 TriHard
BUG WAS THE PROBLEM 4Head
Big winning LUL
ONLANskar <3
NO BUG NO WIN EleGiggle
LEGIJA LUL
LEGIJA EleGiggle
USP'D EleGiggle
16-0 BlessRNG
16-0 EleGiggle
THE DREAM PogChamp
16-0 EleGiggle
SPAM THE BOB TO HELP GOB CoolStoryBob
16-0 BlessRNG
NO BUG NO WIN NO BUG NO WIN NO BUG NO WIN NO BUG NO WIN LUL
16-0 BlessRNG
3 more BlessRNG
16-0 BlessRNG
16-0 BlessRNG
16-0 LETS GOOOO Jebaited
16-0 inc SantaHat SoSnowy LUL
styko troll with usp LUL
BIG HAS MAJOR SPOT LUL
16:0 BlessRNG
IceCold 16-0 IceCold BlessRNG
The dream BlessRNG
GERMANY CS LUL
Legendary team LUL
SPAM THE BOB TO HELP GOB CoolStoryBob
SantaHat SoSnowy BlessRNG
IceCold BlessRNG
ZE Kappa
SoSnowy 16-0 SoSnowy BlessRNG
12-16 HLTV PogChamp
SPAM THE BOB TO HELP GOB CoolStoryBob
MAJOR LEGENDS 4Head
BIG LUL
NADE PogChamp
BIG without BUG EleGiggle
NO BUG NO WIN EleGiggle
AND BIG IS A LEGENDS TEAM 4Head
16-0 BlessRNG
17-2 confirmed fakehltv.KonCha KonCha
crab walk berettas LUL
16-0 BlessRNG
16-0 BlessRNG
12-0 LUL
16-0 16-0 16-0 16-0 16-0 16-0 16-0 LUL
More like BAD CLAN LUL
16-0 BlessRNG
16-0 DREAM LUL
FORSEN SUB DansGame
Rip 16-0 BibleThump
16-0 BlessRNG
SPAM THIS HERO FOR 16-0 BlessRNG
BOT LUL
NO TIME LUL
SoSnowy LUL
GOB LUL
16-0 LUL
AFTER TIME LUL
13-0 4Head
GOD B LUL
SoSnowy 16-0 SoSnowy BlessRNG
NA CS LUL
16-0 LUL
OMEGA FUCKING LUL
SantHat LUL
BOT B MrDestructoid
silver game LUL
16-0 THE DREAM LUL
Germany LUL
NO BUG NO BIG 4Head
LEGIDA LUL
KEEV 3-13 LUL
omg so rekt :D
ropz is cute <3
16-0 BlessRNG
NO BUG NO WIN EleGiggle
GERMANY CS WITHOUT CHEATS LUL
16-0 BlessRNG
Legija LUL
SantaHat LUL
NO MONEY LUL
LuL TopHat > LUL
SantaHat BibleThump
ZEEZEDZ LUL
gija LUL
nex LUL
13-16 CHECK HLTV PogChamp
nex LUL
LEGIJA ON PISTOl name a more ICONIC DUO LUL
SPAM THIS HERO FOR 16-0 BlessRNG
Have mercy, please BibleThump
germans LUL
IceCold LUL
SoSnowy PJSalt
16-0 BlessRNG
Hello Airpoty Its BIG 6 Tickets To Home Pls imGlitch
German cs LUL
TABSEN TOGGLE ON LUL
16-0 BlessRNG
SoSnowy LUL
VACSEN PogChamp
IceCold LUL
NO BUG NO WIN EleGiggle
SoSnowy PJSalt
BAITING LEGIJA LUL
DEATHMATCH EleGiggle
rhe dream BlessRNG
16-0 LUL
Best German Team LUL
no bug LUL
14 - 0 PLEASE JUST DISBAND AND SAVE TABSEN LUL
16-0 BlessRNG
NO BUG NO WIN EleGiggle
16-0 BlessRNG
16:14 Big Kappa
16-0 BlessRNG
What a BIG bug 4Head
LEGIJA BAITING TABSEN LUL
16-9 BlessRNG
16-0 16-0 GivePLZ
1-1 LUL
IceCold TriHard
SantaHat SoSnowy Clap SoSnowy TTours
WHAT IS THIS GLOBALS SMURFING IN GOLD NOVA? LUL
16-14 Kappa
16-0 BlessRNG
wtf LUL
16-0 4Head
has legija ever had a good map? LUL
VAC Kreygasm
Gap KappaPride
Hello Airpoty Its BIG 6 Tickets To Home Pls imGlitch
16 - 0 BlessRNG
16-0 BlessRNG
I BELIEVE BlessRNG
16-1 EleGiggle
THE WHAT PIN? TriHard
16-0 LUL
16-0 BlessRNG
NO BUG NO BIG 4Head
rush A LUL
Kick legija NotLikeThis
BIG without jump glitch LUL
BIG SAVING STRATS FOR MAJOR LUL
16-0 BlessRNG
tabsen is so sick :D
16-0 BlessRNG
German cs Kappa
the dream BlessRNG
keep the dream alive BlessRNG
2 ROUNDS AWAY FROM 16-0 BlessRNG
SUNNY LUL
SoSnowy 16-0 SoSnowy BlessRNG
NOOOOOOOOOOOOO BibleThump
LET'S GO 16 0 FrankerZ
SO BAD LUL
Comeback? PogChamp
why repeak oskar :(
16-0 BlessRNG
nooo BibleThump
RIP 16 - 0 :(
16-14 PogChamp
BM CLAP LUL
// Kappa
rip IceCold LUL
YEEEE LUL
KUMBAK LUL
16-14 LUL
16-14 inc Kappa
NICE CROWD LUL
Clap Kappa
Crowd LUL
comeback is real PogChamp
16-14 CONFIRMED DansGame
16 - 1 BlessRNG
NOOOOOOOOOOO BibleThump
// Kappa
16:14 LUL
1 LUL
GH LUL
#NOCLEANSWEAP :(
clap Kappa
NOT 16-0 BibleThump
RIP 16-0 NotLikeThis
reverse sweep LUL
16:1 LUL
WP Kappa
16 - 14 BIG WIIN HLTV CONFIRMED SantaHat Kappa
16-1 BlessRNG
tabseN PogChamp
14-16 CT SIDE MAP Kappa
THE RELIEF THE STRUGGLE IS REAL LUL
Tabsen BibleThump
RIP THE DREAM BibleThump
germans LUL
IceCold Kappa
WE'RE LOSING 4Head
KEEV COMEBACK PogChamp
RIP DREAM BibleThump
losing out of tournament. tabsen: LUL
16-0 BibleThump
16-14 PogChamp
CT MAP Kappa
cumback Kappa
14-16 BlessRNG
Comeback Kappa
DEICDER MATCH LUL
keev OpieOP
16-14 Kappa
14-16 AND 5 OVERTIMES FrankerZ
CHRISJ 4Head
tabsen DarkMode
14-16 HLTV CONFIRMED PogChamp
14-16 CT SIDED MAP Kappa
no bug bo win LUL
as long keev gets food he's happy 4Head
JAM PACKED Kappa
ANY SHAHZAM SUBS? ANELE
OSKAR Kappa
NO BUG :(
all ? SMOrc
WTF BIG 14-1 4Head
SantaHat TriHard
GOB PogChamp
SPAM THE BOB TO HELP GOB CoolStoryBob
ez 14-16 Kappa
LEGIJA STILL DEAD LUL
COMEBACK PogChamp
CSGO LUL
14-16 PogChamp
GOD B 16-14 GOD B 16-14 PogChamp
16 - 1 BlessRNG
15-15 LUL
GOD B Kreygasm
16 - 2 BlessRNG
DAYUM TriHard
Clap TriHard
DAYUM PogChamp
DAYUM cmonBruh
14-2 4Head
DAYUM TriHard
16-0 LUL
Comeback PogChamp
germans OpieOP
Gob-b = PogChamp
14-2 4Head
IF WE WIN EleGiggle
MOUSESPORTS LOOKING GOOD FOR THE MAJOR... LUL
LEGIJA LUL
WERE LOSING 4Head
Mans not hot BabyRage
b2b SCOUT HS WALlBANG PogChamp
TRADING LUL
TEC9 PogChamp
14-16 PogChamp
BOTH WALLBANGS THROUGH POSTS LUL
MANS NOT HOT MANS IS BIG Kappa
DOUBLE BANG PogChamp
16-2 BlessRNG
IT FACE WHEN U WILL LOSE 2:0 4Head
ECOD LUL
OMEGA. FUCKING. LUL
GOB B SHOWS HOW FUNNY IS PLAYING CSGO :D
ECOD? Kappa
inb4 ecoed LUL
16 - 2 BlessRNG
ECOD LUL
BOMB LUL
WTF LUL
BIG BOTS 4Head
4k with usp then eco'd NotLikeThis
Bot match LUL
BIG fan here OpieOP
MANS NOT HOT MAN IS BIG Kappa
NICE STRAT LUL
16 - 2 BlessRNG
what happend with LEGIJA? :D
NO BUG NO BIG MingLee
TARIK WINS THESE Kappa
Why does Ropz look like Chicken Little? LUL
JW GOT ARRESTED CHECK HTLV!! cmonBruh
MOUZ VS OLD MOUZ LUL
comeback? PogChamp
14-16 LUL
ALMOST LUL
@tarik HeyGuys
lul almost :(
he had time Kappa
mousesports have got it LUL
mouz have got it WutFace
NO KIT LUL
NA announcing LUL
still proud of 4K LUL
@tarik ANELE
why did they get off bomb LUL
MOUSEPORTS HAVE GOT IT??? LUL
16-14 4Head
positive vibes :)
mouz got it KappaClaus
4K LUL
gob b <3
GOB B RAGE 4Head
nt ? not time StoneLightning
GAP Kappa
big <3
only 13 more rounds 4Head
Thinking BIG can actually comeback EU IQ LUL
we are loosing, lets laugh its professional 4Head
Nex NotLikeThis
BIG COMEBACK LUL
BURST LUL
GLCOK LUL
@Miracleam volvo LUL
sunny PogChamp
LEGIJA LUL
BURST GLOCK IN 2K17 LUL
God suNny PogChamp
SantaHat TriHard
JW joined the gangwars mexico check HLTV DatSheffy
anomNeighbor anomE \ / WutFace
THIS TIME BANGER PogChamp
deja vu PogChamp
SUNNY D LIGHT PogChamp
16 - 0 BlessRNG
STYKO FLANK PogChamp
ECOD LUL
Sunny PogChamp
ECO LUL
VAC Kappa
WTF ECO LUL
gg LUL
ECO LUL
Sunny PogChamp
Deagle spam ResidentSleeper
ECOd EleGiggle
MAD HE DIDN'T ACE LUL
legija LUL
sunny Kreygasm
Clap Kappa
TORILLE TAVAATAN Kappa
NA MOLLY LUL
BEST MOLLY EU LUL
Miikka Kemppi Kreygasm
LEGIJA GETS THE RIFLE OKAY LUL
WINLAND CS PogChamp
NA MOLLY LUL
NA MOLLY LUL
hujakst :D
NA grenades FailFish
Raikkönen PogChamp
NOVA LUL
NOVA Kappa
NA MOLLY LUL
NOVA IN 2017 NEW META LUL
NA MOLY LUL
NICE MAJOR LUL
spamming deagle :(
big boost, small wins LUL
GG LUL
SHOTGUSN LUL
Dead game LUL
Ropz hairlline LUL
@scippa who would match fox with 1.15 odds LUL
Big ohne Bug EleGiggle
NO BUG NO WIN EleGiggle
One step closer chester dead LUL
SantaHat Kappa
GERMAN CS GERMAN NOOBS LUL
XARTE PogChamp
BUG CLAN LUL
GG BOIS Kappa
close LUL
16-0 RUINED NotLikeThis
gg was close Kappa
CLUTCH OR KICK LUL
Deutscher CS LUL
gg LUL
BODY BIG Kappa
BG LUL
@pimpcsgo LUL
germans OpieOP
NO BUG NO WIN LUL
MOUZ BEAT OLD MOUZ LUL
DISBAND PogChamp
gob EleGiggle
KICKING THE GERMAN NOOBS OUT OF MOUSESPORTS WAS THE RIGHT MOVE LUL
LUCKY LUL
BUG HeyGuys
Germany CS LUL
budget anders LUL
BIG no BIG Kappa
GERMANISTAN CS LUL
EU vs GERMANY LUL
ANDERS LITE Kappa
/ 4Head
NA Anders Kappa
GOB B BibleThump
Gay background 4Head
IceCold LUL
\ 4Head
BUDGET ANDERS LUL
haHAA LUL
PALA 4Head
We just played good 4Head
OnlineJ Kappa
ChrisJ 4Head
BIG? weight and ego maybe, but nothing else FailFish
CARRIED LUL
LAN J PogChamp
Chrisj Kreygasm
we just played good 4Head
They're LAUGHING at BIG LUL
offlineJ PogChamp
chrisjHead ChrisJ <3
ropzJ Kreygasm
go home :(
STYKO CoolCat
budget jack sparrow PogChamp
12 rounds in 2 maps close game EleGiggle
Pala always has the worst questions FailFish
P LA KappaPride
nV LUL
lanJ Kreygasm
interesting CoolStoryBob
GAMBIT MOUZ PogChamp
NV NAVI PogChamp
X GOD Kreygasm
ReinDeer SoSnowy ANELE
GODJ PogChamp
pala WutFace
better than good LUL
better than good LUL
BETTER THAN GOOD 4Head
better than good SeemsGood
Better than good 4Head
ALLU LUL
interviews ResidentSleeper
LIFE OF MARTIN LUL
PALA IN 2017 4Head
gambit v envy confirm LUL
? TriHard
pala 50iq questions <3
LIAR DansGame
SoSnowy <3
We love y... ResidentSleeper
DAD KappaPride
Pala get that thing under control WutFace
ha gáy KappaPride
SK>ALL , BR>ALL, SRY GUYS BrokeBack
BUDGET MACHINE LUL
paper rock scissors BrokeBack
It's "Rock, Paper, Scissors" FailFish
chrisJ <3
paper rock scissors WutFace
SPUNJ <3
Paper rock scissors????!!! PogChamp
NO BUG NO WIN NO BUG NO WIN NO BUG NO WIN NO BUG NO WIN LUL
oh styko is martin ? im martin too ... oh styko is from slovakia ? im from slovakia too.... :D
O'erpass 4Head
M NSTER LUL
We'ew loved FeelsGoodMan BibleThump
MONSTER SELLLOUT Kappa
Scissors, Rock, Paper SantaHat NotLikeThis
SELLOUT Kappa
samsang LUL
SUNNY PogChamp
SAMSANG LUL
cs 2D LUL
PICASSO PogChamp
not oskar WutFace
CRINGE LUL
10 LUL
MONSTER MVP PogChamp
10-40 LUL
BOTIJA LUL
10-40 LUL
#SELLOUT Kappa
10 LUL
monster mvp PogChamp
10 KILLS LUL
LEGIYA 10 BOMB PogChamp
SUNNYYYYY <3
10-40 LUL
# LUL
10 40 LUL
40 deaths LUL
HELP TABSEN NotLikeThis
LEGIJA LUL
10 KILLS IN TWO MAPS LUL
pro players LUL
LEGIJA LUL
GOD LEGIJA PogChamp
10-40 :D
SECOND STAR LUL
WORST STATS LUL
S A M S A N G LUL
STUNNA IS THE BUDGET VERSION OF MACHINE 4Head
ReinDeer TriHard
S A M S U N G Kappa
SantaHat TriHard
0.25kdr LUL
10/40 thats good, i mean i hit the same on my exam 4Head
FOR EVERY KILL LEGIJA DID, HE DIED 4 TIMES LUL
Sam Song LUL
GAMBIT NAVI FINALS Kreygasm
BIG W Kreygasm
DID I MENTION SAMSUNG YET? Kappa
PIMP LUL
LUl LUL
what he said LUL
sellout LUL
SELLOUT LUL
Sellout Kappa
Smooth LUL
Pimp we love you <3
i have the strafe app :)
SELLOUT OVERLOAD Kappa
wow CoolStoryBob
DEV1CE PogChamp
BUDGET SADOKIST LUL
GOODBYE HeyGuys
CHRISJ LUL
VaC Kappa
@TheGamingCouzin XDDD LUL
SKILL BASED GAME PogChamp
headphone jack Kreygasm
Plugged in KappaPride
WRF LUL
@Jackehero so? plastic bloatware phones LUL
CLARA WutFace
HOOOOO Kappa
Clap TriHard
SLIVA BOOST YO BET Kreygasm
LEGIT SCAM TriHard
SantaHat Scam TriHard
HOW CAN IT BE A SCAM IF ITS FREE ResidentSleeper
240hz Kreygasm
240hz SeemsGood
I FEEL YOU Kreygasm
gay KappaPride
end of day 2 BibleThump
VÄLIMAAN MIKKO PogChamp
