same :D
the new dust? yea ages ago :D
oh :D
I mean like the pros wouldn't notice a change KappaRoss
it hates the me command riPepperonis
123 Kappa
Clap Kappa
karrigan PogChamp
I miss X-ray :(
good old days :)
why not :p
is this old man chat LUL
I miss the quickscopes with awp :(
almost 21 here :D
@r1val27 19, been playing cs 1,6 since 11, csgo since 17 :D
i started at 10, family thought I'd grow up to kill people LUL
@s1mpleof Hello :p
@fantaseeee stronger ??? man I cant get anywhere near bannan on new inferno withot them being stronger haha :D
@Exorzon1 back when the famas was actually a viable weapon in csgo i rather use a cz or deagle than famas haha :D
fnatic dns, cArn, ins, f0rest & Archi Kreygasm
Carn is so biased 4Head
dsn* DansGame
30 fps EleGiggle
if you are sitting on the far right or left you can see the screen LUL
Baby Xizt BibleThump
csgo DansGame
Chlenix NotLikeThis
true :)
vp won :D
vp will win imo Keepo
I told you VP will win Kappa
ofc it is LUL
im not talking im typing :D
look like i care LUL
i want a girlfriend ? LUL
rage LUL
i bet u live in a well LUL
quite close LUL
Dust2 PogChamp
that sound YouWHY
OLD D2 <3
SantaHat Kappa
the good old days of lan finals going until midnight local time PogChamp
Old sounds <3
dip tam :(
allu nip wtf SoBayed
allu wow PogChamp
old nip BibleThump
solo Kappa
Kio BibleThump
kennys:D :Dis the best :D
@dat_boi_isak didn't envy win :D
it's not docking i tried it Kappa
my twitch is broken z has 222 viewers and he had 124,891,368 ppl watching ever Kappa
0:09:18] <EnesBey458> Kappa
0:15:31] <heman1110> old d2 :(
2:13:21] <jacklvss> LUL
2:15:42] <jacklvss> NA'VI LUL
2:15:51] <+TrisskelTV> LUL
2:16:15] <jacklvss> cry zeus cry LUL
2:16:34] <kadirlost885> kennyS <3
2:16:39] <+TrisskelTV> KappaHD KappaHD KappaHD KappaHD BibleThump
2:21:12] <jacklvss> kda lul SEIZED-0.65 APEX 1.48 SEIZED LUL
2:28:34] <kadirlost885> kennyS <3
8:32:52] <Denizkuyt10> :)
12:02:17] <+MrPenguino29> only real LULer can build this perfect pyramid . Try like me !Try like me ! Try like me !! And my pyramid still higher!!!!!! LUL
12:21:40] <Pellkarottensaft> nvm danke an alle :D
12:33:40] <k_91_> LUL
13:40:42] <QuakeProfan> notekRogan CurseLit
13:46:28] <QuakeProfan> is he wearing body armor? OpieOP
21:53:20] <baumelhannes> PowerUpR
22:39:44] <ellak1234> Stop thinking ur sherlock and let the NiP org. decide if he is good enough or not :)
