adblock Kappa
thats what i thought <3
261 viewers Major Finals LUL
every game is a rerun ResidentSleeper
Carrygan Kappa
100thieves PogChamp
I bait KappaPride
in chat now Kappa
7 TriHard
7 TriHard
i am racist to my own kind :(
oh look 2 of my least favorite teams 4Head
Merry Christmas everyone that's watching, even Pootispo :)
I use an Auto Sniper TriHard
0:36:40] <+MyStumpyLegs> Kappa
0:52:57] <+MyStumpyLegs> PogChamp
0:57:59] <IamWeekly> PogChamp
1:04:39] <mohakrox> KonCha
1:05:28] <+MyStumpyLegs> VoHiYo
1:37:12] <Falqon0ne> kNg :)
3:23:20] <PatouZ_> im goin 2 eat christmas food maddafakka :p
3:32:27] <blink514> KennyS Kreygasm
4:07:32] <abby122333333333> :D
4:17:32] <innerFire7> RERUN IS JUST A SPONSO Kappa
5:22:16] <yufusi> right thanks for answer :)
5:22:27] <maduhekhek> np :D
5:32:55] <Buzei> @kaboomtv :)
6:23:38] <onechoffy> TriHard
7:45:59] <BattleTheDuel> cmonBruh
7:59:57] <Void1823> Kappa
8:02:12] <FeaPont> KappaClaus
8:02:56] <onechoffy> OpieOP
8:38:55] <wanted2232> CrreamAwk
8:52:57] <JohnnyDeSanta> noice :)
8:53:16] <+duckymark> :)
11:03:00] <signum360> PJSalt
11:07:20] <signum360> PJSalt
11:17:23] <+therealterror> merry christmas <3
11:46:14] <karmand_joker> DansGame
13:14:26] <killerbommel85> bots :D
14:16:13] <tonsoff> :(
15:21:01] <alex81752> nic sie nie dzieje na tym twitchu :D
16:38:43] <kilroycsgo> Chats moving so fast that no one will see that im KappaPride
18:50:20] <kedd152> KappaPride
22:38:01] <+tinyjeans> TriHard
