Everyone go follow elyazpersson on twitch :)
It does feel like 99 though LUL
Explains why it looks like it does LUL
Thank god for CS:GO release LUL
CSGO ResidentSleeper
CS:GO ded, LUL
semmler <3
ok .. damn .. only me :D
young xizt PogChamp
xizt changed 0% to this day LUL
back to the present LUL
@Kazikbreak Nah :D
Paweł byali i pograli 4Head
@Kazikbreak LUL
Moses had too much to drink BrokeBack
neo's face LUL
DH 2014 best majoe ever <3
pronax <3
guys is this live???? Kappa
its a live rerun Kappa
they cut parts with R.Lewis in a purpose? LUL
162 watching major final, dead game 4Head
@prank18 LOOK its from 2015 :)
u TriHard
~ ~ TriHard
THESE GUN SOUNDS LOL WutFace
Fallen is the best at cllose awp in 2017 LUL
/ cmonBruh
:/ Kappa
Love to see the old inferno again <3
In the third map rain gets a 1v5 ;)
0:42:58] <knv_fr> KENNYS <3
2:16:30] <papachowla> twitchRaid
2:22:38] <fukitomo> Kappa
2:23:04] <Miroxe02> Keepo
2:24:33] <Miroxe02> Keepo
2:26:20] <fukitomo> LUL
5:27:42] <+Sadly_Amused> ResidentSleeper
10:07:46] <Groggyy> France wins Kappa
12:47:41] <pinehead> T TheRinger
13:23:04] <ManiekCrew> first round. comeback is real :D
13:45:44] <ManiekCrew> :(
14:10:03] <+noxxisnoxx> Ohhh wow its live :)
16:26:51] <xBienfu> vou faze merda Keepo
16:30:59] <brahhma> fallen precisando é de uma muleta, nao de mouse 4Head
16:31:38] <xBienfu> LUL
16:33:34] <xBienfu> Quem eh coldzeira perto de Bienfu LUL
16:43:18] <brahhma> GingerPower
16:51:38] <brahhma> os catarrento aqui da lanhouse venceria essa sk ae tmb Kappa
17:49:35] <jack____> cmonBruh
17:53:42] <SockY3K> Fucked us up Kappa
19:12:20] <samfisher47_9> KappaPride
19:39:55] <zshgmng> so many places named after 1.6 :)
