2015 CS PogChamp
and vp win? Kappa
It's a rerun :)
GUYS GO TO THIS CHANNEL ON TWITCH fonzi_thalast_don4 HAHAHA OMFG :o
B.O.O.T LUL
Scream PogChamp
hes got the force of pickle rick behind him BabyRage
For fun :)
C’est quoi ce nom de team ? StoneLightning
i bet it costs them more money to stream random shit 24/7 than they make from it LUL
0:17:40] <pandooo28> ArsonNoSexy
2:24:49] <Mameodok> >(
4:07:50] <rajderw0w> Dont ban me plz :(
4:21:07] <Cowtastical> XANTERES ON LAN LUL
4:46:22] <lucas1017l> LUL
4:47:19] <Cowtastical> not rerun i swear on my LUL
5:17:07] <Snobben123> TriHard
7:05:48] <+snout___> LUL
8:11:38] <jbg0625> LUL
8:49:53] <portal789czsk> Fnatic G2 hellrairs <3
9:01:30] <+hurjiss> :p
9:02:03] <+hurjiss> :)
9:36:17] <1yroldstranger> hi :)
11:38:06] <wildpants35> hi MrDestructoid
11:46:07] <trollkarlen> yes Kappa
11:46:26] <wildpants35> dead game FailFish
11:47:05] <manzkid> FrankerZ
11:53:30] <me_marque_se_o_fer_rushar> @wewhpt123 CS roosters Jebaited
12:02:01] <CristoSanchez> now I remember NotLikeThis
12:04:53] <CristoSanchez> Jebaited
12:07:00] <sug_min_kuk> ;)
12:28:17] <sug_min_kuk> GEORGE BUSH IS BACK! ;)
14:47:36] <crestar_> :D
14:50:46] <GoldysTwerk> KappaPride
16:46:36] <tiyoo> PogChamp
16:47:00] <tiyoo> DRAKEN LUL
16:47:17] <Rav3nair> I remember this jasonrLLUL LUL
16:50:24] <Rav3nair> DRAKEN LUL
17:28:32] <junkis96> RalpherZ
17:33:53] <SparkY88> You're brain dead because you can't spell "you're" correctly LUL
17:34:08] <+cg_cryptic> A lot of people like s1mple LUL
17:36:48] <SparkY88> haha @syyrup330 is salty because people have opinions LUL
17:37:16] <SparkY88> i know i do and i like it :)
17:37:47] <SparkY88> @syyrup330 ur probably that 12 yr old kid that gets kicked from mm for being toxic :D
17:37:56] <Damissh> 5 ppl talking already :)
17:41:23] <SparkY88> haha the salt :D
17:41:35] <SparkY88> @syyrup330 jealous of simple? :D
17:41:59] <SparkY88> LUL
17:42:07] <SpazioGG> NiP <3
17:45:15] <SparkY88> rrrrrrrrekt :D
17:47:28] <Kappa78> <3
17:48:29] <SparkY88> :D
17:57:57] <+syyrup330> S1mple is good LUL
20:23:06] <rico2098> ohh. .. no izak go play hax Kappa
20:32:31] <Blackremounia> KappaPride
20:52:16] <jbg0625> PogChamp
21:06:15] <jbg0625> Kreygasm
22:23:41] <Magageniy> NotLikeThis
22:28:35] <YuGioficial> PogChamp
23:02:19] <ZMWilliam> ME TREE ME SPAM NO OXYGEN IF BAN . TwitchRPG
