shroud is KappaPride
chellou Kappa
woow Ace Kappa
pala has ugLeh eye makeup y pala :\
major :)
im predicting Gambit to win. Kappa
7 TriHard
yes it's live i m in the dh arena rn :)
something and bud <3
LIVE LUL
good version of cs PogChamp
1.6 also, what a joke :D
I guess I am then :D
you can't talk bad about if you didnt play it :D
Youre porb 16 yourself :D
good old times :(
coz you suck at it :D
i miss 1.6 so much :(
CS 1.6 <3
I did not? :D
I'm not saying csgo is better or worse, it's current :D
DEAD GAME LUL
cool game isn't it Keepo
denizens of this cs stream Keepo
I hope i get a drop NotLikeThis
francuzi w finale BibleThump
nip na majorze BibleThump
Chloe Kreygasm
SMITHZZ LUL
smithzz LUL
Shoxie jesus PogChamp
NBK Kreygasm
friberg PogChamp
cola zero LUL
sick crowd LUL
smithzz <3
LDLC g2 LuL PogChamp
Happy pilnuje pleców PogChamp
get right LUL
MAIKELELE LUL
mysla że sa bezpieczni w picie a tu happy lurkuje LUL
REDBULL LUL
get right in 2k14 Kreygasm
NiP in 2k14 LUL
friberg Kreygasm
"blind shot" Kappa
LDLC PogChamp
stare inferno BibleThump
NBK LUL
NBK PogChamp
cz in 2k14 PogChamp
timing LUL
ECO'D LUL
czemu fallen nie był lepszy od kennego w 2017 roku LUL
not even old :D
Semmler :(
1:38:19] <mikee_z_> Kippa
1:43:42] <Pigeon_mm> old gun sounds :(
5:01:13] <f1apjackTV> i got a gold pickem for this major :D
8:41:45] <dat_remy_doe> PogChamp
9:07:17] <z4rm0> DansGame
9:37:08] <dev1cecsgo> fox BibleThump
9:37:50] <dev1cecsgo> kio BibleThump
10:09:48] <Jakubek_sc> kennyS :D
11:01:24] <toobisz> Happy PogChamp
11:01:25] <Hazzardrm7> rain PogChamp
11:02:05] <Hazzardrm7> rain Kreygasm
11:02:14] <toobisz> NBK FailFish
11:02:34] <Hazzardrm7> fox LUL
11:03:30] <toobisz> NBK PogChamp
11:03:38] <toobisz> losing to pistols LUL
11:03:44] <Hazzardrm7> jkaem PogChamp
11:04:13] <Hazzardrm7> ANELE
11:04:53] <toobisz> ANELE
11:24:59] <Hazzardrm7> cola zero LUL
11:25:44] <RadoslavFlame> G2 ESPORTS Win :D
11:27:48] <Hazzardrm7> kenny Kreygasm
11:29:35] <Hazzardrm7> apex LUL
11:31:01] <Hazzardrm7> ciemnia :(
11:35:40] <trollkarlen> IN THE TITLE LUL
11:35:41] <Hazzardrm7> jkaem and fox PogChamp
11:39:24] <Hazzardrm7> fox PogChamp
11:39:48] <Hazzardrm7> fox and jkaem on B Kreygasm
11:43:29] <Hazzardrm7> dennis Kreygasm
11:46:03] <someguynamedjaspr> dennis stepping up Kreygasm
11:47:07] <someguynamedjaspr> Kenny crippeling under pressure DansGame
11:47:11] <artixcsgo> didnt now kennys still in envyus :o
11:47:37] <artixcsgo> :o
11:49:57] <someguynamedjaspr> Ur doing good mate Kappa
11:52:37] <someguynamedjaspr> Closing out DansGame
12:02:14] <someguynamedjaspr> PogChamp
12:06:20] <mustafazfr61> i you <3
12:38:48] <RP_1822> FrankerZ
12:58:31] <RaptoRcsgo> KappaPride
14:01:09] <bensolo12> <3
16:19:36] <tomatotom> NotLikeThis
16:19:58] <sajvoe> SuperVinlin
16:20:15] <jacob0> LUL
19:52:25] <IcE____________________> that moment when the tec-9 is good again but you have no skin for it :D
19:54:33] <IcE____________________> :D
19:54:37] <IcE____________________> u mad bro :D
19:57:38] <+QcRaphRoseQc> HeyGuys
19:58:35] <+QcRaphRoseQc> i hope the french team wins :)
19:59:01] <+QcRaphRoseQc> CarlSmile
20:39:42] <martin_arriola967> Uhh :(
21:10:13] <+QcRaphRoseQc> bonsoir ;)
21:43:18] <Yaxley16> Jebaited
