Dead Game LUL
norths coach is like NotLikeThis
"De way" Kappa
that was sick :D
think i woke up my dog by yelling "WOW" :D
he just looked at me "wtf happens" :D
hot grill Kreygasm
VACCATION :D
shhhhiit :D
SPAM THIS NOODLE TO HELP SKADOODLE pastaThat
1:40:23] <Pg_bigdog17> HeyGuys
1:43:26] <AlanXnt> sk win 4Head
1:57:34] <dzoksaraa> BloodTrail
1:57:44] <diamondmystery> BloodTrail
1:57:53] <dzoksaraa> DBstyle
2:20:23] <tunicobicudo> LUL
2:21:19] <madarauchiha_un> Kappa
5:03:37] <KratZu> still playing these stupid reruns LUL
6:08:06] <+raka_gg> major PogChamp
6:20:37] <ustazinho> TPFufun
10:20:14] <jutan123> is it live? Kappa
10:20:28] <remi_x_> LIVE?? LUL
10:22:59] <jutan123> ur so dumb mange FailFish
10:39:10] <jutan123> what a crowd LUL
10:55:29] <Ne0TheZeus> twitchRaid
11:45:06] <IDxF> LUL
11:57:27] <kedd152> @fizh PogChamp
12:08:53] <DarrieN95> ok look :D
12:09:36] <DarrieN95> this is not live :D
12:11:02] <kedd152> KappaPride
12:11:21] <kedd152> just the tip Kreygasm
12:11:37] <DarrieN95> me not :D
13:04:04] <on99innik> wt is remath? LUL
15:19:51] <T_o_r_c_h> Kappa
16:35:37] <Jabs67> PogChamp
16:36:13] <Jabs67> How's North against G2 if they just had their butts kicked by Vega? Kappa
16:53:56] <Stellrow> LUL
17:52:37] <samfisher47_9> "I mean" Keepo
