Pauses during reruns Kappa
rerun ResidentSleeper
yes this is LIVE FailFish
anders looks like LUL
olof trasher :D
immortals BibleThump
0:28:00] <PANDUHasdf> Kappa
0:34:02] <+roderickli0410> live PogChamp
0:58:35] <perwis> espanol ? :D
0:59:35] <+kurtakartong> oh i love papuce isnt that a pizza? :D
1:45:39] <psicodada> :D
3:05:05] <scrGIGA> WutFace
3:23:40] <normalowl> Who wins? :p
4:21:42] <OPUSTWENTY> kng 4Head
4:28:38] <ManoFaster> steelga 4Head
6:14:11] <obaldiasouza> :(
9:50:39] <maxvondrachenburg> @bigal8889 hi :D
11:58:52] <Zanimoniak_> OptimizePrime
12:00:57] <d3monk1ng> Kappa
12:06:41] <kerimzara> LUL
15:03:30] <+Sanik_Lord> TriHard
