Saving on pistol LUL
ME TREE ME SPAM NO OXYGEN IF BAN . TwitchRPG
Is this live ?? Kappa
70 views 1 million followers LUL
2:19:17] <+Fenarious> 60 viewers LUL
4:59:12] <Lurrry> LIVE PogChamp
8:58:39] <turn_dowwn> G2A Cheating :D
9:45:04] <turn_dowwn> pls :D
11:48:18] <molodec2281> Kappa
12:45:05] <rarerubber> duDudu
12:46:43] <rarerubber> MrDestructoid
13:22:52] <+MrStruts> nice aim NBK LUL
13:28:00] <+MrStruts> 4Head
13:30:08] <+MrStruts> @raavenzz and what rank are you in CS:GO? LUL
13:36:52] <+MrStruts> man, there are less people watching this stream but a lot more talking than the ESL stream LUL
13:38:08] <+MrStruts> Konfig carried North LUL
13:38:56] <Spy_Man69> KevinTurtle
13:39:00] <+MrStruts> and I bought it before the sale as well 4Head
13:43:37] <xxxk1llsenxxx> Yeah me too :D
13:46:40] <+MrStruts> alright, I'll have a further look later, cheers <3
14:09:27] <Kytticat_Boss> PogChamp
14:30:37] <BigR3putation> csgo in 2018 LUL
19:31:37] <Gaben_newell23> Anyone have skins what u no use then write me private message Kappa
20:01:46] <+ChilliBun> ResidentSleeper
20:59:39] <gonzocc> flappycase LUL
23:27:49] <meso_tv> PogChamp
