@Tygonthor gaming food Kappa
WAROWL Kreygasm
a lot more fun LUL
Why is chat moving so slowly? LUL
SK in 2018 Kreygasm
IEM KATOWICE 8K VIEWERA OMEGA LUL
Sk show Kreygasm
eye contact KappaPride
HUGO SWALLOW THE PULMES DOWN YOUR THROATH LUL
@Repo HI MOD HeyGuys
FNATIC IN 2018 OMEGA LUL
Hi @WrzodX HeyGuys
Fnatic PogChamp
SNUS SMOrc
ME ORC ME SPAM NO MODS NO BAN SMOrc
Hello RENEGADES WHATS NIFTYS BUYOUT SKA IS BAD 4Head
YUGI MY FAV AWP PLAYER MingLee
SPAM THIS TO LAUGH AT C9 LUL
SNUS FUNgineer
Johnny Sins LUL
FNATIC in 2018 LUL
JW fit PogChamp
PIG OINK JW LUL
JW NOT VAC BANNED PogChamp
krimz LUL
Jetlagged much Fnatic? EleGiggle
pringles PogChamp
Pop Play Eat LUL
smurf acc LUL
de_dust2 Kappa
JW BAE <3
GLENN LUL
claw grip PogChamp
flusha cheater DansGame
alien grip Kappa
Heroic cobble ResidentSleeper
BANNED ALL MAP PogChamp
WATCH CHEATS PogChamp
Not allowed to have a watch LUL
rigged watch LUL
VAC WATCH LUL
cbbl BibleThump
havaard "rain" cmonBruh
VAC watch LUL
flusha cheater DansGame
can't pretend to be niko LUL
nice mirage ban by heroic LUL
freekrimz FailFish
SPAM THIS TO HELP SKADOODLE pastaThat
Heroic take my energy not my skins <3
FLUSHA OVER THE AIR CHEATS PogChamp
jw banned check hltv PogChamp
HKTV BANNED CHECK JW LUL
SPAM THIS TO HELP SKADOODLE pastaThat
FNATIC ERA BEGINS NOW <3
JW WATCH VAC CHECK HTVL ! ! ! ! PogChamp
JW BANNED HLTV PogChamp
JW VAC BAN LUL
JW 40 bomb incoming Kreygasm
JW PREGNANT CHECK HLTV PogChamp
flusha not banned yet NotLikeThis
XANTARES VAC BANNED CHECK HLTV 4Head
admin ban the faveeela 4Head
jw unbanned check ibp PogChamp
7 TriHard
WE SMART WE LOYAL WE FRIENDLY WE ARE FROM BRAZIL Kreygasm
flusha mods WutFace
@thecalle HeyGuys
Zeolik HeyGuys
SNAX LEFT VP FOR THIS LUL
JW JUST GOT WATCH BAN CHECK HTLV! ! ! PogChamp
ESC GAMING Xd LUL
CHANGE TITLE CHANGE TITLE cmonBruh
jw LUL
Zibeath Aloha HeyGuys
CHANGE TITLE CHANGE TITLE CHANGE TITLE CHANGE TITLE cmonBruh
Ben shapiro watching csgo PogChamp
THE COLORS LUL
snappi BrokeBack
GODBINO PogChamp
niko left faze for this LUL
K R I M Z FUNgineer
godbino Kreygasm
pause LUL
JW Unbaned PogChamp
Rubino, go on, but not too much OpieOP
rubinho LUL
MODDI LEFT FNATIC FOR HEROIC LUL
FNATIC WAS LATE BabyRage
Installing Cheats LUL
wtf NIKO changed team? WutFace
KIMRZ LOOKS TIRED BabyRage
Niko really left faze for this LUL
RACIST LUL
FLUSHA LUL
K Trihard F C TriHard
snappi so cute KappaPride
flusha not banned yet NotLikeThis
RIP NIP LUL
SK VS AVANGAR @ESL_CSGOb nice title Clap LUL
@ESL_CSGOb change stream name <3
THAT HUD WutFace
Karambit Lore Kreygasm
QUE OTA LUL
RIP SK LUL
nice aim LUL
Then lie to me SiggLemmicks BibleThump
REAL NIKO PogChamp
REAL NIKO PogChamp
Xd LUL
niko left Faze for this LUL
niko leave faze for this LUL
If only the rest of FaZe was here LUL
budget niko > real niko PogChamp
FaZe kicked niko PogChamp
niko leave faze for this .. LUL
Niko clutch it again! PogChamp
BUDGET NIKO > NIKO PogChamp
FNATIC 4Head
LEKRO DEAGLE ONLY LUL
LEKRO Kreygasm
MODDI LUL
moddii LUL
MODDI LUL
this man is on fire Kappa
jw OpieOP
? OpieOP
Can i even use emote without getting deleted? TriHard
NIKO LUL
Which team is SK? :D
Swedish CS in 2018 LUL
NIKO LEFT FAZE FOR THIS LUL
MODII LUL
JW always hungry OpieOP
ESL NotLikeThis
Senior PogChamp
dutt laminate Kreygasm
CZ LUL
Semmler PogChamp
cz balanced btw LUL
CZ BALANCED LUL
niko leave faze for this 26 LUL
why did mods stop my message telling rubino to stop? DansGame
flusha and krimz 30k per month no knife LUL
fnatic cmonBruh
flusha doesn't cheat dumb silver LUL
ffnatic LUL
@Perm HeyGuys
thecalle cmonBruh
NIP Raid Kappa
Perm does what he's paid for, Repo not unmod DansGame
Title isnt ok :(
any krimz subs here`? FUNgineer
MOM THIS ARE NOT MY FAV CASTERS BabyRage
kniter does what he is getting paid for, memes in chat PogChamp
NIP in 2018 LUL
Moobot silver BO3 as well are today LUL
Clap LUL
jw in 2018 LUL
is this HenryG WutFace
FNATIC IN 2K18 LUL
@ESL_CSGOb TY <3
KRIMZ info Kreygasm
Censorship in this chat is worse than North Koreans local internet. Keepo
SK ? cmonBruh
niko left Faze for this PogChamp
Title Changed PogChamp
OUTPLAYED LUL
WTF IS THIS STRAT GOLDEN FailFish
snapi LUL
Swedish CS LUL
NA Fake LUL
FAZE AS WASHED UP AS FNATIC LUL
Rubino stop playing good this match BabyRage
NICE DOUBLE FAKE EleGiggle
Golden is a trash tactician LUL
JUGI PogChamp
rubinho has been in that corner every round LUL
JUGI Kreygasm
Swedish CS in 2018 LUL
golden FailFish
Jugi Kreygasm
niko left Faze for this PogChamp
sick call golden LUL
First Nip now Fnatic First Nip now Fnatic Jebaited
ONE DEAG LUL
B ---> A ---> B ---> A GOLDEN IGL LUL
JUGI LUL
Trihard TriHard
H4X :D
deagle>awp LUL
niko leave faze for this 52 LUL
KRIMZ IN JAIL LUL
Golden LUL
fake niko LUL
Hiko? LUL
crouch walk LUL
Dragao Loiro LUL
SAVE LUL
Thanks BibleThump
swiss round is trash - snappi EleGiggle
Fake niko LUL
BM LUL
Toilet LUL
golden FailFish
niko leave faze for this LUL
Niko from faze to this FailFish
krimz and flusha 30K per month no knife LUL
NIP FailFish
Heroic fans in 2018 LUL
niko LUL
Heroic has fans? LUL
@ccs2525 they gamble it all Kappa
Heroic has fans? LUL
Heroic fans no matter the year LUL
Rubunho always there LUL
golden out xizt in fnatic #1 again Kappa
flusha no hack no win LUL
Snapchat PogChamp
BAD FAKE LUL
WTF is this color palette WutFace
great fake golden LUL
fntic strats LUL
GOLDEN IGL LUL
GOLDEN CALLS LUL
Sweden CS LUL
GOLDEN MM STRAT LUL
GOLDEN CS NEW FNATIC ERA LUL
fnatic LUL
EU MOVEMENT LUL
wanna hear a joke? FUNATIC LOST TO TYLUL LUL
stop bullying Golden he is the new Pronax BabyRage
4-4 Kappa
NIKO LEFT FAZE FOR THIS LUL
2010 Graphics Kappa
Fnatic 2K18 LUL
MS Paint HUD LUL
MOD BTW LUL
NiKo was right PogChamp
Golden yet to make a correct mind round call new Pronax btw LUL
JUGI <3
NIKO LUL
Good Hude VoteYea
2010 HUD 2010 HUD 2010 HUD Kappa
PEACEMAKER LUL
PEACEBREAKER LUL
votekick flusha SoBayed
KICK GOLDEN SoBayed
summit sub PogChamp
PEACEMAKER getting attention LUL
HAX DansGame
nations? :o
look in the the camera JW / Kappa
jw banned ? LUL
no peacemaker stickers PogChamp
JW VAC BANNED CHECK REDDIT PogChamp
JW BANNED CHECK HLTV !!! PogChamp
7 TriHard
NU BLIR DET RISGRYNSGRÖT DANSKAR SMOrc
JUGI PogChamp
JW <3
TOXICMAKER LUL
NIP LUL
TOXICMAKER LMAO LUL
PEACE MAKRR TYLUL LUL
ESL PRODUCTION LUL
PEACEBREAKER LUL
JASONR SUBS PogChamp
Niko left FaZe JW banned 20k viewer on a major final CS is dead LUL
LOGAN PAUL VAC-BANNED CHECK HLTV PogChamp
Flipsid3 LUL
IF FANATIC LOSE BrokeBack
Free KRIMZ SwiftRage
Fnatic in 2018 LUL
Peacemaker "TwoFaced" Toiletto LUL
Krimz left Pomhub for this BibleThump
Swedish CS in 2018 LUL
KENNYS BANNED CHECK THE DAILY MAIL LUL
@tukezu4 coz its cbble :D
NA MOLLY LUL
21k on Major Finals PogChamp
aflex92 wrong LUL
NA molly LUL
PANIC MOLLY LUL
dont warry heroic fans funatic lost to tylul EleGiggle
NIKO LUL
niko LUL
@Loganpaul Hi dude have you found anymore? PogChamp
FAKE NIKO LUL
UK NIKO LUL
yes :)
NIKO RETIRED BibleThump
-NIKO +S1MPLE LUL
respected LUL
TRASH NO KNIFE LUL
CLDVE DEFUSED LUL
@LilPumpVevo kukki gang kukki gang PogChamp
professional game IF FANATIC LOSE BrokeBack
LETS KNIFE COLD LUL
@loganpauler617 LUL
Heroic losing to FNC LUL
2010 HUD 2010 HUD Kappa
who the fucc likes heroic? :D
@RubenTwitch LUL
SNAPPI LUL
turn down your OWN SATURATION SwiftRage
KKartel cmonBruh
2010 HUD Kappa
Vibrance at 200% LUL
nightbird3 TriHard
GOLDEN 10 IQ LUL
nightbird3 hair WutFace
LULNATIC LUL
EZ EleGiggle
NA CALL LUL
Golden FailFish
RUBEN CurseLit
GOLDEN LUL
5x4 LOSE LUL
Niko WASHED LUL
5-5 INCOMING LUL
5-5 inc LUL
THIS GAME LUL
niko left faze for this LUL
-Golden + Friberg Kappa
Håvard "rain" TriHard
Niko playing for 2 teams in the same championship RESPECT! BibleThump
jyqqe cmonBruh
New term coined DECO PogChamp
jasonr subs 4Head
@Yum448 yea Heroiz has 1st 2 rounds :D
JasonR LUL
@PTERODACTYLSFTW <3
fNatic EleGiggle
burglarbars, that's...scary.. WutFace
@PTERODACTYLSFTW HI <3
jasonr fans DansGame
BOTSHA LUL
FLUSHA DEAG LUL
f NA tic LUL
chu u cmonBruh
SHROUD SUBS IN 2018 LUL
XQC in 2018 LUL
shroud subs 4Head
HEROIIIC LUL
any 8 TriHard
Just JW Things LUL
My teeth are disgusting I can't even chew You guessed it right I'm from EU EleGiggle
Next major UK bois PogChamp
JUGI LUL
ofc golden is dead LUL
LETS GOOO FNATIC! <3
RUBINO WITH THE CLEAN LOCKS LUL
that TAPS LUL
JW NotLikeThis
I'm a human being I have a family I enjoy following my favorite teams Yep, you guessed it, I'm from Europe :)
I'm a human being I have a family I enjoy following my favorite teams Yep, you guessed it, I'm from Europe :)
RUBINO AWP LUL
Golden IGL thats why they lose LUL
c9 LOOOOOL 4Head
= Golden LUL
I am from Europe I watch these games You are right My cope pastes don't rhyme .D :D
RUBINO LUL
RUBINO LUL
KRIMZ BAITING LUL
budget niko LUL
niko left faze for this LUL
FLUSHA LUL
Clap TriHard
JUGI IS WASTED LUL
Golden ADR 34 LUL
niko left faze for this . LUL
@PTERODACTYLSFTW PogChamp
PEACEMAKER SO TOXIC LUL
JUGi hair LUL
Krimz carry with 3 entries LUL
LMAO coach BabyRage
SNAPPI back to trash FailFish
MISS BUY LUL
Niko was better in faze tbh LUL
troublemaker LUL
niko left faze for this LUL
shitmaker LUL
PEACEMAKER EleGiggle
niko was better in faze LUL
niko kicked LUL
niko left faze for this . LUL
Not making peace NotLikeThis
PEACEMAKER TYLUL FUNATIC LUL
niko left faze for this LUL
PEACEMAKER MORE LIKE MAKER LUL
@zachztar Jebaited
plebs in chat DansGame
niko left faze for this . LUL
niko left faze for heroic LUL
Golden dead first again LUL
niko left Faze for this LUL
JW PogChamp
niko was better in faze LUL
niko left faze for this LUL
faze niko LUL
budget niko LUL
Golden 11 deaths LUL
JW VAC BAN CHECK HLTV PogChamp
CZ LUL
niko LUL
CHAT STOP MEMING LUL
JW VAC BAN CHECK HLTV PogChamp
niko left faze for heroic so loyal LUL
niko was better in mouz LUL
Faze wll not same without niko :(
niko left faze for this LUL
Faze left for this LUL
flusha LUL
serious chad is ongoing Kappa
flusha straight up just took A side of map LUL
flusha-10 PogChamp
Golden 100 hp LUL
Faze niko left for this LUL
niko left faze for this . LUL
JW TO TYLOO CHECK HLTV PogChamp
niko left faze for heroic so loyal LUL
one more xD and im out LUL
JW WutFace
Niko left Faze for this LUL
Faze will not same without Niko :(
SNAPPI NOOB LUL
niko playing to teams LUL
niko golddigger leaves Faze for Heroic LUL
chad is always serious BlessRNG
HEROIC LUL
jw is warmedup now <3
20K VİEWER MAJOR FİNAL LUL
TYLOO BOUGHT PEACEMAKER AGAIN CHECK HLTV PogChamp
niko left faze for this LUL
Friberg and xizt to tyloo LUL
GOLDEN LUL
GOLDEN LUL
niko golddigger leaves Faze for Heroic LUL
its the real Niko LUL
DISCOUNT NIKO LUL
RUBINO LUL
RUBI LUL
niko left faze for heroic so loyal LUL
dancing LUL
Friberg and xizt to tyloo check hltv LUL
FLUSHA PogChamp
niko golddigger leaves Faze for Heroic LUL
niko left faze for this LUL
niko golddigger leaves Faze for Heroic LUL
Anomaly subs LUL
Niko left faze for heroic LUL
MITCH SUBS DansGame
K R I M Z FUNgineer
niko left faze for this LUL
omfgg this lag my intetnet :(
JW VAC BAN CHECK HLTV PogChamp
NIKO TO HEROIC CHECK HLTV PogChamp
MIXWELL JOINS HEROIC CHECK FBTV PogChamp
Bjergsen DansGame
K R I M Z . FUNgineer
selllout DansGame
alien music WutFace
TSM LUL
niko left faze for heroic so loyal LUL
kennys LUL
Kennys going to tyloo LUL
AUSWITZ ? LUL
VP LUL
niko left faze for heroic so loyal LUL
Niko left Faze for Heroic LUL
MIXWELL FRIBERF ALLU USTILO JOINS TO HEROIC PEACEMAKER KICKED CHECK HLTV PogChamp
np SeemsGood
niko left faze for this DansGame
niko > NiKo 4Head
JW PogChamp
niko left faze for heroic so loyal LUL
hud LUL
HUD LUL
JW LUL
JW VAC BANNED CHECK HLTV PogChamp
hud LUL
JW VAC BANNED TWITCH COMFIRMED PogChamp
HUD 4Head
nice score ESL PRODUCTION VALUE LUL
H D LUL
EU production LUL
SAVE LUL
M4 ON TERRORIST LUL
People complaining about twitch chat LUL
Colors swapped NotLikeThis
KRIMZ LUL
Knife LUL
KNIFE LUL
theres literally 17k people watching PogChamp
Worth it B)
KRIMZ BAITING LUL
forsenKnife FUNgineer
FUNATIC IS WINNING LUL
:knife: FUNgineer
Heroic Niko LUL
KNIFE COLD KNIFE JUGGI LUL
FNC is back LUL
Golden LUL
10K LUL
Krimz ruined it DansGame
DENIED LUL
ruined BibleThump
10K PogChamp
10k LUL
10k PogChamp
WOW ECO PogChamp
-krimz LUL
WAT LUL
@vuggo LUL
When krimz wants MVP o the tournament 4Head
GLASS HAX PogChamp
KRIMZ thief SwiftRage
-flusha + @vuggo Kappa
jw is 35 years old LUL
@vuggo <3
FUNATIC LOST TO TYLOO CHECK HLTV PogChamp
DAZED JOINS IBP CHECK HLTV PogChamp
golden LUL
budget niko LUL
KRIMZ LUL
TIMING BabyRage
Senor Kreygasm
FLUSHA PogChamp
VAC HLTV CHECK JW PogChamp
JUGI THE LOOGIE PogChamp
TIMING LUL
FAZE MISSING HIM LUL
JUGI THE LOOGIE PogChamp
lekro PogChamp
FAZE MISSING NIKO ALREADY LUL
Lekr0 <3
BOT JUGI LUL
LEKRO PogChamp
niko left faze for this LUL
OLOF SON PogChamp
DISGRACE FOR DENMARK FailFish
NIKO LEFT FAZE FOR THIS LUL
I predicted 16-7 with flusha second top frag, so close Kreygasm
from faze to heroic 4Head
FNATIC BOIS Kappa
Heroic BibleThump
@KacaKTV O FMEISTER LUL
BUDGET NIKO Kappa
NIKO LEFT FAZE FOR THIS LUL
dont care bo1 or bo3 swiss round is trash -snappi dont care bo1 or bo3 swiss round is trash -snappi EleGiggle
I hate people when they type "xD" its really annoying. Thank you guys <3
@KacaKTV HeyGuys
NICKSTAR2002 LOOOOOOOL 4Head
one more Nikoe joke and im out DansGameFaze Nick to heroic LUL
flusha <3
niko left faze for this LUL
Ets2 moderator on chat PogChamp
JW looking fit Kappa
NIKO LEFT FAZE FOR THIS LUL
thanks Liquid, North and Fnatic <3
jw is 46 years old check hltv LUL
Niko #2 LUL
SNUS <3
Snus LUL
n1ckst4r2002 btw 4Head
JW vac banned check HLTV PogChamp
Niko left faze for this LUL
Starladder production 4Head
ESL PRODUCTION LUL
ok reaction LUL
JW vac banned check hltv Kappa
JW IS A RAGING HOMOSEXUAL CHECK HLTV LUL
SAVE LUL
golden LUL
JW TO MARS MISSION CHECK HLTV PogChamp
ES LUL
HLTV VAC BANNED CHECK JW PogChamp
RIGGED LUL
NIko to denmark LUL
bot flusha LUL
LOSING To Fnatic in 2k18 LUL
KRIMZ NotLikeThis
NIKO LEFT FAZE FOR THIS LUL
VAC BAN HLTVED CHECK JW PogChamp
JW NEW #1 PLAYER CHECK HLTV PogChamp
jw dropping awp!??! DansGame
noob caster ResidentSleeper
ECOD Kappa
there are 2 niko's STOP spamming BabyRage
niko left faze for this LUL
NIKO LUL
NIKO LEFT FAZE FOR THIS LUL
NIKO BEEF LUL
DOES SNAPPY KNOW? - noob caster PogChamp
NIKO LUL
KRIMZ 10 IQ DansGame
losing to cloud 9 in 2k18 LUL
niko left faze for this LUL
I WANT TO KMS CHECK HLTV PogChamp
NIKO LEFT FAZE FOR THIS LUL
pushkins98 Same PogChamp
One more jw joke and im out DansGame
Who listen RICH BRIAN song here? /\ MingLee
JW SAVED AWP CHECK HLTV PogChamp
VIBRANCE 300% LUL
FLUSHA LUL
SNAPPI GOD LUL
VAC LUL
NIKO LEFT FAZE FOR THIS LUL
AWP banned check JW PogChamp
Attention is @overtaker16 CurseLit
16-14 to heroic check hltv LUL
CHOKE LUL
NIKO LEFT FAZE FOR THIS LUL
@pushkins98 not same niko.... FailFish
faze it niko for this? LUL
what?!?! niko left!? why?!?!? LUL
how are faze gonna replace niko ? LUL
JW DIED CHECK HLTV PogChamp
faze this left for niko LUL
JW IS A RAGING HOMOSEXUAL CHECK HLTV LUL
Has his bomb out Kappa
niko left FaZe for this NotLikeThis
JW IS A RAGING HOMOSECXUAL CHECK HLTV LUL
Win fnatic BlessRNG
JW GOES KNG CHECK TWITTER PogChamp
NIko had to do it to faze LUL
niko left faze for this LUL
JW banned VAC check myspace Kappa
NIKO LEFT FAZE FOR THIS LUL
9-15 LUL
LINE UP LUL
JW LUL
KRIMZ PogChamp
FLUSHA VAC BANNED CHECK HLTV LUL
CLICK BUTTON NotLikeThis
JUMPY LUL
KRIMZ IS A GOD CHECK HLTV PogChamp
niko left faze for this LUL
golden vac through smoke SwiftRage
STEEL SUB RitzMitz
FEEDNATIC <3
Jw banned LUL
Pro 90 and Autoshotty PogChamp
JW BUYS P90 CHECK HLTV PogChamp
@NillerOfficial Jebaited
NOOB 90 LUL
HEROIC IS CRYING :D
JUGI signed for Real Madrid. CHECK HLTV PogChamp
Heroic win go check hltv LUL
p90 LUL
JW DID 9/11 CHECK HLTV LUL
NRG TO LONDON MAJOR FINALS CHECK HLTV PogChamp
TriffiQ Jebaited
WENGER OUT! FINALLY! CHECK HLTV PogChamp
JW did 9/11 check hltv LUL
JW SIGNED FOR REAL CAUSE HE IS CHEATING CHECK HLTV PogChamp
P90 CHECK HLTV PogChamp
JW P90 LUL
JW DID 9/11 CHECK HLTV LUL
WENGER OUT HENRY IN CHECK HLTV PogChamp
P90 LUL
JW KILLED KENNEDY CHECK HLTV PogChamp
P90 LUL
LEBRON TO GSW CHECK HLTV PogChamp
niko left faze for this LUL
flusha and JW trolling LUL
BUG PogChamp
JW 12-12 CHECK HLTV PogChamp
JW HACKED US ELECTIONS CHECK HLTV PogChamp
JG OMEGA LUL
Fnatic win i get dlore KappaPride
PREFIRE LUL
TK LUL
GOD90 LUL
P90 LUL
JW BOMBED PEARL HARBOR CHECK HLTV PogChamp
JW dating GabeN check HLTV PogChamp
bm LUL
BM LUL
flusha <3
500 MS LUL
moddi LUL
Heroic <3
FNATIC WIN CHECK HLTV PogChamp
FNATIC WINS CHECK HLTV PogChamp
Dlore HSWP
niko left faze for this LUL
true :(
DANMARK LUL
WORST JERSEY EVER LUL
WORST CASTERS DansGame
KENNYS LUL
only real LULer can build this perfect pyramid . Try like me !Try like me ! Try like me !! And my pyramid still higher!!!!!! LUL
CLEAR LUL
They all look the same to me LUL
c9 LUL
Suicide commercial?? PogChamp
TYPING IN CHAT WITHOUT MIND TRANSDUCER IN 2thousand18 FailFish
chef diet LUL
esports center cmonBruh
WIsh Ihave the money to watch an event like this live :(
Auschwitz PogChamp
<сообщение удалено> Any Ruskis here? SoBayed
obviously LUL
King of "OBVIOUSLY" LUL
<сообщение удалено> Any Ruskis? SoBayed
jkaem phone cheat PogChamp
U S T I L O FUNgineer
ANY USTILO SUBS HERE? FUNgineer
6,000 viewers IEM EleGiggle
MAJOR FINALS LUL
Bring The Pringle SwiftRage
jetlag BibleThump
LIVES MATTER TriHard
Renegades <3
jump LUL
***". LUL
USTILO IS A LOBSTER TOM LUL
USTILO IS A BOT TOM LUL
avangar > renegades LUL
USTILO IS A LOBSTER TOM ButterSauce PogChamp
2000 iq SeemsGood
avangar > renebots Kappa
buster LUL
EU CS LUL
Pringle LUL
nice peeks LUL
"close" LUL
close LUL
close LUL
close LUL
close LUL
Close LUL
close LUL
Navi 2010 ?? Kappa
Gold nova casters LUL
Economy in Kazakhstan LUL
nice colors LUL
everything is so yellow WutFace
jame hair NotLikeThis
avangar online vs avangar offline LUL
@cloudcosta uk teeth stream LUL
moobot NotLikeThis
colours DansGame
AI AI AI LUL
p1ss coloured stream WutFace
RNG BlessRNG
3 shots btw casters LUL
avangar are u guys kiddding me with this tier 4 team? Kappa
VP GOOD TEAM - NEW BAIT Jebaited
YTB CurseLit
jkaem - jks - just kidding LUL
FINALLY SOME GOOD CS LUL
bo1 confirmed Kappa
buster Kreygasm
DEEP KappaPride
krizzen BabyRage
extratorrent shut down BibleThump
@BlackoutPRPRO RAR BG FTW LUL
@ESL_CSGOb couse its strange stream A has no teams playing in title and stream B always outdated ... like come on <3
AZR GOD PogChamp
AVANGAR picked Mirage LUL
HAX Jebaited
CLAP ANELE
KRIZZEN NO CHIN Kappa
AZR CARRYING PogChamp
TIER 30 CS LUL
U S T I L O FUNgineer
EZR LUL
@ESL_CSGOb just put in title the same as in stream A pls <3
AVA offline vs AVA online LUL
@hajaxTV LUL
USTILO IS A LOBSTER TOM LUL
U S T I L O FUNgineer
ONLINE GAH LUL
BET ON AVANG 1ST MAP NOW <3
RNG Kreygasm
NAvangar LUL
Missed window smoke LUL
USTILO IS A LOBSTER TOM LUL
U S T I L O FUNgineer
no flashbands LUL
JKAEM PogChamp
Go Jokke CurseLit
AUS CS PogChamp
buster on LAN EleGiggle
13k bots SeemsGood
AVANGAR online: T1 AVANGAR on LAN: T100 T100 LUL
NANAgades LUL
AU PogChamp
buster PogChamp
USTILO IS A LOBSTER TOM LUL
16-9 4Head
SAVAGE LUL
AVANGAR COMEBACK? PogChamp
CIS TEAM LUL
all in avangar PogChamp
USTILO IS A LOBSTER TOM LUL
U S T I L O FUNgineer
USTILO IS A LOBSTER TOM LUL
@kappawild oh no I'm so upset now, a kid on the internet called me dumb BabyRage
USTILO IS A LOBSTER TOM LUL
leggo Buster PogChamp
No job ✅ No girlfriend ✅ No friends ✅ No talents ✅ Wasting time on Twitch ✅ Must be me 4Head
USTILO IS A LOBSTER TOM LUL
No job ✅ No girlfriend ✅ No friends ✅ No talents ✅ Wasting time on Twitch ✅ Must be me 4Head
No job ✅ No girlfriend ✅ No friends ✅ No talents ✅ Wasting time on Twitch ✅ Must be me 7 4Head
No job ✅ No girlfriend ✅ No friends ✅ No talents ✅ Wasting time on Twitch ✅ Must be me 7 4Head
where is gachiBASS? DansGame
USTILO IS A LOBSTER TOM LUL
maybe only 8 people with keyboards LUL
OUTPLAYED PogChamp
No job ✅ No girlfriend ✅ No friends ✅ No talents ✅ Wasting time on Twitch ✅ Must be me 4Head
Drier than any woman who looks at me LUL
@ESL_Dean LUL
@ESL_Dean LUL
No job ✅ No girlfriend ✅ No friends ✅ No talents ✅ Wasting time on Twitch ✅ Must be me 4Head
No job ✅ No girlfriend ✅ No friends ✅ No talents ✅ Wasting time on Twitch ✅ Must be me 4Head
No job ✅ No girlfriend ✅ No friends ✅ No talents ✅ Wasting time on Twitch ✅ Must be me 4Head
NANAgades LUL
USTILO IS A LOBSTER TOM LUL
No job ✅ No girlfriend ✅ No friends ✅ No talents ✅ Wasting time on Twitch ✅ Must be me 4Head
no job ✅ shitty life ✅ no girlfriend ✅ depression ✅ useless ✅ wasting time on memes ✅ yeah that's me 4Head
@moobot LUL
@BFH10 Nah wasn't me! I think you're talking about QBF vs Pact :)
BRAVO KASSADE 4Head
reNAgades LUL
no job ✅ shitty life ✅ no girlfriend ✅ depression ✅ useless ✅ wasting time on memes ✅ yeah that's me 4Head
USTILLO IS POOR MAN'S KRIMZ LUL
USTILO IS A LOBSTER TOM LUL
USTILO IS A LOBSTER TOM LUL
USTIILO IS A LOBSTER TOM LUL
@BFH10 Thanks dude! or girl! I dunno :D
U S T I L O FUNgineer
USTILO IS A LOBSTER TOM LUL
save LUL
STILO IS A LOBSTER TOM LUL
TOWEL FOR HIS MOUSE LUL
towel LUL
HIDE AND SEEK LUL
sweaty hands LUL
LOBSTER TOM IS USTILLO LUL
USTILO IS A LOBSTER TOM LUL
CHAMPIONS LEAGUE PogChamp
USTILO IS A LOBSTER TOM LUL
i feel so holy Kappa
nice building LUL
// BibleThump
USTILO IS A LOBSTER TOM H LUL
TOM IS A LOBSTER USTILO LUL
USTILO IS A BOBSTER TOM LUL
BROWN GRASS PogChamp
USTILO IS A LOBSTER TOM LUL
IS A TOM LOBSTER USTILO LUL
USTILLO IS A LOBSTER TOM LOL LUL
POKAHONTAZ <3
JW IS A VAC BAN LUL
USTILO IS A LOBSTER TOM LUL
anyone have some paysafecard pls? 1e??? thanks :)
JW IS A LOBSTER USTILO LUL
AUSCHWITZ PogChamp
USTILO IS A LOBSTER TOM LUL
@chipskilIed LUL
USTILO IS A LOBSTER TOM LUL
ban one american and you get the whole mcdonalds OpieOP
USTILO IS A LOBSTER TOM ButterSauce PogChamp
3 14 awp SeemsGood
Jame online 30-10 on lan 3-14 LUL
USTILO IS A LOBSTER TOM LUL
USTILO IS A LOBSTER TOM LUL
ButterSauce USTILO IS A LOBSTER TOM PogChamp
Squid3SPAM THIS LOBSTER TO HELP USTILO Squid3
EZ for Ali Djamilov ANELE
U S T I L L O FUNgineer
AUG LUL
U S T I L O FUNgineer
COD GUN PogChamp
USTILO IS A LOBSTER TOM LUL
U S T I L O FUNgineer
U S T I L L O FUNgineer
AUG LUL
CIS CS PogChamp
RNG SwiftRage
mans not hot TriHard
U S T I L O FUNgineer
U S T I L L O FUNgineer
Jame on LAN LUL
AUG LUL
SPAM THIS LOBSTER TO HELP USTILO Squid3
<-- Lob ster (no space) Squid3
2+2 is 4 - 1 that's 3 quick maffs. TriHard
SPAM THIS LOBSTER TO HELP USTILO H Squid3
2+2 is 4 - 1 that's 3 quick maffs. TriHard
SPAM THIS LOBSTER TO HELP USTILO Squid3
SPAM THIS LOBSTER TO HELP USTILO Squid3
U S T I L O FUNgineer
tilt LUL
KKona spam FailFish
SPAM THIS LOBSTER TO HELP USTILO H Squid3
SPAM THIS LOBSTER TO HELP USTILO Squid3
comeback Kappa
U S T I L L O FUNgineer
Jame OnlineGod but 4-17 on lan SeemsGood
Avangar will win Screen LUL
USTILO IS A LOBSTER TOM LUL
why arent they rotating B LUL
no1 b FailFish
bot LUL
U S T I L L O FUNgineer
U S T I L O FUNgineer
U S T I L L O FUNgineer
drop bomb B, stack A LUL
U S T I L L O FUNgineer
U S T I L O FUNgineer
USTILO IS A LOBSTER TOM LUL
U S T I L O FUNgineer
THX LUL
Jame relaly bad peek there two times :p
U S T I L O FUNgineer
SPAM THIS LOBSTER TO HELP USTILO Squid3
U S T I L O FUNgineer
<-- Kap pa (no space) Kappa
USTILO IS A LOBSTER TOM LUL
already avangar out 4Head
SPAM THIS LOBSTER TO HELP USTILO Squid3
: SPAM THIS LOBSTER TO HELP USTILO Squid3
U S T I L L O FUNgineer
5-2-19 :(
USTILO IS A LOBSTER TOM LUL
greedy kid wants skins LUL
SPAM THIS LOBSTER TO HELP USTILO Squid3
obviously you can get drops they're just lying Kappa
U S T I L O FUNgineer
cya avangar 4Head
U S T I L O FUNgineer
THX LUL
Jame ANELE
USTILO IS A LOBSTER TOM LUL
oh its bo3 LUL
U S T I L L O FUNgineer
USTILO IS A LOBSTER TOM LUL
wish him a happy bday <3
Zeus LUL
Zus LUL
"Prey on the competition" so get 8 kills in 40 rounds LUL
play like Zeus no thanks LUL
overpriced LUL
cannibal WutFace
MEAT PIE PRINGLES LUL
NIP IN 2018 LUL
NIP in current year LUL
Leffen LUL
BJERGSEN LUL
Xpeke PogChamp
VR LUL
wait ResidentSleeper
Elsword ad DansGame
Pringles not even sliced potato LUL
THEESE CASTERS WutFace
@Cent wipz told chat to tell you that you suck Kappa
@WipzTV 4Head
bajs WutFace
@Cent your bunny is cute :)
-3.5 CoolStoryBob
any ustilo subs FUNgineer
the plays PogChamp
calculated LUL
avangar LUL
peek mid 1 by 1 LUL
CIS LUL
OMEGA LUL
Didn't even force LUL
Nifty had a glock you pleb LUL
VANGER LUL
nifty 4Head
3rd world plebs LUL
AVANGAR onliners EleGiggle
U S T I L O FUNgineer
GOD FUNgineer
Avangar StoneLightning
avangar tier 5 LUL
U S T I L O FUNgineer
U S T I L O FUNgineer
USTILO head brighter than Avangar future LUL
U S T I L O FUNgineer
@acethekangaroo 7 TriHard
major final 5k viewers LUL
USTILO IS A LOBSTER TOM LUL
U S T I L L O FUNgineer
4 vs 2 ? really EleGiggle
2v4 LUL
Typing USTILLO with double L LUL
avangar next game LUL
BUSTED FROM THIS MISTAKE LUL
U S T I L O FUNgineer
JaykeeeaM? WutFace
JAY KAM WutFace
hiko round LUL
jay kay em LUL
USTILO TO HEROIC CONFIRMED CHECK HLTV PogChamp
USTILO IS A LOBSTER TOM LUL
U S T I L L O FUNgineer
NA pronunciation LUL
LIVE: Heroic vs. Fnatic DansGame
aimlock EleGiggle
avangar online heroes.... offline trash... it means something Kappa
handles TriHard
@Tyrull why would they show 2 filled boxes when the game would be finished after 2 maps... LUL
CANT WIN 2v1 VS USTILO LUL
WTF LUL
JAME ?? LUL
avan LUL
U S T I L O FUNgineer
@Tyrull 5 iq LUL
cant say cry cost 0$ cmonBruh
Nifty PogChamp
Avangar beat mousesports in online EleGiggle
is this a bo3? Kappa
"Austria" LUL
austrian cs PogChamp
bo5 major finak 0 viewers LUL
durrr BRATIL cant spell own country correctly water pollution durrr BrokeBack
BRA17L guys plis FailFish
@kappawild i made 2-3 posts on renegades on hltv since i made an account and you're following me around on twitch. funniest thing ever.. LUL
@kappawild never seen someone take hltv so seriously. you have issues. LUL
Domestic LUL
ty LUL
VANGAR LUL
LoL > Dota Kappa
busta TriHard
🚬 cmonBruh
🚬 TriHard
@Tyrull tyr pls if you have no clue about cs matches stop argueing LUL
GOD PogChamp
toggled Kappa
@WipzTV Mod Lup LUL
TIMING NotLikeThis
gayme KappaPride
zeus WutFace
ESL NotLikeThis
I got one PogChamp
RNG pistols LUL
renegades pistol round LUL
@Perm Woah That's toxic cmonBruh
@pushkins98 AVANGAR best team in the world PogChamp
COLDZERA TO AVANGAR CHECK HLTV PogChamp
200 MB UPDATE! PogChamp
U S T I L L O FUNgineer
3D chess LUL
Avangar Rifles LUL
Anti-Rifles LUL
and that why mouz is not participating NotLikeThis
KRIZZEN MingLee
* FailFish
7 ANELE
SK Lost NotLikeThis
8-1 > 10-5 > 10-11 EleGiggle
SK TIRED LUL
JKS Kreygasm
7 TriHard
@sorb_au cmonBruh
jkm jks LUL
jay kay em LUL
THIS IS WORSE THAN FEMALE CS DoritosChip
tier 1 cs Kreygasm
Renegades choke 8-1 > rush b 4 vs 5 > 10-5 > 11-11 EleGiggle
sorry, wrong chat EleGiggle
aus save LUL
T I T LUL
kazakh coms they all speak russian LUL
free frags and ak-s :D
kazakh coms they all speak mongolian LUL
U S T I L L O FUNgineer
ecoed LUL
KANGAROO CS LUL
Eco LUL
biscuit <3
BUSTA NUT PogChamp
RENECHOKE Kappa
they forgot the bomb LUL
so lucky Nifgty LUL
BOMB LUL
nifty PogChamp
L U L LUL
7 in chat pls TriHard
1214 USD :(
7 TriHard
JKS PogChamp
NAUGHTY TehePelo
7 TriHard
must be aim lock PogChamp
GGX 7 TriHard
U S T I L L O FUNgineer
KANGAROO CS LUL
caster doesnt notice avangar is in the same situation FailFish
GGX 7 TriHard
Nice sound LUL
GGX 7 TriHard
200iq Kappa
idiot LUL
played himself LUL
U GOTTA COMMIT LUL
Jame LUL
NA BAIT LUL
nice fake Kappa
200IQ TO 20IQ LUL
-20IQ LUL
0IQ LUL
Ruski IQ LUL
nice walking LUL
ALL MY CHILD SUPPORT MONEY ON RENEGADES !!! COME ON AUSSIE <3
NOOB mOVement LUL
1 man fake NEW META PogChamp
11-16 gg EZ check hltv PogChamp
@hardmut2 thanks buddy <3
iq0 team LUL
KANGAROO CS LUL
ONLINER LUL
16-14 ez LUL
AVA online vs AVA offline LUL
Hero play in a nutshell LUL
total noobs LUL
JKS LUL
jkaem LUL
The site guy had to get one kill LUL
EZ BET 16-14 LUL
"EXECUTIONl" :D
AZR LUL
USTILO LUL
NINJA LUL
cocker LUL
NIFTY LUL
going down fighting PogChamp
avangar :(
LETS GO QIKERT Kreygasm
thanks mr.jkaem LUL
@black_free TriHard
@Black_free cmonBruh
U S T I L L O FUNgineer
NO USTILO MONSTER SPAM IN CHAT? DansGame
U S T I L L O FUNgineer
U S T I L O FUNgineer
PLS DONT SPAM SPAM THIS LOBSTER TO HELP USTILO Squid3
U S T I L O . FUNgineer
USTILO 2 L's FailFish
U S T I L O. FUNgineer
PLS DONT SPAM SPAM THIS LOBSTER TO HELP USTILO Squid3
U S T I L O FUNgineer
U S T I L O FUNgineer
USTILO IS A LOBSTER TOM LUL
1 KappaPride
SPAM THIS LOBSTER TO HELP USTILO Squid3
U S T I L O FUNgineer
DEFAULT KNIFE LUL
shwoing off default knife 4Head
AZR GET A GRIP LUL
ECOED LUL
SEND THEM HOME LUL
khazakistani karrigan LUL
USTILO FUNgineer
EZ ECO LUL
THROW LUL
nice 13-15 EleGiggle
peek LUL
gj Timing // Kappa
USTILO EZ FUNgineer
and that why mouz is not participating NotLikeThis
U S T I L O FUNgineer
U S T I L O FUNgineer
Pistol team never forget 6/6 then got eliminated haha LUL
U S T I L L O FUNgineer
SEMMLER PogChamp
LuL in 2018 LUL
B stream ResidentSleeper
oh Poland vs Xgod LUL
pringles ? OpieOP
7 TriHard
7 TriHard
West Ham LUL
XPEKE LUL
xPeke BibleThumo BibleThump
ty LUL
Should be good SeemsGood
SHOW US X GOD CAM Kreygasm
BOT SIEZED PLS NotLikeThis
DENIS BLYAT WTF LUL
ty LUL
is twitch working for you guys? any of the streams not working BibleThump
U S T I L L O FUNgineer
SK SUCKS LUL
Harry and Hugo <3
Ming LUL
omegalul sk 3-12 astralis LUL
4k view dedgame LUL
gambots LUL
CaptainMo on the board PogChamp
seized bot and dosia bot on gambit WutFace
PrezidentSleeper ResidentSleeper
why this caster keep say accurate LUL
U S T I L L O FUNgineer
K R FUNgineer
k r i m z FUNgineer
qazaq cs LUL
Diversity TriHard
2 RICH BRIAN x 3 HIGHER BROTHER /\ MingLee
monster adren LUL
GODREN PogChamp
1 kill LUL
105k viewers vs 4k cmonBruh
adreN 1 kill PogChamp
ADREN LOBSTER TOM FUNgineer
BnTET polish superstar PogChamp
WHO WAS IT? - SOMEBODY. WHO? - SOMEBODY. WHO?! DansGame
1G Kappa
@surbazmeister NOT 1G BabyRage
well, you live you learn Kappa
@keppycs PogChamp
C9 almost lost to this LUL
wtf LUL
Seized LUL
seized LUL
seized drunk :D
GAMBIT LUL
@MGPT HotPokket
china number 1 PogChamp
@kazah_paver ты и здесь :)
BenTHOT LUL
SPAM THIS BOT TO HELP X GOD :)
You know Seized is a bot when even Flipsid3 didn't want him LUL
@pushkins98 LUL
@izeas5200 you realize both of these teams are asian right FailFish
Flipsid3 reject LUL
BOT LUL
THIS CHAT IS SOME QUALITY SH*T MAN PogChamp
@Nille_TV yea but u know which asian team i mean,, tyloo more asian than gambit LUL
SEIZED LUL
Deleting the truth 4Head
@MGPT your name is wrong, should be mpgh LUL
X GOD > astralis vs sk Kreygasm
so much buffering WutFace
What does that even mean izeas NotLikeThis
BNTET PogChamp
@izeas5200 7 TriHard
? WTF VAC LUL
PUBG LUL
pubg sellout 4Head
GTA V LUL
Poland <3
ye, im not a genius on that field, just know my dl speed for games :p
@Nille_TV so you have 200+mbps probably from your provider, thats not too bad actually :)
7 TriHard
If Gambit lose a BO3 vs TyLoo 4Head
pubg LUL
TYLOO <3
7 TriHard
yall jealous of my badge homies? TriHard
mou finds kills PogChamp
HAHA THAT HP LUL
MOU VAC BAN CHECK HLTV PogChamp
China cs PogChamp
Who is dead? Kappa
Seized LUL
Seized PogChamp
ECO FRAGS PogChamp
peta BibleThump
chicken BibleThump
? LUL
blocks LUL
Teamplay LUL
going back LUL
Dosia LUL
dosia LUL
seized BrokeBack
bntet is a polish player LUL
put overproud meme tl bntet LUL
@qwerx You dont say? PogChamp
major mvp Kreygasm
The most consistent PogChamp
SOMEBODY to NOBODY just like that Kappa
WHO? Kappa
TYLUL LUL
blind LUL
SOMEBODY to NOBODY again Kappa
Ty LUL
fnatic lost to this LUL
Xcurrate=0 accurate LUL
Comeback PogChamp
T Y L BibleThump
T Y L PogChamp
Choke in progress bois Kappa
TY LUL
SOMEBODY ONCE TOLD ME Kappa
SEIZED AWP LUL
seized toggle PogChamp
GOD seized PogChamp
SEIZED NOT DECOY PogChamp
3 v 5 LUL
Seized Kappa
TY LOL LUL
4k viewers vs 134k viewers on stream 1 LUL
Bets saved lol Kappa
GOING ON STREAM 1 CYA LUL
ESL_CSGOa is for losers Kappa
@ people watcvhing this LUL
Wtf is this casters hair on the right NotLikeThis
This match has just a few less viewers than the other one LUL
i7 !!! Kappa
8-28 LUL
zeus LUL
BAITZERA LUL
CHIPS LUL
U S T I L L O FUNgineer
@KoSsoO All those LL plebs FailFish
SK LUL
ez astra <3
sk LUL
virtus premier LUL
XGOD Kreygasm
VP LUL
-3.5 BlessRNG
MP7 LUL
TYLOO BOTS LUL
TY LUL
gg EleGiggle
TY LUL
D D MingLee
Ty never winn against eco team LUL
THAT SENS LUL
PUBG LUL
CSGOb SUBS LUL
NICE GAME LUL
kek CSGOb SUBS LUL
CN ECO LUL
GAMBOT FailFish
SK NotLikeThis
TY 2:1 GMB trust LUL
gambit has 2 bots cmon guys dosia and seized FailFish
oops dosia toggle on Kappa
我不是大陆，也不是台湾的。我觉得繁体字不是人用的 LUL
Is it china stream? Kappa
的也会不我不 :D
asian invasion WutFace
eslMoreChunes 大陸 eslVAC 傻逼少 eslChicken 打簡字 PogChamp
chinese MingLee
NUMBA won. MingLee
DIS CHAT IST NUMBA WAN MingLee
ONI_CHAN WORNG HOLE KYYAAAAA Squid4
的也会不我不 :D
Scout PogChamp
gambit FailFish
Lacist chat MingLee
RETS GO TYROO MingLee
ez -3.5 LUL
TY LUL
LOOOOOOOOOOL tyREW 4Head
CIS RUSH PogChamp
chinese cs 4Head
CANT HOLD B RASH EleGiggle
ECO ROUNDS NotLikeThis
lmao LUL
GAMBIT HERE MAJOR WINNERS ZEUS WAS THE PROBLEM 4Head
eco win vs eco win LUL
Tyloo ECO LUL
? LUL
繁体字这么难写。。。为啥要用。。。我若用繁体写作文一定写不完啊 LUL
kazakstanians is not russian, and not chinese CoolStoryBob
@derp_status Legit numba wan PogChamp
PUBG MOUSEMATE LUL
chinese LUL
SK IN 2018 NIP IN 2016 IN 2018 IN 2018 LUL
stop writing in chinese MingLee
kazakh = chinese Kappa
Botet LUL
@WileyFailD it's English channel isn't it LUL
@arvaq it is not the same ? LUL
the 2 player with kits push mid xccurate $1200 no kit NotLikeThis
Stickup11 Kazaks ARE* not ... Your english sucks Jebaited
Короче пацаны топим за казахов Китай СОС Kappa
Stickup11 you used plural, the plural of "is" is Are* ;)
@turalio nah, they r same m8 Kappa
@Goldfishh says the guy who spelled goldfish with to H Kappa
NOW GAMBIT WINS LUL
this game LUL
Не говорить на родном в 2018 LUL
how Gambot win inferno LUL
THE CZ IS PERFECTLY BALANCED. Kappa
@Goldfishh i was faster Twitch PrimeStickup11: TWO 4Head
ECO COBRA LUL
wtf is gambit doing LUL
ITS IEM KATOWICE ITS GAMBIT VS TYLOO THE TITLES IN ENGLISH THE CHAT SHOULD BE TOO 4Head
Major champion losing to tier 3 Asian team LUL
BNTET TO VP Keepo
force everyround > 12-3 EleGiggle
bntet polandpride LUL
IT'S IEM KATOWICE IT'S GAMBIT VS TYLOO THE TITLE'S IN ENGLISH THE CHAT SHOULD BE TOO 4Head
put overproud meme to indonesian NotLikeThis
Its not Poland stupid xD, Indonesia ResidentSleeper
GAMBOT LUL
: IT'S IEM KATOWICE IT'S GAMBIT VS TYLOO THE TITLE'S IN ENGLISH THE CHAT SHOULD BE RU 4Head
bntet xcurrate poland pride LUL
2-1 TYLUL LUL
Тайлу сас Kappa
Gambit got so bad :(
CZ BALANCED LUL
Gambit Kazakhistan SoBayed
SPEAK ENGLISH CHAT 4Head
I THROW POWER SMOrc
XGOD PogChamp
MOU LUL
Poland Pride Xcurrate PogChamp
@VirtusPremier Мексиканская еда LUL
kazakh economy LUL
PUBG LUL
CAPTAIN MOU LUL
Battlegrounds PRO SMOrc
PUBG LUL
PUBG MOUSEPAD LUL
xcurrate n bntet from poland confirmed by hltv LUL
@hansru4 CoolStoryBob
Gambit picked overpass EleGiggle
TyLoo <3
GAMBOT FROM MAJOR CHAMPIONS TO BEING ELIMINATED IN GROUP STAGE LUL
Mousesports 2008 CoolStoryBob
DOZE-ZIA LUL
timing LUL
SILVER CS LUL
Tyloo gros skill Keepo
Seized carrying PogChamp
TY LUL
GODECOY PogChamp
NA CS LUL
Messi LUL
-electronic +seized PogChamp
tyloo strats Jebaited
TL CS CLOWN 9 BYE GUYS HeyGuys
SEIZED BY THE GOD HIMSELF PogChamp
decoy LUL
SEIZED AFTER 2015 LUL
DOSIA... BY X-GOD ;)
dat flank Kreygasm
BnTeT & xccurate polish duo PogChamp
Tyloo > Major champion LUL
You don't copy the name when you copy pasta FailFish
Poland pride! PogChamp
VirtusPremier: You don't copy the name when you copy pasta FailFish
10-4 LUL
Spam this ORC to help MO SMOrc
Hobbit 3 - 10 LUL
VirtusPremier: You don't copy the name when you copy pasta FailFish
UK Mafs 4Head
10-4 PogChamp
NA SMOKE Kappa
ASIAN NADES LUL
POLISH SMOKE LUL
CN smoke LUL
CH SMOKE LUL
EU smoke = GOOD smokeNA smoke = BAD smokeCN smoke = NO smoke LUL
force buy force buy FailFish
eco won PogChamp
GAM BIT LUL
EU smoke = GOOD smoke,NA smoke = BAD smoke,CN smoke = NO smoke LUL
Polish + chinnese >>> Gambot LUL
gg BabyRage
WHY DID HE PEEK WutFace
GAMBIT MAJOR WINNER LUL
getting 2-1 by TYLUL disband gambot EleGiggle
gambot and crowd9 LUL
put overproud meme to indonesian FailFish
Гамбиты ну чё NotLikeThis
Polish pride PogChamp
Damn... twitch removed Kappa. :(
new polish number 1 team PogChamp
csgo player uses PUBG's mouse pad Kappa
You drink water that costs money and then cry it out Cry Not Free Kappa
CIS AIM EleGiggle
GAMBOT FROM MAJOR CHAMPS TO BEING ELIMINATED IN GROUPSTAGE LUL
rush B LUL
Comeback PogChamp
imagine if gambit didnt force every other round FailFish
comeback the comeback LUL
Seized has lost a lot of weight PogChamp
Which mo? Keepo
Mouse dead NotLikeThis
SOMEBODY PICKS UP MP9 USES CZ LUL
The pictures look like the same face with different hair styles plz no bannerino eslino Kappa
11-16 BlessRNG
photo xD LUL
H1Z1 LUL
11-16 MingLee
h4x LUL
@musalin HeyGuys
@bigmackthegod You're fat if you're eating a burrito? LUL
MOU LUL
why are they aggro as fuck LUL
MOU LUL
Go tyloo so easier win for SK LUL
Gambit picked overpass EleGiggle
@garwr Kappa
winner will beat sk LUL
When ur 7-12 and decide to push A together PogChamp
no way gambit wins this map LUL
Can I get a 123? Kappa
Trollers vs trollers Wtf is going on chat LUL
Абай не деген хайуан PogChamp
Asia vs Asia Kappa
VAC Kappa
@Hazardmate new meme Keepo
BIT LUL
GAMBIT LUL
SK WILL ALT TAB AGAIN 4Head
MAJOR CHAMPIONS LUL
AWP LUL
LOSING TO SCRUBS LUL
EU csgo LUL
gambit LUL
@oliverbrix mods wtf WutFace
Throwbit? :o
U S T I L L O FUNgineer
GAMBOT LUL
PUBG MOUSEPAD HACKS LUL
getting 2-1 by TYLUL = disband LUL
CT sided SoBayed
Bye Gambots HeyGuys
@drk944 / \ Kappa
SOMEONE LUL
SEIZED LUL
GAMBIT OUTPLAYED 4Head
GAMBIT LUL
GAMBOTS Major Winners OMEGA LUL
GAMBOT FROM MAJOR CHAMPS TO BEING ELIMINATED IN GROUPSTAGE LUL
china numba 1 PogChamp
@s0mcs PogChamp
put overproud meme to indonesian NotLikeThis
_3.5 tyloo LUL
Adren WutFace
@s0mcs MingLee
@s0mcs NA CHINESE LUL
s0m LUL
chiina #1 MingLee
@s0mcs lol your homies numba want LUL
budged awp LUL
Tyloo won major #1 MingLee
Budget awp LUL
gg LUL
rip LUL
kKEVIN SO CUTE :)
Пока пацаны / Kappa
GAMBOT LUL
Tyloo > major winner LUL
budget henryg and budget sadokist LUL
TOILET CLEANERS SYNCH LUL
sadokist died in his new car rip sado BibleThump
DUBSTEP KEYBOARD PogChamp
DUBSTEP CHIPS PogChamp
NIP LUL
WEST HAM LUL
Make sure to enter the awesome giveaway! http://intelextrememasters.com/raffle :D
WHO LUL
FEMINISM DansGame
G2 LUL
AIDS WutFace
POORLAND Kreygasm
inteligent ppl in chat PogChamp
viewer bot PogChamp
from 8k to 4k...chinese bots gone PogChamp
Poland crowd is pretty tbh PogChamp
or they went to c9 vs liquid, but i'm here as long as gambit are <3
sk washed up EleGiggle
PUBG mousepad LUL
RETS GO TYROO MingLee
kazakhs LUL
DOSIA TEAM ASSIST LUL
#RUNTYROO MingLee
PUBG MOUSEPAD LUL
ez 6.40 odds upset bye Gambot EleGiggle
NA defuse BibleThump
SPAM THIS NOODLE TO HELP SKADOODLE pastaThat
BnTeT gamesense Kreygasm
Clap MingLee
Komrades SMOrc
BOTS LUL
WHAT A GOD PogChamp
Chinese hackers LUL
Somebody > NiKo PogChamp
SPAM THIS NOODLE TO HELP SKADOODLE pastaThat
Make sure to enter the awesome giveaway! http://intelextrememasters.com/raffle :D
@Goldfishh KQLY LUL
@bigmackthegod +seized LUL
Adren deagle LUL
HEROBOSSRIKU NT, but i dont buy it Jebaited
0-16 :(
Polish DUO PogChamp
polish duo LUL
Shooting corpse LUL
Not Polish NotLikeThis
polish duo = ez win LUL
TYLOO MAGIC PogChamp
Cloud9 choke again LUL
16-0 BlessRNG
Tyloo strats PogChamp
Prius god observe PogChamp
GAMBOT MAJOR CHAMPS BTW LUL
Prius observing Kreygasm
SPAM THIS NOODLE TO HELP SKADOODLE pastaThat
Prius Kreygasm
GAMBOT OMEGALUL Losing vs MingLee
Gambit in 2018 LUL
TYLOO MAGIC PogChamp
16-0 BlessRNG
poor tyloo TearGlove
major winners vs tier 166654477 LUL
16-0 BlessRNG
Gambit LUL
Gambot LUL
they removed fitch for decoy LUL
Gambit losing to ty DISBAND LUL
Two Poland players in Tyloo too good MingLee
BRA71L BlessRNG
shaky aim LUL
that spray LUL
1-16 LUL
CHINA NUMBA WUN 4Head
spray LUL
SPAM THIS NOODLE TO HELP SKADOODLE pastaThat
X-god Kreygasm
Ty LUL
Tyloo magic BlessRNG
CHINA NUMBA WAN 4Head
cajnanumbawannnnn LUL
BnTeT Poland superstar LUL
GAMBIT ELIMINATION GETTING CLOSER AND CLOSER LUL
cajnanumbawannnnn LUL
@VetKin214 You are silver, what u know about CS? LUL
Bntet greatest player to ever play any version of cs PogChamp
THE POLISH HOPE PogChamp
polish cs PogChamp
POLISH CS PogChamp
POLISH LUL
godtet PogChamp
2 polish Kreygasm
omg Poland power PogChamp
LAST HOPE POLISH Kreygasm
POLISH LUL
Its indonesian LUL
Make sure to enter the awesome giveaway! http://intelextrememasters.com/raffle :D
POLAND CS LUL
GODTET INDO PRIDE Kreygasm
No time SMOrc
scope in LUL
"They are Indonesian" Nice joke 4Head
nt poland LUL
poland LUL
7 4Head
INDONESIAN LUL
slim seized LUL
stop trolling THEY ARE POLISH LUL
BnTeT and xccurate Monaco pride PogChamp
BnTeT BibleThump
"They are Indonesian" 2018 jokes LUL
AGO Bntet is the solution SwiftRage
after magical pause and hand language... i expect 16 - 6 incoming Kappa
BnTeT looks like average polish guy, right? Kappa
indonesia this country doesn't even exists LUL
BnTeT is polish, check HLTV FailFish
- PUBG AIM + BNTET SeemsGood
POLISH CLUTCH INC PogChamp
Baiting 2k18 LUL
LAST POLISH BibleThump
"They are Indonesian" 2018 jokes LUL
INDO PRIDE IN 2018 LUL
BnTeT BibleThump
16 6 choke ResidentSleeper
Ty LUL
people thinking BnTet is from Indonesia LUL
"They are Indonesian" 2018 jokes LUL
Better polish squad than VP PogChamp
HANSEL FROM MONACO PogChamp
10000 dpi WutFace
ppl taking twitch serious EleGiggle
Hansel "BnTeT Ferdinandwski CHECK HIS LAST NAME 100% POLAND Kappa
"They are Indonesian" 2018 jokes LUL
-NEO +BNTET PogChamp
VP.BnTeT PogChamp
" THEY ARE INDONESIANS " IN 2018 NICE JOKE LUL
I thought he was from Singapore PogChamp
Titan Kato14 Kreygasm
Tyloo magic BibleThump
X G D Kreygasm
X GOD Kreygasm
Ty LUL
Ty LUL
DO-SIA VU LUL
X GOD Kreygasm
X G D PogChamp
Mop up ty LUL
seized top fragger LUL
Spinbot Incoming from MingLee
yea , i forgot that the event is in poland, crowd is helping tyl to win LUL
i hate this polish chokers maaaaan TearGlove
(insert country here) PRIDE IN 2018 LUL
SAVED LUL
16-6 LUL
"They are Indonesian" 2018 jokes LUL
Cmon Bntet Monaco pride KappaPride
WE'RE CLOWN 9 OUR STRATS ARE JOKES SOMETIMES WE WIN BUT MOSTLY WE CHOKE 4Head
seized LUL
BnTET actually Polish but lives in Monaco for tax evasion. PeoplesChamp
DECOY LUL
decoy LUL
VAC LUL
TyLUL LUL
CLEAN CRISP WALLHACK LUL
chinese cheaters WutFace
pl cheats LUL
X G D Kreygasm
TY LUL
WHY IS EVERYONE WATCHING NA CS INSTEAD LUL
polish player 4Head
Tyloo magic BibleThump
Not Polish Army BabyRage
bentet is actually AFRICAN LUL
TyLUL LUL
captain mo FailFish
CAPTAIN MOM LUL
he is polish LUL
polish LUL
The flag was accidentally flipped for BnTeT? TwitchVotes
SOMEBODY GETS THE KILL BUT WHO? LUL
BnTet SeemsGood
Make sure to enter the awesome giveaway! http://intelextrememasters.com/raffle :D
1g Kappa
chill mates...tyloo will be have ct in second half :)
nice caster even dont know who get kill LUL
Ty let’s go gambit LUL
GO BNTET MAKE POLISH CROWD PROUD SwiftRage
DD LUL
NADE Kreygasm
NADE PogChamp
POLISH PRIDE PogChamp
POLISH POWERHOUSE PogChamp
8-16 EZ 4 TY LUL
POLAND PogChamp
POLISH CS PogChamp
POLISH PRIDE LUL
8/7 EQUAL SPLIT LUL
not bad not bad ;)
BNTET POLISH GOD Kreygasm
POLISH GOD PogChamp
POLISH STARS PogChamp
TyLUL > VirtusPUBG POLISH PROUD LUL
BnTet Polish God PogChamp
-byali -pasha +bntet +xccurate Kappa
DENIED LUL
god seized Kreygasm
nom nom OpieOP
EZ FOR GAMBOT ResidentSleeper
Hansel "BnTeT" Ferdinandwski Kreygasm
GO BNTET MAKE POLISH CROWD PROUD SwiftRage
Polish top 1 VoteNay
BNTET AND XCURATE SwiftRage
Kevin "xccurate"Susantowski Kreygasm
-you + ME VoteNay
"Susan" towski cmonBruh
@Amboss_der_Rabiator nice joke LUL
BnTeT Indonesian nice joke LUL
ofc VoteYea
' BnTeT is Indonisian' is the best joke in 2018 LUL
OMEGA LUL
Fuckiing animals nice troll for BnTeT from Poland ResidentSleeper
seized LUL
gg LUL
cz LUL
BOT DD LUL
Dd LUL
tyloo bots LUL
> XGOD Kreygasm
GO BNTET LAST POLISH HOPE MAKE POLISH CROWD PROUD SwiftRage
is this lower or upper bracket? ty :)
someBOTy LUL
chinese nerves are real in pistol chokes Kappa
Why don't we 600% zoom on Dosia's portrait and leave it be for the rest of the match? Kreygasm
fat Kappa
TSM won Kappa
PUBG MOUSEPAD LUL
Make sure to enter the awesome giveaway! http://intelextrememasters.com/raffle :D
TYLOO MAGIC BibleThump
TY LUL
CHINA NUMBA WAN LUL
0-6 to 12-7 WTF BibleThump
0-6 to 12-7 LUL
again no polish players in playoffs in Katowice :(
after that magical pause at round 6 even at winning streak... tylol just never can win .... xccurate told MO he actually betted on Gambot with hand language LUL
TY LUL
X GOD <3
ANY X GOD LOVER ?? <3
he isnt even polish he is indonesian LUL
Make sure to enter the awesome giveaway! http://intelextrememasters.com/raffle :D
Indonesian LUL
TY GONNA COMEBACK AND CHOKE 14-16 LUL
everyone knows bntet polish LUL
bntet is fro. 3 countries tbh LUL
TY CS LUL
3s first kill that we dont see cmon TTours
TyLul PogChamp
1G Kappa
iq200 LUL
BNTET POLISH PRIDE Kreygasm
sens WutFace
zeuscyberschool Kappa
ONLY PREFIRING Kappa
SOMEBODY to NOBODY LUL
when your haxx glitch LUL
knock knock who's there? sumbody LUL
-somebody + n0thing LUL
CHINESE CS LUL
monacan cs LUL
16-14 EleGiggle
vac KomodoHype
Mo and mou :D
Polish cs PogChamp
PUBG LUL
TY THINK THEY CAN COME BACK LUL
Polish CS PogChamp
@kio_was_the_problem cmonBruh
They are from Monaco FailFish
bntet finally at home in katowice LUL
15-9 EleGiggle
throw molly in smoke 200 iq LUL
dd? what does he want to copy Kappa
2 awp retake LUL
THROW FOR SKINS LUL
0-6 16-9 LUL
yep its over :D
bntet wont see his family and gets pulled back to china with tyloo :(
TY LUL
DD LUL
> MOU Kreygasm
TYPICAL TY LUL
TY LUL
TYLUL LUL
NA SYNC LUL
1 day and eliminated LUL
rip Gambit LUL
‘s for gambit BlessRNG
North TwitchLit
Make sure to enter the awesome giveaway! http://intelextrememasters.com/raffle :D
