U S T I L L O FUNgineer
@KoSsoO All those LL plebs FailFish
SK LUL
ez astra <3
sk LUL
virtus premier LUL
XGOD Kreygasm
VP LUL
-3.5 BlessRNG
MP7 LUL
TYLOO BOTS LUL
TY LUL
gg EleGiggle
TY LUL
D D MingLee
Ty never winn against eco team LUL
THAT SENS LUL
PUBG LUL
CSGOb SUBS LUL
NICE GAME LUL
kek CSGOb SUBS LUL
CN ECO LUL
GAMBOT FailFish
SK NotLikeThis
TY 2:1 GMB trust LUL
gambit has 2 bots cmon guys dosia and seized FailFish
oops dosia toggle on Kappa
我不是大陆，也不是台湾的。我觉得繁体字不是人用的 LUL
Is it china stream? Kappa
的也会不我不 :D
asian invasion WutFace
eslMoreChunes 大陸 eslVAC 傻逼少 eslChicken 打簡字 PogChamp
chinese MingLee
NUMBA won. MingLee
DIS CHAT IST NUMBA WAN MingLee
ONI_CHAN WORNG HOLE KYYAAAAA Squid4
的也会不我不 :D
Scout PogChamp
gambit FailFish
Lacist chat MingLee
RETS GO TYROO MingLee
ez -3.5 LUL
TY LUL
LOOOOOOOOOOL tyREW 4Head
CIS RUSH PogChamp
chinese cs 4Head
CANT HOLD B RASH EleGiggle
ECO ROUNDS NotLikeThis
lmao LUL
GAMBIT HERE MAJOR WINNERS ZEUS WAS THE PROBLEM 4Head
eco win vs eco win LUL
Tyloo ECO LUL
? LUL
繁体字这么难写。。。为啥要用。。。我若用繁体写作文一定写不完啊 LUL
kazakstanians is not russian, and not chinese CoolStoryBob
@derp_status Legit numba wan PogChamp
PUBG MOUSEMATE LUL
chinese LUL
SK IN 2018 NIP IN 2016 IN 2018 IN 2018 LUL
stop writing in chinese MingLee
kazakh = chinese Kappa
Botet LUL
@WileyFailD it's English channel isn't it LUL
@arvaq it is not the same ? LUL
the 2 player with kits push mid xccurate $1200 no kit NotLikeThis
Stickup11 Kazaks ARE* not ... Your english sucks Jebaited
Короче пацаны топим за казахов Китай СОС Kappa
Stickup11 you used plural, the plural of "is" is Are* ;)
@turalio nah, they r same m8 Kappa
@Goldfishh says the guy who spelled goldfish with to H Kappa
NOW GAMBIT WINS LUL
this game LUL
Не говорить на родном в 2018 LUL
how Gambot win inferno LUL
THE CZ IS PERFECTLY BALANCED. Kappa
@Goldfishh i was faster Twitch PrimeStickup11: TWO 4Head
ECO COBRA LUL
wtf is gambit doing LUL
ITS IEM KATOWICE ITS GAMBIT VS TYLOO THE TITLES IN ENGLISH THE CHAT SHOULD BE TOO 4Head
Major champion losing to tier 3 Asian team LUL
BNTET TO VP Keepo
force everyround > 12-3 EleGiggle
bntet polandpride LUL
IT'S IEM KATOWICE IT'S GAMBIT VS TYLOO THE TITLE'S IN ENGLISH THE CHAT SHOULD BE TOO 4Head
put overproud meme to indonesian NotLikeThis
Its not Poland stupid xD, Indonesia ResidentSleeper
GAMBOT LUL
: IT'S IEM KATOWICE IT'S GAMBIT VS TYLOO THE TITLE'S IN ENGLISH THE CHAT SHOULD BE RU 4Head
bntet xcurrate poland pride LUL
2-1 TYLUL LUL
Тайлу сас Kappa
Gambit got so bad :(
CZ BALANCED LUL
Gambit Kazakhistan SoBayed
SPEAK ENGLISH CHAT 4Head
I THROW POWER SMOrc
XGOD PogChamp
MOU LUL
Poland Pride Xcurrate PogChamp
@VirtusPremier Мексиканская еда LUL
kazakh economy LUL
PUBG LUL
CAPTAIN MOU LUL
Battlegrounds PRO SMOrc
PUBG LUL
PUBG MOUSEPAD LUL
xcurrate n bntet from poland confirmed by hltv LUL
@hansru4 CoolStoryBob
Gambit picked overpass EleGiggle
TyLoo <3
GAMBOT FROM MAJOR CHAMPIONS TO BEING ELIMINATED IN GROUP STAGE LUL
Mousesports 2008 CoolStoryBob
DOZE-ZIA LUL
timing LUL
SILVER CS LUL
Tyloo gros skill Keepo
Seized carrying PogChamp
TY LUL
GODECOY PogChamp
NA CS LUL
Messi LUL
-electronic +seized PogChamp
tyloo strats Jebaited
TL CS CLOWN 9 BYE GUYS HeyGuys
SEIZED BY THE GOD HIMSELF PogChamp
decoy LUL
SEIZED AFTER 2015 LUL
DOSIA... BY X-GOD ;)
dat flank Kreygasm
BnTeT & xccurate polish duo PogChamp
Tyloo > Major champion LUL
You don't copy the name when you copy pasta FailFish
Poland pride! PogChamp
VirtusPremier: You don't copy the name when you copy pasta FailFish
10-4 LUL
Spam this ORC to help MO SMOrc
Hobbit 3 - 10 LUL
VirtusPremier: You don't copy the name when you copy pasta FailFish
UK Mafs 4Head
10-4 PogChamp
NA SMOKE Kappa
ASIAN NADES LUL
POLISH SMOKE LUL
CN smoke LUL
CH SMOKE LUL
EU smoke = GOOD smokeNA smoke = BAD smokeCN smoke = NO smoke LUL
force buy force buy FailFish
eco won PogChamp
GAM BIT LUL
EU smoke = GOOD smoke,NA smoke = BAD smoke,CN smoke = NO smoke LUL
Polish + chinnese >>> Gambot LUL
gg BabyRage
WHY DID HE PEEK WutFace
GAMBIT MAJOR WINNER LUL
getting 2-1 by TYLUL disband gambot EleGiggle
gambot and crowd9 LUL
put overproud meme to indonesian FailFish
Гамбиты ну чё NotLikeThis
Polish pride PogChamp
Damn... twitch removed Kappa. :(
new polish number 1 team PogChamp
csgo player uses PUBG's mouse pad Kappa
You drink water that costs money and then cry it out Cry Not Free Kappa
CIS AIM EleGiggle
GAMBOT FROM MAJOR CHAMPS TO BEING ELIMINATED IN GROUPSTAGE LUL
rush B LUL
Comeback PogChamp
imagine if gambit didnt force every other round FailFish
comeback the comeback LUL
Seized has lost a lot of weight PogChamp
Which mo? Keepo
Mouse dead NotLikeThis
SOMEBODY PICKS UP MP9 USES CZ LUL
The pictures look like the same face with different hair styles plz no bannerino eslino Kappa
11-16 BlessRNG
photo xD LUL
H1Z1 LUL
11-16 MingLee
h4x LUL
@musalin HeyGuys
@bigmackthegod You're fat if you're eating a burrito? LUL
MOU LUL
why are they aggro as fuck LUL
MOU LUL
Go tyloo so easier win for SK LUL
Gambit picked overpass EleGiggle
@garwr Kappa
winner will beat sk LUL
When ur 7-12 and decide to push A together PogChamp
no way gambit wins this map LUL
Can I get a 123? Kappa
Trollers vs trollers Wtf is going on chat LUL
Абай не деген хайуан PogChamp
Asia vs Asia Kappa
VAC Kappa
@Hazardmate new meme Keepo
BIT LUL
GAMBIT LUL
SK WILL ALT TAB AGAIN 4Head
MAJOR CHAMPIONS LUL
AWP LUL
LOSING TO SCRUBS LUL
EU csgo LUL
gambit LUL
@oliverbrix mods wtf WutFace
Throwbit? :o
U S T I L L O FUNgineer
GAMBOT LUL
PUBG MOUSEPAD HACKS LUL
getting 2-1 by TYLUL = disband LUL
CT sided SoBayed
Bye Gambots HeyGuys
@drk944 / \ Kappa
SOMEONE LUL
SEIZED LUL
GAMBIT OUTPLAYED 4Head
GAMBIT LUL
GAMBOTS Major Winners OMEGA LUL
GAMBOT FROM MAJOR CHAMPS TO BEING ELIMINATED IN GROUPSTAGE LUL
china numba 1 PogChamp
@s0mcs PogChamp
put overproud meme to indonesian NotLikeThis
_3.5 tyloo LUL
Adren WutFace
@s0mcs MingLee
@s0mcs NA CHINESE LUL
s0m LUL
chiina #1 MingLee
@s0mcs lol your homies numba want LUL
budged awp LUL
Tyloo won major #1 MingLee
Budget awp LUL
gg LUL
rip LUL
kKEVIN SO CUTE :)
Пока пацаны / Kappa
GAMBOT LUL
Tyloo > major winner LUL
budget henryg and budget sadokist LUL
TOILET CLEANERS SYNCH LUL
sadokist died in his new car rip sado BibleThump
DUBSTEP KEYBOARD PogChamp
DUBSTEP CHIPS PogChamp
NIP LUL
WEST HAM LUL
Make sure to enter the awesome giveaway! http://intelextrememasters.com/raffle :D
WHO LUL
FEMINISM DansGame
G2 LUL
AIDS WutFace
POORLAND Kreygasm
inteligent ppl in chat PogChamp
viewer bot PogChamp
from 8k to 4k...chinese bots gone PogChamp
Poland crowd is pretty tbh PogChamp
or they went to c9 vs liquid, but i'm here as long as gambit are <3
sk washed up EleGiggle
PUBG mousepad LUL
RETS GO TYROO MingLee
kazakhs LUL
DOSIA TEAM ASSIST LUL
#RUNTYROO MingLee
PUBG MOUSEPAD LUL
ez 6.40 odds upset bye Gambot EleGiggle
NA defuse BibleThump
SPAM THIS NOODLE TO HELP SKADOODLE pastaThat
BnTeT gamesense Kreygasm
Clap MingLee
Komrades SMOrc
BOTS LUL
WHAT A GOD PogChamp
Chinese hackers LUL
Somebody > NiKo PogChamp
SPAM THIS NOODLE TO HELP SKADOODLE pastaThat
Make sure to enter the awesome giveaway! http://intelextrememasters.com/raffle :D
@Goldfishh KQLY LUL
@bigmackthegod +seized LUL
Adren deagle LUL
HEROBOSSRIKU NT, but i dont buy it Jebaited
0-16 :(
Polish DUO PogChamp
polish duo LUL
Shooting corpse LUL
Not Polish NotLikeThis
polish duo = ez win LUL
TYLOO MAGIC PogChamp
Cloud9 choke again LUL
16-0 BlessRNG
Tyloo strats PogChamp
Prius god observe PogChamp
GAMBOT MAJOR CHAMPS BTW LUL
Prius observing Kreygasm
SPAM THIS NOODLE TO HELP SKADOODLE pastaThat
Prius Kreygasm
GAMBOT OMEGALUL Losing vs MingLee
Gambit in 2018 LUL
TYLOO MAGIC PogChamp
16-0 BlessRNG
poor tyloo TearGlove
major winners vs tier 166654477 LUL
16-0 BlessRNG
Gambit LUL
Gambot LUL
they removed fitch for decoy LUL
Gambit losing to ty DISBAND LUL
Two Poland players in Tyloo too good MingLee
BRA71L BlessRNG
shaky aim LUL
that spray LUL
1-16 LUL
CHINA NUMBA WUN 4Head
spray LUL
SPAM THIS NOODLE TO HELP SKADOODLE pastaThat
X-god Kreygasm
Ty LUL
Tyloo magic BlessRNG
CHINA NUMBA WAN 4Head
cajnanumbawannnnn LUL
BnTeT Poland superstar LUL
GAMBIT ELIMINATION GETTING CLOSER AND CLOSER LUL
cajnanumbawannnnn LUL
@VetKin214 You are silver, what u know about CS? LUL
Bntet greatest player to ever play any version of cs PogChamp
THE POLISH HOPE PogChamp
polish cs PogChamp
POLISH CS PogChamp
POLISH LUL
godtet PogChamp
2 polish Kreygasm
omg Poland power PogChamp
LAST HOPE POLISH Kreygasm
POLISH LUL
Its indonesian LUL
Make sure to enter the awesome giveaway! http://intelextrememasters.com/raffle :D
POLAND CS LUL
GODTET INDO PRIDE Kreygasm
No time SMOrc
scope in LUL
"They are Indonesian" Nice joke 4Head
nt poland LUL
poland LUL
7 4Head
INDONESIAN LUL
slim seized LUL
stop trolling THEY ARE POLISH LUL
BnTeT and xccurate Monaco pride PogChamp
BnTeT BibleThump
"They are Indonesian" 2018 jokes LUL
AGO Bntet is the solution SwiftRage
after magical pause and hand language... i expect 16 - 6 incoming Kappa
BnTeT looks like average polish guy, right? Kappa
indonesia this country doesn't even exists LUL
BnTeT is polish, check HLTV FailFish
- PUBG AIM + BNTET SeemsGood
POLISH CLUTCH INC PogChamp
Baiting 2k18 LUL
LAST POLISH BibleThump
"They are Indonesian" 2018 jokes LUL
INDO PRIDE IN 2018 LUL
BnTeT BibleThump
16 6 choke ResidentSleeper
Ty LUL
people thinking BnTet is from Indonesia LUL
"They are Indonesian" 2018 jokes LUL
Better polish squad than VP PogChamp
HANSEL FROM MONACO PogChamp
10000 dpi WutFace
ppl taking twitch serious EleGiggle
Hansel "BnTeT Ferdinandwski CHECK HIS LAST NAME 100% POLAND Kappa
"They are Indonesian" 2018 jokes LUL
-NEO +BNTET PogChamp
VP.BnTeT PogChamp
" THEY ARE INDONESIANS " IN 2018 NICE JOKE LUL
I thought he was from Singapore PogChamp
Titan Kato14 Kreygasm
Tyloo magic BibleThump
X G D Kreygasm
X GOD Kreygasm
Ty LUL
Ty LUL
DO-SIA VU LUL
X GOD Kreygasm
X G D PogChamp
Mop up ty LUL
seized top fragger LUL
Spinbot Incoming from MingLee
yea , i forgot that the event is in poland, crowd is helping tyl to win LUL
i hate this polish chokers maaaaan TearGlove
(insert country here) PRIDE IN 2018 LUL
SAVED LUL
16-6 LUL
"They are Indonesian" 2018 jokes LUL
Cmon Bntet Monaco pride KappaPride
WE'RE CLOWN 9 OUR STRATS ARE JOKES SOMETIMES WE WIN BUT MOSTLY WE CHOKE 4Head
seized LUL
BnTET actually Polish but lives in Monaco for tax evasion. PeoplesChamp
DECOY LUL
decoy LUL
VAC LUL
TyLUL LUL
CLEAN CRISP WALLHACK LUL
chinese cheaters WutFace
pl cheats LUL
X G D Kreygasm
TY LUL
WHY IS EVERYONE WATCHING NA CS INSTEAD LUL
polish player 4Head
Tyloo magic BibleThump
Not Polish Army BabyRage
bentet is actually AFRICAN LUL
TyLUL LUL
captain mo FailFish
CAPTAIN MOM LUL
he is polish LUL
polish LUL
The flag was accidentally flipped for BnTeT? TwitchVotes
SOMEBODY GETS THE KILL BUT WHO? LUL
BnTet SeemsGood
Make sure to enter the awesome giveaway! http://intelextrememasters.com/raffle :D
1g Kappa
chill mates...tyloo will be have ct in second half :)
nice caster even dont know who get kill LUL
Ty let’s go gambit LUL
GO BNTET MAKE POLISH CROWD PROUD SwiftRage
DD LUL
NADE Kreygasm
NADE PogChamp
POLISH PRIDE PogChamp
POLISH POWERHOUSE PogChamp
8-16 EZ 4 TY LUL
POLAND PogChamp
POLISH CS PogChamp
POLISH PRIDE LUL
8/7 EQUAL SPLIT LUL
not bad not bad ;)
BNTET POLISH GOD Kreygasm
POLISH GOD PogChamp
POLISH STARS PogChamp
TyLUL > VirtusPUBG POLISH PROUD LUL
BnTet Polish God PogChamp
-byali -pasha +bntet +xccurate Kappa
DENIED LUL
god seized Kreygasm
nom nom OpieOP
EZ FOR GAMBOT ResidentSleeper
Hansel "BnTeT" Ferdinandwski Kreygasm
GO BNTET MAKE POLISH CROWD PROUD SwiftRage
Polish top 1 VoteNay
BNTET AND XCURATE SwiftRage
Kevin "xccurate"Susantowski Kreygasm
-you + ME VoteNay
"Susan" towski cmonBruh
@Amboss_der_Rabiator nice joke LUL
BnTeT Indonesian nice joke LUL
ofc VoteYea
' BnTeT is Indonisian' is the best joke in 2018 LUL
OMEGA LUL
Fuckiing animals nice troll for BnTeT from Poland ResidentSleeper
seized LUL
gg LUL
cz LUL
BOT DD LUL
Dd LUL
tyloo bots LUL
> XGOD Kreygasm
GO BNTET LAST POLISH HOPE MAKE POLISH CROWD PROUD SwiftRage
is this lower or upper bracket? ty :)
someBOTy LUL
chinese nerves are real in pistol chokes Kappa
Why don't we 600% zoom on Dosia's portrait and leave it be for the rest of the match? Kreygasm
fat Kappa
TSM won Kappa
PUBG MOUSEPAD LUL
Make sure to enter the awesome giveaway! http://intelextrememasters.com/raffle :D
TYLOO MAGIC BibleThump
TY LUL
CHINA NUMBA WAN LUL
0-6 to 12-7 WTF BibleThump
0-6 to 12-7 LUL
again no polish players in playoffs in Katowice :(
after that magical pause at round 6 even at winning streak... tylol just never can win .... xccurate told MO he actually betted on Gambot with hand language LUL
TY LUL
X GOD <3
ANY X GOD LOVER ?? <3
he isnt even polish he is indonesian LUL
Make sure to enter the awesome giveaway! http://intelextrememasters.com/raffle :D
Indonesian LUL
TY GONNA COMEBACK AND CHOKE 14-16 LUL
everyone knows bntet polish LUL
bntet is fro. 3 countries tbh LUL
TY CS LUL
3s first kill that we dont see cmon TTours
TyLul PogChamp
1G Kappa
iq200 LUL
BNTET POLISH PRIDE Kreygasm
sens WutFace
zeuscyberschool Kappa
ONLY PREFIRING Kappa
SOMEBODY to NOBODY LUL
when your haxx glitch LUL
knock knock who's there? sumbody LUL
-somebody + n0thing LUL
CHINESE CS LUL
monacan cs LUL
16-14 EleGiggle
vac KomodoHype
Mo and mou :D
Polish cs PogChamp
PUBG LUL
TY THINK THEY CAN COME BACK LUL
Polish CS PogChamp
@kio_was_the_problem cmonBruh
They are from Monaco FailFish
bntet finally at home in katowice LUL
15-9 EleGiggle
throw molly in smoke 200 iq LUL
dd? what does he want to copy Kappa
2 awp retake LUL
THROW FOR SKINS LUL
0-6 16-9 LUL
yep its over :D
bntet wont see his family and gets pulled back to china with tyloo :(
TY LUL
DD LUL
> MOU Kreygasm
TYPICAL TY LUL
TY LUL
TYLUL LUL
NA SYNC LUL
1 day and eliminated LUL
rip Gambit LUL
‘s for gambit BlessRNG
North TwitchLit
Make sure to enter the awesome giveaway! http://intelextrememasters.com/raffle :D
