All wrong :(
Haha :D
that guy sounds like zescht, but thats not zescht's channel. im confused.... and zescht would know how to pronounce meisterschaft! Kappa
haha :D
Make sure to enter the awesome giveaway! http://intelextrememasters.com/raffle :D
Make sure to enter the awesome giveaway! http://intelextrememasters.com/raffle :D
Make sure to enter the awesome giveaway! http://intelextrememasters.com/raffle :D
alexrrBrain LUL
Make sure to enter the awesome giveaway! http://intelextrememasters.com/raffle :D
Make sure to enter the awesome giveaway! http://intelextrememasters.com/raffle :D
ChrisWa afk Keepo
Make sure to enter the awesome giveaway! http://intelextrememasters.com/raffle :D
Make sure to enter the awesome giveaway! http://intelextrememasters.com/raffle :D
Make sure to enter the awesome giveaway! http://intelextrememasters.com/raffle :D
thx ;)
Make sure to enter the awesome giveaway! http://intelextrememasters.com/raffle :D
62 viewers LUL
Thanks though :)
@vividkillen Zescht_ is casting ;)
Make sure to enter the awesome giveaway! http://intelextrememasters.com/raffle :D
@Zescht_ Hast du pushtotalk an, oder mutest du dich immer beim schreiben? :D
Divizon build that economy :)
Make sure to enter the awesome giveaway! http://intelextrememasters.com/raffle :D
