Its hltv What do you expect. The G2 vs adwokacik game has 70% for adwokacik there LUL
jamezirl? instead of swag Jebaited
Wheres brax FailFish
VP beat NiP PogChamp
1:0 Delay DansGame
Daps profile pic LUL
jamez url PogChamp
daps go the shining LUL
If anything Jamez is better than swag LUL
swag dead LUL
swag LUL
no brax= no win :(
swag still in bed LUL
Brax Tongue is ded guys Jebaited
swag NotLikeThis
swag LUL
NRG onliners LUL
- brax + Skadoodle PogChamp
Twitch Chat gives me hope that I am Not the most IDIOTEST in this world. Thankyou! BlessRNG
JAMEZ top of the scoreboard NotLikeThis
Brax said he doesn't wake up early, that's why he isn't playing Kappa
"a map of this stature" LUL
brax banned LUL
in game comms PogChamp
voice chat PogChamp
Brax overslept LUL
brax prolly sleeping LUL
Nobody knows where brax is Stop fucking asking. FailFish
brax left the team after the bad performance yesterdaya FeelsBadMan 4Head
@Shwoop01 I'm pretty sure Torqued jnow LUL
james baiting LUL
@Seaside Well yeah, ofc. LUL
james top fragger LUL
a coach LUL
brax BibleThump
why Torqued picked overpass again NotLikeThis
Nobody knows where brax is BrokeBack
amurrinoobs SeemsGood
swag throwing again by not turning up LUL
Brax is too high to pley guys, let him smoke his ganja Kappa
ethan so good BibleThump
GOD ETHAN PogChamp
he had to work Kappa
Torqued Taco PogChamp
jumping in front of your teammate LUL
T RQUED LUL
coach top fragging LUL
auto director LUL
former ibuypower LUL
nice stream...see ZERO kills round but ok Kappa
Twitch chat doesn't know where Brax is BabyRage
former iBUYPOER steel LUL
I BUYTHROWER he is BRAX LUL
POLLO LUL
on scale to 1 to 10 how hard does steel throw LUL
JAMEZ PogChamp
jamez PogChamp
JAMEZ > BRAX PogChamp
Keep Jamez PogChamp
Jamez better than sqag SwiftRage
-swag + jamez EleGiggle
nice flash LUL
NONE OF US KNOW WHERE SWAG IS STOP ASKING FailFish
no mans land ? how to even die in no mans land? WutFace
the new iBUYPOWER LUL
JAMEZ BOT LUL
NRG onliners LUL
I bet if you continue to ask where brax is you will find out eventually. Kappa
ACEZK PogChamp
AZK COMING BACK PogChamp
WHAT A GOD ACEZK PogChamp
-swag +m0e LUL
AZK IS BACK PogChamp
dream high for comeback ... silver caster LUL
azk back to overwatch PogChamp
NRG onliners LUL
that CZ meta tho Jebaited
overwatch pro beating top 1 NA LUL
poor blu LUL
fire alarm LUL
@legendary_knob TOP 1 NA? What are you smokin LUL
JamezIRL PogChamp
jamez " " IRL PogChamp
RIP BLU BibleThump
his house is on fire LUL
frist no swag now blu.... what a day boys Kappa
Blu BibleThump
BRAX DIDNT WAKE UP LUL
told you LUL
BRAXTON LUL
ok LUL
WHO IS THIS GUY WHO IS THIS GUY WHO IS THIS GUY PogChamp
SLEEPY SWAG PogChamp
Cerq 1v9 LUL
brax is dropped after this LUL
Blu 1G LUL
people feel achieved because they predicted brax was sleeping LUL
Where is blu LUL
@Seaside <3
the new iBUYPOWER OMEGALUL LUL
PISTOLS ARE BALANCED LUL
CZ IS BALANCED MingLee
Crying to CZ LUL
@talentedgamerbtw cmonBruh
jamez " " IRL is on the case guys relax PogChamp
not using a cz in 2k18 LUL
CZ:GO LUL
nah it wasn't the CZ, nah Jebaited
ECO;D LUL
steel is trying to be smart and cool LUL
where is M O I S T Y observing :(
bulgarian carrying na best online team LUL
@Vazool ayy steel loyal peep LUL
when you set your alarm for PM instead of AM NotLikeThis
only cz's LUL
cz BALANCED PogChamp
Pocket AK LUL
STEEL LUL
steel with the steal Kappa
dyieng to Steel in 2k18 OMEGALUL LUL
freak LUL
20 straight online matches PogChamp
online cs LUL
Ethen from h3 plays for NRG? PogChamp
c9 ended the streak LUL
i like how he calls nahte ethan religiously but months later still says polo Kappa
Swag banned check HLTV PogChamp
poyo PogChamp
FIVESEVEN PogChamp
steel too good PogChamp
GOD STEEL PogChamp
GOD NAHTE PogChamp
steel PogChamp
2v5'd LUL
2v5 LUL
hs only LUL
NRG onliners LUL
COACH TOP FRAGGING LUL
literally 1 tapped all 5 players get out of here LUL
he gets 3 kill and the waste it LUL
caster LUL
NA Caster LUL
FAKE HYPE LUL
nobody understand the joke 4Head
BUDGET LAUNDERS LUL
GOD BLU PogChamp
@ESL_CSGOb I see two of you WutFace
@Shomey9 read hltv more frequently dude, you call urself a fan? LUL
@ESL_CSGOb where the hell is brax LUL
SWAG TO SK CONFIRMED PogChamp
pollo 6-17 LUL
coach still top fragging LUL
Overpass next gg Torqued LUL
is brax dead? :(
Steel NotLikeThis
sleeping :)
overpass NotLikeThis
drake PogChamp
ZEUS LUL
@shakaal004 online Kappa
Steel is probably pissed 4Head
when isnt he 4Head
Brax playing on Jamez account DendiFace
i can :D
old dust2 BibleThump
new season SeemsGood
@Der_Richi that fcking makes me think,does he even want to play :D
LETS GO NRG PogChamp
who won the first map? BegWan
favors who? cmonBruh
voice_enable 1 BlessRNG
bathrooms PogChamp
voice_enable 1 pls BlessRNG
voice_enable 1 BlessRNG
UNLEASHED BREHZE PogChamp
torqued BibleThump
easiest money of my life LUL
Azk & Steel? Can I have some skins LUL
-swag +Taco??? Jebaited
@jesse2909 LUL
RAGE YESTERDAY @玉将 AND FIGHT WITH STEEL Kappa
VOICE_enable 1 BlessRNG
Torqued no 5th NotLikeThis
3 awp setup LUL
ESL on twitch PogChamp
jamez topfragging both maps PogChamp
@DrFox598 can you see him? LUL
JAMEZ = BRAX PogChamp
daps topfragging LUL
-swag +james PogChamp
When your manager is better than most of your players LUL
Pierce "Swag" Braxton sleeping NotLikeThis
steel LUL
S T E E LUL
NA CS LUL
ST LUL
nice aim LUL
swag Banned DansGame
@avmacke7 cause it doesnt matter LUL
TURN ON VOICE CHAT SwiftRage
@UbiLex you know that koosta would still be there with swag in the lineup? LUL
c9 not performing is about the timing :)
dominating KappaPride
daps smurfing LUL
iBP DIED FOR THIS LUL
NA Brain LUL
Ecological LUL
@emre598 or autimatic leaving could be a solution for him LUL
doesn't answer stupid questions LUL
economical LUL
Eco-comical LUL
NA Flash LUL
Torqued LUL
@emre598 i said a solution for him not for C9 :D
Ecod PogChamp
nice job pollo PogChamp
Chat doesnt know what happend to brax 4Head
tech LUL
poor swag BibleThump
Pollo > SK Chicken Kappa
swag joined LUL
Braxton LUL
16-10 LUL
Swag woke up PogChamp
@Der_Richi oww i luv you nvm <3
16-10 incoming Kappa
swag BibleThump
GOD SWAG LUL
swag is back PogChamp
@swedz96 with or without him easy for Nrg LUL
@shakaal004 then you should wake up LUL
@swedz96 triggered already? just facts ;)
koosta FailFish
Stewie2SK Kappa
@Der_Richi Silvers expressing their thoughts is illogical Your opinion is irrelevant ;)
Actually thinking that Torqued had a chance even with swag LUL
@emre598 ikr LUL
@anduCUHZ Some silver tells me NRG best team in the world LUL
@swedz96 no I will not thank you :), i am not american either you can still be a fanboi and thanks for your easy money :)
@Der_Richi Don't you know swag is top 1 NA though? LUL
RIP OLD DUST :(
@Der_Richi Enjoy 5 euro, it's more than your lower class salary :)
rip dust 2 :(
@emre598 yeah in like 2014 or so LUL
@swedz96 enjoying my 400 euro ty very much :)
@Der_Richi Divide that sum by 100 and thats ur win No need to lie cuz ur mad :)
JAMES WA PLAYING BETTER LUL
You're braindead if you think a #3 team NA would lose against an MDL team btw LUL
@swedz96 why would I have to be mad when I am winning money? you just try to insult a random person cause youre mad :), love youuu bro LUL
@emre598 for me nrg is #1 NA Online right now love them :)
@al3xunder Kappa
final eight teams... INVITED LUL
they are invited LUL
JAMES WAS PLAYING BETTER LUL
@gzo852 Yeah and when someone says that they clearly don't mean 100% no chance. They mean that the chance is extremely low. Which in this case it was. Anyway I mean no harm :D
NO SWAG NO WIN LUL
swag played 5 rounds LUL
Torqued bring m0e back LUL
@anducuhz k RlyTho
@tufhnn what? i was talking about nrg vs liquid there is no brax LUL
ow nvm then go on LUL
old maps BibleThump
back in my days we used to play the old mirage, time flies by ... LUL
you mean cpl_strike ?!? LOL :D
Steel lost PogChamp
why old maps why BibleThump
TORQUED LOOOOSES AGAIN LUL
@mememasterbob not surprise LUL
SWAG OVERRATED TORQUED FANS JEBAITED LUL
old inferno SeemsGood
Taco is gonna play for Torqued LUL
500 people watching a rerun LUL
Sydney Cole Kreygasm
where is SwinDOGmelonzz? LUL
plexity LUL
eco LUL
CoL in dota2 COL in csgo LUL
Chat, what are the maps? WutFace
And who picked Nuke NotLikeThis
remove nuke and bring dust2 back BibleThump
@Perm Creativly PogChamp
@Kurosakki Kurosakki PogChamp
dust2 LUL
PKL Kreygasm
@kurosakki puxa saco de mod Keepo
ez 4 BRA71L LUL
@carlos_dinizr BRA71L LUL
I just googled BRA71L LUL
who picked nuek NotLikeThis
ty SabaPing
Luminosty 2-0 ;)
brazilian team playing nuke PogChamp
MAPS: Nuke (coL pick); Cobblestone (LG pick); Cache (left over) imGlitch
yel the brazilian FalleN PogChamp
Isn't FalleN the brazillian Fallen Kappa
imagina esse time com o trk no lugar do shoowtime PogChamp
Android LUL
@trg00 Its my opinion :)
@raskoik LG wins anyway 4Head
@trg00 YEA :D
RAGE QUIT LUL
minosity > Swolepatrol> plexity LUL
Prove it FNS SwiftRage
yesterday maluke disconnect today nekiz cmonBruh
english cast, no one speaking english in chat. Kappa
FNS 3-15 LUL
p t r LUL
so fofoca doida LUL
FNS 3-16 LUL
azedo LUL
Hey guys what time is virtus premier playing? Kappa
^ LUL
LG NotLikeThis
YOU'LL PROVE IT SwiftRage
Android carrying LUL
LG LUL
then mute the stream 4Head
MOM NUKE IS CT SIDED BabyRage
LG CHOKING LUL
fns LUL
Nothing can stop him LUL
the brazilian coldzero PogChamp
PKL não consegue ser IGL e pegar frag NotLikeThis
agora sim LG mostro quem ta no comando PogChamp
col LUL
do it again BlessRNG
minosity LUL
coLUL 4Head
LG LUL
SKZOU LUL
LG BAITED LUL
ecoed LUL
GABEN, PISTOLS ARE OP BabyRage
Pq fui elogiar mds NotLikeThis
que viage é essa vei LUL
clown fiesta af LUL
chelo the brazilian cold PogChamp
60000 IQ CHELO PogChamp
Jogo o fino SeemsGood
LULminosity vs eco NotLikeThis
complexity never play lan match LUL
FNS parece eu nos MM LUL
@gafallen Contrata o chelo pelamorrrr BlessRNG
FNS LUL
chelo dieded = rip round BibleThump
auto director LUL
dieded LUL
dieded LUL
yeah, he is dieded ptr killeded him FailFish
that fight LUL
PK LUL
chelo de cz pro pkl ir de ak LUL
RIP minosity LUL
qual é rapeize ai e fods.. NotLikeThis
minosity gayming LUL
dieded LUL
GG LUL
show LUL
BR CS LUL
BRA71L losing to a bunch of dogs LUL
cool dominou bem lado ct . GG SeemsGood
- showtime over yel LUL
old inferno LUL
depends on map Kappa
thank you <3
any / here ? TriHard
7 TriHard
tk LUL
NA 4Head
pistol > ak + awp Kappa
bought bison LUL
CZs are fair and balanced guns LUL
Cz's make me wanna throw up. ez col now :D
p.t.r. can you just say peter? LUL
dephh LUL
ster VoteNay
losing to showtime LUL
losing to bra71l in 2k18 LUL
losing to basics of cs LUL
where are you spoiler? Keepo
7-1 Kappa
@dazzle have a good day its my birthday :)
complexshitty vs luminoshitty too obvious LUL
i need spoiler Keepo
NA LUL
an ESL_B sub PogChamp
cz NotLikeThis
NOSITY LUL
MINOSITY LUL
não falei com vc 4Head
ptr so bad LUL
NA CSGO LUL
just rush b Jebaited
GO COL SwiftRage
i see 2 0 for plexity LUL
LG 1 major PogChamp
BRA71L LUL
LG LUL
#1 dephh fan chatten123 only because he is his only fan LUL
WALL BibleThump
POOR WALL BibleThump
ta mais pra minosity LUL
lg LUL
LG LUL
@ralphc027 gotta watch out for de brudas :D
bot ptr LUL
@chatten123 no, I respect mentally challenged ppl <3
LG LUL
9-6 :D
LG LUL
blu ResidentSleeper
no brain favelas LUL
wow br is garbage at cs LUL
LG EleGiggle
s0m LUL
ANDROID LUL
Complexity +3.5 BlessRNG
6-9 LUL
stop with the spoilers NotLikeThis
nekiz SwiftRage
BOT CITY LUL
CSGO HIT BOXES LUL
@feet1_ Kappa
@WilamesMineiro Kappa
GabeN 4Head
lg NotLikeThis
me kappa me spam mod pls dont ban Kappa
s0m on LAN LUL
No not 1xbet ;)
16-9 :)
10-12 :(
fuck this spoilers WutFace
oh i just remembered coldzera said shoowtime didnt know the basics of cs LUL
MINOSITY LUL
EZ MONEY EleGiggle
LG after EPL Season 3 LUL
LG = Gaming LUL
omg BibleThump
shoowtime doesnt know the basics of cs just like what cold said LUL
7 TriHard
16x14 Kappa
ez money 4Head
LG to part ways 4Head
verified in 2018 LUL
FNS a.k.a. the brazilian scene slayer LUL
FNS LUL
O_o LUL
@dazzle KappaPride
i miss the glory days of casual where you would just rotate dust 2 and mirage LUL
FNS 4Head
fns indian spray LUL
comeback 4Head
14-16 16-14 LUL
@lucastenoriolessaC KappaPride
JW JUST GOT HLTV CHECK BAN VAC! ! ! PogChamp
na cs LUL
JW VAC Kappa
HL BANNED CHECK JWTV PogChamp
Chokeplexity LUL
OLOF TO FAZE, CHECK HLTV LATEST NEWS!! PogChamp
@samuel309 PogChamp
@aerorandle PogChamp
ptr 9-14 LUL
@cho_chet ty for you 72.81$ LG bettor LUL
@intergalacticx PogChamp
wtf this chat is so bad LUL
thanks bettors ;)
cz downgrade LUL
@hardcoar we got our one major, we're not greedy Kappa
br cs going downhill Na Era LUL
Tec-9 upgrade PogChamp
Taco NA > Taco SA 4Head
UMP IN 2K18 LUL
Taco in a restaurant > SK TACO PogChamp
@cactusjaaack infidelity PogChamp
RIP ALL LG BETTORS LUL
south america 2 major PogChamp
Col is worst NA team? LUL
ptr > cerq LUL
shoowtime FailFish
BR CS LUL
@NitroCfAl FailFish
mods get rid of those spoiling idiots BabyRage
that feel when a tier 3 team is better than SK LUL
19-15 SeemsGood
Who's huge, here? TriHard
AMERIMUTTS EleGiggle
guys, you can stop already cmonBruh
ot LUL
@brogodz Liar! SwiftRage
16-15 Kappa
nekiz cmonBruh
JW DOTA 2 NEW PROFESSIONAL CARRER, CHECK NEW YORK TIMES!!! PogChamp
BR CS LUL
16-14 Kappa
VERGONHA NASIONAU TriHard
14-16 14-16 4Head
SK LOSING TO TIER 3 TEAMS LUL
ez money Kreygasm
LG LOSING TO TIER 3 NA TEAM LUL
1-1? PogChamp
delete the b? cmonBruh
SCORE? BibleThump
