fix it 4Head
FR Servers LUL
SAVE PogChamp
VACO LUL
Dreamhack new Blast LUL
botaco LUL
BAD TACO <3
elige LUL
F cmonBruh
ELIGE LUL
YES LUL
Elige PogChamp
SEAN Kreygasm
taco LUL
0.91 LUL
@CRlNGEQUEEN yeah ur right, im just watching the pros tournaments for no reason LUL
elige best player in na LUL
GRILL :D
Nitro Kreygasm
shroud LUL
SHROUD LUL
SHROOD LUL
NITRO <3
shoud LUL
nitr0 <3
SHROUD LUL
xantares 1.45 kd <3
shroud LUL
shroud LUL
shroud BibleThump
T A C LUL
SHROUD LUL
SHROUD LUL
Streamer LUL
internethulk BibleThump
shrud LUL
shroud BibleThump
U MEAN SHRIMP? Kappa
PUBG LUL
SHR UD LUL
ELIGE PogChamp
calyx 1.40 kd <3
TACO KICKED FROM SK SKILLED LUL
T A C :o
nerd LUL
INTERNETHULK BibleThump
TACO <3
Shroud rules :D
VAMO TACO <3
NO ZEWS NO MAJOR EleGiggle
TACO <3
gambit go win :D
seized LUL
Pound for Pound KappaPride
nugget cmonBruh
nuggets OpieOP
? cmonBruh
0 viewers LUL
nuggets TriHard
OMEGA LUL
seangarres Kreygasm
ez for liquid TPFufun
sean Kreygasm
ULTRA AMERİCANS LUL
STOP LICKING ME WutFace
talking heads ResidentSleeper
LIQ ME Kreygasm
EZ4ENCE Kappa
@juancitoriver14 Teams only play 1 map today :)
follow me on instagram simpelt_s im a hot girl <3
EZ4ENCE Kappa
The TALENT LUL
fl0mH fl0mB fl0mPride fl0mP Kappa
CIS POWER LUL
THEY JUST CHANGE 1 NOOB FOR ANOTHER 1 LUL
roleplayer LUL
ROLEPLAYERS DansGame
VACOOOOOOOO ON LIQUID NA TEAM LUL
XGOD allways win PogChamp
GAME?????? ResidentSleeper
Steel BibleThump
STEEL ? WutFace
taco is def better LUL
Taco has better flashbangs Kappa
3x ez monys LUL
D D S Kreygasm
STEEL SO BAS GOT REPLACED SO FAST LUL
@thesuperpotatoo Teams only play 1 map today :)
Baegares Kreygasm
ta o LUL
lil momo TriHard
X G D SwiftRage
pet names LUL
ANDY LUL
ta o <3
Taco vs x-god Kreygasm
mic LUL
Danish ANDY LUL
Clap KappaPride
I saw it KappaPride
// KappaPride
@saeima 7 TriHard
Sean KappaPride
Clap KappaPride
!dop Kappa
where's SK? 4Head
SCAMMAZ Jebaited
no friends BibleThump
Dr p LUL
Dosia Kappa
XGod PogChamp
WHAT HAVE YOU DONE WutFace
TY MOSES WutFace
X-GOD Kreygasm
XGOD HOT Kreygasm
close mouth LUL
stop typing drop you silly geese its not doing anything LUL
DOSIA Kreygasm
drop drop Jebaited
forsenKek THEY DONT KNOW Jebaited
HE WAS JOKING IDIOT CHAT Jebaited
this event is full of Jebaited
Show Naf SwiftRage
Elige C9 LUL
GGX 7 TriHard
SAY DROP IF U ARE KappaPride
X GOD PogChamp
Cobblestone ResidentSleeper
c bble ResidentSleeper
i got drop PogChamp
SILVER CHAT LUL
x god Kreygasm
WOOSH WutFace
C B B L E ResidentSleeper
X-RAY PogChamp
1iq chat LUL
navi stickers LUL
still won a major :)
74CO LUL
CHAT NotLikeThis
navi stickers LUL
LEST GO LIQUID SwiftRage
drop Kappa
AND THEN LUL
still better than Faze Kappa
VACO PogChamp
IT WORKS PogChamp
ez LUL
TACO did something PogChamp
YEAHH <3
Is that yodeling walmart kid? LUL
Twistzz PogChamp
give us the drops SwiftRage
VACo <3
74CO LUL
TACOOO BRAZIL <3
botaco ANELE
nitro brackets LUL
taco mvp marsella :D
decoy PogChamp
TACO <3
taco in TL LUL
Steel would have gotten two kills there Kappa
or should i just say taco LUL
how many people are unironically saying drop LUL
SPEED VIOLENCE DIVORCE B)
this chat FailFish
OMEGADROP for 4x chance PogChamp
DROP Jebaited
CHAT STOP Jebaited
adren 4Head
@anshgupta2300 you just dont want people to get the dlore FailFish
será q tem algum br ak LUL
Twistzz Kreygasm
IT NEVER ENDS NotLikeThis
16-0 and VACO 70 kills HLTV CONFIRMED Kappa
@c0nx Kappa
gambit cmonBruh
? ANELE
twitch chat LUL
INTERNETHULK <3
fuck this chat really, one more and im out for good LUL
WHEN DOES SIEZED PLAY? I WANT TO WATCH THE WORST IGL OF ALL TIME FAIL AT THIS VIDEO GAME LUL
VACO TOP 1 Kappa
taco LUL
TACO LUL
TACO WAS THE PROBLEM LUL
ty Daffy <3
VACO LUL
CS GO ?? HEHE LUL
@pushkins98 PogChamp
T A C LUL
7-1 BlessRNG
GGX Gang 12 btw LUL
BOTACO LUL
16-0 and VACO 70 kills HLTV CONFIRMED Kappa
NAVI TheIlluminati
Gambit in 2018 LUL
DROP LUL
just click on the head 4Head
TACO WAS THE PROBLEM LUL
A C o <3
omg! the it dropped PogChamp
Drop LUL
SPAM THIS CAN TO SPAM THIS CAN DrinkPurple
Don't copy this 😡 You are a free individual You can think for yourself Nobody can tell you what to say :)
Seized LUL
TL TACO LUL
Greek subs DansGame
> Idiots saying dlores REEEEEEEEE LUL
♿ MrDestructoid
SPAM THIS CAN TO SPAM THIS CAN DrinkPurple
helmutS s4unders thats cool :)
TACO LUL
EU BrokeBack
drop BrokeBack
@hazardmate thank you :)
SPAM THIS CAN TO SPAM THIS CAN DrinkPurple
eu drop BrokeBack
@Lilipoli no worries :)
drop deez nutz haha :D
Omg chat, I just got a Dlore from drop PogChamp
cobble BibleThump
not a 1g BabyRage
well played guys BrokeBack
BOTCO LUL
taco LUL
BOTACO LUL
BOT TACO LUL
Taco LUL
> Idiots saying dlores REEEEEEEEE LUL
TACO LUL
TACO LUL
BOT TACO LUL
nitro LUL
seized throwing LUL
TACO THE PROBLEM LUL
TACO LUL
BOTACO LUL
good :D
BOTACO LUL
T A C PogChamp
X-GOD Kreygasm
TACO LUL
BOTACOOOOOO LUL
TACO LUL
BOT TACO LUL
BOTACO LUL
NO WONDER HE GOT KICKED LUL
XGOD <3
xGOD LUL
taco LUL
X GOD Kreygasm
TACO LUL
Dosier PogChamp
D S I A Kreygasm
BOTACO LUL
bot taco LUL
X GOD Kreygasm
hahahah LUL
BOT TACO LUL
good game valve Jebaited
STEEL WAS THE PROBLEM LUL
Doser LUL
D O S I A Kreygasm
BOTACO LUL
DOSHER PogChamp
BR CS 4Head
Taco his usual self LUL
x-god Kreygasm
T A C LUL
FCKIN X GOD PogChamp
Doshia :D
csgoed noobs FailFish
SPAM THIS SQUID TO CURSE LIQUID . Squid3
SADOKIST cmonBruh
we cant really say liquid has a solid defence Kappa
TACO WAS THE PROBLEM, SURE PogChamp
NA CS LUL
drop taco LUL
SK WITHOUT TACO LUL
no skin real skills LUL
drop Kappa
Taco LUL
STEEL WAS THE PROBLEM LUL
@Msevenn SeemsGood
BOTACO LUL
X-GOD Kreygasm
Why TACO leave SK, aaaa ok LUL
@Asmarus87 i dont think so LUL
BOTACO LUL
TACO LUL
NO TACO, NO BAITZERA LUL
Asmarus87 doubt it LUL
Na cs LUL
Liquid without steel :(
god those gloves hobbit WutFace
SPAM THIS SQUID TO CURSE LIQUID . Squid3
steel was the problem LUL
-elige +coldzera next LUL
good :D
decoy PogChamp
taco was sk problem, also sk problem is now stewie LUL
alexgArm alexgRight Squid3
he said drop chat LUL
@steelega comeback bro, taco is weak LUL
X-GOOODDDD Kreygasm
mR boTaco LUL
ANY FORSEN SUBS IN THE CHAT ? WutFace
Seized pretending to igl LUL
No drop no party LUL
MOD BabyRage
drop ResidentSleeper
drop LUL
drop OpieOP
nitro TTours
nitr0 PogChamp
NITRO GOD PogChamp
WTF PogChamp
OBSERVERS LUL
gambit LUL
NAF LUL
??????????? TTours
eu chat BrokeBack
NICE CAMERA LUL
Nitro PogChamp
nitr0 PogChamp
NAF POGGERS Jebaited
A C o <3
nitro PogChamp
GOD NITR0 PogChamp
BALDO 4Head
you received a drop TwitchRPG
OBSERVER EleGiggle
silver chat LUL
BALDO LUL
TACBOT LUL
ANY FORSEN SUBS IN THE CHAT ? WutFace
taco come back to SK :(
main stream observer LUL
NA Observer TTours
SPAMSabaPingTHIS COD SabaPingTO HELP XGOD SabaPing
This chat FailFish
TACO WAS THE PROBLEM LUL
@determinated Teams only play 1 map today :)
ALL SILVERS WANTING DROPS LUL
FORSEN SUBS WutFace
eu chat BrokeBack
GOLDEN TEST Kappa
SEIZED LUL
SEIZED BAIT LUL
Seized LUL
VACO Kreygasm
BOT SEIZED LUL
SEIZED LUL
Bot LUL
SEIZED LUL
Decoy LUL
TACO COME BACK TO SK BibleThump
DYING TO TACO LUL
BOT LUL
na cs EleGiggle
Bot Seized LUL
VACI PogChamp
SEIZED LUL
observer wathedmsot foward player you cant blame them noobs FailFish
2018 seized LUL
decoy LUL
SAD KIST SAD KIST SAD KIST TriHard
so fucking bad seized LUL
TACO WAS THE PROBLEM LUL
TACO WHEN HE ISN'T COLD'S BAIT PogChamp
TACO COME BACK TO SK . BibleThump
Botaco > Bot Seized LUL
VACO VS SEIZED PogChamp
taco LUL
Seized is so bad LUL
STEEL BETTER THAN TACO? LUL
TACO VS SEIZED LUL
FORSEN SUBS WutFace
BATTLE OF THE BOTS LUL
TACO VS SEIZED LUL
GOLDEN CHECK Kappa
btw, typing N gets you timed out LUL
NA MODS LUL
GAMBOT LUL
250K PRIZE POOL 60K VIEWERS DEAD GAME LUL
59k on a major final ded game LUL
forsen subs TriHard
f1tch died for this LUL
TACO COME BACK TO SK BibleThump
NTC LUL
NTC LUL
NTC LUL
NTC LUL
seized LUL
SEIZED LUL
NTC LUL
NTC LUL
ntc LUL
NTC LUL
seized LUL
NTC PogChamp
NTC LUL
@Noxicities not kidding WutFace
BOT MOU LUL
VACO PogChamp
VACO PogChamp
we are from NA guys our main job is streaming I will not finnish this poem as the mods might be steaming LUL
decoy awp LUL
ECO SUECO LUL
seized on awp LUL
@TheCreatorOfLyfe yes, yes you are OpieOP
seized awp LUL
T74CO LUL
SK just needed to change taco's roles PogChamp
no respect LUL
@DreamHackCS could you update the title, please? :)
ANY admiralC IN THE CHAT ? PogChamp
NAF AWP LUL
Seized LUL
500 D O A R S LUL
SEIZED LUL
but lets be honest: winning a final? you must be dreaming Kappa
EU CS LUL
seized LUL
Seized LUL
wtf seized LUL
SEIZED AWPING LUL
decoy LUL
is Canadian :)
seized LUL
DOSIA Kreygasm
SEIZED LUL
?????? CmonBruh LUL
SEIZED LUL
SEIZED LUL
SEIZED LUL
eu cs Kappa
SEIZED THINS HE IS KENNYS LUL
BOT LUL
EU CS LUL
@R4t1g4ul RARE admiralC SPOTTED PogChamp
? SeriousSloth
EU BTW BrokeBack
kzak cs LUL
Seized = Seizure LUL
GOLDEN TEST Kappa
NAF = SeriousSloth
netflix and chill Kappa
EU AWP LUL
and chill :D
seized thinking he is s1mple LUL
Seized LUL
Seized Pro Player More like Seizure LUL
GOD SEIZED WITH 1000iq NOSCOPES LUL
NAF SUB SeriousSloth
Gambit After Major LUL
NA CS PogChamp
Seized Pro Player More like Seizure LUL
@beararesl is it a acronym thanks for telling tho :)
RUSKI CS LUL
big mac LUL
slow and steady wins the race mods cant ban me for a sloth copy paste SeriousSloth
S A D K I S T TriHard
TACO <3
M4A4 URBAN DDPAT LUL
PRESS F1 TO KICK SEIEZED VoteYea
/ \ SeriousSloth
@sadokist_said_it cmonBruh
nitro reflex LUL
TACO COME BACK TO SK BibleThump
Omg they have a naf emote SeriousSloth
AD BLOCK UPDATE WutFace
NTRO ALL AWP MISS LUL
@JayHuncho_0 kicked LUL
S A D K 1 S T TriHard
NICE STREAM LUL
EU Event LUL
SERVERS NotLikeThis
DH LUL
Dreamhack LUL
EU STREAM LUL
EU Stream LUL
NA STREAM LUL
REFRESH THE STREAM Kappa
EU LUL
NOT LIVE LUL
EU STREAM LUL
quality production SeemsGood
FRANCE EDUCATION cmonBruh
EU STREAM LUL
