@DiweDo sure Clap :)
@Cancerkid27 ty dude @shenziecs ty @うっちゃん <3
AVICII BibleThump
GO FNC GOWKratos
can people tag my name? i just wanna see a red chat BloodTrail
Chat who? cmonBruh
SPAM THIS STATIC TO HELP FNATIC MorphinTime
lfg NIP PogChamp
BUDGET ANDERS LUL
D OMEGALUL C SUBS LUL
AF KappaPride
GO NINJAS <3
guess which caster I am refering to ... cmonBruh
sado :(
@NeverDieCS cmonBruh
HENRY KappaPride
herryG Kreygasm
Henry G KappaPride
Henry HeyGuys
Henry KappaPride
GOD OF WAR SONG PogChamp
guess which caster I am refering to ... cmonBruh
FNATIC LUL
SPAM THIS CHIP TO MAKE NIP SLIP DoritosChip
sodaEMOJI 👌 moon2EZ SwiftRage
LOVE WITH SADO ENDED Kappa
EU LUL
guess which caster I am refering to ... cmonBruh
pokiPride pokiPride pokiPride pokiPride KappaPride
HenryG KappaPride
THIS CHIP TO MAKE NIP SLIP DoritosChip
why fnatic? cmonBruh
Krimz = FUNgineer
7 TriHard
SPAM THIS CHIP TO MAKE NIP SLIP DoritosChip
Do u know what the G stands for in HenryG? KappaPride
#FREESADO BibleThump
SPAM THIS CHIP TO HELP NIP DoritosChip
SWEDEN CS LUL
LODA ? LUL
SPAM THIS CHIP TO MAKE NIP SLIP DoritosChip
SADOKIST OMEGA LUL
NIP <3
sodaCD DOC TombRaid
NIP WILL WIN THIS PopCorn
for AVICII <3
SPAM FROG TO HELP F0REST AND NiP OSFrog
SPAM THIS CHIP TO MAKE NIP SLIP DoritosChip
Fnatic <3
PEOPLE SAYING "SWEDISH CS" LUL
NIP <3
monkaS AVICII monkaS BibleThump
NiP <3
NICE ART Kappa
music MonkaS WutFace
NIP <3
Mr. Bean? WutFace
113K PogChamp
GO SWEDEN PogChamp
NiP <3
LETS GO NIP PogChamp
plz return sado BlessRNG
Lets go <3
NA CS LUL
NiP <3
FNATIC PogChamp
FNATIC <3
SPAM THIS STATIC TO HELP FNATIC MorphinTime
SADOKIST SADOKIST SADOKIST SADOKIST SADOKIST SADOKIST SADOKIST SADOKIST SADOKIST SADOKIST LUL
GL HF <3
SPAM THIS COKE TO MAKE NIP CHOKE DrinkPurple
GO NIP <3
allu in india means potato xD PunchTrees
1 MILLION VIEWERS PogChamp
NIP MTF PogChamp
NiP <3
HISSSSSSSSSSSSSSSSSSSSSSS OSFrog
\ / Kreygasm
AVICII BibleThump
PLZ LOSE NIP BlessRNG
114K FOR A MAJOR DEAD GAME LUL
14 hp LUL
LETS GO NIP SwiftRage
FLUSHA ON TRAIN Kreygasm
COME ON NIP FFS SwiftRage
DENNIS PogChamp
@SHOXlEJESUS dead meme in 2018 LUL
PISTOL GOD PogChamp
THAT PISTOL PogChamp
KING OF PISTOL Kreygasm
EN AI PE EN AI PE EN AI PE EN AI PE GOWKratos
115 BILLIONVIEWERS PogChamp
surrender pls Kappa
DENNIS WTFFFF Clap PogChamp
FNATIC FailFish
PISTOL GOD Kreygasm
NiP please upset FNC so I can see KrimZ mad ... BlessRNG
HEALTHY FLUSHA PogChamp
EN AI PE EN AI PE EN AI PE EN AI PE EN AI PE EN AI PE GOWKratos
OW MY FCKING GOD PogChamp
SPAM THIS CHIP TO HELP NIP DoritosChip
Pistol god PogChamp
PISTOL GOD!! PogChamp
again and again and again Kreygasm
Body LUL
Ho lee fawk dennis pistol gawd PogChamp
Pistol GOD PogChamp
SPAM THIS CHIP TO HELP NIP DoritosChip
CORPS LUL
5v2 LUL
BM LUL
miliLul miliLul miliLul miliLul miliLul miliLul miliLul miliLul cmonBruh
flusha LUL
2v5 LUL
Holy PogChamp
NiP EleGiggle
bm midround LUL
5 v 2 LUL
FLUSHA OMEGA LUL
forsenKek NotLikeThis
NIP LUL
GG LUL
5V2 LUL
GeT_RICE LUL
5v2 LUL
RIP DENNIS RIP DENNIS RIP DENNIS RIP DENNIS BibleThump
REKT LUL
2vs5 LUL
2 vs 5 LUL
ez FUNgineer
NiP LUL
2V5 LUL
SO EZ FOR FUNgineer
5v2 LUL
FNATICWINSLOL NotLikeThis
KRIMZ SUBS FUNgineer
Clap BigBrother
DENIS 1 V 9 LUL
RiP Dennis BibleThump
hrow :(
/ KappaPride
OLOF HACK cmonBruh
KRIMZ SUBS KRIMZ SUBS KRIMZ SUBS FUNgineer
E F F O R T L E S S L Y LUL
misses 5 bullets - effortless Kappa
Clap FUNgineer
double scout LUL
EN AI PE EN AI PE EN AI PE EN AI PE EN AI PE EN AI PE GOWKratos
SPAM THIS STATIC TO HELP FNATIC MorphinTime
FFFW PogChamp
USA Kappa
B O I GOWKratos
miliSad miliSad miliSad miliSad miliSad cmonBruh
i'm confused fnatic is playing and dennis is somehow on the other side LUL
THIS CHIP TO MAKE NIP SLIP DoritosChip
TRAIN ResidentSleeper
Sweden team will be in semifinals LUL
SPAM THIS STATIC TO HELP FNATIC MorphinTime
SPAM FROG TO HELP F0REST AND NiP OSFrog
EN AI PE EN AI PE EN AI PE EN AI PE EN AI PE EN AI PE GOWKratos
? StoneLightning
Spam This Chip To Help NIP DoritosChip
spam this chip to help nip DoritosChip
SPAM THIS STATIC TO HELP FNATIC MorphinTime
7 for GGX TriHard
CZ LUL
SPAM THIS STATIC TO HELP FNATIC MorphinTime
7 7 7 7 7 7 7 7 7 7 7 7 7 7 7 7 7 TriHard
JW PogChamp
JW PogChamp
JW PogChamp
FFS NotLikeThis
JW PogChamp
NiP please upset FNC so I can see KrimZ mad z BlessRNG
JW Kreygasm
SMGS LUL
7 7 7 7 7 7 7 7 7 7 7 7 7 7 7 7 7 TriHard
GOD BaeW POGGERS <3
eu teams have all the fatties OpieOP
7 7 7 7 7 7 7 7 7 7 7 7 7 7 7 7 7 TriHard
SPAM THIS CHIP TO HELP NIP DoritosChip
JW GOD Kreygasm
FOREST PogChamp
SPAM THIS CHIP TO HELP NIP DoritosChip
MOM JW IS CHEATING BabyRage
7 7 7 7 7 7 7 7 7 7 7 7 7 7 7 7 7 TriHard
Clap FUNgineer
F REST LUL
F REST LUL
BOT FOREST LUL
BOTREST LUL
KAPPA OUTDATED POGCHAMP OVERRATED LONG HAVE WE WAITED NOW WE JEBAITED Jebaited
: DoritosChipSPAM THIS CHIP TO HELP NIP DoritosChip
BOT LUL
swedish aim LUL
BOT 1.6 LUL
BOT LUL
BOTREST LUL
SPAM THIS SNICKERS TO HELP NIPPERS SnickersHype
BOTREST LUL
LOSE NIP BlessRNG
5v3 LUL
SPAM THIS EMOTE FOR NO REASON PogChamp
the what? cmonBruh
grisjw grisjw grisjw LUL
SPAM THIS CHIP TO HELP NIP DoritosChip
BOT LUL
7 7 7 7 7 7 7 7 7 7 7 7 7 7 7 7 7 TriHard
SPAM THIS SNICKERS TO HELP NIPPERS SnickersHype
SPAM THIS EMOTE FOR NO REASON PogChamp
Xqc 7 TriHard
SPAM THIS STATIC TO HELP FNATIC MorphinTime
JWONDERFUL PogChamp
NIP NotLikeThis
SPAM THIS COKE TO MAKE NIP CHOKE DrinkPurple
SPAM THIS STATIC TO HELP FNATIC MorphinTime
SPAM THIS CHIP TO HELP NIP SLIP DoritosChip
TRAIN LUL
FLUSHA STRAT LUL
JW PogChamp
7 7 7 7 7 7 7 7 7 7 7 7 7 7 7 7 7 TriHard
= Orange Guy (nospace) cmonBruh
BURST LUL
SPAM THIS SNICKERS TO HELP NIPPERS SnickersHype
flusha glock LUL
Flusha LUL
BURST LUL
GET GLOCKED LUL
GLAWKS Kappa
flusha LUL
flusha with pistols LUL
SPAM THIS SNICKERS TO HELP NIPPERS SnickersHype
KRIMZ Kreygasm
NiP on train LUL
7 7 7 7 7 7 7 7 7 7 7 TriHard
SPAM THIS SNICKERS TO HELP NIPPERS SnickersHype
CHAT cmonBruh
7 7 7 7 7 7 7 7 7 7 7 7 7 7 7 7 7 TriHard
7 7 7 7 TriHard
SPAM THIS CHIP TO HELP NIP DoritosChip
what cmonBruh
WTF cmonBruh
12-3 SMOrc
fingers Kreygasm
SAYING A4 IN 2018 LUL
SPAM THIS LEE TO HELP NIP MingLee
rip m4a1-s BibleThump
SPAM THIS SNICKERS TO HELP NIPPERS SnickersHype
SPAM THIS SNICKERS TO HELP NIPPERS SnickersHype
Krimz Kreygasm
"Nip is choking hard" it's been one pistolround, LUL
SPAM THIS CHIP TO HELP NIP DoritosChip
SPAM THIS ELECTRIC TO HELP FNATIC MorphinTime
7 7 7 7 7 7 TriHard
weebs IN 👉 🚪 TehePelo
SPAM THIS CHIP TO HELP NIP DoritosChip
SPAM THIS SNICKERS TO HELP NIPPERS SnickersHype
@TRiviawOw LUL
spam this autimatic to help fnatic PogChamp
100K ON A MAJHOR LUL
forest and Krimz - they are like Twins FrankerZ
SPAM THIS CHIP TO HELP NIP DoritosChip
WTF cmonBruh
SPAM THIS COKE TO MAKE NIP CHOKE DrinkPurple
SPAM THIS COKE TO MAKE NIP CHOKE DrinkPurple
Clap TehePelo
SPAM THIS SNICKERS TO HELP NIPPERS SnickersHype
SPAM THIS GOD TO HELP KRIMZ GOWKratos
mods we cool cmonBruh
SPAM THIS SNICKERS TO HELP NIPPERS SnickersHype
SPAM THIS SNICKERS TO HELP NIPPERS SnickersHype
spam this whaT? cmonBruh
CSGO DEAD GAME LUL
SPAM THIS CHIP TO HELP NIP DoritosChip
SPAM THIS SNICKERS TO HELP NIPPERS SnickersHype
SPAM THIS SNICKERS TO HELP NIPPERS SnickersHype
SPAM THIS SNICKERS TO HELP NIPPERS SnickersHype
SPAM THIS SNICKERS TO HELP NIPPERS SnickersHype
SPAM THIS SNICKERS TO HELP NIPPERS SnickersHype
SPAM THIS CAN TO YOURE A FNATIC FAN DrinkPurple
SPAM THIS SSSSSS TO HELP DENNIS SSSsss
SPAM THIS CHIP TO HELP NIP DoritosChip
chat cmonBruh
SPAM THIS CHIP TO HELP NIP DoritosChip
LEKRO AIMLOCK VAC LUL
SPAM THIS COKE TO MAKE NiP CHOKE ' DrinkPurple
CHAT? cmonBruh
YO cmonBruh
vSnickersHype SPAM THIS SNICKERS TO HELP NIPPERS SnickersHype
CHAT WTF cmonBruh
WTF cmonBruh
SPAM THIS SNICKERS TO HELP NIPPERS SnickersHype
chat cmonBruh
?? cmonBruh
SPAM THIS SNICKERS TO HELP NIPPERS SnickersHype
SPAM MING LEE TO HELP NIP MingLee
SPAM THIS SNICKERS TO HELP NIPPERS SnickersHype
EN AI PE EN AI PE EN AI PE EN AI PE EN AI PE EN AI PE GOWKratos
SPAM THIS SSSSSS TO HELP DENNIS SSSsss
7 7 7 7 7 7 7 7 7 7 7 7 7 7 7 7 7 TriHard
SNI cmonBruh
SPAM THIS CHIP TO MAKE NIP SLIP DoritosChip
SPAM THIS FACE TriHard
SPAM THIS SNICKERS TO HELP NIPPERS SnickersHype
allhackTwitch Prime: DoritosChipSPAM THIS CHIP TO HELP NIP DoritosChip
✍️ CHAT cmonBruh
SPAM THIS SNICKERS TO HELP NIPPERS SnickersHype
CHAT cmonBruh
7 7 7 TriHard
STOP PLEASE cmonBruh
SPAM THIS SNICKERS TO HELP NIPPERS SnickersHype
SPAM THIS CHIP TO HELP NIP DoritosChip
SPAM THIS CHIP TO HELP NIP SLIP DoritosChip
@xiquinhodak1ng :D
SPAM THIS SNICKERS TO HELP NIPPERS SnickersHype
JW Kreygasm
SPAM THIS SNICKERS TO HELP NIPPERS SnickersHype
SPAM THIS SNICKERS TO HELP NIPPERS SnickersHype
:wrinting_hand: CHAT cmonBruh
SPAM THIS CHIP TO HELP NIP DoritosChip
chat BCWarrior
spam this chip to help nip DoritosChip
LESS GO NIP PopCorn
ONLY DRAKEN LUL
16-3 LETS GO SwiftRage
chat stop cmonBruh
R EZ LUL
SPAM THIS CHIP TO MAKE NIP SLIP DoritosChip
SPAM THIS CHIP TO HELP NIP DoritosChip
SPAM THIS COKE TO MAKE NIP CHOKE DrinkPurple
12-3 Clap SMOrc
SPAM THIS SNICKERS TO HELP NIPPERS SnickersHype
7 7 7 7 7 7 7 7 7 7 7 7 7 7 7 7 7 TriHard
spam this chip to help nip DoritosChip
7-1 BlessRNG
SPAM THIS CHIP TO HELP NIP DoritosChip
SPAM THIS CHIP TO HELP NIP DoritosChip
Spam This Chip To Help NIP DoritosChip
SPAM THIS CAN FOR JW BAN DrinkPurple
SPAM THIS CHIP TO HELP NIP DoritosChip
#000000 #000000 #000000 TriHard
7 TriHard
SPAM THIS CHIP TO MAKE NIP SLIP DoritosChip
SPAM THIS CAN FOR JW BAN ' DrinkPurple
SPAM THIS CHIP TO HELP NIP DoritosChip
Clap TriHard
SPAM THIS for DIS GIERCZAK SMOrc
Spam This Chip To Help NIP DoritosChip
AK47 ANELE
Clap TriHard
how is it VAC LUL
weebs IN 👉 🚪 TehePelo
get off Kreygasm
SPAM THIS CHIP TO HELP NIP DoritosChip
faaaak chat WutFace
f0rest and Krimz - they are like Twins FrankerZ
SPAM THIS CAN FOR JW BAN DrinkPurple
SPAM THIS BRIGHT TO HELP GET_RIGHT MorphinTime
SPAM THIS FIST TO FREE SADOKIST Poooound
@Lingonfrost and ur still here with us ;)
wtf forest :(
SPAM THIS ICECREAM TO HELP FNATIC SeriousSloth
spam this chip to help nip DoritosChip
SPAM THIS SNICKERS TO HELP NIPPERS SnickersHype
Spam this to help fnatic TriHard
inside finish Kreygasm
inside finish Kreygasm
INSIDE FINISH Kreygasm
inside finish Kreygasm
Clap TriHard
finish inside Kreygasm
SPAM THIS CAN FOR JW BAN DrinkPurple
INSIDE FINISH Kreygasm
SPAM THIS CHIP TO HELP NIP DoritosChip
lek LUL
Spam this chip to help NiP DoritosChip
SAVED LUL
SAVED LUL
saved LUL
That zoom LUL
SAVED LUL
SPAM THIS CAN FOR JW BAN DrinkPurple
SAVED LUL
saved PogChamp
Spam this chip to help NiP DoritosChip
SAVED LUL
SAVED BlessRNG
SPAM THIS CHIP TO MAKE NIP SLIP DoritosChip
SWEDISH CS LUL
MODS WutFace
SAVED KappaRoss
SPAM THIS SNICKERS TO HELP NIPPERS SnickersHype
Hey PogChamp
Saved KappaRoss
PLZ NO BibleThump
FNATIC IN 2018 LUL
cz go LUL
SPAM THIS COKE TO MAKE NIP CHOKE DrinkPurple
SAVED BY TTours
CZGO BlessRNG
135k dead game lul <3
NIP MAGIC BlessRNG
Perm SPAM THIS CAN FOR JW BAN DrinkPurple
FNC IN CS LUL
Spam this to help fnatic TriHard
SPAM THIS CHIP TO HELP NIP DoritosChip
DENNIS PogChamp
DOUBLE TEAM DOUBLE TEAM DOUBLE TEAM DOUBLE TEAM DOUBLE TEAM DOUBLE TEAM Kreygasm
FNATIC 4Head
SAVED LUL
what are these TTours
PRO Play PogChamp
SPAM THIS CHIP TO HELP NIP DoritosChip
weebs IN 👉 🚪 TehePelo
113 K viewers in a major ded game LUL
GO NINJAS GOWAtreus
Saved PogChamp
SPAM THIS ICECREAM FOR HELP FNATIC SeriousSloth
dennis owning fnatic LUL
DENNIS WAS THE PROBLEM 4Head
dennis awp DansGame
COD LUL
f0rest and Krimz - they are like Twins FrankerZ
SPAM THIS CHIP TO HELP NIP DoritosChip
Clap TriHard
@Perm PLS NO BAN BlessRNG
Greek subs FailFish
olof? LUL
CAMERA MAN LUL
@kimeracs a 12 year old talking to 12 year olds 4Head
Fortnite better game than csgo TriHard
SPAM THIS CAN FOR JW BAN DrinkPurple
Dreamhack Subs LUL
Sk BibleThump
7 7 7 7 7 7 7 7 7 7 7 7 7 7 7 7 7 TriHard
7 TriHard
Spam This Chip To Help NIP DoritosChip
SPAM THIS CHIP TO HELP NIP DoritosChip
7 TriHard
SPAM THIS CHICK TO HELP FNATIC BCWarrior
Chat EZ 👉 Chat EZ 👉 Chat EZ 👉 <3
SPAM THIS COKE TO MAKE NIP CHOKE DrinkPurple
10/10 cams 4Head
2012 NIP PogChamp
SPAM THIS ICECREAM FOR HELP FNATIC. SeriousSloth
weebs IN 👉 🚪 TehePelo
SPAM THIS CHIP TO HELP NIP DoritosChip
NIP PogChamp
NIP PogChamp
2012? LUL
SPAM THIS CHIP TO MAKE NIP SLIP DoritosChip
Fortnite better game than csgo Clap TriHard
DOC RAID shroudD TombRaid
TIME LUL
SPAM THIS CHIP TO MAKE NIP SLIP DoritosChip
EZ NIP <3
SPAM THIS SNICKERS TO HELP NIPPERS SnickersHype
HAD TIME LUL
SPAM THIS CHIP TO HELP NIP DoritosChip
KRIMZ Kreygasm
god Draken Kappa
FLUSHA LUL
SPAM THIS CHIP TO HELP NIP DoritosChip
no time LUL
7 TriHard
SPAM THIS SNICKERS TO HELP NIPPERS SnickersHype
FLUSHA CRYING LUL
SPAM THIS COKE TO MAKE NIP CHOKE DrinkPurple
FLUSHA BabyRage
16-3 SeemsGood
> 4Header > 4Headest > 4HEadest 4Head
Flusha baby hair xD LUL
HERO AWP OMEGA LUL
SPAM THIS SPAM TO HELP SPAM LUL
SPAM THIS SSSSSS TO HELP DENNIS SSSsss
FI2022 Kappa
SPAM THIS CHIP TO HELP NIP DoritosChip
SPAM THIS SNICKERS TO HELP NIPPERS SnickersHype
SPAM THIS ICECREAM FOR HELP FNATIC SeriousSloth
flusha LUL
Flusha awping LUL
when 99% of your traffic comes from a mayor, but its only 140K LUL
SPAM THIS SPAM TO HELP SPAM . LUL
fnatic without olof LUL
f0rest and Krimz they are like Twins FrankerZ
FLUSHA AWP DansGame
SPAM THIS ICECREAM FOR HELP FNATIC. SeriousSloth
finally a chat that doesn't spam xD. Thanks guys <3
SPAM THIS SSSSSS TO HELP DENNIS SSSsss
EZ NIP <3
EU FLASH Kreygasm
GTR PogChamp
GET IT RIGHT Kreygasm
SPAM THIS CHIP TO HELP NIP DoritosChip
SPAM THIS CHIP TO HELP NIP DoritosChip
FEELING IT KappaPride
GTR! :D
weebs IN 👉 🚪 TehePelo
ECO FRAGGER LUL
GOD RIGHT VS ECO LUL
GET_LEFT LUL
GTR <3
SPAM THIS CHIP TO HELP NIP DoritosChip
SPAM THIS ICECREAM FOR HELP FNATIC. SeriousSloth
SPAM This Chip To Help NiP DoritosChip
NiP <3
no :(
GeT_ReKt Kappa
SPAM THIS SPAM TO HELP SPAM . LUL
ECO FRAGS PogChamp
JW LUL
ECO GOD LUL
jw LUL
: SPAM This Chip To Help NiP DoritosChip
JW shit LUL
weebs IN 👉 🚪 TehePelo
SPAM THIS SPAM TO HELP SPAM . LUL
JUST SPAM LOOOL 4Head
SPAM THIS ICECREAM FOR HELP FNATIC SeriousSloth
GiT_1.6 LUL
SPAM THIS SPAM TO HELP SPAM . LUL
mmmm this game is dead :(
what do you mean spam this to help spam? LUL
ME ORC ME SPAM SMorc NO MOD NO BAN SMOrc
SPAM THIS SPAM TO HELP SPAM LUL
SPAM THIS SPAM TO HELP SPAM . LUL
SPAM THIS DRINCC TO HELP FNATICC DrinkPurple
meemmeem subs PunOko
SPAM THIS CHIP TO HELP NIP DoritosChip
Don't miss out on watching the event live, grab your tickets here - https://twitter.com/DreamHackCSGO/status/979377806760177664 :)
SPAM THIS CHIP TO HELP NIP DoritosChip
SPAM THIS CHIP TO HELP NIP DoritosChip
@W_A_K_A_N_D_A Black Panther PogChamp
SPAM THIS ICECREAM FOR HELP FNATIC. SeriousSloth
HEJA SVERIGE 4Head
ME ORC ME SPAM NO MOD NO BAN SMOrc
JOEL SKYPE 4Head
SPAM THIS COKE TO MAKE NIP CHOKE DrinkPurple
NAF SUBS NAF RAID SeriousSloth
JOEL SKYPE IN 2K18 LUL
JOEL LUL
@DiweDo Clap TriHard
SPAM THIS CAT BC JW IS PHAT DxCat
JOEL KOM SKYPE PunOko
JOEL LUL
BAMBOUZLE LUL
SPAM THIS CAT BC JW IS PHAT DxCat
30 DEGREES LUL
SPAM THIS DRINCC TO HELP FNATICC DrinkPurple
SPAM THIS ICECREAM FOR HELP FNATIC SeriousSloth
FOREST Kreygasm
skype LUL
xD > LUL
SPAM THIS CAT BC JW IS PHAT DxCat
JW LUL
SPAM THIS CHIP TO HELP NIP DoritosChip
EZ NIP <3
VAC VAC VAC 4Head
LESS GO NIP PopCorn
OBVIOUS VAC LUL
OMEGA LUL
VAC LUL
Clap ANELE
SPAM THIS GRILL TO HELP NIP KILL HeyGuys
GOLDEN IS SILVER LUL
1v3? IN UR DREAMS LUL
NO HE CANT LUL
FNATIC FailFish
SPAM THIS SPAM TO HELP SPAM LUL
ME ORC ME SPAM NO MOD NO BAN SMOrc
CHOKENATIC LUL
GOLDEN NOVA LUL
HEJ KENNETH 4Head
GOLDEN NOVA LUL
SPAM THIS ICECREAM FOR HELP FNATIC. SeriousSloth
SPAM THIS NOODLE TO HELP SKADOODLE pastaThat
f0rest <3
forest LUL
SPAM THIS SNICKERS TO HELP NIPPERS SnickersHype
f0rest LUL
f0rest LUL
??? LUL
F0REST <3
NAF SUBS NAF RAID SeriousSloth
NiP <3
Krimz BigBrother
SPAM THIS DRINCC TO HELP FNATICC cmon guys DrinkPurple
f0rest LUL
f0rest <3
OMEGA 👉 🇺🇸 LUL
JW peak :(
SPAM THIS ICECREAM FOR HELP FNATIC SeriousSloth
FOREST IS BETTER VERSION OF KRIMZ LUL
forest <3
f0rest is the best teammate LUL
K R I M Z FUNgineer
SPAM THIS FOR NO REASON 4Head
ME ORC ME SPAM NO MOD NO BAN SMOrc
VAC VAC VAC VAC VAC VAC LUL
HOLD CTRL AND TYPE "WTF" FOR ℱ𝓪𝓷𝓬𝔂 𝓦𝓣ℱ PogChamp
SPAM THIS CHIP TO HELP NIP DoritosChip
i think we all agree that we all love forest <3
K R I M Z FUNgineer
KRIMZ FUNgineer
f0rest and Krimz they are like Twins FrankerZ
NAF RAID SeriousSloth
SPAM THIS GRILL TO HELP NIP KILL HeyGuys
JW IS SO HAWT I LO HIM KappaPride
NA CS LUL
Krimz GOWKratos
SPAM THIS ICECREAM FOR HELP FNATIC. SeriousSloth
K R I M Z FUNgineer
f0rp <3
SPAM THIS ICECREAM FOR HELP FNATIC SeriousSloth
SPAM THIS ICECREAM FOR HELP FNATIC SeriousSloth
TOTTENHAM LOST TO UNITED LUL
SPAM THIS CHIP TO HELP NIP DoritosChip
SPAM THIS CHIP TO HELP NIP DoritosChip
SPAM THIS FOR NO REASON 4Head
SPAM THIS COKE TO MAKE NIP CHOKE DrinkPurple
IS IT 2014 BOYS PogChamp
SPAM THIS STATIC TO HELP FNATIC MorphinTime
SPAM THIS ICECREAM FOR HELP FNATIC SeriousSloth
IT WORKER ℱ𝓪𝓷𝓬𝔂 𝓦𝓣ℱ PogChamp
SPAM THIS NOODLE TO HELP SKADOODLE pastaThat
SPAM THIS ICECREAM FOR HELP FNATIC. SeriousSloth
SPAM THIS CHIP TO HELP NIP DoritosChip
GOLDEN LUL
fnatic LUL
Give nip GivePLZ
FOREST SPRAY LUL
SPAM THIS ICECREAM FOR HELP FNATIC. SeriousSloth
FNATIC RIP LUL
To check if there's a mod online, simply type "@Perm" :)
SPAM THIS SPAM FOR SPAM KappaRoss
weebs IN 👉 🚪 TehePelo
GOLDEN LUL
Spinbot LUL
wtf LUL
the panic LUL
SPAM THIS DRINCC TO HELP FNATICC DrinkPurple
AIMLOCK DansGame
SPAM THIS ICECREAM FOR HELP FNATIC. SeriousSloth
1.6 LUL
AIMBOT MALFUNCTION MrDestructoid
fnatic LUL
WHAT WAS THAT LUL
OUR NAME IS FNATIC OUR STRATS ARE JOKES SOMETIMES WE WIN BUT MOSTLY WE CHOKE 4Head
@dotabanladder_en cmonBruh
FOREST LUL
F TIC LUL
REZ NO FER LUL
AIM BOT TILTING LUL
AIM is broken LUL
SPAM THIS ICECREAM FOR HELP FNATIC SeriousSloth
EZ NIP <3
SPIN WutFace
panice fire Kappa
aimlock on lan Kappa
SPAM THIS SJW TO HELP JW HotPokket
SPAM THIS ICECREAM FOR HELP FNATIC. SeriousSloth
Ga LUL
AIM LOCK LUL
Heaven TehePelo
SPAM THIS FOR NO REASON 4Head
NiP <3
SPAM THIS ICECREAM FOR HELP FNATIC SeriousSloth
200 IQ PogChamp
MESSI PogChamp
Spam This Chip To Help NIP DoritosChip
f0rest 3.5 sens crazy fast :)
@Saderz09 cmonBruh
📞 HELLO FNATIC? 📞 FAZE HERE 📞 WE ARE AT THE AIRPORT 📞 WHERE ARE YOU 📞 4Head
SPAM THIS ICECREAM FOR HELP FNATIC SeriousSloth
RONALDO LUL
MESSI PogChamp
messi :D
senstivity +50 miliLul miliLul miliLul miliLul miliLul miliLul cmonBruh
EZ EZ NIP <3
BOT LUL
MESSI Kreygasm
SPAM THIS ICECREAM FOR HELP FNATIC . SeriousSloth
OMEGA LUL
SPAM THIS MEAT BOI TO HELP YOUR BOI BloodTrail
Golden ANELE
@Perm B-but.. NotLikeThis
anime is my safe haven TehePelo
SPAM THIS NOODLE TO HELP SKADOODLE pastaThat
SPAM THIS SJW TO HELP JW L HotPokket
PESSI LUL
KRIMZ NotLikeThis
📞 HELLO FNATIC? 📞 FAZE HERE 📞 WE ARE AT THE AIRPORT 📞 WHERE ARE YOU 📞 4Head
NiP please upset FNC so I can see KrimZ mad ... BlessRNG
NO CHEAT NO FLUASH 4Head
f0rest + GR = Kreygasm
📞 HELLO FNATIC? 📞 FAZE HERE 📞 WE ARE AT THE AIRPORT 📞 WHERE ARE YOU 📞 4Head
KRIM RAGING WutFace
KRIMZ CRYING LUL
WENGER ? LUL
PESSI LUL
SPAM THIS ICECREAM FOR HELP FNATIC, SeriousSloth
MESSI PogChamp
SPAM THIS CHIP TO HELP NIP SLIP DoritosChip
anime is my safe haven TehePelo
SPAM THIS ICECREAM FOR HELP FNATIC. SeriousSloth
Incoming Table smash SwiftRage
Krimz 1v9 LUL
Krimz tilted LUL
NiP please upset FNC so I can see KrimZ mad z BlessRNG
KRIMZ ? LUL
KRIMZ TILTED SwiftRage
FNATIC IN 2018 LUL
Messi LUL
tilted LUL
REPLAY NotLikeThis
SPAM THIS CHIP TO HELP NIP DoritosChip
@Perm 7 TriHard
FNATIC IS ResidentSleeper
spam this dog to help fight fog RalpherZ
NiP <3
SPAM THIS ICECREAM FOR HELP FNATIC SeriousSloth
Tilted Jebaited
ME ORC ME SPAM NO MOD NO BAN SMOrc
📞 HELLO FNATIC? 📞 FAZE HERE 📞 WE ARE AT THE AIRPORT 📞 WHERE ARE YOU 📞 4Head
@mariosalieri90 7 Jebaited
SPAM THIS MEAT BOI TO HELP YOUR BOI BloodTrail
anime is my safe haven TehePelo
GOLDEN IS SILVER LUL
📞 HELLO FNATIC? 📞 FAZE HERE 📞 WE ARE AT THE AIRPORT 📞 WHERE ARE YOU 📞 4Head
TK LUL
TK LUL
SPAM THIS SHARK FOR HELP SEÑOR VAC SOTshark
na call LUL
TK LUL
EZ EZ EZ NIP <3
GO NINJAS SwiftRage
Krimz 1v9 LUL
SPAM THIS ICECREAM FOR HELP FNATIC. SeriousSloth
rez LUL
warowlVAC LUL
KNIFE LUL
fnatic plz win this PogChamp
WALL HACK WALL HACK WALL HACK LUL
KNIFE ATTEMPT LUL
KNIFE LUL
KILL THE NI ER LUL
JUST KNIFE KRIMZ LOOOOOOOOOOL 4Head
krimzz PogChamp
RIP LUL
DENIED LUL
R EZ LUL
R EZ LUL
clap ez LUL
K R I M Z FUNgineer
JUST KNIFE COLD 4Head
monkaS 4Head
dont disrespect DatSheffy
REZ LUL
R EZ LUL
KNIFE COLD LUL
GiT_SpRaYeD LUL
CANT KNIFE KRIMZ FUNgineer
SPAM THIS ICECREAM FOR HELP FNATIC SeriousSloth
GET REKT LUL
📞 HELLO FNATIC? 📞 FAZE HERE 📞 WE ARE AT THE AIRPORT 📞 WHERE ARE YOU 📞 4Head
DISRESPECT LUL
R EZ LUL
📞 HELLO FNATIC? 📞 FAZE HERE 📞 WE ARE AT THE AIRPORT 📞 WHERE ARE YOU 📞 4Head
KRIMZ 1v9 LUL
QUE OTA LUL
SPAM THIS CHICK TO HELP FNATIC BCWarrior
GO NINJAS <3
FOREST GUMP StoneLightning
Thanks Henry SeemsGood
SPAM THIS ICECREAM FOR HELP FNATIC. SeriousSloth
KNIFE KRIMZ LUL
/ MingLee
NICE TRY LUL
SUCK MY LUL
7 TriHard
Golden? More like Silver 4Head
GOLDEN IS SILVER LUL
@N_I_A_G_A_R_A cmonBruh
ITS VIETNAM PogChamp
EZ NIP <3
GG LUL
SPAM THIS NOODLE TO HELP SKADOODLE pastaThat
DENIED LUL
what is happening NotLikeThis
STOMP LUL
Razzamuffin: 📞 HEL 4Head
Mooooom REZ is cheating BabyRage
GG LUL
wtf is fnatic doing EleGiggle
SPAM THIS ICECREAM FOR HELP FNATIC SeriousSloth
@rtamb dennis HeyGuys
dennis AWPing LUL
📞 HELLO FNATIC? 📞 FAZE HERE 📞 WE ARE AT THE AIRPORT 📞 WHERE ARE YOU 📞 4Head
moon2S moon2S DoritosChip
GO NINJAS SwiftRage
Clap DoritosChip
O_o :O PogChamp
DENIS 4Head
FNC LUL
📞 HELLO FNATIC? 📞 FAZE HERE 📞 WE ARE AT THE AIRPORT 📞 WHERE ARE YOU 📞 4Head
FNC STOP NotLikeThis
NIP RN KappaWealth
GO NINJAS <3
DENNIS WAS THE SOLUTION PogChamp
indeed 4Head
SEND THEM HOME 4Head
I want to see Krimz Break something I want to see Krimz Break something I want to see Krimz Break something SwiftRage
D N N S 4Head
📞 HELLO FNATIC? 📞 FAZE HERE 📞 WE ARE AT THE AIRPORT 📞 WHERE ARE YOU 📞 4Head
DENNIS AWP PogChamp
📞 HELLO FNATIC? 📞 FAZE HERE 📞 WE ARE AT THE AIRPORT 📞 WHERE ARE YOU 📞 4Head
📞 HELLO FNATIC? 📞 FAZE HERE 📞 WE ARE AT THE AIRPORT 📞 WHERE ARE YOU 📞 4Head
📞 HELLO FNATIC? 📞 FAZE HERE 📞 WE ARE AT THE AIRPORT 📞 WHERE ARE YOU 📞 4Head
DENNIS TRAITOR 4Head
f0rest and Krimz they are like Twins FrankerZ
📞 HELLO FNATIC? 📞 FAZE HERE 📞 WE ARE AT THE AIRPORT 📞 WHERE ARE YOU 📞 4Head
Fnatic is getting ripped apart BibleThump
LET'S KICK DENNIS LUL
FLUSHA LUL
dennis AWPing NotLikeThis
SPAM THIS ICECREAM FOR HELP FNATIC. SeriousSloth
📞 HELLO FNATIC? 📞 FAZE HERE 📞 WE ARE AT THE AIRPORT 📞 WHERE ARE YOU 📞 4Head
SPAM THIS NOODLE TO HELP SKADOODLE pastaThat
📞 HELLO FNATIC? 📞 FAZE HERE 📞 WE ARE AT THE AIRPORT 📞 WHERE ARE YOU 📞 4Head
📞 HELLO FNATIC? 📞 FAZE HERE 📞 WE ARE AT THE AIRPORT 📞 WHERE ARE YOU 📞 4Head
fnatic playing like silvers FailFish. rushing smoke and running through fire. LUL
Please don’t talk in chat unless you are a high rank like me (Gold Nova 2) FailFish
EU CROWD LUL
AVICII BibleThump
WE ARE NIP WE ARE BRAVE AND FIERCE I HAVE AN IDEA LET'S KNIFE KRIMZ BrokeBack
HOLD CTRL AND TYPE "WTF" FOR ℱ𝓪𝓷𝓬𝔂 𝓦𝓣ℱ PogChamp
FLUSHA IN 2018 LUL
FR CROWD LUL
SWE CS PogChamp
📞 HELLO FNATIC? 📞 FAZE HERE 📞 WE ARE AT THE AIRPORT 📞 WHERE ARE YOU 📞 4Head
2013 2013 2013 2012 2013 PogChamp
fnatic tactics LUL
EU CROWD LUL
AVICII BibleThump
NA CROWD LUL
D N N S 4Head
music LUL
📞 HELLO FNATIC? 📞 FAZE HERE 📞 WE ARE AT THE AIRPORT 📞 WHERE ARE YOU 📞 4Head
SAD CROWD LUL
faze shorts NotLikeThis
NiP Magic PowerUpR
📞 HELLO FNATIC? 📞 FAZE HERE 📞 WE ARE AT THE AIRPORT 📞 WHERE ARE YOU 📞 4Head
📞 HELLO FNATIC? 📞 FAZE HERE 📞 WE ARE AT THE AIRPORT 📞 WHERE ARE YOU 📞 4Head
NiP PogChamp
SPAM THIS ICECREAM FOR HELP FNATIC SeriousSloth
📞 HELLO FNATIC? 📞 FAZE HERE 📞 WE ARE AT THE AIRPORT 📞 WHERE ARE YOU 📞 4Head
📞 HELLO FNATIC? 📞 FAZE HERE 📞 WE ARE AT THE AIRPORT 📞 WHERE ARE YOU 📞 4Head
CROWD ResidentSleeper
BORING CROWD ResidentSleeper
REKT LUL
KRIMZ 1v9 LUL
📞 HELLO FNATIC 📞 FAZE HERE 📞 HOW MUCH FOR KRIMZ 4Head
Krimz 1v9 LUL
I got this FUNgineer
could be 12-0 if they didnt win a pistol LUL
F0REST LUL
LETS KICK DENNIS AND OLOF LUL
JW LUL
HEY FNATIC FAZE HERE HOW MUCH FOR KRIMZ? 4Head
Where is VAC W? LUL
-golden +AVICII HLTV CONFIRMED PogChamp
📞 HELLO FNATIC? 📞 FAZE HERE 📞 WE ARE AT THE AIRPORT 📞 WHERE ARE YOU 📞 4Head
a-alright KappaPride
BOT JW LUL
GOLDEN IS SILVER LUL
📞 HELLO FNATIC? 📞 FAZE HERE 📞 WE ARE AT THE AIRPORT 📞 WHERE ARE YOU 📞 4Head
JW LUL
📞 HELLO FNATIC? 📞 FAZE HERE 📞 WE ARE AT THE AIRPORT 📞 WHERE ARE YOU 📞 4Head
📞 HELLO FNATIC? 📞 FAZE HERE 📞 WE ARE AT THE AIRPORT 📞 WHERE ARE YOU 📞 4Head
📞 HELLO FNATIC? 📞 FAZE HERE 📞 WE ARE AT THE AIRPORT 📞 WHERE ARE YOU 📞 4Head
FNATIC 2K18 !!!!!!!!!! LUL
📞 HELLO FNATIC? 📞 FAZE HERE 📞 WE ARE AT THE AIRPORT 📞 WHERE ARE YOU 📞 4Head
STOP FUNginner DYING FUNginner NOOBS FUNgineer
Spam this Chip to Help NIP DoritosChip
📞 HELLO FNATIC? 📞 FAZE HERE 📞 WE ARE AT THE AIRPORT 📞 WHERE ARE YOU? 📞 4Head
SPAM THIS COKE TO MAKE NIP CHOKE DrinkPurple
16-9 LUL
📞 HELLO FNATIC? 📞 FAZE HERE 📞 WE ARE AT THE AIRPORT 📞 WHERE ARE YOU 📞 4Head
SPAM THIS NOODLE TO HELP SKADOODLE pastaThat
STOP DYING NOOBS FUNgineer
SPAM THIS ICECREAM FOR HELP FNATIC. SeriousSloth
SPAM THIS CHIP TO HELP NIP DoritosChip
📞 HELLO FNATIC? 📞 FAZE HERE 📞 WE ARE AT THE AIRPORT 📞 WHERE ARE YOU 📞 4Head
📞 HELLO FNATIC? 📞 FAZE HERE 📞 WE ARE AT THE AIRPORT 📞 WHERE ARE YOU 📞 4Head
9-16 LUL
@da_bears13 Yep ... i like golden and krimz from fnatic ... thats why i like a little bit fnatic but im fun of NiP, mouse and faze and also scream i cant have 1 top team ... LUL
ez reset LUL
📞 HELLO FNATIC? 📞 FAZE HERE 📞 WE ARE AT THE AIRPORT 📞 WHERE ARE YOU 📞 lul 4Head
SPAM THIS SNICKERS TO HELP NIPPERS SnickersHype
THROW PogChamp
NIP ERA? PogChamp
📞 HELLO FNATIC 📞 FAZE HERE 📞 HOW MUCH FOR KRIMZ 📞 4Head
SPAM THIS ICECREAM FOR HELP FNATIC SeriousSloth
spam what cmonBruh
1 V 9 FUNgineer
Krimz one man army LUL
SPAM THIS ICECREAM FOR HELP FNATIC SeriousSloth
📞 HELLO FNATIC? 📞 FAZE HERE 📞 WE ARE AT THE AIRPORT 📞 WHERE ARE YOU 📞 4Head
\ / MingLee
HenryG ResidentSleeper
Holy PogChamp
Olof go back to fnc BlessRNG
SPAM THIS ICECREAM FOR HELP FNATIC. SeriousSloth
RIP cbble, d2 is back PogChamp
Rekt LUL
forsen1 forsen2 Dont talk to me or my BOI ever again forsen3 forsen4 . GOWAtreus
📞 HELLO FNATIC 📞 FAZE HERE 📞 HOW MUCH FOR KRIMZ 📞 4Head
16-4 4Head
SPAM THIS ICECREAM FOR HELP FNATIC SeriousSloth
9 16 LUL
SPAM THIS NOODLE TO HELP SKADOODLE pastaThat
this will be so easy for fnatic :)
SPAM THIS ICECREAM FOR HELP FNATIC/ SeriousSloth
HenrzG without Sadokist ResidentSleeper
16-9 PogChamp
RUSH B LUL
THEY GOT COCKY :(
flusha mad SMOrc
📞 HELLO FNATIC? 📞 FAZE HERE 📞 WE ARE AT THE AIRPORT 📞 WHERE ARE YOU 📞 4Head
SPAM THIS ICECREAM FOR HELP FNATIC. SeriousSloth
master guardian chat calling pro players dumb FailFish
get_right spray PogChamp
SPAM THIS ICECREAM FOR HELP FNATIC SeriousSloth
BLACKEN cmonBruh
📞 HELLO FNATIC? 📞 FAZE HERE 📞 WE ARE AT THE AIRPORT 📞 WHERE ARE YOU? 📞 OpieOP
HenryG without sadokist ResidentSleeper
In the VAC zone LUL
SPAM THIS ICECREAM FOR HELP FNATIC SeriousSloth
SPAM THIS COKE TO MAKE NIP CHOKE DrinkPurple
STOP FEEDING FailFish
📞 HELLO FNATIC? 📞 FAZE HERE 📞 WE ARE AT THE AIRPORT 📞 WHERE ARE YOU? 📞 4Head
📞 HELLO FNATIC? 📞 FAZE HERE 📞 WE ARE AT THE AIRPORT 📞 WHERE ARE YOU 📞 4Head
📞 HELLO FNATIC? 📞 FAZE HERE 📞 WE ARE AT THE AIRPORT 📞 WHERE ARE YOU? 📞 OpieOP
📞 HELLO FNATIC? 📞 FAZE HERE 📞 WE ARE AT THE AIRPORT 📞 WHERE ARE YOU 📞 4Head
SPAM THIS COKE TO MAKE NIP CHOKE DrinkPurple
THAT CODER IS LATE LUL
📞 HELLO FNATIC? 📞 FAZE HERE 📞 WE ARE AT THE AIRPORT 📞 WHERE ARE YOU 📞 4Head
📞 HELLO FNATIC? 📞 FAZE HERE 📞 WE ARE AT THE AIRPORT 📞 WHERE ARE YOU 📞 4Head
NiP please upset FNC so I can see KrimZ mad BlessRNG
ME ORC ME SPAM NO MOD NO BAN SMOrc
SPAM THIS ICECREAM FOR HELP FNATIC SeriousSloth
SPAM THIS ICECREAM FOR HELP FNATIC. SeriousSloth
fnatic is tilted LUL
📞 HELLO FNATIC 📞 FAZE HERE 📞 HOW MUCH FOR KRIMZ 📞 4Head
📞 HELLO FNATIC? 📞 FAZE HERE 📞 WE ARE AT THE AIRPORT 📞 WHERE ARE YOU? 📞 OpieOP
SPAM THIS ICECREAM FOR HELP FNATIC SeriousSloth
NiP <3
Free Kill LUL
📞 HELLO FNATIC? 📞 FAZE HERE 📞 WE ARE AT THE AIRPORT 📞 WHERE ARE YOU? 📞 OpieOP
MONEY LUL
G L D E N LUL
SPAM THIS NOODLE TO HELP SKADOODLE pastaThat
📞 HELLO FNATIC? 📞 FAZE HERE 📞 WE ARE AT THE AIRPORT 📞 WHERE ARE YOU 📞 4Head
SPAM THIS ICECREAM FOR HELP FNATIC SeriousSloth
AGAIN LUL
📞 HELLO FNATIC? 📞 FAZE HERE 📞 WE ARE AT THE AIRPORT 📞 WHERE ARE YOU 📞 4Head
O_o GOWKratos
📞 HELLO FNATIC? 📞 FAZE HERE 📞 HOW MUCH FOR JW 📞 4Head
MODS DansGame
📞 HELLO FNATIC? 📞 FAZE HERE 📞 WE ARE AT THE AIRPORT 📞 WHERE ARE YOU? 📞 OpieOP
📞 HELLO FNATIC? 📞 FAZE HERE 📞 WE ARE AT THE AIRPORT 📞 WHERE ARE YOU? 📞 OpieOP
SPAM THIS NOODLE TO HELP SKADOODLE pastaThat
SPAM THIS COKE TO MAKE NIP CHOKE . DrinkPurple
SPAM THIS NOODLE TO HELP SKADOODLE pastaThat
📞 HELLO FNATIC? 📞 FAZE HERE 📞 WE ARE AT THE AIRPORT 📞 WHERE ARE YOU 📞 4Head
📞 HELLO FNATIC? 📞 FAZE HERE 📞 WE ARE AT THE AIRPORT 📞 WHERE ARE YOU 📞 4Head
: 📞 HELLO FNATIC? 📞 FAZE HERE 📞 WE ARE AT THE AIRPORT 📞 WHERE ARE YOU 📞 4Head
📞 HELLO FNATIC 📞 FAZE HERE 📞 HOW MUCH FOR KRIMZ 📞 4Head
ME ORC ME SPAM NO MOD NO BAN SMOrc
NiP betaway sellout LUL
📞 HELLO FNATIC? 📞 FAZE HERE 📞 WE ARE AT THE AIRPORT 📞 WHERE ARE YOU 📞 4Head
📞 HELLO FNATIC? 📞 FAZE HERE 📞 WE ARE AT THE AIRPORT 📞 WHERE ARE YOU? 📞. OpieOP
FAZE ANS SK IN 2019 LUL
SPAM THIS ICECREAM FOR HELP FNATIC. SeriousSloth
📞 HELLO FNATIC? 📞 FAZE HERE 📞 WE ARE AT THE AIRPORT 📞 WHERE ARE YOU 📞 4Head
📞 HELLO FNATIC? 📞 FAZE HERE 📞 WE ARE AT THE AIRPORT 📞 WHERE ARE YOU 📞 4Head
📞 HELLO FNATIC? 📞 FAZE HERE 📞 WE ARE AT THE AIRPORT 📞 WHERE ARE YOU 📞 4Head
SPAM THIS COKE TO MAKE NIP CHOKE . DrinkPurple
Alll SnickersHype
SPAM THIS ICECREAM FOR HELP FNATIC SeriousSloth
SPAM THIS NOODLE TO HELP SKADOODLE pastaThat
📞 HELLO FNATIC? 📞 FAZE HERE 📞 WE ARE AT THE AIRPORT 📞 WHERE ARE YOU 📞 4Head
GOLDEN IS THE PROBLEM KIO WAS THE PROBLEM I'M A SILVER IN TWITCH CHAT LUL
ME ORC ME SPAM NO MOD NO BAN SMOrc
📞 HELLO FNATIC? 📞 FAZE HERE 📞 WE ARE AT THE AIRPORT 📞 WHERE ARE YOU 📞 4Head
📞 HELLO FNATIC? 📞 FAZE HERE 📞 WE ARE AT THE AIRPORT 📞 WHERE ARE YOU 📞 4Head
dennis I ya <3
SPAM THIS COKE TO MAKE NIP CHOKE DrinkPurple
You know who the faze fanboys are in chat Kappa
📞 HELLO FNATIC? 📞 FAZE HERE 📞 WE ARE AT THE AIRPORT 📞 WHERE ARE YOU 📞 4Head
📞 HELLO FNATIC? 📞 FAZE HERE 📞 WE ARE AT THE AIRPORT 📞 WHERE ARE YOU 📞 4Head
📞 HELLO FNATIC? 📞 FAZE HERE 📞 WE ARE AT THE AIRPORT 📞 WHERE ARE YOU? 📞. OpieOP
SPAM THIS MEAT BOI TO HELP YOUR BOI BloodTrail
JW LUL
SPAM THIS ICECREAM FOR HELP FNATIC SeriousSloth
NIP 87-0 PogChamp
📞 HELLO FNATIC? 📞 FAZE HERE 📞 WE ARE AT THE AIRPORT 📞 WHERE ARE YOU 📞 4Head
SPAM THIS COKE TO MAKE NIP CHOKE DrinkPurple
SPAM THIS CHICK TO HELP FNATIC TehePelo
SPAM THIS MAP PICK TO HELP FNATIC TriHard
Get_Rekt LUL
📞 HELLO FNATIC? 📞 FAZE HERE 📞 WE ARE AT THE AIRPORT 📞 WHERE ARE YOU 📞 4Head
📞 HELLO FNATIC? 📞 FAZE HERE 📞 WE ARE AT THE AIRPORT 📞 WHERE ARE YOU? 📞 4Head
📞 HELLO FNATIC? 📞 FAZE HERE 📞 WE ARE AT THE AIRPORT 📞 WHERE ARE YOU 📞 4Head
KRIMZ SMASH KRIMZ SMASH KRIMZ SMASH KRIMZ SMASH KRIMZ SMASH SMOrc
📞 HELLO FNATIC? 📞 FAZE HERE 📞 WE ARE AT THE AIRPORT 📞 WHERE ARE YOU 📞 4Head
SPAM THIS CHIP TO HELP NiP DoritosChip
LETS GO NIP <3
SPAM THIS NOODLE TO HELP SKADOODLE pastaThat
SPAM THIS ICECREAM FOR HELP FNATIC SeriousSloth
📞 HELLO FNATIC? 📞 FAZE HERE 📞 WE ARE AT THE AIRPORT 📞 WHERE ARE YOU? 📞 OpieOP
1.6 CS Kreygasm
SOMEONE HELP KRIMZ BibleThump
STFU NotLikeThis
Clap DoritosChip
ME ORC ME SPAM NO MOD NO BAN SMOrc
SPAM THIS NOODLE TO HELP SKADOODLE pastaThat
SPAM THIS ICECREAM FOR HELP FNATIC. SeriousSloth
SWEDISH CS EleGiggle
10-5 hltv confirm Kappa
Clap PogChamp
📞 HELLO FNATIC? 📞 FAZE HERE 📞 WE ARE AT THE AIRPORT 📞 WHERE ARE YOU 📞 4Head
: 📞 HELLO FNATIC? 📞 FAZE HERE 📞 WE ARE AT THE AIRPORT 📞 WHERE ARE YOU 📞 4Head
📞 HELLO FNATIC? 📞 FAZE HERE 📞 WE ARE AT THE AIRPORT 📞 WHERE ARE YOU 📞 4Head
LIQUID GH PogChamp
Stunna LUL
forsen1 forsen2 don't talk to me or my BOI ever again forsen3 forsen4 GOWAtreus
Krimz 1vs9 BibleThump
Get this guy away BrokeBack
PERCIPITATION LUL
PRECIPITATION LUL
NiP <3
Great insight ResidentSleeper
THEY WANT THE MONEY LUL
GO NINJAS <3
I WANT IT PogChamp
Sado BibleThump
SPAM THIS STATIC TO HELP FNATIC MorphinTime
THE SAME TROPHY EVERY TIME LUL
insight CoolStoryBob
FNATIC LUL
BAN THIS GUY LUL
this t side was horrible after starting 3-0 LUL
SHIT CUP LUL
forsen1 forsen2 don't talk to me or my BOI ever again forsen3 forsen4 GOWAtreus
HAHA LUL
Nice NIP <3
plastic trophy LUL
📞 HELLO FNATIC? 📞 FAZE HERE 📞 WE ARE AT THE AIRPORT 📞 WHERE ARE YOU 📞 4Head
fnatic BlessRNG
CHAMIPONS LEAGUE PogChamp
lol Astralis would shit on both these trash teams EleGiggle
stunna <3
WHERE IS THE MONEY? LUL
📞 HELLO FNATIC? 📞 FAZE HERE 📞 WE ARE AT THE AIRPORT 📞 WHERE ARE YOU? 📞 4Head
Stunna gets paid for this LUL
forsen1 forsen2 don't talk to me or my BOI ever again forsen3 forsen4 GOWAtreus
Chat EZ 👉 Chat EZ 👉 Chat EZ 👉 <3
greekBoring greekBoring greekBoring greekBoring cmonBruh
SPAM THIS ICECREAM FOR HELP FNATIC SeriousSloth
f0rest <3
Forest <3
1.6 <3
f0rest <3
📞 HELLO FNATIC? 📞 FAZE HERE 📞 WE ARE AT THE AIRPORT 📞 WHERE ARE YOU? 📞 4Head
F0REST <3
f0rest Kreygasm
dr evil LUL
NIP <3
forest :D
F0REST <3
F0REST LUL
F0rest <3
forest pls Kreygasm
THAT SCOWL Kreygasm
Forest KappaPride
CRINGERS DansGame
f0rest <3
SPAM THIS NOODLE TO HELP SKADOODLE pastaThat
Loda Kappa
FOREST MADE ME GAYYYY KappaPride
one day he will stroke out on stage from that shit BibleThump
SPAM THIS ICECREAM FOR HELP FNATIC. SeriousSloth
WE LOVE YOU F0REST <3
SKÅÅL FÖR NIP SKÅÅL FÖR MALMÖ SKÅÅL FÖR SVERIGE PopCorn
ME ORC ME SPAM NO MOD NO BAN SMOrc
f0rest Kreygasm
SPAM THIS STATIC TO HELP FNATIC MorphinTime
12 Kappa
Dennis pls <3
fnatic tilted LUL
NiP <3
SPAM THIS MEAT BOI TO HELP YOUR BOI BloodTrail
SPAM THIS CHIP TO HELP NIP DoritosChip
NAF SUBS NAF RAID SeriousSloth
SPAM THIS ICECREAM FOR HELP FNATIC SeriousSloth
got to amuse the fucking kids FUNgineer
SPAM THIS STATIC TO HELP FNATIC MorphinTime
@Arkani22 JUST STOP DRINKING 4Head
7 7 7 7 TriHard
SPAM THIS CHIP TO HELP NIP DoritosChip
📞 HELLO FNATIC? 📞 FAZE HERE 📞 WE ARE AT THE AIRPORT 📞 WHERE ARE YOU 📞 4Head
📞 HELLO FNATIC? 📞 FAZE HERE 📞 WE ARE AT THE AIRPORT 📞 WHERE ARE YOU 📞 4Head
📞 HELLO FNATIC? 📞 FAZE HERE 📞 WE ARE AT THE AIRPORT 📞 WHERE ARE YOU? 📞 OpieOP
SPAM THIS ICECREAM FOR HELP FNATIC. SeriousSloth
Summit subs WutFace
botright LUL
SPAM THIS COKE TO MAKE NIP CHOKE DrinkPurple
Summit subs forsenDED WutFace
so ez for flusha :)
LULUL LUL
1.6 PogChamp
OMG PogChamp
Whaaaaaaaaaaaaaaaaaaat PogChamp
WHAT A GOD LUL
1.6 PogChamp
FOREST FOREST MrDestructoid
whats up with the sounds WutFace
1.6 PogChamp
GOD LUL
WHAAAAAAAAAAAAAAAAAAAAAT PogChamp
SO LUCK LUL
FOREST ArsonNoSexy
wtf PogChamp
📞 HELLO FNATIC? 📞 FAZE HERE 📞 WE ARE AT THE AIRPORT 📞 WHERE ARE YOU 📞 4Head
hello reddit HeyGuys
LMAO LUL
SPAM THIS ICECREAM FOR HELP FNATIC SeriousSloth
what the helll MAN LUL
📞 HELLO FNATIC? 📞 FAZE HERE 📞 WE ARE AT THE AIRPORT 📞 WHERE ARE YOU 📞 4Head
wtf NotLikeThis
One tap in the smoke NIP HAX LUL
POGGERS Kreygasm
Hacks Activated Targets Eliminated MrDestructoid
FOREST AIMBOT ACTIVATED MrDestructoid
HACK LUL
JW LUL
f0rest <3
cheats on EleGiggle
F LUL
tilted LUL
FLABBERGASTED <3
FNATIC LUL
FLABERGAST WutFace
MAD LUL
f0rest <3
krimz is going to break that table isnt he :(
AIMBOT ACTIVATED MrDestructoid
OOOOOOOOOF or ???? VoteYea
gtfoh Fnadick LUL
SPAM THIS ICECREAM FOR HELP FNATIC. SeriousSloth
FOREST <3
Skill? Luck LUL
SKILL LUL
watch them lose this round now LUL
SKILL LUL
SKILL LUL
OOOOOOOOOF or ?????? VoteYea
SKILL LUL
SKILL LUL
no for JW tonight SnickersHype
1.6 PogChamp
fucking tilted LUL
fnatic BibleThump
skill Kappa
nip era PogChamp
📞 HELLO FNATIC? 📞 FAZE HERE 📞 WE ARE AT THE AIRPORT 📞 WHERE ARE YOU? 📞. OpieOP
the best player ever :)
dennis destroy fnatic LUL
SPAM THIS ICECREAM FOR HELP FNATIC SeriousSloth
f0rest 1.6 PogChamp
NOT F LUL
FNATIC has as many wins as JW has chins LUL
whiffs shots first guy but gets lucky through smoke = skill 4Head
forest forest forest forest forest forest <3
he shot 1 without expecting anything LUL
silent crowd LUL
NIP VS FNC; you want nip to win :D
FOREST <3
NIP M A G I C PogChamp
Holy shit :D
SPAM THIS COKE TO MAKE NIP CHOKE DrinkPurple
Cant get it out me head 4Head
FNATIC FANS SAID LUCKY LUL
forest <3
SPAM THIS CHIP TO HELP NIP DoritosChip
SPAM THIS ICECREAM FOR HELP FNATIC. SeriousSloth
Forest out of Jail Kappa
FNATIC has as many wins as JW has chins LUL
fucking vac LUL
📞 HELLO FNATIC? 📞 FAZE HERE 📞 WE ARE AT THE AIRPORT 📞 WHERE ARE YOU 📞 4Head
Fnatic Hacks Offline :D
SPAM THIS COKE TO MAKE NIP CHOKE DrinkPurple
SPAM THIS COKE TO MAKE NIP CHOKE DrinkPurple
DENNIS WAS THE PROBLEM EleGiggle
electronic abuse revealed check hltv PogChamp
📞 HELLO FNATIC? 📞 FAZE HERE 📞 WE ARE AT THE AIRPORT 📞 WHERE ARE YOU? 📞. OpieOP
CZ GO LUL
CZ GO LUL
musselit <3
THROWS GG LUL
CZ LUL
NIP LUL
CZGO LUL
my god FailFish
CZ GO LUL
K BE PogChamp
whats Gods name was that from Forest <3
SPAM THIS COKE TO MAKE NIP CHOKE DrinkPurple
SPAM THIS ICECREAM FOR HELP FNATIC SeriousSloth
SPAM THIS SNICKERS TO HELP NIPPERS SnickersHype
CZGO LUL
draken LUL
NIP magic PogChamp
SPAM THIS STATIC TO HELP FNATIC MorphinTime
R E.....HAHA HE DIED LUL
CZ GI EleGiggle
NiP eco FailFish
Stop Throwing u just made historic play NotLikeThis
DENIED LUL
KRIMZ 4Head
RIP CROWD NOISE ONCE AGAIN DreamHackCS SeemsGood
CZ GO LUL
HOW F0REST REALLY PLAYS CSGO PogChamp
CZ GO LUL
doesnt check that corner LUL
Nip is back 4Head
📞 HELLO FNATIC? 📞 FAZE HERE 📞 WE ARE AT THE AIRPORT 📞 WHERE ARE YOU 📞 4Head
Go Fnatic <3
SPAM THIS SNICKERS TO HELP NIPPERS asd SnickersHype
KRIMZ GOWKratos
CZGO LUL
NIP CHOKE BabyRage
📞 HELLO FNATIC? 📞 FAZE HERE 📞 WE ARE AT THE AIRPORT 📞 WHERE ARE YOU 📞 4Head
lets go NiP PogChamp
SPAM THIS SNICKERS TO HELP NIPPERS SnickersHype
forest fucking vac . LUL
GAY ? KappaPride
NAF RAID SeriousSloth
nice choke LUL
SPAM THIS ICECREAM FOR HELP FNATIC. SeriousSloth
SPAM THIS NOODLE TO HELP SKADOODLE pastaThat
📞 HELLO FNATIC? 📞 FAZE HERE 📞 WE ARE AT THE AIRPORT 📞 WHERE ARE YOU? 📞 OpieOP
NiP PogChamp
anyones gay? Kappa
📞 HELLO FNATIC? 📞 FAZE HERE 📞 WE ARE AT THE AIRPORT 📞 WHERE ARE YOU 📞 4Head
ANYONE'S GAY LUL
Clap KappaPride
he said it KappaPride
deek WutFace
TK LUL
SPAM THIS ICECREAM FOR HELP FNATIC SeriousSloth
/ KappaPride
100k viewers at a major final LUL
DOC LUL
Hola Black Kappa
problem? KappaPride
Golden got a kill PogChamp
SPAM THIS COKE TO MAKE NIP CHOKE DrinkPurple
/ KappaPride
KRIMZ SMASH KRIMZ SMASH SMOrc
SPAM THIS ICECREAM FOR HELP FNATIC SeriousSloth
SPAM THIS COKE TO MAKE NIP CHOKE DrinkPurple
TK LUL
vac as fuck LUL
NIP > Fnatic DansGame
go to the csgo reddit SwiftRage
seven eleven LUL
SPAM THIS ICECREAM FOR HELP FNATIC. SeriousSloth
FORTNITE EMOJI LUL
SPAM THIS DISK TO BRING BACK SADOKIST PurpleStar
f0rest died for that Kappa
REKT LUL
@appzman Jebaited
f n a t i c <3
H4X PogChamp
SPAM THIS NOODLE TO HELP SKADOODLE pastaThat
CROWD? LUL
playing swed for fnatic Kappa
SPAM THIS DISK TO BRING BACK SADOKIST . PurpleStar
DENNIS WAS THE PROBLEM EleGiggle
NINJA IS ON PogChamp
SPAM THIS ICECREAM FOR HELP FNATIC SeriousSloth
SPAM THIS NOODLE TO HELP SKADOODLE pastaThat
SPAM THIS DISK TO BRING BACK SADOKIST PurpleStar
OLOF DIEDED OLOF DIEDED OLOF DIEDED BibleThump
SPAM THIS DISK TO BRING BACK SADOKIST . PurpleStar
SPAM THIS DISK TO BRING BACK SADOKIST PurpleStar
SPAM THIS DISK TO BRING BACK SADOKIST . PurpleStar
SPAM THIS ICECREAM FOR HELP FNATIC. SeriousSloth
SPAM THIS STATIC TO HELP FNATIC MorphinTime
SPAM THIS NOODLE TO HELP SKADOODLE pastaThat
📞 HELLO FNATIC? 📞 FAZE HERE 📞 WE ARE AT THE AIRPORT 📞 WHERE ARE YOU 📞 4Head
Chat cmonBruh
ME ORCSMOrc ME SPAM NO MOD NO BAN SMOrc
SPAM THIS COKE TO MAKE NIP CHOKE DrinkPurple
SPAM THIS DISK TO BRING BACK SADOKIST PurpleStar
SPAM THIS DISK TO BRING BACK SADOKIST PurpleStar
ECO FRAGS LUL
GLAWKS LUL
SPAM THIS DISK TO BRING BACK SADOKIST . PurpleStar
KRIMZ SMASH SMOrc
SPAM THIS CHIP TO HELP NIP DoritosChip
SPAM THIS STATIC TO HELP FNATIC MorphinTime
SPAM THIS COKE TO MAKE NIP CHOKE DrinkPurple
SPAM THIS DISK TO BRING BACK SADOKIST . PurpleStar
GLAWKS LUL
SPAM THIS NOODLE TO HELP SKADOODLE pastaThat
CHOKE LUL
SPAM THIS STATIC TO HELP FNATIC MorphinTime
TAKE THIS CHIP TO SUPPORT NIP DoritosChip
SPAM THIS DISK TO BRING BACK SADOKIST . PurpleStar
SPAM THIS COKE TO MAKE NIP CHOKE DrinkPurple
Krimz cleaning them up with Fllusha DansGame
SPAM THIS CHIP TO HELP NIP DoritosChip
SPAM THIS DISK TO BRING BACK SADOKIST . PurpleStar
grill PogChamp
📞 HELLO FNATIC? 📞 FAZE HERE 📞 WE ARE AT THE AIRPORT 📞 WHERE ARE YOU 📞 4Head
SPAM THIS DISK TO BRING BACK SADOKIST \ PurpleStar
KRIMZ SMASH KRIMZ SMASH KRIMZ SMASH KRIMZ SMASH KRIMZ SMASH KRIMZ SMASH KRIMZ SMASH SMOrc
SPAM THIS CHIP TO HELP NIP DoritosChip
woa cmonBruh
SPAM THIS DISK TO BRING BACK SADOKIST . PurpleStar
SPAM THIS DISK TO BRING BACK SADOKIST . PurpleStar
SPAM THIS ICECREAM FOR HELP FNATIC SeriousSloth
SPAM THIS CHIP TO HELP NIP DoritosChip
SPAM THIS COKE TO MAKE NIP CHOKE DrinkPurple
? ANELE
📞 HELLO FNATIC? 📞 FAZE HERE 📞 WE ARE AT THE AIRPORT 📞 WHERE ARE YOU 📞 4Head
SPAM THIS DISK TO BRING BACK SADOKIST PurpleStar
SPAM THIS DISK TO BRING BACK SADOKIST . PurpleStar
SPAM THIS COKE TO MAKE FNATIC CHOKE DrinkPurple
SPAM THIS SNICKERS TO HELP NIPPERS SnickersHype
SPAM THIS DISK TO BRING BACK SADOKIST . PurpleStar
chat cmonBruh
Enza TriHard
miliLul miliLul miliLul miliLul miliLul miliLul miliLul miliLul miliLul miliLul miliLul miliLul cmonBruh
ME ME SPAM NO MOD NO BAN SMOrc
SPAM THIS DISK TO BRING BACK SADOKIST !!! PurpleStar
w DoritosChip
📞 HELLO FNATIC? 📞 FAZE HERE 📞 WE ARE AT THE AIRPORT 📞 WHERE ARE YOU? 📞 4Head
📞 HELLO FNATIC? 📞 FAZE HERE 📞 WE ARE AT THE AIRPORT 📞 WHERE ARE YOU 📞 4Head
SPAM THIS COKE TO MAKE NIP CHOKE DrinkPurple
clip pls clip pls BibleThump
WTF cmonBruh
G L D E N 4Head
📞 HELLO FNATIC? 📞 FAZE HERE 📞 WE ARE AT THE AIRPORT 📞 WHERE ARE YOU 📞 4Head
SPAM THIS DISK TO BRING BACK SADOKIST . PurpleStar
OLOF DIEDED BibleThump
SPAM THIS DISK TO BRING BACK SADOKIST PurpleStar
SPAM THIS DISK TO BRING BACK SADOKIST . PurpleStar
SPAM THIS DISK TO BRING BACK SADOKIST . PurpleStar
chat chill cmonBruh
SPAM This To Help NiP PogChamp
SPAM THIS DISK TO BRING BACK SADOKIST PurpleStar
CHAT cmonBruh
spam this yo help team nip PJSalt
SPAM THIS DISK TO BRING BACK SADOKIST PurpleStar
SPAM THIS DISK TO BRING BACK SADOKIST . PurpleStar
SPAM THIS DISK TO BRING BACK SADOKIST !!! PurpleStar
📞 HELLO FNATIC? 📞 FAZE HERE 📞 WE ARE AT THE AIRPORT 📞 WHERE ARE YOU 📞 4Head
SPAM THIS DISK TO BRING BACK SADOKIST . PurpleStar
SPAM THIS DISK TO BRING BACK SADOKIST . PurpleStar
SPAM THIS ICECREAM FOR HELP FNATIC SeriousSloth
SPAM THIS DISK TO BRING BACK SADOKIST PurpleStar
Clap Squid3
📞 HELLO FNATIC? 📞 FAZE HERE 📞 WE ARE AT THE AIRPORT 📞 WHERE ARE YOU 📞 4Head
SPAM THIS DISK TO BRING BACK SADOKIST PurpleStar
SPAM THIS DISK TO BRING BACK SADOKIST . PurpleStar
SPAM THIS DISK TO BRING BACK SADOKIST . PurpleStar
SPAM THIS DISK TO BRING BACK SADOKIST !!! PurpleStar
SPAM THIS DISK TO BRING BACK SADOKIST . PurpleStar
CHAT cmonBruh
SPAM THIS DISK TO BRING BACK SADOKIST !!! PurpleStar
📞 HELLO FNATIC? 📞 FAZE HERE 📞 WE ARE AT THE AIRPORT 📞 WHERE ARE YOU 📞 4Head
SPAM THIS DISK TO BRING BACK SADOKIST PurpleStar
📞 HELLO FNATIC? 📞 FAZE HERE 📞 WE ARE AT THE AIRPORT 📞 WHERE ARE YOU 📞 4Head
SPAM THIS DISK TO BRING BACK SADOKIST PurpleStar
SPAM THIS ICECREAM FOR HELP FNATIC SeriousSloth
SPAM THIS DISK TO BRING BACK SADOKIST !!! PurpleStar
EZ NIP <3
LETS GO Kreygasm
SPAM THIS DISK TO BRING BACK SADOKIST . PurpleStar
SPAM THIS DISK TO BRING BACK SADOKIST . PurpleStar
SPAM THIS DISK TO BRING BACK SADOKIST . PurpleStar
SPAM THIS DISK TO BRING BACK SADOKIST PurpleStar
WHO? cmonBruh
📞 HELLO FNATIC? 📞 FAZE HERE 📞 WE ARE AT THE AIRPORT 📞 WHERE ARE YOU 📞 4Head
SPAM THIS ICECREAM FOR HELP FNATIC SeriousSloth
📞 HELLO FNATIC? 📞 FAZE HERE 📞 WE ARE AT THE AIRPORT 📞 WHERE ARE YOU 📞 4Head
SPAM THIS DISK TO BRING BACK SADOKIST PurpleStar
SPAM THIS DISK TO BRING BACK SADOKIST PurpleStar
no ANELE
TAKE THIS CHIP TO SUPPORT NIP DoritosChip
📞 HELLO FNATIC? 📞 FAZE HERE 📞 WE ARE AT THE AIRPORT 📞 WHERE ARE YOU 📞 4Head
SPAM THIS DISK TO BRING BACK SADOKIST PurpleStar
SPAM THIS DISK TO BRING BACK SADOKIST PurpleStar
G LDEN LUL
golden LUL
? LUL
spam this yo help team nip PJSalt
SPAM THIS FIST TO FREE SADOKIST Poooound
SPAM THIS DISK TO BRING BACK SADOKIST PurpleStar
GOLDEN LUL
GOLDEN LUL
DEN LUL
GA LUL
NIP PogChamp
BOT LUL
GOLDEN LUL
GOLDEN LUL
Golden LUL
SPAM THIS CHIP TO HELP NIP DoritosChip
DEN LUL
📞 HELLO FNATIC? 📞 FAZE HERE 📞 WE ARE AT THE AIRPORT 📞 WHERE ARE YOU 📞. 4Head
DEN LUL
GOLDER LUL
G DEN LUL
SPAM THIS DISK TO BRING BACK SADOKIST . PurpleStar
REZ AIM PogChamp
shooting the post LUL
GO NINJAS <3
📞 HELLO FNATIC? 📞 FAZE HERE 📞 WE ARE AT THE AIRPORT 📞 WHERE ARE YOU 📞 4Head
SPAM THIS DISK TO BRING BACK SADOKIST PurpleStar
SPAM THIS DISK TO BRING BACK SADOKIST . PurpleStar
SPAM THIS CHIP TO HELP NIP DoritosChip
SPAM THIS DISK TO BRING BACK SADOKIST PurpleStar
G den LUL
GOLDEN IS SILVER LUL
SPAM THIS ICECREAM FOR HELP FNATIC SeriousSloth
BOTLEN LUL
SPAM THIS COKE TO MAKE NIP CHOKE DrinkPurple
📞 HELLO FNATIC? 📞 FAZE HERE 📞 WE ARE AT THE AIRPORT 📞 WHERE ARE YOU 📞 4Head
G L D E N LUL
5-15 LUL
5 kills LUL
Clap ANELE
JW 5 KILLS LUL
5 15 OMEGA LUL
5 - 15 LUL
Clap ANELE
Clap ANELE
5-15 LUL
Clap ANELE
JW 5 KILLS LUL
JW 5-15 LUL
SPAM THIS DISK TO BRING BACK SADOKIST PurpleStar
Clap ANELE
5/15 LUL
Clap ANELE
bring KAPPA back Kappa
Clap ANELE
5-15 LUL
Clap ANELE
GOLDEN LUL
R EZ LUL
JW LUL
5-15 LUL
5-15 LUL
awpah LUL
Clap ANELE
SPAM THIS CHIP TO HELP NIP. DoritosChip
5-15 LUL
JW BOT LUL
5-15 LUL
SPAM THIS DISK TO BRING BACK SADOKIST PurpleStar
Clap ANELE
SPAM THIS DISK TO BRING BACK SADOKIST PurpleStar
FNATIC IN 2K18 LUL
5-15 LUL
Clap LUL
Clap ANELE
JW LUL
5-15 LUL
SPAM THIS CHIP TO HELP NIP DoritosChip
5-15 LUL
5 KILLS LUL
5-15 :D
Main Awper 5-15 OMEGA LUL
JW BOT oig LUL
5-15 = Silver noob Kappa
5-15 LUL
JW LUL
5-15 LUL
5/15 LUL
BOLDAN LUL
OnlineW LUL
G L D E N 4Head
R EZ LUL
Clap ANELE
5-15 LUL
📞 HELLO FNATIC? 📞 FAZE HERE 📞 WE ARE AT THE AIRPORT 📞 WHERE ARE YOU 📞 4Head
Clap ANELE
SPONSORED BY ANELE
5 15 LUL
OWLFLA ANELE
SPAM THIS DISK TO BRING BACK SADOKIST !!! PurpleStar
G DEN! AHHAHAHA LUL
SPAM THIS DISK TO BRING BACK SADOKIST . PurpleStar
JW in 2k18 LUL
JW LUL
5-15 hAHAA LUL
SPAM THIS DISK TO BRING BACK SADOKIST PurpleStar
HenryG roasting JW LUL
awper LUL
CZ LUL
SPAM THIS CHIP TO HELP NIP DoritosChip
TICK TOCK ANELE
5-15 silver skills LUL
SPAM THIS COKE TO MAKE FNATIC CHOKE DrinkPurple
BOT JW LUL
Who? cmonBruh
📞 HELLO FNATIC? 📞 FAZE HERE 📞 WE ARE AT THE AIRPORT 📞 WHERE ARE YOU 📞 4Head
he got 3 kills in the 2nd or 3rd round and somehow he's still on 5 LUL
some1 send me the clip pls <3
SPAM THIS SNICKERS TO HELP NIPPERS SnickersHype
french crowd hates the explosion animation LUL
miliLul miliLul miliLul miliLul miliLul miliLul miliLul miliLul miliLul cmonBruh
SPAM THIS DISK TO BRING BACK SADOKIST !!! PurpleStar
JW in 2018 LUL
6 kills PogChamp
JW LUL
6 16 LUL
: SPAM This Chip To Help NiP DoritosChip
G L D E N . 4Head
WHAT PogChamp
draken LUL
French crowd ResidentSleeper
flusha LUL
DEN LUL
GOLDEN LUL
BOT GOLDEN LUL
G LDEN LUL
6/16 LUL
GOLDEN LUL
GOLDEN LUL
GOLDEN LUL
GOLDEN LUL
SPAM THIS DISK TO BRING BACK SADOKIST PurpleStar
GOLDEN LUL
fnatic LUL
spam this chip to help nip DoritosChip
Golden FailFish
G L D E N 4Head
golden LUL
SPAM THIS CHIP TO HELP NIP DoritosChip
G LDEN LUL
golden LUL
DENNIS WAS THE PROBLEM LUL
2v4 LUL
spam this yo help team nip PJSalt
G LDEN LUL
#GONINJAS #GONINJAS #GONINJAS #GONINJAS #GONINJAS #GONINJAS #GONINJAS #GONINJAS <3
GOLDEN COULDN'T SEE HIS SCREEN LUL
golden whiff FailFish
SPAM THIS DISK TO BRING BACK SADOKIST . PurpleStar
#GONINJAS #GONINJAS #GONINJAS #GONINJAS #GONINJAS #GONINJAS #GONINJAS <3
Don't miss out on watching the event live, grab your tickets here - https://twitter.com/DreamHackCSGO/status/979377806760177664 :)
SPAM THIS COKE TO MAKE NIP CHOKE DrinkPurple
K R I M Z FUNgineer
why peek LUL
NIP FailFish
SPAM THIS DISK TO BRING BACK SADOKIST PurpleStar
DENNIS OMEGA LUL
Clap FUNgineer
SPAM THIS DISK TO BRING BACK SADOKIST . PurpleStar
Why peek? NotLikeThis
forest throw :)
SPAM THIS SPAGHETTI TO HELP FORGETTI pastaThat
SPAM THIS NOODLE TO HELP SKADOODLE pastaThat
SPAM THIS DISK TO BRING BACK SADOKIST . PurpleStar
#GONINJAS #GONINJAS #GONINJAS #GONINJAS #GONINJAS #GONINJAS #GONINJAS <3
SPAM THIS DISK TO BRING BACK SADOKIST . PurpleStar
forest CS:GO LUL
Clap FUNgineer
NiP chokers LUL
SPAM THIS DISK TO BRING BACK SADOKIST . PurpleStar
KRIMZ 1V9 LUL
OVER LUL
LEKR PogChamp
SPAM THIS DISK TO BRING BACK SADOKIST . PurpleStar
NIPS IN THE BAG Kreygasm
SPAM THIS NOODLE TO HELP SKADOODLE pastaThat
TERMINATOR FUNgineer
JW LUL
IMPORTANT ROUND BlessRNG
📞 HELLO FNATIC? 📞 FAZE HERE 📞 WE ARE AT THE AIRPORT 📞 WHERE ARE YOU 📞 4Head
SPAM THIS DISK TO BRING BACK SADOKIST . PurpleStar
📞 HELLO FNATIC? 📞 FAZE HERE 📞 WE ARE AT THE AIRPORT 📞 WHERE ARE YOU? 📞 OpieOP
@Kurosakki SeriousSloth
where r the NiP chuck s now LUL
OLOF DIEDED CHECK HLTV BibleThump
#GONINJAS #GONINJAS #GONINJAS #GONINJAS #GONINJAS #GONINJAS #GONINJAS <3
SPAM THIS NOODLE TO HELP SKADOODLE pastaThat
SPAM THIS DISK TO BRING BACK SADOKIST . PurpleStar
Crowd ResidentSleeper
SPAM THIS SNICKERS TO HELP NIPPERS SnickersHype
@iVex SeriousSloth
SPAM THIS COKE TO HELP NIP CHOKE DrinkPurple
SPAM THIS STATIC TO HELP FNATIC MorphinTime
Throwers In Pajamas LUL
#GONINJAS #GONINJAS #GONINJAS #GONINJAS #GONINJAS #GONINJAS #GONINJAS <3
SPAM THIS CHIP TO HELP NIP DoritosChip
SPAM THIS NOODLE TO HELP SKADOODLE pastaThat
SPAM THIS DISK TO BRING BACK SADOKIST . PurpleStar
OLOF DIEDED CHECK HLTV BibleThump
📞 HELLO FNATIC? 📞 FAZE HERE 📞 WE ARE AT THE AIRPORT 📞 WHERE ARE YOU 📞 4Head
📞 HELLO FNATIC? 📞 FAZE HERE 📞 WE ARE AT THE AIRPORT 📞 WHERE ARE YOU? 📞 OpieOP
NIP IN 2K18 LUL
kokoti LUL
SPAM THIS DISK TO BRING BACK SADOKIST PurpleStar
@perm sup SeriousSloth
SPAM THIS CHIP TO HELP OUT NIP DoritosChip
weebs IN 👉 🚪 TehePelo
SPAM THIS COKE TO HELP NIP CHOKE DrinkPurple
📞 HELLO FNATIC? 📞 FAZE HERE 📞 WE ARE AT THE AIRPORT 📞 WHERE ARE YOU 📞 4Head
SPAM THIS CHIP TO HELP NIP DoritosChip
SPAM THIS COKE TO MAKE NIP CHOKE DrinkPurple
Come Back FNATIC Come Back FNATIC Come Back FNATIC Come Back FNATIC Come Back FNATIC Come Back FNATIC Come Back FNATIC Come <3
SPAM THIS ICECREAM FOR HELP FNATIC SeriousSloth
OLOF DIEDED CHECK HLTV BibleThump
Bring who back? cmonBruh
📞 HELLO FNATIC? 📞 FAZE HERE 📞 WE ARE AT THE AIRPORT 📞 WHERE ARE YOU 📞 4Head
SPAM THIS DISK TO BRING BACK SADOKIST PurpleStar
@patqwert04 HeyGuys
PROUD NAF SUB SeriousSloth
@Perm SeriousSloth
spam this fist to free Sadokist Poooound
abc LUL
@perm creativly PogChamp
SPAM THIS NOODLE TO HELP SKADOODLE pastaThat
SPAM THIS DISK TO BRING BACK SADOKIST . PurpleStar
SPAM THIS COKE TO MAKE NIP CHOKE DrinkPurple
SPAM THIS MAN FOR CASTING BAN TriHard
SPAM THIS DISK TO BRING BACK SADOKIST PurpleStar
go play Mozart Requiem CurseLit
Golden NotLikeThis
"Dead game" LUL
📞 HELLO FNATIC? 📞 FAZE HERE 📞 WE ARE AT THE AIRPORT 📞 WHERE ARE YOU 📞 4Head
SPAM THIS DISK TO BRING BACK SADOKIST !!! PurpleStar
jw LUL
JW LUL
SPAM THIS COKE TO HELP NIP CHOKE DrinkPurple
SPAM THIS DISK TO BRING BACK SADOKIST PurpleStar
JW LUL
JW LUL
JW LUL
JW LUL
JW LUL
JW LUL
150K VIEWER DED GAME LUL
JW ROASTEDS LUL
SAVE LUL
JW AWP IN 2018 LUL
forsen sub not watching forsen LUL
barn door LUL
FORSEN SUBS FORSEN SUBS FORSEN SUBS FORSEN SUBS BabyRage
N A F SeriousSloth
JW Kappa
VAC LUL
??? LUL
JW OMEGA LUL
wtf LUL
GET LUL
SPAM THIS CHIP TO HELP NIP DoritosChip
Crowd LUL
silvers LUL
BOT LUL
SPAM THIS COKE TO MAKE NIP CHOKE DrinkPurple
TÄÄLLÄ PELATAAN NYT MINECRAFTIA PunchTrees
BOT RIGHT LUL
NOT LIKE THIS :(
SPAM THIS CHIP TO MAKE NIP SLIP DoritosChip
GetRight NotLikeThis
SPAM THIS NOODLE TO HELP SKADOODLE pastaThat
BOT RIGHT LUL
QUALITY OF PLAY LUL
GETRIGHT LUL
GET_REKT LUL
crowd ResidentSleeper
CHOKE RIGHT LUL
GET_RIGHT SILVER2 PogChamp
SPAM THIS COKE TO MAKE NIP CHOKE DrinkPurple
JW LUL
SPAM THIS COKE TO MAKE NIP CHOKE DrinkPurple
that spray FailFish
SPAM THIS CHIP TO HELP NIP DoritosChip
1.6 LUL
GOLDEN LUL
SPAM THIS NOODLE TO HELP SKADOODLE pastaThat
SPAM THIS COKE TO MAKE NIP CHOKE DrinkPurple
SPAM THIS CHIP TO HELP NIP DoritosChip
French crowd ResidentSleeper
real :(
MARSEILLE ANELE
miliTen miliTen miliTen miliTen miliTen miliTen miliTen miliTen miliTen miliTen miliTen cmonBruh
push G LUL
SPAM THIS DISK TO BRING BACK SADOKIST . PurpleStar
TÄÄLLÄ PELATAAN NYT MINECRAFTIA PunchTrees
Spam This Chip To Help Jake Yip DoritosChip
cant focus for 3 hours? LUL
get_throw EleGiggle
anyone remember phantoml0rd 4Head
type if you have crippling depression type if you have crippling depression :)
Chest pain LUL
NIP IN 2K18 LUL
OLOF IN PRISON CHECK HLTV OLOF IN PRISON CHECK HLTV OLOF IN PRISON CHECK HLTV PogChamp
FULL ECO NICE LUL
GOLDEN LUL
SEIZED LUL
SPAM THIS DISK TO BRING BACK SADOKIST !!! PurpleStar
SPAM THIS COKE TO MAKE NIP CHOKE DrinkPurple
GTR SHOULD'VE HAD THAT :(
SPAM THIS DISK TO BRING BACK SADOKIST . PurpleStar
SPAM THIS DISK TO BRING BACK SADOKIST PurpleStar
SPR YM STER LUL
KOBE PogChamp
forsen1 forsen2 don't talk to me or my BOI ever again forsen3 forsen4 GOWAtreus
Clap Clap Clap Clap Clap Clap Clap Clap FUNgineer
MODS cmonBruh
NA Get LUL
SPAM THIS DISK TO BRING BACK SADOKIST PurpleStar
TÄÄLLÄ PELATAAN NYT MINECRAFTIA PunchTrees
SPAM THIS DISK TO BRING BACK SADOKIST PurpleStar
spam this fist to free Sadokist Poooound
1.6 LUL
SMASH PLS Kreygasm
2.22 LUL
BOI GOWKratos
FOREST WON THE PISTOL ROUND OF THE CENTURY FOR THIS? NotLikeThis
SPAM THIS NOODLE TO HELP SKADOODLE pastaThat
SPAM THIS DISK TO BRING BACK SADOKIST !!! PurpleStar
📞 HELLO FNATIC? 📞 FAZE HERE 📞 WE ARE AT THE AIRPORT 📞 WHERE ARE YOU? 📞. OpieOP
@N_I_A_G_A_R_A cmonBruh
SPAM THIS DISK TO BRING BACK SADOKIST PurpleStar
TÄÄLLÄ PELATAAN NYT MINECRAFTIA PunchTrees
1.9 Kappa
1,6 LUL
! VoteNay
SPAM THIS CHIP TO HELP NIP DoritosChip
📞 HELLO FNATIC? 📞 FAZE HERE 📞 WE ARE AT THE AIRPORT 📞 WHERE ARE YOU 📞 4Head
NAF RAID SeriousSloth
Come Back FNATIC Come Back FNATIC Come Back FNATIC Come Back FNATIC Come Back FNATIC Come Back FNATIC Come Back FNATIC Come <3
SPAM THIS CHIP TO HELP NIP DoritosChip
1.3 Kappa
: SPAM This Chip To Help NiP DoritosChip
Memes 4Head
NAF RAID SeriousSloth
📞 HELLO FNATIC? 📞 FAZE HERE 📞 WE ARE AT THE AIRPORT 📞 WHERE ARE YOU? !📞 OpieOP
deagle turret PogChamp
SPAM THIS CHIP TO HELP NIP DoritosChip
JW UNBANNED CHECK HLTV PogChamp
TÄÄLLÄ PELATAAN NYT MINECRAFTIA PunchTrees
GG NIP :(
deagle turret LUL
JW 200 IQ LUL
SPAM THIS CHIP TO HELP NIP a DoritosChip
TRAIN BUG LUL
GOLDEN LUL
12-8 EleGiggle
KRIMZ IS A GOD LUL, BUT GET RIGHT IS BIGGER LUL, DRAKEN AWPS WELL LUL, SADOKIST SPAMS ______ LUL
Golden :(
Clap Clap Clap Clap Clap Clap Clap Clap FUNgineer
jw <3
SPAM THIS HENTI TO HELP GET_RIGHT TehePelo
Clap FUNgineer
ALMOST ECOED LUL
JW VAC CHECK HLTV PogChamp
@Jugsmoney LUL
SPAM THIS DISK TO BRING BACK SADOKIST . PurpleStar
GOLDEN NICE TEAMMATE LUL
KRIMZ FUNgineer
COCAIN LUL
THIS IS REAL TENSE :\
KRIMZ IS A GOD , BUT GET RIGHT IS BIGGER , DRAKEN AWPS WELL , SADOKIST SPAMS ______ LUL
SPAM THIS NOODLE TO HELP SKADOODLE pastaThat
EU CROWD LUL
Fnatic LUL
: SPAM This Chip To Help NiP DoritosChip
STOP THROWING NIP, PLSSS NotLikeThis
Crowd crowd ResidentSleeper
golden StinkyCheese
c'mon fnatic <3
type if you have crippling depression :)
K R I M Z FUNgineer
📞 HELLO FNATIC? 📞 FAZE HERE 📞 WE ARE AT THE AIRPORT 📞 WHERE ARE YOU 📞 4Head
Clap Clap Clap Clap Clap Clap Clap Clap . FUNgineer
JUL LUL
SPAM THIS CHIP TO HELP NIP DoritosChip
more forsen subs here than on forsens stream LUL
GOLDEN IS SILVER LUL
fake crowd LUL
📞 HELLO FNATIC? 📞 FAZE HERE 📞 WE ARE AT THE AIRPORT 📞 WHERE ARE YOU? 📞 4Head
KRIMZ IS A GOD LUL, BUT GET RIGHT IS BIGGER LUL, DRAKEN AWPS WELL LUL, SADOKIST SPAMS ______ . LUL
SPAM THIS COKE TO MAKE NIP CHOKE DrinkPurple
TÄÄLLÄ PELATAAN NYT MINECRAFTIA PunchTrees
📞 HELLO FNATIC? 📞 FAZE HERE 📞 WE ARE AT THE AIRPORT 📞 WHERE ARE YOU? 📞 OpieOP
CRINGE FailFish
chat WutFace
@Snapperrulez247 gtfo med politik just nu, DansGame
spam this fist to free Sadokist Poooound
TÄÄLLÄ PELATAAN NYT MINECRAFTIA PunchTrees
SPAM THIS CHIP TO MAKE NIP SLIP DoritosChip
CHAT WutFace
lo THIS HENTI TO HELP GET_RIGHT TehePelo
this chat is PogChamp
Golden NotLikeThis
Plebs DansGame
KRIMZ IS A GOD , BUT GET RIGHT IS BIGGER , DRAKEN AWPS WELL , SADOKIST SAID... LUL
MY CHAT EXPERIENCE BibleThump
MODS NotLikeThis
📞 HELLO FNATIC? 📞 FAZE HERE 📞 WE ARE AT THE AIRPORT 📞 WHERE ARE YOU? 📞 OpieOP
good nade LUL
good nade LUL
SPAM THIS COKE TO MAKE NIP CHOKE DrinkPurple
? cmonBruh
🍆 Kreygasm
@brud__ cmonBruh
this is why we can't have nice things, spammers :(
KRIMZ IS A GOD , BUT GET RIGHT IS BIGGER , DRAKEN AWPS WELL , SADOKIST SAID... LUL
MY CHAT EXPERIENCE Kreygasm
SPAM THIS COKE TO MAKE NIP CHOKE DrinkPurple
SPAM THIS COKE TO MAKE NIP CHOKE DrinkPurple
MUH CHAT EXPERIENCE BabyRage
bLaaa, cmonBruh
Nice mods 4Head
SPAM THIS NOODLE TO HELP SKADOODLE pastaThat
MY LAPTOP IS OVERHEATING BibleThump
EU CROWD ResidentSleeper
@bLaaa cmonBruh
Come Back FNATIC Come Back FNATIC Come Back FNATIC Come Back FNATIC Come Back FNATIC Come Back FNATIC Come Back FNATIC Come <3
narwList cmonBruh
📞 HELLO FNATIC? 📞 FAZE HERE 📞 WE ARE AT THE AIRPORT 📞 WHERE ARE YOU? 📞 OpieOP
Da chat experience omega LUL
EZ FAZE EZ FAZE EZ FAZE EZ FAZE EZ FAZE EZ FAZE PogChamp
Gingerbreadmanunited / R)
MODS BabyRage
CHOKE RIGHT LUL
Flusha cheater 4Head
PEEK ADVANTAGE LUL
SPAM THIS COKE TO MAKE NIP CHOKE DrinkPurple
senor vac LUL
BOT_RIGHT LUL
flusha lifting again BibleThump
7 TriHard
CHOKE LUL
ONE WAY ANGLE FailFish
ofc he can see him 4Head
KRIMZ SUBS FUNgineer
OMG FailFish
CHAT LUL
TÄÄLLÄ PELATAAN NYT MINECRAFTIA PunchTrees
📜 ✍️ cmonBruh
HE COULD SEE HIS FEET LUL
@brud__ cmonBruh
Clap Clap Clap Clap Clap Clap Clap Clap FUNgineer
NIP FANS BabyRage
REZ Jebaited
rez LUL
rez LUL
FNATIC <3
VAC LUL
SAW HIS TOES Kreygasm
Postplant Henry LUL
NIP FANS BabyRage
@Plecto88 *peek, english much? LUL
CATWALK Jebaited
F0REST IN JAIL LUL
CROWD LUL
Clap Clap Clap Clap Clap Clap Clap Clap . FUNgineer
CRINGEFRIENDS DansGame
EZ FUNgineer
SPAM THIS NOODLE TO HELP SKADOODLE pastaThat
Lets go mmmy boys Fnatic <3
FFS NIP NotLikeThis
CROWD? LUL
10 5 TO 12 12 LUL
SPAM THIS CHIP TO HELP NIP DoritosChip
GOLDEN CHAT 4Head
thank you sir Kreygasm
Fnatic PogChamp
MOMMMMMM BabyRage
NiP NiP NiP NiP NiP NiP NiP NiP BlessRNG
SPAM THIS COKE TO MAKE NIP CHOKE DrinkPurple
WORST CROWD EVER LUL
nip <3
16-12 :(
154 K DEAD GAME LUL
SPAM THIS CHIP TO HELP NIP DoritosChip
im gold nova :)
Flusha always onr step ahead Kappa
did you guys know the average american doesnt even have $5 in their savings account? :o
SILVER 3 CHAT LUL
TÄÄLLÄ PELATAAN NYT MINECRAFTIA PunchTrees
NIP NotLikeThis
TÄÄLLÄ PELATAAN NYT MINECRAFTIA PunchTrees
SPAM THIS CHIP TO HELP NIP DoritosChip
moooooooooooom BabyRage
SPAM THIS CHIP TO HELP NIP DoritosChip
NIP MAGIC BlessRNG
TÄÄLLÄ PELATAAN NYT MINECRAFTIA PunchTrees
SPAM THIS CHIP TO HELP NIP DoritosChip
FNATIC WINNING ResidentSleeper
Clap KRIMZ SUBS Clap FUNgineer
NIP BibleThump
Crowd ---> ResidentSleeper
ty Kreygasm
SPAM THIS CHIP TO HELP NIP DoritosChip
SPAM THIS NOODLE TO HELP SKADOODLE pastaThat
I CANT SEE HIM SO HE CANT SEE ME HAX BabyRage
SPAM THIS COKE TO MAKE NIP CHOKE DrinkPurple
SPAM THIS CHIP TO HELP NIP DoritosChip
CHAT WutFace
He was lifting his mouse cmon chat Kappa
now or neverg lets go NiP D: :)
SPAM THIS CHIP TO HELP NIP DoritosChip
SPAM THIS CHIP TO HELP NIP DoritosChip
SPAM THIS CHIP TO HELP NIP DoritosChip
csgo LUL
is @brud__ a sweet guy? or VoteYea
SPAM THIS CHIP TO HELP NIP DoritosChip
NiP will win <3
WHAT LUL
CSGOED LUL
NIP ☎️ FNATIC HERE ☎️ 12-12 ☎️ BTW ☎️ LUL
KRIMZ IS A GOD LUL, BUT GET RIGHT IS BIGGER LUL, DRAKEN AWPS WELL LUL, SADOKIST SPAMS ______ LUL
CSGOED LUL
FLUSHA TOGGLE LUL
CSGO LUL
5 TICK LUL
CSGO'd FailFish
64 TICK LUL
CSGO LUL
TÄÄLLÄ PELATAAN NYT MINECRAFTIA PunchTrees
SPAM THIS CHIP TO HELP NIP DoritosChip
fnatic luck :)
CSGO'D LUL
CSGO'D LUL
REKT LUL
TÄÄLLÄ PELATAAN NYT MINECRAFTIA PunchTrees
GG LUL
draken jusut got csgo'd LUL
CS'GOED LUL
Hmm flusha was "thinking" ahead Kappa
TO HELL LUL
wTf LUL
SPAM THIS CHIP TO HELP NIP DoritosChip
GET_REKT LUL
is @brud__ a sweet guy? Vote or VoteYea
GG LUL
VACNATIC LUL
12-16 Kappa
TÄÄLLÄ PELATAAN NYT PunchTrees
lekro PogChamp
AWPKRO PogChamp
SENOR VAC <3
TÄÄLLÄ PELATAAN NYT MINECRAFTIA PunchTrees
R EZ LUL
Lekr0 OpieOP
R EZ LUL
CHOKE NotLikeThis
CHOKE LUL
TÄÄLLÄ PELATAAN NYT MINECRAFTIA PunchTrees
nococo DrinkPurple
NIIIIIIIIP PLEEAAAAAASE NotLikeThis
NICE SPRAY REZ AHAHAHAHAH LUL
TÄÄLLÄ PELATAAN NYT PunchTrees
Flusha turned his hacks on BrokeBack
gg NotLikeThis
rez LUL
EU FLASH LUL
DRAKEN IS GOD, HE PULLS THE TRIGGER, SADOKIST BEST CASTER, HE ALWAYS SAYS ______ LUL
NA FLASH LUL
Clap Clap Clap Clap Clap Clap Clap Clap FUNgineer
CHOKERS IN PYJAMAS OMEGA LUL
SPAM THIS NOODLE TO HELP SKADOODLE pastaThat
SPAM THIS COKE TO MAKE NIP CHOKE DrinkPurple
SPAM THIS CHIP TO HELP NIP DoritosChip
SEMI FINALS SEMI FINALS ResidentSleeper
gg PogChamp
NIP ☎️ FNATIC HERE ☎️ 13-12 NOW ☎️ LUL
NIP NotLikeThis
KRIMZ IS A GOD , BUT GET RIGHT IS BIGGER , DRAKEN AWPS WELL , SADOKIST SAID... LUL
OLOF IN PRISON CHECK HLTV OLOF IN PRISON CHECK HLTV PogChamp
SPAM THIS COKE TO HELP NIP CHOKE DrinkPurple
TÄÄLLÄ PELATAAN NYT MINECRAFTIA PunchTrees
NiP HeyGuys
REZ MrDestructoid
📞 HELLO FNATIC? 📞 FAZE HERE 📞 WE ARE AT THE AIRPORT 📞 WHERE ARE YOU 📞 4Head
CS GO'D LUL
TÄÄLLÄ PELATAAN NYT MINECRAFTIA PunchTrees
: SPAM This Chip To Help NiP DoritosChip
CHOKERS LUL
DONT GOOGLE NIP T SITE LUL
VAC I play fortnite btw :)
SPAM THIS COKE TO MAKE NIP CHOKE DrinkPurple
SPAM THIS CHIP TO HELP NIP DoritosChip
VAC Kreygasm
Lasarus07: TÄÄLLÄ PELATAAN NYT MINECRAFTIA PunchTrees
Comeback :(
SPAM THIS CHIP TO HELP NIP DoritosChip
📞 HELLO FNATIC? 📞 FAZE HERE 📞 WE ARE AT THE AIRPORT 📞 WHERE ARE YOU 📞 4Head
THANK MR TTours
SPAM THIS COKE TO MAKE NIP CHOKE DrinkPurple
PITA LUL
NICE AIMLOCK SeemsGood
aimbot LUL
Not Threat WutFace
TÄÄLLÄ PELATAAN NYT MINECRAFTIA PunchTrees
weebs IN 👉 🚪 TehePelo
coach is 16 4Head
RIP LUL
f0rest and Krimz they are like Twins FrankerZ
Legends will rise FUNgineer
HOBBIT COACH PogChamp
📞 HELLO NiP? 📞 FAZE HERE 📞 WE ARE AT THE AIRPORT 📞 WHERE ARE YOU 📞 4Head
SPAM THIS COKE TO MAKE NIP CHOKE DrinkPurple
NIP COACH LUL
MOM FNATIC IS CHEATING AGAIN BabyRage
Fk pita DansGame
vac LUL
Can you 12 year old kids stop spammng things like "VAC, EZ, REKT etc", it's so immature, just grow up FailFish
FLUSHA CHEATER SwiftRage
VAC LUL
FLUSHA TEACHING LEKRO FLUSHA TEACHING LEKRO FLUSHA TEACHING LEKRO FLUSHA TEACHING LEKRO PogChamp
FAKE CROWD LUL
TRUE LUL
G2 FANS LUL
who is this child LUL
SPAM THIS NOODLE TO HELP SKADOODLE pastaThat
SENOR VAC Kreygasm
G2 LUL
senor vac <3
SCREW FLUSHA OBVIOUS CHEATER LUL
VAC LUL
SPAM THIS NOODLE TO HELP SKADOODLE pastaThat
JW <3
VAC BAN LUL
GRILL Kreygasm
HOT GRILL Kreygasm
french crowd FailFish
SPAM THIS MEAT BOI TO HELP YOUR BOI BloodTrail
flusha LUL
-unsecure 4Head
VAC LUL
SILVER CROWD LUL
FLUSHA LUL
WHAT'S THE POINT OF THIS IF ASTRALIS WILL DESTROY THEM ANYWAY 4Head
FLUSHA LUL
SPAM THIS COKE TO MAKE NIP CHOKE DrinkPurple
RASH B LUL
RUSH B LUL
CSGO LUL
flusha throw FailFish
TÄÄLLÄ PELATAAN NYT MINECRAFTIA PunchTrees
RUSH B LUL
EU RUSH PogChamp
-unsecure VAC disabled btw 4Head
RUSH B LUL
water is not wet water is not wet water is not yet Kappa
rush b LUL
LIKE NINJAS PogChamp
cheater flusha <3
FLUSHA WITHOUT HACKS LUL
FLUSHA LUL
@DreamHackCS LUL
flusha is cheatin again LUL
LETS GO NIP <3
JUST RUSH B BrokeBack
@dreamhackcs HeyGuys
water is not wet water is not wet water is not wet Kappa
SPAM THIS CHIP TO HELP NIP DoritosChip
2012 LUL
@DreamHackCS <3
Finally LUL
RIGHT LUL
TÄÄLLÄ PELATAAN NYT MINECRAFTIA TÄÄLLÄ PELATAAN NYT MINECRAFTIA PunchTrees
NiP <3
what a game dude :o
CS GO HS LUL
B RUSH ALWAYS WORKS :D
CHAT cmonBruh
NiP PogChamp
SPAM THIS CHIP TO HELP NIP DoritosChip
? ? LUL
BOT RIGHT PogChamp
NA SPRAY LUL
SPAM THIS NOODLE TO HELP SKADOODLE pastaThat
such a sick spray Kappa
GTR GOD LURK <3
SPAM THIS CHIP TO HELP NIP DoritosChip
NIP <3
G2 LUL
COME ON!!!! SwiftRage
CROWD LUL
old school GT PogChamp
SPAM THIS CHIP TO HELP NIP DoritosChip
TÄÄLLÄ PELATAAN NYT PunchTrees
this game NotLikeThis
FRENCH GRILL <3
OT PogChamp
NIP PLS WIN BlessRNG
GIRL Kreygasm
THIS AIM LUL
GeT_ Jebaited
I LOVE IT LUL
LET'S GO NINJAS <3
LURK_RIGHT <3
SPAM THIS COKE TO MAKE NIP CHOKE DrinkPurple
SPAM THIS CHIP TO HELP NIP DoritosChip
GRIL PogChamp
LESS GO NIP PopCorn
if fnatic lose this game is over LUL
SPAM THIS COKE TO MAKE NIP CHOKE DrinkPurple
M0E LUL
TÄÄLLÄ PELATAAN NYT MINECRAFTIA PunchTrees
PHOON HERE ☎️ LUL
miliLul miliLul miliLul miliLul miliLul miliLul miliLul cmonBruh
SPAM THIS COKE TO MAKE NIP CHOKE DrinkPurple
150k viewers Alive Game PogChamp
Nice K/D JW LUL
girl touched you Kreygasm
NiP <3
FLUSHA OBVIOUS HACKS. BAN NOW DansGame
BOMB LUL
FRENCH CROWD LUL
THROW LUL
dennis LUL
BOT DENNIS LUL
??? LUL
BOMB LUL
DENNIS THROW LUL
denis FailFish
Bomb LUL
SPAM THIS CHIP TO HELP NIP DoritosChip
SHA CoolCat
The bomb NotLikeThis
?????? LUL
DENNIS ??!??!?! LUL
SPAM THIS CHIP TO HELP NIP DoritosChip
WHY??? FailFish
naf SeriousSloth
DENNIS NotLikeThis
BOT TOOK THE BOMB LUL
what an idiot LUL
GG OMEGA LUL
VAC LUL
SPAM THIS CHIP TO HELP NIP DoritosChip
GOLDEN MrDestructoid
VAC PogChamp
GOGOG NIP <3
NiP <3
@Insomniuhh HeyGuys
SPAM THIS NOODLE TO HELP SKADOODLE pastaThat
SPAM THIS CHIP TO HELP NIP DoritosChip
GLDN LUL
DEN LUL
VAC LUL
throw ALL the nades LUL
SPAM THIS CHIP TO HELP NIP DoritosChip
VAC PogChamp
jw smoked the bomb FailFish
GOLDEN FailFish
dennis still FNATIC member? Kappa
NICE SMOKE LUL
TÄÄLLÄ PELATAAN NYT MINECRAFTIA PunchTrees
RADIAN WutFace
SPAM THIS NOODLE TO HELP SKADOODLE pastaThat
MORE NADES LUL
SPAM THIS CHICK TO HELP FNATIC BCWarrior
dracne LUL
Flusha just plays on weird settings Kappa
Dennis double agent Kappa
TÄÄLLÄ PELATAAN NYT MINECRAFTIA PunchTrees
POGGERS <3
SPAM THIS CHIP TO HELP NIP DoritosChip
VAC LUL
SPAM THIS CHIP TO HELP NIP DoritosChip
Swede Time Kappa
TÄÄLLÄ PELATAAN NYT MINECRAFTIA PunchTrees
T MANE TriHard
TÄÄLLÄ PELATAAN NYT MINECRAFTIA PunchTrees
CHUPO PINTO Kreygasm
TÄÄLLÄ PELATAAN NYT MINECRAFTIA PunchTrees
lekr LUL
? LUL
SPAM THIS GREEK TO HELP FNATIC :D
Lekr0 LUL
double swedish teams ofc best game of the day Kreygasm
NIP IN 2K18 LUL
TÄÄLLÄ PELATAAN NYT MINECRAFTIA PunchTrees
BOT LEKRO LUL
VAC LUL
Clap FUNgineer
@eliaas cmonBruh
EZ LUL
Clap Clap Clap Clap Clap Clap Clap Clap . FUNgineer
SPAM THIS COKE TO MAKE NIP CHOKE DrinkPurple
SLICED LUL
KRIMZ FUNgineer
of his face TTours
Clap ANELE
so fucked LUL
$350 LUL
350 LUL
KRIMZ GOD PogChamp
SPAM THIS BOT TO DISABLE AIMBOT MrDestructoid
SILVERS SAYING VAC LUL
OMEGA LUL
@WoBistDuMeinSonnenlischt_ SeriousSloth
NiP wher ya now Kappa
BM LUL
SPAM THIS NOODLE TO HELP SKADOODLE pastaThat
OT OT OT OT OT OT OT OT OT OT OT OT BlessRNG
KappaHD KappaHD KappaHD Kreygasm
CHOKE LUL
350 LUL
HAHAHAHAHAHA FUNgineer
GG LUL
forsenKnife FUNgineer
TÄÄLLÄ PELATAAN NYT MINECRAFTIA PunchTrees
SPAM THIS CHIP TO HELP NIP DoritosChip
12-8 LUL
Fnatic are fckn legends LUL
19:14 BlessRNG
30s FailFish
Clap Clap Clap Clap Clap Clap Clap Clap FUNgineer
SMOKE HACKS DansGame
NOOO BibleThump
DRAKEN IS GOD, HE PULLS THE TRIGGER, SADOKIST BEST CASTER, HE ALWAYS SAYS ______ LUL
GG LUL
NICE BUY LUL
PLS NIP BibleThump
SPAM THIS CHIP TO HELP NIP DoritosChip
Nip magic LUL
forsenKnife NotLikeThis
2015 FNATIC PogChamp
forsenKnife FUNgineer
SPAM THIS STATIC TO HELP FNATIC MorphinTime
@rudii2k LUL
NiP fans LUL
REALLY CoolStoryBob
: SPAM THIS CHIP TO HELP NIP' DoritosChip
SPAM THIS CHIP TO HELP NIP DoritosChip
11-5 > 13-16 LUL
N I P LUL
NIP MAGIC LUL
CHOKERS IN PYJAMAS OMEGA LUL
SPAM THIS CHIP TO HELP NIP DoritosChip
NIP NIP NIP NIP NIP NIP NIP NIP NIP NIP BlessRNG
SPAM THIS NOODLE TO HELP SKADOODLE pastaThat
11-5 LUL
SILVERS SAYING VAC LUL
SPAM THIS NOODLE TO HELP SKADOODLE pastaThat
NIP BlessRNG
SPAM THIS CHIP TO HELP NIP DoritosChip
Thanks Henry SeemsGood
SPAM THIS CHIP TO HELP NIP' DoritosChip
GO NIP <3
NiP NiP NiP NiP NiP NiP NiP NiP NiP NiP NiP NiP NiP NiP NiP BlessRNG
SPAM THIS CHIP TO HELP NIP DoritosChip
SPAM THIS COKE TO MAKE NIP CHOKE DrinkPurple
TÄÄLLÄ PELATAAN NYT MINECRAFTIA PunchTrees
RIP NIP RIP NIP RIP NIP RIP NIP BibleThump
:knife: Kappa
SPAM THIS STATIC TO HELP FNATIC 1 MorphinTime
PLS NIP PLS NIP PLS NIP BibleThump
SPAM THIS CHIP TO HELP NIP DoritosChip
KNIFE LUL
check hltv LUL
NIP NIP BlessRNG
SPAM THIS CHIP TO HELP NIP DoritosChip
NIP BlessRNG
SPAM THIS CHIP TO HELP NIP DoritosChip
SPAM THIS CHIP TO HELP NIP DoritosChip
SPAM THIS CHIP TO HELP NIP DoritosChip
SPAM THIS CHIP TO HELP NIP DoritosChip
SPAM THIS CHIP TO HELP NIP DoritosChip
BOT LUL
Noo NIP nooo Please WIN BibleThump
gg BibleThump
SPAM THIS STATIC TO HELP FNATIC MorphinTime
2015 KRIMZ Kreygasm
krimreaper PogChamp
gg LUL
SPAM THIS BOT TO DISABLE AIMBOT MrDestructoid
Clap Clap Clap Clap Clap Clap Clap Clap Clap Clap FUNgineer
miliLul miliLul miliLul miliLul miliLul miliLul cmonBruh
SPAM THIS CHIP TO HELP NIP DoritosChip
SPAM THIS CHIP TO HELP NIP DoritosChip
SPAM THIS CHIP TO HELP NIP DoritosChip
Kremes Kreygasm
KRIM REAPER PogChamp
Clap Clap Clap Clap Clap Clap Clap Clap FUNgineer
@Callum2107 Uptime is: 12h 36m 2s :)
GG NIP BibleThump
EN AI PE EN AI PE EN AI PE EN AI PE EN AI PE EN AI PE GOWKratos
SPAM THIS CHICK TO HELP FNATIC BCWarrior
GG LUL
SPAM THIS CHIP TO HELP NIP DoritosChip
TACO WAS THE PROBLEM LUL
GOLDEN WEAKEST OF FNC FailFish
NiP, my friends :(
Clap Clap Clap Clap Clap Clap Clap Clap Clap Clap FUNgineer
BYE NIP BYE NIP BYE NIP BYE NIP BYE NIP BYE NIP BYE NIP LUL
FOREST BibleThump
SPAM THIS CHIP TO HELP NIP DoritosChip
gg LUL
SAVE LUL
NiP NiP NiP NiP NiP NiP NiP NiP NiP NiP NiP BibleThump
EZ LUL
EZ LUL
NIP BibleThump
SPAM THIS STICK TO HELP FNATIC riPepperonis
NIP BibleThump
NIP BibleThump
SENOR VAC LUL
SPAM THIS COKE TO MAKE NIP CHOKE DrinkPurple
📞 HELLO FNATIC? 📞 FAZE HERE 📞 WE ARE AT THE AIRPORT 📞 WHERE ARE YOU 📞 4Head
GG R EZ LUL
why not after time :D
SPAM THIS COKE TO MAKE NIP CHOKE DrinkPurple
MIC LUL
SPAM THIS CHIP TO HELP NIP DoritosChip
NIP NIP NIP NIP NIP NIP NIP NIP NIP NIP NIP BibleThump
COACH LUL
svenneZlatan svenneZlatan svenneZlatan HeyGuys
FNATIC <3
FRANCE SOUND LUL
Clap WutFace
SPAM THIS CHIP TO HELP NIP DoritosChip
forsenX WutFace
Fnatic ?? LUL
SPAM THIS STICK TO HELP FNATIC riPepperonis
asmr Kreygasm
SPAM THIS CHIP TO SAY GOODBYE TO NIP DoritosChip
NIP LUL
13-16 BegWan
SPAM THIS CHIP TO HELP NIP DoritosChip
FNATIC <3
EZ ECO LUL
SPAM THIS CHIP TO HELP NIP DoritosChip
forsenX WutFace
SATAN PLS WutFace
BM pause SeriousSloth
BM PAUSE LUL
SPAM THIS CHIP TO HELP NIP DoritosChip
RIP LUL
OUR NAME IS FAZE CLAN OUR STRATS ARE JOKES SOMETIMES WE WIN BUT MOSTLY WE CHOKE 4Head
Go OT <3
SPAM THIS CHIP TO HELP NIP DoritosChip
Nip take my energy BibleThump
KURDISTAN ARMENIA <3
This comeback PogChamp
PITA LUL
CHUPO PINTOS Kreygasm
NA CHAT NA CHAT NA CHAT NA CHAT NA CHAT NA CHAT NA CHAT NA CHAT NA CHAT NA CHAT NA CHAT LUL
fnatic bots :(
SPAM THIS CHIP TO HELP NIP DoritosChip
nip coach miliLul miliLul miliLul miliLul miliLul cmonBruh
SPAM THIS CHICK TO HELP FNATIC BCWarrior
FNATIC 3 <3
EU CROWD ResidentSleeper
162k viewers PogChamp
NIP NIP NIP NIP NIP NIP NIP NIP SwiftRage
R I P LUL
NIP NIP NIP NIP NIP NIP NIP NIP NIP NIP BlessRNG
SPAM THIS CHIP TO HELP NIP DoritosChip
SPAM THIS CHIP TO HELP NIP DoritosChip
EU CROWD LUL
KOSOVO KOSOVO KOSOVO <3
THE FULL BUY PogChamp
SPAM THIS CHIP TO HELP NIP DoritosChip
N i P Clap PogChamp
SPAM THIS SNICKERS TO HELP NIPPERS SnickersHype
SPAM THIS CHIP TO HELP NIP DoritosChip
PITA DOESNT SAY ANYTHING LUL
monkaS Kappa
SPAM THIS DISK TO BRING BACK SADOKIST . PurpleStar
RIP NIP LUL
FNATIC 3 <3
FNATIC <3
📞 HELLO NiP? 📞 FAZE HERE 📞 WE ARE AT THE AIRPORT 📞 WHERE ARE YOU 📞 📞 HELLO NiP? 📞 FAZE HERE 📞 WE ARE AT THE AIRPORT 📞 WHERE ARE YOU 📞 4Head
mp9 LUL
FOREST BibleThump
CZ:GO? Kappa
SPAM THIS CHIP TO HELP NIP DoritosChip
SPAM THIS CHIP TO SAY GOODBYE TO NIP DoritosChip
SPAM THIS CHIP TO HELP NIP DoritosChip
HOBBIT COACH FOR FNATIC LUL
CZ LUL
SPAM THIS CHIP TO HELP NIP DoritosChip
SPAM THIS CHIP TO HELP NIP DoritosChip
BM KRIMZ LUL
CZ GO LUL
SPAM THIS CHIP TO HELP NIP DoritosChip
French crowd ! <3
: SPAM THIS CHIP TO HELP NIP DoritosChip
SPAM THIS STICK TO HELP FNATIC riPepperonis
FNATIC <3
RiP??? Kappa
CZ GO LUL
GTR LUL
GG BibleThump
FAKE CR UD LUL
GG PogChamp
GG WP FNATIC <3
GG Clap Jebaited
YES LOSE NIP YES LOSE NIP YES LOSE NIP BlessRNG
R I P R I P R I P LUL
EZ CLAP LUL
gg :(
NIP BibleThump
GG LUL
svenneZlatan svenneZlatan svenneZlatan Kappa
SPAM THIS CHICK TO HELP FNATIC BCWarrior
SPAM THIS BOT TO DISABLE AIMBOT MrDestructoid
GG BibleThump
CHOKE LUL
GG LUL
Gg BibleThump
GG Boy GOWKratos
R EZ ? R EZ ? R EZ ? R EZ ? R EZ ? SoBayed
gg NotLikeThis
NiP LUL
SEMI LUL
Music LUL
NIP CHOKE LUL
NIP IS RIP LUL
THAT MUSIC 4Head
The only close quarter! PogChamp
EU music LUL
EU MUSIC LUL
NiP Choked it Jebaited
SPAM THIS BLAZE TO HELP FAZE CurseLit
WONDERCHILD LUL
Nt nip BibleThump
R EZ ? R EZ ? SoBayed
song KappaPride
FOREST BibleThump
NIP LUL
NIP LOST BOI GOWKratos
cry is free LUL
LETS FUCKING GOOOOO FNATIC BABY #AlwaysFnatic <3
GODREST :(
NIP FANS CRY IN MY WHISPER HAHAHAHA BibleThump
f0rest BibleThump
nooooooooooooo :(
forest BibleThump
GG PogChamp
NIP BibleThump
cry a river f0rest BibleThump
forest :(
FORREST BibleThump
R EZ ? R EZ ? R EZ ? R EZ ? SoBayed
NOW to get a forest sticker Kappa
CRY IS FREE LUL
FNATIC ARE CHEATING BabyRage
F0rest BibleThump
FeelsBadMan BibleThump
7 BibleThump
forest crazy 1v3 clutch, still lose LUL
SPAM THIS CHIP TO HELP NIP DoritosChip
f0rp BibleThump
CRY NIP FANS BIBLETHUMP LUL
Evolution of dreamhack music LUL
ez LUL
NIP BibleThump
GG bye HSWP
SPAM THIS NOODLE TO HELP SKADOODLE pastaThat
shirt KappaPride
F0rest BibleThump
IMAGINE CALLING YOURSELF WONDERCHILD LUL
Ice made you BibleThump
NIP FANS LUL
Ninja in Pajams trash LUL
BUDGET ANDERS LUL
Next major Dust2 returns and with it NIP POGGERS BibleThump
KRIMZ <3
KRIMZ THEBEST PogChamp
SO SEXY KappaPride
VINCE LUL
god FUNgineer
Ninjas? LUL
LOL KappaPride
no bonus meme this week BibleThump
Krimz best player PogChamp
KEEP DREAMING KRIMZ SUCKS LUL
Budget anders LUL
IMAGINE BEING A NIP FAN LUL
OMEGA LUL
RIP NiP BibleThump
BOYS GOWKratos
New Anders PogChamp
s1mple so much better LUL
FLUSHA AIMLOCK !!! TheIlluminati
krimz PogChamp
FOREST BibleThump
HENRYYYYYYYYYYYYYY KappaPride
krims best player in the world ? LUL
hahahahhahahaha krimz best player in the world LUL
SILVER CHAT LUL
Fnatic top 1 <3
YNK ResidentSleeper
fNATIC <3
KRIMZ PogChamp
krimz top 1 LUL
Y NKO ResidentSleeper
Pure yoy Kreygasm
Krimz best player in the world PogChamp
where the fuck is sean gares ResidentSleeper
FNATIC CHEATS, CRY IS FREE LUL
CHAD LUL
mp9 PogChamp
s1mple rekt krimz 3 days ago LUL
Nip BibleThump
So heartbreaking BibleThump
Balls to the walls KappaPride
MOOOOM FNATIC CHEATS BabyRage
KRIMZ BEST COLDZERA ? FALLEN ???? SIMPLE ?? Kappa
Pissed off LUL
NIP IN 2018 OMEGALUL LUL
COLD LUL
dont piss off krimz LUL
--> krimz face (no space) GOWKratos
R EZ LUL
R EZ Kreygasm
S1MPLE LUL
@gutz41 Kappa
R EZ LUL
R EZ LUL
R EZ PogChamp
YNK LUL
f0rest BibleThump
S1MPLE CHEATER LUL
70 kills LUL
supersaiyyan LUL
SSJ4 LUL
SSJ4 PogChamp
50 LUL
70 PogChamp
70 PogChamp
70 PogChamp
+24 PogChamp
70-46 KRIMZ PogChamp
70 PogChamp
krimz PogChamp
70 PogChamp
70 LUL
KRMIZ PogChamp
SSJ in 2018 LUL
Krimz still a fuckin' god. PogChamp
70 PogChamp
GOLDEN 32 LUL
70 PogChamp
GOLDEN LUL
32 GOLDEN LUL
GOLDEN LUL
32 LUL
G LDEN LUL
70 TriHard
GOLDEN LUL
KRIMZ WutFace
JW <3
GOLDEN LUL
GOLDNE LUL
70 PogChamp
Don't miss out on watching the event live, grab your tickets here - https://twitter.com/DreamHackCSGO/status/979377806760177664 :)
CHIN W LUL
GOLDEN 32 CARRY LUL
Fank you LUL
Jw <3
JW <3
JW LUL
krimz, flusha, s1mple, cold, fallen, turok -> tier 1 players OpieOP
JW <3
SWEDEN WON.... YAY <3
NOOBS IN PYJAMAS LUL
N I P LUL
Krimz 70 kills in 3 maps, s1mple 69 kills in 2 maps EleGiggle
Clap OpieOP
EXHAUSTED FROM VIDEO GAMES LUL
JW <3
JW <3
s1mple 70 in 2 maps LUL
JW true legend <3
TEARS TO THOSE WHO SAID FNATIC LOSE HQHAHAHAHHAHAHAVAHAHAHAHHAHAHAHAHAHAGGAGAHAVHAHAHAHHAHAHAHHAHHA 4Head
Krimz 70 kills in 3 maps, s1mple 69 kills in 2 maps . EleGiggle
jw best troll <3
JW JW JW <3
BaeW <3
legend <3
THROUGH THE SMOKE Kappa
PREPARES UR THINGS NIP, GO TAKE THE PLANE LUL
JW <3
SURE Kappa
CHAT cmonBruh
EU TEETH WutFace
SURE LUL
Sure Kappa
missed on purpose Keepo
SURE Kappa
HAHA 4Head
@allugod9 he will rise once more Kappa
LuL vs LUL
HUMBLE JW LUL
FishMoley LUL
NO BUT YES LUL
R E A L J W <3
HAHAHAH Jebaited
WHALE LUL
EU TEETH NA NECK LUL
NECKBEARD LUL
EU EWIE LUL
JW <3
JW Kreygasm
Krimz 70 kills in 3 maps, s1mple 69 kills in 2 maps EleGiggle
NA TEAMS LUL
70 kills in 68 rounds LUL
ADERAL EYES LUL
Krimz 70 kills in 3 maps, s1mple 69 kills in 2 maps EleGiggle
SWEDISH CS <3
Chat LUL
SWEDISH CSGO IS BACK PogChamp
JW LEGEND <3
Physical specimen <3
EU MODS LUL
JW <3
avicii <3
SWEDEN <3
Swedish CS in 2018 Kreygasm
golden 32-57 LUL
SWE CS PogChamp
swedish cs 4Head
SPAM THIS DISK TO BRING BACK SADOKIST . PurpleStar
That guy does not know what dental floss is... too much train LUL
swedes BibleThump
True BibleThump
UNLUKO MALUCO LUL
NIP FNATIC <3
LOVE SWEDEN <3
teeth WutFace
INDIVIDUALLY TOGETHER LUL
eu teeth LUL
Individually together..? DansGame
WHAT I AM WATCHING? WutFace
Whisper me the f0rest clutch please :)
SPAM THIS DISK TO BRING BACK SADOKIST . PurpleStar
SKÅL GUBBAR <3
LuL > LUL
@jacki1st ??? cmonBruh
JW Kreygasm
hAHAA LUL
yeah humble Kappa
SPACE SOLDİERS <3
True 4Head
Teamwork in 2018 LUL
ez OpieOP
SWE English LUL
Avicii ◢ ◤ (SPAM THIS TO HONOR) <3
TEAMWORK LUL
JWonderchild <3
Avicii ◢ ◤ (SPAM THIS TO HONOR) <3
JW <3
7 TriHard
"my guys" KappaPride
JW <3
300iq PogChamp
YELLOW TOOTH WutFace
JW <3
Yust LUL
hiding cheats LUL
JW <3
SPAM THIS DISK TO BRING BACK SADOKIST !!! PurpleStar
JW ◢ ◤ <3
LuL > LUL
WHATS IN HIS GAP TEETH?? DansGame
Avicii ◢ ◤ (SPAM THIS TO HONOR) <3
60 att 99 str 99 range pure :)
JW ◢ ◤ . <3
HE's LYING draken didnt move at all cheater LUL
jw <3
Teeth of JW LUL
??? ANELE
Avicii ◢ ◤ (SPAM THIS TO HONOR) <3
hes so sexy <3
I'm sorry JW for my harsh remarks BibleThump
LEAKED LUL
leaked NotLikeThis
NAF SUBS SeriousSloth
UNLUKO MALUCO LUL
Xpl0sive ???? ANELE
strats leaked NotLikeThis
leaked strats LUL
teeth WutFace
@diemariie Title is: LIVE - Fnatic vs. NiP - CORSAIR DreamHack Masters Marseille 2018 :)
@craggaz :D
JW <3
bye LUL
LEAKING STRATS PogChamp
Avicii ◢ ◤ (SPAM THIS TO HONOR) <3
SPAM THIS NOODLE TO HELP SKADOODLE pastaThat
PROUD NAF SUB SeriousSloth
AVICII <3
nothing leaked silver chat LUL
ALELUIA LUL
JWonderchild <3
JW <3
SPAM THIS PURPLE GUY EntropyWins
UNLUKO MALUKO LUL
krimz 70 kills in 3 maps, simple 69 in 2 maps LUL
NIP lost LUL
Avicii ◢ ◤ (SPAM THIS TO HONOR) <3
AVICII BibleThump
SCALPS WutFace
N I P LUL
SPAM THIS NOODLE TO HELP SKADOODLE pastaThat. pastaThat
S1MPLE>KRIMZ CRY LUL
SPAM THIS PURPLE GUY EntropyWins
SD 2018 DatSheffy
Rip AVICCI BibleThump
@Alidhemkebab HotPokket
MAJOR WINNER LOSS IS NOT A SURPRISE LUL
SKADOODLE LUL
SPAM THIS NOODLE TO HELP SKADOODLE pastaThat
RIP Avicii <3
FAZE LUL
Avicii ◢ ◤ (SPAM THIS TO HONOR) <3
thoorin LUL
Mouz placeholder LUL
FAZE C9 LUL
MAJOR WINNER LOSS IS NOT A SURPRISE CAUSE FLUKE WINNER SUCKS LUL
SPAM THIS FOR NO REASON Keepo
3. device or naf fly SeriousSloth
Thoorin LUL
S1MPLE PogChamp
top1 f0rest for sure LUL
simple is not fair :(
SPAM THIS NOODLE TO HELP SKADOODLE pastaThat
SKADOODLE LUL
OLOF IN PRISON CHECK HLTV OLOF IN PRISON CHECK HLTV OLOF IN PRISON CHECK HLTV OLOF IN PRISON CHECK HLTV PogChamp
Cheeky Beaver LUL
cheeky beaver LUL
BELLY BUTTON ? WutFace
rip gambit BibleThump
c9 LUL
Ska BibleThump
Avicii ◢ ◤ (SPAM THIS TO HONOR) <3
LUCKJ LUL
CLOWN9 LUL
Avicii ◢ ◤ <3
stewie LUL
SPAM THIS NOODLE TO HELP SKADOODLE pastaThat
glaive LUL
30 FPS CrreamAwk
its zypex cmonBruh
Avicii ◢ ◤ (SPAM THIS TO HONOR) <3
gla1ve LUL
AVICII ◢ ◤ (SPAM THIS TO HONOR) <3
C L O W N 9 NA CS NA ERA EleGiggle
@ben1csgo true then you get rekt LUL
ONE MAN SPAM ONE MAN BAN KKona cmonBruh
NIP LUL
Avicii ◢ ◤ <3
Avicii ◢ ◤ <3
SPAM THIS NOODLE TO HELP SKADOODLE pastaThat
Avicii ◢ ◤ (SPAM THIS TO HONOR) <3
@smdplay like PogChamp
best forest :D
all these kids worshipping celebrities NotLikeThis
Get_Right <3
FOREST GOD PogChamp
Inb4 crying BibleThump
SPAM THIS NOODLE TO HELP SKADOODLE pastaThat
butts WutFace
NIP LUL
NIP WON OUR HEARTS <3
◢ ◤ <3
Avicii ◢ ◤ (SPAM THIS TO HONOR) <3
c9 FailFish
gambit LUL
Navi is back DendiFace
stewie best player LUL
NA LUL
G M B I T LUL
GAMBIT LUL
C9 LUL
C9 Losing to GAMBOT LUL
Avicii ◢ ◤ (SPAM THIS TO HONOR) <3
Overwatch League WAITING ROOM ResidentSleeper
C 9 LUL
NA SA OMEGALUL LUL
LÖFVEN LUL
Nip looking good for the first time in a while though SeemsGood
Fnc v navi it is KappaRoss
Major winners btw LUL
gambit beating ss, liquid and cloud9 . cant beat fragsters. LUL
Faze LUL
same day grand finals DansGame
C9 FailFish
Fuck Avicii LUL
Wake me up when it’s all over moon2CUTE moon2CUTE moon2CUTE BibleThump
HELLO BR? HELLO NA? EU HERE YOU BACK TO REALITY? 4Head
HELLO, NA CS? LUL
bye HeyGuys
bye chat HeyGuys
SS BibleThump
BYE CHAT BibleThump
BYE CHAT <3
Avicii washed up LUL
LEPO LEPO BibleThump
SS LUL
Bye Chat BibleThump
VP LUL
see u tomorrow HeyGuys
BYE CHAT BibleThump
BYE CHAT moon2CUTE BibleThump
G2 LUL
BYE CHAT :(
SPAM THIS DISK TO BRING BACK SADOKIST . PurpleStar
CYA CHAT BibleThump
BYE CHAT BibleThump
BYE CHAT SEE YOU TOMORROW <3
Cya tomorrow chat BibleThump
bye guys love vp <3
COOL MINI GAMES PogChamp
GGs people, we're done for today, thanks for memeing and chatting, enjoy the rest of your day/night/weekend, see you later! HeyGuys
CHAT <3
digital pazz BibleThump
DIGITA ASS LUL
I will miss these ads BibleThump
FNATIC VoHiYo
weebs DansGame
7 TriHard
WEEBS TriHard
WEEBS DansGame
CHOKE CLAN LUL
@Perm Kappa
subliminal advertising for astralis Kappa
@dreamhackcs SeriousSloth
