Black Ops llll PogChamp
Don't hate @gaze cmonBruh
But Critical Ops is still the best PogChamp
Only good thing about COD is 3Arc Zombies SeemsGood
25 years ResidentSleeper
+10 Min incoming LUL
rip americanons Jebaited
Hi guys When will Astralis plya agian ? Is there a schedule ? :)
Havard TriHard
rapidest Yeah, hahaha those Jebaited
@Haaaavard i am not understand explain please Jebaited
7 @psyqiik TriHard
Hope thats a @psyqiik Kappa
@coldsky Title is: RERUN: Gambit vs Space Soldiers - Train - CORSAIR DreamHack Masters Marseille 2018 :)
All NA team still in tarik9 tarik9 tarik9 LUL
lets killuminati TheIlluminati
+10 incoming Jebaited
akke Kreygasm
plz Jebaited
Don't miss out on watching the event live, grab your tickets here - https://twitter.com/DreamHackCSGO/status/979377806760177664 :)
it is a run FailFish
@coldsky Title is: RERUN: Gambit vs Space Soldiers - Train - CORSAIR DreamHack Masters Marseille 2018 :)
rerun FailFish
go win faze :D
+10 mins LUL
C9 LUL
NA LUL
G2 LUL
+10 mins LUL
^^ LUL
20 minutes of talking + another 20 minutes waiting screen LUL
@allbrosd Nah im not lost LUL
No +10 Min PogChamp
poggers, this is a joke Kappa
LIVE BOIS! LUL
@ritsind you got tmed out for that? LUL
wow :D
match starts in 25 mins 4Head
10 mins LUL
Show your face Kappa
eee booooy! + 10 min LUL
so whats the countdown for? Jebaited
Classic DreamHack timer Jebaited
First 10 mins of tech pause today PogChamp
This is why DreamHack doesn't do more Majors LUL
+10 mins LUL
? Jebaited
okeh Jebaited
dota 2 earclip csgo dead game LUL
@original_Buddhapest sandstorm - darude Kappa
+10 min was supposed to start 6 min ago LUL
?? Jebaited
daily golden check Kappa
frozen countdown it was local time LUL
Nice title for stream 4Head
@original_Buddhapest tarik3 tarik4 LUL
na cs LUL
^ LUL
FaZe in 2018 LUL
Faze will choke LUL
Dreamhack timer in 2018 PogChamp
game PogChamp
60 FPS COMMERSIAL Kreygasm
stewie left sinking ship LUL
@samuel_w0w LUL
Be tyour life away LUL
"WE ARE LEGENDARY" LUL
stewie? more like snakey LUL
we are not VP :(
@JA1986R hai from germany :D
SAD KIST cmonBruh
sixer LUL
NA CS LUL
In the plane back home LUL
space soldiers didn't get their hacks so its gg LUL
@adi_d17 sould I call bully hunters? cmonBruh
sixer in 2018 LUL
NA CS LUL
Please unban Forhaten he's a good guy :(
xizt + karrigan on same team LUL
Those shit you're talking about, are you sober? WutFace
NA LUL
g2 our LUL
G2 EMO G2 TILTED G2 EMO G2 TILTED LUL
G0-2 LUL
MARSEILLE <3
EU TEETH LUL
??? VoHiYo
Ironed LUL
Don't miss out on watching the event live, grab your tickets here - https://twitter.com/DreamHackCSGO/status/979377806760177664 :)
HE DOESN'T KNOW WHAT AN IRON IS LUL
Ironed LUL
SELLOUT LUL
MASHINE Kappa
Sean Kreygasm
SEAN Kreygasm
YNK ResidentSleeper
baegares Kreygasm
seang res <3
G2 EMO G2 TILTED G2 EMO G2 TILTED LUL
SS :(
G0-2 LUL
16-1 Never Forget LUL
TYLOSE LUL
SEAN IS "HAWT" KappaPride
this dude wearing the tightest shirts, almost looks like a neoprene bodysuit LUL
SPACE SOLDIERS BTW LUL
Online Soldiers LUL
G2 BTW LUL
G2 BrokeBack
C9 ON LAN PogChamp
Last place LUL
yeah rerun Kappa
#FreeRyry share this chat BlessRNG
+10m incoming boys LUL
g2 LUL
WHERE SAD KIST cmonBruh
NiP <3
@job992 i hope c9 wins, but anyway i just want close matches and all 3 maps <3
SK IN 2018 LUL
NIP LUL
@lifeofcan Good boy NiP <3
WHAT HE SAY? DansGame
FL0M SUB BrokeBack
yeah bet on envy Kappa
Do you guys see my chat or is twitch glitched for me :(
north LUL
Can we get case ? Keepo
@ThePancakeCSGO Thanks bro BlessRNG
FNATIC NAVI PogChamp
C9 + MOUZ + NAVI + LIQUID <3
going to be a banga Kreygasm
Alguém falou benga? KappaPride
ive got $1000 on c9 PogChamp
EU LUL
I have to go to school LUL
xzist LUL
Xizt SwiftRage
9AM Germany early LUL
Xizt LUL
Tf is Faze thinking WutFace
Guardian LUL
Xizt Kreygasm
@mojoner fl0m sub PogChamp
10:00 BlessRNG
rip forhaten :(
in the near future LUL
Akke LUL
lmao 10 Jebaited
rerun LUL
+10 min +10 min +10 min LUL
ahead of schedule for once PogChamp
fretoz Jebaited
XIZT LUL
cant win a grand final LUL
FAZE <3
@Voxdalian dont be surprised when xizt bottom frags Kappa
Taco SwiftRage
so weird seeing him LUL
dat shirt PogChamp
stew BibleThump
SADO <3
@High420 Nice LUL
CS LAN PogChamp
Clown 9 FAILZ Clan LUL
Homeless 1$ shirt :(
7 TriHard
g2 LUL
g2 LUL
G2 BrokeBack
FRENCH CS LUL
G2 LUL
NV 4Head
2 BrokeBack
cs on twitch? PogChamp
faze <3
@Rarepeak nope just dead game Kappa
Nice rerun 7 TriHard
FAZE <3
G2 SUPER TEAM PogChamp
YNK LIPS Kreygasm
@bennett139 Hello Hello HeyGuys
CONTENT PogChamp
7 TriHard
WE HAVE A DREAM WE WANT TO BE A SUPERTEAM BUT WE ARE A SUPERMEME WE ARE G2 LUL
WILL YOUR TONGUE STILL REMEMBER THE TASTE OF MY LIPS? KappaPride
Xzit LUL
??? LUL
stunna PogChamp
XIZT <3
XZIST LUL
10k ppl watching major final LUL
Xist PogChamp
OMEGA LUL
sleeping in jersey LUL
Roommates KappaPride
7 TriHard
does he sleeps with faze t shirt LUL
faze forever <3
OLD FNATIC Kreygasm
Xizt KappaPride
> LuL LUL
Clap KappaPride
that smile LUL
PokWeavile KappaPride
WILL YOUR TONGUE STILL REMEMBER THE TASTE OF MY LIPS? KappaPride
jnbPride ✋ ✋ KappaPride
go win faze :D
Xizt looks like Mitchell from Modern Family LUL
no olof BibleThump
Eating breakfast in faze jerseys LUL
Richard <3
polenPride sumHassan tarikPride tarikPride sumHassan polenPride KappaPride
Choke clan LUL
it's not katowicA, it's katowicE! FailFish
faze beat everyone then lose grand final known facts LUL
@Perm Title is: LIVE: Day 2 - CORSAIR DreamHack Masters Marseille 2018 :)
NA Engtlish LUL
Flusha cheated BabyRage
HACKING MIND LUL
haHAA So funny 7 TriHard
7 TriHard
hassan ANELE
Xizt <3
HASSAN LUL
RICKE <3
Hassan LUL
swedistan LUL
WALLHACK EXE SECOND MIND LUL
Start the map BabyRage
HASSAN LUL
fluffumsie i figured 4Head
HASSAN LUL
karrigan KappaPride
HASSAN ANELE
NDA LUL
KIO LUL
Xizt PogChamp
SAVAGE LUL
TOXIC LUL
16-1 LUL
KIO PROBLEM LUL
KIO LUL
Rain BloodTrail
16-1 LUL
16-1 LUL
@Siertdevos LUL
7 TriHard
16 1 :D
KIO WAS THE PROBLEM LUL
TF IS THAT CORNY ASS MUSIC LUL
astra LUL
kio LUL
rain <3
YO TriHard
PROGRAMSTRALIS LUL
@SpeedyBlueDude that aint no usb Kappa
yo cmonBruh
@siertdevos LUL
FAZE ON CBBLE LUL
YNK ResidentSleeper
NJUK VITO BrokeBack
G2 G2 G2 StoneLightning
NA LUL
NA LUL
16K VIEWERS DEAD GAME LUL
NA 4Head
Mods banning caster memes WutFace
NA LUL
TROUBLESTONE LUL
NA LUL
FUN TIME :D
sad kist cmonBruh
bring new map please BibleThump
16K VIEWERS MAJOR FINAL DEAD GAME LUL
rain cmonBruh
c9 v faze inferno BlessRNG
@choba_navi_top_1 Cloud Doch Kappa
INFERNO LUL
i just farted and it smells like decomposing corpses :)
Inferno LUL
INFERNO LUL
MAJOR MAPS LUL
INFERNO THIRD MAP AGAIN PogChamp
INFERNO LUL
Faze on Inferno LUL
INFERNO BrokeBack
2-0 C9 OMEGA LUL
Inferno decider as always LUL
inferno LUL
inferno ResidentSleeper
INFERNO LUL
BAE GARES Kreygasm
@PissingWithForce nice name Kappa
7 TriHard
Rain in toilets KappaPride
Same major maps PogChamp
y all ban nuke FailFish
Don't miss out on watching the event live, grab your tickets here - https://twitter.com/DreamHackCSGO/status/979377806760177664 :)
FNS 200 IQ PogChamp
Hi guys just woke up from 2 year coma. So excited to see c9 with stewie2k. Where is stewie btw? :)
I MISS S A D K I S T cmonBruh
Cloud9 without stewie Kreygasm
FNS 7 TriHard
How are you doing, my fellow coutrymen? HeyGuys
rush is love <3
7 TriHard
sgares believing that c9 can win LUL
7 TriHard
SAD KIST TriHard
7 TriHard
SPAM THIS IF YOU MISS DUST-2 COMPETATIVE duDudu
watermelon brain PogChamp
cuach has a chair today LUL
7 TriHard
Mods trying to take our memes!! Fight for your freedom chat SwiftRage
no stewie no win LUL
peanut LUL
200iQ PogChamp
17K VIEWERS IN THE MAJOR FINAL DEAD GAME LUL
Why do they use a in ear over ear headset combo? cmonBruh
AUTI ALWAYS = :D
auTIMatic <3
NO FNS STATS LUL
18K VIEWERS IN THE MAJOR FINAL DEAD GAME LUL
No Olof No Olofpass LUL
Heyo! TriHard
XIZT LUL
bot doodle LUL
CHU MEAN MingLee
C9 fans think they have a chance FaZe gonna 2-0 those bots LUL
What in their armor? cmonBruh
SPAM THIS NOODLE TO HELP SKADOODLE pastaThat
18K VIEWERS IN THE MAJOR FINAL DEAD GAME LUL
0.72 LUL
XIZT <3
shroud full-time independent strimmer now 4Head
olof :(
lol Karrigan LUL
no olof no win LUL
shroud best player Kappa
forsen subs are KappaPride
NIKO HATES OVERPASS LUL
1k VIEWERS MAJOR FINALE DEAD GAME AF LUL
16-1 FRENCH CS LUL
NIK LUL
Niko & GuardiaN <3
no stewie no win LUL
Faze LUL
forsen sub in 2k18 LUL
XIZT great player LUL
NIKO ON OVERPASS LUL
16-1 LUL
xizt numba 1 LUL
KARRIGAN LUL
KDR 3 LUL
olof :(
Niko looks excited LUL
3.0 KD LUL
19K VIEWERS IN THE MAJOR FINAL DEAD GAME LUL
niko already tilted Kappa
BOSNIA CS LUL
7 7 7 7 7 TriHard
KDR 3.00 LUL
olof BibleThump
mouz without niko PogChamp
XIZT PogChamp
3.2 PogChamp
i miss sadokist LUL
3.20 PogChamp
who is this WutFace
SPAM THIS NOODLE TO HELP SKADOODLE pastaThat
xizt in 2018 LUL
AngelThump OLOF BibleThump
@hancong2001 Uptime is: 12h 20m 39s :)
@sindos3 Ty Thought it would be sth like that but i always wondered tbh :D
Carrygan Kreygasm
Sado did nothing wrong TriHard
rain LUL
XIST SeemsGood
SPAM THIS NOODLE TO HELP SKADOODLE pastaThat
Olof BibleThump
SPAM pastaThatpastaThat THIS NOODLE TO HELP SKADOODLE pastaThat
1.89 PogChamp
SPAM THIS NOODLE TO HELP SKADOODLE pastaThat
beard Kreygasm
4 0 :D
G 0-2 LUL
4 Kreygasm
4 KDR PogChamp
don't say rain's last name in chat chat NotLikeThis
SPAM THIS NOODLE TO HELP SKADOODLE pastaThat
4 PogChamp
4:00 PogChamp
sado <3
4 PogChamp
G 0-2 LUL
not a single girl professional player womens rights LUL
Bot xizt NotLikeThis
4.0 PogChamp
SPAM THIS NOODLE TO HELP SKADOODLE pastaThat
4kdr LUL
4 4Head
20k viewers csgo is dead LUL
Guardian washed up Kappa
up i go Kappa
Guardian copying Autimatic’s mannerism LUL
fazeclan cmonBruh
7 TriHard
14 TriHard
Faze Up LUL
4 MINUTE DELAY DansGame
21K VIEWERS IN THE MAJOR FINAL DEAD GAME LUL
Faze EU LUL
CHOKE POINTS SoBayed
faze down LUL
no stew no win no olof no win LUL
SCRIPTED LUL
FaZe choking PogChamp
7 TriHard
FAZE LEFT LUL
cmon start already cmonBruh
START GAME PL0X 4Head
5000 IQ PogChamp
Scripted Kappa
5000 IQ LUL
ESPN YANKO LUL
500 IQ 4D CHESS LUL
5000 IQ PogChamp
ynk LUL
UNDERWATER CHESS PogChamp
5000 PogChamp
5000 IQ LUL
FNS 4D CHESS PRO: LUL
hahhaha savage LUL
Only 20k viewers on major final???? :(
5000 IQ PogChamp
5000iq LUL
5000 IQ PogChamp
FNS LUL
YNK LUL
OMG WTF LUL
6D Chess PogChamp
5000 IQ CoolStoryBob
HE DESTROYED G2 CHANCES TOO DAMN YOU FNS FeelsBadMan BibleThump
AN INDIAN CSGO PLAYER LUL
OMEGA LUL
5000IQ LUL
HE WAS NUMBER ONE SabaPing
7 TriHard
botdoodle BrokeBack
UNLEASH THE DRAGON LUL
UNLEASH SKADOOOOOODLE LUL
SPAM THIS NOODLE TO HELP SKADOODLE pastaThat
UNLEASH Kreygasm
SKA IS BOT OMEGA LUL
FNS Kappa
unleash skadaddy Kreygasm
YOU KNO, YOU KNO ResidentSleeper
FNS? MORE LIKE POOPNS LUL
5000 IQ PogChamp
GOD FNS LUL
SPAM THIS NOODLE TO HELP SKADOODLE pastaThat
7 TriHard
ME HOY MENOY SabaPing
SPAM THIS NOODLE TO HELP SKADOODLE pastaThat
FNS Pride TriHard
FNS ON ADDERALL LUL
i lost DA WEY can someone SHOW ME DA WEY ? BibleThump
SPAM NOODLE TO UNLEASH SKADOODLE pastaThat
SPAM THIS NOODLE TO HELP SKADOODLE . pastaThat
SPAM THIS NOODLE TO HELP SKADOODLE pastaThat
cloud9 in 2k18 LUL
SPAM THIS NOODLE TO HELP SKADOODLE pastaThat
SPAM THIS NOODLE TO HELP SKADOODLE pastaThat
SPAM THIS NOODLE TO HELP SKADOODLE pastaThat
- i lost DA WEY can someone SHOW ME DA WEY ? - BibleThump
SPAM THIS NOODLE TO HELP SKADOODLE . . pastaThat
MEEP SabaPing
SPAM THIS NOODLE TO HELP SKADOODLE pastaThat
SPAM THIS NOODLE TO HELP SKADOODLE pastaThat
NA CS LUL
SPAM THIS NOODLE TO HELP SKADOODLE pastaThat
FNS BLOODSHOT EYES TAKING ADDY LUL
YNK TRAITOR!!! 7 TriHard
SPAM THIS NOODLE TO HELP SKADOODLE pastaThat
that just tells you there is no reason to take all this talk seriously LUL
betrayal LUL
SPAM THIS NOODLE TO HELP SKADOODLE pastaThat
rip c9 LUL
Curse LUL
FNS POOPING ON OPPONENTS LUL
sean :(
machine converted now we Jebaited
SPAM THIS NOODLE TO HELP SKADOODLE pastaThat
clown9 LUL
c9 PogChamp
cursed 9 :(
C9 Kreygasm
Curse LUL
7 TriHard
cloud 9 <3
CLOWN9 LUL
C9 fans LUL
7 TriHard
CLOWN 9 LUL
plenty of clowns LUL
M THIS NOODLE TO HELP SKADOODLE . . pastaThat
GOOD LUCK FAZE <3
WHY DOES CASTER LOOK LIKE TriHard
twitch chat LUL
BOTNIKO 7 TriHard
M THIS NOODLE TO HELP SKADOODLE . . pastaThat
YNK PRAISING NIKO PogChamp
spam this blaze to help out faze CurseLit
SCRUB C9 FANS LUL
3.66 LUL
It's only 1 AM LUL
FAZE UP LUL
3.66 LUL
start :)
Spam this blaze to help out Faze CurseLit
SPAM THIS NOODLE TO HELP SKADOODLE pastaThat
SPAM THIS NOODLE TO HELP SKADOODLE pastaThat
@drewsguard thx ! :D
Turok subs TriHard
Don't miss out on watching the event live, grab your tickets here - https://twitter.com/DreamHackCSGO/status/979377806760177664 :)
SPAM THIS NOODLE TO HELP SKADOODLE ,,, pastaThat
7 7 7 TriHard
an an and mo mo LUL
NA PJSalt
Lil Moe Moe LUL
creamy moses Kreygasm
SPAM THIS NOODLE TO HELP SKADOODLE , pastaThat
? HotPokket
Anders PogChamp
SPAM THIS NOODLE TO HELP SKADOODLE ,,, pastaThat
SPAM THIS NOODLE TO HELP SKADOODLE pastaThat
i missed semmler Kappa
7 TriHard
Creamybears KappaPride
PATRIARCHY?! HotPokket
@davethebarbarian1 Uptime is: 12h 27m 50s :)
SPAM THIS NOODLE TO HELP SKADOODLE , pastaThat
GGXGANG 7 TriHard
CREAMY BEARS PogChamp
Choke9 PogChamp
PATRIARCHY HotPokket
FNS IS ANELE
nice music LUL
S A D 7 I S T TriHard
WILL YOUR TONGUE STILL REMEMBER THE TASTE OF MY LIPS? KappaPride
epic music PogChamp
that music timing with valens LUL
C9 happy now 4Head
monkaS PogChamp
1 2 LUL
prius HeyGuys
F0rsen > Greek > Tyler 7 TriHard
oh no they're in content mode WutFace
fns LUL
cs go is dead 25k viewers C9 Vs Faze LUL
Fns WutFace
Clap ANELE
C9 LUL
xizt KappaPride
HYPE PogChamp
faze jerseys DansGame
kkkkkk fns LUL
music Kreygasm
Xizt KappaPride
7 TriHard
ggx banned phrase here DansGame
TURKEY CS LUL
FNS CAP GOD PogChamp
14 TriHard
7 TriHard
Clap 4Head
-stew +fns LUL
HYPE HYPE HYPE HYPE PogChamp
7 TriHard
FNS NEED SLEEP ResidentSleeper
go win faze :D
POGGERS TTours
GGX 7 TriHard
SPAM THIS NOODLE TO HELP SKADOODLE pastaThat
SPAM THIS NOODLE TO HELP SKADOODLE pastaThat
7 TriHard
EZZ LUL
16-0 PogChamp
NiKo LUL
nothing in site LUL
16;0 Kappa
SUPER TEAM LUL
LMAO FAZE ON OVERPASS LUL
#1 Team BTW EU BTW LUL
NA PogChamp
SPAM THIS NOODLE TO HELP SKADOODLE pastaThat
FNS ANELE
EU CS LUL
Faze in 2018 LUL
VALENS Kreygasm
5000IQ PogChamp
16-1 Kappa
nova LUL
hdc RIP BibleThump
XIZT WAS THE SOLUTION LUL
NOVA PogChamp
NOVE LUL
supers1mple LUL
nova LUL
Nova LUL
TILTED ALREADY LUL
Nova LUL
GODIAN WITH A NOVA LUL
SPAM THESE COOKIES FOR FAZE TO BEAT THE ROOKIES NomNom
Gg 16-0 LUL
NOVA LUL
NOVA LUL
Thats the third map @Voxdalian :)
NOVA LUL
NOVA LUL
TILT ALREADY LUL
FNS BRINGING THE NA ERA TO REALITY LUL
Godian Nova New rank LUL
????????? LUL
FAZEUP PogChamp
SPAM THIS NOODLE TO HELP SKADOODLE pastaThat
ECOD LUL
NOVA IS THE NEW AWP LUL
ECO'D LUL
ECOED LUL
HAHAHHA, BOT CLOUD 9 LUL
rekt LUL
NA CS LUL
ECOD LUL
NA LUL
16-1 LUL
SPAM THIS NOODLE TO HELP SKADOODLE pastaThat
ECO'D LUL
1-16 LUL
TIMING LUL
OOOOOOOOF! LUL
TIMING LUL
TIMING LUL
TIMING LUL
TIMING LUL
TIMING LUL
TIMING LUL
Timing LUL
Timing LUL
TIMING LUL
timing BibleThump
TIMING LUL
timing LUL
TIMING LUL
ECO-ED LUL
timing LUL
TIMING LUL
CHAT WHAT YOU ON ABOUT LUL
TIMING LUL
TIMING LUL
Xizt LUL
hypnotic PogChamp
Xizt Nova LUL
SKIDOODLE SKIDADDY SKISMALLDICKY :D
CHAT CHAT CHAT SoBayed
XIZ T LUL
SKA Kreygasm
niko :(
FAZE LUL
EU CS LUL
CHAT CHAT SoBayed
lirik raid TriHard
CHAT SoBayed
SPAM THIS NOODLE TO HELP SKADOODLE pastaThat
SKA <3
FAZE DOWN LUL
STIWI :(
16-0 INCOMING LUL
LIRIK RAID ResientSleeper LIRIK RAID ResidentSleeper
NA FLASH LUL
team flash LUL
fns 200 iq dodging the stack LUL
team flash LUL
EU CS #1 Team BTW LUL
NA Flash LUL
@zemie NT LUL
FNS 50000IQ PogChamp
NA Flash LUL
LIRIK RAID LIRIK RAID ResidentSleeper
RAIN = BUDGET FER LUL
auti LUL
auti LUL
FNS ANELE
save MAC LUL
USP Save LUL
BOMB KILL LUL
NIKO SwiftRage
xD save the usp bois LUL
USP save NotLikeThis
FNS LUL
CSGO'D LUL
GO FAZE GO <3
eZaF LUL
SKADOODLE LUL
@i_say_cyka_you_say_blyat bylat Kappa
havard TriHard
2-0 BibleThump
DEAD GAME - 30000 MAJOR FINAL VIEWERS Kappa
@MazyModz LEECH LUL
Faze win 4Head
30000 VIEWERS MAJOR FINAL Kappa
FNS STRATS LUL
C9 LUL
good :D
NA CS NA CS LUL
FNA LUL
16-3 LUL
DOC SUBS Jebaited
CLOWN9 LUL
5000 IQ LUL
CLOWN 9 LUL
20IQ NA BRAIN FNS LUL
Choke9 LUL
finesse LUL
NA CS LUL
F NA S IGL LUL
NA strats LUL
SPAM THIS NOODLE TO HELP SKADOODLE pastaThat
FNS 5000IQ PogChamp
16-3 LUL
SPAM THIS NOODLE TO HELP SKADOODLE pastaThat
SPAM THIS NOODLE TO HELP SKADOODLE pastaThat
SPAM THIS NOODLE TO HELP SKADOODLE pastaThat
fns cz LUL
SPAM NOODLE to the lo Skadoodle FUCK DoritosChip
5000 iq? more like .5 IQ LUL
na strats LUL
olofmeister vac ban check hltv PogChamp
greek subs OpieOP
EU is so ba... wait let me take a breath EU is s... i need to take another one fk give me another burger OpieOP
EU is so ba... wait let me take a breath EU is s... i need to take another one fk give me another burger OpieOP
#2 LUL
niko LUL
SPAM THIS NOODLE TO STOP SKADOODLE pastaThat
SPAM THIS NOODLE TO HELP SKADOODLE pastaThat
SKADADDY PogChamp
EU CS TRASH LUL
FeelsBadMan TTours
SPAM THIS NOODLE TO HELP SKADOODLE ,,, pastaThat
SPAM THIS NOODLE TO HELP SKADOODLE pastaThat
SPAM THIS NOODLE TO STOP SKADOODLE pastaThat
SKA DOODLE pastaThat
Not a 1G BabyRage
SPAM THIS NOODLE TO STOP SKADOODLE pastaThat
5000IQ LOSE ROUND TO RESET FAZE GOD FNS 4D STRATS LUL
SPAM THIS NOODLE TO HELP SKADOODLE pastaThat
FAZE UP LUL
SPAM THIS NOODLE TO STOP SKADOODLE pastaThat
SPAM THIS NOODLE TO HELP SKADOODLE pastaThat
FN BOT S CAN'T PICK UP THE AWP LUL
SPAM THIS NOODLE TO STOP SKADOODLE pastaThat
NIKO LUL
TARIK LUL
SPAM THIS NOODLE TO HELP SKADOODLE pastaThat
SPAM THIS NOODLE TO HELP SKADOODLE pastaThat
TUROK LUL
TUROK LUL
USP'D LUL
5000IQ LOSE ROUND TO RESET FAZE GOD FNS 4D STRATS LUL
TUROK LUL
TARIK LUL
usp > AK LUL
TUROK LUL
peanut LUL
TAROK LUL
TUROK LUL
TARIK LUL
PEANUT BRAIN LUL
peanut 4Head
omg LUL
PEANUT BRAIN LUL
CONTENT LUL
TARIK AND NIKO WHAT WAS THAT LUL
TUROK LUL
NA BRAIN LUL
TARUK LUL
Tarik FailFish
ta k LUL
tarik WutFace
LAMO LUL
C9 moses LUL
ace LUL
ace stolen LUL
niko 4Head
Same Spot LUL
C9 ERA PogChamp
7 TriHard
NIKOMEISTER LUL
xizt boosting faze LUL
ECO FRAGS PogChamp
new boost? LUL
7 TriHard
7 TriHard
Lose to usp LUL
SPAM THIS NOODLE TO STOP SKADOODLE pastaThat
O_o B)wawa qaa B)
autoidiotkidomg SabaPing
VAC-NET > VAC PogChamp
toilet DansGame
SPAM THIS NOODLE TO HELP SKADOODLE pastaThat
SPAM THIS NOODLE TO HELP SKADOODLE pastaThat
SPAM THIS NOODLE TO HELP SKADOODLE pastaThat
Toilet LUL
SPAM THIS NOODLE TO HELP SKADOODLE pastaThat
THIS IS MAJOR FINAL LUL
NICE BAIT FNS LUL
NOW THAT'S A CUTE BEGWAN BegWan
NIKO TILTED LUL
Supp TriHard
Niko LUL
@tomaj2290 its bo3 dude :)
NIKO LUL
Spam This Fish To Help FaZe SabaPing
throw LUL
niko LUL
XIZT LUL
niko LUL
Niko LUL
36 000 viewer on a major Death Game LUL
7 TriHard
N K O LUL
SPAM THIS NOODLE TO HELP SKADOODLE pastaThat
3: SKADADDY10:19Camawichf: SPAM THIS NOODLE TO STOP SKADOODLE pastaThat
NiKo LUL
N1K LUL
SPAM THIS NOODLE TO HELP SKADOODLE pastaThat
DEEP Kreygasm
God SKA PogChamp
SPAM THIS NOODLE TO STOP SKADOODLE pastaThat
nt :D
SPAM THIS NOODLE TO HELP SKADOODLE pastaThat
SKA Kreygasm
SKADADDY PogChamp
SPAM THIS NOODLE TO HELP SKADOODLE pastaThat
SPAM THIS NOODLE TO STOP SKADOODLE pastaThat
SKADADDY PogChamp
SKADADDY PogChamp
SPAM THIS NOODLE TO HELP SKADOODLE . pastaThat
JUST GET A KIT LOOOOOOOOOOOOOOOL 4Head
SKADADDY <3
SKADADDY THE FAZE SLAYER LUL
GG LUL
no kit BibleThump
Stewie2k was the problem 4Head
CLUTCH PLAY Kappa
loooool 4Head
NA ResidentSleeper
SPAM THIS NOODLE TO HELP SKADOODLE pastaThat
STRONG HAND >(
IF YA DONT DEFUSE YA LOSE 4Head
SPAM THIS NOODLE TO HELP SKADOODLE pastaThat
FAZE ERA LUL
SPAM THIS NOODLE TO HELP SKADOODLE pastaThatSPAM THIS NOODLE TO HELP SKADOODLE pastaThat
CALL OFF THE GAME STEWIE JUST TWEETED HE WANTS TO COME BACK TO C9 NotLikeThis
IF YA DONT DEFUSE YA LOSE '; 4Head
SPAM THIS NOODLE TO HELP SKADOODLE pastaThat
SPAM THIS NOODLE TO HELP SKADOODLE pastaThat
NA event 36k viewers LUL
SPAM THIS NOODLE TO HELP SKADOODLE pastaThat
NIKO LUL
FAZE LUL
NIKO LUL
HACKS THATS WHY Kappa
NIKO LUL
BOT NIKO LUL
TUROK LUL
deagle 4Head
NIKO LUL
SPAM THIS NOODLE TO STOP SKADOODLE pastaThat
EZ LUL
Niko NotLikeThis
EU event 36k LUL
NIBOT LUL
spam this noodle to help Skadoodle pastaThat
NOT LOOKING GOOD IS IT LUL
FAZE TOP 1 BTW LUL
EU? EU? EU? EU? SoBayed
OOF PogChamp
OLOF WAS THE PROBLEM LUL
7-1 LUL
calling it out of it at 6-1 wat LUL
BRA71L PogChamp
BRA71L PogChamp
EU CS LUL
BRA71L PogChamp
WTF PogChamp
RAIN PogChamp
BRA71L = STEWIE2K LUL
BRA7-1L PogChamp
BRA71L Kreygasm
BRA71L LUL
BRA7-1L BRA7-1L BRA7-1L BRA7-1L BRA7-1L LUL
trash clan LUL
C9 VS RAIN PogChamp
XIZT WAS THE SOLUTION LUL
olof was the problem 4Head
NIKO PLS FailFish
BRA71L LUL
veľký muž :)
Rain Kreygasm
rain TriHard
BRA71L LUL
RIP LUL
EU PRODUCTION LUL
MASSIVE LUL
SAVED SeemsGood
go home faze PunchTrees
ads LUL
G Kappa
