@DreamHackCS YES duDudu
@Cent VoteYea
Corsair LUL
@DreamHackCS Old but gold :D
@javeliN12 FailFish
faze overrated LUL
@ekuc there's the dududududud ;)
wowww Kreygasm
30 year old game 4Head
BatMan PogChamp
C9 Underrated FaZe Overrated LUL
TY LUL
dolaar @noixiousxv SeemsGood
Nova 2 “high ranked” LUL
hype PogChamp
Gold nova is pro right Kappa
EZ NIP <3
🎸 SwiftRage
nip lul LUL
do they even lift mate BibleThump
NIP LUL
NIP LUL
Don't miss out on watching the event live, grab your tickets here - https://twitter.com/DreamHackCSGO/status/979377806760177664 :)
wrinkly WutFace
G2 :(
sean " " gares KappaPride
g2 in home LUL
sean <3
$10 SHIRT LUL
I mean MGE is pro right Kappa
SPAM THIS NOODLE TO HELP SKADOODLE pastaThatSPAM THIS NOODLE TO HELP SKADOODLE pastaThat
VP LUL
Seang res <3
LOst to VP 4Head
this has to be the most low grade copy pasta i've ever seen LUL
NOVA 2 LUL
VP LUL
faze losing to vp 2-0 and now to fns 2-0 LUL
SEAN go play #love! :D
zac efron in the middle of the desk !? wow !? Kappa
this has to be the most low grade copy pasta i've ever seen LUL
WHO ELSE IS GN1 LUL
if you haven't been playing cs since it was first released as a mod for half life, gtfo please 4Head
7 TriHard
who is this guy DansGame
@ftpcsgo I'm s3 LUL
this has to be the most low grade copy pasta i've ever seen LUL
ANY IN HERE ? TriHard
C9 won!? Stewie was the problem LUL
silver in 2018 LUL
minecraft better than CSGO SSSsss
G2 BEST TEAM FRECH LUL
g2 alway lost to champion, envyus champion ? LUL
FRESH PRINCED Jebaited
7 TriHard
10000 Kappa
Yes right here 7 TriHard
10000 10000 Kappa
7 TriHard
forsenX forsenBee TriHard
7 TriHard
FATBERG LUL
friberg BibleThump
TENNIS LUL
7 TriHard
Clap OpieOP
i mean gn is almost pro right Kappa
E U MUSIC LUL
Can’t delete me TriHard
MOUZ LUL
starting game ResidentSleeper
timed out for saying what host said LUL
@imakegodscry KappaPride
@imakegodscry LOLOLOLO :D
start ffs NotLikeThis
I'm gold nova 2 and I should be silver Stay mad Golds LUL
Yanko sign my profile :D
jfoxWhip TriHard
SK GAMING LUL
VALIANCE LUL
@Waystedyou ESL and Dreamhack mods are communists who time out some ppl but others who said the same are not timed out FailFish
@PettyGamingYT it's ok <3
IM GLOBAL ELITE IN ROBLOX CSGO I SHOULD BE ABLE TO VOTE DansGame
SK BloodTrail
SK LUL
SK in 2k18 LUL
sk in 2k18 LUL
SK LUL
sk LUL
SK <3
SK <3
SK LUL
SK LUL
2K LUL
SK LUL
Ninjas a cool streamer :)
sk <3
SK 2018 LUL
SK OMEGA LUL
SK <3
FAZE LUL
masters of the game? cmonBruh
sk favorites LUL
SK more like 2K LUL
SPAM THIS CHIP TO HELP NIP DoritosChip
masters PogChamp
FAZE LUL
CHRIS J LUL
OnlineJ PogChamp
legend Kappa
GOD J PogChamp
ONLINE J LUL
benchJ LUL
bad since 1.6 LUL
High as fuck LUL
Chris J masters? LUL
ONLINEJ LUL
J LUL
i know diz guy benchJ onlineJ godJ PogChamp
SCOUT J PogChamp
Ninja is a greater streamer :)
ONLINEJ PogChamp
@scimitar96 you mean we wont be disappointed like his wife was? LUL
Valiance LUL
KAASKOPPEN UNITE SwiftRage
DEVIL LUL
dont know what im doing LUL
I DONT KNOW WHAT IM DOING LUL
ldlc LUL
gretzky PogChamp
sounds just like me LUL
was LUL
opponents was LUL
JUST SHOOT LOOOOOL 4Head
wat a clutch <3
Semmler BibleThump
HEEEUJ HOLLAND! TWEXIT SwiftRage
Just don't die--So EZ 4Head
Semmler <3
dignitas kjaerbye LUL
LDLC BibleThump
MEMORIES BibleThump
2016 LUL
try to shoot 4Head
MSL LUL
Semmler BibleThump
Semmler moved on to a better game <3
DIGNITAS LUL
lanJ PogChamp
NIKO LUL
Niko PogChamp
dignitas LUL
Niko BibleThump
LEGENDE MAAnnnn ihr mäuler LUL
NIKO LUL
> <3
CHOKO LUL
GodJ PogChamp
Niko LUL
Niko engrish LUL
FAZE UP BTW haHAA LUL
OSKAR bleedPurple
NIKOsports LUL
too soon BibleThump
FeelsBadMan AngelThump BibleThump
niko stuck in faze after being stuck in mouse BibleThump
Niko was the problem BibleThump
PISSJ Kappa
GORDON FREEMAN LUL
> BibleThump
Just a friendly reminder chat that NO ONE cares what your rank is in csgo JUST ENJOY the show :)
nice london LUL
oskar interview PogChamp
oskar speaks PogChamp
why is this so sad? LUL
> WutFace
KAASKOPPEN UNITE SwiftRage
NIP got this <3
graffitJ BrokeBack
SO MUCH PINK KappaPride
@Krizism DansGame
🎸 SwiftRage
chrisj logic LUL
master PogChamp
@dolaar Twente fan spotted cmonBruh
🎸 SwiftRage
so humble PogChamp
master PogChamp
@Lyyti25 / Kappa
2014 LUL
IBP LUL
iBP LUL
IBP LUL
@Krizism twente LUL
IBP LUL
iBP LUL
IBP LUL
IBP LUL
iBP LUL
ibP? LUL
Mykonos to Major CurseLit
IBP LUL
arrogant to call yourself masters. humble. PogChamp
IBP NA FIXERS LUL
ITHROWSKINS Kappa
🤘 🎸 SwiftRage
IBP LUL
IBP in 2018 PogChamp
MOUSESPORTS WITHOUT NIKO = WIN LUL
AWPJ PogChamp
All highlights from 2015 LUL
IBP LUL
IBP LUL
IBP OMEGA LUL
DUTCH POWER PogChamp
ibp LUL
CHRISJ <3
IBP OMEGA LUL
IBP LUL
ibp LUL
IBP LUL
I BUY POWER PogChamp
Nerds LUL
IBP LUL
master LUL
Bae Gares on Cam Kreygasm
2014 highlights LUL
I BAN POWER LUL
IBP LUL
Where's Sadokist? Did he get fired? LUL
Space soldiers LUL
@dolaar u wish :)
@JnastyIsAScrub cmonBruh
2014 highlists FUNNY LUL
All the way back when you were relevant LUL
sado TriHard
Clap TriHard
mousesports with niko = lose LUL
IBP NA MATCH FIXERS CARRIER END BECAUSE OF PIXELS LUL
Summer BibleThump
YNK ResidentSleeper
and i got banned for few mins for typing this 3 times like wtf brruuuuuh CoolStoryBob
semphis LUL
SEIZED LUL
Y A N K ResidentSleeper
sgares bae <3
@duact CoolStoryBob
sado fired BibleThump
clap TriHard
Sean Kreygasm
Sado and Thorin gone from Pro Scene :)
@OfficialFriberg LUL
@sadokist 7 TriHard
@OfficialFriberg LUL
@OfficialFriberg 7 TriHard
@OfficialFriberg PogChamp
@OfficialFriberg friberg Kreygasm
@OfficialFriberg LUL
@OfficialFriberg PogChamp
@OfficialFriberg LUL
spam this fist to free sadokist Poooound
@OfficialFriberg LUL
@officialfriberg 7 TriHard
@OfficialFriberg LUL
@OfficialFriberg HeyGuys
Friberg LUL
@dolaar SabaPing
> LUL
@OfficialFriberg cmonBruh
Beta LUL
@OfficialFriberg LUL
FRIBERG PogChamp
Bunch of beta males 4Head
@OfficialFriberg OMEGA LUL
@BLAST178 u KappaPride
@OfficialFriberg HI DAD BibleThump
@OfficialFriberg LUL
Nice ironed shirt LUL
@OfficialFriberg :D
OfficialFriberg cmonBruh
jfoxWhip TriHard
@OfficialFriberg LUL
alpha males LUL
@OfficialFriberg PogChamp
@OfficialFriberg :)
@OfficialFriberg LUL
NUKE PogChamp
@OfficialFriberg POGGERS :)
@OfficialFriberg PogChamp
nuke WutFace
@OfficialFriberg PogChamp
@OfficialFriberg Tjena from Norway :D
NUKE DansGame
NUKE ResidentSleeper
Nuke LUL
@OfficialFriberg Lets gooo PogChamp
WHY WOULD YOU BAN COBBLE AGAINST MOZ LUL
this is now friberg chat Kappa
Nuke Finally Kreygasm
nuke WutFace
nuke TriHard
GODBERG PogChamp
@OfficialFriberg Du spelar bästa bara i världen PogChamp
Nuke ResidentSleeper
@OfficialFriberg stop playing with racists Kappa
@OfficialFriberg <3
Drillberg in chat PogChamp
Don't miss out on watching the event live, grab your tickets here - https://twitter.com/DreamHackCSGO/status/979377806760177664 :)
NA UKE WutFace
NUKE ResidentSleeper
@Matte9605 It was always Frieberg's chat Kappa
@OfficialFriberg NiP 16-0 :)
PRODUCTION LUL
I AM SILVER and i can still talk LUL
Sgares <3
Nuke PogChamp
being silver in 2k18 LUL
RYZEN 7 2700X PogChamp
@OfficialFriberg <3
nuke PogChamp
OVER ... PASS ResidentSleeper
YNK ResidentSleeper
nuke PogChamp
golden nova in 2k18 LUL
> PRODUCTION LISTENS PogChamp
Nuke ResidentSleeper
YNK CoolStoryBob
@sengzai322 Kappa
SEAN IS SO HOT <3
VP LUL
2nd LUL
200 word essay due tomorrow but im watching DreamHack NotLikeThis
NUKE PogChamp
VP LUL
being BoomEdits in 2018 LUL
MOUSE VP 16-3 PogChamp
VP LUL
GOOD MAPS FINALLY Kreygasm
VIEIRAIN PogChamp
2nd PogChamp
VP LUL
VP OMEGA LUL
VP LUL
@ansz1 LUL
62 ADR LUL
saying Kid DansGame
muh CS rank matters BabyRage
50 yo LUL
Cheat BabyRage
sadokist LUL
VP double boost LUL
CHEATER! BabyRage
mouz without niko= win LUL
MOUZ 2ND BEST TEAM? ROFL LUL
Sounds like typical cs players tbh TriHard
he's cheating BabyRage
ROPZ BabyRage
if you disagree, say who's better FailFish
55.7 LUL
I WANT DROP :D
Salty pros blame for cheating LUL
55.7 ADR LUL
styko <3
0.72 LUL
? WutFace
STYKOS STATS LUL
IM A GN2 THATS ALMOST PRO RIGHT??? Kappa
PAPA J PogChamp
if you are not out of highschool please dont shitpost in chat BabyRage
Sunny PogChamp
LET'S GO NIP <3
SK OMEGA LUL
NiP <3
GN2 High rank LUL
DRAKEN LUL
North LUL
N RTH LUL
NIP LUL
NIP <3
north LUL
ESL LUL
he has forest on his face LUL
SK LUL
f0rest <3
@m4thias94 KappaPride
SK LUL
VACEN PogChamp
Ballsy KappaPride
REZ so handsome Kreygasm
Draken don't whiff shots today BlessRNG
NORTH TIER 3 LUL
// KappaPride
DRAKEN <3
drak0k0 <3
2.45 PogChamp
JDM PogChamp
Bandana LUL
2.45 PogChamp
Bandana LUL
40k viewes ResidentSleeper
Draken PogChamp
Draken KappaPride
RAMBO LUL
2.45 Kappa
draken <3
RAMBO 4Head
DRAKEN BANDANA <3
roleplay VoHiYo
RAMBO PogChamp
bandana? cmonBruh
SO SEXY Kreygasm
dennisBEAST <3
RECKEN!!! PogChamp
jdm LUL
SVERIGE PogChamp
JDM BANDANA PogChamp
2.45 KD PogChamp
bandana?? LUL
paul walker PogChamp
Dennis Kreygasm
@obama PogChamp
dennis <3
Hiding hairline LUL
GuT_RiGhT Kappa
dennis Kreygasm
R IS KappaPride
JDM BANDANA > DRAKEN BANDANA LUL
ninjas in bandannas LUL
1.6 <3
KOM IGEN NU WILLIAM <3
GOAT of CS Kreygasm
GET RIGHT NIP <3
gtr PogChamp
FOREST PogChamp
GoD_RiGhT PogChamp
nip 2k18 LUL
GoD_RiGhT 2013 :)
Leyends of CS Kreygasm
SPAM THIS NOODLE TO HELP SKADOODLE pastaThatSPAM THIS NOODLE TO HELP SKADOODLE pastaThat
Legends ResidentSleeper
68.7 LUL
KDR LUL
LEGGO NIP PogChamp
vintage GeT_RiGhT PogChamp
SPAM THIS NOODLE TO HELP SKADOODLE pastaThat
FOREST PogChamp
PITA LUL
SPAM THIS CHIP TO HELP NIP DoritosChip
!Forsen Kappa
mouz TriHard
@DreamHackCS PAPA SEAN Keepo
girls CS LULgirls CS LUL
RIPNIP LUL
nip fans LUL
nip fangirls typing !nip LUL
nip DoritosChip
EASY NIP < 3 <3
CAPS PJSalt
@gamerchick7877 Uptime is: 2h 30m 6s :)
Get_rekt BibleThump
Gares LUL
WENGER TO COACH C9 PogChamp
SPAM THIS CHIP TO HELP OUT NIP DoritosChip
MAN UNITED LUL
SPAM THIS CHIP TO HELP THE NIP DoritosChip
!nip SÅKLART <3
SPAM THIS NOODLE TO HELP SKADOODLE pastaThat
one more "XD" or "POGGERS" and I'm done DBstyle
SPAM THIS CHIP TO HELP NIP DoritosChip
baegares <3
MOUZ VoHiYo
cursed NotLikeThis
machine nip LUL
PANEL CURSE LUL
NIP 60 LUL
WENGER IN POGGERS 4Head
SK LUL
60 LUL
EZ for nip LUL
so ez nip Kappa
SPAM THIS CHIP TO HELP NIP DoritosChip
WENGER OUT!! KappaRoss
WENGER OUT LUL
!VirtusPro LUL
NIP <3
2 EZ 4 Mau5
OnFireManders CurseLit
RIGGED VOTE LUL
NIP LUL
anders LUL
LIVERPOOL WILL WIN THE UCL LUL
anders <3
Moses and Anders <3
no hair LUL
BULLY ANDERs LUL
hype for nuke LUL
Anders LMAO LUL
shiny head EleGiggle
BAYERN WILL WIN THE CL LUL
SIR ALEX FERGUSSON ANYONE ? LUL
FREE SADOKIST BibleThump
P G G E R S LUL
WE MATTER BibleThump
anders :)
nuke against mouz LUL
wtf WutFace
7 TriHard
Starbucks cmonBruh
Sean Gares is always welcome here KappaPride
@ekuc WELCOME :)
baldie LUL
KEYBOARD LUL
BAYERN WINS THE CL LUL
sounds like dr. who music LUL
@OfficialFriberg LUL
@OfficialFriberg PogChamp
@OfficialFriberg PogChamp
@OfficialFriberg BlessRNG
@morsan HeyGuys
@officialfriberg HeyGuys
@draitgamer thank you SeemsGood
@Partyfuchs10 you right about that bro <3
i love how they are milkking 46k views for 40min untill the game starts Kappa
@OfficialFriberg BlessRNG
@OfficialFriberg HeyGuys
friberg in chat LUL
@OfficialFriberg HeyGuys
friberg BibleThump
@OfficialFriberg BlessRNG
bring sado back :(
FREEBURGUER BlessRNG
Draken don't whiff shots today BlessRNG
EZ NIP <3
bring back old nuke BibleThump
@OfficialFriberg your team lost :D
ropz's eyes WutFace
STONEFACE GODSKAR Kreygasm
@OfficialFriberg BlessRNG
draken LUL
NINJA SUBS LUL
friKing friKing friKing friKing friKing friKing friKing BlessRNG
@OfficialFriberg HeyGuys
@OfficialFriberg <3
clap clap FUNgineer
DRAKEN <3
@OfficialFriberg BlessRNG
lets go nip nexuss2Face <3
@officialfriberg <3
Get_Right will always be MY star <3
@OfficialFriberg HeyGuys
Daddy Draken <3
Draken looks weeaboo LUL
LGBT PogChamp
banned? ANELE
@thekaffekopp WENGER OUT!!!! WutFace
DENIED LUL
DENIED LUL
Faze down LUL
@OfficialFriberg we u <3
DENIED LUL
SELF DENIED LUL
DENIED x2 LUL
DENIED LUL
SPAM THIS CORN TO HELP NIP PERFORM PopCorn
@OfficialFriberg Whos gonna win Friburger? LUL
lanJ SwiftRage
DRAKEN VoHiYo
it was on purpose you plebs FailFish
2013 chat was 8 years old PogChamp
VERYGAMES BibleThump
actually on time PogChamp
NUKE WutFace
Nuke LUL
dennis LUL
ROLEX LUL
@OfficialFriberg hej hej :D
dennis LUL
pistol god LUL
NUKE WutFace
Don't miss out on watching the event live, grab your tickets here - https://twitter.com/DreamHackCSGO/status/979377806760177664 :)
NIP LUL
Dennis LUL
nuke <3
SPAM THIS CHIP TO HELP NIP DoritosChip
gg :)
SPAM THIS NOODLE TO HELP SKADOODLE pastaThatSPAM THIS NOODLE TO HELP SKADOODLE pastaThat
👉 🚪 MODS OUT PunOko
EZ Kappa
5-7 PogChamp
👉 🚪 MODS OUT PunOko
RIP SMGS LUL
WENGER OUT !! KappaRoss
RIP LUL
good :D
NIP in Nuke PogChamp
@bauszfps Käft Bausz <3
@Edward_Blom1 HeyGuys
NIP in any map LUL
nuke KappaRoss
@morsaN <3
SPAM THIS NOODLE TO HELP SKADOODLE pastaThatSPAM THIS NOODLE TO HELP SKADOODLE pastaThat
TeamFearTWD TeamTWD OSSmooth
@muck_fods who hurt u BibleThump
NUKE 4Head
SPAM THIS NOODLE TO HELP SKADOODLE pastaThatSPAM THIS NOODLE TO HELP SKADOODLE pastaThat
NUKE ResidentSleeper
GO INSIDE KappaPride
@Cent everyone 👉 🚪 PunOko
NUKE <3
FALLING FOR /me IN 2K18 LUL
Save USP LUL
:Z Jebaited
USP SAVE 4Head
death trap LUL
NIP 60 % LUL
SPAM THIS NOODLE TO HELP SKADOODLE pastaThatSPAM THIS NOODLE TO HELP SKADOODLE pastaThat
csgo nuke, what a exciting map ResidentSleeper
only real LULz can build this perfect pyramid . Try like me !Try like me ! Try like me !! And my pyramid still higher!!!!!! LUL
save usp Kappa
Had to play the worst map in the pool ofc LUL
Silver Chat LUL
SPAM THIS NOODLE TO HELP SKADOODLE pastaThatSPAM THIS NOODLE TO HELP SKADOODLE pastaThat
@Inpale gl LUL
SO BAD LUL
ct sided? good one LUL
only real LULz can build this perfect pyramid . Try like me !Try like me ! Try like me !! And my pyramid still higher!!!!!! LUL
N K E ResidentSleeper
wenger out memes again LUL
DRAKEN Kreygasm
NINJA SUB LUL
EddieBoi SUP BROSHAN! <3
NINJA LUL
DRAKEN KappaPride
jdm sub draken LUL
only real LULz can build this perfect pyramid . Try like me !Try like me ! Try like me !! LUL
ninja? LUL
SPAM THIS TO HELP NIP DoritosChip
only real LULz can build this perfect pyramid . Try like me !Try like me ! Try like me !! And my pyramid still higher!!!!!! LUL
NINJA LUL
@myptus HeyGuys
SPAM THIS FIST TO FREE SADOKIST Poooound
only real LULz can build this perfect pyramid . Try like me !Try like me ! Try like me !! LUL
Well, this "uncle" is easily in top20 best players right now LUL
ARSENAL LUL
📞 Hello SK 📞 C9 HERE 📞 Ready to leave in quarter finals 📞 4Head
WE NEED TO GET WENGER OUT SwiftRage
only real LULz can build this perfect pyramid . Try like me !Try like me ! Try like me !! LUL
SPAM THIS FIST TO FREE SADOKIST Poooound
NiP getting old LUL
@ZAMoTHEoMAN cmonBruh
only real LULz can build this perfect pyramid . Try like me !Try like me ! Try like me !! LUL
SPAM THIS FIST TO BAN SADOKIST Poooound
📞 Hello SK 📞 C9 HERE 📞 Ready to leave in quarter finals 📞 4Head
stunny Kappa
Stunny LUL
suNny PogChamp
STUNNY LUL
2v5 LUL
stunna Kappa
ez 2-0 or 2-1 NIP 45YO OSKAR uncle no match for GOD DRAKEN LUL
twitch chat LUL
lets go stunny Kappa
NiP <3
ACE LUL
📞 Hello SK 📞 C9 HERE 📞 Ready to leave in quarter finals 📞 4Head
SPAM THIS CHIP TO HELP NIP DoritosChip
left side is louder NotLikeThis
NiP <3
styko NotLikeThis
NiP <3
Wenger OUT Mou OUT Conte OUT LUL
FACE LUL
sunny what is this WutFace
sunny sick /? cmonBruh
dennis no kevlar LUL
NO KEVLAR LUL
spots :o
alergic to g fuel WutFace
Sunny burned sunny 4Head
7 AK LUL
no armor dennis :D
m4 no kevlar LUL
📞 Hello SK 📞 C9 HERE 📞 Ready to leave in quarter finals 📞 4Head
no armor LUL
no armor dennis LUL
NO ARMOUR BibleThump
FINALLY A CHAT WITHOUT " " SPAM FeelsGoodMan TriHard
dennis LUL
7 TriHard
why no armor FailFish
glass m4 LUL
DONT SMASH IT RlyTho
📞 Hello SK 📞 C9 HERE 📞 Ready to leave in quarter finals 📞 4Head
clutch LUL
CLUTCH LUL
WASSUP TriHard
SMASH IT PogChamp
DOC AND FORSEN SUBS LUL
tap FailFish
why tap LUL
SEB Kappa
get right LUL
WTF LUL
SPAM THIS CHIP TO HELP NIP DoritosChip
SEB LUL
SEB LUL
Bank paper 4Head
DENNIS <3
CHEAT SHEET LUL
dennis no armor :D
Dennis <3
SWEDISH ROLEPLAYER LUL
SEB LUL
Dennis <3
ASTRA LUL
ROLEPLAYER LUL
SEB LUL
sunny dry WutFace
Dennis has cheat notes LUL
swedish roleplayer LUL
ROLEPLAYERS DansGame
stop putting cam on him WutFace
SWEDISH ? cmonBruh
TACTICS PogChamp
Clap ANELE
DENNIS WENGER KappaRoss
SKÄAL WutFace
The Puns LUL
ANIME? TehePelo
Dennis using cheat codes PogChamp
SWEDISH 4Head
Animated VoHiYo
gtr weeb ? ? VoHiYo
ME SWDISH ASWELL ANELE
📞 Hello FAZE 📞 C9 HERE 📞 Ready to choke in the finals? 📞 4Head
SWEDES? DansGame
Guardiola OUT LUL
GET_RIGHT VoHiYo
ANIMATED KonCha
JW vac banned check on Trump twitter LUL
DOC SUBS LUL
WEEBS OUT 👉 SwiftRage
@sayaka_best_girl Sayaka is the best girl? DansGame
Anime TehePelo
Weebs in VoHiYo
@2411_KFC_Manager woah cmonBruh
LOSE MORE THAN 2 ROUNDS AS CT ON NUKE LUL
SPAM THIS NOODLE TO HELP SKADOODLE pastaThat
chrisJ PogChamp
📞 Hello FAZE 📞 C9 HERE 📞 Ready to choke in the finals? 📞 4Head
kids are so nasty at this BibleThump
📞 Hello FAZE 📞 C9 HERE 📞 Ready to choke in the finals? 📞 4Head
GG LUL
DOG RAID FrankerZ
StunnySport LUL
Docs' Raids ResidentSleeper
D C FailFish
📞 Hello FAZE 📞 C9 HERE 📞 Ready to choke in the finals? 📞 4Head
dennis LUL
DRAKEN LUL
good :D
defuse omg DansGame
SWEATING LUL
chris PogChamp
GOD J PogChamp
PROS DONT FAKE LUL
DRAKEN SO BAD OMEGA LUL
SENSE LUL
havent even checked the door LUL
played himself FailFish
ChrisJ hasnt showered for like week LUL
cant hear LUL
TILTED LUL
BOT LUL
📞 Hello FAZE 📞 C9 HERE 📞 Ready to choke in the finals? 📞 4Head
Don't miss out on watching the event live, grab your tickets here - https://twitter.com/DreamHackCSGO/status/979377806760177664 :)
C H R I S J PogChamp
REZ LUL
NAF LUL
HAIR LUL
draken already tilted LUL
STILL FLAVOR LUL
NOT LAUGHING ANYMORE LUL
wheres the NIP strat book now? :)
DH Water WutFace
wenger meme LUL
narwList ✍️ i saw that name cmonBruh
flavoured LUL
just win 4Head
LOL TriHard
GET LUL
C H R I S J PogChamp
JUUUUUUUUUUUUST KIIIIIIILLLLLLLLLL THEEEEEEEM BROOOOOOO 4Head
The headband is not gangster enough SMOrc
oskar is tired and old LUL
☝ WAIT A SEC I SAW THAT cmonBruh
5 7 LUL
5 7 LUL
FIVE SEVEN LUL
good jump by STYKO LUL
dennis LUL
bot dennis WutFace
deleted LUL
Throw LUL
dennis LUL
5 7 IN 2K18 LUL
bot dennis FailFish
C H R I S J PogChamp
@officialblu VoHiYo
Guys who's best player in Mouse and in NIP please answer me :)
@i_h8_dirty_neegrows Dat Name cmonBruh
dont @ him chat cmonBruh
REZ LUL
JUMPING HS LUL
EZ LUL
REZ LUL
@i_h8_dirty_neegrows 👌 ON POINT NAME cmonBruh
Duals ARE elites PartyTime
mods? wanna ask something cmonBruh
GGX BTW 4Head
EU casting LUL
REKTZ LUL
GET_RETIRED LUL
👆 mods cmonBruh
SPAM THIS NOODLE TO HELP SKADOODLE pastaThat
AFK LUL
📞 Hello FAZE 📞 C9 HERE 📞 Ready to choke in the finals? 📞 4Head
AFKS LUL
AFK LUL
show us NiP Magic DansGame
G G X TriHard
FaZe LUL
Spam this chip to help NIP DoritosChip
NIKO = OVERRATED TRASH LUL
SPAM THIS CHIP TO HELP NIP DoritosChip
7 TriHard
ROPZ LAN LUL
GGX TriHard
active mods WutFace
EU STREAM EleGiggle
4000 WutFace
EU PRODUCTION EleGiggle
