LIVE PogChamp
@MofarahDota We want dota SwiftRage
ITS BACK PogChamp
back PogChamp
EPIC SOON RU PRODUCTION LUL
SAVED PogChamp
1-1 Jebaited
INB4 Jebaited
it's back PogChamp
WE BACK PogChamp
fixed PogChamp
SAVED PogChamp
BACK PogChamp
TRIHEX STREAM TriHard
s FEED 4Head
LIVE PogChamp
BACK PogChamp
SAVED PogChamp
SAVED PogChamp
OH MY WORD PogChamp
( ) Jebaited
SAVED PogChamp
stream PogChamp
WE BACK PogChamp
rusian stream PogChamp
TIME TO WATCH MY BOY S4 WIN SOME DOTES PogChamp
SAVED PogChamp
SAVED PogChamp
ITS BACK PogChamp
ITS ALIVE PogChamp
( ) Jebaited
NICE DELAY LUL
( ) Jebaited
ALT F4 STREAM ON PogChamp
I'm ready Jebaited
OH MY WORD PogChamp
stream is back DendiFace
soon Jebaited
WE BACKKKKKK PogChamp
thank you :)
Clap PogChamp
its back PogChamp
PRAISE THE LORD BlessRNG
HOOOOLD ( ) Jebaited
SOMETHING HAPPENED111 PogChamp
soon Jebaited
S 4Head
s 4Head
s 4Head
s 4Head
s 4Head
MID HELLO s 4Head
WE TriHard
s 4Head
S 4Head
S4 BibleThump
my body is ready for it Jebaited
S4 LUL
S 4Head
@epicenter_en1 <3
s 4Head
wait for it Jebaited
S 4Head
s 4Head
s 4Head
S 4Head
720p Jebaited
ready Jebaited
s 4Head
s 4Head
HOLDING IT ( ) Jebaited
SOMETHING HAPPENED!!! PogChamp
s 4Head
s 4Head
s 4Head
s 4Head
DOTA TWO PogChamp
Just in time for s 4Head
? DansGame
s 4Head
TWITCH = TRASH LUL
s 4Head
s 4Head
S 4Head
Stream is back. Press ALT + F4 to refresh the webpage SeemsGood
panda gonna die twice S 4Head
s4 LUL
? Jebaited
IM WAITING Jebaited
s 4Head
s BREW 4Head
S4 best mid LUL
S 4Head
( ) HOLDING Jebaited
CTRL+W TO REFRESH BRO< ANELE
S OpieOP
s 4Head
2min behind LUL
we bek PogChamp
nobrain LUL
s4 mid again 2018 i love you so much BibleThump
No-one viper gg WutFace
4 min delay FailFish
// TTours
7ckngMad SoBayed
? Jebaited
its backkk PogChamp
s 4Head
s 4Head
250 KG beast is here PogChamp
s 4Head
s 4Head
s 4Head
s 4Head
s 4Head
oh no s4 dead again :(
s 4Head
CREEPS LUL
@AdmiralBulldog <3
!np Kappa
s 4Head
s 4Head
s4 LUL
s 4Head
S LUL
S 4Head
s 4Head
S 4Head
s 4Head
@AdmiralBulldog sure Kappa
s 4Head
Creeps LUL
DELAY WutFace
S OpieOP
s 4Head
s 4Head
AFK LUL
S 4Head
Creeps PogChamp
s 4Head
TWITCH = TRASH LUL
s 4Head
s 4Head
s 4Head
CTRL + W to refresh bois Anele Kappa
S 4Head
s 4Head
S4 LUL
s 4Head
s 4Head
WE ARE BACK (Like Navi) LUL
BLOCKED LUL
S LUL
s BREW 4Head
S 4Head
s 4Head
Creeps NotLikeThis
s 4Head
s 4Head
creeps LUL
S4 LUL
s 4Head
@AdmiralBulldog Kappa
s 4Head
S 4Head
dead again :(
OG wards WutFace
S 4Head
S 4Head
LuL LUL
S 4Head
BLOCKED LUL
AdmirallBulldog PogChamp
s 4Head
s 4Head
4 minutes delay FailFish
treason NotLikeThis
Wow! Russian production Missed drafting and first blood PogChamp
S 4Head
S4 best mid? LUL
Be positive bulldog 4Head
BigBabyN0Brain LUL
s Poooound
s4 didn't die he just respawned 4Head
s PepeHands 4Head
ARICEE <3
@AdmiralBulldog BULLDOG CLOCK PogChamp
RODJER LUL
Dogjer LUL
s 4Head
DOG JER LUL
CTRL + W to refresh strem bois no Krappa ANELE
CIS GANK LUL
NICE GANK SoBayed
4 min delay FailFish
GANK LUL
EU GANK LUL
cis gank LUL
7mad actually decent PogChamp
GER LUL
GER LUL
NICE FEED LUL
Ce6 PogChamp
@AdmiralBulldog DansGame
Holding Jebaited
CIS GANG LUL
J GOD PogChamp
gank WutFace
best p4 in the world Kappa
dogjer LUL
too far LUL
TWITCH = TRASH , LUL
@MofarahDota I'm so tired NotLikeThis
RAMZES666.SADBOI LUL
Navi lose to this LUL
delay LUL
rODJED LUL
CIS GANK LUL
ADBOY? LUL
Reso was the problem PogChamp
seb > 7mad PogChamp
@NomadCasting PogChamp
PASHA OpieOP
No lag PogChamp
RTZ PogChamp
Admiral dog LUL
FEELS GOOD TO MISS ALL ACTION TTours
GER LUL
HOLY TTours
OH MY WORD Kreygasm
dog ger LUL
vadersar TTours
FEELS GOOD TTours
COGBLOCK LUL
lightfury LUL
MAH BOY BabyRage
block KappaPride
BULLDOG OBSERVER FailFish
CogBlock? LUL
why move god TTours
Caster doing his best PogChamp
(puke) TTours
@AdmiralBulldog DansGame
1 FEELS GOOD TO MISS ALL ACTION TTours
cog block LUL
COG BLOCK LUL
J dog SoBayed
OH MY WORD Cast PogChamp
@flamindude99 Kappa
solo soloed jerax :)
Jerax SoBayed
322 322 PogChamp
Solo PogChamp
Clap TTours
@AdmiralBulldog DansGame
644 Kreygasm
FEELS GOOD TO MISS ALL ACTION XD TTours
4 4Head
CIS OBS TTours
ZOOM OUT MORE SwiftRage
@NomadCasting OH MY WORD BrokeBack
COGBLOCK LUL
OH MY WORD Kreygasm
@AdmiralBulldog DansGame
@MofarahDota SeemsGood
FLY LUL
CogBlock me Daddy @AdmiralBulldog Kreygasm
@AdmiralBulldog haHAA :)
SOLO Kreygasm
fly NotLikeThis
BULLDOG CANT BAN ME HERE ResidentSleeper
???? LUL
?? Jebaited
MY WORD BrokeBack
Wand Jebaited
@mofarahdota ANELE
F LUL
? Jebaited
S LUL
1k CHAT LUL
s 4Head
s 4Head
j dog LUL
3 hp PogChamp
3 - 22 BlessRNG
S 4Head
s LUL
S 4Head
3 hp PogChamp
my word you call this a major? oh my word PunOko
4 PogChamp
monkaS PogChamp
calculated LUL
s 4Head
NO ONE LUL
s 4Head
S LUL
S 4Head
OH MY WORD BrokeBack
s 4Head
not even close SeemsGood
S PogChamp
S GOD PogChamp
s PogChamp
calculated 4Head
CALCULATED Kappa
monkaS 4Head
s 4Head
s4 GOD PogChamp
ez S 4Head
s 4Head
s4 best mid LUL
calculated SeemsGood
S 4 Sense PogChamp
s 4Head
S 4Head
s PogChamp
TI winner Kreygasm
he knows Kappa
ES LUL
s4 is a TI WINNER PogChamp
S4 JUST DIDNT KNOW HE HAS ULT LUL
99.9% PogChamp
TWITCH = TRASH LUL
@AdmiralBulldog Eng stream have 2-4 minute Deley,watch RU stream :)
MY WORD BrokeBack
@Henrik_Ahnberg DansGame
@AdmiralBulldog cast this game please LUL
Make Bulldog the third caster pls BlessRNG
slark meta NotLikeThis
SADBOY LUL
It was obvious he'd survive herald chat LUL
baaack PogChamp
calculated SeemsGood
SADBOY LUL
PULL LUL
quick maffs PogChamp
@alicexz ? cmonBruh
@PimpmuckL ma boy jj TTours
mod checks messages ? Kappa
NoBrain went HoD on CK LUL
@AliceXZ REAL ALICE PogChamp
HOD CK LUL
@MofarahDota Jebaited
@AdmiralBulldog we coo cmonBruh
DOMINATOR CK LUL
FEELS GOOD TO MISS ALL ACTION TTours
black stream PogChamp
CK cosmetics PogChamp
FEELS GOOD TO MISS ALL ACTION TTours
7 SoBayed
7ckngMad SoBayed
7BAD LUL
7MAD = BrokeBack
FEELS GOOD TO MISS ALL ACTION TTours
STREAM PogChamp
@trihard_in_house cmonBruh
7Bad 7Bad LUL
Slark Dagon incoming SoBayed
NoBrain LUL
FEELS GOOD TO MISS ALL ACTION TTours
FEELS GOOD TO MISS ALL ACTION TTours
cs LUL
EPIC FAIL SINCE DAY 1 TTours
male deek WutFace
ULT LUL
322 LUL
more TTours
russia production LUL
@AdmiralBulldog dont be hipster DansGame
🚬 💨 ResidentSleeper
Nobrain LUL
7 TriHard
322 LUL
EPIC FAIL SINCE DAY 1 TTours
@AdmiralBulldog call helena :(
@AdmiralBulldog ban me ResidentSleeper
📷 TTours
BigBabyN0Brain LUL
@AdmiralBulldog DansGame
@AdmiralBulldog hi HeyGuys
@AdmiralBulldog 🚬 🚬 TTours
Slahser's way CK PogChamp
camera man is like 0 - 5 on showing kills LUL
322 322 LUL
@AdmiralBulldog Clap ResidentSleeper
🚬 💨TIME TO MISS 🚬 💨 SOME DOTES 🚬 💨 ResidentSleeper
🚬🔫 TTours
@AdmiralBulldog stream the game for us then LUL
Nobrain vs Fatone LUL
📷 Russian Observers 📷 10/10 PogChamp
@AdmiralBulldog call HELENA BibleThump
FEELS GOOD TO MISS ALL ACTION TTours
SKRFF TriHard
FEELS GOOD TO MISS ALL ACTION TTours
FEELS GOOD TO MISS ALL ACTION TTours
ON MY GOD TTours
// TTours
FREE TOWER BrokeBack
NOTAIL TAKE MY BRAIN NotLikeThis
FEELS GOOD TO MISS ALL ACTION TTours
Rodjer so bad LUL
NA OBS LUL
i don't know how it's possible but they've missed more kills than I usually do Jebaited
FEELS GOOD TO MISS ALL ACTION TTours
DogJer LUL
EPIC FAIL SINCE DAY 1 TTours
???? this obs LUL
TToursTTours TTours
Russian observers LUL
what TTours
this observer FailFish
FEELS GOOD TO MISS ALL ACTION TTours
Navi rodger MingLee
CIS OBS TTours
5 MID LUL
Reso was the problem PogChamp
WTF was that TTours
observer :)
SO BAD OBS LUL
🚬 💨TIME TO MISS 🚬 💨 SOME DOTES 🚬 💨 ResidentSleeper
PepeHands TTours
OBSERVE BrokeBack
@Gareth LUL
@Gareth LUL
IS THERE EVEN AN OBSERVER TTours
FEELS GOOD TO MISS ALL ACTION TTours
this observer FailFish
PepeHands TTours
s4 Mid Kreygasm
NOBRAIN IS BACK PogChamp
THAT CAMERA JUKE PogChamp
1k observer LUL
0 - 6 camera man kills LUL
📷 NotLikeThis
Default game auto observer is better LUL
NOT BUYING ANYMORE TICKETS TTours
sAdboY OBS TTours
YesBrain PogChamp
OBSERVER BrokeBack
@MofarahDota OH MY WORD PogChamp
TToursFEELS GOOD TO MISS ALL TToursACTION TTours
notail meepo LUL
Spoiler DansGame
OG > Navi > VP SeemsGood
🚬 💨TIME TO MISS 🚬 💨 SOME DOTES 🚬 💨 TTours
@kappa_lul_spam PogChamp
EPIC FAIL SINCE DAY 1 TTours
dp ULT LUL
@Fogged Ioannis <3
@Fogged HeyGuys
@Fogged Kreygasm
Nice Ult LUL
@Fogged HeyGuys
@NomadCasting where is different english stream ? cant watch with this camerawork :D
Chaos knight is better at micro than this camera man FailFish
@fogged HeyGuys
👌 OSFrog
Notail Meepo player ? SoBayed
Clap OSFrog
Ult for what LUL
BIGDADDY NOBRAIN LUL
@Fogged PogChamp
@Fogged HeyGuys
Willow TriHard
Rodjer so bad LUL
DW Jebaited
ult LUL
WILLOW LUL
spoilers DansGame
Fogged PogChamp
BED m LUL
OG LUL
🌸✌ kawaii chat MingLee
BADLM LUL
ult LUL
@fogged <3
WILL W LUL
ULT LUL
Ez 10k og LUL
BM LUL
@Fogged 👉 PogChamp
Poor dear LUL
poor dear LUL
THE BM PogChamp
BM LUL
ALL CHAT LUL
BM LUL
ES PogChamp
BM LUL
Poor dear BibleThump
BM LUL
BM LUL
I never knew Optic Gaming was this good PogChamp
ALL CHAT LUL
poor dear LUL
poor dear LUL
BM LUL
Pain lost to this? LUL
BM LUL
BM LUL
BM LUL
BM LUL
BM LUL
Poor Dear LUL
// OSFrog
Notail LUL
nobrain LUL
NOBRAIN LUL
N0BRAIN LUL
NOBRAIN LUL
NOBRAIN LUL
POOR DEAR LUL
NoBrain LUL
NOBRAIN LUL
did 7mad just bm LUL
NO BRAIN LUL
nobrain LUL
NOBRAIN LUL
NOBRAIN LUL
NOBRAIN LUL
NOBRAIN LUL
tp LUL
NOBRAIN LUL
nobrain LUL
NO BRAIN LUL
NOTAIL LUL
NOBRAIN LUL
NOBRAIN LUL
NO BRAIN LUL
NO BRAIN LUL
NOBRAIN LUL
NOBRAIN LUL
NOBRAIN LUL
n0brain LUL
BROWN WIDOW 4Head
NOTail LUL
ult LUL
nobrain LUL
nobrain LUL
n0tail :)
NOBRAIN LUL
🚬 💨TIME TO MISS 🚬 💨 SOME DOTES 🚬 💨 TTours
WTF LUL
NOTAIL TAKE MY BRAIN NotLikeThis
NOBRAIN LUL
NOBRAIN LUL
Supp PogChamp
NO BRAIN LUL
nobrain LUL
NO BRAIN LUL
CS PogChamp
OMEGA LUL
@AdmiralBulldog LUL
@AdmiralBulldog WutFace
CS PogChamp
TAKE MY BRAIN LMFAO LUL
CS PogChamp
CS Kreygasm
@AdmiralBulldog Notice me BibleThump
brew master is a very strong champion :)
is this a bsjBSJ inspired Slark ? bsjSet is this a bsjBSJ inspired Slark ? bsjSet Kreygasm
CK in 2k18 LUL
EVEN KYLE LUL
s4 CS PogChamp
NOBRAIN IS BACKK LUL
NOTAIL TAKE MY BRAIN NotLikeThis
cs PogChamp
Bulldog Subs WutFace
@robertfarfan123 I get it, russians smoke :)
👏 👏 TriHard
S 4Head
// Kappa
s4 > bulldog SeemsGood
S 4Head
s BrokeBack
S 4Head
s 4Head
s 4Head
s 4Head
S 4Head
s 4Head
s 4Head
cast alive PogChamp
S 4Head
s 4Head
s 4Head
S 4Head
S 4Head
s4 LUL
S 4Head
s 4Head
S 4Head
s 4Head
S OpieOP
s 4Head
s LUL
s 4Head
s 4Head
S 4Head
S 4Head
s 4Head
S 4Head
S EleGiggle
S PepePls 4Head
s 4Head
S 4Head
@trihard_from_darkness @trihard_in_house @trihex_acolyte2 7 TriHard
4 OpieOP
@high247 sounds like most frech LUL
s 4Head
s 4Head
s 4Head
S 4Head
s OpieOP
s OpieOP
s 4Head
BULLDOG LUL
s 4Head
@AdmiralBulldog ResidentSleeper
s 4Head
s 4Head
dying to 3 man ganks LUL
s 4Head
s DansGame
@AdmiralBulldog 7 TriHard
s 4Head
7 TriHard
s 4Head
s 4Head
s OpieOP
s DansGame
s 4Head
razmes5666.sadboy LUL
S 4Head
Be positive, chat :)
cant ban me here ResidentSleeper
@AdmiralBulldog SoBayed
S4 DEATHS LUL
@mlxa1997 👏 TriHard
@AdmiralBulldog ResidentSleeper
PMA :)
@Moobot I can't :)
i miss Weppas and Skrff :)
F LUL
rip LUL
AGAIN LUL
Clap Jebaited
F PunOko
My brothers Here I come SMOrc
CIS stream LUL
This is fine :)
MAJOR LUL
F LUL
REPORT TWITCH PLZ Kappa
-^-- --^- :)
NICE STREAM OpieOP
does notail live WutFace
