HERE IT COMES Jebaited
BACK PogChamp
SOON Jebaited
SOON Jebaited
synd 4Head
SYND LUL
??? Jebaited
Stream PogChamp
WE BACK PogChamp
BACK PogChamp
SOON Jebaited
synd LUL
SOON Jebaited
1 Stream is back. Press ALT + F4 to refresh the webpage SeemsGood
SUND Kappa
FIXED PogChamp
WOW we back PogChamp
EPIC LUL
SYND LUL
( ) Jebaited
!! PogChamp
@syndereN 4Head
S N Jebaited
NO PLS Jebaited
? PogChamp
BACK SOON PogChamp
SYND LUL
It's back PogChamp
BACK FOR ANOTHER MINUTE PogChamp
S N Jebaited
@syndereN LUL
BACK PogChamp
back PogChamp
SOON LUL
S N PogChamp
SOON Jebaited
S N Jebaited
S N Jebaited
STILL SOON STILL SOON STILL SOON Jebaited
soon Jebaited
RERUN Jebaited
SYND LUL
TRACKDOTA SAYS ITS ON PogChamp
S N Jebaited
game 1 over? Kappa
BACK PogChamp
SYNDEREN WITH THE SAVE Kreygasm
SOON TM LUL
LOUDER PogChamp
SOON MrDestructoid
SOON LUL
LIVE ! ! PogChamp
SOON TM 4Head
SOON Jebaited
@syndereN SYND LUL
S N Jebaited
T’Challa BibleThump
S N Jebaited
SOON AND ERROR AGAIN FailFish
HEY KEEP IT KYLE CHAT DansGame
SOON LUL
Love you Synd PogChamp
SYND LUL
CENTER Jebaited
SAVED PogChamp
soon LUL
👏 👏 TriHard
SAVED PogChamp
SAVED PogChamp
fixed PogChamp
I am from EU my breath smells like poo Game delayed And the server's down too LUL
WELCOME BACK LUL
TIME TO WATCH MY BOY S4 WIN SOME DOTES PogChamp
OG WON PogChamp
Synd with the IT support DendiFace
SAVED PogChamp
DRAFT PogChamp
F LUL
S ND Jebaited
SAVED PogChamp
SAVED PogChamp
ReDeYe PogChamp
BYE LUL
👏 👏 👏 TriHard
pretend like nothing happened PogChamp
ka le LUL
KALE LUL
EPIC LUL
F Jebaited
SAVED Jebaited
NEVER MIND Jebaited
👌 Keepo
F Jebaited
F Jebaited
OMEGALUL Jebaited
S N Jebaited
👏 👏 TriHard
ONCE MORE Jebaited
NEXT SLIDE PLS LUL
SAVED PogChamp
saved PogChamp
WE GOT Jebaited
Next slide please 4Head
KA LE Jebaited
KA LE LUL
EPI TER LUL
monkaS TTours
EPIC 89 LUL
👏 👏 👏 TriHard
DIASHOW LUL
RADIO PogChamp
laaaaaaag BibleThump
POWERPOINT PogChamp
Slideshow LUL
LAG PogChamp
only major delay PogChamp
RIP LUL
Powerpoint LUL
barely lagging Kappa
NEXT SLIDE PLS LUL
F LUL
NEXT SLIDE PLEASE ResidentSleeper
SLIDESHOW PogChamp
WHERE IS MY FRIEND ARTOUR, WE DRINK TOGETHER ResidentSleeper
Don't refresh WutFace
down again LUL
LMAO LUL
F LUL
F LUL
HYPE Kappa
