What is this, a Power Point presentation? DansGame
MUCH BETTER Kreygasm
WASHED OUT STREAM WutFace
Russian internet LUL
sill not fixed Jebaited
stop ddosing them SwiftRage
my colors DansGame
WTF IS THIS PRODUCTION DansGame
RUSKI PRODUCTION VoHiYo
4K PogChamp
f9 pls LUL
SAVED PogChamp
LOWER QUALITY LUL
ADS LUL
PRODUCTION LUL
NA INTERNET 5 LUL
We good PogChamp
BRIGHT STRIM WutFace
V. PUTIN DDOSING LUL
no KALE :)
explain DansGame
SAVED LUL
DENDI PogChamp
It’s newbee Kappa
KA LE Kappa
WASHED OUT WutFace
worst than china WutFace
USA LUL
Lower quality but working PogChamp
btw in russian stream no KA Le LUL
nice stream PogChamp
RIP :(
and all epicenter employers gonna fired KappaPride
NO HD DansGame
now it looks cloudy who's vaping DansGame
WHY SO WHITE cmonBruh
EU stream :)
Good work :)
1 SAVED PogChamp
SATURATION WutFace
I don't like the lag but I will still do my best to appreciate this amazing dota match :)
slow mode WutFace
WASHED UP STREAM 4Head
they canged the source LUL
WE DID IT REDDIT PogChamp
7 TriHard
MAJOR ?? DansGame
chat never satisfied LUL
brightness WutFace
TOO BRIGHT WutFace
F I X E D BlessRNG
NO KA LE PogChamp
the bright light i saw this before FeelsBadMan NotLikeThis
is it ok now, chat? :)
chicken little LUL
Chicken LIL LUL
yes :)
yes :)
yes :)
Yes :)
ok :)
chicken lil PogChamp
its ok :)
MY EYES NotLikeThis
@epicenter_en1 looks good :)
1080p60 Jebaited
@epicenter_en1 Yes, thank you :D
@epicenter_en1 it's too bright WutFace
@epicenter_en1 can you send me some fbi files too :)
@epicenter_en1 no :)
Yea :)
YES :)
yes :)
Chicken LUL
Fixed PogChamp
yes BibleThump
@epicenter_en1 SeemsGood
It's ok now :)
yes :)
yes :)
yes :)
yes :)
yes :)
no :)
not really :)
yes, tnx :)
@epicenter_en1 ty :)
yes :)
yes :)
saved :)
yes TehePelo
@epicenter_en1 yes daddy :)
@QUOTE_ME_IF_DARYL really cmonBruh
yes :)
nice strem :)
@epicenter_en1 It's fixed thanks :)
yes ty :)
YES :)
@epicenter_en1 FeelsGoodMan :)
no :)
thanks :)
thank yo, boys :)
you are doing your best :)
yes :)
yes thank you :)
no Kappa
NA INTERNET 4# LUL
Im here for slideshows SwiftRage
@epicenter_en1 🔫 no :)
yes looks good :)
forsenS 👉 :)
communist production NotLikeThis
YES :)
YES :)
TOO WHITE cmonBruh
@epicenter_en1 yes it fine, ty :)
Everybody has lag at their million dollar tournaments sometimes :)
PMA :)
@epicenter_en1 DansGame
@epicenter_en1 you are handling this really well. The stream has issues but you're playing along <3
It's fine, everyone stop being so picky LUL
BRON LUL
@Bashiful Y TU? LUL
NICE STREAM NICE STREAM SoBayed
good vibes . o O ( admiralB9 ) :)
@epicenter_en1 hacked FBI PogChamp
MAJOR BTW DendiFace
blade mail LUL
AEON DISC POPPED LUL
slow mode off pls :)
SHACKLE LUL
GG :)
GG LUL
dendi useles LUL
THAT RP LUL
gG :)
WASHED UP IS JUST A NUMBA SUPAMIDA DendiFace
1 SHACKLE LUL
Direct invite DendiFace
PASHA LUL
PASHA LUL
RP LUL
SHANGAI MAJOR NotLikeThis
nice RP LUL
PASHA LUL
RPASHA LUL
PRO MAGNUS LUL
RP LUL
DENDI LUL
NoOne stun PogChamp
DENDI LUL
BKB LUL
CIS DOTO LUL
VP LUL
DENDI LUL
dendi LUL
Too many frames for my eyes WutFace
BKB LUL
Dendi WTF LUL
BKB FOR WHAT LUL
CIS BKBS LUL
2k pub LUL
CIS FIGHT :)
NA RP LUL
dendi LUL
Clap DendiFace
RP LUL
CLOWNFIESTA LUL
cooldown just a number DendiFace
OMEGALUL DendiFace
IMPACTFUL DendiFace
BKB LUL
EZ OVER LUL
DONDO LUL
r9k DansGame
HI REDDIT LUL
dendi so bad LUL
lol LUL
9pasha LUL
RUSKIES LUL
NO ONE STUN THO PogChamp
dendi DendiFace
vs OMEGALUL LUL
NA RP LUL
p9sha magnus LUL
DENDI LUL
REDDIT LUL
lul LUL
CLOWN PRO PLAYER LUL
CIS MAGNUS LUL
Secret lost to this LUL
dendi is good BabyRage
JUST CHECKING DendiFace
@epicenter_en1 turn off r9k :(
lulgnus LUL
choke point incoming LUL
pasha rp LUL
Double RP inc PogChamp
that was awkward LUL
N OMEGALUL OMEGALUL NE LUL
ward PogChamp
chat? cmonBruh
scan 4Head
@iD3ny give me her number and we'll figure something out ;)
UNDERCOVER WAWRD PogChamp
solo warding PogChamp
@CaptainMarshu SoBayed
thanks :)
200 iq ward PogChamp
wtf WutFace
wahlenaugust cmonBruh
t__ WutFace
ehahahahaha LUL
? 4Head
322 LUL
JUST WIN LOOOOOOOL 4Head
solo 322 LUL
s 4Head
@epicenter_en1 WutFace
@epicenter_en1 Thx for fixing stream, now i can happily get dissapointed in NAVI again :)
322 classic LUL
SO LUL
SOLO LUL
322 LUL
buyback status LUL
S 4Head
bron items LUL
BRON LUL
BRON LUL
CONTRAST WutFace
Solo 322 LUL
magnus LUL
PASHA LUL
pasha ... ? LUL
PASHA LUL
this used to be lag stream Kappa
MAG LUL
MAG LUL
Pasha LUL
BRON LUL
SKEWER LUL
PASHA LUL
Magnus BrokeBack
PASHA LUL
dead LUL
Mag LUL
PASHA MAGNUS WutFace
PASHA MAGNUS LUL
MAG LUL
VIRTUS TRHOW LUL
SLARK LUL
Pasha LUL
NAVI NAVI :D
ez DendiFace
MAG LUL
322 incoming LUL
Kill secured DendiFace
VAC PogChamp
MAGNUS NotLikeThis
VAC LUL
WTF PogChamp
WHISKEY POWER LUL
randomly Kappa
random with gem LUL
GEM IS RANDOMLY LUL
VAC VAC PogChamp
NAVI PogChamp
he had gem FailFish
BKB LUL
VAC LUL
322 LUL
WTF PogChamp
randomly LUL
navi PogChamp
chat FailFish
322 LUL
SLARK HAD GEM CHAT NotLikeThis
FPS WutFace
NAVI 3131431 PogChamp
Crystallise PogChamp
NAVI IS BACK PogChamp
LAUGH MORE 4Head
JER LUL
he has gem 1k chat LUL
CASTER LUL
Chat LUL
vp LUL
WAHT PogChamp
Go NaVi DendiFace
haste does nothing LUL
cmon navi win this i want a game 3 :D
he had gem chat... FailFish
gem = CHEAT EU caster LUL
navi back PogChamp
GEM = VAC PogChamp
SLARK HAD GEM GRANT FailFish
NAVI IS VACK DendiFace
EZZ DendiFace
dendi haters what now ? ? SoBayed
Na'Vi PogChamp
VP THROWING LUL
2k CASTERS LUL
15 FPS WutFace
avg chat 3.5k LUL
cus of me DendiFace
its MAJOR ? DendiFace
SLARK HAD GEM CHAT HEARLD CHAT NotLikeThis
nodef LUL
chat never buy gem SwiftRage
NAVI is back LUL
10 FPS STREAM DansGame
RP INCOMING BlessRNG
def ?? NAVI IS BACK DendiFace
Tower Push LUL
2 @QUOTE_ME_IF_KALE @quote_me_if_ka_le we got this / :)
LOSING TO NAVI LUL
STREAM? STREAM? SoBayed
kyles predictions LUL
BRON LUL
BRON LUL
bron LUL
BRON LUL
BRON LUL
BRON LUL
BRON LUL
BRON LUL
BRON LUL
BRON LUL
BRON LUL
BRON LUL
BROn LUL
BRON LUL
BRON LUL
BRON LUL
BRON LUL
BRON LUL
BRON LUL
BRON LUL
BRON AGAIN LUL
BRON LUL
bron strikes again LUL
BRON LUL
BRON LUL
BRON LUL
BRON LUL
BRON LUL
Bron :D
PASHA XD PogChamp
reported WutFace
BRON LUL
ULT LUL
LEBRON GOAT LUL
Bron LUL
BRON LUL
BRON LUL
bron LUL
BRON LUL
BRON LUL
@quote_me_for_next_slide LUL
JAKIRO LUL
BRON LUL
LeBron TriHard
Bron LUL
Dendi coward :)
BR OMEGALUL N LUL
KICK LEBRON SwiftRage
BRON FOR 3 LUL
BRON LUL
BRON DOTA LUL
BRON LUL
BRON LUL
Lebron leave NBA FOR THIS? LUL
LEBRON LUL
KICK BRON LUL
BRoN LUL
BRON LUL
BRON LEFT NBA FOR THIS LUL
BYE ROSH OSFrog
bron BibleThump
EZ ROSH LUL
ROSHAN GG LUL
Grand Trash Grant DansGame
BRON IN AN ALTERNATE REALITY LUL
DELETED LUL
Navi no rosh NotLikeThis
LIL LUL
DD LUL
WHAT IS NAVI DOING WTF NotLikeThis
F LUL
ka le :)
SO BAD LUL
Clap TTours
Saved KappaRoss
DDOS IS REAL WutFace
My brightness MVGame
SOLO GETS SOLO KILLED Kappa
ads LUL
SAVED LUL
