any henryG subs? KappaPride
rash b no stop SMOrc
bathrooms?? LUL
there was a guy here earlier with a huge mouth so sure mvp would win last map, sending answers to whoever he could came back to see if he's still here, but it seems he's gone quiet meanwhile :p
NAF RAID btw SeriousSloth
<message deleted> cmonBruh
no mod ? TriHard
no mod SMOrc
chat we aight? cmonBruh
@Mannahara It's easy to join by accident tho DansGame
MVP CZ LUL
You're just one click away FailFish
HE WAS GOING SOLO PogChamp
GG MVP! EASY MONEY ON WINSPORTS BloodTrail
styko 10-0 PogChamp
@ipmaki I'll give them one more chance to win the pistol on T side :p
@dante_the_wise train is the best map Kappa
@xtomorph69 i see mate BlessRNG
rip 16-0 :(
Can't whiff if no one expected you to hit Kappa
7-1 BlessRNG
Clutchko SoBayed
solo from project_kr Kreygasm
where is that fiyugi guy went back to Cave again? :D
nice boost LUL
@trihard_from_madagaskar 7 TriHard
@grappapride / TriHard
these guys r pro LUL
M C 10 PogChamp
mvp Gold Nova FailFish
hey fiyugi what happen to these better aim and strategy players LUL
nice save LUL
saved .... not LUL
@Pteira you mean kpop Kappa
Suicide simulator 2018 LUL
kpop Kreygasm
Tarik subs DansGame
mixwell TK'd kennys in g2 game to lose the map LUL
9-6 Kappa
please bench hsk FailFish
HENRY G! MAN OF MANY S LUL
@Lo2001 cmonBruh
7 TriHard
I miss Sado :(
7 TriHard
LUL@chipskilied LUL
HenryGansta LUL
0G FailFish
DUAL WIELD PogChamp
dual wield xD Kappa
mouz PogChamp
16-1 VoteYea
save p250 LUL
CZ IS NOT OP FailFish
solo BibleThump
VAC not exist is last update Kappa
silver chat LUL
Hey guys, post ranks. I'm DMG, bow down before me LUL
R8 default LUL
NEW CS CONFIRMED 2118 PogChamp
MGE BibleThump
all salty fellas went back hiding to their caves again SwiftRage
MVP Turning on the cheats PogChamp
Old tec9 mag size Kreygasm
@PACEFALMAU @Mannahara PogChamp
HSK LUL
Hey guys im gold nova 2, yall silver bots LUL
if you're not high rank in MM (Gold Nova 3+) please don't talk in chat. Keepo
Once you go black..... LUL
VAC not exist, it is lie Kappa
one afk Kappa
faze LUL
mvp cheating way to the major loses 2-0 PogChamp
oskar tired ResidentSleeper
16-1 CONFIRMED! PogChamp
16-13 still coming LUL
📞 HELLO MVP? 📞 MOM HERE 📞 I heard you're coming home today? 4Head
sunny 0 dead :D
if you're not high rank in MM (Gold Nova 3+) please don't talk in chat. Keepo
gold nova 3 high rank LUL
u got baited Jebaited
@teude Jebaited
KOREAN CS LUL
raaaaaaaaa MingLee
Ouch SwiftRage
MVP DESTROYED PogChamp
no kit, no life LUL
mouz bored af LUL
if you're not high rank in MM (Gold Nova 3+) please don't talk in chat. Keepo
KR LUL
MVP PK MORE LIKE MVP 0K LOL LUL
esports NotATK
mvp need to open their eyes Kappa
he aint replying :D
Bro someone tell ropz to hit the gym LUL
dudududuudududud sound name :D
@Tokoyami_Fumikage Kappa
14:1 = half LUL
14-1 ? Just comeback loooool 4Head
<—- FLAT EarthDay
mr wide EarthDay
North Korea number wan 4Head
The earth is flat as MVP's players forehead PogChamp
Earth is flat Kappa
I told u , mvp can only play inferno LUL
what a Korean spray LUL
16 - 4Head
16-0 :(
comeback PogChamp
Famas DansGame
15-15 PogChamp
Checking Market WutFace
Not Kit FailFish
Guys, my mark for the year 2018 is to make twitch chat more clean, join me today PogChamp
idiots saying gg FailFish
15=15 LUL
oh no mouz is gonna choke ffs FailFish
16-2 PogChamp
when will MVP open eyes WutFace
Any negevs here? 7 TriHard
7 TriHard
15 -15 PogChamp
Trivet TriHard
Hahaha LUL
ropz PogChamp
16：3 4Head
to make it interesting for korean viewers LUL
SK ON 2018 LUL
PK LUL
10 players save PogChamp
You could have got more than 100$ for kidneys FailFish
Ct’s only Watching B LUL
Saving USP-S SeemsGood
so close to KappaPride
LETS PRAY TOGETHER FOR MVPBlessRNG BlessRNG
bettors LUL
1 PRAY 1 MORE HAPPY KOREAN BlessRNG
MY LIFE IS BORING BlessRNG
QBF flashbacks NotLikeThis
CHOKESPORTS LUL
IM SO DEPRESSED BlessRNG
MVP TAKE MY POWER BlessRNG
@Jjcooly1 BOI? cmonBruh
RIP LIFE SAVINGS BlessRNG
real MVP is henryG's shirt KappaPride
MVP not throwing, they just noob cmonBruh
bye my dolar :(
Good? 16-4 LUL
@Inub909 Wat di u sai MingLee
poor guys :(
"experience" LUL
<----imAQTPie BlessRNG
thos arms hit the game Henry DansGame
He saw my comment LUL
PRAY FOR KOREA MVP DISSAPOINTMENT BlessRNG
is it professional to show tattoo when casting a pro game like this cmonBruh
Praying because I have nothing else better to do! BlessRNG
SELLOUT LUL
We are the best Yes, you and me! BlessRNG
GRILLZ PogChamp
MIXWELL LUL
SLOW CHAT FINALLY I CAN SHINE PogChamp
SCAM 4Head
PRAY FOR MVP TO WIN 1 MAP BlessRNG
SCREW CHINA! #1 PogChamp
@dante_the_wise I’ll take you up on that KappaPride
TOGETHER WE ARE STRONG PartyTime
AU STADIUM SWIMMING HALL PartyTime
care with aussie, they are prisoners KappaPride
gf twitch chat choose one LUL
@boatsnhoes1337 1 pray from me BlessRNG
Meme 2018? Doesnt exist PogChamp
SK Location? LUL
@fap_epic home LUL
Polish dude PogChamp
2 polish 3 Asian PogChamp
@mutmatter ??? TriHard
Check last 7 head to head LUL
Who has multiple friends! Jebatied LUL
@NADAVIDZ 7 TriHard
ez 4 SK, oh wait LUL
SPAM THIS DUDE TO BRING DUST2 BlessRNG
LOBSTER! <3
------- only real LULer can build this perfect pyramid . Try like me !Try like me ! Try like me !! And my pyramid still higher!--- LUL
YES ITS STILL ME SPAM NEVER ENDS PogChamp
Vote closed Tyloo winner PogChamp
Asian Minor Final? LUL
Tyloo will make them cry PogChamp
somebody didnt see anybody DBstyle
AU VS china = 3k viewers LUL
if you're not high rank in MM (Gold Nova 3+) please don't talk in chat. Keepo
BNTET THE BEST BEAST CurseLit
if you're not high rank in MM (Gold Nova 3+) please don't talk in chat. Keepo
if you're not high rank in MM (Gold Nova 3+) please don't talk in chat. \ Keepo
Hey guys im from future Tyloo win game 2-0 Ustilo Tom vacbanned middle game PogChamp
hey guys im from future fnatic win iem sydney 2018 PogChamp
4k view in day3 Dead Game LUL
Renepause is silver 2 Kappa
@bot_tumtum PogChamp
AU CS OMEGALUL LUL
m0e LUL
@jutan123 go fnatic :)
AU CS PAUSE CS Kappa
@bot_tumtum u bet on them cuz good odds against astralis, sorry mate, they lose ;)
gogogog tyloo BlessRNG
YEAH THE BOYS SwiftRage
Almost KOBE Kreygasm
@Yeetsled acting like c9 won't choke LUL
BOT AZR LUL
@canute_theirin HeyGuys
------- only real LULer can build this perfect pyramid . Try like me !Try like me ! Try like me !! And my pyramid still higher!--- LUL
nifty awp LUL
@JimSullivan HeyGuys
AUSSIE AUSSIE AUSSIE Kappa
1g LUL
tyloo only win against major champions Kappa
CHICKEN BibleThump
CSGO AS AN ESPORT LUL
3v5 LUL
GUYS IM LONELY OneHand
buy flash but dont buy kit LUL
bntet igl PogChamp
NO KIT IN 2k18 LUL
ytb pausing and everyone went crazy LUL
when your 2 favorite teams playing each other and you can decide who to cheer on NotLikeThis
mutmatter predicts 100% Kappa
jump LUL
TYLOO TAKE MY POWER! LET THAT AIMLOCK FLOW! PogChamp
AZR 4 killed LUL
who needed a kit for that he didn't even plant LUL
go tyloo <3
NO DUST2 GOWKratos
@boatsnhoes1337 thats why they lost on round 4 LUL
4k view ? SeemsGood
nice throw LUL
NANA LUL
NANA TriHard? WutFace
save cz LUL
bot asian go learn some english before you speak :)
Kevin <3
------- only real LULer can build this perfect pyramid . Try like me !Try like me ! Try like me !! And my pyramid still higher!--- LUL
look at this B so ez LUL
------- only real LULer can build this perfect pyramid . Try like me !Try like me ! Try like me !! And my pyramid still higher!--- LUL
------- only real LULer can build this perfect pyramid . Try like me !Try like me ! Try like me !! And my pyramid still higher!--- LUL
------- only real LULer can build this perfect pyramid . Try like me !Try like me ! Try like me !! And my pyramid still higher!--- LUL
5K VIEWERS HYPE PogChamp
⎝⧹ Jebaited
5K VIEWERS HYPE 5K VIEWERS HYPE 5K VIEWERS HYPE PogChamp
top baut there SeemsGood
counter strike fun game :)
bot AU only can speak their first language with accent Kappa
1g LUL
REAL 1G LUL
?????? 4Head
1g x 2 = 2g LUL
Yeeeeee the boys CrreamAwk
EZ ROUND WAS EleGiggle
5vs3 -> double 1g LUL
@yErBoIjaY pool kid go learn your first language Kappa
THE BOYS THE BOYS THE BOYS THE BOYS BrokeBack
SOMEBODY = NewtoN from IPGN Kappa
Get this one! <3
silver caster PogChamp
YEAH THE BOYS BloodTrail
YTB BUT ALSO GO TYLOO IM JUST HERE FOR A NICE FUN GAME OF COUNTERSTRIKE GLOBAL OFFENSIVE :D
everybody dies in infinity war LUL
5-5 Kappa
Ustilo's rock ;)
YTB Kappa
AU chat WutFace
what is dig Kappa
TYLOO TYLOO TYLOO TYLOO TYLOO TYLOO TYLOO TYLOO LUL
bloody flawless Kreygasm
2v5 LUL
THAT B CONTROL PogChamp
2-5 ->8-5 LUL
TYLOO LUL
YTB PogChamp
T Y L LUL
MOLLY GO LUL
TYLOOS B PUSH IS DansGame
Train NotLikeThis
U S T I L O FUNgineer
U S T I L O FUNgineer
Asians PJSalt
U S T I L O . FUNgineer
= Grey Face (nospace) Kappa
U S T I L O FUNgineer
@Tokoyami_Fumikage PJSalt
Sydney just like a countryside Kappa
SPAM THIS CAT TO BUY TACO A HAT DxCat
SPAM THIS CAT TO BUY TACO A DxCat
U S T I L O FUNgineer
SPAM THIS CAT TO BUY TACO A HAT DxCat
SPAM THIS CAT TO BUY TACO A HAT DxCat
SPAM THIS CAT TO BUY TACO A HAT . DxCat
Acecurate KAPOW
AceCurate PogChamp
nrg just lost :(
SPAM THIS CAT TO BUY TACO A HAT DxCat
rip NRG :(
T Y L LUL
SPAM THIS CAT TO BUY TACO A HAT DxCat
GLAWKS LUL
ez af for POLISH STAR BNTET LUL
POLISH CS PogChamp
U S T I L O FUNgineer
T Y L LUL
POLISH STAR CARRY CHINA TEAM Poooound
bntet isn't polish chat LUL
@frazzyx YES HE IS LUL
SPAM THIS CAT TO BUY TACO A HAT . DxCat
SPAM THIS CAT TO BUY TACO A HAT . DxCat
bntet is indonasian LUL
NA CS LUL
NA AIM LUL
everyone saying bntet is indo FailFish
almost LUL
Low try PogChamp
Polish CS PogChamp
9-9 Kappa
@Tokoyami_Fumikage KonCha
jungle? diggity? LUL
c9-faze overrated af, this is a good game SeemsGood
renepause 5 AU sucker? Kappa
@beeeens k thanks I’m not up to date with these Aussie callouts LUL
Nana LUL
Polish duo PogChamp
NANA CS LUL
polish cs Kreygasm
AZR hair LUL
Nt good eco bois 3 kills CrreamAwk
Insomniuhh its also the name of the water bottle filed with air that you drink from LUL
polish flag is White at top LUL
Tyloo got this Kappa
SPAM THIS CAT TO BUY TACO A HAT . DxCat
Polish power PogChamp
LOOK AT POLISH FLAG NUBS CHAT DUMB LUL
SPAM THIS CAT TO BUY TACO A HAT . DxCat
ITS POLAND FLAG LUL
BNTET next polish star PogChamp
TYLOO ABOUT TO GET RESET LUL
3rd world education thinks bntet is polish LUL
MONACO STAR PLAYER BNTET PogChamp
POLONESIA PogChamp
@Tokoyami_Fumikage you need to come up with new trolls Kappa
U GUYS DONT UNDERSTAND THE JOKE LUL
POLONESIA PogChamp
Indonesia is in Poland FailFish
NANA LUL
@Tokoyami_Fumikage yes, target me. im australian Kappa
Tyloo speaks a$$ Kappa
BNTET EZ FOR POLAND LUL
@insomniuhh it keeps changing LUL
no times LUL
Spam This Snack To Bring Renegades Back DrinkPurple
rene LUL
EZ LUL
@Tokoyami_Fumikage LUL
YES THE BOYS Kreygasm
ben 10 FutureMan
Spam This Snack To Bring Renegades Back DrinkPurple
@hitchesandboes right LUL
U S T I L O FUNgineer
Spam This Snack To Bring Renegades Back DrinkPurple
What language is BnTeT speaking when he’s Polish BrokeBack
caster NotLikeThis
Spam This Snack To Bring Renegades Back DrinkPurple
Spam This Snack To Bring Renegades Back DrinkPurple
SPAM THIS TOY TO HELP THE BOYS! MrDestructoid
Poor Chick BibleThump
SPAM THIS COKE TO MAKE RENEGADES CHOKE DrinkPurple
ye ikr :D
VAC LUL
POLISH STAR PogChamp
AU CS LUL
TK LUL
POLANDS HOPE PogChamp
POLAND PogChamp
B GOD PogChamp
polish carrying asians LUL
Bro these Aussie callouts got me F’d UP LUL
TK LUL
Poland Kreygasm
ben 10 FutureMan
Polish god PogChamp
C Y E R KAPOW
hey youtube hey mom :)
NOT POLAND LUL
@Sir_warthog HES POLISH U IDIOT LUL
I wonder why the aussies called it diggity Kappa
DD LUL
y jump LUL
CHINA CS PogChamp
nvm somebody is the biggest noob pusher LUL
who PogChamp
my average silver game LUL
SPAM THIS TOY TO HELP THE BOYS! MrDestructoid
SPAM THIS CAT TO BUY TACO A HAT DxCat
Spam This Snack To Bring Renegades Back DrinkPurple
Spam This Snack To Bring Renegades Back DrinkPurple
SPAM THIS TOY TO HELP THE BOYS! MrDestructoid
Spam This Snack To Bring Renegades Back DrinkPurple
@thesarge_tv POLISH BTW LUL
Hey do u guys know where i can find the Club Neecka? cmonBruh
Spam This Snack To Bring Renegades Back DrinkPurple
Spam This Snack To Bring Renegades Back DrinkPurple
Top 1 vs Top 2 comands GOWKratos
this tokoyami guy haHAA LUL
JUNGLE LUL
ok, reddit it is, thx Insomniuhh <3
SPAM THIS TOY TO HELP THE BOYS! MrDestructoid
@Fiarpil you can private message me clips dude PogChamp
somebody sees somebody LUL
who 4Head
imagine still getting baited by tokoyami in 2018 LUL
U S T I L O FUNgineer
that A defense LUL
USTILO IS A LOBSTER PogChamp
U S T I L O FUNgineer
U S T I L O FUNgineer
U S T I L O FUNgineer
U S T I L O FUNgineer
Spam This Snack To Bring Renegades Back DrinkPurple
U S T I L O FUNgineer
U S T I L O FUNgineer
U S T I L O . FUNgineer
U S T I L O FUNgineer
U S T I L O FUNgineer
U S T I L O FUNgineer
U S T I L O FUNgineer
U S T I L O FUNgineer
U S T I L FUNgineer
DIGGITY NANA LUL
LOST TO LOBSTER FUNgineer
U S T I L O FUNgineer
DIGGITY NANA JUNGLE LUL
U S T I L O FUNgineer
U S T I L O FUNgineer
U S T I L O FUNgineer
AU chat WutFace
wtf LUL
BOTBODY LUL
WTF LUL
Spam This Snack To Bring Renegades Back DrinkPurple
CHINA CS BOTBODY LUL
/ TriHard
CHICKEN LUL
what was that LUL
NIFTY LUL
ONLY you have an m4 go push if i die no ones of my teammates can get LUL
BRING BACK THE CHICKEN SMOrc
wifty LUL
Diggity dawg TriHard
where my dawg's at? TriHard
xxcurate LUL
7 TriHard
U S T I L O FUNgineer
U S T I L O FUNgineer
Spam This Snack To Bring Renegades Back DrinkPurple
BNTET IS WALLHACKING PunOko
U S T I L O FUNgineer
U S T I L O FUNgineer
Fungineer FUNgineer
BAITTILO BAITTILO LUL
NA this EU that I'm a baby On Twitch chat BabyRage
Spam This Snack To Bring Renegades Back DrinkPurple
U S T I L O FUNgineer
POLAND BEN10 GOT THIS 4Head
callouts dont mean anything if nobody understands FailFish
U S T I L O FUNgineer
U S T I L O FUNgineer
Polish gods VoteYea
POLISH + CN PogChamp
FOR POLAND VoteYea
Spam This Snack To Bring Renegades Back DrinkPurple
Niggity TriHard
triMini dont talk to me or my son ever again TriHard
@Razex341 cmonBruh
NANA LUL
@razex341 cmonBruh
CHU MEAN cmonBruh
U S T I L O FUNgineer
NANA STRAT WAITING ROOM ResidentSleeper
EVERYTHING IS DIGITY, EVEN U KappaPride
@c0lbsk1 TyLUL chose inferno and rng punishing them ;)
Spam This Snack To Bring Renegades Back DrinkPurple
BNTET PROUD TO BE POLISH <3
SOMEBODY ONCE TOLD ME Kappa
@yErBoIjaY punishing? its 12-12 ? LUL
NA this EU that I'm a baby On Twitch chat BabyRage
hes indian FailFish
Banana split PogChamp
4 :3 LUL
NA CASTERS LUL
SPAM TO SUPPORT OUR POLISH ALL STAR BnTeT and xccurate 4Head
caster LUL
U S T I L O FUNgineer
that is not close cmon man caster FailFish
: Tyroo -> Ty-roo Australia -> Kange-roo BigPhishEasy for Tyroo BigPhish
POLAND X CHINA PogChamp
@kasite "heard" LUL
BnTeT and I grew up together in a village outside Krakow, Poland and now look at him. I still can't believe it, go my polish brother! PogChamp
@kasite your heard? Kappa
Member Cerq? SoBayed
Calling him X Curate 4Head
DeeDee omelet du fromage, that all you can say HotPokket
BnTeT and I grew up together in a village outside Krakow, Poland and now look at him. I still can't believe it, go my polish brother! PogChamp
: Tyroo -> Ty-roo Australia -> Kange-roo BigPhishEasy for Tyroo BigPhish
ben 10 LUL
BnTeT and I grew up together in a village outside Krakow, Poland and now look at him. I still can't believe it, go my polish brother! PogChamp
BnTeT and I grew up together in a village outside Krakow, Poland and now look at him. I still can't believe it, go my polish brother! PogChamp
Go my polish brother PogChamp
Somebody just got it Kreygasm
Tfw you get nana control PogChamp
BnTeT and I grew up together in a village outside Krakow, Poland and now look at him. I still can't believe it, go my polish brother! PogChamp
Spam This Snack To Bring Renegades Back DrinkPurple
@Tokoyami_Fumikage hope u get deleted from this earth <3
CHINA NUMBER ONE PogChamp
: Tyroo -> Ty-roo Australia -> Kange-roo BigPhishEasy for Tyroo BigPhish
BnTeT is from EU cmonBruh
RENE LUL
RENE S LUL
BnTeT and I grew up together in a village outside Mozambique,Africa and now look at him. I still can't believe it, go my african brother! PogChamp
C9 FAZE SK VP LUL
FAMAS'D LUL
BnTeT and I grew up together in a village outside Mozambique,Africa and now look at him. I still can't believe it, go my african brother! PogChamp
BnTeT and I grew up together in a village outside Mozambique,Africa and now look at him. I still can't believe it, go my african brother! PogChamp
: Tyroo -> Ty-roo Australia -> Kange-roo BigPhishEasy for Tyroo BigPhish
camptainmo LUL
ESL B stream subs LUL
BnTeT and I grew up together in a village outside Mozambique,Africa and now look at him. I still can't believe it, go my african brother! PogChamp
Spam This Snack To Bring Renegades Back DrinkPurple
GO MY TYLOO BOIS PogChamp
15-15 up the boys PogChamp
DIGGITY CARPET NANA JUNGLE LUL
Gg :(
SPAM THIS CAT TO BUY TACO A HAT DxCat
go tyloo / BibleThump
BEATS FAZE CAN"T BEAT TYLOO LUL
RNG throwing to give them a chance Kappa
POLISH PRIDES PogChamp
??? LUL
wtf LUL
RENE S LUL
csgo'd LUL
DIGGITY LUL
Niko quad kill PogChamp
GG LUL
NA this EU that I'm a baby On Twitch chat BabyRage
1G LUL
AU CS 1G CS Keepo
PIT = DIGGITY LUL
BaiTeT PogChamp
1G LUL
RNG 2-1 LUL
: Tyroo -> Ty-roo Australia -> Kange-roo BigPhishEasy for Tyroo BigPhish
1G LUL
AU LUL
BNTET IS NOT POLISH HIS INDO THEY HAVE SIMILIAR FLAGS LUL
JKAEM LUL
STEWIE2K PogChamp
blame the not AU player LUL
STEWIE? PogChamp
I tought Stewie was back to home cmonBruh
jkaem LUL
: Tyroo -> Ty-roo Australia -> Kange-roo BigPhishEasy for Tyroo BigPhish
Crusad3? BnTeT lose jersey? forsenOMEGA he may lose game too Kappa
NA this EU that I'm a baby On Twitch chat BabyRage
THESE ARE DYING FISH CASTERS SabaPing
NA this EU that I'm a baby On Twitch chat BabyRage
@dexstop45 from Malta KappaPride
bntet is indonesian not polish NotLikeThis
overproud indonesiand cant take a joke BabyRage
NA this EU that I'm a baby On Twitch chat BabyRage
BnTeT is from Poland Scrub you INDOGS Always claim everything Never give something SwiftRage
This caster on the right is such a KappaPride
RENEGADES BE LIKE : NotLikeThis
@KayozAU buy would u rather start in the quarterfinals or semifinals LUL
rly tyloo won first map? :(
aussies? real sports? aussie rules? OMEGA LUL
so many asians in chat so much PJSalt
We Tyloo We Take You Kangeroo Now We Ty-roo That Beat You BigPhish
CS real game? LUL
I've never seen a troll this sad in twitch chat EleGiggle
We Tyloo We Take You Kangeroo Now We Ty-roo That Beat You BigPhish
mother love me Long Time MingLee
@mrcrowleytv and yet people are still getting baited LUL
one more xD and I'm out FailFish
We Tyloo We Take You Kangeroo Now We Ty-roo That Beat You BigPhish
indog WutFace
@d0nnybrasco We Tyloo We Take You Kangeroo Now We Ty-roo That Beat You BigPhish
We Tyloo We Take You Kangeroo Now We Ty-roo That Beat You I bait d0nny too BigPhish
@Fiarpil LUL
We Tyloo We Take You Kangeroo Now We Ty-roo That Beat You I bait d0nny too BigPhish
We Tyloo We Take You Kangeroo Now We Ty-roo That Beat You I bait d0nny too BigPhish
We Tyloo We Take You Kangeroo Now We Ty-roo That Beat You BigPhish
Spam This Snack To Bring Renegades Back DrinkPurple
@d0nnybrasco at least I'm not named after a crappy B movie from the stone age LUL
We Tyloo We Take You Kangoroo Now We Ty-roo That Beat You BigPhish
Spam This Snack To Bring Renegades Back; DrinkPurple
We Tyloo We Take You Kangoroo Now We Ty-roo That Beat You BigPhish
@Foxyfluffy SPAM THIS CAT TO BUY TACO A HAT DxCat
chinese CS LUL
thinking supporting a team makes your superior 4Head
Spam This Snack To Bring Renegades Back; DrinkPurple
@t0p_bun LUL
@d0nnybrasco SPAM THIS CAT TO BUY TACO A HAT DxCat
I wish Grayhound were not eliminated :(
We Tyloo We Take You Kangoroo Now We Ty-roo That Beat You BigPhish
@MrCrowleyTV It's not counting Asian players? LUL
MrCrowleyTV more like 'the world is sleeping' LUL
@d0nnybrasco stay butthurt cuz ur team lost Inferno LUL
Spam This Snack To Bring Renegades Back DrinkPurple
NA this EU that I'm a baby On Twitch chat BabyRage
We Tyloo We Take You Kangoroo Now We Ty-roo That Beat You BigPhish
HELLO RENEGADES SK HERE we are at the airport where are you 4Head
@ShizzK they can try but they cant win LUL
HELLO RENEGADES SK HERE we are at the airport where are you 4Head
AUSTRALIA AUSTRALIA LUL
@dipakai1 they are already home LUL
NA this EU that I'm a baby On Twitch chat BabyRage
We Tyloo We Take You Kangoroo Now We Ty-roo That Beat You BigPhish
KOBE LUL
Spam This Snack To Bring Renegades Back DrinkPurple
HELLO RENEGADES SK HERE we are at the airport where are you 4Head
HELLO RENEGADES SK HERE we are at the airport where are you 4Head
TyLoo Train LUL
HELLO RENEGADES SK HERE we are at the airport where are you 4Head
sup Renegades C9 here waiting for you at the terminal we took the window seat btw 4Head
NIFTY LUL
HELLO RENEGADES SK HERE we are at the airport Can we have the window seats ? 4Head
We Tyloo We Take You Kangoroo Now We Ty-roo That Beat You BigPhish
POLAND VS AUSTRIA PogChamp
We Tyloo We Take You Kangoroo Now We Ty-roo That Beat You BigPhish
Austria CS PogChamp
U S T I L O FUNgineer
We Tyloo We Take You Kangoroo Now We Ty-roo That Beat You BigPhish
USTILO LUL
U S T I L O FUNgineer
Btw this caster is bad LUL
They say 9 out of 10 twitch users are dumb. I´m so glad to be in the other 1 percent 4Head
Spam This Snack To Bring Renegades Back DrinkPurple
A LOBSTER PogChamp
Spam This Snack To Bring Renegades Back DrinkPurple
sup Renegades C9 here waiting for you at the terminal we took the window seat btw 4Head
LOBSTER PogChamp
They say 9 out of 10 twitch users are dumb. I´m so glad to be in the other 1 percent 4Head
We Tyloo We Take You Kangoroo Now We Ty-roo That Beat You BigPhish
AFK ROUND LUL
USTILO IS A LOBSTER TOM FUNgineer
BnTeT is from Indonesia Scrub you POLAND Always claim everything Never give something SwiftRage
@d0nnybrasco We Tyloo We Take You Kangoroo Now We Ty-roo That Beat You BigPhish
K R I M Z FUNgineer
RENEG@YS LUL
CHINA NUMBA WAN FortOne MingLee
Poland CS PogChamp
We Tyloo We Take You Kangoroo Now We Ty-roo That Beat You BigPhish
jkaem LUL
RENEG@YS LUL
that sens tho NotLikeThis
300IQ PogChamp
SO CLOSE LUL
∞ sens NotLikeThis
SOMEBODY UMP LUL
all of your sens are low and you’re still bad LUL
BNTET TO VP PogChamp
We Tyroo We Eat Yo Kangaroo BigPhish
RENEG@YS LUL
We Tyroo We Eat Yo Kangaroo BigPhish
RENEGADES PICK THIS MAP LUL
We Tyroo We Eat Yo Kangaroo BigPhish
China Number One BigPhish
We Tyroo We Eat Yo Kangaroo BigPhish
BnTeT is from Poland Scrub you INDOGS Always claim everything Never give something SwiftRage
BnTeT and I grew up together in a village outside Mozambique,Africa and now look at him. I still can't believe it, go my african brother! PogChamp
- pasha + bntet BEST POLISH TEAM PogChamp
SPAM THIS CAT TO BUY TACO A HAT DxCat
POLISH CS PogChamp
SPAM THIS CAT TO BUY TACO A HAT DxCat
We Tyroo We Eat Yo Kangaroo BigPhish
SK is waiting for you at airport Renegades LUL
POLEN CS SeemsGood
We Tyroo We Eat Yo Kangaroo BigPhish
BnTeT and I grew up together in a village outside Quadong ,China and now look at him. I still can't believe it, go my chinese brother! PogChamp
BnTeT is from Indonesia Scrub you POLAND Always claim everything Never give something SwiftRage
BnTeT is from Poland Scrub you INDOGS Always claim everything Never give something SwiftRage
BnTeT and I grew up together in a village outside Mozambique,Africa and now look at him. I still can't believe it, go my african brother! PogChamp
BnTeT and I grew up together in a village outside Mozambique,Africa and now look at him. I still can't believe it, go my african brother! PogChamp
did he just say beach? cmonBruh
BnTeT and I grew up together in a village outside Quadong ,China and now look at him. I still can't believe it, go my chinese brother! . PogChamp
RENEGADES LUL
BnTeT and I grew up together in a village outside Mozambique,Africa and now look at him. I still can't believe it, go my african brother! PogChamp
BnTeT is from Indonesia Scrub you POLDOG Always claim everything Never give something SwiftRage
BNTET IGL STRATS PogChamp
bye ytb HeyGuys
RENEPAUSE LUL
RNG THROWING FOR SKINS LUL
Spam This Snack To Bring Renegades Back DrinkPurple
RENEPAUSE LUL
BnTeT and I grew up together in a village outside Mozambique,Africa and now look at him. I still can't believe it, go my african brother! PogChamp
We Tyroo We Eat Yo Kangaroo BigPhish
BnTeT and I grew up together in a village outside Mozambique,Africa and now look at him. I still can't believe it, go my african brother! PogChamp
BnTeT is from Poland Scrub you INDOGS Always claim everything Never give something SwiftRage
We Tyroo We Eat Yo Kangaroo BigPhish
BnTeT is from Indonesia Scrub you POLDOG Always claim everything Never give something SwiftRage
@tokoyami_fumikag i was wondering where you disappeared LUL
We Tyroo We Eat Yo Kangaroo And Know Kung Fu BigPhishLUL BigPhish
: We Tyroo We Eat Yo Kangaroo And Know Kung Fu BigPhish
We Tyroo We Eat Yo Kangaroo And Know Kung Fu ; BigPhish
@c0lbsk1 that account is gone now BibleThump
Spam This Snack To Bring Renegades Back DrinkPurple
biased caster LUL
We Tyroo We Eat Yo Kangaroo And Know Kung Fu BigPhishMingLee BigPhish
TYLOO IS UNDERGOD FutureMan
BnTeT is from Poland Scrub you INDOGS Always claim everything Never give something SwiftRage
We Tyroo We Eat Yo Kangaroo And Know Kung Fu BigPhishMingLee BigPhish
@tokoyami_fumikag :(
BnTeT and I grew up together in a village outside Mozambique,Africa and now look at him. I still can't believe it, go my african brother! PogChamp
: We Tyroo We Eat Yo Kangaroo And Know Kung Fu BigPhish
We Tyroo We Eat Yo Kangaroo And Know Kung Fu Ming Lee BigPhish
PANDAs are PUNCH kangaroos TO DIE BibleThump
We Tyroo We Eat Yo Kangaroo And Know Kung Fu Ming Lee BigPhish
BotCurate LUL
We Tyroo We Eat Yo Kangaroo And Know Kung Fu ; BigPhish
BNTET AWP PogChamp
\ MingLee
U S T I L O FUNgineer
bntet awping NotLikeThis
Numba Wan ☝ MingLee
SPAM THIS NOODLE TO HELP SKADOODLE pastaThat
phoon PogChamp
: We Tyroo We Eat Yo Kangaroo And Know Kung Fu BigPhish
BnTeT is from Poland Scrub you INDOGS Always claim everything Never give something SwiftRage
We Tyroo We Eat Yo Kangaroo And Know Kung Fu Ming Lee BigPhish
BnTeT is from Poland Scrub you INDOGS Always claim everything Never give something SwiftRage
We Tyroo We Eat Yo Kangaroo And Know Kung Fu And Have One Polish Player Too BigPhish
BnTeT and I grew up together in a village outside Mozambique,Africa and now look at him. I still can't believe it, go my african brother! PogChamp
We Tyroo We Eat Yo Kangaroo BigPhish
7 MingLee
BnTeT and I grew up together in a village outside Mozambique,Africa and now look at him. I still can't believe it, go my african brother! PogChamp
Thats lacist MingLee
7 MingLee
We Tyroo We Eat Yo Kangaroo And Know Kung Fu And Have One Polish Player Too BigPhish
RIP LUL
jkaem LUL
: We Tyroo We Eat Yo Kangaroo And Know Kung Fu BigPhish
China PogChamp
SL STACK LUL
BnTeT and I grew up together eating dogs on the streets of Jakarta, Indonesia and now look at him. I still can't believe it, go my Indonesian brother! PogChamp
Esl mod is capitalist cmonBruh
CaptainMo PogChamp
GODmo Kreygasm
renegades should disband, grayhound better team :D
We Tyroo We Eat Yo Kangaroo And Know Kung Fu And Have One Polish Player Too BigPhish
Nice peek LUL
bntet awp PogChamp
nice peek LUL
poland cs PogChamp
@hannan We Tyroo We Eat Yo Kangaroo And Know Kung Fu And Have One Or Two Polish Player Too BigPhish
Spam This Snack To Bring Renegades Back DrinkPurple
molly to Jebaited
Team of Pause LUL
We Tyroo We Eat Yo Kangaroo BigPhish
Syak90 LUL
<<<< thirsty FUNgineer
Spam This Snack To Bring Renegades Back DrinkPurple
3 still chinese PogChamp
BnTeT and I grew up together eating dogs on the streets of Jakarta, Indonesia and now look at him. I still can't believe it, go my Indonesian brother! PogChamp
USTILO IS A LOBSTER TOM LUL
WE TYROO WE BIG POO WE KUNG FU RNG POO POO BigPhish
We TyROO , We Eat Bakso, and We Got 2 Polish Boys and Always Carrying CHINESE BOYS :D
U S T I L O FUNgineer
Foxyfluffy cmonBruh
@Fiarpil cmonBruh
U S T I L O FUNgineer
We Tyloo We Eat Yo Kangaroo And Know Kung Fu We Have Polish Player Too BigPhish
We Tyloo We Eat Yo Kangaroo And Know Kung Fu We Have Polish Player Too BigPhish
gaygun LUL
auto LUL
SCAR LUL
AUTOSNIPER LUL
GAYGUN LUL
dakdak LUL
GAYGUN LUL
auto LUL
GAYGUN LUL
GAYGUN LUL
AUTOSNIPER HAS BEEN BOUGHT THE DISRESPECT IS REAL LUL
We Tyloo We Eat Yo Kangaroo And Know Kung Fu We Have Autoniper Too BigPhish
D K D K LUL
GAYGUN LUL
AUTO PogChamp
AUTOSNIPER IS LEGIT PogChamp
AUTO NOOB LUL
AUTONOOB LUL
TIMING LUL
so uncivilised Kappa
6IX9INE KappaPride
SPAM THIS CAT TO BUY TACO A HAT DxCat
We Tyloo We Eat Yo Kangaroo And Know Kung Fu We Have Polish Player Too BigPhish
RNG EZ WIN BigPhish
BnTeT is from Poland Scrub you INDOGS Always claim everything Never give something SwiftRage
check corner captain?!?!?! BrokeBack
BnTeT is from Poland Scrub you INDOGS Always claim everything Never give something SwiftRage
gaming laptops LUL
We Tyloo We Eat Yo Kangaroo And Know Kung Fu We Have Polish Player Too BigPhish
BnTeT is from Indonesia Scrub you POLDOG Always claim everything Never give something SwiftRage
69 Kreygasm
BnTeT is from Indonesia Scrub you POLDOG Always claim everything Never give something SwiftRage
TY LUL
BnTeT is from Indonesia Scrub you POLDOG Always claim everything Never give something SwiftRage
We Tyloo We Eat Yo Kangaroo And Know Kung Fu We Have Polish Player Too BigPhish
Austria PogChamp
STREAM IS BEHIND: RNG WINS THIS MAP. CHECK HLTV BigPhish
kit + smoke LUL
: We Tyroo We Eat Yo Kangaroo And Know Kung Fu BigPhish
We Tyloo We Eat Yo Kangaroo And Know Kung Fu We Don't Need Pistol Round Too BigPhish
Spam This Snack To Bring Renegades Back DrinkPurple
TY LUL
tyloo 1-0 = tyloo noob LUL
We Tyloo We Eat Yo Kangaroo And Know Kung Fu We Have Polish Player Too RNG Fans Shoo BigPhish
Ga LUL
Taiwan numba wan EleGiggle
: We Tyroo We Eat Yo Kangaroo And Know Kung Fu BigPhish
ga LUL
We Tyloo We Eat Yo Kangaroo And Know Kung Fu We Have Polish Player Too BigPhish
China numba wan 4Head
We Tyloo We Eat Yo Kangaroo And Know Kung Fu We Have Polish Player Too BigPhish
@chipskilIed cheating in the LULER spam pathetic LUL
nice spam there LUL
All these silvers FailFish
clown9 stuck in 9 LUL
vac LUL
We Tyloo We Eat Yo Kangaroo And Know Kung Fu We Have Polish Player Too BigPhish
save UMP LUL
gg LUL
: We Tyroo We Eat Yo Kangaroo And Know Kung Fu BigPhish
polish stars PogChamp
jks :(
TYLOO ERA PogChamp
USTILO IS A LOBSTER TOM PogChamp
Faze lose to this LUL
We Tyloo We Eat Yo Kangaroo And Know Kung Fu We Have Polish Player Too BigPhish
We Tyloo We Eat Yo Kangaroo And Know Kung Fu We Have Polish Player Too BigPhish
: We Tyroo We Eat Yo Kangaroo And Know Kung Fu BigPhish
SL=StarLaddar Kappa
Sri Lanka LUL
We Tyloo We Eat Yo Kangaroo And Know Kung Fu We Have Polish Player Too BigPhish
We Tyloo We Eat Yo Kangaroo And Know Kung Fu We Have Polish Player Too dichole BigPhish
NA this EU that I'm a baby On Twitch chat BabyRage
what hall cmonBruh
We Tyloo We Eat Yo Kangaroo And Know Kung Fu We Have Polish Player Too dichole BigPhish
lulTwitch Prime: We Tyloo We Eat Yo Kangaroo And Know Kung Fu We Have Polish Player Too dichole BigPhish
ECO > TYLOO LUL
We Tyloo We Eat Yo Kangaroo And Know Kung Fu We Have Polish Player Too BigPhish
tyloo in semi-finals WutFace
We Tyloo We Eat Yo Kangaroo And Know Kung Fu We Have Polish Player Too BigPhish
CZ:GO LUL
We Tyloo We Eat Yo Kangaroo And Know Kung Fu We Have Polish Player Too BigPhish
SL = Poland bntet LUL
@armpitsniffer420 ? SoBayed
: We Tyroo We Eat Yo Kangaroo And Know Kung Fu BigPhish
bntet PogChamp
JKS AWP Kreygasm
@hokieboy01 I have done nothing but try to kickstart my copypasta We Tyloo We Eat Yo Kangaroo And Know Kung Fu We Have Polish Player Too BigPhish
5-15 LUL
sure ez eco Kappa
upper bracket has 12k :Dlower 50 LUL
its singapore LUL
Austria CS NotLikeThis
We Tyloo We Eat Yo Kangaroo And Know Kung Fu We Have Polish Player Too BigPhish
@foxyfluffy LUL
Poland pride bntet LUL
We Tyloo We Eat Yo Kangaroo And Know Kung Fu We Have Polish Player Too BigPhish
CAPTAIN MO PogChamp
DADDY MO Kreygasm
: We Tyroo We Eat Yo Kangaroo And Know Kung Fu BigPhish
We Tyloo We Eat Yo Kangaroo And Know Kung Fu We Have Polish Player Too BigPhish
5/15 :(
m0e PogChamp
mOE PogChamp
TYLOO ERA PogChamp
AU VS LUL
RENESAVE LUL
POLISH TIER 1 TEAM LUL
We Tyloo We Eat Yo Kangaroo And Know Kung Fu We Have Polish Player Too Now We Eliminate You BigPhish
I am the captain Mao MingLee
@ToadTNS SeemsGood
RENEGADES PICK THIS MAP NotLikeThis
TYLOO ERA BigPhish
TYLOO>RENEGADES>FAZE 4Head
RNG COMEBACK IZI Kappa
TYLOO semin-final wtf PogChamp
losing to ty LUL
tyloo in mode TriHard
renegays vs TyWin :)
BnTeT to VP PogChamp
this caster LUL
BEN TEN VS STAR LORD PogChamp
AU fans? SoBayed
AU CS LUL
AU CS LUL
RENEPAUSE LUL
We Tyloo We Eat Yo Kangaroo And Know Kung Fu We Have Polish Player Too Now We Eliminate You BigPhish
We Tyloo We Eat Yo Kangaroo And Know Kung Fu We Have Polish Player Too MingLee
renepause LUL
AU CS LUL
nana = banana, diggity = pit, sl = popdog/drop. nice SeemsGood
Faze Lost To This? EleGiggle
AU era over LUL
Rush died to a Molotov in the C9 map like from being hit by it not from the fire LUL
CHINA CS IS #1 IN THE WORLD. CHINA NUMBA ONE. TYROO NUMBA WON. BigPhish
We Tyloo We Eat Yo Kangaroo And Know Kung Fu We Have Polish Player Too Now We Eliminate You BigPhish
RENEPAUSE LUL
HELLO FAZE 📞 SK HERE 📞 WE'RE WAITING AT THE AIRPORT 📞 SEE YOU SOON 📞 4Head
We Tyloo We Eat Yo Kangaroo And Know Kung Fu We Have Polish Player Too MingLee. MingLee
We Tyloo We Eat Yo Kangaroo And Know Kung Fu We Have Polish Player Too MingLee
nifty crying BibleThump
HELLO RRenegades 📞 SK HERE 📞 WE'RE WAITING AT THE AIRPORT 📞 SEE YOU SOON 📞 4Head
We Tyloo We Eat Yo Kangaroo And Know Kung Fu We Have Polish Player Too MingLee
POLISH/INDONESIAN CS Kreygasm
lulTwitch Prime: We Tyloo We Eat Yo Kangaroo And Know Kung Fu We Have Polish Player Too dichole BigPhish
We Tyloo We Eat Yo Kangaroo And Know Kung Fu We Have Polish Player Too MingLee
? KappaPride
GOING HARD, GOING IN KappaPride
: We Tyroo We Eat Yo Kangaroo And Know Kung Fu BigPhish
gg LUL
GOD MO PogChamp
Regardless, Renegades are getting to the play offs SeemsGood
captain TriHard
going hard going in Kreygasm
CHINA > AUSTRALIA LUL
I AM DA CAPTAIN MAO MingLee
why most of the commentator doesnt play csgo anymore :(
AU CS LUL
: We Tyroo We Eat Yo Kangaroo And Know Kung Fu RNG POO POO BigPhish
@Black_Magician_7 / TriHard
CHINA NUMBA WAN MingLee
TAIWAN NUMBA WAN MingLee
going hard going in KappaPride
We Tyloo We Eat Yo Kangaroo And Know Kung Fu We Eliminate You BigPhish
austria CS FailFish
@Yurik4a 7 TriHard
We Tyloo We Eat Yo Kangaroo And Know Kung Fu We Have Polish Player Too Now We Eliminate You BigPhish
Poland numba wan 4Head
asian polish PogChamp
SL CONTROL Kappa
We Tyloo We Eat Kangaroo And Know Kung Fu Now Eliminate You BigPhish
TY LUL
We Tyloo We Eat Yo Kangaroo And Know Kung Fu We Have Polish Player Too MingLee
where's my dawgs at? 7 TriHard
7 TriHard
7 SUP TriHard
WE ARE TYLOO WE HAVE CHANG WE HAVE POLISH PLAYERS Kappu
We Tyloo We Eat Kangaroo And Know Kung Fu Now Eliminate You BigPhish
AFK LUL
Austria CS FailFish
nice Kappu
GG LUL
: We Tyroo We Eat Yo Kangaroo And Know Kung Fu BigPhish
RENEPAUSE LUL
MOOOOOOOOOOOOOOOOOOOOOOO SwiftRage
kangaroo cs LUL
RENEGODS PogChamp
RIP AUSSIE CS BibleThump
TYROO MingLee
train T map LUL
kangaroo blood? LUL
TYLOO IN SEMI FINALS LUL
Renegades is actually trash LUL
AUSTRIA CS LUL
caster doesn't know world flags LUL
TK LUL
TK LUL
Faze lost to this LUL
EU > CN > AU > NA NA CS LUL
TK LUL
TK LUL
We Tyroo We Eat Kangaroo And Know Kung Fu Now We Eriminate You BigPhish
BADLUCK LUL
STAFF LOOKING FOR CHEATS LUL
those guys are so asian LUL
RENEPAUSE LUL
: We Tyroo We Eat Yo Kangaroo And Know Kung Fu RNG POO POO BigPhish
PAUSE LUL
RENEPAUSE LUL
RENRTHROW BigPhish
We Tyloo We Eat Yo Kangaroo And Know Kung Fu We Have Polish Player Too MingLee
USTI LUL
U S T I L O FUNgineer
BnTeT top1 polish player SeemsGood
RENRTHROW BigPhish
TaZ? FUNgineer
no spirit anymore :D
RENRTHROW BigPhish
Faze lose to this SoBayed
U S T I L L O FUNgineer
TYLUL BEST POLISH TEAM PogChamp
TYROOS > RENEGODS BigPhish
Faze lose to this SoBayed
CN CSGO SeemsGood
China + Poland = SL HeyGuys
TYLOO THE POLISH TEAM WITH CHINESE 4Head
AU CS BEST CS LUL
We Tyroo We Eat Kangaroo And Know Kung Fu Now We Eriminate You BigPhish
USTYLOL LUL
BOTSTILO LUL
DADDY MO Kreygasm
4:3 LUL
MODS LUL
Aussie Aussie Aussie oi oi oi Kappa
GG LUL
GG LUL
BNTET PogChamp
AU CS LUL
BOT JKS LUL
bntet PogChamp
bntet Kreygasm
POLAND PRIDE PogChamp
1v3 PogChamp
Clap LUL
AUSTRIA CS LUL
TYLOO PogChamp
OMG PogChamp
POLISH CS PogChamp
GOD BNTET PogChamp
No one watching uppers LUL
Looks away when the teammate has lower covered LUL
GOD BNTET PogChamp
GodTeT PogChamp
polish god PogChamp
casters don't cry LUL
ACTUALLY WORSE THAN SK LUL
OMEGA LUL
AU HeyGuys
WHO?? PogChamp
AU LUL
RNG LUL
FAZE LOST TO THIS LUL
CHINA PogChamp
GG EZ LUL
TYLOO LUL
Faze lose to this SoBayed
CHINESE OVERLORDS Kreygasm
TIER 5 AUSTIAN TEAM LUL
SOMEBODY ISSA GOD Kreygasm
CRUSADE LUL
WAT A GOD LUL
CHINA CS NUMBA WAN MingLee
TYROO PogChamp
FAZE LUL
AU CS LUL
TyLoo <3
RENEBOTS LUL
AU CS LUL
Gg to both teams <3
Faze lose to this SoBayed
at least c9 lost to the better team 4Head
GG EZ LUL
TYLOO TO SEMIS PogChamp
SMILE LUL
China numba one PogChamp
smile autside but inside BibleThump
CHINA NUMBA WAN PogChamp
source 2.0 PogChamp
FAZE LOSE TO THIS SoBayed
source 2.0 on poland PogChamp
INDO NUMBA 1 CHINA NUMBA 2 AU NUMBA 10 LUL
they will choke just harder not bounce back harder LUL
CHINA CS MingLee
RNG FANS BibleThump
Faze lose to this SoBayed
Chao ni ma LUL
these ads ResidentSleeper
Turok Kappa
faze lost to this LUL
NA this EU that I'm a baby On Twitch chat BabyRage
SK LOCATION? LUL
someone banned me from talking LMAO LUL
devve <3
astralis recent record over fnatic - 6 maps in a row only 1 map double digit ResidentSleeper
JW and Flusha over Krimz ? DansGame
checking maps must be bettors LUL
@apmaskinen betting fnatic LUL
NA this EU that I'm a baby On Twitch chat BabyRage
freaking jw Jebaited
no dust2 BibleThump
Let's be real here. Fnatic have no chance against this Astralis LUL
NA this EU that I'm a baby On Twitch chat BabyRage
cayche WutFace
AUZZIE CASTERS Kreygasm
astralis printing money winning every match LUL
NA this EU that I'm a baby On Twitch chat BabyRage
krimz already dead though LUL
can't run from astralis LUL
astralis free money last 2 tournament LUL
1.30 v NRG. 1.50 v MOUSE. 1.30 v FNC. LUL
JW VAC BANNED PogChamp
magisk!! PogChamp
jw PogChamp
Magisk <3
nt JW BUT LETS GO ASTRALIS <3
Faze vs C9 50k views LUL
DEVICE GOD PogChamp
ez eco frags LUL
GIVE OVERPASS TO ASTRALIS EZ WIN LUL
GA LUL
Krimz LUL
yes @jullemusen :D
faze need some of this astralis coordination LUL
Duppe duppe duppe dup dup dup, duppe duppe duppe yeah ohh yeah :D
TÄÄLLÄ KANNUSTETAAN NYT ALLUA DatSheffy
SPAM This COKE TO MAKE Faze Choke PJSalt
@Crappyusername De svenskere skal ikke tro de er noget :p
Player: Tom Cruise, Caster: Tom Hanks Keepo
#1 in the EarthDay
JWONDERPIG LUL
8k viewers LUL
JWONDERPIG LUL
JWONDERPIG SeemsGood
lekro DEAG LUL
8k viewers for #1 match LUL
JWONDERPIG LUL
Ska retiring again Hltv confirmed LUL
fnatic get 11 rnds pls :)
JWONDERPIG WutFace
JWONDERPIG LUL
JWONDERPIG LUL
Yea it's kinda clear m8 @ZiadT :)
@Hessel2k well done Jebaited
ToTheStars <3
#ToTheStars <3
x5 for fnatic LUL
Fnatic Major winner LUL
lekr0 awp LUL
smoke criminal Kappa
JWONDERPIG LUL
So you still didn't answer the question, what's your faceit rank Mr. High skill? @Hessel2k :)
lekro LUL
fnatic boostmeister incoming Comeback is real boys Kappa
fnabot :D
SPAM THIS SNACK TO HELP ASTRALIS COME BACK DoritosChip
JWONDERPIG LUL
@StrangersMN youd go gay for tomato face? WutFace
BM LUL
SPAM THIS SNACK TO HELP ASTRALIS COME BACK S DoritosChip
SPAM THIS COKE TO MAKE FAZE CHOKE DrinkPurple
SPAM THIS SNACK TO HELP ASTRALIS COME BACK DoritosChip
SPAM THIS SNACK TO HELP ASTRALIS COME BACK m DoritosChip
astralis printing money for bettors 1.30 - 1.50 every game LUL
@Hessel2k stop digging yourself in a deeper hole LUL
SPAM THIS SNACK TO HELP ASTRALIS COME BACK m DoritosChip
@Hessel2k you're insulting my name, but you're name is as unoriginal as your insults LUL
NA this EU that I'm a baby On Twitch chat BabyRage
16:0 BlessRNG
SPAM DoritosChip
SPAM THIS SNACK TO HELP ASTRALIS COME BACK DoritosChip
@ZiadT LUL
ECOed LUL
pro deag LUL
@Hessel2k when you insult names when you're literally fanboyin some random washed up NA player LUL
@Crotiz1 LUL
His opening arguement was that fnatic lost game from round 1 because they lost pistol @norskeNNNN FailFish
SPAM THIS TO MAKE SVENSKERNE KOLD LUL
ECO > Any team LUL
@kluna_kun LUL
reset bonus LUL
SPAM THIS LOL TO MAKE SVENSKERNE KOLD LUL
SPAM THIS LOL TO MAKE SVENSKERNE KOLD LUL
more like Hessel2k-iwal LUL
reset bonus LUL
lekro pls delete :)
xypgod Kreygasm
Hessel changing subject again LUL
Snake2Kaka adrenPoo LUL
shewie is washed up he says LUL
KRIMZ 1 kill in 8 rounds PogChamp
flusha 1-8 krimz 1-7 LUL
fnatic 4Head
JW LUL
jw LUL
SPAM THIS LOL TO MAKE SVENSKERNE KOLD LUL
JW LUL
@ZiadT true dat :D
J W LUL
@thecalle flusha mods 😏 PogChamp
RING 112 IGANGVÆRENDE VOLDTÆGT LUL
G DEN LUL
@crotiz1 lol yeah I sort have a guilty pleasure in slowly dismantelling trolls' arguments I guess LUL
the bomb is still there LUL
8-16 Kappa
Fnoobtic LUL
CZ machine broke LUL
Except he's not a troll, hes' being 100% serious and still making a fool out of himself @HeroGut LUL
@crotiz1 LUL
10k viewers LUL
Dead game LUL
9 rnds fnatic :)
GG C9 :(
free plant LUL
2 bombs Kappa
NA this EU that I'm a baby On Twitch chat BabyRage
2 bombs Kreygasm
2 bombs new meta LUL
@nik_fantocone NA CS LUL
half 1g LUL
bot magisk LUL
Astralis cheating, taking 2 bombs to overpass Kappa
NA this EU that I'm a baby On Twitch chat BabyRage
NA CLOWN 9 LUL
flusha turn on cheat beware LUL
fnatic losing ct side overpass LUL
go win astralis :D
NO OLOFBOOST NO WIN LUL
📞 HELLO CLOWN 9? 📞 SK HERE 📞 WHY SO LATE 📞 STEWIE IS GETTING MAD 📞 BTW NRG TOOK THE WINDOW SEAT 📞 4Head
SPAM This Coke To Help Astralis Choke DrinkPurple
jw bait LUL
NA this EU that SPAM this baby in the chat BabyRage
C9 SeemsGood
padokist cmonBruh
nt :D
NICE FLASH LUL
NA this EU that SPAM this baby in the chat BabyRage
team flash LUL
@soda_is_pleb sodafriend FeelsGoodMan 👉 <3
SPAM This Coke To Help Astralis Choke DrinkPurple
jw LUL
jw teamflashed LUL
C9 going home LUL
JWONDERPIG LUL
jhat LUL
@drowzyX Kreygasm
All Americas are gone LUL
JWONDERCHOKE BigPhish
NA this EU that SPAM this baby in the chat BabyRage
JWONDERDEAD LUL
📞 HELLO CLOWN 9? 📞 SK HERE 📞 WHY SO LATE 📞 STEWIE IS GETTING MAD 📞 BTW NRG TOOK THE WINDOW SEAT 📞 4Head
= Dupreeh KappaPride
NA this EU that SPAM this baby in the chat BabyRage
@soda_is_pleb is the new emote BCWarrior
8-16 comfrim hltv LUL
16-8 LUL
1g LUL
NA this EU that SPAM this baby in the chat BabyRage
1G LUL
dup 4Head
dupreeh throwing LUL
dup , this is fine 4Head
BM LUL
19k's JW 2015 PogChamp
Jw era is back PogChamp
JW PogChamp
NA this EU that SPAM this baby in the chat BabyRage
SPAM THIS SNACK TO HELP FNATIC COME BACK DoritosChip
JW > TSM 2015 IS BACK PogChamp
16-6 LUL
Jw 134 ADR Kreygasm
PICK OVERPASS AGAINST JW LUL
@nukemandiasss its a handicapped PogChamp
REKT LUL
that boost LUL
boosting in 2018 LUL
NA this EU that SPAM this baby in the chat BabyRage
botgolden LUL
synergy LUL
NICE BOOST LUL
THATS NOT OLOFS SON LUL
@gabrahamlincoln NotLikeThis
How do I download omegalol? :)
FNATIC BOOST IN OVERPASS LUL
poggers = OSFrog
FNATIC IN 2K18 LUL
FNATIC BOOSTING IN 2018 OMEGA LUL
NA this EU that SPAM this baby in the chat BabyRage
Cloud9 in 2018 =Vision in infinity war LUL
JW Clap OpieOP
NO OLOF NO BOOST 4Head
Enable OMEGALUL PunOko
@vlees bootleg emotes DansGame
NA this EU that SPAM this baby in the chat BabyRage
@a6h1sh3k cobble LUL
I saw that cmonBruh
@thecalle TriHard
thanos has all 6 stones MingLee
NA this EU that SPAM this baby in the chat BabyRage
Hegge10 SeemsGood
zadokist cmonBruh
Bruce wayne dies PogChamp
liberal mods of esl channel BrokeBack
TYLOO ERA NOW PogChamp
SPAM THIS SNACK TO HELP FNATIC COME BACK DoritosChip
TYROO MingLee
@thecalle flusha mod PogChamp
CH1NA NVMBA UAN LUL
Astralis-TyLoo 2018 = fnatic-EnVy 2015 PogChamp
Hegge10 me? nooo Kappa
forsenCD LUL
NA this EU that SPAM this baby in the chat BabyRage
@thecalle LUL
D C EleGiggle
FLUSHA CHEAG IS BROKEN LUL
AUDI PogChamp
NA this EU that SPAM this baby in the chat BabyRage
BnTeT POLISH GOD PogChamp
LETS GO FNATIC <3
CZ LUL
good :D
GG LUL
Fnatic LUL
czgo loool 4Head
Where is Renepause 4Head
fnatic 5 more BlessRNG
FLUSHA CHEAT IS BROKEN LUL
NA this EU that SPAM this baby in the chat BabyRage
JW + 4 bots vs. Astralis LUL
Flusha raid HeyGuys
jw vs 9 LUL
NA this EU that SPAM this baby in the chat BabyRage
AUSTRALIS LUL
@nik_fantocone ResidentSleeper
@bioodsplat like 30+ got removed LUL
NA this EU that SPAM this baby in the chat BabyRage
CZGO LUL
flusha cheating again LUL
flusha PogChamp
good :D
that duck LUL
Krimz stop throwing GOWKratos
device so handsome Kappa
crouched Jebaited
NA CS LUL
fna BlessRNG
📞 HELLO CLOWN 9? 📞 SK HERE 📞 WE ARE STILL WAITING 📞 WHY SO LATE 📞 STEWIE TOOK THE WINDOW SEAT 📞 4Head
Dev1ce Kreygasm
NA this EU that SPAM this baby in the chat BabyRage
📞 HELLO FAZE? 📞 SK HERE 📞 NIKO IS ALREADY PACKING📞 DONT BE LATE 📞 WE ARE STILL WAITING 📞 4Head
JW VAC JOKES IN 2K18 LUL
NA this EU that SPAM this baby in the chat BabyRage
nice astralis :D
Tyloo top1 HLTV PogChamp
21k viewers for a CSGO MAJOR GRAND FINAL DEAD GAME LUL
xccurate > device TehePelo
its VP VoteNay
21k viewers for a MAJOR FINAL LUL
DEAD GAME JOKES IN 2K18 LUL
dead memes ResidentSleeper
NA this EU that SPAM this baby in the chat BabyRage
KOBE LUL
NA this EU that SPAM this baby in the chat. BabyRage
FLUSHA CHEAT IS BROKEN LUL
FLUSHA CHEAT IS BROKEN LUL
good :D
Fnatic go home LUL
Krimz top 1 btw LUL
FNATIC NO CHEAT NO GLORY LUL
"FNATIC IS BACK" EleGiggle
NA this EU that SPAM this baby in the chat BabyRage
FNATIC IS BACK LUL
NA this EU that SPAM this baby in the chat. BabyRage
POGGERS ? cmonBruh
NA this EU that SPAM this baby in the chat BabyRage
FLUSHA NEED ANOTHER MOUSE LUL
ELFISHGUY MATHS BrokeBack
TOM CRUISE Kreygasm
FLUSHA NEED A NEW MOUSE LUL
>THINKING THIS IS THE GRAND FINAL SuperVinlin
only 21k viewers in a grand final of a major? dead game LUL
NA this EU that SPAM this baby in the chat BabyRage
We have 4v3 Golden still alive LUL
good guys :D
ez LUL
💯 BILLION MAJOR FINAL 21k viewers LUL
DUPREEH Kreygasm
DUPREEH PogChamp
FNATIC IN 2K18 LUL
@Dachyeo Jebaited
dupreeh PogChamp
NA this EU that SPAM this baby in the chat BabyRage
TAPREE Kreygasm
THE CS FROM ASTRALIS AH Kreygasm
KRIMZ LUL
0 T rounds ResidentSleeper
Dupreeh PogChamp
NA this EU that SPAM this baby in the chat. BabyRage
krimz ResidentSleeper
tilted LUL
@Zeus_moe Super dead game man and chat just refuses to believe. Only 21k viewers on the final of a major LUL
Great major LUL
MAJOR GRAND FINAL 20K VIEW DEAD GAME LUL
---- Is that a David De Gea? OSSmooth
FLUSHA NO CHEAT, 10 KILLS LUL
KRO LUL
NA this EU that SPAM this baby in the chat BabyRage
@Monstrocitie still using that joke kys ResidentSleeper
@bluecichlid LUL
SILVER LUL
DEVICE KappaPride
running fire LUL
niceeee :D
so EZ LUL
FREENATIC LUL
brainless Fnatic LUL
@Monstrocitie still not funny try something new :(
matchmaking strats EleGiggle
FNATIC, NO CHEAT, NO GLORY LUL
@deukp cmonBruh
FLUSHA NEED ANOTHER MOUSE LUL
SPAM THIS DRINK TO HELP FNATIC THINK DrinkPurple
FLUSHA NEED A NEW MOUSE LUL
SPAM THIS DRINK TO HELP FNATIC THINK DrinkPurple
Winners match less viewers LUL
FLUSHA NEED A NEW MOUSE LUL
SPAM THIS DRINK TO HELP FNATIC THINK DrinkPurple
NA this EU that SPAM this baby in the chat BabyRage
JW LUL
JW LUL
ot inc? Kappa
NA this EU that SPAM this baby in the chat BabyRage
Golden is never ready Kappa
comeback Kappa
POGGERS ? cmonBruh
K R I M Z FUNgineer
FLUSHA, NO CHEAT, NO GLORY LUL
Transparent ? CoolCat
@goubzz pm me server ip. mods trying to shut up down SMOrc
NA this EU that SPAM this baby in the chat BabyRage
post deleted before anyone saw it . LUL
@virusbabyface17 EleGiggle
ASTRALUL LUL
mods are working hard today. good job LUL
NA this EU that SPAM this baby in the chat. BabyRage
CHOKESTRALIS LUL
Fnatic needs to get used to new gear #stopplaying Kappa
D C did nothing wrong Kappa
HAX ON PogChamp
FLUSHA NO CHEAT, NO WIN LUL
SPAM THIS CAT TO BUY TACO A HAT DxCat
NA this EU that SPAM this baby in the chat BabyRage
SPAM THIS DRINK TO HELP FNATIC THINK DrinkPurple
that emote is banned in this chat LUL
JW FailFish
FLUSHA NEED A NEW MOUSE LUL
DOC RAID DOC RAID DOC RAID DOC RAID DxCat
✍🏿 cmonBruh
"lowest human" LUL
NA this EU that SPAM this baby in the chat BabyRage
fnatic takes cache and inferno Kappa
JW trying to save own stats FailFish
boyish giggles ✍🏿 cmonBruh
FLUSHA, NO CHEAT, NO GLORY LUL
DOC RAID PanicVis
SPAM THIS CAT TO BUY TACO A HAT DxCat. DxCat
forsen with his prepubescent subs coz of attention seeking emotes LUL
GOLDEN BOY PogChamp
FLUSHA LESS OF A CHEATER THAN D💿C LUL
FLUSHA NEED ANOTHER MOUSE LUL
@Monstrocitie he changed names and uses an alt to mod cs LUL
BOT DUPREEH LUL
NA this EU that SPAM this baby in the chat BabyRage
BOYISH GIGGLES BabyRage
@rizzlaa_ LUL
NA this EU that SPAM this baby in the chat. BabyRage
BOYISH GIGGLES BabyRage
DUPREEH LUL
FLUSHA NO CHEAT, NO WIN LUL
TBH Forsen should be banned due to TOS Kappa
wtf LUL
Spam this coke to help astralis choke DrinkPurple
gogo fnatic :D
FLUSHA VAC IS DISABLE LUL
LEKRO Kreygasm
Golden BOI GOWKratos
JW baiter FailFish
NA this EU that SPAM this baby in the chat BabyRage
even i bet astalis for win haha sad hdc :D
Spam this coke to help astralis choke DrinkPurple
Flusha dead, no cheat LUL
gg EZ LUL
FNATIC, NO CHEAT, NO WIN LUL
gg :D
FLUSHA DEAD NO CHEAT LUL
GG EZ FOR DENMARK LUL
bad game DansGame
FNATIC NO CHEAT, NO GLORY LUL
Krimz LUL
2EZ 4Head
full tilt LUL
KRIMZ LUL
KRIMZ LUL
krimz LUL
FNATIC NO CHEAT, NO GLORY LUL
ASTRALIS ERA PogChamp
ASTRALIS ERA PogChamp
forsen subs FailFish
my ears WutFace
sk and faze LUL
MY EARS WutFace
EARS WutFace
MY HEADPHONES BROKE WutFace
EARS BLEEDING WutFace
RIP EARS WutFace
jasonr1 jasonr2 jasonr3 jasonr4 PopCorn
KJAERBYR LUL
nice Insomniuhh ;)
DENNE CHAT ER NU DANSK 4Head
MM Pistol Round PogChamp
B E A S T LUL
DUDUDUDUDUDUDUDU WutFace
TUROK SMOrc
DUDUDUDUDUDUDUDU <3
Zeus LUL
LAPTOP GAMING 2K18 LUL
I am playing solitaire on laptop @JuanMata SwiftRage
MORTEN KOM SÅ PÅ SKYPE PogChamp
MORTEN KOM SÅ PÅ SKYPE PogChamp
thanks all <3
nope @FIozan PogChamp
@FIozan yes Kappa
Morten kom så skype nu!!!! DansGame
@omgilia this isnt AMD Extreme Masters LUL
NIKO OVERATED GUARDIAN OVERWEIGHTED XIZT OUTDATED RAIN HATED KARRIGAN INTOXICATED FAZE ELIMINATED Jebaited
C9 LUL
NIKO OVERATED GUARDIAN OVERWEIGHTED XIZT OUTDATED RAIN HATED KARRIGAN INTOXICATED FAZE ELIMINATED Jebaited
AMD TOO PROVERTY STATUS TO HOST AN EVENT LUL
Armpitsniffer420 they’re gonna ;)
gj mods SeemsGood
Mods BlessRNG
PYRAMIDS LUL
nazi mods DansGame
apex 0-10 LUL
Wow, banning peeps in massive chat 2018 DansGame
KRIMZ SMASH SMOrc
EU INTERVIEW LUL
CAYSHE LUL
3 HOUR PRACTICE LUL
NIKO OVERATED GUARDIAN OVERWEIGHTED XIZT OUTDATED RAIN HATED KARRIGAN INTOXICATED FAZE ELIMINATED Jebaited
@Cent you and moobot are the only subs here LUL
Fnatic will win Cache 100% Kappa
device LUL
MAGISK LUL
CASH :p
@Cent Jebaited
@cent stop trying to bait subs Kappa
IS THIS KRIMZ IS THIS USTILO THE LOBSTER FUNgineer
@Cent but you can't sub with a cent. Kappa
NIKO OVERATED GUARDIAN OVERWEIGHTED XIZT OUTDATED RAIN HATED KARRIGAN INTOXICATED FAZE ELIMINATED Jebaited
C9 LUL
c9 already out LUL
C9 are out LUL
Krimz 4Head
caster doesnt know c9 is out LUL
Krimz has a bad hair day :D
Apex LUL
fnatic 16-0 hope. caster bet on fnatic. LUL
gh :D
@dipakai1 Jebaited
AUSSIE PogChamp
NIKO OVERATED GUARDIAN OVERWEIGHTED XIZT OUTDATED RAIN HATED KARRIGAN INTOXICATED FAZE ELIMINATED Jebaited
DIGGITY Kreygasm
Cash LUL
NA NA DIGGITY LUL
📞 SK 📞 ASTRALIS HERE 📞 SAVE US THE WINDOW SEATS ON THE PLANE 📞 SEE YOU SOON 📞 4Head
LuL LUL
Flusha doesnt even like Cache WutFace
KAYSH DIGGITY Kreygasm
no karrigan no lost :D
Cayche WutFace
golden NotLikeThis
MM strats works sometime LUL
fnatic picking cayche Jebaited
KEISH DIGGITY NA NA LUL
KEISH DIGGITY NA NA LUL
People don't understand playing retake on A LUL
krimz FUNgineer
Austrians? LUL
well rip C9 Kappa
AUSTRIAN CALLOUTS LUL
📞 HELLO CLOWN 9? 📞 SK HERE 📞 WHY SO LATE 📞 STEWIE IS GETTING MAD 📞 BTW NRG TOOK THE WINDOW SEAT 📞 4Head
fnatic lose anti eco LUL
📞 SK 📞 ASTRALIS HERE 📞 SAVE US THE WINDOW SEATS ON THE PLANE 📞 SEE YOU SOON 📞 4Head
? PogChamp
FNATIC LUL
Ecod LUL
DEVVE GOD Kreygasm
EZ 4 ASTRALIS LUL
FNATIC TOP TIER TEAM LUL
magisk PogChamp
@Svb1 LUL
flashback to when they played mirage LUL
Golden > Olofmeister Kappa
rekt LUL
astralis cheats? CRY IS FREE LUL
BALANCE IN ALL THINGS OSFrog
good team work = cheats LUL
?? LUL
NIKO OVERATED GUARDIAN OVERWEIGHTED XIZT OUTDATED RAIN HATED KARRIGAN INTOXICATED FAZE ELIMINATED Jebaited
FaZe dies in Infinity War LUL
📞 SK 📞 ASTRALIS HERE 📞 SAVE US THE WINDOW SEATS ON THE PLANE 📞 SEE YOU SOON 📞 4Head
2 EZ 4 #1 EarthDay
@seanp1aysvg nice english :)
taqiboy You are comparnig mm ranks LUL
cayche LUL
KAYSH BOIS SEE YOU AT DIGGITY Kreygasm
Fnatic throwing so they can have a easy time in quarter finals LUL
@ReconSubZero keep dreaming LUL
hi LUL
Flusha Ump <3
KEISH LUL
NIKO OVERATED GUARDIAN OVERWEIGHTED XIZT OUTDATED RAIN HATED KARRIGAN INTOXICATED FAZE ELIMINATED Jebaited
9k viewers in a major final dead game LUL
kayish LUL
@cryokevin Because its a joke FailFish
EU SMOKE PogChamp
@RizzIsLurking Because its a joke 4Head
EU SMOKE PogChamp
COPY PASTA ASTRALIS SMOKE PogChamp
EU SMOKE PogChamp
copypasta LUL
SLOWEST PEEK EVER LUL
📞 Twitch? 📞 Yeah we have some butthurt viewers 📞 @cryokevin 4Head
NA PEEK LUL
NIKO OVERATED GUARDIAN OVERWEIGHTED XIZT OUTDATED RAIN HATED KARRIGAN INTOXICATED FAZE ELIMINATED Jebaited
Why whould he go into the smoke, just because he hear the bomb plant. Stupid caster LUL
GOLDEN 0 KILLS PogChamp
No job ✔️ No girlfriend ✔️ No friends ✔️ No talents ✔️ Wasting time on Twitch ✔️ Must be me 4Head
SOO EZZ FOR ASTRALIS LUL
@armpitsniffer420 NotLikeThis
0-1-5 LUL
Golden LUL
astralis printing money for bettors LUL
G DEN LUL
NIKO OVERATED GUARDIAN OVERWEIGHTED XIZT OUTDATED RAIN HATED KARRIGAN INTOXICATED FAZE ELIMINATED Jebaited
flusha LUL
1G LUL
cache ct sided LUL
wtf LUL
1g LUL
Golden is a great addition to Fnatic Kappa
Swedish CS LUL
toast that cheater LUL
SPAM THIS STATIC TO HELP FNATIC MorphinTime
NOT A 1G BabyRage
2GD LUL
cache astralis sided LUL
ACTUAL 1G LUL
astralis smurfing LUL
Not a 1g FailFish
NIKO OVERATED GUARDIAN OVERWEIGHTED XIZT OUTDATED RAIN HATED KARRIGAN INTOXICATED FAZE ELIMINATED Jebaited
GG NEXT LUL
SPAM THIS STATIC TO HELP FNATIC MorphinTime
not a 1g BabyRage
0-106 LUL
SPAM THIS STATIC TO HELP FNATIC MorphinTime
nice map pick LUL
CACHE CT SIDED MAP Kappa
fnatic LUL
Astralis era inc PogChamp
devve Kreygasm
SPAM THIS STATIC TO HELP FNATIC MorphinTime
NICE MAP PICK LUL
astralis too good LUL
SPAM THIS STATIC TO shut down FNATIC MorphinTime
SPAM THIS STATIC TO HELP FNATIC MorphinTime
Cache is Astralis worst map LUL
Fnatic LUL
Australis era PogChamp
CAYSHE BrokeBack
SPAM THIS STATIC TO HELP FNATIC MorphinTime
@ArcziiiX You wish KappaPride
SPAM THIS STATIC TO HELP FNATIC MorphinTime
SPAM THIS STATIC TO shut down FNATIC MorphinTime
GOLDEN NO KILL LUL
slow chat SMOrc
astralis Kreygasm
SPAM THIS STATIC TO shut down FNATIC MorphinTime
1 by 1 rush LUL
SPAM THIS STATIC TO HELP FNATIC MorphinTime
SPAM THIS STATIC TO HELP FNATIC MorphinTime
This is warmup round for Golden, just wait for T side LUL
SPAM THIS STATIC TO HELP FNATIC MorphinTime
SPAM THIS STATIC TO HELP FNATIC MorphinTime
well.. LUL
2EZ4ASTRALIS LUL
SPAM THIS STATIC TO HELP FNATIC MorphinTime
imagine astralis still with kjaerbye Kreygasm
SPAM THIS STATIC TO HELP FNATIC MorphinTime
forsenH KappaPride
0 1 7 NOT BAD LUL
Cache = CT sided map confirmed Kappa
SPAM THIS STATIC TO HELP FNATIC MorphinTime
Win pistol round >>> 1-6 Fnabot LUL
0-7 LUL
SPAM THIS STATIC TO HELP FNATIC MorphinTime
NORTH EleGiggle
SPAM THIS STATIC TO HELP FNATIC MorphinTime
12k after buy LUL
SOO EZ FOR ASTRALIS LUL
BRA7-1L BlessRNG
SPAM THIS STATIC TO HELP FNATIC MorphinTime
astralis money LUL
JW LUL
n1 JW LUL
OMEGA LUL
JWONDERCHOKE LUL
hahahaya JW FailFish
stoopid LUL
ar6ent1na LUL
JW LUL
JWonderPig LUL
JW throw LUL
SPAM THIS STATIC TO HELP FNATIC MorphinTime
another tournment for astralis! // PogChamp
JWONDERTILTED LUL
SPAM THIS STATIC TO HELP CHOKE NATIC forsenSS forsenSS MorphinTime
NIKO OVERATED GUARDIAN OVERWEIGHTED XIZT OUTDATED RAIN HATED KARRIGAN INTOXICATED FAZE ELIMINATED Jebaited
JWE WUZ KANGZ LUL
FATNATIC LUL
FaZe dies in infinity war LUL
BRA7-1L PogChamp
rekt LUL
VAC LUL
GG EZ LUL
$500 M4 EZ LUL
SPAM THIS STATIC TO HELP FNATIC MorphinTime
FNC IS GETTIN GSHIT ON EleGiggle
Swedish CS LUL
BRA71L LUL
BRA71 L LUL
SPAM THIS STATIC TO HELP FNATIC MorphinTime
SPAM THIS STATIC TO HELP FNATIC MorphinTime
BRA 7-1 L LUL
VAC LUL
nice clock Clap PogChamp
pick cache LUL
everyone 10k + money LUL
CHEAT MODE ON LUL
KRIMZ TILTED LUL
snus Kappa
SPAM THIS STATIC TO HELP FNATIC MorphinTime
getting smashed since karrigan days LUL
8:24 confirmed PogChamp
DENMARK > SWEDEN EZ EZ EZ 4Head
DENMARK > SWEDEN EZ EZ EZ DENMARK > SWEDEN EZ EZ EZ 4Head
NIKO OVERATED GUARDIAN OVERWEIGHTED XIZT OUTDATED RAIN HATED KARRIGAN INTOXICATED FAZE ELIMINATED Jebaited
FNATIC COMEBACK EZ TheIlluminati
FaZe dies in infinity war LUL
g0lden LUL
SPAM THIS STATIC TO HELP FNATIC MorphinTime
NA TIMEOUT LUL
SWEISH CS JUST AT STUPID AS FORSEN LUL
DENMARK > SWEDEN EZ EZ EZ #1 4Head
REEEE PEPE OSFrog
DENMARK > SWEDEN EZ EZ EZ #2 4Head
win pistol 1-0 -> 1-16 LUL
PUTIN -> SWEDEN LUL
DENMARK > SWEDEN EZ EZ EZ #3 4Head
DENMARK > SWEDEN EZ EZ EZ 4Head
jump boost LUL
Golden was a great replacement for Olof Kappa
FNC FANGAYS EleGiggle
device = Kreygasm
Karrigan leave tier1 for tier5 fnatic? LUL
FATNATIC FANS LUL
FNC FANGAYS . EleGiggle
DENMARK > SWEDEN EZ EZ EZ 4Head
Clap BloodTrail
FaZe dies in infinity war LUL
EZ BloodTrail
Golden got a kill LUL
MAGISKBOYYYYYYYYYY PogChamp
everyone 12k+ money LUL
THIS IS FNC MAP AHAHHAHA LUL
Lets all take a moment to thank Kjaerbye for leaving Astralis Kappa
T SIDED MAP LUL
MAGISK SAID " HEY LOOK SO EZ MAN " LUL
FNATIC DIED IN INFINITY WAR LUL
EZ GAME LUL
CALM DONW GUYS, FNATIC SPECIALIZES ON CT SIDE. CACHE IS CT SIDED MAP Kappa
THIS IS FNC PICK HAHAHAH LUL
10k money everyone after buy LUL
IT'S NOT EZ BabyRage
DENMARK > SWEDEN EZ EZ EZ 4Head
BloodTrailEZ BloodTrail
DEVICE KappaPride
rekt LUL
csgo fnatic dota fnatic LUL
Fnatic throwing for skins on csgolounge Kappa
tom cruise too strong PogChamp
DENMARK > SWEDEN EZ EZ EZ 4Head
second best LUL
DEVICE so beautiful KappaPride
You guys know that Fnatic wants to lose so they can have an easier time in the other bracket right? LUL
DENMARK > SWEDEN EZ EZ EZ 4Head
mods LUL
GG ASTRALIS WIN LUL
??????? LUL
DANISH THE SUPERIOR ARYan LUL
NICE MAP PICK FNC LUL
JW LUL
SWEDISH CS JUST AT STUPID AS FORSEN LUL
@armpitsniffer420 sure Kappa
EZ Kappa
bracket messed up. 1 semi - astralis. 1 semi - tyloo. LUL
astralis bank PogChamp
Krimz overrated LUL
x15 odd fnatic PogChamp
MORTEN KOM SÅ PÅ SKYPE PogChamp
GOLDEN 1-10 LUL
fnatic dont know how to play cache FailFish
Aussie production lol Kappa
1-1-9 1-1-10 OMEGA LUL
12/1 9/1 astralis playing against novas LUL
OMEGA LUL
GOLDEN LUL
GOLDEN LUL
GOLDEN LUL
1g Kappa
GOLDEN SO BAD LUL
SWEDISH CS LUL
golden LUL
Tilted LUL
Golden throwing for skins on CSGOLOUNGE LUL
0/10 LUL
so gUd LUL
GLAVE LUL
GG FNATIC LUL
"we are not saying FNC is bad" Kappa
botlave LUL
SILVER GOLDEN LUL
GG EZ LUL
EZ Clap LUL
$500 M4 EZ LUL
RIPNATIC LUL
KRIMZ LUL
DENMARK > SWEDEN EZ EZ EZ 4Head
golden t side PogChamp
Golden 1-11 Lekro 1-10 PJSalt
14 total kills LUL
15.23 odd on lootbet for fnatic PogChamp
Lekr0 and Golden LUL
1 kill EleGiggle
G2 beaten by Mouz PogChamp
GREAT 5STAR MATCHUP LUL
Saying golden is the reason fanatic suck = PJSalt
This game ResidentSleeper
HVOR ER SVENSKEN? LUL
SWESHIT CS LUL
16 vs 61 frags LUL
it's just CT sided map guys Kappa
Fnatic without hacks LUL
bahahaha :D
fnatic LUL
NA CHECKERS CHECK LUL
nice flsh 4Head
LMAO SOO EZZZZ LUL
FNC FailFish
ALT FOR NEMT LUL
GG LUL
16-1 LUL
11- 1 LUL
Fnatic will comeback on CT side, every good CS player knows that Cache is CT sided. BabyRage
fnatic getting stomped LUL
NA FLASH LUL
Svenskere? SoBayed
show flusha rage BlessRNG
1-11 WutFace
SWEDEN NOOBLORDS LUL
Fnatic rekt LUL
dont check checkers LUL
PLAYING AGAINST HARMLESS BOTS LUL
SPAM THIS DRINK TO MAKE ASTRALIS STINK DrinkPurple
FNATIC OMEGA LUL
KRIMZ TILTED LUL
ALT FOR NEMT LUL
SPAM THIS STATIC TO HELP FNATIC MorphinTime
KRIMZ RAGE SMOrc
SENOR RAGE LUL
TILTED LUL
If fnc leave and let the csgo bots play there have a chance to win Kappa
g2 LUL
G DEN LUL
TILTED LUL
PRONAX DIED FOR THIS LUL
Golden is crying BibleThump
KRIMZ BabyRage
KR mz NotLikeThis
Jumpy talk DansGame
Just give the cup for Astralis already LUL
fnatic pick ? EZ Kappa
CALL GOLDEN HES CRYING BibleThump
ITS LIKE GLOBAL'S VS DMG'S RIP FNATIC LUL
Astralis onliner Kappa
@S3bluen LUL
SWEDENINIAN CS LUL
get killed, golden is silver igl LUL
CALL GOLDEN HES CRYING BibleThump
silvers say that Fnatic are bad. Good players say that Astralis is great. Kappa
DEVICE LUL
NA RSUH LUL
WTF LUL
FNATIC COMEBACK LUL
ASTRALIS MAX CASH LUL
15k8 15k 12k5 14k9 PogChamp
flusha thinking content LUL
GOOD JOB GOLDEN LUL
AHAHAHAH LUL
HAHAHAHA 4Head
16-1 LUL
bm LUL
EZ LUL
FNC NotLikeThis
BM LUL
bot golden LUL
Wtf LUL
BM LUL
BM Clap LUL
SPAM THIS DRINK TO MAKE ASTRALIS STINK DrinkPurple
DM LUL
BM LUL
SUP SWEDEN 4Head
BM LUL
GM LUL
SWESHIT LUL
BM LUL
BM LUL
HAHAHHHHHAH LUL
BM LUL
SO BAD LUL
BM LUL
SAVAGE BM AT 12-1 LUL
BM LUL
G2 4Head
SO BM LUL
Fnatic omg Kreygasm
HOLE LUL
OBSERVER WTF LUL
Show flusha table punch BlessRNG
POGGERS TTours
knightdenis mad swed LUL
Karma should hit right about now BibleThump
astralis soo ResidentSleeper
SO SAVAGE BabyRage
FNATIC, NO CHEAT, NO WIN LUL
astralis Best NinjaGrumpy
Show flusha table punch BlessRNG
Senor RAGE LUL
FNATIC SUCKS FNATIC SUCKS LUL
astralis taking out the trash :(
Astralis bored ResidentSleeper
LEKRO LUL
good astralis :D
FNATIC ARE THROWING FOR SKINS LUL
lekro LUL
DEVICE Kreygasm
FLUSHA NEED A NEW MOUSE LUL
FLUSHA WITHOUT HACK LUL
LEKBOT LUL
SENOR "VAC" LUL
SWESHIT CS LUL
JW without cheats LUL
gg ez fnatic trolls vs ago on Epl rekt LUL
SWEDE BOTS LUL
fnatic picked Cache LUL
CACHE IS CT-SIDED CALM DOWN PJSalt
Win pistols -> 1-12 LUL
TOO GOOD LUL
SPAM THIS DRINK TO MAKE ASTRALIS STINK DrinkPurple
EZ LUL
jumping awp LUL
good :D
Fnatic is a joke LUL
LOOOOOL 4Head
REKT LUL
FLUSHA LUL
SPAM THIS COKE TO MAKE ASTRALIS CHOKE DrinkPurple
NICE BOMB LUL
WHAT LUL
EZ 4Head
RIP FNATIC LUL
flusha without cheats LUL
Show flusha table punch !!! BlessRNG
HOW LUL
FNATIC LUL
NICE MAP PICK LUL
Fanatic Major Winner LUL
FNATIC NEW IBUYPOWER LUL
DANSKERNE PogChamp
they are so happy LUL
xypex and magisk smiling 4Head
NICE BOMB NICE BOMB LUL
Fnatic only won Pistols LUL
16-1 BlessRNG
fnatic picked Cache LUL
DANSKERNE DANSKERNE DANSKERNE PogChamp
GIVE ASTRALIS THE CUP ALREADY LUL
REALLY CLOSE AND INTENSE GAME PogChamp
Krims=Fucked table :D
rekting the trolls LUL
FNATIC MAP PICK LUL
Fnatic throwing for skins. LUL
FNATIC MAP PICK LUL
FNATIC ERA 1 MONTH FNATIC ERA 1 MONTH FNATIC ERA 1 MONTH 4HeadFNATIC ERA 1 MONTH 4Head
16-13 Fnatic wins, check HLTV noobs. PJSalt
revive bullyhunters just for this match :(
I actually picked this map for fnatic, cuz i bet on Astralis :D
SPAM THIS BASKET TO PUT FNATIC IN A CASKET panicBasket
NICE MAP PICK FNATIC LUL
FNATIC MAP PICK LUL
MATRIX LUL
LOL 4Head
good :D
1 HP LUL
EZ LUL
1 HP LUL
1 LUL
1 LUL
FNATIC LUL
DEVVE LUL
GOOD HALF Kappa
armpitsniffer420: Fnatic will win Cache 100% Kappa
KRIMZ LUL
SPAM THIS FIS TO HELP ASTRALIS YouDontSay
BOT VAC LUL
Show flusha table punch !! BlessRNG
SPAM THIS BASKET TO PUT FNATIC IN A CASKET panicBasket
CAYSH LUL
16-14 comebACK LUL
SPAM THIS BASKET TO PUT FNATIC IN A CASKET panicBasket
the timing on reload FailFish
Keysh <3
13-1 LUL
X9 LUL
KANYA CAYSHE LUL
PLAY FOR OVERTIME LUL
Fnatic Clap EleGiggle
This.... was fnatic's pick LUL
BLIND LUL
BLIND LUL
LMAO LUL
TUROK 4Head
BLIND LUL
BLIND LUL
is this faceit lvl 1 vs 10 ? LUL
gh :D
SPAM THIS BASKET TO PUT FNATIC IN A CASKET panicBasket
CASTER CURSE LUL
SWESHIT CS LUL
16-13 4Head
SPAM THIS BASKET TO PUT FNATIC IN A CASKET panicBasket
2v5 LUL
2 rounds PogChamp
LEKR0\ PogChamp
Bot JW LUL
KIMRIZ LUL
Rightwing Denmark will always defeat lefist cuckSweden :)
fnatic picked Cache LUL
16-13 Kappa
first and last round ? LUL
JWBlind LUL
A ROUND PogChamp
FNATIC COMEBACK PogChamp
KRIMZ LUL
StarCraft Player LUL
krimz tilted LUL
1 round comeback LUL
KRIMZ LUL
RIP FNATIC LUL
SCI FI KRIMZ LUL
KRIMZ TILTET LUL
Krimz LUL
Krimz FUNgineer
KRIMZ TRASH LUL
fnatic picked Cache LUL
FNATIC COMEBACK LUL
my boy FUNgineer
someone call fnatic they're crying BibleThump
SPAM THIS BASKET TO PUT FNATIC IN A CASKET panicBasket
press f1 to surrender EleGiggle
SPAM THIS BASKET TO PUT FNATIC IN A CASKET panicBasket
ANGRY BALDY LUL
Who picked this map? :)
Cache = CT Sided. Fnatic = CT SIDE SPECIALISTS. Fnatic > Chokestralis 16-14 PJSalt
SPAM THIS BASKET TO PUT FNATIC IN A CASKET panicBasket
SPAM THIS BASKET TO PUT FNATIC IN A CASKET panicBasket
SPAM THIS BASKET TO PUT FNATIC IN A CASKET panicBasket
WUB WUB WUB WutFace
@moistcustard I picked this map, because i bet on astralis :D
edm in 2018 LUL
wah wah wah WutFace
SPAM THIS BASKET TO PUT FNATIC IN A CASKET panicBasket
SPAM THIS BASKET TO PUT FNATIC IN A CASKET panicBasket
= Fnatic Krimz (no space) SwiftRage
DUDUDUDUDUDUDUDUDUDUDU BibleThump
FNATIC COMEBACK LUL
SPAM THIS BASKET TO PUT FNATIC IN A CASKET panicBasket
SPAM THIS COKE TO MAKE ASTRALIS CHOKE DrinkPurple
SPAM THIS BASKET TO PUT FNATIC IN A CASKET panicBasket
SPAM THIS BASKET TO PUT FNATIC IN A CASKET panicBasket
TOM CRUISE IS BUDGET DEVICE LUL
SPAM THIS BASKET TO PUT FNATIC IN A CASKET panicBasket
SPAM THIS BASKET TO PUT FNATIC IN A CASKET panicBasket
SPAM THIS COKE TO MAKE ASTRALIS CHOKE DrinkPurple
SPAM THIS BASKET TO PUT FNATIC IN A CASKET panicBasket
FnaticKrimz OSSmooth
SPAM THIS BASKET TO PUT FNATIC IN A CASKET panicBasket
SPAM THIS BASKET TO PUT FNATIC IN A CASKET panicBasket
SPAM THIS BASKET TO PUT FNATIC IN A CASKET panicBasket
SPAM THIS COKE TO MAKE ASTRALIS CHOKE DrinkPurple
SPAM THIS BASKET TO PUT FNATIC IN A CASKET panicBasket
SPAM THIS BASKET TO PUT FNATIC IN A CASKET panicBasket
SPAM THIS BASKET TO PUT FNATIC IN A CASKET panicBasket
go win astralis :D
SPAM THIS BASKET TO PUT FNATIC IN A CASKET panicBasket
SPAM THIS BASKET TO PUT FNATIC IN A CASKET panicBasket
SPAM THIS BASKET TO PUT FNATIC IN A CASKET panicBasket
easy fnatic 2-1. just bet on high fnatic :)
g2 LUL
Cache is CT SIDED LUL
SPAM THIS COKE TO MAKE ASTRALIS CHOKE DrinkPurple
SPAM THIS BASKET TO PUT FNATIC IN A CASKET panicBasket
SPAM THIS BASKET TO PUT FNATIC IN A CASKET panicBasket
SPAM THIS BASKET TO PUT FNATIC IN A CASKET panicBasket
cache CT sided LUL
TILT LUL
SPAM THIS BASKET TO PUT FNATIC IN A CASKET panicBasket
Krimz LUL
krimz tilted LUL
SPAM THIS COKE TO MAKE ASTRALIS CHOKE DrinkPurple
SPAM THIS BASKET TO PUT FNATIC IN A CASKET panicBasket
SPAM THIS BASKET TO PUT FNATIC IN A CASKET panicBasket
Cache is T sided SIR LUL
tilt LUL
SPAM THIS BASKET TO PUT FNATIC IN A CASKET panicBasket
HERE COMES THE FNATIC COMEBACK PogChamp
SPAM THIS BASKET TO PUT FNATIC IN A CASKET panicBasket
o1nk o1nk JWONDERPIG LUL
REKT PogChamp
fNAtic LUL
📞 HELLO FNATIC 📞 FAZE HERE 📞 WE'RE WAITING AT THE AIRPORT 📞 SEE YOU SOON 📞 4Head
REKT LUL
rekt LUL
NOOO HAHAH LUL
REKT LUL
gg LUL
GG LUL
good :D
these ads DansGame
gg LUL
Svenskere? SoBayed
SPAM THIS MEAT TO ACTIVATE FLUSHA MOUSE CHEAT BloodTrail
no respect LUL
3 player stack - 1 kill LUL
3MAN STACK STILL LOST LUL
good comeback Kappa
NO RESPEKT LUL
o1nk o1nk JWONDERPIG LUL
cheaters? that common spot LUL
SPAM THIS FIS TO HELP ASTRALIS YouDontSay
jajaja to es against the trolls LUL
damn astralis taking out the trash LUL
Golden is MVP 3 Kills 16 Deaths PogChamp
JW =OMEGAPIG LUL
astralis playing 5v0 LUL
boyish giggles EleGiggle
SKÅÅÅL VI VINDER OVER SVENSKEN :D
WTF LUL
NA molly LUL
EU MOLLY LUL
MOLLY LUL
FNATIC COMEBACK PogChamp
ECOD LUL
16-14 Keepo
monkaS Kappa
SPAM THIS COKE TO MAKE ASTRALIS CHOKE DrinkPurple
BOYISH GIGGLES EleGiggle
SPAM THIS COKE TO MAKE ASTRALIS CHOKE DrinkPurple
not over Kappa
16-14 incoming Kappa
JWONDERPIG LUL
fnatic picked Cache LUL
SPAM THIS COKE TO MAKE ASTRALIS CHOKE . DrinkPurple
SPAM THIS COKE TO MAKE ASTRALIS CHOKE DrinkPurple
I told you Cache is CT side, Fnatic wins Chokestralis PJSalt
JW VAC BANNED ON HLTV PogChamp
HAVE TO FULL TEAM STACK SITE TO WIN ROUND LUL
SPAM THIS COKE TO MAKE ASTRALIS CHOKE / DrinkPurple
Dunk 4Head
@verixz LUL
16-12 BlessRNG
NA CS LUL
BOYISH GIGGLES EleGiggle
16-14 BlessRNG
Faze LUL
16-14 BlessRNG
i am pajeet Kappa
16-14 COMEBACK LUL
SK Gaming Stewie2K LUL
JW LUL
@solivirate LUL
JW PIG OINK 4Head
might as well blow you all up LUL
ASTRALIS ERA 1 HALF LUL
jw Clap OpieOP
FNATIC WINS I told you Cache is CT Sided and Fnatic is CT Specialists PogChamp
LETS GOO COMEBACK Kappa
PIGGERS LUL
JW MOUTH TICK LUL
JW OpieOP
Just win all rounds 4Head
atpSuspect atpSuspect TriHard
KRIMZ VIKING RAGE SwiftRage
7 TriHard
@viskonts just win the game already 4Head
JW PogChamp
JWonderpig LUL
16 - 14 PogChamp
usp LUL
REKT LUL
no respek LUL
not worth LUL
BM LUL
LMAO LMAO LUL
Clap Jebaited
14-5 BM LUL
WOAH LUL
TILTED LUL
DOC RAID HIDE YO WIFE WutFace
SPAM THIS LIGHT TO HELP FNATIC FIGHT MorphinTime
$4000 (800x5) v $1500 = the same LUL
14-5 BM LUL
FNATIC <3
DOC RAID HIDE YO WIFE WutFace
SPAM THIS COKE TO MAKE ASTRALIS CHOKE DrinkPurple
1000 IQ LUL
Parkour LUL
Clap TTours
flusha's movement Kreygasm
200 IQ PogChamp
knife kill is harrrrd, bully hunter taught me :)
flusha vac incoming LUL
50:50 position LUL
MATA PogChamp
SPAM THIS COKE TO MAKE ASTRALIS CHOKE DrinkPurple
@JuanMata wtf, hola man, soy tu fan <3
the greatest player in the premier league PogChamp
the krimz knife kill guys TTours
JUAN MATA PogChamp
SPAM THIS COKE TO MAKE ASTRALIS CHOKE DrinkPurple
@Huskei should probably nuke middle east while we're at it Kappa
Choke :(
SPAM THIS BASKET TO PUT FNATIC IN A CASKET panicBasket
cra iddo B)
comeback time LUL
SPAM THIS COKE TO MAKE ASTRALIS CHOKE DrinkPurple
NA FLASH LUL
@JuanMata Hi bro, im your big fan <3
JuanMata DansGame
NA FLASH LUL
NA FLASH LUL
CAYSHE CT SIDED LUL
whos juanmata LUL
SPAM THIS BASKET TO PUT FNATIC IN A CASKET panicBasket
Astralis t side LUL
guys it flashed garage its actually amazing PogChamp
DOC RAID DOC RAID DOC RAID DOC RAID DOC RAID 💿 B)
KANYA CAYSHE LUL
comeback PogChamp
CHOKETRALIS LUL
I remember when it was 13 2 LUL
SPAM THIS COKE TO MAKE ASTRALIS CHOKE DrinkPurple
$500 M4 EZ LUL
Comeback please gaben BlessRNG
lekro and flusha awping PogChamp
PLEASE COMEBACK BlessRNG
16-14 COMEBACK LUL
DOC RAID HIDE YO WIFE WutFace
16:14 LUL
Astralis LUL
SPAM THIS COKE TO MAKE ASTRALIS CHOKE DrinkPurple
HERE COMES THE CHOKE LUL
SPAM THIS COKE TO MAKE ASTRALIS CHOKE DrinkPurple
SPAM THIS COKE TO MAKE ASTRALIS CHOKE DrinkPurple
LEKRO 1-14 to 15-14 PogChamp
kids who spammed scared already LUL
FLUSHA AWP LUL
NINJA PogChamp
SPAM THIS COKE TO MAKE ASTRALIS CHOKE DrinkPurple
FLUSHA THINGS LUL
flusha awp dupreeh ak LUL
LULLULULUL LUL
Luck Kappa
FLUSA CHEAT IS BROKEN LUL
NOO LUL
FLUSHA LUL
GG LUL
CASTERS CURSE LUL
gay moment KappaPride
BLOODY CASTER CURSE LUL
lekr0 LUL
good :D
flusha: why are my cheats not working? LUL
SPAM THIS COKE TO MAKE ASTRALIS CHOKE DrinkPurple
KRIMZ LUL
SPAM THIS COKE TO MAKE ASTRALIS CHOKE DrinkPurple
SPAM THIS COKE TO MAKE ASTRALIS CHOKE DrinkPurple
KRIMZ LUL
KRIMZ SMASH SMOrc
KRIMZ RN BabyRage
SPAM THIS NEAGRO TO HELP LEKR0 TriHard
KRIMZ SMASHING DESK Clap WutFace
8 in a row EZ Kappa
Flusha awp LUL
@lolGennerator @hogey__ Dream on boys. LUL
FLUSHA LUL
NA this EU that SPAM this baby in the chat BabyRage
SK SK SK SK SK SK SK SK SK LUL
Polaki biedaki robaki LUL
CAN PEOPLE STOP USE FUCKING YOU ARE NOT FUNNY LUL
16-15 LUL
Clap ANELE
its a GG yet Kreygasm
SPAM THIS COKE TO MAKE ASTRALIS CHOKE DrinkPurple
NA this EU that SPAM this baby in the chat BabyRage
Ok @razzexdd sorry LUL
Golden is the best player on Fnatic PJSalt
IM FUNNY BTW LUL
SWEDISH CS LUL
Fnatic disband noob LUL
BOYISH GIGGLES BabyRage
VAC LUL
molly LUL
VACVACVAC R)
SPAM THIS BASKET TO PUT FNATIC IN A CASKET panicBasket
SPAM THIS BASKET TO PUT FNATIC IN A CASKET panicBasket
SPAM THIS COKE TO MAKE ASTRALIS CHOKE DrinkPurple
VAC LUL
1G LUL
KRIMZ SMASH . SMOrc
gg so ez LUL
gg guys :D
fnatic picked Cache LUL
@lolGennerator @hogey__ LUL
Flusha LUL
SEMI ASTRALIS GG <3
Nice comeback Kappa
gg ez denmark > sweden LUL
rekting the trolls was so EZZ LUL
MadNatic Kappa
dupreeh hair LUL
KICK GOLDEN LUL
Astralis boring to watch BabyRage
FNC rooster change inc LUL
@Adenis and we hate you :)
help golden to pay cheats BlessRNG
BOT FLUSHA LUL
@lolGennerator @hogey__ that's not even coke LUL
Hey Peter? PogChamp
NTC Kappa
Tyloo KappaPride
navi could but they are not here LUL
Tyloo GOD destroys astralis LUL
TY LUL
TIME TO CHOKE IN SEMIS Kappa
@flashy80 its rare i actually laugh at a comment LUL
Tyloo the last hope LUL
go tyloo BigPhish
NA this EU that SPAM this baby in the chat BabyRage
c9 LUL
vp>astralis Kappa
ez BYE LUL
BYE LUL
TYLOO LUL
BYE SUCKS LUL
ofc fnatic get faze :(
BYE LUL
FNATIC WIN LUL
BYE LUL
FNATIC BIASED CASTER LUL
@lolswagglol ikr LUL
Aw ComeBack ? LUL
SK COMEBACK LUL
polish player <3
TYLOO SwiftRage
EZZ 4 POLISH SUPERSTAR BNTET PogChamp
SINCE WHEN TK COUNTS AS KILL FOR ACE FailFish
BnTeT DESTROYS ASTRALIS LUL
not polish FailFish
-NEO +BNTET WHEN ?? PogChamp
there was a t name before LUL
turok LUL
seized navi LUL
B E A S T TriHard
B E A S T TriHard
IKEA <3
