grills? :o
female gamers DansGame
@vdawg2 LUL
whitegurlwasted PogChamp
Whamen cs PogChamp
That molly Kappa
Because 1st amendment baby :D
What is this PogChamp
@chuunips LUL
Angle PogChamp
women cs 4Head
still better than sk StoneLightning
@ugurkaratas88 LUL
No one likes women cs LUL
that would've been bad LUL
No one care about anyone girl who’s good at cs 4Head
wished she would have lost LUL
dead game EleGiggle
@ugurkaratas88 Kappa
I'm sure Vodafone is happy about spending money for this Kappa
@draxtar_ dead brain StoneLightning
@samurai_csg00 Kappa
WTF LUL
guys is this a gold nova mm? Kappa
@vdawg2 so u sayin some rndm dudes playin OptimizePrime
@ugurkaratas88 LOL LUL
less views= no facecam Kappa
Dont know if my message sent but : they'd get more views though lets be honest LUL
@ugurkaratas88 this isn't kz server DansGame
@kaleido_ yeah Kappa
AU girl face too ugly Kappa
@Duolingz LUL
@cb_f Kappa
chat is always thirsty about everything LUL
go to hltv to see their photos Kappa
in the phone: 8 points. in real life 2 points KappaPride
in your life: never LUL
200 viewers LUL
guardian of ak WutFace
color filter WutFace
nice bomb plant pos LUL
hahaha wtf is this game LUL
lol the best way I can describe this is like watching silver 4 players with decent aim LUL
@miss_invictus guess I was wrong LUL
Im here for some chicks Kreygasm
2 more hours? Ugh :(
WORSE THAN SILVER GAMES LUL
Go Control girls :D
riv SeemsGood
Double 1G LUL
them brows LUL
no analyst desk going over strategies and executes? Kappa
To small microphones here Kappa
A GRILL GAMER LUL
Colour correction WutFace
245 viewers for Grand Final of major LUL
damn I wanted to see the USP Queen in action :(
how dare you :p
Ahh shame Dignitas fan here CarlSmile
no it doesnt dinos, its a way to bring more females to gaming exposure to welcome new faces to the scecne :)
lolwhitegirl doesnt know the flash LUL
Dead Game 4Head
They should have a tournament for Gold Nova players at each IEM too Kappa
@osg_remix all g manYES the site adjusts to time zones is all, saves you converting LUL
@Smokespell seriously i have friends who were dmgs and werent nearly as good as these girls are but maybe its because i carried these fools LUL
Backseat gaming in a twitch chat adorable CarlSmile
like my dmg friends :D
this guys voice LUL
juicy nade Kappa
CONTROL I believed in you DansGame
Female CS LUL
holy s*** TTours
Why does everyone in twitch chat think they're an analyst CarlSmile
Clap MingLee
will i get timed out if i type ? UL HotPokket
Cayshe DansGame
rip :(
UK invaded australia check reddit WutFace
streaming in 2018 Kappa
Actual Gameplay PogChamp
must have bought pcs from gumtree 4Head
np :)
uhhhh OpieOP
@insomniuhh I think you’re beautiful KappaPride
only 200 viewers LUL
142 viewers LUL
Female CS PogChamp
xazz Kreygasm
aug Kappa
150 viewers LUL
Alyana Ano na!! :)
