hello / Kappa
@jasmyn people always ask stupid questions like "when does it start?", "who won?" :D
@skuolfi yeah, we do believe in you Kappa
GET THE NEGEV IN THERE Kappa
100 bots ResidentSleeper
MITCH IS SKINNY FAT LUL
Silver final PogChamp
or take one for the team, not like a 5 min ban here means much LUL
CLG green beat the real CLG LUL
Separate womens league Jebaited
@konii91 what you gonna do with the 10k LUL
@papablesss69 I dunno, pay off my hecs debt LUL
Danny Kim?! PogChamp
im drunk Kappa
Shortly KappaRoss
the internet is global ;)
I got csgo'd yesterday LUL
trying to get my rank but always gets in groups with dmgs, dont know why :p
Still get twitch chat spamming 1g though LUL
how can i get mmr dmg when i have played 6 comp games total :p
@supchc LUL
AU PRODUCTION LUL
"can't lose any if I don't have any" *thinking_ahead.jpg* :D
henlo connie goodluck today :D
WE'RE 205 STRONG! ariW Poooound
No need to fire shots BibleThump
3pm is easy 11 hours from now i dont see the problem Kappa
@konii91 it will only make ur immunity stronger tho Kappa
@papablesss69 you're not wrong there Keepo
@konii91 please get an ace for me then, if youre good Kappa
218 viewers LUL
so its only about attention, i see Kappa
@konii91 but youre gonna get an ace for me today? EleGiggle
@irishdrunkhs im afraid my first estimate was correct Kappa
@kappie000 just the win, ace can be a bonus LUL
@konii91 the win is already certain, but i wanna see an ace BloodTrail
@konii91 then we cant see you get 3 hs again BibleThump
@konii91 but if you get an ace, they have to show it CoolStoryBob
okay, I dont give it to you, you now have to sub to get it Kappa
so lets see :D
@menta_ BibleThump
this pause is so long they needed to purchase another music licence Kappa
forsenX WutFace
Wrong Bracket NotLikeThis
triGasm PogChamp
Its my genetics OpieOP
the same intro as before PogChamp
Renun BabyRage
Another 1h break PogChamp
Oh it's female cs see you later LUL
Girl CS WutFace
MG 1 Pros PogChamp
woman cs Kreygasm
player cams? :(
No bhop? GOWKratos
✌ yayayaya BCWarrior
1 viewer Kappa
Whiteknight OSSmooth
didnt even know where the bomb was planted LUL
cara PogChamp
Clara not ban? WutFace
@jasmyn why';d you choose to cheat then :p
grilz Kreygasm
The real question is are they feminists, cause if they are DansGame
Asian grill Kreygasm
how can these girls play with hair in their face trig'd :\
penetrate the keyboard Kreygasm
aug LUL
COD gun LUL
Cod gun LUL
NA SOUND DansGame
@zhilmango idk how to spray 2. bullet but i am not pro :D
this game LUL
what ranks LUL
had a wedding, couldnt play :(
YEAH SARINA PogChamp
GO CONTROL! :D
463 viewers LUL
Bunny LUL
Casting standing up? LUL
Why does Kevin h8 Mitch? :(
FE AU CS LUL
CMON SARINA :D
YEAH :D
cmon sarina! :D
damn! PogChamp
300 viewers LUL
@ab3th3mud0k0n12 yea wtf i noticed that as well LUL
big smoke PogChamp
hell ye MrDestructoid
they're showing the same clips twice? WutFace
hey your allowed your opinion @dynastyy doesnt effect me though since you havent seen me play :)
one eternity later ResidentSleeper
girls CS LUL
SHORTLY Kappa
7 CorgiDerp
@melkt KonCha
i'm orbet :\
artemis flippin the bird i'm offended :(
women cs LUL
when hawthorn getting cs team :\
take that back @jooordyn :\
i promise i was making fun of them :(
hltv says nat is 27 that's how long it took for this game to start :\
lew11 PogChamp
artemis SabaPing
lesgo AsianGlow
a fellow brother TriHard
wish connie was my gf :\
OMG @leahvibes IS IT YOU?...wait...who are you? LUL
i miss ur twitter leah no one fills that void :(
@melkt I’m sorry I’ll make a new one in the future I promise xx :(
@jooordyn feelsbadman NotATK
i miss ur tweets @leahvibes :(
0-9 never forgetti :\
Cmon Connie NotATK
fire up connnieee AsianGlow
Why are you talking in this chat about it @diinkynz DansGame
dont even know which one of them is which LUL
@favell_csgo how do u pronounce xizy Jebaited
Women's Grand Final PogChamp
this isnt overpass train or dust 2 LUL
EU Smoke PogChamp
@sunsigncancer because no wallhacks???? LUL
stop internet bullying :(
Same ResidentSleeper
lucky shtos Kappa
spam this coke to make dinky choke DrinkPurple
go drink water jordyn :D
relyksCreep relyksCreep relyksCreep :(
eyes? LUL
csgo asmr Kreygasm
only coz my teammates hold me back :\
i went 79-20 and lost in ot this morning BabyRage
my first womens game that i have watched till the end Jebaited
similar LUL
imagine thinking video game players are all going to be models :\
if u dont like it dont watch it LUL
not about that LUL
if u live in australia ur australian TPFufun
@sunsigncancer i guess you are watching astralis vs faze? do you watch it because of the faces? LUL
you are saying you are a troll top kek Kappa
top tier cs? why dont you watch summit1g then Kappa
nice name Kappa
Does the command not show who's pick it is DansGame
? VoteYea
audiio WutFace
not going to a 3rd LUL
y no decider Kappa
diinky dont b mean :(
Don't be rude @icklefry DansGame
im watching both LUL
I just noticed the B stream on and came to check what this is :D
Both SeemsGood
: NA this EU that SPAM THIS BABY in Twitch chat BabyRage
is peachy sick hope she feels better soon :(
faze wib ct side on overpass PogChamp
conlanner PogChamp
feels bad :(
And fu @diinkynz NotATK
my eyes NotLikeThis
the nade usage is so fkin bad LUL
i meant sydney saints! :o
gg noot gg riv DOIN INVEX PROUD <3
