Startin from trap now i sale crack OneHand
از تهران کسی هس ؟ KevinTurtle
instead of boosting the ak they boost the ump LUL
They need to pull an Olofmeister Kappa
Como se les escapó ovpass :(
When will ppl learn to read and understand the meaning of the word "RERUN" FailFish
because ppl who can actually use their grey matter are annoyed by ppl who cant BloodTrail
"title says rerun, match must be live right now then" Kappa
Yeah also look at the viewers count - if it was live it would've had thousands more FailFish
But 140 p they never said Kreygasm
when people think a rerun is live Kreygasm
pro players constantly switching to and inspecting knives NotLikeThis
Yeah keep deleting my words - the truth will never be silenced SwiftRage
still - they are weak enough for NA to beat them LuL LUL
i'll give someone my butterfly fade if gfe wins Kappa
buying m4 on second round NotLikeThis
anyone want to trade my butterfly knife fac new full fade for something? Kappa
2k in a major championchip LUL
HELLO NA BR HERE QUE OTA? 4Head
safe to say he's rallen(rolling) Kappa
wait, old LuL is still a thing PogChamp
What are the best hacks I can buy Kappa
@flyYyify its like youtube video Kappa
tate don't spam. I'm deleting your messages. Kappa
1k views on a major LUL
A $1900 Alienware Desktop Comes with a 1050 ti and 8 gb 2400mhz ram GivePlz TakeNRG
SK Losing to NA CS LUL
anyone in chat rn ? cmonBruh
what was that? i try to punch him? :D
LIVE MAJOR 1K VIEWERS DEAD GAME LUL
This isn't live and isn't a major Keepo
it is live major idoit FailFish
its not live actually it says 'rerun' in the title you fool LUL
1k VIEWERS FOR LIVE MAJOR EleGiggle
@Max8X lel no sfxYS so im glad you went to pubg atleast i wont have any more carried silvers on my team Kappa
ya me voy a noniar :(
@Max8X i just woke up ty it is 11 am here unlike some hahaha mr lem :)
was this recorded on a cell phone from 2002? quality sucks LUL
I'm just here to tell you guys that this is live Kappa
come check out my stream shameless plug DansGame
900 views in a major LUL
vay aq sen 31 çektigin akşamları geçmişindir manita yapıyorsun dur deme :D
