HELLO EU? 📞 NA HERE 📞 TIME TO GO 4Head
4Head4Headspam this spam that thats right its twitch chat 4Head
spam this spam that thats right its twitch chat 4Head
Your all’s music is shit about as bad as commentary Kappa
2 PIZZA ROLES IN A ROW PogChamp
spam this spam that thats right its twitch chat d 4Head
📞 HELLO NA? 📞 EU HERE 📞 TIME TO GO HOME 📞 4Head
My Belly is larger My brain has delay You guessed it right I'm from NA 4Head
📞 HELLO NA? 📞 EU HERE 📞 TIME TO GO HOME 📞 4Head
KAPPA OUTDATED POGCHAMP OVERRATED LONG HAVE WE WAITED NOW WE JEBAITED Jebaited
SMELLS LIKE POO TEETH ARE YELLOW THATS RIGHT IM AN EU FELLOW LUL
my teeth are yellow sometimes blue you guessed it righjt im from EU 4Head
EU time 100K vieuwers NA time 55k vieuwers LUL
55K VIEWERS AT A CSGO MAJOR CSGO IS DEAD LUL
ITS 2.30 AM IN EU OF COURSE ONLY 55K LUL
📞 HELLO NA? 📞 EU HERE 📞 TIME TO GO HOME 📞 4Head
my teeth are yellow sometimes blue you guessed it righjt im from EU 4Head
📞 HELLO NA? 📞 EU HERE 📞 TIME TO GO HOME 📞 4Head
EU In 2017 EU In 2017 EU In 2017 EU In 2017 EU In 2017 LUL
1EU In 2017 EU In 2017 EU In 2017 EU In 2017 EU In 2017 LUL
KAPPA OUTDATED POGCHAMP OVERRATED LONG HAVE WE WAITED NOW WE JEBAITED Jebaited
NA Wins this $100,000 total prize pool Major Kreygasm
my teeth are yellow sometimes blue you guessed it righjt im from EU 4Head
SENDE DIESE KATZEN FÜR 30 FRAGS VON TABSEN CoolCat
60k viewers in a major final dead game LUL
same copy pastas as always ResidentSleeper
EU In 2017 EU In 2017 EU In 2017 EU In 2017 EU In 2017 LUL
1EU In 2017 EU In 2017 EU In 2017 EU In 2017 EU In 2017 LUL
📞 HELLO NA? 📞 EU HERE 📞 TIME TO GO HOME 📞 4Head
EU In 2017 EU In 2017 EU In 2017 EU In 2017 EU In 2017 LUL
FINAL MAJOR NO SERCURITY ON PCS HAX.INSTALLED -60K VIEWERS CSGO IS ALREADY DEAD LUL
EU In 2017 EU In 2017 EU In 2017 EU In 2017 EU In 2017 LUL
FINAL MAJOR NO SERCURITY ON PCS HAX.INSTALLED -60K VIE­WERS CSGO IS ALREADY DEAD LUL
EU time 100K vieuwers NA time 55k vieuwers LUL
NA REMEMBER C9 VS FAZE LUL
2 viewers for a major final, dead game EleGiggle
EU TEAMS PLAYING ACTUAL TIER 1 TOURNAMENT TOMORROW NA FANS LUL
SPAM THIS TEAR TO GET EU OUTTA HERE BibleThump
BIG TIER 5 TEAM NA IS A JOKE BIG TIER 5 TEAM NA IS A JOKE LUL
LULQUID TO GET TRASHED BY VEGA SQUADRON TOMORROW LUL
my teeth are yellow sometimes blue you guessed it righjt im from EU 4Head
P250 NO ARMOR SAVE EU LUL
BIG TIER 5 TEAM NA IS A JOKE LUL
BIG TIER 5 TEAM NA IS A JOKE BIG TIER 5 TEAM NA IS A JOKE LUL
my teeth are yellow sometimes blue you guessed it righjt im from EU 4Head
SENDE DIESE KATZEN FÜR 30 FRAGS VON TABSEN CoolCat
my teeth are yellow sometimes blue you guessed it righjt im from EU // 4Head
FINAL MAJOR NO SERCURITY ON PCS HAX.INSTALLED -60K VIEWERS CSGO IS ALREADY DEAD LUL
my teeth are yellow sometimes blue you guessed it right im from EU 4Head
📞 HELLO NA? 📞 EU HERE 📞 TIME TO GO HOME 📞 4Head
MY TEETH ARE YELLOW IT HURTS TO CHEW, YOU GUEZZSD IT RIGHT IM FROM EU CoolStoryBob
SENDE DIESE KATZEN FÜR 30 FRAGS VON TABSEN CoolCat
my teeth are yellow sometimes blue you guessed it righjt im from EU 4Head
EU In 2017 EU In 2017 EU In 2017 EU In 2017 EU In 2017 LUL
my teeth are yellow sometimes blue you guessed it righjt im from EU / 4Head
my teeth are yellow sometimes blue you guessed it righjt im from EU 4Head
FINAL MAJOR NO SERCURITY ON PCS HAX.INSTALLED 60K VIEWERS CSGO IS ALREADY DEAD LUL
SENDE DIESE KATZEN FÜR 30 FRAGS VON TABSEN CoolCat
SENDE DIESE KATZEN FÜR 30 FRAGS VON TABSEN CoolCat
SENDE DIESE KATZEN FÜR 30 FRAGS VON TABSEN CoolCat
📞 HELLO NA? 📞 EU HERE 📞 MAJORS ? 📞 4Head
📞 HELLO NA? 📞 EU HERE 📞 TIME TO GO HOME 📞 4Head
@crazehsmile I’m latino just want to bait some NA scum LUL
EU EU EU EU EU EU LUL
FINAL MAJOR NO SERCURITY ON PCS HAX.INSTALLED 6­0K VIEWERS CSGO IS ALREADY DEAD LUL
DAVID YOU SUCK AT CS LUL
SENDE DIESE KATZEN FÜR 30 FRAGS VON TABSEN CoolCat
BEAT EM ONCE IN WW1 BEAT EM TWICE IN WW2 LETS DO IT AGAIN AT DREAMHACK TOO LUL
📞 HELLO NA? 📞 EU HERE 📞 MAJORS ? 📞 4Head
IT"S GG, G TO THE G, GOOD BYE B.I.G LUL
my teeth are yellow sometimes blue you guessed it righjt im from EU 4Head
on 60k views on major LUL
NA WINNING A TIER 2 TOURNEY , THE ONLY THING THEY CAN WIN EleGiggle
SUCK MY NOODLE TO HELP SKADOODLE pastaThat
📞 STOP CALLING THIS NUMBER 📞 DansGame
HUFF SOME GLUE TO HELP OUT STEW 4Head
this reminds me of WW-II Kappa
SENDE DIESE KATZEN FÜR 30 FRAGS VON TABSEN CoolCat
EU EU EU EU EU EU EU LUL
📞 HELLO NA? 📞 EU HERE 📞 TIME TO GO HOME 📞 4Head
📞 HELLO NA? 📞 EU HERE 📞 MAJORS ? 📞 4Head
BIG? Abuse? No, they would never 4Head
PAM THIS NOODLE TO HELP SKADOODLE pastaThat
SENDE DIESE KATZEN FÜR 30 FRAGS VON TABSEN CoolCat
WHAT MORE VAN I DO LUL
EU In 2017 EU In 2017 EU In 2017 EU In 2017 EU In 2017 LUL
SPAM THIS TEAR TO GET EU OUTTA HERE BibleThump
Spam A meme to help the team Kappa
hey EU why so quiet? :thinking: hey EU why so quiet? :thinking: hey EU why so quiet? :thinking: . 4Head
my teeth are yellow sometimes blue you guessed it righjt im from EU @virtusplooow 4Head
📞 HELLO NA? 📞 EU HERE 📞 MAJORS ? 📞 4Head
SUCK MY NOODLE TO HELP SKADOODLE pastaThat
hey EU why so quiet? :thinking: . 4Head
NUTTS TO BUTTS, ATOMIC BOMBS LUL
too soon my dude c9 has two japanese Kappa
>Happy for winning to a tier 3 EU team LUL
hey EU why so quiet? :thinking: hey EU why so quiet? :thinking: . 4Head
!SUCK MY NOODLE TO HELP SKADOODLE pastaThat
my teeth are yellow sometimes blue you guessed it right im from EU 4Head
SENDE DIESE KATZEN FÜR 30 FRAGS VON TABSEN CoolCat
@nunz1o making quarterfinals major = tier 3 EU? LUL
STFU CHAT 😡 NUKES GAVE US ANIME VoHiYo
SUCK MY NOODLE TO HELP SKADOODLE pastaThat
hey EU why so quiet? :thinking: .. 4Head
📞 HELLO NA? 📞 EU HERE 📞 MAJORS ? 📞 4Head
hey EU why so quiet? :thinking: 4Head
Spam A meme to help the team Kappa
!SUCK MY NOODLE TO HELP SKADOODLE pastaThat
my teeth are yellow i smell like poo you guessed it right im from EU linnerFire7: 📞 HELLO NA? 📞 EU HERE 📞 MAJORS ? 📞 4Head
hey EU why so quiet? :thinking: hey EU why so quiet? :thinking: .. 4Head
Which country is better at a game LUL
SUCK MY NOODLE TO HELP SKADOODLE pastaThat
📞 HELLO NA? 📞 EU HERE 📞 MAJORS ? 📞 4Head
📞 HELLO NA? 📞 EU HERE 📞 MAJORS ? 📞 . 4Head
EU In 2017 EU In 2017 EU In 2017 EU In 2017 EU In 2017 LUL
hey EU why so quiet? :thinking: hey EU why so quiet? :thinking: ,, 4Head
@SUCK MY NOODLE TO HELP SKADOODLE pastaThat
WE ARE C9 WE LIKE TO STREAM WINNING A MAJOR? ONLY A DREAM 4Head
Spam this if you betted your house Mau5
200 IQ PLAY BIG PAUSE PogChamp
SUCK MY NOODLE TO HELP SKADOODLE pastaThat
my teeth are yellow sometimes blue you guessed it righjt im from EU 4Head
NA feel so proud beating a tier 2 team. How about major titles NA? EleGiggle
TIER 1 TEAMS ACTUALLY PLAYING 500k TOURNAMENT TOMORROW. ENJOY UR TIER 4 TRASH LUL
Spam this mouse if you betted your house Mau5
halo stage more hype than us LUL
📞 HELLO NA? 📞 EU HERE 📞 MAJORS ? 📞 4Head
FAKE CROWD 60k VIEWERS DEAD GAME LUL
📞 HELLO NA? 📞 EU HERE 📞 TIME TO GO HOME 📞 4Head
my teeth are yellow sometimes blue you guessed it righjt im from EU @virtusplooow 4Head
my teeth are yellow sometimes blue you guessed it right im from EU 4Head
valens isn't coaching, c9 wins grandfinals at major tourney LUL
HALO BETTER THAN US HALO BETTER THAN US HALO BETTER THAN US LUL
TIER 1 TEAMS ACTUALLY PLAYING 500k TOURNAMENT TOMORROW. ENJOY UR TIER 4 NA TRASH LUL
SENDE DIESE KATZEN FÜR 30 FRAGS VON TABSEN CoolCat
Spam this mouse if you betted your house Mau5
@Miami_Bandit NA THIS EU THAT IM A BABY IN TWITCH CHAT BabyRage
📞 HELLO NA? 📞 EU HERE 📞 MAJORS ? 📞 . 4Head
my teeth are yellow sometimes blue you guessed it righjt 1m from EU 4Head
EU In 2017 EU In 2017 EU In 2017 EU In 2017 EU In 2017 LUL
TIER 1 TEAMS PLAYING 500k TOURNAMENT TOMORROW. ENJOY UR TIER 4 TRASH LUL
Stewies Parents: "We told you to become a DOCTOR!!!!!" MingLee
Have fun at epicenter C9 Oh wait 4Head
proud NA Crowd winning vs shitty EU team LUL
my teeth are yellow sometimes blue you guessed it right im from EU 4Head
when a Halo match is louder than us Dead Game HALO BETTER THAN US LUL
@Miami_Bandit NA THIS EU THAT IM A BABY IN TWITCH CHAT BabyRage
📞 HELLO NA? 📞 EU HERE 📞 MAJORS ? 📞 4Head
HALO BETTER THAN US HALO BETTER THAN US HALO BETTER THAN US LUL
my teeth are yellow sometimes blue you guessed it righjt im from EU @virtusplooow 4Head
RIP CSGO PUBG BEST GAME LUL
what happens when the haters dab back? LUL
HAVE FUN AT EPICENTER C9 OH WAIT LUL
\ > dab on the haters TriHard
< / DAB ON DEM H8ERS Kappa
SENDE DIESE KATZEN FÜR 30 FRAGS VON TABSEN CoolCat
\ > dab on the haters TriHard
is gg guys , just look at big team LUL
📞 HELLO NA? 📞 EU HERE 📞 MAJORS ? 📞 4He ad 4Head
EU In 2017 EU In 2017 EU In 2017 EU In 2017 EU In 2017 LUL
📞 HELLO NA? 📞 EU HERE 📞 MAJORS ? 📞 4Head
csgo has more viewers than pubg PogChamp
KEEV Used to be Fit Happened WutFace
SPAM THIS TEAR TO GET EU OUTTA HERE BibleThump
EU CS EU CS EU CS EU CS EU CS ResidentSleeper
JUST BUY A MAJOR LOOOL 4Head
EU In 2017 EU In 2017 EU In 2017 EU In 2017 EU In 2017 LUL
SPAM THIS TEAR TO GET EU OUTTA HERE . BibleThump
ONLY 66K VIEWERS IN CSGO FINAL GAME IS DEAD LUL
Why does he look so unhappy :(
skadaddy will sleep, when u need him to carry wake him up Kreygasm
@DarkKlagSon EU CS EU CS EU CS EU CS ResidentSleeper
Go BIG or go HOME PogChamp
SPAM THIS TEAR TO GET EU OUTTA HERE . BibleThump
SPAM THIS TEAR TO GET EU OUTTA HERE BibleThump
Major Final only 66k viewers, CS IS DEAD BibleThump
my teeth are yellow sometimes blue you guessed it right im from EU 4Head
SPAM THIS TEAR TO GET EU OUTTA HERE . BibleThump
GOB B: T1 NA realy? LUL
SPAM THIS TEAR TO GET EU OUTTA HERE BibleThump
EU CS EU CS EU CS EU CS ResidentSleeper
SPAM THIS TEAR TO GET EU OUTTA HERE BibleThump
Major Final only 66k viewers, CS IS DEAD BibleThump
SPAM THIS TEAR TO GET EU OUTTA HERE . BibleThump
Launders is not even Muslim. He's Indian FailFish
SPAM THIS TEAR TO GET EU OUTTA HERE . BibleThump
SPAM OhMyDogTHIS DOGGO OhMyDogTO OhMyDogHELP OhMyDogCSGO OhMyDog
? SPAM THIS TEAR TO GET EU OUTTA HERE . BibleThump
EU CS EU CS EU CS EU CS EU CS EU CS EU CS ResidentSleeper
SPAM THIS TEAR TO GET EU OUTTA HERE BibleThump
HUFF SOME GLUE TO HELP OUT STEW 4Head
EU is so ba... wait let me take a breath EU is s... i need to take another one fk give me another burger OpieOP
SPAM THIS TEAR TO GET EU OUTTA HERE . BibleThump
NA this EU that but just remember... that BR is worst LUL
SPAM THIS TEAR TO GET EU OUTTA HERE BibleThump
SPAM THIS TEAR TO GET EU OUTTA HERE . 🤔 BibleThump
EU is so ba... wait let me take a breath EU is s... i need to take another one fk give me another burger OpieOP
SPAM THIS TEAR TO GET EU OUTTA HERE . BibleThump
Bark away the tech issue OhMyDog
HAVE FUN AT EPICENTER C9 OH WAIT LUL
EU is so ba... wait let me take a breath EU is s... i need to take another one fk give me another burger OpieOP
EU is so ba... wait let me take a breath EU is s... i need to take another one fk give me another burger OpieOP
SPAM THIS TEAR TO GET EU OUTTA HERE BibleThump
my teeth are yellow sometimes blue you guessed it righjt im from EU @virtusplooow 4Head
Bark away the tech issue OhMyDog8:43 brdyXD: <message deleted> OhMyDog
SPAM THIS BROKE TO NA CHOKE BrokeBack
EU CS EU CS EU CS EU CS EU CS ResidentSleeper
EU PLAYING REAL TOURNEY TOMOROW NOT THIS T2 THING LUL
SPAM THIS TUNA FOR GOOD FORTUNA SabaPing
EU CS EU CS EU CS EU CS EU CS EU CS ResidentSleeper
SPAM THIS TUNA FOR GOOD FORTUNA SabaPing
SPAM THIS TEAR FOR EU FEAR BibleThump
📞 HELLO NA? 📞 EU HERE 📞 TIME TO GO HOME 📞 4Head
SPAM THIS BROKE TO NA CHOKE BrokeBack
haha tarik is so funny :p
HAVE FUN AT EPICENTER C9 OH WAIT LUL
Spam this mouse if you betted your house Mau5
EU In 2017 EU In 2017 EU In 2017 EU In 2017 EU In 2017 LUL
SENDE DIESE KATZEN FÜR 30 FRAGS VON TABSEN CoolCat
SPAM THIS TEAR TO GET EU OUTTA HERE BibleThump
NA proud winning vs shitty EU Team LUL
STEW AWP SKA RIFLE WUT LUL
HAVE FUN AT EPICENTER C9 OH WAIT LUL
Spam this mouse if you betted your house Mau5
SPAM THIS TEAR TO GET EU OUTTA HERE BibleThump
SPAM THIS BROKE TO NA CHOKE BrokeBack
SPAM THIS TEAR TO GET EU OUTTA HERE . BibleThump
Spam this mouse if you betted your house Mau5
lose 5 rounds buy 3 awps CSGO LUL
EU CS EU CS EU CS EU CS BrokeBack
SPAM THIS BROKE TO NA CHOKE BrokeBack
C9 you won 100k tournament Now win major hahahahahh never LUL
LET US PRAY FOR N A BlessRNG
HAVE FUN AT EPICENTER C9 OH WAIT LUL
Spam this mouse if you betted your house Mau5
BIG with no BUG haHAA LUL
LET US PRAY FOR N A BlessRNG
Cloud10 = Hiko + simple + bot + bot + bot ftw LUL
PAM THIS NOODLE TO HELP SKADOODLE pastaThat
the eu spam is gone EleGiggle
Spam this mouz if you betted your house Mau5
ASSUMING DH ONLY HAVE CS LUL
THIS GAME IS SO DEAD THAT THE CROWD IS WATCHING ANOTHER GAME NICE MAJOR LUL
THEY'RE DOING THE WAVE CHAT FailFish
USE THIS SPAM TO HELP THE FAM SwiftRage
THIS GAME IS SO DEAD THAT THE CROWD IS WATCHING ANOTHER GAME NICE MAJOR - LUL
USE THIS SPAM TO HELP THE FAM X SwiftRage
SEND HIM TO HELP TIM WutFace
SPAM THIS TEAR TO GET EU OUTTA HERE BibleThump
Dreamhacks 2k18 = Hiko in Fnatic instead of Olof LUL
SPAM THIS BACK FOR THE COMEBACK TriHard
Making my way downtown, driving fast Jebaited
BRA7IL SK GAMING FERBOT TOP1 LUL
Every 60 seconds in Brazil Germany scores a goal Together we can stop this Spread the word LUL
📞 HELLO NA? 📞 EU HERE 📞 TIME TO GO HOME 📞 4Head
SENDE DIESE KATZEN FÜR 30 FRAGS VON TABSEN CoolCat
SPAM THIS BACK FOR THE COMEBACK . TriHard
Semphis got kicked from C9 PogChamp
USE THIS SPAM TO HELP THE FAM SwiftRage
WHERE IS SWAG HE BANNED AGAIN IDIOT?>? LOL CoolCat
SENDE DIESE KATZEN FÜR 30 FRAGS VON TABSEN CoolCat
:telephone_receiver: HELLO BIG? :telephone_receiver: AIRPORT HERE :telephone_receiver: YOUR PLANE IS READY 4Head
LET US PRAY FOR N A BlessRNG
Big is tier 10 team EU LUL
Go BIG or go HOME PogChamp
HAVE FUN AT EPICENTER C9 OH WAIT LUL
SWAG GOT BANNED? WHERE IS SWAG?? BANNED LOL CoolCat
My Teeth Are Yellow My Breathe Smells Like Poo You Guessed It Right I'm From EU BigBrother
I have never herad big team. who is? CoolCat
SPAM THIS BACK FOR THE COMEBACK TriHard
SO MANY PEOPLE WEARING GLASSES LUL
67k viewers and no spam? .... Kappa
EVEN VP WON AGAINST NA LUL
WHY DO NA CROWDS SUCK WutFace
Major Legends can't beat #2 NA LUL
NA > USA > AMERICA > rest of you s hitters LUL
MOOOOM people are having fun in the crowd waaaahhhh BabyRage
SPAM THIS BROKE TO NA CHOKE BrokeBack
clout 9KevinTurtle clout9 clout9 clout9 KevinTurtle
67k viewers and no spam ? ... Kappa
LAUNDERS IS SUCH A MEMER LUL
67k viewers in major final dead game LUL
SHIT IT CS TEETH YELLOW LIKE EGG YOLKS YOU GUESSED IT WE'RE EU FOLKS LUL
SPAM THIS BROKE TO NA CHOKE BrokeBack
GOB B CHET? I THINK SO LOL!!! CoolCat
EU? EU? EU? EU? EU? EU? SoBayed
SENDE DIESE KATZEN FÜR 30 FRAGS VON TABSEN CoolCat
📞 HELLO NA? 📞 EU HERE 📞 TIME TO GO HOME 📞 4Head
shroudC9 shroudC9 shroudC9 shroudC9 shroudC9 PogChamp
lmao c9 just rush a and they lose instantly LUL
EU CS EU CS EU CS EU CS EU CS EU CS EU CS EleGiggle
SPAM THIS BACK FOR THE COMEBACK TriHard
SPAM THIS TEAR FOR EU FEAR BibleThump
NA > USA > AMERICA > rest of you s hitters LUL
📞 :telephone_receiver:BetterTTV Emojis HELLO EU? 📞 NA HERE 📞 TIME TO GO HOME 📞 4Head
NA WINNING TIER 3 TOURNAMENT LUL
EU HAVE NO CHANCE TO WIN NA CS LUL
SPAM THIS TEAR TO GET EU OUTTA HERE BibleThump
THIS FINAL IS VERY BORING ResidentSleeper
VIEWERSHIP IS LOW NOW BCUZ BIG FAN LEAVING LUL
EU is so ba... wait let me take a breath EU is s... i need to take another one fk give me another burger OpieOP
SPAM TPFufu THIS WEEB TO HELP KEEV TPFufun
CANT CHEAT ON VAC SECURED SERVERS LUL
EU CS EU CS EU CS EU CS EU CS EU CS LUL
why is EU so bad? EleGiggle
SPAM TPFufu THIS WEEB TO HELP KEEV TPFufun
HELLO GER? 📞 NA HERE 📞 REMEMBER WW2? 📞 4Head
THAT HAPPENS EVERY GAME IN MM LUL
C9 are pub stomping them EleGiggle
TARIK "RUSH A EVERY ROUND" LUL
EU CS EU CS EU CS EU CS EU CS EU CS EU CS LUL
BEAT EM ONCE IN WW1 BEAT EM TWICE IN WW2 LETS DO IT AGAIN AT DREAMHACK TOO LUL
EU CS EU CS EU CS EU CS EU CS EU CS LUL
SPAM THIS BACK FOR THE COMEBACK TriHard
EU WHERE ARE YOU ?? LUL
SPAM THIS TO LAUGH AT EU LUL
EU is so ba... wait let me take a breath EU is s... i need to take another one fk give me another burger OpieOP
60k viewers on a major dead game LUL
LULLUL SPAM THIS TO LAUGH AT EU LUL
SPAM THIS TO LAUGH AT EU LUL
:telephone_receiver: HELLO BIG? :telephone_receiver: AIRPORT HERE :telephone_receiver: YOUR PLANE IS READY 4Head
NA STRAT NA STRAT NA STRAT NA STRAT PogChamp
WHEN EU THINK THEYRE good AT CS LUL
SPAM THIS TO LAUGH AT EU LUL
C9 GO PLAY IN MAJOR QUALS PLS LUL
📞 HELLO NA? 📞 EU HERE 📞 TIME TO GO HOME 📞 4Head
LMAO NA HAPPY BECAUSE THEY BEAT BIG B I G LUL
SPAM THIS TO LAUGH AT EU LUL
67000 viewers in major final LUL
EU CS EU CS EU CS EU CS EU CS EU CS EU CS LUL
My Teeth Are Yellow My Breathe Smells Like Poo You Guessed It Right I'm From EU BigBrother
SPAM THIS TO LAUGH AT EU LUL
SPAM THIS TO LAUGH AT EU LUL
SPAM THIS BROKE TO NA CHOKE BrokeBack
SPAM THIS TO LAUGH AT EU LUL
SPAM THIS TO LAUGH AT EU LUL
hey EU why so quiet? :thinking: 4Head
LET US PRAY FOR N A BlessRNG
hey EU why so quiet? :thinking: hey EU why so quiet? :thinking: . 4Head
SPAM THIS TO LAUGH AT EU LUL
NA winning minors, but cheering as if its's major LUL
My Teeth Are Yellow My Breathe Smells Like Poo You Guessed It Right I'm From EU . BigBrother
SPAM THIS TO LAUGH AT EU LUL
THIS TO LAUGH AT EU . LUL
SPAM THIS TO LAUGH AT EU LUL
BIG JUST PLAY INFERNO WITH BUG 4Head
SPAM THIS TO LAUGH AT EU LUL
SPAM THIS TO LAUGH AT EU .. LUL
T2 EU TEAM BEAT FAZE U WONT LUL
SPAM BrainSlugTHIS BrainSlugMUSH BrainSlugTO BrainSlugHELP BrainSlugRUSH BrainSlug
My Teeth Are Yellow My Breathe Smells Like Poo You Guessed It Right I'm From EU BigBrother
SPAM THIS TO LAUGH AT EU .. LUL
c9 smurfing EU major legends LMAO LUL
EU CS EU CS EU CS EU CS EU CS EU CS EU CS LUL
SPAM THIS TO LAUGH AT EU . LUL
SPAM THIS TO LAUGH AT EU x LUL
NAs FIRST WIN AGAINST EU 4Head
ASIANS AND TURKS NA BTW LUL
SPAM MAGA TO MAKE AMERICA GREAT AGAIN Poooound
SPAM THIS TO LAUGH AT EU LUL
My Teeth Are Yellow My Breathe Smells Like Poo You Guessed It Right I'm From EU . BigBrother
NA COMPARING BIG WITH FAZE LUL
NA's best team barely beats EU's 8th best team and think they are good SeemsGood
THIS TO LAUGH AT EU LUL
NA COMPARING BIG WITH FAZE NA COMPARING BIG WITH FAZE LUL
EU GOT 3 ROUNDS EU GOT 3 ROUNDS EU GOT 3 ROUNDS PogChamp
SPAM THIS TO LAUGH AT EU LUL
My Teeth Are Yellow My Breathe Smells Like Poo You Guessed It Right I'm From EU . BigBrother
NA COMPARING BIG WITH FAZE LUL
NAs FIRST WIN AGAINST EU 4Head
NA COMPARING BIG WITH FAZE NA COMPARING BIG WITH FAZE LUL
SPAM THIS TO LAUGH AT EU ..f LUL
EU is so ba... wait let me take a breath EU is s... i need to take another one fk give me another burger OpieOP
Major Final only 68k viewers, CS IS DEAD BibleThump
SPAM THIS TO LAUGH AT EU LUL
HAVE TO USE ENGLISH CAUSE EU IS SHIT LUL
The plant doesnt matter, they have infinite money chat FailFish
NAs FIRST WIN AGAINST EU . 4Head
they have money silver chat ResidentSleeper
C M B A C K Kreygasm
C( had plenty of money, he wanted to drop a gun, 200IQ SeemsGood
EU CS EU CS EU CS EU CS EU CS EU CS EU CS LUL
SPAM THIS TO LAUGH AT EU LUL
SMART By stewie. BIG has low money :)
Tier 2 EU same level than tier 1 USA LUL
SPAM THIS TO LAUGH AT EU LUL. LUL
TRUMP Starting Racist war TRUMP Starting Racist war LUL
📞 HELLO NA? 📞 EU HERE 📞 TIME TO GO HOME 📞 4Head
SPAM THIS TO LAUGH AT EU LUL
T1 NA FINALLY BEATS A T2 EU TEAM 4Head
LULLUL SPAM THIS TO LAUGH AT EU LUL
Losing to C9 in 2017 FailFish
wow beating t3 EU teams PogChamp
CLOWN9 WINNING TIER 3 TOURNAMENT LUL
KAPPA OUTDATED POGCHAMP OVERRATED LONG HAVE WE WAITED NOW WE JEBAITED Jebaited
SPAM THIS TO LAUGH AT EU LUL
SPAM MAGA TO MAKE AMERICA GREAT AGAIN Poooound
SPAM THIS TEAR FOR EU FEAR BibleThump
HOW IS MOVING SO FAST WutFace
📞 HELLO NA? 📞 EU HERE 📞 TIME TO GO HOME 📞 4Head
EU CS EU CS EU CS EU CS EU CS EU CS EU CS LUL
SPAM THIS TO LAUGH AT EU LUL
SPAM THIS TO LAUGH AT EU LUL
SPAM THIS TO LAUGH AT EU LUL
EU CS EU CS EU CS EU CS EU CS EU CS EU CS LUL
HELLO GER? 📞 NA HERE 📞 REMEMBER WW2? 📞 4Head
SPAM THIS TO LAUGH AT EU LUL
YES NA HAS ASIANS BUT NO MAJORS LUL
📞 HELLO C9 📞 EU HERE 📞 NO EPICENTER? 📞 4Head
Being named Ian in 2017 DansGame
SPAM MAGA TO MAKE AMERICA GREAT AGAIN Poooound
SPAM THIS TO LAUGH AT EU LUL
PAM THIS NOODLE TO HELP SKADOODLE pastaThat
EU GOT 3 ROUNDS EU GOT 3 ROUNDS EU GOT 3 ROUNDS PogChamp
NA team does not have any KKona LUL
I LIKE TO HAVE CONSENSUAL INTERCOURSE WITH MY MALE FRIENDS OhMyDog
SMELLS LIKE POO TEETH ARE YELLOW THATS RIGHT IM AN EU FELLOW LUL
SPAM THIS TO LAUGH AT EU LUL
LEZ GO C9. FAK THESE KIDS DatSheffy
SAW U AT EPICENTER NA... OH WAIT LUL
NA THIS EU THAT IM A BABY IN TWITCH CHAT BabyRage
any else spot the cute ? KappaPride
c9 win doesnt count its not a major BabyRage
LULI AM FROM EU LULMY TEETH ARE BRIGHT YELLOW LULI LIKE MY SISTER LULAND MY VOICE IS MELLOW LUL
📞 HELLO NA? 📞 EU HERE 📞 TIME TO GO HOME 📞 4Head
NO BUG NO BIG! NO BUG NO BIG! NO BUG NO BIG! NO BUG NO BIG! LUL
EU CS EU CS EU CS EU CS EU CS EU CS EU CS LUL
Big=No Good without jump bug LUL
EU is so ba... wait let me take a breath EU is s... i need to take another one fk give me another burger OpieOP
📞 HELLO C9 📞 EU HERE 📞 NO EPICENTER? 📞 4Head
BUG MAJOR LEGENDS BUG MAJOR LEGENDS LUL
@dapr tier 20 na player PogChamp
@phluffyhead haHAA are u from murica? OpieOP
EU? EU? EU? EU? EU? EU? EU? SoBayed
tier 1 EU Major Legends getting REKT by NA LUL
I LIKE TO LOOK AT DUST MOURET WHERE IS DUST OhMyDog
L E T S GO PogChamp
EU CS EU CS EU CS EU CS EU CS EU CS EU CS LUL
LOW VIEWER COUNT ASK SHROUD TO HOST LUL
tier 1 EU Major Legends getting REKT by NA LUL
I don't want to Hype too much but C9 BEST TEAM IN THE WORLD Kreygasm
SEE U AT EPICENTER NA... OH WAIT LUL
📞 HELLO NA? 📞 EU HERE 📞 TIME TO GO HOME 📞 4Head
NA HYPING OVER BIG SO DESPERATE LUL
SPAM THIS TO LAUGH AT EU LUL
wanna hear a joke? EU 4Head
EU CS EU CS EU CS EU CS EU CS EU CS EU CS LUL
NA HYPINg OVER BIG DESPERATE LUL
EU GOT 3 ROUNDS EU GOT 3 ROUNDS EU GOT 3 ROUNDS EU GOT 3 ROUNDS PogChamp
SENDE DIESE KATZEN FÜR 30 FRAGS VON TABSEN CoolCat
TABSEN BACKWARDS IS NESBAT OMG WOEW OhMyDog
MAJOR LEGENDS LOSING TO NA TEAM WHO WASNT EVEN IN THE MAJOR LUL
tier 1 na beating tier 3 eu PogChamp
SPAM THIS TO LAUGH AT EU LUL
LULLUL SPAM THIS TO LAUGH AT EU LUL
Trump made NA great again KKona 7 PogChamp
PAM THIS NOODLE TO HELP SKADOODLE pastaThat
NO BUG NO BIG! NO BUG NO BIG! NO BUG NO BIG! NO BUG NO BIG! LUL
SPAM THIS TO LAUGH AT EU LUL
EU CS EU CS EU CS EU CS EU CS EU CS EU CS LUL
T1 TOURNEY TOMOROW GUESS WHAT NA NOT QUALIFIED LUL
EU BOTS EU BOTS EU BOTS MrDestructoid
SPAM THIS TUNA FOR CLOUD9 FORTUNA SabaPing
SENDE DIESE KATZEN FÜR 10 FRAGS VON TABSEN CoolCat
What is up with stewies monitor Jebaited
📞 HELLO NA? 📞 EU HERE 📞 TIME TO GO HOME 📞 4Head
EU CS EU CS EU CS EU CS EU CS EU CS EU CS LUL
SPAM SKADOOLE IF YOU LOVE THE DOODLE pastaThat
SPAM THIS TO LAUGH AT EU Twitch Prime LUL
SPAM THIS TO LAUGH AT EU LUL
EU CS EU CS EU CS EU CS EU CS EU CS EU CS LUL
TABSEN BACKWARDS IS NESBAT BACKWARDS IS OhMyDog
NO BUG NO BIG! NO BUG NO BIG! NO BUG NO BIG! NO BUG NO BIG! LUL
SPAM THIS TO LAUGH AT EU LUL
SPAM THIS TO LAUGH AT EU LUL
CANT WAIT TO SEE BIG COMEBACK Kappa
SPAM THIS TO LAUGH AT EU LUL
EU CS EU CS EU CS EU CS EU CS EU CS EU CS LUL
EU EU EU EU EU EU EU EU EU EU EU EU EU LUL
TIER 20 tournament usa win :D
📞 :telephone_receiver:BetterTTV Emojis HELLO EU? 📞 NA HERE 📞 TIME TO GO HOME 📞 4Head
WHERE IS EU????? WHERE IS EU????? WHERE IS EU????? WHERE IS EU????? WHERE IS EU????? WHERE IS EU????? 4Head
SPAM THIS TUNA FOR CLOUD9 FORTUNA SabaPing
EU EU EU EU EU EU EU EU LUL
EU? EU? EU? EU? EU? EU? SoBayed
BEAT EM ONCE IN WW1 BEAT EM TWICE IN WW2 LETS DO IT AGAIN AT DREAMHACK TOO LUL
EU BOTS EU BOTS EU BOTS MrDestructoid
EU CS EU CS EU CS EU CS EU CS EU CS EU CS LUL
BUSH OUTDATED OBAMA OVERRATED HILLARY ELIMINATED TRUMP CONGRATULATED LONG HAVE WE WAITED NOW WE EMIGRATED Jebaited
Finally a First place after ... ages 4Head
SPAM THIS TO LAUGH AT EU LUL
📞 :telephone_receiver:BetterTTV Emojis HELLO EU? 📞 NA HERE 📞 TIME TO GO HOME 📞 4Head
EU EU EU EU EU EU EU EU LUL
EU CS EU CS EU CS EU CS EU CS EU CS EU CS LUL
EU BAD EU MAD EU SAD LUL
HELLO EU? NA HERE Y SO QUIET? 4Head
USA USA Lets GO C9 WE BEAT A TIER 20 team!!! PogChamp
3 CANADIANS IN TEAM BUT CHANT IS USA LUL
SPAM THIS MUSH TO CHEER ON RUSH BrainSlug
HELLO EU? NA HERE WHY SO QUIET? 4Head
EU CS EU CS EU CS EU CS EU CS EU CS EU CS LUL
NA think they're special beating Tier 3 EU teams LUL
If Tim wasn't Asian he woulda saw hiim Kappa
GUY CLAPPING WITH HIS LEGS LUL
SPAM THIS BROKE TO NA CHOKE BrokeBack
COMEBACK COMEBACK COMEBACK COMEBACK COMEBACK LUL
its gonna be a long game LUL
SPAM THIS IF YOU LOVE LANDERS CASTING <3
OT OT OT OT OT LUL
BUSH OUTDATED OBAMA OVERRATED HILLARY ELIMINATED TRUMP CONGRATULATED LONG HAVE WE WAITED NOW WE EMIGRATED Jebaited
SPAM THIS IF YOU LOVE LANDERS CASTING <3. <3
winning t4 tournament against t3 EU teams 4Head
proud NA crowd because winning vs shitty EU team LUL
EU CS EU CS EU CS LUL
SPAM THIS TUNA FOR CLOUD9 FORTUNA SabaPing
SPAM THIS IF YOU LOVE LANDERS CASTING <3.. <3
NA TO WIN A MAJOR NA TO WIN A MAJOR EleGiggle
BUSH OUTDATED OBAMA OVERRATED HILLARY ELIMINATED TRUMP CONGRATULATED LONG HAVE WE WAITED NOW WE EMIGRATED Jebaited
SPAM THIS IF YOU LOVE LANDERS CASTING <3... <3
SPAM THIS BROKE TO NA CHOKE BrokeBack
Na Choke = 15 - 4 LUL
Dreamhack 70k Viewers. Shroud 51k Viewers SeemsGood
SENDE DIESE KATZEN FÜR 30 FRAGS VON TABSEN CoolCat
EU CS EU CS EU CS LUL
SPAM THIS BROKE TO NA CHOKE BrokeBack
BUSH OUTDATED OBAMA OVERRATED HILLARY ELIMINATED TRUMP CONGRATULATED LONG HAVE WE WAITED NOW WE EMIGRATED Jebaited
EU thinking c9 will choke this LUL
EU EU EU EU EU EU EU EU LUL
SEE U AT EPICENTER NA... OH WAIT LUL
SMELLS LIKE POO TEETH ARE YELLOW THATS RIGHT IM AN EU FELLOW LUL
EU CS EU CS EU CS EU CS EU CS EU CS EU CS LUL
EU In 2017 EU In 2017 EU In 2017 EU In 2017 EU In 2017 LUL
SMELLS LIKE POO TEETH ARE YELLOW THATS RIGHT IM AN EU FELLOW LUL
SPAM THIS TO LAUGH AT EU LUL
NAVI WILL WIN EPICENTER, O WAIT LUL
SPAM THIS TEAR TO GET EU OUTTA HERE BibleThump
SPAM THIS BROKE TO NA CHOKE BrokeBack
EU is so ba... wait let me take a breath EU is s... i need to take another one fk give me another burger OpieOP
EU BOTS EU BOTS EU BOTS MrDestructoid
AT LEAST SHROUD IS CASTING Kappa
SPAM THIS TEAR TO GET EU OUTTA HERE . BibleThump
SENDE DIESE KATZEN FÜR 30 FRAGS VON TABSEN CoolCat
SMELLS LIKE POO TEETH ARE YELLOW THATS RIGHT IM AN EU FELLOW LUL
SPAM THIS BROKE TO NA CHOKE BrokeBack
EU In 2017 EU In 2017 EU In 2017 EU In 2017 EU In 2017 LUL
EU is so ba... wait let me take a breath EU is s... i need to take another one fk give me another burger OpieOP
70k viewers CSGO MAJOR FINALS LUL
BibleThumpBibleThump SPAM THIS TEAR TO GET EU OUTTA HERE . BibleThump
SPAM THIS TEAR TO GET EU OUTTA HERE BibleThump
SENDE DIESE KATZEN FÜR 30 FRAGS VON TABSEN CoolCat
I wish Germans tried this hard to save their country. EleGiggle
SPAM THIS MUSH TO CHEER ON RUSH BrainSlug
EU is so ba... wait let me take a breath EU is s... i need to take another one fk give me another burger OpieOP
SPAM THIS BROKE TO NA CHOKE BrokeBack
SPAM THIS TO LAUGH AT EU LUL
BUSH OUTDATED OBAMA OVERRATED HILLARY ELIMINATED TRUMP CONGRATULATED LONG HAVE WE WAITED NOW WE EMIGRATED Jebaited
SPAM THIS TEAR TO GET EU OUTTA HERE BibleThump
EU In 2017 EU In 2017 EU In 2017 EU In 2017 EU In 2017 LUL
NA WINNING A MAJOR TOURNAMENT PogChamp
📞 :telephone_receiver:BetterTTV Emojis HELLO EU? 📞 NA HERE 📞 TIME TO GO HOME 📞 4Head
0 MAJOR 0 MAJOR 0 MAJOR 0 MAJOR 0 MAJOR 0 MAJOR LUL
EU CS EU CS EU CS EU CS EU CS EU CS EU CS LUL
0 MAJOR 0 MAJOR 0 MAJOR 0 MAJOR 0 MAJOR 0 MAJOR . LUL
SPAM THIS TO LAUGH AT EU LUL
EU????? EU????? EU????? EU????? EU????? EU????? SoBayed
SPAM THIS TO LAUGH AT EU LUL
SPAM THIS MUSH TO CHEER ON RUSH BrainSlug
NA would still be owned by natives without EU LuL Your welcome 4Head
0 MAJOR 0 MAJOR 0 MAJOR 0 MAJOR 0 MAJOR 0 MAJOR LUL
SPAM THIS TEAR TO GET EU OUTTA HERE BibleThump
SPAM THIS TO LAUGH AT EU LUL
SPAM THIS TEAR FOR EU FEAR BibleThump
EU In 2017 EU In 2017 EU In 2017 EU In 2017 EU In 2017 LUL
My Teeth Are Yellow My Breathe Smells Like Poo You Guessed It Right I'm From EU BigBrother
EU EU EU EU EU EU EU EU LUL
NA MAJORS NA MAJORS NA MAJORS LUL
ÀSPAM THIS TO LAUGH AT EU LUL
EU is so ba... wait let me take a breath EU is s... i need to take another one fk give me another burger OpieOP
0 MAJOR 0 MAJOR 0 MAJOR 0 MAJOR 0 MAJOR 0 MAJOR . LUL
WE FINALLY WON T2 TOURNEY PogChamp
SPAM THIS TO LAUGH AT EU LUL
NO BUG NO BIG! NO BUG NO BIG! NO BUG NO BIG! NO BUG NO BIG! LUL
c9 beat tier 3 eu PogChamp
SPAM THIS TO LAUGH AT EU LUL
EU CS EU CS EU CS EU CS EU CS EU CS EU CS LUL
EU CS EU CS LUL- LUL
CLOUD) WON AGAINST SECOND CLASS CS TEAMS LUL
YEAAAAHHHHHHHHHHH NA GOOD BYE EU LUL
EU EU EU EU EU EU EU EU LUL
EU CS EU CS EU CS EU CS EU CS EU CS EU CS LUL
0 MAJOR 0 MAJOR 0 MAJOR 0 MAJOR 0 MAJOR 0 MAJOR LUL
too bad NA couldn't win a real tournament LUL
C9 only wins the tournies where there are no good teams LUL
c9 win doesnt count its not a major BabyRage
Hello EU? NA here? Why so easy?? 4Head
EU CS EU CS EU CS EU CS EU CS EU CS EU CS LUL
SPAM THIS TO LAUGH AT EU LUL
EU? EU? EU? EU? EU? EU? EU? EU? SoBayed
0 MAJOR 0 MAJOR 0 MAJOR 0 MAJOR 0 MAJOR 0 MAJOR . LUL
finally they won a t3 tournament Kappa
0 MAJOR 0 MAJOR 0 MAJOR 0 MAJOR 0 MAJOR 0 MAJOR LUL
I REMEMBER THE FINALS ESL_COLOGNE 2017 WITH C9 LOSE OF 3X0 FOR THE SK KINGG LUL
0 MAJOR 0 MAJOR 0 MAJOR 0 MAJOR 0 MAJOR 0 MAJOR . LUL
BEST NA TEAM WON TIER 3 TOURNAMENT LUL
TUROK, THE PEANUT BRAIN // SMOrc
SPAM THIS TO LAUGH AT EU LUL
HYPED AF FOR A TIER 2 TOURNAMENT NA CS LUL
SPAM THIS TO LAUGH AT EU LULÀ LUL
EU In 2017 EU In 2017 EU In 2017 EU In 2017 EU In 2017 LUL
NA won a tier 3 tourny wohooo Kappa
I REMEMBER THE FINALS ESL_COLOGNE 2017 WITH C9 LOSE OF 3X0 FOR THE SK KINGG LUL
-LUL EU CS EU CS LUL
EU Bet On NA Everybody Wins LUL
TUROK, THE PEANUT BRAIN // SMOrc
SPAM THIS MUSH TO CHEER ON RUSH BrainSlug
n u t t z Kreygasm
WE FINALLY WON T2 TOURNEY ?? PogChamp
HYPED AF FOR A TIER 2 TOURNAMENT LUL
I REMEMBER THE FINALS ESL_COLOGNE 2017 WITH C9 LOSE OF 3X0 FOR THE SK KINGG LUL
they won a major guys BibleThump
BEST NA TEAM WON TIER 3 TOURNAMENT LUL
EU CS EU CS - LUL
UK ACCENT IN USA?? UK ACCENT IN USA?? UK ACCENT IN USA?? UK ACCENT IN USA?? RuleFive
GUYS WHERE IS SHROUD ? BibleThump
WE FINALLY WON T2 TOURNEY ?? PogChamp
SPAM THIS TUNA FOR CLOUD9 FORTUNA SabaPing
SPAM THIS TO LAUGH AT EU LUL
TIM IS SO GROWN UP BibleThump
I REMEMBER THE FINALS ESL_COLOGNE 2017 WITH C9 LOSE OF 3X0 FOR THE SK KINGG LUL
EU CS EU CS = LUL
@corrblimey see u at epicenter LUL
BEST NA TEAM WON TIER 3 TOURNAMENT LUL
lol na wins tier 3 sure but EU = TIER 1 <3
I REMEMBER THE FINALS ESL_COLOGNE 2017 WITH C9 LOSE OF 3X0 FOR THE SK KINGG LUL
TIER 3 EU VS TIER 1 NA Kappa
BEST NA TEAM WON TIER 3 TOURNAMENT . LUL
BEST NA TEAM WON TIER 3 TOURNAMENT .. LUL
NA Won WWII and DH Denver Get Rekt Keepo
SPAM THIS TEAR TO GET EU OUTTA HERE BibleThump
WHY IS EU SO QUITE? EleGiggle
@milan1864 ur an idiot all the teams are decent LUL
EU Still Waiting For The Comeback LUL
WHEN YOU SPEND TIME WATCHING C9 JUST TO TALK CRAP LUL
see ya next major na HeyGuys
BEST NA TEAM WON TIER 3 TOURNAMENT . LUL
WE FINALLY WON T2 TOURNEY?? PogChamp
Are you supposed to lose in low tier tourneys then? EleGiggle
EU CS EU CS - LUL
BEST NA TEAM WON TIER 3 TOURNAMENT LUL
SPAM THIS TO LAUGH AT EU LUL
Legija is a support player, not a fragger FailFish
NA WINS NEXT MAJOR OH WAIT LUL
CSGO MAJOR FINALS 70k VIEWERS LUL
TOP NA TEAM WON TIER 3 TOURNAMENT LUL
NA CS VS TIER 1 EU TEAMS NA CS VS TIER 1 EU TEAMS NA CS VS TIER 1 EU TEAMS LUL
they still have smaller paycheck than shroud Kappa
EU gets so salty when NA gets 1. Lmao EleGiggle
TOP NA TEAM WON TIER 3 TOURNAMENT LUL
EU CANT WIN TIER 3 TOURNAMENT LUL
LIQUID? c9 all the way baby! LUL
online liquid better LAN c9 better :)
WHERES YOUR MAJOR TOURNAMENT WIN NA? LUL
EU CANT WIN TIER 3 LUL
why is Europe so mad? UnSane
WHERES YOUR MAJOR TOURNAMENT WIN NA? ONLY TIER 3 TOURNAMENTS LUL
WE FINALLY WON A T2 TOURNEY?? PogChamp
WHERES YOUR MAJOR TOURNAMENT WIN NA? ONLY TIER 3 TOURNAMENTS . LUL
IT WAS SO CLOSE TO MOUZ 2:0 but they choked BibleThump
WHERES YOUR MAJOR TOURNAMENT WIN NA? ONLY TIER 3 TOURNAMENTS LUL
Hazed hinting he wants to analyze for dh winter LUL
@Tobatha_Gaming WE HAVE ENVYUS FOR THAT LUL
T1 TOURNEY TOMOROW GUESS WHAT NO NA TEAM LUL
great cast, great games , bye bye guys BibleThump
EU CANT WIN TIER 3 TOURNAMENT LUL
WHERES YOUR MAJOR TOURNAMENT WIN NA? ONLY TIER 3 TOURNAMENTS LUL
@SlowPT alot from EU aren't EleGiggle
HLTV BETTER GOT C9 #1 AFTER THIS BibleThump
EU CANT WIN TIER 3 TOURNAMENT LUL
IAN IS THE PROBLEM SOLVER FAK VALENS PogChamp
WE FINALLY WON T2 TOURNEY ?? PogChamp
@phluffyhead true facts stay bad LUL
NA = 0 MAJORS . LUL
EU Can't even win t3 tourney EleGiggle
But there was no good EU teams? :)
BUSH OUTDATED OBAMA OVERRATED HILLARY ELIMINATED TRUMP CONGRATULATED LONG HAVE WE WAITED NOW WE EMIGRATED Jebaited
NA WON CUZ ALL THE GOOD EU TEAMS PLAY A TOURNAMENT THAT MATTERS LUL
C9 WON THE DREAMHACK MAJOR OhMyDog
NA WON CUZ ALL THE GOOD EU TEAMS PLAY A TOURNAMENT THAT MATTERS LUL
WHEN MOUZ WAS THE BETTER EU TEAM LUL
@excedra1321 never a fun game LUL
do you people have nothing better to do than haHAA 'ing at a rick and morty commercial LUL
Only time NA has gone to major finals was because of S1mple LUL
Only time NA has gone to major finals was because of S1mple LUL
EU? EU? EU? EU? @wyre75 SoBayed
C9 better than Faze Huge Kappa
@corrblimey see u at epicenter LUL
@wyre75 EU? EU? EU? EU? EU? EU? EU? EU? EU? EU? EU? EU? SoBayed
36k viewers watching a rerun PogChamp
EU ONLY 1 MAJOR WIN IN LAST 4 LUL
C9 won Esl pro league major in Brazil LUL
Dreamhack made tournaments so NA could win something too LUL
nt eu it was a valiant attempt LUL
@itzShadowfox663 Dreamhack made tournaments so NA could win something too LUL
EU Still Waiting For Comeback LUL
@corrblimey u won im on phone LUL
