Major Final 29k viewers, CS IS DEAD BibleThump
: THIS NOODLE TO HELP SKADOODLE pastaThat
Moin an alle deutschen die so geistlos sind und extra wach bleiben :)
CSGO IS DYING FeelsBadMan PLEASE VALVE BibleThump
Major Final 32k viewers, CS IS DEAD BibleThump
that was beautiful pala is amazing <3
PAM THIS NOODLE TO HELP SKADOODLE pastaThat
no interest to watch major LUL
PAM THIS NOODLE TO HELP SKADOODLE pastaThat
THIS NOODLE TO HELP SKADOODLE pastaThat
You have bad sense of humour if you think cringe humour is funny LUL
No amount of spam can help skadoodle LUL
cmon guys its not the major..and shroud is a that says csgo is dead cos he got benched... BabyRage
MAJOR with only 34k viewers LUL
SHROUD 56k VIEWERS GRAND FINALS 34k LUL
PEOPLE SAYING THAT GAME IS DEAD WHEN MATCH HASNT EVEN STARTED LUL
THIS NOODLE TO HELP SKADOODLE pastaThat
PEOPLE SAYING THAT GAME IS DEAD WHEN MATCH HASNT EVEN STARTED 2 LUL
PEOPLE SAYING THAT GAME IS DEAD WHEN MATCH HASNT EVEN STARTED LUL
GOOD PERFOMANCE STRUGGLE VS T3 EU LUL
No amount of spam can help skadoodle LUL
MY TEETH ARE ALL YELLOW MY BRAIN IS DEAD TOO YOU GUESSED IT RIGHT IM FROM EU EleGiggle
SPAM YOUR EX TO HELP NEX HotPokket
CLG LOSING WITH A CHEATER LUL
GRAND FINALS , BO3 NOT BO5 LUL
when its 01:04 and yoy have to get iut your bed 7:00 but you want to watch the final TriHard
BIG? More like NOT BIG LUL
: THIS NOODLE TO HELP SKADOODLE pastaThat
SPAM YOUR EX TO HELP NEX HotPokket
WORDS BETWEEN EMOTES ARE PRETTY FUNNY LUL
SHOULD BE ASLEEP BUT IM IN THIS DEEP LUL
SHROUD MORE VIEWERS THAN MAJOR FINAL LUL
THIS NOODLE TO HELP SKADOODLE pastaThat
cloud9 has no style iits NA cs.....if i watch c9 demo there is no deep tactic :D
IM SHIT AT CS I ACT LIKE IM PRO I DIDNT SAY A NAME BUT I BET YOU GUESSED MOE EleGiggle
IF I WRITE LULLIKE THIS EVERYONE IS GONNA READ ME LULLUL READ ME LUL
NA THIS EU THAT IM A 12 YEAR OLD IN TWITCH CHAT ResidentSleeper
CD IN 2017 INSTEAD OF OVERWATCH LUL
bo3 or bo5? EU Non Friendly LUL
T1 NA VS T2 EU FINAL SO HYPED ResidentSleeper
30k views CS in 2017 LUL
IF I WRITE LIKE THIS EVERYONE IS GONNA READ ME LULLUL READ ME LUL
= DreamHack CS (NO SPACE) ResidentSleeper
if this was a major LUL
IM SHIT AT CS I ACT LIKE IM PRO I DIDNT SAY A NAME BUT I BET YOU GUESSED MOE EleGiggle
CS IN 2017 INSTEAD OF OVERWATCH LUL
SPAN THIS NOODLE TO HELP SKADOODLE pastaThat
C9 can only win Tier 2 tournament LUL
IF I WRITE LIKE THIS EVERYONE IS GONNA READ ME LUL
saying its a major dead meme LUL
WORDS BETWEEN EMOTES ARE PRETTY FUNNY LUL
CS IN 2017 INSTEAD OF OVERWATCH LUL
IM SHIT AT CS I ACT LIKE IM PRO I DIDNT SAY A NAME BUT I BET YOU GUESSED MOE EleGiggle
SPAM YOUR EX TO HELP NEX HotPokket
HEY DREAMHACK VALVE HERE LAST MAJOR 4Head
NA THIS EU THAT IM A 12 YEAR OLD IN TWITCH CHAT ResidentSleeper
90k at a major final cs is dead :Z :(
THIS NOODLE TO HELP SKADOODLE pastaThat
MY BELLY'S HUGE. MY BRAIN HAS DELAY. YOU GUESSED IT RIGHT. I'M FROM NA. LUL
IM SHIT AT CS I ACT LIKE IM PRO I DIDNT SAY A NAME BUT I BET YOU GUESSED MOE EleGiggle
No amount of spam can help skadoodle LUL
NA THIS EU THAT IM A 12 YEAR OLD IN TWITCH CHAT ResidentSleeper
REFERENCE TWITCH CHAT MEMES ANNOYED BY EMOTES GUESS I SHOULD I LEAVE TWITCH CAUSE IM A BI CH LUL
SPAM YOUR EX TO HELP NEX HotPokket
CS IN 2017 INSTEAD OF OVERWATCH LUL
HUFF SOME GLUE TO HELP OUT STEW InuyoFace
1 HUFF SOME GLUE TO HELP OUT STEW InuyoFace
NA THIS EU THAT IM A 12 YEAR OLD IN TWITCH CHAT ResidentSleeper
IF I WRITE LIKE THIS EVERYONE IS GONNA READ ME LUL
NO JUMP BOOST NO WIN FOR BIG 4Head
HUFF SOME GLUE TO HELP OUT STEW InuyoFace
1 HUFF SOME GLUE TO HELP OUT STEW InuyoFace
THIS NOODLE TO HELP SKADOODLE pastaThat
SPAM pastaThatpastaThat THIS NOODLE TO HELP SKADOODLE pastaThat
HUFF SOME GLUE TO HELP OUT STEW InuyoFace
NA SHIT CASTERS HAZED IS NOT THE WEIRD ONE BTW KAPPA LUL
DEAD GAME SHOULD ASK @SHROUD FOR A HOST LUL
I like to write between every word LUL
WORDS BETWEEN EMOTES ARE PRETTY FUNNY LUL
HAZED WITH THE EU TEETH LUL
MY BELLY IS HUGE MY BRAIN HAS DELAY YOU GUESSED IT RIGHT I'M FROM NA OpieOP
NA THIS EU THAT IM A 12 YEAR OLD IN TWITCH CHAT ResidentSleeper
HUFF SOME GLUE TO HELP OUT STEW InuyoFace
We just had 100k viewers The game just died mid major We just had 100k viewers The game just died mid major LUL
DEAD GAME SHOULD ASK @SHROUD FOR A HOST LUL
SHROUD 58K VIEWERS > DREAMHACK 39K VIEWERS LUL
ONLY 39K PPL WATCHING A MAJOR LUL
SPAM YOUR EX TO HELP NEX HotPokket
dont be toxic you pricks just enjoy the match no Kappa
SPAM YOUR EX TO HELP NEX HotPokket
We just had 100k viewers The game just died mid major We just had 100k viewers The game just died mid major LUL
chat doesn't even understand what a major is LUL
NA THIS EU THAT IM A 12 YEAR OLD IN TWITCH CHAT ResidentSleeper
chat doesn't even understand what a major is LUL
Hearthstone stream has more viewers :(
: THIS NOODLE TO HELP SKADOODLE pastaThat
34k for a major final lmao ResidentSleeper
: THIS NOODLE TO HELP SKADOODLE pastaThat, pastaThat
shroud more views than c9 BibleThump
$500 bet on c9. ez skins PogChamp
SPAM pastaThatpastaThat THIS NOODLE TO HELP SKADOODLE pastaThat
IM SHIT AT CS I ACT LIKE IM PRO I DIDNT SAY A NAME BUT I BET YOU GUESSED MOE EleGiggle
NOT BETTING WITH BITCOIN IN 2017 LUL
SHROUD PLAYING KID GAME BECAUSE HE WAS TO BAD FOR CS LUL
DEAD GAME SHOULD ASK @SHROUD FOR A HOST LUL
HUFF SOME GLUE TO HELP OUT STEW InuyoFace
IM SHIT AT CS I ACT LIKE IM PRO I DIDNT SAY A NAME BUT I BET YOU GUESSED MOE EleGiggle
@Nightmares1 YOU crazy man . 4Head
shrimp 50 k c9 32 k LUL
GET EXTATIC TO HELP AUTIMATIC PogChamp
SHROUD 58k VIEWERS DREAMHACK 40k LUL
Major final 40k viewers, CS IS DEAD BibleThump
C9 IN A MAJOR FINAL PogChamp
HUFF SOME GLUE TO HELP OUT STEW 4Head
NA THIS EU THAT I'M A 12 YEAR OLD IN TWITCH CHAT ResidentSleeper
DEAD GAME SHOULD ASK @SHROUD FOR A HOST LUL
WORDS BETWEEN EMOTES ARE PRETTY FUNNY LUL
SPAM YOUR EX TO HELP NEX HotPokket
SPAM GEORGE BUSH TO HELP RUSH PogChamp
MY BELLY IS HUGE MY BRAIN HAS DELAY YOU GUESSED IT RIGHT I'M FROM NA OpieOP
16-5 c9 first map. I'm from the futute. you're welcome :)
EU IS FATTER THAN NA LUL
DEAD GAME ONLY 42K VIEWERS ON A MAJOR Kappa
: THIS NOODLE TO HELP SKADOODLE pastaThat
IM SHIT AT CS I ACT LIKE IM PRO I DIDNT SAY A NAME BUT I BET YOU GUESSED MOE EleGiggle
SPAM THIS NOODLE TO pastaThatpastaThat HELP SKADOODLE pastaThat
: THIS NOODLE TO HELP SKADOODLE . pastaThat
SPAM THIS NOODLE TO ppastaThat HELP SKADOODLE pastaThat
SPAM pastaThatpastaThat THIS NOODLE TO HELP SKADOODLE pastaThat
IM SHIT AT CS I ACT LIKE IM PRO I DIDNT SAY A NAME BUT I BET YOU GUESSED MOE EleGiggle
holic: monkaS MODS PLS monkaSTwitch PrimeDalso__: SPAM THIS NOODLE pastaThat
My fur is soft My breath is smelly I stole your food Now run my belIy OhMyDog
SPAM THIS NOODLE TO pastaThatpastaThat HELP SKADOODLE pastaThat
SPAM To HELP GOB B Keepo
THIS pastaThatpastaThat NOODLE TO HELP SKADOODLE pastaThat
SPAM TO HELP GOB B Keepo
GO BIG OR GO HOME CurseLit
SPAM KEEPOKeepo To HELP GOB B Keepo
SPAM KEEPO To HELP GOB B Keepo
MY BELLY'S HUGE. MY BRAIN HAS DELAY. YOU GUESSED IT RIGHT. I'M FROM NA. LUL
I just wanna see NA LOSE LUL
MY BELLY'S HUGE. MY BRAIN HAS DELAY. YOU GUESSED IT RIGHT. I'M FROM NA. LUL
DEAD GAME SHOULD ASK @SHROUD FOR A HOST LUL
SPAM pastaThatpastaThat THIS NOODLE TO HELP SKADOODLE pastaThat
MY BELLY'S HUGE. MY BRAIN HAS DELAY. YOU GUESSED IT RIGHT. I'M FROM NA.1 LUL
SPAN THIS TO Help Spacca Kappa
StinkyCheeseStinkyCheeseSPAM StinkyCheeseTHIS StinkyCheeseCHEESE StinkyCheeseTO StinkyCheeseHELP StinkyCheeseKEEV StinkyCheese
SPAM pastaThatpastaThat THIS NOODLE TO HELP SKADOODLE pastaThat
MY BELLY'S HUGE. MY BRAIN HAS DELAY. YOU GUESSED IT RIGHT. I'M FROM NA.3 LUL
SHROUD MORE VIEWERS THAN FINAL LUL
MY BELLY'S HUGE. MY BRAIN HAS DELAY. YOU GUESSED IT RIGHT. I'M FROM NA. LUL
where are the real cast Kappa
MY BELLY'S HUGE. MY BRAIN HAS DELAY. YOU GUESSED IT RIGHT. I'M FROM NA.2 LUL
MY BELLY'S HUGE. MY BRAIN HAS DELAY. YOU GUESSED IT RIGHT. I'M FROM NA.3 LUL
SPAM pastaThatpastaThat THIS NOODLE TO HELP SKADOODLE pastaThat
HAZED IS SUCH A HOT MAN LUL
StinkyCheeseStinkyCheeseSPAM StinkyCheeseTHIS StinkyCheeseCHEESE StinkyCheeseTO StinkyCheeseHELP StinkyCheeseKEEV StinkyCheese
DUST WOULD BE A GREAT CLWON, LIKE TIM CURRY? Kappa
: THIS NOODLE TO HELP SKADOODLE pastaThat
THIS NOODLE TO HELP SKADOODLE pastaThat
THIS NOODLE TO HELP SKADOODLE pastaThat
SPAM THIS TUNA FOR MORE FORTUNA SabaPing
DUSTIN THE CASTER LOOKS LIKE TIM CURRY FROM IT PogChamp
PAM THIS NOODLE TO HELP SKADOODLE ! pastaThat
SPAM THIS TUNA FOR MORE FORTUNA SabaPingä SabaPing
SPAM MING LEE TO HELP GOB B MingLee
THIS NOODLE TO HELP SKADOODLE pastaThat
SPAM THIS TUNA FOR MORE FORTUNA SabaPing
THIS NOODLE TO HELP SKADOODLE pastaThat
BIG SPAMMING DOESN'T EVEN RHYME LUL
SPAM pastaThatpastaThat THIS NOODLE TO HELP pastaThatpastaThat SKADOODLE pastaThat
When the casters bait the entire chat LUL
4HeadLITERALLY 4HeadPUT 4HeadANYTHING 4HeadBETWEEN 4HeadEMOTES 4HeadAND 4HeadTWITCH 4HeadCHAT 4HeadWILL 4HeadCOPYPASTA IT 4Head
spam to help Stewie Lee spam to help Stewie Lee MingLee
SPAM THIS TUNA FOR MORE FORTUNA SabaPing
pro casters trying to hide their bias LUL
cloud 9 win first 2 and big wins last map Kappa
SPAM VOHIYO TO HELP THE ASIAN DUO VoHiYo
SPAM THIS MESSAGE TO GET MORE VIEWERS copyThis
DEAD GAME SHOULD ASK @SHROUD FOR A HOST LUL
ONE MORE NOODLE AND IM OUT Kappa
tarik and stews awp on cache gachiGASM Kreygasm
SPAM VOHIYO TO HELP THE ASIAN DUO VoHiYo
DEAD GAME SHOULD ASK @SHROUD FOR A HOST LUL
Oh all NA casters and analysts think cloud9 wins, not biased at all LUL
DEAD GAME SHOULD ASK @SHROUD FOR A HOST LUL
SPAM THIS TUNA FOR MORE FORTUNA SabaPing
VSPAM VOHIYO TO HELP THE ASIAN DUO VoHiYo
IM SHIT AT CS I ACT LIKE IM PRO I DIDNT SAY A NAME BUT I BET YOU GUESSED MOE EleGiggle
DIESER CHAT IST JETZT DEUTSCH 4Head
: THIS NOODLE TO HELP SKADOODLE pastaThat
spam trihex to help Nex TriHard
TIME TO LOSE AN ECO PogChamp
STEWIE2K: "[OTHER TEAMS] SHOULD BE AFRAID OF US" LUL
DEAD GAME SHOULD ASK @SHROUD FOR A HOST LUL
C9 going to lose after pistol LUL
T1 NA VS T2 EU FINAL ResidentSleeper
SPAM pastaThatTHIS pastaThatNOODLE pastaThatTO pastaThatHELP pastaThatSKADOODLE pastaThat
big fans saying eco frags LUL
THIS NOODLE TO HELP SKADOODLE pastaThat
THIS NOODLE TO HELP SKADOODLE pastaThat
EU EU EU EU EU LUL
EU EU EU EU EU LUL
PAM THIS NOODLE TO HELP SKADOODLE pastaThat
SPAM pastaThatTHIS pastaThatNOODLE pastaThatTO pastaThatHELP pastaThatSKADOODLE pastaThat
HUFF SOME GLUE TO HELP OUT STEW 4Head
SPAM THIS CREEPER TO GIVE BIG THE C9 JEEPERS SSSsss
haHAA 1g haHAA 1g haHAA 1g haHAA EleGiggle
chat lets talk about the gameplay BabyRage
GOB B BEST MOLLY MOLOTOV panicBasket
haHAA 1g haHAA 1g haHAA 1g haHAA 4Head
MY BELLY'S HUGE. MY BRAIN HAS DELAY. YOU GUESSED IT RIGHT. I'M FROM NA. LUL
SPAM THIS CAT FOR STEW AND TIM DxCat
HUFF SOME GLUE TO HELP OUT STEW 4Head
HE IS A SPEED DEMON PogChamp
SPAM THIS TUNA FOR GOOD FORTUNA . SabaPing
HE LOOKED ME IN THE YES KappaPride
if he gets the player running to highway maybe LUL
SPAM THIS TUNA FOR GOOD FORTUNA SabaPing
50 K FOR A MAJOR LUL
BIG WORST THEN CLEVELAND BROWNS LUL
people think cs is dead but don't understand that these are 2 horrible teams LUL
@rhonie33 pretending to be russian... he should get a life what an idiot LUL
MY BELLY'S HUGE. MY BRAIN HAS DELAY. YOU GUESSED IT RIGHT. I'M FROM NA. LUL
didnt they go B 1st round? NA caster FailFish
NIP OUTDATED FNATIC OVERRATED EU ELIMINATED LONG HAVE WE WAITED C9 ACTIVATED Jebaited
BLU CASTING IN A FINAL NICE MAJOR LUL
NIP OUTDATED FNATIC OVERRATED EU ELIMINATED LONG HAVE WE WAITED C9 ACTIVATED Jebaited
BOT B throwing for skins 4Head
C9 CHEATS MORE THEN TOM BRADY LUL
SPAM THIS SLUG IN HONOR OF NO BUGS BrainSlug
SPAM THIS HEART REMEMBERING SHROUD <3
SPAM THIS SLUG IN HONOR OF NO BUGS BrainSlug
STEW IS MA FAKIN SON <3
SPAM THIS SLUG IN HONOR OF NO BUGS BrainSlug
EU IS BIG BUT NA IS BIGGER OpieOP
NA NO THROW BIG TROPHY WELL HOLD GivePLZ
GAS A JWE TO HELP STWE ANELE
SPAM THIS SLUG IN HONOR OF NO BUGS BrainSlug
NIP OUTDATED FNATIC OVERRATED EU ELIMINATED LONG HAVE WE WAITED C9 ACTIVATED Jebaited
NA NO THROW BIG TROPHY WELL HOLD . GivePLZ
Botimatic is having an off day :(
@dapr COME TO REDDIT REDDIT LOVE YOU BRO BIG FAN FROM REDDIt <3
MY BELLY'S HUGE. MY BRAIN HAS DELAY. YOU GUESSED IT RIGHT. I'M FROM NA. LUL
SPAM THIS CREEPER TO GIVE BIG THE C9 JEEPERS SSSsss
SPAM AND BlaugNaut FOR LAUNDERS AND BLU ANELE
big is trash theyre losing LUL
SPAM THIS CREEPER TO GIVE BIG THE C9 JEEPERS SSSsss
they keep buying scout wtf man NotLikeThis
gob b should go b Kappa
SPAM THIS CREEPER TO GIVE BIG THE C9 JEEPERS SSSsss
SPAM pastaThatTHIS pastaThatNOODLE pastaThatTO pastaThatHELP pastaThatSKADOODLE pastaThat
IM PATRIOTIC AS FUCK BUT MY PRESIDENT LOOKS LIKE A DUCK WHAT THE FUCK 4Head
SPAM THIS SLUG IN HONOR OF NO BUGS BrainSlug
NIP OUTDATED FNATIC OVERRATED EU ELIMINATED LONG HAVE WE WAITED C9 ACTIVATED Jebaited
SPAM THIS CREEPER TO GIVE BIG THE C9 JEEPERS SSSsss
NA fans excited for a top 2 NA team to beat a top 14 EU team EleGiggle
SPAM THIS IF YOU DRINK BURBOUN ANELE
these casters are so Biased EleGiggle
SPAM THIS BECAUSE I WANT TO DIE LUL
SPAM OR LEAVE SPAM FOR KEEV EleGiggle
SPAM THIS SLUG IN HONOR OF NO BUGS BrainSlug
SPAM pastaThatpastaThat THIS NOODLE TO HELP SKADOODLE pastaThat
MY BELLY'S HUGE. MY BRAIN HAS DELAY. YOU GUESSED IT RIGHT. I'M FROM NA. LUL
NA SPAM NA SPAM NA SPAM LUL
SPAM THIS SLUG IN HONOR OF NO BUGS BrainSlug
EZ FOR BIG CLOWN 9 IS GONNA GO HOME EleGiggle
DEAD GAME SHOULD ASK @SHROUD FOR A HOST LUL
NA team = lean and fit, EU team = Big and obese LUL
THIS NOODLE TO HELP SKADOODLE pastaThat
GOD B GOD B GOD B SeemsGood
58000 VIEWERS IN GRAND FINAL, CS IS DEAD LUL
MY CHAT EXPERIENCE MY CHAT EXPERIENCE BibleThump
DIESES FINALE IST JETZT EZ WIN DatSheffy
stop spamming phoon for everything silvers FailFish
WHO THE FK SUBS FOR MOE? NotLikeThis
58000 VIEWERS IN GRAND FINAL, CS IS DEAD LUL
MY CHAT EXPERIENCE MODS BAN KEYWORD SPAM BibleThump
200 word essay due tomorrow but instead im spamming me me's NotLikeThis
SPAM pastaThatTHIS pastaThatNOODLE pastaThatTO pastaThatHELP pastaThatSKADOODLE pastaThat
MY CHAT EXPERIENCE MODS BAN KEYWORD SPAM BibleThump
58000 VIEWERS IN GRAND FINAL, CS IS DEAD . LUL
MY CHAT EXPERIENCE MY CHAT EXPERIENCE BibleThump
SPAM THIS BECAUSE I WANT TO DIE LUL
THAT'S THE RIGHT HOLE SENPAI TehePelo
GOD B GOD B GOD B SeemsGood
58000 VIEWERS IN GRAND FINAL, CS IS DEAD LUL
BAN KEY WORD SPAM MODS BibleThump
SPAM pastaThatTHIS pastaThatNOODLE pastaThatTO pastaThatHELP pastaThatSKADOODLE pastaThat
60 k cs go dh open LUL
58000 VIEWERS IN GRAND FINAL, CS IS DEAD . LUL
BLU CASTING A FINAL NICE MAJOR LUL
SPAM THIS STICK MAN IF YOU'RE A BIG FAN mcaT
58.9 views in a major final ded game FailFish
60k on final in a major. This game is ded LUL
58000 VIEWERS IN GRAND FINAL, CS IS DEAD LUL
MEANWHILE SHROUD HAS 48K VIEWERS LUL
SPAM THIS STICK MAN IF YOU'RE mcaTmcaT A BIG FAN mcaT
59000 VIEWERS IN GRAND FINAL, CS IS DEAD LUL
THIS NOODLE TO HELP SKADOODLE pastaThat
@unbandazed to bad this isnt a major LUL
One could say big got a big head Kappa
SPAM THIS STICK MAN IF YOU'RE A BIG FAN mcaT
59000 VIEWERS IN GRAND FINAL, CS IS DEAD . LUL
SPAM pastaThatTHIS pastaThatNOODLE pastaThatTO pastaThatHELP pastaThatSKADOODLE pastaThat
60K VIEWERS IN GOLD NOVA GAME CS ALIVE PogChamp
theyre not even shooting at him LUL
MAJOR SHOULD ASK @SHROUD FOR A HOST LUL
SPAM THIS STICK MAN IF YOU'RE A BIG FAN mcaT
59000 VIEWERS IN GRAND FINAL, CS IS DEAD LUL
NA cheers for Anti Ecos LUL
DEAD MAJOR SHOULD ASK @SHROUD FOR A HOST LUL
gg i was the awp :)
60K VIEWERS IN MM RERUN CSGO IS ALIVE PogChamp
\ / ECO KILLS \ / BrokeBack
60K VIEWERS ON A GOLD NOVA GAME, CS IS ALIVE PogChamp
IM SHIT AT CS I ACT LIKE IM PRO I DIDNT SAY A NAME BUT I BET YOU GUESSED MOE EleGiggle
SPAM THIS STICK MAN IF YOU'RE A BIG FAN mcaT
60K IN MAJOR CS IS DEAD 60K IN RANDOM NA MM CSGO IS ALIVE 4Head
59000 VIEWERS IN GRAND FINAL, CS IS DEAD LUL
IM SHIT AT CS I ACT LIKE IM PRO I DIDNT SAY A NAME BUT I BET YOU GUESSED MOE EleGiggle
60K VIEWERS ON A GOLD NOVA GAME, CS IS ALIVE PogChamp
Spam This Threw To Cry About Stew LUL
NA NA NA NA NA LUL
DEAD MAJOR SHOULD ASK @SHROUD FOR A HOST LUL
KBZA IN 2017 KBZA IN 2017 KBZA IN 2017 LUL
IM SHIT AT CS I ACT LIKE IM PRO I DIDNT SAY A NAME BUT I BET YOU GUESSED MOE EleGiggle
no worries stew, played smart, everyone whiffs sometimes <3
STEWIE IS DEPENDING SOLELY ON HIS LUCK LUL
KBZA IN 2017 KBZA IN 2017 KBZA IN 2017 LUL
PAM THIS NOODLE TO HELP SKADOODLE pastaThat
ppl still taking the major final bait? LUL
MY TEETH ARE ALL YELLOW MY BRAIN IS DEAD TOO YOU GUESSED IT RIGHT IM FROM EU EleGiggle
ME ORC ME SPAM NO MOD NO BAN SMOrc
KBZA IN 2017 KBZA IN 2017 KBZA IN 2017 KBZA IN 2017 LUL
KBZA IN 2017 KBZA IN 2017 KBZA IN 2017 LUL
ME ORC ME SPAM NO MOD NO BAN SMOrc
AUTIMATIC WHAT HAPPENED TO YOU?? BibleThump
@SkillKill40 ohh nooo worriesss blablabla fanboy LUL
BOT SMASH YOUR KEYBOARD AGAIN LUL
best NA vs amateur EU LUL
hits a Lucky noscope cant shoot normal LUL
STEWIE IS ONLY DEPENDING ON HIS LUCK LUL
SPAM THIS GREY TO CURSE SK Kappa
Whiffs one shot then hits 5 in a row LUL
PAM THIS NOODLE TO HELP SKADOODLE 2 pastaThat
@kalzzgg how you like them apples? LUL
smoke ct? like every Silver does? :D
beer to steady his nerves Kappa
DREAMHACK YOU KNOW TWITTER POST INC PogChamp
carried by china NA CS LUL
SPAM THIS MABLE TO SEE STEWE PUNCH THE TABLE MorphinTime
that ones going into more than one youtube comp PogChamp
@SkillKill40 i want c9 to win so lets goo PogChamp
Tier 5 EU vs tier 1 NA LUL
SPAM THIS MABLE TO SEE STEWE PUNCH THE TABLE . MorphinTime
HUFF SOME GLUE TO HELP OUT STEW 4Head
MISS 2 SHOTS = GET AN ACE CAUSE HES SO MAD PogChamp
SPAM THIS MABLE TO SEE STEWE PUNCH THE TABLE . MorphinTime
WHIFF 2 SHOTS = ACE STEWIE2K SSUPER SAIYAN MODE PogChamp
SPAM FORSEN TO HELP TABSEN LUL
tier 5 EU vs tier 1 NA LUL
hallo ? Ska ? Stewie here I'm Main awp now 4Head
4Head4Head hallo ? Ska ? Stewie here I'm Main awp now 4Head
beautiful play by both teams so far KappaPride
isnt every EU team tier 5? Kappa
hallo ? Ska ? Stewie here I'm Main awp now 4Head
new c9 is much better than old one :)
tier 5 eu vs tier 1 NA LUL
hallo ? Ska ? Stewie here I'm Main awp now 4Head
64k viewer final dead game LUL
PAM THIS NOODLE TO HELP SKADOODLE pastaThat
ME ORC ME SPAM NO MOD NO BAN SMOrc
THIS pastaThatpastaThat NOODLE TO HELP SKADOODLE pastaThat
shroud has almost as many viewers as all of C9 LUL
POWER TRIPPING? PROTECTING THE INTERNET FROM RACISM? haHAA BANNING PEOPLE FOR HARMLESS MEMES? WORST MODS ON TWITCH? MUST BE DreamHackCS Mods . SoBayed
DEAD MAJOR SHOULD ASK @SHROUD FOR A HOST LUL
HEY EU NA HERE WHY SO QUIET? PunchTrees
how are we holding each other KappaPride
SPAM THIS GREY TO CURSE SK Kappa
EXPENSIVE EDUCATION EXPENSIVE HEALTH 20 IQ PRESIDENT TIER 2 CS MUST BE NA LMAO EleGiggle
MY BELLY IS HUGE MY BRAIN HAS DELAY YOU GUESSED IT RIGHT I'M FROM NA. EleGiggle
hallo ? Ska ? Stewie here I'm Main awp now 4Head
only 9 rounds on CT LUL
My fur is soft My breath is smelly I stole your food now rub my belly OhMyDog
hallo ? Ska ? Stewie here I'm Main awp now 4Head
serly i need to sleep end the stream already Kappa
MY BELLY IS HUGE MY BRAIN HAS DELAY YOU GUESSED IT RIGHT I'M FROM NA. EleGiggle
= Grey Face (no space) Kappa
SPAM THIS TO Trihard HELP LEGIJA TriHard
pastaThatpastaThat THIS NOODLE TO HELP SKADOODLE pastaThat
SPAM THIS MABLE TO SEE STEWE PUNCH THE TABLE . MorphinTime
JORDAN GILBERT WAS THE PROBLEM 4Head
My fur is soft My breath is smelly I stole your food now rub my belly OhMyDog
PAM THIS ||IG TO HELP BIG RlyTho
MY BELLY IS HUGE MY BRAIN HAS DELAY YOU GUESSED IT RIGHT I'M FROM NA. EleGiggle
SENDE DIESE KATZEN FÜR 30 FRAGS VON TABSEN CoolCat
My fur is soft My breath is smelly I stole your food now rub my belly OhMyDog
i bet 300$ tarik has a gf :D
My fur is soft My breath is smelly l stole your food now rub my belIy OhMyDog
SENDE DIESE KATZEN FÜR 30 FRAGS VON TABSEN CoolCat
HERE'S YOUR NOODLE F*CK SKADOODLE pastaThat
SENDE DIESE KATZEN FÜR 30 FRAGS VON TABSEN CoolCat
PAM THIS NOODLE TO HELP SKADOODLE pastaThat
NA THIS EU THAT IM A BABY IN TWITCH CHAT BabyRage
My fur is soft My breath is smelly I stole your food now rub my belly OhMyDog
My fur is soft My breath is smelly I stole your food now rub my belly OhMyDog
MY BELLY IS HUGE MY BRAIN HAS DELAY YOU GUESSED IT RIGHT IM FROM NA EleGiggle
THIS NOODLE TO HELP SKADOODLE pastaThat
THIS NOODLE TO HELP SKADOODLE pastaThat
SENDE DIESE KATZEN FÜR 30 FRAGS VON TABSEN CoolCat
THIS NOODLE TO HELP SKADOODLE xd pastaThat
NA THIS EU THAT IM A BABY IN TWITCH CHAT . BabyRage
StinkyCheeseSPAM StinkyCheeseTHIS StinkyCheeseCHEESE StinkyCheeseTO HELP StinkyCheeseKEEV StinkyCheese
: NA THIS EU THAT IM A BABY IN TWITCH CHAT . BabyRage
SPAM THIS TEAR FOR EU FEAR BibleThump
someone dm me clip of stewies ace PogChamp
SPAM THIS BECAUSE MY DAD LEFT ME Kappa
SPAM THIS BECAUSE MY DAD LEFT ME Kappa
NA THIS EU THAT IM A BABY IN TWITCH CHAT BabyRage
: SPAM THIS BECAUSE MY DAD LEFT ME Kappa
SUCK pastaThatMY pastaThatNOODLE pastaThatTO pastaThatSEX pastaThatSKADOODLE pastaThat
SPAM THIS BECAUSE MY DAD LEFT ME Kappa
SPAM THIS BECAUSE MY DAD LEFT ME Kappa
SUCK pastaTha tMY pastaThatNOODLE pastaThatTO pastaThatSEX pastaThatSKADOODLE pastaThat
SPAM THIS TEAR TO GET EU OUTTA HERE BibleThump
SUCK MY pastaThatNOODLE pastaThatTO pastaThatSEX pastaThatSKADOODLE pastaThat
MY BELLY IS HUGE MY BRAIN HAS DELAY YOU GUESSED IT RIGHT I'M FROM NA. EleGiggle
c9 loses everytime to eco NotLikeThis
MY BELLY IS HUGE MY BRAIN HAS DELAY YOU GUESSED IT RIGHT IM FROM NA EleGiggle
My fur is soft My breath is smelly I stole your food now rub my belly OhMyDog
PISTOL ROUND STATS 10-1, ANTI ECO STATS - 0-11 LUL
@DreamHackCS Show how many anti-eco's c9 lost Kappa
well those antiecos looked way too normal in that first half so this was expected LUL
@alcaroni Its not a rock DansGame
awp guy is the nade man LUL
SPAM THIS TEAR TO GET EU OUTTA HERE BibleThump
SPAM THIS DUE TOO HELP STEW MingLee
MY BELLY IS HUGE MY BRAIN HAS DELAY YOU GUESSED IT RIGHT IM FROM NA EleGiggle
SENDE DIESE KATZEN FÜR 30 FRAGS VON TABSEN CoolCat
SENDE DIESE KATZEN FÜR 30 FRAGS VON TABSEN CoolCat
SPAM THIS MABLE TO SEE STEWE PUNCH THE TABLE . MorphinTime
NA THIS EU THAT IM A BABY IN TWITCH CHAT BabyRage
MY TEETH ARE ALL YELLOW MY BRAIN IS DEAD TOO YOU GUESSED IT RIGHT IM FROM EU EleGiggle
SENDE DIESE KATZEN FÜR 30 FRAGS VON TABSEN CoolCat
EXPENSIVE EDUCATION EXPENSIVE HEALTH 20 IQ PRESIDENT TIER 2 CS MUST BE NA LMAO EleGiggle
SPAM THIS DUE TOO HELP STEW. MingLee
SENDE DIESE KATZEN FÜR 30 FRAGS VON TABSEN CoolCat
MY BELLY IS HUGE MY BRAIN HAS DELAY YOU GUESSED IT RIGHT I'M FROM NA. EleGiggle
THIS CHAT IS ... THIS CHAT IS ... DatSheffy
SPAM THIS TEAR TO GET EU OUTTA HERE BibleThump
SUCK MY pastaThatNOODLE pastaThatTO pastaThatSEX pastaThatSKADOODLE pastaThat
EXPENSIVE EDUCATION EXPENSIVE HEALTH 20 IQ PRESIDENT TIER 2 CS MUST BE NA LMAO EleGiggle
MODS! why you ban my SPAM? SwiftRage
MY BELLY IS HUGE MY BRAIN HAS DELAY YOU GUESSED IT RIGHT I'M FROM NA. EleGiggle
1G POLICE HERE THAT WASNT A 1G BabyRage
NA THIS EU THAT IM A BABY IN TWITCH CHAT BabyRage
@Insomniuhh Why ban my spam SwiftRage
hallo ? Ska ? Stewie here I'm Main awp now 4Head
manager coaching C9 to finals LUL
MODS! why you ban my SPAM? SwiftRage
NA THIS EU THAT IM A BABY IN TWITCH CHAT BabyRage
shooting through smoke = vac LUL
SPAM THIS MABLE TO SEE STEWE PUNCH THE TABLE . MorphinTime
DAN M IS LAUGHING RIGHT NOW LUL
NEED TO STOP SHOOTING THRU SMOKES AND GIVING THEM TRACERS FailFish
[[ SPAM THIS MABLE TO SEE STEWE PUNCH THE TABLE MorphinTime
SPAM THESE ASIAN NOODLES TO HELP THE ASIAN DUO KappuSPAM THESE ASIAN NOODLES TO HELP THE ASIAN DUO Kappu
RUSH always so greedy or baiting DansGame
SPAM THESE ASIAN NOODLES TO HELP THE ASIAN DUO SPAM THESE ASIAN NOODLES TO HELP THE ASIAN DUO Kappu
SPAM THIS TEAR TO GET EU OUTTA HERE BibleThump
SENDE DIESE KATZEN FÜR 30 FRAGS VON TABSEN CoolCat
SENDE DIESE KATZEN FÜR 30 FRAGS VON TABSEN CoolCat
SPAM pastaThatTHIS pastaThatNOODLE pastaThatTO pastaThatHELP pastaThatSKADOODLE pastaThat
SPAM pastaThatTHIS pastaThatNOODLE pastaThatTO pastaThatHELP pastaThatSKADOODLE pastaThat
SPAM THIS DUE TOO HELP STEW. MingLee
GO BUG OR GO HOME 4Head
SPAM THIS MABLE TO SEE STEWE PUNCH THE TABLE MorphinTime
MY BELLY IS HUGE MY BRAIN HAS DELAY YOU GUESSED IT RIGHT I'M FROM NA. EleGiggle
WHY NOT SAVE FOR AWPS FailFish
SENDE DIESE KATZEN FÜR 30 FRAGS VON TABSEN CoolCat
SPAM THESE ASIAN NOODLES TO HELP THE ASIAN DUO SPAM THESE ASIAN NOODLES TO HELP THE ASIAN DUO Kappu
Shroud = CS is dead! Can't overcome cs viewers <3
SPAM THIS DUE TOO HELP STEW MingLee
SMELLS LIKE POO TEETH ARE YELLOW THATS RIGHT IM AN EU FELLOW LUL
SENDE DIESE KATZEN FÜR 30 FRAGS VON TABSEN CoolCat
MY BELLY IS HUGE MY BRAIN HAS DELAY YOU GUESSED IT RIGHT I'M FROM NA. EleGiggle
NA THIS EU THAT IM A BABY IN TWITCH CHAT BabyRage
SMELLS LIKE POO TEETH ARE YELLOW THATS RIGHT IM AN EU FELLOW LUL. LUL
MY BELLY IS HUGE MY BRAIN HAS DELAY YOU GUESSED IT RIGHT I'M FROM NA. EleGiggle
CoolCatSENDE CoolCatDIESE CoolCatKATZEN CoolCatFÜR CoolCat30 CoolCatFRAGS CoolCatVON CoolCatTABSEN CoolCat
SPAM THIS DUE TOO HELP STEW. MingLee
SUCK MY pastaThatNOODLE pastaThatTO pastaThatSEX pastaThatSKADOODLE pastaThat
SMELLS LIKE POO TEETH ARE YELLOW THATS RIGHT IM AN EU FELLOW LUL
SENDE DIESE KATZEN FÜR 30 FRAGS VON TABSEN CoolCat
Shroud = CS is dead! Can't overcome cs viewers <3
SPAM THIS TEAR TO GET EU OUTTA HERE BibleThump
SMELLS LIKE POO TEETH ARE YELLOW THATS RIGHT IM AN EU FELLOW LUL
MY BELLY IS HUGE MY BRAIN HAS DELAY YOU GUESSED IT RIGHT I'M FROM NA. EleGiggle
SENDE DIESE KATZEN FÜR 30 FRAGS VON TABSEN CoolCat
SENDE DIESE KATZEN FÜR 30 FRAGS VON TABSEN CoolCat
SMELLS LIKE POO TEETH ARE YELLOW THATS RIGHT IM AN EU FELLOW lul LUL
@AuHsoJ2k bangin is jasonr's word not tariks LUL
NA THIS EU THAT IM A BABY IN TWITCH CHAT BabyRage
SPAM MINGLEE TO HELP YUNG STEWIE MingLee
SMELLS LIKE POO TEETH ARE YELLOW THATS RIGHT IM AN EU FELLOW LUL
Tarik just baited so hard LUL
SPAM THIS DUE TOO HELP STEW. MingLee
SPAM THIS TOMau5 HELP ME AROUSE Mau5
SPAM THIS MABLE TO SEE STEWE PUNCH THE TABLE . MorphinTime
MY BELLY IS HUGE MY BRAIN HAS DELAY YOU GUESSED IT RIGHT I'M FROM NA. EleGiggle
imagine a team of 5 tabsens PogChamp
SMELLS LIKE POO TEETH ARE YELLOW THATS RIGHT IM AN EU FELLOW LUL
chat thinks everyone is high all the time FailFish
SENDE DIESE KATZEN FÜR 30 FRAGS VON TABSEN CoolCat
My fur is soft My breath is smelly I stole your food now rub my belly OhMyDog
MOOOM all they do is spam noodles BabyRage
SPAM THIS TEAR TO GET EU OUTTA HERE BibleThump
EU SMALL BRAIN RUNS PAST 3 RIFLES LUL
SMELLS LIKE POO TEETH ARE YELLOW THATS RIGHT IM AN EU FELLOW LUL
CoolCatSENDE CoolCatDIESE CoolCatKATZEN CoolCatFÜR CoolCat30 CoolCatFRAGS CoolCatVON CoolCatTABSEN CoolCat
📞 HELLO NA? 📞 EU HERE 📞 TIME TO GO HOME 📞 4Head
SMELLS LIKE POO TEETH ARE YELLOW THATS RIGHT IM AN EU FELLOW LUL
MY BELLY IS HUGE MY BRAIN HAS DELAY YOU GUESSED IT RIGHT I'M FROM NA. EleGiggle
MY BELLY IS HUGE MY BRAIN HAS DELAY YOU GUESSED IsT RIGHT I'M FROM NA. EleGiggle
SMELLS LIKE POO TEETH ARE YELLOW THATS RIGHT IM AN EU FELLOW LUL
SPAM VOHIYO TO HELP THE ASIAN DUO VoHiYo
SMELLS LIKE POO TEETH ARE YELLOW THATS RIGHT IM AN EU FELLOW LUL
ME ORC ME SPAM NO MOD NO BAN SMOrc
THEY WON AN ANTI ECO PogChamp
CoolCatSENDE CoolCatDIESE CoolCatKATZEN CoolCatFÜR CoolCat30 CoolCatFRAGS CoolCatVON CoolCatTABSEN CoolCat
SPAM VOHIYO TO HELP THE ASIAN DUO VoHiYo
BIG not abusing jump bug PogChamp
SPAM THIS TEAR FOR EU FEAR BibleThump
SPAM VOHIYO TO HELP THE ASIAN DUO VoHiYo
EU TRASH EU TRASH EU TRASH LUL
ME ORC SMOrcME SPAM SMOrcNO MOD SMOrcNO BAN SMOrc
: THIS NOODLE TO HELP SKADOODLE pastaThat
📞 HELLO NA? 📞 EU HERE 📞 TIME TO GO HOME 📞 4Head
SPAM THIS MABLE TO SEE STEWIE PUNCH THE TABLE MorphinTime
.. EU WHY SO QUIET? 4Head
SENDE DIESE KATZEN FÜR 30 FRAGS VON TABSEN CoolCat
HUFF SOME GLUE TO HELP OUT STEW 4Head
SPAM VOHIYO TO HELP THE ASIAN DUO VoHiYo
big has never been a good eu team LUL
EXPENSIVE EDUCATION EXPENSIVE HEALTH 20 IQ PRESIDENT TIER 2 CS MUST BE NA LMAO EleGiggle
EU ANYTHING EU ANYTHING EU ANYTHING EU ANYTHING LUL
Rush is an albino ? cmonBruh
C9 ABOUT TO WIN MAJOR PogChamp
C9 is now God 9 with Watermelon Brain Turok PogChamp
EU ANYTHING EU ANYTHING EU ANYTHING EU ANYTHING EU ANYTHING EU ANYTHING LUL
📞 HELLO NA? 📞 EU HERE 📞 TIME TO GO HOME 📞 4Head
SPAM THESE ASIAN NOODLES TO HELP THE ASIAN DUO SPAM THESE ASIAN NOODLES TO HELP THE ASIAN DUO Kappu
CoolCatSENDE CoolCatDIESE CoolCatKATZEN CoolCatFÜR CoolCat30 CoolCatFRAGS CoolCatVON CoolCatTABSEN CoolCat
NA CROWD & NA CHAT LUL
SENDE DIESE KATZEN FÜR 30 FRAGS VON TABSEN CoolCat
NA proud of getting to a final in a tournament without decent EU teams LUL
THIS NOODLE TO HELP SKADOODLE pastaThat
@julesw0w SMELLS LIKE POO TEETH ARE YELLOW THATS RIGHT IM AN EU FELLOW LUL
EU ANYTHING EU ANYTHING EU ANYTHING LUL
📞 HELLO NA? 📞 EU HERE 📞 TIME TO GO HOME 📞 4Head
EU ANYTHING EU ANYTHING EU ANYTHING . LUL
NA in a final because there's no decent EU teams LUL
Tier 4 EU > Tier 1 NA LUL
CHOKE 9 CHOKE 9 CHOKE 9 4Head
📞 HELLO NA? 📞 EU HERE 📞 TIME TO GO HOME 📞 4Head
CHOKE 9 CHOKE 9 CHOKE 9 4Head
THIS NOODLE TO HELP SKADOODLE pastaThat
Rush Tarik for Shroud and nOthing. LUL
NA CROWD & NA CHAT LUL
SPAM pastaThatpastaThat THIS NOODLE TO HELP SKADOODLE pastaThat
SENDE DIESE KATZEN FÜR 30 FRAGS VON TABSEN CoolCat
how's this baddie gob b topfragging? LUL
SENDE DIESE KATZEN FÜR 30 FRAGS VON TABSEN CoolCat
Shroud in any game only looks pro in a trash game like pubg LUL
SENDE DIESE KATZEN FÜR 30 FRAGS VON TABSEN CoolCat
📞 HELLO NA? 📞 EU HERE 📞 TIME TO GO HOME 📞 4Head
SENDE DIESE KATZEN FÜR 30 FRAGS VON TABSEN CoolCat
📞 HELLO NA? 📞 EU HERE 📞 TIME TO GO HOME 📞 4Head
HEY EU NA HERE GO HOME AND TAKE A SHOWER YOU SMELLY CUC Poooound
NA CROWD & NA CHAT LUL
SENDE DIESE KATZEN FÜR 30 FRAGS VON TABSEN CoolCat
📞 HELLO NA? 📞 EU HERE 📞 TIME TO GO HOME 📞 4Head
WHY WOULD THEY BOOST IN THAT SITUATION NotLikeThis
EU ANYTHING EU ANYTHING EU ANYTHING LUL
SENDE DIESE KATZEN FÜR 30 FRAGS VON TABSEN CoolCat
SENDE DIESE KATZEN FÜR 30 FRAGS VON TABSEN CoolCat
-iwal- i will always lose Kappa
SENDE DIESE KATZEN FÜR 30 FRAGS VON TABSEN CoolCat
top 1 of NA vs tear 2 EU LUL
CoolCatCoolCat SENDE DIESE KATZEN FÜR 30 FRAGS VON TABSEN CoolCat
📞 HELLO NA? 📞 EU HERE 📞 TIME TO GO HOME 📞 4Head
SENDE DIESE KATZEN FÜR 30 FRAGS VON TABSEN CoolCat
1 SENDE DIESE KATZEN FÜR 30 FRAGS VON TABSEN CoolCat
DIESER CHAT IST JETZT DEUTSCH DatSheffy
SENDE DIESE KATZEN FÜR 30 FRAGS VON TABSEN CoolCat
tear 1 NA vs tear 4 EU LUL
SENDE DIESE KATZEN FÜR 30 FRAGS VON TABSEN CoolCat
:telephone_receiver: HELLO NA? :telephone_receiver: EU HERE :telephone_receiver: TIME TO GO HOME :telephone_receiver: 4Head
thinking shroud was a good player LUL
SENDE DIESE KATZEN FÜR 30 FRAGS VON TABSEN CoolCat
SENDE DIESE KATZEN FÜR 30 FRAGS VON TABSEN 1 CoolCat
EU EU EU EU EU EU . LUL
can't believe this viewer count at a major LUL
EU . EU EU . LUL
Nex just fucked them over LUL
THEY MADE NA PLAY 100% EFFECTIVE LUL
EU IN A NUT SHELL LUL
SPAM THIS TEAR FOR EU FEAR BibleThump
SPAM shroudMilk THESE shroudMilk BAGS shroudMilk TO shroudMilk JINX shroudMilk EU shroudMilk KappaPride
📞 HELLO NA? 📞 EU HERE 📞 TIME TO GO HOME 📞 4Head
CRY IS FREE CRY IS FREE CRY IS FREE 4Head
im with C9 and im from denmark LUL
EU IN A NUT SHELL EU IN A NUT SHELL . LUL
☎️ HELLO EU? ☎️ ITS NA ☎️ ITS TIME TO GO HOME ☎️ 4Head
EU IN A NUT SHELL EU IN A NUT SHELL EU IN A NUT SHELL EU IN A NUT SHELL . LUL
HEY EU NA HERE WHY SO SAD? PJSalt
SPAM THIS TEAR TO GET EU OUTTA HERE BibleThump
☎️ HELLO EU? ☎️ ITS NA ☎️ ITS TIME TO GO HOME ☎️ 4Head
EU IN A NUT SHELL LUL
SPAM shroudMilk THESE shroudMilk BAGS shroudMilk TO shroudMilk JINX shroudMilk EU shroudMilk KappaPride
NA FEEDING OFF OF EU TEARS Kreygasm
SPAM THIS TEAR TO GET EU OUTTA HERE BibleThump
wait until tabsen will tear them apart :D
waduhek BIG waduhek BIG waduhek BIG BibleThump
Europeans are so easy to trigger OMEGALUL LUL
SENDE DIESE KATZEN FÜR 30 FRAGS VON TABSEN CoolCat
TERRIBLE CASTERS IM FROM NA 4Head
SENDE DIESE KATZEN FÜR 30 FRAGS VON TABSEN CoolCat
c9 winning tier 5 tournament PogChamp
SPAM shroudMilk THESE shroudMilk BAGS shroudMilk TO shroudMilk JINX shroudMilk EU shroudMilk KappaPride
SENDE DIESE KATZEN FÜR 30 FRAGS VON TABSEN CoolCat
I always drop my pistol for a weapon Thanks Launders SeemsGood
SPAM THIS TEAR TO GET EU OUTTA HERE BibleThump
📞 HELLO NA? 📞 EU HERE 📞 TIME TO GO HOME 📞 4Head
"countries" are artificial constructs from 1800 based on administrating economy and control over populace LUL
SENDE DIESE KATZEN FÜR 30 FRAGS VON TABSEN CoolCat
SENDE DIESE KATZEN FÜR 30 FRAGS VON TABSEN CoolCat
SENDE DIESE KATZEN FÜR 30 FRAGS VON TABSEN CoolCat
TYPE FOR STEWIE BECAUSE HE IS BAD AS BlessRNG
CAN'T BELIEVE NA CASTERS AT AN NA EVENT HAVE AN NA BIAS BabyRage
SENDE DIESE KATZEN FÜR 30 FRAGS VON TABSEN CoolCat
DIESER CHAT IST JETZT DEUTSCH DatSheffy
70K viewers on major final LUL
SPAM shroudMilk THESE shroudMilk BAGS shroudMilk TO shroudMilk JINX shroudMilk EU shroudMilk s KappaPride
SENDE DIESE KATZEN FÜR 30 FRAGS VON TABSEN CoolCat
THIS WAS NOT AN ECO IDIOTS LUL
SENDE DIESE KATZEN FÜR 30 FRAGS VON TABSEN CoolCat
📞 HELLO NA? 📞 EU HERE 📞 TIME TO GO HOME 📞 4Head
SENDE DIESE KATZEN FÜR 30 FRAGS VON TABSEN CoolCat
SPAM VOHIYO TO HELP THE ASIAN DUO VoHiYo
BUG is fixed but BIG still good DansGame
teir 1 NA vs Tier 4 EU LUL
SENDE DIESE KATZEN FÜR 30 FRAGS VON TABSEN CoolCat
IM SHIT AT CS I ACT LIKE IM PRO I DIDNT SAY A NAME BUT I BET YOU GUESSED MOE EleGiggle
SENDE DIESE KATZEN FÜR 30 FRAGS VON TABSEN CoolCat
SPAM pastaThatTHIS pastaThatNOODLE pastaThatTO pastaThatHELP pastaThatSKADOODLE pastaThat
Chat olyan gyors, senki nem fogja látni, hogy paraszt vagyok Kappa
SENDE DIESE KATZEN FÜR 30 FRAGS VON TABSEN CoolCat
📞 HELLO NA? 📞 EU HERE 📞 TIME TO GO HOME 📞 4Head
DEAD MAJOR SHOULD ASK @SHROUD FOR A HOST LUL
SPAM THIS DUE TOO HELP STEW. MingLee
SENDE DIESE KATZEN FÜR 30 FRAGS VON TABSEN 1 CoolCat
make more noise so that nex cant hear casters 4Head
GERMANY JESUS IS WITH YOU BlessRNG
SENDE DIESE KATZEN FÜR 30 FRAGS VON TABSEN CoolCat
70k on major cs dead LUL
📞 HELLO NA? 📞 EU HERE 📞 TIME TO GO HOME 📞 4Head
auti by himself with ak LUL
SO CLOWN 9 HAVE BEATEN MOUSE ? cmonBruh
📞 HELLO NA? 📞 EU HERE 📞 TIME TO GO HOME 📞 4Head
NA CROWD & NA CHAT LUL
SENDE DIESE KATZEN FÜR 30 FRAGS VON TABSEN CoolCat
SENDE DIESE KATZEN FÜR 30 FRAGS VON TABSEN CoolCat
EU IN A NUT SHELL LUL
EU CS EU CS EU CS EleGiggle
SPAM THIS DUE TOO HELP STEW. MingLee
SKA IS SO DAMN CLUTCH Kreygasm
YES C9 USA USA USA PogChamp
EU CS EU CS . EleGiggle
EU CS EU CS EU CS ... EleGiggle
NVM BIG IS EVEN WORSE LUL
71k on major final dead game LUL
HOW ARE YOU FEELING EU? HOW ARE YOU FEELING EU? PJSalt
PAM THIS NOODLE TO HELP SKADOODLE pastaThat
SPAM pastaThatTHIS pastaThatNOODLE pastaThatTO pastaThatHELP pastaThatSKADOODLE pastaThat
MOM PROS ARES CHEATING AGAIN BabyRage
📞 HELLO NA? 📞 EU HERE 📞 TIME TO GO HOME 📞 4Head
:telephone_receiver: HELLO TABSEN? :telephone_receiver: C9 HERE :telephone_receiver: NEED KLEENEX :telephone_receiver: 4Head
LMAO LuL NO BUG NO BIG 4Head
SPAM THIS TEAR TO GET EU OUTTA HERE BibleThump
:telephone_receiver: HELLO TABSEN? :telephone_receiver: C9 HERE :telephone_receiver: NEED KLEENEX? :telephone_receiver: 4Head
the boys in blue are NV LUL
FAZE CAN PLAY A 5V10 VERSUS C9 AND BIG AND STILL GO 16-0 LUL
C9 THE HEIGH OF NA CS LUL
SHROUD HERE TAKE ME BACK BibleThump
tier 2 vs tier 4 LUL
L A N D E R S ANELE
NA CHAT THINKS THIS IS A MAJOR LUL
L A U N D E R S ANELE
WTF why do they get a break?? FailFish
TOP NA TEAM WINNING TIER 3 TOURNAMENT LUL
WHERE ARE YOU NOW EUROPOORS? 4Head
SENDE DIESE KATZEN FÜR 30 FRAGS VON TABSEN CoolCat
72k major final dead game LUL
ITS NOT A GOOD EU TEAM THO Kappa
NA only winning Minor tournaments LUL
📞 HELLO NA? 📞 EU HERE 📞 TIME TO GO HOME 📞 4Head
EU is better at CS Kappa
hallo ? Ska ? Stewie here I'm Main awp now 4Head
My Teeth Are Yellow My Breathe Smells Like Poo You Guessed It Right I'm From EU BigBrother
lmao chat loves usa canadacupUS canadacupUS canadacupUS lmao chat loves usa canadacupUS canadacupUS canadacupUS VoHiYo
EU is so ba... wait let me take a breath EU is s... i need to take another one fk give me another burger OpieOP
TOP NA TEAM WINNING TIER 3 TOURNAMENT LUL
The real boys in blue are C9 tho Kappa
MAD GERMANS ACCUSING C9 OF CHEATING LUL
is the right guy a ? TriHard
📞 HELLO NA? 📞 EU HERE 📞 TIME TO GO HOME 📞 4Head
CS is 20 years old, NA still NO MAJOR LUL
SPAM THIS TEAR TO GET EU OUTTA HERE BibleThump
My Teeth Are Yellow My Breathe Smells Like Poo You Guessed It Right I'm From EU BigBrother
hallo ? Ska ? Stewie here I'm Main awp now 4Head
C9 almost losing to a tier 3 EU team LUL
@nightman_csgotv they got 16-0'd by NiP on train?? LUL
4HEAD NA PLEBS LEFT THEIR HOLES 4Head
EU CHAT WHERE YOU AT LUL
NA FINALLY WIN T2 TOURNAMENT PogChamp
My Teeth Are Yellow My Breathe Smells Like Poo You Guessed It Right I'm From EU . BigBrother
NA PLEBS LEFT THEIR HOLES AND LOOK AT THEM 4Head
2015 NITRO IS A THING? LUL
who the fuck are these jokers? LUL
EU? MORE LIKE E BAD! LUL
📞 HELLO NA? 📞 EU HERE 📞 TIME TO GO HOME 📞 4Head
64k viewers for GERMAN CS .... GAME ALIVE PogChamp
dust still looking for a threesome on craigslist? EleGiggle
2015 NITRO IS A THING? LUL
EU CS HOLD THIS L LUL
SK overrated Stewie vactivated BIG eliminated Jebaited
Im only here to laugh at NA CHAT LUL
SMELLS LIKE POO TEETH ARE YELLOW THATS RIGHT IM AN EU FELLOW LUL
This is the 'Not a Major' Major Kappa
📞 HELLO EU? 📞 NA HERE 📞 TIME TO GO HOME 📞 4Head
📞 HELLO NA? 📞 EU HERE 📞 TIME TO GO HOME 📞 4Head
SPAM THIS DUE TOO HELP STEW. MingLee
HEY NA REMEMBER FAZE VS C9 haHaAa SeemsGood
SMELLS LIKE POO TEETH ARE YELLOW THATS RIGHT IM AN EU FELLOW LUL
My Teeth Are Yellow My Breathe Smells Like Poo You Guessed It Right I'm From EU BigBrother
WHY WOULD YOU WEAR BLACK LMAO NA STRAT LUL
Clown9 happy to win a tie4 tournament 4Head
M U R I C A in the background Kappa
eu isn't even a country LUL
📞 :telephone_receiver:BetterTTV Emojis HELLO EU? 📞 NA HERE 📞 TIME TO GO HOME 📞 4Head
C9 WINNING A TIER4 TOURNAMENT Kreygasm
My Teeth Are Yellow My Breathe Smells Like Poo You Guessed It Right I'm From EU BigBrother
gongjiahao522 mad eu fan spotted LuL ULU LUL
📞 HELLO NA? 📞 EU HERE 📞 TIME TO GO HOME 📞 4Head
SMELLS LIKE POO TEETH ARE YELLOW THATS RIGHT IM AN EU FELLOW LUL! LUL
SMELLS LIKE POO TEETH ARE YELLOW THATS RIGHT IM AN EU FELLOW LUL
My Teeth Are Yellow My Breathe Smells Like Poo You Guessed It Right I'm From EU . BigBrother
HELLO EU? :telephone_receiver: NA HERE :telephone_receiver: TIME TO GO 4Head
My Teeth Are Yellow My Breathe Smells Like Poo You Guessed It Right I'm From EU lul BigBrother
60k views for a major dead game LUL
My Teeth Are Yellow My Breathe Smells Like Poo You Guessed It Right I'm From EU BigBrother
📞 :telephone_receiver:BetterTTV Emojis HELLO EU? 📞 NA HERE 📞 TIME TO GO HOME 📞 4Head
C9 ABOUT TO WIN A TIER4 TOURNAMENT Kreygasmthesaltyelite Kreygasm
My Teeth Are Yellow My Breathe Smells Like Poo You Guessed It Right I'm From EU BigBrother
Bye EU Have a safe trip home! HeyGuys
@r0sz HELLO NA? :telephone_receiver: EU HERE :telephone_receiver: TIME TO WIN A MAJOR 4Head
THIS pastaThatpastaThat NOODLE TO HELP SKADOODLE pastaThat
📞 HELLO NA? 📞 EU HERE 📞 TIME TO GO HOME 📞 4Head
My Teeth Are Yellow My Breathe Smells Like Poo You Guessed It Right I'm From EU . BigBrother
SHROUD DOES ADDERAL TO SEEM INTRESTING DURING STREAM LUL
My Teeth Are Yellow My Breathe Smells Like Poo You Guessed It Right I'm From EU BigBrother
THIS NOODLE TO HELP SKADOODLE pastaThat
Thank God Dust was relegated to analyst desk. What a terrible caster WutFace
My Teeth Are Yellow My Breathe Smells Like Poo You Guessed It Right I'm From EU BigBrother
My Teeth Are Yellow My Breathe Smells Like Poo You Guessed It Right I'm From EU BigBrother
Scam 1/500 chance to win a 50 cent skin Scam LUL
WIN FREE WIN FREE YEAH COINS LUL
MY BELY'S HUMUNGO MY BRAIN HAS DELAY YOU GUESSED IT RIGHT IM FROM NA OpieOP
RNG TO RNG TO RNG LUL
Can I gamble with these skins Kappa
Don't waste your money on this FailFish
Selling gambling to kids yeah sounds like America LUL
D E S K T O P WEB PogChamp
My Belly is larger My brain has delay You guessed it right I'm from NA 4Head
S C A M M A Z TriHard
100% FREE OK SURE IT IS LUL
Scam 1/500 chance to win a 50 cent skin Scam LUL
using monitor as headphone stand WutFace
SCAMING YOUNGER AUDIENCES NA CS LUL
TOP NA TEAM WINNING TIER 3 TOURNAMENT LUL
50k prizepool Sellout much ? LUL
i miss the screensaver + WUBWUB majors, i don't wanna see ads :(
Now I can play underwater PogChamp
EVERYONE PUT WATER ON YOUR KEYBOARD FOR TEST OH NO KEYBOARD BROKEN Jebaited
I can gamein my pool now PogChamp
I CAN BATH WITH MY KEYBOARD TOGETHER Kreygasm
might be made to resist water but can't even get their keyboards to not double input LUL
hi guys, where are the major memes? 4Head
My Belly is larger My brain has delay You guessed it right I'm from NA 4Head
might be made to resist water but can't even get their keyboards to not double input LUL~ LUL
WHO LIVES IN PINEAPPLE UNDER THE SEA LUL
You guys want to hear a joke? BIG CS Kappa
Why is there a 10 minute break between maps in a grand final ResidentSleeper
EU IS BUSY PLAYING REAL TOURNAMENT TOMORROW LUL
SMELLS LIKE POO TEETH ARE YELLOW THATS RIGHT IM AN EU FELLOW LUL
My Teeth Are Yellow My Breathe Smells Like Poo You Guessed It Right I'm From EU BigBrother
EU IS BUSY PLAYING REAL TOURNAMENT TOMORROW ENJOY YOUR TIER 4 TRASH LUL
57K VIEWERS ON A MOUNTAIN DEW LEAGUE MATCH RE-RUN CS NOT DEAD PogChamp
TOP NA TEAM WINNING TIER 3 TOURNAMENT LUL
EU IS BUSY PLAYING REAL TOURNAMENT TOMORROW ENJOY YOUR TIER 4 TRASH . LUL
10min break to have a few cigs 4Head
HELLO EU? :telephone_receiver: NA HERE :telephone_receiver: TIME TO GO 4Head
RICK n Morty Fans are braindead LUL
PEOPLE RUINED RICK AND MORTY LUL
MY AIM IS TRASH MY KILLS ARE FEW YOU GUESSED IT IM FROM EU EleGiggle
pickle RICK im 200 iq btw haHAA LUL
Fnatic as a favorite team LUL
Spam this mouse if you betted your house Mau5
I think they have eye tracking for stew as i have a blue line across the screen Kappa
240hz when your eyes can only see 30 fps Jebaited
HELLO EU? :telephone_receiver: NA HERE :telephone_receiver: TIME TO GO 4Head
you can really tell the difference LUL
your eyes cant see more than 60 fps Kappa
NA THIS EU THAT IM A BABY IN TWITCH CHAT BabyRage
30 hz at 240 fps is better though Kappa
TOP NA TEAM WINNING TIER 3 TOURNAMENT LUL
People who can't see over 30 fps = EU BrokeBack
NA THIS EU THAT IM A BABY IN TWITCH CHAT BabyRage
Your eyes cant see more than 60 fps Kappa
My Belly is larger My brain has delay You guessed it right I'm from NA 4Head
People who think you only see 30 fps = EU BrokeBack
SMELLS LIKE POO TEETH ARE YELLOW THATS RIGHT IM AN EU FELLOW LUL
LULQUID TO GET TRASHED BY VEGA SQUADRON TOMORROW LUL
SMELLS LIKE POO TEETH ARE YELLOW THATS RIGHT IM AN EU FELLOW LUL
SMELLS LIKE POO TEETH ARE YELLOW THATS RIGHT IM AN EU FELLOW LUL
500K epicenter VS 50k Dreamhack LUL
LULQUID TO GET TRASHED BY VEGA SQUADRON TOMORROW LUL
cloud nine is going to win a major final PogChamp
watch liquid win epicenter LYL LUL
SPAM THIS WEEB TO DESTROY KEEV TehePelo
not enough prizemoney for high tier teams Kappa
SENDE DIESE KATZEN FÜR 30 FRAGS VON TABSEN CoolCat
SPAM THIS WEEB TO DESTROY KEEV TehePelo. TehePelo
spam this spam that just another twitch asshat 4Head
SPAM THIS WEEB TO DESTROY KEEV TehePelo
: NOODLES OUT FOR SKADOODLE pastaThat
📞 HELLO NA? 📞 EU HERE 📞 TIME TO GO HOME 📞 4Head
@paramaobi I wish you got banned LUL
4Head4Headspam this spam that just another twitch asshat 4Head
HELLO NA? 📞 EU HERE 📞 TIME TO GO HOME 📞 4Head
EU or NA we can all agree on one thing. CONSOLE LUL
How long till NA deports Stew and Auti Kappa
: NOODLES OUT FOR SKADOODLE pastaThat
SPAM THIS WEEB TO DESTROY KEEV TehePelo
Spam this mouse if you betted your house Mau5
NA THIS EU THAT I'M A BABY IN TWITCH CHAT BabyRage
My fur is soft My breath is smelly I stole your food now rub my belly OhMyDog
4Head4Headspam this spam that just another twitch asshat 4Head
HELLO EU? 📞 NA HERE 📞 TIME TO GO 4Head
4Head4Headspam this spam that thats right its twitch chat 4Head
spam this spam that thats right its twitch chat 4Head
Your all’s music is shit about as bad as commentary Kappa
2 PIZZA ROLES IN A ROW PogChamp
spam this spam that thats right its twitch chat d 4Head
📞 HELLO NA? 📞 EU HERE 📞 TIME TO GO HOME 📞 4Head
My Belly is larger My brain has delay You guessed it right I'm from NA 4Head
NO HAT NO PLAY NO MAJOR TODAY 4Head
📞 HELLO NA? 📞 EU HERE 📞 TIME TO GO HOME 📞 4Head
KAPPA OUTDATED POGCHAMP OVERRATED LONG HAVE WE WAITED NOW WE JEBAITED Jebaited
SMELLS LIKE POO TEETH ARE YELLOW THATS RIGHT IM AN EU FELLOW LUL
my teeth are yellow sometimes blue you guessed it righjt im from EU 4Head
EU time 100K vieuwers NA time 55k vieuwers LUL
55K VIEWERS AT A CSGO MAJOR CSGO IS DEAD LUL
ITS 2.30 AM IN EU OF COURSE ONLY 55K LUL
📞 HELLO NA? 📞 EU HERE 📞 TIME TO GO HOME 📞 4Head
my teeth are yellow sometimes blue you guessed it righjt im from EU 4Head
📞 HELLO NA? 📞 EU HERE 📞 TIME TO GO HOME 📞 4Head
EU In 2017 EU In 2017 EU In 2017 EU In 2017 EU In 2017 LUL
1EU In 2017 EU In 2017 EU In 2017 EU In 2017 EU In 2017 LUL
KAPPA OUTDATED POGCHAMP OVERRATED LONG HAVE WE WAITED NOW WE JEBAITED Jebaited
NA Wins this $100,000 total prize pool Major Kreygasm
my teeth are yellow sometimes blue you guessed it righjt im from EU 4Head
SENDE DIESE KATZEN FÜR 30 FRAGS VON TABSEN CoolCat
60k viewers in a major final dead game LUL
same copy pastas as always ResidentSleeper
EU In 2017 EU In 2017 EU In 2017 EU In 2017 EU In 2017 LUL
1EU In 2017 EU In 2017 EU In 2017 EU In 2017 EU In 2017 LUL
📞 HELLO NA? 📞 EU HERE 📞 TIME TO GO HOME 📞 4Head
EU In 2017 EU In 2017 EU In 2017 EU In 2017 EU In 2017 LUL
FINAL MAJOR NO SERCURITY ON PCS HAX.INSTALLED -60K VIEWERS CSGO IS ALREADY DEAD LUL
EU In 2017 EU In 2017 EU In 2017 EU In 2017 EU In 2017 LUL
FINAL MAJOR NO SERCURITY ON PCS HAX.INSTALLED -60K VIE­WERS CSGO IS ALREADY DEAD LUL
EU time 100K vieuwers NA time 55k vieuwers LUL
NA REMEMBER C9 VS FAZE LUL
2 viewers for a major final, dead game EleGiggle
EU TEAMS PLAYING ACTUAL TIER 1 TOURNAMENT TOMORROW NA FANS LUL
SPAM THIS TEAR TO GET EU OUTTA HERE BibleThump
BIG TIER 5 TEAM NA IS A JOKE BIG TIER 5 TEAM NA IS A JOKE LUL
LULQUID TO GET TRASHED BY VEGA SQUADRON TOMORROW LUL
my teeth are yellow sometimes blue you guessed it righjt im from EU 4Head
P250 NO ARMOR SAVE EU LUL
BIG TIER 5 TEAM NA IS A JOKE LUL
BIG TIER 5 TEAM NA IS A JOKE BIG TIER 5 TEAM NA IS A JOKE LUL
my teeth are yellow sometimes blue you guessed it righjt im from EU 4Head
SENDE DIESE KATZEN FÜR 30 FRAGS VON TABSEN CoolCat
my teeth are yellow sometimes blue you guessed it righjt im from EU // 4Head
FINAL MAJOR NO SERCURITY ON PCS HAX.INSTALLED -60K VIEWERS CSGO IS ALREADY DEAD LUL
my teeth are yellow sometimes blue you guessed it right im from EU 4Head
📞 HELLO NA? 📞 EU HERE 📞 TIME TO GO HOME 📞 4Head
MY TEETH ARE YELLOW IT HURTS TO CHEW, YOU GUEZZSD IT RIGHT IM FROM EU CoolStoryBob
SENDE DIESE KATZEN FÜR 30 FRAGS VON TABSEN CoolCat
my teeth are yellow sometimes blue you guessed it righjt im from EU 4Head
EU In 2017 EU In 2017 EU In 2017 EU In 2017 EU In 2017 LUL
my teeth are yellow sometimes blue you guessed it righjt im from EU / 4Head
my teeth are yellow sometimes blue you guessed it righjt im from EU 4Head
FINAL MAJOR NO SERCURITY ON PCS HAX.INSTALLED 60K VIEWERS CSGO IS ALREADY DEAD LUL
SENDE DIESE KATZEN FÜR 30 FRAGS VON TABSEN CoolCat
SENDE DIESE KATZEN FÜR 30 FRAGS VON TABSEN CoolCat
SENDE DIESE KATZEN FÜR 30 FRAGS VON TABSEN CoolCat
📞 HELLO NA? 📞 EU HERE 📞 MAJORS ? 📞 4Head
📞 HELLO NA? 📞 EU HERE 📞 TIME TO GO HOME 📞 4Head
@crazehsmile I’m latino just want to bait some NA scum LUL
EU EU EU EU EU EU LUL
FINAL MAJOR NO SERCURITY ON PCS HAX.INSTALLED 6­0K VIEWERS CSGO IS ALREADY DEAD LUL
DAVID YOU SUCK AT CS LUL
SENDE DIESE KATZEN FÜR 30 FRAGS VON TABSEN CoolCat
BEAT EM ONCE IN WW1 BEAT EM TWICE IN WW2 LETS DO IT AGAIN AT DREAMHACK TOO LUL
📞 HELLO NA? 📞 EU HERE 📞 MAJORS ? 📞 4Head
IT"S GG, G TO THE G, GOOD BYE B.I.G LUL
my teeth are yellow sometimes blue you guessed it righjt im from EU 4Head
on 60k views on major LUL
NA WINNING A TIER 2 TOURNEY , THE ONLY THING THEY CAN WIN EleGiggle
SUCK MY NOODLE TO HELP SKADOODLE pastaThat
📞 STOP CALLING THIS NUMBER 📞 DansGame
HUFF SOME GLUE TO HELP OUT STEW 4Head
this reminds me of WW-II Kappa
SENDE DIESE KATZEN FÜR 30 FRAGS VON TABSEN CoolCat
EU EU EU EU EU EU EU LUL
📞 HELLO NA? 📞 EU HERE 📞 TIME TO GO HOME 📞 4Head
📞 HELLO NA? 📞 EU HERE 📞 MAJORS ? 📞 4Head
BIG? Abuse? No, they would never 4Head
PAM THIS NOODLE TO HELP SKADOODLE pastaThat
SENDE DIESE KATZEN FÜR 30 FRAGS VON TABSEN CoolCat
WHAT MORE VAN I DO LUL
EU In 2017 EU In 2017 EU In 2017 EU In 2017 EU In 2017 LUL
SPAM THIS TEAR TO GET EU OUTTA HERE BibleThump
Spam A meme to help the team Kappa
hey EU why so quiet? :thinking: hey EU why so quiet? :thinking: hey EU why so quiet? :thinking: . 4Head
my teeth are yellow sometimes blue you guessed it righjt im from EU @virtusplooow 4Head
📞 HELLO NA? 📞 EU HERE 📞 MAJORS ? 📞 4Head
SUCK MY NOODLE TO HELP SKADOODLE pastaThat
hey EU why so quiet? :thinking: . 4Head
NUTTS TO BUTTS, ATOMIC BOMBS LUL
too soon my dude c9 has two japanese Kappa
>Happy for winning to a tier 3 EU team LUL
hey EU why so quiet? :thinking: hey EU why so quiet? :thinking: . 4Head
!SUCK MY NOODLE TO HELP SKADOODLE pastaThat
my teeth are yellow sometimes blue you guessed it right im from EU 4Head
SENDE DIESE KATZEN FÜR 30 FRAGS VON TABSEN CoolCat
@nunz1o making quarterfinals major = tier 3 EU? LUL
STFU CHAT 😡 NUKES GAVE US ANIME VoHiYo
SUCK MY NOODLE TO HELP SKADOODLE pastaThat
hey EU why so quiet? :thinking: .. 4Head
📞 HELLO NA? 📞 EU HERE 📞 MAJORS ? 📞 4Head
hey EU why so quiet? :thinking: 4Head
Spam A meme to help the team Kappa
!SUCK MY NOODLE TO HELP SKADOODLE pastaThat
my teeth are yellow i smell like poo you guessed it right im from EU linnerFire7: 📞 HELLO NA? 📞 EU HERE 📞 MAJORS ? 📞 4Head
hey EU why so quiet? :thinking: hey EU why so quiet? :thinking: .. 4Head
Which country is better at a game LUL
SUCK MY NOODLE TO HELP SKADOODLE pastaThat
📞 HELLO NA? 📞 EU HERE 📞 MAJORS ? 📞 4Head
📞 HELLO NA? 📞 EU HERE 📞 MAJORS ? 📞 . 4Head
EU In 2017 EU In 2017 EU In 2017 EU In 2017 EU In 2017 LUL
hey EU why so quiet? :thinking: hey EU why so quiet? :thinking: ,, 4Head
@SUCK MY NOODLE TO HELP SKADOODLE pastaThat
WE ARE C9 WE LIKE TO STREAM WINNING A MAJOR? ONLY A DREAM 4Head
Spam this if you betted your house Mau5
200 IQ PLAY BIG PAUSE PogChamp
SUCK MY NOODLE TO HELP SKADOODLE pastaThat
my teeth are yellow sometimes blue you guessed it righjt im from EU 4Head
NA feel so proud beating a tier 2 team. How about major titles NA? EleGiggle
TIER 1 TEAMS ACTUALLY PLAYING 500k TOURNAMENT TOMORROW. ENJOY UR TIER 4 TRASH LUL
Spam this mouse if you betted your house Mau5
halo stage more hype than us LUL
📞 HELLO NA? 📞 EU HERE 📞 MAJORS ? 📞 4Head
FAKE CROWD 60k VIEWERS DEAD GAME LUL
📞 HELLO NA? 📞 EU HERE 📞 TIME TO GO HOME 📞 4Head
my teeth are yellow sometimes blue you guessed it righjt im from EU @virtusplooow 4Head
my teeth are yellow sometimes blue you guessed it right im from EU 4Head
valens isn't coaching, c9 wins grandfinals at major tourney LUL
HALO BETTER THAN US HALO BETTER THAN US HALO BETTER THAN US LUL
TIER 1 TEAMS ACTUALLY PLAYING 500k TOURNAMENT TOMORROW. ENJOY UR TIER 4 NA TRASH LUL
SENDE DIESE KATZEN FÜR 30 FRAGS VON TABSEN CoolCat
Spam this mouse if you betted your house Mau5
@Miami_Bandit NA THIS EU THAT IM A BABY IN TWITCH CHAT BabyRage
📞 HELLO NA? 📞 EU HERE 📞 MAJORS ? 📞 . 4Head
my teeth are yellow sometimes blue you guessed it righjt 1m from EU 4Head
EU In 2017 EU In 2017 EU In 2017 EU In 2017 EU In 2017 LUL
TIER 1 TEAMS PLAYING 500k TOURNAMENT TOMORROW. ENJOY UR TIER 4 TRASH LUL
Stewies Parents: "We told you to become a DOCTOR!!!!!" MingLee
Have fun at epicenter C9 Oh wait 4Head
proud NA Crowd winning vs shitty EU team LUL
my teeth are yellow sometimes blue you guessed it right im from EU 4Head
when a Halo match is louder than us Dead Game HALO BETTER THAN US LUL
@Miami_Bandit NA THIS EU THAT IM A BABY IN TWITCH CHAT BabyRage
📞 HELLO NA? 📞 EU HERE 📞 MAJORS ? 📞 4Head
HALO BETTER THAN US HALO BETTER THAN US HALO BETTER THAN US LUL
my teeth are yellow sometimes blue you guessed it righjt im from EU @virtusplooow 4Head
RIP CSGO PUBG BEST GAME LUL
what happens when the haters dab back? LUL
HAVE FUN AT EPICENTER C9 OH WAIT LUL
\ > dab on the haters TriHard
< / DAB ON DEM H8ERS Kappa
SENDE DIESE KATZEN FÜR 30 FRAGS VON TABSEN CoolCat
\ > dab on the haters TriHard
is gg guys , just look at big team LUL
📞 HELLO NA? 📞 EU HERE 📞 MAJORS ? 📞 4He ad 4Head
EU In 2017 EU In 2017 EU In 2017 EU In 2017 EU In 2017 LUL
📞 HELLO NA? 📞 EU HERE 📞 MAJORS ? 📞 4Head
csgo has more viewers than pubg PogChamp
KEEV Used to be Fit Happened WutFace
SPAM THIS TEAR TO GET EU OUTTA HERE BibleThump
EU CS EU CS EU CS EU CS EU CS ResidentSleeper
JUST BUY A MAJOR LOOOL 4Head
EU In 2017 EU In 2017 EU In 2017 EU In 2017 EU In 2017 LUL
SPAM THIS TEAR TO GET EU OUTTA HERE . BibleThump
ONLY 66K VIEWERS IN CSGO FINAL GAME IS DEAD LUL
Why does he look so unhappy :(
skadaddy will sleep, when u need him to carry wake him up Kreygasm
@DarkKlagSon EU CS EU CS EU CS EU CS ResidentSleeper
Go BIG or go HOME PogChamp
SPAM THIS TEAR TO GET EU OUTTA HERE . BibleThump
SPAM THIS TEAR TO GET EU OUTTA HERE BibleThump
Major Final only 66k viewers, CS IS DEAD BibleThump
my teeth are yellow sometimes blue you guessed it right im from EU 4Head
SPAM THIS TEAR TO GET EU OUTTA HERE . BibleThump
GOB B: T1 NA realy? LUL
SPAM THIS TEAR TO GET EU OUTTA HERE BibleThump
EU CS EU CS EU CS EU CS ResidentSleeper
SPAM THIS TEAR TO GET EU OUTTA HERE BibleThump
Major Final only 66k viewers, CS IS DEAD BibleThump
SPAM THIS TEAR TO GET EU OUTTA HERE . BibleThump
Launders is not even Muslim. He's Indian FailFish
SPAM THIS TEAR TO GET EU OUTTA HERE . BibleThump
SPAM OhMyDogTHIS DOGGO OhMyDogTO OhMyDogHELP OhMyDogCSGO OhMyDog
? SPAM THIS TEAR TO GET EU OUTTA HERE . BibleThump
EU CS EU CS EU CS EU CS EU CS EU CS EU CS ResidentSleeper
SPAM THIS TEAR TO GET EU OUTTA HERE BibleThump
HUFF SOME GLUE TO HELP OUT STEW 4Head
EU is so ba... wait let me take a breath EU is s... i need to take another one fk give me another burger OpieOP
SPAM THIS TEAR TO GET EU OUTTA HERE . BibleThump
NA this EU that but just remember... that BR is worst LUL
SPAM THIS TEAR TO GET EU OUTTA HERE BibleThump
SPAM THIS TEAR TO GET EU OUTTA HERE . 🤔 BibleThump
EU is so ba... wait let me take a breath EU is s... i need to take another one fk give me another burger OpieOP
SPAM THIS TEAR TO GET EU OUTTA HERE . BibleThump
Bark away the tech issue OhMyDog
HAVE FUN AT EPICENTER C9 OH WAIT LUL
EU is so ba... wait let me take a breath EU is s... i need to take another one fk give me another burger OpieOP
EU is so ba... wait let me take a breath EU is s... i need to take another one fk give me another burger OpieOP
SPAM THIS TEAR TO GET EU OUTTA HERE BibleThump
my teeth are yellow sometimes blue you guessed it righjt im from EU @virtusplooow 4Head
Bark away the tech issue OhMyDog8:43 brdyXD: <message deleted> OhMyDog
SPAM THIS BROKE TO NA CHOKE BrokeBack
EU CS EU CS EU CS EU CS EU CS ResidentSleeper
EU PLAYING REAL TOURNEY TOMOROW NOT THIS T2 THING LUL
SPAM THIS TUNA FOR GOOD FORTUNA SabaPing
EU CS EU CS EU CS EU CS EU CS EU CS ResidentSleeper
SPAM THIS TUNA FOR GOOD FORTUNA SabaPing
SPAM THIS TEAR FOR EU FEAR BibleThump
📞 HELLO NA? 📞 EU HERE 📞 TIME TO GO HOME 📞 4Head
SPAM THIS BROKE TO NA CHOKE BrokeBack
haha tarik is so funny :p
HAVE FUN AT EPICENTER C9 OH WAIT LUL
Spam this mouse if you betted your house Mau5
EU In 2017 EU In 2017 EU In 2017 EU In 2017 EU In 2017 LUL
SENDE DIESE KATZEN FÜR 30 FRAGS VON TABSEN CoolCat
SPAM THIS TEAR TO GET EU OUTTA HERE BibleThump
NA proud winning vs shitty EU Team LUL
STEW AWP SKA RIFLE WUT LUL
HAVE FUN AT EPICENTER C9 OH WAIT LUL
Spam this mouse if you betted your house Mau5
SPAM THIS TEAR TO GET EU OUTTA HERE BibleThump
SPAM THIS BROKE TO NA CHOKE BrokeBack
SPAM THIS TEAR TO GET EU OUTTA HERE . BibleThump
Spam this mouse if you betted your house Mau5
lose 5 rounds buy 3 awps CSGO LUL
EU CS EU CS EU CS EU CS BrokeBack
SPAM THIS BROKE TO NA CHOKE BrokeBack
C9 you won 100k tournament Now win major hahahahahh never LUL
LET US PRAY FOR N A BlessRNG
HAVE FUN AT EPICENTER C9 OH WAIT LUL
Spam this mouse if you betted your house Mau5
BIG with no BUG haHAA LUL
LET US PRAY FOR N A BlessRNG
Cloud10 = Hiko + simple + bot + bot + bot ftw LUL
PAM THIS NOODLE TO HELP SKADOODLE pastaThat
the eu spam is gone EleGiggle
Spam this mouz if you betted your house Mau5
ASSUMING DH ONLY HAVE CS LUL
THIS GAME IS SO DEAD THAT THE CROWD IS WATCHING ANOTHER GAME NICE MAJOR LUL
THEY'RE DOING THE WAVE CHAT FailFish
USE THIS SPAM TO HELP THE FAM SwiftRage
THIS GAME IS SO DEAD THAT THE CROWD IS WATCHING ANOTHER GAME NICE MAJOR - LUL
USE THIS SPAM TO HELP THE FAM X SwiftRage
SEND HIM TO HELP TIM WutFace
SPAM THIS TEAR TO GET EU OUTTA HERE BibleThump
Dreamhacks 2k18 = Hiko in Fnatic instead of Olof LUL
SPAM THIS BACK FOR THE COMEBACK TriHard
Making my way downtown, driving fast Jebaited
BRA7IL SK GAMING FERBOT TOP1 LUL
Every 60 seconds in Brazil Germany scores a goal Together we can stop this Spread the word LUL
📞 HELLO NA? 📞 EU HERE 📞 TIME TO GO HOME 📞 4Head
SENDE DIESE KATZEN FÜR 30 FRAGS VON TABSEN CoolCat
SPAM THIS BACK FOR THE COMEBACK . TriHard
Semphis got kicked from C9 PogChamp
USE THIS SPAM TO HELP THE FAM SwiftRage
WHERE IS SWAG HE BANNED AGAIN IDIOT?>? LOL CoolCat
SENDE DIESE KATZEN FÜR 30 FRAGS VON TABSEN CoolCat
:telephone_receiver: HELLO BIG? :telephone_receiver: AIRPORT HERE :telephone_receiver: YOUR PLANE IS READY 4Head
LET US PRAY FOR N A BlessRNG
Big is tier 10 team EU LUL
Go BIG or go HOME PogChamp
HAVE FUN AT EPICENTER C9 OH WAIT LUL
SWAG GOT BANNED? WHERE IS SWAG?? BANNED LOL CoolCat
My Teeth Are Yellow My Breathe Smells Like Poo You Guessed It Right I'm From EU BigBrother
I have never herad big team. who is? CoolCat
SPAM THIS BACK FOR THE COMEBACK TriHard
SO MANY PEOPLE WEARING GLASSES LUL
67k viewers and no spam? .... Kappa
EVEN VP WON AGAINST NA LUL
WHY DO NA CROWDS SUCK WutFace
Major Legends can't beat #2 NA LUL
NA > USA > AMERICA > rest of you s hitters LUL
MOOOOM people are having fun in the crowd waaaahhhh BabyRage
SPAM THIS BROKE TO NA CHOKE BrokeBack
clout 9KevinTurtle clout9 clout9 clout9 KevinTurtle
N0thing was the problem ????????? LUL
67k viewers and no spam ? ... Kappa
LAUNDERS IS SUCH A MEMER LUL
67k viewers in major final dead game LUL
SHIT IT CS TEETH YELLOW LIKE EGG YOLKS YOU GUESSED IT WE'RE EU FOLKS LUL
SPAM THIS BROKE TO NA CHOKE BrokeBack
SPAM THIS TEAR TO GET EU OUTTA HERE BibleThump
C9 is the top tier 2 team PogChamp
GOB B CHET? I THINK SO LOL!!! CoolCat
EU? EU? EU? EU? EU? EU? SoBayed
SENDE DIESE KATZEN FÜR 30 FRAGS VON TABSEN CoolCat
📞 HELLO NA? 📞 EU HERE 📞 TIME TO GO HOME 📞 4Head
shroudC9 shroudC9 shroudC9 shroudC9 shroudC9 PogChamp
lmao c9 just rush a and they lose instantly LUL
EU CS EU CS EU CS EU CS EU CS EU CS EU CS EleGiggle
SPAM THIS BACK FOR THE COMEBACK TriHard
SPAM THIS TEAR FOR EU FEAR BibleThump
NA > USA > AMERICA > rest of you s hitters LUL
📞 :telephone_receiver:BetterTTV Emojis HELLO EU? 📞 NA HERE 📞 TIME TO GO HOME 📞 4Head
NA WINNING TIER 3 TOURNAMENT LUL
EU HAVE NO CHANCE TO WIN NA CS LUL
SPAM THIS TEAR TO GET EU OUTTA HERE BibleThump
THIS FINAL IS VERY BORING ResidentSleeper
VIEWERSHIP IS LOW NOW BCUZ BIG FAN LEAVING LUL
EU is so ba... wait let me take a breath EU is s... i need to take another one fk give me another burger OpieOP
SPAM TPFufu THIS WEEB TO HELP KEEV TPFufun
CANT CHEAT ON VAC SECURED SERVERS LUL
EU CS EU CS EU CS EU CS EU CS EU CS LUL
why is EU so bad? EleGiggle
SPAM TPFufu THIS WEEB TO HELP KEEV TPFufun
HELLO GER? 📞 NA HERE 📞 REMEMBER WW2? 📞 4Head
THAT HAPPENS EVERY GAME IN MM LUL
C9 are pub stomping them EleGiggle
TARIK "RUSH A EVERY ROUND" LUL
EU CS EU CS EU CS EU CS EU CS EU CS EU CS LUL
BEAT EM ONCE IN WW1 BEAT EM TWICE IN WW2 LETS DO IT AGAIN AT DREAMHACK TOO LUL
EU CS EU CS EU CS EU CS EU CS EU CS LUL
SPAM THIS BACK FOR THE COMEBACK TriHard
EU WHERE ARE YOU ?? LUL
SPAM THIS TO LAUGH AT EU LUL
EU is so ba... wait let me take a breath EU is s... i need to take another one fk give me another burger OpieOP
60k viewers on a major dead game LUL
LULLUL SPAM THIS TO LAUGH AT EU LUL
SPAM THIS TO LAUGH AT EU LUL
:telephone_receiver: HELLO BIG? :telephone_receiver: AIRPORT HERE :telephone_receiver: YOUR PLANE IS READY 4Head
NA STRAT NA STRAT NA STRAT NA STRAT PogChamp
WHEN EU THINK THEYRE good AT CS LUL
SPAM THIS TO LAUGH AT EU LUL
C9 GO PLAY IN MAJOR QUALS PLS LUL
📞 HELLO NA? 📞 EU HERE 📞 TIME TO GO HOME 📞 4Head
LMAO NA HAPPY BECAUSE THEY BEAT BIG B I G LUL
SPAM THIS TO LAUGH AT EU LUL
67000 viewers in major final LUL
EU CS EU CS EU CS EU CS EU CS EU CS EU CS LUL
My Teeth Are Yellow My Breathe Smells Like Poo You Guessed It Right I'm From EU BigBrother
SPAM THIS TO LAUGH AT EU LUL
SPAM THIS TO LAUGH AT EU LUL
SPAM THIS BROKE TO NA CHOKE BrokeBack
SPAM THIS TO LAUGH AT EU LUL
SPAM THIS TO LAUGH AT EU LUL
hey EU why so quiet? :thinking: 4Head
LET US PRAY FOR N A BlessRNG
hey EU why so quiet? :thinking: hey EU why so quiet? :thinking: . 4Head
SPAM THIS TO LAUGH AT EU LUL
NA winning minors, but cheering as if its's major LUL
My Teeth Are Yellow My Breathe Smells Like Poo You Guessed It Right I'm From EU . BigBrother
SPAM THIS TO LAUGH AT EU LUL
THIS TO LAUGH AT EU . LUL
SPAM THIS TO LAUGH AT EU LUL
BIG JUST PLAY INFERNO WITH BUG 4Head
SPAM THIS TO LAUGH AT EU LUL
SPAM THIS TO LAUGH AT EU .. LUL
T2 EU TEAM BEAT FAZE U WONT LUL
SPAM BrainSlugTHIS BrainSlugMUSH BrainSlugTO BrainSlugHELP BrainSlugRUSH BrainSlug
My Teeth Are Yellow My Breathe Smells Like Poo You Guessed It Right I'm From EU BigBrother
SPAM THIS TO LAUGH AT EU .. LUL
c9 smurfing EU major legends LMAO LUL
EU CS EU CS EU CS EU CS EU CS EU CS EU CS LUL
SPAM THIS TO LAUGH AT EU . LUL
SPAM THIS TO LAUGH AT EU x LUL
NAs FIRST WIN AGAINST EU 4Head
ASIANS AND TURKS NA BTW LUL
SPAM MAGA TO MAKE AMERICA GREAT AGAIN Poooound
SPAM THIS TO LAUGH AT EU LUL
My Teeth Are Yellow My Breathe Smells Like Poo You Guessed It Right I'm From EU . BigBrother
NA COMPARING BIG WITH FAZE LUL
NA's best team barely beats EU's 8th best team and think they are good SeemsGood
THIS TO LAUGH AT EU LUL
NA COMPARING BIG WITH FAZE NA COMPARING BIG WITH FAZE LUL
EU GOT 3 ROUNDS EU GOT 3 ROUNDS EU GOT 3 ROUNDS PogChamp
SPAM THIS TO LAUGH AT EU LUL
My Teeth Are Yellow My Breathe Smells Like Poo You Guessed It Right I'm From EU . BigBrother
NA COMPARING BIG WITH FAZE LUL
NAs FIRST WIN AGAINST EU 4Head
NA COMPARING BIG WITH FAZE NA COMPARING BIG WITH FAZE LUL
SPAM THIS TO LAUGH AT EU ..f LUL
EU is so ba... wait let me take a breath EU is s... i need to take another one fk give me another burger OpieOP
Major Final only 68k viewers, CS IS DEAD BibleThump
SPAM THIS TO LAUGH AT EU LUL
HAVE TO USE ENGLISH CAUSE EU IS SHIT LUL
The plant doesnt matter, they have infinite money chat FailFish
NAs FIRST WIN AGAINST EU . 4Head
they have money silver chat ResidentSleeper
C M B A C K Kreygasm
C( had plenty of money, he wanted to drop a gun, 200IQ SeemsGood
EU CS EU CS EU CS EU CS EU CS EU CS EU CS LUL
SPAM THIS TO LAUGH AT EU LUL
SMART By stewie. BIG has low money :)
Tier 2 EU same level than tier 1 USA LUL
SPAM THIS TO LAUGH AT EU LUL. LUL
TRUMP Starting Racist war TRUMP Starting Racist war LUL
📞 HELLO NA? 📞 EU HERE 📞 TIME TO GO HOME 📞 4Head
SPAM THIS TO LAUGH AT EU LUL
T1 NA FINALLY BEATS A T2 EU TEAM 4Head
LULLUL SPAM THIS TO LAUGH AT EU LUL
Losing to C9 in 2017 FailFish
wow beating t3 EU teams PogChamp
CLOWN9 WINNING TIER 3 TOURNAMENT LUL
KAPPA OUTDATED POGCHAMP OVERRATED LONG HAVE WE WAITED NOW WE JEBAITED Jebaited
SPAM THIS TO LAUGH AT EU LUL
SPAM MAGA TO MAKE AMERICA GREAT AGAIN Poooound
SPAM THIS TEAR FOR EU FEAR BibleThump
HOW IS MOVING SO FAST WutFace
📞 HELLO NA? 📞 EU HERE 📞 TIME TO GO HOME 📞 4Head
EU CS EU CS EU CS EU CS EU CS EU CS EU CS LUL
SPAM THIS TO LAUGH AT EU LUL
SPAM THIS TO LAUGH AT EU LUL
SPAM THIS TO LAUGH AT EU LUL
EU CS EU CS EU CS EU CS EU CS EU CS EU CS LUL
HELLO GER? 📞 NA HERE 📞 REMEMBER WW2? 📞 4Head
SPAM THIS TO LAUGH AT EU LUL
YES NA HAS ASIANS BUT NO MAJORS LUL
📞 HELLO C9 📞 EU HERE 📞 NO EPICENTER? 📞 4Head
Being named Ian in 2017 DansGame
SPAM MAGA TO MAKE AMERICA GREAT AGAIN Poooound
SPAM THIS TO LAUGH AT EU LUL
PAM THIS NOODLE TO HELP SKADOODLE pastaThat
EU GOT 3 ROUNDS EU GOT 3 ROUNDS EU GOT 3 ROUNDS PogChamp
NA team does not have any KKona LUL
I LIKE TO HAVE CONSENSUAL INTERCOURSE WITH MY MALE FRIENDS OhMyDog
SMELLS LIKE POO TEETH ARE YELLOW THATS RIGHT IM AN EU FELLOW LUL
SPAM THIS TO LAUGH AT EU LUL
LEZ GO C9. FAK THESE KIDS DatSheffy
SAW U AT EPICENTER NA... OH WAIT LUL
NA THIS EU THAT IM A BABY IN TWITCH CHAT BabyRage
any else spot the cute ? KappaPride
c9 win doesnt count its not a major BabyRage
LULI AM FROM EU LULMY TEETH ARE BRIGHT YELLOW LULI LIKE MY SISTER LULAND MY VOICE IS MELLOW LUL
📞 HELLO NA? 📞 EU HERE 📞 TIME TO GO HOME 📞 4Head
NO BUG NO BIG! NO BUG NO BIG! NO BUG NO BIG! NO BUG NO BIG! LUL
EU CS EU CS EU CS EU CS EU CS EU CS EU CS LUL
Big=No Good without jump bug LUL
EU is so ba... wait let me take a breath EU is s... i need to take another one fk give me another burger OpieOP
📞 HELLO C9 📞 EU HERE 📞 NO EPICENTER? 📞 4Head
BUG MAJOR LEGENDS BUG MAJOR LEGENDS LUL
@dapr tier 20 na player PogChamp
@phluffyhead haHAA are u from murica? OpieOP
EU? EU? EU? EU? EU? EU? EU? SoBayed
tier 1 EU Major Legends getting REKT by NA LUL
I LIKE TO LOOK AT DUST MOURET WHERE IS DUST OhMyDog
L E T S GO PogChamp
EU CS EU CS EU CS EU CS EU CS EU CS EU CS LUL
LOW VIEWER COUNT ASK SHROUD TO HOST LUL
tier 1 EU Major Legends getting REKT by NA LUL
I don't want to Hype too much but C9 BEST TEAM IN THE WORLD Kreygasm
SEE U AT EPICENTER NA... OH WAIT LUL
📞 HELLO NA? 📞 EU HERE 📞 TIME TO GO HOME 📞 4Head
NA HYPING OVER BIG SO DESPERATE LUL
SPAM THIS TO LAUGH AT EU LUL
wanna hear a joke? EU 4Head
EU CS EU CS EU CS EU CS EU CS EU CS EU CS LUL
NA HYPINg OVER BIG DESPERATE LUL
EU GOT 3 ROUNDS EU GOT 3 ROUNDS EU GOT 3 ROUNDS EU GOT 3 ROUNDS PogChamp
SENDE DIESE KATZEN FÜR 30 FRAGS VON TABSEN CoolCat
TABSEN BACKWARDS IS NESBAT OMG WOEW OhMyDog
MAJOR LEGENDS LOSING TO NA TEAM WHO WASNT EVEN IN THE MAJOR LUL
tier 1 na beating tier 3 eu PogChamp
SPAM THIS TO LAUGH AT EU LUL
LULLUL SPAM THIS TO LAUGH AT EU LUL
Trump made NA great again KKona 7 PogChamp
PAM THIS NOODLE TO HELP SKADOODLE pastaThat
NO BUG NO BIG! NO BUG NO BIG! NO BUG NO BIG! NO BUG NO BIG! LUL
SPAM THIS TO LAUGH AT EU LUL
EU CS EU CS EU CS EU CS EU CS EU CS EU CS LUL
T1 TOURNEY TOMOROW GUESS WHAT NA NOT QUALIFIED LUL
EU BOTS EU BOTS EU BOTS MrDestructoid
SPAM THIS TUNA FOR CLOUD9 FORTUNA SabaPing
SENDE DIESE KATZEN FÜR 10 FRAGS VON TABSEN CoolCat
What is up with stewies monitor Jebaited
📞 HELLO NA? 📞 EU HERE 📞 TIME TO GO HOME 📞 4Head
EU CS EU CS EU CS EU CS EU CS EU CS EU CS LUL
SPAM SKADOOLE IF YOU LOVE THE DOODLE pastaThat
SPAM THIS TO LAUGH AT EU Twitch Prime LUL
SPAM THIS TO LAUGH AT EU LUL
EU CS EU CS EU CS EU CS EU CS EU CS EU CS LUL
TABSEN BACKWARDS IS NESBAT BACKWARDS IS OhMyDog
NO BUG NO BIG! NO BUG NO BIG! NO BUG NO BIG! NO BUG NO BIG! LUL
SPAM THIS TO LAUGH AT EU LUL
SPAM THIS TO LAUGH AT EU LUL
CANT WAIT TO SEE BIG COMEBACK Kappa
SPAM THIS TO LAUGH AT EU LUL
EU CS EU CS EU CS EU CS EU CS EU CS EU CS LUL
EU EU EU EU EU EU EU EU EU EU EU EU EU LUL
TIER 20 tournament usa win :D
📞 :telephone_receiver:BetterTTV Emojis HELLO EU? 📞 NA HERE 📞 TIME TO GO HOME 📞 4Head
WHERE IS EU????? WHERE IS EU????? WHERE IS EU????? WHERE IS EU????? WHERE IS EU????? WHERE IS EU????? 4Head
SPAM THIS TUNA FOR CLOUD9 FORTUNA SabaPing
EU EU EU EU EU EU EU EU LUL
EU? EU? EU? EU? EU? EU? SoBayed
BEAT EM ONCE IN WW1 BEAT EM TWICE IN WW2 LETS DO IT AGAIN AT DREAMHACK TOO LUL
EU BOTS EU BOTS EU BOTS MrDestructoid
EU CS EU CS EU CS EU CS EU CS EU CS EU CS LUL
BUSH OUTDATED OBAMA OVERRATED HILLARY ELIMINATED TRUMP CONGRATULATED LONG HAVE WE WAITED NOW WE EMIGRATED Jebaited
Finally a First place after ... ages 4Head
SPAM THIS TO LAUGH AT EU LUL
📞 :telephone_receiver:BetterTTV Emojis HELLO EU? 📞 NA HERE 📞 TIME TO GO HOME 📞 4Head
EU EU EU EU EU EU EU EU LUL
EU CS EU CS EU CS EU CS EU CS EU CS EU CS LUL
EU BAD EU MAD EU SAD LUL
HELLO EU? NA HERE Y SO QUIET? 4Head
USA USA Lets GO C9 WE BEAT A TIER 20 team!!! PogChamp
3 CANADIANS IN TEAM BUT CHANT IS USA LUL
SPAM THIS MUSH TO CHEER ON RUSH BrainSlug
HELLO EU? NA HERE WHY SO QUIET? 4Head
EU CS EU CS EU CS EU CS EU CS EU CS EU CS LUL
NA think they're special beating Tier 3 EU teams LUL
If Tim wasn't Asian he woulda saw hiim Kappa
GUY CLAPPING WITH HIS LEGS LUL
SPAM THIS BROKE TO NA CHOKE BrokeBack
COMEBACK COMEBACK COMEBACK COMEBACK COMEBACK LUL
its gonna be a long game LUL
SPAM THIS IF YOU LOVE LANDERS CASTING <3
OT OT OT OT OT LUL
BUSH OUTDATED OBAMA OVERRATED HILLARY ELIMINATED TRUMP CONGRATULATED LONG HAVE WE WAITED NOW WE EMIGRATED Jebaited
SPAM THIS IF YOU LOVE LANDERS CASTING <3. <3
winning t4 tournament against t3 EU teams 4Head
proud NA crowd because winning vs shitty EU team LUL
EU CS EU CS EU CS LUL
SPAM THIS TUNA FOR CLOUD9 FORTUNA SabaPing
SPAM THIS IF YOU LOVE LANDERS CASTING <3.. <3
NA TO WIN A MAJOR NA TO WIN A MAJOR EleGiggle
BUSH OUTDATED OBAMA OVERRATED HILLARY ELIMINATED TRUMP CONGRATULATED LONG HAVE WE WAITED NOW WE EMIGRATED Jebaited
SPAM THIS IF YOU LOVE LANDERS CASTING <3... <3
SPAM THIS BROKE TO NA CHOKE BrokeBack
Na Choke = 15 - 4 LUL
Dreamhack 70k Viewers. Shroud 51k Viewers SeemsGood
SENDE DIESE KATZEN FÜR 30 FRAGS VON TABSEN CoolCat
EU CS EU CS EU CS LUL
SPAM THIS BROKE TO NA CHOKE BrokeBack
BUSH OUTDATED OBAMA OVERRATED HILLARY ELIMINATED TRUMP CONGRATULATED LONG HAVE WE WAITED NOW WE EMIGRATED Jebaited
EU thinking c9 will choke this LUL
EU EU EU EU EU EU EU EU LUL
SEE U AT EPICENTER NA... OH WAIT LUL
SMELLS LIKE POO TEETH ARE YELLOW THATS RIGHT IM AN EU FELLOW LUL
EU CS EU CS EU CS EU CS EU CS EU CS EU CS LUL
EU In 2017 EU In 2017 EU In 2017 EU In 2017 EU In 2017 LUL
SMELLS LIKE POO TEETH ARE YELLOW THATS RIGHT IM AN EU FELLOW LUL
SPAM THIS TO LAUGH AT EU LUL
NAVI WILL WIN EPICENTER, O WAIT LUL
SPAM THIS TEAR TO GET EU OUTTA HERE BibleThump
SPAM THIS BROKE TO NA CHOKE BrokeBack
EU is so ba... wait let me take a breath EU is s... i need to take another one fk give me another burger OpieOP
EU BOTS EU BOTS EU BOTS MrDestructoid
AT LEAST SHROUD IS CASTING Kappa
SPAM THIS TEAR TO GET EU OUTTA HERE . BibleThump
SENDE DIESE KATZEN FÜR 30 FRAGS VON TABSEN CoolCat
SMELLS LIKE POO TEETH ARE YELLOW THATS RIGHT IM AN EU FELLOW LUL
SPAM THIS BROKE TO NA CHOKE BrokeBack
EU In 2017 EU In 2017 EU In 2017 EU In 2017 EU In 2017 LUL
EU is so ba... wait let me take a breath EU is s... i need to take another one fk give me another burger OpieOP
70k viewers CSGO MAJOR FINALS LUL
BibleThumpBibleThump SPAM THIS TEAR TO GET EU OUTTA HERE . BibleThump
SPAM THIS TEAR TO GET EU OUTTA HERE BibleThump
SENDE DIESE KATZEN FÜR 30 FRAGS VON TABSEN CoolCat
I wish Germans tried this hard to save their country. EleGiggle
SPAM THIS MUSH TO CHEER ON RUSH BrainSlug
EU is so ba... wait let me take a breath EU is s... i need to take another one fk give me another burger OpieOP
SPAM THIS BROKE TO NA CHOKE BrokeBack
SPAM THIS TO LAUGH AT EU LUL
BUSH OUTDATED OBAMA OVERRATED HILLARY ELIMINATED TRUMP CONGRATULATED LONG HAVE WE WAITED NOW WE EMIGRATED Jebaited
SPAM THIS TEAR TO GET EU OUTTA HERE BibleThump
EU In 2017 EU In 2017 EU In 2017 EU In 2017 EU In 2017 LUL
NA WINNING A MAJOR TOURNAMENT PogChamp
📞 :telephone_receiver:BetterTTV Emojis HELLO EU? 📞 NA HERE 📞 TIME TO GO HOME 📞 4Head
0 MAJOR 0 MAJOR 0 MAJOR 0 MAJOR 0 MAJOR 0 MAJOR LUL
EU CS EU CS EU CS EU CS EU CS EU CS EU CS LUL
0 MAJOR 0 MAJOR 0 MAJOR 0 MAJOR 0 MAJOR 0 MAJOR . LUL
SPAM THIS TO LAUGH AT EU LUL
EU????? EU????? EU????? EU????? EU????? EU????? SoBayed
SPAM THIS TO LAUGH AT EU LUL
SPAM THIS MUSH TO CHEER ON RUSH BrainSlug
NA would still be owned by natives without EU LuL Your welcome 4Head
0 MAJOR 0 MAJOR 0 MAJOR 0 MAJOR 0 MAJOR 0 MAJOR LUL
SPAM THIS TEAR TO GET EU OUTTA HERE BibleThump
SPAM THIS TO LAUGH AT EU LUL
SPAM THIS TEAR FOR EU FEAR BibleThump
EU In 2017 EU In 2017 EU In 2017 EU In 2017 EU In 2017 LUL
My Teeth Are Yellow My Breathe Smells Like Poo You Guessed It Right I'm From EU BigBrother
EU EU EU EU EU EU EU EU LUL
NA MAJORS NA MAJORS NA MAJORS LUL
ÀSPAM THIS TO LAUGH AT EU LUL
EU is so ba... wait let me take a breath EU is s... i need to take another one fk give me another burger OpieOP
0 MAJOR 0 MAJOR 0 MAJOR 0 MAJOR 0 MAJOR 0 MAJOR . LUL
WE FINALLY WON T2 TOURNEY PogChamp
SPAM THIS TO LAUGH AT EU LUL
NO BUG NO BIG! NO BUG NO BIG! NO BUG NO BIG! NO BUG NO BIG! LUL
c9 beat tier 3 eu PogChamp
SPAM THIS TO LAUGH AT EU LUL
EU CS EU CS EU CS EU CS EU CS EU CS EU CS LUL
EU CS EU CS LUL- LUL
CLOUD) WON AGAINST SECOND CLASS CS TEAMS LUL
YEAAAAHHHHHHHHHHH NA GOOD BYE EU LUL
EU EU EU EU EU EU EU EU LUL
EU CS EU CS EU CS EU CS EU CS EU CS EU CS LUL
0 MAJOR 0 MAJOR 0 MAJOR 0 MAJOR 0 MAJOR 0 MAJOR LUL
too bad NA couldn't win a real tournament LUL
C9 only wins the tournies where there are no good teams LUL
c9 win doesnt count its not a major BabyRage
Hello EU? NA here? Why so easy?? 4Head
EU CS EU CS EU CS EU CS EU CS EU CS EU CS LUL
SPAM THIS TO LAUGH AT EU LUL
EU? EU? EU? EU? EU? EU? EU? EU? SoBayed
0 MAJOR 0 MAJOR 0 MAJOR 0 MAJOR 0 MAJOR 0 MAJOR . LUL
finally they won a t3 tournament Kappa
0 MAJOR 0 MAJOR 0 MAJOR 0 MAJOR 0 MAJOR 0 MAJOR LUL
I REMEMBER THE FINALS ESL_COLOGNE 2017 WITH C9 LOSE OF 3X0 FOR THE SK KINGG LUL
0 MAJOR 0 MAJOR 0 MAJOR 0 MAJOR 0 MAJOR 0 MAJOR . LUL
BEST NA TEAM WON TIER 3 TOURNAMENT LUL
TUROK, THE PEANUT BRAIN // SMOrc
SPAM THIS TO LAUGH AT EU LUL
HYPED AF FOR A TIER 2 TOURNAMENT NA CS LUL
SPAM THIS TO LAUGH AT EU LULÀ LUL
EU In 2017 EU In 2017 EU In 2017 EU In 2017 EU In 2017 LUL
NA won a tier 3 tourny wohooo Kappa
I REMEMBER THE FINALS ESL_COLOGNE 2017 WITH C9 LOSE OF 3X0 FOR THE SK KINGG LUL
-LUL EU CS EU CS LUL
EU Bet On NA Everybody Wins LUL
TUROK, THE PEANUT BRAIN // SMOrc
SPAM THIS MUSH TO CHEER ON RUSH BrainSlug
n u t t z Kreygasm
WE FINALLY WON T2 TOURNEY ?? PogChamp
HYPED AF FOR A TIER 2 TOURNAMENT LUL
I REMEMBER THE FINALS ESL_COLOGNE 2017 WITH C9 LOSE OF 3X0 FOR THE SK KINGG LUL
they won a major guys BibleThump
BEST NA TEAM WON TIER 3 TOURNAMENT LUL
EU CS EU CS - LUL
UK ACCENT IN USA?? UK ACCENT IN USA?? UK ACCENT IN USA?? UK ACCENT IN USA?? RuleFive
GUYS WHERE IS SHROUD ? BibleThump
WE FINALLY WON T2 TOURNEY ?? PogChamp
SPAM THIS TUNA FOR CLOUD9 FORTUNA SabaPing
SPAM THIS TO LAUGH AT EU LUL
TIM IS SO GROWN UP BibleThump
I REMEMBER THE FINALS ESL_COLOGNE 2017 WITH C9 LOSE OF 3X0 FOR THE SK KINGG LUL
EU CS EU CS = LUL
@corrblimey see u at epicenter LUL
BEST NA TEAM WON TIER 3 TOURNAMENT LUL
lol na wins tier 3 sure but EU = TIER 1 <3
I REMEMBER THE FINALS ESL_COLOGNE 2017 WITH C9 LOSE OF 3X0 FOR THE SK KINGG LUL
TIER 3 EU VS TIER 1 NA Kappa
BEST NA TEAM WON TIER 3 TOURNAMENT . LUL
BEST NA TEAM WON TIER 3 TOURNAMENT .. LUL
NA Won WWII and DH Denver Get Rekt Keepo
SPAM THIS TEAR TO GET EU OUTTA HERE BibleThump
WHY IS EU SO QUITE? EleGiggle
@milan1864 ur an idiot all the teams are decent LUL
EU Still Waiting For The Comeback LUL
WHEN YOU SPEND TIME WATCHING C9 JUST TO TALK CRAP LUL
see ya next major na HeyGuys
BEST NA TEAM WON TIER 3 TOURNAMENT . LUL
WE FINALLY WON T2 TOURNEY?? PogChamp
Are you supposed to lose in low tier tourneys then? EleGiggle
EU CS EU CS - LUL
BEST NA TEAM WON TIER 3 TOURNAMENT LUL
SPAM THIS TO LAUGH AT EU LUL
Legija is a support player, not a fragger FailFish
NA WINS NEXT MAJOR OH WAIT LUL
CSGO MAJOR FINALS 70k VIEWERS LUL
TOP NA TEAM WON TIER 3 TOURNAMENT LUL
NA CS VS TIER 1 EU TEAMS NA CS VS TIER 1 EU TEAMS NA CS VS TIER 1 EU TEAMS LUL
they still have smaller paycheck than shroud Kappa
EU gets so salty when NA gets 1. Lmao EleGiggle
TOP NA TEAM WON TIER 3 TOURNAMENT LUL
EU CANT WIN TIER 3 TOURNAMENT LUL
LIQUID? c9 all the way baby! LUL
online liquid better LAN c9 better :)
WHERES YOUR MAJOR TOURNAMENT WIN NA? LUL
EU CANT WIN TIER 3 LUL
why is Europe so mad? UnSane
WHERES YOUR MAJOR TOURNAMENT WIN NA? ONLY TIER 3 TOURNAMENTS LUL
WE FINALLY WON A T2 TOURNEY?? PogChamp
WHERES YOUR MAJOR TOURNAMENT WIN NA? ONLY TIER 3 TOURNAMENTS . LUL
IT WAS SO CLOSE TO MOUZ 2:0 but they choked BibleThump
WHERES YOUR MAJOR TOURNAMENT WIN NA? ONLY TIER 3 TOURNAMENTS LUL
Hazed hinting he wants to analyze for dh winter LUL
@Tobatha_Gaming WE HAVE ENVYUS FOR THAT LUL
T1 TOURNEY TOMOROW GUESS WHAT NO NA TEAM LUL
great cast, great games , bye bye guys BibleThump
EU CANT WIN TIER 3 TOURNAMENT LUL
WHERES YOUR MAJOR TOURNAMENT WIN NA? ONLY TIER 3 TOURNAMENTS LUL
@SlowPT alot from EU aren't EleGiggle
HLTV BETTER GOT C9 #1 AFTER THIS BibleThump
EU CANT WIN TIER 3 TOURNAMENT LUL
IAN IS THE PROBLEM SOLVER FAK VALENS PogChamp
WE FINALLY WON T2 TOURNEY ?? PogChamp
@phluffyhead true facts stay bad LUL
NA = 0 MAJORS . LUL
EU Can't even win t3 tourney EleGiggle
But there was no good EU teams? :)
BUSH OUTDATED OBAMA OVERRATED HILLARY ELIMINATED TRUMP CONGRATULATED LONG HAVE WE WAITED NOW WE EMIGRATED Jebaited
NA WON CUZ ALL THE GOOD EU TEAMS PLAY A TOURNAMENT THAT MATTERS LUL
C9 WON THE DREAMHACK MAJOR OhMyDog
NA WON CUZ ALL THE GOOD EU TEAMS PLAY A TOURNAMENT THAT MATTERS LUL
WHEN MOUZ WAS THE BETTER EU TEAM LUL
@excedra1321 never a fun game LUL
do you people have nothing better to do than haHAA 'ing at a rick and morty commercial LUL
Only time NA has gone to major finals was because of S1mple LUL
Only time NA has gone to major finals was because of S1mple LUL
EU? EU? EU? EU? @wyre75 SoBayed
C9 better than Faze Huge Kappa
@corrblimey see u at epicenter LUL
@wyre75 EU? EU? EU? EU? EU? EU? EU? EU? EU? EU? EU? EU? SoBayed
36k viewers watching a rerun PogChamp
EU ONLY 1 MAJOR WIN IN LAST 4 LUL
C9 won Esl pro league major in Brazil LUL
Dreamhack made tournaments so NA could win something too LUL
nt eu it was a valiant attempt LUL
@itzShadowfox663 Dreamhack made tournaments so NA could win something too LUL
EU Still Waiting For Comeback LUL
@corrblimey u won im on phone LUL
