ME ORC ME WANT MATCH ME SPAM NO MOD NO BAN . SMOrc
ME WILL MORE SPAM IF MATCH CANCELL NO MOD NO BAN SMOrc
What? Is this CS stream? Where's the music??? DansGame
This is fake footage guys. It's still a delay. Jebaited
HAHHA start when they pick WORLD CUP groups LUL
The last time @DreamHackCS had this long of a wait kng got kicked from immortals Kappa
OMG it started after 90 minutes? PogChamp
NIKO LEFT FAZE FOR THIS PogChamp
Niko left Faze ? When ? PogChamp
electronic on navi ? finally PogChamp
I BET ALL IN ON HEROIC TY GOD LUL
Hello Dreamhack Gaben Here Last tournament 4Head
ME ORC ME WANT MATCH ME SPAM SMOrcSMOrc NO MOD NO BAN SMOrc
Hello Dreamhack Gaben Here Last tournament 4Head
This stream is so easy to mute. LUL
IceCube Be right back IceCube ANELE
MUST RECORD THIS TWITCH STREAM LUL
monkaS This stream is so easy to mute. LUL
Hello Dreamhack Gaben Here Last tournament 4Head
SEIZED WAS THE PROBLEM SEIZED WAS THE PROBLEM EleGiggle
see ya in 2 hours ResidentSleeper
Hello Dreamhack Gaben Here Last tournament 4Head
Major in Sweden they said LUL
@QavTV Games are best of one for today :)
4Head4Head Hello Dreamhack Gaben Here Last tournament 4Head
@Skif_s he has been in a major rough patch from all the recent events ive seen navi in so maybe navi will be decent now LUL
SEIZED WAS THE PROBLEM SEIZED WAS THE PROBLEM EleGiggle
go and $$$ for Heroic LUL
SEIZED WAS THE PROBLEM SEIZED WAS THE PROBLEM EleGiggle
SEIZED WAS THE PROBLEM SEIZED WAS THE PROBLEM EleGiggle
SantaHat IceCold SoSnowy Let me out BabyRage
imagne -zeus + seized? dream team Kreygasm
we waited so long for this? LUL
@walpertcs IceCold HUH I tell ya MAns not hot IceCold TriHard
SEIZED WAS THE PROBLEM SEIZED WAS THE PROBLEM EleGiggle
HELLO TWITCH CHAT DreamHack here 3 More Hours 4Head
SEIZED WAS THE PROBLEM SEIZED WAS THE PROBLEM EleGiggle
NAVI running a no buy strategy LUL
GG I'M OUT (C) SIMPLE LUL
The angle on the players look like they are ResidentSleeper
gw already proved thats not gonna work Keepo
5 force buys in a row LUL
ZEUS WINS THE MAJOR, LEAVES THE TEAM LUL
SEIZED WAS THE PROBLEM SEIZED WAS THE PROBLEM EleGiggle
nothing works out vs a tier10 team LUL
SEIZED WAS THE PROBLEM SEIZED WAS THE PROBLEM EleGiggle
Dont copy the name when you copy the PASTA FailFish
ZEUS BUY MOLOTOV AND BURN PLS DBstyle
wait waht how cant they buy LUL
Zeus has AWP instead of S1mple 4Head
SoSnowy SantaHat IceCold GET ME OUT OF HERE TriHard
just coughing in the mic LUL
SEIZED WAS THE PROBLEM SEIZED WAS THE PROBLEM EleGiggle
SEIZED WAS THE PROBLEM SEIZED WAS THE PROBLEM EleGiggle
FAKE NIKO LIKE A REAL PogChamp
niko left faze for this? NotLikeThis
niko left faze for this 4Head
HEROIC MOST UGLY PLAYERS IN THE WORLD Kappa
SEIZED WAS THE PROBLEM SEIZED WAS THE PROBLEM EleGiggle
why did niko join heroic FailFish
WHY DID NIKO JOIN HEROIC AND LEAVE FAZE???? FailFish
zeus real gopnik adidas tattoo :D
G L A W K S RUSH B LUL
NAVI -Guardian + 2 Guardians LUL
if he is niko he'll play like niko but isn't he is niko BrokeBack
SEIZED WAS THE PROBLEM SEIZED WAS THE PROBLEM EleGiggle
negan died in walking dead new EPISODE :o
s1mple ruined all team he was in Jebaited
thanks for the spoiler @MrCollie88 BibleThump
navi disband after this tournament LUL
34k viewers on grand finals dying game LUL
WHEN SOMEBADY SAID NAVI TEAM WAS SUPERTEAM DONT TELL JOKES GUYS LUL
SEIZED WAS THE PROBLEM SEIZED WAS THE PROBLEM EleGiggle
@MrCollie88 i already saw it <3
dont talk unless youre practically a pro player (mg1 or above) FailFish
ez College Scholarship Fund $ on Heroic LUL
34k viewers major csgo dead LUL
SEIZED WAS ACTUALLY A PROBLEM FailFish
@ching01_ DreamHack Open random game LUL
NAVI IS BACK they said LUL
Navi never was good in CSGO what they won all this years 1 title? LUL
SEIZED WAS THE PROBLEM SEIZED WAS THE PROBLEM EleGiggle
34k viewers major final csgo dead LUL
dreamhack tier 5 = navi still cant win anything LUL
@iblaze995 yeah he is a millionare so rich u just proved u are just a heter LUL
navi with guardian was without is LUL
SEIZED WAS THE PROBLEM SEIZED WAS THE PROBLEM EleGiggle
SEIZED WAS THE PROBLEM SEIZED WAS THE PROBLEM V EleGiggle
34k viewers major final csgo dead LUL
simple is just decoy for 4200$ LUL
navi is loser Thx for money Cyka blyat fans :)
34k viewers major final csgo dead LUL
SEIZED WAS THE PROBLEM SEIZED WAS THE PROBLEM EleGiggle
I miss the old NAVI :(
navi 1.6 > navi GO LUL
SEIZED WAS THE PROBLEM SEIZED WAS THE PROBLEM EleGiggle
this NIKO --> BOTCLAN NIKO LUL
Köylü s1mple mk kürdü TakePLZ GivePLZ
JUNIOR FROM THE SOPRANOS LOOKIN ASS LUL
@Jinrai__ You dont even know he is toxic right now or not LUL
SEIZED WAS THE PROBLEM SEIZED WAS THE PROBLEM EleGiggle
NAVI IN CS GO ALWAYS WAS A JOKE LUL
HELLO SEIZED NAVI CEO HERE CAN YOU SAVE MY TEAM? 4Head
@dontletyourdreams damn, most teams in cs are a joke aswell then LUL
@Jinrai__ You dont even know what toxic means, god damn. Typical twitch chat LUL
SEIZED WAS THE PROBLEM SEIZED WAS THE PROBLEM EleGiggle
SEIZED WAS THE PROBLEM SEIZED WAS THE PROBLEM EleGiggle
NAVI TROPHIES IN CS GO LUL
N A T U S V I N C E R 4head E 4Head
@nikom36 i have followed s1mple long enough to know typical fangirls LUL
SEIZED WAS THE PROBLEM SEIZED WAS THE PROBLEM EleGiggle
34k viewers major final csgo dead LUL
N A T U S V I N C E R E 4Head
SEIZED WAS THE PROBLEM SEIZED WAS THE PROBLEM L EleGiggle
zeus has to step up LUL
@Jinrai__ Oh you have known him in real life. You know what he is saying right now? Stop acting like you know everything and act cool by saying "fangirls". LUL
@nikom36 ask anyone who ever played with him delusional LUL
if i did that now i would have shot the opposite direction LUL
Now we know its a major Keepo
JUGI > Guardian, KennyS, Device, Wallen PogChamp
@iblaze995 where u at hater LUL
N A T U S V I N C E R E 4Head
A beaultiful bang in the smoke KappaPride
N A T U S V I N C E R E 4Head
BOTCLAN WILL BUY JUGI AND KICK BOTIAN LUL
37K watching major, cs dead game daily numbers for shrooooooooood LUL
NIKO PLAYS IN HEROIC NOW PogChamp
only navi's management in the audience LUL
NIKO KICKED FROM FAZE AND JOINED HEROIC LUL
he cleans everything with 1 paper LUL
SPAM THIS FOR HELP JUGI MingLee
34k viewers major final csgo dead LUL
SPAM MingLeeTHIS MingLeeFOR HELP MingLeeJUGI MingLee
34k viewers major final csgo dead as LUL
34k viewers major final csgo dead LUL
NAVI without GuardiaN NAVI without GuardiaN LUL
Chat, you do realise he doesn't have x-ray? FailFish
s1mple best player in the world my ass LUL
T I L T E D LUL
AK F U L L T I L T LUL
suddenly glock is as accurate as a railgun LUL
1 gun win the round ez 4Head
34k viewers major final csgo dead LUL
s1mple > tier 3 team 4Head
C H O K E LUL
N A T U S V I N C E R E 4Head
how the fuck navi lost 4v2... Edward bot :)
s1mple 4 kills, team 0 LUL
s1mple 4k ....HOW... noob teammates NotLikeThis
S1MPLE MOVED FROM NA TO THIS 4Head
This is another lvl counter strike LUL
I want to be SLAMMED by SLAMWARD KappaPride
rushing ct is good against pro's LUL
hard to carry this navi team Kappa
S1MPLE USED TO BE TRASH NOW ITS GARBAGE LUL
I was about to say, Snappi. LUL
SIMPLE WOULDA RAGED IF HE LOST THAT LUL
@iblaze995 who is the idiot now so silent now hahahahaha LUL
Zues is the problem and the solution 4Head
@iblaze995 yea sure he baited nice another excuse from you hater haha LUL
NIKO LEFT FAZE FOR THAT LUL
That was a SAVAGE Deag Kreygasm
full buy vs 1 deagle LUL
2 vs 4 ? No problem Kappa
2v4 ITS NOT A HEROIC ITS A CLAUNONIC LUL
SEE YOU IN 5 SECONDS ResidentSleeper
navi 2 fullbuy vs 4 eco navi so good PogChamp
Jugi poisoned Device to make him sick so Jugi can join Astralis Kappa
JUST 1 MAN FAN OF NAVI LUL
this shampoo is very nice NotLikeThis
domo arigato Mr. Roboto SantaHat IceCold MrDestructoid
having problems against heroic navi trash LUL
Where the Pimp Fans at pimpHype pimpBiceps pimpPIMP pimpSub <3
Tyloo is absolute shit but better than these 2 teams LUL
Wall vs MODDII = RIP :(
Na'Vi will win the mfukin major LUL
CHAT GOING SO FAST NO ONE GONNA REALIZE IM GAY LUL
holy fuck these 2 teams are so bullshit navi struggling against a tier 2 team and heroic struggling against a shit navi LUL
@VickayyJ They only play one map :)
My pen is BIG and long Kreygasm
spend thousands on the 2 best CIS players, still struggle against a T3 team Kappa
@Vanillat_pm dat competitive analysis logics BrokeBack
H&M just a changing room ANELE
1g police here NOT A 1g BabyRage
Guys I love you all twitch chat youre the best chat of all time <3
FeelsBadMan This is my hat now SantaHat TriHard
peacemaker was the le fix 4Head
KICK ESTAG ALREADY! THAT NOOB LUL
''they cant find eachother'' </3 BibleThump
@VildeVildand They only play one map :)
damn navi's entire fanbase showed up PogChamp
NIKO CHANGED TEAM GUYS, CHECK HLTV PogChamp
/ IceCold my job is clean this glass Kappa
H E R O I C EleGiggle
haHAA SantaHat I swear i can see take the picture TTours
where can I see todays games? :)
KKona IceCold NA AFTER GLOBAL COOLING LUL
Cry is free Heroic fangay LUL
How many teams had Peacemaker as a coach? LUL
Peacemaker is the Maikelele of coaches LUL
@andrew10paul Games are best of one for today :)
45 k viewers? dead game LUL
s1mple english got so much better :)
Dont they teach english in school in ukraine? LUL
one and a hell week LUL
s1mple caught with his pants down Kappa
? ? ? ? ? ? ? ? BigBrother
WIN MAJOR IN YOUR DREAM LUL
Clap ayy you already know BigBrother
@dafuc_ They only play one map :)
SEIZED was the problem confirmed LUL
SantaHat Spam this tuna for good fortuna SantaHat SabaPing
@dafuc_ Games are best of one for today :)
Tyler 1 run down mid BigBrother
RIP NAVI GAMBIT X GOD WILL EAT THEM LUL
This interview is so long LUL
hi my name is Machine EleGiggle
PIMP TRYNA GIVE TIPS AND TRICKS LUL
pimpBiceps pimpHype pimpPIMP pimpPIMP pimpSub <3
JESUS FUCKING PIMP FANGAYS BEGONE WutFace
People still writing the major joke Dead people LUL
what is the guy in the middle saying FailFish
Where all the Pimp Fans at pimpHype pimpBiceps pimpPIMP pimpSub <3
R A P G O D TriHard
2 rounds on the bird LUL
@PimpCSGO SHOW US SOME CASTING TRICKS ;)
@1Hugges pimpHype pimpBiceps pimpSub pimpPIMP <3
NEED TO SEE THE LOGO OF THE MONSTER LUL
ANY REAL IN HERE ? TriHard
see u guys in 2hrsfor next match Kappa
Where all the Pimp Fans at pimpHype pimpBiceps pimpPIMP pimpSub <3
300$ for a keyboard nice try LUL
One more "xD" and im out FailFish
Why does the monito have ears? FOR NSA? BabyRage
Diffferent feeling of spray control LUL
zowie mice are so bad LUL
I don't see any ads ;)
my alienware is great for running OSRS Kappa
thank you, you are beautiful too Kappa
xbox and ps ads for pc gamers there we go Kappa
@Toastythetoastz ayy toasty pimpHype pimpHype pimpPIMP pimpSub <3
people who keep complaining about ads in 2017 twitch 5 = no ads LUL
@nijx your mum right you like pice of shit LUL
Who is waiting for Castro?? :D
GO BIG OR GO HOME <3
Only topic they can rap about is money LUL
do old emotes before new ones IceCold SantaHat SoSnowy TriHard
holy shit this shit sucks LUL
shit tournament, shit ads, shit music FailFish
SHOW ME DA F'IN MONEEE LUL
show me the money , only lyrics in song LUL
One more and im out TriHard
They added time to the timer LUL
@fire2k__ yeea man all is good i just ordered food so fuck yea :D
IceCold IceCube in da house IceCold TriHard
Black people are so dumb FailFish
Where all the Pimp Fans at pimpHype pimpBiceps pimpPIMP pimpSub <3
Now thats what I like to see pimpHype pimpBiceps pimpSub pimpPIMP <3
(insert anything here) in 2017 LUL
monkaS ReinDeer IceCold SoSnowy :pick: SantaHat I GOT YOU BRUV 4Head
Envy wins i win more BIG wins i win less but still get profit :P BrokeBack
27K MAJOR - DEAD GAME LUL
NO BUG NO WIN BIG LUL
@riczcs They only play one map :)
its a BIG enough crowd LUL
Why pay for it, when you can see it for free at home? LUL
Lans without NA teams = less than 30k viewers LUL
Happy + XMS = Twins LUL
Where all the Pimp Fans at pimpHype pimpBiceps pimpPIMP pimpSub <3
@tremmhd Games are best of one for today :)
@RAKIB_007 They only play one map :)
Uman Edsot Masheen Uman Edsot Masheen PogChamp
FULFILL YOUR WISH BY SPAMMING THIS FISH SabaPing
8 guys watching very crowded LUL
Der Chat ist jetzt deutsch Der Chat ist jetzt deutsch Keepo
My hair has so much dandruff SoSnowy NotLikeThis
Uman Edsot Masheen Uman Edsot Masheen PogChamp
WHEN YOU NUT AND SHE STILL SUCKIN SabaPing
@Hardcoar They only play one map :)
Look at those teams, would you go to there LUL
My hair hasn't been washed in ages SoSnowy NotLikeThis
Black people are soo bad LUL
NV Vs " B I G " OpieOP
@usbgooodman Games are best of one for today :)
Give me the holybible i love jesus BlessRNG
@MrPecyna They only play one map :)
@MrPecyna Games are best of one for today :)
FiREPOWER pimpHype pimpHype pimpSub pimpPIMP pimpPIMP PogChamp
baguete get baited into big map LUL
@imortall01 Games are best of one for today :)
write "Bug gaming" in nov 2k17 LUL
So.. who's ready for some Sub Gift's today pimpSub pimpSub pimpPIMP pimpHype <3
yeah give it to em :D
who topclass analysis that if stars dont show up teams have a hard time LUL
So.. who's ready for some Sub Gift's today pimpSub pimpSub pimpPIMP pimpHype <3
fire this guy doesnt like crepe wtf SwiftRage
show us a smoke pimp Kappa
@kaliabi da hast wohl nicht was gesicht in eglisch heißt? HAHAHA :D
ONE MORE "xD" and I will drink bleach FailFish
if big used the offline pracc time easy for big tbh PogChamp
@trick2ag pimpSub pimpSub pimpPIMP pimpHype <3
GO BIG OR GO HOME SwiftRage
@forgotten_br Games are best of one for today :)
So.. who's ready for some Sub Gift's today pimpSub pimpSub pimpPIMP pimpHype <3
Anders? What happend to you Kappa
@jamie22224 Games are best of one for today :)
THEY ACT LIKE ITS THE MAJOR FINAL ResidentSleeper
LOVE YOU VINCE SHOW BOBS PLZ <3
@xTheKirA They only play one map :)
anders and semmler back to gether PogChamp
HAPPY AND XMS LOOKS THE SAME EleGiggle
go BIG or go HOME SwiftRage
33 K VIEWERS ON A MAJOR RE-RUN FINAL ? NOT DED GAEM LUL
THEIR VOICES ARE SO LOUD DansGame
@black_fire08 Games are best of one for today :)
Turning to Smoke and Decoy LUL
1 viewer at a major grand finals? LUL
noone picked to use blackbeard or thermite? Kappa
maybe scream ain't da best aim Kappa
not jumping at the cross FailFish
Crossing when he's spraying for half hour NotLikeThis
Happy with the one deags LUL
Are people serious when sthey are saying "nice hakcs" LUL
how can we win when valve keep fixing our strats BabyRage
USP free frag for BIG DansGame
SCREAM IS SO SEXY, IM MEN BUT I WANT FUCKI HIM! LUL
remember NO BUG NO BIG LUL
ICY SoSnowy SantaHat IceCold COLD PogChamp
rush m and rush a LUL
actually watching an LE game NotLikeThis
tabsen dies = round is lost LUL
Dreamhack has monkaS and EZ now they only need Clap PogChamp
@officialSiknastyy They only play one map :)
XMS + Sixer = RIP nV LUL
World War 3 Eu FNC vs Na C9 LUL
40k viewers major final dead game LUL
they dont even have 1 good awp LUL
XMS AIMING and SIXER BUYING LUL
39k viewers on major final LUL
40k viewers major final dead game LUL
40k viewers in major final cs ded game 4Head
0 in audience in MAJOR LUL
39K people joking about major dead people LUL
VisLaud SoSnowy GTChimp SoSnowy SoSnowy PogChamp
40k viewers major final dead game s LUL
40k viewers major final dead game LUL
40k viewers major final dead game LUL
Now nobody gives a left nut to take sixer out of the team uh LUL
who said -sixer again? Get Faked IceCold Kappa
Small kids in big team Kappa
spam if you want to see him naked@muffinshooter VoteYea
IT IS BUG VS ENVY? LUL
@KQLY Kukli vac banned ? Kappa
spam if you want to see him naked @mrdaveyy VoteYea
Small kids in BIG team Kappa
📞 HELLO EnVyUs? 📞 FaZe HERE 📞 How much for SIXER 📞 4Head
spam if you want to see him naked@rairecs VoteYea
spam if you want to see him naked@phwater VoteYea
spam if you want to see him naked @coachswag VoteYea
40k viewers major final dead game LUL
Im ready for Happy AWP OpieOP
📞 HELLO EnVyUs? 📞 FaZe HERE 📞 How much for SIXER 📞 4Head
spam if you want to see him naked@dolanduk_69 VoteYea
one more @kqly and im out PogChamp
spam if you want to see him naked@coachswag VoteYea
40k viewers major final dead game LUL
spam if you want to see him naked @9kbits VoteYea
spam if you want to see him naked@sublaimrs VoteYea
spam if you want to see him naked@wileykat VoteYea
OH AH OHH AHH wth is that cheer ? LUL
spam if you want to see him naked@malichx VoteYea
spam if you want to see him naked@izzatsektor VoteYea
He can do I can done TriHard
gob b > scream 1 tap LUL
📞 HELLO EnVyUs? 📞 FaZe HERE 📞 How much for SIXER 📞 4Head
📞 HELLO EnVyUs? 📞 FaZe HERE 📞 How much for SIXER 📞 4Head
this is the only time in history the french have beaten the germans. ww2 LUL
40k viewers major final dead game LUL
damn sixer came to play! PogChamp
I knew I was ready for Happy AWP LUL
NO BOOST SoSnowy NO WIN SantaHat LUL
am if you want to see my bobs VoteYea
@KQLY cheat loser lol nice life LUL
spam if you want to see me bobs VoteYea
spam if you want to see me bobs.. VoteYea
spam if you want to see me bob.s VoteYea
BIG GONNA LOSE AGAINST ECO LUL
@Froggy1233 Games are best of one for today :)
NO JUMP BUG NO WIN EleGiggle
Only the chosen one can put a SantaHat on the one and mighty Kappa
📞 HELLO EnVyUs? 📞 FaZe HERE 📞 How much for SIXER 📞 4Head
40k viewer in a major final LUL
CZ is the best gun, seriously FailFish
@meemzeh this is good too SeemsGood
DIESER CHAT IST JETZT DEUTSCH DatSheffy
Can this caste shut up, would like to see him play CSGO NotLikeThis
Everyone calling players in these big games plebs, I'd like to see you do better :)
losing to happy and sixer in 2017 EleGiggle
NO BUG 44Head NO BIG NO WIN 4Head
📞 HELLO EnVyUs? 📞 FaZe HERE 📞 How much for SIXER 📞 4Head
sizer has been practicing with kennys :o
DIESER CHAT IST JETZT DEUTSCH DatSheffy
THANKS CHAT Go SIMPLE go SIMPLE !!!!! FeelsGoodMan SeemsGood
📞 HELLO EnVyUs? 📞 FaZe HERE 📞 How much for SIXER 📞 4Head
You can't combo with FeelsBadMan IceCold TriHard
NO BUG NO BIG NO WIN 4Head
DIESER CHAT IST JETZT DEUTSCH DatSheffy
40K VIEWERS SUPER MAJOR CSGO IS DYING 40K VIEWERS SUPER MAJOR CSGO IS DYING LUL
One more IceCold and im out FailFish
DIESER CHAT IST JETZT DEUTSCH DatSheffy
DIESIER CHAT IS JETZ DEUTSCH DatSheffy
peaking when there's 10 seconds NotLikeThis
TABSEN BEST RIFLER IN BIG TABSEN ALSO BEST AWP IN BIG LUL
DatSheffyDatSheffy DIESER CHAT IST JETZT DEUTSCH DatSheffy
wtf thats a huge crown LUL
40K viewers and no Golden check? Kappa
DIESER CHAT IST JETZT DEUTSCH DatSheffy
LOL dead game dead game LUL
DIESIER CHAT IST JETZ DEUTSCH DatSheffy
Don't mind me just looking for that jucy Kappa
THIS CHAT IS NOW DEUTSCH DatSheffy
natu may be the sickest shoutcaster PogChamp
THIS CHAT IS NOW DEUTSCH DatSheffy
@Pilavboyy Games are best of one for today :)
Happy - Mid tier villain LUL
SCREAM 0 TAP MACHINE SoSnowy Kappa
IceCold SoSnowy IceCold SoSnowy IceCold SoSnowy TriHard
haHAA IceCold SoSnowy :pick: SoSnowy cmonBruh
SantaHat SoSnowy SantaHat SoSnowy SantaHat SoSnowy TriHard
ERROR 404 WUN TAPS NOT FOUND LUL
SantaHat SoSnowy SantaHat SoSnowy SantaHat SoSnowy LUL
TFW random german team bodies french classic team LUL
@arlenor94 this random French team has already guaranteed a spot in the next major LUL
COME ON BIG !! SantaHat SwiftRage
SantaHat SoSnowy SantaHat SoSnowy SantaHat SoSnowy PogChamp
IceCube SoSnowy Man's not hot TriHard
SantaHat i cant see HELP SwiftRage
IceCold SoSnowy Man's not hot TriHard
love how they combined the match and the analyst desk SeemsGood
SantaHat me no see me Orcish Santa SMOrc
45k watching Major Final Dead Game LUL
IceCold SoSnowy Man's not hot TriHard
XMS SENT ME A SMS , I THINK HE LOVES ME <3
@Kashanwicky Games are best of one for today :)
L E G E N D LUL
damn nice smoke from gob Kreygasm
gob b smartest player alive PogChamp
DIESIER DatSheffyCHAT DatSheffyIS DatSheffyJETZ DatSheffyDEUTSCH DatSheffy
Gambit vs Na'Vi waiting room ResidentSleeper
they talk about my one tabsen Kappa
sizer so bad at clutches LUL
DIESIER CHAT IST JETZ DEUTSCH DatSheffy
Why am I so dumb NotLikeThis
LOW HEALTH and u peek LUL
EZ hide in smoke like silver 2 LUL
why peek with awp when hes low. just use the AK off the site . LUL
45k viewers and no SPAM Kappa
SantaHat ReinDeer SoSnowy SoSnowy SoSnowy ANELE
@paperool Games are best of one for today :)
What's with the ICE COLD MEME ? DansGame
@smokerr They only play one map :)
45k viewers and chat slow af MrDestructoid
45k viewers and no spam? Kappa
SantaHat i dont see help ! SwiftRage
happy so good at baiting PogChamp
Look I have a new hat KappaClaus
Spam this Chappie Cuz We're Happy :D
Big is the C9 of EU LUL
@kazegaming94 i bet youre a 'lurker' in pugs who baits his whole team LUL
50 k viewers on rerun live major cs go dead LUL
wtf is this RUS Cs LUL
Scream? more like CREAM hahAH OpieOP
SCREAM 2 KILLS in ONE ROUND PogChamp
MY NAME IS Happy IM A BAITER I'LL MEET YOU AT THE BOMBSITE A LITTLE BIT LATER 4Head
they talk about my one taps EleGiggle
scream looks good today nohomo KappaPride
NA FLASH ON AN EU TEAM PogChamp
DIESIER CHAT IST JETZ DEUTSCH DatSheffy
MY NAME IS Happy IM A BAITER I'LL MEET YOU AT THE BOMBSITE A LITTLE BIT LATER 4Head
SCREAM WOULD have Hit that LUL
DIESIER CHAT IST JETZ DEUTSCH DatSheffy
How can you lose a duel to Gob b LUL
DatSheffyDatSheffy DIESIER CHAT IST JETZ DEUTSCH DatSheffy
DIESIER CHAT IST JETZ DEUTSCH DatSheffy
OT COME ONE ! SantaHat SwiftRage
french surrenders to germany... again FailFish
AUREVOIR ENVYUS AUREVOIR ENVYUS AUREVOIR ENVYUS AUREVOIR ENVYUS LUL
MY BELLY IS BIG MY BRAIN HAS DELAY YOU GUESSED IT RIGHT IM FROM NA 4Head
AUREVOIR ENVYUS AUREVOIR ENVYUS AUREVOIR ENVYUS LUL
MY BELLY IS BIG MY BRAIN HAS DELAY YOU GUESSED IT RIGHT IM FROM NA! 4Head
MY BELLY IS BIG MY BRAIN HAS DELAY YOU GUESSED IT RIGHT IM FROM NA 4Head
MY BELLY IS BIG MY BRAIN HAS DELAY YOU GUESSED IT RIGHT IM FROM NA! 4Head
CSGO ded game no CROWD LUL
Happy is the worst IGL ever LUL
german team called big? lol :D
MY BELLY IS BIG IceCold MY BRAIN HAS DELAY SantaHat YOU GUESSED IT RIGHT IceCold SantaHatIM FROM NA 4Head
16-14 Envy win Data on esl :)
DEAD MEMES IN THE CHAT LUL
MY BELLY IS BIG IceCold MY BRAIN HAS DELAY SantaHat YOU GUESSED IT RIGHT IceCold SantaHat IM FROM NA 4Head
my smokes all bad my shots all miss you guessed it right im ENVYUS Six Kappa
47K VIEWERS IN MAJOR FINAL DEAD GAME BTW LUL
DatSheffyDatSheffy DIESIER CHAT IST JETZ DEUTSCH DatSheffy
This isn't a major final!! why do ppl keep refering to its viewership and say csgo is ded FUNgineer
Eu kids think santahat is gold LUL
DIESER CHAT IST JETZT DEUTSCH DatSheffy
DatSheffyDatSheffy DIESIER CHAT IST JETZ DEUTSCH DatSheffy
DIESIER CHAT IST JETZ DEUTSCH DatSheffy
48k viewers mahor final dead game btw LUL
DIESIER CHAT IST JETZ DEUTSCH ! DatSheffy
Midday in NA wonders why few viewers BrokeBack
MY TEETH ARE FUCKED MY LEADERS OPPRESS ME I KNOW IM EU IM HELLA DEPRESSED 4HeaD 4Head
ENVYUS TAKE MY POWER TakeNRG. GivePLZ
48K VIEWERS MAJOR FINAL DEAD GAME BTW monkaOMEGA LUL
poor mans souvenir dragon lore LUL
IceCold IceColdBetterTTV Global Emotes :pick: I GOT YOU CUH cmonBruh
DIESIER CHAT IST JETZ DEUTSCH DatSheffy
Xms and Sixer back to BOTs LUL
DIESER CHAT IST JETZ DEUTSCH DatSheffy
BIG verhält sich wie ein wilder Hühnerhaufen, würd mir mehr coolness wünschen :)
DatSheffyDatSheffy DIESER CHAT IST JETZ DEUTSCH DatSheffy
DIESER CHAT IST JETZ DEUTSCH DatSheffy
NICE DROP? THEY BOUGHT AWP SILVER CHAT LUL
DIESER CHAT IST JETZ DEUTSCH DatSheffy
DIESER CHAT IST JETZ DEUTSCH DatSheffy
DatSheffyDatSheffy DIESER CHAT IST JETZ DEUTSCH DatSheffy
DIESER CHAT IST JETZ DEUTSCH DatSheffy
DIESIER CHAT IST JETZ DEUTSCH DatSheffy
@KevinEatSleepRace big hater, u sweating ? ;)
DIESER CHAT IST JETZ DEUTSCH . DatSheffy
DIESER CHAT IST JETZ DEUTSCH DatSheffy
DatSheffyDatSheffy DIESER CHAT IST JETZ DEUTSCH DatSheffy
DIESER CHAT IST JETZ DEUTSCH DatSheffy
DIESER CHAT IST JETZ DEUTSCH DatSheffy
DIESER CHAT IST JETZ DEUTSCH x DatSheffy
DIESER CHAT IST JETZ DEUTSCH DatSheffy
DIESIER CHAT IST JETZ DEUTSCH DatSheffy
Na win TSM TSM TSM MingLee
DIESIER CHAT IST JETZ DEUTSCH DatSheffy
DIESER CHAT IST JETZ DEUTSCH DatSheffy
DIESER CHAT IST JETZ DEUTSCH DatSheffy
DIESER CHAT IST JETZ DEUTSCH 1 DatSheffy
DatSheffyDatSheffy DIESIER CHAT IST JETZ DEUTSCH DatSheffy
DIESIER DatSheffyCHAT DatSheffyIS DatSheffyJETZ DatSheffyDEUTSCH DatSheffy
DIESIER CHAT IST JETZ DEUTSCH haHAA DatSheffy
DIESER CHAT IST JETZ DEUTSCH DatSheffy
DIESER CHAT IST JETZ DEUTSCH DatSheffy
Keev on Lan vs Keev online LUL
Where you at Skin gamblers LUL
B I G G U Y LUL
germany > france ... like it has always been LUL
Burn Baby Burn Disco Inferno CurseLit
Scream go back to aim map LUL
B I G G U Y LUL
gg ct side now GG LUL
keev maybe put some on envy Kappa
DIESIER CHAT IST JETZ DEUTSCH DatSheffy
DIESER DEUTSCH IST CHAT JETZT DatSheffy
OMAE WA MOU SHINDEIRU EZ NANI!?? WutFace
NO LOGIC DOESNT UNDERSTAND IMMIGRATION WATCHING NA GAME ON NA WEBSITE MUST BE EU SeemsGood
NA THIS EU THAT I'M A BABY IN TWITCH CHAT BabyRage
GTChimp GTChimp GTChimp GTChimp GTChimp <- SK 4Head
German team = no germans in the team LUL
IM FROM EU MY LEADERS OPPRESS ME MY TEETH ARE FUCKED 4Head
EU is so ba... wait let me take a breath EU is s... i need to take another one fk give me another burger OpieOP
SPAM MORE CHIP TO HELP OUT BIG DoritosChip
EU is so ba... wait let me take a breath EU is s... i need to take another one fk give me another burger OpieOP
B I G G U Y LUL
DIESER DEUTSCH IST CHAT JETZT DatSheffy
Hello SIXER EnVyus Here Last AWP Drop 4Head
they have two awps playing on a FailFish
Small kids in BIG team Kappa
OpieOPOpieOP EU is so ba... wait let me take a breath EU is s... i need to take another one fk give me another burger OpieOP
B I G G U Y LUL
BudStar Hello SIXER EnVyus Here Last AWP Drop BudStar 4Head
2+2 IS 4-1 THAT'S 3 QUICK MAFFS 4Head
I AM ENVYUS COACH TURN WH ON SwiftRage
Action is coming Action is coming TriHard
went 16-15 for big back 19-17 for en vy <3
Hello SIXER EnVyus Here Still Last AWP Drop 4Head
BIG IS A MAJOR LEGEND TEAM LUL
NO BUG - NO WIN LUL
@encodyd They only play one map :)
50K ON MAJOR DED GAME LUL
why are u crying vice :(
@smokerr They only play one map :)
2+2 IS 4-1 THAT'S 3 QUICK MAFFS 4Head
guys navi gambit what is the score? please answer me BibleThump
Pala always has the wors questions FailFish
guys navi gambit what is the score? please answer me guys navi gambit what is the score? please answer me BibleThump
why would he be badder? Kappa
Pala what even are these questions LUL
@aliiedstrong They only play one map :)
I SET FIRE TO THE RAIN LUL
NEW CS UPDATE is awesome #2D PogChamp
Is that Counter Strike 2D PogChamp
I wanna play that instead WutFace
You shouldnt take advice from Pimp LUL
@uRachicho isn't that the only way to go? Kappa
@IamDeadpooL_ Yeah it would be great LUL
EU is so ba... wait let me take a breath EU is s... i need to take another one fk give me another burger OpieOP
nV barely beating a t2 team LUL
WHATS NEXT MATCHES ? PLS ♥ Kappa
i can shower with ma keyboard PogChamp
"accident" if you know what i mean Kappa
We can game in the rain now :)
Now I can N U T T on my keyboard Kreygasm
now i can piss on my keyboard SeemsGood
If u wana play cs in the rain i can recommend it Kappa
best video oh crap ;D :D
How does a monitor help your spray control NotLikeThis
If heat rises, how is space cold NotLikeThis
@insomniuhh excited for star wars? :)
songs getting better and better LUL
Why am I still single? MANS NOT HOT??? CurseLit
They had a trouble getting music licensing this year i guess LUL
the DJ was the problem DansGame
This music is so bad NotLikeThis
ICE WAITING ROOM ICE WAITING ROOM ResidentSleeper
@pocarela They only play one map :)
Zeus got carried by Gambit btw Kappa
But its only first december SantaHat DansGame
GOD BLESS, PEACE ON EARTH, EXCEPT THE MIDDLE EAST BlessRNG
Pimp is fucking rocking that Kreygasm
Still no crowd Still no crowd NotLikeThis
BATTLE SCARRED ADREN - LOW FLOAT DansGame
EZ SantaHat SoSnowy Clap SoSnowy SantaHat SoSnowy Clap SoSnowy Kappa
xgod 200ig heg suk immortals LUL
@vaskovski what does not drop? :o
WADU HEK WADU HEK v CorgiDerp
@OfficialFriberg who the fuck is yay Kappa
ConcernDoge SantaHat SoSnowy DuckerZ SantaHat SoSnowy SantaHat SoSnowy FrankerZ
is everybody ready to spam suka blyat? Kappa
sponsored by Astro but used HyperX LUL
WADU HEK WADU HEK CorgiDerpWADU HEK WADU HEK CorgiDerp
@OfficialFriberg Omagad you best player PogChamp
WADU HEK WADU HEK CorgiDerpWADU HEK WADU HEK f CorgiDerp
when u have no beard LUL
ZEUS is gonna join MongolZ LUL
WADU HEK WADU HEK CorgiDerpWADU HEK WADU HEK CorgiDerp
This needs to be a Pimp Twitch emote.. :D
What is he even saying? NotLikeThis
WADU HEK WADU HEK CorgiDerpWADU HEK WADU HEK v CorgiDerp
Not even close to simple LUL
KappaIceCold to put in IceCold , write then press shift + enter then write IceCold Kappa
30k Viewer in major final Hello Kitty Online has even more Viewer LUL
NA CROWD = (BRAIN) DEAD CROWD LUL
TopHat SantaHat TopHat SantaHat TopHat SantaHat LUL
@byy28 They only play one map :)
they are forced to lose Kappa
Who say !navi is gay 4Head
@OfficialFriberg Is Dennis someone you are talking about atm? :D
que tanto hablan estos serranos? DansGame
we all know which side god is on xgod BlessRNG
Gambit: GTChimp GTChimp GTChimp GTChimp DansGame
budget anders and budget henryg LUL
@Cravar FUCK YOU! ONLY SK <3
NAVI BEST TEAM OF THE WORLD Kappa
@uneaten_sammich lol imjust said the same agree with u Kappa
dosia is a big player to take out :D
D SIA X G D Kreygasm
D SIA X G D Kreygasm
@clutch4t They only play one map :)
@tonsoff probably meant to be "lit" TriHard
SEND THIS FLAME TO SUPPORT FLAMIE CurseLit
@DreamHackCS you can't say dosia properly :(
KAPPA PRIDE FOR NAVI SIDE KappaPride
GET LIT FOR GAMBIT 1 CurseLit
'SEND THIS QUAD TO SUPPORT GAMBIT' LUL
Gambit w/o Zeus and Kane LUL
