Talented minds change it smh FailFish
actual good music in a pregame PogChamp
———————————————————————— if you say servers are up you will be banned ———————————————————————— imGlitch
@DreamHackCS plz make your voice louder BibleThump
Tyloo Go To ez for xcurate <3
TMinds losing against gray hounds 16-7, winning against tyloo Kappa
CASTERS plz fix your sound volume SwiftRage
tier 12 teams getting a free invite because asian closed qualifier LUL
Wanna hear a joke? CHINA CS LUL
TYLOO BEAT FNATIC LOSING TO SHITTY TEAM LUL
fnatic 322 ... obviously ... these casters silver LUL
@Vince love your casting dude, much love <3
ADA YANG SUKA NGENTOT ADA YANG SUKA NGENTOT ADA YANG SUKA NGENTOT 4Head
this is like mg mm 4Head
why is that guy only talking into my right ear? DansGame
froggyez nope i hear one mono but i dont know their names NotLikeThis
Bruh Bleh tell Vince I said Hi :p
SOMEBODY xD ONCE TOLD ME THE WORLD IS GONNA ROLL ME I AIN'T THE SHARPEST TOOL IN THE SHED LUL
Vince ok, i appreciate it :)
5K VIEWERS IN GRAND FINAL DEAD GAME LUL
THERE MUST BE A TILTED REACTION LUL
5k VIEWERS for a FINAL LUL
This is re-run, wtf are u talking about Kappa
@hanseliesay u must be funny at party LUL
22 / 10 god yam LUL
this bntet is pretty good LUL
best csgo player in ASIA is from INDO ... but they join china PogChamp
BEN10 IS THE BEST PLAYER IN POLAND LUL
BnTeT BETTER ASIAN THAN STEWIE2K PogChamp
polish cs died they said 4Head
How can Polish in cn team Jebaited
BEN10 BETTER THAN ANYONE ON VIRTUS PRO LUL
wife cheater champion club D O C LUL
bentet & xcuratte Poland Pride MingLee
-karrigan + BnTeT = ez Major 4 Faze PogChamp
bntet and xccurate the polish warriors Kappa
silver analysis ... fnatic 322 in ukraine .. obviously LUL
over 2 mins tyloo 4vs5 LUL
@rwslwong u mean cheated on katowice ? EleGiggle
no mods for a major final FailFish
no mods? NO BAN Clap SMOrc
yes. spamming mod in chat will summon one LUL
GRAND FINALS OF A MAJOR LUL
GRAND FINALS OF A MAJOR 6.2k LUL
Vince i am sure it have something to do with his headset, because its also mono only :(
6k viewers in A MAJOR GRAND FINAL LUL
sk playing in brazil lost to liquid 16 - 0 twice in the round DansGame
LoL ... DotA 2 > LoL LUL
no mods no rules Clap TriHard
y a m b o t 4Head
skrr skrr brap brap unowwhatimsayiin? TriHard
i told you Guys 16-4 :)
d i s c o m b o b u l a t i n g LUL
d i s c o m b o b u l a t i n g LUL
MY NAME IS INS I AM A BAITER SEE YOU AT THE BOMBSITE A LITTLE LATER Jebaited
d i s c o m b o b u l a t i n g LUL
BnTeT TO VP CHECK HLTV PogChamp
GRAND FINALS MAJOR 7K DEAD GAME CSGO IN 2k18 LUL
VP doesnt need roster change, they need to disband. Bad team, bad players, bad org, bad country :)
BnTeT online BnTeT online BnTeT online PogChamp
WHY ARE THERE 3 CHINESE IN A POLISH TEAM ? LUL
BnTeT LAN BnTeT LAN BnTeT LAN ResidentSleeper
Ming Minglee Like A Butterfly STING Like a Bee MingLee
@CROnos_100 After 8 years you kinda don't spend every minute together, but ty for caring <3
Nice stream laptop. 20 fps when 3 smokes land LUL
Imagine if S1mple ever gets out of all these 1v9 games LUL
2+2=4-1 thats 3, quick maths LUL
First time kids in chat hear real music PogChamp
6K VIEWERS ON GRAND FINAL DED GEM LUL
@ZeDElite who do you think won it? SoBayed
CHINA NUMBA ONE TONI MA MingLee
5k viewers most hyped match 2k18 ded gem LUL
Guys, how long time do you think I can play PUBG before hearing someone say "cao ni ma" ? LUL
4k viewers on final dead game LUL
@akohxii_unpredict Been saying that for the past days. :(
@akohxii_unpredict oh, like ESL you mean? and just add 2 more minutes every time it reaches zero? LUL
TYLUL VS NO MINDS WHAT A GREAT GAME LUL
Let's retake no kit no nades LUL
BNTET IS ABOUT TO BANG THEM ASS PogChamp
Australia: One good team, best player isnt even australian LUL
TYLUL REIGNING WHOLE ASIA AND OCEANIA.. NO DOUBT PogChamp
RENEGAYS AND GAYHOUND ARE BEST 2 TEAM ON AUSTRALIA LUL
all who play vs TYLOO become shit i see i see LUL
sure he is ... katowice not a major? LUL
renegades kick yam for this LUL
@호주의패기 no need to be triggered. i just check hltv and see that im correct. top 1 in world. but NT idiot :)
CHINESE NATIONAL FOOD IS NOODLE pastaThat. SKADOODLE FROM CHINESE pastaThat
CHINESE NATIONAL FOOD IS NOODLE SKADOODLE FROM CHINESE pastaThat
NA ERA = 2 WEEKS LUL
faze = no era choke at finals LUL
truely this yam is from renegades LUL
CLOUD9 IS CHINESE TEAM CHINESE NATIONAL FOOD IS NOODLE pastaThat. SKADOODLE FROM CHINESE pastaThat
@Strainer98 faze = ranked 1 in world, but nt idiot LUL
@KimonJ ranked 1 lose 2x finals in a row LUL
@Strainer98 Two second place places higher than winning a major then getting eliminated in groups 3 times in a row :)
TYLOSE NEED TO DISBAND NOW LUL
TYLOO BEAT FNATIC WITH 2-0 BUT FNATIC BEAT FAZE ON BO5 THAT MEANS TYLOO > FAZE? PogChamp
LIQUID REMOVED MIRACLE . LIQUID NEW MIDLANE ZEWS LUL
Cloud9 is a bad team. Deal with it, losers FAZE UP btw :)
7,8k views and no ? TriHard
it can be vac if it isnt cool chat OpieOP
sooo many silvers in chat FailFish
@dv8tr yeah cuz you're the standard of skill in csog Kappa
GET OUT OF THE SERVER YAM LUL
caster your voip is bad Kappa
HLTV VAC BAN CHECK JW PogChamp
he was like " nope fak this" LUL
I type cuz its a MEME now i dont even laugh btw LUL
hide in da warm bush LUL
KANGAROO ... 2 KANGAROO AWPER LUL
They play so different compared to big teams like faze LUL
thanks handicap ? U WISH LUL
7-8 tyloo Like Make Heart Attack LUL
using in times of danLUL LUL
@NeChanDota prob a poggers who showed up and fucked the right guy KappaPride
USA USA USA USA USA Kappa
LETS GO LIQUID LET'S GO!!! Kappa
oh shit vince is casting nice :)
ty specialist of the joke LUL
Cheating No they're just Asian 4Head
Attacker = Asian Niko, is good but aways choke LUL
One of them had to take a dump LUL
POLAND CS VS AUSTRIA CS PogChamp
even 2 minutes not enough LUL
mixing cultures in the melting pot? racist HotPokket
10k viewers in major final DEAD game LUL
One of them fell in LUL
Theyre talking about another event ResidentSleeper
800.000 $ for winner oh boi Kreygasm
wow that was such a good round ResidentSleeper
This is why cs is dead LUL
china numba 1 in internet also 4Head
PING = CHEATS nice asian LUL
BnTeT must have high ping playing from Poland LUL
Huge in everything other then cs LUL
How is this game legit at over 200 ping? LUL
notice the guys with less ping in tyloo are bottom fragging LUL
omfg I love cs esports ResidentSleeper
"I crashed" "let me toggle" 4Head
there were like 15 teams 4Head
NICE PING MUST BE CHINA MingLee
HOW IS THIS GAME LEGIT? LUL
Asian cs is a joke LUL
in au i only get like 3 mbps LUL
indo internet >> poland internet Jebaited
just restart the modem LOOOOOOOOOOOOL 4Head
This doesn't happen is OW esports LUL
grand final major 10k view LUL
EU CASTERS CASTING CHINA AND AUS CS LUL
Why isn't this game canceled? LUL
No one cares about what you ate ResidentSleeper
who watch this game cause of betting ? LUL
f o r t n i t e goodnite ResidentSleeper
Yeah that's because cs is dead LUL
press the unpause button casters LUL
just start the game LOOOOOOOOOOOOOL 4Head
120K OW viewers vs less then 10K cs LUL
JAPAN HAS THEIR ON GAME LUL
10k on major grand final PogChamp
NICE COMPUTER CHINESE TEAM BECAUSE ITS MADE IN CHINA LUL
INDO CS IS THE BEST CS Kappa
10k viewers major final dead game LUL
wow the casters think its not dying what a surprise ResidentSleeper
Everyone comes back to cs even shrood LUL
10k major final DEAD GAME LUL
even their memes are dead LUL
Discussing pubg on cs stream ResidentSleeper
KONTOL GAMING KONTOL GAMING KONTOL GAMING KONTOL GAMING PogChamp
BUT CS:GO IS ACTUALLY DYING FASTER THAN OUR PLANET BibleThump
DEAD MEMES FOR DEAD GAME LUL
The viewer count is proof enough its dead LUL
people still play dota 2? LUL
O O F N U LUL
AU CS B O T S LUL
these casters need to do their research LUL
mAjOr FiNaLs 11k viewers daed gaem LUL
I will never switch over to a shit game like Overwatch or Fortnite I will die with CS and DOTA SMOrc
@preusyloxx they hired a translator LUL
Losing to a mixed asian team with 200 ping LUL
Spam this to Unlag TY LUL
cant win ??? call mafia LUL
Clearly not caster , since he didnt hit him FailFish
200 ping game is broken BrokeBack
wifi at school, so bad :/ ResidentSleeper
FAILED MOLLY POPPED THE SMOKE LUL
SPAM THIS BURRITO TO GIVE POWER TYLOO DoritosChip
SPAM THIS BURRITO TO GIVE POWER TYLOO DoritosChip
simple game with more bugs then No mans sky LUL
the same molotov happened for TM 1st half LUL
didnt even land on the molo, it landed under... csgo bugs <3
SPAM THIS BURRITO TO GIVE POWER TYLOO DoritosChip
DONT SPAM IT MAKE ME HUNGRY FOR DoritosChip
@casters Hey whats your mm or esea rank? LUL
SPAM THIS BURRITO TO GIVE POWER TYLOO DoritosChip
greekBrow G G X 7 greekBrow TriHard
11k in major only in asia FailFish
@itkickz LOL he keeps spamming LUL
again pause - allo mafia we cant win DansGame
@01ympian not saying people watch them but they matter LUL
SPAM THIS BURRITO TO GIVE POWER TYLOO DoritosChip
greekBrow G G X 7 greekBrow ⁭ TriHard
Wow the people with low ping are winning LUL
people thinking tyloo are good LUL
cs LuL CANT WIN WITH 300 PING LuL MingLee
Now time to throw the throw 4Head
type !caster to see insane silver play LUL
no matter who qualifies they will still come last at DHM LUL
SPAM THIS BURRITO TO GIVE POWER TYLOO DoritosChip
save awp for next map LUL
thanks tyloo for the money LUL
Wow the people with low ping won who woulda guessed LUL
better music than most cs casts danHmm SeemsGood
@casters Hey google the teams in the break LUL
Is this music bleh's choice ? LUL
who will win in this map? FrankerZ
CS FINALS 9K VIEWERS DEAD GAME LUL
@h2oaddict77 the earth is round LUL
Music is not good or bad. It is just VoHiYo
FORTNITE, LEAGUE, OVERWATCH > CS LUL
