normie copy pasta normie copy pasta FailFish
apaar1: don't copy the name when you copy the pasta FailFish
: don't copy the pasta when you copy the name FailFish
only real LULer can build this perfect pyramid . Try like me !Try like me ! Try like me !! And my pyramid still higher!!!!!! LUL
only real LULer can build this perfect pyramid . Try like me !Try like me ! Try like me !! And my pyramid still higher!!!!!! LUL
normie copy pasta normie copy pasta . FailFish
TIME FOR MY C9 BOYS TO THROW SOME DOTES TehePelo
only real WEEB can build this perfect pyramid . Try like me !Try like me ! Try like me !! And my pyramid still higher!!!!!! VoHiYo
normie copy pasta normie copy pasta FailFish
imagine chat where people talk only about game and share good experience PogChamp
only real LULer can build this perfect pyramid . Try like me !Try like me ! Try like me !! And my pyramid still higher!!!!!! 1 LUL
only real WEEB can build this perfect pyramid . Try like me !Try like me ! Try like me !! And my pyramid still higher!!!!!! VoHiYo
TIME FOR MY C9 BOYS TO THROW SOME DOTES TehePelo
10:17Skylinex: normie copy pasta normie copy pasta FailFish
normie copy pasta normie copy pasta FailFish
don't copy the name when you copy the pasta FailFish
normie copy pasta normie copy pasta . FailFish
peanut brains in chat stfu LUL
my dog is an emoji pettygGizmo pls give him pettygGizmo pettygGizmo all the love :D
c9 2-1 INFERNO 3 OT LUL
I hope both teams go to quarters :)
EU CS EU CS EU CS EU CS EU CS LUL
2-0 c9 No Olof No Party LUL
MODS MODS MODS MODS MODS DansGame
Don't miss out on watching the event live, grab your tickets here - https://twitter.com/DreamHackCSGO/status/979377806760177664 :)
TIME FOR MY C9 BOYS TO THROW SOME DOTES TehePelo
GUYS LiVE IS SPONSOR THis IS RERUN FailFish
C O N T E N T LUL
TIME FOR MY C9 BOYS TO THROW SOME DOTES TehePelo
EU is so ba... wait let me take a breath EU is s... i need to take another one give me another burger OpieOP
DREAMHACK SUPPLYING PLAYERS WITH ADDERALL WATER LUL
GUYS LiVE IS SPONSOR THis IS RERUN FailFish
faze jersey just looks like crap tho LUL
my dog is an emoji pettygGizmo pls give him pettygGizmo pettygGizmo all the love <3
faze logo looks like a 3 year old designed it LUL
MY BELLY IS HUGE MY BRAIN HAS DELAY YOU GUESSED IT RIGHT I'M FROM NA. EleGiggle
only real LULer can build this perfect pyramid . Try like me !Try like me ! Try like me !! And my pyramid still higher!!!!!! LUL
only real LULer can build this perfect pyramid . Try like me !Try like me ! Try like me !! And my pyramid still higher!!!!!! LUL
-- only real LULer can build this perfect pyramid . Try like me !Try like me ! Try like me !! And my pyramid still higher!!!!!! LUL
TIME FOR MY C9 BOYS TO THROW SOME DOTES TehePelo
SPAM THIS NOODLE TO DESTROY pastaThat
----- only real LULer can build this perfect pyramid . Try like me !Try like me ! Try like me !! And my pyramid still higher!!!!!! LUL
CZ NOT OP AT ALL LUL
@cent if you had a dollar for everytime a message had to be deleted in chat hahahaha ;)
where is Matthew " " Trivett? FeelsBadMan TriHard
W... tf? How not to play post plant NotLikeThis
my dog is an emoji pettygGizmo pls give him pettygGizmo pettygGizmo all the love also i stream csgo <3
TIME FOR MY C9 BOYS TO THROW SOME DOTES TehePelo
he just got lucky, stop hyping it FailFish
rain is going to get a free AK at the end of this round LUL
TIME FOR MY C9 BOYS TO THROW SOME DOTES TehePelo
FAZE FAZE FAZE FAZE FAZE V LUL
@dellanl0l sodaCD + = ? TriHard
Don't miss out on watching the event live, grab your tickets here - https://twitter.com/DreamHackCSGO/status/979377806760177664 :)
G R D I A N LUL
@seaside don’t insult me....I’m a Loltyler1 fan Kappa
@Seaside Dirty noot drinker in chat PogChamp
RUSH LOOKS LIKE A BABOON LUL
BIG BRAIN FNS GOD RUSH PogChamp
EU CS EU CS EU CS EU CS EU CS LUL
TIME FOR MY C9 BOYS TO THROW SOME DOTES TehePelo
KARRIGAN: EY ROBBAN HELP ME.ROBBAN scratching his beard KARRIGAN : Understandable have a nice day LUL
sorry who won a major NOT FAZE EU CS LUL
FNX 8 MAJOR > NA,EU LUL
karrigan with the tsm stickers LUL
@dgnmtg I did DH mtl last year I hope they have me back soon seaS :)
fnx 8 majors cry EU LUL
EU CS EU CS EU CS EU CS EU CS LUL
RUSSELL WESTBRICK NOT MY MVP LUL
NA KNIFE NA KNIFE NA KNIFE LUL
FUNNY MISS GUYS OH WELL WE LOSE THE GAME LUL
@bydav1d my daddy you mean washed up streamer who choked on LAN and feeds himself off of twitch prime subs LUL
only real LULer can build this perfect pyramid . Try like me !Try like me ! Try like me !! And my pyramid still higher!!!!!! LUL
guardian head armor vs ak's LUL
EU CS EU CS EU CS EU CS EU CS EU CS EU CS EU CS ResidentSleeper
EU CS EU CS EU CS Kreygasm
NA way better at backstabiing Kappa
TACO 2 MAJOR > NA , EU LUL
only real LULer can build this perfect pyramid . Try like me !Try like me ! Try like me !! And my pyramid still higher!!!!!! LUL
EU CS EU CS EU CS EU CS EU CS ResidentSleeper
only real LULer can build this perfect pyramid . Try like me !Try like me ! Try like me !! And my pyramid still higher!!!!!! 1 LUL
📞 HELLO NA? 📞 EU HERE 📞 ENJOY YOUR VACATION 📞 4Head
@bydav1d at least NA CS is actually winning wihout him :)
only real LULer can build this perfect pyramid . Try like me !Try like me ! Try like me !! And my pyramid still higher!!!!!! 1 LUL
only real LULer can build this perfect pyramid . Try like me !Try like me ! Try like me !! And my pyramid still higher!!!!!! 1 LUL
only real LULer can build this perfect pyramid . Try like me !Try like me ! Try like me !! And my pyramid still higher!!!!!! 1 LUL
TACO 2 MAJOR > EU, NA LUL
Any sado subs in this chat 7 TriHard
SPAM THIS NOODLE TO STOP SKADOODLE pastaThat
only real LULer can build this perfect pyramid . Try like me !Try like me ! Try like me !! And my pyramid still higher!!!!!! 1 LUL
only real LULer can build this perfect pyramid . Try like me !Try like me ! Try like me !! And my pyramid still higher!!!!!! LUL
SPAM DASHA TO HELP PASHA <3
EU CS EU CS EU CS EU CS EU CS LUL
GOD FNS GOD FNS GOD FNS LUL
any Shroud subs here ? + in chat Kappa
C9 IS THE BEST TEAM IN THE WORLD RIGHT NOW PogChamp
📞 HELLO NA? 📞 EU HERE 📞 ENJOY YOUR VACATION 📞 4Head
@oxy_tv WHAT! NO! WHO KNEW Kappa
ANY SHROUD SUBS HERE in chat Kappa
EU CS EU CS EU CS EU CS EU CS LUL
FaZe UP FaZe UP FaZe UP FaZe UP FaZe UP BrokeBack
FaZe UP FaZe UP FaZe UP FaZe UP BrokeBack
FaZe UP FaZe UP FaZe UP FaZe UP FaZe UP BrokeBack
FaZe UP FaZe UP FaZe UP FaZe UP BrokeBack
FaZe having the same problems like when they're were Kinguin and G2 LUL
Niko left heroic for this LUL
JUST GET A BRIDGE WHAT A cmonBruh
FAZE CLAN MORE LIKE BAD CLAN Kappa
Faze fans are used to it Kappa
faze top1 team btw haHAA EleGiggle
The first pleb to whisper @maython91 a gets a free gifted sub to the channel! Gogo KappaPride
NA only has 2 teams and way smaller player base but still way better than all of eu imagine if NA actually cared as much as eu about video games 4Head
The first pleb to whisper @maython91 a gets a free gifted sub to the channel! Gogo !! KappaPride
📞 HELLO NA? 📞 EU HERE 📞 ENJOY YOUR VACATION 📞 4Head
how did they lose that NA CS LUL
ecoed omg full ECO omfg NA CS LUL
If you’re not high rank in MM (Gold Nova 1+) please don’t talk in chat, leave it for the good players. :)
The first pleb to whisper @maython91 a gets a free gifted sub to the channel! Gogo plebs KappaPride
GET KILLED BY AN USP WHEN YOU HAVE AN AK LUL
NA CS NA CS NA CS NA CS LUL
NA CS NA CS NA CS NA CS NA CS NA CS LUL
Don't miss out on watching the event live, grab your tickets here - https://twitter.com/DreamHackCSGO/status/979377806760177664 :)
NA CS LOSING TO FULL ECO LUL
NA CS NA CS NA CS NA CS NA CS LUL
no not the wide peek :(
WHY PEEK AGAIN, at least wait 2 secs NotLikeThis
standard lol, stop hyping it LUL
I DID THAT YESTERDAY TOO Kappa
@muhammeduluk Uptime is: 2h 42m 40s :)
EU is so ba... wait let me take a breath EU is s... i need to take another one fk give me another burger OpieOP
@Younite I don't share for faze LUL
spam this fist to bring back sadokist Poooound
@hans_ol you silver 1 breh LUL
The first pleb to whisper @maython91 a gets a free gifted sub to the channel! Gogo !!! KappaPride
50k MAJOR FINAL CS DEAD LUL
If you’re not high rank in MM (Gold Nova 1+) please don’t talk in chat, leave it for the good players. :)
@Cent Who picked this map? And what map is the decider? BegWan
this new Anders guy reminds me of that Sadokist guy Kappa
OLOF left fnatoc for bench LUL
OLOF left FNATIC FOR BENCH LUL
WHEN DID KARRIEGAN LEAVE THE M4A1S BibleThump
DONT HATE ON FNS, HES IN A SPOT U WILL NEVER BE IN LUL
FNS using a hat so he can hear Faze Kappa
4D chess FNS GOD GOD GOD FNS :D
CS: GO IN 2018 CS: GO IN 2018 LUL
akiye where are you no life guy. xizt is a bad replacement haha LUL
NA CS NA CS NA CS NA CS NA CS NA CS LUL
EU CS EU CS EU CS EU CS EU CS LUL
a 12 year old kid got triggered in whisper when I said xizt is a bad replacement LUL
54K MAJOR FINAL DEAD GAME 4Head
54K MAJOR FINAL DEAD GAME 4Head
EU CS EU CS EU CS EU CS EU CS LUL
If you’re not high rank in MM (Gold Nova 1+) please don’t talk in chat, leave it for the good players. <3
if c9 loses this without olof they suck LUL
54K MAJOR FINAL DEAD GAME 4Head
54K MAJOR FINAL DEAD GAME 4Head
54K MAJOR FINAL DEAD GAME 4Head
thats why XIZT got kicked LUL
EU CS EU CS EU CS EU CS EU CS LUL
54K MAJOR FINAL DEAD GAME 4Head
WHAT A DEAD GAME, NINJA AVERAGES MORE VIEWERS THEN THIS APARENT MAJOR TOURNAMENT LUL
54K MAJOR FINAL DEAD GAME 4Head
FaZe could literally get anyone they wanted to stand in for Olof and they pick Xizt LUL
xzit please get replaced by forrest LUL
EU CS THINKING THEY ARE GOOD LUL
C L A R A BrokeBack
ACTUALLY PAYING TO WATCH TWITCH ACTUALLY PAYING TO WATCH TWITCH 4Head
any real doc subs here? LUL
ACTUALLY PAYING TO WATCH TWITCH 4Head
stop talking about no namer in chat FailFish
why is automatic alone there :(
@larsenms forsen people only sub to him for emotes LUL
C L A R A BrokeBack
JUST GET A BRIDGE WHAT A cmonBruh
EU CS EU CS EU CS EU CS EU CS LUL
EU CS NIKO WASHED UP LOSING TO FNS LUL
crisp clean lock and walls LUL
no smoke left on c9 LUL
NA CS NA CS NA CS LUL
@positivuser I don’t think they heard you ;p
Karrigan LMAO XD LuL Karrigan LMAO XD LuL Karrigan LMAO XD LuL Karrigan LMAO XD LuL Karrigan LMAO XD LuL LUL
uL Karrigan LMAO XD LuL Karrigan LMAO XD LuL Karrigan LMAO XD LuL LUL
EU CS EU CS EU CS EU CS EU CS LUL
EU CS EU CS EU CS EU CS EU CS LUL
he even had time to adjust his aim LUL
Kills team mate and get instantly killed LUL
WTF I THOUGHT DENMARK SWEDEN RIVALITY IS OVER :(
SPRAYED DOWN LIKE A DOG LUL
what did he just do LUL
BM in pro game GRIEF REPORT FailFish
KARRYGAN TO C9 CHECK HLTV PogChamp
FORGOT XIZT WAS ON HIS TEAM LUL
R E P O R T DansGame
EU CS EU CS EU CS EU CS EU CS LUL
XIZT PERFORMED TOO BAD. SHOOT HIM LUL
! I wanted to knife :(
EU CS EU CS EU CS EU CS EU CS LUL
EU CS EU CS EU CS EU CS EU CS LUL
O R A L E DansGame
don't do this to me, faze BibleThump
.. only real Weeb can build this perfect pyramid . Try like me !Try like me ! Try like me !! And my pyramid still higher!!!!!! VoHiYo
karrigan: i am throwing this game TehePelo
-XziT - Karrigan + Sadokist + XGOD LUL
Thanks fer subbin Welcome to the kappa cleb FreakinStinkin
It's raining CS men as they fall from ct 4Head
JUST GET A BRIDGE WHAT A cmonBruh
58 viewers ON CS GO MAJOR DEAD GAME LUL
54K MAJOR FINAL DEAD GAME LUL
IS MY RIGHT EAR DEAF WutFace
It's not a major, It's group stage LUL
59K MAJOR FINAL DEAD GAME 4Head
NOT EVEN A POODLE CAN HELP SKADOODLE OhMyDog
Tim had to give ta4ik a gun LUL
NOT EVEN A POODLE CAN HELP SKADOODLE OhMyDog
did karrigan just killed xizt? Kappa
when content is the only thought LUL
NOT EVEN A POODLE CAN HELP SKADOODLE OhMyDog
@lpleb4tor wheres yo favorite caster cmonBruh
KARRIGAN PLZ KILL XIZT KARRIGAN PLZ KILL XIZT LUL
Only a 2 year ban if caught cheating now? everyone's cheating now :P LUL
FaZe wins mirage, C9 Wins Inferno 25-22 HLTV Confirmed :)
FAIL SMOKE IN PRO SCENE LUL
EU SUPERTEAM LOSING TO 2ND BEST NA TEAM EU SUPERTEAM LOSING TO 2ND BEST NA TEAM LUL
why o bet on clown9 ? NotLikeThis
Don't miss out on watching the event live, grab your tickets here - https://twitter.com/DreamHackCSGO/status/979377806760177664 :)
RAIN + NIKO > CLOWN9 LUL
C9 = C9 = C9 = ANELE
@MrSCOTT28 Uptime is: 1h 35m 32s :)
@radioactive__guy I love myself too <3
dont talk it chat unless you are high rank (gold nova 1 or higher) FailFish
@Juryss twitch chat isn't here to analyze the game, that's what hte casters are for, just let people here enjoy themselves ok :)
I D I O T S FailFish
bot chat blaming fns autimatic did the mistake NotLikeThis
that was so dumb of FNS LUL
Its Ok Guys, Both Teams Get A Cut CarlSmile
Oh look! a gold Kappa.. Kappa
this is pathetic. tarik holding down the fort. FailFish
Rain vs 3. I remember how this went LUL
SPAM THIS CRY TO RESPECT C9's TRY BibleThump
YOUTUBE YOUTUBE YOUTUBE YOUTUBE YOUTUBE HeyGuys
' SPAM THIS CRY TO RESPECT C9's TRY BibleThump
C9 WIN ERA 2 WEEKS C9 WIN ERA 2 WEEKS C9 WIN ERA 2 WEEKS C9 WIN ERA 2 WEEKS C9 WIN ERA 2 WEEKS LUL
Y U DO THIS FZE NotLikeThis
¨ SPAM THIS CRY TO RESPECT C9's TRY BibleThump
C9 WIN ERA 2 YEARS C9 WIN ERA 2 YEARS PogChamp
tarik era one round ? :D
EU CS EU CS EU CS EU CS EU CS LUL
Faze vs C9 is always a guaranteed good match Kreygasm
Faze Clan More like THROW clan LUL
FAZE SHIT C9 SHIT MM GAME LUL
@ja1nam_was_framed Uptime is: 1h 42m 8s :)
ahahah bot faze buying again LUL
K A P P A Kappa
MAJOR FINAL 65K CSGO DEAD LUL
EU CS EU CS EU CS EU CS EU CS LUL
LOSE TO FNS TOP 1 TEAM LUL
NO MATTER WHAT NA CS WE ALWAYS BE A MEME LUL
EU CS EU CS EU CS EU CS EU CS LUL
FNS stand for F***ing Nice SHot PogChamp
FAZE LOSING TO WASHED UP C9 LUL
CAN ONLY KILL WHEN THEY NOT LOOKING AT HIM FNS LUL
EU CS EU CS EU CS EU CS EU CS LUL
SKADOODLE TRASH -Ska +Silver1 player LUL
EU CS EU CS EU CS EU CS EU CS LUL
C9 = C9 = C9 = ANELE
LET'S GO CLOUD 9 EZ Clap EZ Clap SwiftRage
Don't miss out on watching the event live, grab your tickets here - https://twitter.com/DreamHackCSGO/status/979377806760177664 :)
MOUZ NEEDS TO STEP UP 4Head
EVERYONE TELL FAZE IT IS GROUP STAGE LUL
NA CS NA CS NA CS LUL
OLOFMEISTER DIDN’T DIE FOR THIS BibleThump
LET'S GO CLOUD 9 EZ Clap EZ Clap SwiftRage
EU CS EU CS EU CS EU CS EU CS LUL
RUSH still gets the frags LUL
LET'S GO CLOUD 9 EZ Clap EZ Clap SwiftRage
FAZE WASHED UP EU CS LUL
it's summer soon bois C9 SeemsGood
THAT 3.3 ODD THAT WILL PASS Kreygasm
thought my phone was playing LUL
Let Everyone be reminded that the Atlanta Falcons blew a 28-3 League in the NFL LUL
Why is my phone ringing? Kappa
Everyone remember that Atlanta Falcons lost 28-3 lead to NEW ENGLAND PATRIOTS BEST TEAM LUL
Lose to FNS you must disband team LUL
ANY REAL IN HERE ? TriHard
@vortex4590 nope but nt tho HAHAHA LUL
ONE MORE AND IM FUCKING GONNA MURDER MY DOG LUL
NO ONE CARES ABOUT AMERICAN "FOOT"BALL LUL
T I S K D A S cmonBruh
FNS wanna show this flip knife LUL
EU CS EU CS EU CS EU CS EU CS LUL
MOUZ NEEDS TO STEP UP 4Head
bye faze No Olof No Party LUL
FAZE PALM FAZE PALM FAZE PALM FAZE PALM FailFish
NiP ERA 2 YEARS FNATIC ERA 2 YEARS SK ERA 2 YEARS NA ERA 2 WEEKS LUL3 PogChamp
T I S K D A S cmonBruh
thanks for the odds FaZe fan s KappaPride
MOUZ NEEDS TO STEP UP 4Head
7 7 7 7 7 7 7 7 TriHard
When nerds hype about pixel game for nerds, i LUL. Watch real man game like AMERICAN FOOTBALL. MUCH MORE EXCITING PogChamp
Xizt is literally useless he does nothing that contributes to his team LUL
#1 TEAM NO TITLES 2018 LUL
EU CS EU CS EU CS EU CS EU CS LUL
7 7 7 7 7 TriHard
FAZE will CHOKE FAZE will CHOKE EleGiggle
NA CS NA CS NA CS NA CS LUL
FNS hiding on the TV LUL
WATCH AS FAZE LOSE TO THIS FORCEBUY LUL
No OT i need sleep BlessRNG
AMERICAN FOOTBALL NFL much better than COMPUTER GAME FOR NERDS LUL
No A Presence, no problem LUL
American Football Rugby with armour LUL
American Football is just Rugby with armour LUL
American Football Rugby with armour LUL
GUYS WHERE IS STEW ? 4Head
stew and olof were the problem 4Head
FAZE will CHOKE FAZE will CHOKE LUL
Don't miss out on watching the event live, grab your tickets here - https://twitter.com/DreamHackCSGO/status/979377806760177664 :)
EU CS EU CS EU CS EU CS EU CS LUL
EU CS EU CS EU CS EU CS EU CS LUL
HE WASNT OUT HE HAD 12 LEFT LUL
EU CS EU CS EU CS EU CS EU CS LUL
EZ GAME FOR C9 WHERE YOU AT FaZe KIDS? EZ EZ LUL
16-13 16-14 FNS > KARRIGAN IGL LUL
EU CS EU CS EU CS EU CS EU CS LUL
It Was Just A Phaze CarlSmile
always matchfixing c9 and faze great cs CoolStoryBob
FAZE PALM FAZE PALM FAZE PALM FAZE PALM FailFish
faze have to change team, xizt, rain, kariggan out :)
they need to change the xz jesus LUL
EU Teeth OMEGALUL NA Sports PogChamp
No Olof No Party No Olof No Party LUL
EU CS EU CS EU CS EU CS EU CS LUL
EZ MONEY EZ LIFE, BETTING ON FAZE LUL
EU SPORTS SOCCER BALL FOR FAVELAS LUL
Keyboard for 1 $ membran, and mouse too LUL
faze can't beat the major champions aze can't beat the major champions 4Head
NA OUT OF THEIR RAT HOLES PogChamp
EZ FOR C9 EZ FOR C9 PogChamp
EU CS EU CS EU CS EU CS EU CS LUL
PEOPLE NOT REALISING BOTH TEAMS TRASH LUL
machine no iron his shirt WutFace
thats cause you guys always fix it so they play eachother duuuh. esl even has a history of that haha :)
NA "STYLE" NA "STYLE" NA "STYLE" LUL
Who of them said 2-0 for faze ? LUL
faze beaten by everybody still no. 1 LUL
K A P P A Kappa
NO LOGIC DOESNT UNDERSTAND IMMIGRATION WATCHING NA GAME ON NA WEBSITE MUST BE EU SeemsGood
@gawd_sent olof back to Fnatic Kappa
EU CS EU CS EU CS EU CS EU CS LUL
NO LOGIC DOESNT UNDERSTAND IMMIGRATION WATCHING NA GAME ON NA WEBSITE MUST BE EU SeemsGood
still trying to catch my breath ShazBotstix
faze number one in the world LUL
I didn't bet on Faze LUL
NO LOGIC DOESNT UNDERSTAND IMMIGRATION WATCHING NA GAME ON NA WEBSITE MUST BE EU SeemsGood
giỏi thì bay màu ông nội mày phát nữa nào<3 <3
📞 HELLO EU? 📞 How many games did you win today ? 📞 4Head
EU CS EU CS EU CS EU CS EU CS LUL
surviving niko = beating faze LUL
EU CS EU CS EU CS EU CS EU CS LUL
C N T E N T LUL
HOST AND TARIK LOOK ALIKE LUL
NA DOGS ARE OUT FROM THEIR HOLES EleGiggle
EU CS EU CS EU CS EU CS EU CS LUL
i'm satisfied with our performance MrDestructoid
SK STILL REMEMBERS THAT 3K 1 DEAGS IN TRAIN ? LUL
EU CS EU CS EU CS EU CS EU CS LUL
sounded like beef to me cmonBruh
TAKE THE FAZE JERSEY OFF!! SwiftRage
JUST GET A BRIDGE WHAT A cmonBruh
I loved c9 woth stew and tim but imagine sk with tim too instead of boltzzz Kreygasm
DAMN STEWIE MADE SKA RETIRED LUL
"Sfew and Ska clashed a lot" cmonBruh
DAMN STEWIE MADE SKA RETIRE LUL
WE ALREADY KNEW STEW IS AGGRESSIVE AND SKA LIKES STRUCTURE :p
yes because the c9 guys play for free :)
EU CS EU CS EU CS EU CS EU CS LUL
@star_vance Uptime is: 2h 2m 28s :)
sumRip 30min until Nip vs Mouse NotLikeThis
tarik higher adr than niko PogChamp
Cloud9 Good Shit, Whos Faze? CarlSmile
@xavierz that's a copypasta, he's trolling :D
hard to say "faze" without: LUL
Don't miss out on watching the event live, grab your tickets here - https://twitter.com/DreamHackCSGO/status/979377806760177664 :)
G2 IS A SHOW TEAM,NOT PRO TEAM LUL
@stewietwofacedtoileto hahaha look at this kid thinking he's high rank get back to your GN2 kid, maybe you'll reach the true legend rank (MG2) some day EleGiggle
SILVER CHAT Let MG2 or above TALK PLS NotLikeThis
8 MIN BREAK THE BREAK NEVER ENDS ResidentSleeper
losing to c9 in 2018 Kappa
KennyS is always looks like BibleThump
Silver 1s You should be ATLEAST Silver2 to talk in chat FailFish
U ALL TALK BOT PLAYERS BUT U NOT KNOW THAT U ARE NOT EVEN HIGH RANK (MG2). DONT TALK PLS LET THE HIGH RANKS TALK NotLikeThis
EVERYONE SAYING GN2 GOOD RANK GET MG2 THEN TALK PLS SILVERS LUL
Gold nova 2 high rank LUL
DU DU DU DU DU OR RIOT!! LUL
the edge of the world PogChamp
ALL THESE PLEBS TAKING THE BAIT LUL
Tell us the song Dreamhack NotLikeThis
200 word essay due tomorrow but im here watching counterstrike BibleThump
@fbgames2 holy fuck are you 12? you're taking the bait so hard LUL
SPAM THIS FIST TO BRING BACK SADOKIST Poooound
this chat is reserved for KappaPride
anybody loves France and wants to be insider her Kappa
AT LEAST WRITE THE SONGS @DreamHackCS FailFish
XIZT OUTDATED NIKO OVERRATED GUARDIAN OVERRATED RAIN GOT BAITED FAZE ELIMINATED LUL
only real LULz can build this perfect pyramid . Try like me !Try like me ! Try like me !! And my pyramid still higher!!!!!! LUL
SPAM THIS FIST TO FUCK SADOKIST Poooound
Gold nova is pro right Kappa
do they even lift mate BibleThump
Don't miss out on watching the event live, grab your tickets here - https://twitter.com/DreamHackCSGO/status/979377806760177664 :)
I mean MGE is pro right Kappa
this has to be the most low grade copy pasta i've ever seen LUL
faze losing to vp 2-0 and now to fns 2-0 LUL
zac efron in the middle of the desk !? wow !? Kappa
this has to be the most low grade copy pasta i've ever seen LUL
if you haven't been playing cs since it was first released as a mod for half life, gtfo please 4Head
this has to be the most low grade copy pasta i've ever seen LUL
C9 won!? Stewie was the problem LUL
g2 alway lost to champion, envyus champion ? LUL
i mean gn is almost pro right Kappa
timed out for saying what host said LUL
I'm gold nova 2 and I should be silver Stay mad Golds LUL
@Waystedyou ESL and Dreamhack mods are communists who time out some ppl but others who said the same are not timed out FailFish
IM GLOBAL ELITE IN ROBLOX CSGO I SHOULD BE ABLE TO VOTE DansGame
i know diz guy benchJ onlineJ godJ PogChamp
Ninja is a greater streamer :)
@scimitar96 you mean we wont be disappointed like his wife was? LUL
dont know what im doing LUL
I DONT KNOW WHAT IM DOING LUL
Semmler moved on to a better game <3
niko stuck in faze after being stuck in mouse BibleThump
Just a friendly reminder chat that NO ONE cares what your rank is in csgo JUST ENJOY the show :)
why is this so sad? LUL
arrogant to call yourself masters. humble. PogChamp
MOUSESPORTS WITHOUT NIKO = WIN LUL
Where's Sadokist? Did he get fired? LUL
All the way back when you were relevant LUL
mousesports with niko = lose LUL
IBP NA MATCH FIXERS CARRIER END BECAUSE OF PIXELS LUL
and i got banned for few mins for typing this 3 times like wtf brruuuuuh CoolStoryBob
Sado and Thorin gone from Pro Scene :)
spam this fist to free sadokist Poooound
WHY WOULD YOU BAN COBBLE AGAINST MOZ LUL
this is now friberg chat Kappa
@OfficialFriberg Du spelar bästa bara i världen PogChamp
@OfficialFriberg stop playing with racists Kappa
Don't miss out on watching the event live, grab your tickets here - https://twitter.com/DreamHackCSGO/status/979377806760177664 :)
@Matte9605 It was always Frieberg's chat Kappa
I AM SILVER and i can still talk LUL
200 word essay due tomorrow but im watching DreamHack NotLikeThis
MOUZ 2ND BEST TEAM? ROFL LUL
Sounds like typical cs players tbh TriHard
if you disagree, say who's better FailFish
Salty pros blame for cheating LUL
IM A GN2 THATS ALMOST PRO RIGHT??? Kappa
if you are not out of highschool please dont shitpost in chat BabyRage
he has forest on his face LUL
Draken don't whiff shots today BlessRNG
JDM BANDANA > DRAKEN BANDANA LUL
@gamerchick7877 Uptime is: 2h 30m 6s :)
one more "XD" or "POGGERS" and I'm done DBstyle
LIVERPOOL WILL WIN THE UCL LUL
BAYERN WILL WIN THE CL LUL
SIR ALEX FERGUSSON ANYONE ? LUL
P G G E R S LUL
Sean Gares is always welcome here KappaPride
sounds like dr. who music LUL
@Partyfuchs10 you right about that bro <3
i love how they are milkking 46k views for 40min untill the game starts Kappa
Draken don't whiff shots today BlessRNG
friKing friKing friKing friKing friKing friKing friKing BlessRNG
Get_Right will always be MY star <3
@OfficialFriberg Whos gonna win Friburger? LUL
it was on purpose you plebs FailFish
2013 chat was 8 years old PogChamp
Don't miss out on watching the event live, grab your tickets here - https://twitter.com/DreamHackCSGO/status/979377806760177664 :)
FALLING FOR /me IN 2K18 LUL
csgo nuke, what a exciting map ResidentSleeper
only real LULz can build this perfect pyramid . Try like me !Try like me ! Try like me !! And my pyramid still higher!!!!!! LUL
Had to play the worst map in the pool ofc LUL
only real LULz can build this perfect pyramid . Try like me !Try like me ! Try like me !! And my pyramid still higher!!!!!! LUL
only real LULz can build this perfect pyramid . Try like me !Try like me ! Try like me !! LUL
only real LULz can build this perfect pyramid . Try like me !Try like me ! Try like me !! And my pyramid still higher!!!!!! LUL
SPAM THIS FIST TO FREE SADOKIST Poooound
only real LULz can build this perfect pyramid . Try like me !Try like me ! Try like me !! LUL
Well, this "uncle" is easily in top20 best players right now LUL
📞 Hello SK 📞 C9 HERE 📞 Ready to leave in quarter finals 📞 4Head
WE NEED TO GET WENGER OUT SwiftRage
only real LULz can build this perfect pyramid . Try like me !Try like me ! Try like me !! LUL
SPAM THIS FIST TO FREE SADOKIST Poooound
only real LULz can build this perfect pyramid . Try like me !Try like me ! Try like me !! LUL
SPAM THIS FIST TO BAN SADOKIST Poooound
📞 Hello SK 📞 C9 HERE 📞 Ready to leave in quarter finals 📞 4Head
ez 2-0 or 2-1 NIP 45YO OSKAR uncle no match for GOD DRAKEN LUL
📞 Hello SK 📞 C9 HERE 📞 Ready to leave in quarter finals 📞 4Head
Wenger OUT Mou OUT Conte OUT LUL
📞 Hello SK 📞 C9 HERE 📞 Ready to leave in quarter finals 📞 4Head
FINALLY A CHAT WITHOUT " " SPAM FeelsGoodMan TriHard
📞 Hello SK 📞 C9 HERE 📞 Ready to leave in quarter finals 📞 4Head
stop putting cam on him WutFace
📞 Hello FAZE 📞 C9 HERE 📞 Ready to choke in the finals? 📞 4Head
JW vac banned check on Trump twitter LUL
@sayaka_best_girl Sayaka is the best girl? DansGame
LOSE MORE THAN 2 ROUNDS AS CT ON NUKE LUL
📞 Hello FAZE 📞 C9 HERE 📞 Ready to choke in the finals? 📞 4Head
kids are so nasty at this BibleThump
📞 Hello FAZE 📞 C9 HERE 📞 Ready to choke in the finals? 📞 4Head
📞 Hello FAZE 📞 C9 HERE 📞 Ready to choke in the finals? 📞 4Head
havent even checked the door LUL
ChrisJ hasnt showered for like week LUL
📞 Hello FAZE 📞 C9 HERE 📞 Ready to choke in the finals? 📞 4Head
Don't miss out on watching the event live, grab your tickets here - https://twitter.com/DreamHackCSGO/status/979377806760177664 :)
C H R I S J PogChamp
wheres the NIP strat book now? :)
narwList ✍️ i saw that name cmonBruh
C H R I S J PogChamp
The headband is not gangster enough SMOrc
oskar is tired and old LUL
☝ WAIT A SEC I SAW THAT cmonBruh
C H R I S J PogChamp
Guys who's best player in Mouse and in NIP please answer me :)
@i_h8_dirty_neegrows 👌 ON POINT NAME cmonBruh
📞 Hello FAZE 📞 C9 HERE 📞 Ready to choke in the finals? 📞 4Head
