S A D 7 I S T TriHard
WILL YOUR TONGUE STILL REMEMBER THE TASTE OF MY LIPS? KappaPride
that music timing with valens LUL
F0rsen > Greek > Tyler 7 TriHard
oh no they're in content mode WutFace
cs go is dead 25k viewers C9 Vs Faze LUL
#1 Team BTW EU BTW LUL
SPAM THESE COOKIES FOR FAZE TO BEAT THE ROOKIES NomNom
Thats the third map @Voxdalian :)
FNS BRINGING THE NA ERA TO REALITY LUL
NOVA IS THE NEW AWP LUL
CHAT WHAT YOU ON ABOUT LUL
LIRIK RAID ResientSleeper LIRIK RAID ResidentSleeper
fns 200 iq dodging the stack LUL
EU CS #1 Team BTW LUL
xD save the usp bois LUL
DEAD GAME - 30000 MAJOR FINAL VIEWERS Kappa
SPAM NOODLE to the lo Skadoodle FUCK DoritosChip
5000 iq? more like .5 IQ LUL
olofmeister vac ban check hltv PogChamp
EU is so ba... wait let me take a breath EU is s... i need to take another one fk give me another burger OpieOP
EU is so ba... wait let me take a breath EU is s... i need to take another one fk give me another burger OpieOP
SPAM THIS NOODLE TO STOP SKADOODLE pastaThat
Don't miss out on watching the event live, grab your tickets here - https://twitter.com/DreamHackCSGO/status/979377806760177664 :)
SPAM THIS NOODLE TO STOP SKADOODLE pastaThat
SPAM THIS NOODLE TO STOP SKADOODLE pastaThat
SPAM THIS NOODLE TO STOP SKADOODLE pastaThat
5000IQ LOSE ROUND TO RESET FAZE GOD FNS 4D STRATS LUL
SPAM THIS NOODLE TO STOP SKADOODLE pastaThat
FN BOT S CAN'T PICK UP THE AWP LUL
SPAM THIS NOODLE TO STOP SKADOODLE pastaThat
5000IQ LOSE ROUND TO RESET FAZE GOD FNS 4D STRATS LUL
TARIK AND NIKO WHAT WAS THAT LUL
SPAM THIS NOODLE TO STOP SKADOODLE pastaThat
NOW THAT'S A CUTE BEGWAN BegWan
36 000 viewer on a major Death Game LUL
3: SKADADDY10:19Camawichf: SPAM THIS NOODLE TO STOP SKADOODLE pastaThat
SPAM THIS NOODLE TO STOP SKADOODLE pastaThat
SPAM THIS NOODLE TO STOP SKADOODLE pastaThat
JUST GET A KIT LOOOOOOOOOOOOOOOL 4Head
IF YA DONT DEFUSE YA LOSE 4Head
CALL OFF THE GAME STEWIE JUST TWEETED HE WANTS TO COME BACK TO C9 NotLikeThis
IF YA DONT DEFUSE YA LOSE '; 4Head
SPAM THIS NOODLE TO STOP SKADOODLE pastaThat
NOT LOOKING GOOD IS IT LUL
calling it out of it at 6-1 wat LUL
BRA7-1L BRA7-1L BRA7-1L BRA7-1L BRA7-1L LUL
