If optic gets double awp then rng loses :(
optic is 2w 2l stream knows the future Kappa
GO GET MY ITEM BACK BlessRNG
optic is 2-1 not 2-2 LUL
allu really going with this R9 thing LUL
optic are 2-1 and not 2-2 NA PRODUCTION LUL
would of killed with R8 Kappa
Praying to the gaming gods for a ReneGODs win BlessRNG
be happy the stream still works LUL
Allu wanted R8 instead of AWP Kappa
Winning against Liquid Losing against Renegades LUL
@vernerthewhite typical ruski kids screaming gg after first round FailFish
Optic is Not 2W 2L they are 2-1 FailFish
Only for this match tho cuz I gambit <3
@xDeluxxe They already set the score for this one LUL
its just arches/get right/ mcdonalds LUL
hes ours now yanks Clap PogChamp
Sometimes Nifty just looks like he is cheating, dude hits everything PogChamp
Renegades best team in the world PogChamp
nifty do it on lan Kappa
we see you but we cant hit you PogChamp
NIFTY DOING IT ON LAN PogChamp
YES THEY WILL U MORON THEY ARE ON MAX LOSS BONUS LUL
SILVERS PLEASE DONT TALK IN CHAT UNLESS YOU ARE HIGH RANK (MG1 and above) :)
SILVERS PLEASE DONT TALK IN CHAT UNLESS YOU ARE HIGH RANK (GN1 and above) :)
SILVERS PLEASE DONT TALK IN CHAT UNLESS YOU ARE HIGH RANK (MG1 and above) :)
@fattytrihard WOODS PLEASE DONT TALK IN CHAT UNLESS YOU ARE HIGH RANK (S1 and above) :)
SILVERS PLEASE DONT TALK IN CHAT UNLESS YOU ARE HIGH RANK (MG1 and above) :)
@Illuminutu how much bet on optic LUL
OPTIC HAS 1 LOSS CASTER FailFish
THEY ARE COUNTING RENEGADES GAME ON OVERLAY LUL
OPTIC ABOUT TO BE 2-2 PREDICTED LUL
EU cs is so bad LUL
RNG JUST RUNS ON SITES LUL
ffs, Optic would be almost certainly in to if they win this byt they are throwing the easiest match LUL
MM Player aka noob still think this will be 16-0 LUL
10-5 then comeback on T side or PogChamp? Kappa
magisk the legend 1-1-9 north was dumb for benching him LuL Kreygasm
not planted for you naf FailFish
ALLU KILLED HIM IN JUNGLE FailFish
ez REN money.. TY FOR SKINS <3
at least OpTic trying to get good teammates for Mixwell :(
mixwell is a more consistent awper than allu LUL
@L0v1ak then why bother adding allu EleGiggle
hacking accusations on a LAN LUL
is that why teams 16-0 LUL
@Vac_nifty i love your name <3
hey at least it wasn't 0-16 Kappa
I know now why NiP kick him PogChamp
SILVERS PLEASE DONT TALK IN CHAT UNLESS YOU ARE HIGH RANK (GN1 and above) Kappa
optic getting rekt by renegades again just like last week LUL
3 FRENCH TEAMS IN MAJOR?? JUST MAKE ONE SUPER TEAM LUL
mummy nifty is wallhacking on lan BabyRage
SOMEONE GET THIS CASTER A TISSUE DansGame
why go challenge again he saw the other guy jump NotLikeThis
SPAM THIS DOG PIC TO GIVE HOPE TO OPTIC RalpherZ
mixwell i dont understand why repeek window FailFish
GIVE THE COD GUN TO NIFTY LUL
SILVERS THINK THE GAME IS OVER AY 6-15 SMH WutFace
EU EU EU EU EU EU EU EU EU EU EU EU EU EU EU LUL
DIESER CHAT IST JETZT AUSSIE DatSheffy
cpus and gpus are going up 20% next year :(
@prius is still the best camera man idgaf what yall say :D
@vic_likadabooty this is esl you have time to build a new house ;)
and i wash good so it's not 5 mins :D
(‿ˠ‿) _(‿ˠ‿) only the chosen one can fist both asses. ⎝ ⎠ Kreygasm
LIQUID found a way to miss out of bracket play LMAO LUL
SPAM THIS CHIP TO BLESS OPTIC DoritosChip
On se retrouve ici alors ? Kappa
on a pas les cam je range les cleanex :(
GG G2 gets eliminated by Optic LUL
its 3nd ffs na stream FailFish
g2 is spanish team btw :D
I'll take that thank you very much TriHard
les français sont calmer cest bon :p
3th round win for optic PogChamp
@ruthless30 wait JW got banned? Kappa
where's the Liquid v Faze stream WutFace
they didnt have time to run either way FailFish
pray to the gaming gods that G2 win in regular time to give renegods a better chance BlessRNG
BYE BYE G2 GOOD THAT THIS TRASH TEAM IS OUT LUL
why is b stream worse quality than A stream? :o
HELLO G2 AIRPORT HERE YOUR TICKET IS READY LUL
@Obsenn shoulda watched game vs liquid noob LUL
remember when G2 was good LUL
BYE BYE G2 TRASH TEAM LUL
French superteam vs Swedish superstar Friberg PogChamp
@djgallaxi313 go to HLTVorg and check it :)
AND NOW OPTIC WILL START LOSING ... LUL
Fribergs a bot even though that was RNG LUL
pray to the gaming gods for G2 to win in regular time to give renegods a chance BlessRNG
3 awps vs pistols 3 awps vs pistols LUL
wait the french were once good at CS? DansGame
how do people die you can clearly see the outline of the other players wtf?? Kappa
lower voice caster is 100% high or just dumb from being high all the dumb LUL
15K Viewers for a major final EleGiggle
this caster is high as a kite LUL
200 iq + 200iq = 400 iq LUL
thats all the lower voice caster says SUPER WEIRD IDK WHAT HAPPENED WOW LUL
G2 LOSING TO BOT ALLU LUL
SPAM TwitchRPGTHIS TwitchRPGPENNY TwitchRPGTO TwitchRPGHELP TwitchRPGKENNY TwitchRPG
benny hill isn't the name of the song #certifiedchickensongexpert BabyRage
TwitchRPGSPAM TwitchRPGTHIS TwitchRPGPENNY TwitchRPGTO TwitchRPGHELP TwitchRPGKENNY TwitchRPG
TwitchRPGSPAM TwitchRPGTHIS TwitchRPGPENNY TwitchRPGTO TwitchRPGHELP TwitchRPGKENNY TwitchRPG
SPAM TwitchRPGTwitchRPG THIS PENNY TO HELP KENNY TwitchRPG
SPAM THIS PENNY TO NOT HELP KENNY TwitchRPG
no one covering shox g2 LUL
gaming gods please make french cs great again BlessRNG
Spam this Chic to power Optic PMSTwin
SPAM THIS TO BE HOMOSEXUAL Kreygasm
G2 G2 G2 G2 G2 G2 BlessRNG
G2 G2 G2 G2 G2 G2 BlessRNG
TwitchRPGSPAM TwitchRPGTHIS TwitchRPGPENNY TwitchRPGTO TwitchRPGHELP TwitchRPGKENNY TwitchRPG
SPAM THIS CHIC TO POWER OPTIC PMSTwin
sounds like blu's entire career @go_bang LUL
@BLTNJ found casters alt account 4Head
6-0 to 8-7 to 16-8 BlessRNG
How high is the caster LUL
@hsjay intelligent ppl know hes doing his best and they're watching the match... dummies are spamming chat SeemsGood
whats a word like not relevant? YOU 4Head
IS JAMEZIRL REALL FUCKING CASTING ?? IM DONE LUL
Stay True ToTwitchRPG Your TSM ROOTS TwitchRPG
G2 NEED TOGGLE TO WIN LUL
SPAM THIS TO BE HOMOSEXUAL Kreygasm
What if NiKo's name was.... NIGGO LUL
SPAM THIS TO BE HOMOSEXUAL Kreygasm
This casters are still high. Even more than yesterday so it seems ;)
G2 G2 G2 G2 G2 BlessRNG
tell us what you think of the casters chat we really want to know CoolStoryBob
SPAM THIS TO BE HOMOSEXUAL Kreygasm
Look at those CT Jays Kappa
SPAM THIS TO BE HOMOSEXUAL Kreygasm
G2 G2 G2 G2 G2 G2 BlessRNG
SPAM THIS TO BE HOMOSEXUAL Kreygasm
No R8, no round win BibleThump
TwitchRPGSPAM TwitchRPGTHIS TwitchRPGPENNY TwitchRPGTO TwitchRPGHELP TwitchRPGKENNY TwitchRPG
tfw thats not even a penny 4Head
thx @Jartran74 I think Faze has basically won anyway but I just wanted to know for future xD :D
Mods are asleep, party time Jebaited
lol who cheers ESL channel? FailFish
SPAM THIS PENNY TO KILL KENNY TwitchRPG
its half in liquid v faze LUL
Is one of these casters on weed? He sounds like Towlie with a lower voice LUL
inaccuracy of AK screwed him over :D
SPAM THIS BRU FOR HELP ALLU cmonBruh
SPAM THIS BRU FOR HELP ALLU cmonBruh
i would like to take this opportunity to remind twitch chat that the glories ReneGODs have beaten both of this EU teams :)
SPAM THIS BRU FOR HELP ALLU cmonBruh
SPAM THIS BRU FOR HELP ALLU cmonBruh
SPAM THIS BRU FOR HELP ALLU cmonBruh
SPAM THIS BRU FOR HELP ALLU cmonBruh
wait the NA Optic was actually better than this EU Optic :D
SPAM THIS BRU FOR HELP ALLU cmonBruh
JUST GET A HOUSE LOOOOOOOOOOOOOOOOOOOL 4Head
S1mple and Na’Vi in 2k17 LUL
SPAM THIS BRU FOR HELP ALLU cmonBruh
@littlefatrat a little bit maybe? ;)
WHAT A CLOWNS THEY REALLY WANT TO GO HOME BADLY LUL
SPAM THIS BRU FOR HELP ALLU cmonBruh
was halfbuy tho not "full save" :D
@prius GO BACK TO WORK SwiftRage
czs are full save now FailFish
please add POTENT to the auto-mod, i'm offended DarkMode
Spam This Faster to vote for new caster DansGame
Should've run with the knife :(
SPAM THIS BRU FOR HELP ALLU cmonBruh
BYE BYE G2 TRASH TEAM LUL
SPAM THIS PENNY TO HINDER KENNY TwitchRPG
SPAM THIS BRU FOR HELP ALLU cmonBruh
spam this evil kappa to stop the twitch chat spam memes DarkMode
SPAM THIS BRU FOR HELP ALLU cmonBruh
SPAM THIS TO REPLACE THE CASTER TriHard
SPAM THIS BRU FOR HELP ALLU cmonBruh
DUMB BOTS REALLY WANT TO GO HOME LUL
SPAM THIS BRU FOR HELP ALLU cmonBruh
Spam this to f u c k casters moms SSSsss
Spam this orc to save the awp SMOrc
Spam this to f u c k casters moms SSSsss
Ogoid2252000: Spam this to f u c k casters moms SSSsss
Spam this to f u c k casters moms . SSSsss
@prius are you a ? TriHard
Casters are good, get a life chat FailFish
SPAM THIS TO REPLACE THE CASTER TriHard
BYE BYE G2 SUPERTRASH DUMB BOTS ARE OUT LUL
SPAM THIS TO REPLACE JAMES THE CASTER TriHard
SPAM THIS TO REPLACE JAMES THE CASTER TriHard
SPAM THIS OGRE. KENNY'S CAREER IS OVER SMOrc
WHO SAY -BOT HS G2 LOOSING TO HS LUL
Hello G2 Fans? Why so quite? EleGiggle
ANY in CHAT??ANY in CHAT?? TriHard
SPAM THIS TO REPLACE JAMES THE CASTER TriHard
body topfraggin on g2 its over LUL
SPAM THIS BRU FOR HELP ALLU cmonBruh
SPAM THIS TO REPLACE JAMES THE CASTER TriHard
OPTIC WIN THIS THEY WILL FACE NIP PogChamp
SPAM THIS TO REPLACE JAMES THE CASTER TriHard
SPAM THIS OGRE. KENNY'S CAREER IS OVER SMOrc
Hello G2 Fans? Why so quite? EleGiggle
SPAM THIS TO REPLACE JAMES THE CASTER TriHard] TriHard
\ SPAM THIS OGRE. KENNY'S CAREER IS OVER SMOrc
BYE BYE G2 SUPERTRASH WHO INVITED THIS TRASH TEAM? LUL
I use my noodle a lot ;)
superteam losing vs 5 randoms LUL
SPAM THIS TO REPLACE JAMES THE CASTER TriHard
STOP USING THIS FACE There are only 14 LEFT!!! TriHard
SPAM THIS OGRE. KENNY'S CAREER IS OVER SMOrc
Hello G2 Fans? Why so quite? EleGiggle
why do the cringe fans always start attacking other team's fans when their team is winning LUL
its all about the noodle KappaPride
SPAM THIS TO REPLACE JAMES THE CASTER TriHard
B STREAM LOWER BITRATE SICKUNTS PogChamp
we gonna see OpTic vs NiP please win PogChamp
TriHardTriHard SPAM THIS TO REPLACE JAMES THE CASTER TriHard
SPAM THIS OGRE. KENNY'S CAREER IS OVER SMOrc
SPAM THIS BRU FOR HELP ALLU cmonBruh
rip g2 rip g2 rip g2 rip g2 rip g2 BabyRage
jamesIRL best caster in the world PogChamp
harvard scholar in twitch chat LUL
SPAM THIS OGRE. KENNY'S CAREER IS OVER SMOrc
Hello G2 Fans? Why so quite? EleGiggle
SPAM THIS OGRE. KENNYS' CAREER IS OVER. SMOrc
canadian org with mostly EU players is NA Kappa
AVANGAR to qualifier but not Optic?? NotLikeThis
BOT ALLU NEED TO BE KICK LUL
SPAM THIS TO REPLACE JAMES THE CASTER TriHard
BODDY IS TRYING TO SAVE HIS CAREER BECAUSE G2 MIGHT GET KIOSHIMA LUL
Optic NA?? NO NORTH AMERICAN PLAYERS \ LUL
Optic NA?? NO NORTH AMERICAN PLAYERS LUL
PAM THIS GOO TO HELP G2 BrainSlug
Spam this to f u c k casters moms SSSsss
Spam this to f u c k casters moms . SSSsss
SPAM THIS TO REPLACE JAMES THE CASTER TriHard
both these casters are awful to hear WutFace
Hello G2 Fans? Why so quite? EleGiggle
Spam this to f u c k casters moms SSSsss.. SSSsss
Optic NA?? NO NORTH AMERICAN PLAYERS LUL
Spam this to f u c k casters moms ..... SSSsss
G2 IS OUT 1 MORE ROUND FOR OPTIC LUL
BYE BYE G2 THIS GAME CANT GO OT LUL
How do you not HEAR the fucking door LUL
26 dmg = gud dmg EleGiggle
BOT ALLU NEED A NEW KICK LUL
If g2 somehow wins in ot then renegades make playoffs LUL
smoke weed everyday NA casters LUL
SOMEONE KICK BOTACO AND ALLU LUL
g2 eliminated even with a win in OT LUL
gg gg gg gg gg gg LUL
OT pls this match deserve it Kreygasm
spam this basket to open G2's casket panicBasket
spam this basket to open Optic's casket panicBasket
sad for G2 supa team :(
Renegods have a chance if it goes to OT PogChamp
in this chat: people who suck at math LUL
GIVE OT TO HELP RNG VoHiYo
BOT ALLU WORST AWP PRO LUL
pray to the gaming gods that G2 win in OT to give renegods a chance BlessRNG
Spam this casket to open Optic's casket panicBasket
If G2 win in OT we got 3 at 7 points (RNG, G2 and Optic) PogChamp
Spam this basket to open Optic's casket panicBasket
S U P E R T E A M 4Head
G2 G2 G2 G2 G2 EleGiggle
either optic is good during half buys or G2 sucks against them LUL
GAMBLING KIDS DONT BET ON G2 TRASH TEAM LUL
haha told you go yolo vittu Allu I could see it before round start MingLee
James I R ON HEROIN 4Head
THAT GUY IS SO HIGH LIKE A KITE LUL
you can, with a ryzen laptop... :D
