Make sure to enter the awesome giveaway! http://intelextrememasters.com/raffle :D
@ThePredator1177 GET DABBED ON SON LUL
Make sure to enter the awesome giveaway! http://intelextrememasters.com/raffle :D
I want to see crowd screaming VP VP VP :D
F R I B E R G FUNgineer
Ikr @kimsohyun07 even yesterday, there was like 100000+ on the first channel...then like less than 20000 here LUL
@Zeloer260 wait for vp fans LUL
if VP will lose this.. gg LUL
if this is rigged VP will win katowice LUL
Make sure to enter the awesome giveaway! http://intelextrememasters.com/raffle :D
F R I B E R G FUNgineer
@marcia___ pasha is love! Pasha is life! ;p
idk why but i love watching vp matches even when they going home after 0-3 LUL
VP please don't disappoint us BlessRNG
good guy ESL giving the better match to the B stream so we dont have to hear Pansy SeemsGood
F R I B E R G FUNgineer
FAZE NIKO = PogChampFAT HEROIC NIKO = EleGIggle LUL
ban inferno and pick inferno LUL
ban infero, last map inferno LUL
CAN VP WIN A PISTOL ROUND? LUL
NIKO LEFT FAZE FOR THIS LUL
byali still 40 hours cs go and 50 PUBG LUL
LIVE: Gambit vs. TyLoo - Group B 4Head
BYALI NEVER WON A CLUTCH LUL
I SWEAR HE ALWAYS LOSES CLUTCHES LUL
zal0st VP generally loses everything LUL
byali keep standing in the most obvious spot to prefire mastermind :D
@pinkachu369 he’s benched...retired pretty much :(
Make sure to enter the awesome giveaway! http://intelextrememasters.com/raffle :D
any last words VP fangays? SoBayed
IM VP FAN SO WHAT ? FAT GUYS ? SoBayed
@prius shit, glad you got that resolved :)
You would hit this with p250? Good luck LUL
@bambosh94 @nivenerr @tuco_salamanka I thought so...this caster though . Thanks guys LUL
michu so close to screen WutFace
type if you'll be at IEM Katowice PogChamp
type if the stream title is wrong PogChamp
- neo - byali -pasha -michu -snax 4Head
i thought Jugi died in the walking dead LUL
9K WATHCHING MAJOR FINAL LuL DEAD GAME LUL
michu = mushi on dota2 PogChamp
i thought it was pashacalves Jebaited
VIRTUS PRO? MORE LIKE VIRTUS NOOB LUL
pasha kupil AWP na pierwszy buy ? 4Head
vp can win a game in 2018? :D
I cam here to watch VP Die SeemsGood
will VP eliminated after they lose this match? BibleThump
we don't like no drops Kappa
I came here to watch VP die SeemsGood
USTILO IS A LOBSTER TOM PogChamp
GUYS IT'S HEROIC MAP DON'T CRY PLS FailFish
USTILO IS A LOBSTER TOM PogChamp
MI SHOES MI SHOES MI SHOES Kappa
4 vs 5 and lose :D
ez 16-0 told you polish kids :D
izDanny you think vp is tier1? LUL
bye bye VP bye bye VP bye bye VP HeyGuys
I'm not sure VP think the game is live Kappa
I WILL MISS YOU VP BiblThump BibleThump
niko left faze for this Clap PogChamp
USTILO IS A LOBSTER TOM PogChamp
pasha chce bardzo zagrac przy widzach widac ze ma ich w dupie 4Head
Notlikethis taz left for this NotLikeThis
michu left Kinguin for this WutFace
T A Z D I E D F O R T H I S BibleThump
isn't terrorist side on train the harder one to play? LUL
senaako Thanks for the donation I guess LUL
JUGI = RAPTOR JUGI =RAPTOR KomodoHype
@delgayming LETS SEE I TRUST VP EVEN THEY ARE SH1T LUL
SEMMLER LEFT CASTING FOR THIS LUL
TAZ D I E D F O R T H I S BibleThump
senaako Ok, good luck to them Kappa
AZ D I E D F O R T H I S BibleThump
F R I B U R G E R OpieOP
#1 polish team vs. #3 danish team LUL
Make sure to enter the awesome giveaway! http://intelextrememasters.com/raffle :D
stop it they're already read BibleThump
BYALI LOOKING FOR THE 8X LUL
@sodasilden and the other caster is saying me-shoe LUL
virtus pro not pro anymore LUL
GUYS PLS DON'T CRY VP WILL WIN THIS I AM SURE THIS BibleThump
16-0 16-0 16-0 16-0 16-0 16-0 BlessRNG
2 TAZ LEFT FOR THIS NotLikeThis
USTILO IS A LOBSTER TOM PogChamp
if you are here because you enjoy VP losing KappaPride
WHEN VP GETTING POLISH SUPERSTAR BNTET??? LUL
I came here to watch VP die SeemsGood
16-0 16-0 16-0 16-0 16-0 16-0 BlessRNG
SPAM KIO TO HELP NEO BibleThump
HEROCI PICK THIS MAP PLS GUYS BibleThump
DON'T KNOW WHY I FUCKING BET ON VP AGAIN FailFish
VP WILL SWITCH FROM CS TO PUBG LUL
WHEN VP GETTING POLISH SUPERSTAR BNTET??? LUL
WINA TAZA, nie dał info, ze wchodzą na B LUL
Train is T sided silver chat Kappa
USTILO IS A LOBSTER TOM PogChamp
vp fan right now --> BabyRage
I bet 400$ on VP SwiftRage
NO KIT RIP BRA71L VP IN 2018 LUL
USTILO IS A LOBSTER TOM PogChamp
Virtus saving harder than baitzera LUL
Ffs one caster is saying me-koo...and the other is saying me-shy...YOU ARE BOTH WRONG LUL
taz was kicked for this BibleThump
live to die another day BibleThump
VIRTUS PREMIER GOT INVITED TO THIS TOURNAMENT LUL
pls dont invite VP anymore there is lots of better teams :D
They're still gonna lose it LUL
16-0 16-0 16-0 16-0 16-0 16-0 BlessRNG
16-0 no chance my friend LUL
PLS DON'T INVITE VP ANYMORE give chance AGO (TOP 1 PL team ATM) LUL
PLS DON'T INVITE VP ANYMORE give chance AGO (TOP 1 PL team ATM) . LUL
@insomniuhh me too man...me too BibleThump
VP TAKE MY ENERGY NOT MY SKINS BibleThump
Niko top #2 player btw LUL
NIK LEFT FAZE FOR THIS LUL
USTILO IS A LOBSTER TOM PogChamp
RESET INC RESET INC RESET INC RESET INC RESET INC RESET INC LUL
NIKO LEFT FAZE FOR THIS LUL
Pasha awp 5k on ct train LUL
THis is tough to watch BibleThump
I came here to watch VP die SeemsGood
Graja jak boty na tym trainie LUL
Snax get diabetes, lost his eye LUL
when you watch old Virtus Pro :(
TAZ nie dał infa, że A LUL
I MISS THE OLD VP :(
WHAT IS PRO PUBG PLAYER DOING IN CSGO LUL
Thought VP was back after Nuke T-side yesterday, guess not LUL
PRO PUBG PLAYER'S IN CSGO LUL
SPAM THIS HOE TO DISBAND VIRTUS PRO HotPokket
I came here to watch VP die SeemsGood
SPAM THIS HOE TO DISBAND VIRTUS PRO HotPokket
See you on home VP 4Head
Make sure to enter the awesome giveaway! http://intelextrememasters.com/raffle :D
SPAM THIS HOE TO DISBAND VIRTUS PRO HotPokket
Spam Xiao To start the Plow PogChamp
Byali w tej rundzie zrobil wiecej fragow nzi w poprzednich 12 4Head
VP: "Be patient, train is T site" Kappa
VP SK 2k18 VP SK 2k18 LULVP SK 2k18 LULVP SK 2k18 LULVP SK 2k18 LULVP SK 2k18 LUL
VP SK 2k18 VP SK 2k18 VP SK 2k18 VP SK 2k18 VP SK 2k18 VP SK 2k18 VP SK 2k18 LUL
SHAKE UP THE ROSTER SHAKE UP THE ROSTER LUL
SPAM THIS HOE TO DISBAND VIRTUS PRO HotPokket
@pissuki dendi is just a number LUL
dont worry, heroic still have chance to throw LUL
BYALI FOUND GROZA FROM PUBG LUL
Don't worry, next reound will be reset Kappa
vp disband plea se retire BrokeBack
3-10 ON TRAIN CT SIDE LUL
BREAK THE TEAM UP TIME TO RETIRE LUL
LISTENING TO CASTERS In 2k18 LUL
I came here to watch VP die they deserve it for kicking taz SeemsGood
@Yau_man coz it's the tournament in poland :D
VP DISBAND YOU ARE TOO OLD EleGiggle
I came here to watch VP die they deserve it for kicking taz SeemsGood
no idead about the vote btw VoteNay
10 year olds on Heroic EleGiggle
IS IT MITCHU OR MIKU 4Head
NiKo left FaZe for this LUL
ja pierdoli Papi bedzie grac AWP 4Head
U are pronouncing MICHU wrong SwiftRage
WIN THE PISTOL ROUND VP PLS BlessRNG
only ten more rounds in a row VP... Kappa
WIN THE PISTOL ROUND VP PLS . BlessRNG
Papa Biceps died in Car Acident. HLTV Confirmed This is Rerun BibleThump
📞 HELLO VP TAZ HERE 📞 I GET KICK 📞 FOR THIS ? 📞 4Head
3 : 10 half quick mafs LUL
Papa Biceps died in Car Acident. HLTV Confirmed This is Rerun BibleThump
No black people in poland Nice. Best place to live :D
Lol this song... s1mple Liquid BibleThump
13 rounds half seems legit LUL
4head1 4head1 4head1 4head1 4head1 4head1 4head1 4head1 4head1 4head1 BITS LUL
Papa Biceps died in Car Acident. HLTV Confirmed This is Rerun BibleThump
Guys keep calm Taz was the problem LUL
Make sure to enter the awesome giveaway! http://intelextrememasters.com/raffle :D
I came here to watch VP die they deserve it for kicking taz SeemsGood
VP pistols a way to be -6 from the start LUL
TaZ was the problem OmegaLUL LUL
I came here to watch VP die they deserve it for kicking taz SeemsGood
Papa Biceps died in Car Acident. HLTV Confirmed This is Rerun BibleThump
- neo - byali - pasha - michy DISBAN LUL
danish niko not a choker PogChamp
CZ DO MORE DMG THAN UMP LUL
Papa Biceps died in Car Acident. HLTV Confirmed This is Rerun BibleThump
JW VAC BANNED CHECK HLTV PogChamp
who who who ME WHO PogChamp
Papa Biceps died in Car Acident. HLTV Confirmed This is Rerun BibleThump
equipment value 35k .. and they all pistols LUL
@symmetrie00 your mom died too in my big D MORON SoBayed
Niko left FAZE for this LUL
EZ HEROIC ? WHAT AGAIN ? SoBayed
I came here to watch VP die they deserve it for kicking taz SeemsGood
Papa Biceps died in Car Acident. HLTV Confirmed This is Rerun BibleThump
@symmetrie00 im not a kid i can even buy ur life and ur moms life moron. joking below the belt ? SoBayed
@Ascardos_ nie widzisz ze Heroic ma teraz fulla? Kappa
T A Z D I E D F O R T H I S BibleThump
YUGI IS A LANIMAL ITSELF PogChamp
E N O U G H NotLikeThis
you think you find me? MingLee
Seeing Rubino reminds me of semmler BibleThump
@PTERODACTYLSFTW This play of Jugi is god.. but your new gloves is better <3
s1mple streaming !! s1mple streaming !! s1mple streaming !! PogChamp
17k VIEWER WITH MAJOR TEAMS LMAO CSGO SO DEAD LUL
KappaHD = Color no space Kappa
= Grey face no space Kappa
Vp need to bo ready LUL
WINNING AGAINS VP, SO GUD LUL
just watch your kid uncles VP, stop playing games LUL
this guy is so dramatic LUL
I came here to watch VP die they deserve it for kicking taz SeemsGood
@Mr_Becks VP not watching their flank = LUCK LUL
8-16 NIP 8-16 HEROIC on Train LUL
SAME SCORE ON NIP - ORDER SAME SCORE ON NIP - ORDER 4Head
VP was the most fun team to watch in the past :(
22 SAME SCORE ON NIP - ORDER SAME SCORE ON NIP - ORDER 4Head
at least they have a short way home Kappa
VP STRATS WE OLD WE CANT AIM LETS GO TOGETHER DIE TOGETHER Kappa
I came here to watch VP die they deserve it for kicking taz SeemsGood
It ain't Yuki, it's Takeshi Kovacs DansGame
MAM NADZIEJE ZE ESL POKAZE STATYSTYKI PASHY VS JUGI 4Head
I came here to watch VP die they deserve it for kicking taz SeemsGood
INVITING VP INCREASES TICKET SELLING - VP FAN LUL
vp new team they dont played a lot............. pubg :D
Moddi get killed by Bot_Neo LUL
POKAZCIE STATSY PASHA VS JUGI CHCE SIE ZESRTAC Z SMIEHU 4Head
T A Z D I E D F O R T H I S BibleThump
"HITS HIM IN THE RHINO" MingLee
16-8 NiP vs noob team, 16-8 Heroic vs noob team LUL
I came here to watch VP die they deserve it for kicking taz SeemsGood
I came here to watch VP die they deserve it for kicking taz SeemsGood
VP would have still lost, even if it was nuke LUL
buying RAM when you can just download it LUL
rgb ram? what's next ,rgb fan? LUL
Make sure to enter the awesome giveaway! http://intelextrememasters.com/raffle :D
U S T I L O FUNgineer
VIRTUS POOP INVITED TO KATOWICE OF COURSE LUL
you got me chat not.. EleGiggle
PASHA GIVE TEAM WIN ! BibleThump
Poland legit looks like the Soviet Union LUL
IT IS ACTUALLY REAL THIS TIME LUL
PASHA GIVE TEAM WIN ! BibleThump
I came here to watch VP die they deserve it for kicking taz SeemsGood
Rooting for VP in 2018 LUL
BUT U NOT WILL WIN LUL
VP best team Dota 2 LUL
I came here to watch VP die they deserve it for kicking taz SeemsGood
Papa Biceps died in Car Acident. HLTV Confirmed This is Rerun BibleThump
PASHA GIVE TEAM WIN ! BibleThump
last vp movie before going home nt esl LUL
at least VP doesn't have to go to the airport LUL
PASHA GIVE TEAM WIN ! BibleThump
I came here to watch VP die they deserve it for kicking taz SeemsGood
WAKE UP NOW OR RETIRE BibleThump
Papa Biceps died in Car Acident. HLTV Confirmed This is Rerun . BibleThump
STAY IN SCHOOL KIDS HERE'S YOUR EXAMPLE LUL
best team in da world LUL
Rooting for VP in 2018 LUL
kuben helping right now like okay guys let's win this map LUL
PASHA GIVE TEAM WIN ! BibleThump
HEROIC GOT PEACEMAKER AND VP NEEDS A PACEMAKER LUL
WATCH VP LOSE YET ANOTHER PISTOL ROUND LUL
81 HP for AK = good deal LUL
snax bought in first round LUL
I came here to watch VP die they deserve it for kicking taz SeemsGood
You know vp will get rekt when they put the match in the 2nd stream LUL
The joke: VP win pistol round LUL
I came here to watch VP die they deserve it for kicking taz SeemsGood
D I S B A N D LUL
PASHA GIVE TEAM WIN ! BibleThump
I came here to watch VP die they deserve it for kicking taz SeemsGood
-1 map 2.60 odds free money LUL
JUGI Autimatic Stew AZN DREAM TEAM PogChamp
lmao pasha did he just sneak through smoke like a silver hoping noone will be at B Kappa
jugi fake device made in china :D
EZZ FOR PUBG GOD BYAWI LUL
VP IS BACK VP IS BACK VP IS BACK PogChamp
USTILO IS A MONSTER TOM 4Head
de train to warsaw XDDDDDDDD Kappa
I bet 100000000$ on VP BibleThump
SPAM THIS CRY TO HONOR VPs TRY BibleThump
bye bye VP atleast close to Home towns :D
MICHU AND SNAX VS 7 LUL
neo : bye friend im leaving LUL
BYALI TOPSCORING WITH 1 KILL LUL
DOES VP FAN ACTUALLY EXIST LUL
25k per month for just losing even i can do that LUL
Make sure to enter the awesome giveaway! http://intelextrememasters.com/raffle :D
someone is wasting 125k/month for this LUL
VP IS BACK VP IS BACK VP IS BACK PogChamp
VP IS BACK VP IS BACK VP IS BACK PogChamp
jugi hitting some sick shots SeemsGood
SEND THIS NOODLE TO HELP SKADOODLE pastaThat
why peak 1 by 1 NotLikeThis
JUGI IS AN ANIMAL WDF PogChamp
tunnel vision guy drops from the window they don't even see him LUL
JUGI OH BEST AWPER IN THE WORLD PogChamp
No more invites for VP BibleThump
VP fans said JUGI cheat LUL
VP FANS BE LIKE "JUGI CHEATER" LUL
just approve your team too old to play LUL
= Taz Face (no space) 4Head
any know to much about csgo help me in bets please ? GingerPower
PASHA SLIDING INTO DMS LIKE LUL
1 round won 3 lost NotLikeThis
BYALI JUST WANTS TO PLAY PUBG LUL
byali paid 20k+ to play pubg LUL
wyje....mają bo kase i tak wezmą do ręki ;)
DONT WORRY VP ESL WILL INVITE VP AGAIN LUL
BnTeT > Byali EZ Polish no 1 PogChamp
niko left faze for this LUL
Almir Listo playing for Heroic? PogChamp
YOU CANNOT SPELL LEGEND WITHOUT AN END JonCarnage
VP is a tier 1 team Kappa
Write something in chat if you think VP wins ! PogChamp
Make sure to enter the awesome giveaway! http://intelextrememasters.com/raffle :D
USTILO IS A LOBSTER TOM FUNgineer
CAN'T SPELL BYALI WITHOUT PUBG LUL
@insomniuhh You should spank him daddy Kreygasm
SPAM THIS CRY TO HONOR VPs TRY BibleThump
U S T I L O FUNgineer
@Insomniuhh mods doing good work DatSheffy
cant win 2 round in a row NotLikeThis
USTILO IS A LOBSTER TOM PogChamp
Mod please Ban the word "monkaS" its a bad name for our brazilians :(
go save in the toilet where VP are LUL
I like how jugi got knifed from krimz yesterday LUL
byali pubg stream waiting room ResidentSleeper
SEMMLER LEFT OVERWATCH FOR THIS PogChamp
Im so sad for VP they are so unbelievable shitty :(
byali cant wait to finish this game so he can play some pubg LUL
VP is Pasha, Neo, Michu and 2 bots LUL
you just being warned before bet on VP LUL
VP OFFICIALLY DEAD HLTV CONFIRMED LUL
THIS VP IS SO FKIN BAD LUL
i dont want VP to disband pls noo :(
Widać, że bootcamp Virtusów nie poszedł na marne Kappa
bez kitu ten Michu jest cienki jak siki sw weroniki co on odpierdala 4 fragi 4Head
VP making force buy niko look like factory new NIKO LUL
NT BUT TIME TO GO HOME LUL
Where was you when VP died ResidentSleeper
break just what we needed ResidentSleeper
VP NEED TO STOP SMOKING CRACK LUL
Vp is already at home 4Head
vp is not going home Kappa
why giveaway when i can download more RAM 4Head
You dont need to see walls to play CSGO :D
MICHU 4 FRAGI W 15 RUNDACH DOBRY JEST 4Head
Someone should go check JUGI's monitor for hacks so these VP fans are satisfied LUL
Make sure to enter the awesome giveaway! http://intelextrememasters.com/raffle :D
VP DISBAND ALREADY DEAD TEAM LUL
VP DISBAND AND CREATE NEW PUBG TEAM LUL
kick bad form tier 1 taz for tier 3 michu EleGiggle
byali just chilling thinking about his salary and playing pubg LUL
Rip Virtus Throw Pasha retire LUL
yea taz was the problem Kappa
AT LEAST THEYRE CLOSE TO HOME 4Head
NEO 1.6 Legend i aren’t think that LUL
F R I B U R G E R OpieOP
D I S B A N D 4Head
BYE VP BYE VP BYE VP LUL
4-13 michu bringing the firepower PogChamp
VP elimination getting closer any last words? KappaPride
Last pistol won by VP was on 2014 4Head
GG VP eliminated again in groups BibleThump
it's not force tier999 caster FailFish
spodek arena is gonna be empty LUL
i want to see taz now :D
if taz was a problem what is michu? FailFish
= Taz Face (no space) 4Head
Last pistol won by VP was ESL One New York 2016 LUL
BETTING ON VP IN 2K18 LUL
VP it's over for you :(
@megadethadam this is last match :(
VIRTUS AMATEUR VIRTUS PREMIERE VIRTUS THROW 4Head
VP elimination getting closer any last words? KappaPride
LET THEM WIN A MAP BibleThump
VIRTUS IT'S JUST A PRANK BRO LUL
VP it was good while it lasted BibleThump
at least have a close score, retire bois :(
WELL THEY WERE SO ARROGANT AND THIS IS WHAT GET TO YOU IF YOU ARE LIKE THAT... 4Head
NEO looking for mac10 scope LUL
LET THEM WIN LET THEM WIN BibleThump
TAZ likes to see this game :D
VP is dead officially now :(
@Samcioo nie myśl że coś ugraja :D
VP throwing for pUBG skins LUL
IT WAS GOOD WHILE IT LASTED BibleThump
loosing to tier 3 heroic LUL
AT LEAST VP HAS THE DOTA BOYS LUL
2 0 to heroic omfg :(
VP JUST GET GOOD LOOOOOOOOOL 4Head
1G POLICE NOT A 1G BabyRage
1G POLICE NOT A 1G BabyRage
MICHU MOVE FROM TIER 3 TO TIER 4 LUL
SPAM THIS PUP TO MAKE THE CASTERS SHUT UP FrankerZ
VP elimination getting closer any last words? KappaPride
DOWNLOAD PUBG TO HELP BYALI 4Head
easy we can do this Kappa
MICHU WAS NOT THE SOLUTION LUL
VP RETIRE VP RETIRE VP RETIRE <3
@Evoluxman I'm here. Being disappointed as always LUL
DOWNLOAD PUBG TO HELP BYALI 4Head
DOWNLOAD PUBG TO HELP BYALI 4Head
BYALI THROWING FOR PUBG SKINS LUL
you can do this vp lets go BabyRage
This core doesn't have a solution LUL
DOWNLOAD PUBG TO HELP BYALI 4Head
DOWNLOAD PUBG TO HELP BYALI 4Head
getting 12 rounds vs heroic on 2 maps LUL
NO CHICKEN DINNER FOR BYALI LUL
@whm1337 at least better than VP :)
its not end yet go vp BibleThump
THAT WAS NAUGHT AF THO PogChamp
NICE TRY VP NICE TRY VP CoolStoryBob
DOWNLOAD PUBG TO HELP BYALI 4Head
[2:20:44] <SchlimazeLL> VP I[2:20:45] <HunTunn> LUL
Poland CS Poland CS Poland CS Poland CS LUL
WOW VIRTUS PRO SO TRASH OMG LUL
VP elimination getting closer any last words? KappaPride
VP RETIRE VP RETIRE VP RETIRE VP RETIRE <3
SPAM THIS PUP TO MAKE THE CASTERS SHUT UP FrankerZ
16-4 on their own pick FailFish
BACK TO PUBG VIRTUS G 4Head
BYALI THROWING FOR PUBG SKINS LUL
4-17 Xm1024 VIRTUS PRO FROM TIER 1 TEAM TO TIER 4 lul FailFish
DOWNLOAD PUBG TO HELP BYALI 4Head
YOU CANNOT SPELL LEGEND WITHOUT AN END JonCarnage
AT LEAST WE CAN PLAY MORE PUBG IF WE EXIT EARLY 4Head
LETS DECIDE WHO TO KIKCK NEXT 4Head
NO HOME CROWD FOR VP :(
10 MATCH POINTS TO GO LUL
VP RETIRE VP RETIRE VP RETIRE <3
VIRTUS.PUBG JUST DISBAND u trash LUL
Make sure to enter the awesome giveaway! http://intelextrememasters.com/raffle :D
VP JUST PLAY AGAINST SK LUL
5 rounds more than i thougt vp would get PogChamp
Every team looks rejuvenated against VP LUL
3x burst with good pause... spray... LUL
chu players , chu say cmonBruh
winning 10 in a row? they can even win 10 rounds on a map EleGiggle
Byali sold his CS skins for PUBG skins LUL
VP actually makes me a bit suicidal FailFish
calm down my bois, they already lost EleGiggle
SPAM THIS PUP TO SHUT THE CASTERS UP FrankerZ
where is staff i have a mobile app question BibleThump
VP STILL INVITED IN 2018? LUL
PASHA NEEDS DASHA KICK SNAX FFS I SAW SILVERS HIT SHOTS LIKE THAT WITH EASY PMSTwin
Ruben doesnt even look interested LUL
i cant spam in this channel esl b whack DansGame
Hello ***? 📞 TAZ in the Mercedes here 📞 Nice job in disappointing the home crowd 📞 FUNgineer
VP elimination getting closer any last words? KappaPride
PASHA NEEDS DASHA KICK SNAX FFS I SAW SILVERS HIT SHOTS LIKE THAT WITH EASY PMSTwin
VP elimination getting closer any last words? KappaPride
*** EASIEST GAME IN TOURNAMENT LUL
$25k per month nice salary LUL
Long have we waited VP eliminated Jebaited
TRASHED BY AVERAGE TIER2 TEAM LUL
niko left faze for this PogChamp
BYALI HAPPY TO GO HOME FOR PUBG LUL
someone is paying 125k/month for this LUL
SPAM THIS PUP TO SHUT THE CASTERS UP FrankerZ
VP WAS THE PROBLEM . 4Head
GO HOME VP OH WAIT THEY ARE ALREADY AT HOME 4Head. 4Head
VP SENT HOME OH WAIT 4Head
BYALI HAPPY TO GO HOME FOR MORE PUBG LUL
GO HOME VP OH WAIT THEY ARE ALREADY AT HOME . 4Head
GO HOME VP OH WAIT THEY ARE ALREADY AT HOME . 4Head
PASHA GONNA CRY ON TWITTER LUL
Byali is playing pubg, check his steam LUL
BYALI HAPPY TO GO HOME FOR PUBG LUL
OUT OF GROUPS AT HOME DendiFace
GO HOME VP OH WAIT THEY ARE ALREADY AT HOME . 4Head
BYALI HAPPY TO GO HOME FOR PUBG LUL
cry is free vp fans 4Head
zróbcie porządne roszady, a nie wywalacie taza i jeszcze BlessRNG
bring back taz, kick byali and snax, back to tier 1 gg FailFish
VP MEMES > NIP AND SK MEMES LUL
