haven't heard of ORDER? I haven't heard of this caster LUL
BEST IN THE REGION? RENEAGEDS? LUL
Can someone say Havard "rain" 's last name? BlessRNG
NIKO IS GONNA TILT AGAIN EZ FOR ORDER LUL
Lets go order lets go! :D
BAD JERSEYS WASHED UP STARS FAZE DISBANDING LUL
tier 10 billion trash team LUL
lol only 10k viewers, even starcraft has 15k ... csgo dead LUL
faze vs C9 major rematch PogChamp
10k MAJOR FINAL DEAD GAME LUL
My teeth are disgusting I can't even chew You guessed it right I'm from EU EleGiggle
Spam This Baker For Mayker ChefFrank
thinking you can beat liazz LUL
Spam This Baker For Mayker @kyotors ChefFrank
can see my own reflection in guardian's forehead LUL
whats rain's last name? whats rain's last name? TriHard
WHY IS THE BRIDESMAID SECOND HotPokket
Spam This Baker For Mayker ChefFrank
Spam This Baker For Mayker ChefFrank
Spam This Baker For Mayker ChefFrank
cloud 9 top 1 na team LUL
Spam This Baker For Mayker ChefFrank
Spam This Baker For Mayker ChefFrank
Spam This Baker For Mayker ChefFrank
Spam This Baker For Mayker ChefFrank
Spam This Baker For Mayker ChefFrank
Niagara waterfall is so big TriHard
Spam This Baker For Mayker ChefFrank
Spam This Baker For Mayker ChefFrank
Spam This Baker For Mayker ChefFrank
Spam This Baker For Mayker ChefFrank
Spam This Baker For Mayker ChefFrank
Spam This Baker For Mayker ChefFrank
Spam This Baker For Mayker ChefFrank
who the fuck is order LUL
Spam This Baker For Mayker ChefFrank
ORDER is a NA team?? LUL
Kiwi cs kiwi cs kiwi cs LUL
DRINK SOME GIN FOR EMAGINE DrinkPurple
gurdian best awper they say LUL
@TheTeeTree LIAZZ LIAZZ LIAZZ LIAZZ PogChamp
avant garde not even top 3 in aus LUL
NIKO OVERRATED OLOF OUTDATED LIAZZ ACTIVATED FAZE ELIMINATED Jebaited
NIKO OVERRATED OLOF OUTDATED LIAZZ ACTIVATED FAZE ELIMINATED Jebaited
LIAZZ LIAZZ LIAZZ LIAZZ LIAZZ LIAZZ PogChamp
NIKO OVERRATED OLOF OUTDATED LIAZZ ACTIVATED FAZE ELIMINATED Jebaited
NIKO OVERRATED OLOF OUTDATED LIAZZ ACTIVATED FAZE ELIMINATED Jebaited
ban for type GuardiaN looking good LUL
NIKO OVERRATED OLOF OUTDATED LIAZZ ACTIVATED FAZE ELIMINATED Jebaited
NIKO OVERRATED OLOF OUTDATED LIAZZ ACTIVATED FAZE ELIMINATED Jebaited
NIKO OVERRATED OLOF OUTDATED LIAZZ ACTIVATED FAZE ELIMINATED Jebaited
NIKO OVERRATED OLOF OUTDATED LIAZZ ACTIVATED FAZE ELIMINATED Jebaited
NIKO OVERRATED OLOF OUTDATED LIAZZ ACTIVATED FAZE ELIMINATED Jebaited
NIKO OVERRATED OLOF OUTDATED LIAZZ ACTIVATED FAZE ELIMINATED Jebaited
NIKO OVERRATED OLOF OUTDATED LIAZZ ACTIVATED FAZE ELIMINATED Jebaited
NIKO OVERRATED OLOF OUTDATED LIAZZ ACTIVATED FAZE ELIMINATEDD Jebaited
NIKO OVERRATED OLOF OUTDATED LIAZZ ACTIVATED FAZE ELIMINATED Jebaited
NIKO OVERRATED OLOF OUTDATED LIAZZ ACTIVATED FAZE ELIMINATED Jebaited
NIKO OVERRATED OLOF OUTDATED LIAZZ ACTIVATED FAZE ELIMINATED Jebaited
NIKO OVERRATED OLOF OUTDATED LIAZZ ACTIVATED FAZE ELIMINATED Jebaited
NIKO OVERRATED OLOF OUTDATED LIAZZ ACTIVATED FAZE ELIMINATED Jebaited
NIKO OVERRATED OLOF OUTDATED LIAZZ ACTIVATED FAZE ELIMINATED Jebaited
NIKO OVERRATED OLOF OUTDATED LIAZZ ACTIVATED FAZE ELIMINATEDd Jebaited
NIKO OVERRATED OLOF OUTDATED LIAZZ ACTIVATED FAZE ELIMINATED Jebaited
NIKO OVERRATED OLOF OUTDATED LIAZZ ACTIVATED FAZE ELIMINATED Jebaited
NIKO OVERRATED OLOF OUTDATED LIAZZ ACTIVATED FAZE ELIMINATED Jebaited
NIKO OVERRATED OLOF OUTDATED LIAZZ ACTIVATED FAZE ELIMINATED Jebaited
NIKO OVERRATED OLOF OUTDATED LIAZZ ACTIVATED FAZE ELIMINATED Jebaited
NIKO OVERRATED OLOF OUTDATED LIAZZ ACTIVATED FAZE ELIMINATED Jebaited
NIKO OVERRATED OLOF OUTDATED LIAZZ ACTIVATED FAZE ELIMINATED Jebaited
NIKO OVERRATED OLOF OUTDATED LIAZZ ACTIVATED FAZE ELIMINATED Jebaited
NIKO OVERRATED OLOF OUTDATED LIAZZ ACTIVATED FAZE ELIMINATED Jebaited
NIKO OVERRATED OLOF OUTDATED LIAZZ ACTIVATED FAZE ELIMINATEDd Jebaited
NIKO OVERRATED OLOF OUTDATED LIAZZ ACTIVATED FAZE ELIMINATED Jebaited
NIKO OVERRATED OLOF OUTDATED LIAZZ ACTIVATED FAZE ELIMINATED Jebaited
NIKO OVERRATED OLOF OUTDATED LIAZZ ACTIVATED FAZE ELIMINATED Jebaited
NIKO OVERRATED OLOF OUTDATED LIAZZ ACTIVATED FAZE ELIMINATED Jebaited
2 vs 5 DE with Faze LUL
NIKO OVERRATED OLOF OUTDATED LIAZZ ACTIVATED FAZE ELIMINATED Jebaited
NIKO OVERRATED OLOF OUTDATED LIAZZ ACTIVATED FAZE ELIMINATED Jebaited
WYTE PRIDE WYTE PRIDE WYTE PRIDE TriHard
NIKO OVERRATED OLOF OUTDATED LIAZZ ACTIVATED FAZE ELIMINATED Jebaited
NIKO OVERRATED OLOF OUTDATED LIAZZ ACTIVATED FAZE ELIMINATED Jebaited
NIKO OVERRATED OLOF OUTDATED LIAZZ ACTIVATED FAZE ELIMINATED Jebaited
NIKO OVERRATED OLOF OUTDATED LIAZZ ACTIVATED FAZE ELIMINATED Jebaited
NIKO OVERRATED OLOF OUTDATED LIAZZ ACTIVATED FAZE ELIMINATED Jebaited
NIKO OVERRATED OLOF OUTDATED LIAZZ ACTIVATED FAZE ELIMINATED Jebaited
NIKO OVERRATED OLOF OUTDATED LIAZZ ACTIVATED FAZE ELIMINATED Jebaited
NIKO OVERRATED OLOF OUTDATED LIAZZ ACTIVATED FAZE ELIMINATED Jebaited
NIKO OVERRATED OLOF OUTDATED LIAZZ ACTIVATED FAZE ELIMINATEDd Jebaited
NIKO OVERRATED OLOF OUTDATED LIAZZ ACTIVATED FAZE ELIMINATED Jebaited
NIKO OVERRATED OLOF OUTDATED LIAZZ ACTIVATED FAZE ELIMINATED Jebaited
NIKO OVERRATED OLOF OUTDATED LIAZZ ACTIVATED FAZE ELIMINATED Jebaited
NIKO OVERRATED OLOF OUTDATED LIAZZ ACTIVATED FAZE ELIMINATED Jebaited
trying to fight with an awp against Guardian LUL
NIKO OVERRATED OLOF OUTDATED LIAZZ ACTIVATED FAZE ELIMINATED Jebaited
NIKO OVERRATED OLOF OUTDATED LIAZZ ACTIVATED FAZE ELIMINATED Jebaited
NIKO OVERRATED OLOF OUTDATED LIAZZ ACTIVATED FAZE ELIMINATED Jebaited
NIKO OVERRATED OLOF OUTDATED LIAZZ ACTIVATED FAZE ELIMINATED Jebaited
NIKO OVERRATED OLOF OUTDATED LIAZZ ACTIVATED FAZE ELIMINATED Jebaited
NIKO OVERRATED OLOF OUTDATED LIAZZ ACTIVATED FAZE ELIMINATED Jebaited
NIKO OVERRATED OLOF OUTDATED LIAZZ ACTIVATED FAZE ELIMINATED Jebaited
NIKO OVERRATED OLOF OUTDATED LIAZZ ACTIVATED FAZE ELIMINATED Jebaited
off guard he was looking straight at him LUL
NIKO OVERRATED OLOF OUTDATED LIAZZ ACTIVATED FAZE ELIMINATED Jebaited
Trying to fight with an awp against Guardian LUL
NIKO OVERRATED OLOF OUTDATED LIAZZ ACTIVATED FAZE ELIMINATED Jebaited
NIKO OVERRATED OLOF OUTDATED LIAZZ ACTIVATED FAZE ELIMINATED Jebaited
19K VIEWERS CSGO MAJOR FINAL DEAD GAEM BTW LUL
Aussies think they have a chance LUL
NIKO OVERRATED OLOF OUTDATED LIAZZ ACTIVATED FAZE ELIMINATED Jebaited
RIP ORDER FOR REAL THO..... :(
LIAZZ OVERRATED SICO BOT-TATED HATZ FRUSTRATED ORDER VACATED Jebaited
NIKO OVERRATED OLOF OUTDATED LIAZZ ACTIVATED FAZE ELIMINATED Jebaited
NIKO OVERRATED OLOF OUTDATED LIAZZ ACTIVATED FAZE ELIMINATED Jebaited
NIKO OVERRATED OLOF OUTDATED LIAZZ ACTIVATED FAZE ELIMINATED Jebaited
LIAZZ OVERRATED SICO BOT-TATED HATZ FRUSTRATED ORDER VACATED . . . Jebaited
LIAZZ OVERRATED SICO BOT-TATED HATZ FRUSTRATED ORDER VACATED . . . . Jebaited
NIKO OVERRATED OLOF OUTDATED LIAZZ ACTIVATED FAZE ELIMINATED Jebaited
Niko can only perform against random silver team EleGiggle
NIKO OVERRATED OLOF OUTDATED LIAZZ ACTIVATED FAZE ELIMINATEDd Jebaited
LIAZZ OVERRATED SICO BOT-TATED HATZ FRUSTRATED ORDER VACATED . . Jebaited
that kid liazz got crazy reaction time LUL
NIKO OVERRATED OLOF OUTDATED LIAZZ ACTIVATED FAZE ELIMINATED Jebaited
LIAZZ OVERRATED SICO BOT-TATED HATZ FRUSTRATED ORDER CREMATED Jebaited
NIKO OVERRATED OLOF OUTDATED LIAZZ ACTIVATED FAZE ELIMINATED Jebaited
LIAZZ OVERRATED SICO BOT-TATED HATZ FRUSTRATED ORDER CREMATED . . . Jebaited
NIKO OVERRATED OLOF OUTDATED LIAZZ ACTIVATED FAZE ELIMINATED Jebaited
LIAZZ OVERRATED SICO BOT-TATED HATZ FRUSTRATED ORDER CREMATED . . . . Jebaited
rofl. stop wasting money on Deagle if u cant aim :D
wtf is this stupid copy pasta LUL
NIKO OVERRATED OLOF OUTDATED LIAZZ ACTIVATED FAZE ELIMINATED Jebaited
LIAZZ OVERRATED SICO BOT-TATED HATZ FRUSTRATED ORDER CREMATED . . .. Jebaited
LIAZZ REKT BY OLOF AGAIN Jebaited
NIKO OVERRATED OLOF OUTDATED LIAZZ ACTIVATED FAZE ELIMINATED Jebaited
NIKO OVERRATED OLOF OUTDATED LIAZZ ACTIVATED FAZE ELIMINATED. Jebaited
liazz twitter:"i'm gonna fuck up faze" LUL
LIAZZ OVERRATED SICO BOT-TATED HATZ FRUSTRATED ORDER CREMATED . . . Jebaited
NIKO OVERRATED OLOF OUTDATED LIAZZ ACTIVATED FAZE ELIMINATED.. Jebaited
NIKO OVERRATED OLOF OUTDATED LIAZZ ACTIVATED FAZE ELIMINATED Jebaited
LIAZZ OVERRATED SICO BOT-TATED HATZ FRUSTRATED ORDER CREMATED . . . . Jebaited
LIAZZ OVERRATED SICO BOT-TATED HATZ FRUSTRATED ORDER CREMATED . . . Jebaited
LIAZZ OVERRATED SICO BOT-TATED HATZ FRUSTRATED ORDER CREMATED . . . . . . Jebaited
LIAZZ OVERRATED SICO BOT-TATED HATZ FRUSTRATED ORDER CREMATED . . . Jebaited
NIKO OVERRATED OLOF OUTDATED LIAZZ ACTIVATED FAZE ELIMINATED Jebaited
LIAZZ OVERRATED SICO BOT-TATED HATZ FRUSTRATED ORDER CREMATED . . . . . Jebaited
LIAZZ OVERRATED SICO BOT-TATED HATZ FRUSTRATED ORDER CREMATED . . . Jebaited
LIAZZ OVERRATED SICO BOT-TATED HATZ FRUSTRATED ORDER CREMATED . . . . Jebaited
NEW WORLD ORDER NEW WORLD ORDER NEW WORLD ORDER TheIlluminati
LIAZZ OVERRATED SICO BOT-TATED HATZ FRUSTRATED ORDER CREMATED 3 Jebaited
NIKO OVERRATED OLOF OUTDATED LIAZZ ACTIVATED FAZE ELIMINATED Jebaited
LIAZZ OVERRATED SICO BOT-TATED HATZ FRUSTRATED ORDER CREMATED . . Jebaited
NIKO OVERRATED OLOF OUTDATED LIAZZ ACTIVATED FAZE ELIMINATED Jebaited
NIKO OVERRATED OLOF OUTDATED LIAZZ ACTIVATED FAZE ELIMINATED Jebaited
NIKO OVERRATED OLOF OUTDATED LIAZZ ACTIVATED FAZE ELIMINATED Jebaited
NIKO OVERRATED OLOF OUTDATED LIAZZ ACTIVATED FAZE ELIMINATED Jebaited
NIKO OVERRATED OLOF OUTDATED LIAZZ ACTIVATED FAZE ELIMINATED Jebaited
NIKO OVERRATED OLOF OUTDATED LIAZZ ACTIVATED FAZE ELIMINATEDd Jebaited
NIKO OVERRATED OLOF OUTDATED LIAZZ ACTIVATED FAZE ELIMINATED Jebaited
NIKO OVERRATED OLOF OUTDATED LIAZZ ACTIVATED FAZE ELIMINATED Jebaited
NIKO OVERRATED OLOF OUTDATED LIAZZ ACTIVATED FAZE ELIMINATED Jebaited
NIKO OVERRATED OLOF OUTDATED LIAZZ ACTIVATED FAZE ELIMINATED Jebaited
LOSING TO A SILVER TEAM LUL
LIAZZ OVERRATED SICO BOT-TATED HATZ FRUSTRATED ORDER CREMATED . . .. Jebaited
NIKO OVERRATED OLOF OUTDATED LIAZZ ACTIVATED FAZE ELIMINATED Jebaited
16-13 ORDER WON CHECK RLTV PogChamp
NIKO OVERRATED OLOF OUTDATED LIAZZ ACTIVATED FAZE ELIMINATED Jebaited
LIAZZ OVERRATED SICO BOT-TATED HATZ FRUSTRATED ORDER CREMATED . . . . Jebaited
NIKO OVERRATED OLOF OUTDATED LIAZZ ACTIVATED FAZE ELIMINATED Jebaited
LIAZZ OVERRATED SICO BOT-TATED HATZ FRUSTRATED ORDER CREMATED , , , , Jebaited
LIAZZ OVERRATED SICO BOT-TATED HATZ FRUSTRATED ORDER CREMATED . . . Jebaited
LIAZZ OVERRATED SICO BOT-TATED HATZ FRUSTRATED ORDER CREMATED . . .. Jebaited
NIKO OVERRATED OLOF OUTDATED LIAZZ ACTIVATED FAZE ELIMINATED Jebaited
NIKO OVERRATED OLOF OUTDATED LIAZZ ACTIVATED FAZE ELIMINATED Jebaited
LIAZZ OVERRATED SICO BOT-TATED HATZ FRUSTRATED ORDER CREMATED . . . Jebaited
NIKO OVERRATED OLOF OUTDATED LIAZZ ACTIVATED FAZE ELIMINATED Jebaited
LIAZZ OVERRATED SICO BOT-TATED HATZ FRUSTRATED ORDER CREMATED . . . Jebaited
LIAZZ OVERRATED SICO BOT-TATED HATZ FRUSTRATED ORDER CREMATED 3 Jebaited
LIAZZ OVERRATED SICO BOT-TATED HATZ FRUSTRATED ORDER CREMATED . . . . Jebaited
STOP NIKO I CAN ONLY GET SO ERECT Kreygasm
GET OUT OF SERVER NIKO LUL
LIAZZ OVERRATED SICO BOT-TATED HATZ FRUSTRATED ORDER CREMATED Jebaited
Yeah yeah and he's gona be poop in playoff if they even reach it LUL
Niko Overated ? silver CHat LUL
Chat's moving so fast they won't see I'm actually a Faze fan EleGiggle
LIAZZ OVERRATED SICO BOT-TATED HATZ FRUSTRATED ORDER CREMATED . . . . . Jebaited
CHOKO WILL CHOKE LATER IN QUARTERS RELAX NOW!!! LUL
NIKO > all of your bot players LUL
LIAZZ OVERRATED SICO BOT-TATED HATZ FRUSTRATED ORDER CREMATED . . . . Jebaited
NIKO OVERRATED OLOF OUTDATED LIAZZ ACTIVATED FAZE ELIMINATED Jebaited
NIKO OVERRATED OLOF OUTDATED LIAZZ ACTIVATED FAZE ELIMINATED Jebaited
NIKO OVERRATED OLOF OUTDATED LIAZZ ACTIVATED FAZE ELIMINATED Jebaited
LIAZZ OVERRATED SICO BOT-TATED HATZ FRUSTRATED ORDER CREMATED 3 3 3 Jebaited
NIKO OVERRATED OLOF OUTDATED LIAZZ ACTIVATED FAZE ELIMINATED Jebaited
LIAZZ OVERRATED SICO BOT-TATED HATZ FRUSTRATED ORDER CREMATED . . Jebaited
NIKO OVERRATED OLOF OUTDATED LIAZZ ACTIVATED FAZE ELIMINATED Jebaited
NIKO OVERRATED OLOF OUTDATED LIAZZ ACTIVATED FAZE ELIMINATED Jebaited
NIKO OVERRATED OLOF OUTDATED LIAZZ ACTIVATED FAZE ELIMINATED Jebaited
LIAZZ OVERRATED SICO BOT-TATED NIKO FRUSTRATED ORDER CREMATED Jebaited
NIKO OVERRATED OLOF OUTDATED LIAZZ ACTIVATED FAZE ELIMINATED Jebaited
LIAZZ OVERRATED SICO BOT-TATED NIKO ACTIVCATED ORDER CREMATED Jebaited
NEW WORLD ORDER NEW WORLD ORDER NEW WORLD ORDER TheIlluminati
NIKO OVERRATED OLOF OUTDATED LIAZZ ACTIVATED FAZE ELIMINATED Jebaited
LIAZZ OVERRATED SICO BOT-TATED NIKO ACTIVATED ORDER CREMATED Jebaited
LIAZZ OVERRATED SICO BOT-TATED NIKO ACTIVCATED ORDER CREMATED Jebaited
LIAZZ OVERRATED SICO BOT-TATED NIKO ACTIVATED ORDER CREMATED . . Jebaited
LIAZZ OVERRATED SICO BOT-TATED NIKO ACTIVATED ORDER NOW CREMATED Jebaited
NIKO OVERRATED OLOF OUTDATED LIAZZ ACTIVATED FAZE ELIMINATED Jebaited
LIAZZ OVERRATED SICO BOT-TATED NIKO ACTIVATED ORDER NOW CREMATED . . . Jebaited
Order and losing advantages. name a better duo LUL
NIKO OVERRATED OLOF OUTDATED LIAZZ ACTIVATED FAZE ELIMINATED Jebaited
FAZE UP? ORDER UP orderCS VoteNay
BOT NIKO SUCH A S%#T PLAYER LUL
LIAZZ OVERRATED SICO BOT-TATED NIKO ACTIVATED ORDER NOW CREMATED . . Jebaited
NIKO OVERRATED OLOF OUTDATED LIAZZ ACTIVATED FAZE ELIMINATED Jebaited
Spam This Baker For Mayker ChefFrank
NIKO OVERRATED OLOF OUTDATED LIAZZ ACTIVATED FAZE ELIMINATED Jebaited
CENTRELINK ARMY CENTRELINK ARMY CENTRELINK ARMY PogChamp
NIKO OVERRATED OLOF OUTDATED LIAZZ ACTIVATED FAZE ELIMINATED Jebaited
LIAZZ OVERRATED SICO BOT-TATED NIKO LUBRICATED ORDER NOW CREMATED Jebaited
LIAZZ OVERRATED SICO BOT-TATED NIKO LUBRICATED ORDER NOW CREMATED .. . Jebaited
LIAZZ OVERRATED SICO BOT-TATED NIKO LUBRICATED ORDER NOW CREMATED . . . . . . Jebaited
NIKO OVERRATED OLOF OUTDATED LIAZZ ACTIVATED FAZE ELIMINATED Jebaited
LIAZZ OVERRATED SICO BOT-TATED NIKO LUBRICATED ORDER NOW CREMATED . . . Jebaited
Niko happy about frags vs AUS LUL
Niko happy about frags against AU CS LUL
LIAZZ OVERRATED SICO BOT-TATED NIKO LUBRICATED ORDER NOW CREMATED . . . Jebaited
FAZE CLAN = NEW VP LUL
SPAM RAIN's LAST NAME TO WIN THE GAME LUL
LIAZZ OVERRATED SICO BOT-TATED NIKO LUBRICATED ORDER NOW CREMATED . . Jebaited
@tronixx11 it can be "be mean" too :)
The fuck is Order btw PipeHype
LIAZZ OVERRATED SICO BOT-TATED NIKO LUBRICATED ORDER NOW CREMATED Jebaited
Number 1 of the world vs tier 20 LUL
Sico deserves a better team BibleThump
LIAZZ OVERRATED SICO BOT-TATED NIKO LUBRICATED ORDER NOW CREMATED . . . Jebaited
REBEL SCUM > NEW ORDER LUL
@weekndx0 you're suppose to be very bad if you lose rounds in deathmatch LUL
LIAZZ OVERRATED SICO BOT-TATED NIKO LUBRICATED ORDER NOW CREMATED. . . . Jebaited
LIAZZ OVERRATED SICO BOT-TATED HATZ FRUSTRATED ORDER CREMATED . . Jebaited
i dont even know wtf order is LUL
LIAZZ OVERRATED SICO BOT-TATED NIKO LUBRICATED ORDER NOW CREMATED . . . Jebaited
niko wants to break his own record LUL
LIAZZ OVERRATED SICO BOT-TATED NIKO LUBRICATED ORDER NOW CREMATED . . . . . Jebaited
LIAZZ OVERRATED SICO BOT-TATED NIKO LUBRICATED ORDER NOW CREMATED LIAZZ OVERRATED SICO BOT-TATED NIKO LUBRICATED ORDER NOW CREMATED . Jebaited
time go back to boxing kangaroos Kappa
niko in groupstage vs niko in finals Bot niko LUL
Kill Niko and you win ORDER SwiftRage
@sigglemmicks only in group stages LUL
Trying to fight with an awp against Guadrian LUL
1g police no one cares LUL
My teeth are disgusting I can't even chew You guessed it right I'm from EU EleGiggle
NOT REAL 1G TRUST ME - IM 1G LOREMASTER SeemsGood
Guardian shaved and looking sexy af KappaPride
guardian be like, this guy keeps stealing all my kills Kappa
GuardiaN 2 fast 4 eyes CurseLit
WHERE ARE YOU NOW SCREAM? Kappa
Go back to drinking beer from a shoe Order LUL
that not Niko he's Scream Kappa
NIKO OVERRATED OLOF OUTDATED LIAZZ ACTIVATED FAZE ELIMINATED Jebaited
SO MUCH CONFIDENCE IN NIP ON STRAFE LUL
NIKO OVERRATED OLOF OUTDATED LIAZZ ACTIVATED FAZE ELIMINATED3:17Sishir13: NiP score Jebaited
LIAZZ UNKNOWNED SICO WHOTHEHELLED NIKO ACTIVATED ORDER ELIMINATED Jebaited
NIKO OVERRATED OLOF OUTDATED LIAZZ ACTIVATED FAZE ELIMINATED Jebaited
ORDER SUB IS IN CHAT PogChamp
yes, snowing, becousce its Poland Kappa
NIKO PLAYING GOOD ONLY VS TIER 20 TEAMS LUL
where'd that ORDER fanboy go with his copy pasta LUL
NIKO ONLY GOOD AGAINST T3 TEAMS LUL
niko against tier 5 teams niko against c9 in major final forsenKek PogChamp
NIKO OVERRATED OLOF OUTDATED LIAZZ ACTIVATED FAZE ELIMINATED Jebaited
@PyskatyKRT You are a joke LUL
Spam rain's last name To win the game TriHard
NIKO OVERRATED OLOF OUTDATED LIAZZ ACTIVATED FAZE ELIMINATED Jebaited
Karrigan not even positive against tier 10 LUL
Everyday Mans on the block, smoke trees TriHard
Spam rain's last name To win the game TriHard
LIAZZ OVERRATED SICO BOT-TATED NIKO LUBRICATED ORDER NOW CREMATED .. Jebaited
SPAM RAIN's LAST NAME TO WIN THE GAME LUL
Niko only wants kill not win Kappa
Spam rain's last name To win the game TriHard
Aussies where is ur spam LUL
FORSEN BOIS doctorHANDSHAKE doctorPERFECT doctorBEST doctorTROPHY1 FORSEN BOIS doctorHANDSHAKE doctorPERFECT doctorBEST doctorTROPHY1 <3
NIKO OVERRATED OLOF OUTDATED LIAZZ ACTIVATED FAZE ELIMINATED Jebaited
NIKO OVERRATED OLOF OUTDATED LIAZZ ACTIVATED FAZE ELIMINATED Jebaited
Let's see them in playoffs LUL
30 kills in 19 round LUL
2+2 is 4 - 1 thats 3 Quick maffs TriHard
SPAM RAIN's LAST NAME TO WIN THE GAME LUL
SK 1 FAZE 2 OMEGALUL LUL
2nd??? who is first sk???+ LUL
NIKO OVERRATED OLOF OUTDATED LIAZZ ACTIVATED FAZE ELIMINATED Jebaited
@srD3MENT0R not really, check hltv 4Head
stop being mean to order BibleThump
faze hasn't one à tournament in 6 months and people think it's #1 LUL
NIKO OVERRATED OLOF OUTDATED LIAZZ ACTIVATED FAZE ELIMINATEDd Jebaited
NIKO OVERRATED OLOF OUTDATED LIAZZ ACTIVATED FAZE ELIMINATED Jebaited
FaZe never beat SK in a bo3 LUL
The guy on the right has a crugh on the guy on the left KappaPride
RGB will help me playing Kappa
only real LULer can build this perfect pyramid . Try like me !Try like me ! Try like me !! And my pyramid still higher! LUL
Wheres Jolie... get this low budget Lara outta here LUL
Going stream A be back for POGGERS Kappa
SHOWING THE ONLY GOOD PARTS LUL
this prime ad about superheroes FailFish
Tomb Raider Movie without Angelina Jolie ResidentSleeper
"Awesome gaming gear" = Pringles ? LUL
Why is chat moving so slowly? LUL
IEM KATOWICE 8K VIEWERA OMEGA LUL
HUGO SWALLOW THE PULMES DOWN YOUR THROATH LUL
ME ORC ME SPAM NO MODS NO BAN SMOrc
Hello RENEGADES WHATS NIFTYS BUYOUT SKA IS BAD 4Head
YUGI MY FAV AWP PLAYER MingLee
SPAM THIS TO LAUGH AT C9 LUL
Not allowed to have a watch LUL
can't pretend to be niko LUL
nice mirage ban by heroic LUL
Heroic take my energy not my skins <3
FLUSHA OVER THE AIR CHEATS PogChamp
JW WATCH VAC CHECK HTVL ! ! ! ! PogChamp
XANTARES VAC BANNED CHECK HLTV 4Head
WE SMART WE LOYAL WE FRIENDLY WE ARE FROM BRAZIL Kreygasm
SNAX LEFT VP FOR THIS LUL
JW JUST GOT WATCH BAN CHECK HTLV! ! ! PogChamp
CHANGE TITLE CHANGE TITLE CHANGE TITLE CHANGE TITLE cmonBruh
niko left faze for this LUL
K R I M Z FUNgineer
Rubino, go on, but not too much OpieOP
MODDI LEFT FNATIC FOR HEROIC LUL
Niko really left faze for this LUL
SK VS AVANGAR @ESL_CSGOb nice title Clap LUL
Then lie to me SiggLemmicks BibleThump
niko left Faze for this LUL
niko leave faze for this LUL
If only the rest of FaZe was here LUL
budget niko > real niko PogChamp
niko leave faze for this .. LUL
this man is on fire Kappa
Can i even use emote without getting deleted? TriHard
NIKO LEFT FAZE FOR THIS LUL
niko leave faze for this 26 LUL
why did mods stop my message telling rubino to stop? DansGame
flusha and krimz 30k per month no knife LUL
flusha doesn't cheat dumb silver LUL
Perm does what he's paid for, Repo not unmod DansGame
MOM THIS ARE NOT MY FAV CASTERS BabyRage
kniter does what he is getting paid for, memes in chat PogChamp
Moobot silver BO3 as well are today LUL
Censorship in this chat is worse than North Koreans local internet. Keepo
niko left Faze for this PogChamp
WTF IS THIS STRAT GOLDEN FailFish
FAZE AS WASHED UP AS FNATIC LUL
Rubino stop playing good this match BabyRage
Golden is a trash tactician LUL
rubinho has been in that corner every round LUL
niko left Faze for this PogChamp
First Nip now Fnatic First Nip now Fnatic Jebaited
B ---> A ---> B ---> A GOLDEN IGL LUL
niko leave faze for this 52 LUL
swiss round is trash - snappi EleGiggle
niko leave faze for this LUL
Niko from faze to this FailFish
krimz and flusha 30K per month no knife LUL
@ccs2525 they gamble it all Kappa
golden out xizt in fnatic #1 again Kappa
flusha no hack no win LUL
WTF is this color palette WutFace
GOLDEN CS NEW FNATIC ERA LUL
wanna hear a joke? FUNATIC LOST TO TYLUL LUL
stop bullying Golden he is the new Pronax BabyRage
NIKO LEFT FAZE FOR THIS LUL
Golden yet to make a correct mind round call new Pronax btw LUL
2010 HUD 2010 HUD 2010 HUD Kappa
look in the the camera JW / Kappa
JW VAC BANNED CHECK REDDIT PogChamp
JW BANNED CHECK HLTV !!! PogChamp
NU BLIR DET RISGRYNSGRÖT DANSKAR SMOrc
Niko left FaZe JW banned 20k viewer on a major final CS is dead LUL
LOGAN PAUL VAC-BANNED CHECK HLTV PogChamp
Krimz left Pomhub for this BibleThump
KENNYS BANNED CHECK THE DAILY MAIL LUL
dont warry heroic fans funatic lost to tylul EleGiggle
@Loganpaul Hi dude have you found anymore? PogChamp
@LilPumpVevo kukki gang kukki gang PogChamp
professional game IF FANATIC LOSE BrokeBack
who the fucc likes heroic? :D
turn down your OWN SATURATION SwiftRage
niko left faze for this LUL
Niko playing for 2 teams in the same championship RESPECT! BibleThump
@Yum448 yea Heroiz has 1st 2 rounds :D
My teeth are disgusting I can't even chew You guessed it right I'm from EU EleGiggle
RUBINO WITH THE CLEAN LOCKS LUL
I'm a human being I have a family I enjoy following my favorite teams Yep, you guessed it, I'm from Europe :)
I'm a human being I have a family I enjoy following my favorite teams Yep, you guessed it, I'm from Europe :)
Golden IGL thats why they lose LUL
I am from Europe I watch these games You are right My cope pastes don't rhyme .D :D
niko left faze for this LUL
niko left faze for this . LUL
Krimz carry with 3 entries LUL
Niko was better in faze tbh LUL
niko left faze for this LUL
niko was better in faze LUL
niko left faze for this . LUL
niko left faze for this LUL
niko left faze for this . LUL
niko left faze for heroic LUL
niko left Faze for this LUL
niko was better in faze LUL
niko left faze for this LUL
JW VAC BAN CHECK HLTV PogChamp
JW VAC BAN CHECK HLTV PogChamp
niko left faze for heroic so loyal LUL
niko was better in mouz LUL
Faze wll not same without niko :(
niko left faze for this LUL
flusha straight up just took A side of map LUL
Faze niko left for this LUL
niko left faze for this . LUL
JW TO TYLOO CHECK HLTV PogChamp
niko left faze for heroic so loyal LUL
one more xD and im out LUL
Niko left Faze for this LUL
Faze will not same without Niko :(
niko golddigger leaves Faze for Heroic LUL
TYLOO BOUGHT PEACEMAKER AGAIN CHECK HLTV PogChamp
niko left faze for this LUL
Friberg and xizt to tyloo LUL
niko golddigger leaves Faze for Heroic LUL
niko left faze for heroic so loyal LUL
Friberg and xizt to tyloo check hltv LUL
niko golddigger leaves Faze for Heroic LUL
niko left faze for this LUL
niko golddigger leaves Faze for Heroic LUL
Niko left faze for heroic LUL
K R I M Z FUNgineer
niko left faze for this LUL
omfgg this lag my intetnet :(
JW VAC BAN CHECK HLTV PogChamp
NIKO TO HEROIC CHECK HLTV PogChamp
MIXWELL JOINS HEROIC CHECK FBTV PogChamp
K R I M Z . FUNgineer
niko left faze for heroic so loyal LUL
niko left faze for heroic so loyal LUL
Niko left Faze for Heroic LUL
MIXWELL FRIBERF ALLU USTILO JOINS TO HEROIC PEACEMAKER KICKED CHECK HLTV PogChamp
niko left faze for this DansGame
niko left faze for heroic so loyal LUL
JW VAC BANNED CHECK HLTV PogChamp
JW VAC BANNED TWITCH COMFIRMED PogChamp
nice score ESL PRODUCTION VALUE LUL
People complaining about twitch chat LUL
theres literally 17k people watching PogChamp
When krimz wants MVP o the tournament 4Head
jw is 35 years old LUL
FUNATIC LOST TO TYLOO CHECK HLTV PogChamp
DAZED JOINS IBP CHECK HLTV PogChamp
niko left faze for this LUL
NIKO LEFT FAZE FOR THIS LUL
I predicted 16-7 with flusha second top frag, so close Kreygasm
NIKO LEFT FAZE FOR THIS LUL
dont care bo1 or bo3 swiss round is trash -snappi dont care bo1 or bo3 swiss round is trash -snappi EleGiggle
I hate people when they type "xD" its really annoying. Thank you guys <3
one more Nikoe joke and im out DansGameFaze Nick to heroic LUL
niko left faze for this LUL
NIKO LEFT FAZE FOR THIS LUL
thanks Liquid, North and Fnatic <3
jw is 46 years old check hltv LUL
JW vac banned check HLTV PogChamp
Niko left faze for this LUL
JW vac banned check hltv Kappa
JW IS A RAGING HOMOSEXUAL CHECK HLTV LUL
JW TO MARS MISSION CHECK HLTV PogChamp
HLTV VAC BANNED CHECK JW PogChamp
LOSING To Fnatic in 2k18 LUL
NIKO LEFT FAZE FOR THIS LUL
VAC BAN HLTVED CHECK JW PogChamp
JW NEW #1 PLAYER CHECK HLTV PogChamp
there are 2 niko's STOP spamming BabyRage
niko left faze for this LUL
NIKO LEFT FAZE FOR THIS LUL
DOES SNAPPY KNOW? - noob caster PogChamp
losing to cloud 9 in 2k18 LUL
niko left faze for this LUL
I WANT TO KMS CHECK HLTV PogChamp
NIKO LEFT FAZE FOR THIS LUL
One more jw joke and im out DansGame
Who listen RICH BRIAN song here? /\ MingLee
JW SAVED AWP CHECK HLTV PogChamp
NIKO LEFT FAZE FOR THIS LUL
16-14 to heroic check hltv LUL
NIKO LEFT FAZE FOR THIS LUL
faze it niko for this? LUL
how are faze gonna replace niko ? LUL
faze this left for niko LUL
JW IS A RAGING HOMOSEXUAL CHECK HLTV LUL
niko left FaZe for this NotLikeThis
JW IS A RAGING HOMOSECXUAL CHECK HLTV LUL
JW GOES KNG CHECK TWITTER PogChamp
NIko had to do it to faze LUL
niko left faze for this LUL
JW banned VAC check myspace Kappa
NIKO LEFT FAZE FOR THIS LUL
FLUSHA VAC BANNED CHECK HLTV LUL
KRIMZ IS A GOD CHECK HLTV PogChamp
niko left faze for this LUL
JW BUYS P90 CHECK HLTV PogChamp
JUGI signed for Real Madrid. CHECK HLTV PogChamp
Heroic win go check hltv LUL
JW DID 9/11 CHECK HLTV LUL
NRG TO LONDON MAJOR FINALS CHECK HLTV PogChamp
WENGER OUT! FINALLY! CHECK HLTV PogChamp
JW did 9/11 check hltv LUL
JW SIGNED FOR REAL CAUSE HE IS CHEATING CHECK HLTV PogChamp
JW DID 9/11 CHECK HLTV LUL
WENGER OUT HENRY IN CHECK HLTV PogChamp
JW KILLED KENNEDY CHECK HLTV PogChamp
LEBRON TO GSW CHECK HLTV PogChamp
niko left faze for this LUL
JW HACKED US ELECTIONS CHECK HLTV PogChamp
Fnatic win i get dlore KappaPride
JW BOMBED PEARL HARBOR CHECK HLTV PogChamp
JW dating GabeN check HLTV PogChamp
niko left faze for this LUL
only real LULer can build this perfect pyramid . Try like me !Try like me ! Try like me !! And my pyramid still higher!!!!!! LUL
They all look the same to me LUL
TYPING IN CHAT WITHOUT MIND TRANSDUCER IN 2thousand18 FailFish
WIsh Ihave the money to watch an event like this live :(
<сообщение удалено> Any Ruskis here? SoBayed
U S T I L O FUNgineer
USTILO IS A LOBSTER TOM LUL
USTILO IS A BOT TOM LUL
USTILO IS A LOBSTER TOM ButterSauce PogChamp
avangar online vs avangar offline LUL
avangar are u guys kiddding me with this tier 4 team? Kappa
VP GOOD TEAM - NEW BAIT Jebaited
jkaem - jks - just kidding LUL
@ESL_CSGOb couse its strange stream A has no teams playing in title and stream B always outdated ... like come on <3
U S T I L O FUNgineer
@ESL_CSGOb just put in title the same as in stream A pls <3
AVA offline vs AVA online LUL
USTILO IS A LOBSTER TOM LUL
U S T I L O FUNgineer
BET ON AVANG 1ST MAP NOW <3
USTILO IS A LOBSTER TOM LUL
U S T [2:44:35] <ri[2:44:35] <rizonv> im on iem its 9-2 FUNgineer
AVANGAR online: T1 AVANGAR on LAN: T100 T100 LUL
USTILO IS A LOBSTER TOM LUL
USTILO IS A LOBSTER TOM LUL
U S T I L O FUNgineer
USTILO IS A LOBSTER TOM LUL
@kappawild oh no I'm so upset now, a kid on the internet called me dumb BabyRage
USTILO IS A LOBSTER TOM LUL
No job ✅ No girlfriend ✅ No friends ✅ No talents ✅ Wasting time on Twitch ✅ Must be me 4Head
USTILO IS A LOBSTER TOM LUL
No job ✅ No girlfriend ✅ No friends ✅ No talents ✅ Wasting time on Twitch ✅ Must be me 4Head
No job ✅ No girlfriend ✅ No friends ✅ No talents ✅ Wasting time on Twitch ✅ Must be me 7 4Head
No job ✅ No girlfriend ✅ No friends ✅ No talents ✅ Wasting time on Twitch ✅ Must be me 7 4Head
USTILO IS A LOBSTER TOM LUL
maybe only 8 people with keyboards LUL
No job ✅ No girlfriend ✅ No friends ✅ No talents ✅ Wasting time on Twitch ✅ Must be me 4Head
Drier than any woman who looks at me LUL
No job ✅ No girlfriend ✅ No friends ✅ No talents ✅ Wasting time on Twitch ✅ Must be me 4Head
No job ✅ No girlfriend ✅ No friends ✅ No talents ✅ Wasting time on Twitch ✅ Must be me 4Head
No job ✅ No girlfriend ✅ No friends ✅ No talents ✅ Wasting time on Twitch ✅ Must be me 4Head
USTILO IS A LOBSTER TOM LUL
No job ✅ No girlfriend ✅ No friends ✅ No talents ✅ Wasting time on Twitch ✅ Must be me 4Head
no job ✅ shitty life ✅ no girlfriend ✅ depression ✅ useless ✅ wasting time on memes ✅ yeah that's me 4Head
@BFH10 Nah wasn't me! I think you're talking about QBF vs Pact :)
no job ✅ shitty life ✅ no girlfriend ✅ depression ✅ useless ✅ wasting time on memes ✅ yeah that's me 4Head
USTILLO IS POOR MAN'S KRIMZ LUL
USTILO IS A LOBSTER TOM LUL
USTILO IS A LOBSTER TOM LUL
USTIILO IS A LOBSTER TOM LUL
@BFH10 Thanks dude! or girl! I dunno :D
U S T I L O FUNgineer
USTILO IS A LOBSTER TOM LUL
STILO IS A LOBSTER TOM LUL
USTILO IS A LOBSTER TOM LUL
USTILO IS A LOBSTER TOM LUL
USTILO IS A LOBSTER TOM H LUL
TOM IS A LOBSTER USTILO LUL
USTILO IS A BOBSTER TOM LUL
USTILO IS A LOBSTER TOM LUL
IS A TOM LOBSTER USTILO LUL
USTILLO IS A LOBSTER TOM LOL LUL
JW IS A VAC BAN LUL
USTILO IS A LOBSTER TOM LUL
anyone have some paysafecard pls? 1e??? thanks :)
JW IS A LOBSTER USTILO LUL
USTILO IS A LOBSTER TOM LUL
USTILO IS A LOBSTER TOM LUL
ban one american and you get the whole mcdonalds OpieOP
USTILO IS A LOBSTER TOM ButterSauce PogChamp
Jame online 30-10 on lan 3-14 LUL
USTILO IS A LOBSTER TOM LUL
USTILO IS A LOBSTER TOM LUL
ButterSauce USTILO IS A LOBSTER TOM PogChamp
U S T I L L O FUNgineer
U S T I L O FUNgineer
USTILO IS A LOBSTER TOM LUL
U S T I L O FUNgineer
U S T I L L O FUNgineer
U S T I L O FUNgineer
U S T I L L O FUNgineer
<-- Lob ster (no space) Squid3
2+2 is 4 - 1 that's 3 quick maffs. TriHard
2+2 is 4 - 1 that's 3 quick maffs. TriHard
U S T I L O FUNgineer
U S T I L L O FUNgineer
Jame OnlineGod but 4-17 on lan SeemsGood
USTILO IS A LOBSTER TOM LUL
why arent they rotating B LUL
U S T I L L O FUNgineer
U S T I L O FUNgineer
U S T I L L O FUNgineer
drop bomb B, stack A LUL
U S T I L L O FUNgineer
U S T I L O FUNgineer
USTILO IS A LOBSTER TOM LUL
U S T I L O FUNgineer
Jame relaly bad peek there two times :p
U S T I L O FUNgineer
U S T I L O FUNgineer
<-- Kap pa (no space) Kappa
USTILO IS A LOBSTER TOM LUL
U S T I L L O FUNgineer
USTILO IS A LOBSTER TOM LUL
obviously you can get drops they're just lying Kappa
U S T I L O FUNgineer
U S T I L O FUNgineer
USTILO IS A LOBSTER TOM LUL
U S T I L L O FUNgineer
USTILO IS A LOBSTER TOM LUL
wish him a happy bday <3
"Prey on the competition" so get 8 kills in 40 rounds LUL
play like Zeus no thanks LUL
Pringles not even sliced potato LUL
@Cent wipz told chat to tell you that you suck Kappa
@Cent your bunny is cute :)
peek mid 1 by 1 LUL
Nifty had a glock you pleb LUL
U S T I L O FUNgineer
U S T I L O FUNgineer
U S T I L O FUNgineer
USTILO head brighter than Avangar future LUL
U S T I L O FUNgineer
USTILO IS A LOBSTER TOM LUL
U S T I L L O FUNgineer
4 vs 2 ? really EleGiggle
Typing USTILLO with double L LUL
U S T I L O FUNgineer
USTILO TO HEROIC CONFIRMED CHECK HLTV PogChamp
USTILO IS A LOBSTER TOM LUL
U S T I L L O FUNgineer
avangar online heroes.... offline trash... it means something Kappa
@Tyrull why would they show 2 filled boxes when the game would be finished after 2 maps... LUL
CANT WIN 2v1 VS USTILO LUL
U S T I L O FUNgineer
cant say cry cost 0$ cmonBruh
Avangar beat mousesports in online EleGiggle
bo5 major finak 0 viewers LUL
durrr BRATIL cant spell own country correctly water pollution durrr BrokeBack
@kappawild i made 2-3 posts on renegades on hltv since i made an account and you're following me around on twitch. funniest thing ever.. LUL
@kappawild never seen someone take hltv so seriously. you have issues. LUL
@Tyrull tyr pls if you have no clue about cs matches stop argueing LUL
@pushkins98 AVANGAR best team in the world PogChamp
COLDZERA TO AVANGAR CHECK HLTV PogChamp
U S T I L L O FUNgineer
and that why mouz is not participating NotLikeThis
8-1 > 10-5 > 10-11 EleGiggle
THIS IS WORSE THAN FEMALE CS DoritosChip
Renegades choke 8-1 > rush b 4 vs 5 > 10-5 > 11-11 EleGiggle
kazakh coms they all speak russian LUL
kazakh coms they all speak mongolian LUL
U S T I L L O FUNgineer
U S T I L L O FUNgineer
caster doesnt notice avangar is in the same situation FailFish
ALL MY CHILD SUPPORT MONEY ON RENEGADES !!! COME ON AUSSIE <3
1 man fake NEW META PogChamp
11-16 gg EZ check hltv PogChamp
AVA online vs AVA offline LUL
Hero play in a nutshell LUL
The site guy had to get one kill LUL
U S T I L L O FUNgineer
NO USTILO MONSTER SPAM IN CHAT? DansGame
U S T I L L O FUNgineer
U S T I L O FUNgineer
U S T I L O . FUNgineer
U S T I L O. FUNgineer
U S T I L O FUNgineer
U S T I L O FUNgineer
USTILO IS A LOBSTER TOM LUL
U S T I L O FUNgineer
and that why mouz is not participating NotLikeThis
U S T I L O FUNgineer
U S T I L O FUNgineer
Pistol team never forget 6/6 then got eliminated haha LUL
U S T I L L O FUNgineer
SHOW US X GOD CAM Kreygasm
is twitch working for you guys? any of the streams not working BibleThump
U S T I L L O FUNgineer
seized bot and dosia bot on gambit WutFace
why this caster keep say accurate LUL
U S T I L L O FUNgineer
k r i m z FUNgineer
2 RICH BRIAN x 3 HIGHER BROTHER /\ MingLee
WHO WAS IT? - SOMEBODY. WHO? - SOMEBODY. WHO?! DansGame
well, you live you learn Kappa
C9 almost lost to this LUL
You know Seized is a bot when even Flipsid3 didn't want him LUL
@izeas5200 you realize both of these teams are asian right FailFish
THIS CHAT IS SOME QUALITY SH*T MAN PogChamp
@Nille_TV yea but u know which asian team i mean,, tyloo more asian than gambit LUL
@MGPT your name is wrong, should be mpgh LUL
X GOD > astralis vs sk Kreygasm
What does that even mean izeas NotLikeThis
ye, im not a genius on that field, just know my dl speed for games :p
@Nille_TV so you have 200+mbps probably from your provider, thats not too bad actually :)
If Gambit lose a BO3 vs TyLoo 4Head
yall jealous of my badge homies? TriHard
MOU VAC BAN CHECK HLTV PogChamp
bntet is a polish player LUL
put overproud meme tl bntet LUL
put overproud meme tl bntet LUL
SOMEBODY to NOBODY just like that Kappa
4k viewers vs 134k viewers on stream 1 LUL
GOING ON STREAM 1 CYA LUL
Wtf is this casters hair on the right NotLikeThis
This match has just a few less viewers than the other one LUL
U S T I L L O FUNgineer
@KoSsoO All those LL plebs FailFish
Ty never winn against eco team LUL
gambit has 2 bots cmon guys dosia and seized FailFish
eslMoreChunes 大陸 eslVAC 傻逼少 eslChicken 打簡字 PogChamp
DIS CHAT IST NUMBA WAN MingLee
GAMBIT HERE MAJOR WINNERS ZEUS WAS THE PROBLEM 4Head
eco win vs eco win LUL
kazakstanians is not russian, and not chinese CoolStoryBob
SK IN 2018 NIP IN 2016 IN 2018 IN 2018 LUL
@WileyFailD it's English channel isn't it LUL
@arvaq it is not the same ? LUL
the 2 player with kits push mid xccurate $1200 no kit NotLikeThis
Stickup11 Kazaks ARE* not ... Your english sucks Jebaited
Короче пацаны топим за казахов Китай СОС Kappa
Stickup11 you used plural, the plural of "is" is Are* ;)
@turalio nah, they r same m8 Kappa
@Goldfishh says the guy who spelled goldfish with to H Kappa
Не говорить на родном в 2018 LUL
THE CZ IS PERFECTLY BALANCED. Kappa
@Goldfishh i was faster Twitch PrimeStickup11: TWO 4Head
ITS IEM KATOWICE ITS GAMBIT VS TYLOO THE TITLES IN ENGLISH THE CHAT SHOULD BE TOO 4Head
Major champion losing to tier 3 Asian team LUL
IT'S IEM KATOWICE IT'S GAMBIT VS TYLOO THE TITLE'S IN ENGLISH THE CHAT SHOULD BE TOO 4Head
put overproud meme to indonesian NotLikeThis
Its not Poland stupid xD, Indonesia ResidentSleeper
: IT'S IEM KATOWICE IT'S GAMBIT VS TYLOO THE TITLE'S IN ENGLISH THE CHAT SHOULD BE RU 4Head
xcurrate n bntet from poland confirmed by hltv LUL
GAMBOT FROM MAJOR CHAMPIONS TO BEING ELIMINATED IN GROUP STAGE LUL
TL CS CLOWN 9 BYE GUYS HeyGuys
SEIZED BY THE GOD HIMSELF PogChamp
BnTeT & xccurate polish duo PogChamp
You don't copy the name when you copy pasta FailFish
VirtusPremier: You don't copy the name when you copy pasta FailFish
VirtusPremier: You don't copy the name when you copy pasta FailFish
EU smoke = GOOD smokeNA smoke = BAD smokeCN smoke = NO smoke LUL
EU smoke = GOOD smoke,NA smoke = BAD smoke,CN smoke = NO smoke LUL
Polish + chinnese >>> Gambot LUL
getting 2-1 by TYLUL disband gambot EleGiggle
put overproud meme to indonesian FailFish
new polish number 1 team PogChamp
csgo player uses PUBG's mouse pad Kappa
You drink water that costs money and then cry it out Cry Not Free Kappa
GAMBOT FROM MAJOR CHAMPS TO BEING ELIMINATED IN GROUPSTAGE LUL
imagine if gambit didnt force every other round FailFish
Seized has lost a lot of weight PogChamp
SOMEBODY PICKS UP MP9 USES CZ LUL
The pictures look like the same face with different hair styles plz no bannerino eslino Kappa
@bigmackthegod You're fat if you're eating a burrito? LUL
why are they aggro as fuck LUL
Go tyloo so easier win for SK LUL
When ur 7-12 and decide to push A together PogChamp
no way gambit wins this map LUL
Can I get a 123? Kappa
Trollers vs trollers Wtf is going on chat LUL
SK WILL ALT TAB AGAIN 4Head
U S T I L L O FUNgineer
getting 2-1 by TYLUL = disband LUL
GAMBOT FROM MAJOR CHAMPS TO BEING ELIMINATED IN GROUPSTAGE LUL
put overproud meme to indonesian NotLikeThis
@s0mcs lol your homies numba want LUL
budget henryg and budget sadokist LUL
sadokist died in his new car rip sado BibleThump
Make sure to enter the awesome giveaway! http://intelextrememasters.com/raffle :D
from 8k to 4k...chinese bots gone PogChamp
Poland crowd is pretty tbh PogChamp
or they went to c9 vs liquid, but i'm here as long as gambit are <3
ez 6.40 odds upset bye Gambot EleGiggle
Make sure to enter the awesome giveaway! http://intelextrememasters.com/raffle :D
HEROBOSSRIKU NT, but i dont buy it Jebaited
polish duo = ez win LUL
major winners vs tier 166654477 LUL
they removed fitch for decoy LUL
Gambit losing to ty DISBAND LUL
Two Poland players in Tyloo too good MingLee
GAMBIT ELIMINATION GETTING CLOSER AND CLOSER LUL
@VetKin214 You are silver, what u know about CS? LUL
Bntet greatest player to ever play any version of cs PogChamp
Make sure to enter the awesome giveaway! http://intelextrememasters.com/raffle :D
"They are Indonesian" Nice joke 4Head
stop trolling THEY ARE POLISH LUL
BnTeT and xccurate Monaco pride PogChamp
"They are Indonesian" 2018 jokes LUL
AGO Bntet is the solution SwiftRage
after magical pause and hand language... i expect 16 - 6 incoming Kappa
BnTeT looks like average polish guy, right? Kappa
indonesia this country doesn't even exists LUL
BnTeT is polish, check HLTV FailFish
- PUBG AIM + BNTET SeemsGood
"They are Indonesian" 2018 jokes LUL
people thinking BnTet is from Indonesia LUL
"They are Indonesian" 2018 jokes LUL
Better polish squad than VP PogChamp
Hansel "BnTeT Ferdinandwski CHECK HIS LAST NAME 100% POLAND Kappa
"They are Indonesian" 2018 jokes LUL
" THEY ARE INDONESIANS " IN 2018 NICE JOKE LUL
I thought he was from Singapore PogChamp
yea , i forgot that the event is in poland, crowd is helping tyl to win LUL
i hate this polish chokers maaaaan TearGlove
(insert country here) PRIDE IN 2018 LUL
"They are Indonesian" 2018 jokes LUL
WE'RE CLOWN 9 OUR STRATS ARE JOKES SOMETIMES WE WIN BUT MOSTLY WE CHOKE 4Head
BnTET actually Polish but lives in Monaco for tax evasion. PeoplesChamp
WHY IS EVERYONE WATCHING NA CS INSTEAD LUL
The flag was accidentally flipped for BnTeT? TwitchVotes
SOMEBODY GETS THE KILL BUT WHO? LUL
Make sure to enter the awesome giveaway! http://intelextrememasters.com/raffle :D
chill mates...tyloo will be have ct in second half :)
nice caster even dont know who get kill LUL
GO BNTET MAKE POLISH CROWD PROUD SwiftRage
TyLUL > VirtusPUBG POLISH PROUD LUL
GO BNTET MAKE POLISH CROWD PROUD SwiftRage
' BnTeT is Indonisian' is the best joke in 2018 LUL
Fuckiing animals nice troll for BnTeT from Poland ResidentSleeper
GO BNTET LAST POLISH HOPE MAKE POLISH CROWD PROUD SwiftRage
is this lower or upper bracket? ty :)
chinese nerves are real in pistol chokes Kappa
Why don't we 600% zoom on Dosia's portrait and leave it be for the rest of the match? Kreygasm
Make sure to enter the awesome giveaway! http://intelextrememasters.com/raffle :D
again no polish players in playoffs in Katowice :(
after that magical pause at round 6 even at winning streak... tylol just never can win .... xccurate told MO he actually betted on Gambot with hand language LUL
ANY X GOD LOVER ?? <3
he isnt even polish he is indonesian LUL
Make sure to enter the awesome giveaway! http://intelextrememasters.com/raffle :D
TY GONNA COMEBACK AND CHOKE 14-16 LUL
bntet is fro. 3 countries tbh LUL
3s first kill that we dont see cmon TTours
knock knock who's there? sumbody LUL
TY THINK THEY CAN COME BACK LUL
bntet finally at home in katowice LUL
throw molly in smoke 200 iq LUL
dd? what does he want to copy Kappa
bntet wont see his family and gets pulled back to china with tyloo :(
Make sure to enter the awesome giveaway! http://intelextrememasters.com/raffle :D
Make sure to enter the awesome giveaway! http://intelextrememasters.com/raffle :D
