@NzJOP I love you more <3
I love u all guys <3
efrag <3
16 - 0 16 - 0 16 - 0 16 - 0 16 - 0 4Head
16 - 0 16 - 0 16 - 0 16 - 0 16 - 0 Kapa 4Head
16 - 0 16 - 0 16 - 0 16 - 0 16 - 0 4Head
welcome back to throw f3 HeyGuys
@Blackflunk Any comments on this? :D
16 - 0 16 - 0 16 - 0 16 - 0 16 - 0 4Head
a pro team that can't handle t side Kappa
16-0 hltv confirmed :D
scammer grill Jebaited
Psychopt123 LUL
16 - 0 16 - 0 16 - 0 16 - 0 16 - 0 4Head
16 - 0 16 - 0 16 - 0 16 - 0 16 - 0 haHAA 4Head
I will try it http://steamcommunity.com/id/janicka953/ LETS DO IT +rep :P :D
why push LUL
not 18 yo Jebaited
NzJOP no its just voluntering and i support EPICENTER since first season :)
@JanicKaa953 Damn :D
16-1 BlessRNG
16-1 Kappa
16-1 HSWP
@JanicKaa953 okey i do :D
Going one by one :D
barisbakrc thaaanks ^_^ :D
going 1 by 1 without a flash :D
16-1 inc LUL
rip flipside bettors LUL
16-1 BlessRNG
they dont want your power LUL
this is Astralis smurfing in Avangar team :D
32 - 2 LUL
Electronic vs 5 :D
0-9 LUL
21/3 at 8-2 score :D
@da_real_n1kko I have a VAC from tf2 doesnt mean I hack, everyone hacked when they were like 12 LUL
@h0vercat It's not f3 playing fast, avangar is very agressive team, they make agressive pushes all time on ct, thats why it seems so fast :D
esl one NY waiting room ResidentSleeper
cry more LUL
flipside losing to no namers LUL
my team is losing enemy team is cheating BabyRage
my team is losing enemy team is cheating . BabyRage
Since when was F3 Good? Please Fanboys LUL
exit kills PogChamp
It's ruski CS, f3 is playing SO BAD (Like always) LUL
avangar cheating pls ban BabyRage
Guess everyone is cheating vs NiP nowdays then FeelsBadMan ;)
even when avangar is losing rounds in a row kids are crying LUL
cheating in 2017 BabyRage
saying someone is cheating without proof is ignorant too :)
not if there is 1 vac van player on team :)
Lets go AVANGAR SwiftRage
@xCh3steR I like turtles ðŸ¢ Kappa
someone save Electronic BibleThump
buster new best wh Jebaited
dat movimentation EleGiggle
@h0vercat :D
buster busted LUL
buster EleGiggle
someone save my boy Electronic BibleThump
