Keen gonna destroy VGJ Kappa
Gyro ResidentSleeper
f10k keen LUL
Be positive, chat :)
deso gyro lmao :D
gg moobot is becoming more human ... AI is controlling human soon LUL
Be positive, chat TriHard
dendi made lina meta viable PogChamp
GOOD :)
dendi lina PogChamp
LGD not on this strim TPFufun
Dendi LUL
Rubick SeemsGood
ddc pos 5 np PogChamp
typical 2k caster LUL
or maybe it was vici :D
Be positive, chat :)
hey man just ignore negativity :)
why u gotta be a source of negativity to begin with? VoHiYo
bully the ones you love VoHiYo
10-9?? CarlSmile
kg f10k bettors SoBayed
10-9 Kappa
10-9 im from future Kappa
10-9 Kappa
10-9 for vg.t LUL
OD NotLikeThis
CN OD LUL
buyback LUL
Be positive, chat :)
throw activated WutFace
China 322 PLS Kappa
What Assasin ? cmonBruh
yes Kappa
GG CN LUL
It KappaClaus
good girl :D
Be positive, chat :)
time WutFace
lina voice WutFace
TRAP LINA WutFace
ADS WutFace
CS LUL
ZE REPORT LUL
what about Mars WutFace
CIS introduction LUL
russian memes WutFace
CIS memes 4Head
relax guys this is still 0-0 Kappa
fnatic vs og waiting room ResidentSleeper
Be positive, chat :)
autoban lyacn against vgj, every team ever LUL
afk LUL
afk LUL
Best Caster KappaPride
bane or dark willow mid Kappa
Be positive, chat :)
meme league waiting room ResidentSleeper
Lina the power ranger PogChamp
nice steal LUL
Keen has 1 player more with Dota plus, they win. Kappa
i've put dragon lore on keen TearGlove
he must have just got it after game 1 Kappa
rubick BrokeBack
OD LUL
rip dragonloree TearGlove
willow cmonBruh
Be positive, chat :)
nice game, animation misses, dmg still goes through what is this league of ladies? LUL
enchantress name TriHard
oh not again LUL
KS LUL
mehdiS MingLee
@deceive1986 WutFace
bick LUL
hold on cmonBruh
dark MingLee
? TriHard
void LUL
no viewers, all kids in school OMEGA LUL
Fade and Enchantress should swap heroes TriHard
willow cmonBruh
Be positive, chat :)
8 7 CarlSmile
Sellout 4Head
shill DansGame
we want you to stay with us LUL
10k for TIER 2. you sucks dude LUL
dead game omega LUL
10-8 and asking who got f10 LUL
that a part of buisness dude. that ever not happen LUL
mehdiO MingLee
i mean little possible to happen LUL
ET LUL
2417 LUL
who got f8k SoBayed
people always talk about f10k. dont know why LUL
2417 LUL
OD LUL
OD is a chicken BibleThump
stun LUL
support od support void carry enchant LUL
keen gaming new cn hope. but it to soon LUL
Be positive, chat :)
@Moobot no WutFace
@Moobot you not my mom beach SwiftRage
Clap TTours
void LUL
void LUL
mad ? LUL
who was just try to bet keen?. going wasted dude, trust me LUL
hex is also good vs od Kappa
322 graph LUL
DUST LUL
SS low hp LUL
dust for what LUL
lina couldve suicided with bloodstone, chat OMEGA LUL
you right man LUL
great game :)
great for what LUL
OD LUL
yoona PogChamp
this is ridiculous though LUL
@jia_haoo BrokeBack
2-0 TPFufun
everything not suprise LUL
Be positive, chat :)
now he has chrono and they didnt push :)
tier 2 LUL
THAT A BAIT, LUL
EZ BAIT RIGHT LUL
BAIT LINA LUL
gyro ResidentSleeper
tier 2 vs tier 3 ... LUL
Lina Jebaited
major qualifier 720p max WutFace
void LUL
720 60p WutFace
720 LUL
screen tearing WutFace
I'm watching this in 144p thnx to bad internet BibleThump
audio only :)
void LUL
CN teamfight LUL
doto+ LUL
2 man GA .... LUL
wasted keen, LUL
7k gold gyro SeemsGood
Actuali I am just watching a pixel going white and black :(
satanic caster LUL
aghs ;)
Actuali I am just watching a pixel going white and black :(
refresher for GA for sure ... herald caster LUL
rapier WutFace
rapier PogChamp
beads LUL
my greatest creation OSFrog
Be positive, chat :)
passive radiant LUL
postive chat :)
radiant AFK LUL
Machine gun lina Kreygasm
close game Kappa
dragon lore SoBayed
invaid en2 PogChamp
2-0? LUL
2-0 EleGiggle
@admiralbullteeezy KonCha
Be positive, chat :)
didnt u jump the gun a little too quickly :D
LGD LUL
RIP LGD. didn't ban lycan LUL
RIP LUL
vgj F10k BlessRNG
VGJ.T F10k BlessRNG
qop LUL
allin loading screen LUL
puck Kreygasm
Be positive, chat :)
Radiance on ls? DansGame
puck infest bombs Kreygasm
* SwiftRage
Wasn't that the major they got stomped LUL
tony PogChamp
Be positive, chat :)
they cant catch lycan anymore LUL
that willow fear Kreygasm
terrorize into ghost ship PogChamp
Be positive, chat :)
Where's that guy who said Ez for ldg again LUL
Lycan BrokeBack
SY LUL
Be positive, chat :)
3 for 1 Even Trade Smart Caster :)
go lgg SwiftRage
X Jebaited
vgj LUL
NOO LUL
dog LUL
no bb razor FailFish
lets buy aghs on viper, and then never ult 4Head
Be positive, chat :)
ok :)
classic Mau5
viper LUL
GG LUL
make this 1-1 pls LUL
PUDGE LUL
It's entertaining, I'll give it that LUL
Go Sylaaar PogChamp
VGJ and VG LUL
u ever heard of 2-1 LUL
Be positive, chat :)
jakiro and leshrac in 2018 LUL
chinese doto tactics BrokeBack
Be positive, chat :)
Be positive, chat :)
they throwing WutFace
they throwing NotLikeThis
??? ??? :D
Be positive, chat :)
wolves need no armor PogChamp
Be positive, chat :)
spoiler FailFish
Be positive, chat :)
Miss 10k newbee r :(
what a nice stream have a good one y'all :)
hat trick ur HoN trash 4Head
i wish breaky could cast better events and lans :(
Be positive, chat :)
k stun wtf LUL
gyro + visage vs pa + lina in late game ,sure win ,herald chat Squid3
IO LUL
paperlord LUL
Be positive, chat :)
no GG LUL
Tnx VG For arcanas Kreygasm
322 LUL
Be positive, chat :)
Ana vs Ame PogChamp
Be positive, chat :)
SIDE GUNNER PogChamp
