FlyToMoon on EPICENTER and MDL at the same time WutFace
BO1 final LUL
go team bitcoin Kreygasm
bo1 final PogChamp
eg lose ? :(
excuse LUL
excuse LUL
in the ocean? LUL
if you dont want to play on madness qual with 400 ping then dont lose region quals in the first place SoBayed
EU server = EU win Kappa
@lultwitchlul true :(
Be positive, chat :)
one more positive comment and all banned :)
chinese teams too busy making it in actual qualis to be here LUL
bitcoin logo LUL
i like eg, i wish luck to them :)
Where is EG? :)
@sevenzero17 in the trash can :)
Who are the casters :)
EpiCenter didnt delete facebook yet!?!? LUL
IT IS the finals, eg lost to vega, the winner of this match goes to Epicenter :)
wk last pick BrokeBack
vega lost? EleGiggle
wraith king ResidentSleeper
no star players in VEGA EleGiggle
@Strainer98 I hope so :)
caster cutting out NotLikeThis
look at the razor's frozen lightning LUL
oh it was a pause LUL
chat Jebaited
Good Player Kappa
Be positive, chat :)
chat is smart SMOrc
nice mic sir :)
1$ mic MrDestructoid
mic cutting is giving me a headache :)
thanks for reminding SeemsGood
@phamous3k I'm a league player ;p
playing league in 2018 DansGame
bane doing bane things OpieOP
Lol. Doom juked like no other. For nothing :(
did the caster just refer nisha to a GRILL? SwiftRage
@bards071304 Kappa
@bards071304 Kappa
Be positive, chat :)
DOOM LUL
smoke LUL
GG LUL
10-5 for me LUL
GG DOOM NOOB LUL
wk is not using thr armlet LUL
chat's better at casting than casters FailFish
CIS > EU DatSheffy
Be positive, chat :)
Brexit casters WutFace
Bitcoin gonna win LUL
nightmare LUL
4 CIS teams in 12 team major LUL
bitcoin will win ti8 PogChamp
130 damage LUL
bitcoin rise again PogChamp
5$ mic MrDestructoid
bitcoin pump PogChamp
@rbauris 18-8 for FTM, watchu think TriHard
epicenter in epicenter qualy PogChamp
rage bb BabyRage
Unlike Navi SoBayed
aba not maxing passive LUL
Dreamleague waitingroom ResidentSleeper
5$ mic MrDestructoid
bnc_888 EU below anything FailFish
@DAN2797 another joke from peenoys LUL
well then i'd start saying goodbye to that 20 4Head
NA smooke LUL
RIP Kinguin :(
exorcism DansGame
KINGUIN losing to this LUL
Be positive, chat :)
WK IS STILL ALIVE LUL
report doom please feed :(
Nice doom LUL
nooooooo armlet :D
ðŸ§ ðŸ§ ðŸ§ ðŸ§ middle ? TriHard
Go back to LoL poland LUL
322 LUL
CIS LUL
CIS DOTO LUL
322 LUL
good throw LUL
fly to moon PogChamp
@leagueisbetterthansc2 team Kappa
@scratchmark 233 DansGame
guin LUL
SAIL LUL
4 cis tems on cis major LUL
FTM>VEGA>EG LUL
NA LUL
Be positive, chat :)
