epiCENTer productinon LUL
Saved KappaRoss
SAVED PogChamp
WE BACK PogChamp
saved LUL
its back PogChamp
WAIT FOR IT Jebaited
Slarak dead LUL
LIVE PogChamp
WASHED UP STREAM DendiFace
Shanghai 2.0 - Putin Edition BigBrother
Back PogChamp
RAMZES LUL
??? LUL
SAVED PogChamp
SAVED PogChamp
RUSSIAN MAJOR LUL
SAVED PogChamp
Saved Kappa
BACK PogChamp
WE BAKC BOIS PogChamp
F5 / PogChamp
f10k LUL
NOTAIL LIVED? PogChamp
@AdmiralBullddog youre better caster than this LUL
YOU CANT MISS KILL IF YOU MISS ALL THE STREAM 2 EleGiggle
be positive chat :)
SAVED PogChamp
👆 WE BACK IN PogChamp
Thats why u dont host tournaments in 3rd world countries FailFish
PREPARE YOUR Jebaited
CTRL+P+ENTER PogChamp
Putin won't be happy monkaS off to the gulag KKomrade BigBrother
NOTAIL PogChamp
VODKA PRODUCTION LUL
PepeHands TTours
TToursFEELS GOOD TO MISS ALL TToursACTION TTours
Ez 10k og LUL
Notail! PogChamp
SAVED PogChamp
Badzessss LUL
slark? Jebaited
Slark died? WutFace
🚬 💨TIME TO MISS 🚬 💨 SOME DOTES 🚬 💨 TTours
Notail is alive PogChamp
What HAPPENED :)
1 Thats why u dont host tournaments in 3rd world countries FailFish
what happened TTours
9 - 11 BlessRNG
CANT GET IF STREAM IS OFF weSmart TTours
EPICENTER 54K Ninja ninjaPon ninjaPon 150k BrokeBack
PREPARE YOUR JEBAITED EMOTE Jebaited
FEELS GOOD TO MISS ALL ACTION TTours
SO BAD TTours
Russian stream ftw? :)
VP GOT F10K LUL
What just happened TTours
GOOD PLAY TTours
ZES666 LUL
monkaS TTours
🚬 💨TIME TO MISS 🚬 💨 SOME DOTES 🚬 💨 TTours
NINJA LUL
reso tion is the problem LUL
Yami LUL
FEELS GOOD TO MISS ALL ACTION TTours
👌 OSFrog
S 4Head
// OSFrog
Clap OSFrog
Clap OSFrog
PUTIN SwiftRage
balanced OSFrog
S 4Head
👌 OSFrog
s 4Head
MISS LUL
saved Jebaited
Clap OSFrog
f10k LUL
lol TTours
woke up to this LUL
Ninja ninjaPon ninjaPon 161k PogChamp
9Pasha PogChamp
👌 OSFrog
FLY MEGAKILL PogChamp
30 fps 4Head
Mega kill PogChamp
DGER LUL
FEELS GOOD TO MISS ALL ACTION TTours
TToursFEELS GOOD TO MISS ALL TToursACTION TTours
Veal of Discord LUL
its ok no need to see kills :)
OG is back 4Head
PRODUCTION = LUL
YOU CANT MISS KILL IF YOU MISS ALL THE STREAM EleGiggle
SEA MAJOR U MEAN? LUL
observer is this vanderserdota again? who is it? Jebaited
OG TIER 1 PogChamp
322 LUL
j dog LUL
PRODUCTON SeemsGood
le tower pushing lady OSFrog
fissure LUL
J DOG LUL
J-DOG 4Head
J DOG LUL
Fissure LUL
STUN LUL
Stun LUL
1 Thats why u dont host tournaments in 3rd world countries FailFish
n0brain LUL
MISS ALL THE ACTION PogChamp
SLARK 4Head
RAMZ LUL
PWNCE LUL
POUNCE LUL
MODS LUL
Jerax in 2k18 LUL
RAMZESS LUL
nobrain LUL
ULT LUL
2 is this a bsjBSJ inspired Slark ? bsjSet is this a bsjBSJ inspired Slark ? Kreygasm
NOBRAIN LUL
NoBrain LUL
ULT LUL
NOBRAIN LUL
ULT LUL
NOBRAIN LUL
LOL STUN LVL 1 - 1 SEC LUL
FEELS GOOD TO MISS ALL ACTION TTours
Feels good to miss all the action TTours
ULTI LUL
ults LUL
NICE ULT LUL
NO BRAIN SO BALD LUL
ULT LUL
CK ULT LUL
POUNCE LUL
ULT LUL
CENSORED BigBrother
DOUBLE LUL
Теперь это русский чат Kappa
SADBOYS BibleThump
1 sec stun :D
FEELS GOOD TO MISS ALL ACTION TTours
I NERFED DW I SWEAR OSFrog
ULT LUL
NoBrain LUL
NOBRAIN ULTI LUL
NOBRAIN LUL
FEELS GOOD TO MISS ALL ACTION TTours
Putin here WatchRU stream or ban capitalist west stream 4Head
7ckingbad BrokeBack
Теперь это русский чат Kappa
? OSFrog
ult LUL
nobrain chat BrokeBack
s3 LUL
FEELS GOOD TO MISS ALL ACTION TTours
7 TriHard
WOW SLARK is FARMED actually :D
FEELS GOOD TO MISS ALL ACTION TTours
Здарова LUL
( ) Jebaited
ахаах }{O}{лы как вам китайский писос? Привет из КРЫМа!! LUL
( ) ( ) ( ) Jebaited
S 4Head
Noone Viper Networth PogChamp
ПОДНИМАЕМ БУНТ, ПАРНИ SMOrc
Russian Stream died Jebaited
Ce6? DansGame
they took the plug in from RU stream to ENG stream now this is working LUL
Hey folks! I failed all my classes. I lost my job yesterday and my gf dumped me but you know what? IT DOESNT MATTER! I am an EG fan and love good quality Dota. Now I have time to watch my beloved EG What time they playing? I don’t see them in the schedule. Help Please <3
🚬 💨TIME TO MISS 🚬 💨 SOME DOTES 🚬 💨 🚬 💨TIME TO MISS 🚬 💨 SOME DOTES 🚬 💨 TTours
KKOMRADE INVADE WutFace
7BAD LUL
7ckngMad SoBayed
7BAD LUL
7mad EleGiggle
7BAD LUL
7FMAD LUL
7BAD LUL
S L Kreygasm
SUB LUL
Noone viper Dendi viper OMEGALUL PogChamp
French Dota LUL
Russain Stream is Down roflanEbalo LUL
7ckinBAD LUL
7Bad LUL
Solo PogChamp
SUB LUL
7ckingbad LUL
7bad SoBayed
Hey folks! I failed all my classes. I lost my job yesterday and my gf dumped me but you know what? IT DOESNT MATTER! I am an EG fan and love good quality Dota. Now I have time to watch my beloved EG What time they playing? I don’t see them in the schedule. Help Please <3
Здарова буржуи ! SMOrc
Dendi Viper > Noone DendiFace
OG LUL
ахаах }{O}{лы как вам китайский писос? Привет из КРЫМа!! LUL
1080 PogChamp
420 LOL Kappa
Теперь это СНГ чат! SMOrc
@AdmiralBulldog DansGame
7noob LUL
путин водка балалайка! LUL
7 SoBayed
Hello Russian friends. Welcome to the freedom stream DatSheffy
@AdmiralBulldog WutFace
: Теперь это русский чат Kappa
slark is back OSFrog
s BrokeBack
Burn them all VoHiYo
bulldog DansGame
@AdmiralBulldog DansGame
Call GG ResidentSleeper
FEELS GOOD TO MISS ALL ACTION TTours
bull dog LUL
ЧАТ НАШ SMOrc
Бунд!111! SMOrc
Da ing posa 5 LUL
CK BUILD WutFace
Admiral Bullcucks imitating the washed up dog Admiral Bullcucks imitating the washed up dog LUL
nobrain LUL
Теперь это СНГ чат! Теперь это СНГ чат! SMOrc
ЧАТ НАШ SMOrc
pasho nahui SMOrc
: Теперь это русский чат SMOrc
Короче, с первомаем всех трудящихся! 4Head
RUSSIANS WutFace
Теперь это СНГ чат! SMOrcТеперь это СНГ чат! SMOrc
Теперь это СНГ чат! SMOrc
gg go next LUL
KKomrade INVASION WutFace
Теперь это СНГ чат! Теперь это СНГ чат! SMOrc
наш чат Kappa
ОХ МАЙ ВОРД DansGame
WW3 WutFace
OH. my. word LUL
TEPER RUSKII CHAT SMOrc
Putin here Support RU stream I will remove capitalist western EN stream Miss all the action 4Head
eto Angliiski chat LUL
Communism WutFace
Теперь это СНГ чат! Теперь это СНГ чат! SMOrc
Теперь это СНГ чат! SMOrc
ТРЕТЬЯ МИРОВАЯ Kreygasm
OH MY WORD PogChamp
Теперь это СНГ чат! SMOrc
@AdmiralBulldog DansGame
WytFace RUSSIANS KKOMRADE WutFace
BULLDOG SUB ninjaBlast1 ninjaBlast2 ninjaBlast3 ninjaBlast3 ninjaBlood BrokeBack
RUSSKIES WutFace
@AdmiralBulldog sweden no power here LUL
KKomrade Vlad here, VP win this series or I send them to prison with Don Jr and polonium tea BigBrother
Tеперь это СНГ чат! Теперь это СНГ чат! SMOrc
I GOOGLED SABRINA SUZUKI Kreygasm
THIS IS OUR CHAT NOW SMOrc
@AdmiralBulldog can you add emotes to this channel? add gachiBASS pls :)
RUSSIANS ARE HERE WutFace
Теперь это СНГ чат! SMOrcТеперь это СНГ чат! SMOrc
KKomrade LUL
Теперь это СНГ чат! / SMOrc
наш стрим сломан, теперь этот наш SMOrc
+ мосва SMOrc
World war Three PogChamp
Russtards WutFace
Russian hackers are ruining our stream! WutFace
Tеперь это СНГ чат! Теперь это СНГ чат! SMOrc
RUSKI PEOPLE LUL
I GOOGLED SABRINA SUZUKI Kreygasm
322 LUL
Теперь это СНГ чат! SMOrc
@AdmiralBulldog ur mom ghey :)
322 LUL
OG IS BACK :)
322 LUL
322 LUL
SOLO FEED LUL
Russ WutFace
S O L O LUL
Теперь это СНГ чат! SMOrc
Whoops? SoBayed
322 LUL
lil was the problem LUL
Теперь это СНГ чат! SMOrc
SOLO scouting mission LUL
Захват чата SMOrc
Теперь это СНГ чат! SMOrc
s 4Head
dispel? OSFrog
s 4Head
Теперь это СНГ чат! s SMOrc
S PogChamp
322 LUL
OG is back PogChamp
Теперь это СНГ чат! Теперь это СНГ чат! SMOrc
9pasha LUL
no OSFrog
Can't dispel Kappa
fissure LUL
RUSIAN GET **** ** SwiftRage
I googled Domino Presley Kreygasm
Go og go PogChamp
Fissure LUL
VP tilted again LUL
ECHO LUL
MODS WutFace
RUSSIAN HACKERS WutFace
J DOG LUL
mods WutFace
BOTS WutFace
MODS WutFace
Теперь это СНГ чат! SMOrc
@AdmiralBulldog HELP US WutFace
CHAT WutFace
Теперь это СНГ чат! SMOrc
SAVE US MODS WutFace
ПРивет TPFufun
OMEGGALUL SMOrc
rodjer LUL
VP LUL
VP LUL
MODS WutFace
VIRTUS THROW LUL
NOTAIL PogChamp
REKT LUL
DELETED LUL
DELETED LUL
BM LUL
deleted OSFrog
Ti winner now a cheerleader on twitch chat LUL
BM LUL
BM LUL
No GOD PogChamp
SQUAT LUL
322 LUL
FLY PogChamp
BM LUL
THE BM WutFace
BM PogChamp
BM LUL
NOT MEANT TO BE :)
BM LUL
Dogjer 322 LUL
Not meant to be LUL
BM DansGame
BM LUL
jsut dont die 4Head
BM LUL
bm LUL
BM LUL
JUST DONT DIE 4Head
preeviet LUL
SEB LUL
all chat LUL
the BM LUL
BM PogChamp
BM SeemsGood
JUST DONT DIE LOOOOL 4Head
Notail Teasing LUL
JUST DONT DIE LOOOL 4Head
7bad SoBayed
ck OSFrog
7BAD tilting VP LUL
OG is BACK PogChamp
Vp so bad NOW LUL
VP BibleThump
@AdmiralBulldog hi man HeyGuys
OG IS BACK PogChamp
SLURCK LUL
VP STILL GOOD LEAD LUL
+144 Kreygasm
666 or 322 LUL
322 LUL
OG IS BACK PogChamp
OPTICA FANS ? SoBayed
courier <3
WASTED DIRECT INVITE? SoBayed
VP good OG but better SeemsGood
OG Direct invite PogChamp
7bad trash talking SoBayed
DIRECT INVITE? SoBayed
AdmiralBulldog Cant Ban Me Here ResidentSleeper
NoOne Farm PogChamp
DAMAGE BUILD? BrokeBack
major winner LUL
CIGÁN TriHard
OVERRATED GARBAGE LUL
OG>EG LUL
OPTIC? SoBayed
good game :)
Positive mental attitude :)
PRIVET = PRIVATE Kappa
PERUN KappaPride
TI 2k18 Winner LUL
7bad SoBayed
2 BKB ON VP CORES LUL
SAY it with me :)
VEE-TUS PRO LUL
LŨ MỌI DA ĐEN TriHard
KKomrade PRIVET :)
ramzes LUL
? TriHard
@buchW PMA :)
? TriHard
OG is top tier :)
tiltus throw LUL
EU smoke LUL
Теперь это СНГ чат! SMOrc
Chat scrolling so fast Nobody will notice that I want to ****. Winter Wyvern Kreygasm
EU SMOKE LUL
S 4Head
s 4Head
no reveal LUL
smoke LUL
KKomrade Russia is the largest country in the world KKomrade smaller GDP than the State of Florida LUL
S 4Head
ramzes PogChamp
DARK WILLY LUL
8uckingBad SoBayed
Теперь это СНГ чат! SMOrc
322 LUL
Tiltus Throw LUL
omega TriHard
J DOG LUL
OG LUL
COG BLOCK PogChamp
s 4Head
SEB? SoBayed
SOLO PogChamp
S 4Head
BM BM BM ? SoBayed
SOLO GOD PogChamp
S 4Head
👏 cmonBruh
S 4Head
MY ULT TriHard
SOLO PogChamp
SOLO PogChamp
Notail LUL
NoBrain LUL
SOLO PogChamp
S 4Head
STOLEM PogChamp
thanks LUL
soloed PogChamp
SOLO PogChamp
NO brain LUL
Solo PogChamp
that outta rattle em LUL
s 4Head
s 4Head
VP LUL
SOLO PogChamp
644 LUL
SOLO CARRYING PogChamp
Tilt-us Throw LUL
S 4Head
Clap LUL
s 4Head
CLAP LUL
Han Solo VoHiYo
S 4Head
? OSFrog
s4 LUL
s 4Head
S 4Head
S 4Head
s 4Head
s 4Head
S L PogChamp
SOLO PogChamp
s 4Head
s 4Head
S 4Head
322 LUL
S 4Head
solo Kreygasm
Solo PogChamp
Теперь это СНГ чат! SMOrc
s 4Head
JUNGLING LUL
GG LUL
Kyle's dead. He's locked in my basement Keepo
$4 4Head
s 4Head
s 4Head
SOLO PogChamp
jungling LUL
s 4Head
S 4Head
Jungling LUL
Solo PogChamp
SOLO PogChamp
s 4Head
👏 👏 TriHard
SOLO PogChamp
solo PogChamp
SOLO GOD Kreygasm
Jungling LUL
solo PogChamp
solo PogChamp
Solo PogChamp
SOLO PogChamp
SOLO PogChamp
Solo PogChamp
SOLO PogChamp
BM LUL
s 4Head
SOLO Kreygasm
S L PogChamp
SOLO PogChamp
Classic OG 4Head
322 LUL
Jungling LUL
SOLO PogChamp
>JUNGLING LUL
BM LUL
322 PogChamp
OG ? SoBayed
asolo PogChamp
Solo PogChamp
SOLO PogChamp
7MAD BM??? SoBayed
NO LUL
solo PogChamp
BM LUL
SOLO PogChamp
BM SoBayed
rubick a better ck and brew than ck and brew PogChamp
322-GOD PogChamp
SOLO PogChamp
Solo PogChamp
SEB LUL
Solo PogChamp
BM ING LUL
BM LUL
S L PogChamp
BM LUL
Solo PogChamp
Jungling LUL
BM LUL
322 they said LUL
Хеллоу cmonBruh
Not meant to be BibleThump
SOLO PogChamp
@AdmiralBulldog ? SoBayed
@AdmiralBulldog PogChamp
322 PogChamp
Slark OSFrog
Chat scrolling so fast Nobody will notice that I want to ****. Winter Wyvern Kreygasm
BAD MANNER LUL
ALL CHAT LUL
ALL CHAT LUL
FY god PogChamp
BM LUL
SOLO PogChamp
BM :D
solo no 322 PogChamp
SOLO 322 GOD PogChamp
SLARK OSFrog
NO JUST NO LUL
BM LUL
BM LUL
BM LUL
SELF BM LUL
Cеб? Себ? SoBayed
SOLO PogChamp
BM ? SoBayed
OG = Rattled LUL
SOLO PogChamp
voice line meta PogChamp
322 GOD PogChamp
Rubick SwiftRage
@AdmiralBulldog ResidentSleeper
solo earned that mercedes PogChamp
s4 BibleThump
S BrokeBack
BM BM BM ? SoBayed
7bad 7bad SoBayed
@Dr_Hammer Im making a reddit post WutFace
7Bad SoBayed
322 PogChamp
7bad LUL
gg BabyRage
OG IS BACK Kappa
JERAX LUL
7BAD LUL
SEB LUL
GG LUL
OGG LUL
LOOOOOOOOOL 4Head
J LUL
@admiralbulldog ResidentSleeper
Wasn't meant to be Kappa
J DOG LUL
gg SoBayed
im back / OSFrog
YERAX LUL
Echo LUL
slark is back :)
gg LUL
BM? ? 7Bad ? SoBayed
BM? SoBayed
BM LUL
322 LUL
BM Karma LUL
7BAD LUL
7BAD SoBayed
7 bad SoBayed
slark OSFrog
7BAD LUL
7ckngMad SoBayed
JERAX LUL
OGG LUL
7BAD LUL
S LARK OSFrog
7 BAD LUL
Losing fight with an aegis must be Outdated Gamers LUL
Себ? Себ? Себ? Себ? Себ? Себ? SoBayed
ECHO LUL
7Mad LUL
7MAD LUL
GG ResidentSleeper
7BAD LUL
7BAD LUL
EZBKB LUL
BM LUL
chatwell 7 SoBayed
og is back SoBayed
attack speed OSFrog
7BAD Jebaited
7 BAD ? ? SoBayed
BM BM BM ? SoBayed
BM? 7BAD? SoBayed
LVL 20 PogChamp
FISHY FISHY OSFrog
stop giving OG direct invites SMOrc
46 agil PogChamp
7bad mid LUL
7BAD LUL
SL RK OSFrog
BM? SoBayed
Fishman OSFrog
666 of HELL GG PogChamp
slark attack speed PogChamp
138 OSFrog
137 OSFrog
@Neil_thehunter NEW COLOUR AGAIN DansGame
138 AGI monkaS OSFrog
Clap OSFrog
OG IS BACK ? SoBayed
46 stacks PogChamp
46 PogChamp
46 OSFrog
Clap OSFrog
Slark Essense Sshift PogChamp
OG TIER 1 BrokeBack
Slark is back PogChamp
VP Use Navi Plan LUL
44 armor OSFrog
OH MY LORD Kreygasm
my boi slark OSFrog
CHAT ALL MOREEEEE SwiftRage
BSJ slark level PogChamp
OG LUL
MY COUSIN OSFrog
CLAP OSFrog
Clap OSFrog
Ramly 666 SeemsGood
RIP PUBS LUL
Slark Fish OSFrog
7 TriHard
OH MY WORD Kreygasm
SLARK IS BACK OSFrog
MY WORD Kreygasm
oh my word OSFrog
322 event SoBayed
slark back in the meta NotLikeThis
OCEAN MAN OSFrog
monkaS cousin OSFrog
@NomadCasting SoBayed
Ramzes slark PogChamp
CS LUL
finest buff OSFrog
OH MY WORD LUL
cS LUL
CS LUL
OH MY WORD LUL
@NomadCasting NOW IN THE CHAT NotLikeThis
CS LUL
my word BrokeBack
CS LUL
cs LUL
MY WORD Kreygasm
CS LUL
OH MY WORD NotLikeThis
CS LUL
SLARK TriHard
OG "All Chat" taunt more.. LUL
FISHY FISHY OSFrog
CS LUL
TOWER CS OMEGA LUL
SLARK BACK TO META OSFrog
OH MY WORD PogChamp
N NE BabyRage
OH MY WORD Kreygasm
my son OSFrog
Хеллоу cmonBruh
slark cancer coming in pubs near you OSFrog
7bad SoBayed
NAVI > VP > OG > NAVI NotLikeThis
CHAT ALL MORE PLZZZZ SwiftRage
@admiralbulldog ResidentSleeper
Problem? OSFrog
my strat DendiFace
@Arteezy PogChamp
CHAG CHUG LUL
OG getting cocky with "All cHAT" taunt BibleThump
SARK LUL
SARK LUL
@MofarahDota FAMOUS PogChamp
PepeHands DansGame
Sark Jebaited
HOD CK pepehands LUL
SARK LUL
sark LUL
dominator ck LUL
@Blackbirdslp cmonBruh
PepeHands ? cmonBruh
Sark LUL
SARK LUL
SARK LUL
@AdmiralBulldog grind to rank 1 eu SeemsGood
hey mods where can i find the alternative english stream ? KonCha
SARK LUL
@Dr_Hammer SYND subs? WutFace
@AdmiralBIackdog Don't forget Gyro LUL
@admiralbulldog GOWKratos
GO VP <3
SARK Kappa
SARK LUL
Chang NotLikeThis
CHAG MingLee
bettor asking for under game with Virtus Throw LUL
EU SPELLING LUL
SARK LUL
@AdmiralBulldog SeemsGood
THIS CASTER NotLikeThis
SARK LUL
S&Y CK LUL
sark DansGame
NO BRAIN ITEM BUILD NotLikeThis
@AdmiralBulldog SARK NEW HERO ? PogChamp
FISHY FISHY OSFrog
ALMOST KA LE Jebaited
SARK DansGame
@NomadCasting @MofarahDota WutFace
@AdmiralBulldog famous carry from team tinker? PogChamp
SARK NEW HERO PogChamp
7ckngMad SoBayed
7bad SoBayed
Пожалуйста, отпустите меня DansGame
S 4Head
oh my word PogChamp
@admiralbulldog OhMyDog
s 4Head
? SoBayed
sadBoy PogChamp
RAMZES 666 SARK PogChamp
solo PogChamp
S 4Head
NoBrain LUL
OG IS DOING IT PogChamp
OH GOD LUL
S 4Head
s 4Head
s 4Head
NOBRAIN FailFish
s[A]dboy LUL
s 4Head
S LARK OSFrog
s 4Head
666 GOD PogChamp
counter throw LUL
Pounding Kreygasm
2 vs 5 OSFrog
s 0 IMPACT OMEGALUL 4Head
POUDING THEM KappaPride
s EleGiggle
7mad? BM? LUL
balanced fishboy OSFrog
s 4Head
SLARK WutFace
NOTAIL LUL
s 4Head
7BAD ? ? SoBayed
OG ? OG ? OG ? SoBayed
OG IS BACK 4Head
SOLO BLINK PogChamp
RATTLED LUL
POUNDED SoBayed
s 4Head
s 4Head
2 v 5 PogChamp
CANCER WAS BACK BrokeBack
og will come back :)
POUND 'EM SwiftRage
7bad SoBayed
7Bad Tilting ? SoBayed
Here fishy fishy SabaPing
OG FANS SoBayed
s[A]dboy LUL
he stopped all chatting LUL
s 4Head
OG ? SoBayedOG ? SoBayedOG ? SoBayedOG ? SoBayed
COG BLOCK ? SoBayed
7Bad more tweets SoBayed
2 vs 9 PogChamp
EU DOTA LUL
OH MY WORD Kreygasm
OG IS BACK LUL
@MofarahDota BibleThump
7BAD BM? SoBayed
AM LUL
SARK CANCER IS BACK OSFrog
slark such a fun hero :)
How Bayed is this chat? SoBayed
remember to kill all murlocks on the beach TehePelo
BM MORE SoBayed
Be positive, chat :)
CRISPIER LUL
VIPER RAPIER PogChamp
S F R G OSFrog
FISHY FISHY OSFrog
s 0 IMPACT OMEGALUL 4Head
CRISPIER LUL
@lizzarddota2 hold me sweet prince :)
@Moobot :)
@lizZardDota2 PogChamp
Why dendi viper ??? NotLikeThis
CRISPY OpieOP
be negative, chat SwiftRage
Balance in all things OSFrog
?? UncleNox
@MofarahDota :)
n0brain + 7kingbad networth LUL
CRISPY RENDANG PogChamp
ALL WATER HEROES OSFrog
NAVI LOST TO THIS OG FailFish
FISHY FISHY OSFrog
@lizZardDota2 @MofarahDota KappaPride
monkaS 👉 OSFrog
@MofarahDota OH MY WORD PogChamp
my viper best DendiFace
7Mad is just having a bad game, happens to everyone :)
EG IS TIER 1 :)
welcome back slark :)
be positive @admiralbulldog :)
FishMoley OSFrog
ramzes joining EG? Kappa
FISHY FISHY OSFrog
EG LUL
@MofarahDota garbage caster is here bois DansGame
dota is such a fun game :)
@lizZardDota2 HI SENPAI KonCha
losted LUL
positivity :)
@MofarahDota @NomadCasting OH MY WORD WHAT A ULT WHAT AN WARD PogChamp
Will there be Froggy hero? OSFrog
@MofarahDota so stupid to name yourself after a runner NotLikeThis
OH MY WORD Kreygasm
PUNKS ? SoBayed
Hey folks! I failed all my classes. I lost my job yesterday and my gf dumped me but you know what? IT DOESNT MATTER! I am an EG fan and love good quality Dota. Now I have time to watch my beloved EG What time they playing? I don’t see them in the schedule. Help Please <3
guys When will EG Play??? SwiftRage
totally unironical positivty :)
s4 LUL
S 4Head
Oh man finally slark is back. The most fun hero in the game :)
s 4Head
OG FANS? SoBayed
The game is not over until throne falls OG :)
s LUL
TP LUL
s 4Head
s TP 4Head
s 4Head
s 4Head
WHO IS THIS GUY TTours
s TP 4Head
s ?? 4Head
@kforscutt no royalties paid yet! PogChamp
Guys when is EG playing ? :)
Hey folks! I failed all my classes. I lost my job yesterday and my gf dumped me but you know what? IT DOESNT MATTER! I am an EG fan and love good quality Dota. Now I have time to watch my beloved EG What time they playing? I don’t see them in the schedule. Help Please <3
s 4Head
PMA OR GET BANNED monkaS :)
fishy OSFrog
SOON PogChamp
monkaS :)
le slippery fish OSFrog
Ramzes PogChamp
FISHY FISHY OSFrog
AutoModAutoMod: Hey! Your message is being checked by mods and has not been sent. explain ninasNo DansGame
just a number DendiFace
OG > NAVI < VP > OG NotLikeThis
bulldog casting LUL
Le Slippery Fish OSFrog
7 TriHard
OCEAN MAN OSFrog
LOGIC OSFrog
150 Hp Regen OSFrog
Bulldong No Visa LUL
OG > NAVI < VP > OG Clap NotLikeThis
@admiralbulldog ResidentSleeper
OG > NAVI < VP > OG NotLikeThis
any bayern fans? Are u ready to lose tonight ? SoBayed
living legend btw DendiFace
@MofarahDota pls friend don't embarass yourself any more :)
@givingyouacid LUL
RO CHAN VoHiYo
OG > NAVI < VP > OG miraS NotLikeThis
10K lead PogChamp
@extr3merulez LUL
why grant every game ? NotLikeThis
OG > NAVI < VP > OG miraS NotLikeThis
@givingyouacid u meant to say Navi > VP > OG > Navi right? BrokeBack
DON'T TYPE /squishy NotLikeThis
322 PogChamp
DP OSFrog
322 LUL
322 PogChamp
DON'T TYPE /squishy DON'T TYPE /squishy NotLikeThis
322 LUL
OG IS BACK PogChamp
SEB SoBayed
its up PogChamp
VIPER LUL
GOD SoBayed
hook LUL
322 PogChamp
VP SoBayed
NO ONE LUL
CHAT? CHAT? SoBayed
322 OG > NAVI < VP > OG NotLikeThis
OG PogChamp
322 LUL
23-22 PogChamp
S U C C OSFrog
ck OSFrog
7good? PogChamp
my finest creation OSFrog
VIRTUS THROW LUL
classic cis 322 SoBayed
322 LUL
SEBASTIAN PogChamp
N BabtRage NE BabyRage
wat now gg fangays ? SoBayed
Noone BabyRage
OG Comeback LUL
NoOne LUL
TIME TO WATCH MY BOY S4 WIN SOME DOTES PogChamp
7MAD HATERS SoBayed
OG WIN SO NAVI CAN QUAL BlessRNG
Eg > ALL NotLikeThis
CHAT? SoBayed
@nimmersonn Yeah :)
OH MY DAYS PogChamp
VP? SoBayed
POOGERS? SoBayed
Four horsemen OSFrog
NOONE TILTING LUL
7 good SoBayed
TWITCH = TRASH LUL
Tiltus Trown LUL
ROSH LUL
who is that ce6? DansGame
OG BACKKKK PogChamp
7mad haters ? SoBayed
OG PogChamp
SOLO? SoBayed
NOONE TILT LUL
3 2 2 LUL
OG IS BACK / PogChamp
OG FOR TI8 SwiftRage
7GOD PogChamp
slark level 25 LUL
noone doesnt tilt :)
NoOne tilt win condition PogChamp
notsquishY this emote NotLikeThis
any Bayern fans? Are u ready to lose ? SoBayed
7NOTSOBAD PogChamp
just GG out VP LUL
Dogjer LUL
no :)
Any Daryls in chat? TriHard
POGGERS SoBayed
@admiralbulldog :)
@AdmiralBulldog DansGame
7BAD PogCamp 7BAD PogChamp
Type /squishy to win arcana Type /squishy to win arcana PogChamp
@AdmiralBulldog positive stream :)
@AdmiralBulldog :)
KIEV MAJOR FLASHBACKS Kreygasm
N NE BabyRage
lets go OG :D
@AdmiralBulldog ResidentSleeper
FIRST GAME PogChamp
@AdmiralBulldog ResidentSleeper
SLÆRK WutFace
S A R K LUL
SUB LUL
SUB LUL
SUBS LUL
SUB LUL
SUBS LUL
SUB LUL
@AdmiralBulldog why no cast DansGame
sub LUL
SUBS LUL
SUB LUL
SUB LUL
SUBS LUL
SUBS LUL
sub LUL
SUB LUL
Subs LUL
SUB LUL
subs LUL
@AdmiralBulldog such a noob LUL
SUB LUL
sub LUL
sub LUL
@AdmiralBulldog ResidentSleeper
Sub LUL
SUB LUL
Bayern Fans? Ready for Real to steal the match from you again? SoBayed
SUB LUL
@AdmiralBulldog ResidentSleeper
SUB OMEGA LUL
SUB DansGame
SUB LUL
Sub LUL
SUB LUL
OVER or UNDER guys ??? I bet on OVER :(
SUBS WutFace
SUBS in 2018 LUL
subs LUL
SUB LUL
F LUL
FISHY FISHY OSFrog
-$ LUL
NO ARMLET CK OMEGA LUL
SUB HYPE PogChamp
sub PogChamp
SUBS LUL
chat laughing at sub LUL
@darkest_nugget_of_japan cmonBruh
Le Slippery Fish OSFrog
SUBS LUL
fishy fishy OSFrog
FISHY FISHY OSFrog
SUBS ? SoBayed
SLARK IS BACK NotLikeThis
Nice emotes LUL
@trihard_in_house :)
epicenter sub. what now bulldog ? SoBayed
chat laughing at laughing at sub LUL
SUB BOTS LUL
SUB HYPE TRAIN PogChamp
DID HE YAWN? LUL
? SoBayed
ALL CHAT BM LUL
Пожалуйста, отпустите меня DansGame
Viper? Siege? LUL
Ramly 666 PogChamp
BM LUL
ce6 LUL
133 This is an automated message from Twitch TV. We have been experiencing technical difficulties related to the face. Please confirm that your face is working properly. Kappa
NO U 4Head
chat laughing at chat laughing at laughing at sub LUL
CHAT I DONT FEEL SO GOOD BibleThump
chat laughing at chat laughing at chat LUL
gO aHEAD SIR LUL
QUOTE ME SOME admiralC PLEASE PogChamp
@dark097 @darkest_nugget_of_japan @trihard_in_house cmonBruh
Na'Vi is sтill noт ьacк? ц fцскiиg рцикs aяe иeveг saтisfied aяe чоu? нopе чоц eиjoy ьeiиg ьiттeг сaцse Я defiиiтelч love ъeiиg тнe gгeaтesт DendiFace
@duckcollins u gonna die BibleThump
HOOK LUL
slam TTours
Hooks LUL
H K LUL
Hook LUL
HOOK LUL
hook LUL
Hook LUL
jerax LUL
@duckcollins WHAT HAPPENED SwiftRage
JERAX ECHO SLAM LUL
hook LUL
HOOK DendiFace
HALF LIFE PogChamp
ECHO SLAM TTours
HOOK? WHERE LUL
thanks chat SeemsGood
bye OSFrog
Na'Vi is sтill noт ьacк? ц fцскiиg рцикs aяe иeveг saтisfied aяe чоu? нopе чоц eиjoy ьeiиg ьiттeг сaцse Я defiиiтelч love ъeiиg тнe gгeaтesт DendiFace
yeah OSFrog
PASHA PogChamp
HOOK LUL
? OSFrog
nothing wron here guys OSFrog
Pasher PogChamp
? OSFrog
BYE OSFrog
? OSFrog
Balanced OSFrog
my perfect creation OSFrog
s 4Head
PROBLEM? OSFrog
I KNOW OSFrog
what a hero OSFrog
xD OSFrog
RIP LUL
HERE WE GO AGAIN Jebaited
BALANCED HERO OSFrog
dw the next puck OSFrog
F AGAIN Jebaited
braking ankles PogChamp
s 4Head
NEXT SLIDE PLEASE :)
NEXT SLIDE PLEASE :)
NEXT SLIDE PLEASE :)
NEXT SLIDE PLEASE :)
NEXT SLIDE PLEASE :)
YOU CANT MISS KILL IF YOU MISS ALL THE STREAM EleGiggle
NEXT SLIDE PLEASE :)
NEXT SLIDE PLEASE :)
ITS TIME Jebaited
1 OSFrog
saved :)
Again NotLikeThis
HERE WE GO AGAIN Jebaited
NEXT SLIDE PLEASE :)
NEXT SLIDE PLEASE :)
NEXT SLIDE PLEASE :)
NEXT SLIDE PLEASE :)
@CCnCDotA2 WutFace
NEXT SLIDE PLEASE :)
@CCnCDotA2 WutFace
CCNC PogChamp
NEXT SLIDE PLEASE :)
SAVED PogChamp
f NotLikeThis
KY-LE SwiftRage
@CCnCDotA2 LUL
ka le :(
BROKEN HERO BROKEN STREAM LUL
CCNC WutFace
CCNC LUL
ccnc BrokeBack
CCNC DansGame
GG NotLikeThis
CCNC LUL
CCNC WutFace
SHANGHAI PTSD PepeHands NotLikeThis
works again PogChamo OSFrog
NEXT SLIDE PLEASE :)
PIMPMUCKL GOING IN PogChamp
@CCnCDotA2 WutFace
NEXT SLIDE PLEASE LUL
F KappaRoss
@CCnCDotA2 CC& LUL
@Fogged PogChamp
@CCnCDotA2 LUL
@CCnCDotA2 LUL
F :)
x2 Jebaited
MY PERFECT CREATION OSFrog
F Jebaited
auto moderator NotLikeThis
NEXT SLIDE PLEASE :)
: NEXT SLIDE PLEASE :)
@ccncdota2 ccncGracious HeyGuys
wc3 battlenet down LUL
@PimpmuckL Actual good observer PogChamp
@CCnCDotA2 ABUSED POWER WutFace
KA LE NotLikeThis
NEXT SLIDE PLEASE :)
Slide Show Stream PogChamp
NEXT SLIDE PLEASE :)
NEXT SLIDE PLEASE :)
@ccncdota2 LUL
NEXT SLIDE PLEASE :)
FEELS GOOD TO MISS ALL ACTION TTours
EPICENTER PRODUCTION LUL
/ Jebaited
NEXT SLIDE PLEASE :)
KA LE LUL
F Jebaited
FREE CONTENT BabyRage
This stream PunOko
CCnC DansGame
CCNC Not playing a major? LUL
NEXT SLIDE PLEASE :)
this is so bad NotLikeThis
GREAT TOURNAMENT :)
2322 PogChamp
Refresh Kappa
GREAT STREAM EXPERIENCE FailFish
NEXT SLIDE PLEASE :)
my stream experience Jebaited
DED STRIM LUL
Chat Experience LUL
NEXT SIDE PEASE LUL
PRODUCTION LUL
shanghai 2.0 LUL
NEXT SLIDE PLEASE :)
YOU CANT MISS KILL IF YOU MISS ALL THE STREAM EleGiggle
NEXT SLIDE PLEASE :)
NEXT SLIDE PLEASE :)
CCnC Major Winner PogChamp
TUNNEL ME Kappa
Shanghai flashbacks NotLikeThis
@epicenter_en1 here we go again SeemsGood
NEXT SLIDE PLEASE :)
KA LE :)
SAVED :)
KALE WutFace
@epicenter_en1 FIX PLEASE :)
NEXT SLIDE :)
NEXT SLIDE PLEASE :)
EPICENTER PRODUCTION LUL
my epicenter experience NotLikeThis
NEXT SLIDE PLEASE . :)
FAILS OF THE WEEK 204 IS UP GUYS DendiFace
GREAT TOURNAMENT :)
I'LL WAIT :)
KA LE WutFace
NEXT SLIDE PLEASE :)
NEXT SLIDE PLEASE :)
7Bad LUL
stream experience Jebaited
VODKA PRODUCTION LUL
Press Ctrl+W, it'll work!! Keepo
OG LUL
7BAD LUL
S 4Head
Next Slide Please :)
SAVED KappaRoss
S 4Head
S OpieOP
7BAD LUL
NICE STREAM :)
WILL W OSFrog
MofarahDota OH MY WORD PogChamp
ModeratorVerifiedCCnCDotA2: NEXT SLIDE PLEASE :)
SEB LUL
7MAD LUL
OG LUL
7 BAD SoBayed
THANKS FOR THE GREAT TOURNAMENT :)
OG LUL
OG LUL
MY PERFECT CREATION OSFrog
S 4Head
OSFROF MY FINEST CREATION OSFrog
1NEXT SLIDE PLEASE :)
S OMEGALUL BAD LUL
OG TILTING? SoBayed
davai production Kreygasm
NEXT SLIDE PLS BabyRage
2 ults btw OSFrog
VP WILL WIN THIS GAME Jebaited
NA STREAM LUL
O LUL
👏 👏 TriHard
x3 Jebaited
KA LE KA LE KA LE KA LE WutFace
NEXT SLIDE PLEASE :)
KA LE WutFace
I'LL WAIT :)
OG LUL
THIS STREAM NotLikeThis
NEXT SLIDE PLEASE :)
NEXT SLIDE PLEASE :)
s 4Head
G LUL
STREAM LUL
UNSTUNNABLE OSFrog
7Bad so bad LUL
F stream NotLikeThis
NA SERVERS LUL
YOU CANT MISS KILL IF YOU MISS ALL THE STREAM EleGiggle
F NotLikeThis
ITS FINE :)
Next slide please :)
KA LE STREAM LUL
watch on 470p no lag SeemsGood
ModeratorVerifiedCCnCDotA2: NEXT SLIDE PLEASE :)
:/ PunOko
Ill wait :)
KY LE 4Head
NEXT SLIDE PLEASE :)
NEXT SLIDE PLEASE :)
KALE BibleThump
NEXT SLIDE PLZ :)
I'LL WAIT :)
KELE PogChamp
@trihard_from_baltimore cmonBruh
QUOTE ME SOME admiralC CHAT PLEASE PogChamp
NEXT SLIDE PLEASE LUL
wasnt ramzes laughing at slark pick? LUL
i remember my internet back then SeemsGood
LAG ResidentSleeper
shadow dance duration LUL
saved PogChamp
s 4Head
BANNED TELEGRAM BANNING TWITCH NOW BigBrother
KA LE KA LE KA LE KA LE KA LE WutFace
SLARK VP AS LWAYS ResidentSleeper
NEXT SLIDE PLEASE :)
EU internet LUL
@neil_thehunter my stream experience NotLikeThis
wasnt ramzes laughing at slark pick? LUL
KY LE BlessRNG
NA STREAM LUL
NEXT SLIDE PLEASE :)
NEXT SLIDE PLEASE :)
NEXT SLIDE PLEASE :)
BANNED TELEGRAM BANNING TWITCH NOW BigBrother
s 4Head
viper OSFrog
Be positive chet :)
NEXT SLIDE PLEASE PogChamp
NEXT SLIDE PLEASE :)
NEXT SLIDE PLEASE :)
Great major :)
SO BAD LUL
@BSJNumberOneFan BSJ Shrine maker PogChamp
🚬 💨TIME TO MISS 🚬 💨 SOME DOTES 🚬 💨 TTours
Ill wait :)
NEXT SLIDE PLEASE :)
TWITCH IN MY COUNTRY? BigBrother
slideshow better than no show right chat ? :)
KALE BibleThump
DEAD GAME LUL
EPIC INDEED :)
NEXT SLIDE PLEASE :)
Grant casting BrokeBack
NEXT SLIDE PLEASE :)
SLIDESHOW ResidentSleeper
good stream :)
BEST MAJOR :)
NEXT SLIDE PLEASE :)
🚬 💨TIME TO MISS 🚬 💨 SOME DOTES 🚬 💨FFF TTours
NEXT SLIDE PLEASE :)
SAVED KappaRoss
Nobrain LUL
AAAAAAAAAAAAHHHHH GOWKratos
@Danition no not even close LUL
NEXT SLIDE PLEASE :)
BTW LUL
F TTours
no worries take your time :)
EPICENTER PRODUCTION LUL
EPICENTER OMEGA LUL
I'LL WAIT :)
F BibleThump
Clap PogChamp
GREAT stream :)
no worries take your time :)
F :)
F BibleThump
-^-- --^- good job epicenter -^-- --^- :)
F LUL
EPIC PRODUCTION LUL
NEXT SLIDE PLEASE :)
EPI LUL
I guess it's over :)
