NA VI WIN Kappa
VALVE PRODUCTION LUL
ALIVE PogChamp
@daryl_jr_hol_up cmonBruh
Mods I am sorry for typing a racial slur before pls unban me :(
EU PRODUCTION FailFish
RERUN LUL
NO FIX LUL
SHANGHAI 2.0 LUL
KA LE LUL
SAVED KappaRoss
gg LUL
ANY DARYLS? cmonBruh
not fixed LUL
NOONE LUL
KA LE LUL
Still not fixed LUL
NAVI BACK? ;DEN DendiFace
Still LAG LUL
322 LUL
SAVED Kappa
VP DDOS LUL
Back LUL
wraith king ultimate PogChamp
7 TriHard
NA'VI IN 2018 LUL
YES ITS MAJOR LUL
press Ctrl + W to remove lag worked for me SeemsGood
WHERE IS FACEBOOK STREAM DansGame
DDOS Kappa
MAJOR PRODUCTION LUL
GENER LUL
RP PogChamp
Valve sponsored LUL
@epicenter_en1 Be positive :)
NAVI LUL
Stream goes down and suddenly Navi ahead TheIlluminati
NAVI LUL
GENER FIGHTING TREANTS LUL
MATCH = FIXED LUL
SLARDAR cmonBruh
NAVI Dota LUL
slardar PogChamp
RUSSIAN INTERNET NotLikeThis
GENER GENER LUL
SLARK LUL
4v5 plays LUL
Slardar 4Head
they killed twitch Kappa
slarkar PogChamp
back DendiFace
thnx for epic stream :D
bron useless LUL
FIXED SeemsGood
GRANT LUL
LITTLE LUL
SLARDAR AGAIN LUL
LIDL LUL
slark carry LUL
9pashaebashu Kreygasm
FISH RACISM ALL FISH LOOK THE SAME NotLikeThis
LIDL LUL
SLARKDAR LUL
Slardar BrokeBack
VP AGENT Kappa
STOP LAGGING SwiftRage
NA INTERNET LUL
KA LE MVGame
NEXT SLIDE LUL
KA LE LUL
KA ME LUL
RU INTERNET LUL
WHAT IS THIS ðŸ‘‰ POGGERS WutFace
lag SwiftRage
DAT LAG NotLikeThis
@epicenter_en1 Nice fix LUL
ka lel ? super man ? LUL
KA LE NotLikeThis
BRON LUL
bron LUL
bron LUL
KS DendiFace
KS LUL
KS LUL
KS LUL
KS DendiFace
KS LUL
KS LUL
KS LUL
KS LUL
my KS DendiFace
SK LUL
KS LUL
BRON LUL
mine DendiFace
KILL SECURE PogChamp
KS LUL
EU STREAM LUL
damn reflex LUL
yoink DendiFace
cheats PogChamp
MINE KILL DendiFace
EZ DendiFace
KS LUL
SCRIPT LUL
KA LUL
THATS MINE DendiFace
headshot PogChamp
SECURED DendiFace
He tried to click on slark FailFish
one LUL
my kill TriHard
YOINK DendiFace
take take take / DendiFace
DUNK LUL
KS AGAIN LUL
GENER LUL
GENE LUL
BM LUL
DUNK LUL
R9K WutFace
AXE LUL
ULT LUL
LIVING LEGEND DendiFace
KS mine DendiFace
LAGGA WutFace
GRAPH LUL
roller coaster PogChamp
@epicenter_en1 patience please? LUL
r9k LUL
Forgot to turn off axe ult script LUL
KA LE WutFace
@epicenter_en1 still kale LUL
NICE CAM NICE LAG EPICENTER LUL
KA LE LUL
vodka net ... PogChamp
since when did we switch to PowerPoint for our hosting platform LUL
ru stream FULL FPS en stream full garbage obs + fps SeemsGood
THIS NP DansGame
KA LE STREAM Kreygasm
WHAT? cmonBruh
NEXT SLIDE PlS TTours
BARK THE LAG AWAY OhMyDog
KARE PunOko
JUST TURN OFF AND ON LOOOOL 4Head
L L LUL
L L LUL
L L LUL
L L LUL
I dont know what you guys are talking about I dont see any lag In my pinoy internet this is normal FailFish
L L LUL
@epicenter_en1 KA LE SwiftRage
@thelastromi 2k spotted LUL
KA LE STREAM LUL
nice major SeemsGood
KA LE GOWKratos
KA LUL
CIS STREAM LUL
Noone LUL
KA LE FailFish
MAJOR BTW DendiFace
NO JUAN LUL
NON FARMING CARRY LUL
ONE LUL
BOY FIX THE KA LE GOWKratos
KA LE LUL
BRON LUL
BRON LUL
BRON LUL
1 I dont know what you guys are talking about I dont see any lag In my pinoy internet this is normal FailFish
bron feeding program LUL
L L LUL
la luz del sol no supera tu belleza Yana <3
NICE STREAM SeemsGood
POWERPOINT DOTA PogChamp
KA LE NotLikeThis
KKomrade TTours
Be positive, chat :)
Garbage internet,,nice show btw 4Head
BOI FIX THE CONNECTION GOWKratos
52K viewer KA LE LUL
nice lag :)
SHANGHAI MAJOR DansGame
1K CHAT WutFace
Turn-based Doto VoHiYo
BEST MAJOR :)
BOY, FIX THE LAG GOWKratos
0/9 4Head
production 4Head
3 I dont know what you guys are talking about I dont see any lag In my pinoy internet this is normal FailFish
UNleash the Lag LUL
Production value GabeN FailFish
Ty Russia :)
@epicenter_en1 YOU HAVE ONE JOB KA LE SwiftRage
@epicenter_en1 i like the slideshow dota :)
Monster cmonBruh
what monster? cmonBruh
PLEBS LUL
MY EYES WutFace
DAMN DO I LOVE LAG Kreygasm
@Nevflinn you spelt BOI wrong GOWKratos
CIS DDOS Kappa
@Moobot cmonBruh
VP just toying around with trash team LUL
POsitive LUL
KA LUL
@loonyballoon ? cmonBruh
new frame PogChamp
KA LE DansGame
MOO BOT âœ cmonBruh
1HR FOLLOWER MODE FOR RU CHAT DansGame
Whoever is running this stream does not know how do their job Kappa
epicenter XL for Xtra Lag LUL
daryl subs? TriHard
KKomrade production value LUL
English stream PogChamp
@omgacow I DIDN'T TEACH YOU TO SPELL WRONG, BOY GOWKratos
SOLO PogChamp
GO NAVI SwiftRage
GOOOOOOODS GOWKratos
pls more lag Kreygasm
@QUOTE_ME_IF_KALE s LUL
CHAT WTF WutFace
@quote_me_if_kale cmonBruh
@QUOTE_ME_IF_KALE SoBayed
@QUOTE_ME_IF_KALE WutFace
SLOW MODE DansGame
Chat is moving so fast no one will see that I'm gay VoHiYo
MOD TRIGGERED LUL
MODS LUL
MODS DansGame
MODS LUL
60 SEC EXPLAIN DansGame
@QUOTE_ME_IF_KALE KKomrade TTours
280 k watch Dota Kreygasm
SLOW MODE LUL
@GPlayMihaela LUL
MODS LUL
SLOW MODE Jebaited
SLOW MODE WutFace
FU DansGame
EVEN CHAT IS ON KA LE NOW LUL
mods triggered LUL
MODS ?? SoBayed
@QUOTE_ME_IF_KALE DansGame
MODS HELP WutFace
SLOW MODE EXPLAIn DansGame
Mods LUL
@QUOTE_ME_IF_KALE SLOW MODE LUL
Shanghai flashbacks NotLikeThis
MODS ARE ALIVE LUL
It's not even Ka Le anymore FailFish
EVEN CHAT ON KALE LUL
chat moving so fast nopne will notice i'm weeb VoHiYo
@QUOTE_ME_IF_KALE MrDestructoid
my chat experience BibleThump
KALE MODE TehePelo
MODS GOWKratos
L L LUL
@QUOTE_ME_IF_KALE 123 Kappa
MODS DansGame
cheer up, chat :)
L L LUL
weebs TPFufun
L L LUL
okay :)
stop lagging PunOko
MAJOR BTW DendiFace
RAMZES PogChamp
KA LE :)
@epicenter_en1 chu say cmonBruh
this is GG :)
@QUOTE_ME_IF_KALE Mods? SoBayed
@QUOTE_ME_IF_KALE LUL
@epicenter_en1 ok thanks :)
KA LE GOWKratos
@epicenter_en1 no slowmode thou :)
@brightest_colours WutFace
KA LE :)
CHAT WTF CHAT WTF WutFace
fix this SwiftRage
fixed? BlessRNG
ka le :)
fu @epicenter_en1 :)
@epicenter_en1 HAHAHAHAHAHAHAHAHA LUL
ARTEEZY LUL
KALLES KAVIAR SwiftRage
MODS LUL
@epicenter_en1 MEME QUIT UR JOB PLS LUL
reeee! :)
NICE STREAM LUL
more time to look at each screen :)
@epicenter_en1 1 :)
KA LE :)
LOOKING FOR HIS UNCLE LUL
SPONSORED BY POWER POINT Kappa
cheer up we're just trash production dont worry heres another insta link :)
@GPlayMihaela 4Head
r9k Jebaited
AAAAAAAAAAAH GOWKratos
Mods? PUTTING SLOW MODE TO HIDE LAG Pathetic SoBayed
cheer up @QUOTE_ME_IF_KALE :)
@epicenter_en1 WHERE IS DASHA? HotPokket
@epicenter_en1 @QUOTE_ME_IF_KALE LUL
@QUOTE_ME_IF_KALE Kreygasm
Mod Memes :)
@epicenter_en1 only 60? LUL
DENDI LUL
BRING BACK FACEBOOK SwiftRage
lag, fix pls DansGame
WINK RUNNER LUL
@epicenter_en1 prequel memes LUL
@QUOTE_ME_IF_KALE LUL
ky LUL
shanghai major 2.0 what a joke LUL
PRODUCTION NotLikeThis
FACEBOOK WAS RIGHT PogChamp
KA LE :)
pls fix this BlessRNG
KA LE for anyone else ? Kappa
FACEBOOK STREAM IS BETTER Kappa
@QUOTE_ME_IF_DARYL 7 TriHard
@epicenter_en1 are you going to fix this or just meme around DansGame
rosh PogChamp
NepKale TPFufun
60 frames per niggite? cmonBruh
this is why league is better Kappa
BRING OUT THE PITCHFORKS SwiftRage
Navi LUL
FACEBOOK HATERS? FACEBOOK HATERS? SoBayed
PPT LUL
next slide soon :)
@epicenter_en1 WutFace
HI MY FANS HeyGuys
IS NAVI BACK? PogChamp
@epicenter_en1 :)
Ready :)
Hello epicentre @QUOTE_ME_IF_KALE has been banned :)
CHU SAY cmonBruh
lag is fine :)
@epicenter_en1 YES PogChamp
@epicenter_en1 Thanks for having Grant, this dude is amazing! :)
@epicenter_en1 EXPLAIN DansGame
@epicenter_en1 FIRED LUL
@epicenter_en1 pls fix lag ty :)
@epicenter_en1 nice :)
1 FACEBOOK HATERS? FACEBOOK HATERS? SoBayed
Whis this major was on Facebook Kappa
haHAA Mods HeyGuys
Next SLide SOON? cmonBruh
NaVi_VP_game_2.ppt LUL
@epicenter_en1 close your secret browser tabs Kappa
It's fine :)
epicenter_en1 nice memes but fix strim pls :)
loving this dota 1 stream :)
L L PogChamp
@QUOTE_ME_IF_KALE cmonBruh
its not fine :)
@epicenter_en1 we are waiting for the next slide :)
BKB LUL
scripts LUL
bkb LUL
@epicenter_en1 more funnies please love the memes :)
LEBRON PogChamp
@Glinkerton ok, sorry :)
icepath HIT PogChamp
is this dota the slideshow? PogChamp
SHA LUL
DENDI PINGED ALL THE WARDS Kreygasm
the lag is a part of the experience :)
3 2 2 :)
Pash LUL
@epicenter_en1 when is next slide? :)
Eul PogChamp
BRON PogChamp
@TriHard_From_Africca cmonBruh
My grandpa with Alzheimer have more memory than your Russian servers! DansGame
Has epicenter considered facebook partnership Kappa
LIL PogChamp
Watf cmonBruh
blame telegram ban :)
BANNED LUL
troll nw vs slark nw EleGiggle
KA LE BANS LUL
good vibes chat :)
@Erica993 FACEBOOK HATERS? SoBayedFACEBOOK HATERS? SoBayed
@epicenter_en1 ask gaben to unplug and plug in router Kappa
@epicenter_en1 hi MODs HeyGuys
@epicenter_en1 lags work as intended, you can stop the test now :)
NEXT SLIDE PLS Kappa
navi is back DendiFace
60 frames per niggite cmonBruh
@epicenter_en1 the most active broadcaster on chat i ever seen :)
NEXT SLIDE PLEASE PunOko
BKB LUL
quotes banned LUL
KA LE TTours
CIS BKB LUL
BKB LUL
BKB LUL
bkb LUL
@epicenter_en1 KA LE LUL
RIP LUL
monkas LUL
ad ResidentSleeper
RUSSIA EleGiggle
@epicenter_en1 nice production value FailFish
epicenter_en1 MORE MEMES :)
BKB into Axe LUL
major btw LUL
Fixed? PogChamp
NICE STREAM @epicenter_en1 LUL
FIXED :)
SAVED KappaRoss
SAVED PogChamp
