back PogChamp
Cam2 > main steam LUL
SPANISH STREAM IS UP PogChamp
back PogChamp
SAVED PogChamp
soon LUL
BACK PogChamp
SAVED PogChamp
SOON LUL
SAVED PogChamp
Saved PogChamp
OH MY WORD NotLikeThis
alive PogChamp
back PogChamp
SOON LUL
SOON Jebaited
SAVED PogChamp
actually back PogChamp
BACK Jebaited
S N Jebaited
Soon Jebaited
SOON Jebaited
WE BACK BOIS PogChamp
Clap PogChamp
SAVED PogChamp
Stream is NAVI PogChamp
S N Jebaited
ACTUALLY BACK PogChamp
S N LUL
zuckerberg ddos MrDestructoid
STREAM IS ON Jebaited
S N Jebaited
POGGERS cmonBruh
S N Jebaited
?? Jebaited
S N Jebaited
SOON LUL
WELL BE BACK SOON LUL
SVAED PogChamp
SPANISH PogChamp
S N LUL
SOON Jebaited
SOON Jebaited
ITS BACK UP PogChamp
SOON Jebaited
SOON Jebaited
SOON Jebaited
Buy Back PogChamp
SOON Jebaited
BACK PogChamp
SOON ResidentSleeper
S N Jebaited
SOON Jebaited
@epicenter_en1 doing a great job, crashing again. SeemsGood
@epicenter_en1 THANKS SeemsGood
Soon Jebaited
S N Jebaited
SOON PogChamp
S n ™ Jebaited
BRAVO BloodTrail
soon Jebaited
WE BACK :)
DON'T REFRESH Jebaited
S PogChamo N PogChamp
soon Jebaited
music WutFace
Black Panther Fans? SoBayed
S N Jebaited
SOON SOON SOON Jebaited
SOON SwiftRage
SOON Jebaited
gone again LUL
S N LUL
F LUL
Music Put it back offline WutFace
DID NAVI LOSE TODAY? Jebaited
SOON Jebaited
DDOS CENTER LUL
youll be back when? cmonBruh
soon LUL
DEAD AGAIN LUL
Soon LUL
AGAIN Jebaited
f5 guys Jebaited
ka le :(
S N Jebaited
EPIC LUL
S N Jebaited
S N S N Jebaited
F F F Jebaited
S N Jebaited
not again NotLikeThis
S N Jebaited
VIEWERS LUL
S N Jebaited
20 000 Jebaited
F Jebaited
OMG It's back ? LUL
BEST MAJOR EVER :)
S N Jebaited
PIC NT R LUL
F LUL
I dont wanna go Mr Stark BibleThump
WOW PogChamp
OMEGALUL Jebaited
DOWN AGAIN Jebaited
1 S N Jebaited
offline SeemsGood
MAJOR LUL
now its offline Jebaited
SAVED Jebaited
ALOMST WORKING Jebaited
MODS? NOW WHAT? SoBayed
F Jebaited
JeBaited LUL
i need to sleep BibleThump
ITS YEAR 2000 BUG IT´S BACK FROM THE DEAD WutFace
EPIC LUL
@Stardin Jebaited
@epicenter_en1 EXPLAIN DansGame
S N TPFufun
Clap Jebaited
LEPO LEPO BibleThump
LEPO LEPO . VoHiYo
M A J O R LUL
Stream offline Jebaited
