SAVED KappaRoss
This is good :)
BACK PogChamp
BUYING VLADS LUL
THEY WILL FIX IT :)
🚬 💨TIME TO MISS 🚬 💨 SOME DOTES 🚬 💨DFF TTours
SAVED :)
from russia, with love LUL
SAVED PogChamp
SAVED KappaRoss
SAVED :)
R I O T R I O T VoHiYo
just watch ingame :)
TWITCH = TRASH ' LUL
PUTIN is here BigBrother
FACEBOOK STREAM IS BETTER SwiftRage
saved PogChamp
( ) Jebaited
REFRESH PogChamp
COOL CALM COLLECTED :)
I'M CALM :)
football world cup preshow LUL
SAVE PogChamp
SAVED KappaRoss
it's back :)
@PimpmuckL for now DendiFace
its ok Now no worries :)
SAVED PogChamp
Ask Puppey to calm down... see how many monitor he breaks!!! Kappa
0 VIEWERS LUL
its ok :)
S 4Head
SLARK VIPER VP ResidentSleeper
KKomrade NO MORE PRIVATE PROPERTY KKomrade COMMON SLIDES NOW KKomrade (noone gets slides ) Jebaited
EXORCISM LUL
7MAD LUL
s 4Head
Exorcism NotLikeThis
N0BRAIN LUL
slark is such a fun hero :)
7ckngMad SoBayed
GG LUL
J DOG LUL
JERAX LUL
HUGE ULT Kappa
J-DOG EleGiggle
FAKE HYPE LUL
OG LUL
7mad LUL
Saved CoolStoryBob
NEXT SLIDE PLEASE :)
OG LUL
FACEBOOK HATERS? SoBayed
ECHO LUL
SEE YA IN FACEBOOK SoBayed
JERAX LUL
FAKE HYPE LUL
7MAD LUL
RIGGED LUL
flappy viper PogChamp
FAME HYPE LUL
Everything was late LUL
FAKE HYPE LUL
Disband Confirmed LUL
FAKE HYPE LUL
focus viper LUL
breaky fake hype BrokeBack
Saved stream KappaRoss
EU DOTA LUL
Fishure SabaPing
FISH-HER LUL
... 1 SECOND LATER 👉 OMEGALUL PogChamp
Facebook haters APOLOGIZE SoBayed
still die LUL
Please dont host tournaments in 3rd world countries @epicenter_en1 :)
IN GAME IS BEETER LUL
? OSFrog
FACEBOOK HATERS? FACEBOOK HATERS? FACEBOOK HATERS? SoBayed
DIRECT INVITE???? EleGiggle
KILLING WILLOW? I DON'T THINK SO OSFrog
nothing wrong here OSFrog
LATE GAMING LUL
Great tournament Great casting Great Stream :)
322 VP LUL
SLARK VIPER VP ResidentSleeper
They are mining bitcoins and streaming at the same time LUL
FISH-HER . LUL
s4 didn't even split LUL
DAED STRAEM!!! Kappa
jut call gg LUL
FISH HER LUL
Navi lose to this LUL
CASTER LUL
SLARK VIPER VP ResidentSleeper
Viper so fast PogChamp
@A_TRIHARD_GOTTA_EAT who gotta eat what? cmonBruh
Morphling Slark ocean meta OSFrog
top NICE COMMENTATOR LUL
CALL GG FailFish
OG = Overrated Garbage SoBayed
VIPER AS OSFrog
viper WutFace
Viper attack animation LUL
ALMOST OSFrog
J DOG LUL
viper wings WutFace
YERAX LUL
G LUL
J DOG LUL
Viper Win LUL
GG LUL
STEAL LUL
Next Slide Please :)
FISH-HER LUL
ALMOST Kappa
JDOG LUL
MIGHT NEED TO BUFF WILLOW OSFrog
OG LUL
0 viewers DansGame
PATIENCR FROM ZHOU PogChamp
time to gg LUL
HYPER VIPER PogChamp
NEXT SLIDE PLEASE :)
AFK LUL
DARK WILLOW IS MY WAIFU OSFrog
NEXT SLIDE PLEASE :)
afk LUL
AFK LUL
AFK LUL
slark :)
AFK LUL
afk LUL
AFK LUL
OG beat Navi, Navi beat VP, VP beat OG the circle of life LUL
R I O T R I O T VoHiYo
AFK LUL
AFK 4Head
Production LUL
AFK LUL
AFK LUL
see what? LUL
KA LE FailFish
fair hero LUL
See Ya TehePelo
OG IS AND NOT BACK TriHard
KA LE LUL
im from 2019 and OG will win Kappa
G LUL
nothing wrong here OSFrog
gg :)
OG BM?? OG BM?? OG BM?? SoBayed
just gg LUL
OMEGA G LUL
Rodjer PogChamp
Call GG LUL
OG? More like G LUL
OG BM?? OG BM?? SoBayed
OG lost cuz KA LE LUL
Call it LUL
Call it cmonBruh
CHICKEN VIPER LUL
call gg save the bandwidth Kappa
Let them win BibleThump
30k lead LUL
Noone viper Dendi viper OMEGALUL PogChamp
OG BM?? OG BM?? OG BM?? SoBayed
Respect 4 majors winner LUL
7BAD? SoBayed
SALTY OG LUL
VIPER WutFace
OMEGA G LUL
NO GG LUL
EUL LUL
is this BSJ inspired Slark ? Kreygasm
SLARK VIPER VP ResidentSleeper
Net Worth WutFace
OG LUL
NO GG NO GG LUL
Not bad VP DansGame
JERAX LUL
7BAD :)
&MAD OMEGA LUL
31k WutFace
gg :)
master of major ? SoBayed
COMEBACK PogChamp
Viper LUL
just call it dude BabyRage
OG loses to a slark LUL
NO GG LUL
COMEBACK PogChamp
VIPER OSFrog
comeback Kappa
NAVI LOST TO THIS LUL
@rocketslay_1 they just called gg :)
7 SoBayed
OG BM?? OG BM?? SoBayed
BM LUL
WILLOW 4Head
PASHA LUL
COMEBACK LUL
COMEBACK AFTER GG LUL
15k gold LUL
not s4 mide DansGame
Slack LUL
BM LUL
FLAPPY BIRD WutFace
TRASH LUL
where's the allchat bm now 7bad ? SoBayed
Rekt Kappa
Unexpected LUL
BM? SoBayed
BM LUL
7 SOBayed LUL
NAVI LUL
7BAD LUL
GG WHAT GAME CANT SEE SoBayed
s 4Head
OG is BrokeBack
Notail throwing LUL
VIPER WutFace
7cking BAD LUL
NAVI LUL
7BAD BM SoBayed
??? DendiFace
Willow Kappa
Clap SoBayed
7bad? SoBayed
Seb smiling LUL
THIS Viper LUL
FLY'S ARMS KappaPride
OG TRASH SoBayed
viper machine gun LUL
s 4Head
OG LUL
7BAD LUL
BM LUL
@HOW_BAYED_IS_THIS_CHAT SoBayed
RAMZES BM LUL
7BAD NOT USING EXO NotLikeThis
ce6 Smiling :)
7ckngMad SoBayed
redbull LUL
? SoBayed
"Don't lie, that was unexpected" OMEGALUL LUL
UNEXPECTED LUL
seb KappaPride
S 4Head
7BAD LUL
GUSTAV Kreygasm
? SoBayed
s 4Head
S 4Head
s 4Head
S 4Head
7Bad SoBayed
rtz LUL
7MAD KappaPride
S4 LUL
7BAD SoBayed
? SoBayed
UNEXPECTED LUL
RTZ WutFace
JER LUL
s OMEGALUL 4Head
Orange Guava SeemsGood
7BAD SoBayed
RTZ PogChamp
@HOW_BAYED_IS_THIS_CHAT SoBayed
og still not top tier? SoBayed
7 LUL
7bad SoBayed
Noone didnt babyrage PogChamp
s 4Head
s 4Head
ARTOUR PogChamp
s 4Head
FLY why he is so handsome KappaPride
G BibleThump
7mad KappaPride
Slark Kreygasm
S 4Head
S 4Head
GODJER PogChamp
NOONE SKINNY PogChamp
s 4Head
GRIL PogChamp
RTZ is a poor man's RODGER EleGiggle
GRILL PogChamp
grill Kreygasm
Og ti champs SoBayed
7 BAD LUL
og KappaPride
@islaww SoBayed
FLY Kreygasm
NOBRAIN LUL
NOBRAIN LUL
NOBRAIN LUL
sadtail :(
MY TWIN BabyRage
N0BRAIN LUL
bigdaddy LUL
SEB?? SoBayed
DOTA SoBayed
RTZ won back to back to back Major with VP PogChamp
1 SoBayed
NOBRAIN LUL
SELLOUT LUL
COACH 7BAD SoBayed
notail 4Head
SELLOUT LUL
n0tail LUL
SADDAD Kappa
NOBRAIN BabyRage
NoBrain LUL
Nobrains LUL
7mad all chat SoBayed
SELLOUT LUL
SELLOUT LUL
SELLOUT LUL
N0Brain :)
FEELS GOOD TO MISS ALL ACTION TTours
TWITCH = TRASH LUL
TILT OG LUL
SELLOUTS LUL
SELLOUT LUL
NOBRAIN DansGame
SELLOUT LUL
GRANT LUL
NoTail BibleThump
BLACK MONSTER PogChamp
SELLOUT WutFace
MONETER LUL
redbull LUL
GRANT LUL
REDHEAD GRILL Kreygasm
SELLOUT LUL
monster <3
SELLOUT LUL
Be positive, chat :)
chat say cmonBruh
SELLOUT LUL
$ELLOUT LUL
SLIM GH = RODJER PogChamp
DRINK IT WutFace
SELLOUT LUL
7bad LUL
Selloit LUL
SELLOUT LUL
this guy LUL
sellout WutFace
SELLOUT LUL
YOTA = BEST INTERNET LUL
MONSTER PogChamp
Clap DansGame
SELLOUT LUL
7 TriHard
When NA Plays ? LUL
SELLOUT LUL
MONSTER LUL
ADS LUL
SELLOUT LUL
SELLOUT LUL
Sellout DansGame
RedBull Poooound
SELLOUT 4Head
One more and im OUT LUL
Grant <3
M NSTER OSFrog
Im enjoying the Slideshow casting :)
cool ad :)
REAL SPORTS PogChamp
ADS LUL
REDBULL IS BETTER DansGame
sponsored by network error SeemsGood
monster <3monster <3
MONSTER NOW IM RALLY X DRIVER PogChamp
game start lag , game ends no lag DatSheffy
M NSTER LUL
WOW SO COOL PogChamp
uhh @ICEICEICE_IXMIKE @trihard_from_darkness @A_TRIHARD_GOTTA_EAT cmonBruh
Is monster hosting the servers? LUL
i like how the ads work flawlessly but the stream sucks 4Head
Monster everywhere cmonBruh
physical activity LUL
Real Sports?! DansGame
Red EyE WutFace
EXPERTS CAP LUL
experts and synderen LUL
NAVI won against this VP LUL
experts LUL
ADS LUL
game nama one LUL
i saw all the action Kappa
RED EYE IS ACTAULLY RED WutFace
GODZ has little boy facial hair LUL
KYLE LUL
Redeye is a best eSport host :)
@A_TRIHARD_GOTTA_EAT change ur name cmonBruh
BULLDOG SUBS admiralC EMOTE WutFace
? DendiFace
BREXIT ENGLISH BrokeBack
G LUL
chat? cmonBruh
✍🏿 cmonBruh
I saw that cmonBruh
navi is back PogChamp
stream always broke when VP play.why is that ? LUL
322 LUL
Change Ce6 with Bulldog OG come on bruh SoBayed
W T F cmonBruh
willow OSFrog
WTF!!! cmonBruh
Kyle LUL
kyle PJSalt
⚠️ GOLDEN CHECK ⚠️ Kappa
OG need the God Gamer himself, need Bulldog BlessRNG
free slark LUL
7mad FailFish
0 MAJORS 0 TEAMS ON TOP 8 50% EU PLAYERS MUST BE NA SoBayed
kyle ResidentSleeper
wd stun dp silence es stuns ck stun = Free Slark Game !!! Kappa
chat can't believe the stream is working LUL
NOBRAIN LUL
NOBRAIN LUL
NOBRAIN LUL
NOBRAIN LUL
OG need someone with Tail, they do so bad without tail Kappa
ninja DansGame
RAMZES BabyRage
⚠️ GOLDEN CHECK! ⚠️ Kappa
NOBRAIN LUL
KICKED RESO FOR NOTAIL LUL
VOD ER KAPOW
NOBRAIN LUL
SO BAD LUL
NINJA 180K VIEWERS NINJA 180K VIEWERS PogChamp
NICE STREAM panicBasket
OG.AdmiralBulldog WHEN PogChamp
Kyle VoteYea
HOW BAYED IS CHAT TODAY? SoBayed
NINJA 180K VIEWERS NINJA 180K VIEWERS . PogChamp
NINJA 180K VIEWERS MrDestructoid
VOD ER VOD ER KAPOW
@NA_HAS_WON_0_MAJOR_BY_FAR TRUTH LUL
OG.ADMIRALBULLDOG PogChamp
@XENELIVE SoBayed
daryl koh pei xiang cmonBruh
ninja ninja DansGame
KYLE WutFace
darly 7 TriHard
SNY HATER DansGame
Kick Ce6, S4 mid and bring bulldog PogChamp
N0BRAIN LUL
KY LUL
Hey Everyone Bye Everyone :)
@na_has_won_0_major_by_far tagging yourself, what a sad idiot LUL
? cmonBruh
@na_has_won_0_major_by_far @na_has_won_0_major_by_far LUL
not s4 mid DansGame
KY LUL
ixmike88 cmonBruh
VOD ER KAPOW
NINJA 180K VIEWERS . MrDestructoid
orakyle Kreygasm
@thefirefox1738 i saw him carry Kappa
@na_has_won_0_major_by_far LUL
That moment when youre too blind to look in the lower left corner Kappa
OG = ORIGINAL GARBAGE LUL
armlet against viper and willow SeemsGood
@NA_HAS_WON_0_MAJOR_BY_FAR 4Head
VP DRAFT ResidentSleeper
any in chat KappaPride
Stop Tagging me FailFish
FIRE KYLE ALREADY WutFace
146% MORE EPIC AT *** PogChamp
OG = OVERRATED GARBAGE LUL
@NA_HAS_WON_0_MAJOR_BY_FAR LUL
@pedestrian4eva here 7 KappaPride
146% LESS FRAMES 4Head
@NA_HAS_WON_0_MAJOR_BY_FAR CoolStoryBob
more epic LUL
146% more downtime 123 Kappa
KY LUL
BY FAR LUL
Bulldog is crying right now OhMyDog
KY LUL
146% MORE KA LE LUL
KA LE WutFace
KY LUL
@NA_HAS_WON_0_MAJOR_BY_FAR 4Head
@itz_moki KappaPride
Ninja subs DansGame
RIP PUBS NotLikeThis
OG = OmeGa LUL
Kyle on panel NotLikeThis
why would you name him john jr, i dont like the name john, its like a KKona name LUL
RIP PUBS FailFish
Bought Maelstrom 2 years ago already, has always been great. Kappa
Counter Strike BrokeBack
@Arteezy PogChamp
thanks for the tips DendiFace
KYLE KappaPride
S 4Head
S 4Head
s 4Head
S4 4Head
NOBRAIN CLASSIC LUL
Kyle is a legend guys :)
SALMON TIE xlabrinthx Kreygasm
any Bayern fans? Are u ready to lose ? SoBayed
NO BRAIN LUL
NOBRAIN LUL
@NA_HAS_WON_0_MAJOR_BY_FAR LUL
NOTAIL :(
NO BRAIN LUL
NOBRAIN LUL
NOBRAIN LUL
Classic NOBRAIN LUL
NOBRAIN LUL
ecen NINJA > NOTAIL LUL
KY LUL
N BRAIN LUL
KY . LUL
FLAMING PANEL? cmonBruh
123 Kappa
@s4 HeyGuys
HELM CK LUL
Ninja 190k Viewers MrDestructoid
any Bayern fans? Are u ready to lose ? any Bayern fans? Are u ready to lose ? SoBayed
NINJA 180K VIEWERS NINJA 180K VIEWERS PogChamp
BAD PLAYER Kappa
its qbout who throws harder 4Head
KY KY KY LUL
NO BRAIN LUL
GodZ changed his clothes, any1 realizing that ? PogChamp
KA LE NotLikeThis
Anyone say Daryl? cmonBruh
KKonas are just dumb eu LUL
BAYERN OMEGALUL REAL MADRID VisLaud PogCham´p Kreygasm
✍🏿 cmonBruh
@na_still_not_top_tier Kappa
KICK NOBRAIN :)
Kyle VoteYea
RO CHAN VoHiYo
/ bayernfan here BibleThump
100% DARYL TriHard
NOBRAIN OUT :)
Mods cmonBruh
OG > NAVI > VP Kappa
NINJA 200K VIEWERS NINJA200K VIEWERS PogChamp
bayern fan FeelsBadMan BibleThump
Kyle VP Fan LUL
addddddd DansGame
ADS LUL
ADS LUL
Kyle SoBayed
KICK 7FREAKINGBAD,TO WIN LUL
FLAMMING NOBRAIN LUL
BAYERN PogChamp
KYLE LUL
NO ADBLOCK LUL
Adds ? SoBayed
kyle EleGiggle
ADS PogChamp
GEICO PogChamp
KYLE LUL
Ads SoBayed
@Camarre its like kicking a dead body LUL
We love dota Kappa
INTERRUPTED LUL
another add 3 in a row come on man this is like BULLDOG :(
i got no ads LUL
WHAT ADS? SoBayed
spoilers at the bottom WutFace
@KeddY10 ANELE
KYLE = WORSE version of PPD LUL
MIA KHALIFA ONLINE PogChamp
BAYERN PLS WIN BlessRNG
google chrome EleGiggle
Is Kyle is guy from this emote ? :/ Kappa
NoBrain NotLikeThis
KYLE 4Head
Ads ResidentSleeper
Mia khalifa live PogChamp
I GOOGLE STOYA Kreygasm
mia khalifa PogChamp
my addblock blocks no adds on twitch :(
Bloodseeker Kappa
don't even think about it chat cmonBruh
Is Kyle guy from this emote ? :/ Kappa
bloodsuka PogChamp
Seeker?? cmonBruh
BS PogChamp
Not using AdBlock LUL
1HR till BAYERN VS MADRID LETS GO BAYERN BlessRNG
? cmonBruh
Mods whats wrong with me why u banning me cmonBruh
@GoodPrince1 RIP LUL
mia khalife WutFace
@tophigh23 cmonBruh
Wtf mods cmonBruh
host mia khalifa SwiftRage
1 H TILL MADRID GET PENALDO 4Head
I GOOGLED SABRINA SUZUKI WutFace
i Googled Solo Invoker PogChamp
@rtzwayylmao BibleThump
I googled it Kreygasm
CIS TOP 1 NAVI SoBayed
Subbing is the best Ad block Kappa
@Mrkvek213 cmonBruh
BAYERN ? SoBayed
Eminem PogChamp
EMINEM PogChamp
Don't even think about it chat cmonBruh
I googled cmonBruh
the google meme makes me see megalul make it stop WutFace
RTZ is poor man's RODGER LUL
RTZ PogChamp
RTZ LUL
EMINEM LUL
BEARD LUL
kyle Kappa
WHAT IS THIS 👉 POGGERS WutFace
@iqm4l i googled it Kreygasm
EMINEM PogChamp
BABAEV BabyRage
vodka LUL
vs Navi BabyRage
Ugly rtz KappaPride
NOONE KappaPride
water PogChamp
sweeaty No one LUL
VOD ER KAPOW
I GOOGLED STOYA Kreygasm
where is Babaev? PogChamp
Noone losing weight Kreygasm
STREAMS UP PogChamp
VIKING LUL
EYES KappaPride
@Mrkvek213 LUL
PASHA Kreygasm
Dont Google "Ciempies Humano" BrokeBack
Sagiri Kreygasm
true SeemsGood
PASHA KappaPride
noone is losing weight. not even noone. Kappa
i google sabrina suzuki, chat whyyyyyy SwiftRage
KYLE LUL
CALLED OUT LUL
KYLE LUL
Kyle LUL
KYLE LUL
r 9pasha and Noone the same ppl ? BrokeBack
pasha = DansGaming 2.0 DansGame
KYLE LUL
KY LUL
WATCHING REAL SPORTS IN 2018 LUL
hair PogChamp
CAP BrokeBack
J-DOG LUL
junkie 4Head
YARAX PogChamp
google rei mizuna Kreygasm
damn Jerax KappaPride
N0BRAIN LUL
NOBRAIN LUL
FIRE CAP BrokeBack
jerax BibleThump
bigdaddy PogChamp
NOBRAIN LUL
@emptiness49 LUL
FL WER Kreygasm
SEE YOU IN MIA KHALIFA STEAM Kreygasm
NOBRAIN cmonBruh
NOBRAIN LUL
PREGNANT ME J GOD Kreygasm
Jerax BibleThump
JEW PogChamp
Fly Kreygasm
I GOOGLED SABRINA SUZUKI Kreygasm
FIT JEW PogChamp
NOBRAIN LUL
GRILL :)
Evany Kreygasm
Clap ANELE
wahmen DansGame
s 4Head
J-God LUL
S 4Head
GRILL Kreygasm
s 4Head
s 4Head
Flat Grill DansGame
s 4Head
s 4Head
S 4Head
s 4Head
EVANY Kreygasm
S 4Head
S 4Head
S 4Head
admiralS4Head <3
s 4Head
i will never google anything twitch chat say PunOko
S OpieOP
S 4Head
EVANY CHAN Kreygasm
wemen body Kreygasm
s 4Head
S DOG 4Head
s OpieOP
DOUBLE CHIN 24 LUL
s PogChamp
s 4Head
S 4Head
WHO HAS MORE CHINS S4 OR BULLDOG? LUL
s 4Head
GRILL Kreygasm
s 4Head
s 4Head
s 4Head
BAMBOZZLED LUL
DAMNN Kreygasm
S 4Head
admiralS4Head <3
S 4Head
s OpieOP
DOUBLE CHIN LUL
s 4Head
s 4Head
grill so flat DansGame
OG should recruit Gorc for TI SeemsGood
s 4Head
s OpieOP
s Kreygasm
s 4Head
double chin but not fat Kreygasm
S 4Head
s 4Head
DAT CHIN Kreygasm
PPD + Kyle on a panel would be great PJSalt
s 4Head
SKINNY FAT LUL
s 4Head
S 4Head
aether lens LUL
s 4Head
7MAD SoBayed
S OpieOP
neymystery SeemsGood
tripple chin LUL
Evany > Dasha Kreygasm
Triple chin Kreygasm
Beer LUL
evany Kreygasm
s 4Head
GRILL Kreygasm
GRILL PogChamp
Drinking beer LUL
beer PogChamp
7BAD 4Head
GRILL Kreygasm
Slick Daddy Pride Kappa
GRILL Kreygasm
BEER LUL
evany Kreygasm
harry potter PogChamp
BEER LUL
asian grill Kreygasm
? ? SoBayed
Beer PogChamp
BEER LUL
beer LUL
BEER LUL
beer LUL
BAGUETTE PogChamp
7MAD SoBayed
100% FRENCH KappaPride
Drinking pee WutFace
mango? CoolCat
BEER cmonBruh
S4 rest face Kappa
ACNE WutFace
Alcoholic LUL
CIS BabyRage
evany Kreygasm
kaaanseeeeeel BabyRage
definately not energy drink Kappa
666 BabyRage
SOLOOOOOO BabyRage
Puberty hitting LUL
DAVAI BabyRage
smashoSadcat BabyRage
KANNSEEEELELL BabyRage
Jerax hair Notail eyebrows Fly biceps s4 forhead 7ingmad hair KappaPride
schmall LUL
ARTSTY LUL
DRUGS WutFace
7 TriHard
tusk in 7.15 LUL
stats? TriHard
JAMES BOND PogChamp
give me all the kills BabyRage
?? stats are weaker now LUL
Ramzes BabyRage
Mr Bean PogChamp
EMINEM Kreygasm
eminem eminem PogChamp
not a big deal Kappa
DP Kreygasm
@n0_brain_for_president is your name referring to KKnona president? SeemsGood
322 PogChamp
Ramzes is stoned WutFace
SOLO <3
TI WINNER PogChamp
322 <3
REMEMBER ARTSTYLE DAZZLE ?? EleGiggle
SOLOL 4Head
Solo Invoker PogChamp
Have anyone found RAMZES666's keyboard LUL
322 GOWKratos
SOLO <3
TI7 JACKET LUL
Tusk in 7.14 BibleThump
SLIDE SHOW GAME 2 YOU READY CHAT??? LUL
jerax is a good rubick player as well :)
SO LUL
Dogher LUL
where am I? why is EG not in this MAJOR ? what are we doing at home someone tell me artour sumail crit universe who is this bald danish guy RuleFive
@vvhatever1708 on taobao LUL
Jerax hair Notail eyebrows Fly biceps s4 forhead 7ingmad hair KappaPride
NAVI > VP > OG > NAVI PogChamp
GRILL Kreygasm
OMEGA LUL
redeye PogChamp
Godjer Kreygasm
S 4Head
Supp Invoker incoming PogChamp
@breakycpk job SeemsGood
picking dp/ slardar vs OG GG LUL
GRILL PogChamp
S 4Head
@breakycpk HeyGuys
s 4Head
@breakycpk KKona :)
: where am I? why is EG not in this MAJOR ? what are we doing at home someone tell me artour sumail crit universe who is this bald danish guy RuleFive
jerax tusk Kreygasm
Show the Socks GOWKratos
s LUL
EVANY Kreygasm
white jeans Kreygasm
DOUBLE CHIN LUL
is that dotagasm? SoBayed
EVANY <3
GRILL Kreygasm
2 where am I? why is EG not in this MAJOR ? what are we doing at home someone tell me artour sumail crit universe who is this bald danish guy RuleFive
FAT S4 LUL
double chin LUL
OG.Evany Kreygasm
chin LUL
BULLDOG CHIN LUL
NARA Jebaited
that double chin Kreygasm
Be positive, chat :)
white jeans on fat chicks Kreygasm
@breakycpk you gonna be casting ma boi rtzW3 vs at TI grand finals this year? DendiFace
Fly Kreygasm
daddy Jebaited
S4 SO CUTE <3
NA LUL
NOTAIL PogChamp
Show the Socks GOWKratos
DOUBLE CHIN AND NO JAWLINE LUL
NoBrain LUL
Navi beat VP, Haters ?? DendiFace
NOBRAIN LUL
be positive Kappa
Jerax lina PogChamp
NOBRAIN LUL
notail a crackhead WutFace
omg eyebags LUL
LINA LUL
nobrain LUL
PANDA EYES LUL
BRUTL SAVAGE LEKT MingLee
OG IN 2018 LUL
NOSLEEP LUL
That is a support Lina LUL
n0tail <3
2 where am I? why is EG not in this MAJOR ? what are we doing at home someone tell me artour sumail crit universe who is this bald danish guy RuleFive
girl to girl mid powahhhh SwiftRage
NOBRAIN LUL
Second pick LINA LUL
Drink some Monster bro cmonBruh
NO SLEEP ResidentSleeper
DP ResidentSleeper
NoBrain LUL
DRUGS WutFace
girl to girl mid powahhhh SwiftRage
Navi Cis top 1 PogChamp
"BIG DADDY" LUL
TA? DendiFace
Jerax KappaPride
NOTAIL TAKE MY BRAIN NotLikeThis
JGOD PogChamp
Jerax clothes line LUL
PRAY FOR NOTAIL BlessRNG
HOMELESS JERAX WutFace
Jerax hair Notail eyebrows Fly biceps s4 forhead 7ingmad hair KappaPride
JERAX ResidentSleeper
jerax hair Kreygasm
@SomeGreatIdiot S 4Head
jerax PJSalt
What's wrong with their eyes WutFace
lina pick 2 WutFace
HAIR WutFace
EYES WutFace
Bois look tired BibleThump
S4 chin KappaPride
HAIR Kreygasm
Hair LUL
BRUTL Keepo
Mustache KappaPride
ARTOUR PogChamp
Crack Addicts PogChamp
RTZ PogChamp
RUSSIAN GH PogChamp
FAKE RTZ LUL
girl to girl mid powahhhh SwiftRage
Mr bean rodger LUL
Budget rtz LUL
godjer eyes godjer eyes KappaPride
RTZ BabyRage
CIS RTZ 4Head
/ BabyRage
PREMIUM ARTEEZY SeemsGood
DGER LUL
LIDL RTZ LUL
RTZ LUL
rtz LUL
NEC WHAT!? cmonBruh
J-God PogChamp
RTZ bro PogChamp
RTZ PogChamp
3? cmonBruh
Budget RTZ 4Head
rtz LUL
RTZ LUL
ARTIZ PogChamp
LIDL RTZ LUL
CYKATEEZY LUL
ONLY RTZ GOING TO TI LUL
MAJOR WINNER RTZ PogChamp
rtz thats actually winning something PogChamp
godjer eyes arteezy eyes KappaPride
SUCCESSFUL RTZ LUL
rtzW Clean SeemsGood
@masterofjuking KappaPride
GOOD RTZ PogChamp
rodjer KappaPride
RTZ SoBayed
THIS SMILE Kreygasm
RTZ THAT WINS PogChamp
RTZ without BabyRage
CIS RTZ KappaPride
Fist Bump LUL
RuTZ PogChamp
NA RTZ OMEGALUL CIS RTZ PogChamp
TIER 1 RTZ PogChamp
Budget Artour LUL
NECK GROWS SwiftRage
LION LUL
BETTER RTZ PogChamp
bromance KappaPride
LION PogChamp
RUSSIAN RTZ BabyRage
MAJOR WINNER RTZ PogChamp
FINGER Kreygasm
OG IN 2K18 LUL
7mad KappaPride
Clap SoBayed
Seb LUL
fat a LUL
7mad PogChamp
ORACLE LUL
WOW WHOS THAT CUTIE KappaPride
LION WutFace
@admiralBulldog DansGame
LION IN 2018 LUL
7ckngMad SoBayed
7BAD SoBayed
nerf TB DansGame
TIME TO WATCH MY BOI ARTOUR WIN SOME MAJOR PogChamp
OG MY WORD BrokeBack
7BAD SoBayed
s 4Head
Jerax hair Notail eyebrows Fly biceps s4 forhead 7ingmad hair KappaPride
FRENCH DOTO LUL
s 4Head
s 4Head
7bayed SoBayed
s 4Head
s 4Head
s 4Head
7ckngMAD SoBayed
where am I? why is EG not in this MAJOR ? what are we doing at home someone tell me artour sumail crit universe who is this bald danish guy RuleFive
S 4Head
s 4Head
S 4Head
s 4Head
S 4Head
s 4Head
s 4Head
s 4Head
s 4Head
s 4Head
s 4Head
S 4Head
Meepo notail Meepo notail FailFish
S 4Head
s 4Head
s 4Head
s 4Head
S 4Head
s 4Head
S OpieOP
s BEST PLAYER 4Head
s 4Head
S 4Head
FLY Kreygasm
s 4Head
Worst offlane S 4Head
Fly KappaPride
MA BOY s 4Head
S . 4Head
s DendiFace
FLY KappaPride
BIG BOI KappaPride
haHAA s 4Head
FLY KappaPride
CHIN ?? LUL
GUSTAV 4Head
RTZ cousin PogChamp
s 4Head
s . DendiFace
GODZ PogChamp
OG MY WORLD SoBayed
S L PogChamp
FLY KappaPride
0 MAJORS 0 TEAMS ON TOP 8 50% EU PLAYERS MUST BE NA SoBayed
♿ S COMING THROUGH ♿ 4Head
fly KappaPride
Thanos destroyed NA so no EG in Epicenter LUL
ALPHA man fly = 1 bulldog =2 Kappa
nice = awkward KappaPride
322 Kreygasm
322 LUL
Nice call :)
S 4Head
322 PogChamp
AA GG PogChamp
anyone want 1v1 me in battletech? :)
T1 DENDI HEROES PogChamp
BRUTL SAVISH REKT 4Head
VOID GAMING ResidentSleeper
nice is overrated Kappa
thanos back farming EleGiggle
AA MID PogChamp
ceb lina WutFace
NYXNYX Kreygasm
SOLO SO SMART PogChamp
KYLE cmonBruh
thanos back to farming DendiFace
oooh KappaPride
NYX MID LUL
CHU SAY cmonBruh
kyle cmonBruh
ayaya cmonBruh
CUTE ARTEEZY PogChamp
pubs LUL
👏 👏 👏 TriHard
Beer LUL
dragon what? cmonBruh
NA RTZ BEST RTZ SeemsGood
Beer LUL
mid AA PogChamp
NECK GROWS cmonBruh
rodjer eyes say eyes like arteezy BibleThump
ADD KYLE ON THE LIST ✍️ cmonBruh
this aint pubs LUL
beer LUL
PIVO PogChamp
Beer LUL
Whiskey PogChamp
pee WutFace
BEER LUL
NY? TriHard
whiskey PogChamp
whiskey SeemsGood
VOD ER KAPOW
VODKA 4Head
👏 👏 TriHard
NOT WATER WutFace
CHAD ? cmonBruh
haHAA HEARD NYX haHAA MUST TYPE haHAA cmonBruh
NYX CARRY PogChamp
beer cmonBruh
beer LUL
CHAT cmonBruh
rodjer eyes say eyes like arteezy BibleThump
GODZ cmonBruh
drunk dotka SeemsGood
rtzW PogChamp
beer during a game of dota LUL
RAMMUS PogChamp
WHISKEY LUL
Narubian Assassin is voiced by an Afro-American cmonBruh
Harry Potter PogChamp
apple juice KappaPride
GLASS IN 2018 LUL
rodjer eyes sad eyes like arteezy BibleThump
dogjer LUL
@th3r34l322_ SUP MY DARYL 8 TriHard
HOTTER RTZ Kreygasm
Whiskey PogChamp
vodka 4Head
VODKA 4Head
in majors BabyRage
CHAT WE COO cmonBruh
Jerax hair Notail eyebrows Fly biceps s4 forhead 7ingmad hair KappaPride
FAKE CARRY POTTER LUL
SIC'EM BlessRNG
@Krstan89 SUP HOMIE 7 TriHard
S LINA CLAP 4Head
s 4Head
s 4Head
S4 LINA Kreygasm
s 4Head
s4 mid PogChamp
@Moobot LUL
S 4Head
s4 mid PogChamp
s Lina MID PogChamp
s 4Head
s4 Lina PogChamp
S 4Head
S LULNA 4Head
s Lina 4Head
yo @trihard_from_baltimore @trihard_from_darkness @TriHard_from_the_news @TriHard_From_Viet_Nam cmonBruh
IT'S AA MID DendiFace
S 4Head
NAVI Direct INVITE in 2k18 LUL
s4 PogChamp
SEB SoBayed
Seb LUL
S LINA CLAP . 4Head
s DendiFace
s4 mid PogChamp
BLACK MONSTER TriHard
IT'S AA MID DendiFace
seb lina SoBayed
S4 back to mid PogChamp
NOONE Kreygasm
@adrianIban cmonBruh
N NE BabyRage
ONE OpieOP
s 4Head
@adrianIban cmonBruh
BLACK MONSTER TriHard
✍️ @adrianIban cmonBruh
s4 mid = win ez tactic CoolStoryBob
hypocrites :D
@adrianIban adrian please cmonBruh
USING haHAA BTW BrokeBack
@whoever on my bus was watching this match, hi HeyGuys
WE COOL CHAT ? cmonBruh
Show KKomrade Socks GOWKratos
in before n0brain terrorblade LUL
BROOD AGAINST LINA LUL
one LUL
Noone good loking just need to lose some weight nice eyes KappaPride
score guys?????? BrokeBack
PASHA = DansGame
NOTAIL FLOWER <3
The Russians colluded with the draft Kappa
racist chat cmonBruh
uhh @trihard_from_baltimore @trihard_from_darkness @TriHard_from_the_news @TriHard_From_Viet_Nam cmonBruh
✍🏿 cmonBruh
NOBRAIN LUL
epicenter sub WutFace
Did VP pick Nyx just to trigger chat? Kappa
cmonbruh spammers ---> 12 btw BabyRage
BAYERN get ready to lose SoBayed
notail looks like reynad DansGame
@moscheto ???? cmonBruh
AUF WIEDIESEHEN 4Head
N BRAIN LUL
OG so loveable KappaPride
Just let NOTAIL sleep BibleThump
s DendiFace
NO OMEGALUL BRAIN LUL
@TriHard_From_Viet_Nam cmonBruh
@hothotraikozaur wakanda :D
type what? cmonBruh
BAYERN BlessRNG
@moscheto cmonBruh
Why there is Noone sitting between RodjER and 9pasha? cmonBruh
Terrorblade UWot
@adrianIban thought you were banned everywhere? LUL
LIFE TriHard
OG 2K18 LUL
F Y LUL
@CanibalShiaLabeouf cmonBruh
not notail lina BlessRNG
notail vampire LUL
Depressed BigDaddy BibleThump
@htothec93 yes KappaPride
@adrianIban cmonBruh
@feitanchrollo suh u mad? KevinTurtle
7 TriHard
@Bristle_BLACK cmonBruh
sven PogChamp
new hero PogChamp
ZERO DPC POINTS LUL
notail vampire haha LUL
Sven NotLikeThis
NEW HERO PogChamp
SVEN LUL
SVEN PogChamp
✒️ 👈 cmonBruh
new hero PogChamp
SVEN PogChamp
new hero PogChamp
new hero PogChamp
SVEN PogChamp
face LUL
@adrianIban SeemsGood
SVEN PogChamp
new hero PogChamp
NOBRAIN SVEN GG LUL
SVEN IN 2018 LUL
Sv n LUL
SVEN IN 2K18 LUL
@daryl cmonBruh
Sven PogChamp
@Bristle_BLACK cmonBruh
✒️ 👈 cmonBruh
@feitanchrollo sup my chiggy TriHard
new hero PogChamp
NEW HERO Kreygasm
NEW HERO PogChamp
Sven PogChamp
SVEN NotLikeThis
` ✒️ 👈 cmonBruh
NOTAIL SVEN LUL
Solo good looking KappaPride
BLACK SWAN PogChamp
new hero PogChamp
dusa LUL
SVEN PogChamp
TA LUL
danish playing a swedish hero LUL
im very racist :)
0% LUL
SEVEN PogChamp
NEW HERO ? PogChamp
` ✒️ 👈 WTF IS THIS? cmonBruh
KY LUL
@blacked cmonBruh
TA LUL
TA LUL
SVEN NOTAIL SVEN POGGERS PogChamp
TA PogChamp
2 0 LUL
2 0 PogChamp
I like the kitty cat with the top hat :D
TA LUL
Kyle Oracle PogChamp
TA LUL
NOONE TA Kreygasm
✒️ 👈 WTF IS THIS? cmonBruh
fist bump LUL
MOD ? cmonBruh
TA LUL
Fist Bump PogChamp
Brofist LUL
I made this game :)
KYLE ORACLE PogChamp
👈 cmonBruh
COPY DENDI DRAFT DendiFace
Show the Socks GOWKratos
LETS GO VP ! <3
kyle <3
@moscheto WHAT cmonBruh
KY LUL
HE SHAVED THE BUM FLUFF LUL
Bro fist KappaPride
Comp DOTA DansGame
chat? cmonBruh
@FadlyRamadhanIT Clap ANELE
COPY DENDI DRAFT COPY DENDI DRAFT DendiFace
KYLE HOST LUL
fat one Kreygasm
kyle is actually so great on a panel i like it :)
@Hejnus WHAT? cmonBruh
G DZ LUL
👉 ✒️ 🍺 TriHard
s weak 4Head
@Bristle_BLACK cmonBruh
best face DendiFace
NOONE'S HERO POOL PogChamp
COPY DENDI DRAFT DendiFace
Brofist ? cmonBruh
` ✒️ 👈 cmonBruh
@Bristle_BLACK cmonBruh
@feitanchrollo cmonBruh
s4 weak mechanical mid cmonBruh
@steelbulb and plays better than PepeHands DendiFace
from everywhere haHAA TriHard
CASTER Curse LUL
ready for some TTours
INTERRACIAL cmonBruh
@Bristle_BLACK WTF cmonBruh
s4 WEAK RIGHT SoBayed
dont :D
racism DansGame
RACIST CHAT cmonBruh
✒️ 🍺 WTF cmonBruh
Chat eat a SnickersHype
new piewdiepie video is out PogChamp
@darkest_nugget_of_japan cmonBruh
KY LUL
🚬 💨TIME TO MISS 🚬 💨 SOME DOTES 🚬 💨 TTours
Noone playing against a less mechanically skilled player? so every game? 4Head
Clap TriHard
KY LUL
7BAD SoBayed
👉 POGGERS WutFace
PRO LUL
KYLE PRO LUL
KYLE CURSE LUL
KYLE LUL
@Bristle_BLACK u a ✒️ ? cmonBruh
pro playuer LUL
pro LUL
Pro LUL
` ✒️ 🍺 WTF cmonBruh
pro Kappa
Pro player Kappa
PRO LUL
RACISM IN 2018?? TriHard
"pro" Kappa
that's why i mute this part :)
"PRO" LUL
PROPLAYER LUL
PRO LUL
SAVAGE LUL
"PRO" player 4Head
PRO OMEGA LUL
"PRO" LUL
PRO LUL
KYLE cmonBruh
WHEN NA GAME STARTS ? LUL
Kyle pro LUL
Pro Player Kappa
"Pro" LUL
PRO PLAYER LUL
Noone playing against a less mechanically skilled player? so every game? 4Head
Clap TriHard
PR LUL
COPY DENDI DRAFT DendiFace
panel is very good at calling draft... I like that PogChamp
this is dota casters now? cya LUL
✒️ 🍺 WTF cmonBruh
grant BrokeBack
? DendiFace
pro player LUL
dont me chat cmonBruh
COPY DENDI DRAFT COPY DENDI DRAFT DendiFace
Goes both ways WutFace
Oh, no... GrandGrant NotLikeThis
7MAD PogChamp
TIER 3 CASTERS LUL
from here haHAA from there haHAA TriHard
@13lackRoses WHAT ROSES? cmonBruh
No dinner BOIS. LUL
iron your shirts WutFace
@NeoMeow17 cmonBruh
GRANT PogChamp
s4 LINA NotLikeThis
why grant is so ugly ? DansGame
s 4Head
s4 Lina LUL
s 4Head
S A D B O I WutFace
666 DP PogChamp
any s4 subs? 4Head
S$ LINA PogChamp
Sven mid LUL
Thanos kills everyone Thanos kills everyone SwiftRage
s4 mid PogChamp
S 4Head
REMEMBER SECRET s4 LINA ? PogChamp
S4 WEAKER MECHANICALLY LUL
S4 MID PogChamp
GRANTBREAKY PogChamp
Sven mid LUL
notail sven 👈 LUL
Deep voice casters WutFace
what?! NotLikeThis
s4 Mid PogChamp
smoke LUL
mods timeout @warriorlaughed for toxicity im offended :(
s DendiFace
eu smoke LUL
let's go TTours
@TriHard_From_Viet_Nam cmonBruh
S mid BrokeBack
s mid monkaS 4Head
JEW LUL
THEM LANES PogChamp
Guys when is Na playing :)
7 TriHard
JEW TAKES BOUNTY LUL
Stop it chat cmonBruh
cotton Kappa
KKomrade PogChamp
7 TriHard
NOBRAIN MID LUL
7 TriHard
o7 TriHard
CS LUL
TA IS A MELEE HERO ANYWAY LUL
NYX TriHard
DADDY MID BrokeBack
CS LUL
sven mid LUL
CS LUL
im getting dual laned mid BabyRage
Chotto Matte cmonBruh
7 TriHard
TA gonna destroy all three OG tri core 1 Vs 1 mid PogChamp
omg this is the worst chat ever FailFish
7 TriHard
Tri mid LUL
3v2 LUL
3v2 mid what patch is this LUL
5 MID LUL
5 mid NotLikeThis
WHAT ASSASSIN? cmonBruh
triple mid LUL
5 HEROES MID cmonBruh
3 V 2 LUL
5 v 5 MID LUL
2 impale OSFrog
TRILANE MID PogChamp
TRIPLE MID NotLikeThis
TRIPLE MID LUL
3 mid ResidentSleeper
5mid LUL
CS LUL
3v3 mid? PogChamp
CS LUL
MID BrokeBack
Tri lane LUL
ALL MID PogChamp
ME MID NO ME MID 2K PUB LUL
CS LUL
CS LUL
YOU ARE ALL A DARYLS TriHard
5 MID NotLikeThis
5 MAN MID LOVE IT <3
TRI LANE MID LUL
RIP MID LUL
2k MID LUL
1k GAME LUL
1-3-1 LUL
5 mid LUL
3v3 mid meta ResidentSleeper
deny LUL
NEW META PogChamp
RIP PUBS EleGiggle
explain ? DansGame
STOP IT STOP GOING MIDDLE OSFrog
SEA PUB MID LUL
3v3 mid DansGame
any sk fans in chat? SoBayed
3v3 meta is back WutFace
ALL MID PogChamp
double tentacle stun strat NotLikeThis
CHAT FULL OF DARYLS cmonBruh
7BAD LUL
? SoBayed
7bad LUL
7BAD LUL
SOLO <3
3vs3 mid WutFace
7bad LUL
7bad SoBayed
7bad SoBayed
HELP ME 2 MID BibleThump
MAD LUL
7BAD LUL
Trilane mid LUL
7ckngMad SoBayed
7BAD LUL
7Bad SoBayed
7MAD BrokeBack
7BAD LUL
Clap SoBayed
7BAD SoBayed
7bad SoBayed
7CKING BAD LUL
7 SoBayed
7 SoBayed
EZ FBLOOD TY BloodTrail
7BAD LUL
side shop greed LUL
poOG LUL
7CKING BAD LUL
no ss LUL
7BAD SoBayed
SEB A LUL
how mad? SoBayed
grant BrokeBack
EZ 2-0 LUL
7.15: Everytime theres 3 or more heros in the mid lane all of those heros automatically die OSFrog
EG LUL
safelane beastmaster? mid sven? offlane lina? emplain DansGame
EG LUL
EG LUL
7bad LUL
EG LUL
EG LUL
EZ RUNE LUL
EG LUL
< 7BAD SoBayed
NA SPEECH LUL
EG OMEGA LUL
EG LUL
EG LUL
EG IN 2K18 LUL
dota chat SoBayed
EG LUL
first blood BrokeBack
EG LUL
EG EleGiggle
EG SoBayed
where am I? why is EG not in this MAJOR ? what are we doing at home someone tell me artour sumail crit universe who is this bald danish guy RuleFive
EG EleGiggle
Clap TriHard
MOD ? TriHard
CS LUL
NA AT MAJOR LUL
Bring back ANA :(
EG Kreygasm
CR1T LUL
@Cr1tdota LUL
EG LUL
7bad SoBayed
@Cr1tdota LUL
EG OMEGA LUL
EG LUL
EG LUL
7CKINGBAD SoBayed
EG LUL
7BAD PogChamp
CR1T LUL
7 BAD SoBayed
vs HotPokket
OG LUL
7bad LUL
SEB LUL
yikes TriHard
yikes LUL
cr1t LUL
@Cr1tdota Your Answer is my name LUL
yikes! :)
7mad LUL
EG in 2018 LUL
@cr1tdota big EG fan here PogChamp
@cr1tdota LUL
PATHING LUL
@Cr1tdota not mod? SoBayed
@cr1tdota LUL
EG AT TI8 LUL
TOP LUL
s 4Head
S 4Head
jER LUL
S 4Head
7MAD SoBayed
s4 Lina PogChamp
@cr1tdota BibleThump
s PogChamp
Na'Vi is sтill noт ьacк? ц fцскiиg рцикs aяe иeveг saтisfied aяe чоu? нopе чоц eиjoy ьeiиg ьiттeг сaцse Я defiиiтelч love ъeiиg тнe gгeaтesт DendiFace
Okay LUL
NA_HAS_WON_0_MAJOR_BY_FAR LUL
@Cr1tdota PogChamp
S 4Head
7BAD LUL
@cr1tdota BibleThump
literally getting dual laned mid LUL
DENY PogChamp
EG BibleThump
NA_HAS_WON_0_MAJOR_BY_FAR NA LUL
EG LUL
dp LUL
666 LUL
SVEN MID CS PogChamp
666 LUL
SVEN MID WutFace
EG final waiting room ResidentSleeper
CS LUL
10 fps PogChamp
@NA_HAS_WON_0_MAJOR_BY_FAR cmonBruh
CS LUL
MA DARYLS TriHard
CS LUL
CS LUL
CS LUL
jerax tusk PogChamp
CS LUL
CS LUL
CS LUL
KA LE WutFace
s CS 4Head
cs LUL
S4 CS LUL
KA LUL
ONE LUL
EG wont get TI invite LULunless they make roster change :(
cs PogChamp
RESO was the problem RESO was the problem 4Head
one more and im done LUL
ONER LUL
why dp pos1 NotLikeThis
sadboy LUL
Be positive, chat :)
? SoBayed
OG MAKE IT GO 3rd GAME BlessRNG
EG eliminated from TI qualifiers by VGJ Kappa
NA THIS EU THAT DONT ARGUE JUST KAPPA CHAT Kappa
NA LUL
rapping around TriHard
VP 2-0 BlessRNG
NERFED BTW OSFrog
CS 4Head
@NA_HAS_WON_0_MAJOR_BY_FAR EleGiggle
CS LUL
CS LUL
cs LUL
sadboy BabyRage
👉 POGGERS DansGame
admiralCS LUL
CS LUL
@NA_HAS_WON_0_MAJOR_BY_FAR gods work LUL
NA MAJOR WutFace
BLIND CASTER LUL
22-15 PogChamp
THERE WERE 3 MID SwiftRage
WTF IS THIS 👉 POGGERS DansGame
CS LUL
CS EleGiggle
CS LUL
CS LUL
What assassin cmonBruh
Ninja SUBS DansGame
CS LUL
CS LUL
CS LUL
CS LUL
WTF IS THIS 👉 POGGERS DansGame
12 NA THIS EU THAT DONT ARGUE JUST KAPPA CHAT Kappa
IMPALE LUL
fear ? RuleFive
cs LUL
STUN LUL
STUN LUL
DJER LUL
Impale LUL
impale LUL
GER LUL
S PogChamp
STUN LUL
Caster doesn't have a camera LUL
NYX LUL
What assassin cmonBruh
rodjer stun LUL
Jerax PogChamp
DJER LUL
Rodjer Nyx LUL
whose assassin cmonBruh
Rodj r LUL
RODGER IMPALE LUL
LANE NotLikeThis
SOLO PogChamp
DOGJER LUL
???? TTours
x2 TTours
CE6 LUL
WTF TTours
@GustavoKH LUL
OMEGALUL TTours
Clap TTours
S4 SIDESTEP PogChamp
👌 TTours
ARE U KIDDING TTours
7ckngMad SoBayed
OOOOOK TTours
666 LUL
VP TILTING LUL
best obs 2018 danPalm god dota is so awful now TTours
KS LUL
OMEGALUL ' TTours
??? TTours
KS LUL
s PogChamp
s PogChamp
POGGERS TTours
wtf TTours
J GAD PogChamp
S PogChamp
S PogChamp
????? TTours
RAMZES Jebaited
s PogChamp
Clap TTours
FEELS GOOD TO MISS ALL ACTION TTours
// TTours
7ckngMad LUL
S4 PogChamp
so bad LUL
old OG POGGERS new OG FailFish
s4 is so good Kreygasm
VANDERSAR TTours
ZES LUL
s PogChamp
s PogChamp
ramzes LUL
VIRTUS THROW PogChamp
` ✒️ 🍺 WTF cmonBruh
EPIC FAIL SINCE DAY 1 TTours
Ramzes666 DP LUL
👉 POGGERS WutFace
FEELS GOOD TO MISS ALL ACTION TTours
dota in 2018 LUL
s PogChamp
666 DarkMode
L L > DJER LUL
OMG OBS WTF TTours
sadboys LUL
russian major? you sure this isn't shanghai? danO danO TTours
s4 sidestep PogChamp
@epicenter_en1 POGGERS TTours
FEELS GOOD TO MISS ALL ACTION TTours
BOI GOWKratos
S PogChamp
s4 god Kreygasm
FeelsGoodMan 👉 S 4Head
@cr1tdota PogChamp
vandersar?!?! TTours
S4 LINA PogChamp
no more xtra long day NotLikeThis
FEELS GOOD TO MISS ALL ACTION TTours
no need to see action its ok :)
FEELS GOOD TO MISS ALL ACTION TTours
TTOURS LUL
JGOD PogChamp
JERAX OMG PogChamp
trap KappaPride
322 LUL
J-GOD PogChamp
Jerax God PogChamp
THROWING LUL
J GOD PogChamp
Russian's obs is better NotLikeThis
SOLO LUL
J GOD PogChamp
KS Kappa
Jerax PogChamp
J GOD PogChamp
wow really nice play by the tusk player Clap PogChamp
SO LUL
OG TakeNRG
J god PogChamp
KYLE RN Kreygasm
JGOD PogChamp
RU OBSERVER LUL
S L LUL
CS LUL
CS LUL
OG is Back!? :D
N0BRAIN LUL
press 1 if you think it will be rtzW3 vs at TI grand finals this year DendiFace
JGOD on any hero PogChamp
NOBRAIN LEVEL 4 LUL
3 - 22 BlessRNG
J GOD TUSK PogChamp
nobrain LUL
CS LUL
MID SVEN LUL
jerax <3
Traps VoHiYo
VODKA IN BLOOD IN OBSERVING I AM BAD TTours
off of nobrain for a while -> 1% hp left OMEGALUL TTours
anelegamer cmonBruh
VODKA IN BLOOD IN OBSERVING I AM VERY BAD TTours
7 bad LUL
@Bet_tim Only? LUL
ka le BibleThump
✍️ @anelegamer cmonBruh
NEXT SLIDE PLEASE :)
322 LUL
ANYBODY ELSE HERE THE BEEP BEEP ?????? WutFace
TWITCH = TRASH LUL
SO LOW LUL
KA LE PogChamp
stream Jebaited
NEXT SLIDE PLEASE :)
322 LUL
NEXT SLIDE :)
Epi NotLikeThis
KA LE BabyRage
RUSSIAN PRODUCTION BrokeBack
SHANGHAI MAJOR FLASHBACK LUL
NICE NotLikeThis
Nerf Jerax Kappa
1 ANYBODY ELSE HERE THE BEEP BEEP ?????? WutFace
tusk OSFrog
@OnFireDimitri KA LE DansGame
NEXT SLIDE PLEASE :)
SOME LAG IS OK :)
OG CS LUL
✍️ twitch chat cmonBruh
LION FULL HP NEXT SLIDE DEAD LUL
EPIC LAG LUL
NEXT SLIDE PLS LUL
1 ANYBODY ELSE HEARS THE BEEP BEEP ?????? WutFace
CS SVEN OMEGA LUL
@epicenter_en1 it can't be u can't fix these lag since days NotLikeThis
NAVI LUL
Next Slide Please In The PowerPoint PogChamp
3 hero og LUL
NERF JERAX LUL
Sajgon66 true story bruh SeemsGood
elmayora cmonBruh
uhmm lads use alt-f4 to get the next slide Kappa
SOLO? LUL
322 LUL
KALE NotLikeThis
Pasha juking PogChamp
DOX SUB LUL
ANYBODY ELSE HEARS THE BEEP BEEP ?????? WutFace
Clap TriHard
322 LUL
DELTA SPLIT PogChamp
SOLO BibleThump
solo busy feeding LUL
SOLO EleGiggle
SHARDS PogChamp
Clap TriHard
LAGS NotLikeThis
SOLO LUL
KA LE BrokeBack
throw LUL
SOLO BibleThump
SOLO BibleThump
navi wonnered this tram LUL
COLORS BACK PogChamp
lag is normal chat it is 2004 after all SeemsGood
what a great game this is too bad i only see 1% of this game :)
SVEN 4Head
@omgacow NA DOTA LUL
support sven LUL
P SH PogChamp
what a great game this is too bad i only see 1% of this game :)
KKomrade solo BibleThump
s PogChamp
gank LUL
RAMZES LUL
DP LUL
s PogChamp
666 LUL
LOL DP LUL
Pasha NET WORTH PogChamp
what a great game this is too bad i only see 1% of this game :)
RAMZEEZ LUL
RAMZES LUL
DGER LUL
666 LUL
ramzess LUL
S4 PogChamp
ez f10k LUL
RAMZES LUL
LAGUNER PogChamp
SOLOOOOO BabyRage
s4 PogChamp
DP LUL
don't duckduckgo sven networth WutFace
s 4Head
666 btw LUL
S PogChamp
solo LUL
gg LUL
CIS GANK LUL
S PogChamp
RAMZES 322 LUL
cs LUL
666 LUL
322 LUL
S PogChamp
get nuked n00b LUL
666 LUL
RAMZES LUL
OG STILL BEHIND LUL
MZES LUL
322 BlessRNG
gg end this game BibleThump
Ramzes666 LUL
just press R LUL
CIS GANK LUL
VO TILTING LUL
RAMZES322 LUL
S L LUL
Feeding is just a play style DendiFace
when s gets a good hero OG wins PogChamp
what woods cmonBruh
622 LUL
? cmonBruh
s and J-god carrying OMEGALUL G 4Head
woods TriHard
s PogChamp
ramze322 LUL
Well played LUL
Ramzes666 DP LUL
dude cmonBruh
OH GEE LUL
NIKS SO BAD LUL
tail networth LUL
ZES LUL
WHAT WOODS NYX? cmonBruh
its the beer LUL
VP LUL
OG NOT EVEN 1K AHEAD LUL
EXORCISM LUL
3-22 PLS BlessRNG
WOODS TriHard
ramzes dp LUL
NOBRAIN NETWORTH WutFace
s 4Head
WHAT ASSASSIN cmonBruh
ASSASIN OF TriHard
STACK Kreygasm
stack Kreygasm
<1K LUL
NICE TTours
early miss stun LUL
NOONE DP RAMZES DP OMEGALUL LUL
FEELS GOOD TO MISS ALL ACTION TTours
FEELS GOOD TO MISS ALL ACTION TTours
✍️ cmonBruh
p2w cosmetic SeemsGood
stack Kreygasm
VODKA IN BLOOD IN OBSERVING I AM VERY BAD TTours
juicy stack OpieOP
...... TTours
FIRED TTours
123 VODKA IN BLOOD IN OBSERVING I AM VERY BAD TTours
THANKS TTours
STACK Kreygasm
Stack PogChamp
DRAGON TriHard
WTF IS RAMZES DOING WutFace
chat stacks > kills :)
VODKA IN BLOOD IN OBSERVING I AM VERY BAD TTours
DRAGONS cmonBruh
kill the dragons TriHard
please show networth SwiftRage
djer LUL
FEELS GOOD TO MISS ALL ACTION TTours
s 4Head
STUN LUL
STUN LUL
RODJER LUL
RODJER LUL
impale LUL
STUN LUL
impale LUL
S 4Head
STUN LUL
S 4Head
s 4Head
GER LUL
jer LUL
STUN LUL
STUN LUL
s 4Head
s 4Head
S 4Head
I love that Drake song "God's strength" :)
RODJER LUL
!! TTours
STUN LUL
RODJER LUL
s 4Head
RODJER NYX LUL
NICE STUN LUL
s 4Head
ROdjer LUL
Rodjer nyx LUL
STUN LUL
NA STUN LUL
Clap TTours
332 LUL
FEELS GOOD TO MISS ALL ACTION TTours
CLEAR FAT STACK 3K NETWORTH LUL
KICKED LIL FOR THIS LUL
s 4Head
STUN LUL
FEELS GOOD TO MISS ALL ACTION TTours
DP AGAIN LUL
vs OSFrog
ANYBODY ELSE HEARS THE BEEP BEEP ?????? WutFace
STACK WARS PogChamp
LIL WAS THE PROBLEM LUL
Dodger LUL
I GOOGLED LINA DP I GOOGLED LINA DP Kreygasm
STACK GAMING Kreygasm
S 4Head
666 LUL
NW LUL
R O D G E R LUL
NOBRAIN NETWORTH LUL
NOBRAIN LUL
FEELS GOOD TO MISS ALL ACTION TTours
Stun SabaPing
N0BRAIN SO BAD LUL
GETTING MASSIVE Kreygasm
we dont see any playing dota KevinTurtle
stack wars PogChamp
support sven PogChamp
NONETWORTH LUL
SABRINA SUZUKI Kreygasm
VANDERSAR OBS PogChamp
NOTAIL TAKE MY BRAIN NotLikeThis
FEELS GOOD TO MISS ALL ACTION TTours
STACK WARS PogChamp
SABRINA SUZUKI Kreygasm
ATACKS EVERWHERE PogChamp
?? cmonBruh
I GOOGLED SABRINA SUZUKI Kreygasm
STACK Kreygasm
` ✒️ 🍺 WTF cmonBruh
YES BRAIN PogChamp
@serbazan Kreygasm
LOL CASTERS ITS USUAL FOR TA LUL
ta LUL
RAVAGE PogChamp
powertreads ez ancients OSFrog
J GOD Kreygasm
Pasha PogChamp
LOTSA STACKS SAME IN MY 3k PUBS Kappa
332 LUL
322 PogChamp
NO ONE LUL
Ravage PogChamp
AA LUL
no brain PogChamp
SABRINA SUZUKI HAS A D*** WutFace
still behindi n networth LUL
vp disband LUL
322 gold LUL
AA FOR TA LUL
stack stun LUL
slardar with the teleportation knife play Clap PogChamp
stack stun LUL
STUNS LUL
STACKING STUNS LUL
STUN LUL
2k stuns LUL
VP LUL
stuns LUL
JERAX LUL
PASHA BICEPS PogChamp
2 STUN LUL
stacking stuns FailFish
JERAX Kreygasm
322 gold LUL
STACK STUN LUL
jerax PogChamp
STUNS LUL
TA BLINK? LUL
stuns LUL
double impale LUL
STUN STACKING LUL
NA STUN STACKING LUL
NA STUNS LUL
STUNS 2K LUL
is this 2k mmr? Kappa
NoBrain Stun LUL
PERFECT Kappa
STUNS LUL
why is the caster acting like VP won that fight? LUL
rodjer nyx LUL
@Hugo_BAWS no, it progame Kappa
NoBrain Networth WutFace
SVEN NW LUL
Stack Ancients Stack Stuns LUL
i GOOGLED DANI DANIELS Kreygasm
CIS GANK LUL
lucky axe LUL
AXES PogChamp
cis gank LUL
200 IQ PogChamp
TIMING LUL
AXES LUL
7ckngMad PogChamp
monkaS OSFrog
race car OSFrog
gotta go fast OSFrog
no way btw FailFish
BUGATTI OSFrog
? OSFrog
RACECAR OSFrog
gotta go OSFrog
TA LUL
TA LUL
NO ONE LUL
TaxiBro OSFrog
200 MAN GANK LUL
NO ONE LUL
s 4Head
s 4Head
s 4Head
s 4Head
s 4Head
s 4Head
s 4Head
s 4Head
s 4Head
s 4Head
S 4Head
S 4Head
s 4Head
s 4Head
s 4Head
s 4Head
s 4Head
s 4Head
S 4Head
s 4Head
S 4Head
s 4Head
s 4Head
s 4Head
S 4Head
s 4Head
NO LUL
s 4Head
S 4Head
S 4Head
S 4Head
s 4Head
s 4Head
s 4Head
S 4Head
s 4Head
Slardar Slark Morphling I love the ocean OSFrog
s 4Head
Noone tilted LUL
Finally a game where noone is feeding Kreygasm
S 4Head
s 4Head
s 4Head
s 4Head
S 4Head
S 4Head
s 4Head
s 4Head
s 4Head
s 4Head
s 4Head
s 4Head
s 4Head
s 4Head
4 OpieOP
s 4Head
S 4Head
s 4Head
S 4Head
TIME TO THROW S 4Head
s4 LUL
s LUL
S Jebaited
7-13 but still has network lead LUL
OG bad at farming LUL
DOESNT SEEM RIGHT BrokeBack
COMEBACK MECHANICS OSFrog
s 4Head
jerax LUL
i just made kills meaningless OSFrog
swedish streamers cmonBruh
@BeSi47 welcum to keppa kleb FreakinStinkin
EZ SoBayed
@Neil_thehunter Neil PogChamp
SEB SoBayed
50k viewers MAJOR EleGiggle
type if you want to end it all every day :)
✍️ cmonBruh
s 4Head
s 4Head
s 4Head
s 4Head
S 4Head
s 4Head
s 4Head
s 4Head
S 4Head
s 4Head
S 4Head
S Clap 4Head
S 4Head
S 4Head
S 4Head
s 4Head
s 4Head
S 4Head
S 4Head
s 4Head
s4 4Head
S 4Head
no1 LUL
NOONE LUL
NOONE LUL
noone is on massive tilt LUL
50k viewers MAJOR DOTA 2 EleGiggle
one LUL
@BeSi47 came to see EG play some dotes me too PogChamp
NonOne tilted again LUL
hattrick PogChamp
hattrick LUL
HAT TRICK LUL
OG LUL
hat trick DansGame
hat trick LUL
HAT TRICK LUL
FLY LUL
PASHA PogChamp
FLY LUL
yikes! :)
HON TRASH CASTER WutFace
GG LUL
finger Kreygasm
1 50k viewers MAJOR DOTA 2 EleGiggle
PASHA PogChamp
Witch slayer PogChamp
THESE CASTERS BrokeBack
STOP SAYING YIKES STOP SAYING YIKES NotLikeThis
noone carried LUL
FLY SACRIFICE BibleThump
gg LUL
Jews dog LUL
Hat trick HoN BibleThump
? TriHard
KS Kappa
s 4Head
CS LUL
Clap TriHard
s4 DansGame
Clap TriHard
S CS 4Head
50k viewers MAJOR DOTA 2 EleGiggle
pain BibleThump
YIKERS FreakinStinkin
s CS 4Head
KS 4Head
s 4Head
s4 LUL
Depth Perception in DotA LUL
Clap MlNE TriHard
7 TriHard
S 4Head
s 4Head
stacking stuns LUL
s 4Head
s 4Head
7 TriHard
no brain farm WutFace
s 4Head
NICE STack LUL
S SoBayed
s 4Head
s 4Head
@RTPNqty navi lost to newbee LUL
s 4Head
GG LUL
NO TP LUL
og LUL
double crush PogChamp
suppot afk LUL
G LUL
OG LUL
S 4Head
Pasha god Kreygasm
no brain LUL
@BloeR yea ive seen LUL
NO HELP LUL
Teamm ?? SoBayed
OG LUL
team afk LUL
322 NotLikeThis
OG NotLikeThis
so LUL
OMEGALUL G LUL
ice blast LUL
EU SUPPORTS LUL
LAINA LUL
DELETE LUL
NICE BLAST LUL
lets gooo PogChamp
7BAD LUL
= A reliability SoBayed
noone want it LUL
Redbull OG LUL
PASHA LUL
CREEPS PogChamp
PASHA LUL
322 LUL
PASHA LUL
pasha LUL
pasha LUL
pasha LUL
OH CHEE LUL
FEED CHAIN EleGiggle
PASHA LUL
DOTA "2 LUL
No Brain LUL
NO BRAIN LUL
FEELS GOOD TO MISS ALL ACTION TTours
SEB PogChamp
FEELS GOOD TO MISS ALL ACTION TTours
OG LUL
??? TTours
// TTours
OMEGALUL TTours
WTF TTours
Clap SoBayed
DP LUL
322 SoBayed
FEELS GOOD TO MISS ALL ACTION FEELS GOOD TO MISS ALL ACTION TTours
FEELS GOOD TO MISS ALL ACTION TTours
RAMZES322 LUL
NOOBASHA LUL
necro units mvp PogChamp
LMAO LMAO LMAO TTours
THIS GAME LUL
creeps FailFish
ramzes dying to creeps LUL
Clap TTours
DUDE TTours
BOTTOM BrokeBack
Clap TTours
S 4Head
?????????? TTours
??? TTours
s 4Head
WTF TTours
s 4Head
FEELS GOOD TO MISS ALL ACTION . TTours
S 4Head
OMEGA TTours
// TTours
THIS CAMERA WORK LUL
NICE TTours
WTF TTours
s 4Head
WTF THIS OBS TTours
MISSING EVERY KILL LUL
EU DOTA BrokeBack
s 4Head
NA TTours
IS S4 ON DRUGS LUL
TToursv TToursvTToursvvTTours v TTours
OBS COMING THRU TTours
VOODOO BrokeBack
Clap TTours
curse this TTours
SO GOOD TTours
Cameraman LUL
FEELS GOOD TO MISS ALL ACTION . TTours
DRINK VODKA MIDD DOTKA TTours
s again 4Head
Clap TTours
IMPRESSIVE TTours
this observer NotLikeThis
FEELS GOOD TO MISS ALL ACTION TTours
@Pimpmuckl WE MISS YOU BibleThump
🤣 🤣 TTours
THANKS TTours
Voodo ? WutFace
s4??? LUL
7bad NoBrain LUL
S 4Head
FEELS GOOD TO MISS ALL ACTION TTours
FEELS GOOD TO MISS ALL THE ACTION TTours
@Jerric HeyGuys
SLARDAR OFFLANE IN 2018 PogChamp
OBS TTours
GRANT FailFish
@observer_epicenter -^-- :)
Vodoo lion best lion SeemsGood
@pimpukl go and replace him SwiftRage
Sven farm > kills TTours
MISS ALL ACTION DansGame
WORST THAN VANDERSAR NotLikeThis
$ stop fed 4Head
RESO WAS PROBLEM LUL
analyst grant Kreygasm
Great observer LUL
OBSERVER DRUNK with VOdka BrokeBack
FeelsAmazingMan 🍺 TTours
FEELS GOOD TO MISS ALL ACTION TTours
LION VOODOO LUL
VODOO BrokeBack
Is this directed camera ? TTours
is s4 still dating nara 4Head
3dfx BibleThump
L I N OSFrog
NOONE TA WutFace
@LepoLepoLepo nara Jebaited
solo Kreygasm
ION LUL
VODOO LUL
ION LUL
Russians don't have drinking problems Kappa
OG LUL
They really showed that lion LUL
OG LUL
322 NotLikeThis
HUGE GANK Kappa
G LUL
2 ULTS FOR LIOM LUL
Omega gaming LUL
LG Jerax LUL
S 4Head
S4 LUL
S 4Head
use all spells on LION LUL
END LUL
FKBAD LUL
lion ? Jebaited
📞 HELLO OG 📞 RESO HERE 📞 HOW'RE THINGS GOING 4Head
LG LUL
GOT LION PogChamp
LG LUL
SOLO BibleThump
S 4Head
SEB ON LION LUL
O GG EleGiggle
s 4Head
Nice fight :)
s 4Head
SLARDAR OSFrog
Secret lost to this LUL
oGG 4Head
PASHA PogChamp
Pasha PogChamp
OG LUL
use everything on LION LUL
pasha god PogChamp
Solo Jebaited
s 4Head
PASHA PogChamp
nice slardar stun :)
OGG LUL
ganking lion SoBayed
G LUL
SEB LUL
lion LUL
og direct invite LUL
Clap SLARDAR OSFrog
EU DOTO LUL
GANK LION LUL
5 FOR WHAT Jebaited
SECRET lose to this ?? NotLikeThis
the ghosts will last long enough Kappa
OG= ORIGINAL GARBAGE LUL
just keep fighting into this slardar blink dagger with an underfarmed sven and lina NotLikeThis
S L Jebaited
LINA 4Head
GG LUL
📞 HELLO OG 📞 RESO HERE 📞 HOW'RE THINGS GOING 📞 4Head
OMEGALUL G DISBAND INC SoBayed
OG 65 IQ PogChamp
"BIG DADDY" LUL
ALL DED LUL
OG TOP TIER TEAM LUL
LET'S USE 2 ULTS TO KILL LION LUL
EU DOTO LUL
ORIGINAL GARBAGE LUL
S L Jebaited
handled Kreygasm
RAMZE666 DP WutFace
traps TehePelo
Be positive, chat :)
Traps VoHiYo
O G LUL
traps VoHiYo
traps VoHiYo
traps?? KappaPride
traps dude KappaPride
Thats right OSFrog
those traps VoHiYo
SLARDAR Turbo MODE SoBayed
MANA REGEN NotLikeThis
Traps PunOko
🗡 TRAPS ARENT GAY PunOko
SVEN LUL
PASHA UNGU Kappa
sven LUL
IMMORTAN PASHA DatSheffy
those traps KappaPride
Traps TehePelo
trap not gay PunOko
AA WITH JUST ONE RANGED NotLikeThis
S SO GOOD 4Head
JUST END LUL
s 4Head
STR grants magic resistance now OSFrog
Sven 12lvl LUL
I hope no one loses :)
🔪 PunOko
GOT LION PogChamp
We are EU, We can say VP is EU as well... what you gonna do about it? SoBayed
SABRINA SUZUKY PunOko
keep fEEding LUL
NAVI LOST TO THIS ? SwiftRage
📞 HELLO OG 📞 RESO HERE 📞 HOW'RE THINGS GOING 📞 4Head
Chat in Weeb Mode? TehePelo
traps TehePelo
i googled notail-sven farm WutFace
SABRINA SUZUKI DUDE LUL
OG is tier 1 team Kappa
weebs WutFace
support lina LUL
How is your day going OG fans rtzW3 EleGiggle
📞 HELLO OG 📞 RESO HERE 📞 HOW'RE THINGS GOING 📞 4Head
forsenGun TRAPS ARE GAY PunOko
Navi lost to this DendiFace
OG AND NAVI IS BACK Kappa
CUTE TRAPS KonCha
FEELS GOOD TO MISS ALL ACTION TTours
TILTED NOW LUL
CALL GG ResidentSleeper
LETS WATCH MY BOY VANDERSAR MISS ALL THE KILLS TTours
FEELS GOOD TO MISS ALL ACTION TTours
weebs KonCha
VP Back PogChamp
I GOOGLED SABRINA SUZUKI NotLikeThis
GG LUL
FEELS GOOD TO MISS ALL ACTION TTours
J dog LUL
Dont google N OMEGALUL brain farming NotLikeThis
Just more 1 hit lol 4Head
CALL GG 4 HONOR SwiftRage
NAVI LOST TO THIS LUL
@pimpmuckl must be you observing Kappa
Traps KappaPride
FEELS GOOD TO MISS ALL ACTION TTours
how we doing today OG fans 4Head
TRAPS KappaPride
? KappaPride
traps KappaPride
I GOOGLED SAbRINA SUZUKI Kreygasm
traps VoHiYo
I GOOGLED SABRINA SUZUKI KappaPride
Navi lost to this s 4Head
FEELS GOOD TO MISS ALL ACTION TTours
BUT AT WHAT COST NotLikeThis
naroStaryn TTours
poor solo LUL
use all spells on lion EleGiggle
VODKA IN MY BLOOD IN OBSERVING IM SO BAD TTours
CALL GG CALL GG ResidentSleeper
LETS WATCH MY BOY VANDERSAR MISS ALL THE KILLS TTours
lion LUL
J DOG LUL
Solo Jebaited
SHARDS LUL
S 4Head
trap TehePelo
JERAX LUL
J DOG LUL
J DOG block s4 LUL
OG LUL
VANDERSHlT TTours
S LINA 4Head
G LUL
j-dog LUL
but at waht cost BrokeBack
SHARDS LUL
SHARDS LUL
s 4Head
S 4Head
SOLO BibleThump
JDOG LUL
SHARDS LUL
can they stop getting 2 man crushed s 4Head
stop using all ults on lion WutFace
s 4Head
gg BibleThump
good job observer Kappa
DAVAI DOTO PogChamp
S L Jebaited
SHARDS LUL
Okay LUL
JERAXX SeemsGood
ramzes 4Head
SECRET LOSE TO THIS LUL
ramzess TTours
Solo haters BibleThump
JDog LUL
NA'VI LOST TO THIS FailFish
SEB LUL
NAVI LOST TO THIS LUL
Redbull sponsor killed OG Jebaited
WTF cmonBruh
JERAX KICKED LUL
poor s BibleThump
TAKE MY BRAIN NOTAIL NotLikeThis
S L BibleThump
OMEGALUL G DISBAND WHEN SoBayed
who need echo slam when u gott pasha sladar SeemsGood
Support lina LUL
Again and again TTours
NOT COOL cmonBruh
SECRET LOST TO THIS LUL
shards LUL
TIME TO WATCH SOME EU DOTA HappyJack
KILLED MY BROTHER cmonBruh
JERAX PIZZA PARTY LUL
s 4Head
LARYD BACKWARDS cmonBruh
Sick Action TTours
navi lost to this ? DendiFace
NAVI LOST TO THIS LUL
NAVI LOST TO THIS FailFish
J-Dog LUL
NAVI LOST TO THIS? 4Head
OG OG OG WutFace
'BIG DADDY" LUL
NAVI WON TO THIS PogChamp
LYRAD cmonBruh
kik NOTAIL :)
TRAPS DansGame
NAVI LOST TO THIS NotLikeThis
@viKKyo DYRAL BrokeBack
TIME TO WATCH SOME EU DOTA HappyJack
when NA plays? when NA plays? when NA plays? :)
these traps man VoHiYo
KNOWONE Kappa
Spidey Sense BibleThump
ERROR 404 : NA TEAM NOT FOUND LUL
TRAPS DansGame
type if your name is jeff :)
0 MAJORS 0 TEAMS ON TOP 8 50% EU PLAYERS MUST BE NA SoBayed
NA SO GOOD :)
@viKKyo BrokeBack
@viKKyo BrokeBack
Chanel santini is the hottest pornstar Kreygasm
Spiderman BibleThump
so LUL
SPIDER SENSE PogChamp
@NA_HAS_WON_0_MAJOR_BY_FAR LUL
JDOG LUL
solo LUL
SOLO LUL
solo LUL
poor solo LUL
Solo BibleThump
SOLO BloodTrail
nice ult 4Head
killed LION LUL
Can only kill solo LUL
Solo LUL
S L BibleThump
322 LUL
S L BibleThump
STOP USING ULTS ON LION FailFish
SOLO BibleThump
mid 4Head
solo BibleThump
S L LUL
NOONE LUL
stacking stuns LUL
STUN LUL
stacking stuns LUL
GET ME OUT BabyRage
S 4Head
3 MAN STUN PogChamp
@Mattioso_ U2 Kappa
0 MAJORS 0 TEAMS ON TOP 8 50% EU PLAYERS MUST BE NA SoBayed
3 MAN STUN PogChamp
s 4Head
S 4Head
s PogChamp
s Jebaited
S4HEAD Jebaited
chain stun LUL
s 4Head
s 4Head
S 4Head
s 4Head
s 4Head
s 4Head
s 4Head
S LUL
s 4Head
S 4Head
NOOB TEAM LUL
pasha LUL
S 4Head
PASHA LUL
s 4Head
SAVE SOLO BibleThump
S 4Head
S 4Head
s 4Head
s 4Head
LEFT DEAD 4Head
STOP KILLING SOLO BibleThump
s 4Head
why did they go back s4 got a 4 man stin DansGame
s Jebaited
s 4Head
s 4Head
S 4Head
team? s 4Head
1 LEFT DEAD 4Head
RESO was the problem RESO was the problem 4Head
s LINA 4Head
S 4Head
offlane lina LUL
davai dota PogChamp
@petu890 cmonBruh
@NA_HAS_WON_0_MAJOR_BY_FAR Keepo
Rodjer god PogChamp
s 4Head
S 4Head
stun stack BrokeBack
s Jebaited
vp use Navi plan LUL
s farm OMEGALUL 4Head
ERROR 404 : NA TEAM NOT FOUND LUL
EU? SoBayed
TIME TO WATCH SOME EU DOTA HappyJack
RESO was the problem RESO was the problem . 4Head
@NA_HAS_WON_0_MAJOR_BY_FAR SeemsGood
4 man stun LUL
offlane carry the game LUL
NOBRAIN LUL
NOBRAIN NETWORTH LUL
0 MAJORS 0 TEAMS ON TOP 8 50% EU PLAYERS MUST BE NA SoBayed
BULLIED BibleThump
but n0tail wouldn't farm anyway LUL
Jerax LUL
DIVING PAST T1/T2/T3 LUL
bigdaddy LUL
OG OG LUL
impale LUL
OG LUL
GJ! TriHard
3222 BlessRNG
VP Playing with FOOD SoBayed
32-22 PogChamp
VP PogChamp
solo gets his revenge 4Head
GG LUL
THIS GAME SO INTENSE LUL
OG = ORIGINAL GARBAGE LUL
BULLIESSSS!!!! BibleThump
32 - 22 BlessRNG
JUST CALL IT LUL
N BRAIN LUL
3222 PogChamp
EU LUL
OG BibleThump
tusk lvl 9 BibleThump
Save SOLO PogChamp
@na_has_won_0_major_by_far LUL
32-22 LUL
silenced LUL
GET REKT LUL
TY PASHA SeemsGood
BM BKB LUL
7chiken lina LUL
BKB LUL
respawned LUL
OG IS BACK LUL
BKB LUL
RESPAWNED LUL
SOLO SAVED PogChamp
RE SPAWNED LUL
OG WITH ANA & MIRACLE PogChamp
Despawn? LUL
ROAR LUL
rune regen PogChamp
CASTERS Jebaited
aegis despawned LUL
OG IS BACK Kappa
BKB SAVE PogChamp
Punks? SoBayed
aegis respawn PogChamp
JUST END LUL
DESPAWNED PogChamp
BM LUL
DIRESPECT BKB LUL
RESO was the problem RESO was the problem 4Head
BULLIED LUL
32-22 BlessRNG
one more kill btw PogChamp
S 4Head
All are solo LUL
32-22 BlessRNG
32-22 BlessRNG
SECRET LOST TO THIS? 4Head
Solo LUL
32-22 BlessRNG
32-22 BlessRNG
0 MAJORS 0 TEAMS ON TOP 8 50% EU PLAYERS MUST BE NA SoBayed
SOLO BabyRage
32-22 BlessRNG
NO BRAIN LUL
32 22 PogChamp
S L BibleThump
31 22 EleGiggle
322 Kappa
32-22 PogChamp
NOBRAIN LUL
32 22 LUL
Notail FEEDING LUL
3223 BlessRNG
nobrain LUL
32-22 BlessRNG
32-22 PogChamp
32-22 BlessRNG
32- 2 2 PogChamp
HAHAHA LUL
RUined LUL
3222 PogChamp
32-22 PogChamp
noBrain HELP BrokeBack
NOBRAIN LUL
NOBRAIN FailFish
NOBRAIN LUL
32 22 BlessRNG
32-22 PogChamp
32-22 PogChamp
32-22 LUL
Danke Schon BlessRNG
RUINED LUL
322 LUL
last tick LUL
32-22 PogChamp
32-22 PogChamp
SOLO ITEM WutFace
THE DREAM DansGame
32-22 LUL
3222 PogChamp
ruined DansGame
3223 Kreygasm
LMAO LINA BSTONE AHAHAHA cmonBruh
RUINED DansGame
SOLO VS NOTAIL LUL
322 and reversed 322 PogChamp
OG WITH ANA & MIRACLE PogChamp
N BR N LUL
NOTAIL TAKE MY BRAIN FailFish
RUINED DansGame
32-23 LUL
3223 REVERSE PogChamp
EU Dota BrokeBack
NOTAIL DEAD AGAIN LUL
32-23 MIRROR PogChamp
322 BOTH WAYS PogChamp
pos 4 SVEN SeemsGood
32-23 LUL
32-22 CONFIRMED Kreygasm
3223 PogChamp
0 MAJORS 0 TEAMS ON TOP 8 50% EU PLAYERS MUST BE NA SoBayed
RODJER DOG LUL
3223 illuminati PogChamp
cybustcheehan relevant cuz solo is playing FailFish
saved? PogChamp
32-23 MIRROR REVERSE PogChamp
32-23 PogChamp
? UncleNox
32-23 infinity PogChamp
322 both ways PogChamp
? UncleNox
3223 Kreygasm
322 both ways PogChamp
Nyooo BrokeBack
? UncleNox
-nobrain +ana PogChamp
322 LUL
What? UncleNox
? UncleNox
3223 LUL
NOBRAIN Kappa
"BIG DADDY" LUL
32-23 PogChamp
Nobrain support? LUL
NEUWW DansGame
CHOKING? UncleNox
Double reverse 3223 the new Dream PogChamp
322 both ways PogChamp
CHAT LUL
anyone call me ? UncleNox
322 - 3 PogChamp
322 MIRROR PogChamp
I GOOGLED LINA NET WORTH NotLikeThis
double 322 PogChamp
PARADOX 322 NotLikeThis
32-23 UPWARD SIDEWARD Kreygasm
322 jokes DansGame
any OH MY WORD subs? SoBayed
End please BibleThump
322 322 322 322 lp LUL
mee too thanks :)
3223 at 25:52 PogChamp
322 both ways LUL
RUINED NotLikeThis
7 BAD LUL
KYLE PREDICTION LUL
BIG DADDY NOBRAIN LUL
COURIER LUL
impale LUL
LETS WATCH MY BOY VANDERSAR MISS ALL THE KILLS TTours
ROAR LUL
S L BibleThump
dont google rodgej nyx LUL
7BAD LUL
7bad SoBayed
so LUL
nice teleportation knife on the death prophet player :)
GER LUL
I GOOGLED LINA NET WORTH NotLikeThis
call gg LUL
RUINED DansGame
call gg ure emeberasing youselfs BibleThump
BM LUL
sAdboy :(
SOLO LUL
SVEN NETWORTH LUL
WEPAS TTours
SOLO BibleThump
Bullies PunOko
Killed on the Backside KappaPride
OG GETTING SMAHSED SO HARD IT MAKES ME SAD PepeHands BibleThump
Grant <3
32 BibleThump
s4 lina 4Head
Solo BibleThump
NOONE NET WORTH PogChamp
I Googled NoTail Sven WutFace
SOLO LION WutFace
0 MAJORS 0 TEAMS ON TOP 8 50% EU PLAYERS MUST BE NA SoBayed
TIER 1 DOWN PogChamp
SOLO BibleThump
massacre 4Head
NO BRAIN :(
YESBRAIN PogChamp
PRESS 1 if THANOS did Nothing Wrong BibleThump
SO smart Kreygasm
TIER 1 BACKDOOR? EleGiggle
FIST BUMP 4Head
KKona <3
fist bump SoBayed
Solo Solo BibleThump
0 MAJORS 0 TEAMS ON TOP 8 50% EU PLAYERS MUST BE NA SoBayed
RESO was the problem RESO was the problem 4Head
s4 BUILD NotLikeThis
s4 more like pos4 EleGiggle
Nobrain Networth LUL
is this a replay? who wins? :)
WHAT ASSASSIN cmonBruh
fist bump 👊 4Head
WHAT ASSASSIN cmonBruh
WHAT ASSASSIN? cmonBruh
assassin cmonBruh
Liquid and OG will revenge in Main Tournament VP will tilt in Main trust me SeemsGood
having hope in 2018 LUL
NORMAL ? KappaPride
add him to the list cmonBruh
never gets old cmonBruh
DON'T GOOOGLE SVEN NETWORTH LUL
Solo LUL
19 advantage great tower play hyping a game that's overr sack Grant sack Kyle NotLikeThis
finger LUL
chat? cmonBruh
I am assassin now? cmonBruh
chu say cmonBruh
finger LUL
BY ALL THE WARDS BibleThump
PRESS 1 = THANOS WAS RIGHT SoBayed
0 MAJORS 0 TEAMS ON TOP 8 50% EU PLAYERS MUST BE NA SoBayed
SOLO LUL
Solo Solo RUN BibleThump
monkaS 👉 📈 cmonBruh
@epicenter_en1 cmonBruh
epicenter cmonBruh
CUZ ? cmonBruh
WHO cmonBruh
@epicenter_en1 cmonBruh
S L BibleThump
5 man smoc for SOLO LUL
@epicenter_en1 cmonBruh
Positive chat :)
O GG EleGiggle
@epicenter_en1 cmonBruh
@epicenter_en1 cmonBruh
mod? We coo? cmonBruh
✍️ cmonBruh
DJER LUL
@epicenter_en1 WE COO? cmonBruh
STUN STUN LUL
@epicenter_en1 banned cmonBruh
@epicenter_en1 we coo? cmonBruh
stun LUL
what's happening here cmonBruh
STUN LUL
cuh cmonBruh
@epicenter_en1 i didnt realize this was a swedish major cmonBruh
@epicenter_en1 what cmonBruh
epicenter cmonBruh
a solo kill Kappa
CHAT cmonBruh
RDJER LUL
TP LUL
S L LUL
STUN LUL
come back LUL
0 MAJORS 0 TEAMS ON TOP 8 50% EU PLAYERS MUST BE NA SoBayed
Solo BibleThump
@Mikelorus cmonBruh
322 LUL
S O LUL
TP LUL
STUN LUL
CCnC TriHard
CCNC cmonBruh
7 cmonBruh
swedes in 2018 LUL
R-DAWG LUL
DON'T GOODLE RODJERS NYX WutFace
mod we coo? cmonBruh
@CCnCDotA2 LUL
CCnC cmonBruh
any swedes in chat ✍️ cmonBruh
Comeback SoBayed
@CCnCDotA2 cmonBruh
CCNC cmonBruh
EPICENTER cmonBruh
CCnCDotA2 cmonBruh
CCNC cmonBruh
@ccncdota2 cmonBruh
ANELEN ANELE
@CCnCDotA2 CC C TriHard
CCNC cmonBruh
RELAX cmonBruh
@epicenter_en1 cmonBruh
@CCnCDotA2 SoBayed
@CCnCDotA2 cmonBruh
EPICENTER ✍ cmonBruh
@epicenter_en1 LUL
7 TriHard
@CCnCDotA2 cmonBruh
STOP IT CHAT cmonBruh
@epicenter_en1 cmonBruh
EPICENTER? cmonBruh
CC C cmonBruh
we cool cmonBruh
BagOfMemes BagOfMemes Chat! I got here with the memes as soon as I could! Kappa
CCNC AND EPI KappaPride
behave chat cmonBruh
chat cmonBruh
ALL cmonBruh
@CCnCDotA2 why are you a mod in this chat WutFace
CNCC ✍️ cmonBruh
game ResidentSleeper
WATCH IT CHAT cmonBruh
✍🏿 ccnc cmonBruh
INDON KONTOL LUL
nyx assasin good hero TriHard
@epicenter_en1 ✍ cmonBruh
Assassin TriHard
CC C TriHard
✍🏿 ccnc cmonBruh
✍️ DARYL ✍️ EPICENTER cmonBruh
? cmonBruh
@CCnCDotA2 chu say? cmonBruh
✍ CCNC EPICENTER cmonBruh
YOU WATCH IT @ccncdota2 cmonBruh
@Bristle_BLACK cmonBruh
CCnC ✍ cmonBruh
@CCnCDotA2 ✍ cmonBruh
ccnc? we coo bro? cmonBruh
Clap TriHard
Woah woah chat cmonBruh
MY STRAT TriHard
☝️ CHAT BEHAVE cmonBruh
~ ~ TriHard
monkaS 👉 📈 cmonBruh
@CCnCDotA2 ✍️ cmonBruh
RACIST MODS NotLikeThis
Techies LUL
GGnG in chat LUL
dont google solo lion WutFace
@CCnCDotA2 @bbqsenpaila 👈 ban him cmonBruh
DARYL ASSASIN TriHard
RM VS BAYERN WAITING ROOM ResidentSleeper
sadboy ramzes WutFace
@CCnCDotA2 When Does EG Plays ? SoBayed
👉 BEHAVE cmonBruh
chat? cmonBruh
✍️ DARYL ✍️ EPICENTER ✍️ CCnC cmonBruh
✍️ cmonBruh
BASH LUL
BASH LUL
bash LUL
BASH LUL
TP LUL
322 322 322 322 322 LUL
CC C TriHard
OG LUL
OG :(
BASH LUL
ccnc cmonBruh
☝ BEHAVE cmonBruh
JUST CALL IT LUL
OG LUL
OG OG OG WutFace
OG LUL
Just call it LUL
its SMOrc
17% OSFrog
✍️ cmonBruh
beyond godlike PogChamp
@CCnCDotA2 hey ccnc as a big optic fan, i just can't find optic games, can you help me out please? :)
PASSIVE BKB GOT EULED LUL
G LUL
GG LUL
OG = ALL GG LUL
LET'S GO LIQUID PurpleStar
BM LUL
"BIG DADDY" LUL
OG STILL PLAYING DOTA LUL
OG IS BACK 4Head
OG IS BACK LUL
massacre 4Head
LETS WATCH MY BOY VANDERSAR MISS ALL THE KILLS TTours
GeGe LUL
CALL GG NotLikeThis
GO HOME OG LUL
CALL GG SwiftRage
BM LUL
7bad SoBayed
BM LUL
gg LUL
DIVE LUL
BM LUL
BM LUL
BM LUL
OG = ALL GG LUL
ramzes LUL
EU LUL
OG OG OG LUL
BM LUL
OG = ORIGINAL GARBAGE LUL
NAVI LOST TO THIS 4Head
BM LUL
BACKS LUL
kyle prediction LUL
HEY GUYS NOTAIL SVEN 4Head
@epicenter_en1 LUL
MODS LUL
CALL GG NotLikeThis
KYLE LUL
SOLO ALIVE PogChamp
navi lost to this :(
25K LEAD LUL
BUYBACK LUL
KYLE PREDICTIONS LUL
Not over Kappa
solo alive PogChamp
@epicenter_en1 cmonBruh
8.5K net SVEN to 21K net DP. Not over yet LUL
Just GG NotLikeThis
JUST GG 4Head
LAGUNA LUL
ULT LUL
NOBRAIN LUL
S4 LUL
7chiken LUL
one rax = game over this caster BrokeBack
KYLE PREDICTION? SoBayed
LAGUNA Jebaited
LAGUNA LUL
LAGUNA LUL
laguna LUL
VP VP VP PogChamp
NAVI WON AGIANST THIS PogChamp
KITED haha LUL
LAGUNA LUL
S 4Head
navi lost to this LUL
S 4Head
S 4Head
s 4Head
s4 beastmaster LUL
Laguna 4Head
BKB LUL
PASHA PogChamp
PASHA PogChamp
AGAIN cmonBruh
OG IS BACK Kappa
chu say cmonBruh
S 4Head
THIS GAME LUL
nobrain LUL
NOTAIL LUL
NOBRAIN LUL
KITED LUL
Swen LUL
NOBRAIN LUL
LETS WATCH MY BOY VANDERSAR MISS ALL THE KILLS TTours
nobrain LUL
SVEN LUL
NAVI WON AGAINST THIS PogChamp
n0brain LUL
SO TAIL LUL
NoBrain LUL
GG LUL
s 4Head
SO EZ LUL
s 4Head
laguna LUL
S4 LUL
s 4Head
s LUL
NAVI LOST TO THIS FailFish
sven gets played like a doll WutFace
S 4Head
Nobrain 0 impact LUL
s 4Head
PING LUL
S 4Head
S 4Head
s 4Head
s 4Head
gg LUL
s 4Head
s 4Head
ggng :)
S 4Head
S 4Head
s LUL
s 4Head
S 4Head
s 4Head
S 4Head
s 4Head
GG LUL
s 4Head
s 4Head
s 4Head
S 4Head
Secret lost to this NotLikeThis
s 4Head
CALL GG PLZ NotLikeThis
s LUL
EZ Solo BibleThump
tier 1 cmonBruh
S 4Head
GG? LUL
S 4Head
OG OG WutFace
s 4Head
support s4 LUL
s LUL
NO GG LUL
KYLE PREDICTION ? SoBayed
S BibleThump
CALL IT NotLikeThis
ping ping BabyRage
s 4Head
call it theyre dead already BibleThump
OG FANGEYS EleGiggle
OG WASHED UP LUL
gg :D
s 4Head
Gold lead LUL
no gg LUL
NOBRAIN LUL
OD SoBayed
rekt LUL
KICK S4 KICK S4 LUL
s 4Head
NAVI LOSE TO THIS LUL
KA LE LUL
WASHED UP LUL
BM LUL
OG \ LUL
S S BrokeBack
OG IS BACK LUL
KA LE WutFace
SEB LUL
lina offlane LUL
OG SoBayed
OG IS BACK TO THE DUMPSTER LUL
7BAD LUL
STOMPED LUL
BM LUL
RESO WAS THE PROBLEM SoBayed
Close game Kappa
7BAD LUL
NAVI LOST TO THIS FailFish
Dumpstered LUL
7bad noob LUL
KYLE was right notail is bad LUL
EZ LUL
SO BAD LUL
GG LUL
OG FANGAYS ???? SoBayed
close game Kappa
massacre 4Head
RESO WAS THE PROBLEM SoBayed
EZ LUL
7Bad PogChamp
2 PASHAS WutFace
Navi and Secret lostened to this? LUL
All chat SoBayed
NAVI LOST TO OG ??? LUL
not bad DendiFace
OG IS BACK Kappa
Champions League NEXT PogChamp
OG IS BACK SoBayed
ramzes VoHiYo
no0ne BabyRage
7mad EU rank 1 for WAT ? SoBayed
NOONE BabyRage
7BAD LUL
Show Winners Socks GOWKratos
OG FANGAYS ???? 1 SoBayed
Navi > VP > OG > Navi SoBayed
Navi and Secret lostenedt to this? LUL
CHAT? cmonBruh
NAVI LOSE TO THIS LUL
TI LUL
REAL MADRID PogChamp
no pls big daddy hold me BibleThump
NOONE KICKED LUL
Na'Vi lost to these LUL
jerax KappaPride
OG BACK WITH ME IN HE DUMPSTER DendiFace
OG LUL
this team lost to navi btw LUL
S S BrokeBack
JERAX FeeelsBadMan FLY ResidentSleeper
fly ResidentSleeper
jerax BibleThump
fly ResidentSleeper
OG FANGAYS ???? o SoBayed
No one not happy with team VP diving DansGame
NO1 TILTED TO RAMZES LUL
thanks coach SeemsGood
s 4Head
who even loses to the best team in the world LUL
JERAX FeelsBadMan FLY ResidentSleeper
S BrokeBack
cant wait for VP vs Liquid Kreygasm
RESO was the problem RESO was the problem 4Head
KYLE predictions LUL
SECRET LOST TO THIS LUL
russian military vs MURICA military don't make me chat EleGiggle
og dead when miracle leave LUL
THEY ARE TIRED GUYS FailFish
ONLY NAVI CAN BEAT VP LUL
@TRI_HARD_ER_01 Clap TriHard
real Madrid vs bayren ResidentSleeper
NAVI WON AGAINST THIS PogChamp
@Neil_thehunter / Kappa
any Bayern fans ? Are u ready to lose ? SoBayed
@TriHard_from_the_news cmonBruh
bye chat BibleThump
@adrianIban / 4Head
✍🏿 cmonBruh
I hate his beard :(
@HOW_BAYED_IS_THIS_CHAT SoBayed
Techies 0% WINRATE LUL
CASTER Kappa
NOBRAIN DOTO PogChamp
@HOW_BAYED_IS_THIS_CHAT DansGame
any Bayern fans ? Are u ready to lose ? any Bayern fans ? Are u ready to lose ? SoBayed
OG LUL
OG DEAD BibleThump
CHAMPIONS LEAGUE PogChamp
VP gifted DPC to Navi LUL
twitch chat full of old memes DansGame
CCNC SUBS WutFace
How is EG doing? :)
OG LUL
@HOW_BAYED_IS_THIS_CHAT SoBayed
LIQUID vs Mushi PogChamp
twitch chat ✍️ cmonBruh
kkona OpieOP
PENALDO FANS IN CHAT LUL
@morpheus____ / SoBayed
SELLOUT LUL
TWITCH = TRASH LUL
KYLE PREDICTIONS LUL
@trihard_from_india cmonBruh
YOTA LUL
weeb DansGame
Yota lags LUL
SELLOUT LUL
TWITCH LUL
@TRI_HARD_ER_01 cmonBruh
YOTA LUL
I beat this DendiFace
Newbee out LUL
any Bayern fans ? Are u ready to lose ? SoBayed
BAYERN REMONTADA PogChamp
2-0 BlessRNG
Bayern Munich will win today SwiftRage
So BAD LUL
@breakycpk rip dot pro show :(
KYLE PREDICTION? SoBayed
any Bayern fans ? Are u ready to lose ? any Bayern fans ? Are u ready to lose ? SoBayed
Day 5? ITS DAY 4 LUL
IS IT OVER FOR TODAY GUYS BibleThump
RE MADRID LUL
Soccer Out! PunOko
@breakycpk nice casting :)
ky LUL
any REAL fans ? Are u ready to lose ? any REAL fans ? Are u ready to lose ? SoBayed
Be positive, chat :)
Kyle prediction SoBayed
BAYERN BlessRNG
Kyle prediction LUL
BAYERN MUNICH PogChamp
Madrid fans ResidentSleeper
Where's Kyle :(
KYLE LUL
any REAL fans ? Are u ready to lose ? any REAL fans ? Are u ready to lose ? Ä SoBayed
RED EYE WHITE MAN PogChamp
REAL MADRID > BAYERN SeemsGood
@GoodPrince1 Sure Kappa
any REAL fans ? Are u ready to lose ? any REAL fans ? Are u ready to lose ? , SoBayed
any Bayern fans ? Are u ready to lose ? any Bayern fans ? Are u ready to lose ? SoBayed
PENALDO FANS IN CHAT LUL
Deutschland MASKAU <3
soccer fans in chat WutFace
any Bayern fans ? Are u ready to lose ? any Bayern fans ? Are u ready to lose ? SoBayed
mid sven DansGame
Clap ResidentSleeper
BAYERN WILL WIN SwiftRage
any REAL fans ? Are u ready to lose ? any REAL fans ? Are u ready to lose ? ' SoBayed
OG beat secret now they theyre good LUL
@dragonwarlord64 LUL
footbal FailFish
WHITE PEOPLE WutFace
any REAL fans ? Are u ready to lose ? any REAL fans ? Are u ready to lose ? , SoBayed
SOCCER FANS OUT DansGame
NIPPY KIND LANGUR LUL
@adrianIban What is Make sense one then Kappa
MADRID fangay SoBayed
Breaky saying Newbee can win; they are eliminated 4Head
@karlonet7 wut nooo DansGame
nice highlights EleGiggle
KA LE WutFace
KA LE REPLAYS LUL
EG WAITING ROOM PogChamp
⚽️ 🥅 DansGame
ONCE Kappa
IS THIS LEAGUE OF NEWERTH 2? Kappa
ANY LAST WORD REAL FANGAYS? LUL
Production BabyRage
@iamfooi actually I am Egyptian but I said soccer as I hate football :)
OG still not top tier? Kappa
Next slide please Kreygasm
NA Dota NA Dota BibleThump
@karlonet7 i hope they sell him he's always injured when they need him :(
Kyle comparing himself with a 3 times Major team LUL
NEXT FRAME BabyRage
NEXT SLIDE PLS :)
Realmadrid waiting room ResidentSleeper
RONA DO LUL
@adrianIban SO BAD LUL
himself? HotPokket
@epicenter_en1 nice stream :)
Epicfail LUL
can't win without robben :(
NEXT SLIDE LUL
Dont google Sabrina Suzuki WutFace
NEXT SLIDE PLEASE :)
any REAL fans ? Are u ready to lose ? any REAL fans ? Are u ready to lose ? SoBayed
Madrid fantrash? SoBayed
DROGBA fans ? SoBayed
NEXT SLIDE PLS TTours
J DOG LUL
Can we have a next slide, please? :)
GOTTA WAIT TIL TOMORROW FeelsBadMan BYE CHAT BibleThump
@voncb she is Kreygasm
POWERPOINT PogChamp
I GOOGLED SABRINA SUZUKI Kreygasm
@adrianIban NA fan got trigger LUL
NEXT SLIDE PLS . TTours
EG WAITING ROOM ResidentSleeper
NOBRAIN SVEN LUL
ANY WENGER FANS? SoBayed
Sir, would you kindly show us next slide? :)
@karlonet7 i know Bayern should sign bale :)
DO UR taunts OG HeyGuys
NEXT SLIDE PLS TTours
great major awesome stream :D
Clap ANELE
KA LE SwiftRage
KY LUL
TRAPS Kreygasm
Chat NotLikeThis
FeelsGoodMan WE FeelsGoodMan ARE FeelsGoodMan READY FeelsGoodMan FOR FeelsGoodMan THE FeelsGoodMan NEXT FeelsGoodMan SLIDE FeelsGoodMan 123 Kappa
soccer fans DansGame
poewer of traps VoHiYo
NEXT SLIDE PLS . TTours
Problem OSFrog
Slideshow PogChamp
SABRINA SUZUKI Kreygasm
@iqm4l Your Mum EleGiggle
POWER OF TRAPS VoHiYo
Sabrina Suzuki KappaPride
SLIDE SHOW Kreygasm
production value PogChamp
PRODUCTION WutFace
traps KappaPride
QWOP 4Head
@karlonet7 i don't man he shines on big stage :(
IT was so good yesterday why @epicenter_en1 why :(
Chat WutFace
FACEBUCK SUCKS SoBayed
Baby Kreygasm
@adrianIban Disgusting PunOko
@adrianIban WHATS YOUR PROBLEM DUDE WutFace
NEXT SLIDE PLS TTours
@epicenter_en1 WE DEMAND ANSWERS SwiftRage
2 FPS like PUBG LUL
SLOWER PLEASE SwiftRage
@adrianIban NA DOTA FAN in 2k18 LUL
@epicenter_en1 cmonBruh
daryl? cmonBruh
EMPIRE LUL
CIS dota LUL
MEMEPIRE LUL
NAVI Kappa
EG in finals LUL
newbee is out LUL
NAVI LUL
NA LUL
WHERES EG SoBayed
newbee are actually out though LUL
Navi I love you BibleThump
newbee is eliminated FailFish
NEXT SLIDE PLS TTours
Is EG gonna play next game ? SoBayed
NAVI LUL
nice stream 4Head
can't spell na'vi without NA LUL
The Russian Empire collapsed with the February Revolution of 1917 :)
spicy Kreygasm
NA DOTA LUL
Pain NotLikeThis
@adrianIban NA Dota Fanstraight in 2018 LUL
LIQUID PogChamp
EMPIRE LUL
LULQUID PogChamp
The Russian Empire collapsed with the Feburary Revolution of 1917 :)
0-4 LUL
EG direct finals? PogChamp
OG PogChamp
OG PogChamp
COL OMEGALUL LUL
col LUL
COL LUL
NA LUL
COL LUL
NA OUT LUL
NA LUL
COMPLEXITY IS OUT WutFace
OG ?! PogChamp
ADS PogChamp
NA LUL
EMPIRE04 LUL
COL LUL
Navi :(
COL LUL
1 NA DOTA LUL
NA LUL
NA LUL
NA DOTA LUL
Spicy Kreygasm
NA LUL
EG DIRECT FINAL PogChamp
OG PogChamp
red team DansGame
ads DansGame
EG LUL
NA LUL
WHERE IS EG DansGame
OG direct invite to TI Jebaited
Ads WutFace
NA 4Head
PAIN 2 0 NAVI, SECRET 0 2 VP, PAIN will win this major MVGame
newbee is out LUL
NA DOTO LUL
@NA_HAS_WON_0_MAJOR_BY_FAR LUL
CN DOTA 4Head
NEWBEE 4Head
ads DansGame
ADS LUL
Newbee is out already LUL
NEWBEE LUL
NB LUL
0 - 4 LUL
OG 3-1 LUL
Pain LUL
Newbee out LUL
NA DOTA LUL
WHERE IS EG GUYS? BibleThump
KA LE SwiftRage
NA DOTA 4Head
ads cant see any ads DansGame
Who's playing with the Time Stone PunOko
KYLE LUL
BRA71L in Dota DendiFace
NEXT SLIDE PLS TTours
C L LUL
where is EG? SoBayed
Next match Real madrid vs Bayern PogChamp
coL.Kyle BibleThump
Kyle isn't going to compliment COL LUL
Where's EG? BibleThump
?WHERES EG SoBayed
whoever is running the channel has the worst timing to run ads DansGame
Kyle not backing C L LUL
timestone WutFace
tap your monitor to fix SeemsGood
Kyle no support for COL LUL
Navi LUL
thanos doesn't have the time stone. it's here PogChamp
orakyle AsianGlow
Orakyle PogChamp
ORAKYLE PogChamp
chat behave :)
NEXT SLIDE PLS TTours
Secret navi Jebaited
KA LE LUL
2 Group A games LUL
VP SECRET Kreygasm
LIQUID EZ LUL
NAVI LUL
EMPIRE LUL
russian internet LUL
NB VS OG LUL
pain? DendiFace
EMPIRE LUL
VP SECREKT LUL
@Hunter0808 EG LUL
VP SECRET HOLY PogChamp
NAVI EZ LUL
Interesting LUL
SECRET LUL
Navi PogChamp
Finishing at half past 9 , you should work until 11 like the other days KappaHD NotLikeThis
Pain win PogChamp
memepire LUL
4 WAY TIE BlessRNG
VP SECRET PogChamp
sufjanism LUL
Stream is back. Press ALT + F4 to refresh the webpage SeemsGood
mineski cmonBruh
VP secret TI8 Finals practice LUL
PAIN BlessRNG
virtus bad LUL
TIER 3 VS TIER 3 LUL
LAG AngryJack
Navi Navi BibleThump
PAIN VoHiYo
NA Dota NA Dota NA Dota BibleThump
so laggy TTours
WEEHA LUL
@HOW_BAYED_IS_THIS_CHAT / SoBayed
SUB LUL
SUBS LUL
PRODUCTION PogChamp
guys when is next slide coming? 4Head
@firstclassdegree / Kappa
subscriber LUL
SUB ???? LUL
SUBS LUL
SUBS LUL
SUBS LUL
SUBS TO KA LE LUL
THESE SUBS LUL
DARYL? cmonBruh
DARYL !! cmonBruh
SUBS LUL
who cmonBruh
DARYL TriHard
Clap ANELE
SUBS LUL
SUBS LUL
Team Liquid and Virtus Pro are TIER 1 ALL OTHER TIER 3 LUL
NEXT SLIDE PLS TTours
TECHIES LUL
ICEICEICE TECHIES BlessRNG
chu say cmonBruh
why me ? cmonBruh
EXCUSE ME ? cmonBruh
icex3 TriHard
ICE ICE ICE cmonBruh
tap your monitor to fix SeemsGood
hey guys when is next slide coming? :)
@TriHard_from_the_news cmonBruh
CHU SAY cmonBruh
Im just sitting here, patiently waiting for my next slide TPFufun
BYE CHAT BibleThump
bye chat BibleThump
Long boring games? both techies games were real quick LUL
EPICENTER SUBS LUL
bye chat BibleThump
Chat I sleep now chat BibleThump
bye chat BibleThump
BYE CHAT BibleThump
BYE BibleThump
Bye chat TearGlove
bye BibleThump
LEPO LEPO BibleThump
have a good one friends :)
BYEE BibleThump
BYE CHAT BibleThump
NEXT SLIDE PLS TTours
BYE CHAT BibleThump
TIME FOR CHAMPIONS LEAGUE SeemsGood
Bye Chat 7 BibleThump
hey guys when is next slide coming? :)
-^-- --^- chat ? :)
BYE CHAT BibleThump
BYE CHAT See you in tomorrow's SLIDESHOW FeelsGoodMan BibleThump
Bye Weeb Chat VoHiYo
BYE CHAT BibleThump
Chat > Stream if you agree :)
BYE CHAT BibleThump
BYE CHAT BibleThump
BYE CHAT BYE CHAT BibleThump
See you next slide chat BibleThump
bye bye chat see ya next time BibleThump
LEPO LEPO BibleThump
Real fans SoBayed
SEE YOU IN THE NEXT SLIDE SoBayed
1 more day before sudoku BibleThump
0 MAJORS 0 TEAMS ON TOP 8 50% EU PLAYERS MUST BE NA SoBayed
si ya chat BibleThump
EU Soccer time LUL
Real madrid vs bayern PogChamp
next slide tomorow PogChamp
REAL vs Bayern PogChamp
/ OpieOP
madrid fans SoBayed
time for RONALDO PogChamp
NAVI BibleThump
TIME FOR PENALDO PogChamp
Barcelona SoBayed
Soccer fans WutFace
RMA fans SoBayed
EPICENTER PRODUCTION SeemsGood
Ronaldo fans? SoBayed
BARYERN GOAL PogChamp
BARCE NA LUL
Bavarian powah VoHiYo
Music better than stream SoBayed
LAG LUL
Lets hope RMA fixed another game to get into finals PogChamp
YOTA INTERNET LUL
BARYERN GOAL ! PogChamp
RONALDO HATERS SALTY LUL
PENALDO FANS SoBayed
E CENTER LUL
RMA fans SoBayed
SLIDE SHOW LUL
Barcelona UCL SoBayed
BAYERN ELIMINATION GETTING CLOSER SoBayed
MODS WHY BAN ME BibleThump
BARYERN GOAL / PogChamp
BAYERN GOAL // PogChamp
BAYERN ELIMINATION GETTING CLOSER . SoBayed
RMA fans SoBayed
No they lost but it was intense game DendiFace
@crystalasea No, they lost in a 80+ final game 1-2 :(
Be positive, chat :)
Dial up stream LUL
BAYERN ELIMINATION GETTING CLOSER SoBayed
WOOB WOOOB WOOOB WOOOB UPPP ANELE
tap your monitor to fix SeemsGood
RMA fans SoBayed
RMA fans SoBayed
Bye mods WILL BE BACK TO TROLL YOU LATER BibleThump
mineski? cmonBruh
bye chat BibleThump
BAYERN GOAL / PogChamp
@epicenter_en1 bye <3
bye BibleThump
BYE BibleThump
BAYERN GOAL BAYERN GOAL / PogChamp
No soccer WutFace
Clap Kappa
EG in major LUL
BAYERN GOAL BAYERN GOAL /+ PogChamp
when is eg playing? oh wait ... Kappa
@hwndu_ LUL
AD WutFace
NP NAVI WILL WIN TI BibleThump
NA DOTA LUL
these games are scheduled tomorrow :)
