TK + CZ = :(
DOTA:GO ? DansGame
Dota 4Head
dota LUL
? LUL
lose round AND die after time, ouch :o
@Majstero12 bo vp to rosyjska organizacja dlatego dostali :)
@danixx2_ zobaczymy :D
Never heard a northern irish caster before, good craic :D
@Kusiak15 dostali przez rok takie zaproszenia :D
Sorry if I sounded rude, I was just surprised, don't hear many Norn Iron casters, you represent man :D
ghosting Kappa
too loud WutFace
music DansGame
milo widziec taza w takiej formie :)
16-0 BlessRNG
Fajnie by było jakby się udało pingwinom zakwalifikować :D
ale kinguin ich niszczy :)
they have 7 kills total LUL
Tedd2y chu say cmonBruh
@Najwiekszy_Fan_IzakoBoars właśnie :D
Minis average 2 kills per round LUL
co on wyprawia na tej mapie? :D
? KappaPride
kick Taz ks Kappa
zabka Keepo
Minise na smurfie :D
its not minajs but minis ;)
TaZ was the problem Kappa
snax was the problemo in toiletto Kappa
portugese still salty that fox was kicked , that team had no future, and it's better now for kinguin and for fox in tempostorm LUL
TaZ LUL
Faze LUL
@EXXXILON oni sa mozna powiedziec na takim samym poziomie teraz ;p
@EXXXILON a później TaZ poprawia fryzure i mruga okiem Kappa
@Tedd2y ale entry ma dobre Kappa
cheers :)
dlatego pyta sie taco o ustawienia dla lurkera Kappa
@EXXXILON zdecydowanie szczególnie od takiego godsent to noby Kappa
magiczny muvment :D
godsent dzis wygralo z fnatic takze oni sa w gazie :)
@eldonawolnoo ile nad tym myślałeś ? Keepo
reatz PogChamp
@michalangelo i wyrwę :)
@epicenter_en1 youve got great potential, hope to see you on major in the future :)
a sie śmiali że vp z nimi przegrywa Kappa
vp znowu tworzy jakiś Team Kappa
Minise BibleThump
come on! VoHiYo
TaZ PogChamp
Tazik <3
taz clutch :)
taz ugral PogChamp
nice comms LUL
5 loses in a row they have enough for buy :)
Throw for over of course BibleThump
eco LUL
GG PogChamp
E C O LUL
