na cs LUL
uk cs, best cs LUL
eu PogChamp
apparently jasonR is going to play KappaPride
endpoint garbage LUL
UK CS LUL
SPAM THIS DORITO TO HELP ENDPOINT DEFEATO DoritosChip
SILVER PLAYS LUL
lol nice camera work SeemsGood
wheres sadokist Kappa
of course not :)
@ardiis yo panicBasket
endpoint wins? LUL
UK CS PogChamp
2k18 chat has gone soft, I miss the old edgy people :(
@forhaten only on tier 1 tourneys Kappa
@jbg0625 I guess that makes sense, getting banned for trolling on a low tiered tournament isn't worth it SeriousSloth
ardiis PogChamp
boden or bogdan Kappa
b0denmaster is a pretty bad name SeriousSloth
Some pro names be LUL
@Toastythetoastz HeyGuys
Endpoint 2k18 faceit major winner SeriousSloth
@frederik3_ this is fortnite tier Kappa
endpoint, pubg players Kappa
ENDPOINT ARE SO FUCKING G kreygAsm D Kreygasm
caster sounds annoyed about overtime LUL
wheres sadokist cmonBruh
Play the Roblox death sound PunchTrees
sadokist TriHard
@lisida19 Kappa
No more Sadokist casting 🔫 :(
LMAO LUL
I'm better than all these noobs and I'm only MG1 SeriousSloth
Radish Esports KappaRoss
Raw Dish Esports KappaWealth
uk cs Kreygasm
UK CS making a mockery of itsself once again LUL
@chxR_ SeriousSloth
@BrownieUK never give up on my scene :(
OT 2 LUL
Idiots LUL
How horrible do you have to be in order to lose 4v2? cmonBruh
EU CS LUL
TERRORISTS CANT WIN A ROUND LUL
I'm out good bye guys HeyGuys
Didn't weber get a kill in the last round? :o
uk casters Kappa
asmr Kreygasm
HYPE PogChamp
why dont talking bros :)
I didnt know this was a Final major LUL
i wont watch russian soccerleague, but it doesnt mean soccer is dead :)
its a joke :D
S A D K I S T cmonBruh
viewbot??? cmonBruh
the drake reference LUL
@SealTeamFish LUL
the bomb EleGiggle
SPAM THIS EYE TO MAKE ROB CRY TheIlluminati
It was awesome but I was terrible at it :D
admin bias Kappa
viewers 2 :D
meeeee NotLikeThis
that the new sadokist? Kappa
Send me ur whisk fan fiction pls TehePelo
holy crap boy : LUL
@iiseo great idea zeus 21 fade :D
No one else gonna address those horrible puns? LUL
Mexico LUL
Sadokist cmonBruh
We have already been praccing :)
@quinnzeskimo I was just kidding, relax fool. cmonBruh
Radex will win CheepCheep :)
Is this being streamed on facebook Kappa
uk CS LUL
that is why this is premier Kappa
rip dream :(
22-19 Kappa
or not LUL
r6rekt KappaPride
@kpizcsgo PogChamp
i would 1v1 4 of them Kappa
TK LUL
omg NotLikeThis
awp for the next round? Kappa
what ??? cmonBruh
o my lord NotLikeThis
verrified, cant type SMOrc
mog NotLikeThis
