any Wakandan in chat ? TriHard
/ TriHard
overpass LUL
fallen PogChamp
Title :)
Mesiterschaft Kreygasm
nice save 4Head
but XANTERES best player :D
@sainath5233 beggar ResidentSleeper
что они делают 4Head
\ /. Оп пiмав натурала за яичко KappaPride
77% LUL
quit flopping around SabaPing
@GLihhh exact same with me :D
@ruhrpotter Und wenn du englisch sprichst dann bitte auch korrekt ;)
@ruhrpotter Nein :D
В германии все можно SeemsGood
У челов в команде колдзеры играют, поверил , проверяй SeemsGood
a net 8 14 4Head
timing NotLikeThis
poor flowers :(
a net stope stope stoppeeeeeeeeeee 8 15 sorry za DizInfU 4Head
Ну все они хлебнули кумыса, изи 16 14 4Head
close the fucking scoreboard ResidentSleeper
пж 27.5 меньше GingerPower
@jefrezgg ну да, не знаю Kappa
aug noob Kappa
you cant have an opinion, unless youre high ranked (gold nova) like me :)
14-16 LUL
German CS LUL
@Daola BloodTrail
Panthers SeemsGood
мое соовбение проверяют модераторы BibleThump
pro using AUG LUL
@adami42281337 не задумывался о таком DBstyle
master shaft KappaPride
@Daola спасибо SeemsGood
who vs who? LUL
German cs LUL
monak3 serious? LUL
G2 LUL
G2 Mixwell hasn't been playing well the past matches LUL
even c9 won a major LUL
music LUL
a brand named tee shirt LUL
okay rich man LUL
discount tee shirt > all Keepo
start the game ResidentSleeper
GERMAN CS LUL
nuke DansGame
garbage LUL
ickdeh CZ new meta <3
wtf euronics :D
shaft Kreygasm
@neploxosigrano spasibo Kappa
@FinderFiveFour thanks ill be back stay fam :)
nuke is also a german map :D
nuke is located in germany? lmao not at all LUL
old was :(
nuke is in north korea obvs Kappa
but we're talkin bout this one Keepo
pubg LUL
lonely guy :(
@biche_crepusculaire oh wow I didn’t know that :o
Aztec BibleThump
@Biche_Crepusculaire yeah, i know someone who greq up in tunis and he wouldnt stfu about it when new dust 2 was released :D
MaXXX_CS aha :D
@faibz best map? LUL
Office LUL
@xxFlares I don't trust you! 4Head
DUddLeDooDle PogChamp
Mirage is Japan EleGiggle
Mirage is antartica LUL
mirage is on the moon EleGiggle
Urinics Kappa
de_italy LUL
de_office 4Head
where is de_italia? CarlSmile
No spain map :(
de_train has Lenin and Soviet symbols so it has to be set in Chile Kappa
de_cpl_mill :(
@shocker73 :(
de_cpl_fire Kreygasm
OdeToJoy_By !! LUL
Tuscan Contra BibleThump
Panthers more like cats 4Head
@Biche_Crepusculaire The more you know TIL about Magreb :)
de_subzero set in Egypt 4Head
Ustillo is a monster Tom 4Head
too many smokes WutFace
raspberries when they are in season are Kreygasm
office PogChamp
raspberry seed get stuck betwenn the teeth NotLikeThis
he is 12 years old LUL
JW vac banned btw check hltv Jebaited
De_ritos DoritosChip
De_wei 4Head
De_wei set in Uganda 4Head
@polonium2 LUL
Don’t talk about Lisa like that BibleThump
Sebastian Vettel LUL
@vapor1 both DoritosChip
German CS 4Head
Nice :D
Pringles prize pool 4Head
oh hey zesct @ESL_CSGO ! :D
pringles Kappa
it's like they ran out of fingers and used their toes too ;)
@LuzifersDream PHWOAR <3
a mcmenu :o
i would ve asumed it s a new version of the oculus rift ;)
He's like the cute spiderman, so im fine :)
FREE Sadokist BibleThump
FREE Sadokist BibleThump
@marchewa56745674 there are actually 3636474 different accents to speak german LUL
шо за команды такие DansGame
Yea a Lot of accents. :D
caster sleeps Kappa
change ur job casters LUL
FREE Sadokist BibleThump
6-15 LUL
FREE Sadokist BibleThump
3.6K viewers and dead chat, viewbots enabled Kappa
@MatthewGamble BibleThump
mirbit is a bot LUL
FREE Sadokist BibleThump
why did he shoot the silo? FailFish
Sadokist did nothing wrong KevinTurtle
yeah full btw Kappa
is there enyone in the chat who is very bad at csgo Kappa
CS major final and 3 people in the crowd dead game LUL
wood grain on trophy Kreygasm
@ItzMeLore I've never even played it LUL
Now1n LUL
@Now1n LUL
@FinderFiveFour then never do it srsly Kappa
FREE Sadokist BibleThump
i'm not silver, i'm unranked, never played a comp match, beat that plebs Kappa
@brammekev i'm s1 Kappa
nice, they have an american in their team Kappa
sound mixing NotLikeThis
vmurkz1 he's cute KappaPride
big boi OpieOP
4changeup5 sure Kappa
how did they get sponsored by Pringles? are the germans to classy for Doritos? Kappa
What is this song? LUL
the music FailFish
tanks :)
sadokist LUL
muted :D
why can i hear warmup NotLikeThis
shaft Kreygasm
just what the hell is goin on :D
buying time Kappa
@STOFF_UND_SCHNAPS_ denied LUL
must be funny to be forced talk and talk :D
athletes OpieOP
english LUL
German Engineering at its best Kappa
ITS SO QUIET WutFace
guys count it down Kappa
, shhhhh Kappa
johnballhand just learn your lines beforehand 4Head
i think so.. free Mc menu every day @AleksandrKalashnikov :D
@AragorNElessaR i see no issues with this KappaPride
haHAA PogChamp
implying you can fit your hand in a pringles can Kappa
spanish csgo sucks :(
@El_gamusino :(
ropz <3
ChrisJ is German Kappa
the volume is lower for some reason WutFace
@ESL_CSGO I see you laughing ... :D
Bernard And Wally PogChamp
nah , i dk how did they reach semi :(
@MaverickMall As I said dont be mad bruh cmonBruh
im out :(
more ads please PogChamp
Master_Ball_96 he chewed the headset cables Kappa
more breaks PogChamp
u look sweet Kappa
dafuq LUL
ESL LUL
auf gehts crisby <3
wooden computer Kappa
EURONICS <3
fk :(
vmurkz1 what do you think half of twitch chat is? Kappa
its 7AM in NY for me :D
3:22 PM in Dubai SeemsGood
japan :o
hahaha that is joke my friend im not from japan :D
a pringles and mcdonals gold amazing :o
Shroud <3
Shroud is Shroud no matter what <3
The Moon :o
8:24 japan :)
Now SK Gaming has a lot of Firepower with cold and stew :o
music? B)
Hallo :D
rip LUL
omg PogChamp
friendly :D
Reported LUL
я на пантер поставил CoolStoryBob
@kaamilking Я тож 16-7 счет будет :D
@kaamilking Просто запомни это Keepo
clutch!! PogChamp
2 guys, both looking in same direction mm match FailFish
@kaamilking Я что пантер, что еур в 1 раз вижу Keepo
message deleted stream FailFish
@kaamilking Я вчера на вп 90% банка залил, чтоб ты понимал, а потом, когда они были против ноу-неймов я но лоу коэф залил Keepo
repeak! LUL
are we sure they are not replaying the same round over and over again? Kappa
@ne_myplic надоб кс купить.. Kappa
Этим пантерам еще и зп наверное платят, ржу над менеджментом тимы 4Head
well worn :(
I't should be 13-2 for panthers :D
not saving 1 vs 4 FailFish
@kaamilking oops Kappa
Smap? LUL
kaamilking remember, no russian Kappa
Panthers :o
"pro" teams 4Head
euronics PurpleStar
amateur team vs tier 4 team LUL
dude <3
Kitty BibleThump
When u walkin mcaT
MİRBİT FTW ! ;)
3k on major PogChamp
do it again LUL
oops HeyGuys
major LUL
3k views on a Major dead game LUL
Panthers not Panfers NotLikeThis
@TeddyMECS cause on Cache you dont need AWP :)
Eco :D
EU AWPER LUL
EU AWPER LUL
panfers Kappa
panzers Kappa
panzer kampf ;p
Pempers Kappa
nice jump LUL
1 v 3 PogChamp
Wtf is this casting LUL
@kn1f3__ LUL
EURONICS MDL <3
gg wp :(
manager sooo happy :D
crisby <3
Niksda <3
awesome live translation :D
np ;)
dumb happened @henrixl LUL
report Kappa
no but i still wanna see it :(
dont be dumb @iceducktv LUL
@LexGamer101 well, i dont mind listening to german since im german.. so give me sound! :D
what lex said :D
what lex said? he isnt close to be lex.. VeldBall :D
i'm a decent kind of mind but i'm still doing nothing with my life :(
euronics vs Pathers Kappa
1,4k viewers major LUL
not a major LUL
they don't look that small to me, they have 5 team members like all other teams I've seen DansGame
Even germans are gamer LUL
kid LUL
Its a male LUL
caster is very ResidentSleeper
@patriotstreams CoolStoryBob
hiko LUL
mods banning simple truths LUL
Masterchef, sponsored by Pringles and McDonald's LUL
no voice LUL
it's live :\
Masterchef, sponsored by Pringles and McDonald's LUL
Masterchef, sponsored by Pringles and McDonald's LUL
*** is the german stream if u still dont want to understand the caster ;)
He probably just wants his adder all drop. LUL
kappa guy Kappa
@martholobew in ur Dream Kappa
i love watching tier 4 cs LUL
Can't afford a studio, recording in livingroom BrokeBack
hahahahahh bot :D
LMAO LUL
Hunden BrokeBack
German CS Omega Fraking LUL
you guys know how bad the people are in mdl well this is to get into mdl LUL
WHAT LUL
0 iq BrokeBack
mge tournament LUL
This is sooo boring FailFish
15:15 Jebaited
trihard11 is this a rerun DarkMode
!bet ct all 4Head
ching ching ??? cmonBruh
wearing esport jerseys in public LUL
GunBound music PogChamp
@junaarjuna me too ;)
i hope she made some new video :(
meister shaft Kreygasm
being solo caster BibleThump
why never hostage rescue? Kreygasm
NICE TEAMS LUL
* Jebaited
cgcs322 LUL
chat never happy when pansy casts its " talk less" when there is less casting its "where are the casters" Kappa
yeah.. :)
DED GAEM LUL
@nahpp it is ok to be sliver is it not? :D
rip aim :(
@nahpp you must know how it is :D
@ all have been there :D
@oceanss so true- i am not making any funny i am exl... look at the game but the chat that is anogter story :)
@RMXCrossal i am so sorry :D
pls define everyone :)
^^ :D
@Sindos3 who is noob in here dude :D
7-4 KappaPride
cool cya on faceit :)
zinken LUL
Joke smoke instead KappaClaus
i buy power = divizion Kappa
ending with nothing but shaaaaaame Kappa
LOL LUL
#Alex :o
do any one in here have a sphhire knife? Keepo
11-4 > 11-10 gg EleGiggle
12-8 LUL
@happykabachok i know :D
11-4 > 11-12 EleGiggle
12-8 LUL
12-8 ggbet KappaPride
Tetris Kappa
@happykabachok well that is a start bro i have a huntensman doppler fn ;P :D
11-4 > 11-13 EleGiggle
\ / PogChamp
\ / PogChamp
11-4 > 11-16 gg EleGiggle
11-14 gg EleGiggle
for alternate PurpleStar
unlucko :(
взяли раунд PogChamp
12-16 ok 4Head
16-12 LUL
DIVIZON GivePLZ
АА гот PurpleStar
LETS GO DIVIZON <3
Its pretty much gg... :(
до конца форс 4Head
Rush B? LUL
Divizon plssss GivePLZ
13-16 TwitchUnity
Go Robin Go!!! Good shit! Comeback babay :D
10/10 production SeemsGood
ESL back at it again LUL
if it's not sound issues there's schedule delays LUL
^ LUL
is it a german stream? :(
suck mein meisterschaft LUL
hahaha you would not want it anymore if you do LUL
sound nr1 :D
dat sound Kappa
my soundbar just explode as i tried to turn up the volume Kappa
this is sad Kappa
@heXaroNCS :)
anyone wanna take me in their csgo team? LUL
@heXaroNCS I have none LUL
@heXaroNCS see its har work Kappa
@heXaroNCS LUL
LEFT HANGING LUL
a new 2v2 mode, interesting :o
2v2 Kappa
i can beat these people Kappa
haha kappa :D
@opti_nor cmon dude stop being salty white night just cause there are grils LUL
is that no game later tonight? anyone knows? :)
oh they do like pros, with their fists when wins a round! like champions! Kappa
VAC Kappa
this is like watching a chicken fight lmao LUL
this cant be a noova game, most at least be the rank eagle PogChamp
No Needed Kappa
pubg Kappa
pubg LUL
@willcome_ please leave this is for the bigboys only LUL
fem cs LUL
pubg is fiine, but not as big as cs goo i mean cmon Kappa
@RMXCrossal they are pros shhh Kappa
@Mercifulqwerty daaamn when i cant risk it to make it 3 Kappa
@Mercifulqwerty oh ok when its fine, i dont look like 40 but at least 30 Kappa
yes :D
tissue Kappa
friendly fire LUL
this is so bad cs :(
@tristanyo dont cry :(
maybe the players you're watching LUL
spray and pray PogChamp
Very Nice :D
LOL :D
bizon? we meet again NotLikeThis
800 ? dead game LUL
@casx3 Divizon :D
Masterchef, sponsored by Pringles and McDonald's LUL
german production better then NA LUL
@casx3 same LUL
Exposed Kappa
3 months everyday McDonalds WTF hahahahaa :D
In a german tournament? Kappa
Ya boys should visit MALOOSHA on her 2nd stream ever :)
serious? live? LUL
yeah hearthstone is life BibleThump
cago may too LUL
CB:RO WutFace
eZ win LUL
no worry is pro strat Kappa
nthing should cast :D
Firteen LUL
nice smoke LUL
i have no idea what the hell happened mid. how did that dude get a double LUL
scripted LUL
2hp LUL
21-15 Divizon Kappa
why does he peek LUL
an auto PogChamp
autosniper PogChamp
remove cache from active duty ResidentSleeper
lmaooo 20 hp Jebaited
bruh LUL
DOTA LUL
no no no no ;p
DOSE WHIFFS LUL
oh wow LUL
@KenwoodTom nah you gotta wait and eat it just as it fragments into smaller bits :D
@99_goat German potato masher best type of grenade :p
kzy mopping up the shredded remains of divizons dignity :D
caster doing good job considering hes solo casting :D
cs:go dead game mayor 1k viewers LUL
@99_goat welp, was hoping we could play together I'm gn1 cos I haven't played in 3 months :p
german cs LUL
germans LUL
The problem is when u play with people that are holding u back and ca`nt improve bc they r legit getting 1 kill every game LUL
1k viewers LUL
look how depressed they are :(
GNM. I suck at CS can’t get back to DMG :(
okay that question was just a joke. never been on gn. first rank was mg2 and now global. sorry for that :D
