type 2 SwiftRage
Hey Vod f words HeyGuys
type 2 if korea got this SwiftRage
7 TriHard
korea got this SwiftRage
tyloo v boot ds -> both already advanced but here it says winner advances FailFish
7 TinyFace
the flag funny guys LUL
if youve seen what bntet looks like youll never actually think he's polish LUL
i have bad cables Now1n. getting some hiccups every now and then :\
cant believe GH beat tyloo but lost to mvp. LUL
start the game without the teams Kappa
- poland + other europeans LUL
MVP > TYLOO LUL
GO KOREA PogChamp
tyloo with flash logo EleGiggle
Yeah VAC for sure LUL
TYL LUL
logo flash LUL
flash vs mvp LUL
@ESL_CSGO TYLOO HAS THE FLASH LOGO IN GAME LUL
flash vs mvp again? Kappa
TY LUL
show ping ResidentSleeper
@nille_tv LUL
use google translate if you dont know chinese characters. FailFish
thank you loo LUL
@skanaet3 NotLikeThis
16:10 FailFish
Ty LUL
ecod LUL
deagle no kevlar LUL
ECOD ECOD LUL
17 Jebaited
TY LUL
mvp just better ResidentSleeper
King Jhon UN LUL
TYLOO? MVP HERE DONT MAKE IT SO OBVIOUS 4Head
TY pick train LUL
TY LUL
GLOWW PogChamp
Tyloo bettors?? 4Head
TY LUL
still lose LUL
tyloo cant clutch anything LUL
TY LUL
MVP nearly fucked that up LUL
TY LUL
TY LUL
TY LUL
TYLOO losing to old players LUL
K-POP Kreygasm
welcome back solo BibleThump
Mo deaf?? LUL
Ez reset TY LUL
@N_Fall salty chinese LUL
best country in Asia is Australia Kappa
aussie LUL
TK LUL
just wish not 3-16 4Head
team kill LUL
TK LUL
team killer LUL
8-2 > 8-7? LUL
GO BnTeT indog pride Kappa
murder drop LUL
wtf LUL
ALT TABBED LUL
another force PogChamp
mo getting rekt LUL
8-7 LUL
trust me ive seen my share of Asian CS you never know what'll happen LUL
T won after they changed taems LUL
XCURATE PogChamp
this mm match LUL
kOREAN CS LUL
What time is virtus premier playing? Keepo
EZ for MVP PK PogChamp
korea cs StoneLightning
@drowzyx i wanna go bath but i want to watch this first LUL
KOREAN CS LUL
worst fake ever works LUL
SAVE LUL
asian scene watching csgo turnaments while naked LUL
asian scene LUL
that post plant LUL
recca can beat mvp pk in this map easily KappaClaus
recca CS LUL
Asian scene OptimizePrime
KEYBOARD BROKEN LUL
tyloo gave up LUL
tyloo throwing FailFish
TYLOO throw this for mvp to qualified LUL
FFFFFFFFFFFFFFFFFFFFFF LUL
Tyloo so bad :(
thrower LUL
china number one trash EleGiggle
Asian CS LUL
FFFFFFFFFFFFFFFFF LUL
@yupanquiracle doesit really matter? SoBayed
mvp karnal LUL
Ty LUL
its their map LUL
is this mvp karnal LUL
Noob salty bettors crying LUL
peeking that same shot LUL
throwloo EleGiggle
ITYLOOPOWER LUL
these chineses carried by indonesians LUL
tyloo lost like 4 1v1 LUL
Dragon lore pick up LUL
ITYLOOPOWER LUL
any indogs here? Kappa
@armory_6, how much LUL
asian spray LUL
fnatic lost to this 2-0 at starladder LUL
throw for skins Kreygasm
fail LUL
WHY STEW NOT IN TYLOO ? PogChamp
One more "XD" and I'm out FailFish
Type 2 now mvp gonna win SwiftRage
xccurate carry his team so HARD LUL
@whitemaltesers just milk and cookies :)
CS made in China SoBayed
You don't copy the name when you copy pasta FailFish
VirtusPremier: You don't copy the name when you copy pasta FailFish
TY LUL
322 Asians LUL
TYLOSE LUL
DD 10-22 LUL
scrolling though grenades LUL
fat people LUL
TY LUL
CZ Meta LUL
CZGO LUL
THROW LUL
1 man rush 5v4 ez LUL
awp LUL
xccurate FailFish
"xxcurate" LUL
typical awp buy instead of droping ak for u'r teammate LUL
15-13 LUL
MVP FailFish
Asian CS LUL
no AWP rip LUL
MVP StoneLightning
14-7 -> 15-13 LUL
14-7 15-13 SoBayed
scripted KappaPride
MVP EleGiggle
hltv is delayed LUL
ITS TIE LUL
MVP LUL
15-15 LUL
SILVER QUALIFIER LUL
China CSGO LUL
Ez bet MVP ????? PogChamp
MVP THROW LUL
asian cs LUL
caster bet on MVP LUL
Asian CSGO LUL
CZ GO LUL
dak dak throw LUL
@calumshields13 4Head
autonoobs, rool out Jebaited
TY LUL
322 cs LUL
Yo1oQ where are you from tho LUL
TY LUL
auto noob LUL
Auto LUL
A U T O LUL
gun KappaPride
Using Guns is allowed? KappaPride
TY LUL
auto noob Kappa
TY LUL
+3,5 saved if it ends in 1st OT LUL
Clap Auto MingLee
CSGO MingLee
Average rank of twitch chat: Silver Elite Master. And they're calling these 2 noobs LUL
TY LUL
Clap KappaPride
solo LUL
What next mvp? Negev? LUL
GG MVP LUL
LOSE BY KPOP LUL
19-15 SwiftRage
TY LUL
@calumshields13 maybe ur the only sem here ;)
what is this game LUL
mo peeking into angle LUL
TY LUL
2 auto PogChamp
double auto PogChamp
19-15 Kappa
AutoN B LUL
@HotNurse69 FailFish
double auto LUL
AUTO RIP TY LUL
DAK DAK DAK DAK PogChamp
AUTO GAMING LUL
double WTF KappaPride
@yasuoadcyasuo LUL
DOUBLE AUTO SETUP LUL
pro match LUL
2nd ot LUL
Using straight guns instead of Guns in 2k18 KappaPride
MVP desperate LUL
new meta PogChamp
TU LUL
TROW LUL
auto gun on pro matches FeelsBadMan LUL
322 cs LUL
TYLOSE LUL
XXCURTE LUL
Godsent used to buy double autos i last rounds LUL
auto sniper 2k18 LUL
Gg ty LUL
gg no T rounds LUL
EZ MVP -3.5 LUL
d k d k SoBayed
18 - 18 incoming LUL
no auto gun no win LUL
rigged TheIlluminati
auto noob LUL
I'm a proud noob too VoHiYo
auto shotgun LUL
esea client in 2018 LUL
Tyloo in 2018?! LUL
throw buy LUL
Caster bet on mvp LUL
shotgun PogChamp
AUTO S G PogChamp
he mains XM with a smoke and two flashes :)
lol he just had to click :D
trolling LUL
GG LUL
Tyloo throw LUL
322 buy LUL
GG LUL
auto shotgun meta LUL
show the scoreboard for once FailFish
thats how oskar killed navi yesterday on nuke shotguns in main xD :D
天祿打法有問題 cmonBruh
CHAT? WutFace
EZ for MVP PogChamp
HERRO CHAT MingLee
Not downloading RAM in 2K18 LUL
@rhoderyan me :)
why not train? explain? DansGame
DDR4 is high price :(
canada part of na LUL
@shuliun tell jasonr that LUL
spam for tyloo TriHard
tyloo to win 2-1 Kappa
7 trade ban LUL
bcuz csgo many n.a game LUL
KPOP CHAT? WutFace
KILL KPOP MingLee
I WILL BOMB KOREAN -DONALD TRUMPH MingLee
we want new counter strike :)
north koreancs PogChamp
noob MVP Kappa
Black shirt guy DAD Body KappaPride
Asia CS LUL
hello nubs LUL
noobs LUL
2k views for a major final WutFace
a lot stronger, LUL
2k views LUL
Ppl arguing who is best Asia team, when there gonna get knocked out at first round Kappa
Nice Read Kappa
WRONG Hole onichan PunOko
ecoking nice name LUL
CZ 4Head
@surbazmeister isnt oni-chan big brother? WutFace
SMOKE LUL
na smoke LUL
Cz is OP LUL
girls eww WutFace
CZGO LUL
broken game LUL
TY LUL
@itopka you can buy it then LUL
TY LUL
CZ is OverPowered LUL
MOE LUL
There hacks must be pretty bad...they never make it to groups LUL
HSK So good Kreygasm
@zombyninjapanda LUL
@drowzyX DansGame
bush from p apps PogChamp
tyloo so bad LUL
who are the casters Kappa
mvp LUL
Ty LUL
MVP win this Kappa
BOTET LUL
ROTATE LUL
TY LUL
AFK LUL
AFK LUL
VAC PogChamp
FROM POGGERS TO LUL
Failed boost LUL
Dota china number 2, CSGO china number LUL
China CS LUL
TY LUL
CZed LUL
CHONG CHING CS LUL
throw time LUL
China Dota number 2, China CS LUL
lacist MingLee
i wish to see SK vs Tyloo, and SK rekt tylo, LUL
that swap LUL
tyloo go to play mobile legend LUL
@JimSullivan c9 LUL
DD LUL
xccurate Kreygasm
@JimSullivan there are mods here to ban all of you ;)
@LPTogehter2015 whats your favorite color? LUL
turn back and get gun LUL
wait im not racist @LPTogehter2015 cmonBruh
Wan Tan 4Head
sum ting wong LUL
DD LUL
Dd LUL
okay its rigged LUL
game 3 for more profit LUL
@lptogehter2015 and dutchies? LUL
DD LUL
M V P LUL
ok then banning me LUL
teamkill LUL
TK LUL
that TK was intentional LUL
4k PogChamp
TF ARE MVP DOING LUL
throwing LUL
wtf LUL
Cool story dude LUL
mvp better at losing LUL
control mid LUL
silver caster LUL
DD LUL
Ninka LUL
CAMBUCK LUL
WTF LUL
TY THROW LUL
AU CASTER LUL
polish CS LUL
CASTER LUL
HAHAHAHAHAHAHH LUL
dat caster LUL
this stream is a joke LUL
FIRED LUL
NA PRODUCTION LUL
c@sters LUL
FIRED LUL
AU LUL
15-15 confirmed SeemsGood
total 442.3 (0) Potential Wining 499.80 (0.00 PogChamp
pay deduction LUL
5/7 Castings LUL
i came here to enjoy the non-tactic asian CS LUL
@itopka go sell on the street ;)
ez from poland :D
CASTER bet on MVP LUL
Casters=MVP fanbois Kappa
CS:GO Dead Game BibleThump
4k viewers major final dead game LUL
3rd map inferno PogChamp
True Kappa
solo PogChamp
@Thebawzz12 so easily baited LUL
KR CSGO PogChamp
JW pregnant check hltv PogChamp
BNTET god! Kreygasm
Aiming MingLee
CZ GO LUL
@yahnzy pokiNice SeemsGood
clown fiesta LUL
CSGO LUL
NA Spray LUL
China Spray LUL
this is mg matchmaking LUL
asian stewie PogChamp
DD = DAM DOG spray LUL
Stewie is American Keepo
MVP WILL CHOKE LUL
lets go mvp <3
solid teams LUL
Ty LUL
dog eater match up LUL
korean dog bbq LUL
FAZE DISBAND LUL
CLOWN FIESTA LUL
@EatHunk baited so hard LUL
Cant even get 1 kill :\
let's not use utility LUL
@0feelsTV this guy gets it LUL
EZ CHOKE FOR MVP LUL
@defkondos thanks to plastic surgery :D
korea fake girls PogChamp
What are they doing? NotLikeThis
Mo too pro PogChamp
Is this even CS? NotLikeThis
BOT LUL
Are you guys not entertained LUL
korean should play lol LUL
tyloo is indonesia :D
UMP god rejects LUL
Asia CS 4Head
polish LUL
silver casters LUL
Why MVP choking so BAD? LUL
BnTeT to VP PogChamp
vac PogChamp
ESL on twitch? LUL
Tyloo LUL
TYLOO!! CHINA NUMBAHONE! VoHiYo
16-4 LUL
ty LUL
Tom Hanks LUL
this rerun is very entertaining Kappa
NO KNIFING, ASIAN TACTICS LUL
-Sadokist +Tom Hanks confirmed check hltv PogChamp
BOTH BOTS LUL
Failed safe LUL
MVP so bad LUL
vac korea cs PogChamp
you mean Ty ? LUL
"PRO" LUL
-FNS +BnTeT ResidentSleeper
MVP IS MORE AGRESIVE THAN TYLOO LUL
-snax + bntet KomodoHype
Bomb LUL
SMG >>>> AK MingLee
MVP ez BTC ponzi xcheme moeny LUL
tylo LUL
@xkiritokunzx it can go 6-16 LUL
MVP arch 4Head
chinese army LUL
trump just nuked syria :(
lul pro Chinese cs is like gold nova 3 eu that’s why Kappa
full rifle still lose MingLee
russia will prob nuke usa now rip :(
wat happen guys i just come in PogChamp
Mobaby LUL
6-9 LUL
BnTeT not chinese PunOko
CZGO KappaClaus
Mvp pushed so agressive every single fucking round FailFish
xxcurate god PogChamp
BEHIND YOU KappaClaus
ct map LUL
Tyloose LUL
POLISH AWP PogChamp
i miss shroud playing csgo BibleThump
mvp ate rotten dog at the lunch :(
xxacurate LUL
CAMBUCK LUL
cz god PogChamp
rifle in 1st match PogChamp
FFFFFFFFFFFFFFFFFFFFFFFFFFFF LUL
1 HP :(
Save USP LUL
CAMBACK IS REAL LUL
@shinomeister he save the armor stupid :D
1 <3
1 HP :(
not with mo deagle KappaRoss
mvp losing another force buy LUL
round LUL
CZGO LUL
CZ BALANCED LUL
CZ :GO LUL
M P PK LUL
MVP 4Head
So fucking bad FailFish
please win handi tyloo BlessRNG
Somebody gonna lose again 4Head
MVP HANDICAP WutFace
Why korean always F WORF. FFFFFFFFFFFFFFFFFF LUL
is this mvp karnal LUL
Google LUL
this highsens korea noobs :D
MAC 10 TriHard
yes sir LUL
나는이 게임을보고 싶지 않다. DansGame
TYLUL IS BACK MingLee
historically mvp never won against tyloo, why are ppl surprised LUL
IS THIS 966 LUL
韩国屌丝谢谢你们 LUL
MVP disband pls LUL
M P LUL
LOSE THEN MVP DISBAND BUT IF WIN MingLee
It's fun being neutral Kappa
@kevineatsleepwork KevinSleepatwork MingLee
mvp makes Tyloo stronger thx but tyloo will take the win 4Head
SOMEBODY UMP LUL
Solo is back PogChamp
roasting dog smell disturbing MVP LUL
mac 10 > m4 Kappa
@lykosss2001 cmonBruh
@Xab_peanut Asian eSports LUL
KR spy LUL
TY LUL
ASIAN CS LUL
pokiLUL cmonBruh
awper LUL
ez korean awper 4Head
TY doing his job 322 LUL
silver chat LUL
MVP LUL
@ErikHD2014 no thx :)
Disband please MVP LUL
BNTETGOD PogChamp
BNTET AIM FROM POLAND PogChamp
Koreans 4Head
Asians can't shoot without lag LUL
BnTet PogChamp
bntet polish god PogChamp
korean team needs baron buffs LUL
CS Korea DOTA korea LUL
Korean LoL Korean CS LuL PogChamp
BM LUL
BM LUL
BM LUL
BM LUL
Korean needs some magical skills and items to win LUL
Nova Kappa
BM-TET LUL
BM LUL
TYLOSE OR TYWIN LUL
DISRESPECT LVL 99999999 LUL
bnten LUL
BNTET LEt';s Go BOYS PogChamp
Fight in OverWatch PunOko
solo LUL
GG EZ LUL
what was that? ?????? LUL
Korean 4Head
korean cs SwiftRage
@thebawzz12 go back to dying from obese OpieOP
Chat calling 'gg' when the game isn't even over, classic Twitch chat Jebaited
Thrower LUL
!? PogChamp
over inc LUL
MVP so blind and deaf FailFish
what now under fanshits LUL
CZ roune? GG Tyloo Kappa
Asian CS > Na CS PogChamp
pool price $250.000 ResidentSleeper
KR VAC PogChamp
TK OMEGA LUL
Worse than my silver games FailFish
TYLUL LUL
Over SoBayed
MVP losing so many forcebuys this map LUL
太 LUL
7 21 LUL
322 handicap LUL
solo LUL
Asia teams LUL
200iq with deagle, still dies to molly LUL
spray LUL
Korea = Entirety of asia FailFish
TYROO LUL
save cz LUL
rip hdc bettors BabyRage
TYROO MingLee
16-12 BlessRNG
MVP Go play some lol LUL
15-19 LUL
almost died in molly LUL
Hltv 15-15 PogChamp
save LUL
chinadog ez bet :D
ez over LUL
tyloo hdc bettors LUL
so scared to push MingLee
flash>m4 SeemsGood
Asia CS ResidentSleeper
now tyloo win the game LUL
Tie-loo :D
i love camping MingLee
Go weebs TehePelo
spray LUL
15-15 is real PogChamp
no time LUL
CLOWN FIESTA LUL
WOAAAH LUL
TYLUL THROW AGAIN 4Head
tie is comming PogChamp
close LUL
OT LUL
BM GONE WRONG LUL
china cs LUL
TYLUL PogChamp
HSK is Back PogChamp
ASIAN CS LUL
block awp LUL
Ez throw LUL
TY LUL
TYLUL MingLee
TY LUL
Asian CS ResidentSleeper
TY TY LUL
19-17 SeemsGood
I don’t know why I was nervous LUL
-NBK + HSK = PogChamp
I was nervous too LUL
JUMP EleGiggle
NA JUMP Kappa
Asian Jumping LUL
Someone wants 19-15 LUL
TYLOO LUL
Tyloo 19 15 dream LUL
ASIAN JUMP LUL
Why do I want tyloo to win this round, even though I don't really care at all LUL
MO FailFish
GG LUL
15-15 is real 4Head
TY LUL
SPAM THIS DOG TO HELP DOGYLOO FrankerZ
cn choke LUL
OT is real LUL
OMG LUL
TY LUL
OT PogChamp
OT OT LUL
Ty LUL
TYL O LUL
TYLUL LUL
nub team LUL
Disband tylul LUL
19-15 incomming LUL
15 9 => 15 - 19 LUL
TYLUL LUL
배팅은 애국배팅이지 SeemsGood
Koreans LUL
TYCHOKE LUL
홍삼킹 사랑해요 <3
15-9 → 15-19 liquid confirmed Kappa
BM gone wrong LUL
TIE/LOSE LUL
angry silver bettors in chat LUL
winner takes dog dinner 4Head
MUSIC PogChamp
MUSIC LUL
scrim LUL
song LUL
entry fragger LUL
MUSIC LUL
Kr DansGame
music PogChamp
TYPICAL CASUAL DJ LUL
New M4 sound Kappa
PLAY NADARANG BY SHANTI DOPE LUL
@Arkepweng hahahaha LUL
BnTeT playing fortnite LUL
HE SAID BUTT LUL
asian fallen PogChamp
new kennyS confirmed Kappa
@tylergoad cmonBruh
7K PEOPLE WATCHING THIS SHIT LUL
@Aenvar_ LUL
BOTH CHOKING LUL
TK EleGiggle
TK LUL
TK LUL
TK LUL
chhoke choke choke LUL
TK LUL
TK 1 HP POGGERS LUL
MVP TK LUL
COMMENDED LUL
TK LUL
TK LUL
TEAM KILLING LUL
TK Kappa
SAVE Kappa
third overtime LUL
1 hp LUL
next level TK LUL
a ResidentSleeper
OT save LUL
SMOKEBODY CRIMINAL LUL
TY LUL
gg LUL
1.6 PogChamp
winner winner dog dinner OhMyDog
region block asia LUL
cz go Kappa
winner winner doggo dinner OhMyDog
19-17 mvp will win SeemsGood
MVP PogChamp
MVP PogChamp
15-10 LUL
TY LUL
that_mumbofan please stop LUL
winner winner doggo dinner OhMyDog
@csminty no LUL
winner winner doggo dinner OhMyDog
7 TriHard
tylo asia cs LUL
no racists here MingLee
winner winner doggo dinner OhMyDog
@wannahbs twitch silvers in the chat PogChamp
any Wakandan ? TriHard
SPAM THIS DOG TO HELP DOGLOO FrankerZ
SPAM THIS DOG TO HELP DOGLOO. FrankerZ
ANNYEONG HASEYOOOO LUL
winner winner doggo dinner OhMyDog
gg LUL
ez throw SeemsGood
dog dinner is comming for MVP PogChamp
SARANGHAEEEE LUL
3 AWPS LUL
Comeback LUL
3 awp t side LUL
TRIPLE AWP LUL
nice LUL
Comeback LUL
winner winner doggo dinner OhMyDog
BnTeT AWP LUL
SPAM THESE DOGS TO HELP THE FOBS FrankerZ
NADES Kreygasm
SPAM THIS DOG TO HELP DOGLOO FrankerZ
BmTeT awp LUL
we should go watch a real esport, like pubg Kappa
Benten LUL
why doesnt mo awp instead LUL
reee FrankerZ
JUMO !!!!! KIYAAAAA ~~~ VoHiYo
SKT CSGO Kappa
MVP WON LUL
Tyloo just following bogdan’s law LUL
winner winner doggo dinner OhMyDog
pushing apt PogChamp
ARE YOU NOT ENTERTAINED????? LUL
Bomb LUL
leave arch LUL
TYLUL EleGiggle
winner winner doggo dinner OhMyDog
太 LUL
TY LUL
GGEZ LUL
TY LUL
EZ FOR MVP LUL
ty LUL
TYLUL BETTORS Kappa
BmTeT LUL
THROWLOO LUL
TYLOSE LUL
winner winner doggo dinner OhMyDog
EZ for MVP PogChamp
WHERE TYLOO BETTORS WENT TO??? LUL
KOREAN IS TAKING OVER Kappa
CRY CHINA CRY LUL
flash gaming LUL
china cs tyloo bettors LUL
@wannahbs I know right LUL
winner winner doggo dinner OhMyDog
mono sound WutFace
FRASH GAMING MingLee
ADS LUL
@kevfat96 pokiNice SeemsGood
FLASH GAMING; quick to lose LUL
tbf Asian pro CS is basically EU MGE LUL
playstation LUL
STEWIE CLOUD 9 LUL
console csgo LUL
sadokist is over party Keepo
Korea ez for mvp <3
winner winner doggo dinner OhMyDog
@aleksi <3
IEM Sydney at 5 AM EU Time PogChamp
People complaining about AU IEM TIMES LUL
@goodjmeister LUL
Ty LUL
EZ for Major attendants Flash Gaming PogChamp
@vapor1 Now there will be 3 dead signings this year (3 asian teams) LUL
@snaxishere u got baited FailFish
Hungry Jacks Kreygasm
Mcdonals and healthier in the same sentence LUL
@fradda cmonBruh
Im rich as f now LUL
Asia in 2018. LUL
Nice Asian casters for Asian qualifiers. LUL
cloud9 banned for throwing check hltv PogChamp
I like the mustache of the guy on the right SeemsGood
They turned it into a card game LUL
Fortnite is already a MOBA. LUL
Sado Kist TriHard
Sado TriHard
Refrezh TriHard
Fortnite killed by new game called Radical Heights HLTV comfirmed PogChamp
Sado Kist TriHard
Sado kist TriHard
Going 100% TriHard
7 TriHard
PUBG, and all the entirety of battle royale, is esports ready, change my mind Jebaited
Attacker PogChamp
Attacker is streaming LUL
CSS2? I've been using CSS3 at my work for years ResidentSleeper
@SaintedPlaceBoy VoHiYo
TOXIC LUL
BM LUL
BM LUL
BM LUL
T BAG LUL
nooo HLTV is advanced NotLikeThis
@fradda LUL
CZGO LUL
??? He took his teammate’s AK LUL
ecoed and ecoed LUL
AFK LUL
ASIAN Production LUL
ECO VS ECO LUL
AU SERVER LUL
People DC and they continue? LUL
NT LUL
internet cafe LUL
2 cheaters at BOOT LUL
B.O.O.T throwing LUL
nice internet LUL
disconnect on 5 ping while flash play with 80 ping LUL
DDOS Kappa
setup the hacks :D
lul sg internet LUL
Whos nuts? Kreygasm
indo internet LUL
Chat moving so fast no one will know im KappaPride
not anymore LUL
@MGPT your secret's safe with me Kappa
tbh you shouldnt be talking in this chat unless you are a VERY skilled player, like Silver 4+ like me Kappa
its gonna be replayed most likely and flash will win the round now LUL
hdc bettors LUL
haHAA LUL
Hacks on? :(
potato gaming house LUL
It's that aussie ping Kappa
@jrawxaguar me too :)
@fradda its everyday bro :D
my school was good at bowling LUL
cancelled indo no power connection LUL
Walking PogChamp
@diisam on ninjas channel :)
oh nice :)
cancelled indo no power connection SoBayed
I havent bowled in 6 months, missed all of my bowling league due to a major back injury @prjime :(
2nd in au LUL
Talk about your lovestory PogChamp
Launch H1Z1 Kappa
tf2 LUL
TF2 PogChamp
Facebook already has your address anyways LUL
Are singaporean ladyboys traps? Kappa
tf2 PogChamp
i stand corrected Kappa
force buy BrokeBack
boot should play pubg LUL
@soaring the New Zealand Twins Kappa
Use your Bankai PogChamp
there goes 322 for flash to win map 1 Kappa
@SaintedPlaceBoy not discount sado anymore TriHard
why did i even bet on ppl who can't afford a good internet connection NotLikeThis
talk about your lovelifef CoolStoryBob
He was just saying that he nags alot. Kappa
Guess sados at 100% now Kappa
PC made in china SeemsGood
plz reset it isnt fair BabyRage
StarCraft Dead Game LUL
@RealCS2000 just made it more clear LUL
Keep talking PunOko
but botconnect is better i think SeemsGood
cheat on flash causing lags on boot LUL
throw by boot LUL
booted out LUL
ill take that bet Bickyman and raise you 1 Z-job. Kappa
so boring FailFish
Shortly DansGame
Nice Logo stream PogChamp
deeelayed matches MUSTE BE ESL LUL
boot having connection issues mau bugattiz :(
re: boot LUL
This would not happen if it was streamed on Facebook Kappa
2018 Immortals > TyLoo > Flash > BOOT > CLG RED > SK LUL
When they wanted to change teams? I remember that LUL
I heard that iBP and Sado were going to form their own CS team Kappa
chinese cs better than chinese doto LUL
I heard richard lewis was coaching as well Kappa
RL to Homesent PogChamp
winner will got a slot in IEM but play on high ping LUL
Sadokist ? cmonBruh
WHO? cmonBruh
Flash swatted Boot Kappa
radocist MingLee
marketing cs tickets LUL
this is just my dad talking actualy :D
Still think 139 is to much LUL
Just betting LUL
Sadokist LUL
If you live in Australia VoteYea
fly me in to australia and ill go PogChamp
Meanwhile im playing because of my skins LUL
Yeah guys 139 to watch ESL delay matches on LAN LUL
going to iem VoteYea
SK SoBayed
c9 big name of cs LUL
Great graphics Kappa
Sadokist won TriHard
boot gotten ddos and gonna lose map 1 LUL
atpBelligerent atpSuspect atpCarl vashBB atpSolid Sadokist hates 4/5 people Kappa
ddos LUL
@marcomusiclivestream Drop the music ! :D
sadokist 7 ? TriHard
Wtf is happening bruh? ResidentSleeper
i need another $100 and ive already bought flights and tickets Kappa
Meeting up with fans KappaPride
boot forfeit LUL
dead game 4Head
Boot is just Booting up... Kappa
Gameplay PogChamp
Shortley wasn't that long PogChamp
Auto Director in 2018 LUL
Rush B LUL
Nyce Score ResidentSleeper
3-16 LUL
I can be an Esports career PogChamp
3-16 LUL
HACKS LUL
200iq LUL
AUS CS:GO LUL
Another pausa ResidentSleeper
Nice server LUL
Talk more about IEM tickets and how they are worth it Kappa
chinese server is daed volvo please block chinese server LUL
will be 3-16 LUL
Any Salman Khan Fan here ResidentSleeper
Spam These Racist To Help Sadokist TriHard
what kinda messedd up person likes salman khan DansGame
@mf16twitch now you're on the right track Kappa
just cancel LUL
FLASH LUL
im only watching the match though here Kappa
QUE OTA LUL
attacker attacked PogChamp
2 shot Kappa
2 rounds in a row without a 15 minute pause PogChamp
Take me GivePLZ
Freaking ATTACKER Kunkka Kappa
IDLI meduvada <3
attacker so dumb FailFish
That spray PogChamp
@kndY55 Yeah it happens in football as well when they play online servers Kappa
3-5 PogChamp
chinese scene all b LUL
Wtf LUL
вака VoHiYo
ESL LUL
lag LUL
flash afk LUL
another BOT LUL
my ears WutFace
wtf WutFace
1 hp LUL
boot LUL
3 vs 5 rushing LUL
SAVE Gaming LUL
I just got here, who is fishy? PogChamp
you answered your own question @shemloh LUL
lag 3-1> pause > eco > 3-3 > 4-7 LUL
let save LUL
he knew LUL
VAC LUL
Dude he just hits every single headshot and aims at the head always. LUL
doreamon LUL
HAX LUL
Shit is so obvious. LUL
Benkai My Sensai VoHiYo
bfitsNOPE bfitsHYPE :)
@Jumboairpuddle Yeah how did you know? Kappa
MOM! BOOT IS CHEATING BabyRage
bootds cheat never banned can't even beat tier 1 team Kappa
he knew LUL
not looking other side only enemy side LUL
i was wrong again damn it LUL
@fourtoo007 LUL
SPACE SOLDIERS <3
better aim = cheats LUL
hack, throw, mafia FailFish
caster LUL
INHUMAN REACTIONS LUL
4v2 LUL
dead game LUL
@Doox62 Kappa
attacker dead = flash lose round LUL
VAC LUL
bootds hack but flash not hack Kappa
molly LUL
ASIA MOLLY LUL
CN Molly WutFace
ching ching molly 4Head
eco third round LUL
6k viewers major final LUL
sg tactics LUL
major final LUL
@banzaisamurai it is not a major neither a final FailFish
POKEMON GAME LUL
nice try 7k viewers major final LUL
impressive caliber LUL
'The caliber of these players are really good ' #RIPSilverCaster 4Head
Its a major final LUL
@space_orphan_ you have no idea LUL
impressive caliber LUL
@banzaisamurai READ THE TOP RIGHT CORNER IDIOOOOT FailFish
spray LUL
wh LUL
VAC LUL
p250 through smoke WutFace
VAC LUL
1.6 LUL
7 viewers major final? LUL
VACNET? LUL
vac auman aim lock Kappa
vac LUL
dead game LUL
p250 from a to b short EleGiggle
hello chat / TriHard
'The caliber of these players are really good ' #RIPSilverCaster 4Head
10-16 LUL
@zenryt major final LUL
@Am2InchesLong Yeah welcome to SEA 4Head
they bet under LUL
why peek like that FailFish
16-11 WutFace
Flash known for match fixing 4Head
goodbye arcanas bye under bettors LUL
16-11 Kappa
vac molly Kappa
@MisterMonopoli CoolStoryBob
Flash known for match fixing idiots 4Head
not on facebook :o
ump LUL
the UMP47 Kappa
best qwp china LUL
lmao lost to ump with awp on long range LUL
2 AWP still lose LUL
2 AWPs? relax! i got a ump Kappa
stewie plays LUL
VAC LUL
BM SPRAY LUL
Flusha Kappa
Flash bet under Told u ching chings only good at match fixing not their skill 4Head
NA FLASH Kappa
LMAOOO LUL
VAC LUL
Couldnt be more obvious LUL
Dirty hackers LUL
@art_vs_depression aimware Kappa
bobo flash LUL
@abalanquit 16 14 SoBayed
Vac Dreamscape Kappa
rip over bettors LUL
Ez Katka FLUSHAAAA Flushaaaaaa EZ HACKA Kappa
will be 16-11 Kappa
BOOT WON PJSalt
GG Kappa
kids losing bets saying VAC LUL
tommy ded = lose round Kappa
he knew again LUL
GG vac LUL
@abalanquit 16 14 SoBayed
under bettor? SoBayed
bomb drop LUL
0 team coordination LUL
ez under LUL
over bettors? over bettors? SoBayed
EZ Ez Katka Flusha Style LUL
Perfect timing as always LUL
cant even win with cheats LUL
over bettor?? SoBayed
sadokist TriHard
Chinese players are making 2015 Flusha proud. BibleThump
FLUSHA SoBayed
bott WutFace
The mono sound ads are back WutFace
8k viewers major final LUL
boot win EleGiggle
over bettors? SoBayed
@seeker3g where talking about flash SoBayed
2-0 ez bot WutFace
@abalanquit SoBayed
children that are losing bets claiming VAC EleGiggle
Mexican CS scene when? Kappa
West African CS scene when? KappaRoss
@Theemooooo well maybe u're silver but not idiot :(
Newdz LUL
VAC LUL
s1mple transfer Nao Tem Como check hltv KappaPride
"Watching sum VODS" EZ e.Z Katka LUL
Summit? You mean that spot on Train Kappa
Baby ANcor Kappa
Wakanda Foreva TriHard
3 viewers PogChamp
down to 27 LUL
321 Kappa
Juan two phree Kappa
China CS BrokeBack
Asian Cs LUL
flash is just bad LUL
Top 10 anime battles MingLee
Flash team sticker so pretty good Kappa
@avendoreldera SoBayed
Fat players=CHEATER Kappa
Red Laminate Kreygasm
Fancy NotLikeThis
@avendoreldera @the_notorious_hawk the caster reaction must be hilarious tho Kappa
@Vertex174 @kedynata SeemsGood
EU LUL
ASIA LUL
@prithvipv HeyGuys
gonna watch it now @avendoreldera will be gold LUL
China CS BrokeBack
just shoot there heads 4Head
spray and pray no aim noobs LUL
spray LUL
cheer100 cheer100 I Stream CSGO Too <3
Donating bits to ESL LUL
@bubble_gum_laser_beam I dont like ESEA, it's harder to cheat there :(
WTF LUL
CN CS LUL
ASIA CS LUL
chi NA LUL
1 for 1 LUL
bomb carrier alone LUL
V C LUL
Sado BibleThump
Sado is hiding to get enought power to go 100% TriHard
@avendoreldera rws is bad for cs :)
Dan M LUL
flash bettors saying VAC LUL
major final EleGiggle
HVH LUL
number 1 producer of idiots LUL
@Chatubaxd MingLee
@avendoreldera dude it is hilarious LUL
no utility LUL
@avendoreldera even the casters are having fun seeing vac ban LUL
impression LUL
@avendoreldera they are even laugh at it LUL
@aserad9 <3
no flash or anything LUL
CS MingLee
@avendoreldera would be hilarious if seeing people vac ban live on major LUL
this plays like FACEIT LUL
2v4 LUL
@rorchact kids logic bro LUL
2v1 LUL
Obvious throw LUL
ASIA CS LUL
Pros dont fake Kappa
2v4 into 2v1 LUL
rush b china LUL
Tommy = Budget Fer LUL
completely misses all bullets LUL
That's Disgusting. LUL
@steamy_golem LUL
so bad LUL
# TriHard
LAST ROUND LUL
Attacker vs ALL LUL
reaction LUL
nah this literally is a gold nova 3 match LUL
Asian CS so bad LUL
w1mt3r is over LUL
3v5 LUL
w1nt3r is coming LUL
4vs2 LUL
DAN M LUL
69 Kappa
@little_kebby is thst a copypasta I see? Kappa
dan m LUL
gg 6-16 LUL
Shit gaming LUL
CSGO LuL MingLee
16-10 LUL
Fnatic Losing LUL
garbage ass team LUL
lmao csgo community is AIDS <3
@glihhh cmonBruh
SPAM THIS DEPRESSION TO HELP IMPRESSION BibleThump
why buy zeus tho WutFace
SPAM THIS DEPRESSION TO HELP IMPRESSION BibleThump
big mac LUL
SPAM THIS DEPRESSION TO HELP IMPRESSION BibleThump
SPAM THIS DEPRESSION TO HELP IMPRESSION BibleThump
SPAM THIS DEPRESSION TO HELP IMPRESSION BibleThump
why BibleThump
BOTS VS CHEATERS LUL
SPAM THIS DEPRESSION TO HELP IMPRESSION BibleThump
SPAM THIS DEPRESSION TO HELP IMPRESSION BibleThump
SPAM THIS DEPRESSION TO HELP IMPRESSION BibleThump
SPAM THIS DEPRESSION TO HELP IMPRESSION BibleThump
THIS IS NOT A DEPRESSION BibleThump
SPAM SOME CASH TO HELP OUT FLASH TwitchRPG
SPAM THIS TO HELP ATTACKER SPAM THIS TO HELP ATTACKER SPAM THIS TO HELP ATTACKER Jebaited
Kazakh PogChamp
VACcine LUL
EU LUL
Whose the PUG Kappa
SPAM THIS DEPRESSION TO HELP IMPRESSION BibleThump
spam this creeper to help w1nt3r SSSsss
gg flash wtf FailFish
SPAM THIS DEPRESSION TO HELP IMPRESSION BibleThump
Flash Lameing LUL
Gaming FailFish
15-15 LUL
mega throw LUL
why is GG banned in chat?? LUL
Flash Gaming got the Boot :D
BOOTS 5 PING VS FLASH 80 PING PogChamp
flash LUL
BOOT BrokeBack
Flash need a reBOOT LUL
shrimp on the barbie LUL
the_dalai_drama: Flash need a reBOOT LUL
don't copy the nick LUL
dead channel LUL
dead game LUL
