@pro_gamerz_yt cmonBruh
924 views for a major final WutFace
It started PogChamp
its a live rerun :p
"one tap god" Ak on Skull nice spray :D
AU CS LUL
legshot and tag the guy behind. I think that was harder than killing one :D
@Clivefrog had to point them out BibleThump
tf LUL
when money doesnt matter there is literally no point to get p90 :p
R.I.P. CSGO :D
haha i used to use the auto shotty, no worries :p
depends on your ranks :D
@oneballmann Kappa
i feel you bb <3
Skullhunter Gun Show LUL
dissonantdreams with auto sniper? thats cute OpieOP
AMD LUL
this music LUL
i see the toxic side of csgo has come out Kappa
i em a ghost of cs, you'll never know :p
LEDs Kreygasm
lmao im using the default iBuyPower mouse that came with the PC atm Kappa
no ads to take the piss out of BabyRage
g703 is on tha way though :p
Lag BibleThump
консп PurpleStar
@ RalpherZ
CZ-GO BOIS 4Head
conspiracy? TheIlluminati
nice one Kappa
kstar=keemstar LUL
Don't need either if you're still in Silver Kappa
not hax, its just aimware Kappa
or if you play better games Kappa
im not even silver i dont play skin simulator 2018 LUL
i just wait for fortnite restart Kappa
turn your ping up from 5 Kappa
tier 90 game LUL
CoD player WutFace
@Smites thanks, was that for something specifically? (mostly so i know not to do that again) dont think i was rude.. but thanks :)
that was just silver play LUL
catalina wine mixer PogChamp
auto director DansGame
full flashed headshot LUL
@realistul LUL
wubwubwub Kappa
Seen the new HyperX mouse and keyboard? Kreygasm
Yeah if only they worked as well a Logitech Kappa
THE KEYBOARD IS 170$ Kreygasm
can you guys send me a keyboard Kreygasm
snyper ResidentSleeper
16 Kreygasm
oce SeemsGood
snyper is the best caster Jebaited
@jooordyn TehePelo
who do vox eminor change out EleGiggle
OMG FailFish
1800 viewers dead game LUL
CS RIP PogChamp
Cringy casters LUL
retakes by himself LUL
like i dont have 32$ on corvidae Kappa
выкинь авик че как не пацан то KappaPride
we got russians ayy Kappa
cgcs322 LUL
@DEvine0Knight BrokeBack
au cs LUL
9-16 LUL
sk LUL
9-6 KappaPride
AU CS SoBayed
people always missing the 's Kappa
nah cmonBruh
360° PogChamp
9-10 LUL
hoping LUL
fast 4Head
SUKA BLEEEEET PogChamp
mid00rs LUL
P90 IS TOP GUN EVER PogChamp
11-10 LUL
nbk LUL
ct holding hands KappaPride
@tnt_times_official CoD5 Kappa
@tnt_times_official more like Hungry Hungry Hippos Kappa
COD LUL
COD LUL
1 LUL
atleast i'm making money from this match 4Head
good Kappa
I need some help with spray control tonight Kappa
15-11 LUL
Why they didnt show iyen :)
15-11 hahahaa LUL
@fradda melbounre :(
@Deathkeepers1707 rip, i'm flying down from brisbane like i did last time :)
@SkullzTV come on, don't be ridiculous. They are at least Gold Nova 2 Kappa
i thought andy was "yona" FailFish
rbz ace PogChamp
16:12 Kappa
16-13 LUL
допы PogChamp
FUUUUUUUUUCK 4Head
AU CSGO FailFish
BOT LUL
Bots LUL
16"14 OmegaLul PogChamp
oops Kappa
AU CHOKE LUL
^ Kappa
corvidae PurpleStar
MunchingKitten cmonBruh
vertime ResidentSleeper
new Guardian PogChamp
Faze<Mouz<Clown9<Navi<Corvidae PogChamp
push into molitov LUL
not checking angles LUL
mind your language mate DansGame
oh weird stayed for me LUL
when u think u gonna get a trade but die in the molotov instead LUL
WTF LUL
o shiet PogChamp
scar KappaPride
VACATION SeemsGood
AUTO NOOB LUL
this really is a silver game FailFish
Scar - AutoWin 4Head
19-17 SeemsGood
OMG AU CS GO LUL
AU CS PogChamp
@CaBlazze a4>a1 SeemsGood
jajaja kangaroo CS 4Head
snyper disappointed in AU CS LUL
not end yet they must be 19 LUL
*Dark Sided does something* Caster: " Oh... you cant just do that... thats not how you do it" Kappa
18-17 BlessRNG
We're watching pros? LUL
1v1 and info SeemsGood
19-17 confirmed SeemsGood
19-16? LUL
@Deathkeepers1707 Gold Nova 4 Veteran here LUL
typical AU CS LUL
silver > all LUL
i dont even play this game LUL
"I make better decisions" LUL
Casters gonna rage quit LUL
i lost my rank LUL
It's Australian CS, they play CS all day and get paid by Centrelink LUL
stop talking ResidentSleeper
Ok Chat, who here thinks they could 1v5 Corvidae? Kappa
@SereneMassacre LUL
DEAD GAME LUL
AU CS MAJOR LUL
@nichtboba LUL
guys its obvious that apsny is trolling LUL
3k viewers on major final LUL
k dead game. final major with 3k views 4Head
3k viewers in major final BibleThump
its not a major idiets 4Head
3v5 LUL
hyped caster LUL
11 year old slayer LUL
Why dont they just watch the livestream on a second monitor to see what the other team is doing Kappa
@Smites u dont play runescape then :(
when they say solid steel frame... is 'solid necessary" Kappa
Piglet LUL
was that faker? Kappa
ryzen LUL
"Rush B " LUL
@bharatmaakijai patriotism taken to twitch Kappa
1-1 KappaPride
2-1 KappaPride
2-3 KappaPride
what sided? cmonBruh
Darksided <3
shield for corvidae PurpleStar
it 'saus and nz :o
this looks like a silver rank game LUL
4 AKs and an awp LUL
shut up iain FailFish
these guys LUL
AU CS LUL
why are these casters so cringy :(
7 DatSheffy
4 DEFUSE KITS LUL
KEV KappaPride
NA MOLLY, NA EVERYTHING LUL
is this Silver LUL
this game LUL
someone must feel idiot Kappa
gg NA CS LUL
illeterate LUL
anyone know the score? :)
