kjaerbye in 2017 LUL
785 people are wasting their time LUL
@pupsnova Ohaiyo LUL
@earthcqke true LUL
@earthcqke you are a god PogChamp
Hi Dana Lee I love you <3
565 viewers on major final CSGO DEAD LUL
scream LUL
now Taco is playing on Team Liquid :(
why reruns has breaks? LUL
pls no LUL
a double u p NotLikeThis
@zbossman42 I missed that one :(
oh >(
just watch LUL
Hello! ;)
wow :D
i'm not great at jokes sorry Kappa
you can follow me on twitch :D
Re-run from a year ago in the group stage and still more viewers than M0e LUL
For proof this half ends 5-10 Gambit :)
this noscope was sick :D
@itstomlive1 LUL
reruns PogChamp
conspiracy theory PogChamp
