4am in Germany ;)
@karathcs I appreciate you <3
When does OpTic play? Kappa
UK v AU PogChamp
@despantel SeemsGood
@jbg0625 <3
ez LUL
AKs now :D
bot chief LUL
rip aim LUL
ecoed LUL
hazz PogChamp
ap0c PogChamp
comeback PogChamp
AU CSGO <3
comeback LUL
cs:go :D
Au cs LUL
AU LUL
hey, hey hey, make me mod, its ony my blood and my name Kappa
@das2621 LUL
@NaKi_the_Mod sure, ill forward it Kappa
only reacts PogChamp
masfives? LUL
@phiian + SeemsGood
tec 2k18 LUL
NO AIM NO BRAIN MUST BE ORDER MAIN Kappa
silver awper LUL
@ManicMunday now it's a real party :D
@hybrid2000 WutFace
@exemplifi LUL
GOT EM COACH! PogChamp
@Chazzlepls LUL
NO AIM NO BRAIN MUST BE ORDER MAIN Kappa
Australians arguing about their CS teams when they get grouped at just any event imagineable. LUL
you guys... are not funny at all Kappa
that noob blinded himself LUL
less upsetti more spaghetti pastaThat
WELCOME TO THE JUNGLE WE'VE GOT TUCKS AND AP0C MingLee
@Say_NO_to_Weebs You're username has me in tears LUL
WELCOME TO THE JUNGLE WE'VE GOT TUCKS AND AP0C MingLEe MingLee
WELCOME TO THE JUNGLE WE'VE GOT TUCKS AND AP0C MingLee
WELCOME TO THE JUNGLE WE'VE GOT TUCKS AND AP0C MingLee
au cs <3
less upsetti more spaghetti pastaThat
order bettor CHAT PLS?? LUL
изи кэфчег Keepo
NO AIM NO BRAIN ORDER MAIN Kappa
NO AIM NO BRAIN ORDER MAIN Kappa
NO AIM NO BRAIN MUST BE ORDER MAIN Kappa
NO AIM NO BRAIN ORDER MAIN Kappa
NO AIM NO BRAIN ORDER MAIN Kappa
NO AIM NO BRAIN MUST BE ORDER MAIN Kappa
NO AIM NO BRAIN ORDER MAIN Kappa
Why is in there? it is not false Kappa
NO AIM NO BRAIN ORDER MAIN Kappa
@hans_ol standing for truth as well Kappa
sperrstund is :D
ap0c PogChamp
cant stop the p0c PogChamp
NO AIM NO BRAIN ORDER MAIN Kappa
even though its hltv confirmed hes saying otherwise LUL
end it chiefs SwiftRage
LIVE PogChamp
NO AIM NO BRAIN ORDER MAIN Kappa
NO AIM NO BRAIN MUST BE ORDER MAIN Kappa
NO AIM NO BRAIN MUST BE ORDER MAIN Kappa
@cmonBruh12345 bet you he is a sponser LUL
SPAM THIS TO HELP ORDER PrimeMe
SPAM THIS TO HELP ORDER PrimeMe
@Exemplifi it says live :(
SPAM THIS TO HELP ORDER PrimeMe
chief BlessRNG
SPAM THIS TO HELP ORDER PrimeMe
NO AIM NO BRAIN MUST BE ORDER MAIN Kappa
SPAM THIS TO HELP ORDER PrimeMe
NO AIM NO BRAIN MUST BE ORDER MAIN.. Kappa
NO AIM NO BRAIN MUST BE ORDER MAIN Kappa
SPAM THIS TO HELP ORDER PrimeMe
NO AIM NO BRAIN MUST BE ORDER MAIN Kappa
SPAM THIS TO HELP ORDER PrimeMe
chiefs won TriHard
REST IN PEACE ORDER BibleThump
@tuok HeyGuys
CS G LUL
Facebook is watching Kappa
@Yachihoko LUL
!sr Australian CsGo LUL
SPAM THESE TICKS TO HELP FLICKZ TwitchVotes
@Exemplifi LUL
SPAM THESE TICKS TO HELP FLICKZ TwitchVotes
SPAM THESE TICKS TO HELP FLICKZ TwitchVotes
SPAM THESE TICKS TO HELP FLICKZ TwitchVotes
2-1 order pls BlessRNG
@skezz_1922 PogChamp
They're playing to qualify for OpTic @Shards_awp Kappa
ahh @ezza_plays many thanks, @Exemplifi LUL
Train Kreygasm
music BibleThump
i love Tokio Hotel :(
au Cs LUL
Seen people with parkinsons shake less LUL
Lul @Yachihoko LUL
NO AIM NO BRAIN 4 HEAD MUST BE ORDER MAIN 4Head
@elloitsmee PogChamp
cant stop the poc <3
civilized argument in twitch chat DansGame
@Exemplifi for a AU qualifier ( im from NZ) stream quality is real crisp on source, just surprising haha ;)
@involca f u Kappa
@elloitsmee Oh see, that makes sense. I'm from the US, so everything here is awesome. Especially the president Kappa
i life from Russia and love Trump Kappa
@elloitsmee that doesnt forgive the joshog sub m8 Kappa
@hambovegas gifted 4Head
God ap0c Kreygasm
@elloitsmee works every time LUL
VERY CONFUSED! LUL
@hambovegas i have lmfao why are you so sore LUL
TK LUL
TIER 5000000 TEAMS LUL
au cs LUL
having the name raulzera LUL
@sethxtor DansGame
force after force NotLikeThis
its probably auto director Keepo
AUSTRIA CS LUL
@raulzera1914 That's so cool! Hey, while I have a Brazilian here, you should know something. Neymar is the most overrated player in 10 years Kappa
@elloitsmee order better BibleThump
@KorasonS2 HIGH KEY FACTS! LUL
@elloitsmee hey look everybody im a big stupid butt head and i bet on order Kappa
you drinking toxic milk would explain a lot @elloitsmee Kappa
AU CS LUL
@choccymilk15 csgo betting in april 2018 LUL
NA SC LUL
@hambovegas rude DansGame
AUSTRIA FAKE COUNTRY LUL
coming into him KappaPride
@Exemplifi I'd never miss a man coming into another man LUL
share sum chippers? DoritosChip
@exemplifi fck.. i just lost my 1000€ which i bet on HR BibleThump
@fradda tainted minds yes :D
@numky CoolCat
chiefs doing a bit of charity work and giving the silvers a few rounds Kappa
Chiefs playing with their food Jebaited
chiefs doing a bit of charity work and giving the silvers a few rounds Kappa
@phiian ? :(
Chiefs playing with their food Jebaited
One might say that this is a little bit out of ORDER Kappa
@fradda you <3
denied DansGame
On the phone with tucks RIGHT NOW and he just told me that ORDER SUCK SMOrc
order making me angry PunOko
thats a goal, nice score hatz on the awp FBtouchdown
lyaz LUL
hazygod shut up HotPokket
i heard that tucks tucks in his teamates and kisses their gn 4Head
srth WTRuck
chuck ThunBeast
when does wallybR play ResidentSleeper
chiefs BlessRNG
rip prowess TwitchUnity
aight @Exemplifi :D
@sm4rfieee This is true, but it does say live in the title Kappa
order NotLikeThis
get a load of this guy ^ LUL
jim PogChamp
stay mad au lems LUL
@choccymilk15 LUL
you guys should stick to surfing and leave csgo to the pros LUL
are they playing on African servers? 300ms reaction time LUL
Excuse me waiter! Can i please ORDER some talent for the ct's Kappa
ME ORC ME SPAM NO MOD NO BAN SMOrc
ME ORC ME SPAM NO MOD NO BAN SMOrc
IEM POINT PogChamp
choke time :D
IT'S OVER BOIS MrDestructoid
WINNERS PogChamp
Those sleep deprived eyes Kappa
@dayV1Dlive PogChamp
THERE IS NO BRAKES ON THE TUCKS DE_TRAIN Kappa
bro next games not for an hour :(
Grayhound, please, take pistol round! BlessRNG
2v4 LUL
when they stop choking LUL
Trident should have won 4Head
legacy LUL
maybe if I'll peek, nobody will see and kill me LUL
dickstacy BCWarrior
Dicking stacy Kappa
i bet 6 rubls for Legacy KappaPride
They really don't play at events most times sadly but at WESG they had an entire woman's cs bracket @mmmaiamm_akademon :(
Yeah left grayhound for team that lost to legacy LUL
did legacy really take down TM? LUL
TM LOST TO THIS? NotLikeThis
@smolboyjuju yeah... Sadto think either will miss out :\
TM LOST TO THIS? NotLikeThis
@zclanc hahaha and he usually get mad or just dont give af bout the donos. cant wait to join his channel :D
AU AIM LUL
make money > have more than 3k viewers LUL
Legacy LUL
IS GRAYHOUND>LEGACY>TM LUL
More like NoLegacy LUL
grayhound has 94.7% winrate on mirage when they played 19 times LUL
People still play this game? BrokeBack
@SheratanArietis YES BrokeBack
Game is dead BrokeBack
Comebacl PogChamp
2.6k viewers and no chat BrokeBack
2,6k viewers and no chat BrokeBack
@pambuul history for noob LUL
доллар идёт вверх, всё равно трачу рубль KevinTurtle
Silver drop LUL
@sterl1ngcs love you bro wrecked me in a retake so you must be good! <3
i life in Russia, pls help me american brothers BibleThump
only thing that is wrong is the logos Kappa
i dead in Russia thx brothers :(
@Insubau to put emphases on a dying game Kappa
Putin kill kids in Kemerevo :(
камбек CoolStoryBob
you don't need a comeback if you haven't been losing Kappa
12-7 TF IS HAPPENING LUL
life in Russia hard :(
is it because you're "russian" (rushing) all about? LUL
Legacy BlessRNG
pls USA shengen visa BlessRNG
HOUND LUL
@vancao61999 Hello SeemsGood
i suicide :(
hound LUL
no :(
Get gun SeemsGood
VAC SeemsGood
LEGACY LUL
Rip hdc LUL
VAC VAC VAC LUL
aussie cs LUL
Legashit LUL
Comrback PogChamp
этот чат захватили русские Kappa
yes i undastand Kappa
if legacy wins this LUL
Kitty you old? Kappa
Kitty you need Russia boyfriends LUL
i smortsman KevinTurtle
14-16 LUL
Ez comeback SeemsGood
music BibleThump
11-1 to 14-12 LUL
Aussie tier 1 teams Kappa
RIP -1.5 BETTORS LUL
Lonsdale = nazi? Kappa
1G LUL
legacy won KappaRoss
wonnored rate Kappa
SCORE? LUL
SCORE FINAL? NotLikeThis
мы захватили чат Kappa
Поднять болты за русских SMOrc
322 игра отменяйте ставки BloodTrail
татары есть SMOrc
I bet my home at grayhound BCWarrior
Legacy 322 BloodTrail
yes :(
А то я только ставку поставил Kappa
this is a rerun Kappa
@mopilog могу позволить Kappa
@progin_tv из моега чур KappaPride
Ct map? LUL
Balance map Keepo
LEGACY PICK MIRAGE LUL
erkast LUL
Knife PogChamp
@mopilog к австралийцам обращайся LUL
Nuke and Train = CT map Keepo
7-0 ggbet LUL
8-0 ggbet LUL
6-1 pornbet PogChamp
Malta PogChamp
611 PogChamp
dickstacy! Kappa
BRAZ71L PogChamp
BRA71L PogChamp
my girlfriend BCWarrior
BRA71L LUL
8-1 1xbet PogChamp
didnt pick up the AK NotLikeThis
LUL^ LUL
is soju drinking soju or what? Kappa
14-1 BlessRNG
song BibleThump
Music LUL
music BabyRage
10-1 1xbet LUL
12-1 1xbet PogChamp
timeout music 10/10 PogChamp
stat weapon switch LUL
BRA71L never forget BibleThump
Pick map then lose LUL
that molly LUL
11-16 PogChamp
noob esl gaming DansGame
12-3 PogChamp
12-3 = 16-12 again? FrankerZ
music BibleThump
damn LUL
these headshots Kreygasm
3-14 CoolCat
Idi Nahuy PogChamp
Save LUL
legacy bunch of silvers Kappa
legacy is horrible LUL
16-3 1xbet LUL
16-3 1xbet gg WP LUL
15-15 PogChamp
15-15? PogChamp
What a match up! :D
help I don't know what's happening BibleThump
