nice esl womans :)
FEMALE CS LUL
females PogChamp
emulheet <3
Cant wait to see juliano Kappa
czgo 4Head
women WutFace
wemen WutFace
That’s not the right bracket you lying bot DansGame
Wamen ResidentSleeper
we bully the bullies cuz that isnt a contradiction at all. DansGame
@TheJoseMourinh0 omg grrrYay PogChamp
SAZ <3
JORDYN <3
GRILLS ? PogChamp
GRILLS TOURNAMENT? PogChamp
lollies section LUL
Kings? HotPokket
CLARA PogChamp
they can say guys DansGame
016148658855 call me if u need a bully hunter :)
NOOT NOOT PogChamp
kev with the new haircut Kreygasm
WOMEN CS PogChamp
seeing girls irl is already worth it :)
Full focus fast win Kappa
If you dont support NOOT NOOT, your doing something wrong Kappa
Women CsGo Kappa
for just being a coles supporter PogChamp
WinkyFace 4Head
women PogChamp
AU female cs can only be better than AU male cs 4Head
START THE GAME BabyRage
QUI QUI PogChamp
@niiq my english is good for dutch peeps ;)
PEACHY NOOT NOOT PogChamp
women csgo LUL
women csgo dead game 4Head
NOOT NOOT PogChamp
connie GivePLZ
is women CS still a thing? LUL
sawina GivePLZ
GGX 7 TriHard
lineup: NotLikeThis
WOMEN CS LUL
@pomotv women csgo is like na men cs LUL
sarina sub @freelifecartel PogChamp
a pleasure TehePelo
drive yourself inside TehePelo
BETTING ON WOMEN CS LUL
Is this where the high quality CS is Kappa
LET ME 1V5 THESE GIRLS EZ LUL
more sarina subs PogChamp
female cs?? LUL
lag WutFace
good lags :)
Smooth CS Kappa
female fps WutFace
nice slide show LUL
whitegurlwasted LUL
These girls I'm sure are 10x better at CS than anyone talking shit about them LUL
PRODUCTION LUL
fixed PogChamp
idk these girls no one from them in FEPL :(
@ImVegeta Clap TriHard
LETS GO PEACHY LETS GO TehePelo
no deagle Jebaited
CLARA?? 4Head
GGX 7 TriHard
DEvine0Knight no classic tournaments are for everyone who qualify for it exclusive tournaments has only Female scene :)
Clap TriHard
NA AIM LUL
CCC = Cool Curls Community Kappa
Checking corners 4Head
Clara LUL
what girl cmonBruh
Clara back on Inferno boiss LUL
white girl wasted LUL
GO GO WHITE GIRL WASTED SwiftRage
FE CS LUL
SKINS BUT NO SKILL WOMEN CS LUL
wwe need more face cam Jebaited
chu say chat HotPokket
@ninghu because they don't like to admit that these woman are better than them LUL
7 TriHard
Any linkin park fan here? Kappa
Is there a TriHard
@JamieAU Feels like we're watching Nova's aye, whats an economy Kappa
Master guardian match LUL
stfu @leahvibes <3
Peeking when reloading LUL
Caralina the savior Kappa
whitegurl playing cs? LUL
lul YouDontSay
@TarynTragedyyxo Clap HotPokket
@TarynTragedyyxo Clap HotPokket
FEMALES CELERY LUL
Clap HotPokket
@TarynTragedyyxo SMASHED'EM BALLS SIS Clap HotPokket
LETS GO NOOT NOOT LETS GO PogChamp
NOOT NOOT PogChamp
@leahvibes do you like watching silver 2's play? <3
Nice peek LUL
lul molly YouDontSay
QUEEN SILVER MOVEMENT LUL
@leahvibes where was my hello ? BibleThump
Molly LUL
No One on A Site LUL
@sazwaz HeyGuys
That M4 name "<3 D" LUL
@Jsmai HeyGuys
CCC MORE LIKE FAT FAT FAT LUL
@Roflcopt3rs CHU SAY HotPokket
@RaizySC2 HeyGuys
MISA PowerUpL
@Valianceee HeyGuys
@leahvibes you said hi I follow back Prolly doesn't mean much but there you go FeelsGoodMan :)
Clap HotPokket
Message to long Clap HotPokket
I was watching on FB LUL
@Valianceee HeyGuys
oh god WutFace
Wow so many girls in here, never seen any of twitch lol LUL
@TarynTragedyyxo HeyGuys
@konii91 HeyGuys
NOOT NOOT PogChamp
PEACHY PEACHY PogChamp
HAHA FAT BUNNY CANT RUN FAST ENOUGH LUL
NOOT NOOT PogChamp
Go sawina <3
@peachyy HeyGuys
MAN-DA PogChamp
go fusion gaming :D
peachyy omg real peachyy PogChamp
@peachyy @thaoiiees hello are you guys going to be playing? :D
ITS HARD TO CARRY FAT PEOPLE LUL
@peachyy now we just need linhdtt, jsmai & thao in here and its a VTSY comeback Kappa
Any asian lady csgo players in this game LUL
childish chat great SeemsGood
manda is actually cheating LUL
@wildragetv this is why you will be single until you decide to change your mind set lol LUL
peace is for weaklings LUL
hi @Martiniboy CorgiDerp
White Knights DansGame
Never thought id watch mm live Kappa
team vs pug :(
omg that score PogChamp
saving is for cowards SwiftRage
peachyy deffo stealing it PogChamp
Hm SeemsGood
I didn't realize you were such a fan @ninghu ;)
@peachyy got super high expectations from thos paint skills Kappa
t side are trash LUL
@JamieAU mfw im jamie ResidentSleeper
@Cent lol suck up LUL
@JamieAU mfw im jamie ResidentSleeper
@JamieAU mfw im jamie ResidentSleeper
@JamieAU mfw im jamie ResidentSleeper
Didn't I ban you from Soda's chat last night? @0golden0 cmonBruh
@cowiiiie Kappa
@Cent oh fair enough, you have fun multitasking then haha :)
@Cent whos soda? LUL
@Tmas81 white knight 4Head
nice spray LUL
@r3load3d84 helllooo :D
Wait wtf I played with whitegurlwasted before... LUL
@rayne_ath hiya :)
@JamieAU mfw im jamie ResidentSleeper
@taryntragedyyxo you said sorry and the joke went over her head LUL
@fluffyfloofer tomorrow :)
fat marshmellows cant play cs LUL
@freelifecartel Shows you how young they are. I'm going to go watch a show my fiancé once this is over LUL
4 of the CT’s bought head armor into aks and an awp... Kappa
bunny looks like fat tire mascot LUL
@JamieAU mfw im jamie ResidentSleeper
Comeback israel Kappa
@Tmas81 what is with your positivity disgusting LUL
no sry delivery pls @konii91 :(
fusion's logo is pretty good SeemsGood
@Jsmai LUL
nat PogChamp
MISA PowerUpL
natiiii Kappa
COMEBACK ISRAEL ANELE
mate there aint even a csgo scene in the UK LUL
whitegurlwasted LUL
Kevin stop hitting me I am friend Not terrorist scum SwiftRage
7 TriHard
7 TriHard
sarina and eco frags name more iconic duo Kappa
Reoser and no frags Kappa
NOOT NOOT PogChamp
BRING BACK VTSY TehePelo
CRISP CLEAN LOCK LUL
women flick PogChamp
dead gurl walking LUL
WHAT DOES VAC MATTER IF YOU BUY ANOTHER ACCOUNT Kappa
GGX subs cmonBruh
@DwegCSGO <3
god bunny PogChamp
@DwegCSGO i'll remember this :(
Okay chat calm down cmonBruh
CCC ez LUL
MOD LUL
I give my blessing of Nutt on you <3
girls playing csgo <3
@leahvibes Who are streamers, just trying to help you out ;)
@Smites i really enjoy this clown fiesta 👌 :)
@leahvibes Twitter banned, next twitch banned OMEGALUL jk . I still want you to win <3
DONT YOU DAARE DAB AT IEM SwiftRage
@leahvibes @taryntragedyyxo Stop fighting! PunOko
NAT Kreygasm
you'd need to have nuts first @Hazygod Kappa
why dont the girls have facecams? fake gamergirls Kappa
@Calnus01 Kappa
i thought so @Hazygod Kappa
do you think the guy gets recognized in grocery srores? Kappa
@clivefrog VoteYea
Australian CS and womens CS rolled into 1 LUL
why show this game instead of other games BibleThump
AU CS LuL WEMEN CS AU WEMEN CS forsenOMEGA LUL
having CSGO in your name LUL
literally trying to create conversations, get banned for 10 minutes LUL
@leahvibes Stop being nice LUL
Chat cmonBruh
misa ResidentSleeper
Misa :(
Misa is choking LUL
LF any nice girl gamers to play with :)
So many verified people in chat NotLikeThis
oi guys, is natarsha 18? cos if not then i need to unfollow her on insta LUL
bot sarina LUL
NOOT NOOT PogChamp
give up whole map to commit to b rush LUL
all the white knights LUL
women WutFace
EU > ANZ > NA LUL
Chat StrawBeary
no definitely not u ;)
leah LUL
@axel8888 https://i.imgur.com/aZfLtsN.png If you keep being an Idiot I'll see you in two weeks CoolStoryBob
men casters LUL
@hazygod okay sarinaAw LUL
commentator mansplaining Kappa
Fusion CT holds on point Kappa
Get them boys! KomodoHype
NOOT NOOT PogChamp
hey @primnix why arent u playing Kappa
Told ya CCC would make a comeback PogChamp
@raebaes :(
@boomer gotta expect the glock rush Kappa
TeamTWD TeamFearTWD New emotes WutFace
ct's are thowing LUL
natarsha the type of person to have a selfie on her steam LUL
Fusion hard choke LUL
@leahvibes LUL
12-3 to 13-16 LUL
KEVIN THAT BETTER NOT BE MY SHIRT SwiftRage
CC logo LUL
Noot noot DoritosChip
comic sans LUL
Girls CS PogChamp
hiii ash :D
Hey Cookeh <3
2 mins PogChamp
Girls? WutFace
I am not gonna ban the players cmonBruh
I like to think they are MrDestructoid
Athletico PogChamp
I feel so lost on AU scene, dont even know the males players NotLikeThis
youre welcome Kappa
NOOT NOOT <3
is he dissing her outfit HotPokket
Athletico de Madrid PogChamp
Slow Mode? DansGame
void is at hopes house ResidentSleeper
why is there a womans league, what holds back a girl from playing with men LUL
@leahvibes what did you do to get banned on Twitter? PogChamp
@camogeko upset a keemstar follower :(
These shots ResidentSleeper
Automod can't even say Sxual DansGame
@potassiummm think he is just perma rushing B with P90. Nothing to learn Kappa
you didn't offend me, i just don't agree with all of your points :)
Flufflaren PogChamp
Raise your / if you are on a pro team Kappa
She is doing it PogChamp
I identify as smite, gimme mod Kappa
@Primnix i think u ate awsome :)
school LUL
HI @Miss_Rage :D
@rayne_ath hello love <3
@openhaus hello!!! How are you :D
why does no one read the title LUL
Just go out one by one LUL
just so you know telling a girl she has a big bootie is not a compliment LUL
banging off head Kappa
Art3mis from ready player one PogChamp
@NicoleThePeach hellooo!!! <3
@rayne_ath hi bb!! <3
@NicoleThePeach how are you?? :D
Wemen cs Jebaited
I’m sorry :(
@NicoleThePeach doing good! Hope we can play some games and catch up maybe bully shots haha :D
@iyen = ANELE
1-15 BibleThump
take it to OT Kappa
disgusting, umpty dumpty? more like DUMB-ty LUL
GG <3
@Miss_Rage <3
ZOE PogChamp
hello love @konii91 <3
@RaizySC2 :(
wtf is a gaming chair these days LUL
@Armory_6 Goodluck armory you can do it Keep going! :)
@jasmyn I did its just uncomfy :(
GRILL CS LUL
@coolgenyo just hope no blond ones LUL
song Kreygasm
coke BrokeBack
7 TriHard
@Smites didn't miss much don't worry Kappa
@GuniAUS SeemsGood
Found it *** :)
we you prim, next year haha <3
Women’s WutFace
420 Keepo
mods pls Kappa
@Smites my whisper aren't updating so I can't read your new message :(
fucking nerd Kappa
@repo cmonBruh
so many mods weakness LUL
best idea to host a female tournament at the same time as dreamhack marseille Kappa
i only solo queue cuz of no friends :(
Never solo que cmonBruh
"pro" Kappa
tbh i'd rather solo queue than queue with my friends at times, they're too heavy to carry :(
solo que is only bad if your trash LUL
Women CS LUL
nice laggs :D
@yungzarbon16 u r a god LUL
dont lie smites LUL
shotguns NotLikeThis
Gril TriHard
only 1 k viewers ded game, oh wait its women Kappa
Noot noot LUL
best team name Kappa
no bonus round LUL
HOT GRILLS Kreygasm
@camogeko dropped 3k on another machine last year B)
hot Kappa
HAWT WAHMEN FOR ME :)
@miss_invictus :o
no ak saved LUL
Got 45 up B)
PEACHY PogChamp
LOOK AT DESOLUTE SPACE NAME TAG, IT SAYS D**K LUL
@Telegraphyy that was pretty good LUL
female cs LUL
@Smites LUL
oh that rly sucks, i thought it would be 18 or something but obv not cuz cara playing :(
If your under the age of 13 tos decides you get banned??? LUL
I'm double the age of Primnix LUL
Primm I'm not old get out of here DansGame
Womens Kreygasm
^nerd LUL
When I was born internet didn't exist :D
@timmytaylor where can i see Keepo
years old ? miss_invictus PogChamp
As a guy I feel sorry for fellas under 6ft they have it pretty rough LUL
6ft or under = manlet LUL
haha lol <3
I with you my brothers <3
Is height really that important? cmonBruh
When mobile fails your own emote SeemsGood
Height is now more important than personality LUL
tracking LUL
@Cent guess what LUL
just got muted for 600 seconds KappaPride
@Johnn_iv this is pro play don't question it Kappa
@SL1_ female pro, not pro LUL
@Johnn_iv ;)
literally Kappa
FEMALE CS ResidentSleeper
I can respect this sarina player SeemsGood
BM LUL
ive know sarina for like 6 years back in cs source LUL
rage quits? Kappa
TK LUL
pingu best shit ever SeemsGood
Pingu comes up in every stream lately LUL
Pingu is such a great penguin show :)
@Cent you haven't responded to me today am I not been toxic enough??? :(
@klitanuz LUL
Thats not enough BibleThump
@nanssss ccc are gonna lose what are you talking about LUL
@nanssss your not gonna defend them?? :(
tedescBleach tedescBleach BlessRNG
Why scared?? Kappa
@T1mMyKiNs Kappa
sarinaPOGGERS PogChamp
Womens CS LUL
nice boost 4Head
shame on who ever did it and shame on there cattle SwiftRage
OG sarina and bunny carrying LUL
I can do that anyone who bms can be a president imo SeemsGood
Excuse me chat I'll be going now gotta find a reason to live my miserable life Kappa
Female cs LUL
@T1mMyKiNs LUL
if I become transgender can I compete in female cs? EleGiggle
@FifthAid thinking PogChamp
@masVIC92 VoteYea
CLARA DansGame
KONI PogChamp
CLARA DansGame
just hide 4Head
CLARA CLARA CLARA DansGame
rip ccc DansGame
Hello everyone HeyGuys
CLARA CLARA CLARA CLARA DansGame
gg ladies :D
SHOW US GRILL FACE CAMPS Kreygasm
are we there yet? Kappa
woop woop PogChamp
@caralinaaa PipeHype
next frame plz :)
btec stream LUL
ALDI stream LUL
CLARA CLARA CLARA DansGame
when people bag female CS but their better than the plebs that bag em LUL
hi xayooRenka2 TriHard
i think 95% of this chat has seen a total of one real woman in their life. FailFish
@hojercs as a french im proud of my englando level thanks anyway LUL
female cs? LUL
@Cooros they would all be better than you LUL
imagine laughing at female CS when all these girls are better than you at the game LUL
women cs LUL
pro femal LUL
Women cs LUL
"better than you " 20iq chat LUL
JD ? SMOrc
Everyone too scared to link their ESEA and prove they're better LUL
Bagging people that are better than you LUL
1k viewer female cs LUL
ey yo caster dude... stop say "he" god damnit ResidentSleeper
go girls :)
@Cooros how many viewers you have? LUL
@cemx_tv same tarynBooty PogChamp
@Cooros 47 viewers LUL
female awper LUL
@fancey feminist in 2k18 LUL
? TriHard
when guys who bag out girls wonder why their alone LUL
did someone say safe space HotPokket
chu say cmonBruh
female mid control LUL
xayooRenka2 TriHard
wide peek white box with rifle LUL
any weebs in chat VoHiYo
@megadethadam LUL
Weebs DansGame
DISGUST DansGame
GACHI DansGame
we weebs VoHiYo
baldsuo cmonBruh
female brain LUL
RIP Billy BibleThump
LIRIK cmonBruh
TK LUL
team damage LUL
and now tk NotLikeThis
tk in pro cs LUL
LADS? HotPokket
mfw when I see someone disrespecting women DansGame
@LittleChico yes TPFufun
of course HotPokket
thanks <3
top tier LUL
we want the DEAG eileen LUL
girl cs PogChamp
@starlightxx1 ikr typical twitch chat NotLikeThis
yeah :D
silver lan LUL
even they better than me PogChamp
im gonna call a bullyhunter on this one HotPokket
@Cazadorz my dog is more funny than you LUL
Everything this channel streams is dollar store cs LUL
@JustSaltyDan yep :D
ninja raid NinjaGrumpy
7 NinjaGrumpy
What’s the prizepool guys? 5 pc. Nail polish? :)
TeamFearTWD t_ WutFace
guys please..I’m trying :(
@rebelrob73 Kappa
this "they are better than you" argument is stupid. They get paid, they should be atleast be better than some random twitch viewer LUL
nice work wemen HotPokket
@bigggameplays what is grill ? DansGame
You are telling me being female doesn't matter to what mistakes you make? Who would have thought that LUL
sarina Kreygasm
im global but it means nuttin :(
hello :)
@konii91 congrats! I don't know what for, but congrats :)
@elcazadorriley thanks my team qualified for IEM Sydney LAN :D
im silver 2 and their better than me PogChamp
Someone's gender doesn't determine if someone's good or bad at something NotLikeThis
@TarynTragedyyxo you're saying that to twitch chat :)
@CaveHorrorrs thanks PogChamp
@TarynTragedyyxo Apparently it does for the socially inept NotLikeThis
female play better than males LUL
@inoobyy that I played a sport and got exercise? LUL
@POiNtLEsSEFF0RT :D
ATHWIN PogChamp
Karath <3
Female cs LUL
when even the casters need to make excuses for them not being able to hit shots LUL
Female CS why does there have to be a female league when there's no physical aspect to esports LUL
Twitch chat in charge of deciding how anything should be LUL
the guys who bag female CS are the same ones that harass them in game LUL
noot noot?... Great name LUL
Are any of these women also IRL streamers LUL
Male casters LUL
male commentators?! HotPokket
I like how there are only men arguing and girls just give up on chat LUL
hey i am looking for a gf :(
I wish people would pay more attention to the match and not the fact Women are playing FailFish
@Dubsys not a good example when 1G is a meme LUL
MODs are finally here Kreygasm
@Cent can i spend you in a shop? Kappa
@insin_ cmonBruh
osrs PogChamp
moonmoon subs WutFace
@everz1 rs PogChamp
I only respect women with a higher RWS with me Kappa
@buhtterstick LUL
so all Kappa
skiddler dude is hilarious LUL
By the end of this stream, I think half of the chat is going to be timed out LUL
@Cent cmonBruh
lag WutFace
Female Counter Strike? PogChamp
inoobyy LUL
fakelag hack PogChamp
women's fps BrokeBack
CONSOLE CS PogChamp
microsoft powerpoint Keepo
women 75% of fps LUL
bad fps :(
fixed :D
when everyone comments about FPS when its bad each couple of first rounds LUL
sound WutFace
dreamhack morons LUL
i like turkey and cheese on my samdwiches SMOrc
Female CS:GO Kappa
commentators so bored LUL
@Beach_Boy_ DansGame
please continue the book talk CoolStoryBob
ah nice :)
because australian internet Kappa
@TarynTragedyyxo oh hey taryn, great stream earlier :D
@Cent what LUL
@spook_xd Kappa
@konii91 oh yea that true :(
Atleast the rounds are pretty fast SeemsGood
FEMALE CS LUL
how tf can you not see the score tho? LUL
@MrMaffen its not at all in the middle of the screen KappaPride
@Cent More screenshots :)
natasha Kreygasm
dosia sticker PogChamp
Women WutFace
women cs WutFace
thought women are equal to men Kappa
clik heds 4Head
@Cent People can be so rude PJSalt
If they respected women, they wouldn’t need to make a special tournament for them Kappa
deag PogChamp
@hellter777 personally I don't really care LUL
7 TriHard
@HeroGut it's ok, someone else cares for sure ;)
"Brookeback" LUL
NA CS 4Head
@rewencsgo HeyGuys
hi sia :)
@bearp0p point for that comment ;)
@toksenkk i'm MG2 LUL
we men? LUL
@toksenkk im nova 2 LUL
@konii91 Used to be olmost LE NotLikeThis
Clara Kappa
Are they sponsored by coles? LUL
@TarynTragedyyxo yeah back in the day, i was global on a laptop LUL
@fulaomran cpu was a duo core LUL
@diinkynz troll LUL
she told me to spam WHITEGURLWASTED carps LULsmh CorgiDerp
bless you :D
Women Football LUL
dont talk about gender SMOrc
@littlebigboned is watching BigBrother
@Primnix welcome back PogChamp
@littlebigboned LOL, what a spring chicken you are then :D
Clap :)
@rayne_ath hiya :)
WH D: Kappa
@segshane because of feelings - but you can always identify as female and go nuts ;)
It will be quiet here soon SeemsGood
hello girls :)
stream sniping Kappa
GG PogChamp
sccc PogChamp
OmegaLul SnickersHype
chu say? HotPokket
interesting game Keepo
