COBBLESTONE :/ :/ :/ :(
shroud haha CoolCat
Eco with M4 and AWP. LUL
pr0, clean commentating by Sadokist, as always. KappaPride
Calyx in saçlara bakın anlarsınız zaten :)
@itachii016 no problem :)
tech9s in 2017? :D
morning is best time to csgo :D
im gonna be fuckin late to university :D
60FPS source, but 30fps stream NotLikeThis
almost died to bomb LUL
chat is dead.... R.I.P. :(
jasonrClap TehePelo
next mach is faze vs I dont know the team name :D
no Kappa
SOUND QUALITY LUL
lol 290 viewers in a major final csgo is dead LUL
idk man???? :)
önemli değil birbirimizi yanlış anlamışız sadece. :D
gaurdian BibleThump
fns is good tho Kappa
Thanks for the facts Kappa
2017 C9 EleGiggle
stewie2k LUL
@veeeezik hard to jump thru smokes on this map EleGiggle
shroud has comeback to professional csgo level <3
tec9 in 2k18 LUL
c9 fans in 2k18 LUL
Shroud BibleThump
SK STUFF IN 2K18 LUL
the only NA hopeful teams we have is C9 which was a complete fluke for them, Liquid, which isnt even an NA team and Renegades, which LUL
IEM sydney <3
008 PogChamp
shroud :(
thanks ;)
Avicii R.I.P :(
Semmler BibleThump
Shroud :(
thanks ;)
people who dont read titles FailFish
RUSH <3
SK <3
2017 , when someone used tec-9 :D
they have too much respect for coldzera , just push him same time :D
i miss old OpTic :(
just checking if anyones alive here SeemsGood
came in right at that iconic moment LUL
IM LIVE COME ALONE < 3 <3
IM LIVE COME ALONE < 3 <3
Why u cmonBruh
ye and shroud is back :D
c9 <3
u still know what happened? :D
shirtless nothing Kappa
FaZe <3
nice play Nikoo <3
Hi :D
the chickens LUL
fanatic couldnt hack it BibleThump
no chance for c9 sk is too good BibleThump
amm no navi is second best :D
Na adblock Kappa
so many ads :(
shroud <3
shroud BibleThump
How age is this :D
they won a major LUL
north win its rerun OptimizePrime
2017 match LUL
astralis vs team envy live on fb on ESL LUL
