7 TriHard
me :D
IEM SDYNEY LIVE FAZE 388 weivers WTF :(
ded game :)
the broadcast ist black... why :D
lumpalumpa lookin ass Kappa
i'll be at work for that tournament :(
Lul major 200 ded gejm NinjaGrumpy
TBT when SK was good :(
@Elesu4 DansGame
what mesa ? cmonBruh
cy er KAPOW
hahahah i austria in australia <3
@clingy1 this is the old faze so probably LUL
nuke WutFace
FaZe fan LUL
even CS can die ;)
tec-9 LUL
hi bro 4Head
i love cs : go <3
iem syned Live PogChamp
fallen <3
Janko PogChamp
FAVELA LUL
SPAM THE BLAZE TO HELP FAZE MorphinTime
laeLUL panicBasket
2017 and rerun in the title ResidentSleeper
Olofmeister :(
FAZE <3
Spam this face to help Faze Kappa
Spam this face to help Faze Kappa
350 VIEWERS IN MAJOR DEAD GAME LUL
Chat is dead :D
Woooooooooo cloud 9 :D
