rip shroud :)
Hello! :D
shroud BibleThump
Jordan BibleThump
HAHAHAHA LOL OMG LOL HAHAHA LUL
yanko LUL
2017 CS LUL
They can't read Alpha... :D
RERUN ResidentSleeper
why not working?? Kappa
Throwing9 Kappa
wtf why not working Kappa
shroud BibleThump
5 HP LUL
fnx PogChamp
CS:GO Major, 400 viewers LUL
@bunforce still number 3 in the world m8 ;)
cs in 2018 LUL
csgo 2017 in 2018 LUL
Rerun u fool LUL
rain hair LUL
any other cs than 1.6 LUL
funny 1.6 Hair LUL
anything besides roblox LUL
BR CS PogChamp
Black Squad Better Than CSGO some people said LUL
avengers in 2018 LUL
Sup bois HeyGuys
throwing flashes without using them silver play LUL
but did it make you win the game HSWP
Chappers_Ten_Ten plugged the spoiler like a champ there :)
we all know what make u win games, skins = skill LUL
its all love label <3
i agree LUL
Clap LUL
Clap TriHard
Clap LUL
THIS ISN'T FAZE SMOrc
Is it live ? Kappa
It's a very old game my dude :)
670 viewer on major final csgo dead gaem LUL
RERUN is a sponsor Kappa
karrigan <3
richie :D
and pork ;)
700 views grand final dead game LUL
I guess guardian is going back to navi :)
then why isnt he playing? :(
idk :D
it was cobble LUL
I hope Faze is going to win :)
especially for allu he would be the first norwegian player to win a major :)
norwegian LUL
what are you talking about Finn is karrigan bro.. Finn "karrigan" Andersen :D
KIOSHIMA PogChamp
very nice :)
i love olofmeister & niko :)
GG KappaPride
its 2018.. LUL
karrigan LUL
Faze up LUL
Australias beating Eu LUL
@Keleutian HAHAHAH :D
niko trash in big games LUL
I C U TheIlluminati
@p0weradeb0ng LUL
IS THIS LIVE??? BrokeBack
Tarik on CLG Top #1. It's live Kappa
clg shit LUL
Stanislaw in optic LUL
thats a little expensive BibleThump
rerunning something from 2016 CoolStoryBob
old times BibleThump
2016 old times LUL
300 viewers during a major final LUL
semmler <3
damn taz TearGlove
2016? PogChamp
vp is back PogChamp
2016 Harambe lives PogChamp
Hello MO,Jerry here 4Head. Don't make it so obvious 4Head
ESL One Cologne 2016 LIVE PogChamp
SHIT MOUZ 4Head
game isnt dead at all LUL
Blood? LUL
Autosnipe pasha LUL
INSTAGRAMM : Davido777 :D
production PogChamp
anyone know how to install shaders on minecraft? Kappa
Dead game SeemsGood
390 VIEWERS IN MAJOR DEAD GAME LUL
good ol times Kappa
VP BibleThump
VP VP :(
virtus pro in 2016 BibleThump
the cool guys who take a sip when the camera is on them are great LUL
flipsid3 didn't land a single shot FailFish
taco PogChamp
