fnx BibleThump
Hey everyone! I am currently giving away a bunch of knives on my channel! Come check it out and enter! :D
follow my twitch channel pls :D
follow my twitch channel pls :D
hacker :D
TL in 2k16 LUL
won what pistol round? SeemsGood
MM aserio :(
drop me? :)
is banned? TriHard
good old VP BibleThump
old VP BibleThump
awwhoo :D
to stick it up his butt? Kappa
drops in 2k18 LUL
no tempo do taquinho era assim BibleThump
i haven't seen that who was it about? :o
hiko in liquid :(
legend moment PogChamp
no Kappa
BOI GOWKratos
fnx Kreygasm
live PogChamp
Best player in the world 2016 -Coldzera Kreygasm
Thorin Kappa
@zanics then good for you :)
@azorahaibrww LUL
TaCold BibleThump
now its with stewie i miss the old C9 that won the major :p
would have been great to see :(
hm :(
oh no ! :D
too soon :(
virtus plough LUL
whomst've wanteth to die? :)
Wtf was that LUL
Skadoodle PogChamp
Chanting on your team when it's a rerun, that's kinda awkward LUL
Still your chanting will not have any impact, hence the title stating it's a rerun LUL
So following your logic, we shouldn't chant at all Kappa
Ez FaZe? DendiFace
for sending ur father :D
like me :D
please cmonBruh
okey :D
wtf was that :o
