0 viewers glitch Kappa
⁭ ⠀ ⠀ ⠀ ⠀ ⠀:triangular_flag_on_post: ⁭ ⠀ ⠀ ⠀ ⠀ ⠀:triangular_flag_on_post: TriHard
⁭ ⠀ ⠀ ⠀ ⠀ ⠀ TriHard
ESPORTS CAREER Kappa
Dont spoil it :(
praying to his ancestors 4Head
DROPS? DROPS? DROPS? 4Head
8K VIEWERS LuL DED GAME LUL
BRA71L BlessRNG
He stole that play from reddit :o
ESL LUL
welcome to commercial esports LUL
tier3 sub me for this sexi emotes: teamigRage teamigPride teamigMemes Kappa
hi maksugaming HeyGuys
potatos left and right DansGame
7k viewer Major Dead game LUL
Its live LUL
im excited to see my favorite team, SK, play :)
📞 HELLO SK? 📞 FAZE CLAN HERE 📞 CAN WE HAVE THE WINDOW SEATS? 📞 . 4Head
SK LUL
what is this, some t5 event? Kappa
didn't realise 4Head
CRINGE DansGame
Rerun is live PogChamp
Drinking from shoe DansGame
Clap ANELE
CSGO IN 2018 ResidentSleeper
Boot? more like BOT DS Kappa
that nothing emote looks like Ali-A LUL
@purpieyoshi LUL
australien time sucks :D
LIVE PogChamp
any hommies? TriHard
KR vs AU Kappa
16-0 confirmed LUL
imam nedir aga ya :D
its hard to explain LUL
1g LUL
he might be a top player if he does not use a wireless mouse LUL
What's a wired mouse? LUL
Rerun is a sponsor? LUL
WHO'S FLYING DOWN TO SYDNEY JUST TO SEE RENEGADES & EX-VOX ON STAGE PogChamp
solo PogChamp
probably not MingLee
China numbah one PogChamp
acne MingLee
SK LUL
REKT LUL
thx @Jake__from_state___farm NICE FNATIC WINS <3
the save spot LUL
@cts_warped thx for the G ;)
MM LUL
@Infuriatious Or just play one match a month to keep the global :p
i play with so many people of different skill, my rank will always be shit :D
Fak need to take back my subs on faceit then... :(
nice intro LUL
nice break LUL
SK Kappa
oh he said banana PogChamp
cuz of ads LUL
othertimes zonezs LUL
all the CST times are wrong on the website :(
u trying to talk to a rerun ? XD LUL
Live Kappa
Live? 4Head
Go Astralis BlessRNG
@adu01 Yup LUL
Double Xyp PogChamp
Sk is out faze aswell.. Kappa
if people call a report on a smurf theyre sensitive Kappa
@LittleScampi LUL
4k viewers DEAD GAME LUL
welcome to twitch LUL
don't feed the trolls guys LUL
Device LUL
NOT A 1G BabyRage
VAC BAN to all of them, they are incredibly awesome :D
D E V I C E FUNgineer
falling for dead memes LUL
kenny in 2018 LUL
This isn't youtube you can't do replays? Twitch is for LIVE streams 4Head
@sniftycs Jebaited
sk BibleThump
📞 HELLO SK? 📞 CLOUD9 HERE 📞 YOU CAN KEEP SEWAGE2K 📞 4Head
its live see at the top right corner Kappa
@kevkeva LUL
its live rerun Kappa
@why_i_subbed no its live Kappa
watever CoolCat
logically now stfu y'll Kappa
what do you mean rerun? this is live Kappa
xd <3
Stream is live, but they are not playin right now ( they already played) :)
whos gonna win the next map LUL
SK LUL
@its_nuj yeah Kappa
@adu01 lol great explanation :D
this chat is full of sarcasm Kappa
in chat pls TriHard
Hey guys, is this live? BrokeBack
yes Kreygasm
live again PogChamp
yes it is live, sponsored by RERUN Kappa
Ads ResidentSleeper
OJ Borg PogChamp
henryG LUL
VP LUL
it's a rerun guys ResidentSleeper
Sk is que new Vp LUL
Sk is the new Vp LUL
@SOSzOne PogChamp
I cant wait for dust 2 PogChamp
Astralis is so strong PogChamp
Coldzera confirmed in Faze PogChamp
no BibleThump
check Hltv PogChamp
fallen confirmed in nip PogChamp
4k on a rerun? DansGame
its live rerun :(
commercial breaks in reruns WutFace
Sk LUL
Commercials in reruns LUL
Sk gaming LUL
Ad for the tournament going on right now Kappa
the sweat Kreygasm
portugese is just spainish slang OpieOP
@adu01 its funny that you can win a bet on a game played 10 hrs ago. :)
oskar got a kill PogChamp
a sports @Loth1c ? LUL
you mocking my 2nd language abilities? try to ask me in a complete sentence. cmonBruh
S1mple in sk PogChamp
sure Kappa
why let the trolls troll you ? :D
yeah LUL
angery SwiftRage
no chiefs is PogChamp
Nexus is the best team in the world LUL
300 IQ PogChamp
losing pistole to 3th world team LUL
it is LUL
3k viewers on major finals dead game LUL
@Narwall101 indeed Jebaited
Rerun is a very well known gaming company and sponsor these tournaments chat FailFish
when you answer questions but are still a douche FeelsBadMan LUL
sk trash with stewie LUL
i think Astralis win easy win this tournament...,.again LUL
its not cheating without boxes Jebaited
liazz hack :D
@hellter777 i need to agree with you LUL
cloud 9 LUL
is this live? LUL
of course it is live, RERUN is a sponsor LUL
Stifflers mom Kreygasm
comp CSGO in 2k18 WutFace
comp csgo in 2k19 Kappa
comp csgo in 2k30 PogChamp
@mellowmike420 mazaWOW Kappa
we didnt buy enough glove crates theyve abandoned us :(
c9 WutFace
CZ:GO now LUL
don't worry, soon you'll be able to read about olof's wrist injury on twitter (wait.. he isn't some french) BrokeBack
i cant wait to see stewie and his new team go far into this tourny :)
@donod my english is so bad :D
where is ScreaM ? Kappa
@zsoldosistvan its cool ;)
7 TriHard
NOOBamatic LUL
C9 without stew EleGiggle
Is Sydney here yet? BrokeBack
@brennaniamcool LUL
3k viewers for a Major? LUL
OMG LUL
damn that round LUL
Holy shit C9 looks like a tier 10 team this tournament LUL
AUS PogChamp
Thats an NA DansGame
You know I'd rather take silencer off m4a1s then use the a4 KappaRoss
C9 looks so bad LUL
C9 v tyloo LUL
Combat arms is a better csgo Kappa
they're still trying to find cohesion after the addition of F N LUL
wtf is he doing just running towards B main when they clearly had checker control LUL
The Mediterranean Sea ocean KappaRoss
c9 PogChamp
gj c9 you just lost first map like silver 1 :D
16-7 c9 loses to who? LUL
Yep thats the one side of an aussie tournament; jetlag fucks the rest of the players up LUL
owl LUL
they havent even moved LUL
they got to hit that DM server innit LUL
yeah but that major was a fluke win right? Kappa
NA throw LUL
@Burnieofc it is annoying with the times, but that's what every tourney is like for aussie fans. So it's nice to give them this once a year :)
Worst thing ever is when I solo q on wingman n go against people who r on a esports team n they do strats n shit :(
@MagicMushrooom winner 4Head
i got 3 account in challenger euw and beat perkz few times in lane woppse wrong game 4Head
Kayesh DansGame
they're legit gold novas now LUL
This is like a battle of shit lords LUL
@k3tie LUL
Stewie2 Kappa
shrood BibleThump
calling a top level player "trash" WutFace
at least it's 1am starting and not 4am, where i'm sleeping BrokeBack
you can be global but u wont earn money with it :D
did no one else just hear that?!??!?! DansGame
AU CS PogChamp
@Vertex174 elite chickens are best :D
RERUN IS THE SPONSOR THIS IS LIVE SwiftRage
KnifeAce quality troll honestly Kappa
it was 18k when live Kappa
Lol troll or delusional? :D
3k people live major dead game LUL
RERUN IS THE SPONSOR LUL
SICO LUL
3k people watching live major dead game LUL
@nikolarius lol dead game LUL
UK>EU Jebaited
When you see a trap in fortnite Jebaited
@johnfossil LUL
this game ResidentSleeper
inferno :o
Clash of clans DansGame
I'm just trolling screw fortnite LUL
imagine thinking a BR can make a tier 1 esport LUL
TSM using streamers as adverts LUL
"play faster with the network for gamers" netneutrality? anyone? 4Head
cz LUL
I don't get how people get off from trying to get people to tell them its not live LUL
i got school in 6 hours ResidentSleeper
Don’t worry if you didn’t watch Infinity ant man and wasp comes out soon LUL
deadpool <3
Jumping ak hs :D
wanna see an old dude being miserable at something that he clearly has no hopes of learning??? DrDisrespect is playing Fortnite LUL
any doc subs? LUL
SK LUL
'Nana DansGame
NANER WutFace
banana id presume LUL
NAF SeriousSloth
because we all get fucked over by timezones LUL
same LUL
@Aqishima Get that OWL shit outta here Kappa
+ some people have work believe it or not LUL
O W L LUL
@t9kenr6 A life? what's that Kappa
@jelmervtweel idk a game I think Kappa
rev run sponsored this but they scuffed the title name NotLikeThis
wtf are these calls LUL
Oh nana LUL
@hk725 SK won Kappa
Aussie's getting upset that Aussie team wins LUL
All g @hyperthread_ <3
Anyone play fortnite? Don’t me LUL
Casting LUL
clown9 LUL
You guys are really funny. I appreciate you guys making my day even better :)
someone is mean in chat wahh BabyRage
I really don't care :)
@mizuxe_wow no need to cry :D
someone is mean in chat wahh BabyRage
not me LUL
CLOWN 9 LUL
someone is mean in chat wahh BabyRage
ORDER WON Keepo
The salt is real with this one. It's okay though :)
KONFIG GOD BibleThump
someone is mean in chat wahh BabyRage
KONFIG GOD GOD BibleThump
NA CHAT LUL
KONFIG THE BEST PLAYER BibleThump
KONFIG > DEVICE BibleThump
someone is mean in chat wahh BabyRage
"faguet" pushes LUL
I feel special I've never been tagged this many times :0 :)
RERUN 3000 VIEWERS DEAD GAME LUL
@ohhamm @thenoahtv OK :)
@mizuxe_wow Congrats buddy, looks like you atleast felt special once in your life :)
riotgames is gonna hit a billion total views soon thatll be a cool milestone :)
@rata322 KappaPride
Thanks guys means a lot :)
@titiwa_ / KappaPride
@boom02time / Keepo
@rata322 GOWKratos
@titiwa_ Keepo
someone is mean in chat wahh BabyRage
TIME DansGame
Kratos Emote GOWKratos
This game was hype af live. Pleasure to watch CoolCat
he is BibleThump
c9 LUL
Yeah c9 doesn’t win Kappa
Rush is my new dad now not flusha Kappa
omg rush god PogChamp
ACE PogChamp
RUSH > DEVICE LUL
RUSH IS BETTER THAN DEVICE Keepo
shoey DansGame
C9 COMEBACK PogChamp
@gfreshstyle soiler? LUL
LEGENDARY PogChamp
@rata322 spoiler :D
brought to you by facebook Kappa
Get VP out these ads LUL
get SK out ouf these ads LUL
already happened 4Head
TY ADDBLOCK NotLikeThis
ADS PogChamp
@666tkm alright HeyGuys
ADDBLOCK NotLikeThis
NA ADS LUL
4Heads Ads are a great use of my electricity 4Head
CZGO NotLikeThis
NA EU LUL
CN > NA =EU LUL
but bigger is not better CrreamAwk
RUSH PogChamp
Oh LUL
RUSH? Jebaited
Carpets and diggity LUL
AUS casters favoring c9 LUL
BM LUL
ez PogChamp
Ya lowest skill that's why NA won the major against an EU superteam LUL
yeah I know. So you can see why I asked about the aiming :)
Faze "superteam" LUL
FaZe LUL
FNS LUL
now, if shroud was there ... Kappa
Pro-NA Aussie casters LUL
These casters showing 0 emotion LUL
@s0tic you troll LUL
d2 SwiftRage
kqly :D
D2 <3
JW LUL
krimz snus mode activated LUL
hey follow my channel for all live football matches :)
that shot Kreygasm
NERF RIVAL Kappa
SK LUL
@lucholet SK LUL
SK is awful LUL
just move to asia then Kappa
SK SK SK BibleThump
OH YES RERUN ENERGY DRINK <3
@raz0r176 that suckkks :(
@caemy @hansentc watch and you will know :D
apEx LUL
kennyS :)
me gusta buceta PogChamp
back for the crack LUL
dust2? explain DansGame
Hi! :)
letro cam wherE? :D
d2 on competitive PogChamp
@ZimmZimmFTW head you win, tail you lose :D
@makemagik :D
Mixwell LUL
that bunnyhop PogChamp
sad G2 lost make french CS great again ! :(
apex is such a character LUL
APEX :D
Flusha looks like Avicci BibleThump
@zimmzimmftw oh, you damn hood looking from hltv LUL
@hack2max you meant to say shox? Kappa
I mean, maybe the admin behind you thinks that you’re playing casual with xray on @tyrantlk Kappa
@notsocoolkent too much effort to find where the match starts LUL
Not enough work Kappa
cant type kappa Kappa
Grey Face no space Kappa
NBK LUL
NBK on AWP Kreygasm
NBK on snipers Kappa
@gutz41 NBK best 3 Kappa
liking G2 LUL
Fnatic been my favorite since I've been following CS <3
jw <3
BaeW <3
you don't remember fnatic 5 awps CoolStoryBob
commercial break during a game ResidentSleeper
Go back go reddit Kappa
Sk LUL
@darkoplax yeah I can mark your words and laugh at them when you see the last map of this match LUL
should have been nerfed but wasn't OP LUL
-.- :D
renegades Kappa
Is this a fucking joke? Adds still going, this more bad than free tv :D
nothing FailFish
I missed one round because of adds what a hell :D
@yNzx_ G2 still playing against NRG for 3rd place and if they win both their matches they go against Tyloo and then against Renegades which a free route for finals 4Head
@yNzx_ even me a non cs go fan , i knew about it FailFish
SK in 2018 LUL
cause im stupid LUL
ads during the game but not during the break LUL
Snooker commentary 4Head
@saidkozal r u kidding me, now you make me watch the last map too and it’s 1:30am here and I’m leaving to work at 6am :(
Rifle Round PogChamp
gun round LUL
Do you guys think flusha got ever laid? LUL
NBK LUL
Faze Vs C9 7:30 tomorrow Kreygasm
@saidkozal boatyCaged1 boatyCaged2 TriHard
@Rain_94 that emote DansGame
I just got email from ESL this week that my esl account got deleted because of inactivity LUL
@Rain_94 ninja subs WutFace
kennys :(
people still think they are good cause of MM ranking? LUL
Yeah, I’m good because I’m supreme in mm LUL
brought to you by facebook 4Head
@Rain_94 so much money , u subbed to every1 why u don't sub to me as well StrawBeary
ninjaClap LUL
why we can't write the word d (stacy) in here where it's a player's name cmon FailFish
faze is gonna lose 0-2 this series LUL
technical problem maybe? LUL
2 hours till live :)
Ty :)
Im off to sleep, gl to teams this midnight, and aussie viewers HeyGuys
Really? LUL
u rly dont know who won? LUL
shortly LUL
@KatzenVater that's not the purpose? Kappa
@KatzenVater What Barraccus said :D
Karrigan :D
Roma deserves that win :(
time to ResidentSleeper
is this live or rerun is a energy drink sponsor? PogChamp
Who needs a team?? LUL
Noice StinkyCheese
@Neurovirulent will do :o
Sk LUL
IT'S LIVE Kappa
SK LUL
Legendary PogChamp
HOLD CTRL AND TYPE "WTF" FOR ℱ𝓪𝓷𝓬𝔂 𝓦𝓣ℱ PogChamp
HOLD CTRL AND TYPE "C" FOR ℱ𝓪𝓷𝓬𝔂 𝓦𝓣ℱ PogChampPogChamp PogChamp
thank you for teachin :D
underdogs won wow PogChamp
someone need to tell the caster you dont roll up the arms of a shirt above the elbow FailFish
$16, if you dont check ur direct debit. :p
SK Lets GO Kappa
Sk LUL
i'm brazilian BibleThump
Car rigan LUL
gn dude :)
jump LUL
In about 15 minutes from now Insomniiuh will be lurking chat. LUL
I WANT TO BUY NERF GUNS NOW. THX FOR THE IDEA ADVERTISERS :)
-.- LUL
AUSSIE CS SO BAD LUL
have you heard about shox's announcements? Shox + Rpk + Ex6tnz + ScreaM + kennyS confirmed after IEM Sydney PogChamp
@foxyfluffy yeah, old Titan back <3
Insomniuhhh is here, hide the memes and bait BabyRage
B& PogChamp
jk LUL
This is not live DansGame
<message > TriHard
maldouk, classic stitch up LUL
YEEEEEEEEEES SwiftRage
