Is it 2018 and some people still can't pick out trolls? cmonBruh
Follow my stream ? :D
Best team ever LUL
astralis TombRaid
but they loose to faZe :(
astralis will win ez danish cs is better than mixed like men are btter than women ASTRALIS <3
dreams are made to become real ASTRALIS # FAZE = <3
oh hey guys, i already know the result, look at me being cool Kappa
Yes I definitely said I was cool, not like it's because the final already happened NotLikeThis
guardian Kreygasm
I LIKE FAZE Kappa
kenny s ;)
= kendine müzisyen RaccAttack
yeah. dead game :(
this kid just said a re run is a sponsor LUL
so fast Kreygasm
too hot Kreygasm
@flergyhergy Kreygasm
have they been rerunning this match 24/7? LUL
here it comes Kreygasm
sell outs Kappa
crowd LUL
pls olof back :(
grand final with 1000 viewers LUL
NiKo <3
WE ARE CLOUD 9 OUR JOB IS STREAMING WINNING A LAN ? YOU MUST BE DREAMING 4Head
astralis won Kappa
Mac-10 most common used 4Head
Astralis top 1 4Head
NiKo PogChamp
device 200 IQ 4Head
Clap KappaPride
in rerun is all the time ads in important rounds :D
26 - 22 4Head
No, who told you that 4Head
Just give me about 20 4Head
faze 3-0 btw Kappa
Its allowed 7 TriHard
rain looks like a fat lesbian LUL
I mean ill pretend i didnt see the result, yes i think 22-20 4Head
hit boxes in this game are diabolical LUL
@SW_Nightmxre FailFish
how good is to watch a rerun without silvers in the chat <3
@scoobyweed PJSalt
ads? LUL
wasting my lifetime for this :D
FaZe op tho LUL
dmg + dmg + dmg + sivler2 + silver 3 VS mg2 + mg2 +mg +gn4 +gn4 .. today in matchmaking match .. just csgo things :D
LIVE stream.. KappaPride
its live folks .. :D
Astralis choked BibleThump
I hope FaZe wins Kappa
I don’t even choke my girlfriend that hard compared to astralis Kappa
haahahhaahhah :D
Gambit wins Kappa
astralis win 3-2 Kappa
@felini115 hes not Russian CarlSmile
Or it’s another guardian? StoneLightning
@felini115 he played with Russians but hes not Russian CarlSmile
Hes Kazak WutFace
Suka blet BibleThump
play God of war on pc then LUL
welcome man :D
your MOM :D
Won Faze :D
Im not a kid bro :(
but thats why there is hide chat so :D
you speak against csgo .. u get muted :D
killed with knife in hand NotLikeThis
no spoilers Kappa
@sebmark222 LUL
I pay 750$ for faze win come on BibleThump
win 15-14? DansGame
2k in 2018 DansGame
astralis are thow more team flashes than pop flashes LUL
Ez win BloodTrail
And 3-2 for Astralis ? NotLikeThis
olof was the problem LUL
olof was the problem srsly guys :)
niko wanted it the most you can tell LUL
c-word LUL
Astralis Era LUL
POOR MAN'S PHASE LUL
BIG DICKSTACY Kreygasm
tarik Kappa
payback tk Kappa
Eu BrokeBack
1337 hunters. why do you care what service people play on? :)
833 viewers on a match CSGO is dead and R6 is killing it LUL
i mean if you cant kill people on anything but a 128 tick sever maybe you are the one whos the scrub? :o
THIS GAME IS A JOKE R6 IS KILLINGI LUL
Australis lost their home region 3-0 EleGiggle
There's going to be more game ?? BCWarrior
yeah 7.6billion people watching a stream on twitch LUL
Bofty LUL
i got baned from ESCL_CSGO chat Kappa
Niko is a beast Kappa
@sunkendk Stfu B)
so mad LUL
look at him trying to kappa out of his rage LUL
not you, @bezosvk is raging here PJSalt
Follow me instead Kappa
nah :(
RIP Kappa
Money LUL
nothing better than live csgo PogChamp
Renegades nuts on FaZe Kreygasm
i'll lose my house :(
Fornite update is up PogChamp
hand sweat rag LUL
@nichrigga0 7 TriHard
there is two autimatics LUL
836 views dead game LUL
ads SwiftRage
adblock SwiftRage
okay i turned it off. i better see some fkin ads next time :D
" Start your esports career on ESL " PogChamp
why live in the past when you can live in the future KevinTurtle
People get so mad when you say their favorite game is a dead game LUL
I want TF2 to be good again BibleThump
Time to transfer cs go to a new source engine LUL
Cs go on unity LUL
Cs go on java LUL
Clapped BibleThump
SPAM THIS NOODLE TO HELP SKADOODLE pastaThat
At least skadaddy is not crying BibleThump
If only BibleThump
Those tiny hands LUL
@mr__newton LUL
they just want to use their health insurance in a few years because of broken tendons LUL
PROB JUST NUTS FOR GETTING STEW LUL
really fast lrsnThinking KappaPride
G fuel is hair gel sponser Eksdee @uppercasebackspace Kappa
@wolforangee hes not worth my time tough you can struggle with him NotLikeThis
Wich rank are you guys in csgo? I'm currently in silver elite :D
693 viewers for major final LUL
756 dead game LUL
Astralis BibleThump
825 viewers on major final dead game 4Head
really m8 4Head
this is live rerun Kappa
817 viewers on major final dead game 4Head
Adblock <3
People thinking this is live LUL
@kansur LUL
@fartingtitm4n pls stop DansGame
People arguing with a troll LUL
yo GOWKratos
dumb ass ppl dunno this is rerun pastaThat
anyone here? TPFufun
Noob here are there any sights in this game HeyGuys
Hey, im trying to grow on twitch as a small streamer, would love if anyone could help :D
gg sk LUL
lol taco for stewie Kappa
Brasil perde :(
nop rxtar LUL
SK Facking Gaming LUL
wtf DansGame
NA CS LUL
sk in 2k18 LUL
lmao what a silver pistol round LUL
SK MingLee
...Patrick? Kappa
Wonder who wins BibleThump
How do you know the future BibleThump
@Neo08 LUL
kayche FailFish
SK LUL
no Kappa
it's the 8th <3
? LUL
sk escodendo as taticas pro major... DarkMode
search this on youtube: Why you shouldn't believe SK is doomed...good pointers :)
SK Sell this game for Grayhound HLTV conffirmed PogChamp
SK Sell this game for Grayhound HLTV conffirmed PogChamp
2 in 2 years :D
SK Sell this game for Grayhound HLTV conffirmed PogChamp
baby-boy cerq LUL
hahaha :D
alt f4 LUL
why you have to be so serious :)
are you blind ? LUL
no bomb plant LUL
NA CS LUL
NA CS LUL
Rush LUL
NA LUL
Save LUL
coz they are so fking poor LUL
@Effecter_Neospi LUL
500 viewers on major final dead game LUL
Kaysh Lul :D
is this live Kappa
C9 LUL
Some people are nuts ;)
ska 6 16 LUL
5 lose rounds no time :D
G2 LUL
flusha eated that nade Kappa
i'm just wondering when the next operation is :(
they don't like it :)
they should :p
ikr :D
it has to be a french team to win that event .. for the fans :(
i like astralis better :\
dead Kappa
