ESL MrDestructoid
yes, right. but i dont take money anywhere :)
MercyWing1 MercyWing2 CrreamAwk
aha gogogo :D
dian LUL
00 <3
is this live? Kappa
faze Throwing LUL
Botian LUL
joining a rerun and asking if its Live in 2018 LUL
@Sofieeen true :D
@Sofieeen always :D
Fake Guardian is streaming now :)
I think Faze will Fade now.. let's see! MVGame
This match is old , Guardian is streaming now :)
548 viewers LUL
542 viewers on a ESL game this game is dead, it's a fucking joke LUL
dust 2 got back into map rotation? PogChamp
ads in rerun LUL
naww :(
why i have get bullid :(
NBK 4Head
1:16 Kappa
*** to je nejlepší :D
denim in 2018 DansGame
frog caster? LUL
i hate ur life too HeyGuys
when is s1mple gonna stream i miss his play already BibleThump
:Z PowerUpL
i wonder who wins Kappa
proud of our scandinavian Faze guys TwitchUnity
Tarık <3
its a replay :)
Rerun kıd PanicVis
wow NotLikeThis
Okay live NotLikeThis
Nooo rerun GingerPower
Rerun SwiftRage
No way! I’m Hk too :D
Yea :)
Yea I agree! :)
Yea totally :D
Nothing really :)
flusha LUL
how can he use hacks with so many people watching DansGame
i hope your moms die right now chat :)
Jw Kreygasm
This is live Kappa
This is live Kappa
This is live Kappa
Golden ANELE
This is live Kappa
753 people watching its live HassanChop
This is live Kappa
"Rerun" dude LUL
This guy Luk don't know its live LUL
This is live Kappa
This is Twitch, ofcause it's live Kappa
This is Live LUL
Bababomb how old are you? LUL
Ez win Fnatic throw KappaPride
"The best cs we can play" loses 1-2 to Tyloo SeemsGood
as in they are going to be banned and the stickers are going up in price? Kappa
Renegades <3
breaks in reruns WutFace
ads LUL
OMEGA LUL
@xxxbestofthebossxxx i dont blame you, "afds" are quite deadly Kappa
towards diggity Kappa
aids LUL
nifty 1v9 4Head
USTILO IS A LOBSTER TOM FUNgineer
ads LUL
absolutely barabaric LUL
u can t cheat on VAC secured servers Keepo
actually you can Kappa
@Leetmcfeet for how much? LOL :D
like cheats can only be put in the computers LUL
i think you need to do some research TriHard
Actually there are professional women csgo teams ^ 4Head
it's all about money :D
Just let them win NotLikeThis
Ads 4Head
see ^^ all about money Kappa
ads on rerun LUL
NIfty be like "i wanna hurry up and win" 4Head
Vac coming BibleThump
inb4 vac ban Kappa
WALLEN LUL
'one more map' 4Head
DIGGITY 4Head
GIGGITY 4Head
ads LUL
RIGHT BEFORE LAST ROUND 4Head
that looks totaly live :o
ads LUL
ive watched more ads than gameplay 4Head
@AlecsAndre you will be missed 4Head
SK won 4Head
more ads than gameplay 4Head
sure :)
renega <3
RENEGADES RENEGADES <3
📞 SK 📞 RENEGADES HERE 📞 SAVE US A SEAT ON THE PLAN.... 📞 JK WE LIVE HERE 📞 4Head
Nifty living in AU confirmed 4Head
there's always next time 4Head
This music has me like FBtouchdown
Using my common sense i read the title of the stream to see it says Faze vs Tyloo Kappa
Time travel! it was 23:59 just a minute ago PogChamp
or maybe he was born with yellow eyes Kappa
so exciti... ResidentSleeper
Thai Loo. Cage. This English. Kappa
Asian Superman? PogChamp
They dont call it Cage, they call it cayshe LUL
See? Cayshe Kappa
AUSSIE does LUL
BnTet's face LUL
ads 4Head
if tyloo is a shit team, why are they here in the semi finals? 4Head
they're* Kappa
Faze win it all Keepo
its a rerun LUL
chat FailFish
Olaf went to SK LUL
0-10 4Head
tyloo is getting destroyed PJSalt
from 1-7 to 8-7 LUL
coldzero igl PogChamp
Shroud LUL
900 viewers Major finals ded game LUL
Definitely not a rerun Kappa
@Herring_T yeah but dont you have to play like $200 a year for it? Kappa
yeah and you have to pay for that 4Head
so $10 for twitch prime that gives a free subscription or should i just buy one for $4.99 4Head
!bostonreward Kappa
no its a RERUN it aint live LUL
Yes its live, now stop asking and watch Kappa
the internet would know 4Head
Only 735 viewers this game is dead LUL
ads 4Head
735 viewers this game is a joke LUL
BnTet's face = TF2John
@EmoIDC if you're tired, go to sleep Kappa
@pcmasteras yanliz bu tyloonun picki ve zaten yeniyorlar ? LUL
wearing a C9 shirt but they never made it out of group stages 4Head
tyloo getting rekt 4Head
tyloo gets rekt though 4Head
olaf left for SK LUL
@mskingir tyloo loses, and faze win whole thing Kappa
ShRoUd 1 v 4 LUL
ü PogChamp
GG Faze :D
no :\
u saw hl3 exe confirmed <3
glhf mousesports StoneLightning
ropz is a 13 yo? Kappa
@smooooothman69 ofc astralis KappaPride
yep thats all of the chat it seems :D
and? where is EU wtf chat? Kappa
ropz born 2009? Kappa
dude english is not my main language :D
ahahahaha dupree LUL
yeah Im from Litva I know it :D
hHhHahahah ok ArgieB8
my dude :D
my go to weekend drink :D
I have facebook tho Kappa
nah he robot his iq is very big :D
so there isnt many options :D
danm the chat is only @betrayed2k and me LUL
all die CoolStoryBob
rip LUL
BRA71L LUL
brazil more like 7:1 LUL
mousesports are soo bad LUL
will follow you when I will have twiter :D
Faze up 4Head
ok I apparantly already had a twiter LUL
followed :D
eslRerun ResidentSleeper
@sandman817 angry at life LUL
mm is better LUL
hi :)
AStralis LUL
ESL ARE FALLING OFF 700 VIewers? Kappa
Bro LUL
yo guys if you'd like to watch PUBG stream come here <3
Kaysh LUL
astralis <3
@mustafax147 :D
FAZE won 3:0 thank Me later LUL
the announcers were really close with their picks 4Head
ads NotLikeThis
Team Liquid LUL
NA LUL
Sleepycyndaquil17: show us the legs KappaPride
5D PogChamp
That deagle FailFish
Yes this is live Kappa
isnt this a dead game Kappa
Whos neen cheating onD2 :D
i know :D
Is this video stopped? Keepo
Is this in high quality? Keepo
Hope Astralis will win Kappa
Is this video about astralis vs faze? Keepo
when you join in to ads :D
FAZE vs Australians LUL
yeah danish :D
Well, this was fun guys xdd the englando master race. Goodnight everyone! BibleThump
its LIve chat ;)
gtfo :D
Get back soon Olof BlessRNG
@ZentoContent dont lie ;)
how big is your monitors ? ;)
@BirgFTP oh if only you knew ;)
fisse I’m dying LUL
Niko is mah man, lik i don't like faze, but i love him cuz he is also bosnian xD <3
ye think so :D
faze is worst :(
ak47 is Bae <3
u want them to play again so it would be live? Kappa
heineken LUL
true 4Head
lets drink water and call it beer LUL
damn ive heard very bad stories about americas beers EleGiggle
Goodnight! @jrlazie :)
LoL @pure420kush IM from Helsingborg ;)
Van healing BloodTrail
@birgftp LUL
its live Kappa
olof was the problem Kappa
S3 BibleThump
live? Kappa
nerda FailFish
True. Id rather be a nerd and live in my mothers Basement @birgftp LUL
im just joking :(
@pure420kush Been a pleasure GN I will :)
faze coach PogChamp
oh really? nerds FailFish
hahha yeah the crowd crack me up LUL
this match was so boring ResidentSleeper
Fun Ruiner BibleThump
how they play with that crowd LUL
Ads WutFace
THIS GAME IS ResidentSleeper
Denmark/Slovakia VoHiYo
no paladins :)
Ja mois keine Ahnung leben an die Wand fahren LUL
euronics Kappa
Chinese ? WutFace
I even use Kerrigans Crosshair LUL
best csgo team is shanghai dragons LUL
14:16 LUL
Grills VoHiYo
Feed me aswell, plz VoHiYo
ggwp SeemsGood
ADS WutFace
976 people, feels like 40 Kappa
@TheIdkEN Yaay I live in horsens VoHiYo
@TheIdkEN Nej jeg kan ikke LUL
You ask stupid question, I answer with a stupid answer LUL
MercyWing1 MercyWing2 PopCorn
pubg mousepad LUL
stewikie back in Cloud9? PogChamp
stew back on c9 PogChamp
Donatet $100 with message "C9 is The Best " :)
Donated $50 with the message "FaZe is the winner " :)
your life is live Kappa
