What is this, a Power Point presentation? DansGame
btw in russian stream no KA Le LUL
and all epicenter employers gonna fired KappaPride
now it looks cloudy who's vaping DansGame
I don't like the lag but I will still do my best to appreciate this amazing dota match :)
F I X E D BlessRNG
the bright light i saw this before FeelsBadMan NotLikeThis
is it ok now, chat? :)
@epicenter_en1 can you send me some fbi files too :)
you are doing your best :)
@epicenter_en1 yes it fine, ty :)
Everybody has lag at their million dollar tournaments sometimes :)
@epicenter_en1 you are handling this really well. The stream has issues but you're playing along <3
It's fine, everyone stop being so picky LUL
good vibes . o O ( admiralB9 ) :)
WASHED UP IS JUST A NUMBA SUPAMIDA DendiFace
Too many frames for my eyes WutFace
@iD3ny give me her number and we'll figure something out ;)
@epicenter_en1 Thx for fixing stream, now i can happily get dissapointed in NAVI again :)
this used to be lag stream Kappa
he has gem 1k chat LUL
cmon navi win this i want a game 3 :D
gem = CHEAT EU caster LUL
dendi haters what now ? ? SoBayed
SLARK HAD GEM CHAT HEARLD CHAT NotLikeThis
def ?? NAVI IS BACK DendiFace
2 @QUOTE_ME_IF_KALE @quote_me_if_ka_le we got this / :)
Lebron leave NBA FOR THIS? LUL
BRON LEFT NBA FOR THIS LUL
BRON IN AN ALTERNATE REALITY LUL
WHAT IS NAVI DOING WTF NotLikeThis
