Shanghai 2.0 - Putin Edition BigBrother
@AdmiralBullddog youre better caster than this LUL
YOU CANT MISS KILL IF YOU MISS ALL THE STREAM 2 EleGiggle
Thats why u dont host tournaments in 3rd world countries FailFish
Putin won't be happy monkaS off to the gulag KKomrade BigBrother
TToursFEELS GOOD TO MISS ALL TToursACTION TTours
🚬 💨TIME TO MISS 🚬 💨 SOME DOTES 🚬 💨 TTours
1 Thats why u dont host tournaments in 3rd world countries FailFish
CANT GET IF STREAM IS OFF weSmart TTours
EPICENTER 54K Ninja ninjaPon ninjaPon 150k BrokeBack
FEELS GOOD TO MISS ALL ACTION TTours
🚬 💨TIME TO MISS 🚬 💨 SOME DOTES 🚬 💨 TTours
reso tion is the problem LUL
FEELS GOOD TO MISS ALL ACTION TTours
FEELS GOOD TO MISS ALL ACTION TTours
TToursFEELS GOOD TO MISS ALL TToursACTION TTours
its ok no need to see kills :)
YOU CANT MISS KILL IF YOU MISS ALL THE STREAM EleGiggle
observer is this vanderserdota again? who is it? Jebaited
1 Thats why u dont host tournaments in 3rd world countries FailFish
2 is this a bsjBSJ inspired Slark ? bsjSet is this a bsjBSJ inspired Slark ? Kreygasm
LOL STUN LVL 1 - 1 SEC LUL
FEELS GOOD TO MISS ALL ACTION TTours
Feels good to miss all the action TTours
FEELS GOOD TO MISS ALL ACTION TTours
I NERFED DW I SWEAR OSFrog
FEELS GOOD TO MISS ALL ACTION TTours
Putin here WatchRU stream or ban capitalist west stream 4Head
FEELS GOOD TO MISS ALL ACTION TTours
WOW SLARK is FARMED actually :D
FEELS GOOD TO MISS ALL ACTION TTours
ахаах }{O}{лы как вам китайский писос? Привет из КРЫМа!! LUL
( ) ( ) ( ) Jebaited
they took the plug in from RU stream to ENG stream now this is working LUL
Hey folks! I failed all my classes. I lost my job yesterday and my gf dumped me but you know what? IT DOESNT MATTER! I am an EG fan and love good quality Dota. Now I have time to watch my beloved EG What time they playing? I don’t see them in the schedule. Help Please <3
🚬 💨TIME TO MISS 🚬 💨 SOME DOTES 🚬 💨 🚬 💨TIME TO MISS 🚬 💨 SOME DOTES 🚬 💨 TTours
Noone viper Dendi viper OMEGALUL PogChamp
Russain Stream is Down roflanEbalo LUL
Hey folks! I failed all my classes. I lost my job yesterday and my gf dumped me but you know what? IT DOESNT MATTER! I am an EG fan and love good quality Dota. Now I have time to watch my beloved EG What time they playing? I don’t see them in the schedule. Help Please <3
ахаах }{O}{лы как вам китайский писос? Привет из КРЫМа!! LUL
Hello Russian friends. Welcome to the freedom stream DatSheffy
: Теперь это русский чат Kappa
FEELS GOOD TO MISS ALL ACTION TTours
Admiral Bullcucks imitating the washed up dog Admiral Bullcucks imitating the washed up dog LUL
Теперь это СНГ чат! Теперь это СНГ чат! SMOrc
: Теперь это русский чат SMOrc
Короче, с первомаем всех трудящихся! 4Head
Теперь это СНГ чат! SMOrcТеперь это СНГ чат! SMOrc
Теперь это СНГ чат! Теперь это СНГ чат! SMOrc
Putin here Support RU stream I will remove capitalist western EN stream Miss all the action 4Head
Теперь это СНГ чат! Теперь это СНГ чат! SMOrc
BULLDOG SUB ninjaBlast1 ninjaBlast2 ninjaBlast3 ninjaBlast3 ninjaBlood BrokeBack
@AdmiralBulldog sweden no power here LUL
KKomrade Vlad here, VP win this series or I send them to prison with Don Jr and polonium tea BigBrother
Tеперь это СНГ чат! Теперь это СНГ чат! SMOrc
THIS IS OUR CHAT NOW SMOrc
@AdmiralBulldog can you add emotes to this channel? add gachiBASS pls :)
Теперь это СНГ чат! SMOrcТеперь это СНГ чат! SMOrc
Теперь это СНГ чат! / SMOrc
наш стрим сломан, теперь этот наш SMOrc
Russian hackers are ruining our stream! WutFace
Tеперь это СНГ чат! Теперь это СНГ чат! SMOrc
Теперь это СНГ чат! s SMOrc
Теперь это СНГ чат! Теперь это СНГ чат! SMOrc
Ti winner now a cheerleader on twitch chat LUL
VP good OG but better SeemsGood
AdmiralBulldog Cant Ban Me Here ResidentSleeper
2 BKB ON VP CORES LUL
Chat scrolling so fast Nobody will notice that I want to ****. Winter Wyvern Kreygasm
KKomrade Russia is the largest country in the world KKomrade smaller GDP than the State of Florida LUL
Kyle's dead. He's locked in my basement Keepo
rubick a better ck and brew than ck and brew PogChamp
Chat scrolling so fast Nobody will notice that I want to ****. Winter Wyvern Kreygasm
@Dr_Hammer Im making a reddit post WutFace
Losing fight with an aegis must be Outdated Gamers LUL
Себ? Себ? Себ? Себ? Себ? Себ? SoBayed
stop giving OG direct invites SMOrc
slark back in the meta NotLikeThis
@NomadCasting NOW IN THE CHAT NotLikeThis
OG "All Chat" taunt more.. LUL
slark cancer coming in pubs near you OSFrog
NAVI > VP > OG > NAVI NotLikeThis
OG getting cocky with "All cHAT" taunt BibleThump
@AdmiralBulldog grind to rank 1 eu SeemsGood
hey mods where can i find the alternative english stream ? KonCha
bettor asking for under game with Virtus Throw LUL
@AdmiralBulldog SARK NEW HERO ? PogChamp
@AdmiralBulldog famous carry from team tinker? PogChamp
OG ? OG ? OG ? SoBayed
OG ? SoBayedOG ? SoBayedOG ? SoBayedOG ? SoBayed
slark such a fun hero :)
How Bayed is this chat? SoBayed
remember to kill all murlocks on the beach TehePelo
@lizzarddota2 hold me sweet prince :)
NAVI LOST TO THIS OG FailFish
7Mad is just having a bad game, happens to everyone :)
@MofarahDota garbage caster is here bois DansGame
dota is such a fun game :)
@MofarahDota @NomadCasting OH MY WORD WHAT A ULT WHAT AN WARD PogChamp
Will there be Froggy hero? OSFrog
@MofarahDota so stupid to name yourself after a runner NotLikeThis
Hey folks! I failed all my classes. I lost my job yesterday and my gf dumped me but you know what? IT DOESNT MATTER! I am an EG fan and love good quality Dota. Now I have time to watch my beloved EG What time they playing? I don’t see them in the schedule. Help Please <3
guys When will EG Play??? SwiftRage
Oh man finally slark is back. The most fun hero in the game :)
The game is not over until throne falls OG :)
@kforscutt no royalties paid yet! PogChamp
Guys when is EG playing ? :)
Hey folks! I failed all my classes. I lost my job yesterday and my gf dumped me but you know what? IT DOESNT MATTER! I am an EG fan and love good quality Dota. Now I have time to watch my beloved EG What time they playing? I don’t see them in the schedule. Help Please <3
PMA OR GET BANNED monkaS :)
AutoModAutoMod: Hey! Your message is being checked by mods and has not been sent. explain ninasNo DansGame
OG > NAVI < VP > OG NotLikeThis
OG > NAVI < VP > OG Clap NotLikeThis
OG > NAVI < VP > OG NotLikeThis
any bayern fans? Are u ready to lose tonight ? SoBayed
@MofarahDota pls friend don't embarass yourself any more :)
OG > NAVI < VP > OG miraS NotLikeThis
why grant every game ? NotLikeThis
OG > NAVI < VP > OG miraS NotLikeThis
@givingyouacid u meant to say Navi > VP > OG > Navi right? BrokeBack
DON'T TYPE /squishy DON'T TYPE /squishy NotLikeThis
322 OG > NAVI < VP > OG NotLikeThis
wat now gg fangays ? SoBayed
TIME TO WATCH MY BOY S4 WIN SOME DOTES PogChamp
OG WIN SO NAVI CAN QUAL BlessRNG
any Bayern fans? Are u ready to lose ? SoBayed
Type /squishy to win arcana Type /squishy to win arcana PogChamp
Bayern Fans? Ready for Real to steal the match from you again? SoBayed
OVER or UNDER guys ??? I bet on OVER :(
epicenter sub. what now bulldog ? SoBayed
chat laughing at laughing at sub LUL
133 This is an automated message from Twitch TV. We have been experiencing technical difficulties related to the face. Please confirm that your face is working properly. Kappa
chat laughing at chat laughing at laughing at sub LUL
CHAT I DONT FEEL SO GOOD BibleThump
chat laughing at chat laughing at chat LUL
QUOTE ME SOME admiralC PLEASE PogChamp
Na'Vi is sтill noт ьacк? ц fцскiиg рцикs aяe иeveг saтisfied aяe чоu? нopе чоц eиjoy ьeiиg ьiттeг сaцse Я defiиiтelч love ъeiиg тнe gгeaтesт DendiFace
Na'Vi is sтill noт ьacк? ц fцскiиg рцикs aяe иeveг saтisfied aяe чоu? нopе чоц eиjoy ьeiиg ьiттeг сaцse Я defiиiтelч love ъeiиg тнe gгeaтesт DendiFace
YOU CANT MISS KILL IF YOU MISS ALL THE STREAM EleGiggle
FEELS GOOD TO MISS ALL ACTION TTours
CCNC Not playing a major? LUL
YOU CANT MISS KILL IF YOU MISS ALL THE STREAM EleGiggle
@epicenter_en1 here we go again SeemsGood
FAILS OF THE WEEK 204 IS UP GUYS DendiFace
THANKS FOR THE GREAT TOURNAMENT :)
VP WILL WIN THIS GAME Jebaited
KA LE KA LE KA LE KA LE WutFace
YOU CANT MISS KILL IF YOU MISS ALL THE STREAM EleGiggle
watch on 470p no lag SeemsGood
QUOTE ME SOME admiralC CHAT PLEASE PogChamp
wasnt ramzes laughing at slark pick? LUL
i remember my internet back then SeemsGood
BANNED TELEGRAM BANNING TWITCH NOW BigBrother
KA LE KA LE KA LE KA LE KA LE WutFace
wasnt ramzes laughing at slark pick? LUL
BANNED TELEGRAM BANNING TWITCH NOW BigBrother
🚬 💨TIME TO MISS 🚬 💨 SOME DOTES 🚬 💨 TTours
slideshow better than no show right chat ? :)
🚬 💨TIME TO MISS 🚬 💨 SOME DOTES 🚬 💨FFF TTours
@Danition no not even close LUL
no worries take your time :)
no worries take your time :)
-^-- --^- good job epicenter -^-- --^- :)
