thanks for all the money windigo yolo bettors SeemsGood
even windigo cant beat QBF n its their academy u know the result LUL
i will take care ur item stupid yolo bettor of windigo no worries SeemsGood
i thought QBF ct. sad :(
3 16 ty for the money kids SeemsGood
Hey bot stays like a bot StoneLightning
nah even 6-1 u r bs LUL
DerMarian i will take ur money dont cry babe SeemsGood
sup @Insomniuhh and suhhh Over <3
@gold_hippo n here u r LUL
:O over noticed me senpai :D
I wish I could bet on matches :(
DerMarian dont cry kid i will took good care of ur stupid decision money SeemsGood
DerMarian think his parent money is his LUL
@DerMarianclear eng? or just u so stupid to understand high level englis? sorry kid LUL
silvers can be on a tournament? Kappa
i wanna join as well Kappa
Lets go 5 10 bois SwiftRage
windigo to get 8 rounds ? DansGame
where is that fortune teller kid ? EleGiggle
told u i will take care ur money windigo bettors LUL
Caster has more iq then whole windigo team LUL
yolo cause own greedy n now blaming windigo prove just how no brained u r LUL
SPAM THIS FIRE TO HELP QBF RETIRE CurseLit
UNDER BETTORS ?? UNDER BETTORS ?? SoBayed
Ez over , under bettors LUL
this is classic throw for QBF LUL
UNDER BETTORS ?? SUICIDE WATCH ? SoBayed
Betting on csgo it’s all scripted LUL
@Insomniuhh I feel angry more than cry Kappa
@najimbaa but the choke all the game Kappa
@Insomniuhh dont worry bout it i like the critique if its not constructive then i usually laugh at it :D
@Insomniuhh i appreciate the sentiment tho <3
ahh caster is trying his best... besides if youre not silver you can see whats going on by not being an idiot :)
To be honest the acdemy team is playing faceit/matchmaking tactic they dont do that much teamwork LUL
Interesting that Windigo pick Mirage its QBF most played map xD LUL
As someone who only plays nuke in mm, I really hope we go into game 3 PogChamp
Windigo academy have no idea where is the shoot come from on that round LUL
Caster iQ > Windigo Aca iQ LUL
@xkiritokunzx that when you are dreaming LUL
QBF lost 2 rounds to this LUL
Just want it to go over TriHard
no one fail bed?? i doubt it SoBayed
Russian plz throw till windigo gets 11 LUL
@xkiritokunzx even if qbf suck at CT. windigo suck harder LUL
why do i have to shut up ? LUL
why do i have to stfu LUL
katowice 2014 sticker on classic pistol Kappa
@xkiritokunzx qbf suck at ct you say SoBayed
epicenter take side job, rip real doto BrokeBack
