lose round AND die after time, ouch :o
@Majstero12 bo vp to rosyjska organizacja dlatego dostali :)
Never heard a northern irish caster before, good craic :D
@Kusiak15 dostali przez rok takie zaproszenia :D
Sorry if I sounded rude, I was just surprised, don't hear many Norn Iron casters, you represent man :D
milo widziec taza w takiej formie :)
Fajnie by było jakby się udało pingwinom zakwalifikować :D
they have 7 kills total LUL
Minis average 2 kills per round LUL
co on wyprawia na tej mapie? :D
its not minajs but minis ;)
snax was the problemo in toiletto Kappa
portugese still salty that fox was kicked , that team had no future, and it's better now for kinguin and for fox in tempostorm LUL
@EXXXILON oni sa mozna powiedziec na takim samym poziomie teraz ;p
@EXXXILON a później TaZ poprawia fryzure i mruga okiem Kappa
@Tedd2y ale entry ma dobre Kappa
dlatego pyta sie taco o ustawienia dla lurkera Kappa
@EXXXILON zdecydowanie szczególnie od takiego godsent to noby Kappa
godsent dzis wygralo z fnatic takze oni sa w gazie :)
@eldonawolnoo ile nad tym myślałeś ? Keepo
@epicenter_en1 youve got great potential, hope to see you on major in the future :)
a sie śmiali że vp z nimi przegrywa Kappa
vp znowu tworzy jakiś Team Kappa
5 loses in a row they have enough for buy :)
Throw for over of course BibleThump
