[0:00:03] <Hoidd_> DansGame
[0:00:03] <NiPGaming> @akerlind FeelsBadMan
[0:00:09] <refoxzontwitch> DansGame
[0:00:32] <gamermis905> what match now
[0:00:34] <refoxzontwitch> @nipgaming whats happening
[0:00:40] <chillhase> @NiPGaming is the match live?
[0:00:40] <akerlind> Omg @NiPGaming replied to me. I can now die happy
[0:00:45] <NiPGaming> @refoxzontwitch whats happening
[0:00:46] <MyoCJ> Envy vs NiP
[0:00:47] <Minkelele> delayed?
[0:00:47] <chillhase> LUL
[0:00:59] <Minkelele> @NiPGaming ILY <3
[0:01:00] <NiPGaming> match starts in 20minutes
[0:01:04] <bobuddha> i remember that time when esl_csgob us to be faster then A, SHAME SHAME SHAME Kappa
[0:01:10] <MyoCJ> game scheduled for 430est, stream said 4:15 tho
[0:01:11] <ossimanen12321> the match starts 22:30 eu time
[0:01:12] <refoxzontwitch> @nipgaming the stream??
[0:01:13] <+JetFuelCantMeltSteelMan> @NiPGaming Can I pls replace f0rest. im much better im silver 2 btw haHAA
[0:01:18] <gamermis905> ScaredyCat 20 min
[0:01:42] <cyncynbtw> envy is playing 2 matches at the same time apparently
[0:02:12] <bobuddha> @NiPGaming HODOR
[0:02:15] <Gosh001> @NiPGaming <3
[0:02:21] <+JetFuelCantMeltSteelMan> both Envy and C9 are playing two games at once LUL
[0:02:34] <refoxzontwitch> Stream?????
[0:03:49] <yeahidoubtit> yeah its not in 20 mins
[0:03:54] <gamermis905> HeyGuys
[0:03:56] <NiPGaming> We are going to play after Cloud9 vs. EnVyUs - so around 20-25 minutes
[0:04:25] <amisnaru> longer than that
[0:04:34] <yeahidoubtit> who is going to win c9 vs envy gotta be stomp to be that fast
[0:04:53] <bobuddha> isnt astralis suppose to be playing mongolz right now?
[0:05:01] <gamermis905> no
[0:05:48] <gamermis905> but stream a chat its mongol
[0:05:51] <Toombsi> ^
[0:05:57] <xChromeCZ> 22:45????
[0:05:59] <bobuddha> LUL esl REKT
[0:06:05] <bobuddha> ahahhahah
[0:06:08] <Jeppelelle> I am superior to all of you
[0:06:09] <gamermis905> KappaRoss
[0:06:16] <swe_ninja_85> gg wp
[0:06:23] <@Cent> Don't be rude @SiimoxSmooths 😡
[0:06:48] <NiPGaming> We will play around 22:40 CET
[0:06:48] <+telumindel> So which game is is then
[0:07:01] <+telumindel> Vs Envy?
[0:07:06] <itachiclan> we-diocen
[0:07:24] <NiPGaming> Yeah
[0:07:27] <swe_ninja_85> envy scared of forest the legend
[0:07:33] <+telumindel> Gl guys
[0:07:36] <gamermis905> who's better sexer or sixer
[0:07:44] <bleronii> vs envys ?
[0:08:03] <bobuddha> then what, astralis is playing c9 first then mongolz?
[0:08:04] <Lightning92> @NiPGaming tell IEM to fix the stream, its been fucked the whole train game
[0:08:25] <iNNERBEAS7> @Lightning4K Yeah like they don't know themselves
[0:08:31] <+telumindel> Did the mongoloids forefit?
[0:08:39] <melviq> Yea
[0:08:49] <bobuddha> its forrest_right who is typing Kappa
[0:08:53] <Firedroide> @b1uedr4gon Fiffy came back and is now working as a social media person Kappa
[0:08:54] <+telumindel> LUL
[0:09:15] <Lightning92> iNNERBEAS7 apperently they dont since it was fucked long time?
[0:09:39] <LoveGoatCaptain> Does anyone know if they're using round difference or head to head if SK and NIP tie?
[0:09:39] <@Moobot> @moobot Casters are: @Blucsgo & @JamezIRL
[0:09:44] <gamermis905> #goninjas
[0:09:49] <itachiclan> hahahaha
[0:10:13] <power0n> #go schedule
[0:10:14] <itachiclan> 22:45-CET-start
[0:10:30] <power0n> we can read
[0:10:37] <iNNERBEAS7> @Lightning4K
[0:10:46] <+knutos> ooh 30min delay
[0:11:59] <bobuddha> oh well eslcsgob is rekting these biatchs up go on Kappa
[0:12:10] <+xfallenstrikerx> hi
[0:13:06] <LoveGoatCaptain> @ESL_CSGOb is round difference or head-tohead used if teams finish with the same points?
[0:13:16] <BjerkCS> Round diff @LoveGoatCaptain
[0:13:33] <LoveGoatCaptain> Thanks! Couldnt find the rules anywhere on HLTV
[0:15:15] <+Funkuhr> NA Sound LUL
[0:16:33] <Mahphew> @knuthazelnut not their fault sk-astralis went to OT
[0:16:59] <larskagge> !bracket
[0:16:59] <@Moobot> @larskagge https://twitter.com/IEM/status/930851641242238976
[0:17:02] <Itos1911> "WE'LL BE RIGHT BACK" PogChamp
[0:17:26] <+pachimarry> 00f
[0:17:44] <+pachimarry> 4:45... that’s like 20 min
[0:17:58] <Itos1911> Chat so empty I can one man spam all day @ESL_CSGOb MUAHAHAHA EleGiggle EleGiggle EleGiggle
[0:18:06] <Itos1911> Chat so empty I can one man spam all day @ESL_CSGOb MUAHAHAHA 1
[0:18:07] <+pachimarry> Lek
[0:18:12] <Itos1911> Chat so empty I can one man spam all day @ESL_CSGOb MUAHAHAHA 2
[0:18:13] <officiall1ght> xDD
[0:18:16] <+pachimarry> Kek
[0:18:21] <Itos1911> Chat so empty I can one man spam all day @ESL_CSGOb MUAHAHAHA 3
[0:18:31] <MidasOfSweden> D:
[0:18:31] <Itos1911> Chat so empty I can one man spam all day @ESL_CSGOb MUAHAHAHA 6
[0:18:33] <trololol32145> kappa
[0:18:37] <Itos1911> Chat so empty I can one man spam all day @ESL_CSGOb MUAHAHAHA 7
[0:18:40] <MidasOfSweden> lies
[0:18:44] <Itos1911> Chat so empty I can one man spam all day @ESL_CSGOb MUAHAHAHA 8
[0:18:48] <+pachimarry> Chat so empty I can one man spam all day ESL_CSGOb MUAHAHAHA EleGiggle EleGiggle EleGiggle
[0:18:49] <Itos1911> Chat so empty I can one man spam all day @ESL_CSGOb MUAHAHAHA 9
[0:18:54] <trololol32145> its never empty
[0:18:56] <+pachimarry> Chat so empty I can one man spam all day ESL_CSGOb MUAHAHAHA EleGiggle EleGiggle
[0:18:58] <Itos1911> Chat so empty I can one man spam all day @ESL_CSGOb MUAHAHAHA 10
[0:19:03] <Itos1911> oh noooooooooo
[0:19:05] <officialjherry> my life is empty
[0:19:11] <+pachimarry> Chat so empty I can one man spam all day @ESL_CSGOb MUAHAHAHA EleGiggle
[0:19:21] <+pachimarry> Chat so empty I can one man spam all day ESL_CSGOb MUAHAHAHA
[0:19:23] <trololol32145> im sorry for you @officialjherry
[0:19:31] <SweetCut64> D
[0:19:33] <Itos1911> NO LONGER A 1 MAN SPAM Kreygasm
[0:19:34] <+pachimarry> Chat so empty I can one man spam all day ESL_CSGOb
[0:19:42] <+pachimarry> Chat so empty I can one man spam all day
[0:19:42] <@Moobot> Uptime is: 2h 52m 18s
[0:19:49] <+pachimarry> Chat so empty I can one man spam all
[0:19:50] <Itos1911> Chat so empty I can one man spam all day ESL_CSGOb
[0:20:00] <+pachimarry> Chat so empty I can one man spam
[0:20:01] <Itos1911> SHHHHHH its ok
[0:20:06] <+pachimarry> Chat so empty I can one man
[0:20:07] <Itos1911> "well be right back"
[0:20:14] <+pachimarry> Chat so empty I can one
[0:20:21] <+pachimarry> Chat so empty I
[0:20:27] <+pachimarry> Chat so empty
[0:20:33] <+pachimarry> Chat so
[0:20:39] <+pachimarry> Chat
[0:20:50] <bobuddha> u about to be eslcsgob REKT Kappa
[0:20:59] <+pachimarry> Oof
[0:22:32] <Gambitual> Chat
[0:22:50] <Gambitual> I'm watching you Pachi
[0:22:56] <@Cent> Clap
[0:23:03] <bobuddha> clap
[0:24:28] <Cowlorier> Start the game.. 3 fps ftw
[0:24:33] <~ESL_CSGOb> EZ Clap
[0:24:44] <swe_ninja_85> CLAP
[0:24:53] <xhotgamerdudex> ......
[0:25:16] <@Cent> monkaS Boss is here
[0:25:30] <~ESL_CSGOb> Please don't overuse monkaS
[0:25:44] <ffejam> monkaS
[0:25:49] <@Cent> monkaS Just look at how much it's being used 👉 📈
[0:25:53] <@Gaze> monkaS 👉 📈
[0:26:18] <ffejam> fl0mShield monkaS fl0mSword
[0:26:18] <billiejoearmstrong21> 4Head
[0:26:36] <@Repo> ogPls we need to cut down on using monkaS
[0:26:37] <AdrianGaard> monkaS _
[0:26:49] <AdrianGaard> monkaS ?
[0:26:54] <cloroxz> monkaS
[0:27:01] <cloroxz> FeelsBadMan
[0:27:04] <Phwiffo> monkaS
