[0:00:01] <Illuminutu> lol imma get banned
[0:00:02] <jakobelee> GODWELL AND GOD ALLU
[0:00:07] <recoil_king> @drew2400 sorry my bad
[0:00:09] <+Begriffsschrift> nadeshot in 2017 LUL
[0:00:10] <JohnVAC> LUL
[0:00:10] <just_e_fied> Twistzz GOD
[0:00:12] <mafia_king55> Chat need casters for knife round LUL
[0:00:12] <+Heckster> yup
[0:00:13] <TravLLR> MIC DELAY KEK
[0:00:13] <SmellMyFingersYo> BEST STREAM LUL
[0:00:13] <Goudacheesebestcheese> DansGame BLU DansGame
[0:00:14] <nannasusi> LIGHTS ON
[0:00:15] <Danilthemaan> someone get a real caster please
[0:00:15] <pedroviskao> gg 16-0
[0:00:15] <jakobelee> JAMES EARL
[0:00:16] <aduyeah> best stream OMEGALUL
[0:00:16] <+mindless_gg> time to smackith cheeks
[0:00:17] <Redvisionz> Let’s goooooo TwitchVotes
[0:00:19] <+batter_me_silly> GiraffeIRL LuL
[0:00:20] <bigsheo> casters are so annoying in all games
[0:00:21] <ybutas> best stream
[0:00:22] <Idabshatter> dude on the left looks so fucked
[0:00:22] <siralvesaju> steel god
[0:00:24] <+its_Inflict> best stream LUL
[0:00:24] <TriHardsmurfer> John Mullen TriHard
[0:00:25] <CanonCoder> james, oh god why. He is horrible
[0:00:25] <Regis_V> Jamezirl ResidentSleeper
[0:00:26] <solargamer2000> Those casters LUL
[0:00:26] <swagtastic__> LETSGO LIQUID
[0:00:26] <Felpes1520> the high caster FeelsAmazingMan
[0:00:26] <+mel0n_tv> "B" IS FOR "BUDGET" LUL
[0:00:29] <cLassycs> SOUND DELAY LUL
[0:00:30] <just_e_fied> MIC DELEY
[0:00:31] <jakobelee> Blu ain't a bad caster though
[0:00:34] <+Crappertank9> ResidentSleeper START PLS
[0:00:35] <jazzamcm> LUL
[0:00:36] <cLassycs> SPAM THIS HOUND FrankerZ TO FrankerZ FIX THE SOUND FrankerZ
[0:00:36] <ybutas> best tream ESL pick one
[0:00:37] <OtherJoesBlueBalls> @Markzehh opticHecz opticGoat
[0:00:38] <leozzera18> STELENDA
[0:00:38] <just_e_fied> NA SOUND LUL
[0:00:40] <ohwasup> start clowns
[0:00:41] <nash_ow> Wtf is that noise?
[0:00:42] <jsjarv> BLU LUL
[0:00:42] <sp1ikez> JameZ PogChamp
[0:00:42] <yhomas20> anyone remember sadokist speedcast a knife round?
[0:00:42] <yasser_z> mixed well
[0:00:44] <TravLLR> These casters are bad but the others are cool
[0:00:45] <TriHardsmurfer> budget PogChamp
[0:00:47] <princeroni> esl cs go > esl csgob
[0:00:48] <Drew2400> @recoil_king I think they also just played a smaller NA tournament on lan this past weekend but it was small
[0:00:49] <+iAmGeminii> Mixed up pretty Well mxwKappa
[0:00:51] <just_e_fied> NA PRODUCTION LUL
[0:00:53] <+ablazefm> NA PRODUCTION LUL
[0:00:53] <leozzera18> lets go liquid
[0:00:56] <WWonkaTelevision> But nadeshots the best Dota global offensive player
[0:00:57] <+imhellagay0> V neck LUL
[0:00:57] <Keynaj> 10k VieWeRs aNd sTiLl No xD iN dA cHaT
[0:00:59] <Koolkidd445> is there a delay or sd that me??
[0:00:59] <OtherJoesBlueBalls> karmaOG EZ
[0:00:59] <siralvesaju> @leozzera18 yep
[0:00:59] <Goudacheesebestcheese> TriHard MIXED TheRinger
[0:01:02] <orgrinrt> the right caster is just trash
[0:01:02] <jakobelee> @yhomas20 NiP vs Astralis on TRAIN RAP GOD
[0:01:02] <BLTNJ> blu is great , you guys shut up BibleThump
[0:01:03] <SmellMyFingersYo> CMON OPTIC
[0:01:04] <Sloppymcflopy86> Lol wheres stan MingLee
[0:01:04] <supreyv> RUSH B LUL
[0:01:04] <rain2_x> GO LIQUID
[0:01:04] <sp1ikez> These casters are hilarious
[0:01:05] <ybutas> srsly ESL sucks so bad
[0:01:10] <saman_barwary> rush b
[0:01:11] <Dreaves> does this stream have that loud buzz issue too monkaS
[0:01:11] <+iamthe4thhokage> hyphyLiquid hyphyLiquid hyphyLiquid hyphyLiquid hyphyLiquid hyphyLiquid
[0:01:15] <papanik0> xD
[0:01:15] <count3ring> GO LIQUID
[0:01:15] <+iAmGeminii> @WWonkaTelevision nadeFace
[0:01:16] <ehelloconga> rash B
[0:01:17] <@prius> if youre delayed
[0:01:19] <+AyoEvan> ESLUL
[0:01:19] <@prius> press f5
[0:01:20] <100T_CrimSHoT> thanks for telling us the map
[0:01:21] <Kyle9934> Can someone tell me who NiP got 1st in group A but can't even get to EU Minor?
[0:01:23] <Riko31337> "RUSH" b LUL silver chat
[0:01:31] <@Perm> eslF5
[0:01:34] <xNightOfficial> gg
[0:01:35] <Illuminutu> LUL
[0:01:36] <jakobelee> @Kyle9934 NiP MAGIC
[0:01:36] <psychopt123> 1b ggwp idiots
[0:01:40] <KazovV> gg
[0:01:40] <MrSuppressor> Prius himself PogChamp
[0:01:42] <JohnVAC> GG
[0:01:43] <SmellMyFingersYo> LUL
[0:01:46] <sp1ikez> GOD ALLU
[0:01:46] <+BVB1909Fan> what do i do if im brain delayed
[0:01:48] <Zidzen> gg
[0:01:49] <WKAcrision> WTF
[0:01:50] <Illuminutu> LUL LUL LUL
[0:01:51] <pojupillu> GOD ALLU
[0:01:53] <fattymatty1998> gooshed?
[0:01:54] <EdgarPorras14> Casters are trash
[0:01:56] <SmellMyFingersYo> GOD
[0:01:56] <Jakkol78> GOD ALLU
[0:01:56] <+Austmontgomery> the only channel creativly isn't mod on PogChamp
[0:01:56] <Felpes1520> no way liquid lose to this trash optic team
[0:01:58] <mafia_king55> Nice CZ
[0:01:58] <@Moobot> @moobot Casters are: @Blucsgo & @JamezIRL
[0:01:59] <+AyoEvan> why only 11k viewers lul
[0:02:00] <wrckluss> BibleThump
[0:02:00] <+Callum93_> karmaOG karmaOG karmaOG karmaOG karmaOG
[0:02:00] <JohnVAC> SAVE CZ LUL
[0:02:02] <OtherJoesBlueBalls> karmaGW karmaGW doctorBLESS
[0:02:03] <KriZahGG> ???????
[0:02:04] <nuorineitsyt> best allu
[0:02:06] <wrckluss> BloodTrail
[0:02:07] <xNightOfficial> VAC
[0:02:08] <SmellMyFingersYo> WH ALLU Kappa
[0:02:08] <tuzimm> steel <3
[0:02:08] <+Shimikon> liquid LUL
[0:02:09] <@Perm> @Austmontgomery Lies
[0:02:10] <amisnaru> GOD ALLU
[0:02:10] <Illuminutu> @edgarporras14 they’re better than you LUL
[0:02:10] <Riko31337> cant even save CZ EleGiggle
[0:02:11] <xqzite> Allu showin his walls early xd
[0:02:15] <+MiPz_> @Duunes its the B stream
[0:02:17] <sp1ikez> @duunes this is b stream
[0:02:18] <cLassycs> HS HAIR LUL
[0:02:21] <+Austmontgomery> ph didn''t load for me FeelsBadMan
[0:02:22] <Deemiurge> he was waiting them to hunt him
[0:02:24] <Peskiiii> @Duunes csgo dead man if there was no betting viewers would like 2-3k
[0:02:24] <angerproblems123> pistol save
[0:02:25] <ehelloconga> rash B non stop
[0:02:25] <noobiecssup> @@Duunes The other people are watching Faze vs Gambit on the main stream
[0:02:27] <Kricksbr> @Creativly you are everywhere PogChamp
[0:02:29] <gskazi> #GoLiquid#GoSTEEL
[0:02:29] <DaffyDuck101> STANISLAW BACK TO OPTIC HLTV CONFIRMED PogChamp PogChamp
[0:02:31] <maskirovka88> Allu heard him
[0:02:33] <mafia_king55> Clout
[0:02:35] <just_e_fied> HS is godlike
[0:02:35] <BasedMeow> no clout
[0:02:36] <jakobelee> CLOUT
[0:02:36] <Sunny_choppers> clout? stfu jamez
[0:02:37] <+Darrax> C L O U T
[0:02:38] <@Perm> @Kricksbr NotLikeThis
[0:02:38] <wrckluss> CLOUT TriHard
[0:02:40] <+PiNNyBoy> he just said clout LuL
[0:02:42] <papesonly> liquid sucks at mirage
[0:02:42] <+threelo> did he just use the word clout?
[0:02:42] <jakobelee> NO CLOUT LUL
[0:02:42] <theovollam> CLOUT GANG
[0:02:43] <ybutas> who is calling on optic? friberg?
[0:02:44] <OtherJoesBlueBalls> HS is sexy boi mxwEz
[0:02:46] <spielan> NO CLOUT
[0:02:46] <Doofy4> did he just say clout? lmao
[0:02:46] <Illuminutu> TriHard !
[0:02:51] <SABTHECRAB1> B L O U T
[0:02:51] <cLassycs> Clout gang whole lotta gang gang
[0:02:52] <jakobelee> CLOUT 9
[0:02:53] <+GranteusTV> yes @ybutas
[0:02:54] <BLTNJ> friberg GivePLZ
[0:02:56] <Jiko909> steeeeeel
[0:02:57] <+its_Inflict> wtf
[0:02:58] <mafia_king55> Hax
[0:02:59] <Illuminutu> TriHard 7
[0:03:02] <SmellMyFingersYo> LUL
[0:03:04] <ybutas> ty @GranteusTV
[0:03:05] <noobiecssup> @Peskiiii The only saving grace CSGO has are skins. No skins = hardly anyone would watch any tournaments
[0:03:06] <Bitcore> jamez pls
[0:03:07] <IamSkelet0r> Who are optic ?
[0:03:07] <+AeacusAeolus> Lol why would optic take back trash like Stanislaw
[0:03:09] <SABTHECRAB1> THANKS FOR INTERRUPTING JAMES
[0:03:16] <donzeraa> !casters
[0:03:16] <@Moobot> @donzeraa Casters are: @Blucsgo & @JamezIRL
[0:03:21] <Fakepot> GOD ALLU
[0:03:23] <TriHardsmurfer> TriHard 7 ANELE 7 Kappa 7 cmonBruh 7
[0:03:27] <TheMitoX> cuz friberg is trash
[0:03:27] <donzeraa> @Moobot thanks xD
[0:03:28] <KriZahGG> @noobiecssup makes no sense lmao
[0:03:29] <sp1ikez> BOT ALLU
[0:03:30] <awesome_nico> Liquid steel PogChamp
[0:03:30] <LPLEB4TOR> LUL EZ for elige
[0:03:32] <DaffyDuck101> you don't know much about cs:go huh @AeacusAeolus
[0:03:33] <jakobelee> @AeacusAeolus Stanislaw brought up OpTic to #1 in the world for a few weeks
[0:03:33] <Deemiurge> que ota?
[0:03:37] <jjkallani> is elgie god
[0:03:39] <J0S3PH77> score!
[0:03:41] <Elturk86> jfc
[0:03:42] <Illuminutu> People calling casters trash when they’re 1000x better than all of you LUL
[0:03:44] <jjkallani> ELIGIE IS FKIN GOD
[0:03:45] <LPLEB4TOR> LUL GOD ELIGE LUL
[0:03:57] <808cs> GOD
[0:03:58] <+iamthe4thhokage> hyphyLiquid hyphyLiquid hyphyLiquid hyphyLiquid
[0:03:58] <+k1streams> GOD ELIGE
[0:03:59] <Riko31337> LUL
[0:04:00] <TriHardsmurfer> Gg
[0:04:00] <LPLEB4TOR> What a god LUL
[0:04:01] <TravLLR> GOD ELIGE
[0:04:01] <papesonly> ohhhhhhhhhhhhhhhh
[0:04:01] <+snowy_cs> OMG
[0:04:01] <Felpes1520> ELIGE PogChamp
[0:04:01] <+zeDrenn> PogChamp
[0:04:01] <vi7_> ELIGE PogChamp
[0:04:02] <Philleeyo> QUE OTA
[0:04:02] <conundrum_> PogChamp
[0:04:02] <breezycfc> jasonrHU jasonrUU jasonrUU jasonrUU jasonrUU
[0:04:02] <MyRyDeRz> EliGE GOD
[0:04:02] <luiz6645> GOD ELIGE
[0:04:02] <t0rnado_cs> PogChamp
[0:04:02] <nectadean> GODLIGE
[0:04:02] <jakobelee> GG
[0:04:02] <EarthboundZE> ELIIIIIIGE
[0:04:03] <giviet> EZ
[0:04:03] <Damaddenwatcher> PFTTTTTTTTTTTTTTTTTT
[0:04:03] <ybutas> damn elige
[0:04:03] <acrodexdota> PogChamp
[0:04:03] <Drizzed> GOD ELIGE
[0:04:03] <apach9> eligegod
[0:04:03] <+krAzyStanbG> PogChamp
[0:04:03] <respawncsgoo> q ota
[0:04:03] <maskirovka88> GOD ELIGE
[0:04:04] <Jiko909> holy
[0:04:04] <Dreaves> damnnn
[0:04:04] <theus_ca> CARALHOOOOOOOO
[0:04:04] <Brunuuuuh> Que ota ?
[0:04:04] <Deemiurge> QUE OTA?
[0:04:04] <SmellMyFingersYo> FailFish
[0:04:04] <jjkallani> WTFFFFFF
[0:04:04] <+syx_0> PogChamp
[0:04:05] <xNightOfficial> LUL
[0:04:05] <rubenaradadias> lul VACCCCCCCC
[0:04:05] <KazovV> LUL
[0:04:05] <Arctism> GOD ELLIGE
[0:04:05] <tiaogod> GOD
[0:04:05] <+Stanzify> GODLIGE
[0:04:05] <+DrMassacre> LOL WHY PEAK
[0:04:05] <Dropket> POG FUCKING CHAMP!
[0:04:05] <misterp3t3r> REKT
[0:04:05] <+asicit> vac
[0:04:05] <mohit4168914> omfg seriously ??
[0:04:05] <sp1ikez> GODLIGE
[0:04:06] <rain2_x> LETSGOOOOO
[0:04:06] <WKAcrision> GEEEEEEZ\
[0:04:06] <vixps> GOD ELIGE
[0:04:06] <+bmothebeast> THAT SHOT
[0:04:06] <mafia_king55> trash optic
[0:04:07] <aaustin92> PogChamp PogChamp PogChamp
[0:04:07] <+Crappertank9> GOD
[0:04:07] <+Unholy3x900x> best in na
[0:04:07] <Fatofi> BOA ELIJÃO
[0:04:07] <+CabooseDa2nd> PogChamp PogChamp PogChamp PogChamp
[0:04:08] <thunder174> QOTA?
[0:04:08] <+rtuck28> GOD ELIGE
[0:04:08] <cLassycs> QUE OTA
[0:04:08] <Tanatrex> QUE OTA
[0:04:08] <the_matzete> friberg wtf
[0:04:08] <+CraftyTheVape> WHAT A GOD
[0:04:08] <MyMumsSpagooti> vac
[0:04:08] <MogTempest> daaaaaaaaaaamn
[0:04:09] <Suorittaja_Hermaniac> EU CS LUL
[0:04:09] <denzoj> lololol
[0:04:09] <+merijane_> excuse me wtf just happened LUL
[0:04:09] <Confused_Cow> REDDIT
[0:04:09] <+AeacusAeolus> ELIGE
[0:04:09] <leozzera18> eligegod
[0:04:10] <jakobelee> GODLIGE
[0:04:10] <PachecoMX21> que ota?
[0:04:10] <jjkallani> GOD MODE
[0:04:10] <Sunny_choppers> ELIGE
[0:04:11] <zwaz_> FJUCKING ELIGEEEEEE
[0:04:11] <+iamthe4thhokage> ELIGE GOD
[0:04:11] <AskDrax> GOD ELIGE
[0:04:11] <+TKunder13> Same old story
[0:04:11] <PM_ME_USERNAMES> PogChamp
[0:04:11] <Ukoto> wtf
[0:04:11] <Keslley718> que otaaaaaaaaaaaaaaaaaa
[0:04:11] <papesonly> what a ROUND
[0:04:11] <vnikospetrakis> REKT
[0:04:11] <netovalois> eligao da massa
[0:04:12] <theemarkiin> QUE OTA
[0:04:12] <OtherJoesBlueBalls> opticVac
[0:04:12] <+ImBloodshade> ffs
[0:04:12] <Ice9solid> vac
[0:04:13] <+SaTiiC> how the fuck did they ask fucking RankS JamezIRL to cast?!?!
[0:04:13] <lefrenchoz> DAMN ELIGE
[0:04:13] <ybutas> Q OTA
[0:04:13] <Dropket> PogChamp
[0:04:14] <+Ekimonid> PogChamp
[0:04:14] <worldspwn> lmao NA deag
[0:04:14] <+BIGBOY409> 4Head
[0:04:14] <vi7_> QUE OTA?
[0:04:14] <bigboyf0rsberg> heckin lucky
[0:04:14] <henriquewalker> PogChamp PogChamp PogChamp PogChamp
[0:04:14] <M4RV3LLOUS> ..
[0:04:15] <+syx_0> QUE OTA
[0:04:15] <deerathCS> aimlock lul
[0:04:16] <rafatokairin> ota?
[0:04:16] <zSapphire> ELIJÃO
[0:04:16] <+aceclump> GOD ELIGE
[0:04:16] <+spin_me_cuin> TableHere FlipThis
[0:04:16] <princeroni> elijao
[0:04:18] <wet_dream_team> OpTic LUL
[0:04:18] <theus_ca> CHUVA DE QUE OTA
[0:04:18] <spookybu> every team i bet on gets fucked
[0:04:19] <Ice9solid> VAC
[0:04:19] <Cobollatin> Eliege vs 9
[0:04:19] <+Henriquee_HS> mito
[0:04:19] <ianamoly> Wtf
[0:04:19] <x_RaMz__> Wtf
[0:04:20] <xGeneralGaming> that was insane
[0:04:20] <KevinEatSleepRace> God
[0:04:20] <dashcs> Wtf he’s insane
[0:04:21] <Boonkgaaang> QUE OTAAAAA
[0:04:21] <just_e_fied> LIQUID
[0:04:23] <NotDennis> ELIGE
[0:04:23] <MutaMaster> ELIJAO
[0:04:23] <+Ryan97224> ELIGE!
[0:04:23] <aaustin92> Que otaaaa
[0:04:24] <jkn7698> WHY PEAK??
[0:04:25] <TravLLR> LUL
[0:04:25] <+DrMassacre> friberg peaking is sooooo fucking stuipid
[0:04:25] <thunder174> Q OTA?
[0:04:25] <leozzera18> que ota
[0:04:26] <Deemiurge> WANNA ANOTHA?
[0:04:26] <Thorn__> GOD ELIGE
[0:04:27] <Jiko909> LIQUID IS BEST BRAZILIAN TEAM
[0:04:28] <jjkallani> that was insanity
[0:04:31] <+tetradelta> wtf is this guy talking about man
[0:04:32] <S4UC3M4NNN> Why challenge there! play Time there
[0:04:33] <+iamthe4thhokage> hyphyLiquid hyphyLiquid hyphyLiquid hyphyLiquid
[0:04:35] <NotDennis> GOD ELIGE
[0:04:35] <liddarn> ALLU REVOLVER LUL
[0:04:35] <ehelloconga> R8
[0:04:35] <micadash> OOOOOOOOOOOOOOOOOOOOO
[0:04:35] <+Cookify> holy fuck this guy is annoying
[0:04:36] <facu_melendrez> allu r8?
[0:04:37] <Baho012> REVOLVER PogChamp
[0:04:37] <Remdog6> r8
[0:04:37] <GoldenQuap> ALLU R8
[0:04:38] <jakobelee> R8 LUL
[0:04:38] <+aceclump> NUTTY
[0:04:39] <theovollam> R8
[0:04:39] <mistersantos_> ELIGEE GOD
[0:04:41] <+CraftyTheVape> @bigboyf0rsberg in your dreams
[0:04:41] <Show_Me_Ya_Hooves> R8 whu
[0:04:41] <vnikospetrakis> STEELEGEND
[0:04:42] <yhomas20> elige carry
[0:04:43] <Ice9solid> R8
[0:04:44] <SmellMyFingersYo> r8 LUL
[0:04:45] <nunz1o> R8 LUL
[0:04:46] <vongolahollow> bot allu
[0:04:46] <leozzera18> BOTALLLU
[0:04:47] <syks14> allu8
[0:04:49] <jjkallani> this guy needs a doobie
[0:04:49] <+bmothebeast> allu's r8 PogChamp
[0:04:49] <+aceclump> r8 LUL
[0:04:50] <cospoly> Optic always lose them at rounds
[0:04:52] <Hshollysmoke> this is probably the worst caster ever
[0:04:52] <thunder174> R8 HYPE
[0:04:52] <vongolahollow> hahaa
[0:04:53] <farhan_nawab_66> OUTLAWS ALLU
[0:04:55] <+Zamahhh> vac
[0:04:55] <+Crypt135> R8 Clap
[0:04:56] <+monstarrs> Wow he was playing the game
[0:04:56] <M4RV3LLOUS> bot allu
[0:04:57] <+AyoEvan> HS HAIR LUL
[0:04:58] <multyge> quem tá aki para ver o lenda?
[0:04:59] <Dropket> I only need 3 things in this life, me, my aim and my deagle
[0:05:02] <Hshollysmoke> just shut it dude. seriously
[0:05:02] <+Gusud> R8
[0:05:02] <+Ryan97224> I love these casters
[0:05:03] <+aceclump> its high noon for allu
[0:05:04] <orgrinrt> blu is great but this other dude... oh man
[0:05:06] <bllaxcky> @multyge q
[0:05:06] <wrckluss> R8 PogChamp
[0:05:08] <donzeraa> @multyge nós! :D
[0:05:09] <Weezycs> bot allu
[0:05:16] <multyge> haha
[0:05:17] <SRendon> R8
[0:05:22] <MesaPan> wallhack
[0:05:23] <Shimsho> CONSISTENT
[0:05:23] <Hshollysmoke> yea blu is alright. the other dude needs to quit
[0:05:23] <Dropket> FailFish
[0:05:24] <SmellMyFingersYo> LUL
[0:05:26] <+PH0T1C> allu with the R8 LOL
[0:05:28] <AangDeAvatar> SPRAY
[0:05:29] <jakobelee> LUL
[0:05:29] <Riko31337> LUL ALLU LUL
[0:05:31] <Keynaj> R8 wtf
[0:05:33] <sp1ikez> few weeks?
[0:05:39] <sp1ikez> BOT ALLU
[0:05:40] <Keynaj> 10k VieWeRs aNd sTiLl No xD iN dA cHaT
[0:05:41] <Stormy_o> wtf is Allu thinking
[0:05:44] <Dropket> R8 the noob b8
[0:05:50] <Regis_V> nt
[0:05:51] <SmellMyFingersYo> NT
[0:05:52] <courtdate> what is optics flag? is it just navy blue?
[0:05:54] <lloyd6077> sooo dumb
[0:05:55] <+iamthe4thhokage> hyphyLiquid hyphyLiquid hyphyLiquid hyphyLiquid
[0:05:55] <RealAzo> nt
[0:05:56] <jkn7698> TAKE YOUR TIME
[0:05:57] <wrckluss> Nt
[0:05:57] <+JustinYNWA> nt
[0:05:58] <nectadean> steel 200 iq
[0:05:59] <jjkallani> cmon magisk
[0:05:59] <dffdlss> wtf
[0:06:01] <fattymatty1998> nt
[0:06:01] <Stickup11> xD
[0:06:01] <vi7_> STEEL SHIELD BibleThump
[0:06:02] <FlyingSquirlez> its the EU flag
[0:06:02] <MarihuanaJuhana> kill the planter idiot
[0:06:03] <+CallMeJono> EU flag
[0:06:03] <thyagojvc> steel 200iq
[0:06:05] <bigboyf0rsberg> nt
[0:06:06] <+GranteusTV> EU @suuuo
[0:06:06] <sp1ikez> GG liguid ez win allu is BOT today
[0:06:07] <+CraftyTheVape> Steel <3
[0:06:07] <lloyd6077> shoot the defuser oll?!?!?!?!
[0:06:07] <+JustinYNWA> @suuuo eu flag
[0:06:07] <PolishFlushaFan> @suuuo europe
[0:06:07] <manobrau1> Steel Kreygasm
[0:06:08] <MesaPan> @suuuo EU
[0:06:08] <ohwasup> would say nt but that was so winnable lol
[0:06:08] <amisnaru> steel FeelsGoodMan
[0:06:08] <breezycfc> shroud200
[0:06:09] <S4UC3M4NNN> @suuuo EU flag
[0:06:10] <baluzinho_> LETS GO LIQUID
[0:06:10] <thunder174> NT
[0:06:11] <PM_ME_USERNAMES> Thanks Man
[0:06:11] <fattymatty1998> steel watches rick and morty
[0:06:12] <BYxRZ> no trigger disipline
[0:06:12] <KriZahGG> @suuuo its the EU bud lmao
[0:06:12] <vnikospetrakis> STEELEGEND
[0:06:13] <nlconlconll> @suuuo its europe flag
[0:06:14] <+LBJGOAT> shroud200 shroud200 shroud200 shroud200 shroud200 shroud200
[0:06:17] <nunz1o> steel LUL
[0:06:20] <brianxxd33> stshield
[0:06:20] <Felpes1520> they are forcing LUL
[0:06:24] <jakobelee> @MarihuanaJuhana kill the DEFUSER IDIOT
[0:06:24] <arthurnfm> steeLIXO
[0:06:24] <boby1699> @suuuo its the eu flag cuz its a mixed team
[0:06:24] <Moms_Spaghetti1337> THE DEFUSER WAS BEING BLOCKED KIDS
[0:06:26] <diogorrr> steel taco QI
[0:06:28] <+jh8cs> @suuuo EU Flag
[0:06:28] <luiscarlosabregu> Mau5
[0:06:30] <Stormy_o> @suuuo believe it's meant to be an EU flag but the optic logo covers it nicely
[0:06:32] <MesaPan> @suuuo the emblem is covering the stars on the flag
[0:06:35] <courtdate> oh fuck the optic logo hides it so well i didnt even notice
[0:06:36] <Riko31337> steal 003 LUL
[0:06:36] <manobrau1> Steelegend SeemsGood
[0:06:37] <+Shimikon> HS HAIR LUL
[0:06:38] <mafia_king55> Bomb?
[0:06:40] <Crypo1221> why pick steel? there are many better players and he feels kind of washed up
[0:06:45] <bora_baheea_minha_porra> Steel barrier man
[0:06:55] <+bguner1> @riko31337 noob
[0:06:58] <Xitadasso> LUL STEEL SQUID LUL
[0:07:00] <Felpes1520> @Crypo1221 who?
[0:07:01] <cointreau7777> where is stan?
[0:07:04] <jakobelee> @Crypo1221 he is too talented for the rekt IMT team, and he has good history with zews
[0:07:06] <Moms_Spaghetti1337> @Crypo1221 Hes a good igl
[0:07:07] <Solo_Dolo_> STEEL = EZ FOR LIQUID
[0:07:08] <papesonly> StanIsLaw got replaced?
[0:07:11] <KazovV> allub > allu
[0:07:11] <DTurkey> @Crypo1221 who's washed up?
[0:07:11] <amisnaru> allu is a fine rifler
[0:07:11] <bora_baheea_minha_porra> NA hit
[0:07:12] <Riko31337> bguner1 ?
[0:07:29] <Solo_Dolo_> STEEL = EZ VS EU
[0:07:31] <courtdate> @cointreau7777 dropped for steel
[0:07:33] <Solo_Dolo_> EU CS LUL
[0:07:34] <+bguner1> @riko31337 jk lol =)
[0:07:39] <BigChump> WTF is that sound tho....jesuse
[0:07:39] <johnbny> allu iha apska
[0:07:42] <+iamthe4thhokage> hyphyLiquid hyphyLiquid lourTL lourTL
[0:07:43] <boby1699> @Crypo1221 its because he has good chemistry with steel, their coach, and also elige has been learning Portuguese so thats also good chemistry, and also they are mostly young players so yeah
[0:07:43] <teue> ALLU IOHA VITU APSKA
[0:07:44] <Damaddenwatcher> oof
[0:07:45] <+theruineddestiny> 1g
[0:07:45] <+the_last_templar> nice
[0:07:45] <+ItsPureLuck> BBQ
[0:07:45] <Zidzen> 1g
[0:07:45] <bonemealthelion> 1g
[0:07:46] <nectadean> god twistzz
[0:07:47] <808cs> BibleThump
[0:07:47] <bora_baheea_minha_porra> When the caster says N A hit.. Does it means a bad hit ??
[0:07:48] <p3dro> 1g
[0:07:48] <xNightOfficial> LUL
[0:07:48] <LPLEB4TOR> GOD TWIST
[0:07:48] <first_aid7435> ahahhah
[0:07:49] <TravLLR> 1g
[0:07:50] <wet_dream_team> OpTic LUL
[0:07:50] <luiz6645> LUL
[0:07:51] <vadelele> gg
[0:07:51] <SpawN_BR_> LUL
[0:07:51] <+Fire_C4p3z> 1g
[0:07:53] <amisnaru> man's hot
[0:07:54] <ehelloconga> lol
[0:07:54] <Goudacheesebestcheese> haHAA 1G haHAA
[0:07:55] <amigostar408> g
[0:07:55] <Army_Allen> what the actual hell
[0:07:55] <baluzinho_> GOD TWIST
[0:07:56] <santacrossz> trash optic
[0:07:57] <+iamthe4thhokage> 1g
[0:07:58] <laceick> steelllllll
[0:07:58] <maskirovka88> NOT 1G
[0:07:59] <slloowzz> steelenda
[0:07:59] <thyagojvc> steel made this team better
[0:08:00] <amigostar408> 1g
[0:08:00] <+TJspain> Kreygasm
[0:08:00] <giviet> LETS GO LIQUID
[0:08:01] <SpawN_BR_> Twistzz is so good omg
[0:08:02] <+bguner1> 1g
[0:08:02] <mafia_king55> Never check corners LUL
[0:08:02] <+Sparkie17> optic is useless
[0:08:04] <Tempurate> STEEL 1-3 LUL
[0:08:04] <lksn> GO STEEL
[0:08:04] <aduyeah> OpTic DISBAND LUL
[0:08:07] <PinoyStyleG> 200 iq 1g
[0:08:07] <fosforo3> 5/20
[0:08:08] <ignnn1> NO IS IG IDIOTS
[0:08:12] <santacrossz> trash team in the world
[0:08:13] <gustavo_muniz> STEEL GOD
[0:08:13] <+farrael004> BOPTIC LUL
[0:08:14] <OtherJoesBlueBalls> time to start drinking doctorTONIC
[0:08:19] <laceick> stan was the problem for botb these teams LOL
[0:08:20] <StayGodLike> I just scratched my balls and sniff my hands
[0:08:22] <suh_jcub> AWP SHAWT
[0:08:23] <808cs> TTours
[0:08:28] <Tempurate> someone tell me who's optics new IGL IS?
[0:08:29] <Kricksbr> Optic in csgo LUL optic in dota2 OMEGALUL
[0:08:34] <BLTNJ> steel is good and a good guy last interview i saw with him so im rooting for him
[0:08:36] <spookybu> botwell
[0:08:38] <aduyeah> friberg
[0:08:39] <eZaFForFaZe> jdm actually hitting shots PogChamp
[0:08:39] <santacrossz> idiot team
[0:08:39] <+Shimikon> PogChamp jdm
[0:08:40] <brwhyan> pretty sure friberg is optic igl
[0:08:40] <Helixosss> @jazidog it's friberg
[0:08:41] <OtherJoesBlueBalls> @JaziDog friberg
[0:08:41] <cointreau7777> JDM IS MY TriHard
[0:08:42] <bora_baheea_minha_porra> GOD JDM
[0:08:42] <+broken_lightsaber> optic cs just GO
[0:08:44] <Zidzen> BR Nade LUL
[0:08:45] <+tgn8r> BR NADE
[0:08:45] <+BoomDood> CLIPPING
[0:08:46] <+iamthe4thhokage> hyphyLiquid hyphyLiquid lourTL lourTL
[0:08:47] <Felpes1520> jdm is on today boy PogChamp
[0:08:47] <lefrenchoz> NA NADE
[0:08:48] <+Flacky31> NA STEEL
[0:08:49] <sp1ikez> Jdm PogChamp
[0:08:51] <+Thetrue_4> Wtf mixwell
[0:08:52] <rubenaradadias> NA NADE
[0:08:52] <orgrinrt> oop the nade
[0:08:57] <Xitadasso> bot steel
[0:08:59] <cotoquinhorealntc> STEELIQUID
[0:08:59] <+imhellagay0> optic literally have no strats
[0:09:00] <AimLikeTeddy> bo1
[0:09:01] <+littledinky420> -JDM +Josh Marzano
[0:09:02] <SpawN_BR_> YEAH MEN NADE
[0:09:03] <Tempurate> ok ty
[0:09:04] <+hollywood_sdk> -allu +stan
[0:09:05] <+Fire_C4p3z> go
[0:09:06] <kendrickiwnl> JDM IS SO GOOD Kappa
[0:09:07] <thyagojvc> steelGOD
[0:09:08] <vnikospetrakis> YEA MAN
[0:09:08] <Deemiurge> 7-1 incoming
[0:09:12] <arthurnfm> BOT steel
[0:09:15] <pepeuzete> YEAH MAN
[0:09:21] <Allaeyn> oh no bb
[0:09:23] <+Thetrue_4> Optic have no brains
[0:09:24] <+Redle01> steel have already learned the NA nade
[0:09:24] <AimLikeTeddy> bo1?
[0:09:24] <vnikospetrakis> STEELIQUID | STEELEGEND
[0:09:28] <Allaeyn> not teamliquid mirage
[0:09:29] <makemon> handegg LUL
[0:09:30] <camd9n> optic so trash
[0:09:31] <aaustin92> Josh Marzano 😍😍
[0:09:32] <The_PayN> optic LUL
[0:09:32] <cotoquinhorealntc> -STEAL +LUCAS LOPES
[0:09:39] <808cs> optic skill? LUL
[0:09:42] <Solo_Dolo_> EZ FOR NA COUNTER STIKE
[0:09:44] <ybutas> i mean 1.6 will be forever in our hearts but csgo is a much better game
[0:09:50] <Solo_Dolo_> HARD FOR EU ALL STARS
[0:09:52] <SpawN_BR_> JDM = Jogo Deitado Mesmo LUL
[0:09:52] <thyagojvc> -steel +steelega
[0:09:53] <+TOPMEMEGENIE> !casters
[0:09:53] <+tetradelta> WADU HEK
[0:09:53] <@Moobot> @TOPMEMEGENIE Casters are: @Blucsgo & @JamezIRL
[0:09:54] <IamSkelet0r> steel placed who???
[0:09:59] <+farrael004> NICE BOOST
[0:10:00] <MaconheiroCrackudo> Optic LUL LUL
[0:10:01] <+GrantVII> FLICK
[0:10:01] <melvim555> - steel + Taco
[0:10:01] <iReuben> Liquid choke on mirage; name a better duo
[0:10:04] <Suorittaja_Hermaniac> EU superteam losing again LUL
[0:10:04] <Magute> stan
[0:10:04] <$grandllamapigeon> mixwell overrated :(
[0:10:05] <brwhyan> steel replaced stanislaw
[0:10:08] <Helixosss> @iamskelet0r stan
[0:10:09] <+imhellagay0> optic most skill heavy team with no skill LUL
[0:10:10] <+TheGrantParker> @IamSkelet0r stanislaw is out
[0:10:11] <count3ring> @IamSkelet0r Stanislaw
[0:10:11] <YDGAshby> mute this caster
[0:10:11] <nectadean> Squid1 Squid2 Squid2 Squid2 Squid2 Squid4 Squid4
[0:10:12] <iBUYPOWER_IS_GARBAGE> fatberg LUL
[0:10:14] <sp1ikez> BOTWELL
[0:10:16] <+krAzyStanbG> btw haHAA
[0:10:16] <KazovV> optic LUL
[0:10:23] <+tetradelta> WADU HEK
[0:10:32] <BaX1391> btw friberg is overweight LUL
[0:10:33] <+OriginalPerry> trade trade trade trade sumW
[0:10:34] <IamSkelet0r> why is stanislaw out??
[0:10:36] <noodleswithanunderscore> Thought steel fixed a match?????? LUL LUL
[0:10:39] <$grandllamapigeon> why no info about group standings on the screen?!
[0:10:40] <brun0_cs> wadu hek
[0:10:54] <kendrickiwnl> @noodleswithanunderscore this is another steel...
[0:10:55] <SpawN_BR_> TACO best player in the world TACO top1 hltv confirmed TACO carry sk TACO > coldzera TACO > NiKo
[0:10:55] <+Foolacy> budget steel
[0:10:58] <0000Mingree> second caster is dogshit
[0:11:00] <+the_last_templar> nt steel
[0:11:01] <+krAzyStanbG> run..
[0:11:01] <thyagojvc> nt
[0:11:03] <SmellMyFingersYo> LUL
[0:11:03] <mafia_king55> God allu
[0:11:04] <+Sawyer_TV> boatyVV
[0:11:04] <+PH0T1C> aye
[0:11:05] <+Raphaelszx> ?
[0:11:06] <Cobollatin> LUL
[0:11:07] <brwhyan> nt
[0:11:07] <amisnaru> GOD ALLU
[0:11:08] <noodleswithanunderscore> @kendrickiwnl WOW REALLY
[0:11:08] <+its_Inflict> wp
[0:11:09] <bllaxcky> ?
[0:11:09] <Simonero_pt> GOD ALLU
[0:11:10] <rodrigogb1> nt
[0:11:12] <Deemiurge> he tried to drop allu's awp
[0:11:12] <gustavo_muniz> NT
[0:11:13] <thyagojvc> nt steelenda
[0:11:14] <cscry> nt
[0:11:14] <VictoryVee> not that nice you guys
[0:11:15] <Trirox> nt
[0:11:15] <bllaxcky> BT
[0:11:15] <leocardena> nt
[0:11:16] <respawncsgoo> bot nitro
[0:11:18] <arthurnfm> ????????????
[0:11:19] <slloowzz> nt
[0:11:19] <breezycfc> RAP GOD
[0:11:25] <cotoquinhorealntc> GAHDALLUUUW
[0:11:27] <gustavo_muniz> NT STEELEGEND
[0:11:32] <+broken_lightsaber> 4-16 incoming
[0:11:32] <merthins> Let's go OPTICCC
[0:11:34] <jahrayray> the ad overlay is ruining the stream and i have no sound help
[0:11:34] <+Sliggoo> everyone hit me with your best cs memes right now
[0:11:35] <SpawN_BR_> steel cz > steel m4
[0:11:38] <thyagojvc> steelGOD
[0:11:38] <+AyoEvan> CZGO
[0:11:39] <eZaFForFaZe> PogChamp
[0:11:39] <arthurnfm> horrible try
[0:11:40] <+krAzyStanbG> cz op
[0:11:40] <kendrickiwnl> @noodleswithanunderscore you know you cant tell when someone is serious on a twitch chat right??
[0:11:41] <+oVaado> pawv lul
[0:11:42] <vnikospetrakis> STEELEGEND
[0:11:43] <sparrrta> pov
[0:11:43] <MyMumsSpagooti> CZ OP
[0:11:44] <luiz6645> fallen games acadamey
[0:11:45] <Nebyl> noo maggic
[0:11:47] <aduyeah> TACO < any idiot from MM
[0:11:47] <doomsday4561> pawve
[0:11:47] <ErickVortex> Steel!
[0:11:48] <sybrenvdm> how do you lose tha
[0:11:49] <maskirovka88> BadFallen Academy
[0:11:49] <gustavo_muniz> STEELEGEND
[0:11:50] <santacrossz> ak lose
[0:11:50] <Ogoid2252000> STEELENDA
[0:11:51] <Wook_X> Optic playing so bad
[0:11:52] <notcerealkiller> did he just shorten pov?
[0:11:52] <mafia_king55> Pov P.O.V
[0:11:53] <+bigbadpitt> i hate james
[0:11:54] <wet_dream_team> Bot Magisk
[0:11:54] <courtdate> pauv???
[0:11:54] <1996james1996> please lose liquid
[0:11:58] <r0nalda0> STELENDA
[0:11:58] <BLTNJ> this guy just said pov
[0:11:59] <MaconheiroCrackudo> -Taco +Steel
[0:11:59] <@Moobot> Uptime is: 5h 13m 24s
[0:12:00] <papesonly> Steel and ELIGE best players
[0:12:03] <courtdate> pee oh vee
[0:12:04] <+ZiggyCS> CZ:GO
[0:12:05] <ybutas> mixwell really wants to go window lol
[0:12:05] <r0nalda0> BR CARAI
[0:12:11] <noodleswithanunderscore> @kendrickiwnl The message being in twitch chat is a pretty good sign
[0:12:14] <MesaPan> @Sliggoo 16k viewers in Major LUL
[0:12:17] <eZaFForFaZe> ResidentSleeper
[0:12:18] <lejkah> clg
[0:12:20] <AimLikeTeddy> GOD ALLU
[0:12:21] <ziltoide> GOD ALLU
[0:12:22] <Fakepot> GOD ALLU
[0:12:22] <vongolahollow> steelll
[0:12:23] <r0nalda0> BOTA NA TELA DO STELL
[0:12:23] <1996james1996> please die liquid lol haha
[0:12:26] <cotoquinhorealntc> GODAHLUU
[0:12:26] <+wAVe_cs> god allu
[0:12:26] <wet_dream_team> God Allu
[0:12:26] <ticolinozika> steel>>>TACO
[0:12:31] <SmellMyFingersYo> DAYM
[0:12:34] <sp1ikez> GOD ALLU
[0:12:35] <SpawN_BR_> 16k viwers in major final LUL
[0:12:39] <1996james1996> god allu save as
[0:12:40] <+bigbadpitt> why do they hire james lmao
[0:12:44] <devoc_tv> rap god
[0:12:44] <papesonly> JDM laying an egg this match
[0:12:45] <kendrickiwnl> @noodleswithanunderscore maybe, but i a guy thats new to cs could of say taht
[0:12:46] <$grandllamapigeon> CASTER RAP GOD
[0:12:47] <Allaeyn> WIOEASDkAS LALU
[0:12:48] <Goudacheesebestcheese> haHAA major final haHAA
[0:12:53] <iBUYPOWER_IS_GARBAGE> 5-2 LUL
[0:12:54] <+PurpleJerry> having BR in your name LuL
[0:13:00] <sp1ikez> rap god
[0:13:01] <+TJspain> CASTER RAP
[0:13:02] <aaustin92> Rap gof
[0:13:10] <iAmArvut> RAP GOD
[0:13:13] <ticolinozika> ALLU LUL
[0:13:13] <papesonly> BOT ALLU
[0:13:16] <humanloko> A LUL
[0:13:16] <YDGAshby> HS PogChamp
[0:13:16] <KazovV> GOD DHS
[0:13:16] <OtherJoesBlueBalls> Yes
[0:13:16] <kendrickiwnl> 1g
[0:13:17] <psychopt123> WHAT
[0:13:18] <FacetoFace39> GOD HS
[0:13:19] <godclutchezround> heashot
[0:13:19] <devoc_tv> saved
[0:13:20] <+MrKennz> ????
[0:13:20] <jakobelee> HS FOR HS
[0:13:20] <+TheGrantParker> wtf
[0:13:20] <sp1ikez> BOTBALLU
[0:13:21] <+krAzyStanbG> hs god
[0:13:21] <amisnaru> PogChamp
[0:13:21] <Kgvipercobra> calculated Kappa
[0:13:21] <SmellMyFingersYo> NOICE
[0:13:22] <thyagojvc> VCA
[0:13:22] <+PH0T1C> aye
[0:13:22] <conundrum_> PogChamp
[0:13:22] <jkn7698> WINT THIS ONE PLEASE
[0:13:22] <+tflow> PogChamp NA SAVE PogChamp
[0:13:22] <+merijane_> 16
[0:13:22] <RealAzo> haha
[0:13:22] <BLTNJ> allu whiff
[0:13:22] <LPLEB4TOR> LUL
[0:13:23] <Bryan24st> OOOOooo
[0:13:24] <SimenDog> GOD HS
[0:13:25] <leocardena> so lucky
[0:13:25] <KazovV> LUL
[0:13:26] <maskirovka88> TIMEWARP
[0:13:26] <mafia_king55> God HS
[0:13:26] <vadelele> LUL
[0:13:26] <Baho012> VAC
[0:13:26] <janrplays> get fucking deleted twist
[0:13:27] <Konephoros> HeyGuys
[0:13:27] <eZaFForFaZe> HS with the HS PogChamp
[0:13:27] <godclutchezround> headshot xDddddd
[0:13:27] <+Callum93_> karmaOG karmaOG karmaOG
[0:13:28] <Wallb0ng> HS PogChamp
[0:13:28] <merthins> BOT ALLU
[0:13:28] <+social_gg> PogChamp
[0:13:28] <MarihuanaJuhana> wtf tomato
[0:13:28] <thyagojvc> VAC
[0:13:28] <sp1ikez> head shot
[0:13:30] <casperpld> mind controla
[0:13:30] <nanofps> yes
[0:13:31] <ybutas> JAMES BOND
[0:13:32] <arthurnfm> god steel
[0:13:32] <janrplays> DELETED TWIST
[0:13:33] <the_matzete> EU SAVE PogChamp
[0:13:34] <+CallMeJono> all planned
[0:13:34] <+merijane_> GOD HS
[0:13:35] <J_JoeKickass> EU SAVE
[0:13:36] <malikjhin> just lucky for optic
[0:13:37] <nunz1o> XD
[0:13:37] <oficialpacheco> HS ResidentSleeper
[0:13:37] <Vindikas> xD
[0:13:37] <Illuminutu> TriHard 7
[0:13:37] <+krAzyStanbG> DX
[0:13:37] <funkyggwp> xD
[0:13:40] <cointreau7777> NA SAYS NA SAVE LUL
[0:13:40] <G_howl> XD
[0:13:40] <wxleed1> GOD HairSpray
[0:13:42] <NightFury327> XD
[0:13:42] <vnikospetrakis> XD
[0:13:45] <Ryker_4> @janrplays mad he's better than every trashcan on optic OMEGALUL
[0:13:45] <rafatokairin> karmaog
[0:13:47] <papesonly> HS GOD LUL it takes alot of skill to hide in a corner
[0:13:47] <Jyroscopic> OG HeadShot
[0:13:49] <sMiiika> one more "one more "XD" and im out" and im out
[0:13:49] <cotoquinhorealntc> xdxdxdxdxdxdxdxdxdxdxdxdxdxdxdxdxdxd
[0:13:49] <iBUYPOWER_IS_GARBAGE> HS hair LUL
[0:13:51] <OtherJoesBlueBalls> doctorWARCRY karmaOG
[0:13:52] <Illuminutu> WHERE MY TriHard 7
[0:13:52] <Solo_Dolo_> EZ FOR BEST TEAM NA - LIQUID
[0:13:52] <TheVenomousKirby> I like carrots too
[0:13:53] <+chebrawski> doctorBEST doctorBEST doctorBEST doctorBEST doctorBEST
[0:13:56] <ziltoide> GOD ALLU
[0:13:56] <nobom0> GOD ALLU
[0:13:56] <AimLikeTeddy> GOD ALLUU
[0:13:56] <Fakepot> GOD ALLU
[0:13:57] <rafatokairin> karmaOG
[0:13:57] <+TheNineDogs> @classygengar ew
[0:13:57] <Solo_Dolo_> EZ IZI
[0:13:57] <pojupillu> GOD ALLLLU
[0:13:57] <SmellMyFingersYo> PogChamp
[0:13:58] <fakermoi> GOD ALLU
[0:13:58] <GooneOG> XD
[0:13:58] <awesome_nico> GOD ALLU
[0:13:59] <YDGAshby> ALLUUUUUU
[0:13:59] <maskirovka88> GOD ALLU
[0:13:59] <KazovV> GOD ALLU
[0:14:00] <micadash> HS STANDS FOR HAIR-SPRAY
[0:14:00] <ybutas> GOD ALLU
[0:14:00] <LPLEB4TOR> GOD ALLU ??
[0:14:00] <+CallMeJono> GODALLU
[0:14:00] <Mathias_H> GOD ALLU
[0:14:01] <$grandllamapigeon> GOD ALLU
[0:14:01] <mth39> @classygengar broccoli is better
[0:14:01] <+harm0nii> GOD ALLU
[0:14:04] <+its_Inflict> GOD ALLU
[0:14:04] <the_matzete> ALLU PogChamp
[0:14:05] <iBUYPOWER_IS_GARBAGE> EZ
[0:14:07] <+farrael004> wtf
[0:14:07] <SimenDog> GOD ALLU
[0:14:08] <funkyggwp> GOD JALLU
[0:14:08] <MariusLL> ALLUUUUUUUUU
[0:14:09] <MaconheiroCrackudo> God allu
[0:14:09] <cotoquinhorealntc> Gahllu
[0:14:09] <+irishbashy> ALLU
[0:14:10] <J_JoeKickass> @classygengar liking carrots KappaPride
[0:14:11] <LPLEB4TOR> BOTWELL LUL
[0:14:12] <devoc_tv> elige is insane
[0:14:13] <sp1ikez> GOD ALLU
[0:14:13] <DROPEICAIXA> USPED
[0:14:14] <vadelele> allu entryfragger 4Head
[0:14:15] <Kalanpaskaoljy69> DOG ALLU
[0:14:15] <$grandllamapigeon> MIXWELL = OVERRATED
[0:14:17] <Suorittaja_Hermaniac> chat moving so fast no one will notice NA is still better Clap
[0:14:17] <basketballking04> GOD ALLu
[0:14:17] <ybutas> or BOT ALLU?
[0:14:17] <1996james1996> allu save as
[0:14:17] <iBUYPOWER_IS_GARBAGE> BOT ALLU
[0:14:18] <kendrickiwnl> god allu
[0:14:19] <+MrKennz> BOT ALLU
[0:14:19] <usagi_k> FeelsBadMan
[0:14:20] <AimLikeTeddy> BOT ALLU
[0:14:21] <Manus2002> bot to god in 1 round xD
[0:14:22] <doc30holliday> Bot Allu
[0:14:22] <papesonly> GOD STEEL
[0:14:23] <derp_status> BOT
[0:14:24] <+merijane_> BOT ALLU
[0:14:25] <vongolahollow> bot alluuu
[0:14:25] <Solo_Dolo_> ??
[0:14:26] <SmellMyFingersYo> BOT ALLU LUL
[0:14:28] <mongoose80> GOD ALLU
[0:14:29] <cotoquinhorealntc> BOD ALLU HEHEHEE
[0:14:29] <derp_status> FeelsBadMan
[0:14:31] <+TJspain> TILTELD MIXWELL
[0:14:31] <NielsC007> TriHard
[0:14:35] <+Callum93_> Faze losing 7-1
[0:14:37] <+MrKennz> ELIGE AFK LUL
[0:14:40] <Illuminutu> TriHard 7
[0:14:41] <mayconGOD> nt steel
[0:14:41] <Solo_Dolo_> GOD ALLU LUL, EU FANBOYS LUL LUL
[0:14:43] <derp_status> FeelsGoodMan
[0:14:44] <Wroclawski> THEYRE ALL BOTS
[0:14:49] <oficialpacheco> Mp7 4Head 4Head
[0:14:53] <The_PayN> 4
[0:14:53] <mafia_king55> 4
[0:14:54] <cotoquinhorealntc> @Callum93_ BRAZIL X GERMANY
[0:14:55] <thyagojvc> nt steel Kapppa
[0:14:57] <Allunen> Suomi fanboys ;D
[0:15:01] <Kaukalo> boatyVV
[0:15:05] <Kricksbr> TriHard
[0:15:05] <thyagojvc> baldo
[0:15:06] <OtherJoesBlueBalls> Magisk_Man
[0:15:07] <papesonly> Magisk has an smg... who cares LUL
[0:15:09] <orgrinrt> weird that magisk is hunting? with the smg?
[0:15:12] <BLTNJ> triple ot ... callin it now
[0:15:14] <ohwasup> that was with stan wtf thats irrelevant
[0:15:14] <doc30holliday> Wow, how interesting
[0:15:17] <FacetoFace39> GAMBIT 8-1 FaZe LOL
[0:15:18] <iBUYPOWER_IS_GARBAGE> 5-4 100% Kappa
[0:15:19] <orgrinrt> this caster... ugh
[0:15:20] <ErickVortex> N sei pq o steel achou worth nao tentar trocar p250 por AK
[0:15:21] <Suorittaja_Hermaniac> @Allunen Mee nukkuu
[0:15:22] <Mathias_H> ???
[0:15:23] <aikido6> TriHard
[0:15:28] <9ineteen> hello, mirage t or ct sided? thanks
[0:15:29] <+the_last_templar> CoolStoryBob
[0:15:31] <fosforo3> em 8 rounds o steel ja matou mais q o taco o game inteiro
[0:15:31] <lieNCS> HUNTING FOR MONEY BRAINDED JAMES
[0:15:33] <+social_gg> Dosia God
[0:15:35] <xlagartinhax> kreygarm
[0:15:36] <+stollyyy> hunting nwith mp7 LUL
[0:15:39] <SpawN_BR_> NA 0 majors. Bye HeyGuys
[0:15:40] <ForceBM> ct
[0:15:42] <cotoquinhorealntc> @fosforo3 dfndfsnkidfosdra eyaeayegyayegahyeyhaeyhayheayheyayheahyehyae
[0:15:43] <+Dudley__> JamesIRL is horrible at casting oml
[0:15:44] <mayconGOD> GOD STEEL
[0:15:45] <sp1ikez> Lol miten vitus etteboo nukiumas
[0:15:46] <LPLEB4TOR> LOL
[0:15:49] <sp1ikez> nukkumas
[0:15:50] <+Austmontgomery> not 60 fps DansGame
[0:15:52] <Felpes1520> optic lucky
[0:15:52] <Allunen> @suorittajaa21 no sulleha tuli äkkiä paha mieli:)
[0:15:53] <hrQx> vac
[0:15:54] <psychopt123> fuck liquid
[0:15:54] <thyagojvc> god steel lol
[0:15:55] <OtherJoesBlueBalls> NA Molly
[0:15:58] <SmellMyFingersYo> mee nukkuu
[0:15:58] <+KryptoPuff> EUU MOLLY
[0:15:58] <malikjhin> gg
[0:15:59] <santoss14> NA molly
[0:15:59] <mafia_king55> God steel? LUL
[0:16:00] <FacetoFace39> GODBERG
[0:16:00] <sepaniuss> ei oo kouluu huomenna
[0:16:06] <Fakepot> lintsaan kouluu huomen
[0:16:08] <papesonly> this caster need to take some nose spray or blow his nose LUL
[0:16:08] <arthurnfm> steel spray
[0:16:08] <kira4812> LETS GOO OPTIC
[0:16:09] <Kricksbr> monkaS
[0:16:09] <Lordxina> @fosforo3 seria interessante ver ele no lugar do taco na sk
[0:16:11] <DROPEICAIXA> ResidentSleeper CASTER ResidentSleeper
[0:16:12] <+mr_fap_aholic> monkaS
[0:16:12] <mayconGOD> look at that kill
[0:16:13] <malikjhin> gg liquid omg
[0:16:13] <cotoquinhorealntc> SA : 2 Majors NA 0 majors and a 2 chokes
[0:16:13] <Doddles> Tapelkaa
[0:16:16] <Karma_9> fix the audio
[0:16:17] <Suorittaja_Hermaniac> @Allunen oon sun luokan veeti, moro :)
[0:16:17] <mclainnail> !bracket
[0:16:17] <@Moobot> @mclainnail https://twitter.com/IEM/status/930851641242238976
[0:16:18] <OtherJoesBlueBalls> karmaGW karmaGW karmaGW karmaGW
[0:16:19] <thyagojvc> steel is going huge KappaPride KappaPride
[0:16:19] <makemon> menkää töihi
[0:16:20] <+Fushers> monkaS
[0:16:21] <sp1ikez> Ite asun jenkeis no problem
[0:16:24] <doc30holliday> LUL
[0:16:25] <JoH610> vois mennä polttaa jointin
[0:16:25] <emanuelskate1212> I put 150 bucks on optic
[0:16:25] <SmellMyFingersYo> LUL
[0:16:25] <lieNCS> ??
[0:16:26] <Suorittaja_Hermaniac> @Allunen ja maksa ne velat
[0:16:29] <+LelAplus> LUL
[0:16:29] <thyagojvc> ????
[0:16:29] <imm0bot> godwell
[0:16:30] <juansetama> godwell
[0:16:31] <teteguapo69> godwell
[0:16:32] <+ShuzZzle> owned lol :D
[0:16:33] <KazovV> GODWELL
[0:16:35] <stewiegriffinV2> lol
[0:16:35] <JohnVAC> ????
[0:16:37] <jakobelee> GODWELL LUL
[0:16:37] <slacky> GODWELL
[0:16:40] <+LelAplus> mxwGODWELL mxwGODWELL mxwGODWELL
[0:16:40] <Allunen> @suorittajaa21 ketä käy kouluavielä 2k17?
[0:16:40] <Allaeyn> HE FEELS IT
[0:16:41] <merthins> lool
[0:16:41] <+TJspain> GODWELL
[0:16:43] <+irishbashy> godwell
[0:16:44] <+n0clu> jdm needs to turn on hrtf
[0:16:44] <dieman001> izi
[0:16:45] <tan3l11> itellä töitä klo 7
[0:16:45] <Brunuuuuh> NA SAVE 4Head
[0:16:46] <vadelele> BOTALLU
[0:16:47] <OtherJoesBlueBalls> mxwGODWELL
[0:16:47] <+asicit> mixwell will find u
[0:16:50] <Joputa3v> 4Head
[0:16:51] <Allaeyn> GODWELL
[0:16:51] <JXHNV> WHWELL
[0:16:52] <+mrccs_go> SA spray
[0:16:53] <JoH610> vitusti dänkkiä
[0:16:53] <+Stat_Padford> mxwGODWELL mxwGODWELL mxwGODWELL
[0:16:55] <+Trevorh20> mangoWiener mangoWiener mangoWiener
[0:16:55] <makemon> @Allunen kuka*
[0:16:57] <+social_gg> Still Talking DansGame
[0:16:58] <Suorittaja_Hermaniac> @Allunen oon 12
[0:17:01] <wxleed1> rifsels
[0:17:01] <Itskobraaa> Cmon OG
[0:17:07] <TuTone_> rifesulls
[0:17:11] <AimLikeTeddy> LUL
[0:17:11] <+LelAplus> mxwGODWELL mxwGODWELL
[0:17:11] <KazovV> GODWELL
[0:17:14] <jakobelee> godwell
[0:17:14] <OtherJoesBlueBalls> karmaOG mxwGODWELL mxwGODWELL mxwEz
[0:17:15] <mafia_king55> GodWell
[0:17:15] <nobom0> mature, word of the day
[0:17:15] <zjandee> töihin se täytyypi kohta lähtä
[0:17:16] <+TheGrantParker> GODWELL
[0:17:18] <Kricksbr> Guys stop spamming monkaS monkaS :point_right: :chart_with_upwards_trend:
[0:17:19] <bernie1400> HELPPO ENCELLE
[0:17:20] <JXHNV> SPRAYWELL
[0:17:21] <BruceKoston> ecowell
[0:17:22] <Quadrants> TriHard
[0:17:23] <+sweatpants96> STEEL PogChamp
[0:17:24] <pojupillu> hs..
[0:17:25] <sepaniuss> @Allunen ammattikorkeeta
[0:17:30] <iBUYPOWER_IS_GARBAGE> BOT ALLU
[0:17:31] <+TJspain> GOOD SPRAY GODWELL
[0:17:32] <mayconGOD> godallu
[0:17:32] <AimLikeTeddy> BOT ALLU
[0:17:33] <fakermoi> TIMING
[0:17:33] <Inagural> MonkaS
[0:17:33] <itsplayerbr> STEAAL LOVES!
[0:17:33] <Zidzen> BOT Allu
[0:17:34] <+merijane_> ???
[0:17:35] <ErickVortex> LUL
[0:17:38] <arthurnfm> steel cz is god
[0:17:39] <iGotchaa> BOT ALLU LUL
[0:17:39] <cotoquinhorealntc> BOT ALLUU
[0:17:41] <Fakepot> TIMING
[0:17:42] <+social_gg> "OoooooOoOOOO" - Caster 2017 Kreygasm
[0:17:43] <Zidzen> vac
[0:17:45] <JohnVAC> BOT
[0:17:46] <KazovV> BOT ALLU
[0:17:46] <amisnaru> allu unluckiest pro ;(
[0:17:47] <DonClevv> BOT ALLU
[0:17:51] <+littledinky420> Onde fica a casa de banho? @mim plz
[0:17:52] <wxleed1> no kit
[0:17:54] <+mrccs_go> steelenda
[0:18:02] <KazovV> LUL
[0:18:03] <thiccdoge> BOT NITRO
[0:18:05] <ohwasup> bot nitro > bot allu
[0:18:05] <den1_csg0> LUL
[0:18:06] <mafia_king55> Bot nitro
[0:18:11] <+tflow> awww man
[0:18:13] <merthins> xd
[0:18:13] <sp1ikez> lol
[0:18:14] <mayconGOD> nt steel
[0:18:14] <+LelAplus> mxwGODWELL mxwGODWELL mxwGODWELL
[0:18:14] <thyagojvc> nt
[0:18:15] <Pandees> NotLikeThis
[0:18:15] <+social_gg> All 10 bots
[0:18:16] <banjopena> GOD ALLU
[0:18:17] <Wallb0ng> NA save LUL
[0:18:17] <Fruam> 322
[0:18:17] <+asicit> he will find u
[0:18:18] <cotoquinhorealntc> GOD STILL
[0:18:19] <+CallMeJono> mixwell 200iq
[0:18:21] <devoc_tv> yeah man
[0:18:22] <nunz1o> steel LUL
[0:18:23] <xBL1TZ> vai com a faca na mão mesmo trouxa
[0:18:23] <dieman001> izizizizi
[0:18:23] <wet_dream_team> NA save LUL
[0:18:23] <C9Chopin> NOOO MAN
[0:18:24] <SimenDog> READ
[0:18:25] <kinamax> MAN LUL
[0:18:25] <Samihoppana> ya man TriHard
[0:18:27] <OGZER0> Mixwell so smart man
[0:18:28] <ohwasup> idiots saying nt?..... wtf did he do lmao
[0:18:31] <+TJspain> GODWELL BRAIN
[0:18:32] <cuebic> YEAH MAN
[0:18:36] <thyagojvc> steel 8-7 PogChamp PogChamp
[0:18:38] <cbbyaall> BOT Steel
[0:18:42] <iBUYPOWER_IS_GARBAGE> FIXINS KKona
[0:18:43] <+lCLipZ> nt
[0:18:45] <b3avr> r8 monkaS
[0:18:46] <+valentine888> EU guys have never even held a gun LUL
[0:18:48] <HaveSomeRekage> !bracket
[0:18:48] <@Moobot> @HaveSomeRekage https://twitter.com/IEM/status/930851641242238976
[0:18:49] <mafia_king55> R8
[0:18:50] <Ryker_4> nt
[0:18:50] <godclutchezround> they r brazillians
[0:18:52] <beto7856> ???
[0:18:52] <Suorittaja_Hermaniac> Mennäänkö me torille jos optic voittaa?
[0:18:53] <papesonly> someone tell the caster to blow his nose
[0:18:56] <MesaPan> @ohwasup that's the point
[0:18:57] <R0MVLVS> PeoplesChamp
[0:18:58] <artydaking> Where is stanislaw?
[0:18:59] <sheavilon> classic optic dumb mistakes
[0:18:59] <ffcsilveira> @valentine888 LUL
[0:19:01] <Nater___Tater> liquid sucks
[0:19:04] <+TJspain> FailFish FailFish
[0:19:05] <Weillor> mennään torille
[0:19:08] <+social_gg> Stan died in a fire
[0:19:09] <HiggersHD> R8 memeing
[0:19:11] <cotoquinhorealntc> OpieOP
[0:19:12] <Pandees> LUL
[0:19:13] <ohwasup> @MesaPan is nt nice try or not today lmao people use it as both
[0:19:13] <nunz1o> monkaS
[0:19:13] <+PH0T1C> @headshotkabasko check his twitter
[0:19:13] <iBUYPOWER_IS_GARBAGE> BOTBERG
[0:19:14] <sheavilon> ?????
[0:19:14] <bernie1400> ei mennä saatana
[0:19:16] <sepaniuss> nähään vaiks puutorilla
[0:19:16] <+MrKennz> BOTBERG LUL
[0:19:17] <syync1> stanis was kicked
[0:19:18] <Fruam> 322
[0:19:19] <+social_gg> IRL 1G
[0:19:21] <Solo_Dolo_> ??
[0:19:22] <orgrinrt> NO. just no. that smoke's still standing?
[0:19:25] <markigual> FAVELAS ResidentSleeper IN THE ResidentSleeper CHAT ResidentSleeper
[0:19:25] <Weillor> TURKU MAINITTU
[0:19:25] <$grandllamapigeon> ALLU R8
[0:19:26] <AimLikeTeddy> NA NADE
[0:19:28] <vnxx> Steel <3
[0:19:36] <+d15cipl3> NA NADE FeelsBadMan
[0:19:39] <iBUYPOWER_IS_GARBAGE> SKRRT
[0:19:43] <breezycfc> AKRT
[0:19:43] <Keyeh> NA allu LUL
[0:19:44] <+EzeSkinn> srsly that smoke needs to be fixed
[0:19:44] <NotOsprey> skrt round the corner
[0:19:45] <MesaPan> @ohwasup "nice try" classic cogs twitch chat spam
[0:19:46] <mayconGOD> GODSTEEL
[0:19:46] <+MrKennz> EZ Steel
[0:19:47] <ytheusbk> STELENDA
[0:19:47] <devoc_tv> LETS GO MAN
[0:19:49] <+iamthe4thhokage> hyphyLiquid hyphyLiquid lourTL lourTL
[0:19:50] <thyagojvc> steelGOD
[0:19:50] <+gitband> WZ
[0:19:50] <vi7_> STEW <3
[0:19:51] <pepeuzete> GOD STEEL
[0:19:51] <WillAmakel> yeah maan
[0:19:53] <cuebic> YEAH MAN
[0:19:54] <+Gyll> 200IQ
[0:19:54] <r0cc0yt> SKKKKRRRTTTTTTTTTTTT
[0:19:54] <vnikospetrakis> STEELEGEND
[0:19:54] <MaconheiroCrackudo> Max steel
[0:19:56] <sybrenvdm> bad play lel
[0:19:56] <+OriginalPerry> nice man
[0:19:56] <MesaPan> cogs*
[0:19:57] <Aknoden> YEAH MAN
[0:19:57] <+gitband> EZ
[0:19:58] <+oriencsgo> missed ak
[0:19:58] <+tehgin> ez4godsteel
[0:20:00] <Cmath77> YEAH MAN
[0:20:00] <baluzinho_> OH MAN
[0:20:01] <zjandee> NA tehny tepposia Allulle
[0:20:02] <+Esaw7> maaaaaaaaaaan
[0:20:04] <MesaPan> csgo*
[0:20:04] <+the_last_templar> dayum steel carrying
[0:20:04] <+ethans9999> YEAH MAN
[0:20:06] <thyagojvc> steel 10/7 PogChamp PogChamp
[0:20:06] <bora_baheea_minha_porra> Steel top fragger
[0:20:07] <vixps> STEEL MAN PogChamp
[0:20:08] <fosforo3> steel>abism>taco
[0:20:09] <Lyork12> so the money is in a good spot...
[0:20:09] <nin9r> What was the problem with the smoke?
[0:20:14] <sybrenvdm> optic rushing like noobs and no communication
[0:20:15] <Fepolk> Yeah maan
[0:20:16] <Damaddenwatcher> OOF
[0:20:16] <NutnSpecial> LUL
[0:20:16] <iBUYPOWER_IS_GARBAGE> 1g
[0:20:17] <AimLikeTeddy> 1G ALLU
[0:20:17] <+kevinf1978> 1G
[0:20:17] <pufftrees420> bot allu
[0:20:17] <Felpes1520> BOT HAHAHA
[0:20:17] <OtakuSounds> 1g
[0:20:17] <kelv1NnNTC> bot ALLU
[0:20:17] <+social_gg> BOT ALLU
[0:20:18] <NtNbllhh> LUL
[0:20:18] <KazovV> 1g
[0:20:18] <audio9849> why does it look like doo doo?
[0:20:18] <mayconGOD> GOD ALLU
[0:20:18] <lukejw91> KAPPA
[0:20:18] <thyagojvc> LUL
[0:20:18] <pepeuzete> YEAH MAN
[0:20:19] <Mathias_H> BOT ALLU
[0:20:19] <TriHardsmurfer> EleGiggle EleGiggle EleGiggle EleGiggle LUL
[0:20:19] <wet_dream_team> Bot Allu
[0:20:19] <xBleyD> 1g
[0:20:19] <+ItsPureLuck> BBQ
[0:20:20] <+iamthe4thhokage> 1g
[0:20:20] <엔리케육년육년육년> allu 4Head
[0:20:20] <jsjarv> BOT ALLU
[0:20:20] <xfreakerx> LIQUID STEEL
[0:20:20] <+ethans9999> LOL
[0:20:20] <Kricksbr> TEAM OPTIC RUNDS monkaS :point_right: :chart_with_upwards_trend:
[0:20:20] <doomsday4561> ns allu
[0:20:21] <808cs> BOT AF.
[0:20:21] <bora_baheea_minha_porra> ALLU LUL
[0:20:21] <ytheusbk> Alu Kappa
[0:20:21] <mafia_king55> Bot allu
[0:20:22] <BORO_I_> GOD
[0:20:22] <elemmment> 1H
[0:20:22] <+v0rtex546> BOT ALLU LUL
[0:20:22] <jakobelee> BOT ALLU
[0:20:22] <baluzinho_> 1G
[0:20:23] <+KanyonWilson> bot allu
[0:20:23] <phenriqueos97> god allu
[0:20:24] <sirchaosxx> NT ALLU
[0:20:24] <iLLest_vaniLLa> maaaaan
[0:20:24] <vongolahollow> bot alluuu
[0:20:24] <+AeacusAeolus> what did I miss
[0:20:24] <lefrenchoz> KEK 1G
[0:20:25] <dothepurpwalk> 1ggg
[0:20:25] <+Wamlab> !schedule
[0:20:25] <@Moobot> Schedule - http://en.intelextrememasters.com/season-12/oakland/tournament/schedule/ :)
[0:20:25] <Suorittaja_Hermaniac> ALLU Clap
[0:20:25] <KKBB01> BOT ALLU
[0:20:26] <merthins> BOT ALLUUUU
[0:20:27] <ModVallve> 1g
[0:20:28] <Mustlemanliam> bot allu
[0:20:28] <bora_baheea_minha_porra> ALLUL
[0:20:29] <sp1ikez> ALLU LUL
[0:20:29] <aaustin92> LUL
[0:20:30] <+its_Inflict> BOT ALLU
[0:20:31] <THIAGOOOOALM13> bot allu
[0:20:32] <TheSwegBucket> @the_last_templar 1 more kill = carrying LUL
[0:20:33] <noodleswithanunderscore> NAllu
[0:20:33] <DonClevv> ALLU SO TERRIBLE LUL
[0:20:33] <iBUYPOWER_IS_GARBAGE> BOT HS
[0:20:34] <arthurnfm> KKKKKKKKKKKKKKKKKKKKKKK
[0:20:35] <+AeacusAeolus> What did Steel do?
[0:20:36] <aaustin92> EU AWP LUL
[0:20:37] <+iamthe4thhokage> hyphyLiquid hyphyLiquid lourTL lourTL
[0:20:38] <pojupillu> BOT HS
[0:20:38] <merthins> ALLU FeelsBadMan
[0:20:38] <+bguner1> 1G
[0:20:39] <ExplicitBlue> LuL
[0:20:39] <noodleswithanunderscore> NALLU
[0:20:39] <+gitband> EZ
[0:20:41] <wet_dream_team> OpTic LUL
[0:20:41] <King9> Lol optic has more than 4 rounds on their T side? Whoa they might win in CT
[0:20:42] <bora_baheea_minha_porra> GG
[0:20:43] <Damaddenwatcher> nuttyy
[0:20:44] <pojupillu> B O T H S
[0:20:44] <thyagojvc> steelGOD
[0:20:45] <+EwokTwo> so bad
[0:20:46] <mafia_king55> Bunch of BOTS
[0:20:46] <0Dnan_> BudStar Let's GO TL BudStar
[0:20:47] <merthins> BOT FRIbERG
[0:20:47] <baluzinho_> NICEEEEEEEE
[0:20:47] <Coala1za1> na cs....
[0:20:47] <santacrossz> idiot team
[0:20:48] <cuebic> BANGER FLASH
[0:20:49] <Kricksbr> Team Liquid rounds monkaS :point_right: :chart_with_upwards_trend:
[0:20:49] <Suorittaja_Hermaniac> NA Wins again EZ
[0:20:51] <+blueragemage> lourTL lourTL
[0:20:52] <AcidFl0wer> n nutty
[0:20:52] <+MHD_1> nutty haHAA
[0:20:53] <J_JoeKickass> BOT ALLU
[0:20:54] <SRendon> BOT ALLEU
[0:20:54] <+TrueAzure> OpTic EleGiggle
[0:20:56] <+TJspain> FailFish FailFish FailFish
[0:20:58] <thyagojvc> nt steel
[0:21:00] <Peskiiii> whats dream 2k17 ?
[0:21:01] <powernote> lourtv
[0:21:01] <+twoLEE10> Who is the second caster with Blu?
[0:21:01] <DonClevv> EU REJECTS LUL
[0:21:01] <santacrossz> idiot team optic
[0:21:02] <SRendon> NotLikeThis
[0:21:02] <alsape1980> ez for Optic
[0:21:03] <cs_maiki> -allu +fox
[0:21:05] <+HarmonicsRS> Stop saying "right?" Jamez good lord
[0:21:05] <vixps> STEEL FeelsManMan PogChamp
[0:21:07] <sybrenvdm> nutty? no optic just playing trash lel
[0:21:07] <Peskiiii> dream team 2k17 ?
[0:21:07] <+twoLEE10> He sounds so dumb.
[0:21:07] <0Dnan_> lourTL lourTL
[0:21:08] <doc30holliday> CoolStoryBob
[0:21:09] <manopfrossi> QUEM TA AQUI PELO STELL?
[0:21:11] <iReuben> Blu is good, other guy DansGame
[0:21:11] <+Ram99riv> lms?
[0:21:14] <bora_baheea_minha_porra> @twoLEE10 JAMEZIRL
[0:21:16] <J_JoeKickass> - ALLU + FOX Kappa
[0:21:16] <pepeuzete> EU
[0:21:17] <santacrossz> low rank in the world
[0:21:18] <+social_gg> last man standing
[0:21:19] <808cs> Whos this caster BlessRNG
[0:21:19] <malikjhin> Man ı bet liquid but this map ct sided why u say ez?
[0:21:20] <엔리케육년육년육년> Eu LUL
[0:21:21] <Jimmy_69_> ALLU LUL MAGISK LUL HS LUL MIXWELL LUL FRIBERG LUL
[0:21:21] <b3avr> @MHD_1 haHAA i cringe at everything haHAA
[0:21:22] <Darkeagle5932> Analysis Kreygasm
[0:21:24] <devoc_tv> OpTic = Budget FaZe LUL
[0:21:25] <doc30holliday> CoolStoryBob yeah? what else happeneD?
[0:21:25] <thyagojvc> @manopfrossi o/
[0:21:25] <tiago501> eu
[0:21:27] <orgrinrt> blu is good, this other caster... not so much
[0:21:28] <+dirtEcs> its painful being an optic fan sometimes with the stupid mistakes they make.
[0:21:28] <+SaVaGe6_1_9> still dont know where the flash came from
[0:21:29] <Ryker_4> literally 200iq
[0:21:29] <808cs> is this JamezIRL
[0:21:30] <Damaddenwatcher> SUPER nutty
[0:21:31] <+PH0T1C> Lilman and Blu @808cs
[0:21:31] <propsy_> eu
[0:21:31] <bora_baheea_minha_porra> !casters
[0:21:31] <@Moobot> @bora_baheea_minha_porra Casters are: @Blucsgo & @JamezIRL
[0:21:33] <YDGAshby> mute this caster pls
[0:21:35] <AcidFl0wer> supah nutty
[0:21:36] <+twoLEE10> Hes horrible at casting... he also sounds like hes stoned out of his mind.
[0:21:38] <santacrossz> mix idiot people in optic
[0:21:38] <ddbladess> Jimmy_69_ haHAA
[0:21:40] <Wroclawski> WHO IS THIS GUY\
[0:21:41] <iLLest_vaniLLa> jamez ResidentSleeper
[0:21:43] <nejb> SUPER nutty
[0:21:47] <jakobelee> JamezIRL is ANALYST FOR C9
[0:21:47] <coverrrs> MI
[0:21:51] <LemmyNZ> @PhoticZone its jamezirl
[0:21:51] <DonClevv> OpTic = Budget Mouz LUL
[0:21:51] <jakobelee> GIVE HIM A BREAK
[0:21:53] <808cs> @PhoticZone wow lilman is a caster? Dope
[0:21:53] <dalebaloloyy> this map is T sided map?
[0:21:53] <Suorittaja_Hermaniac> FaZe = Budget Misfits LUL
[0:21:55] <VictoryVee> @PhoticZone lil man? lul
[0:21:56] <fvmlygaming> omfg hes bad
[0:22:01] <+HarmonicsRS> PUT LILMAN IN INSTEAD OF JAMEZ 😡
[0:22:02] <cotoquinhorealntc> @santacrossz but they mix well aweoij´fdojndsf
[0:22:02] <@Moobot> Uptime is: 5h 23m 26s
[0:22:03] <mayconGOD> nt steel
[0:22:05] <SmellMyFingersYo> LUL
[0:22:05] <hrQx> bot
[0:22:07] <thyagojvc> nt steel
[0:22:07] <nunz1o> botsteeel LUL
[0:22:07] <jakobelee> LUL lil man best caster 2017
[0:22:08] <nejb> lol
[0:22:09] <엔리케육년육년육년> MEEE STEEL ENTREGO
[0:22:11] <Aknoden> nt
[0:22:12] <psychopt123> wtf r u doing steel?
[0:22:12] <cs_maiki> Fox,pronax,lowel,dennis,kioshima?
[0:22:14] <+v0rtex546> WTF is Steel doing
[0:22:15] <+MHD_1> steel threw it LUL
[0:22:16] <KazovV> bot steakk
[0:22:17] <banjopena> STEEL BibleThump
[0:22:18] <doc30holliday> damnn steel.. gotta atleast peek every now and then
[0:22:18] <merthins> ECO?
[0:22:20] <Coala1za1> POXA STEEL
[0:22:22] <Elturk86> go go go go
[0:22:27] <808cs> IS THIS LILMAN OR JAMEZIRL?
[0:22:27] <hindenburg894> steel tava brizando
[0:22:28] <jakobelee> GODWELL
[0:22:29] <lucaslspp> IBP Steel confirmed
[0:22:33] <thyagojvc> lucky
[0:22:34] <+tafuuuu> GOD HS
[0:22:35] <$grandllamapigeon> @miguelv1911 tier4 team ty no
[0:22:35] <iBUYPOWER_IS_GARBAGE> BOTWELL LUL
[0:22:35] <KazovV> GODWELL
[0:22:36] <Darkeagle5932> Blu is a play by play caster and James is not so please stop comparing the casting styles of the two tyvm
[0:22:36] <bgat79> \___ OUNGING
[0:22:40] <marcelinho1951> steel ta drogado mta emoçao de jgr pela liquid
[0:22:40] <xxviigramz> BOTWELL
[0:22:41] <ocean_subs_spam_kkona> LuL
[0:22:45] <wrckluss> whuaa
[0:22:46] <+TheLastKnownHobo> wtf is taking liquid so long
[0:22:46] <AimLikeTeddy> GOD ALLU
[0:22:46] <Fakepot> GOD ALLU
[0:22:46] <merthins> MIXWELL BOT
[0:22:47] <bernie1400> GOD ALLU
[0:22:47] <mayconGOD> god allu
[0:22:48] <bydle> GOD ALLU
[0:22:48] <SmellMyFingersYo> GOD
[0:22:48] <HandsomeDildo> whhhhhhhy
[0:22:49] <hrQx> gd allu
[0:22:50] <xxviigramz> GODALLU
[0:22:50] <OtherJoesBlueBalls> karmaOG karmaGW karmaGW
[0:22:50] <orgrinrt> GOD ALLU
[0:22:50] <maurxxx> MIXWELL...
[0:22:51] <sp1ikez> GOD ALLU
[0:22:51] <thiccdoge> GOD ALLU
[0:22:51] <KazovV> GOD ALLU
[0:22:51] <Weillor> GOD ALLU
[0:22:51] <pojupillu> GOD ALLLU
[0:22:51] <banjopena> GOD ALLU
[0:22:52] <Fakepot> LIQUID LUL
[0:22:52] <thyagojvc> nt steel, you played well
[0:22:52] <jakobelee> GOD ALLU
[0:22:52] <Allaeyn> MIXWELL
[0:22:52] <GoldenQuap> GOD ALLU
[0:22:53] <piimis> GODLLU
[0:22:53] <Fruam> 322
[0:22:53] <swagedi> GOD ALLU
[0:22:53] <lefrenchoz> LuL ecoed
[0:22:54] <sirchaosxx> WOO
[0:22:54] <doc30holliday> @Darkeagle5932 nobody is comparing their styles.. just shitting on james
[0:22:54] <rodrigogb1> ALUL
[0:22:55] <+Crypt135> GOD ALLU
[0:22:55] <nejb> GOD ALLU
[0:22:57] <PopiCSGO> GOD ALLU
[0:22:57] <pojupillu> G O D A L L U
[0:22:58] <imm0bot> god allu
[0:22:58] <kira4812> GODWELL
[0:22:59] <brumbor> GOD ALLU
[0:22:59] <Wroclawski> BOT
[0:23:01] <J_JoeKickass> GOD ALLU
[0:23:02] <Maros1111> Bot allu
[0:23:02] <malikjhin> ecoed realy liquid rly
[0:23:02] <+ChillieWillie> REEEEEEEEEE
[0:23:02] <cotoquinhorealntc> Gahllu
[0:23:02] <Bluecichlid> BOT ALLU DEAD?
[0:23:02] <maurxxx> MIXWELL WIN THIS ROUND GUYS
[0:23:03] <AXANnJD> PunchTrees
[0:23:03] <manbilly> #GREENWALL
[0:23:04] <nunz1o> steel lost the round LUL
[0:23:05] <ModVallve> BOT STEEL
[0:23:05] <Fruam> liquid is feeding
[0:23:06] <bigboyf0rsberg> EZ 4 ENCE
[0:23:07] <tiagoguiu> BOTALLU
[0:23:07] <+TJspain> GODWELL
[0:23:08] <recoil_king> Wow
[0:23:09] <bgat79> LUL \____ OUNGING
[0:23:09] <VerboseToast> hey he used penultimate correctly
[0:23:09] <brxhim> last?
[0:23:10] <+axiommmmm> #GREENWALL
[0:23:11] <Jimmy_69_> ALLU ShazBotstix
[0:23:11] <AS4P_> BOT STEEL
[0:23:13] <Allaeyn> GOD
[0:23:13] <funkyggwp> GODZ
[0:23:13] <merthins> WINNING T-SIDE PogChamp
[0:23:15] <electric_kitten> #GREENWALL
[0:23:17] <malikjhin> why Everytime ı bet na team I dont know
[0:23:17] <+TJspain> MIXWELL EIN THE ROUND AND TIME
[0:23:17] <+EzeSkinn> lulul gambit rekting faze
[0:23:19] <J_JoeKickass> FROM BOT TO GOD PogChamp
[0:23:22] <Solo_Dolo_> EZ FOR STEEL
[0:23:24] <thyagojvc> nice nitro
[0:23:26] <maurxxx> GG OPTIC WILL WIN
[0:23:26] <Jimmy_69_> HS LUL
[0:23:27] <+sergiowc73> How many rounds is considered “good” on T side?
[0:23:29] <multyge> Steel garotio
[0:23:34] <ashires2> 6+8=15 confirmed
[0:23:35] <dalebaloloyy> this is t sided map?
[0:23:36] <Jimmy_69_> 6
[0:23:40] <thyagojvc> why you shouting
[0:23:40] <TooNNNNNNN> Elige um dos 5 melhores do mundo
[0:23:45] <sp1ikez> Clutch or kick
[0:23:47] <Elturk86> mixwell clutch lol
[0:23:47] <doc30holliday> @sergiowc73 around 7
[0:23:47] <kNgDidNothingWrong> his name is steel ofc he'd throw EZ
[0:23:50] <King9> Gambit are major winners, what else do you expect? They got XGOD
[0:23:53] <brumbor> FLANK ALLU
[0:23:53] <thyagojvc> @toonnnnnnn LUL
[0:23:54] <iBUYPOWER_IS_GARBAGE> 1gb
[0:23:56] <+CptProtato> lul
[0:23:56] <merthins> 6-7 is decent
[0:23:58] <doc30holliday> @sergiowc73 if it's 7-8 both teams will be happy
[0:24:09] <maurxxx> 1 v 4 TRY ? OMG
[0:24:11] <$grandllamapigeon> SSSsss GREEN MrDestructoid WALL SMOrc
[0:24:11] <+PENGNI> oPtic ResidentSleeper
[0:24:13] <Lyork12> nitr0 outsmarting JamezIRL, imagine my shock
[0:24:20] <iBUYPOWER_IS_GARBAGE> ????
[0:24:22] <KazovV> FailFish
[0:24:24] <+tehgin> CSGO nades LuL
[0:24:25] <+AGrumpyPenguintv> pretty even map so 7-7 good for both teams
[0:24:27] <sp1ikez> smoke
[0:24:28] <merthins> SAAVE
[0:24:34] <AimLikeTeddy> NT
[0:24:35] <KKonaEnthusiast> nt
[0:24:36] <maurxxx> lol
[0:24:36] <iBUYPOWER_IS_GARBAGE> Jebaited
[0:24:37] <+iamthe4thhokage> hyphyLiquid hyphyLiquid lourTL lourTL
[0:24:37] <sp1ikez> PUSH
[0:24:37] <xxviigramz> nt
[0:24:38] <NtNbllhh> LUL
[0:24:39] <Keyeh> allu is tilted for life
[0:24:39] <arthurnfm> steel kk
[0:24:39] <+social_gg> EU Save
[0:24:40] <+tehgin> CSGO nades either do amazing damage or nothing worth mentioning LuL
[0:24:40] <orgrinrt> nt
[0:24:40] <mayconGOD> nt
[0:24:41] <wealthy_communist> nt
[0:24:41] <AXANnJD> nt
[0:24:41] <+snowy_cs> god allu
[0:24:41] <TooNNNNNNN> bot allu
[0:24:41] <Allaeyn> THE RETURN OF GOD ALLU
[0:24:42] <amisnaru> nt
[0:24:42] <pojupillu> NT
[0:24:42] <brxhim> ??????////
[0:24:42] <Evilbeaverr> \_
[0:24:42] <Fruam> wtf
[0:24:43] <ytheusbk> nt
[0:24:43] <xxviigramz> nt but save better
[0:24:43] <bora_baheea_minha_porra> ALLU peanut brain
[0:24:44] <+its_Inflict> nt
[0:24:44] <Fakepot> They can buy last round, didnt need to save
[0:24:44] <AintEvenMadTho> floptic forsenOMEGA
[0:24:45] <sp1ikez> nt
[0:24:45] <bernie1400> nt
[0:24:48] <merthins> BOT ALLU
[0:24:48] <first_aid7435> allu god
[0:24:48] <doltzik> ?
[0:24:50] <thyagojvc> well done steel
[0:24:51] <+tflow> ALLU EZ
[0:24:51] <Fruam> my wager
[0:24:52] <Suorittaja_Hermaniac> EU Clutch LUL
[0:24:56] <Jimmy_69_> ALLU BrokeBack ALLU BrokeBack
[0:24:56] <wackodagama> nt
[0:24:57] <+Sparkie17> WY DID HE NOT SAVE
[0:25:04] <maurxxx> Why does not it protect.
[0:25:05] <nunz1o> allu is so bad LUL
[0:25:06] <Leathergiggle> H I F I D E L I T Y
[0:25:07] <bora_baheea_minha_porra> @Fakepot Oh yeah sure.. Nice buy
[0:25:07] <LastSoul11> SAVE
[0:25:08] <brxhim> @Fakepot no they cant
[0:25:09] <AS4P_> BOTPTIC
[0:25:10] <Allaeyn> because hes the best awper in the world
[0:25:14] <Mathioooo> @Fakepot They can buy? 2 umps and a deagle, good call. you surely know alot about this game
[0:25:16] <+tflow> BOT allu
[0:25:16] <+tehgin> VAC Kappa
[0:25:17] <brxhim> @bora_baheea_minha_porra LUL
[0:25:17] <cbbyaall> Steel is so bad
[0:25:18] <littlebrainseverywhere> VAC
[0:25:18] <Jimmy_69_> ALLU BrokeBack
[0:25:19] <+ChillieWillie> @Sparkie17 he has money to buy moron
[0:25:20] <chicotripabr> hack?
[0:25:20] <+Slashbuddy24> ?????
[0:25:21] <leosorgetz> VAC
[0:25:21] <NtNbllhh> vac
[0:25:22] <Wroclawski> VAC
[0:25:22] <VerboseToast> vac
[0:25:22] <ohwasup> why did they call old optic an american team..... they were from CANADA
[0:25:22] <AXANnJD> vac
[0:25:23] <pigeonr> VAC
[0:25:24] <nejb> VAC
[0:25:24] <AcidFl0wer> god jdm
[0:25:25] <+tflow> EZ man
[0:25:27] <OtherJoesBlueBalls> karmaFACE
[0:25:28] <AimLikeTeddy> GH
[0:25:29] <+iamthe4thhokage> hyphyLiquid hyphyLiquid lourTL lourTL
[0:25:29] <iBUYPOWER_IS_GARBAGE> gg
[0:25:29] <princeroni> vac
[0:25:30] <+Gusud> Vac
[0:25:30] <mayconGOD> GOD STEEL
[0:25:30] <+MrKennz> EZ Steel
[0:25:31] <Sunny_choppers> gh
[0:25:32] <+the_last_templar> yeah man
[0:25:32] <doc30holliday> GH
[0:25:32] <HrKikss> gh
[0:25:32] <48baseball48> gh
[0:25:32] <sheavilon> gh
[0:25:32] <cotoquinhorealntc> @bora_baheea_minha_porra olha o nome ksadksaksakask
[0:25:32] <Perezzimo> 1
[0:25:33] <bora_baheea_minha_porra> @brxhim Kappa
[0:25:33] <respawncsgoo> steel man
[0:25:34] <+iamthe4thhokage> gh
[0:25:34] <bigboyf0rsberg> gh
[0:25:35] <sowpo> 1
[0:25:35] <엔리케육년육년육년> boaboa
[0:25:35] <thyagojvc> GOD STEEL
[0:25:35] <+realryan24> gh
[0:25:35] <+JustinYNWA> gh
[0:25:36] <maurxxx> GG
[0:25:37] <KazovV> FailFish
[0:25:37] <santacrossz> idiot team
[0:25:38] <$LegnaXD> EZ optic
[0:25:38] <ExplicitBlue> PogChamp
[0:25:38] <Kalanpaskaoljy69> gg
[0:25:38] <+Gusud> Gh
[0:25:40] <Honkey__Donkey> gh
[0:25:41] <+TJspain> VAC VAC VAC
[0:25:41] <vi7_> STEEL <3
[0:25:42] <Drizzed> LEEETEETETS GOOOOO LIQUID
[0:25:42] <TooNNNNNNN> 1
[0:25:42] <tuzimm> só podia ser br
[0:25:43] <cotoquinhorealntc> GGGGGGGGGGGGGG
[0:25:43] <ohwasup> why did they call old optic an american team..... they were from CANADA like WTF idiots lmao
[0:25:43] <maurxxx> OPTIC WILL WIN GUYS
[0:25:43] <+rafian0> boa steelega!
[0:25:43] <Peskiiii> gh
[0:25:44] <Blackzoeira> yeah men
[0:25:44] <the_matzete> ct sided map
[0:25:45] <Fruam> go liquid let's under
[0:25:45] <lindquest> DENIED LUL
[0:25:46] <+Slashbuddy24> @cbbyaall you were saying?
[0:25:46] <+Mczox> gh
[0:25:47] <bora_baheea_minha_porra> @cotoquinhorealntc Kappa
[0:25:47] <monkza> YEAH
[0:25:47] <santacrossz> trash og
[0:25:48] <vi7_> YEA MEN STELL <3
[0:25:49] <makemon> yea
[0:25:49] <neakonxd> WutFace
[0:25:50] <+brocepsius> hs is so fkin bad bro
[0:25:50] <Allaeyn> why does it always feel like jdm is carrying :/
[0:25:51] <ohwasup> why did they call old optic an american team..... they were from CANADA hahaha idiots
[0:25:51] <krzfps> yeah men
[0:25:51] <bryces34> Is this ct sided or t sided?
[0:25:51] <Bryan24st> YEAH
[0:25:52] <+littledinky420> -jdm64 +Josh Marzano
[0:25:52] <+its_Inflict> yeah
[0:25:53] <+MrKennz> QUE OTA
[0:25:55] <TuuttiKarpo> yeah
[0:25:55] <thyagojvc> Steel the best player on the server PogChamp PogChamp
[0:25:56] <darkplethora> damn
[0:25:57] <ohwasup> why did they call old optic an american team..... they were from CANADA lmao
[0:25:57] <fosforo3> Metade do game e todos ja mataram mais que o taco num game inteiro
[0:25:57] <SPQR_CAESAR> LETS GO OPTIC
[0:25:58] <Leary48> gh
[0:25:59] <brxhim> @bora_baheea_minha_porra that guys know nothing about this game max silver 5 LUL
[0:26:00] <cuebic> YEAH MAN
[0:26:02] <BmMaAaCc> Fuck liquid
[0:26:03] <+brocepsius> hs is literally a bot
[0:26:05] <+EzeSkinn> 8-7 is pretty good for optic actually, they are a ct team mostly
[0:26:05] <King9> CT sided
[0:26:06] <malikjhin> ct sided man so dangerous
[0:26:09] <manbilly> y pause???
[0:26:10] <zizzle21> Score.
[0:26:10] <valtkan> Optic for the win!
[0:26:11] <BmMaAaCc> And stan
[0:26:11] <Honkey__Donkey> greenwall
[0:26:13] <Agon_belallar1> !score
[0:26:13] <@Moobot> @Agon_belallar1 Games are best of 1 for today
[0:26:13] <Allaeyn> @ohwasup canada is in america tho
[0:26:16] <OtherJoesBlueBalls> doctorYAYA doctorYAYA doctorYAYA doctorBLESS
[0:26:17] <manbilly> breaks momentum
[0:26:18] <dffdlss> because canada is in america
[0:26:18] <monkza> monkaS
[0:26:18] <BmMaAaCc> Green wall bb
[0:26:19] <+farrael004> 90 YEARS ResidentSleeper
[0:26:19] <sheavilon> BF2 LUL
[0:26:20] <valtkan> OPTIC
[0:26:20] <ohwasup> why did they call old optic an american team..... they were from CANADA hahah
[0:26:21] <kappa_cowboy> @ohwasup canada is in na u twat
[0:26:21] <+Unholy3x900x> This team should do so much better with steel. I hope nitr0 stays igl and they let steel frag and give input
[0:26:22] <kNgDidNothingWrong> -TACO +kNgod EZ
[0:26:23] <bora_baheea_minha_porra> @brxhim yep LUL
[0:26:25] <Ryker_4> @EzeSkinn liquid have a new player omegalul
[0:26:26] <malikjhin> but if liquid take pistol
[0:26:27] <$grandllamapigeon> @EzeSkinn + agree
[0:26:28] <Supercvu> is steel playing??
[0:26:29] <just_e_fied> NA BREAK LUL
[0:26:31] <+Zulu_Jomama> score?
[0:26:36] <Dezerkk> @ohwasup 2 of them were from Canada, 2 from us, 1 from Spain, more of them lived in us hahaha idiots
[0:26:37] <santacrossz> mix idiot people in optic
[0:26:41] <darkplethora> 7-6
[0:26:43] <notade1> STELL IGL ?
[0:26:43] <ohwasup> @kappa_cowboy trolled idiot heheehahahahhuhuhhuhuhu
[0:26:46] <brxhim> see you guys in an hour ResidentSleeper
[0:26:47] <Fepolk> Why halftime break
[0:26:48] <cs_maiki> Next team for fox,guys?
[0:26:48] <$grandllamapigeon> infinite '90 seconds'
[0:26:49] <+LuisTheCule> 8-7 yo liquid
[0:26:50] <ohwasup> @tommieP2 trolled teheheeheehehe
[0:26:53] <just_e_fied> monkaS
[0:26:54] <darkoss10> WHO WINNER
[0:26:55] <Supercvu> SO is steel playing?
[0:26:57] <pigeonr> @Unholy3x900x yeah maan
[0:26:58] <kappa_cowboy> @ohwasup go do your homework
[0:27:00] <BmMaAaCc> Old optic was 2 parts Canadian 2 parts American and 1 part Spanish, so basically mexican
[0:27:01] <luccafe5> @notade1 yes
[0:27:02] <sir__mine> no nitro is still igling
[0:27:04] <antmann157> @ohwasup lol dont try to play it off u dumbasss
[0:27:07] <Hugosas1> @notade1 it's nitro
[0:27:08] <+haloguy916> @ohwasup go watch more COD then bub
[0:27:09] <valtkan> OPTIC is gona win!
[0:27:09] <kNgDidNothingWrong> Canada > NA EZ
[0:27:11] <ohwasup> @kappa_cowboy u mad trolled teheheheeheh
[0:27:14] <nxaac> @notade1 nop nitr0 igl
[0:27:16] <Fepolk> @supercvu yeah maan
[0:27:19] <dalebaloloyy> @supercvu yes
[0:27:19] <miii94> guise score ??
[0:27:21] <+Luan_Maia> @tommieP2 Actually, North America is a part of a Continent
[0:27:22] <santacrossz> no team work in optic trash team
[0:27:24] <sfk95> ez liquid
[0:27:24] <ohwasup> @haloguy916 says "haloguy916" game is dead moron cry
[0:27:25] <malikjhin> I think liquid take this game
[0:27:25] <just_e_fied> LETS GO LIQUID
[0:27:25] <kappa_cowboy> @ohwasup true
[0:27:25] <bonz0_> Y isn't the earth in the background flat
[0:27:27] <pedrohu3brdgod> yeahhhhhhhhhhhhhh mannnnnnnnnnn
[0:27:29] <recoil_king> Og for live
[0:27:30] <BmMaAaCc> Ayyeee @tommiep2
[0:27:30] <malikjhin> GO LİQUİD
[0:27:31] <sfk95> Liquid got tihs EZ
[0:27:31] <+sufpro> !schedule
[0:27:31] <@Moobot> Schedule - http://en.intelextrememasters.com/season-12/oakland/tournament/schedule/ :)
[0:27:33] <SPQR_CAESAR> GREEN WALL
[0:27:36] <Bourbaki1> people in united states does'nt even know the namy of the country
[0:27:36] <Supercvu> STEEL <3 < 3
[0:27:38] <$grandllamapigeon> @luan lol wat
[0:27:38] <+sadvilliany> Faze getting destroyed by Gambit LUL
[0:27:38] <bryces34> @kngdidnothingwrong Canada is in North America
[0:27:39] <ohwasup> why did they call old optic an american team..... they were from CANADA
[0:27:39] <santacrossz> optic = trash
[0:27:41] <monkza> ALLU LUL
[0:27:42] <Fruam> 322 liquid
[0:27:44] <ITrickd> OPTIC
[0:27:46] <just_e_fied> LETS GO LIQUID LET'S GO LIQUID
[0:27:47] <ohwasup> why did they call old optic an american team..... they were from CANADA lol!
[0:27:49] <$grandllamapigeon> @Luan_Maia lol wat
[0:27:50] <+littledinky420> Está tudo fixe
[0:27:50] <Psy0ps_> canada is in NA L-O-L
[0:27:56] <ohwasup> why did they call old optic an american team..... they were from CANADA smh
[0:27:58] <BmMaAaCc> Old optic was much better
[0:28:01] <Supercvu> Canada > Na
[0:28:04] <$grandllamapigeon> @Luan_Maia so, north america is a part of north america continent?
[0:28:05] <tommieP2> @Luan_Maia google "North America"
[0:28:06] <+ChillieWillie> @santacrossz global elite twitch chat with the next level insight
[0:28:10] <Itscenturion19> GO LIQUID
[0:28:14] <BmMaAaCc> They were nutty
[0:28:18] <ErickVortex> OG is EU team
[0:28:19] <KazovV> GOD ALLU
[0:28:19] <AimLikeTeddy> GOD ALLU
[0:28:20] <SubtleSlight> Aizy?
[0:28:20] <ohwasup> why did they call old optic an american team..... they were from CANADA no copypasterino plzerino
[0:28:21] <+tflow> GOD ALLU
[0:28:21] <bernie1400> GOD ALLU
[0:28:21] <OtherJoesBlueBalls> GOD ALLU
[0:28:22] <JBHR> canada is NNA
[0:28:23] <Zidzen> DEMI-GOD ALLU
[0:28:23] <ziltoide> GOD ALLU
[0:28:24] <pojupillu> GOD ALLLU
[0:28:24] <iBUYPOWER_IS_GARBAGE> allu luck spray EleGiggle
[0:28:25] <+harm0nii> GOD ALLU
[0:28:26] <mayconGOD> godf allu
[0:28:29] <wackodagama> GOD ALLU
[0:28:30] <Fakepot> GOD ALLU
[0:28:32] <OtherJoesBlueBalls> mxwGODWELL mxwHS
[0:28:32] <+tflow> f?
[0:28:32] <Kaukalo> boatyVV1 boatyVV2
[0:28:32] <recoil_king> God allu
[0:28:35] <sheavilon> twist is pistol god
[0:28:36] <KazovV> GODWELL
[0:28:36] <AntiFlanders> canada is america still you dumb? @ohwasup
[0:28:37] <Fruam> fuck liquid
[0:28:43] <Felpes1520> lmao mixwell so lucky
[0:28:46] <+Sawyer_TV> boatyVV3 boatyVV4
[0:28:49] <lefrenchoz> !casters
[0:28:49] <@Moobot> @lefrenchoz Casters are: @Blucsgo & @JamezIRL
[0:28:49] <ohwasup> why did they call old optic an american team..... they were from CANADA plz no copy pasterino
[0:28:50] <Proculous> actually old optic only had 2 canadians so not canadian
[0:28:55] <ErickVortex> no armor
[0:28:57] <+DpS_csgo> boatyLove
[0:28:58] <+Imaslapyou> F
[0:28:58] <Leary48> f?
[0:28:59] <+Taggel> lol
[0:28:59] <oli_y0> f
[0:28:59] <iBUYPOWER_IS_GARBAGE> RIP
[0:28:59] <mintjao> rip
[0:28:59] <paladin24> f
[0:28:59] <+TheHyperSnyper> F
[0:28:59] <+the_last_templar> monkaS
[0:29:00] <+mikebear247> ?
[0:29:00] <awesome_nico> f
[0:29:00] <+tafuuuu> LUL
[0:29:00] <+Crypt135> F
[0:29:00] <HandsomeDildo> rip
[0:29:00] <Elturk86> RIP
[0:29:00] <YavNZ> LOL
[0:29:00] <JelloPlays> RIP
[0:29:00] <+DerpHerpington21> f
[0:29:00] <+SaVaGe6_1_9> LOLOL
[0:29:00] <엔리케육년육년육년> rip
[0:29:00] <Bryan24st> wtf
[0:29:00] <pdr2b> r1p
[0:29:00] <wet_dream_team> RIP
[0:29:00] <+KryptoPuff> rip
[0:29:01] <+AnimalOnTV> f
[0:29:01] <+VolatileBeans> WHAT
[0:29:01] <+Mczox> bye bye
[0:29:01] <NuclearByte> rip
[0:29:01] <KazovV> F
[0:29:01] <Dropket> ??
[0:29:01] <+chubby_cs> f
[0:29:01] <lucaslspp> RIP
[0:29:01] <lindquest> rip
[0:29:01] <Thesanders> Rip
[0:29:01] <+AyoEvan> f
[0:29:02] <+Emanuel12montes> WTF
[0:29:02] <+tlexarinh> f
[0:29:02] <+CallMeJono> f
[0:29:02] <+FiSH420> F
[0:29:02] <matty7627> rip
[0:29:02] <Drizzed> FAK
[0:29:02] <Tinjum> F
[0:29:02] <+Kourage27> LOL
[0:29:02] <+RachelGin> noooooooooooooo
[0:29:02] <+Hybrid21n> F
[0:29:02] <+Jernemies> LUL RIP
[0:29:02] <kapteinjack> f
[0:29:02] <Blueoni91> RIP
[0:29:03] <sowpo> LOL
[0:29:03] <the_matzete> okay
[0:29:03] <Nater___Tater> f
[0:29:03] <banjopena> WTF
[0:29:03] <+iamthe4thhokage> ?
[0:29:03] <+mybad4990> RIP
[0:29:03] <+grimetownusa> F
[0:29:03] <amira43> f
[0:29:03] <jsjarv> F
[0:29:03] <Chips_Hunter> nice
[0:29:03] <creed2525> gg
[0:29:03] <Classix> f?
[0:29:03] <dffdlss> lul
[0:29:03] <Wizardlysloth> rip
[0:29:03] <pervertedpope> f
[0:29:07] <Jyroscopic> rip
[0:29:07] <+O2G_Designs> f
[0:29:07] <+p0p0ff> F
[0:29:07] <+social_gg> F
[0:29:07] <Cam1596> hahhahaha
[0:29:07] <+its_Inflict> F
[0:29:07] <+APicoZ> rip
[0:29:07] <Keyeh> f
[0:29:07] <baluzinho_> again?
[0:29:07] <Qeji> f
[0:29:07] <TheJmJ> "May settle" LUL
[0:29:07] <stewiegriffinV2> wha
[0:29:07] <+Jhow_Space> RIP
[0:29:07] <chunkyy_milk> f
[0:29:07] <Malidaboss26> f
[0:29:09] <+xdavidlm> Canada is in america
[0:29:09] <MariusLL> HYAHAHAHAHAA
[0:29:09] <+Jamuligan> F
[0:29:09] <Supercvu> FFF
[0:29:09] <ext3rmin4l> F
[0:29:09] <MataNewba> F
[0:29:09] <+CaptianFidget> F
[0:29:10] <telekine> F
[0:29:10] <javierherna> lol
[0:29:10] <+tekk9> f
[0:29:10] <Imaginxe> f
[0:29:10] <Honkey__Donkey> AD?
[0:29:10] <+mr_fap_aholic> what lol
[0:29:10] <evgr_spy> f
[0:29:10] <Allaeyn> good view guys
[0:29:10] <wxleed1> RIGGED
[0:29:10] <KiroStorm7> best stream
[0:29:10] <+JacobC09> F
[0:29:10] <H2ONORI> rip
[0:29:10] <+FishingWithC4> f
[0:29:10] <rme_irl> F
[0:29:10] <sowpo> PRODUCTION QUALITY
[0:29:11] <the_matzete> F
[0:29:11] <darkfirecs> RIP
[0:29:11] <skaldrr> NA PRODUCTION
[0:29:11] <sir__mine> was
[0:29:11] <saman_barwary> riiiiiip
[0:29:11] <+threelo> lo
[0:29:12] <+tflow> F
[0:29:12] <willsixtysix> :(
[0:29:12] <+brocepsius> yooooo
[0:29:13] <+Slashbuddy24> F
[0:29:13] <+snuggiebandit> F
[0:29:13] <SoliidBlake> monkaS
[0:29:13] <apzimmer> j
[0:29:13] <T1MEHUNT> f
[0:29:13] <+KryptoPuff> NVM RIP
[0:29:13] <Proculous> f5
[0:29:13] <LucianoA15> F
[0:29:13] <+skymarshall_> f
[0:29:13] <Beaz_TV> NA PRODUCTION
[0:29:13] <ultraboss6985> dffff
[0:29:13] <awesomsauce0> f
[0:29:13] <Rickys_Dangleberry> f
[0:29:13] <Cyber12341> rip
[0:29:13] <kira4812> f
[0:29:14] <respawncsgoo> wtf
[0:29:14] <dothepurpwalk> fff
[0:29:14] <+TBGLogiC> rip
[0:29:14] <Freecshow> VAX
[0:29:14] <TheManCarl> f
[0:29:14] <godlevel98> f
[0:29:14] <cucuGOD> RIP
[0:29:14] <snyggjames> rip
[0:29:14] <cliffyb_> rip
[0:29:15] <sakiaas> F
[0:29:15] <SABTHECRAB1> WTF
[0:29:15] <bfcGEORGE> f
[0:29:15] <TravLLR> WutFace
[0:29:15] <miii94> may settle
[0:29:15] <sp1ikez> STREAM?
[0:29:15] <+threelo> lololol
[0:29:15] <+LelAplus> REEEEEEEEE
[0:29:15] <AzorAhaiBRww> WAT
[0:29:16] <VerboseToast> THE STREAM BibleThump
[0:29:16] <+OriginalPerry> r u kitten me
[0:29:16] <GorbyMix> saved
[0:29:16] <recoil_king> Wtf
[0:29:16] <ticolinozika> d
[0:29:16] <sybrenvdm> lol
[0:29:16] <spurlis> RIP
[0:29:16] <dawnisnear> f
[0:29:16] <felipeassilva> f
[0:29:16] <sowpo> LMAOOOOOOOOOO
[0:29:16] <Supercvu> BACK
[0:29:16] <lefrenchoz> NA STREAM
[0:29:16] <Krewen> DDOS
[0:29:16] <lzzrj> ?????????
[0:29:16] <ZraderX> NA PRODUCTION EleGiggle
[0:29:17] <+piggy2539> RIGGED
[0:29:17] <+Mortalemago> TableHere FlipThis TableHere FlipThis TableHere FlipThis
[0:29:17] <+DpS_csgo> boatyVV7
[0:29:17] <+SmokeslkeChimney> Wooo
[0:29:17] <$grandllamapigeon> HI FROM PGL
[0:29:17] <Toxycodone> WTF
[0:29:17] <Asseri69> nastream
[0:29:17] <+Enotic64> Fake News
[0:29:17] <+ENDgie> Rip
[0:29:17] <iteddeck> MAY SETTLE
[0:29:17] <rafaelflea> rip
[0:29:17] <+aceclump> rip
[0:29:17] <+hankercheef> nice
[0:29:17] <youwizard> TTours
[0:29:17] <Wizardlysloth> fuckin esl
[0:29:18] <akaye1> f
[0:29:18] <+axiommmmm> rip
[0:29:18] <spookybu> rip then ad
[0:29:18] <nash_ow> Wtf¡
[0:29:18] <SpicyyO_o> f
[0:29:18] <bonkeycs> f
[0:29:18] <MassT> f
[0:29:18] <izeas5200> omg
[0:29:18] <Fakepot> NA PRODUCTION
[0:29:18] <wackodagama> F
[0:29:19] <yeyoaurii> wtf
[0:29:19] <raZ_SVK> FAK
[0:29:19] <brianpeng22> rip
[0:29:19] <JBHR> SOMEONE GOT FIRED BOIS
[0:29:19] <cornkobb> stream setteled
[0:29:19] <+sauceg0d62> DONKEY
[0:29:19] <+semblanc3> fr
[0:29:19] <+galriko> I guess he settled boys
[0:29:19] <$13beans> f
[0:29:19] <saman_barwary> lmaooo
[0:29:19] <just_e_fied> f
[0:29:19] <Freecshow> VAC
[0:29:19] <+reapzzispro> ESL you guys are so pathetic honestly
[0:29:19] <Jyroscopic> lul
[0:29:19] <+JuiceE_TV> f
[0:29:20] <Rapha_1> ????????????
[0:29:20] <pablocruise6490> rip
[0:29:20] <electric_kitten> NO
[0:29:20] <Jmarquezine> e DEADIOU
[0:29:20] <randomninjapose> NA production
[0:29:20] <SamVick> f
[0:29:20] <Young_Paddy> f
[0:29:20] <Zadyk_tron> f
[0:29:20] <+Gaming_antichrist> classic esl
[0:29:21] <+TaoDao> Wtf
[0:29:21] <Evilbeaverr> ESL
[0:29:21] <+hanz_olo> INDUSTRY LEADER
[0:29:21] <KazovV> NA PROD HOLY CRAP
[0:29:21] <+threelo> lol
[0:29:21] <AGsolar> ES LUL
[0:29:21] <+sh1racko> KappaHD KappaHD KappaHD KappaHD KappaHD
[0:29:21] <laurihu> f LUL
[0:29:22] <+sc1bzontwitch> NA PRODUCTION LUL
[0:29:22] <jsjarv> ESL FFS
[0:29:22] <fosforo3> cnb
[0:29:22] <irettep> WHUT
[0:29:22] <FacetoFace39> 8-8
[0:29:22] <thyagojvc> he .ah
[0:29:22] <awesome_nico> r
[0:29:22] <LoveForty> whys is thi stream so fucked?
[0:29:23] <gattopanzone> rip
[0:29:23] <mmmstar> f
[0:29:23] <+Redle01> NA Stream
[0:29:23] <+LukeEMH> rip
[0:29:23] <Honkey__Donkey> i got a ad
[0:29:23] <TheManCarl> how
[0:29:23] <incapacitory> wwwwoooooowwwwwww
[0:29:23] <+Surferdude132> AGAIN WTF REALLY
[0:29:23] <lindquest> 👌
[0:29:23] <godclutchezround> rigged
[0:29:23] <Thorn__> f
[0:29:23] <iBUYPOWER_IS_GARBAGE> REFRESH Kappa
[0:29:23] <+senor_peaches> rip
[0:29:23] <QuaintSafe> REEEEEEEE
[0:29:23] <+puffNruff> f
[0:29:24] <esteban1403> tf
[0:29:24] <Wallb0ng> SadPepe
[0:29:24] <zschnell> f5
[0:29:25] <greasy_> WTF
[0:29:25] <+iAmKibblyPuff> LEL
[0:29:25] <paperymitez> EU production
[0:29:25] <soccerxreccos> m?????
[0:29:25] <arthurnfm> rip
[0:29:25] <processxanderbot> wow
[0:29:25] <buchicsgo> NA PRODUCTION
[0:29:25] <+jackaboyc3> WHTA
[0:29:25] <Creedocide> F
[0:29:25] <+darthxqc> LUL
[0:29:25] <chubb_tv> NOOOOOOOOO
[0:29:25] <sp1ikez> Na production...
[0:29:25] <smashingbeavers> We are working on a solution
[0:29:25] <huhahc_beastly> gg
[0:29:26] <slimjosh1> DDOS
[0:29:26] <+Offmana1> omg ESL why you do this to NA
[0:29:26] <Satrani> NA STREAM
[0:29:26] <+houdinihots> hullo????
[0:29:26] <henriquewalker> ResidentSleeper
[0:29:26] <raunchykellogg> :(
[0:29:26] <mj_ps> SOMEONE TRIPPED OVER THE POWER CORD
[0:29:26] <WrigerzBPL> RIPARONE
[0:29:26] <vi7_> LUL QUID
[0:29:26] <nandozeusbr> gg
[0:29:26] <VaGuE_TV> Jebaited
[0:29:26] <Sayionara2468> nonononononononononnonon
[0:29:26] <+axiommmmm> na stream
[0:29:27] <Josea7x09> FUCK SAKE
[0:29:27] <+semblanc3> WTF
[0:29:27] <sowpo> HAHA
[0:29:27] <den1_csg0> NA PRODUCTION LUL
[0:29:27] <falcated_> Rigged
[0:29:28] <+jouzei> just esl thigns
[0:29:28] <pauloflu95> ?
[0:29:28] <Malidaboss26> F
[0:29:29] <blutonyum> na production
[0:29:29] <TheManCarl> ff
[0:29:29] <Sunny_choppers> ESL IS TRASH
[0:29:29] <gurjyot147> LIQUID LOST
[0:29:29] <OtherJoesBlueBalls> karmaWTF
[0:29:29] <Br0S_Huffy> f
[0:29:29] <BasedMeow> optic won pistol
[0:29:29] <Young_Paddy> esl
[0:29:29] <+hazm> they have one job
[0:29:30] <+trekker1_> F
[0:29:30] <elkubero> 8-8
[0:29:30] <cuebic> ESL is a professional organization LuL
[0:29:30] <+k1streams> F
[0:29:30] <Jiko909> DDOS BY SALTY AUSTRALIS FANS
[0:29:30] <+imhellagay0> WTF
[0:29:30] <goodsie113> Rip
[0:29:30] <+AyoEvan> ESLUL
[0:29:30] <+jackaboyc3> WHAT
[0:29:30] <slimjosh1> ddos
[0:29:31] <+ShuzZzle> mixwell killed nitr0 with usp_silencer
[0:29:31] <+threelo> lolololol
[0:29:31] <greasy_> OFFLINE WutFace WutFace WutFace
[0:29:31] <+sh1racko> ShadyLulu ShadyLulu LUL LUL
[0:29:31] <lefrenchoz> Jebaited Jebaited Jebaited Jebaited
[0:29:31] <parkerdc1> REEEEEEEEEEEEEEEEEEEE
[0:29:31] <just_e_fied> NA PRODUCTION LUL
[0:29:32] <$13beans> rip
[0:29:32] <huhahc_beastly> wpwp
[0:29:32] <MrJakkiMakkara> 8-8
[0:29:32] <mafia_king55> Optic won
[0:29:32] <lzzrj> PGL PGL PGL ???
[0:29:32] <aktuells1> f
[0:29:32] <+MyHoody> refresh
[0:29:33] <rme_irl> ESL SO BAD
[0:29:33] <Magsisawesome> r i p
[0:29:33] <swekattack> NA stream lul
[0:29:33] <100T_CrimSHoT> 8-8
[0:29:33] <HypocrisyV> f
[0:29:34] <nuubihuubi> optic won
29:32] <mafia_king55> Optic won
[0:29:32] <lzzrj> PGL PGL PGL ???
[0:29:32] <aktuells1> f
[0:29:32] <+MyHoody> refresh
[0:29:33] <rme_irl> ESL SO BAD
[0:29:33] <Magsisawesome> r i p
[0:29:33] <swekattack> NA stream lul
[0:29:33] <100T_CrimSHoT> 8-8
[0:29:33] <HypocrisyV> f
[0:29:34] <nuubihuubi> optic won
