[0:00:00] <just_e_fied> NA PRODUCTION LUL
[0:00:00] <lookentv> r.i.p
[0:00:00] <MogTempest> booooooo
[0:00:00] <+Sieghaileselassie> rip
[0:00:00] <iflyidieicry> Wtf?
[0:00:01] <Supercvu> I WANT TO SEE STEEEEEEL
[0:00:01] <Reign3> NA PRODUCTION
[0:00:01] <Affie24> christ on a bike
[0:00:02] <W1re> WTF STREAM A LIED TO ME
[0:00:02] <pohdarabiola> i5
[0:00:02] <Freecshow> 99-88
[0:00:03] <saman_barwary> refresh
[0:00:03] <+vitorueda> every single day
[0:00:03] <+savage66> REEEEEEEEEEEEEEEE
[0:00:04] <+xtokoloshex> reeeeeer
[0:00:05] <Cyber12341> its back
[0:00:05] <+RedWingBlkBird> Justice for mews
[0:00:05] <$13beans> back
[0:00:06] <OGEclipse1> Thanks ESL
[0:00:06] <spurlis> reeeeeeeeeeeeeeeeeeeeeeeeeeeeeeeeeeeeeeeeeeeeeee
[0:00:06] <Fin_goofy> oh it was quick
[0:00:07] <reapur123> !score
[0:00:07] <@Moobot> @reapur123 Games are best of 1 for today
[0:00:07] <solargamer2000> xd
[0:00:07] <nunz1o> RalpherZ RalpherZ
[0:00:07] <+RogueSquidward> nuke?
[0:00:08] <nickraff15> wtf
[0:00:08] <swekattack> its 9-8 for optic
[0:00:09] <TGConrizzle> talk to me @ESL_CSGOb
[0:00:09] <TravLLR> WOOOOOOOOOOO
[0:00:09] <rbm0407> rip
[0:00:10] <morgan_nilsson> what happened :(
[0:00:11] <ZeddyThaMaster> refresh
[0:00:11] <janrplays> ESL IS GARBAGE
[0:00:11] <+Esquire38> when does OpTic play?
[0:00:11] <+brocepsius> PRODUCTION YOU IDIOTS FREELOADERS
[0:00:11] <$13beans> ITS BACK
[0:00:12] <+Barrigon92> 10th time today
[0:00:12] <SpicyyO_o> ez4optic and gambit
[0:00:12] <+savage66> F5
[0:00:13] <+Mr_DerpyChaos> F
[0:00:13] <teteguapo69> lol
[0:00:14] <rme_irl> REEEEEEEEEEEEEEEEEEEEEEEEEEEEEEEEEE
[0:00:14] <+TheHyperSnyper> SAVED
[0:00:14] <+ralphous> HappyJack
[0:00:14] <klyt_orys> Na cast
[0:00:14] <+TJspain> BACK
[0:00:14] <OtherJoesBlueBalls> BACK UP
[0:00:15] <Wallb0ng> Good Stream Kappa
[0:00:15] <+RogueSquidward> rip
[0:00:16] <+tflow> EZ 9-8
[0:00:16] <+farrael004> F5
[0:00:16] <downeybaby> f5
[0:00:17] <siralvesaju> eua poductions
[0:00:17] <xBL1TZ> RIP
[0:00:17] <soccerxreccos> REFRESH
[0:00:17] <+mybad4990> SAVED
[0:00:19] <sir__mine> we live bois
[0:00:19] <+merijane_> REFRESH
[0:00:20] <TravLLR> REFRESH KIDS
[0:00:20] <AlicateBR> its back
[0:00:20] <+SmokeslkeChimney> Thank god life can continue
[0:00:21] <+gitband> DID NITRO WIN?
[0:00:21] <+RogueSquidward> f
[0:00:21] <Sayionara2468> bro plsssssss
[0:00:21] <LoveForty> GO TO THE RUSSIAN BORADCAST
[0:00:21] <soccerxreccos> SAVED
[0:00:22] <harddgamess> NA :(
[0:00:22] <randompleb7> MY STREAM REEEEEEEEEEEEEEEEEEEEEEEE
[0:00:23] <ddbladess> F
[0:00:23] <greasy_> LUL
[0:00:23] <JOOOSANN> DAFUQ stop shutting off
[0:00:23] <eldorado1x> Seppo on BI
[0:00:23] <tadslo> SAVED
[0:00:23] <tattooedmonsterr> refresh guys
[0:00:24] <+tehgin> LMAO
[0:00:24] <OtherJoesBlueBalls> Down again
[0:00:24] <L30NARD0> WTF
[0:00:25] <+savage66> AGAIN
[0:00:25] <telekine> F
[0:00:25] <+mybad4990> NICE JOB ESL
[0:00:25] <cornkobb> cy KAPOW er
[0:00:25] <Bitcore> 🌋 SPAM 🌋 THIS 🌋 ERUPTION 🌋 TO 🌋 HELP 🌋 PRODUCTION 🌋
[0:00:25] <theus_ca> WTF
[0:00:25] <+Camy647> optic 16-8 hltv confirmed
[0:00:26] <+farrael004> F
[0:00:26] <OtakuSounds> rip
[0:00:26] <Beau171> Refresh
[0:00:26] <negativla> F AGAIN
[0:00:26] <+OfficialSirrah> lol
[0:00:26] <+TheRealDasherCrash> REEEEEEEEEEEE
[0:00:26] <Mathias_H> F
[0:00:26] <TravLLR> RIP LOL
[0:00:26] <+TheHyperSnyper> F
[0:00:26] <+escapia33> LOL
[0:00:26] <+merijane_> F
[0:00:26] <+knutos> AGAIN
[0:00:26] <ehelloconga> what
[0:00:26] <Sayionara2468> fdasdfasdfsdfsdf
[0:00:27] <+Oculate> LUL
[0:00:27] <thyagojvc> rip
[0:00:27] <ofiorus> REEEEEEEEEE
[0:00:27] <+42Trinity> nope
[0:00:27] <mj_ps> IF YOU PRESS CTRL W IT FIXES THE STREAM
[0:00:27] <xjack13x> RIP
[0:00:27] <ybutas> xddddddddddddddddddd
[0:00:27] <+Lava_Being> panicBasket
[0:00:27] <+Gaming_antichrist> seriosuly
[0:00:27] <W1re> QTF
[0:00:28] <+L3AVEMDEAD> F
[0:00:28] <boozny> looool
[0:00:28] <DaffyDuck101> LMFAOOOOOOOOOOOOO
[0:00:28] <+axiommmmm> na stream
[0:00:28] <+Nicknack_gaming> nooooooooooooooooooooooooooo
[0:00:28] <+kingkling> DEAD AGAIN
[0:00:28] <tommieP2> BOI
[0:00:28] <+BoomDood> RIP
[0:00:29] <kankipappa> LOL
[0:00:29] <KingHAwkSz> ITS DOWN AGAIN
[0:00:29] <+hazm> omg
[0:00:29] <pdr2b> r1p
[0:00:29] <rme_irl> WERE BACK LUL
[0:00:29] <LSDillan> wut!!!
[0:00:30] <penaltyshot4> f
[0:00:30] <saman_barwary> ahahahhahaha
[0:00:30] <sowpo> t h a nks
[0:00:30] <AlicateBR> its back to offline again
[0:00:30] <1arkhamcs> jesus cmon
[0:00:30] <Koukimonsta> DED
[0:00:30] <groove666> rip
[0:00:30] <vadare> Rip
[0:00:31] <+Jernemies> LUL dead gone
[0:00:31] <Br0S_Huffy> FF
[0:00:31] <nejkooslo> LOOOOOOOOL
[0:00:31] <PM_ME_USERNAMES> ADDS REEEEEEEEEE
[0:00:31] <+savage66> REEEEEEEEEEEEEEEE
[0:00:31] <cucuGOD> RIP AGAIN
[0:00:31] <+bobbyraid13> annnnnddd its gone
[0:00:31] <Affie24> RUINED
[0:00:31] <MassT> F
[0:00:32] <TheNutburgerS> Rip
[0:00:32] <OtherJoesBlueBalls> REEEEEEEEEEEE
[0:00:32] <Young_Paddy> f
[0:00:32] <No_one67> REEEE
[0:00:32] <+Gaming_antichrist> fucking esl
[0:00:32] <+Serrot> LMAO
[0:00:33] <Malidaboss26> tf
[0:00:33] <MisogynistMale> i love you dylan pardy
[0:00:33] <Proxzys > f
[0:00:33] <DaffyDuck101> FFFFFFFFFFFF
[0:00:34] <pohdarabiola> kkkkkkkkkkkkkkkkkkkkk
[0:00:34] <TheManCarl> REEEEEEEEEEEE
[0:00:34] <firelion44> omf
[0:00:34] <+SladeSE> NOO
[0:00:34] <Venumea> REEEEEEE
[0:00:34] <alano808> team lick
[0:00:34] <awesome_nico> f
[0:00:35] <tadslo> Jebaited
[0:00:35] <+escapia33> ITS BACK Kappa
[0:00:35] <ybutas> ESL is a joke lmao
[0:00:35] <+mybad4990> GJ ESL
[0:00:35] <Gimboos> :tf:
[0:00:35] <Creedocide> F5
[0:00:35] <PanKovalski> 176 ppl Nice
[0:00:35] <snitch_> NORTH KOREA IS ATTACKING THE USA
[0:00:36] <+Diviin3_sky> MY IMERSION
[0:00:36] <$grandllamapigeon> HELLO PGL? LUL ESL HERE LUL LOOK WHAT WE GOT LUL
[0:00:36] <janrplays> gone
[0:00:36] <Ianlad> Aghhhhhh
[0:00:36] <Show_Me_Ya_Hooves> F
[0:00:36] <seleskva> NA PRODUCTION
[0:00:36] <iflyidieicry> Wtfffff
[0:00:36] <just_e_fied> LIQUID WON
[0:00:36] <Beau171> It's ok
[0:00:36] <+silent831> Cx stream
[0:00:36] <sowpo> F
[0:00:36] <+SmokeslkeChimney> Nooooooooooooo
[0:00:36] <paperymitez> EU production
[0:00:37] <bernie1400> FFFFFFFFFFFF
[0:00:37] <rme_irl> WTFFF
[0:00:37] <zjandee> LUL AGAIN
[0:00:37] <Tempurate> LOL DOWN
[0:00:37] <kalssiboi> IM DONE
[0:00:37] <princeroni> omg
[0:00:37] <LSDillan> WutFace
[0:00:37] <W1re> LUL LUL LUL LUL LUL LUL LUL LUL
[0:00:37] <+its_Inflict> F
[0:00:37] <Jyroscopic> RIP AGAINOMG
[0:00:38] <zigastefa> rip
[0:00:38] <bRANNCS> F
[0:00:38] <Lukewhittingham89> yyyyyyy
[0:00:39] <Cyber12341> rip
[0:00:40] <osmanilopez502> F
[0:00:40] <+brocepsius> SEOMBODY CALL TRUMP AND SEND THIS EU COMPANY PACKING PLEASE
[0:00:40] <et_bilu> fuck this
[0:00:40] <Marietehs> rippppppp
[0:00:40] <+darklegion329> NA STREAM
[0:00:40] <spurlis> REEEEEEEEEEEEEEEE
[0:00:40] <TGConrizzle> BACK UP!
[0:00:40] <+FishingWithC4> f
[0:00:41] <Ukoto> FFF
[0:00:41] <recoil_king> F
[0:00:41] <+Nicknack_gaming> you hurt me
[0:00:41] <+OfficialSirrah> RIGGEDDDDDDDDDDDDDDDDDDDDDD
[0:00:41] <$LegnaXD> esl needs to stop doing ourneys man
[0:00:41] <yudhatama10> rip
[0:00:41] <AyyLaMerro> f
[0:00:41] <sowpo> LMAO
[0:00:41] <rme_irl> F
[0:00:41] <Supercvu> ffffffffffffffffffffFFFFFFFFFFFFFFFF
[0:00:42] <theovollam> REEEEEEEEEEEEEEEEEEEEE
[0:00:42] <negativla> REEEEEEEEEEEEEEEEEEE
[0:00:42] <Wallb0ng> BibleThump
[0:00:42] <+ralphous> PowerUpL DarkMode PowerUpR
[0:00:42] <Affie24> REEEEEEE
[0:00:42] <+BoomDood> THANKS OBAMA
[0:00:43] <+theunholyone123> thanks esl
[0:00:43] <yhomas20> reeeeeeee
[0:00:43] <Schebr> LUL
[0:00:43] <AimLikeTeddy> REEEEEEEEEEEEEEEEEE
[0:00:43] <W1re> LUL LUL LUL LUL LUL LUL LUL
[0:00:43] <+SmokeslkeChimney> rooREE rooREE rooREE
[0:00:43] <McPiere> REEEEEE
[0:00:44] <DaffyDuck101> Jebaited
[0:00:44] <notconspicuous> 9-9
[0:00:44] <BLTNJ> you guys lied BibleThump
[0:00:45] <solargamer2000> Dead game also dead stream LUL
[0:00:45] <Joaz> NA TOURNAMENT
[0:00:45] <$grandllamapigeon> LUL HELLO PGL? LUL ESL HERE LUL LOOK WHAT WE GOT LUL
[0:00:45] <ASkittlez> F
[0:00:45] <jjESSEyy> rip
[0:00:46] <nuorineitsyt> na stream
[0:00:46] <+Stanzify> REEEEEEEEEEEE
[0:00:46] <ybutas> its a meme at this point
[0:00:46] <pablocruise6490> is this HCS?
[0:00:46] <FeelingItt> ??????????????
[0:00:47] <Malidaboss26> RIP
[0:00:47] <snitch_> North korea attacks USA
[0:00:47] <14thman> Score?
[0:00:47] <Affie24> REEEEEEEEEEEEEEE
[0:00:48] <soccerxreccos> RIP AGAIN
[0:00:48] <Proxzys > ff
[0:00:48] <+Offmana1> you can watch on your smartphone...its on
[0:00:48] <firelion44> 9:9 HLTV
[0:00:48] <Bitcore> SPAM 🌋 THIS 🌋 ERUPTION 🌋 TO 🌋 HELP 🌋 PRODUCTION 🌋
[0:00:48] <Beaterino> nAAAAAAAAAAAAAAAAAAAAA
[0:00:48] <paperymitez> bro this EU production
[0:00:48] <MogTempest> REEEEEEEEEEEEE
[0:00:48] <Beaz_TV> LOL WHAT A JOKE
[0:00:48] <bernie1400> NA
[0:00:49] <amaranth159> are u kidding meeee!!
[0:00:49] <bonz0_> EU COMPANIES LUL
[0:00:49] <sowpo> REEEEEEEEEEEEEEEEEEEEEE
[0:00:49] <recoil_king> Fffffff
[0:00:51] <Ilkealuonto> Are the even trying LUL
[0:00:51] <nearl> ?????
[0:00:51] <+TJspain> RIP
[0:00:51] <ReflexPro_> PGL DID IT BETTER LUL
[0:00:52] <slightxd> BACKKKKKK
[0:00:52] <AimLikeTeddy> REEEEEEEEEEEEEEEE
[0:00:53] <W1re> LUL LUL LUL LUL
[0:00:54] <+TBGLogiC> fuck trump
[0:00:54] <Nater___Tater> f
[0:00:54] <wenzhegod> 10-8
[0:00:54] <Reign3> LUL NA PRODUCTION LUL
[0:00:55] <sowpo> REEEEEEEEEEEEEEEEEEEEEEEEEEEEEEEEE
[0:00:55] <swiggfps> Fuck esl
[0:00:55] <+42Trinity> i wait to watch the vod Kappa
[0:00:56] <rme_irl> THANKS OBAMA
[0:00:56] <kuberillo> F5
[0:00:56] <+puffNruff> gg
[0:00:56] <+tflow> blu's casting is just so bad ESL production couldn't handle it
[0:00:56] <OtherJoesBlueBalls> doctorVASELINE doctorVASELINE
[0:00:57] <yhomas20> reeeeeee
[0:00:57] <+stopmez15> RIP
[0:00:57] <DaffyDuck101> Jegbaited
[0:00:57] <mm_thiago> NA STREAM
[0:00:58] <ottobaht> Stanislaw's old team vs Stanislaw's old team! LETS GO BOYSSS
[0:00:58] <Freecshow> 9-8
[0:00:58] <+ZeroFive_> DDOS
[0:00:58] <$13beans> RIPPERONI PEPPERONI
[0:00:58] <Wroclawski> PURE GARBAGE
[0:00:59] <gnucc> shit, I'll sleep because of this crappy production
[0:00:59] <Tempurate> SPAM :volcano: THIS :volcano: ERUPTION :volcano: TO :volcano: HELP :volcano: PRODUCTION :volcano:
[0:01:00] <+rilloxmoe> f
[0:01:00] <VaGuE_TV> Jebaited Jebaited
[0:01:00] <paperymitez> EU production
[0:01:00] <nearl> NA TRANSMISSÃO
[0:01:00] <iflyidieicry> Vacccccc
[0:01:01] <Sunny_choppers> ESL = TRASH
[0:01:01] <CoryPea> VAC BAN
[0:01:01] <+hanz_olo> RRREEEEEEE
[0:01:01] <shordecsgo> 9-9
