[0:24:38] <Kaynie> !casters
[0:24:38] <@Moobot> @Kaynie Caster is: @Zescht
[0:24:57] <UnknownFME> FeelsBadMan
[0:25:04] <UnknownFME> Apparently I'm not working this stream
[0:42:53] <+downforcerecordings> no game sound?
[0:43:19] <+downforcerecordings> @ESL_CSGOb there is no game sound bois LUL
[0:43:29] <+downforcerecordings> there we go
[0:47:40] <+downforcerecordings> with the old 57 that could have been dangerous
[0:50:20] <+downforcerecordings> stfN is Stefan btw. in case u want to make your life a little easier^^ dont know bout ecfN though^^
[0:52:30] <+downforcerecordings> its all fine. not audible
[0:52:49] <+downforcerecordings> the frickin train on the map is way more annoying xD
[0:53:52] <+SchindlerJahudisi> ncrcDRAM ncrcHype ncrcNAH ncrcEz ncrcTISS ncrcEGO
[0:53:53] <@Moobot> Uptime is: 54m 1s
[1:03:08] <+downforcerecordings> germans and their nades xD
[1:09:44] <+edwarrior98> God Hunden
[1:09:44] <@Moobot> @moobot Caster is: @Zescht
[1:24:17] <+downforcerecordings> 10 points for that backflip tho LUL
[1:50:20] <UnknownFME> Welp this playlist isn't that great. Sorry about that guys
[2:07:55] <PamPosinishka> bo1 ?
[2:26:09] <+ChrisChanSan> Is this BO1 ?
[2:27:02] <+ChrisChanSan> TY <3 .
[2:33:58] <+Jaspaay> billion dollar company 42 viewerw
[2:44:40] <+dystroyka> LUL
[2:44:53] <Warriorxxlsv> gg
[2:51:42] <1kralc> song?
[3:40:31] <stonedbanana> love the casting, keep it up
[3:54:58] <ESL_Bain> ty @stonedbanana
[3:56:41] <naslardare> тут русские естт?
[4:00:43] <MrL1mon> @who pick 2map??
[4:03:14] <MrL1mon> Who pick train?
[4:06:22] <balunidk> Whos map pick is this?
[4:06:22] <@Moobot> Uptime is: 4h 6m 31s
[4:09:26] <leobac01> Hi
[4:09:56] <leobac01> Anyone up for a little chat?
[4:11:12] <+lucay0> skyvzBrudah
[4:12:20] <leobac01> Do you know the wey?
[4:13:11] <leobac01> ***
[4:27:36] <+blooperlive> !monkeys
[4:27:52] <+blooperlive> hahaha awesome monkeys!
[4:45:26] <+Atomtyp> Ridiculous crouch
[4:45:55] <Chappa1> wh/
[4:46:28] <Chappa1> i think all t10 stack used cheats
