[0:05:00] <+Zescht_> Welcome people!
[0:19:57] <mercacs> ez4cousin merit00n
[0:38:39] <saufs> aufgehts Mali°
[0:57:52] <XDtyrox> Cn u shoutout me pls?
[1:10:26] <iSo_Erik> tahhrtflBerzerker tahhrtflBerzerker tahhrtflBerzerker tahhrtflBerzerker
[1:15:10] <steve5043> shoutout @XDtyrox
[1:17:18] <Pxxy> ää
[1:19:13] <iSo_Erik> Let's go tahhrtflBerzerker
[1:22:21] <iSo_Erik> tahhrtflBerzerker tahhrtflBerzerker tahhrtflBerzerker
[1:22:22] <@Moobot> Uptime is: 1h 22m 30s
[1:22:47] <olegxussr> Berzerk is the great team
[1:23:16] <+Zescht_> Not be underestimated.
[1:27:02] <iSo_Erik> gg tahhrtflBerzerker
[1:50:45] <allchackth> who won the first game? had to afk
[1:52:45] <+Zescht_> @allchackth Berzerk
[1:53:00] <allchackth> ty
[2:19:36] <+sensed> POGGERS
[3:11:01] <aleksaaleksa123> what u think who will win i want to bet
[3:19:52] <rave_cs> zescht Kreygasm Kreygasm Kreygasm
[3:20:17] <+Zescht_> My boy Rave
[3:23:48] <rave_cs> DatSheffy Dieser DatSheffy Chat DatSheffy ist DatSheffy jetzt DatSheffy deutsch DatSheffy
[3:23:48] <@Moobot> @moobot Caster is: @Zescht
[3:23:53] <rave_cs> Kappa
[3:26:38] <VolkayNDO> why are they lagging? :D
[3:27:33] <+Zescht_> Laggin?
[3:36:25] <Beautiful_Panda> Internet sucks at school, using my data to watch heheheh
[3:36:26] <@Moobot> Uptime is: 3h 36m 34s
[3:36:51] <+Zescht_> Good guy @Beautiful_Panda
[3:37:14] <Beautiful_Panda> Kreygasm your voice Kreygasm
[3:37:34] <mrmate420> hey m8, sup :D
[3:38:09] <+Zescht_> Sup dude @mrmate420
[3:39:24] <mrmate420> came to watch god hunden( or more like t3-4 cs) :>
[3:39:38] <Beautiful_Panda> Not as genius as you Kappa
[3:39:50] <+Zescht_> I am only caster genius (wannabe) :D
[3:39:58] <Beautiful_Panda> I came to hear this amazing caster
[3:40:03] <SirDanny> Hello mr Zesct carcHey
[3:40:25] <mrmate420> zescht you cast MDL sometimes right?
[3:40:39] <+Zescht_> Singularity I cast, yeah
[3:40:40] <Beautiful_Panda> They be acting like screaM wannabes LUL
[3:40:53] <+Zescht_> Hello Mr.Danny
[3:41:07] <Beautiful_Panda> You don’t need anyone else, your amazing 😉
[3:41:37] <SirDanny> I love how Hunden seems to be rather happy playing with ze Germans
[3:41:48] <SirDanny> And his fragging has improved
[3:41:48] <Beautiful_Panda> LUL
[3:42:26] <+Zescht_> Totally, he is on the right track @SirDanny
[3:42:35] <+Evo_1337> bin so froh das es einen englischen cast gibt zur eslm kann mir die 99 pfeifen nicht anhören x)
[3:43:05] <+Zescht_> Freut mich, dass es dir gefällt. 99 macht echt viel richtig, auch Claun ist super als Analyst.
[3:43:18] <SirDanny> Not sure why Ich sehe the Deutsche cs, I need to go sleep
[3:43:26] <Beautiful_Panda> I wish I knew how to read that BibleThump
[3:43:30] <+Zescht_> Gemran CS
[3:43:53] <+Evo_1337> ja an sich schon aber ich mag die caster nicht sonst kann ich da wenig gegen sagen
[3:43:59] <+Evo_1337> also die main caster
[3:44:11] <Beautiful_Panda> LOL
[3:44:16] <SirDanny> As in that famous song about police "Schlafen gehen" Kappa
[3:44:28] <+Zescht_> Lol, what?
[3:44:43] <Beautiful_Panda> “He chose the wrong site” prefect simile
[3:44:59] <+Zescht_> Das kann ich verstehen @Evo_1337
[3:45:00] <SirDanny> eins zwei polizei, that one
[3:45:05] <+Zescht_> Aber Jitko mag ich
[3:45:15] <+Zescht_> 3,4 Grenadier
[3:45:52] <+Evo_1337> @Zescht_ er ist auch nett als person aber ich weiß auch nicht sagt mir einfach nicht zu :D
[3:46:06] <+Zescht_> Das ist nachvollziehbar
[3:46:45] <Beautiful_Panda> Oof
[3:46:45] <@Moobot> @moobot Caster is: @Zescht
[3:47:19] <original762> !caster
[3:47:19] <@Moobot> @original762 Caster is: @Zescht
[3:48:05] <Beautiful_Panda> This game is so on sided but idc, if @Zescht_ is commenting, I will stick around
[3:48:33] <Beautiful_Panda> OOOOOFFF
[3:48:39] <Beautiful_Panda> The hell was that?!?
[3:48:43] <+Zescht_> This is loyalty
[3:48:47] <+Evo_1337> imo one of the best upcoming casters
[3:48:48] <Beautiful_Panda> Damb!
[3:48:58] <Beautiful_Panda> ^^^
[3:49:14] <+Evo_1337> LUL
[3:50:22] <Beautiful_Panda> Multiple gf? Isn’t that cheating?
[3:50:27] <TheEndlessCircle> what is next map?
[3:50:31] <+Zescht_> If your gf is cool with it
[3:50:54] <Beautiful_Panda> But I am single ;)
[3:51:22] <Beautiful_Panda> Zescht please adopt me
[3:51:27] <Beautiful_Panda> Kappa
[3:51:38] <TheEndlessCircle> thx
[3:52:04] <mrmate420> isnt attax better than euronics?
[3:52:12] <elefkei> no
[3:52:23] <elefkei> euronics much better
[3:53:42] <Cksdn0530> 10-5 score board confirmed
[3:53:50] <Beautiful_Panda> ^
[3:54:08] <Beautiful_Panda> 16-7 end of game
[3:54:27] <Cksdn0530> well game is not ended
[3:54:32] <i400kg> 11-3
[3:54:40] <Cksdn0530> lol11-3
[3:54:47] <Beautiful_Panda> No I’m predicting the score lmao
[3:55:08] <Cksdn0530> then sorry bro :)
[3:55:14] <i400kg> ez 4 EG
[3:55:20] <Beautiful_Panda> No worries fam
[3:55:55] <Beautiful_Panda> OOF
[3:56:16] <Cksdn0530> 12-3 nice half!
[3:56:25] <i400kg> 11-4
[3:56:32] <Cksdn0530> dem
[3:56:34] <Beautiful_Panda> ANIMAL ABUSE
[3:56:57] <CTR85> :(
[3:56:57] <@Moobot> Uptime is: 3h 57m 6s
[3:57:15] <Cksdn0530> fuck its 12-3
[3:57:20] <CTR85> what's wrong with alternate?
[3:57:21] <Cksdn0530> not 11-4
[3:57:37] <CTR85> 12:3
[3:57:41] <Cksdn0530> good half 12:3
[3:58:02] <Beautiful_Panda> When your phone can’t even run twitch BibleThump
[3:58:15] <original762> bo1?
[3:58:33] <Cksdn0530> bo2
[3:58:40] <Cksdn0530> how they can loose that round
[3:58:42] <i400kg> 3
[3:58:48] <Beautiful_Panda> Feelsbadman
[3:58:52] <linusdb> hi there
[3:59:01] <+Zescht_> Hello Mr.Linus
[3:59:02] <CTR85> they must win pistols if want comeback
[3:59:19] <Cksdn0530> but they have hunden
[3:59:48] <CTR85> gg
[3:59:51] <mrmate420> comeback inc
[3:59:57] <CTR85> 13:3 gg
[4:00:00] <Cksdn0530> ez (throw) for hunden
[4:00:11] <Cksdn0530> lol 13:3
[4:00:12] <Beautiful_Panda> Am I the only one who just full buys a crap ton of items when it’s the last round, whether or not you are winning?
[4:00:21] <CTR85> attax not exist in this match
[4:00:33] <Cksdn0530> yes you are only 1
[4:00:39] <Beautiful_Panda> Feelsbadman
[4:00:49] <Beautiful_Panda> No wonder I’m still silver 4
[4:01:26] <Cksdn0530> 14:3
[4:01:51] <Beautiful_Panda> 16-4
[4:01:57] <CTR85> nice shitshow form attax:d
[4:01:58] <Beautiful_Panda> End of game. Rip
[4:02:25] <CTR85> 16:3 really:D?
[4:02:27] <original762> NotLikeThis
[4:02:39] <tecnzera> !uptime
[4:02:40] <@Moobot> Uptime is: 4h 2m 49s
[4:03:39] <i400kg> 15-15
[4:03:47] <i400kg> ggtv
[4:05:07] <original762> DarkMode EntropyWins
[4:06:09] <CTR85> next map please this is over
[4:06:30] <TheEndlessCircle> faze vs liquid incoming
[4:08:06] <original762> EntropyWins
[4:08:06] <@Moobot> @moobot Caster is: @Zescht
[4:08:46] <original762> WutFace
[4:08:48] <Fairkat> That is BO1 , BO2 , BO3 or BO5?
[4:09:16] <TheSwedishJoker> 10/10 paint skills
[4:09:17] <TheEndlessCircle> they don't care about money. one loss and map is gone
[4:09:43] <original762> LUL
[4:09:45] <+Zescht_> true, but loose too many players and you make your life just harder for the next round
[4:10:02] <original762> theres is no next round
[4:10:10] <+Zescht_> There is
[4:10:20] <+Zescht_> You win but loose 4 players
[4:10:34] <TheEndlessCircle> only in case of AWP, which is not a huge factor for the attack on this map
[4:10:35] <original762> all in untill the end or overtime
[4:10:42] <+Zescht_> bvad economy because no continous money, making your life harder
[4:10:50] <Fairkat> @Zescht_ This is Bo3 match?
[4:10:54] <+Zescht_> Bo2
[4:11:10] <Fairkat> Thanks
[4:11:12] <+Zescht_> If you loose players one after another but win rounds, your economy will be bad
[4:12:34] <Cksdn0530> lol 15-8
[4:12:45] <Cksdn0530> 16-14 confirmed?
[4:13:13] <TheEndlessCircle> 15-15. the night is young
[4:13:53] <Cksdn0530> 15-9
[4:14:26] <Cksdn0530> att odd 17 lol
[4:15:32] <Cksdn0530> if they make 15-15, i will poo on my pants
[4:16:18] <TheEndlessCircle> god hunden
[4:16:36] <Cksdn0530> 15-10
[4:17:22] <TheEndlessCircle> feelsgoodman
[4:17:44] <Cksdn0530> can’t win that fucking 1 round
[4:18:01] <Cksdn0530> 16-10 gg
[4:18:17] <Cksdn0530> wait 15-11
[4:18:17] <@Moobot> Uptime is: 4h 18m 26s
[4:19:21] <muryss> rly, throw handicap?
[4:19:28] <TheEndlessCircle> because tactical pauses are for noobs
[4:19:32] <muryss> just hold it
[4:20:49] <Cksdn0530> ookay 15-12
[4:21:06] <muryss> rly
[4:21:47] <+tristanyo> mooN
[4:21:50] <Cksdn0530> rly
[4:23:00] <CTR85> its rigged
[4:23:05] <CTR85> attax wil win:d
[4:23:16] <linusdb> damn
[4:23:24] <Cksdn0530> finallllly !!!!!
[4:23:28] <CTR85> 16:12:D
[4:23:34] <Cksdn0530> 16-12
[4:23:46] <Cksdn0530> Ye~ nice euronic
[4:24:22] <muryss> sure?
[4:25:35] <TheEndlessCircle> :(
[4:25:57] <linusdb> the suspense
[4:27:28] <+Zescht_> !casters
[4:27:28] <@Moobot> @Zescht_ Caster is: @Zescht
[4:27:56] <linusdb> good commentary zescht
[4:28:14] <linusdb> good night
[4:42:28] <+Zescht_> Thanks a lot
[4:42:35] <+Zescht_> good night Linus
[4:42:57] <TheEndlessCircle> alternate starting CT?
[4:44:31] <TheEndlessCircle> feelsbadman
[4:45:34] <popoa_> RIP kito? :D
[4:48:23] <achour2011> 9999
[4:50:58] <CTR85> guys what are u thinking?
[4:51:06] <CTR85> attax take nuke?
[4:51:20] <+Zescht_> too early to say
[4:51:55] <+yTWIIN> HSWP
[4:52:38] <CTR85> its ct map so maybe after change side will be better
[4:52:38] <@Moobot> Uptime is: 4h 52m 47s
[5:20:54] <PamPosinishka> bo1 ?
