[0:00:01] <+Max_Unix> NA BrokeBack EU PogChamp
[0:00:01] <Therappe02> !score
[0:00:02] <jona847i> @aimingyou you the man
[0:00:02] <$shoooost> @Dux9 technically isn't SK a NA team since they live in the US? WutFace
[0:00:02] <dongeey> kom så Astralis :>
[0:00:08] <freetuuu> i recommend AQUAPARK in RUDA SLASKA its next to Katowice ! probably best aquapark in poland :D
[0:00:09] <strangeredd> FNX WAS THE PROBLEM LUL
[0:00:15] <jona847i> Jesper er bøssed
[0:00:16] <xXxMisterFoxxXx> Who won?
[0:00:27] <Dux9> @shoooost you're confusing technically with theoretically
[0:00:28] <R3M3DY92> nuke ez win for astralis NA teams suck at nuke
[0:00:29] <tartumartin> nazi germany won
[0:00:31] <+PenguinPhucker> Liqs
[0:00:32] <aimingyou> Jesper er bøsse
[0:00:34] <Mind_Infection> Guys hes black
[0:00:34] <DadoExtreme> @shoooost they dont live in the us you tard, they live in south america...
[0:00:39] <ZMPNeon> @tartumartin VoteYea
[0:00:41] <ace_ions_kan_trive> JESPER ER BØGSE
[0:00:42] <+Hungryhippoooo> any doc subs? forsenCD
[0:00:43] <dongeey> jesper er bøsse
[0:00:45] <R3M3DY92> cause nuke actually requires skill ;D
[0:00:48] <Rilxyx> !maps
[0:00:51] <yez_tv> ÆØÅ
[0:00:52] <+LandonRush> !map
[0:00:52] <AngelEeyes> KHSR er mine piger
[0:00:52] <adamz003> @xXxMisterFoxxXx are you blind?
[0:00:52] <ace_ions_kan_trive> HVEM ER JESPER?
[0:00:54] <$shoooost> @DadoExtreme pretty sure they live in la for the most part, i was joking anyways tho
[0:00:56] <IIKINGKONGII> guy on left talks like a fish, fix your lips fish lips
[0:00:58] <+LandonRush> !,aps
[0:01:01] <aimingyou> Jesper er bøsse!.!
[0:01:01] <Chrisarmitage> !maps
[0:01:02] <MaskedBNR> oly fuck these casters are so horrible. pls go get sado, HenryG, anders, moses, DDK, bardolph,
[0:01:02] <Mind_Infection> -Nuke +Canals plz Volvo
[0:01:04] <+LandonRush> !maps
[0:01:05] <dongeey> bøssejesper
[0:01:08] <Emil8731> Jesper er så klam
[0:01:09] <+theflamingo> Most people in chat weren't born yet the last time EU won a major
[0:01:09] <+phanyuuh> DOC SUBS forsenCD
[0:01:11] <+Daviolli> doctorKARATE
[0:01:13] <jona847i> jesper er en gay dude
[0:01:14] <ace_ions_kan_trive> HE HAS A LITHP
[0:01:16] <daksh879> Chokestralis. vs. TEAM CHOKE
[0:01:17] <+Ev4n37> liquid destroyed faze on nuke at starladder
[0:01:17] <JmanCSGO> JEsper ??? er du der jesper??
[0:01:17] <SnoerMan> JESPER ER DIN LILLESØSTER
[0:01:19] <gnacioo> J
[0:01:20] <devourdk> Bøsse jesper
[0:01:20] <IIKINGKONGII> _STDkist
[0:01:21] <hosen77> map??
[0:01:23] <En_Em_> D OMEGALUL C
[0:01:24] <thegladyx> Upcoming casters Kreygasm
[0:01:26] <Zarrqq> casters 0 research FailFish
[0:01:27] <+17klutch74> Beat faze on nuke
[0:01:29] <maksezdraft14> !casters
[0:01:30] <aimingyou> Fucking Jesper
[0:01:30] <Mind_Infection> Jesper is Bae
[0:01:32] <theblueshadov> @hosen77 nuke
[0:01:32] <dsignabeats> 'tore astralis apart' hahahaha
[0:01:35] <punaniflaekker> Jesper elsker store pikke i røven
[0:01:37] <SpirArn> Danskjefflar
[0:01:37] <aimingyou> Pisse irriterende
[0:01:39] <hosen77> next map??
[0:01:40] <Hardstylebabe20> this chat xD
[0:01:41] <GrydeCSGO> !score
[0:01:42] <mclexha> !maps
[0:01:42] <Emil8731> jesper er sød
[0:01:43] <Mind_Infection> nuke
[0:01:44] <$shoooost> nuke
[0:01:45] <hosen77> ok thank you
[0:01:47] <IIKINGKONGII> herpeKIST LUL
[0:01:51] <Proffsskit> NA CASTERS = NA WIN. LIQUID 2-0 CONFIRMEd LUL
[0:01:57] <Hunt3R2335> Insia no. 1
[0:01:58] <dongeey> cringe casters all over ESL haHAA
[0:02:00] <+Skultra1> \_
[0:02:00] <ZMPNeon> @dadoextreme They do live in the US, but they are south american, not north american
[0:02:00] <aika_ti> r6rekt riPepperonis
[0:02:02] <Hunt3R2335> india no. 1
[0:02:03] <+victuh> Henry KappaPride
[0:02:05] <jona847i> jesper er min ven han er mega bøsse
[0:02:07] <aimingyou> @Emil8731 Nej Jesper er Bøsse
[0:02:09] <Mind_Infection> NA PogChamp EU BrokeBack
[0:02:10] <punaniflaekker> sådan seriøst
[0:02:11] <$shoooost> @Proffsskit arent these british casters?
[0:02:14] <+Skultra1> ELIGE \_OUGING
[0:02:16] <+papaVolvo> WHO THE FUCK ARE THOSE GUYS LUL
[0:02:20] <EnigmaOS> Nitro IGL not steel?
[0:02:20] <SpotTheOzzieTV> i got money on liquid to win the first round of nuke, WISH ME LUCK BOYS
[0:02:22] <jesp232a> omfg jona
[0:02:22] <mamas_spaghetti> On fire 16-12 LUL
[0:02:26] <R3M3DY92> of course they're not north american they actually got SKILL
[0:02:26] <+LONGEV1per> LUL
[0:02:27] <FmNey> To pee or not to pee? VoteNay or VoteYea
[0:02:30] <Wrathtower05> ELIGE \_OUNGING
[0:02:31] <En_Em_> @hunt3r2335 where did that nationalism came from :/
[0:02:32] <aleeeexk> GLAIVE LUL
[0:02:33] <aimingyou> Jesper er seriøst pisseirriterende
[0:02:34] <TargetQ2> British Machine? Weird HenryG?
[0:02:35] <Proffsskit> shoooost they probably are, I am just trying to be funny, like the rest of this chat is 4Head
[0:02:37] <Mental__Boom> VoteNay
[0:02:37] <kasai13> VoteYea
[0:02:39] <thegladyx> Reading Bible LUL
[0:02:40] <TobiasRieper1108> VoteYea
[0:02:43] <seanchadd> steel cant even speak english well
[0:02:43] <$shoooost> @SpotTheOzzieTV literally the first round? what a weird bet
[0:02:49] <+na_playss> @proffsskit funny WutFace
[0:02:49] <aika_ti> Death note
[0:02:50] <seanchadd> how can he IGL
[0:02:50] <PolarB18> VoteYea
[0:02:51] <Rilxyx> 1 more XD and im out
[0:02:52] <hohladych> VoteYea
[0:02:54] <JmanCSGO> Hvad er status på jesper? ER han bøgse eller lebbe?+
[0:02:55] <the_fredo12337> MORTEN KOM PÅ SKYPE
[0:02:55] <variirarii> Liquid just won on nuke vs faze idiot casters "no results on nuke"
[0:02:56] <antiii> CSGO STRATS 101 LUL
[0:02:56] <viksenarty> what time is nip vs north
[0:02:57] <+na_playss> FortBush FortBush
[0:02:57] <Emil8731> fak automod
[0:02:58] <Mental__Boom> @Proffsskit LOOOOOOOOOOOOOOOOOOOOOOOOOOOOL 4Head
[0:02:59] <flnZfsCS> Go Liquid Take My Energy! 16-5 Astrais! GG Astralis Noobs!! 2-0 Coming!!!
[0:02:59] <kamcio817> XD
[0:03:00] <Adrsy24> XD
[0:03:00] <JeSu13> Glaive reading
[0:03:00] <En_Em_> XD
[0:03:01] <mattpigeon> Xd
[0:03:03] <kasp005h> VoteYea VoteYea
[0:03:03] <$shoooost> @Proffsskit I get it homie, time are tough, memes are getting harder and harder to come by
[0:03:03] <tweekzt3r> nuke <3 nuke <3
[0:03:06] <+n1ck0> DX
[0:03:07] <Fortunia82> wonder why the chat is so horrid
[0:03:08] <ace_ions_kan_trive> hate cheaters
[0:03:08] <SpotTheOzzieTV> The first round of this map @shoooost for liquid to win is my bet :)
[0:03:09] <antiii> LIQUID LUL CANNOT LUL DO LUL SOLID LUL PERFORMANCE LUL GET IT LUL
[0:03:09] <Emil8731> MORTEN DET ER NU
[0:03:10] <+sertman1> @Yung_nansi lsn to hugo now, very intellectual
[0:03:10] <silditqnde> !maps
[0:03:12] <thegladyx> NUKE PogChamp
[0:03:12] <+seebig> Liquid just beat faze on nuke. These casters suck
[0:03:13] <kevv1ncsgo> @Rilxyx xD
[0:03:18] <Mind_Infection> Glaive vac banned for reading check HLTV
[0:03:19] <ace_ions_kan_trive> WHAAAAAAT TWIST VAC BANNED
[0:03:19] <Kargo1501> Hvad er der galt med at være homoseksuel?
[0:03:22] <PeanutbrainTurok> Seriousslot
[0:03:24] <gianclone> Type AMEN to help Father Glaive
[0:03:24] <Proffsskit> Ikr :P
[0:03:24] <ace_ions_kan_trive> !
[0:03:25] <nickshreesh> !maps
[0:03:28] <Ahkmenrah991> KappaKappaKappaKappa
[0:03:30] <Mind_Infection> nuke
[0:03:30] <the_fredo12337> OLIVER/HUSSEIN KOM PÅ DISCORD
[0:03:30] <punaniflaekker> gla1ves pande er seriøst stor WHAT
[0:03:31] <+Ev4n37> joka!
[0:03:32] <+raskyerasken> !maps
[0:03:34] <p0dde> Mods Plz ban Ullers for hate speech
[0:03:35] <kevv1ncsgo> Amen!
[0:03:37] <$shoooost> @SpotTheOzzieTV I got Liquid to win the overall match. Never seen a bet for just the first round though :D gl homie
[0:03:37] <ace_ions_kan_trive> AMEN
[0:03:39] <tweekzt3r> astralis picked canals
[0:03:39] <arndorus> C 9 B O Y Z
[0:03:41] <Mind_Infection> amen
[0:03:41] <R3M3DY92> I think he's trying to say in danish that he's a raging homosexual
[0:03:42] <maksezdraft14> jokasteve HELLO MAN
[0:03:46] <+danpopz> !schedule
[0:03:46] <@Moobot> http://en.intelextrememasters.com/season-12/katowice/csgo/
[0:03:47] <ItzS1m1> naf looks like sid from ice age lol
[0:03:49] <Ahkmenrah991> what happened to kappain everythin
[0:03:52] <LegendenXalleh> !mapas
[0:03:52] <ZMPNeon> @seanchadd He can slightly, he is slowly learning more and more
[0:03:54] <aimingyou> @Kargo1501 Ikke noget, det er en joke
[0:03:55] <FmNey> 1 more "xD" and I'll shutdown my computer!
[0:03:55] <Rilxyx> TYLOO LUL LUL LUL
[0:04:00] <punaniflaekker> Kappa
[0:04:00] <+raskyerasken> !commands
[0:04:02] <Ahkmenrah991> xD
[0:04:03] <Yalex3223> xD
[0:04:03] <ace_ions_kan_trive> NEXT MAP NUKE
[0:04:04] <R3M3DY92> XD
[0:04:04] <@Cent> Thanks for pointing him out p0dde
[0:04:06] <+ballshack1> xd
[0:04:06] <elliotbroderick> !maps
[0:04:06] <+lizziethebraveturtle> Dx
[0:04:07] <+Lukas_206> xD
[0:04:07] <Laranas_> xD
[0:04:08] <kevv1ncsgo> @FmNey xD
[0:04:08] <ItzS1m1> xd
[0:04:09] <$shoooost> @ItzS1m1 hes part sloth dude
[0:04:09] <TherealZepto> xD
[0:04:10] <flow1337dk> xD
[0:04:12] <ace_ions_kan_trive> WHY BLCK SCREEN?
[0:04:12] <Michaeljts> xD
[0:04:13] <tweekzt3r> liquid indeed have been playing nuke a few times
[0:04:14] <+17klutch74> Rip computer
[0:04:15] <kvikz> I want to have eliges babies
[0:04:15] <Yalex3223> C:
[0:04:15] <hachwompamby> 16-3 vs faze lol
[0:04:16] <IIKINGKONGII> naf has the nose of a witch
[0:04:16] <variirarii> "FAZE NOT GOOD ON NUKE" has 65% win rate lmfao
[0:04:18] <the_fredo12337> <BESKEDEN BLEV FKN SLETTET>
[0:04:19] <En_Em_> Kappa
[0:04:19] <+Shoecutter> Kappa
[0:04:20] <Mind_Infection> NEXT MAP IS NUKE THEN OVERPASS
[0:04:21] <jona847i> @Kargo1501 vi joker bare rolig
[0:04:24] <thegladyx> Kappa
[0:04:24] <Spoinki> !bits
[0:04:28] <Maaqu_> naf = gay
[0:04:31] <yry001215> smokie2K back again LUL
[0:04:31] <flnZfsCS> Go Liquid Take My Energy! 16-5 Astrais! GG Astralis Noobs!! 2-0 Coming!!!
[0:04:34] <NApls209> zews FeelsGoodMan
[0:04:34] <Mind_Infection> ik gay for naf
[0:04:36] <Kargo1501> @jona847i i know
[0:04:36] <Ahkmenrah991> one more kappa and I'll throw my computer out of the window
[0:04:37] <+Shoecutter> Kappa Kappa it'll never leave
[0:04:38] <SpotTheOzzieTV> @shoooost u too dude GL!!!!
[0:04:40] <variirarii> Like do these casters do their research before casting?
[0:04:43] <KGB2905> !maps
[0:04:44] <ItzS1m1> @maaqu_ Xd
[0:04:48] <ThylacineOG> SabaPing Spam SabaPing This SabaPing Fish SabaPing To SabaPing Help SabaPing ELiGE SabaPing
[0:04:50] <R3M3DY92> I like playing nuke!
[0:04:50] <+Shoecutter> Kappa
[0:04:51] <Ahkmenrah991> Kappa
[0:04:52] <boba_fett_nok> LETS GO ASTRALIS
[0:04:58] <+Younite> Kreygasm Phase 2 Gamma Doppler
[0:04:59] <Pissuki> nuke (puke)
[0:05:00] <Oki121> NO U
[0:05:00] <Jona12341> Astralis med to win Nike.. its Their map
[0:05:02] <jona847i> Tak for hjælpen drenge, jesper sider nu og græder
[0:05:07] <$shoooost> SPAM SeriousSloth THIS SeriousSloth NAF SeriousSloth TO SeriousSloth HELP SeriousSloth NAF SeriousSloth
[0:05:09] <ace_ions_kan_trive> 1 AMEN = 1 PRAYER FOR DUPREEH BEACUSE HE IS SO UGLY
[0:05:17] <Zarrqq> rekt
[0:05:18] <R3M3DY92> on ct side of course lulul ;D
[0:05:19] <+jeb_the_hick> wat
[0:05:20] <+memelibertine> NUKE FeelsGoodMan
[0:05:21] <flow1337dk> ?
[0:05:23] <Dostic247> Lucky af
[0:05:24] <+sertman1> SPAM SeriousSloth THIS SeriousSloth NAF SeriousSloth TO SeriousSloth HELP SeriousSloth NAF
[0:05:27] <Philip_TriHard> lol?
[0:05:27] <@Moobot> Make sure to enter the awesome giveaway! http://intelextrememasters.com/raffle :D
[0:05:28] <ZMPNeon> I'd go gay for Twistzz lmao
[0:05:28] <officialskjoedt> what is that weird shot
[0:05:29] <FmNey> SPAM Mau5 THIS Mau5 MICE Mau5 TO Mau5 HELP Mau5 DEVICE Mau5
[0:05:29] <+Jodeldei> nuke <3
[0:05:30] <DaxziDK> What?
[0:05:32] <NApls209> 64 tick server Kappa
[0:05:35] <$shoooost> SPAM SeriousSloth THIS SeriousSloth NAF SeriousSloth TO SeriousSloth HELP SeriousSloth NAF
[0:05:39] <aacolyte> MORTEN DET ER SIDSTE GANG JEG SIGER DET
[0:05:39] <EsLUL> gg 16-0
[0:05:44] <R3M3DY92> I'd go gay for pansy
[0:05:48] <+Schattenpuschel> @biqshaqq wtf cmonBruh he's sexy af... show me a picture of yours
[0:05:50] <TheRealArab> lag
[0:05:56] <SpotTheOzzieTV> I won my bet !!! Yay!!! :D:D Team Liquid win first round!!!!! of map 2 :)))))
[0:05:57] <+phavela> *** 🤔
[0:05:59] <icelore00> 2
[0:06:02] <tumpelo_03> im gay for rain
[0:06:05] <deVoid91> LUL
[0:06:05] <+phavela> h4x 🤔
[0:06:06] <kickme01> ASSTRALIS LUL
[0:06:06] <ace_ions_kan_trive> DBstyle
[0:06:07] <IIKINGKONGII> crisp clean lock bois
[0:06:09] <Slippyyyn> 2 xyp8x
[0:06:09] <+sertman1> SPAM SeriousSloth THIS SeriousSloth NAF SeriousSloth TO SeriousSloth HELP SeriousSloth NAF
[0:06:10] <RealISuxAtGamez> lOLOL
[0:06:10] <antiii> 2 xyp9
[0:06:11] <$shoooost> SPAM SeriousSloth THIS SeriousSloth NAF SeriousSloth TO SeriousSloth HELP SeriousSloth NAF SeriousSloth
[0:06:12] <fuzy5> lol
[0:06:12] <TrabelmakerNummer1> 2 xyo9x
[0:06:12] <jongsturk> 2 xyp9x?
[0:06:13] <OkurwaPrawiePiwoWylalem> 2xxyp9x
[0:06:13] <Zarrqq> naf 200 iq
[0:06:14] <Ahkmenrah991> save USP Kappa
[0:06:15] <Rilxyx> bot xyp9x
[0:06:15] <Brandoncck34> 2
[0:06:15] <+Jodeldei> Xyp9x x2
[0:06:15] <Krouching_Cangaroo> SPAM SeriousSloth THIS SeriousSloth NAF SeriousSloth TO HELP SeriousSloth NAF SeriousSloth
[0:06:15] <thegladyx> 2x Xypnx
[0:06:16] <AngriestPlayerNA> two xyp9x's monkaS
[0:06:18] <Lucasqn3709> 2x xypix
[0:06:18] <noerholt> 2x xyp9x
[0:06:19] <Decreze> 2 x Xypnix
[0:06:19] <Kgcool> they cloned him PogCham[p
[0:06:19] <Mind_Infection> doubke xyp
[0:06:20] <spyro_the_dragoon> 2 xyp9x
[0:06:23] <ace_ions_kan_trive> I WILL LET ASTRALIS RUN A TRAIN ON ME
[0:06:23] <fuzy5> RIp device
[0:06:24] <antiii> wait its 2v3 xd
[0:06:24] <+dsmessman> SPAM SeriousSloth THIS SeriousSloth NAF SeriousSloth TO HELP SeriousSloth NAF SeriousSloth
[0:06:25] <NApls209> still alive monkaS
[0:06:25] <Falqon0ne> ??
[0:06:26] <Rilxyx> 14 hp LUL
[0:06:26] <infantri41> 2 xyp9x
[0:06:26] <noerholt> still alive LUL
[0:06:28] <ace_ions_kan_trive> LEL
[0:06:28] <+Schattenpuschel> xypex
[0:06:29] <albinol34> xypnxxxx
[0:06:30] <lawxl> RIP
[0:06:31] <fuzy5> device rest in peperoni
[0:06:31] <QUOTE_ME_IF_KNEEGO> 2 xyp9x WutFace
[0:06:31] <+Wombattle> 2 Xyph9x LUL
[0:06:31] <Pietzu10> 2 xp9x roarrS
[0:06:32] <Decreze> hahaha
[0:06:33] <+Kymulv54> 5 xyp9x
[0:06:34] <flnZfsCS> Go Liquid Take My Energy! 16-5 Astrais! GG Astralis Noobs!! 2-0 Coming!!!
[0:06:35] <joshiiwaa> 2 Xyp9xs!
[0:06:36] <+z3ro____> LUL
[0:06:36] <+qato67> nice ping
[0:06:37] <antiii> 6v5
[0:06:37] <ace_ions_kan_trive> BrokeBack
[0:06:38] <bhargavreddy> Xyp9x hacking??????
[0:06:39] <lilcryin> xyp9x has done it .... he finally cloned himself PogChamp
[0:06:39] <kejvi1> 2 xyp9x
[0:06:39] <+noahB__> doubly xyp9x monkaS
[0:06:40] <PolarB18> His cheating! WutFace
[0:06:41] <elphenomeno75> new nuke LUL
[0:06:48] <skowronkrul> 5 xyp9x
[0:06:51] <+Phatnub> WTF 2 Xyp9x :O
[0:06:53] <SpotTheOzzieTV> @shoooost I won my bet dude! Good luck man!!!
[0:06:53] <Ahkmenrah991> astralis 16-14 liquid
[0:06:55] <$shoooost> SPAM SeriousSloth THIS SeriousSloth NAF SeriousSloth TO SeriousSloth HELP SeriousSloth NAF SeriousSloth
[0:06:57] <tweekzt3r> -mirage +canals and nuke will be played more :D
[0:06:58] <Zarrqq> steel whyyyyyy
[0:06:58] <AngriestPlayerNA> steel is such a bot
[0:07:00] <joshiiwaa> Poland HUD LUL
[0:07:01] <TheTechnixian> doobly xyp9x lmao
[0:07:02] <PowerSib> кто пришел с русской транс чтобы не слушать 2 давничей на комментаторе + в чат
[0:07:02] <nexaltv> First man to close himself
[0:07:03] <Pissuki> GabeN Clap
[0:07:06] <punaniflaekker> utroligt device kan finde tid til at spille med alt det tuderi
[0:07:07] <+Jodeldei> BR brain
[0:07:09] <$shoooost> @SpotTheOzzieTV grats :) im not even worried, liquid got this
[0:07:09] <+sertman1> SPAM SeriousSloth THIS SeriousSloth NAF SeriousSloth TO SeriousSloth HELP SeriousSloth NAF
[0:07:11] <nexaltv> Close
[0:07:14] <DiLylyDaLyly> botro
[0:07:23] <Hipaminondas> Naf looks like a pokermon
[0:07:24] <FmNey> SPAM Mau5 THIS Mau5 MICE Mau5 TO Mau5 HELP Mau5 DEVICE Mau5
[0:07:25] <strytl00943> nuke is a horrible map, who did this?
[0:07:25] <official_frasse> here we go again LUL
[0:07:27] <theLAdude> Why the fuck did Astralis pick nuke against liquid??? Liquid just 16-2 faze on it 3 days ago...
[0:07:30] <wubinators> chokestralis????
[0:07:31] <Kaczmaar> VAC !
[0:07:35] <$shoooost> SPAM SeriousSloth THIS SeriousSloth NAF SeriousSloth TO SeriousSloth HELP SeriousSloth NAF SeriousSloth
[0:07:37] <KGB2905> VAC
[0:07:40] <ThylacineOG> @strytl00943 it was Astralis
[0:07:55] <deVoid91> CHOKEQUID LUL
[0:07:57] <anticitizen_one> LUL
[0:07:58] <hevcs> w
[0:08:02] <Nooberts> NAF > device
[0:08:02] <AngriestPlayerNA> steel going to lose them the fucking round ffs
[0:08:05] <Kargo1501> Hvorfor er NAF altid så heldig
[0:08:07] <thegladyx> glave pls
[0:08:08] <madsen2102> !maps
[0:08:11] <DadoExtreme> @theLAdude cos you mom gay
[0:08:13] <ZMPNeon> ResidentSleeper SPAM ResidentSleeper THIS ResidentSleeper NAP ResidentSleeper TO ResidentSleeper HELP ResidentSleeper OUT ResidentSleeper NAF ResidentSleeper
[0:08:19] <tweekzt3r> @strytl00943 its indeed different - most people are just expecting the same dust2 layout
[0:08:20] <fquer360> how
[0:08:20] <Nooberts> LULLLL device never won agains naf
[0:08:24] <$shoooost> SPAM SeriousSloth THIS SeriousSloth NAF SeriousSloth TO SeriousSloth HELP SeriousSloth NAF SeriousSloth
[0:08:29] <PsycheFI> GOD MAGISK
[0:08:29] <adamz003> Ez
[0:08:29] <DiLylyDaLyly> bot twist
[0:08:30] <EsLUL> 16--1
[0:08:31] <+ThatToastyDoe> BM
[0:08:32] <merthins> MAGISK POGGERS
[0:08:32] <paj8> wp
[0:08:32] <Ikoncz> nice one
[0:08:32] <R3M3DY92> owned
[0:08:33] <alment> Bm
[0:08:33] <lilcryin> EZ
[0:08:34] <+Bob_Ross> BM LUL
[0:08:34] <Graczuuxkery> bm LUL
[0:08:34] <tumpelo_03> 200IQ
[0:08:35] <+Younite> bm
[0:08:35] <bubebu1> the disrespect
[0:08:36] <anticitizen_one> BM D:
[0:08:36] <Marcuswz> NJAAAAAAAAA'
[0:08:37] <NApls209> BM haHAA
[0:08:37] <TheBartle> BM DansGame
[0:08:39] <ThylacineOG> SabaPing Spam SabaPing This SabaPing Fish SabaPing To SabaPing Help SabaPing ELiGE.
[0:08:39] <TobiasRieper1108> bot twistzz
[0:08:40] <Damkjaer_> rip device
[0:08:41] <abudeydey> BM
[0:08:42] <AngriestPlayerNA> -steel +ethan top 1 team world
[0:08:42] <+Crappertank9> device VAC
[0:08:43] <4svwoody> device god
[0:08:44] <Twistified> p o g g e r s
[0:08:44] <antiii> device dead
[0:08:44] <nombla> rip device
[0:08:45] <DadoExtreme> NA CS LUL
[0:08:46] <thegladyx> BM Kreygasm
[0:08:46] <fuzy5> Magizi
[0:08:46] <flnZfsCS> Go Liquid Take My Energy! 16-5 Astrais! GG Astralis Noobs!! 2-0 Coming!!!
[0:08:47] <+ma1ox> !wins
[0:08:49] <adam2000p> BM WutFace
[0:08:49] <Hardstylebabe20> LUL
[0:08:50] <rickyid> 200IQ play
[0:08:51] <IIKINGKONGII> 2 EZ
[0:08:52] <stalker822228> !map
[0:08:52] <kickme01> LULQUID LUL
[0:08:53] <ashwinsimha> !scorr
[0:08:53] <SHH1119> BloodTrail BM
[0:08:54] <antiii> rip
[0:08:54] <+sertman1> ResidentSleeper SPAM ResidentSleeper THIS ResidentSleeper NAP ResidentSleeper TO ResidentSleeper HELP ResidentSleeper OUT ResidentSleeper NAF ResidentSleeper
[0:08:55] <JohnBa_DK> rip dev
[0:08:55] <Akrosstv> NotLikeThis
[0:08:55] <flnZfsCS> dvice lel
[0:08:57] <Jona12341> Rip device
[0:08:57] <FmNey> TTours HUD TTours TTours
[0:08:57] <jongsturk> rip device
[0:08:57] <+Jodeldei> - device
[0:08:57] <Dostic247> Why is device dead?
[0:08:57] <Ahkmenrah991> RIP device
[0:08:58] <RevenantThree> deadice?
[0:08:58] <Graczuuxkery> devide died
[0:08:58] <Yalex3223> rage quit
[0:08:59] <ashwinsimha> !maps
[0:08:59] <antiii> VAC
[0:09:00] <ghostermac> this hud
[0:09:00] <abudeydey> device still dead
[0:09:01] <stalker822228> !maps
[0:09:01] <flnZfsCS> Go Liquid Take My Energy! 16-5 Astrais! GG Astralis Noobs!! 2-0 Coming!!!
[0:09:03] <punaniflaekker> device skulle lige ud og tørre øjnene
[0:09:03] <krad13> EU PRODUCTION
[0:09:03] <FmNey> SPAM Mau5 THIS Mau5 MICE Mau5 TO Mau5 HELP Mau5 DEVICE Mau5
[0:09:05] <christensen> Lul device
[0:09:05] <kimmypop1> BabyRage
[0:09:05] <hrbok> Kasper kom på discord!!!!
[0:09:06] <Ahkmenrah991> RAGEQUIT DEVICE Kappa
[0:09:07] <mountainXVI> what
[0:09:08] <wiwling > Toggling
[0:09:08] <tweekzt3r> ALT TAB :)
[0:09:10] <xm23> Device choked to death FeelsBadMan
[0:09:10] <Brandoncck34> what is BM ?
[0:09:11] <everestshan> NA HUD
[0:09:11] <flnZfsCS> Go Liquid Take My Energy! 16-5 Astralis! GG Astralis Noobs!! 2-0 Coming!!!
[0:09:12] <TobiasRieper1108> LIQUID DOTA PogChamp LIQUID CSGO LUL
[0:09:13] <antiii> DEVICE VAC BANNED
[0:09:13] <R3M3DY92> EU connection
[0:09:14] <+mystt9> ALT TAB
[0:09:16] <philipseiei> 16-1
[0:09:17] <SpotTheOzzieTV> Should I put money on Team Liquid to win Round 16 of this map as well now???
[0:09:19] <abudeydey> WAKE UP DEVICE BibleThump BibleThump BibleThump BibleThump
[0:09:20] <Hardstylebabe20> golden Kappa daily check
[0:09:22] <+TheLastKnownHobo> DEVICE VAC
[0:09:24] <Akrosstv> Chetas On NotLikeThis
[0:09:24] <+Jodeldei> - device | + 2nd Xyp9x
[0:09:25] <FmNey> @Brandoncck34 bad manner
[0:09:26] <punaniflaekker> @bokbookbook hvem er du
[0:09:26] <dsignabeats> DOUBLE XYP
[0:09:26] <VetKin214> DAVAYS VAC BANNED
[0:09:27] <adamz003> @flnZfsCS nice ego :D
[0:09:27] <Woget> Kappa
[0:09:27] <glorix> ALT-TABBED
[0:09:27] <madsen2102> !sxore
[0:09:27] <flnZfsCS> mertz
[0:09:28] <wvvvvvvvv> @brandoncck34 bowel movement
[0:09:29] <jongsturk> 2 xyp9x
[0:09:29] <Lucasqn3709> 2x xyp
[0:09:29] <Secterrr> INZO ER RÆV
[0:09:30] <slars> Ustillo is a monster Tom 4Head
[0:09:30] <jairogig1> Device dead in freeze time
[0:09:30] <Graczuuxkery> double xypnix
[0:09:30] <DiLylyDaLyly> f10 + enter device
[0:09:31] <4svwoody> 2x xyp9x
[0:09:34] <emil9356> !maps
[0:09:34] <Tabb1_> Who is the caster?
[0:09:35] <jona847i> @bokbookbook tryhard! det kommer ikke til at ske
[0:09:35] <KGB2905> 2x Xyp
[0:09:39] <aacolyte> 2 xyp9x monkaS
[0:09:41] <krad13> Dev1ce vac banned Check HLTV 4Head
[0:09:47] <FmNey> SPAM Mau5 THIS Mau5 MICE Mau5 TO Mau5 HELP Mau5 DEVICE Mau5
[0:09:48] <antiii> LIQUID LUL CANNOT LUL DO LUL SOLID LUL PERFORMANCE LUL GET IT LUL
[0:09:49] <ryanz1306> didd liquid lose eco
[0:09:50] <xm23> -Device +S1mple monkaS
[0:09:51] <+PLeLLe_> Kneppet jer alle Kappa
[0:09:51] <+LOLDUKKE> !maås
[0:09:54] <DizMizzer> SPAM Mau5 THIS Mau5 MICE Mau5 TO Mau5 HELP Mau5 DEVICE Mau5
[0:09:56] <+s1roj> @tkr33 makes no sense
[0:09:56] <DiLylyDaLyly> navi 2010 2011
[0:09:56] <hopoffZ> Hltv banned check device
[0:09:57] <BananaRez> FACK DEG A SECRERRR MONGO JØDE
[0:09:58] <Evilsunstrom> !maps
[0:09:58] <SpotTheOzzieTV> Should I put money on Team Liquid to win Round 16 of this map as well now?????
[0:09:59] <thegladyx> Nail biting WutFace
[0:10:01] <+LOLDUKKE> !maps
[0:10:03] <realwannabe> !score
[0:10:05] <DiLylyDaLyly> esc gaming 2012
[0:10:08] <+PLeLLe_> rewencHYPE miliTen larsenLarz larsenBABY
[0:10:09] <minipalm02> SPAM Mau5 THIS Mau5 MICE Mau5 TO Mau5 HELP Mau5 DEVICE Mau5
[0:10:10] <DizMizzer> a
[0:10:12] <DiLylyDaLyly> fnatic 2017
[0:10:12] <+sertman1> ResidentSleeper SPAM ResidentSleeper THIS ResidentSleeper NAP ResidentSleeper TO ResidentSleeper HELP ResidentSleeper OUT ResidentSleeper NAF ResidentSleeper
[0:10:14] <BennyTheSavagee> TwitchLit Spam TwitchLit This TwitchLit Fire TwitchLit To TwitchLit Help TwitchLit NAF-FLY
[0:10:14] <+noahB__> @antiii greekYikes greekYikes greekYikes
[0:10:17] <KGB2905> TYPE CTRL + "WTF"
[0:10:18] <Zarrqq> liquid literally just played nuke?
[0:10:20] <Woget> xyp9xx2 FeelsGoodMan
[0:10:21] <chipskilIed> SeriousSloth
[0:10:21] <Kargo1501> @tkr33 Why do u want to spam the chat the whole time?
[0:10:22] <holland87> guardian BANNED check hltv
[0:10:24] <$shoooost> SPAM SeriousSloth THIS SeriousSloth NAF SeriousSloth TO SeriousSloth HELP SeriousSloth NAF SeriousSloth
[0:10:24] <loganp90blyat> SPAM Mau5 THESE Mau5 MICE Mau5 TO Mau5 HELP Mau5 DEVICE Mau5
[0:10:25] <krixy_> Spam Mau5 This Mau5 Mice Mau5 To Mau5 Help Mau5 Dev1ce Mau5
[0:10:25] <h0bilp> SPAM Mau5 THIS Mau5 MICE Mau5 TO Mau5 HELP Mau5 DEVICE
[0:10:26] <DiLylyDaLyly> what happened in 2013, 2014, 2015
[0:10:28] <DizMizzer> SPAM Mau5 THIS Mau5 MICE Mau5 TO Mau5 HELP Mau5 DEVICE Mau5
[0:10:29] <DenniPB> SPAM Mau5 THIS Mau5 MICE Mau5 TO Mau5 HELP Mau5 DEVICE Mau5
[0:10:33] <TobiasRieper1108> SPAMMERS LUL
[0:10:34] <Marcuswz> Mau5
[0:10:34] <zain_thor> Mau5 Mau5 Mau5
[0:10:37] <SpotTheOzzieTV> Should I put money on Team Liquid to win Round 16 of this map as well now???
[0:10:42] <LegendenXalleh> SPAM Mau5 THIS Mau5 MICE Mau5 TO Mau5 HELP Mau5 DEVICE Mau5
[0:10:43] <$shoooost> SPAM SeriousSloth THIS SeriousSloth NAF SeriousSloth TO SeriousSloth HELP SeriousSloth NAF
[0:10:43] <thanos536> SPAM Mau5 THIS Mau5 MICE Mau5 TO Mau5 HELP Mau5 DEVICE Mau5DenniPB: SPAM Mau5 THIS Mau5 MICE Mau5 TO Mau5 HELP Mau5 DEVICE Mau5
[0:10:44] <+sertman1> Mau5
[0:10:44] <aimingyou> Jesper er seriøst irriterende
[0:10:46] <siner187> who picked this map????
[0:10:46] <R3M3DY92> no
[0:10:48] <jutan123> is nuke t map after update?
[0:10:48] <adityanathan7> !maps
[0:10:50] <Nodari125> l
[0:10:51] <R3M3DY92> take your money and be happy
[0:10:53] <DizMizzer> Betting on Pistols LUL @SpotTheOzzieTV
[0:10:53] <FmNey> Mau5
[0:10:54] <+sertman1> ast
[0:10:54] <BananaRez> ja jeg hater jesper
[0:10:54] <Jonesizzle> SPAM EleGiggle THIS EleGiggle LAUGH EleGiggle TO EleGiggle HELP EleGiggle NAF EleGiggle
[0:10:59] <yaakyak> <SeriousSloth N SeriousSloth A SeriousSloth F SeriousSloth
[0:11:00] <fr4ncol> SPAM Mau5 THIS Mau5 MICE Mau5 TO Mau5 HELP Mau5 DEVICE
[0:11:00] <KasperNissen1997> @siner187 Astralis did
[0:11:00] <R3M3DY92> u already won round 1
[0:11:02] <realwannabe> astralis will win this map 100%
[0:11:03] <Nodari125> SPAM SeriousSloth THIS SeriousSloth NAF SeriousSloth TO SeriousSloth HELP SeriousSloth NAF
[0:11:05] <nitramonkey> SPAM Mau5 THESE Mau5 MICE Mau5 TO Mau5 HELP Mau5 DEVICE Mau5
[0:11:05] <yaakyak> SeriousSloth N SeriousSloth A SeriousSloth F SeriousSloth
[0:11:05] <$shoooost> SPAM SeriousSloth THIS SeriousSloth NAF SeriousSloth TO SeriousSloth HELP SeriousSloth NAF SeriousSloth
[0:11:07] <Dostic247> SPAM Mau5 THESE Mau5 MICE Mau5 TO Mau5 HELP Mau5 OUT Mau5 DEVICE Mau5
[0:11:08] <pdr2b> LIQUID PoGcHAMP
[0:11:10] <jutan123> SPAM Mau5 THIS Mau5 MICE Mau5 TO Mau5 HELP Mau5 DEVICE Mau5
[0:11:13] <vncskaiess> SPAM SeriousSloth THIS SeriousSloth NAF SeriousSloth TO SeriousSloth HELP SeriousSloth NAF
[0:11:17] <siner187> @KasperNissen1997 ty
[0:11:18] <xxpandaxxdk> SPAM Mau5 THIS Mau5 MICE Mau5 TO Mau5 HELP Mau5 DEVICE Mau5DenniPB: SPAM Mau5 THIS Mau5 MICE Mau5 TO Mau5 HELP Mau5 DEVICE Mau5
[0:11:18] <FmNey> SPAM Mau5 THIS Mau5 MICE Mau5 TO Mau5 HELP Mau5 DEVICE Mau5
[0:11:20] <Secterrr> jesper er bøg
[0:11:21] <+s1roj> Spam REEEE to help Dupreeh
[0:11:23] <PsycheFI> 1
[0:11:24] <merthins> 1
[0:11:26] <jurizscs> 1
[0:11:26] <ijo10> 1
[0:11:27] <$shoooost> SPAM SeriousSloth THIS SeriousSloth NAF SeriousSloth TO SeriousSloth HELP SeriousSloth NAF
[0:11:29] <TobiasRieper1108> MODS PLS NotLikeThis
[0:11:30] <Senexpvp> gramma is fucking awfull with people spamming that mice stuff
[0:11:31] <Acikaaaa> SPAM SeriousSloth THIS SeriousSloth NAF SeriousSloth TO SeriousSloth HELP SeriousSloth NAF
[0:11:32] <exadia> 1
[0:11:32] <BananaRez> REEEEEEE
[0:11:32] <yssup0101> SPAM SeriousSloth THIS SeriousSloth NAF SeriousSloth TO SeriousSloth HELP SeriousSloth NAF
[0:11:32] <bochniakeloo> LIQUID EZZZ 2:0 TRUST ME ASTRALIS NO CHANCE
[0:11:32] <oxymorphonek> 1
[0:11:33] <hannesv> 1
[0:11:35] <LegendenXalleh> SPAM Mau5 THIS Mau5 MICE Mau5 TO Mau5 HELP Mau5 DEVICE Mau5
[0:11:35] <Secterrr> REEEEEEEEEEEEE
[0:11:35] <IIKINGKONGII> SPAM :gun: THIS :gun: GUN :gun: NA :gun: KIDS :gun: RUN
[0:11:36] <Nodari125> SPAM SeriousSloth THIS SeriousSloth NAF SeriousSloth TO SeriousSloth HELP SeriousSloth NAF
[0:11:36] <@Cent> I like spam TobiasRieper1108
[0:11:37] <Kgcool> 0 dmg
[0:11:37] <trick2ag> 1
[0:11:38] <PSSYFCKER9000> ;) ;) ;)
[0:11:41] <jairogig1> Hey this map is CT or TR?
[0:11:43] <rickyid> NAF SeriousSloth
[0:11:44] <xking_cs> SPAM mcaT TO mcaT HELP mcaT LIQUID
[0:11:46] <yaakyak> SeriousSloth N SeriousSloth A SeriousSloth F SeriousSloth
[0:11:48] <R3M3DY92> CT
[0:11:50] <$shoooost> @Cent lolol
[0:11:50] <FmNey> A way to hype up chat Kappa
[0:11:51] <DizMizzer> @SpotTheOzzieTV Pistol rounds are about as random as a coinflip
[0:11:54] <kasai13> CT
[0:11:58] <$shoooost> SPAM SeriousSloth THIS SeriousSloth NAF SeriousSloth TO SeriousSloth HELP SeriousSloth NAF SeriousSloth
[0:11:59] <bryand_> 2
[0:12:01] <Acikaaaa> SPAM SeriousSloth THIS SeriousSloth NAF SeriousSloth TO SeriousSloth HELP SeriousSloth NAF
[0:12:02] <DizMizzer> SPAM Mau5 THIS Mau5 MICE Mau5 TO Mau5 HELP Mau5 DEVICE Mau5
[0:12:03] <thearabianknightt> @Cent wtf DansGame
[0:12:05] <jairogig1> @R3M3DY92 tks
[0:12:11] <帕克好可愛> LUL
[0:12:11] <TheCreatorOfLyfe> LUL
[0:12:12] <cool_looking_dude> SPAM SeriousSloth THIS SeriousSloth NAF SeriousSloth TO SeriousSloth HELP SeriousSloth NAF SeriousSloth
[0:12:12] <malis0nn> AGAHAHAHA
[0:12:12] <Zarrqq> LMAOOO
[0:12:12] <sympathische> SPAM Mau5 THIS Mau5 MICE Mau5 TO Mau5 HELP Mau5 DEVICE
[0:12:12] <xNightOfficial> LUL
[0:12:12] <jutan123> LUL
[0:12:12] <Senexpvp> lol
[0:12:12] <Zeolik> LUL
[0:12:12] <rasmus234> LOOOOl
[0:12:13] <adamz003> Lol
[0:12:13] <xking_cs> loool
[0:12:13] <strenius> LUL
[0:12:13] <hannesv> LUL
[0:12:13] <krixy_> HAHAHAH
[0:12:13] <Dostic247> LUL
[0:12:14] <Wammykabami> LUL
[0:12:14] <willrrxo> LOL
[0:12:14] <ijo10> LUL
[0:12:14] <zAwne> LUL
[0:12:14] <irrrregular> LIMAO
[0:12:14] <SPRAY808> LOL
[0:12:14] <pdr2b> kkkkkkkkkkkkk
[0:12:14] <DenniPB> LUL
[0:12:15] <Dekoze> TK LUL
[0:12:15] <tweekzt3r> loooooooooool
[0:12:15] <Alexander_Kamen> AHAHAHHAHAHAH
[0:12:15] <antiii> TK
[0:12:15] <Albertkoie> LUL
[0:12:15] <Tausedwards> Alle piger er bøsser !!
[0:12:15] <+Jodeldei> GOD steel
[0:12:16] <extremescsgo> tk
[0:12:16] <Twistified> hahahaha
[0:12:16] <yssup0101> TK LUL
[0:12:16] <ayydyJ> LUL
[0:12:16] <matiol1> hhasahahaa
[0:12:16] <gujeedza> tk
[0:12:16] <OkurwaPrawiePiwoWylalem> XDDDDD
[0:12:17] <Jok3rQ> LUL
[0:12:17] <jimbooman> HAHAHAHAHAHAHA
[0:12:17] <BARCON92> LOL
[0:12:17] <TheKraken8> lol
[0:12:17] <hieuvacban> 4Head 4Head 4Head
[0:12:17] <knoxeeeh> LUL
[0:12:17] <TriHardMusiC> TK
[0:12:17] <Lucasqn3709> hahaha
[0:12:17] <drakacasper123> xaxa
[0:12:17] <Lord_Squirrel_> LUL
[0:12:17] <unas667> LUL
[0:12:17] <vncskaiess> lol
[0:12:17] <ThePrzemoo> xD
[0:12:18] <+burakcv> :d
[0:12:18] <sankarisimo> LuL
[0:12:18] <nameless_man1> TK
[0:12:18] <NApls209> LUL
[0:12:18] <Brandoncck34> wtf
[0:12:18] <thegladyx> EleGiggle
[0:12:18] <JohannTheMan> LuL
[0:12:18] <spyro_the_dragoon> LUL
[0:12:19] <tsegi27> ahhahaha
[0:12:19] <DizMizzer> LUL
[0:12:19] <kapipan> LUL
[0:12:19] <+Willvines00> LOL
[0:12:19] <bachhgamingg> LUL
[0:12:19] <KYCygnii> LUL
[0:12:20] <+mystt9> AHAHAHAHHAHAHAHAH TK
[0:12:20] <R3M3DY92> NA skill
[0:12:20] <+soratti890> HA! HAHA! HAHAHA!
[0:12:20] <Xmplary_> forsenOMEGA
[0:12:21] <mountainXVI> haha
[0:12:21] <ClariusDK> EXITING B
[0:12:21] <nitramonkey> ?!
[0:12:21] <horcrux> LUL
[0:12:21] <AngriestPlayerNA> like ffs get him off the team
[0:12:21] <pokemon4fy> LOL HAHAHAHAHAHAHAH\
[0:12:22] <Oki121> LUL NA TK
[0:12:22] <Sultonydp> TriHard
[0:12:22] <mongotilt> NA
[0:12:22] <rickyid> TK LUL
[0:12:23] <+tjackfackingnorris> LUL
[0:12:23] <KGB2905> LUL
[0:12:23] <grittiness1> LUL
[0:12:23] <BARCON92> HAHAHA
[0:12:24] <abudeydey> HAHAHAHAHAHAHAHAHA
[0:12:24] <+khobi123> OmegaLUL
[0:12:24] <danishguyondrugs> lol
[0:12:24] <blahblue13> LUL
[0:12:24] <merthins> LMFAO
[0:12:25] <bochniakeloo> XDDDDDDDDDDDDDDDDDDDDDDDDD
[0:12:25] <Netolokaoo> LUL
[0:12:25] <OksijenliTR> tk
[0:12:26] <SpoonMan904> LMAO
[0:12:26] <BananaRez> DBstyle How come NA is so terrible at FPS-games? They literally learn to shoot people in school? DBstyle
[0:12:26] <Skydivenaked> PICNIC
[0:12:26] <BSODBlues> STEEL SLEEPER AGENT LUL
[0:12:27] <LI_AMD> loooooooooool
[0:12:27] <@XhipGamer> Spam with tomato is pretty good @Cent
[0:12:28] <TheKraken8> Brazilian CS Ecks D
[0:12:28] <pongsakorn51207> Jump scare
[0:12:28] <tweekzt3r> at least he got a kill
[0:12:28] <Secterrr> OMEGALUL
[0:12:29] <noseriouslynotoriously> lucky he didn't have any cash
[0:12:29] <+khobi123> OmegaLul
[0:12:29] <Closeline55> TRAITORRRRRR LUL
[0:12:30] <rickyid> LULquid OMEGA LUL
[0:12:30] <pokemon4fy> OMEGALULLLLLLLLLLLL
[0:12:31] <thobiashindborg> Nice team kill
[0:12:31] <FmNey> LUL
[0:12:32] <ukrudtssluger> KORY LUL
[0:12:32] <Dekoze> sorry cory FeelsBadMan
[0:12:33] <gan3o> RANK SILVER
[0:12:33] <biendolka> LUL
[0:12:34] <xlnutZzlx> rioluFail
[0:12:34] <abudeydey> HE SHOT HIS TEAMMATE!
[0:12:35] <Nodari125> SPAM SeriousSloth THIS SeriousSloth NAF SeriousSloth TO SeriousSloth HELP SeriousSloth NAF
[0:12:36] <+Jodeldei> GOD steel | BR brain
[0:12:36] <Bang_Pun> d9
[0:12:37] <sukroez> OMEGALUL
[0:12:39] <+khobi123> LUL
[0:12:39] <abudeydey> HEADSHOT
[0:12:40] <OksijenliTR> brazilian cs lul
[0:12:40] <$shoooost> SPAM SeriousSloth THIS SeriousSloth NAF SeriousSloth TO SeriousSloth HELP SeriousSloth NAF SeriousSloth
[0:12:40] <Twistified> !OmegaLUL
[0:12:41] <Pr3senceTV> hahahha
[0:12:41] <Closeline55> TRAITOOORRRRR LUL
[0:12:42] <Graczuuxkery> ak-47 for tk ez
[0:12:42] <R3M3DY92> rank bronze
[0:12:42] <prestige2016> ajauaja lol
[0:12:48] <克拉瑞提> SeriousSloth SeriousSloth
[0:12:49] <Jonasjjjbr> kkkkkkkkkkkkkk
[0:12:50] <r0b0b1tch> ffs
[0:12:51] <Flayyz> DBstyle How come NA is so terrible at FPS-games? They literally learn to shoot people in school? DBstyle ,
[0:12:51] <xking_cs> Bot Steel
[0:12:51] <KGB2905> EXITING B LUL EXITING B
[0:12:51] <thearabianknightt> @XhipGamer potato > tomato
[0:12:52] <abudeydey> - SCORE
[0:12:54] <+g4merino> papaRekt papaRekt papaRekt papaRekt papaRekt
[0:12:55] <Jonasjjjbr> wp steel
[0:12:56] <Mattsacamfan13> LOL
[0:12:56] <unas667> EXITING RAMP EXITING RAMP .... im sorry kory FeelsBadMan LUL
[0:12:57] <Closeline55> 6 v 4 man this is not WWE LUL
[0:12:58] <NPKCS> EZ money 0-2
[0:12:59] <Fedoralars> why is astralis 1 map down? didnt they just start? or is this second map?
[0:12:59] <BananaRez> DBstyle How come NA is so terrible at FPS-games? They literally learn to shoot people in school? DBstyle
[0:13:00] <krixy_> SPAM SeriousSloth THIS SeriousSloth NAF SeriousSloth TO SeriousSloth Fuck up SeriousSloth NAF
[0:13:00] <snacer1337> VoHiYo
[0:13:01] <OksijenliTR> brazilian are worst player
[0:13:02] <+hurzinator> DBstyle How come NA is so terrible at FPS-games? They literally learn to shoot people in school? DBstyle
[0:13:03] <@Cent> XhipGamer haHAA
[0:13:03] <gnacioo> NA TEAMPLAY
[0:13:05] <anticitizen_one> haHAA
[0:13:06] <pennywisevt> SPAM SeriousSloth THIS SeriousSloth GUY SeriousSloth TO SeriousSloth HELP SeriousSloth NAFFLY SeriousSloth
[0:13:06] <majaktha> nitro tilt
[0:13:11] <DyspoO> REPORTED FOR GRIEFING
[0:13:11] <drakacasper123> hen
[0:13:12] <yuwwu> NA LuL
[0:13:13] <TheCreatorOfLyfe> DBstyle How come NA is so terrible at FPS-games? They literally learn to shoot people in school? DBstyle
[0:13:15] <DiLylyDaLyly> spam Squid1 these Squid2 squids Squid3 to Squid2 help Squid2 liquid Squid4
[0:13:18] <tweekzt3r> nitro trolling
[0:13:18] <thearabianknightt> @Cent forsenL
[0:13:19] <$shoooost> @pennywisevt ooooh good variation homie
[0:13:20] <scissors38th> 2nd map. tehy lost in inferno
[0:13:22] <R3M3DY92> well if this was the map de_school and they were all given AR-15 they'd win 16-0 ;D
[0:13:22] <drakacasper123> nitro tiilt
[0:13:22] <antiii> LIQUID LUL CANNOT LUL DO LUL SOLID LUL PERFORMANCE LUL GET IT LUL
[0:13:24] <DizMizzer> SPAM Mau5 THIS Mau5 MICE Mau5 TO Mau5 HELP Mau5 DEVICE Mau5
[0:13:28] <@Cent> thearabianknightt sodaMONK
[0:13:28] <Noah_mic> DENNE <3 CHAT <3 ER <3 NU <3 DANSK
[0:13:29] <@XhipGamer> @thearabianknightt 🍅
[0:13:31] <iamtrump99> Wo sind die Deutschen?
[0:13:31] <Vezer403> DENNE <3 CHAT <3 ER <3 NU <3 DANSK
[0:13:31] <$shoooost> SPAM SeriousSloth THIS SeriousSloth NAF SeriousSloth TO SeriousSloth HELP SeriousSloth NAF SeriousSloth
[0:13:34] <Secterrr> DBstyle How come NA is so terrible at FPS-games? They literally learn to shoot people in school? DBstyle
[0:13:34] <Nodari125> SPAM SeriousSloth THIS SeriousSloth NAF SeriousSloth TO SeriousSloth HELP SeriousSloth NAF
[0:13:34] <Heymom2018> Steel is immortal parter before?
[0:13:35] <BananaRez> DBstyle How come NA is so terrible at FPS-games? They literally learn to shoot people in school? DBstyle
[0:13:35] <noseriouslynotoriously> finally a copy pasta I can get behind
[0:13:36] <Closeline55> traitor LUL
[0:13:37] <LegendenXalleh> SPAM Mau5 THIS Mau5 MICE Mau5 TO Mau5 HELP Mau5 DEVICE Mau5
[0:13:38] <xEarthQx> How come NA is so terrible at FPS-games? They literally learn to shoot people in school? DBstyle ,
[0:13:38] <R3M3DY92> hier
[0:13:42] <jutan123> SPAM Mau5 THIS Mau5 MICE Mau5 TO Mau5 HELP Mau5 DEVICE Mau5
[0:13:46] <Fedoralars> IS THIS THE SECOND MAP?
[0:13:46] <rolifreds> come on steel
[0:13:46] <icantseewhynot> go denmark
[0:13:46] <OkurwaPrawiePiwoWylalem> ***
[0:13:47] <sympathische> hier!
[0:13:50] <thanos536> SPAM Mau5 THIS Mau5 MICE Mau5 TO Mau5 HELP Mau5 DEVICE Mau5DenniPB: SPAM Mau5 THIS Mau5 MICE Mau5 TO Mau5 HELP Mau5 DEVICE Mau5
[0:13:51] <thearabianknightt> @Cent i have my eyes on you forsenL
[0:13:54] <pennywisevt> SPAM SeriousSloth THIS SeriousSloth GUY SeriousSloth TO SeriousSloth HELP SeriousSloth NAFFLY SeriousSloth
[0:13:54] <LCkrogh> DENNE <3 CHAT <3 ER <3 NU <3 DANSK
[0:13:55] <R3M3DY92> yes this is map nr 2
[0:13:55] <DenniPB> yes @Fedoralars
[0:13:56] <BennyTheSavagee> TwitchLit Spam TwitchLit This TwitchLit Fire TwitchLit To TwitchLit Help TwitchLit NAF-FLY
[0:13:56] <officialrelacks> DENNE <3 CHAT <3 ER <3 NU <3 DANSK.
[0:13:57] <flnZfsCS> Go Liquid Take My Energy! 16-5 Astralis! GG Astralis Noobs!! 2-0 Coming!!!
[0:13:57] <SuperLouisGame> Navi 2010
[0:13:58] <hopoffZ> !maps
[0:13:59] <thearabianknightt> @Fedoralars yes
[0:14:00] <NeighDude> !score
[0:14:03] <Viktormunk> HVA SÅ HUNDE
[0:14:03] <$shoooost> SPAM SeriousSloth THIS SeriousSloth NAF SeriousSloth TO SeriousSloth HELP SeriousSloth NAF SeriousSloth
[0:14:04] <madsjensen7> DENNE <3 CHAT <3 ER <3 NU <3 DANSK...
[0:14:04] <Nodari125> SPAM SeriousSloth THIS SeriousSloth NAF SeriousSloth TO SeriousSloth HELP SeriousSloth NAF
[0:14:04] <DadoExtreme> DBstyle How come NA is so terrible at FPS-games? They literally learn to shoot people in school? DBstyle
[0:14:05] <tweekzt3r> nuke <3 nuke <3
[0:14:05] <jutan123> SPAM Mau5 THIS Mau5 MICE Mau5 TO Mau5 HELP Mau5 DEVICE Mau5SPAM Mau5 THIS Mau5 MICE Mau5 TO Mau5 HELP Mau5 DEVICE Mau5
[0:14:06] <@Cent> thearabianknightt I'll be good I promise
[0:14:07] <minipalm02> DENNE <3 CHAT <3 ER <3 NU <3 DANSK
[0:14:07] <Vezer403> DENNE <3 CHAT <3 ER <3 NU <3 DANSK
[0:14:09] <DizMizzer> DBstyle
[0:14:12] <WatchingTweek> forsenClown forsenGun
[0:14:13] <FmNey> SPAM Mau5 THIS Mau5 MICE Mau5 TO Mau5 HELP Mau5 DEVICE Mau5
[0:14:15] <DiLylyDaLyly> SPAM Squid1 THIS Squid2 SQUIDS Squid3 TO Squid2 HELP Squid2 LIQUID Squid4
[0:14:16] <feeliix> DENNE <3 CHAT <3 ER <3 NU <3 DANSK
[0:14:17] <Grangaaard> DENNE <3 CHAT <3 ER <3 NU <3 DANSK
[0:14:17] <Examinations> Kappa
[0:14:19] <gujeedza> C9 LOSING lul
[0:14:19] <Acikaaaa> SPAM SeriousSloth THIS SeriousSloth NAF SeriousSloth TO SeriousSloth HELP SeriousSloth NAF
[0:14:20] <Dunkel_PlayZ> Mau5 Mau5 Mau5 Mau5 Mau5 Mau5 Mau5 Mau5 Mau5 Mau5 Mau5 Mau5 Mau5 Mau5 Mau5 Mau5
[0:14:23] <Styone> VIRTUS LUL PRO LUL
[0:14:23] <fr4ncol> SPAM Mau5 THIS Mau5 MICE Mau5 TO Mau5 HELP Mau5 DEVICE
[0:14:24] <flnZfsCS> liquid 16-3
[0:14:25] <MTcsgoo> DENNE <3 CHAT <3 ER <3 NU <3 DANSK.
[0:14:27] <glorix> DBstyle How come NA is so terrible at FPS-games? They literally learn to shoot people in school? DBstyle
[0:14:27] <joshiiwaa> cmonBruh
[0:14:28] <BARCON92> HOLD NU KÆFT
[0:14:28] <QUOTE_ME_IF_KNEEGO> imGlitch There is 1 golden Kappa in this chat right now. Type "Kappa" into your chat to check
[0:14:29] <$shoooost> SPAM SeriousSloth THIS SeriousSloth NAF SeriousSloth TO SeriousSloth HELP SeriousSloth NAF
[0:14:30] <thearabianknightt> @Cent good otherwise i tell Perm BabyRage
[0:14:31] <sympathische> SPAM Mau5 THIS Mau5 MICE Mau5 TO Mau5 HELP Mau5 DEVICE
[0:14:32] <yaakyak> SeriousSloth N SeriousSloth A SeriousSloth F SeriousSloth
[0:14:33] <minikasti> ja det er den
[0:14:33] <QUOTE_ME_IF_KNEEGO> imGlitch There is 1 golden Kappa in this chat right now. Type "Kappa" into your chat to check .
[0:14:34] <tweekzt3r> shut up caster nuke <3
[0:14:35] <Secterrr> DBstyle How come NA is so terrible at FPS-games? They literally learn to shoot people in school? DBstyle
[0:14:36] <$shoooost> Kappa
[0:14:37] <gbalkov1best> @emilia
[0:14:37] <fil1ptv> POLISH . PRO LUL
[0:14:38] <noseriouslynotoriously> You can't hide the truth Cent SwiftRage
[0:14:39] <jutan123> SPAM Mau5 THIS Mau5 MICE Mau5 TO Mau5 HELP Mau5 DEVICE Mau5
[0:14:39] <JonnieJamess> DENNE CHAT ER NU RUSKI
[0:14:40] <QUOTE_ME_IF_KNEEGO> imGlitch There is 1 golden Kappa in this chat right now. Type "Kappa" into your chat to check imGlitch
[0:14:42] <$shoooost> SPAM SeriousSloth THIS SeriousSloth NAF SeriousSloth TO SeriousSloth HELP SeriousSloth NAF SeriousSloth
[0:14:43] <Nodari125> SPAM SeriousSloth THIS SeriousSloth NAF SeriousSloth TO SeriousSloth HELP SeriousSloth NAF
[0:14:44] <DenniPB> Keepo
[0:14:46] <Viktormunk> kappa
[0:14:46] <+sertman1> SPAM Squid1 THIS Squid2 SQUIDS Squid3 TO Squid2 HELP Squid2 LIQUID
[0:14:46] <QUOTE_ME_IF_KNEEGO> imGlitch There is 1 golden Kappa in this chat right now. Type "Kappa" into your chat to check
[0:14:46] <JastrupCS> kappa
[0:14:46] <Jo0sH_00> Kappa
[0:14:46] <+NoriOnTwitch> mhm
[0:14:46] <bajjan2k> Kppa
[0:14:47] <xxpandaxxdk> Kappa
[0:14:48] <+mardymeerkat> KappaPride
[0:14:48] <IIKINGKONGII> SPAM :gun: THIS :gun: GUN :gun: NA :gun: KIDS :gun: RUN :gun:
[0:14:50] <fil1ptv> AGO > *** LUL 4Head
[0:14:50] <Snay_DK> DENNE <3 CHAT <3 ER <3 NU <3 DANSK.
[0:14:50] <DiLylyDaLyly> SPAM Squid1 THESE Squid2 SQUIDS Squid3 TO Squid2 HELP Squid2 LIQUID Squid4
[0:14:51] <1v1meleagueoflegends> Kappa
[0:14:51] <glorix> Kappa
[0:14:51] <QUOTE_ME_IF_KNEEGO> imGlitch There is 1 golden Kappa in this chat right now. Type "Kappa" into your chat to check .
[0:14:51] <maksezdraft14> !casters
[0:14:52] <AngryTurtl3> Kappa
[0:14:52] <bajjan2k> Kappa
[0:14:55] <Grangaaard> Kappa
[0:14:55] <strainer_> Kappa
[0:14:56] <Misericorde3> Kappa
[0:14:57] <Oki121> Kappa
[0:14:57] <articunok> cerranos
[0:14:58] <LordOfTehGames> @quote_me_if_kneego Kappa
[0:15:00] <T1M3_2_PL4Y> kappa
[0:15:03] <+sertman1> Kappa
[0:15:03] <patrickfp> Kappa
[0:15:03] <GotEmDeezNuts> ESL production for once PogCHamp
[0:15:04] <maiafiel> eeerr
[0:15:04] <Friendtm> Kappa
[0:15:04] <heisenberg_717> @emilahult you killed my devve
[0:15:05] <fil1ptv> F N A T LUL I C
[0:15:05] <Koekwousx> Kappa
[0:15:05] <+Callum93_> Kappa
[0:15:05] <ninjastorm080302> is the first map liquid or astralis pick?
[0:15:06] <glorix> SELLOUT
[0:15:06] <QUOTE_ME_IF_KNEEGO> imGlitch There is 1 golden Kappa in this chat right now. Type "Kappa" into your chat to check imGlitch
[0:15:07] <blahblue13> KappaPride
[0:15:07] <JmanCSGO> DANSKER ! RISE UP
[0:15:07] <KrynexTV> Kappa
[0:15:08] <+NoriOnTwitch> LUL
[0:15:08] <@Cent> Do it, tell him I said "Hi" thearabianknightt cclamSmug
[0:15:09] <erenaga1907> DELAY
[0:15:10] <+tauroslp> Hey
[0:15:11] <strainer_> thanks you esl SeemsGood
[0:15:11] <FmNey> TwitchRPG I'm golden
[0:15:11] <+teh_tutti> sellout LuL
[0:15:11] <FailedOrion> kappa
[0:15:13] <spasibo666> Capital K Kappa
[0:15:15] <JastrupCS> kappa lul xd
[0:15:15] <OddieSwe> !schedule
[0:15:15] <@Moobot> http://en.intelextrememasters.com/season-12/katowice/csgo/
[0:15:15] <DiLylyDaLyly> SPAM Squid1 THIS Squid2 SQUIDS Squid3 TO Squid2 HELP Squid2 LIQUID Squid4
[0:15:16] <pennywisevt> SPAM SeriousSloth THIS SeriousSloth GUY SeriousSloth TO SeriousSloth HELP SeriousSloth NAFFLY SeriousSloth
[0:15:16] <Kadue> Kappa
[0:15:20] <+gayiestwaffle> !score
[0:15:20] <ninjastorm080302> is the first map liquid or astralis pick??
[0:15:22] <TobiasRieper1108> TwitchRPG
[0:15:22] <Erkatomen> ”Kappa”
[0:15:22] <aldrin108> c9 vs sk live. egg chanel
[0:15:22] <thearabianknightt> @ninjastorm080302 liquid picked inferno, astralis picked nuke, overpass is the decider
[0:15:23] <rickyid> Pause LUL
[0:15:23] <$shoooost> @ninjastorm080302 first was liquid this is astralis
[0:15:25] <Jo0sH_00> TwitchRPG
[0:15:25] <heisenberg_717> KASTER KURSE Kappa
[0:15:27] <gujeedza> WutFace
[0:15:27] <+sertman1> SPAM Squid1 THIS Squid2 SQUIDS Squid3 TO Squid2 HELP Squid2 LIQUID
[0:15:27] <@Moobot> Make sure to enter the awesome giveaway! http://intelextrememasters.com/raffle :D
[0:15:31] <ydarbo> Kappa
[0:15:32] <laxtwitch> Kappa
[0:15:32] <Bajsmannenalacarte> +kermit -nitro
[0:15:33] <ninjastorm080302> oh damn
[0:15:33] <dsignabeats> the small talk hahahahaa
[0:15:34] <in12dia> DON'T TYPE "XD" EVER AGAIN IN CHAT
[0:15:35] <thearabianknightt> @Cent forsenL we'll see
[0:15:36] <$shoooost> SPAM SeriousSloth THIS SeriousSloth NAF SeriousSloth TO SeriousSloth HELP SeriousSloth NAF SeriousSloth
[0:15:39] <FailedOrion> Kappa KappaPride
[0:15:39] <happyhuztle> siggeLoyalG
[0:15:39] <sympathische> DBstyle
[0:15:40] <xxpandaxxdk> ninjastorm080302 liquid
[0:15:40] <majaktha> bromance
[0:15:41] <over1g> caster PogChamp
[0:15:42] <ninjastorm080302> ez win for liquid
[0:15:42] <GotEmDeezNuts> The tension between these two KappaPride
[0:15:43] <Nodari125> SPAM SeriousSloth THIS SeriousSloth NAF SeriousSloth TO SeriousSloth HELP SeriousSloth NAF
[0:15:43] <+lizziethebraveturtle> @Moobot rigged
[0:15:45] <joesatriani> Yeah apart form the delay on the sound right now FailFish
[0:15:45] <JastrupCS> xD
[0:15:49] <ninjastorm080302> thanks guys
[0:15:49] <+justatease> ResidentSleeper
[0:15:49] <sympathische> SPAM Mau5 THIS Mau5 MICE Mau5 TO Mau5 HELP Mau5 DEVICE
[0:15:51] <Sunny_choppers> monkaS
[0:15:52] <DiLylyDaLyly> SPAM Squid1 THIS Squid2 SQUIDS Squid3 TO Squid2 HELP Squid2 LIQUID Squid4 KappaPride
[0:15:57] <spasibo666> Hey guys how is dupreeh doing I like him so much
[0:15:57] <JulesDePuul> lads
[0:15:58] <Vezer403> DENNE <3 CHAT <3 ER <3 NU <3 DANSK
[0:15:59] <viktor323232> !score
[0:15:59] <+jayriix> SPAM Mau5 THIS Mau5 MICE Mau5 TO Mau5 HELP Mau5 DEVICE Mau5
[0:16:01] <Initialblade> @moobo
[0:16:01] <Bajsmannenalacarte> -steel +Willy wonkas konka
[0:16:02] <Maarchin> Oh this is the fuck that keeps saying harry
[0:16:05] <Wrathtower05> JINXED IT
[0:16:05] <madsjensen7> AHAAHHA
[0:16:06] <TobiasRieper1108> KappaPride Casters
[0:16:07] <Loliya007> what?
[0:16:09] <$shoooost> SPAM SeriousSloth THIS SeriousSloth NAF SeriousSloth TO SeriousSloth HELP SeriousSloth NAF SeriousSloth
[0:16:09] <Secterrr> DBstyle How come NA is so terrible at FPS-games? They literally learn to shoot people in school? DBstyle
[0:16:10] <thegladyx> Budget casters PogChamp
[0:16:10] <officialrelacks> DENNE <3 CHAT <3 ER <3 NU <3 DANSK.
[0:16:11] <glorix> DBstyle How come NA is so terrible at FPS-games? They literally learn to shoot people in school? DBstyle
[0:16:11] <FailedOrion> DarkMode
[0:16:12] <xBlueFlame94> Dansk Chat nickb110 nickb110
[0:16:13] <zombro4thewin> Danskere er toxic af men vi vinder stadig nemt!!
[0:16:14] <dendithebos> put tank in a mall LUL
[0:16:15] <flnZfsCS> Go Liquid Take My Energy! 16-5 Astralis! GG Astralis Noobs!! 2-0 Coming!!!
[0:16:17] <+iamthe4thhokage> Fucking caster jinx
[0:16:18] <officialrelacks> SPAM Mau5 THIS Mau5 MICE Mau5 TO Mau5 HELP Mau5 DEVICE Mau5
[0:16:20] <Nodari125> SPAM SeriousSloth THIS SeriousSloth NAF SeriousSloth TO SeriousSloth HELP SeriousSloth NAF
[0:16:20] <in12dia> !score
[0:16:21] <SpotTheOzzieTV> How much money should I put on Liquid to win round 16?????????????
[0:16:22] <mfadilk22> !score
[0:16:24] <pennywisevt> SPAM SeriousSloth THIS SeriousSloth GUY SeriousSloth TO SeriousSloth HELP SeriousSloth NAFFLY SeriousSloth
[0:16:24] <qwerx> FROGGEN NOW CS CASTER PogCham
[0:16:25] <daksh879> FailFish casters
[0:16:27] <glorix> DBstyle How come NA is so terrible at FPS-games? They literally learn to shoot people in school? DBstyl
[0:16:29] <realwannabe> KappaPride casters
[0:16:31] <Pietzu10> FortOne
[0:16:32] <100duck> !maps
[0:16:32] <over1g> -steel + steel
[0:16:36] <MagnMV> !drop
[0:16:37] <glorix> DBstyle How come NA is so terrible at FPS-games? They literally learn to shoot people in school? DBstyle
[0:16:38] <Krouching_Cangaroo> wat happened? jasonrP
[0:16:38] <AGrumpyPenguintv> looks nothing like froggen
[0:16:40] <riangremory31> rip item :(
[0:16:41] <abhishek12345678910> WutFace
[0:16:42] <GoosLife> !score
[0:16:43] <asdsdfdfgasd> !score
[0:16:44] <in12dia> what is the score of nuke?
[0:16:45] <$shoooost> @qwerx LOL
[0:16:46] <frimodt> #DETNEMMELIV
[0:16:47] <+martiandk> ***
[0:16:47] <+AltaDark> casters are good what are facepalming for
[0:16:48] <TobiasRieper1108> That caster in black shirt KappaPride
[0:16:48] <+TheMomojabang> 0
[0:16:49] <n_e_d> 1
[0:16:50] <danishguyondrugs> 1
[0:16:52] <sympathische> 2
[0:16:54] <majaktha> 11
[0:16:54] <OPxDenis> 1
[0:16:55] <@Cent> @XhipGamer do you use ffz btw
[0:16:58] <Oki121> -1
[0:17:00] <Benner5976> -1
[0:17:00] <Secterrr> DBstyle How come NA is so terrible at FPS-games? They literally learn to shoot people in school? DBstyle
[0:17:01] <spasibo666> 20k+ jobless people on this channel
[0:17:01] <adamz003> -1 ?
[0:17:01] <flnZfsCS> r6rekt r6rekt r6rekt
[0:17:02] <abudeydey> WAKE UP DUPREEH! COME ON
[0:17:02] <gujeedza> -1 LUL
[0:17:03] <jongsturk> xyp9x rage quit
[0:17:03] <Lucasqn3709> rip dupreeh
[0:17:04] <$shoooost> SPAM SeriousSloth THIS SeriousSloth NAF SeriousSloth TO SeriousSloth HELP SeriousSloth NAF SeriousSloth
[0:17:07] <Bajsmannenalacarte> - caster + kermit + donald trumps hair
[0:17:07] <Nodari125> SPAM SeriousSloth THIS SeriousSloth NAF SeriousSloth TO SeriousSloth HELP SeriousSloth NAF
[0:17:07] <tbm34> !casters
[0:17:09] <GoosLife> wtf Astralis lost the first?
[0:17:10] <Friendtm> Kappa
[0:17:12] <garno> SeriousSloth
[0:17:12] <edetsi1> -1
[0:17:13] <$shoooost> @spasibo666 I'm at work homie\
[0:17:15] <its_Uxie> !shcedule
[0:17:15] <thearabianknightt> @Cent everyone does
[0:17:21] <brokenr8> type 2 if u have small dong
[0:17:21] <teapot__dome> steelO spam steelO other steelO steel steelO to steelO help steelO steel steelO
[0:17:21] <+iamthe4thhokage> SPAM Squid1 THIS Squid2 SQUID Squid3 TO Squid2 HELP Squid2 LIQUID Squid4
[0:17:22] <dongerthelul> cmonBruh
[0:17:23] <+CactusJaaack> dupreeh -1 LUL
[0:17:23] <TobiasRieper1108> !commands
[0:17:23] <FmNey> LET'S CurseLit SET CurseLit THIS CurseLit STREAM CurseLit ON CurseLit FIRE CurseLit
[0:17:25] <beunfc> TTours TTours TTours TTours
[0:17:26] <AGrumpyPenguintv> 2
[0:17:27] <Acikaaaa> SPAM SeriousSloth THIS SeriousSloth NAF SeriousSloth TO SeriousSloth HELP SeriousSloth NAF
[0:17:28] <+CactusJaaack> KNOOB
[0:17:28] <xlnutZzlx> CamTour
[0:17:28] <R3M3DY92> 2
[0:17:28] <FailedOrion> FailFish Kappa Kappa
[0:17:28] <thearabianknightt> @GoosLife well it's Liquid's best map
[0:17:29] <Provic3050ps4> Talking about School shooting ffs go Fuck yourselfs you Fucks
[0:17:30] <in12dia> casters LUL
[0:17:31] <scissors38th> yes they lost inferno
[0:17:32] <TobiasRieper1108> !uptime
[0:17:32] <+CamoGeko> @gooslife yah they lost inferno
[0:17:32] <flnZfsCS> cheats not working DansGame DansGame DansGame DansGame
[0:17:32] <@Moobot> Uptime is: 4h 38m 37s
[0:17:34] <$shoooost> SPAM SeriousSloth THIS SeriousSloth NAF SeriousSloth TO SeriousSloth HELP SeriousSloth NAF SeriousSloth
[0:17:35] <xlnutZzlx> TTours
[0:17:35] <ScarZ917> !map
[0:17:37] <Maizeee> TTours
[0:17:37] <Nodari125> SPAM SeriousSloth THIS SeriousSloth NAF SeriousSloth TO SeriousSloth HELP SeriousSloth NAF
[0:17:39] <+Colossal_Idiot> Who won the pistol round?
[0:17:40] <Oki121> TTours
[0:17:40] <ScarZ917> !maps
[0:17:40] <@Cent> Nah part of it is broken for modding. It's annoying, seeing if it works for him. thearabianknightt
[0:17:41] <flnZfsCS> LUL
[0:17:42] <gujeedza> 0 0 2 nitr0 PogChamp
[0:17:43] <SanCruzo> -1/0/2
[0:17:44] <Secterrr> DBstyle How come NA is so terrible at FPS-games? They literally learn to shoot people in school? DBstyle
[0:17:45] <antiii> dupreeh - 1/3
[0:17:45] <abudeydey> GO TO THE POOL
[0:17:45] <glorix> 9/11
[0:17:46] <$shoooost> @Colossal_Idiot liquid
[0:17:47] <yaakyak> EleGiggle Cringe
[0:17:47] <Gibboverse> TTours
[0:17:47] <laranjadinho> TTours
[0:17:48] <DiLylyDaLyly> SPAM Squid1 THIS Squid2 SQUIDS Squid3 TO Squid2 HELP Squid2 LIQUID Squid4 Kappa
[0:17:51] <its_Uxie> !schedule
[0:17:51] <@Moobot> http://en.intelextrememasters.com/season-12/katowice/csgo/
[0:17:52] <+xfolo> TTours
[0:17:52] <+CamoGeko> TTours TTours TTours
[0:17:52] <abudeydey> UNDERGROUND POOL
[0:17:54] <jona847i> jesper er bøsse
[0:17:55] <+CactusJaaack> SPAM SeriousSloth THIS SeriousSloth NAF SeriousSloth TO SeriousSloth HELP SeriousSloth NAF SeriousSloth
[0:17:55] <PolarB18> TTours TTours TTours
[0:17:55] <flnZfsCS> Cheats not working LUL
[0:17:55] <fang___> !score
[0:17:56] <jongsturk> -1/0/3 LUL
[0:17:57] <krissow> TTours
[0:17:58] <Lucasqn3709> EShitL
[0:17:59] <R3M3DY92> dupreeh vac banned
[0:17:59] <majaktha> SeriousSloth SeriousSloth SeriousSloth
[0:17:59] <+Colossal_Idiot> shoooost ty
[0:17:59] <SpotTheOzzieTV> How much $$$$$$$$$$ Do I put On liquid to win Pistol Round?????
[0:18:00] <$shoooost> SPAM SeriousSloth THIS SeriousSloth NAF SeriousSloth TO SeriousSloth HELP SeriousSloth NAF SeriousSloth
[0:18:01] <in12dia> S1mple best player in the world
[0:18:01] <DiLylyDaLyly> TOURS
[0:18:02] <Marcuswz> f''' lishit!
[0:18:04] <walttikortti> shut the fuck up about school shootings
[0:18:06] <jutan123> SPAM Mau5 THIS Mau5 MICE Mau5 TO Mau5 HELP Mau5 DEVICE Mau5
[0:18:07] <thearabianknightt> @Cent ah i see, it has some nice modding features
[0:18:10] <DiLylyDaLyly> TTours
[0:18:11] <AGrumpyPenguintv> @abudeydey you wouldnt want to swim in that pool
[0:18:12] <+CactusJaaack> SPAM SeriousSloth THIS SeriousSloth NAF SeriousSloth TO SeriousSloth HELP SeriousSloth NAF
[0:18:13] <Nodari125> SPAM SeriousSloth THIS SeriousSloth NAF SeriousSloth TO SeriousSloth HELP SeriousSloth NAF
[0:18:14] <FmNey> LET'S CurseLit SET CurseLit THIS CurseLit STREAM CurseLit ON CurseLit FIRE CurseLit
[0:18:14] <Secterrr> DBstyle How come NA is so terrible at FPS-games? They literally learn to shoot people in school? DBstyle
[0:18:16] <IcarozTheKing> DBstyle How come NA is so terrible at FPS-games, When they literally learn to shoot people in school? DBstyle
[0:18:16] <@XhipGamer> @Cent ofc :)
[0:18:19] <oxymorphonek> nikolas cruz did nothing wrong
[0:18:19] <frausto49> Kreygasm
[0:18:22] <antiii> rip
[0:18:22] <LillaSvarten> fingers :)
[0:18:26] <SimonShort> SeriousSloth
[0:18:29] <TobiasRieper1108> PAUSE ResidentSleeper
[0:18:30] <thearabianknightt> @Cent sometimes it does conflict with set BTTV settings tho
[0:18:31] <$shoooost> SPAM SeriousSloth THIS SeriousSloth NAF SeriousSloth TO SeriousSloth HELP SeriousSloth NAF SeriousSloth
[0:18:33] <dimi456> fucking iem production
[0:18:34] <Danny07024> ESL PRODUCTION LUL
[0:18:34] <wejeii> What happen ?
[0:18:35] <R3M3DY92> did someone say school shooting? sorry I'm not from NA over here it isn't common because we actually have gun laws and people respect each other
[0:18:37] <oxymorphonek> DBstyle How come NA is so terrible at FPS-games? They literally learn to shoot people in school? DBstyle
[0:18:38] <akis_live> Hej
[0:18:45] <Bajsmannenalacarte> nothing did nothing and now nothing is nothing rip c9
[0:18:45] <DiLylyDaLyly> welcome to katowice
[0:18:46] <Lord_Squirrel_> Hej
[0:18:46] <in12dia> s1mple >>>>>>>>>> coldzera
[0:18:46] <slotteren> hej
[0:18:47] <jongsturk> astralis 2:1 LUL
[0:18:48] <gujeedza> 2-1 WutFace
[0:18:50] <ScarZ917> hello?
[0:18:50] <gianclone> BlessRNG Type AMEN so Father Glaive be guided by Lord Gaben BlessRNG
[0:18:50] <Secterrr> DBstyle How come NA is so terrible at FPS-games? They literally learn to shoot people in school? DBstyle
[0:18:50] <KGB2905> WutFace
[0:18:51] <Bajsmannenalacarte> kiss
[0:18:52] <pennywisevt> SPAM SeriousSloth THIS SeriousSloth GIRAFFE SeriousSloth TO SeriousSloth HELP SeriousSloth NAF SeriousSloth
[0:18:53] <jongsturk> ez astralis 2:1 EZ
[0:18:53] <daksh879> 2-1
[0:18:54] <dimi456> asttA
[0:18:54] <anticitizen_one> monkaS
[0:18:54] <FmNey> 2-1 LUL
[0:18:54] <ScarZ917> astralis 2-1?
[0:18:58] <R3M3DY92> that music xD
[0:18:58] <+TheLastKnownHobo> SCRIPTED
[0:18:58] <daksh879> ezzzz
[0:19:00] <h0bilp> That music LUL
[0:19:00] <croonci> WutFace
[0:19:01] <Mystic_Freeze> WutFacew
[0:19:01] <+ChrisConteCristo> 2-1 ????
[0:19:02] <cannot_r3z1st> :(
[0:19:02] <dudecool14> hahahha
[0:19:04] <Woget> 2-1 LuL
[0:19:05] <TobiasRieper1108> CHAT LUL
[0:19:05] <heisenberg_717> EZ FOR LUL STRALIS
[0:19:07] <jonasnhj_> 2-1
[0:19:07] <FmNey> 2-1 CONFIRMED LUL LUL LUL IEM
[0:19:08] <$shoooost> SPAM SeriousSloth THIS SeriousSloth NAF SeriousSloth TO SeriousSloth HELP SeriousSloth NAF SeriousSloth
[0:19:10] <buzzmonster> 2-1?????
[0:19:10] <antiii> gg astralis
[0:19:12] <dimi456> astrAlis 2:1 cancer production
[0:19:13] <demoncsof> 2-1 NUKE not the entire bo3 chat silvers LUL
[0:19:13] <wejeii> 2-1
[0:19:15] <R3M3DY92> suits katowice much more now show some scary night footage xD
[0:19:15] <dudecool14> hahaha
[0:19:16] <TheTechnixian> what is this music?? what the h e c c
[0:19:17] <daksh879> 2-1 ILLUMINATI CONFIRMED
[0:19:18] <+TheLastKnownHobo> fcking scripted 2-1
[0:19:19] <+AGrateSpeler> monkaS
[0:19:19] <abudeydey> WHAT COUNTRY IS THAT
[0:19:19] <trapsi_> !score
[0:19:22] <crimson_cylinder> D2 music
[0:19:22] <dolgion7> whaat?
[0:19:26] <R3M3DY92> poland
[0:19:27] <+FxckZombie> FortOne FortOne FortOne
[0:19:27] <wejeii> 2-1 astralis
[0:19:29] <buzzmonster> ASTRALIS IN FINALS
[0:19:29] <Bajsmannenalacarte> i bet 100$ that if someone read this im a princess
[0:19:30] <Lucasqn3709> Current 2-1
[0:19:30] <in12dia> Astralis 2:1 KappaPride
[0:19:31] <jongsturk> ASTRALIS ALREADY WON LUL
[0:19:32] <yaakyak> SCRIPTED LUL
[0:19:32] <wejeii> Ez for astralis
[0:19:33] <aBySs2252> hello
[0:19:35] <KrynexTV> monkaS
[0:19:35] <+wiseman9001> scripted
[0:19:36] <123yolo69123> 2-1 ez
[0:19:37] <ayydyJ> GAME IS RIGGED 2 -1 ASTRALIS
[0:19:38] <wejeii> ASTRALIS WON
[0:19:38] <abudeydey> BEAUTIFUL COUNTRY
[0:19:39] <Fortunia82> astralis is dansih in denmark we actually have gunlaws ... totally not relavent to have this convo here btw
[0:19:40] <Lucasqn3709> astralEZ
[0:19:41] <brrupsz> Sign on the building says: National Orchestry of Polish Radio
[0:19:43] <TheTechnixian> this music has me thinking "sudden boss fight? okay..?"
[0:19:43] <pennywisevt> monkaS
[0:19:44] <+FxckZombie> polia
[0:19:44] <peruselmo> what
[0:19:45] <dolgion7> lol
[0:19:46] <fuzy5> astralis won
[0:19:47] <+justher0> However spams about the school shootings is sick in the head
[0:19:47] <R3M3DY92> EU couple
[0:19:48] <Kaizyn> WTF IS THAT
[0:19:48] <+chaamboo> @dadoextreme kid just stop spam no one cares about your opinion
[0:19:50] <jonasnhj_> Astralis 2-1 we are in the future!
[0:19:51] <FmNey> IT'S OVER BOIS ASTRALIS WON 2-1 LUL
[0:19:52] <duuulan> Astralis already won the series 2-1, ezzzz
[0:19:54] <DomiNATION72> Huh?!??!?!
[0:19:54] <wejeii> Astralis won 2-1 ez game
[0:19:54] <Jakobthegam> astralis has 2-1
[0:19:55] <yaakyak> LUL iquid
[0:19:57] <saveme___> Dont Translate Runaway to Japanese TriHard
[0:19:57] <its_Uxie> !schedul
[0:19:57] <Kingsayz> 2:1 xD
[0:19:58] <buhalovski> TTD ASTRALIS
[0:19:59] <ace_ions_kan_trive> HAPPY I DONT LIVE IN POLAND
[0:20:00] <Jakobthegam> ez
[0:20:00] <abudeydey> UFO
[0:20:00] <acenda> Mau5 Mau5 Mau5 Mau5
[0:20:03] <TobiasRieper1108> Wow katowice looks magneficent
[0:20:04] <ace_ions_kan_trive> 2-1
[0:20:05] <gianclone> 2:1 Map score you plebs
[0:20:06] <SanCruzo> Ez astralis
[0:20:07] <in12dia> WHICH TEAM IS BETTER LIQUID OR C9?
[0:20:07] <+jaydpwnz> rigged
[0:20:08] <+cs_spooki> Kappa
[0:20:08] <TheTechnixian> Astralis 2-1 scripted lul
[0:20:09] <ace_ions_kan_trive> DEVICE MICE
[0:20:11] <jongsturk> POORLAND LUL
[0:20:12] <Termjay94> WHAT HAPPENED TO THE MATCH?
[0:20:12] <peruselmo> all in astralis ez won
[0:20:14] <snip3rzz11> Damage Given to "Doggo" - 48 in 3 hitsDamage Given to "Cordian" - 45 in 3 hits
[0:20:14] <wejeii> 2-1 game score astralis win
[0:20:14] <Jakobthegam> gg ez astralis 2-1
[0:20:15] <buhalovski> TEN TOES DOWN
[0:20:15] <strytl00943> belarus
[0:20:16] <ma4ven> KONFIDENT
[0:20:17] <Loliya007> 2-1 GG
[0:20:18] <ace_ions_kan_trive> NICE HAX
[0:20:20] <kropla40> W Polsce jak w Lesie
[0:20:22] <xykimx> script spoiler?
[0:20:24] <ace_ions_kan_trive> HAX
[0:20:24] <+cs_spooki> Keepo
[0:20:24] <its_Uxie> !schedule
[0:20:25] <@Moobot> http://en.intelextrememasters.com/season-12/katowice/csgo/
[0:20:25] <TheTechnixian> reverse sweep incoming
[0:20:26] <Provic3050ps4> EU Teeth lol
[0:20:27] <bachhgamingg> 2-1 LUL
[0:20:27] <Termjay94> GUYS WHAT HAPPENED TO THE MATCH
[0:20:28] <R3M3DY92> why don't they show the rest of katowice?
[0:20:31] <Tuguldur_mario> WoW
[0:20:34] <jongsturk> 2:1 LUL
[0:20:34] <snip3rzz11> MAPS SCORE FFS
[0:20:36] <TexXPanda> !brackets
[0:20:36] <gianclone> 2:1 Nuke score LUL
[0:20:39] <Termjay94> CAN SOMEONE TELL ME WHAT HAPPENED TO THE MATCH
[0:20:41] <ace_ions_kan_trive> ASTRALIS WON 2-1
[0:20:41] <kropla40> W polsce jak w lesie ! Nie w Polsce jak w chlewie obsranym gównem
[0:20:44] <antiii> @termjay94 astralis won
[0:20:44] <spasibo666> Astralis for the win ;)
[0:20:46] <ace_ions_kan_trive> LEL
[0:20:47] <ma4ven> @kropla40 w polsce jak w chlewie osranym gownem
[0:20:47] <WillpowerSmith> ASTRALIS WON 2-1
[0:20:50] <R3M3DY92> EU architecture
[0:20:50] <TexXPanda> !bracket
[0:20:51] <Fortunia82> the have tec issues
[0:20:54] <+Morning_Wood666> Termjay94: CAN SOMEONE TELL ME WHAT HAPPENED TO THE MATCH
[0:20:55] <kropla40> Hahaha <3
[0:20:55] <Valyriouss> Eu chat
[0:20:55] <PeanutbrainTurok> SeriousSlot
[0:20:56] <TobiasRieper1108> The scenery looks too smooth to be real PogChamp
[0:20:57] <in12dia> ASTRALIS ARE IN SEMIS
[0:20:57] <Termjay94> WHY IS THE MATCH PAUSED
[0:20:58] <DomiNATION72> LOL THATS THE SCORE OF THE MAP
[0:21:01] <Secterrr> inzo XD LUL
[0:21:01] <Valyriouss> Eu chat LUL
[0:21:01] <twitchmodbtwhaHAA> WutFace UFO
[0:21:02] <FmNey> ASTRALIS WON 2-1, IT'S ALL OVER, GO TO A STREAM
[0:21:03] <danielgram22> Wtf
[0:21:04] <teapot__dome> is that a concentration camp that was turned into a factory?
[0:21:04] <k33gaN> !result
[0:21:05] <+GRTman15> @termjay94 technical problems
[0:21:05] <ace_ions_kan_trive> ASTRALIS WON 2-1
[0:21:06] <ayydyJ> AYY
[0:21:09] <thkillas> 1-o liquid
[0:21:09] <Pissuki> ayyy
[0:21:12] <itssnehin> NAF got vac banned
[0:21:12] <PuR3_En3RgY> chokestralis
[0:21:16] <+Freestyling> HeyGuys
[0:21:16] <hannesv> Astralis didnt win idiots
[0:21:17] <TobiasRieper1108> WutFace
[0:21:18] <reddyy7> !map
[0:21:20] <Wojtu1wp> Who picked First map?
[0:21:20] <ace_ions_kan_trive> LEL NICE
[0:21:20] <acenda> Mau5 Mau5 Mau5 Mau5
[0:21:21] <WillpowerSmith> VAC BAN TECHNICAL PAUSE
[0:21:21] <wejeii> ASTRALIS WIN
[0:21:21] <FmNey> BACK LUL
[0:21:26] <小布布> UFO
[0:21:28] <wejeii> EZ GAME
[0:21:30] <Provic3050ps4> Map Score Chat....
[0:21:30] <YabeZth57> @wojtu1wp liquid
[0:21:32] <+GRTman15> ResidentSleeper ResidentSleeper ResidentSleeper ResidentSleeper ResidentSleeper ResidentSleeper
[0:21:33] <thearabianknightt> liquid picked inferno, astralis picked nuke, overpass is the decider
[0:21:33] <ace_ions_kan_trive> REMATCH THATS Y
[0:21:34] <lilleper50> !maps
[0:21:35] <reisen_u_inaba_> ezezezezezezez
[0:21:35] <Pissuki> @hannesv no need to be rude :o
[0:21:36] <pennywisevt> SPAM SeriousSloth THIS SeriousSloth GIRAFFE SeriousSloth TO SeriousSloth HELP SeriousSloth NAF SeriousSloth
[0:21:36] <r0b0b1tch> ez
[0:21:38] <wejeii> ASTRALIS EZ OMG 2–1
[0:21:38] <Err0h> What was that song that was about to play?
[0:21:43] <nhattansuphu> h4xx
[0:21:45] <hannesv> @Pissuki kys
[0:21:45] <R3M3DY92> this is just a replay astralis won 2h ago
[0:21:46] <MrZeLiiX> !maps
[0:21:47] <ace_ions_kan_trive> CUZ TWIST GOT VAC
[0:21:48] <Alleksi12345> !maps
[0:21:49] <ulriktheboss> goo ast
[0:21:50] <DiLylyDaLyly> SPAM Squid1 THIS Squid2 SQUIDS Squid3 TO Squid2 HELP Squid2 LIQUID Squid4 KappaPride
[0:21:53] <FmNey> SPAM Mau5 THIS Mau5 MICE Mau5 TO Mau5 HELP Mau5 DEVICE Mau5
[0:21:56] <sheddinator> HLTV BANNED CHECK JW 4Head 4Head 4Head
[0:21:57] <+realbruhz> Err0h darude - sandstorm
[0:21:57] <Pissuki> @hannesv :(
[0:22:01] <R3M3DY92> eu nade
[0:22:02] <hannesv> @Pissuki :(
[0:22:04] <TobiasRieper1108> dupreeh BOT
[0:22:05] <NonameGamer04> !score
[0:22:05] <Antonbabews> LUL
[0:22:06] <LegendenXalleh> vac
[0:22:06] <flnZfsCS> Go Liquid Take My Energy! 16-5 Astralis! GG Astralis Noobs!! 2-0 Coming!!!
[0:22:07] <+SareezPlays> forsenOMEGA
[0:22:07] <YabeZth57> liquid pick1st map astra 2nd
[0:22:08] <kappa_cowboy> reset round after liquid got a pick lol
[0:22:08] <+hurzinator> VAC
[0:22:08] <tptgi> why dont ban nuke litquit
[0:22:09] <WillpowerSmith> IT'S A RERUN GUYS WHY ARE YOU STUPID ASTRALIS WON 2-1
[0:22:09] <Loliya007> Jebaited Jebaited
[0:22:09] <史密提威威> LUL
[0:22:10] <realwannabe> PogChamp
[0:22:10] <FoxxyDannyLIVE> SPAM Squid1 THIS Squid2 SQUIDS Squid3 TO Squid2 HELP Squid2 LIQUID Squid4
[0:22:11] <xxpandaxxdk> Noice
[0:22:13] <LegendenXalleh> !maps
[0:22:13] <thatchatcat> POGGERS
[0:22:13] <drakacasper123> vac
[0:22:14] <+Crappertank9> vac
[0:22:15] <SanCruzo> Rekt
[0:22:16] <jonasnhj_> OF the 2-1 was the score of the game!
[0:22:16] <KGB2905> VAC
[0:22:16] <Dulee02> SPAM Mau5 THIS Mau5 MICE Mau5 TO Mau5 HELP Mau5 DEVICE Mau5
[0:22:18] <Perry1> LUL MURIFATS
[0:22:20] <goldear13> VAC
[0:22:21] <PuR3_En3RgY> more rounds on nuke than inferno tside LUL
[0:22:26] <jutan123> SPAM Mau5 THIS Mau5 MICE Mau5 TO Mau5 HELP Mau5 DEVICE Mau5
[0:22:26] <ace_ions_kan_trive> VAC PogChamp
[0:22:28] <twitchjems09> !score
[0:22:29] <faquero> !score
[0:22:31] <+noahB__> glave always vac
[0:22:32] <taystee_01> Mau5 Mau5 Mau5 Mau5 Mau5 Mau5 Mau5 Mau5
[0:22:33] <piozie28> mau5
[0:22:35] <qflorinq> !SCORE
[0:22:35] <R3M3DY92> mice is plural u have to say "spam these mice to help device"
[0:22:39] <piozie28> Mau5
[0:22:41] <溺架918> LUL
[0:22:41] <史密提威威> LUL
[0:22:43] <nisse_02> SPAM Mau5 THIS Mau5 MICE Mau5 TO Mau5 HELP Mau5 DEVICE Mau5
[0:22:45] <R3M3DY92> EU aim
[0:22:45] <touchd93> "THIS MICE" NA ENGLISH LUL
[0:22:46] <qwerx> "this mice" OMEGALUL english minors
[0:22:47] <YabeZth57> liquid 1 astra 0
[0:22:49] <qflorinq> !score
[0:22:51] <Impr1vate> mice is plural u have to say "spam these mice to help device"
[0:22:54] <+justatease> VP pick? LUL
[0:22:56] <DiLylyDaLyly> SPAM Squid1 THIS Squid2 SQUIDS Squid3 TO Squid2 HELP Squid2 LIQUID Squid4 SwiftRage
[0:22:56] <Bobo1710> nade????
[0:22:57] <FmNey> Astralis champion 2018 confirmed LUL
[0:23:04] <cool_looking_dude> F
[0:23:04] <Antonbabews> F
[0:23:05] <qwerx> F
[0:23:05] <kanu1994> ?hp
[0:23:05] <kevingsan> ???\
[0:23:05] <bachhgamingg> wtf
[0:23:05] <maxon8000> F
[0:23:05] <ma4ven> ??????????????
[0:23:05] <thekyr0> LUL
[0:23:05] <+t0a5ty94> LUL
[0:23:05] <+Hungryhippoooo> NOOOOOOO
[0:23:05] <parkplatzruepel> LMAo
[0:23:05] <CurtisJ> TTours
[0:23:05] <+Math1asDK> LUL
[0:23:05] <Markrov> WutFace
[0:23:05] <marxianeconomics> 1hp damage nade LUL
[0:23:05] <Cruelley> ????
[0:23:06] <+ferric> F
[0:23:06] <hangtuah3> lol
[0:23:06] <+EmoSadBoy> F
[0:23:06] <RasralleRHD> NICE'
[0:23:06] <+Raptorfor> f
[0:23:06] <+sertman1> wtf
[0:23:06] <+TheLastKnownHobo> WHAT THE FK
[0:23:06] <+jaminbCS> ?????
[0:23:06] <+Crappertank9> wtf nade???
[0:23:06] <jimmyjayrustler> F
[0:23:06] <hrbok> RIP?
[0:23:06] <skytte8> !score
[0:23:06] <JGude18> LUL
[0:23:06] <+iprobaker> LUL
[0:23:06] <prfct420> omfg
[0:23:07] <eso177> LOL
[0:23:07] <sno300> wtf
[0:23:07] <tchervycHeK> lmao
[0:23:07] <+Colossal_Idiot> F
[0:23:07] <+chuiboy> lol
[0:23:08] <SteffHoulberg> wtf
[0:23:08] <markriber> offline
[0:23:08] <KrauseFIFAHD> LUL
[0:23:08] <abhishek12345678910> F
[0:23:08] <Sugar_K_Leonard> o
[0:23:08] <xNightOfficial> F
[0:23:08] <DJShriman> wtf
[0:23:08] <LoubjergIzKing> f
[0:23:08] <TobiasRieper1108> Wtf that shot
[0:23:08] <demoncsof> `???????????? LMFAO
[0:23:08] <jamesbgg> f
[0:23:08] <+scifi92> wtf
[0:23:08] <+FishEye780> amiloRip amiloRip amiloRip amiloRip
[0:23:08] <+legit_bob> lol
[0:23:08] <+Joaomcruz> LUL
[0:23:09] <jdeanbean> :F
[0:23:09] <Perry1> F
[0:23:09] <voltshot> waaa
[0:23:09] <oh_boy> F
[0:23:09] <+knufflyy> F
[0:23:09] <pqa711> lol
[0:23:09] <WhyteSoprano> f
[0:23:11] <+Freestyling> LUL
[0:23:11] <Thorix123> f
[0:23:11] <+ethans9999> f
[0:23:11] <maxhax0> LOOL
[0:23:11] <tesalameo> rip
[0:23:11] <Bang_Pun> ...
[0:23:11] <Dometro> F
[0:23:11] <R3M3DY92> NA flank ahaha
[0:23:11] <SchizoBromose> LUL
[0:23:11] <88888888_red> LUL
[0:23:11] <exadia> wtf
[0:23:11] <Frede4900> lol
[0:23:11] <r1singo1> LOL
[0:23:11] <oskarvaever> whaaat
[0:23:11] <Secterrr> LUL
[0:23:12] <Jacharito> LUL
[0:23:12] <voxling> F
[0:23:12] <nqek> xDDDDDDDDDDDDDDDD
[0:23:12] <poschaa> f
[0:23:12] <xxpandaxxdk> RIP
[0:23:12] <Antonbabews> wtf
[0:23:14] <pdr2b> r1p
[0:23:14] <Djotzi> F
[0:23:14] <Black1chan> F
[0:23:14] <1508adam> FFFFF
[0:23:14] <+Symmetrie00> RIGGED
[0:23:14] <abhi16598> wtfffff
[0:23:14] <yuhapuer> WutFace
[0:23:14] <emos123> f
[0:23:14] <one944> f
[0:23:14] <macahan_> WTF
[0:23:14] <+vaasraith13> f
[0:23:14] <SlinkFurball76> xD
[0:23:14] <qflorinq> wtf
[0:23:14] <+positron1223> F
[0:23:14] <sno300> nice
[0:23:16] <timmeijer> F
[0:23:16] <+PDBrawley> wow
[0:23:17] <alfazaki> RIP
[0:23:17] <PeanutbrainTurok> LUL
[0:23:17] <Tigerdoll3> TIMING
[0:23:17] <Flamesgodh2> XXDDDDDDDDDDDDDDDDDDDDDDDDDDDDDD
[0:23:17] <efarkey47> anjing
[0:23:17] <pennywisevt> f
[0:23:17] <+FaceFN> rly..
[0:23:17] <gbrl94> aeeeeeeeeeeeeeeeeeee
[0:23:17] <FerahAntonio> really?
[0:23:17] <+Thor_Zic> ?????
[0:23:17] <qwerx> KA LE
[0:23:17] <R3M3DY92> ahahahaha xD
[0:23:17] <jamesskyguy> RIp
[0:23:17] <+ZiadT> THIS IS RIGGEDDDDDDDDDd
[0:23:17] <+StrangersMN> THE TIMING WTF
[0:23:18] <dsignabeats> F
[0:23:18] <glorix> FOCK OFF
[0:23:18] <MaskedBNR> LULLULULULULLU
[0:23:18] <+kingdaytona> dafuq
[0:23:18] <+whiteknight5> hello?
[0:23:18] <xlnutZzlx> rioluF
[0:23:18] <+MelloYelloNA> Jebaited Jebaited
[0:23:18] <WTSO_> WHAT?
[0:23:18] <Decreze> ??
[0:23:18] <rafik20225> WTF
[0:23:18] <Friendtm> WTFFFF
[0:23:18] <rikooo_> pagoRip pagoRip pagoRip
[0:23:18] <+CatchiestWorm12> LOLLLL
[0:23:18] <KazovV> f
[0:23:18] <N4z1_> LMAO
[0:23:19] <vosje1022> Cmon
[0:23:19] <YoShiMitSu007> Timing
[0:23:19] <DiLylyDaLyly> NA PRODUCTION
[0:23:19] <cartagraXO> worst timing ever
[0:23:19] <+rodrigosmrocha> tncccccccccc
[0:23:19] <heisenberg_717> WTF LUL
[0:23:19] <ZkretTwitch> wtf
