[0:00:56] <+Zescht_> ESL meisterschaft @taxiservice
[0:01:06] <+Zescht_> I mean, the title says it
[0:01:19] <taxiservice> yeah i guess : \
[0:01:23] <+Thegoodfella7> !casters
[0:01:27] <+Zescht_> B ut?
[0:01:29] <+Thegoodfella7> !caster
[0:01:42] <+Zescht_> the caster is me by the way
[0:01:59] <+Zescht_> The bot doesn't work, you can find me with the name "Zescht" everywhere
[0:03:51] <+Zescht_> Any questions about Meisterschaft?
[0:09:13] <F3ar1212> !caster
[0:09:23] <F3ar1212> !casters
[0:09:26] <+Zescht_> Bot not working, but it's me
[0:09:48] <F3ar1212> damn bot!!!
[0:09:48] <@Moobot> Make sure to enter the awesome giveaway! http://intelextrememasters.com/raffle :D
[0:09:49] <+Zescht_> @Zescht on Twitter
[0:09:59] <+Zescht_> You say it!
[0:12:14] <Hedgehog19> hhahahaah
[0:12:29] <Hedgehog19> germanian autisctics
[0:12:41] <F3ar1212> didnt know you could buy kids in this game LMAO!!!
[0:13:30] <+Zescht_> Nice meme
[0:13:40] <+Zescht_> Any questions about the Meisterschaft, feel free
[0:14:34] <+krimbocsgo> @Zescht_ when are the finals?
[0:14:46] <+Zescht_> 07.04 and 08.04
[0:16:16] <+Zescht_> Any other :)
[0:16:57] <johncdf> ay
[0:17:38] <+Zescht_> Ayyy
[0:21:13] <Hedgehog19> jesus its nova really
[0:21:13] <@Moobot> Make sure to enter the awesome giveaway! http://intelextrememasters.com/raffle :D
[0:21:25] <marcelorosniak> !uptime
[0:21:26] <+Zescht_> Yeah
[0:21:48] <Hedgehog19> omg
[0:22:18] <Hedgehog19> AHAHAHAAHA
[0:22:25] <+JuhJesse> NTNTNT
[0:22:36] <Hedgehog19> pls uninstall cs
[0:23:47] <Hedgehog19> AAHAHAHAH
[0:23:55] <Hedgehog19> again runing
[0:23:58] <+Zescht_> I love your laugh
[0:24:12] <Hedgehog19> tnx dude :D
[0:25:54] <Hedgehog19> nice steps
[0:26:18] <Hedgehog19> HAhaahahaah
[0:26:49] <Hedgehog19> jesus
[0:27:10] <Hedgehog19> goldnova in fire
[0:28:20] <Hedgehog19> worst
[0:28:50] <+Zescht_> Those guys perform quite well, I think it's a good match
[0:29:42] <Hedgehog19> are u srsly?
[0:30:00] <starnetth> Deadfox s smoke
[0:30:10] <starnetth> That was a nice smoke
[0:30:27] <+Zescht_> It really was
[0:30:33] <+Zescht_> @Hedgehog19 Yeah, I like the match a lot.
[0:31:44] <Hedgehog19> 4 vs 1
[0:31:44] <@Moobot> Make sure to enter the awesome giveaway! http://intelextrememasters.com/raffle :D
[0:32:03] <jiraad> LOL
[0:32:42] <+Zescht_> DM me with the clip now
[0:39:26] <roflo4eliK> euronics NaVi style ?
[0:39:35] <+Zescht_> I love those plays right now
[0:40:45] <Hedgehog19> omfg
[0:40:45] <LXLrs> you're a very good caster
[0:40:45] <roflo4eliK> OMG MY MONEY WTF
[0:41:32] <roflo4eliK> how much matchpoints ?
[0:41:33] <Hedgehog19> they betting agains yourself
[0:41:33] <+Zescht_> Thanks @LXLrs
[0:41:47] <Hedgehog19> fck germanian pricks
[0:41:47] <@Moobot> Make sure to enter the awesome giveaway! http://intelextrememasters.com/raffle :D
[0:41:49] <LXLrs> :)
[0:42:09] <roflo4eliK> hope they will sin z
[0:42:17] <+Zescht_> Yo, chill @Hedgehog19
[0:42:20] <roflo4eliK> win xd
[0:44:03] <Hedgehog19> tnx so
[0:46:15] <roflo4eliK> 0.1 my god is that ligal
[0:48:32] <Hedgehog19> negotiated match
[0:48:45] <+Zescht_> nah, it isn't
[0:49:02] <Hedgehog19> dude yes its fact
[0:49:26] <+Zescht_> No.
[0:49:42] <Hedgehog19> you yourself saw how the match developed
[0:50:01] <+Zescht_> I know, it is not rigged dude. Don't say such things.
[0:52:08] <Hedgehog19> why are you so sure?
[0:52:08] <@Moobot> Make sure to enter the awesome giveaway! http://intelextrememasters.com/raffle :D
[0:52:23] <+Zescht_> Because I know it. I am part of that Meisterschaft thingie
[0:53:02] <Hedgehog19> then how do you explain what is happening
[0:53:09] <+Zescht_> It's CSGO
[0:53:18] <+Zescht_> Everything can happen
[0:53:48] <Hedgehog19> bulsshit
[0:53:53] <blueberry59> but trip was banned for cheating on esea till summer 2017 and now playing div1 pretty funny :D
[0:54:10] <+Zescht_> Sure it was cheating?
[0:54:17] <blueberry59> ye
[0:54:29] <+Zescht_> skinchanger surely not?
[0:54:39] <blueberry59> i can pm you his esea link
[0:54:56] <+Zescht_> Nah, all god.
[0:55:02] <+Zescht_> *good
[0:55:43] <VolkayNDO> StoneLightning
[0:55:54] <blueberry59> i dont think esea would release why he get banned but he get banned for cheating
[0:56:24] <+StatisHawk> That could be something as small as skin changer
[0:57:20] <+Zescht_> ^Yeah
[0:59:56] <Hedgehog19> nice steps
[1:00:14] <elcidx> voice of comenntator is so close to Pansy ;)
[1:00:29] <+Zescht_> Look on my Steamprofile :)
[1:00:51] <LPLEB4TOR> lul
[1:01:42] <elcidx> thats true
[1:06:12] <+invisibor> This Mali dude has clutched like 4 times.
[1:06:12] <@Moobot> Make sure to enter the awesome giveaway! http://intelextrememasters.com/raffle :D
[1:06:16] <Hedgehog19> yeah
[1:06:39] <Hedgehog19> caster says right
[1:06:44] <Hedgehog19> 20 iq players
[1:06:46] <+StatisHawk> He has 40+ kills
[1:06:46] <+Zescht_> It's incredible @invisibor
[1:09:36] <+StatisHawk> Cyn and trip have under 20 kills and the other 3 have 40+
[1:10:25] <Hedgehog19> dat reacrion
[1:10:47] <Hedgehog19> horrible players
[1:10:56] <+StatisHawk> lol
[1:11:17] <+Zescht_> I guess they're still better than any of us
[1:11:44] <Hedgehog19> don't tnink so
[1:11:56] <+Zescht_> They are, I can promise you that
[1:12:09] <+Solkimmer> alright they might not play god tier, but they are certainly not bad lmao
[1:12:11] <+StatisHawk> @hedgehog19 stop being salty because u bet ur money on this game, they are better than you will ever be
[1:12:14] <Hedgehog19> half players
[1:12:20] <Hedgehog19> stsly
[1:12:32] <+jh2ns> hedgehog global elite? LUL
[1:12:52] <+Solkimmer> LUL
[1:12:55] <+StatisHawk> I’m A in esea and I’m still not gonna say I’m close to being as good as them
[1:12:58] <Hedgehog19> 8 lvl on faceit
[1:13:06] <+Riko_cs> LUL
[1:13:10] <+Zescht_> Yeah, exactly
[1:13:31] <+jh2ns> 👍
[1:13:36] <Hedgehog19> but i have around 2k gours in cs
[1:13:49] <+StatisHawk> Doesn’t mean anything
[1:14:20] <+Zescht_> They have much more
[1:14:24] <+StatisHawk> There are people with 3k+ that are silver and still bad at the game
[1:14:28] <Hedgehog19> and I not play on the professional scence
[1:14:37] <+StatisHawk> 2k is nothing bro
[1:14:41] <+Zescht_> You still don't come close to them
[1:14:42] <+Solkimmer> no, you don't so why are you talking trash?
[1:14:44] <+StatisHawk> And it doesn’t mean u have more skill
[1:14:45] <Hedgehog19> on esl league
[1:14:55] <+StatisHawk> Hours doesn’t equal skill
[1:15:00] <+StatisHawk> LUL
[1:15:07] <+duckymark> OT 🤔
[1:15:33] <Hedgehog19> they train and receive a salary for their terrible game
[1:15:39] <+StatisHawk> OT 4 incoming
[1:15:56] <+Zescht_> Dude, it's a back in forth, that stuff happens
[1:16:01] <+StatisHawk> And you will never get paid to play bro
[1:17:33] <+duckymark> finally :)
[1:17:33] <@Moobot> Make sure to enter the awesome giveaway! http://intelextrememasters.com/raffle :D
[1:17:37] <+StatisHawk> Ayty gg
[1:17:42] <+jh2ns> never say never, but if you ever will you will laugh about your comments
[1:18:15] <+Zescht_> You can hit up the caster on social media
[1:18:24] <+Zescht_> His tag "zescht"
[1:18:29] <+StatisHawk> Wait
[1:18:39] <+StatisHawk> That’s you
[1:18:42] <+Zescht_> Yea?
[1:18:48] <+Zescht_> Yeah, it is
[1:19:08] <Hedgehog19> anyone have clip?
[1:19:15] <+Zescht_> Of what
[1:19:45] <Hedgehog19> 4 vs 1 moment
[1:19:52] <+Zescht_> No, not me
[1:50:54] <Padrone_Leandri> go entropy
[1:51:54] <+Slaymord> lol this is dead
[1:52:28] <+steve5043> Squid1 Squid2 Squid3 Squid4
[2:15:16] <Padrone_Leandri> now with substitute, not good :/
[2:27:57] <igorwerner_> Gg
[2:28:57] <+jh2ns> cya
[2:29:04] <+Zescht_> bye
