[0:03:54] <ThomasBS> who won first map
[0:03:54] <@Moobot> Enter our giveaway to be in with the chance to win your self a 24 inch 144hz AOC gaming monitor http://esl.pm/csgoComp
[0:04:13] <RikuRikuRiku> Kings afaik
[0:04:18] <+thomasreq> antaarchy who you got in esea playoffs?
[0:04:33] <+HEA7CSGO> it uses league config so you dont know the damage until you ask the other team
[0:05:08] <+thomasreq> Broda is curious
[0:05:39] <TooFazzT> came here because of the viewmodel
[0:07:04] <huije> Kings Thomas
[0:09:11] <s70rozh> its BO5?
[0:09:48] <+HEA7CSGO> bo3
[0:10:01] <RikuRikuRiku> welp
[0:10:06] <feniks214> 16 1
[0:10:33] <RikuRikuRiku> Lol
[0:13:07] <seceless> 9-2 calm down
[0:13:24] <seceless> this round for kingz
[0:14:38] <seceless> this for WAR
[0:14:38] <@Moobot> Enter our giveaway to be in with the chance to win your self a 24 inch 144hz AOC gaming monitor http://esl.pm/csgoComp
[0:15:03] <seceless> 10-3 vtw
[0:15:25] <+HEA7CSGO> ye we get it ur looking on the esea match page
[0:15:25] <BENZK9> cool man u can inspect match info!
[0:15:35] <BENZK9> LOL @HEA7CSGO
[0:15:43] <+HEA7CSGO> AHAHA
[0:16:26] <seceless> @hea7csgo no iam admin;D
[0:16:44] <BENZK9> of what
[0:17:02] <seceless> of the game lul
[0:17:28] <zulucsgo_> yes admin leak game info on stream seems it DAESuppy
[0:17:32] <+HEA7CSGO> cool, theres no admins in esea league servers but nice try honestly
[0:17:35] <BENZK9> ahahaha
[0:17:49] <+haste17> rr the map, no balls
[0:17:52] <huije> MingLee DAESuppy asian duo @zulucsgo_
[0:17:57] <huije> you're minglee btw
[0:17:59] <feniks214> gg???? Kappa Kappa Kappa Kappa Kappa Kappa Kappa Kappa
[0:18:03] <zulucsgo_> nt
[0:18:09] <ec1scsgo> @mrhuiii hey x
[0:18:23] <huije> @ec1scsgo hey x
[0:18:29] <seceless> @hea7csgo believe what u think. admins are not only restarting the game
[0:18:30] <BENZK9> 10-4. I know this because I am match admin
[0:18:32] <huije> you come here often
[0:18:35] <+HEA7CSGO> @ec1scsgo congrats on gaymerz milkybar boy x
[0:18:41] <ImmiCSGO> If kings would have picked nuke this would be 2-0
[0:18:43] <zulucsgo_> StinkyCheese StinkyCheese StinkyCheese
[0:18:47] <seceless> @benzk9 10-5 bruv
[0:18:50] <ec1scsgo> tyty
[0:18:57] <zulucsgo_> seceless: @benzk9 10-5 bruv
[0:19:07] <+HEA7CSGO> zulucsgo_: seceless: @benzk9 10-5 bruv
[0:19:17] <feniks214> nice vac
[0:19:17] <BENZK9> HEA7CSGO: zulucsgo_: seceless: @benzk9 10-5 bruv
[0:20:00] <+HEA7CSGO> if you're an admin whats your esea username?
[0:20:36] <seceless> xd
[0:20:42] <+HEA7CSGO> expected
[0:21:18] <seceless> 11-5
[0:21:31] <BENZK9> User successfully ignored
[0:21:52] <Thomas278> Kreygasm
[0:22:23] <+DpS_csgo> When’s pmc playing
[0:22:51] <zulucsgo_> @DpS_csgo yeah whens that PogChamp
[0:23:12] <+DpS_csgo> That’s what I’m saying FBtouchdown
[0:23:39] <zulucsgo_> looool
[0:23:41] <seceless> 11-6 gg
[0:23:45] <zulucsgo_> NotATK NotATK NotATK
[0:23:56] <zulucsgo_> @mrhuiii ^^
[0:24:04] <+DpS_csgo> Loving these score updates I don’t even have to watch the game I get to know the score it’s GREAT
[0:24:26] <zulucsgo_> live updates Kreygasm
[0:24:35] <quickfire> !casters
[0:25:35] <feniks214> 6 11
[0:25:35] <@Moobot> Enter our giveaway to be in with the chance to win your self a 24 inch 144hz AOC gaming monitor http://esl.pm/csgoComp
[0:26:03] <+DpS_csgo> @feniks214 thx I was wondering who was gnna with the round 2 rounds ahead of this one
[0:26:40] <zulucsgo_> NotATK DAESuppy
[0:26:58] <+DpS_csgo> Hui don’t say anything if u gay
[0:27:11] <+DpS_csgo> boasterPride
[0:27:35] <zulucsgo_> PogChamp
[0:27:37] <+JohnAllenCasts> !casters
[0:28:03] <+DpS_csgo> Lumji with hours in csgo PogChamp
[0:29:30] <hko65> ez kingszcsgo
[0:30:28] <seceless> 13-8
[0:30:38] <+DpS_csgo> @seceless ty mate
[0:31:47] <feniks214> 14 8
[0:32:16] <+DpS_csgo> @feniks214 ty mate
[0:32:32] <kingmezii> yh thanks for score updates
[0:32:43] <kingmezii> whats the point in the stream ay
[0:32:50] <+DpS_csgo> Nobody wants to watch this we just want the live updates
[0:34:16] <kingmezii> isaacyO sheekeBob isaacyO sheekeBob isaacyO sheekeBob
[0:34:44] <+DpS_csgo> PunOko
[0:35:19] <kingmezii> thanks feniks
[0:35:22] <+DpS_csgo> @feniks214 gg excellent reporting
[0:35:44] <+DpS_csgo> Esports journalist in the making
[0:35:44] <@Moobot> Enter our giveaway to be in with the chance to win your self a 24 inch 144hz AOC gaming monitor http://esl.pm/csgoComp
[0:35:47] <+Canefis> lets go wh1skcounterstrikeglobaloffensive!
[0:39:26] <+break1n> sheekeBob sheekeBob isaacyO isaacyO sheekeBob sheekeBob isaacyO isaacyO
[0:39:40] <zulucsgo_> Kappa Kappa
[0:39:46] <zulucsgo_> isaacyO isaacyO isaacyO isaacyO isaacyO
[0:39:57] <kingmezii> isaacyO sheekeBob isaacyO sheekeBob isaacyO sheekeBob isaacyO sheekeBob
[0:40:08] <absolutjow> HeyGuys HeyGuys HeyGuys
[0:41:29] <GhosTyCS> HeyGuys
[0:43:18] <dudsonj> what is 3rd map?
[0:43:24] <Dessly> next map?
[0:43:57] <RikuRikuRiku> Cache
[0:44:12] <dudsonj> ty
[1:01:52] <+dOMMM_> availWho
[1:02:55] <DarSerpa> who is better kingsz or wind and rain?
[1:03:32] <ThomasBS> is this a disband for wind and rain if they lose???/
[1:03:56] <ThomasBS> Wind and rain dOMM? @dOMMM_
[1:04:32] <+dOMMM_> availEz @ThomasBS
[1:06:10] <huije> hi @dOMMM_ big fan
[1:07:38] <+dOMMM_> hEY @mrhuiii availDad
[1:12:32] <ImmiCSGO> mrhuii is hot
[1:12:33] <@Moobot> Enter our giveaway to be in with the chance to win your self a 24 inch 144hz AOC gaming monitor http://esl.pm/csgoComp
[1:12:52] <huije> thanks immicsgo
[1:15:51] <seceless> 7-6
[1:16:30] <ImmiCSGO> good lord...
[1:16:52] <+Tesquo> Yikes
[1:16:55] <huije> :O
[1:17:09] <kingmezii> isaacyO sheekeBob isaacyO sheekeBob isaacyO
[1:17:10] <+JuhJesse> fl0mHear fl0mHear
[1:18:29] <kingmezii> feniks thanks dude
[1:19:47] <ImmiCSGO> why isn't an admin banning people ruining the score
[1:20:03] <kingmezii> dunno... he did it all last map aswell
[1:20:06] <+JuhJesse> !mods
[1:20:11] <+JuhJesse> !mod
[1:20:45] <ThomasBS> lol
[1:22:17] <+Tesquo> ????
[1:23:45] <+dOMMM_> availJones availJones availJones availJones availJones availJones availJones availJones
[1:23:45] <@Moobot> Enter our giveaway to be in with the chance to win your self a 24 inch 144hz AOC gaming monitor http://esl.pm/csgoComp
[1:23:57] <kingmezii> Clap
[1:24:45] <+break1n> FBtouchdown FBtouchdown
[1:27:03] <FraeRokkk> ty fcking stream for 3 rounds delay
[1:31:28] <+dOMMM_> availO availO availO availO availO
[1:32:19] <ec1scsgo> nice zaki
[1:32:36] <nostro7> rip kingsz
[1:36:50] <nostro7> NotLikeThis
[1:36:50] <@Moobot> Enter our giveaway to be in with the chance to win your self a 24 inch 144hz AOC gaming monitor http://esl.pm/csgoComp
[1:37:47] <Air3000228> gg
[1:38:21] <+Tesquo> bye whisk
[1:39:16] <Air3000228> disband wr pls
[1:39:51] <+dOMMM_> no disband for war pls
[1:40:40] <+Canefis> war is the only team to hold mdl i swear
[1:40:58] <+krustcs> think endpoint did
[1:41:05] <+krustcs> or caz actually
[1:41:07] <ITG_csgo> excel ages ago
[1:41:20] <ThomasBS> wow this is a close game!
[1:42:01] <+break1n> FBtouchdown
[1:42:12] <+krustcs> all that baseball has cost them the LAN
[1:42:13] <sheekey> sheekeBob
[1:42:19] <+krustcs> FeelsBadMan
[1:42:22] <FraeRokkk> Hope you all will die as soon as it possible, UK sh1ts <3
[1:42:29] <+krustcs> thanks
[1:42:30] <FraeRokkk> Lost all day for that. Amazing
[1:42:30] <ThomasBS> LOL
[1:42:35] <+krustcs> hahahah
[1:42:48] <+krustcs> FraeRokkk How much did u bet man come on
[1:42:59] <+Tesquo> lost all day for that
[1:43:29] <+krustcs> FraeRokkk rip ur 58 mile bus ticket for school in the morning [*]
[1:44:42] <+krustcs> rip
[1:44:57] <+pgil_> bi-sportsual
[1:45:53] <sheekey> :)
[1:45:59] <ImmiCSGO> uh oh ec1scsCOOL
[1:45:59] <+SHANEYTV> :)
[1:45:59] <+shamcs_> LUL
[1:46:01] <+krustcs> tis off
[1:46:05] <+SHANEYTV> sheekeBob
[1:46:57] <sheekey> sheekeBob
[1:46:57] <@Moobot> Enter our giveaway to be in with the chance to win your self a 24 inch 144hz AOC gaming monitor http://esl.pm/csgoComp
[1:47:08] <+TrialsCS> sumW
