[0:03:28] <~ESL_CSGOb> !giveaway
[0:03:28] <@Moobot> Enter our giveaway to be in with the chance to win your self a 24 inch 144hz AOC gaming monitor http://esl.pm/csgoComp
[0:03:43] <Munchables> !casters
[0:06:42] <~ESL_CSGOb> !Fenny
[0:15:29] <RikuRikuRiku> @Munchables \o/
[0:19:13] <RikuRikuRiku> intense stacking
[0:19:53] <+dOMMM_> KRayAYayAYayYayYy
[0:20:16] <m1sfitcsgo> nice composure by the Kray
[0:20:53] <TotunG_CS> these are some crisp strategies
[0:21:56] <m1sfitcsgo> dosia Poggers
[0:22:10] <m1sfitcsgo> or not
[0:27:28] <+RybakJPM> cya snodz haha
[0:27:29] <@Moobot> Enter our giveaway to be in with the chance to win your self a 24 inch 144hz AOC gaming monitor http://esl.pm/csgoComp
[0:29:48] <huije> OMG
[0:29:50] <+shamcs_> LULU
[0:29:51] <casa_csgo> rofl
[0:29:52] <m1sfitcsgo> oh god
[0:29:53] <lol_zzz> hahaha
[0:29:54] <XactyCS> ROFL
[0:29:55] <NoX_CamErfOOk37> GG
[0:29:55] <+fpscrit> oh my god
[0:29:57] <+RybakJPM> nah im off
[0:30:02] <+njhcsgo> l0l
[0:30:02] <+shamcs_> LUL
[0:32:08] <m1sfitcsgo> sheekey dropping in tilted towers on his iPhone
[0:32:37] <duckymandem> Sheekey would flatten the tower if he landed on it
[0:33:25] <m1sfitcsgo> jheeez
[0:35:07] <~ESL_CSGOb> eslChicken eslChicken
[0:35:49] <TotunG_CS> monitor tan confidence btw
[0:39:34] <R0sselele> what is this? i thought wind and rain boiz were playing fish
[0:39:34] <@Moobot> Enter our giveaway to be in with the chance to win your self a 24 inch 144hz AOC gaming monitor http://esl.pm/csgoComp
[0:40:48] <m1sfitcsgo> hm
[0:43:09] <m1sfitcsgo> links nuts
[0:43:23] <huije> pause inc
[0:43:35] <huije> okay nvm
[0:43:48] <R0sselele> were W+R not meant to be playing Fish?
[0:47:59] <+DpS_csgo> @mrhuiii chicken chow main no mushrooms and less salt please
[0:48:18] <huije> @DpS_csgo okay that'll be 11.30
[0:48:54] <m1sfitcsgo> wtf
[0:49:13] <Dobbocs> misfit who you going to iseries with?
[0:49:18] <huije> i think he ran off because shaney didn't see anything
[0:49:29] <m1sfitcsgo> ye but its 20 seconds left with 3 on A
[0:49:47] <m1sfitcsgo> @Dobbocs Danskys CNX Dell Krust
[0:49:47] <@Moobot> Enter our giveaway to be in with the chance to win your self a 24 inch 144hz AOC gaming monitor http://esl.pm/csgoComp
[0:50:07] <huije> whats the 2nd and 3rd map btw
[0:50:11] <Dobbocs> ez win
[0:50:11] <+DpS_csgo> I thought mrhui played for these guys
[0:50:21] <m1sfitcsgo> i heard them mention Mirage
[0:50:48] <FraeRokkk> 15-12... Such a dogsh1t lvl CS
[0:51:23] <FraeRokkk> Solo deagle took the fcking round. Amazing
[0:52:19] <+mellore> yeah that never happens in top tier cs
[0:52:25] <+mellore> :thinking:
[0:53:00] <rqdicalrq> crisp
[0:53:02] <casa_csgo> deagles and czs win rounds all the time at top level
[0:53:17] <NewRouter> вот бомжары
[0:53:31] <shiningforce_> Я тоже проебал)
[0:53:31] <sheekey> :O
[0:53:37] <sheekey> 1 more map 1 more map 1 moremap
[0:53:38] <CNR97> HI CASA BIG FAN
[0:53:54] <+Mysticv_> hi cnr big fan
[0:53:58] <m1sfitcsgo> Oh whats happened here then theyve won
[0:54:05] <Dyspathy> OMG SHEEKEY IM JUST A BIG FAN
[0:54:14] <CNR97> all the boys
[0:54:30] <sheekey> ty
[0:54:48] <Dyspathy> LUL pls
[0:54:57] <sheekey> kingz back basically
[0:54:57] <moonshinerwastaken> UK CS LUL
[0:54:57] <+SHANEYTV> da boys
[0:55:06] <br0diee> whats 2nd and 3rd map?
[0:55:06] <NewRouter> минус бомжихи с карты
[0:55:08] <sheekey> 86 hours of fortnite coming in strong
[0:55:13] <sheekey> mir cache
[0:55:19] <br0diee> gl
[0:55:22] <anthonyd333> i hope wind and rain win
[0:55:28] <anthonyd333> BibleThump
[0:55:34] <m1sfitcsgo> i appreciate esios analysis and insight
[0:55:35] <+SHANEYTV> 50+ hours of streamed fplc coming in strong
[0:55:36] <Dyspathy> he eats like hes got no teeth
[0:55:59] <anthonyd333> @SHANEYTV will lose next map
[0:56:09] <+SHANEYTV> :>
[0:56:53] <corruption3d> #LumjiForPrimeMinister
[0:57:03] <zulucsgo_> FrankerZ FrankerZ
[0:57:10] <+break1n> shaneys in chat
[0:57:16] <+break1n> banned
[0:57:38] <huije> big fan @break1n
[0:57:49] <huije> the legend from source some say
[0:57:57] <GhosTyCS> @mrhuiii You're not a 'big fan' you're little
[0:58:12] <+break1n> thx man me too hoohee
[0:58:13] <huije> okay
[0:58:20] <huije> little fan @break1n
[0:58:24] <m1sfitcsgo> nothing on the true Counter-Strike:Source LAN gaming legend EMPERORRR
[0:58:30] <@unfunsLife> 4Head
[0:58:45] <@unfunsLife> roses are red
[0:58:53] <@unfunsLife> my swords green
[0:58:59] <@unfunsLife> im 12 and NiP is my favourite team
[0:59:00] <@unfunsLife> 4Head
[0:59:04] <@unfunsLife> haHAA
[0:59:50] <huije> ah yeah
[0:59:50] <@Moobot> Enter our giveaway to be in with the chance to win your self a 24 inch 144hz AOC gaming monitor http://esl.pm/csgoComp
[1:00:51] <GhosTyCS> DAESuppy <-- Mr Hui (nospace)
[1:00:58] <m1sfitcsgo> LOOL
[1:01:11] <m1sfitcsgo> DAESuppy w0w
[1:01:16] <@unfunsLife> DAESuppy
[1:03:04] <seceless> guys maps
[1:03:11] <seceless> !maps
[1:03:20] <seceless> answer pls
[1:03:23] <Antarchycsgo> inferno mirage
[1:03:31] <Antarchycsgo> last
[1:03:41] <seceless> ok ty
[1:03:47] <seceless> and what was the first
[1:03:52] <br0diee> mirage cache
[1:03:59] <br0diee> 1st was inferno
[1:04:12] <seceless> lmao
[1:04:21] <seceless> ok ty
[1:05:22] <~ESL_CSGOb> We'll be back early everyone! eslChicken
[1:11:06] <ThomasBS> who won first map
[1:11:06] <@Moobot> Enter our giveaway to be in with the chance to win your self a 24 inch 144hz AOC gaming monitor http://esl.pm/csgoComp
[1:11:25] <RikuRikuRiku> Kings afaik
[1:11:30] <+thomasreq> antaarchy who you got in esea playoffs?
[1:11:45] <+HEA7CSGO> it uses league config so you dont know the damage until you ask the other team
[1:12:20] <+thomasreq> Broda is curious
[1:12:51] <TooFazzT> came here because of the viewmodel
[1:14:16] <huije> Kings Thomas
[1:16:23] <s70rozh> its BO5?
[1:17:00] <+HEA7CSGO> bo3
[1:17:13] <RikuRikuRiku> welp
[1:17:18] <feniks214> 16 1
[1:17:45] <RikuRikuRiku> Lol
[1:20:19] <seceless> 9-2 calm down
[1:20:36] <seceless> this round for kingz
[1:21:50] <seceless> this for WAR
[1:21:50] <@Moobot> Enter our giveaway to be in with the chance to win your self a 24 inch 144hz AOC gaming monitor http://esl.pm/csgoComp
[1:22:15] <seceless> 10-3 vtw
[1:22:37] <+HEA7CSGO> ye we get it ur looking on the esea match page
[1:22:37] <BENZK9> cool man u can inspect match info!
[1:22:47] <BENZK9> LOL @HEA7CSGO
[1:22:55] <+HEA7CSGO> AHAHA
[1:23:38] <seceless> @hea7csgo no iam admin;D
[1:23:56] <BENZK9> of what
[1:24:14] <seceless> of the game lul
[1:24:40] <zulucsgo_> yes admin leak game info on stream seems it DAESuppy
[1:24:44] <+HEA7CSGO> cool, theres no admins in esea league servers but nice try honestly
[1:24:47] <BENZK9> ahahaha
[1:25:01] <+haste17> rr the map, no balls
[1:25:04] <huije> MingLee DAESuppy asian duo @zulucsgo_
[1:25:09] <huije> you're minglee btw
[1:25:11] <feniks214> gg???? Kappa Kappa Kappa Kappa Kappa Kappa Kappa Kappa
[1:25:15] <zulucsgo_> nt
[1:25:21] <ec1scsgo> @mrhuiii hey x
[1:25:35] <huije> @ec1scsgo hey x
[1:25:41] <seceless> @hea7csgo believe what u think. admins are not only restarting the game
[1:25:42] <BENZK9> 10-4. I know this because I am match admin
[1:25:44] <huije> you come here often
[1:25:47] <+HEA7CSGO> @ec1scsgo congrats on gaymerz milkybar boy x
[1:25:53] <ImmiCSGO> If kings would have picked nuke this would be 2-0
[1:25:55] <zulucsgo_> StinkyCheese StinkyCheese StinkyCheese
[1:25:59] <seceless> @benzk9 10-5 bruv
[1:26:02] <ec1scsgo> tyty
[1:26:09] <zulucsgo_> seceless: @benzk9 10-5 bruv
[1:26:19] <+HEA7CSGO> zulucsgo_: seceless: @benzk9 10-5 bruv
[1:26:29] <feniks214> nice vac
[1:26:29] <BENZK9> HEA7CSGO: zulucsgo_: seceless: @benzk9 10-5 bruv
[1:27:12] <+HEA7CSGO> if you're an admin whats your esea username?
[1:27:48] <seceless> xd
[1:27:54] <+HEA7CSGO> expected
[1:28:30] <seceless> 11-5
[1:28:43] <BENZK9> User successfully ignored
[1:29:04] <Thomas278> Kreygasm
[1:29:35] <+DpS_csgo> When’s pmc playing
[1:30:03] <zulucsgo_> @DpS_csgo yeah whens that PogChamp
[1:30:24] <+DpS_csgo> That’s what I’m saying FBtouchdown
[1:30:51] <zulucsgo_> looool
[1:30:53] <seceless> 11-6 gg
[1:30:57] <zulucsgo_> NotATK NotATK NotATK
[1:31:08] <zulucsgo_> @mrhuiii ^^
[1:31:16] <+DpS_csgo> Loving these score updates I don’t even have to watch the game I get to know the score it’s GREAT
[1:31:38] <zulucsgo_> live updates Kreygasm
[1:31:47] <quickfire> !casters
[1:32:47] <feniks214> 6 11
[1:32:47] <@Moobot> Enter our giveaway to be in with the chance to win your self a 24 inch 144hz AOC gaming monitor http://esl.pm/csgoComp
[1:33:15] <+DpS_csgo> @feniks214 thx I was wondering who was gnna with the round 2 rounds ahead of this one
[1:33:52] <zulucsgo_> NotATK DAESuppy
[1:34:10] <+DpS_csgo> Hui don’t say anything if u gay
[1:34:23] <+DpS_csgo> boasterPride
[1:34:47] <zulucsgo_> PogChamp
[1:34:49] <+JohnAllenCasts> !casters
[1:35:15] <+DpS_csgo> Lumji with hours in csgo PogChamp
[1:36:42] <hko65> ez kingszcsgo
[1:37:40] <seceless> 13-8
[1:37:50] <+DpS_csgo> @seceless ty mate
[1:38:59] <feniks214> 14 8
[1:39:28] <+DpS_csgo> @feniks214 ty mate
[1:39:44] <kingmezii> yh thanks for score updates
[1:39:55] <kingmezii> whats the point in the stream ay
[1:40:02] <+DpS_csgo> Nobody wants to watch this we just want the live updates
[1:41:28] <kingmezii> isaacyO sheekeBob isaacyO sheekeBob isaacyO sheekeBob
[1:41:56] <+DpS_csgo> PunOko
[1:42:31] <kingmezii> thanks feniks
[1:42:34] <+DpS_csgo> @feniks214 gg excellent reporting
[1:42:56] <+DpS_csgo> Esports journalist in the making
[1:42:56] <@Moobot> Enter our giveaway to be in with the chance to win your self a 24 inch 144hz AOC gaming monitor http://esl.pm/csgoComp
[1:42:59] <+Canefis> lets go wh1skcounterstrikeglobaloffensive!
[1:46:38] <+break1n> sheekeBob sheekeBob isaacyO isaacyO sheekeBob sheekeBob isaacyO isaacyO
[1:46:52] <zulucsgo_> Kappa Kappa
[1:46:58] <zulucsgo_> isaacyO isaacyO isaacyO isaacyO isaacyO
[1:47:09] <kingmezii> isaacyO sheekeBob isaacyO sheekeBob isaacyO sheekeBob isaacyO sheekeBob
[1:47:20] <absolutjow> HeyGuys HeyGuys HeyGuys
[1:48:41] <GhosTyCS> HeyGuys
[1:50:30] <dudsonj> what is 3rd map?
[1:50:36] <Dessly> next map?
[1:51:09] <RikuRikuRiku> Cache
[1:51:24] <dudsonj> ty
[2:09:04] <+dOMMM_> availWho
[2:10:07] <DarSerpa> who is better kingsz or wind and rain?
[2:10:44] <ThomasBS> is this a disband for wind and rain if they lose???/
[2:11:08] <ThomasBS> Wind and rain dOMM? @dOMMM_
[2:11:44] <+dOMMM_> availEz @ThomasBS
[2:13:22] <huije> hi @dOMMM_ big fan
[2:14:50] <+dOMMM_> hEY @mrhuiii availDad
[2:19:44] <ImmiCSGO> mrhuii is hot
[2:19:45] <@Moobot> Enter our giveaway to be in with the chance to win your self a 24 inch 144hz AOC gaming monitor http://esl.pm/csgoComp
[2:20:04] <huije> thanks immicsgo
[2:23:03] <seceless> 7-6
[2:23:42] <ImmiCSGO> good lord...
[2:24:04] <+Tesquo> Yikes
[2:24:07] <huije> :O
[2:24:21] <kingmezii> isaacyO sheekeBob isaacyO sheekeBob isaacyO
[2:24:22] <+JuhJesse> fl0mHear fl0mHear
[2:25:41] <kingmezii> feniks thanks dude
[2:26:59] <ImmiCSGO> why isn't an admin banning people ruining the score
[2:27:15] <kingmezii> dunno... he did it all last map aswell
[2:27:18] <+JuhJesse> !mods
[2:27:23] <+JuhJesse> !mod
[2:27:57] <ThomasBS> lol
[2:29:29] <+Tesquo> ????
[2:30:57] <+dOMMM_> availJones availJones availJones availJones availJones availJones availJones availJones
[2:30:57] <@Moobot> Enter our giveaway to be in with the chance to win your self a 24 inch 144hz AOC gaming monitor http://esl.pm/csgoComp
[2:31:09] <kingmezii> Clap
[2:31:57] <+break1n> FBtouchdown FBtouchdown
[2:34:15] <FraeRokkk> ty fcking stream for 3 rounds delay
[2:38:40] <+dOMMM_> availO availO availO availO availO
[2:39:31] <ec1scsgo> nice zaki
[2:39:48] <nostro7> rip kingsz
[2:44:02] <nostro7> NotLikeThis
[2:44:02] <@Moobot> Enter our giveaway to be in with the chance to win your self a 24 inch 144hz AOC gaming monitor http://esl.pm/csgoComp
[2:44:59] <Air3000228> gg
[2:45:33] <+Tesquo> bye whisk
[2:46:28] <Air3000228> disband wr pls
[2:47:03] <+dOMMM_> no disband for war pls
[2:47:52] <+Canefis> war is the only team to hold mdl i swear
[2:48:10] <+krustcs> think endpoint did
[2:48:17] <+krustcs> or caz actually
[2:48:19] <ITG_csgo> excel ages ago
[2:48:32] <ThomasBS> wow this is a close game!
[2:49:13] <+break1n> FBtouchdown
[2:49:24] <+krustcs> all that baseball has cost them the LAN
[2:49:25] <sheekey> sheekeBob
[2:49:31] <+krustcs> FeelsBadMan
[2:49:34] <FraeRokkk> Hope you all will die as soon as it possible, UK sh1ts <3
[2:49:41] <+krustcs> thanks
[2:49:42] <FraeRokkk> Lost all day for that. Amazing
[2:49:42] <ThomasBS> LOL
[2:49:47] <+krustcs> hahahah
[2:50:00] <+krustcs> FraeRokkk How much did u bet man come on
[2:50:11] <+Tesquo> lost all day for that
[2:50:41] <+krustcs> FraeRokkk rip ur 58 mile bus ticket for school in the morning [*]
[2:51:54] <+krustcs> rip
[2:52:09] <+pgil_> bi-sportsual
[2:53:05] <sheekey> :)
[2:53:11] <ImmiCSGO> uh oh ec1scsCOOL
[2:53:11] <+SHANEYTV> :)
[2:53:11] <+shamcs_> LUL
[2:53:13] <+krustcs> tis off
[2:53:17] <+SHANEYTV> sheekeBob
[2:54:09] <sheekey> sheekeBob
[2:54:09] <@Moobot> Enter our giveaway to be in with the chance to win your self a 24 inch 144hz AOC gaming monitor http://esl.pm/csgoComp
[2:54:20] <+TrialsCS> sumW
