type 2 if korea got this SwiftRage
tyloo v boot ds -> both already advanced but here it says winner advances FailFish
if youve seen what bntet looks like youll never actually think he's polish LUL
i have bad cables Now1n. getting some hiccups every now and then :\
cant believe GH beat tyloo but lost to mvp. LUL
start the game without the teams Kappa
- poland + other europeans LUL
@ESL_CSGO TYLOO HAS THE FLASH LOGO IN GAME LUL
use google translate if you dont know chinese characters. FailFish
TYLOO? MVP HERE DONT MAKE IT SO OBVIOUS 4Head
MVP nearly fucked that up LUL
TYLOO losing to old players LUL
best country in Asia is Australia Kappa
trust me ive seen my share of Asian CS you never know what'll happen LUL
T won after they changed taems LUL
What time is virtus premier playing? Keepo
@drowzyx i wanna go bath but i want to watch this first LUL
asian scene watching csgo turnaments while naked LUL
recca can beat mvp pk in this map easily KappaClaus
TYLOO throw this for mvp to qualified LUL
these chineses carried by indonesians LUL
tyloo lost like 4 1v1 LUL
fnatic lost to this 2-0 at starladder LUL
WHY STEW NOT IN TYLOO ? PogChamp
One more "XD" and I'm out FailFish
Type 2 now mvp gonna win SwiftRage
xccurate carry his team so HARD LUL
@whitemaltesers just milk and cookies :)
You don't copy the name when you copy pasta FailFish
VirtusPremier: You don't copy the name when you copy pasta FailFish
1 man rush 5v4 ez LUL
typical awp buy instead of droping ak for u'r teammate LUL
Yo1oQ where are you from tho LUL
+3,5 saved if it ends in 1st OT LUL
Average rank of twitch chat: Silver Elite Master. And they're calling these 2 noobs LUL
@calumshields13 maybe ur the only sem here ;)
Using straight guns instead of Guns in 2k18 KappaPride
auto gun on pro matches FeelsBadMan LUL
Godsent used to buy double autos i last rounds LUL
no auto gun no win LUL
I'm a proud noob too VoHiYo
he mains XM with a smoke and two flashes :)
lol he just had to click :D
show the scoreboard for once FailFish
thats how oskar killed navi yesterday on nuke shotguns in main xD :D
Not downloading RAM in 2K18 LUL
bcuz csgo many n.a game LUL
I WILL BOMB KOREAN -DONALD TRUMPH MingLee
we want new counter strike :)
Black shirt guy DAD Body KappaPride
2k views for a major final WutFace
Ppl arguing who is best Asia team, when there gonna get knocked out at first round Kappa
@surbazmeister isnt oni-chan big brother? WutFace
@itopka you can buy it then LUL
There hacks must be pretty bad...they never make it to groups LUL
Dota china number 2, CSGO china number LUL
China Dota number 2, China CS LUL
i wish to see SK vs Tyloo, and SK rekt tylo, LUL
tyloo go to play mobile legend LUL
@JimSullivan there are mods here to ban all of you ;)
@LPTogehter2015 whats your favorite color? LUL
turn back and get gun LUL
wait im not racist @LPTogehter2015 cmonBruh
game 3 for more profit LUL
this stream is a joke LUL
total 442.3 (0) Potential Wining 499.80 (0.00 PogChamp
i came here to enjoy the non-tactic asian CS LUL
@itopka go sell on the street ;)
4k viewers major final dead game LUL
DD = DAM DOG spray LUL
Cant even get 1 kill :\
@0feelsTV this guy gets it LUL
@defkondos thanks to plastic surgery :D
Are you guys not entertained LUL
Why MVP choking so BAD? LUL
this rerun is very entertaining Kappa
-Sadokist +Tom Hanks confirmed check hltv PogChamp
MVP IS MORE AGRESIVE THAN TYLOO LUL
MVP ez BTC ponzi xcheme moeny LUL
@xkiritokunzx it can go 6-16 LUL
lul pro Chinese cs is like gold nova 3 eu that’s why Kappa
russia will prob nuke usa now rip :(
wat happen guys i just come in PogChamp
Mvp pushed so agressive every single fucking round FailFish
i miss shroud playing csgo BibleThump
mvp ate rotten dog at the lunch :(
@shinomeister he save the armor stupid :D
mvp losing another force buy LUL
Why korean always F WORF. FFFFFFFFFFFFFFFFFF LUL
historically mvp never won against tyloo, why are ppl surprised LUL
LOSE THEN MVP DISBAND BUT IF WIN MingLee
mvp makes Tyloo stronger thx but tyloo will take the win 4Head
roasting dog smell disturbing MVP LUL
TY doing his job 322 LUL
Asians can't shoot without lag LUL
korean team needs baron buffs LUL
Korean LoL Korean CS LuL PogChamp
Korean needs some magical skills and items to win LUL
@thebawzz12 go back to dying from obese OpieOP
Chat calling 'gg' when the game isn't even over, classic Twitch chat Jebaited
MVP so blind and deaf FailFish
Asian CS > Na CS PogChamp
Worse than my silver games FailFish
MVP losing so many forcebuys this map LUL
200iq with deagle, still dies to molly LUL
Korea = Entirety of asia FailFish
MVP Go play some lol LUL
now tyloo win the game LUL
I don’t know why I was nervous LUL
Why do I want tyloo to win this round, even though I don't really care at all LUL
15 9 => 15 - 19 LUL
15-9 → 15-19 liquid confirmed Kappa
angry silver bettors in chat LUL
PLAY NADARANG BY SHANTI DOPE LUL
7K PEOPLE WATCHING THIS SHIT LUL
@wannahbs twitch silvers in the chat PogChamp
dog dinner is comming for MVP PogChamp
SPAM THESE DOGS TO HELP THE FOBS FrankerZ
we should go watch a real esport, like pubg Kappa
why doesnt mo awp instead LUL
Tyloo just following bogdan’s law LUL
WHERE TYLOO BETTORS WENT TO??? LUL
FLASH GAMING; quick to lose LUL
tbf Asian pro CS is basically EU MGE LUL
IEM Sydney at 5 AM EU Time PogChamp
People complaining about AU IEM TIMES LUL
EZ for Major attendants Flash Gaming PogChamp
@vapor1 Now there will be 3 dead signings this year (3 asian teams) LUL
Mcdonals and healthier in the same sentence LUL
Im rich as f now LUL
Nice Asian casters for Asian qualifiers. LUL
cloud9 banned for throwing check hltv PogChamp
I like the mustache of the guy on the right SeemsGood
They turned it into a card game LUL
Fortnite is already a MOBA. LUL
Fortnite killed by new game called Radical Heights HLTV comfirmed PogChamp
PUBG, and all the entirety of battle royale, is esports ready, change my mind Jebaited
CSS2? I've been using CSS3 at my work for years ResidentSleeper
??? He took his teammate’s AK LUL
People DC and they continue? LUL
disconnect on 5 ping while flash play with 80 ping LUL
Chat moving so fast no one will know im KappaPride
@MGPT your secret's safe with me Kappa
tbh you shouldnt be talking in this chat unless you are a VERY skilled player, like Silver 4+ like me Kappa
its gonna be replayed most likely and flash will win the round now LUL
my school was good at bowling LUL
cancelled indo no power connection LUL
cancelled indo no power connection SoBayed
I havent bowled in 6 months, missed all of my bowling league due to a major back injury @prjime :(
Facebook already has your address anyways LUL
@soaring the New Zealand Twins Kappa
there goes 322 for flash to win map 1 Kappa
@SaintedPlaceBoy not discount sado anymore TriHard
why did i even bet on ppl who can't afford a good internet connection NotLikeThis
He was just saying that he nags alot. Kappa
Guess sados at 100% now Kappa
plz reset it isnt fair BabyRage
@RealCS2000 just made it more clear LUL
but botconnect is better i think SeemsGood
cheat on flash causing lags on boot LUL
ill take that bet Bickyman and raise you 1 Z-job. Kappa
deeelayed matches MUSTE BE ESL LUL
boot having connection issues mau bugattiz :(
This would not happen if it was streamed on Facebook Kappa
2018 Immortals > TyLoo > Flash > BOOT > CLG RED > SK LUL
When they wanted to change teams? I remember that LUL
I heard that iBP and Sado were going to form their own CS team Kappa
chinese cs better than chinese doto LUL
I heard richard lewis was coaching as well Kappa
winner will got a slot in IEM but play on high ping LUL
this is just my dad talking actualy :D
Still think 139 is to much LUL
If you live in Australia VoteYea
fly me in to australia and ill go PogChamp
Meanwhile im playing because of my skins LUL
Yeah guys 139 to watch ESL delay matches on LAN LUL
c9 big name of cs LUL
boot gotten ddos and gonna lose map 1 LUL
atpBelligerent atpSuspect atpCarl vashBB atpSolid Sadokist hates 4/5 people Kappa
@marcomusiclivestream Drop the music ! :D
i need another $100 and ive already bought flights and tickets Kappa
Boot is just Booting up... Kappa
I can be an Esports career PogChamp
Talk more about IEM tickets and how they are worth it Kappa
chinese server is daed volvo please block chinese server LUL
Any Salman Khan Fan here ResidentSleeper
Spam These Racist To Help Sadokist TriHard
what kinda messedd up person likes salman khan DansGame
@mf16twitch now you're on the right track Kappa
im only watching the match though here Kappa
2 rounds in a row without a 15 minute pause PogChamp
@kndY55 Yeah it happens in football as well when they play online servers Kappa
I just got here, who is fishy? PogChamp
you answered your own question @shemloh LUL
lag 3-1> pause > eco > 3-3 > 4-7 LUL
Dude he just hits every single headshot and aims at the head always. LUL
@Jumboairpuddle Yeah how did you know? Kappa
bootds cheat never banned can't even beat tier 1 team Kappa
not looking other side only enemy side LUL
i was wrong again damn it LUL
attacker dead = flash lose round LUL
bootds hack but flash not hack Kappa
@banzaisamurai it is not a major neither a final FailFish
nice try 7k viewers major final LUL
'The caliber of these players are really good ' #RIPSilverCaster 4Head
@space_orphan_ you have no idea LUL
@banzaisamurai READ THE TOP RIGHT CORNER IDIOOOOT FailFish
p250 from a to b short EleGiggle
'The caliber of these players are really good ' #RIPSilverCaster 4Head
@Am2InchesLong Yeah welcome to SEA 4Head
Flash known for match fixing 4Head
goodbye arcanas bye under bettors LUL
Flash known for match fixing idiots 4Head
lmao lost to ump with awp on long range LUL
2 AWPs? relax! i got a ump Kappa
Flash bet under Told u ching chings only good at match fixing not their skill 4Head
Ez Katka FLUSHAAAA Flushaaaaaa EZ HACKA Kappa
kids losing bets saying VAC LUL
tommy ded = lose round Kappa
EZ Ez Katka Flusha Style LUL
cant even win with cheats LUL
Chinese players are making 2015 Flusha proud. BibleThump
The mono sound ads are back WutFace
@seeker3g where talking about flash SoBayed
children that are losing bets claiming VAC EleGiggle
West African CS scene when? KappaRoss
@Theemooooo well maybe u're silver but not idiot :(
s1mple transfer Nao Tem Como check hltv KappaPride
"Watching sum VODS" EZ e.Z Katka LUL
Summit? You mean that spot on Train Kappa
Flash team sticker so pretty good Kappa
@avendoreldera @the_notorious_hawk the caster reaction must be hilarious tho Kappa
gonna watch it now @avendoreldera will be gold LUL
spray and pray no aim noobs LUL
cheer100 cheer100 I Stream CSGO Too <3
@bubble_gum_laser_beam I dont like ESEA, it's harder to cheat there :(
Sado is hiding to get enought power to go 100% TriHard
@avendoreldera rws is bad for cs :)
number 1 producer of idiots LUL
@avendoreldera dude it is hilarious LUL
@avendoreldera even the casters are having fun seeing vac ban LUL
@avendoreldera they are even laugh at it LUL
@avendoreldera would be hilarious if seeing people vac ban live on major LUL
nah this literally is a gold nova 3 match LUL
@little_kebby is thst a copypasta I see? Kappa
lmao csgo community is AIDS <3
THIS IS NOT A DEPRESSION BibleThump
SPAM SOME CASH TO HELP OUT FLASH TwitchRPG
why is GG banned in chat?? LUL
Flash Gaming got the Boot :D
BOOTS 5 PING VS FLASH 80 PING PogChamp
the_dalai_drama: Flash need a reBOOT LUL
