Kayne west siad it was a choice LUL
only 2k viewers dead game LUL
where is the other caster? TriHard
@CRU__z oh you're from b4nny's chat 7 TriHard
remember when people wanted Kanye as President? now I want him too LUL
Hey Chat When my lovely Poland Boy gonna play today ? MingLee
when dust 1 back in pool? Kappa
Dust_2 - Mirage - Overpass, what is this? faceit LUL
never forget choke vs na'vi 15-7 to 15-19 OMEGALUL G2 on MIRAGE LUL
sorry i don't know what anchor means OpieOP
more people watching second stream, g2 dead team confirmed LUL
damn lekro 18 kills in 1 round Kappa
GOOD THING SADOKIST ISNT BETTING LUL
MY JOKES ARE FUNNY ME TALKING NOW HotPokket
24K VIEWERS MAJOR FINAL DEAD GAME LUL
not giving mid control against a force what tier of cs is this? Kappa
@malynho nah, my twitch stuck in an ad LUL
@Ser_Kronk that explains a lot get happy please :P LUL
flusha hacks on see you on overwatch Kappa
@dongeey i think its your internal problems tbh LUL
she sounds fine to me LUL
ORDER 17 - 18 C9 PogChamp
1G POLICE NOT A 1G BabyRage
when people are stupid and don't know 1G is only dying to your own Molotov LUL
JW really loves getting balls/nades in his face LUL
B STREAM HAS MORE VIEWERS DEAD STREAM LUL
im silver and ill say this is VAC im silver and ill say this is VAC im silver and ill say this is VAC SoBayed
im silver and ill say this is VAC im silver and ill say this is VAC im silver and ill say this is VAC SoBayed
you think my au internet can handle that LUL
im silver and ill say this is VAC im silver and ill say this is VAC im silver and ill say this is VAC SoBayed
I LUV GOLDEN HE IS DA BEST VoHiYo
im silver and ill say this is VAC im silver and ill say this is VAC im silver and ill say this is VAC SoBayed
do LAN on a prisoners island, wonder why 10k viewers LUL
si that means they are behind the wall, but wait I GOT TRICKED??? NotLikeThis
Stop talking about the other stream WutFace
Not running commando pro noobs LUL
G2 ăn chặt bảo mà LUL
fnatic used to be good at this game BibleThump
golden is my daddy help me my daddy win BibleThump
i love my daddy dont let him die BibleThump
RUSH WITH THE 40 BOMB, MEANWHILE FNS WITH 17 KILLS LUL
spend 500 dollars and win eco round LUL
daddy!! my daddy!! my mommy! VoHiYo
KENNYS = OVERRATED SHIT AWPER SoBayed
GOLDEN MY DADDY FLUSHA MY MOMMY VoHiYo
ska couldn’t get 20 kills in 40 rounds LUL
C9 win inferno decider 22:19, where have I seen this before? 4Head
fnatic is a meme now, damn joke round LUL
THE WORLD IS WATCHING 30K VIEWERS LUL
DONT TY{E "XD" ITS SO ANNOYING FailFish
DIGGITY AND NANA WAITING ROOM ResidentSleeper
GUYS I'M SERIOUS 1 MORE "XD" AND I AM OUT SwiftRage
ALMOST LOSING TO ORDER ALMOST LOSING TO ORDER ALMOST LOSING TO ORDER LUL
2 GUYS I'M SERIOUS 1 MORE "XD" AND I AM OUT SwiftRage
c9 almost lost to tier 41 team LUL
GUYS I'M SERIOUS 1 MORE "XD" AND I AM OUT SwiftRage
35 k viewers major final LUL
@Buglezz99 its not even a major LUL
JW VAC BANNED CHECK HLTV PogChamp
i heard so many times cs dead LUL
Major Final 36k viewers CS dead game Major Final 36k viewers CS dead game LUL
when we return in 12 seconds LUL
LESS GO G2 LESS GO G2 CurseLit
why do so many casual kids watch cs now ???? DansGame
FINALLY, A CHAT WITH NO SPAM Kappa
GUYS GOLDEN IS MY DADDy flusha my mommy!!! if fnatic lose i dont get 2 eat help me BibleThump
GUYS GOLDEN IS MY DADDy flusha my mommy!!! if fnatic lose i dont get 2 eat help me!! BibleThump
hey casual kids go back to fortnite HeyGuys
c9 almost lose to tier 2 AU team LUL
GUYS GOLDEN IS MY DADDy flusha my mommy!!! if fnatic lose i dont get 2 eat help me BibleThump
SO WHEN ARE THE FORTNITE MAJORS 4Head
U S T I L L O FUNgineer
GUYS GOLDEN IS MY DADDy flusha my mommy!!! if fnatic lose i dont get 2 eat help me!!! BibleThump
Fortnite is the epitome of competitive shooters :)
GUYS GOLDEN IS MY DADDy flusha my mommy!!! if fnatic lose i dont get 2 eat help me BibleThump
are these aus teams even tier 2??? LUL
Fortnite RNG Aim = Real skill LUL
say if you love fortnite KappaPride
i could lift trophies too if i was allowed to aimlock LUL
Friberg as Pro in 2018 hes washed up LUL
GUYS GOLDEN IS MY DADDy flusha my mommy!!! if fnatic lose i dont get 2 eat help me BibleThump
RiceGum sudden retirement from esports LUL
@JuanMata some weird indian kid ANELE
GUYS GOLDEN IS MY DADDy flusha my mommy!!! if fnatic lose i dont get 2 eat help me BibleThump
GUYS GOLDEN IS MY DADDy flusha my mommy!!! if fnatic lose i dont get 2 eat help me!!! BibleThump
@juanmata is Indian traders now ??? LUL
@ChaqKrith so hunry tummy rumbling!!! BibleThump
@OfficialFriberg u awp connector on train yet? 4Head
@OfficialFriberg can you feel the love? :D
@OfficialFriberg UII you in here <3
im silver and ill say this is VAC im silver and ill say this is VAC im silver and ill say this is VAC SoBayed
Engine from 2005 Must be CSGO LUL
GOLDEN AND GALIL ICONIC DUO LUL
U T P L A Y E D LUL
GUYS GOLDEN IS MY DADDy flusha my mommy!!! if fnatic lose i dont get 2 eat help me BibleThump
fnatic will win overpass to MARK MY WORDS :)
@ChrispyFries u mean forsen subs? OpieOP
GUYS GOLDEN IS MY DADDy flusha my mommy!!! if fnatic lose i dont get 2 eat help me BibleThump
Kenny go back to 2015 LUL
gg finally they feed me VoHiYo
GOLDEN WHAT R U LOOKING AT LUL
F R T N I T E LUL
WHY DOESNT MIXWELL CHECK THAT CORNER LUL
CSGO = cahlaLove FARTNITE = BabyRage
Flusha actually lifting his mouse PogChamp
stay in your chair nerd LUL
ENGINE FROM 2005 UNEVEN FRAMETIMES MUST BE CSGO LUL
G2 is So bad They where never close to a Superteam G2 is a Tier 2 LUL
Imagine buying DDR4 in 2018 LUL
RAM IS EXPENSIVE AS SHIT ANYWAYS EleGiggle
@Sdac2 thats what u say when u have ddr3 in 2k18 LUL
But ZEUS is running on CELERON LUL
@dawid31093 You in 2k18 in 2k18 LUL
only real WEEB can build this perfect pyramid . Try like me !Try like me ! Try like me !! And my pyramid still higher!!!!!! VoHiYo
R E D B U L L LUL
Fallen? as in SK? as in 16th place? LUL
Not being able to afford DDR4 Being poor Must be EU LUL
Having 4 cores in 2018 LUL
G2 OVERPASS WIN % = 52.2% FNATIC OVERPASS WIN % = 55.9% WE KNOW THE RESULT BOIS!!! BUT STILL PRAY FOR G2!!! :(
@whitemaltesers not now my dude not now LUL
search for the golden kappa Kappa
@xXDixonCiderzXx Playing with a regular PC instead of a quantum computer in 2018 LUL
Having less than 16 gb of ram LUL
@apathet1c_cs try reachign that level first noob ;)
MY BELLY IS BIG MY BRAIN HAS DELAY YOU GUESS IT RIGHT IM FROM NA LUL
both of them are on commercials ResidentSleeper
or we can 1 vs 1 straight and watch me pawn ur ass ;)
@benniejets good that your part of it :D
ReconSubZero haHAA yourself, you're literally 10 years old LUL
thinking ganing big army is smth to be proud of and brag about, when it bankrupts your government this chat LUL
@GluttonyFang You must be from EU since you're soo offended LUL
when is SK playing guys? :)
ReconSubZero you must be american, you're pretty stupid LUL
@GluttonyFang SO why are you mad? LUL
@GluttonyFang Still smarter than you LUL
>be from NA be fat LUL
man twitch chat is savage ''yOuR lIkE 12'' ''NO yoUR 12'' ''buT YoU EU LUL'' ''aT lEaSt nOT Na LUL
when will come coldzera play? Kappa
bush is where you buy food LUL
My teeth are yellow I smell like poo yep you guessed it I’m from EU LUL
They are laughing at Team Liquid LUL
EU we speak more than just ENGLISH :)
Guardian always thinking about food LUL
F A M I L Y S H O W LUL
guardian always thinking about sweets OpieOP
RNG have been in NA too long LUL
PIIIIIIII PENALTI PARA EL MADRID FBtouchdown
OverwzTV I'm sure they'll hurry up the entire event for you :)
JW VAC BANNED CHECK HLTV PogChamp
10 - 4 17 - 12 JW MONSTA LUL
cs tournament with 30k viewers LUL
B I G D I C K S T A C Y Kreygasm
OverwzTV see here we go, they started just for you, way to go buddy :)
MY COUNTRY IS TINY MY ARMY IS TOO YOU GUESSED IT I LIVE IN EU LUL
WTF i just got here what is going on brown eyes LUL
FNATIC APEX NBK G2 FLUSHA LUL
This caster has noo idea about the game :(
PANSY PANSY PANSY PANSY PANSY PANSY PANSY PANSY PANSY PANSY PANSY PANSY PANSY PANSY PANSY PANSY PANSY PANSY PANSY PANSY PANSY PANSY PANSY PANSY PANSY <3
poor fnatic, o wait thats G2 LUL
@PentagonSenpai im sure you would cast it better LUL
FAZE IS LOSING TO GRAYHOUND LUL
@Insomniuhh Mods doing work Clap PogChamp
T H I C C D E A G LUL
haha haAh hA EU _____ im so craeative hah look at me LUL
pansy and moses are a good casting duo :)
Why is everyone talking about the casters and not the game LUL
G2 only win on D2 BabyRage
So first you jump the caster, and then you jump the mods that justifiably bans idiots...? FailFish
leave mods alone just watch the game BabyRage
PANSY MAKES TOO MUCH UNNECESSARY NOISE NotLikeThis
People getting triggered by chat LUL
@csalin How about you grow thicker skin and not worry about what losers are saying LUL
Go G2 Esports, Game3 +2.5 HANDICAP <3
@agzbagz top3 in hltv trash OMEGALUL LUL
Golden 120 cm I can see why he chose esports :)
so glad i decided to work from home today LUL
G L D E N LUL
give us more energy senor flusha BabyRage
@unfunsLife is that the upgraded version of g2? b2? Kappa
KENNY IS BACK TIME TI STACK LUL
PAM THIS STATIC TO HELP FNATIC MorphinTime
forsenKek forsenS forsenY forsenL forsenThink TheIlluminati
SPAM THIS COKE TO MAKE G2 CHOKE DrinkPurple
SPAM THIS ICECREAM FOR HELP G2 SeriousSloth
SPAM THIS ICECREAM FOR HELP G2 / SeriousSloth
SPAM THIS ICECREAM FOR HELP G2 SeriousSloth
SPAM THIS ICECREAM FOR HELP G2 SeriousSloth
rush b with awp vs pistols! 4Head
SPAM THIS ICECREAM FOR HELP G2 . SeriousSloth
SPAM THIS ICECREAM FOR HELP G2 SeriousSloth
SPAM THIS COKE TO MAKE G2 CHOKE DrinkPurple
SPAM THIS ICECREAM FOR HELP G2 . SeriousSloth
Start Loosing ?? Buy CZ ez win LUL
SPAM THIS ICECREAM FOR HELP G2 . SeriousSloth
the cz ios broken but that isnt why they lost the round LUL
SPAM THIS ICECREAM FOR HELP G2 SeriousSloth
SPAM THIS ICECREAM FOR HELP G2 SeriousSloth
SPAM THIS ICECREAM FOR HELP G2 SeriousSloth
SPAM THIS ICECREAM FOR HELP G2 . SeriousSloth
Calling to rush B against eco was terrible tho NotLikeThis
SPAM THIS ICECREAM FOR HELP G2 . SeriousSloth
SPAM THIS ICECREAM FOR HELP G2 . SeriousSloth
JUST GET A HOUSE LOOOOOOOOOOL 4Head
SPAM THIS ICECREAM FOR HELP G2 . SeriousSloth
SPAM THIS ICECREAM FOR HELP G2 SeriousSloth
SPAM THIS ICECREAM FOR HELP G2 . SeriousSloth
SPAM SeriousSlothTHIS ICECREAM FOR HELP G2 . SeriousSloth
SPAM THIS ICECREAM FOR HELP G2 . SeriousSloth
SPAM THIS ICECREAM FOR HELP G2 . SeriousSloth
Spam unfunsLifeIsTheBest to help ur fav team win PogChamp
SPAM THIS ICECREAM FOR HELP G2 ............. SeriousSloth
SPAM THIS ICECREAM FOR HELP G2 . SeriousSloth
SPAM THIS ICECREAM FOR HELP G2 SeriousSloth
SPAM THIS ICECREAM FOR HELP G2 . SeriousSloth
Spam unfunsLifeIsTheBest to help ur fav team win PogChamp
Loki Die, Heimdall Die,gomura die, dr strange die, spiderman die, falcon die, vision die 2 times black phanter die,nick fury die and gotg people die LUL
Spam unfunsLifeIsTheBest to help ur fav team win PogChamp
Who is this forsen guy anyway LUL
SPAM THIS ICECREAM FOR HELP G2 SeriousSloth
SPAM THIS ICECREAM FOR HELP G2 .1:59allugod9: SPAM THIS ICECREAM FOR HELP G2 . SeriousSloth
SPAM THIS ICECREAM FOR HELP G2 .... SeriousSloth
SPAM SeriousSlothTHIS ICECREAM FOR HELP G2 . SeriousSloth
SPAM THIS ICECREAM FOR HELP G2 . SeriousSloth
SPAM THIS ICECREAM FOR HELP G2 SeriousSloth
SPAM THIS ICECREAM FOR HELP G2 . SeriousSloth
SPAM THIS ICECREAM FOR HELP G2 SeriousSloth
SPAM SeriousSlothTHIS ICECREAM FOR HELP G2 . SeriousSloth
SPAM THIS ICECREAM FOR HELP G2 . SeriousSloth
SPAM THIS ICECREAM FOR HELP G2 SPAM THIS ICECREAM FOR HELP G2 SeriousSloth
SPAM THIS COKE TO MAKE G2 CHOKE DrinkPurple
SPAM THIS COKE TO MAKE G2 CHOKE DrinkPurple
3/12 BODYY , SHOX WAS THE PROBLEM LUL
SPAM THIS ICECREAM FOR HELP G2 . SeriousSloth
French and swedish cs omega LUL
SPAM THIS ICECREAM FOR HELP G2 SeriousSloth
SPAM THIS ICECREAM FOR HELP G2 SeriousSloth
SPAM THIS ICECREAM FOR HELP G2 . SeriousSloth
SPAM THIS ICECREAM FOR HELP G2 . SeriousSloth
SPAM THIS ICECREAM FOR HELP G2 . SeriousSloth
SPAM THIS ICECREAM FOR HELP G2 .... SeriousSloth
HE REALLY THINK WHAT 4VS2 A CLEAR NBK LUL
pheno_menon1 pretty sure it is causing more cancer then curing it LUL
@bighankjenkins Not a major Not even main stage LUL
Roaring1 see what i mean, i can allready feel it LUL
2K17 IN 2K18 narwPog narwPog narwPog LUL
WHEN ARE WE PLAYING CAYSHE???? Kreygasm
yo why is it dark at 19 LUL
SPAM THIS ICECREAM FOR HELP G2 . SeriousSloth
SPAM THIS ICECREAM FOR HELP G2 SeriousSloth
SPAM THIS ICECREAM FOR HELP G2 . SeriousSloth
Yeah what a major this is Kappa
SPAM THIS ICECREAM FOR HELP G2 SeriousSloth
I already feel sad about this event being over in a few days and the chat going BibleThump
ESL One Cologne 2018 on Facebook PogChamp
SPAM THIS ICECREAM FOR HELP G2 . SeriousSloth
SPAM THIS ICECREAM FOR HELP G2 SeriousSloth
<--- I legit LOVE this emote, but because of normie people I rarely (if not at all) get to use this emote. It's depressing having something you love, being taken away from you by a despicable small group. TehePelo
@o7Kazu sus ırıspı cıcığı seni :D
U S T I L O FUNgineer
random fortnite stream has more viewers than CS MAJOR LUL
👉 🚪 NORMIES OUT 👉 🚪 NORMIES OUT 👉 🚪 NORMIES OUT 👉 🚪 NORMIES OUT 👉 🚪 NORMIES OUT 👉 🚪 NORMIES OUT 👉 🚪 NORMIES OUT PunOko
SPAM THIS ICECREAM FOR HELP NAF SeriousSloth
@join420 is Overwatch still alive? LUL
LETS GO G2 U CAN WIN THIS <3
wait someone hit the desk LUL
@fanaticoinfor99 I know right, this is a major final too Kappa
Entry player 28 kills...Body 3 kills LUL
HON HON HON HON HON LUL
found song: Tree of life - BeatCheat PogChamp
found song in halftime: Tree of life - BeatCheat . PogChamp
found song in halftime: Tree of life - BeatCheat , PogChamp
@radycalhawjack doodStare Im watchin you BOY GOWKratos
PIIIIIIII PENALTI PARA EL MADRID FBtouchdown
We are a superteam but we play like poo our kill count is always few you guessed it right we are G2 4Head
Penalty Penalty, Flag On the Play Flusha Aimbot and NBK sucks FBtouchdown
Penalty Penalty, Flag On the Play Flusha Aimbot and NBK sucks FBtouchdown
Penalty Penalty, Flag On the Play Flusha Aimbot and NBK sucks FBtouchdown
: We are a superteam but we play like poo our kill count is always few you guessed it right we are G2 4Head
Penalty Penalty, Flag On the Play Flusha Aimbot and NBK sucks FBtouchdown
had to get in a sneak diss on SK LUL
HELLO GRAYHOUND 📞 SK HERE 📞 WE'RE WAITING AT THE AIRPORT 📞 SEE YOU SOON 📞 4Head
SK is missing something...oh yeah a U and a C Kappa
Penalty Penalty, Flag On the Play Flusha? I Barely Know Her Golden? More like silver FBtouchdown
Penalty Penalty, Flag On the Play Flusha? I Barely Know Her Golden? More like Silver FBtouchdown
📞 HELLO FAZE 📞 SK HERE 📞 WE'RE WAITING AT THE AIRPORT 📞 SEE YOU SOON 📞 4Head
Hello G2 Clown9 here We miss the flight with SK yesterday Where you guys at? 4Head
Penalty Penalty, Flag On the Play Flusha? I Barely Know Her Golden? More like Silver FBtouchdown
jw vac banned check hltv Kappa
Stop bullying, he is trying BibleThump
Hello G2 Clown9 here We miss the flight with SK yesterday Where you guys at? 4Head
📞 HELLO G2📞 SK HERE 📞 WE'RE WAITING AT THE AIRPORT 📞 SEE YOU SOON 📞 4Head
4-17 and they re fighting for him LMAO LUL
📞 HELLO G2📞 SK HERE 📞 WE'RE WAITING AT THE AIRPORT 📞 SEE YOU SOON 📞 4Head
Entry fragger 22 kills...Body 4 kills LUL
📞 HELLO G2 📞 SK HERE 📞 WE'RE WAITING AT THE AIRPORT 📞 SEE YOU SOON 📞 4Head
📞 HELLO FNATIC 📞 SK HERE 📞 WE'RE WAITING AT THE AIRPORT 📞 SEE YOU SOON 📞 4Head
📞 HELLO G2📞 SK HERE 📞 WE'RE WAITING AT THE AIRPORT 📞 SEE YOU SOON 📞 4Head
Hello G2 Clown9 here We miss the flight with SK yesterday Where you guys at? 4Head
Penalty Penalty, Flag On the Play Flusha? I Barely Know Her Golden? More like Silver FBtouchdown
📞 HELLO FAZE 📞 SK HERE 📞 WE'RE WAITING AT THE AIRPORT 📞 SEE YOU SOON 📞 4Head
any forsen( ) subs ? TriHard
📞 HELLO FNATIC 📞 SK HERE 📞 WE'RE WAITING AT THE AIRPORT 📞 SEE YOU SOON 📞 4Head
Whats the Best Butter Knife for home defense? Im in the UK :)
*Whistle Blows* Penalty Penalty, Flag On the Play Flusha? I Barely Know Her Golden? More like Silver FBtouchdown
Hello G2 Clown9 here We miss the flight with SK yesterday Where you guys at? 4Head
📞 SK 📞 G2 📞 WE'RE WAITING AT THE AIRPORT 📞 SEE YOU SOON 📞 4Head
📞 HELLO FAZE 📞 SK HERE 📞 WE'RE WAITING AT THE AIRPORT 📞 SEE YOU SOON 📞 4Head
📞 HELLO NBK 📞 G2 MANAGEMENT HERE 📞 YOU'RE FIRED 📞 SEEYA IDIOT 📞 4Head
SPAM THIS COKE TO MAKE G2 CHOKE DrinkPurple
📞 SK 📞 G2 HERE 📞 WE'LL SEE YOU AT THE AIRPORT 📞 📞 4Head
📞 HELLO FNATIC 📞 SK HERE 📞 WE'RE WAITING AT THE AIRPORT 📞 SEE YOU SOON 📞 4Head
SPAM THIS ICECREAM FOR HELP G2 SeriousSloth
SPAM THIS ICECREAM FOR HELP G2 . SeriousSloth
Wind Out of Their Sails Themselves FBtouchdown
SPAM THIS ICECREAM FOR HELP G2 . SeriousSloth
📞 HELLO FNATIC 📞 SK HERE 📞 WE'RE WAITING AT THE AIRPORT 📞 SEE YOU SOON 📞 4Head
📞 HELLO FNATIC 📞 SK HERE 📞 WE'RE WAITING AT THE AIRPORT 📞 SEE YOU SOON 📞 4Head
SPAM THIS ICECREAM FOR HELP G2 SeriousSloth
📞 SK 📞 G2 HERE 📞 WE'LL SEE YOU AT THE AIRPORT 📞 📞 4Head
Wind Out of Their Sails Themselves Wind Out of Their Sails Themselves FBtouchdown
SPAM THIS ICECREAM FOR HELP G2 . SeriousSloth
📞 HELLO FNATIC 📞 SK HERE 📞 WE'RE WAITING AT THE AIRPORT 📞 SEE YOU SOON 📞 4Head
SPAM THIS ICECREAM FOR HELP G2 . SeriousSloth
📞 HELLO FNATIC 📞 SK HERE 📞 WE'RE WAITING AT THE AIRPORT 📞 SEE YOU SOON 📞 4Head
SPAM THIS ICECREAM FOR HELP G2 . SeriousSloth
SPAM THIS ICECREAM FOR HELP G2 SeriousSloth
📞 HELLO 📞 UR MOM HERE 📞 WE'RE WAITING AT THE AIRPORT 📞 SEE YOU SOON 📞 4Head
: SEELeon_Inxs: SPAM THIS ICECREAM FOR HELP G2 . SeriousSloth
ANY s in HERE? 7 TriHard
SPAM THIS ICECREAM FOR HELP G2 ..s SeriousSloth
SPAM THIS ICECREAM FOR HELP G2 poggers SeriousSloth
Wind Out of Their Sails Themselves Wind Out of Their Sails Themselves FBtouchdown
i dont like this caster HotPokket
Pansy Hitting on Lekro Pansy Hitting on Lekro FBtouchdown
SPAM THIS ICECREAM FOR HELP G2 . SeriousSloth
Pansy Hitting on Lekro Pansy Hitting on Lekro FBtouchdown
SPAM THIS ICECREAM FOR HELP G2 SeriousSloth
SPAM THIS ICECREAM FOR HELP G2 SeriousSloth
Infinity War is still going on because it's a war for infinity Infinity War is still going on because it's a war for infinity FBtouchdown
📞 HELLO FNATIC 📞 SK HERE 📞 WE'RE WAITING AT THE AIRPORT 📞 SEE YOU SOON 📞 4Head
📞 HELLO FAZE 📞 SK HERE 📞 WE'RE WAITING AT THE AIRPORT 📞 SEE YOU SOON 📞 4Head
📞 HELLO FAZE 📞 SK HERE 📞 WE'RE WAITING AT THE AIRPORT 📞 SEE YOU SOON 📞 4Head
fnatic only has 4 players LUL
SPAM THIS WISDOM CAT FOR A SPOT IN THE ARENA FOR G2 . DxCat
not changing up the angle LUL
G L D E N LUL
FORGOT WHERE HE PLANTED NOOB LUL
G L D E N 4Head
SPAM THIS WISDOM CAT FOR A SPOT IN THE ARENA FOR G2 . DxCat
DIDNT KNOW WHERE HE PLANTED THAT BOMB LUL
SPAM THIS COKE TO MAKE G2 CHOKE DrinkPurple
FRANCE ? MORE LIKE THE MIDDLE EAST LUL
LET'S GO F N A T I C GOWKratos
SPAM THIS ICECREAM FOR HELP G2 . SeriousSloth
SPAM THIS ICECREAM FOR HELP G2 SeriousSloth
SPAM THIS COKE TO MAKE FNATIC CHOKE DrinkPurple
LESS GO G2 LESS GO G2 CurseLit
📞 HELLO FNATIC 📞 SK HERE 📞 WE'RE WAITING AT THE AIRPORT 📞 SEE YOU SOON 📞 4Head
SPAM THIS COKE TO MAKE FNATIC CHOKE DrinkPurple
📞 HELLO FNATIC 📞 SK HERE 📞 WE'RE WAITING AT THE AIRPORT 📞 SEE YOU SOON 📞 4Head
SPAM THIS WISDOM CAT FOR A SPOT IN THE ARENA FOR G2 . DxCat
Don't talk in my chat unless you're high rated (Gold Nova III) FailFish
SPAM THIS WISDOM CAT FOR A SPOT IN THE ARENA FOR G2 . .. DxCat
📞 HELLO SK? 📞 FAZE CLAN HERE 📞 CAN WE HAVE THE WINDOW SEATS? 📞 4Head
FRANCE ? MORE LIKE THE MIDDLE EAST LUL
DOG RAID DOG RAID DOG RAID OhMyDog
VAC VAC VAC VAC VAC LUL
They are gonna hate our internet LUL
LET'S GO F N A T I C GOWKratos
📞 HELLO FAZE 📞 SK HERE 📞 WE'RE WAITING AT THE AIRPORT 📞 SEE YOU SOON 📞 4Head
LET'S GO F N A T I C LET'S GO F N A T I C GOWKratosLET'S GO F N A T I C GOWKratosLET'S GO F N A T I C GOWKratos
SPAM THIS WISDOM CAT FOR A SPOT IN THE ARENA FOR G2 . DxCat
LET'S GO F N A T I C LET'S GO F N A T I C LET'S GO F N A T I C LET'S GO F N A T I C GOWKratos
📞 HELLO FAZE 📞 SK HERE 📞 WE'RE WAITING AT THE AIRPORT 📞 SEE YOU SOON 📞 4Head
📞 HELLO FAZE 📞 SK HERE 📞 WE'RE WAITING AT THE AIRPORT 📞 SEE YOU SOON 📞 4Head
LET'S GO F N A T I C GOWKratos
HELLO FAZE 📞 SK HERE 📞 WE'RE WAITING AT THE AIRPORT 📞 SEE YOU SOON 📞 4Head
FaZe Gaming ? more like Trash Gaming haHAA LUL
HELLO FAZE 📞 SK HERE 📞 WE'RE WAITING AT THE AIRPORT 📞 SEE YOU SOON 📞 . 4Head
K E N N Y S FUNgineer
📞 HELLO FAZE 📞 SK HERE 📞 WE'RE WAITING AT THE AIRPORT 📞 SEE YOU SOON 📞 4Head
📞 HELLO FNATIC 📞 SK HERE 📞 WE'RE WAITING AT THE AIRPORT 📞 SEE YOU SOON 📞 4Head
SPAM THIS COKE TO MAKE G2 CHOKE DrinkPurple
HELLO FAZE 📞 SK HERE 📞 WE'RE WAITING AT THE AIRPORT 📞 SEE YOU SOON 📞 4Head
📞 HELLO SK? 📞 FAZE CLAN HERE 📞 CAN WE HAVE THE WINDOW SEATS? 📞 4Head
Nolifer kids making fun of the physical condition of pros who make a living playing videogames LUL
Are those silver player's on the wall left? LUL
📞 HELLO FNATIC 📞 SK HERE 📞 WE'RE WAITING AT THE AIRPORT 📞 SEE YOU SOON 📞 4Head
K E N N Y S FUNgineer
📞 HELLO FAZE 📞 SK HERE 📞 WE'RE WAITING AT THE AIRPORT 📞 SEE YOU SOON 📞 4Head
📞 HELLO FAZE 📞 SK HERE 📞 WE'RE WAITING AT THE AIRPORT 📞 SEE YOU SOON 📞 4Head
📞 HELLO FAZE 📞 SK HERE 📞 WE'RE WAITING AT THE AIRPORT 📞 SEE YOU SOON 📞 4Head
KISS ME AND THEN JUST TOUCH ME SO I CAN GET MY GRATISVACTION Kreygasm
There is a tendency among those who hate Pansy to type with poor grammar LUL
📞 HELLO FAZE 📞 SK HERE 📞 WE'RE WAITING AT THE AIRPORT 📞 SEE YOU SOON 📞 4Head
📞 HELLO FAZE 📞 SK HERE 📞 WE'RE WAITING AT THE AIRPORT 📞 SEE YOU SOON 📞 4Head
📞 HELLO FAZE 📞 SK HERE 📞 WE'RE WAITING AT THE AIRPORT 📞 SEE YOU SOON 📞 .. 4Head
📞 HELLO FAZE 📞 SK HERE 📞 WE'RE WAITING AT THE AIRPORT 📞 SEE YOU SOON 📞 4Head
bodyy with the 3k fistbump LUL
karrigan should leave i'm better than him :D
📞 HELLO FAZE 📞 SK HERE 📞 WE'RE WAITING AT THE AIRPORT 📞 SEE YOU SOON 📞 4Head
📞 HELLO FAZE 📞 SK HERE 📞 WE'RE WAITING AT THE AIRPORT 📞 SEE YOU SOON 📞 4Head
📞 HELLO FAZE 📞 SK HERE 📞 WE'RE WAITING AT THE AIRPORT 📞 SEE YOU SOON 📞 . 4Head
K E N N Y S FUNgineer
📞 HELLO FAZE 📞 SK HERE 📞 WE'RE WAITING AT THE AIRPORT 📞 SEE YOU SOON 📞 .. 4Head
K E N N Y S FUNgineer
📞 HELLO FAZE 📞 SK HERE 📞 WE'RE WAITING AT THE AIRPORT 📞 SEE YOU SOON 📞 4Head
ELLO FAZE 📞 SK HERE 📞 WE'RE WAITING AT THE AIRPORT 📞 SEE YOU SOON 📞 4Head
JW JW JW JW JW JW JW JW JW <3
📞 HELLO SK? 📞 FAZE CLAN HERE 📞 CAN WE HAVE THE WINDOW SEATS? 📞 . 4Head
📞 HELLO FAZE 📞 SK HERE 📞 WE'RE WAITING AT THE AIRPORT 📞 SEE YOU SOON 📞 !! 4Head
📞 HELLO G2 📞 SK HERE 📞 WE'RE WAITING AT THE AIRPORT 📞 SEE YOU SOON 📞 4Head. 4Head
📞 HELLO FAZE 📞 SK HERE 📞 WE'RE WAITING AT THE AIRPORT 📞 SEE YOU SOON 📞 4Head
📞 HELLO FAZE 📞 SK HERE 📞 WE'RE WAITING AT THE AIRPORT 📞 SEE YOU SOON 📞 4Head
K E N N Y S PogChamp
K E N N Y S FUNgineer
📞 HELLO FAZE 📞 SK HERE 📞 WE'RE WAITING AT THE AIRPORT 📞 SEE YOU SOON 📞 .. 4Head
📞 HELLO FAZE 📞 SK HERE 📞 WE'RE WAITING AT THE AIRPORT 📞 SEE YOU SOON 📞 4Head
📞 :telephone_receiver:BetterTTV Emojis HELLO FAZE 📞 SK HERE 📞 WE'RE WAITING AT THE AIRPORT 📞 SEE YOU SOON 📞 4Head
📞 HELLO FAZE 📞 SK HERE 📞 WE'RE WAITING AT THE AIRPORT 📞 SEE YOU SOON 📞 4Head
📞 HELLO FAZE 📞 SK HERE 📞 WE'RE WAITING AT THE AIRPORT 📞 SEE YOU SOON 📞 4Head
📞 HELLO FAZE 📞 SK HERE 📞 WE'RE WAITING AT THE AIRPORT 📞 SEE YOU SOON 📞 4Head
📞 HELLO FAZE 📞 SK HERE 📞 WE'RE WAITING AT THE AIRPORT 📞 SEE YOU SOON 📞 4Head
📞 HELLO FAZE 📞 SK HERE 📞 WE'RE WAITING AT THE AIRPORT 📞 SEE YOU SOON 📞 4Head
📞 HELLO FAZE 📞 SK HERE 📞 WE'RE WAITING AT THE AIRPORT 📞 SEE YOU SOON 📞 !!! 4Head
📞 :telephone_receiver:BetterTTV Emojis HELLO FAZE 📞 SK HERE 📞 WE'RE WAITING AT THE AIRPORT 📞 SEE YOU SOON 📞 4Head
oh theres a CSGOb STREAM PogChamp
📞 HELLO FAZE 📞 SK HERE 📞 WE'RE WAITING AT THE AIRPORT 📞 SEE YOU SOON 📞 !!! 4Head
📞 HELLO SK? 📞 FAZE CLAN HERE 📞 CAN WE HAVE THE WINDOW SEATS? 📞 . 4Head
K E N N Y S FUNgineer
SK SK SK SK SK SK SK SK LUL
APEX why aren't u laughing now LUL
📞 HELLO FAZE 📞 SK HERE 📞 WE'RE WAITING AT THE AIRPORT 📞 SEE YOU SOON 📞 4Head
1 📞 HELLO FAZE 📞 SK HERE 📞 WE'RE WAITING AT THE AIRPORT 📞 SEE YOU SOON 📞 4Head
WE GOT SHIPPED OFF TO AUS BibleThump
📞 HELLO FAZE 📞 SK HERE 📞 WE'RE WAITING AT THE AIRPORT 📞 SEE YOU SOON 📞 4Head
G2 we need to win this LUL
K E N N Y S FUNgineer
jw was going for a knife again LUL
📞 HELLO FAZE 📞 SK HERE 📞 WE'RE WAITING AT THE AIRPORT 📞 SEE YOU SOON 📞 4Head
BOOSTING ON OVERPASS AGAINST FNATIC LUL
GGGGGG, now lets watch FaZe loose LUL
FNATIC KNOWS ALL THE BOOSTS LUL
📞 HELLO FAZE 📞 SK HERE 📞 WE'RE WAITING AT THE AIRPORT 📞 SEE YOU SOON 📞 4Head
📞 HELLO FAZE 📞 SK HERE 📞 WE'RE WAITING AT THE AIRPORT 📞 SEE YOU SOON 📞 .. 4Head
📞 HELLO FAZE 📞 SK HERE 📞 WE'RE WAITING AT THE AIRPORT 📞 SEE YOU SOON 📞 4Head
I TOLD YOU FNATIC WILL WIN :)
PUSH ME AND THEN JUST TOUCH ME TIL I CAN GET MY GRATISFACTION Kreygasm
📞 HELLO FAZE 📞 SK HERE 📞 WE'RE WAITING AT THE AIRPORT 📞 SEE YOU SOON 📞 4Head
📞 HELLO FAZE 📞 SK HERE 📞 WE ARE WAITING AT THE AIRPORT 📞 SEE YOU SOON 📞 4Head
📞 HELLO FAZE 📞 SK HERE 📞 WE'RE WAITING AT THE AIRPORT 📞 SEE YOU SOON 📞 4Head
📞 HELLO FAZE 📞 SK HERE 📞 WE'RE WAITING AT THE AIRPORT 📞 SEE YOU SOON 📞 4Head
📞 HELLO SK? 📞 FAZE CLAN HERE 📞 CAN WE HAVE THE WINDOW SEATS? 📞 . 4Head
1 📞 HELLO FAZE 📞 SK HERE 📞 WE'RE WAITING AT THE AIRPORT 📞 SEE YOU SOON 📞 4Head
📞 HELLO G2 📞 SK HERE 📞 WE'RE WAITING AT THE AIRPORT 📞 SEE YOU SOON 📞 4Head
shox is better than mixwell, BRING BACK GivePLZ
📞 HELLO SK? 📞 FAZE CLAN HERE 📞 CAN WE HAVE THE WINDOW SEATS? 📞 . 4Head
K E N N Y S FUNgineer
G2 will loose to NRG LUL
📞 HELLO SK? 📞 FAZE CLAN HERE 📞 CAN WE HAVE THE WINDOW SEATS? 📞 . 4Head
📞 HELLO G2 📞 SK HERE 📞 WE'RE WAITING AT THE AIRPORT 📞 SEE YOU SOON 📞 4Head
📞 HELLO G2 📞 SK HERE 📞 WE ARE WAITING AT THE AIRPORT 📞 SEE YOU SOON 📞 4Head
POGGERS is not even an emote FailFish
The French can’t use guns LUL
📞 HELLO SK? 📞 FAZE CLAN HERE 📞 CAN WE HAVE THE WINDOW SEATS? 📞 4Head
K E N N Y S FUNgineer
📞 HELLO FAZE 📞 SK HERE 📞 WE'RE WAITING AT THE AIRPORT 📞 SEE YOU SOON 📞 4Head
📞 HELLO FAZE 📞 SK HERE 📞 WE'RE WAITING AT THE AIRPORT 📞 SEE YOU SOON 📞 4Head
This tournament is so free for Astralis LUL
📞 HELLO NAVI 📞 FAZE HERE 📞 HOW MUCH 📞 FOR S1MPLE 📞 4Head
📞 HELLO G2 📞 SK HERE 📞 WE ARE WAITING AT THE AIRPORT 📞 SEE YOU SOON 📞 4Head
faze on the way to the airport Kappa
📞 SK 📞 G2 HERE 📞 WE WANT THE WINDOW SEATS ON THE PLANE 📞 THANKS 📞 4Head
📞 SK 📞 G2 HERE 📞 WE WANT THE WINDOW SEATS ON THE PLANE 📞 THANKS 📞 4Head
📞 SK 📞 G2 HERE 📞 WE WANT THE WINDOW SEATS ON THE PLANE 📞 THANKS 📞 4Head
📞 SK 📞 G2 HERE 📞 WE WANT THE WINDOW SEATS ON THE PLANE 📞 THANKS 📞 4Head
One bracket renegades vs tyloo other is Fnatic vs Astralis LUL
Group A is a joke LUL
HELLO FAZE 📞 SK HERE 📞 WE'RE WAITING AT THE AIRPORT 📞 SEE YOU SOON 📞 . 4Head
Faze you alright big guy? LUL
29k for a Major Final LUL
📞 SK 📞 G2 HERE 📞 WE WANT THE WINDOW SEATS ON THE PLANE 📞 THANKS 📞 4Head
HELLO FAZE 📞 SK HERE 📞 WE'RE WAITING AT THE AIRPORT 📞 SEE YOU SOON 📞 4Head
HELLO FAZE 📞 SK HERE 📞 WE'RE WAITING AT THE AIRPORT 📞 SEE YOU SOON 📞 4Head
📞 SK 📞 G2 HERE 📞 WE WANT THE WINDOW SEATS ON THE PLANE 📞 THANKS 📞 4Head
📞 SK 📞 G2 HERE 📞 WE WANT THE WINDOW SEATS ON THE PLANE 📞 THANKS 📞 4Head
📞 SK 📞 G2 HERE 📞 WE WANT THE WINDOW SEATS ON THE PLANE 📞 THANKS 📞 4Head
BANTET K O N T O L LUL
BANTET K O N T O L LUL
tier-3 shooting better than tier-1 LUL
BNTET K O N T O L LUL
📞 SK 📞 G2 HERE 📞 WE WANT THE WINDOW SEATS ON THE PLANE 📞 THANKS 📞 4Head
📞 SK 📞 G2 HERE 📞 WE WANT THE WINDOW SEATS ON THE PLANE 📞 THANKS 📞 4Head
BNTET K O N T O L LUL
WTF my screen blacked out when I saw dupreeh hit his monitor WutFace
📞 SK 📞 G2 HERE 📞 WE WANT THE WINDOW SEATS ON THE PLANE 📞 THANKS 📞 4Head
📞 SK 📞 G2 HERE 📞 WE WANT THE WINDOW SEATS ON THE PLANE 📞 THANKS 📞 4Head
📞 SK 📞 G2 HERE 📞 WE WANT THE WINDOW SEATS ON THE PLANE 📞 THANKS 📞 4Head
📞 SK 📞 G2 HERE 📞 WE WANT THE WINDOW SEATS ON THE PLANE 📞 THANKS 📞 4Head
phone while driving will get you a ticket LUL
📞 SK 📞 G2 HERE 📞 WE WANT THE WINDOW SEATS ON THE PLANE 📞 THANKS 📞 4Head📞 SK 📞 G2 HERE 📞 WE WANT THE WINDOW SEATS ON THE PLANE 📞 THANKS 📞 4Head
📞 SK 📞 G2 HERE 📞 WE WANT THE WINDOW SEATS ON THE PLANE 📞 THANKS 📞 4Head
📞 SK 📞 G2 HERE 📞 WE WANT THE WINDOW SEATS ON THE PLANE 📞 THANKS 📞 4Head
📞 SK 📞 G2 HERE 📞 WE WANT THE WINDOW SEATS ON THE PLANE 📞 THANKS 📞 4Head
📞 SK 📞 G2 HERE 📞 WE WANT THE WINDOW SEATS ON THE PLANE 📞 THANKS 📞 4Head
Start your “esports “ career on ESL Play 4Head
📞 SK 📞 G2 HERE 📞 WE WANT THE WINDOW SEATS ON THE PLANE 📞 THANKS 📞 4Head
📞 SK 📞 G2 HERE 📞 WE WANT THE WINDOW SEATS ON THE PLANE 📞 THANKS 📞 4Head
Hello faze? Rain here. Time to dump the imposter. LOOOOL 4Head
📞 SK 📞 G2 HERE 📞 WE WANT THE WINDOW SEATS ON THE PLANE 📞 THANKS 📞 4Head
📞 SK 📞 G2 HERE 📞 WE WANT THE WINDOW SEATS ON THE PLANE 📞 THANKS 📞 4Head
