rez är djuuuuuuuuuuuuuuuur <3
rEZ Kreygasm
If SK looses against C9, WE WILL GO DIRECTLY TO SEMI FINALS <3
Semi och vi slipper FaZe!!!! :D
SCREAM PogChamp
YEAh <3
HEY ITALY HOW'S THAT WORLD CUP QUALIFIER GOING? EleGiggle
ONE TAP PogChamp
DENNA DatSheffyCHATT DatSheffyÄR DatSheffyNU DatSheffySVENSK DatSheffy
CY ER KAPOW
@lushungabir:Din mamma är en äcklig slampa vilket gör dig till en horunge :)
DENNA CHATT ÄR NU SVENSK DatSheffy
SPAM THIS CHIP TO HELP OUT NIP DoritosChip
DENNA CHATT ÄR NU SVENSK toastyDab1 toastyDab2 toastyDab3 toastyDab3 DatSheffy
SPAM THIS CHIP TO HELP OUT NIP DoritosChip
SPAM THIS CHIP TO HELP OUT NIP DoritosChip
SPAM THIS CHIP TO HELP OUT NIP DoritosChip
NINJOR I PYJAMASAR! LUL
NIP CHOKE BlessRNG
scream <3
SPAM THIS CHIP TO HELP OUT NIP DoritosChip
123 Kappa
looks like ScreaM toggled LUL
@BasSmeistro123 i vote for forsen EleGiggle
Aimbot on LUL
SPAM THIS CHIP TO HELP OUT NIP DoritosChip
SPAM THIS CHIP TO HELP OUT NIP q DoritosChip
SPAM THIS CHIP TO HELP OUT NIP DoritosChip
NIP CHOKE BlessRNG
COMEBACK PogChamp
SPAM THIS CHIP TO HELP NIP DoritosChip
SPAM THIS CHIP TO HELP OUT NIP DoritosChip
SPAM THIS CHIP TO HELP OUT NIP DoritosChip
SPAM THIS CHIP TO HELP OUT NIP DoritosChip
SPAM THIS CHIP TO HELP OUT NIP DoritosChip
SPAM THIS CHIP TO HELP OUT NIP DoritosChip
SPAM THIS CHIP TO HELP NIP DoritosChip
SPAM THIS CHIP TO HELP NIP DoritosChip
SPAM THIS CHIP TO HELP OUT NIP DoritosChip
SPAM THIS CHIP TO HELP OUT NIP DoritosChip
SPAM THIS CHIP TO HELP NIP DoritosChip
DENNA CHATT ÄR NU SVENSK DatSheffy
SPAM THIS CHIP TO HELP OUT NIP DoritosChip
SPAM THIS CHIP TO HELP OUT NIP DoritosChip
SPAM THIS CHIP TO HELP OUT NIP DoritosChip
god in 2017 LUL
HEY ITALY HOW'S THAT WORLD CUP QUALIFIER GOING? EleGiggle
SPAM THIS CHIP TO HELP OUT NIP DoritosChip
SPAM THIS CHIP TO HELP OUT NIP 2 DoritosChip
SPAM THIS CHIP TO HELP OUT NIP DoritosChip
wtf get_right PogChamp
SIXER ECO FRAGGER LUL
SPAM THIS CHIP TO HELP OUT NIP DoritosChip
SPAM THIS CHIP TO HELP OUT NIP DoritosChip
SPAM THIS CHIP TO HELP OUT NIP DoritosChip4 DoritosChip
SPAM THIS CHIP TO HELP OUT NIP DoritosChip
SPAM THIS CHIP TO HELP OUT NIP DoritosChip
SPAM THIS CHIP TO HELP OUT NIP 2 DoritosChip
COME BACK FEELS :D
SPAM THIS CHIP TO HELP OUT NIP DoritosChip
SPAM THIS CHIP TO HELP OUT NIP DoritosChip
SPAM THIS CHIP TO HELP NIP DoritosChip
ITALY USA soccer is better than ITALY LUL
SPAM THIS CHIP TO HELP OUT NIP . DoritosChip
SPAM TO HELP ENVY TriHard
SPAM THIS CHIP TO HELP NIP DoritosChip
SPAM THIS CHIP TO HELP OUT NIP 2 DoritosChip
SPAM THIS CHIP TO HELP OUT NIP 2 DoritosChip
SPAM THIS CHIP TO HELP OUT NIP DoritosChip
SPAM THIS CHIP TO HELP OUT NIP DoritosChip
SPAM TO HELP ENVY TriHard
SPAM THIS CHIP TO HELP OUT NIP 1 DoritosChip
USA SOCCER > ITALY SOCCER 4Head
SPAM THIS CHIP TO HELP OUT NIP . DoritosChip
SPAM THIS CHIP TO HELP OUT NIP DoritosChip
pls NP BlessRNG
SPAM THIS CHIP TO HELP OUT NIP DoritosChip
DoritosChipSPAM THIS DoritosChipCHIP DoritosChipTO HELP OUT DoritosChipNIP DoritosChip
SPAM THIS DoritosChipCHIP DoritosChipTO HELP OUT DoritosChipNIP DoritosChip
SPAM THIS CHIP TO HELP OUT NIP DoritosChip
SPAM THIS CHIP TO HELP OUT NIP 2 DoritosChip
He said it TriHard
SPAM THIS CHIP TO HELP OUT NIP DoritosChip
SPAM THIS CHIP TO HELP OUT NIP DoritosChip
PLS NIP CHOKE BlessRNG
SPAM THIS CHIP TO HELP OUT NIP DoritosChip
SPAM THIS CHIP TO HELP OUT NIP DoritosChip
SPAM THIS CHIP TO HELP OUT NIP DoritosChip
SPAM THIS CHIP TO HELP NIP DoritosChip
NiP <3
this caster JAMEZ NotLikeThis
SPAM THIS CHIP TO HELP OUT NIP 1 DoritosChip
SPAM THIS CHIP TO HELP OUT NIP DoritosChipldoz0: device stupid DoritosChip
SPAM THIS CHIP TO HELP NIP DoritosChip
SPAM THIS CHIP TO HELP OUT NIP DoritosChip
SPAM THIS CHIP TO HELP OUT NIP DoritosChip
SPAM THIS CHIP TO HELP NIP DoritosChip
Oxy commentators :(
JamezIRL best new caster PogChamp
SPAM THIS CHIP TO HELP OUT NIP DoritosChip
HEY ITALY HOW'S THAT WORLD CUP QUALIFIER GOING? EleGiggle
SPAM THIS CHIP TO HELP OUT NIP DoritosChip
SPAM THIS CHIP TO HELP OUT NIP DoritosChip
@FxPiegus Does this look like choke9 to you? Kappa
DENNA CHATT ÄR NU SVENSK DatSheffy
SPAM THIS CHIP TO HELP OUT NIP DoritosChip
SPAM THIS CHIP TO HELP OUT NIP DoritosChip
DoritosChipDoritosChip SPAM THIS CHIP TO HELP OUT NIP DoritosChip
Can I spam here without racist mods? TriHard
SPAM THIS CHIP TO HELP OUT NIP DoritosChip
SPAM THIS CHIP TO HELP NIP 1 DoritosChip
HEY ITALY HOW'S THAT WORLD CUP QUALIFIER GOING? EleGiggle
casters are the best part LUL
SPAM THIS CHIP TO HELP NIP DoritosChip
NA stream EleGiggle
SPAM THIS DoritosChipDoritosChip CHIP TO HELP OUT NIP DoritosChip
SPAM THIS CHIP TO HELP OUT NIP DoritosChip
SPAM THIS CHIP TO HELP OUT NIP DoritosChip
HEY ITALY HOW'S THAT WORLD CUP QUALIFIER GOING? EleGiggle
SPAM THIS CHIP TO HELP OUT NIP b DoritosChip
SIXER LUL
Rip Danes LUL
SK LUL
GO ENVY BlessRNG
SPAM THIS CHIP TO HELP OUT NIP DoritosChip
ASTRALIS HeyGuys
HEY ITALY HOW'S THAT WORLD CUP QUALIFIER GOING? EleGiggle
SPAM THIS CHIP TO HELP OUT NIP DoritosChip
GO NIP LUL
SPAM THIS BLOKE CAUSE BRAZIL IS A JOKE SoBayed
C9 Won PogChamp
SPAM THIS CHIP TO HELP OUT NIP DoritosChip
SPAM THIS CHIP TO HELP OUT NIP DoritosChip
Soccer Monkeys 4Head
SPAM THIS CHIP TO HELP OUT NIP DoritosChip
SPAM THIS CHIP TO HELP OUT NIP 1@ESL_CSGOb DoritosChip
SPAM THIS DoritosChipDoritosChip CHIP TO HELP OUT NIP DoritosChip
SPAM THIS CHIP TO HELP OUT NIP DoritosChip
HEY ITALY! SEE YOU IN RUSSIA ! Kappa
Soccer Fan Monkeys 4Head
TSM wonnend PogChamp
NiP to semi if they win go go go SKÅL! PogChamp
SPAM THIS CHIP TO HELP OUT NIP DoritosChip
That's a tortilla not a chip Kappa
DoritosChipSPAM THIS DoritosChipCHIP TO HELP OUT NIP DoritosChip
CoolStoryBobCoolStoryBob SPAM THIS BOB ROSS IF YOU ARE A BOSS CoolStoryBob
Soccer Fan Monkeys . 4Head
SPAM THIS NOODLE TO HELP SKADOODLE pastaThat
SPAM THIS CHIP TO HELP OUT NIP DoritosChip
AUSTRALIS HeyGuys
SPAM THIS CHIP TO HELP OUT NIP DoritosChip
SPAM THIS CHIP TO HELP OUT NIP DoritosChip
gg :(
SPAM THIS DoritosChipDoritosChip CHIP TO HELP OUT NIP DoritosChip
SPAM THIS CHIP TO HELP OUT NIP DoritosChip
GO nip please <3
That's a tortilla not a chip Kappa
nip in semi :)
SPAM THIS ROSS IF YOU ARE A BOSS CoolStoryBob
qualified PogChamp
Draken got Jebaited
NiP NiP NiP PogChamp
STOP NotLikeThis
rpk Kreygasm
NIP IN 2017 PogChamp
DoritosChipSPAM THIS DoritosChipCHIP TO HELP OUT NIP DoritosChip
📞 HELLO ASTRALIS? 📞 AIRPORT HERE 📞 READY TO GO HOME? 📞 4Head
AUSTRALIS HeyGuys
rip astralis :(
⎛⎛ tickle tickle the user above you Jebaited
SPAM THIS CHIP TO HELP OUT NIP DoritosChip
bye envy! they are out :D
NINJAS, NINJAS, NINJAS IN PYJAMAS!!! <3
NIP SEMIS PogChamp
NU JÄVLAR SwiftRage
SPAM THIS CHIP TO HELP NIP DoritosChip
nip is black PogChamp
SPAM THIS K 0 0 N TO HELP OUT PHOON RaccAttack
📞 HELLO ASTRALIS? 📞 AIRPORT HERE 📞 READY TO GO HOME? 📞 4Head
⎛⎛ tickle tickle the user above you Jebaited
SPAM THIS CHIP TO HELP OUT NIP DoritosChip
SPAM THIS CHIP TO HELP NIP DoritosChip
SAFARI MESH DansGame
7 TriHard
double awp NUKE LUL
GO envy Kappa
james should only cast matchmaking OR VoteYea
SPAM THIS CHIP TO HELP OUT NIP DoritosChip
Nip har 10 p nu!! :D
GO NINJAS <3
xms LUL
xms throws ty gg NiP <3
gg <3
ENVY LUL
Sixer Suicide from Heaven LUL
SPAM THIS CHIP TO HELP OUT NIP DoritosChip
GeT_RiGhT PogChamp
GET RIGHT <3
getao <3
SPAM THIS CHIP TO HELP OUT NIP DoritosChip
NIP AT IEM PogChamp
OMH PogChamp
THROW LUL
Nip throw LUL
2v5 LUL
HEY ITALY HOW'S THAT WORLD CUP QUALIFIER GOING? EleGiggle
5v2 LUL
GTR be like DansGame
5v2 LUL
MEN VAD FAN NotLikeThis
104k viewers across 2 streams PogChamp
GTR ACE PogChamp
SPAM THIS MINCER TO HELP SIXER KappaPride
GOD SCREAM PogChamp
NIP LUL
NIP NotLikeThis
SPAM THIS CHIP TO HELP NIP DoritosChip
scream BegWan
SPAM THIS CHIP TO HELP OUT NIP DoritosChip
HUR I HELVETE NotLikeThis
GET RIGHT <3
bot xms LUL
What time of day Kappa
15-15 BlessRNG
MP9 DansGame
DoritosChipSPAM THIS DoritosChipCHIP DoritosChipTO HELP OUT DoritosChipNIP DoritosChip
Edshot machine LUL
NIP VERGONHA NASIONAL MingLee
bra försök! :)
7-20 LUL
#GONINJAS <3
O NotLikeThis
NA CASTERS BrokeBack
the buys FailFish
REZ PogChamp
@rural_csgo HeyGuys
REZ PogChamp
WTF PogChamp
REZ PogChamp
REZ PogChamp
EZ PogChamp
2 1tap <3
HOLY REZ PogChamp
Q OTA PogChamp
REZ LUL
REZ PogChamp
REEEZ PogChamp
REEEZ DoritosChip
eco'd?? PogChamp
2v5 CHOKE AGAIN LUL
Draken FailFish
INFINITE TIME PogChamp
QUE OTA ???? GGG SK ArsonNoSexy
Spam this to help out NiP DoritosChip
SPAM THIS CHIP TO HELP OUT NIP DoritosChip
ECO LUL
GG LUL
LUU LUL
nip <3
GGGGGGGGGG PORRA SK <3
N1 NIP PogChamp
EZ RZ ENvy SO BAD EZ LUL
NIP <3
SK ELIMINAD BR CS 4Head
AUSTRALIS HeyGuys
nip <3
NIP IN SEMIFINALS PogChamp
NICEEEEEE :D
Too ez LUL
Xavor94 :D
gg NiP <3
IT SAYS ON HLTV NO NEED FOR MATHS LUL
Lol that ANELE
NIP C9 AND SK LUL
Jamez <3
ENVYUS OUT :)
ASTRALIS ELIMINATED 4Head
JamezIRL tho Kreygasm
Schedule - http://en.intelextrememasters.com/season-12/oakland/tournament/schedule/ :)
Stickers PogChamp
Pro stickers PogChamp
NiP <3
glo hf LUL
DJ Snake PogChamp
fnatic LUL
EZ FOR OPTIC TriHard
Schedule - http://en.intelextrememasters.com/season-12/oakland/tournament/schedule/ :)
Everything I'm saying is straight from liquipedia. :)
Schedule - http://en.intelextrememasters.com/season-12/oakland/tournament/schedule/ :)
poor mongolz LUL
brind me all of the cs Kreygasm
optic liquid is their new member... thats not the match Keepo
song idk if its horribl or nice LUL
Schedule - http://en.intelextrememasters.com/season-12/oakland/tournament/schedule/ :)
sk could suck for 10 straight games and i still wouldn't say they will lose LUL
Schedule - http://en.intelextrememasters.com/season-12/oakland/tournament/schedule/ :)
@prius 7 DatSheffy
Delay :(
Your way btw HappyJack
delayed BabyRage
map DansGame
Start the map please TwitchLit
at least it's not pgl level delayed Kappa
sweden is nip and robbaz Kappa
steel liquid PogChamp
let's go Stan! Keepo
haven't seen shroud play yet Kappa
lmao more delays BabyRage
more delays LUL
stanislaw where is he LUL
Schedule - http://en.intelextrememasters.com/season-12/oakland/tournament/schedule/ :)
when does OpTic play ??? cmonBruh
racist mods cmonBruh
35 LUL
STEEL EleGiggle
LATE EleGiggle
dont worry guys soon more delays will come LUL
3:20 --> 3:30 --> 3:35 4Head
Oh snap stannis best igl LUL
pls more delay BlessRNG
Schedule - http://en.intelextrememasters.com/season-12/oakland/tournament/schedule/ :)
@buff_plankchest why r8 is the best weapon Kappa
30 mninutes late ResidentSleeper
mixwell didn't hate asking he hates primary awping NotLikeThis
1:2 LUL
MiniK Kappa
steel <3
3:35 ResidentSleeper
Start the map mannnnnnn NotLikeThis
when does Optic play? LUL
optic fans NotLikeThis
Liquid Kreygasm
soon MiniK Kappa
PRIUS PogChamp
prius buying time over here... we see right through you Kappa
I like NomNom
@prius KUNTZ PogChamp
The whole world>>>>>>> NA LUL
3:36 LUL
hiko needs to be in the big time again BibleThump
37 LUL
no caster LUL
play music for destruction LUL
God TTours
FLAWLESS LUL
60 minute knife round PogChamp
ALLU LUL
SourPls TTours
ALLU LUL
SK threw the game so astralis would eliminate, SK banned for match fixing PogChamp
BOT ALLU LUL
knife tk LUL
GOD ALLU LUL
nadeshot in 2017 LUL
Chat need casters for knife round LUL
BEST STREAM LUL
BLU DansGame
Let’s goooooo TwitchVotes
best stream LUL
John Mullen TriHard
Jamezirl ResidentSleeper
Those casters LUL
"B" IS FOR "BUDGET" LUL
SOUND DELAY LUL
START PLS ResidentSleeper
SPAM THIS HOUND TO FIX THE SOUND FrankerZ
NA SOUND LUL
BLU LUL
JameZ PogChamp
budget PogChamp
NA PRODUCTION LUL
NA PRODUCTION LUL
V neck LUL
blu is great , you guys shut up BibleThump
Lol wheres stan MingLee
RUSH B LUL
"RUSH" b silver chat LUL
Prius himself PogChamp
the only channel creativly isn't mod on PogChamp
SAVE CZ LUL
WH ALLU Kappa
steel <3
liquid LUL
@edgarporras14 they’re better than you LUL
cant even save CZ EleGiggle
HS HAIR LUL
@Creativly you are everywhere PogChamp
STANISLAW BACK TO OPTIC HLTV CONFIRMED PogChamp
@Kricksbr NotLikeThis
CLOUT TriHard
NO CLOUT LUL
! TriHard
friberg GivePLZ
7 TriHard
Liquid steel PogChamp
EZ for elige LUL
People calling casters trash when they’re 1000x better than all of you LUL
GOD ELIGE LUL
What a god LUL
ELIGE PogChamp
ELIGE PogChamp
EU CS LUL
excuse me wtf just happened LUL
OpTic LUL
ALLU REVOLVER LUL
REVOLVER PogChamp
R8 LUL
r8 LUL
R8 LUL
allu's r8 PogChamp
r8 LUL
HS HAIR LUL
R8 PogChamp
@multyge nós! :D
ALLU LUL
STEEL SHIELD BibleThump
Steel <3
Steel Kreygasm
steel LUL
they are forcing LUL
steal 003 LUL
Steelegend SeemsGood
HS HAIR LUL
STEEL SQUID LUL
EU CS LUL
OpTic LUL
Never check corners LUL
STEEL 1-3 LUL
OpTic DISBAND LUL
BOPTIC LUL
Optic in csgo optic in dota2 OMEGALUL LUL
jdm actually hitting shots PogChamp
jdm PogChamp
JDM IS MY TriHard
BR Nade LUL
jdm is on today boy PogChamp
Jdm PogChamp
JDM IS SO GOOD Kappa
handegg LUL
optic LUL
optic skill? LUL
JDM = Jogo Deitado Mesmo LUL
Optic LUL
EU superteam losing again LUL
mixwell overrated :(
optic most skill heavy team with no skill LUL
fatberg LUL
optic LUL
btw friberg is overweight LUL
Thought steel fixed a match?????? LUL
@Sliggoo 16k viewers in Major LUL
16k viwers in major final LUL
5-2 LUL
ALLU LUL
A LUL
HS PogChamp
calculated Kappa
NA SAVE PogChamp
HS with the HS PogChamp
HS PogChamp
EU SAVE PogChamp
HS ResidentSleeper
7 TriHard
NA SAYS NA SAVE LUL
HS GOD it takes alot of skill to hide in a corner LUL
HS hair LUL
WHERE MY 7 TriHard
ALLU PogChamp
@classygengar liking carrots KappaPride
BOTWELL LUL
allu entryfragger 4Head
BOT ALLU LUL
ELIGE AFK LUL
7 TriHard
GOD ALLU LUL, EU FANBOYS LUL
Mp7 4Head
Magisk has an smg... who cares LUL
5-4 100% Kappa
hunting nwith mp7 LUL
NA 0 majors. Bye HeyGuys
not 60 fps DansGame
God steel? LUL
this caster need to take some nose spray or blow his nose LUL
CASTER ResidentSleeper
@Allunen oon sun luokan veeti, moro :)
steel is going huge KappaPride
owned lol :D
GODWELL LUL
NA SAVE 4Head
Still Talking DansGame
STEEL PogChamp
BOT ALLU LUL
"OoooooOoOOOO" - Caster 2017 Kreygasm
NA save LUL
steel LUL
NA save LUL
MAN LUL
ya man TriHard
steel 8-7 PogChamp
EU guys have never even held a gun LUL
@valentine888 LUL
BOTBERG LUL
FAVELAS IN THE CHAT ResidentSleeper
Steel <3
NA allu LUL
STEW <3
steel 10/7 PogChamp
STEEL MAN PogChamp
allu 4Head
ALLU LUL
Alu Kappa
BOT ALLU LUL
Schedule - http://en.intelextrememasters.com/season-12/oakland/tournament/schedule/ :)
ALLU LUL
@the_last_templar 1 more kill = carrying LUL
ALLU SO TERRIBLE LUL
EU AWP LUL
OpTic LUL
OpTic EleGiggle
EU REJECTS LUL
STEEL FeelsManMan PogChamp
Blu is good, other guy DansGame
- ALLU + FOX Kappa
Whos this caster BlessRNG
Eu LUL
ALLU MAGISK HS MIXWELL FRIBERG LUL
Analysis Kreygasm
OpTic = Budget FaZe LUL
yeah? what else happeneD? CoolStoryBob
jamez ResidentSleeper
OpTic = Budget Mouz LUL
FaZe = Budget Misfits LUL
botsteeel LUL
lil man best caster 2017 LUL
steel threw it LUL
STEEL BibleThump
BOTWELL LUL
LIQUID LUL
steel lost the round LUL
\____ OUNGING LUL
ALLU ShazBotstix
WINNING T-SIDE PogChamp
FROM BOT TO GOD PogChamp
HS LUL
@toonnnnnnn LUL
oPtic ResidentSleeper
EU Clutch LUL
ALLU ALLU BrokeBack
allu is so bad LUL
VAC Kappa
@bora_baheea_minha_porra LUL
ALLU BrokeBack
@brxhim Kappa
STEEL <3
DENIED LUL
@cotoquinhorealntc Kappa
YEA MEN STELL <3
Steel the best player on the server PogChamp
@bora_baheea_minha_porra that guys know nothing about this game max silver 5 LUL
90 YEARS ResidentSleeper
BF2 LUL
@brxhim yep LUL
NA BREAK LUL
see you guys in an hour ResidentSleeper
Schedule - http://en.intelextrememasters.com/season-12/oakland/tournament/schedule/ :)
STEEL < 3 <3
Faze getting destroyed by Gambit LUL
ALLU LUL
allu luck spray EleGiggle
RIP LUL
"May settle" LUL
THE STREAM BibleThump
NA PRODUCTION EleGiggle
ES LUL
f LUL
NA PRODUCTION LUL
REFRESH Kappa
QUID LUL
NA PRODUCTION LUL
OFFLINE WutFace
NA PRODUCTION LUL
