PUBG mousepad LUL
RETS GO TYROO MingLee
kazakhs LUL
DOSIA TEAM ASSIST LUL
#RUNTYROO MingLee
PUBG MOUSEPAD LUL
ez 6.40 odds upset bye Gambot EleGiggle
NA defuse BibleThump
SPAM THIS NOODLE TO HELP SKADOODLE pastaThat
BnTeT gamesense Kreygasm
Clap MingLee
Komrades SMOrc
BOTS LUL
WHAT A GOD PogChamp
Chinese hackers LUL
Somebody > NiKo PogChamp
SPAM THIS NOODLE TO HELP SKADOODLE pastaThat
Make sure to enter the awesome giveaway! http://intelextrememasters.com/raffle :D
@Goldfishh KQLY LUL
@bigmackthegod +seized LUL
Adren deagle LUL
HEROBOSSRIKU NT, but i dont buy it Jebaited
0-16 :(
Polish DUO PogChamp
polish duo LUL
Shooting corpse LUL
Not Polish NotLikeThis
polish duo = ez win LUL
TYLOO MAGIC PogChamp
Cloud9 choke again LUL
16-0 BlessRNG
Tyloo strats PogChamp
Prius god observe PogChamp
GAMBOT MAJOR CHAMPS BTW LUL
Prius observing Kreygasm
SPAM THIS NOODLE TO HELP SKADOODLE pastaThat
Prius Kreygasm
GAMBOT OMEGALUL Losing vs MingLee
Gambit in 2018 LUL
TYLOO MAGIC PogChamp
16-0 BlessRNG
poor tyloo TearGlove
major winners vs tier 166654477 LUL
16-0 BlessRNG
Gambit LUL
Gambot LUL
they removed fitch for decoy LUL
Gambit losing to ty DISBAND LUL
Two Poland players in Tyloo too good MingLee
BRA71L BlessRNG
shaky aim LUL
that spray LUL
1-16 LUL
CHINA NUMBA WUN 4Head
spray LUL
SPAM THIS NOODLE TO HELP SKADOODLE pastaThat
X-god Kreygasm
Ty LUL
Tyloo magic BlessRNG
CHINA NUMBA WAN 4Head
cajnanumbawannnnn LUL
BnTeT Poland superstar LUL
GAMBIT ELIMINATION GETTING CLOSER AND CLOSER LUL
cajnanumbawannnnn LUL
@VetKin214 You are silver, what u know about CS? LUL
Bntet greatest player to ever play any version of cs PogChamp
THE POLISH HOPE PogChamp
polish cs PogChamp
POLISH CS PogChamp
POLISH LUL
godtet PogChamp
2 polish Kreygasm
omg Poland power PogChamp
LAST HOPE POLISH Kreygasm
POLISH LUL
Its indonesian LUL
Make sure to enter the awesome giveaway! http://intelextrememasters.com/raffle :D
POLAND CS LUL
GODTET INDO PRIDE Kreygasm
No time SMOrc
scope in LUL
"They are Indonesian" Nice joke 4Head
nt poland LUL
poland LUL
7 4Head
INDONESIAN LUL
slim seized LUL
stop trolling THEY ARE POLISH LUL
BnTeT and xccurate Monaco pride PogChamp
BnTeT BibleThump
"They are Indonesian" 2018 jokes LUL
AGO Bntet is the solution SwiftRage
after magical pause and hand language... i expect 16 - 6 incoming Kappa
BnTeT looks like average polish guy, right? Kappa
indonesia this country doesn't even exists LUL
BnTeT is polish, check HLTV FailFish
- PUBG AIM + BNTET SeemsGood
POLISH CLUTCH INC PogChamp
Baiting 2k18 LUL
LAST POLISH BibleThump
"They are Indonesian" 2018 jokes LUL
INDO PRIDE IN 2018 LUL
BnTeT BibleThump
16 6 choke ResidentSleeper
Ty LUL
people thinking BnTet is from Indonesia LUL
"They are Indonesian" 2018 jokes LUL
Better polish squad than VP PogChamp
HANSEL FROM MONACO PogChamp
10000 dpi WutFace
ppl taking twitch serious EleGiggle
Hansel "BnTeT Ferdinandwski CHECK HIS LAST NAME 100% POLAND Kappa
"They are Indonesian" 2018 jokes LUL
-NEO +BNTET PogChamp
VP.BnTeT PogChamp
" THEY ARE INDONESIANS " IN 2018 NICE JOKE LUL
I thought he was from Singapore PogChamp
Titan Kato14 Kreygasm
Tyloo magic BibleThump
X G D Kreygasm
X GOD Kreygasm
Ty LUL
Ty LUL
DO-SIA VU LUL
X GOD Kreygasm
X G D PogChamp
Mop up ty LUL
seized top fragger LUL
Spinbot Incoming from MingLee
yea , i forgot that the event is in poland, crowd is helping tyl to win LUL
i hate this polish chokers maaaaan TearGlove
(insert country here) PRIDE IN 2018 LUL
SAVED LUL
16-6 LUL
"They are Indonesian" 2018 jokes LUL
Cmon Bntet Monaco pride KappaPride
WE'RE CLOWN 9 OUR STRATS ARE JOKES SOMETIMES WE WIN BUT MOSTLY WE CHOKE 4Head
seized LUL
BnTET actually Polish but lives in Monaco for tax evasion. PeoplesChamp
DECOY LUL
decoy LUL
VAC LUL
TyLUL LUL
CLEAN CRISP WALLHACK LUL
chinese cheaters WutFace
pl cheats LUL
X G D Kreygasm
TY LUL
WHY IS EVERYONE WATCHING NA CS INSTEAD LUL
polish player 4Head
Tyloo magic BibleThump
Not Polish Army BabyRage
bentet is actually AFRICAN LUL
TyLUL LUL
captain mo FailFish
CAPTAIN MOM LUL
he is polish LUL
polish LUL
The flag was accidentally flipped for BnTeT? TwitchVotes
SOMEBODY GETS THE KILL BUT WHO? LUL
BnTet SeemsGood
Make sure to enter the awesome giveaway! http://intelextrememasters.com/raffle :D
1g Kappa
chill mates...tyloo will be have ct in second half :)
nice caster even dont know who get kill LUL
Ty let’s go gambit LUL
GO BNTET MAKE POLISH CROWD PROUD SwiftRage
DD LUL
NADE Kreygasm
NADE PogChamp
POLISH PRIDE PogChamp
POLISH POWERHOUSE PogChamp
8-16 EZ 4 TY LUL
POLAND PogChamp
POLISH CS PogChamp
POLISH PRIDE LUL
8/7 EQUAL SPLIT LUL
not bad not bad ;)
BNTET POLISH GOD Kreygasm
POLISH GOD PogChamp
POLISH STARS PogChamp
TyLUL > VirtusPUBG POLISH PROUD LUL
BnTet Polish God PogChamp
-byali -pasha +bntet +xccurate Kappa
DENIED LUL
god seized Kreygasm
nom nom OpieOP
EZ FOR GAMBOT ResidentSleeper
Hansel "BnTeT" Ferdinandwski Kreygasm
GO BNTET MAKE POLISH CROWD PROUD SwiftRage
Polish top 1 VoteNay
BNTET AND XCURATE SwiftRage
Kevin "xccurate"Susantowski Kreygasm
-you + ME VoteNay
"Susan" towski cmonBruh
@Amboss_der_Rabiator nice joke LUL
BnTeT Indonesian nice joke LUL
ofc VoteYea
' BnTeT is Indonisian' is the best joke in 2018 LUL
OMEGA LUL
Fuckiing animals nice troll for BnTeT from Poland ResidentSleeper
seized LUL
gg LUL
cz LUL
BOT DD LUL
Dd LUL
tyloo bots LUL
XGOD Kreygasm
GO BNTET LAST POLISH HOPE MAKE POLISH CROWD PROUD SwiftRage
is this lower or upper bracket? ty :)
someBOTy LUL
chinese nerves are real in pistol chokes Kappa
Why don't we 600% zoom on Dosia's portrait and leave it be for the rest of the match? Kreygasm
fat Kappa
TSM won Kappa
PUBG MOUSEPAD LUL
Make sure to enter the awesome giveaway! http://intelextrememasters.com/raffle :D
TYLOO MAGIC BibleThump
TY LUL
CHINA NUMBA WAN LUL
0-6 to 12-7 WTF BibleThump
0-6 to 12-7 LUL
again no polish players in playoffs in Katowice :(
after that magical pause at round 6 even at winning streak... tylol just never can win .... xccurate told MO he actually betted on Gambot with hand language LUL
TY LUL
X GOD <3
ANY X GOD LOVER ?? <3
he isnt even polish he is indonesian LUL
Make sure to enter the awesome giveaway! http://intelextrememasters.com/raffle :D
Indonesian LUL
TY GONNA COMEBACK AND CHOKE 14-16 LUL
everyone knows bntet polish LUL
bntet is fro. 3 countries tbh LUL
TY CS LUL
3s first kill that we dont see cmon TTours
TyLul PogChamp
1G Kappa
iq200 LUL
BNTET POLISH PRIDE Kreygasm
sens WutFace
zeuscyberschool Kappa
ONLY PREFIRING Kappa
SOMEBODY to NOBODY LUL
when your haxx glitch LUL
knock knock who's there? sumbody LUL
-somebody + n0thing LUL
CHINESE CS LUL
monacan cs LUL
16-14 EleGiggle
vac KomodoHype
Mo and mou :D
Polish cs PogChamp
PUBG LUL
TY THINK THEY CAN COME BACK LUL
Polish CS PogChamp
@kio_was_the_problem cmonBruh
They are from Monaco FailFish
bntet finally at home in katowice LUL
15-9 EleGiggle
throw molly in smoke 200 iq LUL
dd? what does he want to copy Kappa
2 awp retake LUL
THROW FOR SKINS LUL
0-6 16-9 LUL
yep its over :D
bntet wont see his family and gets pulled back to china with tyloo :(
TY LUL
DD LUL
MOU Kreygasm
TYPICAL TY LUL
TY LUL
TYLUL LUL
NA SYNC LUL
1 day and eliminated LUL
rip Gambit LUL
‘s for gambit BlessRNG
North TwitchLit
Make sure to enter the awesome giveaway! http://intelextrememasters.com/raffle :D
