TARIK OUTDATED STEWIE OVERRATED SKADOODLE FRUSTATED CLOWN 9 ELIMINATED 4Head
Dead Game LUL
this guy's mouth is huge LUL
@michiel00001 Adderall pringles Kappa
Type OPFrog if you think Renegades is going to win and type if you think Cloud9 is going to win. SeriousSloth
JUST HERE TO SEE THE MAJOR WINNER GET ELIMINATED . 4Head
SPAM THIS NOODLE TO HELP SKADOODLE pastaThat
KANGAROO BOIS OP LUL
FANBOI LUL
SPAM THIS NOODLE TO HELP SKADOODLE SPAM THIS NOODLE TO HELP SKADOODLE pastaThat
U S T I L O FUNgineer
"Tho boys" Fanboy caster confirmed LUL
TARIK OUTDATED STEWIE OVERRATED SKADOODLE FRUSTATED CLOWN 9 ELIMINATED 4Head
USTILO IS A MONSTER PogChamp
TARIK OUTDATED STEWIE OVERRATED SKADOODLE FRUSTATED CLOWN 9 ELIMINATED 4Head
Major Champion to BETTING Champion PogChamp
The bois PogChamp
SPAM THIS NOODLE TO HELP SKADOODLE pastaThat
more eye contact please KappaPride
SPAM THIS NOODLE TO HELP SKADOODLE SPAM THIS NOODLE TO HELP SKADOODLE pastaThat
S A V A G E FUNgineer
START THE GAME :(
USTILO IS A LOBSTER TOM LUL
HAHA C9 No Supporter , No Win LUL
SPAM THIS NOODLE TO HELP SKADOODLE pastaThat
TARIK OUTDATED STEWIE OVERRATED SKADOODLE FRUSTATED CLOWN 9 ELIMINATED 4Head
Choke9 LUL
TARIK OUTDATED STEWIE OVERRATED SKADOODLE FRUSTATED CLOWN 9 ELIMINATED 4Head
U S T I L O FUNgineer
Golden check Kappa
TARIK OUTDATED STEWIE OVERRATED SKADOODLE FRUSTATED CLOWN 9 ELIMINATED 4Head
SPAM THIS NOODLE TO HELP SKADOODLE SPAM THIS NOODLE TO HELP SKADOODLE pastaThat
TIER 2 MAJOR WINNERS LUL
crowd9 out in groups again LUL
SPAM THIS NOODLE TO HELP SKADOODLE SPAM THIS NOODLE TO HELP SKADOODLE pastaThat
i hate MingLee
SPAM THIS NOODLE TO HELP SKADOODLE pastaThat
CLOWN 9 TOP 3 TEAM LUL
SPAM THIS NOODLE TO HELP SKADOODLE SPAM THIS NOODLE TO HELP SKADOODLE pastaThat
SPAM THIS NOODLE TO HELP SKADOODLE pastaThat
FAZE SK AND C9 HLTV TOP 3 LUL
SPAM THIS NOODLE TO HELP SKADOODLE SPAM THIS NOODLE TO HELP SKADOODLE pastaThat
U S T I L O LUL
SPAM THIS NOODLE TO HELP SKADOODLE pastaThat
jks <3
SPAM THIS NOODLE TO HELP SKADOODLE pastaThat
SPAM THIS NOODLE TO HELP SKADOODLE SPAM THIS NOODLE TO HELP SKADOODLE pastaThat
@KidTrueteller LUL
NO CROWD NO CLOUD . EZ for Renegades PogChamp
SPAM THIS NOODLE TO HELP SKADOODLE pastaThat
SPAM THIS NOODLE TO HELP SKADOODLE SPAM THIS NOODLE TO HELP SKADOODLE pastaThat
TARIK OUTDATED STEWIE OVERRATED SKADOODLE FRUSTATED CLOWN 9 ELIMINATED 4Head
Major Champion to BETTING Champion PogChamp
SPAM THIS NOODLE TO HELP SKADOODLE pastaThat
SPAM THIS CHIP TO HELP JAKE YIP DoritosChip
Narwhalic_: TARIK OUTDATED STEWIE OVERRATED SKADOODLE FRUSTATED CLOWN 9 ELIMINATED 4Head
SPAM THIS NOODLE TO HELP SKADOODLE SPAM THIS NOODLE TO HELP SKADOODLE pastaThat
Clown9 4Head
JKM BibleThump
PAM THIS NOODLE TO HELP SKADOODLE pastaThat
sad bois :(
SPAM THIS NOODLE TO HELP SKADOODLE pastaThat
TARIK OUTDATED STEWIE OVERRATED SKADOODLE FRUSTATED CLOWN 9 ELIMINATED 4Head
TARIK OUTDATED STEWIE OVERRATED SKADOODLE FRUSTATED CLOWN 9 ELIMINATED 4Head
NA IS REAL ISIS LUL
SPAM THIS NOODLE TO HELP SKADOODLE SPAM THIS NOODLE TO HELP SKADOODLE pastaThat
SPAM THIS NOODLE TO HELP SKADOODLE SPAM THIS NOODLE TO HELP SKADOODLE pastaThat
SPAM THIS NOODLE TO HELP SKADOODLE pastaThat
sPAM THIS NOODLE TO HELP SKADOODLE pastaThat
Narwhalic_: TARIK OUTDATED STEWIE OVERRATED SKADOODLE FRUSTATED CLOWN 9 ELIMINATED 4Head
SPAM THIS NOODLE TO HELP SKADOODLE SPAM THIS NOODLE TO HELP SKADOODLE pastaThat
TARIK OUTDATED STEWIE OVERRATED SKADOODLE FRUSTATED CLOWN 9 ELIMINATED 4Head
