That british WutFace
Gla1ve’s poetry LUL
RIP LIQUID LUL
Make sure to enter the awesome giveaway! http://intelextrememasters.com/raffle :D
EliGe’s forehead Kappa
DD2 PogChamp
nuke LUL
NUKE LIQUID LUL
nuke PogChamp
NULE <3
free 2-0 4Head
NUKE <3
naf LUL
nuke PogChamp
Devve på AWP LUL
nuke sad LUL
ASTRALIS <3
Device Kreygasm
ASTRALIS SwiftRage
SPAM THIS TO HELP LIQUID Squid3
SPAM THIS TO HELP LIQUID Squid3
NAF = PogChamp
VAC PogChamp
tkr33: VoteNay
benching JDM LUL
NA MOLOTOV LUL
NAF = SeriousSloth
MOLLY LUL
BOT GLA1VE LUL
-200 IQ MOLLY LUL
ASSTRALIS LUL
Captain clutch NotLikeThis
SeriousSloth. NAF SeriousSloth
!crooshair LUL
Chokestralis LUL
Elige looks like a ropz clone LUL
lag WutFace
I need it RedCoat
@MadZae I never tought about that LUL
Make sure to enter the awesome giveaway! http://intelextrememasters.com/raffle :D
Jetlag LUL
run out of time quid LUL
@Radycalhawjack They looks so similar Kappa
EU CS LUL
LMAO LUL
swiss round is trash whatever bo1 or bo3 -snappi LUL
KOBE LUL
UI LUL
NA NADE PogChamp
SLOTH PogChamp
naf subs SeriousSloth
QUID LUL
QUID LUL
silver game LUL
ECO'D LUL
NA CS LUL
QUID LUL
USPID LUL
0-0-0 LUL
ecoed LUL
astralis win those LUL
NA HUD LUL
chokequid vs chokestralis LUL
LOST TO FULL ECO LUL
LIQUID LUL
UI FailFish
NA UI LUL
UI WutFace
@ESL_CSGOb fix the UI NotLikeThis
NA HUD LUL
Its not a UI, its a HUD ;)
@foxlul cmonBruh
na hud LUL
bot nitro LUL
Nitro LUL
Its not Hud its overlay LUL
GOD TWIST PogChamp
EU CS LUL
EU CS LUL
god Twidstzz PogChamp
BLIND LUL
XYPBOT :(
-STRALIS LUL
looking out of the map? LUL
NA UI LUL
Chokestralis already LUL
OVERLAY LUL
NA CS Kreygasm
Chokequid VS Chokestralis LUL
HUD LUL
ALREADY DEAD LUL
kjayb was the problem xyp9x was right EleGiggle
Stralis LUL
SPAM THIS TO FIX HUD TTours
EU HUD LUL
SPAM THIS TO FIX HUD TTours
Noobtralis LUL
Chokequid VS Chokestralis LUL
dupre LUL
y: SPAM THIS TO FIX HUD TTours
SPAM THIS TO FIRE OBSERVER CurseLit
device rifle LUL
@skuishy123 LUL
NA UI LUL
NA UI LUL
SPAM THIS TO FIX HUD TTours
THEY'RE ALL DEAD LUL
CS:GO - Game of Throwes LUL
HUD FIX Jebaited
HUD TTours
SPAM THIS TO FIX HUD TTours
NA HUD FailFish
THEY'RE ALL DEAD DAN LUL
SPAM THIS TO FIX HUD TTours
LIQUID DEAD ALREADY LUL
Make sure to enter the awesome giveaway! http://intelextrememasters.com/raffle :D
that game LUL
FIX HUD TTours
Chokequid VS Chokestralis LUL
clash of chokers LUL
NA CASTER LUL
TK LUL
TWISST 3K PogChamp
TO LUL
13/5 <3
twistz the god with 3 PogChamp
TK LUL
this game LUL
Nice game LUL
HUD FIXED PogChamp
harry Potter LUL
EU HUD NOW LUL
SAVED PogChamp
nitr0 LUL
NITR0 LUL
Chat smile I'm taking a photo FeelsGoodMan TTours
NiP won 16-6 LUL
= xy9 Head no sapce 4Head
thanks it works 4Head
Magisk throw UMP LUL
can we get a smile spam in chat :)
Omg this game NotLikeThis
wow it works 4Head
@h0lt_tv and your mum too dont forget :)
positive vibes :)
NA LUL
liquid T SIDE LUL
STEEL ? LUL
STEEL BAITER LUL
na cs LUL
GUI FIXED PogChamp
LETS WAIT UNTIL WE ARE ALL DEAD LUL
@foxlul <3
Excuse me im washing my hair NotLikeThis
LIQUID GO F CK YOURSELF Kippa
has there been a proper gun round yet LUL
@foxlul That was beautiful BibleThump
ADS IN 2K18 LUL
commentators FailFish
sk lose to liquid LUL
GO ASTRALIS PogChamp
@ibbyof Thanks <3
@FmNey VoteYea
upper bracket b stream BabyRage
@inpulse still dreaming to beat astralis LUL
GA LUL
QQ LUL
chenriquelira so technically they win quarterfinal spot? :o
STEEL LUL
steel :(
NT LUL
NT LUL
NA SPRAY LUL
BR CS LUL
10000 IQ BUT 0 AIM LUL
NA spray LUL
200 iq 0 aim LUL
BOT LUL
NITRO LUL
Steel sempre foi ruim no spray 4Head
Who picked inferno chat? :D
200iq 0 Aim LUL
ty :)
what the fuck steel, why haven't you won a 1v3 with 30hp? suck a noob BabyRage
device Kreygasm
ty @ntproto :D
Make sure to enter the awesome giveaway! http://intelextrememasters.com/raffle :D
cheer5 @jason3154 You're* LUL
magisk LUL
NAF = PogChamp
N F Kreygasm
@Jooosh02 naf is 9-10 idiot. twist top frag SeemsGood
device vs twistzz LUL
naf SeriousSloth
It’s T sided long af rotations LUL
Elige 3 - 10 DansGame
Liquid needed a timeout a while ago for nitro and poor elige <3
bot steel again :)
GG LUL
NiP rekt G2 LUL
NA SMOKE LUL
VOTE FOR ASTRALIS VoteYea
another reset liquid bettor LUL
GODpreeh DatSheffy
SHROUD SIGN FOR C9 CHECK HLTV PogChamp
what a timing :(
Shroud is already signed for C9 LUL
nitro ResidentSleeper
G2 super team LUL
Let's get boddy instead of Scream 4Head
2-13 LUL
twistzz is playing real confident :D
baguettes superteam L:UL: LUL
@thearabianknightt he is on lineup again Kappa
@Zsonur Clap Kappa
7 TriHard
3-12 2-12 NA CS LUL
FAZE AND C9 LOST TO THIS LUL
EliGE best player NA LUL
3-12 2-14 LUL
@Jessefromdetroit i hate you LUL
1 Kappa
7 TriHard
Liquid on Nuke @mr_fap_aholic monkaS PogChamp
NA CS :D
MAGISK PogChamp
GG Liquid LUL
NO BUG NO WIN LUL
Prefire vac <3
GG bois LUL
2-14 :(
God Magisk <3
save LUL
save LUL
One more "XD" and I'm out FailFish
NAF = SeriousSloth
xD LUL
10-5 PogChamp
xD skype 2018? LUL
@negativla always 4 rounds on tside vs renegades OMEGALUL LUL
device arm tattoo looks like trump<3? lol Jebaited
How long till ESL gets tired of my generic meme spams HeyGuys
where's snax at? 4Head
hmmm ANELE
irl csgo map Kreygasm
@Thicc_Andres watch faze and see history being made PogChamp
@thicc_andres faze will make history Kappa
facebuke ads DansGame
Faze history LUL
Liquid won this map :D
@KreoDK thats what im doing SeemsGood
SOY YO Keepo
dupreeh triple-double LUL
11mage Good man, same here ;)
USTILLO IS A LOBSTER TOM LUL
History of how they will always choke on majors LUL
Make sure to enter the awesome giveaway! http://intelextrememasters.com/raffle :D
NAF DOWN LUL
command not working DansGame
fak da wae WutFace
@holyshot_tv DansGame
twistzz was in tsm too LUL
1 man B LUL
5v5 RETAKE LUL
I do not know da wae WutFace
GG LUL
lost 5 after plant LUL
Where you at astralis fanboys LUL
lol people cheering for a CT side pistol round LUL
Morten LUL
@BarkingGiraffe discord han er på skype LUL
MORTEN FOR FANDEN I HELVEDE FailFish
eco frags = moneyyy Kappa
NOT A 1G BabyRage
afk in ct spawn 4Head
G2 OUT LUL
no command on this channel LUL
1G 1G 1G EleGiggle
Hvorfor pokker vil i have Morten på Skype af alt? Hvis i nu brugte ethvert andet ordentligt program ville han måske komme på ;)
S U P E R T E A M LUL
devyce LUL
Katowice next ANELE
@roza06 1g Kappa
G2 superteam LUL
BACK TO FRANCE LUL
11assists LUL
Nip won G2 out LUL
back to France LUL
NA CS LUL
S U P E R T E A M 4Head
Choke LUL
BOT XYR9X LUL
S U P E R T E A M 4Head
twistzz SwiftRage
Astralis choke again VoteYea
Naf Kreygasm
super team LUL
Twistzz latest addition besides NAF. Forget Steel. LUL
Botralis 4Head
NAF SeriousSloth
NAF LUL
? ANELE
NAF SeriousSloth
1v5 PogChamp
NAF SeriousSloth
Clap ANELE
Classic DANISH CHOKE LUL
STEEL AND NITR0 LUL
Danish CS LUL
10-10 is lead? LUL
incoming ANELE
NAF SeriousSloth
10-16 LUL
K0NFIG LUL
NA NADES LUL
NA SMOKE LUL
EU SMOKE LUL
EU CS LUL
NA SMOKE LUL
N A F SeriousSloth
EU SMOKE LUL
Damn It Feels Good To Sub To Naf SeriousSloth
999999 IQ SMOKE Kappa
NA SMOKE LUL
EU BrokeBack
EU CS 2K18 LUL
danish smoke LUL
NAF = SeriousSloth
New Smoke Strat PogChamp
NITRO IS SO DUMB LUL
nitro LUL
TL leading LUL
n1tro best baiter LUL
NA CS LUL
elige is gorilla LUL
DEVEE LUL
botvice LUL
best awp LUL
Clap ANELE
DEVVE CHOKE LUL
make sure LUL
NAF THO SeriousSloth
WORTH LUL
Clap ANELE
HLTV BANNED CHECK JW PogChamp
Smoke MVP PogChamp
Clap ANELE
Clap ANELE
reset inc PogChamp
64k LUL
Go Astralis CurseLit
/ ANELE
TO THE STARS LUL
"bye awp" as if was a good thing device is missing, so he's better on the ak right now LUL
Clap ANELE
ASTRALIS BROKE LUL
Clap ANELE
? ANELE
? ANELE
11:11 ? :)
JW LUL
Clap ANELE
nitr0 don't get 1 tapped BlessRNG
Clap TTours
TO THE STAIRS LUL
MURICANE ANELE
LickWeed Kappa
Clap ANELE
tier 9 casters LUL
RIP Jesper "JW" Wecksell 1995-2018 BibleThump
Clap ANELE
NA ROUND LUL
HOLDING BANANA Kreygasm
/ / ANELE
gj mods LUL
HOLD THAT BANANA Kreygasm
@MusashiFPS nope liqid pickefd this map ;)
(*-*) ANELE
steel LUL
Nitro? :(
GLAIVE LUL
that was fast LUL
gla1ve LUL
200 IQ elige Kreygasm
NITRO AWPER LUL
Chokestralis LUL
BOT GLAIVE LUL
GOD ELIGE LUL
GLAIVE the EGGHEAD LUL
teamwork LUL
WHY DO THEY LINE UP LIKE THAT LUL
NAF Kreygasm
NAF LUL
MrConsistant LUL
N F Kreygasm
LETS GO ASTRALIS YOU GOT THIS <3
Make sure to enter the awesome giveaway! http://intelextrememasters.com/raffle :D
glave coverr WPed :D
NICE RESET LUL
NAF SeriousSloth
Choketralis LUL
STEEL LUL
N F SeriousSloth
STEEL AND NITRO THROWING LUL
Glaive LUL
EZ FOR N F SeriousSloth
ez game Kappa
EZ SeriousSloth
BOT Xyp BibleThump
@eternalglissando LUL
magisk 1 kill this half LUL
Device MVP Check Thoorin Twitter LUL
Astralis BlessRNG
N A F SeriousSloth
I'm watching this stream with a turtle on my head :)
EZ OVER BOIS LUL
that ascent LUL
1v5 LUL
@lizziethebraveturtle NotLikeThis
11-16 Kappa
Magisks acnes are gone Kappa
creepy? :(
Magisk Kappa
MAGISK EleGiggle
henryG and sadokist sound wird <3
NA CS LUL
FLOM subs DansGame
JW VAC BANNED !!! CHECK HLTV PogChamp
Moist Voice Kreygasm
make a wish :)
JW VAC BANNED !!! CHECK HLTV JW VAC BANNED !!! CHECK HLTV PogChamp
Fl0m Subs PogChamp
HLTV VAC BANNED!!! CHECK JW PogChamp
Get_Right MVP PogChamp
T SIDE LUL
NUKE 2 MAP ResidentSleeper
HL BANNED check JWTV 4Head
💯 VoteYea
HLTV VAC BANNED, CHECK JW SwiftRage
Fox has 31 years 4Head
LUKO SPRAY LUL
Glaive through smokes LUL
NA ERA LUL
Captain Astralis LUL
NA CS LUL
save LUL
Nitro awping LUL
i hate astralis SwiftRage
SAVE LUL
3v4 save LUL
this casting is so FUCKING BAD NotLikeThis
@naqu2k yep NotLikeThis
@wreckfuel wtf was that setup LUL
NA CS LUL
BYE BYE CLOWN9 LUL
Chat don't even talk if you're not a high level player ( Gold Nova 2 + ) FailFish
@dux9 Oh yeah fuk Thanks for reminding Kappa
: BYE BYE CLOWN9 LUL
9/19 LUL
this is what happens when you let gold nova UK shitters cast LUL
LQ LUL
actually quite important PogChamp
rng in skill based game NotLikeThis
USTILO IS A LOBSTER TOM LUL
konfig LUL
Astralis winning with bomb LUL
@n1ckst4r2002 don't talk if you're 15 yo 4Head
Chat don't even talk if you're not a high level player ( Gold Nova 2 + ) FailFIsh FailFish
next mp nuke RIP LQ Kappa
Chat don't even talk if you're not a high level player ( Gold Nova 2 + ) 2 FailFish
@naqu2k yeah adding north rejecets would help astralis LUL
Chat don't even talk if you're not a high level player ( Gold Nova 2 + ) FailFish
BYE BYE CLOWN9 LUL
LEST GO LIQUID 🗡 SwiftRage
: BYE BYE CLOWN9 LUL
MORTEN ER DØØØD ResidentSleeper
wtf is steel doing so much money and still using a UMP? DansGame
@itz_nik -major LUL
BYE BYE CLOWN9 LUL
rip g2 LUL
ANY REAL IN HERE ? TriHard
NAF FLY PogChamp
NITRO ON B LUL
plant LUL
BYE BYE CLOWN9 LUL
NT LUL
N FFLY SeriousSloth
TI Winners PogChamp
: BYE BYE CLOWN9 LUL
@repo TriHard
monkaS LUL
BYE BYE CLOWN9 LUL
RU LUL
: BYE BYE CLOWN9 LUL
👉 📉 POGGERS is a normie meme DansGame
@tomusiekkXDD np but its just my opinion :D
BYE BYE CLOWN9 LUL
@benshapiro you're a manlet r6rekt HappyJack
4v3 this game HassanChop
C9 FLUKE MAJOR LUL
: BYE BYE CLOWN9 LUL
No Felps this time so bye bye clown 9 EleGiggle
choke vs choke LUL
FLUKE9 LUL
@negativla Ohh tks <3
JW H4XING LUL
Inferno [Liquid] - Nuke [Astralis] - Overpass [Decider]. There you guys have the map picks. <3
: BYE BYE CLOWN9 FLUKE9 LUL
NA is so ba... maybe i should brush my teeth NA is s... maybe i should floss fk give me dentures SMOrc
@datuan1103 nothing, just cancerous twitch chat LUL
RIP LUL
NO LUL
JW HLTV BANNED CHECK VAC PogChamp
@datuan1103 Nothing their match is about to start, just EU Chat LUL
JD ORKA SMOrc
NAF SUBS UNITE SeriousSloth
NAF SeriousSloth
: BYE BYE CLOWN9 LUL
FLUKE9 LUL
chat giving me some good material for later Kreygasm
GG LUL
1g Kappa
NOT EVEN 1G LUL
1G LUL
NOT A 1g BabyRage
NOT A 1G BabyRage
BYE BYE CLOWN9 LUL
Chokestralis LUL
ASTRALOSE LUL
NOT A 1G BabyRage
DANISH CHOKE LUL
cz LUL
nitro trying to be s1mple Kappa
1G LUL
10-5->12-13 LUL
I really want liquid to win <3
STEELEGEND PogChamp
@thearabianknightt Ty bro <3
chokestralis LUL
10-5 LUL
MOM ITS NOT A 1G BabyRage
REAL 1G PogChamp
👉 📉 POGGERS is a normie meme DansGame
danish choke LUL
@lizziethebraveturtle <3
LIQUID PogChamp
Make sure to enter the awesome giveaway! http://intelextrememasters.com/raffle :D
1G LUL
Hey HEy Kappa
@SonixRushTV GET BODIED LUL
Astralis lost pistol round = half lost LUL
Spam THIS SLOTH TO HELP NAF SeriousSloth
how can steel play for torqued and liquid? LUL
NAF = SeriousSloth
9-4-18 BRONZE PLAYER LUL
BYE BYE CLOWN9 LUL
14-12 HLTV CONFIRMED AND LuL > LUL
// Kappa
10-5->12-13 LUL
Nitro so bad LUL
SPAM THIS SLOTH TO HELP NAF SeriousSloth
nitro LUL
GG BibleThump
N F Kreygasm
NItro so bad silver 4 btw LUL
That new AWP Skin PogChamp
@SonixRushTV HOW MUCH LUL
NAF THE ECO WARIOR PogChamp
Spam this Star to help Astralis PurpleStar
Choketralis and Botralis LUL
SPAM THIS SLOTH TO HELP NAF SeriousSloth
itssnehin: That new AWP Skin PogChamp
SPAM THIS SLOTH TO HELP NAF SeriousSloth
A S T R L I S LUL
15-15 BlessRNG
ASTRALIS SUCKS AND IM DANISH TOO LUL
@SonixRushTV HOW MUCH 4Head
COME ON ASTRALIS BlessRNG
@SonixRushTV MENTALLY ILL LUL
10-5->12-14 LUL
are the mods asleep LUL
Astra LUL
Astralis sucks and Im danish LUL
PLS DONT TALK IF YOUR NOT HIGH RANK (MG+) FailFish
HAHAHAHA LUL
TK LUL
TK LUL
TK LUL
322 LUL
what happened to device this half LUL
NA CS LUL
NITRO LUL
@SonixRushTV HOW MUCH HOW MUCH 4Head
nitro s1mple flicks Kappa
322 LUL
ТК SwiftRage
NA ERA KreyGasm Kappa
MG+ ISNT HIGH RANKED FailFish
NA ERA LUL
device has like 3 kills in that 2nd half LUL
10-5->12-14 LUL
TK LUL
nitro awp silver 4 awp main btw LUL
DONT TALK IF UR NOT HIGH RANK (Silver 3+) FailFish
N A F SeriousSloth
JW H4XING LUL
YES LUL
SPAM THIS MICE TO HELP DEVICE Mau5
N A F SeriousSloth
NOOOOO I SILVER 2 NotLikeThis
lmao @FmNey that's adorable :D
Don't talk in chat unless you're high tier rank (silver 4+) FailFish
liquid promoted to eu dmg after this LUL
N A F SeriousSloth
N A F SeriousSloth
DONT TALK IF YOU ARE NOT HIGH RANKED (LEM+) FailFish
N F Kreygasm
GODFLY PogChamp
chokestralis LUL
ASTRALIS LUL
N F !!!! SeriousSloth
N A F SeriousSloth
SPAM THIS MICE TO HELP DEVICE Mau5
N A F SeriousSloth
EU LUL
ASTRALIS IS TERRIBLE LUL
1 MONTH ERA LUL
Gsme Over LUL
Xyp9x BOT LUL
GG OMEGA EZ LUL
LIQUID Kreygasm
guys its liquid pick LUL
liquid <3
N F SeriousSloth
why doesn't any of the commands work DansGame
next map is nuke LUL
LOSING TO LIQUID LUL
SPAM THIS MICE TO HELP DEVICE Mau5
10-5->12-16 LUL
N A F SeriousSloth
15-15 BlessRNG
LIQUID PogChamp
Kaerbye was the problem 4Head
NA ERA NA ERA NA ERA NA ERA NA ERA Kappa
Told you guys 16-12 for liquid lul LUL
👉 :chart_with_downwards_trend:this chart says that POGGERS is a normie meme DansGame
LIQUID Kreygasm
NAF GOD SeriousSloth
Liquid is legit top 1 right now PogChamp
CHOKETRALIS FailFish
beautiful flowers :)
TIME FORE CHOKEQUID LUL
music Kreygasm
NA ERA PogChamp
XYP 9-20 LUL
CANUCKS CARRY LUL
LIQUID NOOBS LUL
LIQUID PICK LIQUID PICK LUL
4K FLOWER PogChamp
flowers TTours
NA ERA NA ERA NA ERA NA ERA NA ERA , Kappa
9 KILL OMEGA LUL
Liquid so bad LUL
EU CS LUL
CANADIANS CARRY LIQUID LUL
👉 📉 this chart says that POGGERS is a normie meme DansGame
Czed 4Head
2-10 second half LUL
10-5->12-16 LUL
SK removed Brain LUL
SPAM THIS BAMF TO HELP NAF SeriousSloth
NIP won Kappa
LIQUID CANNOT DO SOLID PERFORMANCE GET IT LUL
XYP9X = 9Kill LUL
BYE BYE CLOWN9 LUL
astralis on inferno FailFish
: BYE BYE CLOWN9 LUL
EU CHOKE LUL
eu cs EleGiggle
mini aks LUL
BYE BYE SK LUL
NA CS LUL
BYE BYE CLOWN9 LUL
LIQUID CANNOT DO SOLID PERFORMANCE GET IT LUL
STEPHAN RETKE :D
N A F SeriousSloth
CHOKE INCOMING LUL
fiddy @Cent TriHard
ASSTRALIS LUL
HLTV BANNED CHECK JW 4Head
NA spray transfer LUL
LIQUID CANNOT DO SOLID PERFORMANCE GET IT LUL
Love you really forsenDDK forsenWhip @Cent :)
N A F SeriousSloth
N A F SeriousSloth
N F Kreygasm
timing LUL
200 iq NAF LUL
BOT LUL
OUTPLAYED LUL
EZ LUL
SPAM THIS MICE TO HELP DEVICE Mau5
EZ SeriousSloth
N A F gg SeriousSloth
THROW LUL
NAF <3
NAF DansGame
gotta be quicker than that EleGiggle
too ez for NA PogChamp
N F N F N F SeriousSloth
lets vote for naf SeriousSloth
DEVICE DEVICE DEVICE DEVICE LUL
N A F SeriousSloth
NAF GOD PogChamp
NAF = SeriousSloth
liquid pick almost lost LUL
NA ERA Kreygasm
NAF > OVERRATED CHOKER DEVICE PogChamp
NAF ResidentSleeper
NAF very happy ResidentSleeper
EU CS LUL
WHere are you astralis fans? LUL
EU CS LUL
BYE BYE CLOWN9 LUL
EU LUL
NAF FLY LUL
LIQUID CANNOT DO SOLID PERFORMANCE GET IT LUL
c9 LUL
NA ERA SwiftRage
EU LUL
CLOWN9 LUL
NAF SMILING PogChamp
C9 LUL
C9 ERA LUL
SLOTH SMILING PogChamp
EZ SeriousSloth
Denmark LUL
CLOWN9 BEST NA TEAM LUL
EU MAKING EXCUSES 4Head
Nuke LUL
nuke WutFace
kjaerbye LUL
NUKE!! PogChamp
DENMARK LUL
reigning world champs LUL
ASSTRALIS EleGiggle
ASTRALIS LOST PISTOL ROUND = HALF LOST LUL
nuke is even a map WutFace
AUDI CARS LUL
REIGNING CHAMPS LUL
NAF IS A SLOTH SeriousSloth
C9 LUL
@ev4n37 SeriousSloth
gg ez astralis nuke inferno NA back to reality soon just wait and watch LUL
NA CS BOYS PogChamp
N A F SeriousSloth
@tkr33 SeriousSloth
he reddit very well? Kappa
N A F SeriousSloth
SPAM THIS MICE TO HELP DEVICE Mau5
NAF-FLY Sloth Confirmed Check HLTV Kappa
SPAM THIS MICE TO HELP DEVICE Mau5
LIQUID CANNOT DO SOLID PERFORMANCE GET IT LUL
SPAM THIS MICE TO HELP DEVICE Mau5
nitro with the basic bit ch tatts LUL
nuke ResidentSleeper
NUKE LUL
KEEP TALKING HUGO YOUR DOING GREAT LUL
antiii cmonBruh
Le's not kill the tempo, here's some ads Kappa
O_o cmonBruh
FE CS LUL
Who are those playerS ?? WutFace
LIQUID CANNOT DO SOLID PERFORMANCE GET IT LUL
lol LUL
SPAM THIS MICE TO HELP DEVICE Mau5
why you no do homework ? MingLee
Starcraft PogChamp
POTTER LUL
PS4 LUL
Harry + Potter Kreygasm
QUID LUL
CONSOLE LUL
why you not like your brother? why you play dota? you try to cast ultimate but you not ultimate MingLee
HAX WutFace
SPAM THIS NAF TO HELP NAF SeriousSloth
H4X BabyRage
SPAM THIS MICE TO HELP DEVICE Mau5
Make sure to enter the awesome giveaway! http://intelextrememasters.com/raffle :D
NINJA PogChamp
ASSASSIN CREED LUL
SPAM THIS NAF TO HELP NAF SeriousSloth
N A F SeriousSloth
made for $2 dolla for you $40 special price you buy now MingLee
SPAM THESE MICE TO HELP DEVICE Mau5
Laptop WutFace
@shoooost PogChamp
SPAM THIS MICE TO HELP DEVICE Mau5
ye £3000 for a laptop LUL
SPAM THIS NAF TO HELP NAF SeriousSloth
LIQUID CANNOT DO SOLID PERFORMANCE GET IT LUL
SPAM THIS MICE TO HELP DEVICE Mau5
KINGUIN LUL
Sh1tguin LUL
SPAM THESE MICE TO HELP DEVICE Mau5
Learn grammar DatSheffy
TV LUL
GYM LUL
Faze LUL
GYM FOR CS LUL
@shoooost LUL
SK LOSING LUL
YUROPOORS weather EleGiggle
thicc PogChamp
UFO in Poland PogChamp
nice pre recorded stream its a rerun LUL
it's a comfy weather, you coul also go to school without fear for you life LUL
Katowice <3
co tam to all my polish speakers <3
nazi germany <3
chate gay? VoteYea
Naf on Overpass PogChamp
EU DansGame
"SK currently leads the grand slam" but its NA era now guys, right? Kappa
type if u gay VoteYea
CIS Country LUL
@realistic_killa ever heard of Italy, Greece, Spain and Portugal? He thinks EU is one country LUL
SK Telecom? Faker? LUL
@Dux9 technically isn't SK a NA team since they live in the US? WutFace
i recommend AQUAPARK in RUDA SLASKA its next to Katowice ! probably best aquapark in poland :D
FNX WAS THE PROBLEM LUL
@tartumartin VoteYea
Upcoming casters Kreygasm
casters 0 research FailFish
herpeKIST LUL
NA CASTERS = NA WIN. LIQUID 2-0 CONFIRMEd LUL
r6rekt riPepperonis
Henry KappaPride
WHO THE FUCK ARE THOSE GUYS LUL
On fire 16-12 LUL
GLAIVE LUL
shoooost they probably are, I am just trying to be funny, like the rest of this chat is 4Head
Reading Bible LUL
@proffsskit funny WutFace
CSGO STRATS 101 LUL
@Proffsskit LOOOOOOOOOOOOOOOOOOOOOOOOOOOOL 4Head
nuke nuke <3
The first round of this map @shoooost for liquid to win is my bet :)
LIQUID CANNOT DO SOLID PERFORMANCE GET IT LUL
NUKE PogChamp
@SpotTheOzzieTV I got Liquid to win the overall match. Never seen a bet for just the first round though gl homie :D
TYLOO LUL
smokie2K back again LUL
it'll never leave Kappa
Spam This Fish To Help ELiGE SabaPing
Phase 2 Gamma Doppler Kreygasm
SPAM THIS NAF TO HELP NAF SeriousSloth
SPAM THIS NAF TO HELP NAF SeriousSloth
Make sure to enter the awesome giveaway! http://intelextrememasters.com/raffle :D
SPAM THIS MICE TO HELP DEVICE Mau5
nuke <3
64 tick server Kappa
SPAM THIS NAF TO HELP NAF SeriousSloth
@biqshaqq wtf he's sexy af... show me a picture of yours cmonBruh
ASSTRALIS LUL
SPAM THIS NAF TO HELP NAF SeriousSloth
SPAM THIS NAF TO HELP NAF SeriousSloth
save USP Kappa
SPAM THIS NAF TO HELP NAF SeriousSloth
SPAM THIS NAF TO HELP NAF SeriousSloth
14 hp LUL
still alive LUL
2 xyp9x WutFace
2 Xyph9x LUL
xyp9x has done it .... he finally cloned himself PogChamp
His cheating! WutFace
new nuke LUL
SPAM THIS NAF TO HELP NAF SeriousSloth
-mirage +canals and nuke will be played more :D
Poland HUD LUL
@SpotTheOzzieTV grats im not even worried, liquid got this :)
SPAM THIS NAF TO HELP NAF SeriousSloth
SPAM THIS MICE TO HELP DEVICE Mau5
here we go again LUL
SPAM THIS NAF TO HELP NAF SeriousSloth
CHOKEQUID LUL
SPAM THIS NAP TO HELP OUT NAF ResidentSleeper
SPAM THIS NAF TO HELP NAF SeriousSloth
BM LUL
bm LUL
BM DansGame
Spam This Fish To Help ELiGE. SabaPing
NA CS LUL
BM Kreygasm
BM WutFace
LULQUID LUL
BM BloodTrail
SPAM THIS NAP TO HELP OUT NAF ResidentSleeper
HUD TTours
SPAM THIS MICE TO HELP DEVICE Mau5
RAGEQUIT DEVICE Kappa
ALT TAB :)
WAKE UP DEVICE BibleThump
golden daily check Kappa
Chetas On NotLikeThis
@flnZfsCS nice ego :D
Ustillo is a monster Tom 4Head
Dev1ce vac banned Check HLTV 4Head
SPAM THIS MICE TO HELP DEVICE Mau5
LIQUID CANNOT DO SOLID PERFORMANCE GET IT LUL
Kneppet jer alle Kappa
SPAM THIS MICE TO HELP DEVICE Mau5
Nail biting WutFace
SPAM THIS MICE TO HELP DEVICE Mau5
SPAM THIS NAP TO HELP OUT NAF ResidentSleeper
Spam This Fire To Help NAF-FLY TwitchLit
SPAM THIS NAF TO HELP NAF SeriousSloth
SPAM THESE MICE TO HELP DEVICE Mau5
Spam This Mice To Help Dev1ce Mau5
SPAM THIS MICE TO HELP DEVICE Mau5
SPAM THIS MICE TO HELP DEVICE Mau5
SPAM THIS MICE TO HELP DEVICE Mau5
SPAMMERS LUL
SPAM THIS MICE TO HELP DEVICE Mau5
SPAM THIS NAF TO HELP NAF SeriousSloth
SPAM THIS MICE TO HELP DEVICE Mau5DenniPB: SPAM THIS MICE TO HELP DEVICE Mau5
Betting on Pistols @SpotTheOzzieTV LUL
SPAM THIS LAUGH TO HELP NAF EleGiggle
<SeriousSloth N A F SeriousSloth
SPAM THIS MICE TO HELP DEVICE Mau5
SPAM THIS NAF TO HELP NAF SeriousSloth
SPAM THESE MICE TO HELP DEVICE Mau5
N A F SeriousSloth
SPAM THIS NAF TO HELP NAF SeriousSloth
SPAM THESE MICE TO HELP OUT DEVICE Mau5
SPAM THIS MICE TO HELP DEVICE Mau5
SPAM THIS NAF TO HELP NAF SeriousSloth
SPAM THIS MICE TO HELP DEVICE Mau5DenniPB: SPAM THIS MICE TO HELP DEVICE Mau5
SPAM THIS MICE TO HELP DEVICE Mau5
SPAM THIS NAF TO HELP NAF SeriousSloth
MODS PLS NotLikeThis
SPAM THIS NAF TO HELP NAF SeriousSloth
SPAM THIS NAF TO HELP NAF SeriousSloth
SPAM THIS MICE TO HELP DEVICE Mau5
SPAM THIS NAF TO HELP NAF SeriousSloth
NAF SeriousSloth
SPAM TO HELP LIQUID mcaT
N A F SeriousSloth
A way to hype up chat Kappa
SPAM THIS NAF TO HELP NAF SeriousSloth
SPAM THIS NAF TO HELP NAF SeriousSloth
SPAM THIS MICE TO HELP DEVICE Mau5
@Cent wtf DansGame
SPAM THIS NAF TO HELP NAF SeriousSloth
SPAM THIS MICE TO HELP DEVICE Mau5
TK LUL
TK LUL
NA TK LUL
TK LUL
How come NA is so terrible at FPS-games? They literally learn to shoot people in school? DBstyle
STEEL SLEEPER AGENT LUL
TRAITORRRRRR LUL
LULquid OMEGA LUL
KORY LUL
SPAM THIS NAF TO HELP NAF SeriousSloth
SPAM THIS NAF TO HELP NAF SeriousSloth
TRAITOOORRRRR LUL
How come NA is so terrible at FPS-games? They literally learn to shoot people in school? , DBstyle
EXITING B EXITING B LUL
EXITING RAMP EXITING RAMP .... im sorry kory FeelsBadMan LUL
6 v 4 man this is not WWE LUL
How come NA is so terrible at FPS-games? They literally learn to shoot people in school? DBstyle
SPAM THIS NAF TO Fuck up NAF SeriousSloth
How come NA is so terrible at FPS-games? They literally learn to shoot people in school? DBstyle
SPAM THIS GUY TO HELP NAFFLY SeriousSloth
How come NA is so terrible at FPS-games? They literally learn to shoot people in school? DBstyle
LIQUID CANNOT DO SOLID PERFORMANCE GET IT LUL
SPAM THIS MICE TO HELP DEVICE Mau5
DENNE CHAT ER NU DANSK <3
DENNE CHAT ER NU DANSK <3
SPAM THIS NAF TO HELP NAF SeriousSloth
How come NA is so terrible at FPS-games? They literally learn to shoot people in school? DBstyle
SPAM THIS NAF TO HELP NAF SeriousSloth
How come NA is so terrible at FPS-games? They literally learn to shoot people in school? DBstyle
traitor LUL
SPAM THIS MICE TO HELP DEVICE Mau5
How come NA is so terrible at FPS-games? They literally learn to shoot people in school? , DBstyle
SPAM THIS MICE TO HELP DEVICE Mau5
SPAM THIS MICE TO HELP DEVICE Mau5DenniPB: SPAM THIS MICE TO HELP DEVICE Mau5
SPAM THIS GUY TO HELP NAFFLY SeriousSloth
DENNE CHAT ER NU DANSK <3
Spam This Fire To Help NAF-FLY TwitchLit
DENNE CHAT ER NU DANSK. <3
SPAM THIS NAF TO HELP NAF SeriousSloth
DENNE CHAT ER NU DANSK... <3
SPAM THIS NAF TO HELP NAF SeriousSloth
How come NA is so terrible at FPS-games? They literally learn to shoot people in school? DBstyle
nuke nuke <3
SPAM THIS MICE TO HELP DEVICE Mau5SPAM THIS MICE TO HELP DEVICE Mau5
DENNE CHAT ER NU DANSK <3
DENNE CHAT ER NU DANSK <3
SPAM THIS MICE TO HELP DEVICE Mau5
DENNE CHAT ER NU DANSK <3
DENNE CHAT ER NU DANSK <3
SPAM THIS NAF TO HELP NAF SeriousSloth
VIRTUS PRO LUL
SPAM THIS MICE TO HELP DEVICE Mau5
DENNE CHAT ER NU DANSK. <3
How come NA is so terrible at FPS-games? They literally learn to shoot people in school? DBstyle
SPAM THIS NAF TO HELP NAF SeriousSloth
@Cent good otherwise i tell Perm BabyRage
SPAM THIS MICE TO HELP DEVICE Mau5
N A F SeriousSloth
shut up caster nuke <3
How come NA is so terrible at FPS-games? They literally learn to shoot people in school? DBstyle
POLISH . PRO LUL
You can't hide the truth Cent SwiftRage
SPAM THIS MICE TO HELP DEVICE Mau5
SPAM THIS NAF TO HELP NAF SeriousSloth
SPAM THIS NAF TO HELP NAF SeriousSloth
DENNE CHAT ER NU DANSK. <3
@quote_me_if_kneego Kappa
F N A T I C LUL
thanks you esl SeemsGood
I'm golden TwitchRPG
Capital K Kappa
SPAM THIS GUY TO HELP NAFFLY SeriousSloth
Pause LUL
KASTER KURSE Kappa
Make sure to enter the awesome giveaway! http://intelextrememasters.com/raffle :D
SPAM THIS NAF TO HELP NAF SeriousSloth
caster PogChamp
The tension between these two KappaPride
SPAM THIS NAF TO HELP NAF SeriousSloth
Yeah apart form the delay on the sound right now FailFish
SPAM THIS MICE TO HELP DEVICE Mau5
DENNE CHAT ER NU DANSK <3
SPAM THIS MICE TO HELP DEVICE Mau5
Casters KappaPride
SPAM THIS NAF TO HELP NAF SeriousSloth
How come NA is so terrible at FPS-games? They literally learn to shoot people in school? DBstyle
Budget casters PogChamp
DENNE CHAT ER NU DANSK. <3
How come NA is so terrible at FPS-games? They literally learn to shoot people in school? DBstyle
put tank in a mall LUL
SPAM THIS MICE TO HELP DEVICE Mau5
SPAM THIS NAF TO HELP NAF SeriousSloth
SPAM THIS GUY TO HELP NAFFLY SeriousSloth
casters FailFish
How come NA is so terrible at FPS-games? They literally learn to shoot people in school? DBstyl DBstyle
casters KappaPride
How come NA is so terrible at FPS-games? They literally learn to shoot people in school? DBstyle
rip item :(
That caster in black shirt KappaPride
How come NA is so terrible at FPS-games? They literally learn to shoot people in school? DBstyle
-1 LUL
SPAM THIS NAF TO HELP NAF SeriousSloth
SPAM THIS NAF TO HELP NAF SeriousSloth
dupreeh -1 LUL
LET'S SET THIS STREAM ON FIRE CurseLit
SPAM THIS NAF TO HELP NAF SeriousSloth
casters LUL
cheats not working DansGame
SPAM THIS NAF TO HELP NAF SeriousSloth
SPAM THIS NAF TO HELP NAF SeriousSloth
0 0 2 nitr0 PogChamp
How come NA is so terrible at FPS-games? They literally learn to shoot people in school? DBstyle
Cringe EleGiggle
SPAM THIS NAF TO HELP NAF SeriousSloth
Cheats not working LUL
-1/0/3 LUL
SPAM THIS NAF TO HELP NAF SeriousSloth
SPAM THIS MICE TO HELP DEVICE Mau5
SPAM THIS NAF TO HELP NAF SeriousSloth
SPAM THIS NAF TO HELP NAF SeriousSloth
LET'S SET THIS STREAM ON FIRE CurseLit
How come NA is so terrible at FPS-games? They literally learn to shoot people in school? DBstyle
How come NA is so terrible at FPS-games, When they literally learn to shoot people in school? DBstyle
@Cent ofc :)
fingers :)
PAUSE ResidentSleeper
SPAM THIS NAF TO HELP NAF SeriousSloth
ESL PRODUCTION LUL
How come NA is so terrible at FPS-games? They literally learn to shoot people in school? DBstyle
astralis 2:1 LUL
2-1 WutFace
Type AMEN so Father Glaive be guided by Lord Gaben BlessRNG
How come NA is so terrible at FPS-games? They literally learn to shoot people in school? DBstyle
SPAM THIS GIRAFFE TO HELP NAF SeriousSloth
2-1 LUL
That music LUL
CHAT LUL
EZ FOR STRALIS LUL
2-1 CONFIRMED IEM LUL
SPAM THIS NAF TO HELP NAF SeriousSloth
2-1 NUKE not the entire bo3 chat silvers LUL
Astralis 2:1 KappaPride
ASTRALIS ALREADY WON LUL
SCRIPTED LUL
IT'S OVER BOIS ASTRALIS WON 2-1 LUL
iquid LUL
Dont Translate Runaway to Japanese TriHard
POORLAND LUL
2-1 LUL
2:1 LUL
2:1 Nuke score LUL
Astralis for the win ;)
Hahaha <3
The scenery looks too smooth to be real PogChamp
inzo XD LUL
Eu chat LUL
UFO WutFace
BACK LUL
@hannesv no need to be rude :o
SPAM THIS GIRAFFE TO HELP NAF SeriousSloth
SPAM THIS MICE TO HELP DEVICE Mau5
HLTV BANNED CHECK JW 4Head
@hannesv :(
@Pissuki :(
SPAM THIS MICE TO HELP DEVICE Mau5
MURIFATS LUL
more rounds on nuke than inferno tside LUL
SPAM THIS MICE TO HELP DEVICE Mau5
VAC PogChamp
SPAM THIS MICE TO HELP DEVICE Mau5
"THIS MICE" NA ENGLISH LUL
VP pick? LUL
Astralis champion 2018 confirmed LUL
1hp damage nade LUL
F LUL
LMAO THE CLIFFHANGER LUL
WTF LUL
