@death_blooms0626 named by the Mudvane song? PogChamp
50K IS A FORTUNE FOR BR MONKEYS 4Head
Im 12 and everything is cringe :D
Who do you guys think will win? :)
no practice - ez north LUL
H1Z1 is dead PUBG is dead CSGO is dead 4Head
ALL I CAN SEE IS MM LUL
is csgo dead? 17k viewers LUL
17k VIEWERS ON MAJOR CSGO IS DEAD 4Head
I can't believe pubg really killed csgo (only 18k viewers in a major) FailFish
I have a 200 word essay due tomorrow NotLikeThis
ESTE CHAT AGORA É BRASILEIRO 4Head
I can't believe pubg really killed csgo (only 17k viewers in a major) FailFish
csgo dead 18k viwers, RL 78k NotLikeThis
@hardstyled Din ven hardstyled ser også med. VoHiYo
SC2 CROWD WAS BIGGER CSGO DED Kappa
NORTH IN 2 MAJOR FINALS PogChamp
rocket league 77k viewers, csgo major 18k viewers FailFish
if gale force won 14 rounds to north,,, imm ? 4Head
Hazed thinks hes still on optic LUL
BRA71L IN MAJOR FINALS AGAIN LUL
19k major finals, CS GO IS DYING LUL
people still fall for these low effort trolls ResidentSleeper
and the 3k deagle of guishorro? Kappa
WE ARE IMMORTALS WE HAVE NO SKILL NORTH WILL ONCE MORE SEND US BACK TO BRAZIL LUL
1 more xD and i'm out SwiftRage
Rocket League playoffs 75k viewers :D
one tournament at a time please DansGame
one more and I'm out. Kappa
THIS CHAT IS BRAZILIAN NOW 4Head
RICK AND MORTY AT MAJOR LUL
20k viewers for a tier 3 match PogChamp
ACTUALY TIER 3 MATCH ONLY WITH A NA TEAM OTHER CHANNEL LUL
THIS CHAT ITS BRAZILIAN NOW 4Head
@leogmg1909 welcome to twitch chat; a bunch of ignorant people LUL
@martinesseofficial not now, gonna watch the match or go to PUBG LUL
19k viewers nice Major final LUL
WE ARE IMMORTALS WE HAVE NO SKILL NORTH WILL ONCE MORE SEND US BACK TO BRAZIL LUL
SK JEBAITED IMT OVERRATED LG CLUELESS NOT LONG HAVE WE WAITED BRAZIL ELIMINATED 4Head
HEN1's skin is so nice Kappa
HS more views than CSGO LUL
Anyone from czech republic ? :D
BEST NA TEAMS = 1º SK - 2º IMT - 3º LG - 4º TS... AMERICANS ARE SO BAD LuL LUL
COBBLE DRAGON LORE plzz Kapap PogChamp
anyone who plays space engeeners ? :D
HELLO NA! BR HERE! WHO IS TOP 1? 4Head
SK JEBAITED IMT OVERRATED LG CLUELESS NOT LONG HAVE WE WAITED BRAZIL ELIMINATED 4Head
EVERYBODY KNOW THAT IMT WILL WIN , THEY ARE BRAZILIANS , BRAZILIANS IN CS IS LIKE KOREANS IN OTHER GAMES . ResidentSleeper
EVERYBODY KNOW THAT IMT WILL WIN , THEY ARE BRAZILIANS , BRAZILIANS IN CS IS LIKE KOREANS IN OTHER GAMES . ResidentSleeper
SK JEBAITED IMT OVERRATED LG CLUELESS NOT LONG HAVE WE WAITED BRAZIL ELIMINATED 4Head
WE ARE IMMORTALS WE HAVE NO SKILL NORTH WILL ONCE MORE SEND US BACK TO BRAZIL LUL
HELLO NA! BR HERE! WHO IS TOP 1? 4Head
HAHAHAHHA, HEY BRAZIL QUE OTA? 4Head
EVERYBODY KNOW THAT IMT WILL WIN , THEY ARE BRAZILIANS , BRAZILIANS IN CS IS LIKE KOREANS IN OTHER GAMES . ResidentSleeper
WHAT FUCK ?? THESE CASTERS ARE SOOOO DUMB , OBVIOUSLY THAT IMT WILL WIN . FailFish
BEST NA TEAMS = 1º SK - 2º IMT - 3º LG - 4º TS... AMERICANS ARE SO BAD LuL LUL
WE ARE IMMORTALS WE HAVE NO SKILL NORTH WILL ONCE MORE SEND US BACK TO BRAZIL LUL
According to Twitter, they were late because they were partying LUL
the fuck is this ? LUL
CSGO IS DEAD ANYWAY CUE OH TA 4Head
LMAO DREAMHACK MAJOR 2018 HYPE PogChamp
Nice i won 2000 cause of this Kappa
HVOR GRINEREN HVAD SKER DER LUL
20k viewers in a major csgo dead LUL
WE ARE IMMORTALS WE HAVE NO SKILL NORTH WILL ONCE MORE SEND US BACK TO BRAZIL LUL
@DreamHackCS GIVE ME A PC <3
DENNMARK 1 MAJOR vs BR 2 MAJOR GET REKT LUL
HVOR MEGET HAR DE RØGET LUL
LIQ 2 x 2 MOU imGlitch
NA major no NA teams dead game LUL
S P O I L E R LUL
TIPICO DE BRASILEIRO , SEMPRE CHEGANDO ATRASADO , OLHA LA , JA COMEÇARAM PERDENDO .. FailFish
C9 wouldent of been late LUL
📞 HELLO IMMORTALS 📞 NORTH HERE 📞 ARE YOU UP YET? 4Head
CUT IMT SLACK BRAZILIANS TOO POOR FOR WATCHES 4Head
BR TOO SLOW TO TELL TIME EleGiggle
IMMORTALS NOW HAVE AN EXCUSE FOR LOSING SO BAD LUL
📞 HELLO IMMORTALS 📞 NORTH HERE 📞 ARE YOU UP YET? 4Head
IMMORTALS NOW HAVE AN EXCUSE FOR LOSING SO BAD . LUL
I WANT TO BE HEAL... REAL LIFE IS S... I NEED TO TAKE ANOTHER ONE FUCK, ONE MORE GAME MOM IM A GAMER OpieOP
Best of 1 Grand Finals Kappa
DE SKU DA HELT VÆK LUL
ELES CHEGARAM ATRASADOS , POR ISSO JA COMEÇARAM PERDENDO... FailFish
📞 HELLO IMMORTALS 📞 NORTH HERE 📞 ARE YOU UP YET? 📞 4Head
PUBG> CS:GO PUBG> CS:GO PUBG> CS:GO PUBG> CS:GO DansGame
WO? New rules for a dead game LUL
ELES CHEGARAM ATRASADOS , E COMO PUNIÇAO ELES PERDERAM 1 ROUND ... FailFish
HAR DE DRUKKET AF NATPOTTEN AHAH LUL
:telephone_receiver: HELLO Cs:go? :telephone_receiver: Pubg HERE :telephone_receiver: MAJOR ITS FOR ME NOW :telephone_receiver: ARE U ALIVE CS? 4Head
B01 FINALS IN MAJOR, RIP CSGO FailFish
ID LOVE TO HAVE HEN1s CLEAN SKIN FUNgineer
27K in chat and no xD FailFish
ME PUGB ME HIT PEAK ME BE DEAD IN A WEEK LUL
Dead major just became even more dead LUL
SORTEIO AWP DRAGON LORE NO INSTAGRAM @SAULLIMAA <3
📞 HELLO NORTH 📞 IMMORTALS HERE 📞 WE JUST NEED 2 MAPS 📞 4Head
:telephone_receiver: HELLO CSGO? :telephone_receiver: Pubg HERE :telephone_receiver: MAJOR ITS FOR ME NOW :telephone_receiver: ARE U ALIVE CS? 4Head
PUBG<CSGO PUBG<CSGO PUBG SUCKS PUBG SUCKS LUL
SORTEIO AWP DRAGON LORE NO INSTAGRAM @SAULLIMAA <3
PARECE QUE ELES CHEGARAM ATRASADOS NO TORNEIO , E COMO PUNIÇAO PERDERAM 1 ROUND ... FailFish
oo📞 HELLO NORTH 📞 IMMORTALS HERE 📞 WE JUST NEED 2 MAPS 📞 4Head
SORTEIO AWP DRAGON LORE NO INSTAGRAM @SAULLIMAA <3
IM BRAZILIAN BUT IM SHAME GingerPower
1-0 is the new 7-1 LUL
IMMORTALS NOW HAVE AN EXCUSE FOR LOSING SO BAD LUL
WE ARE IMMORTALS WE HAVE NO SKILL NORTH WILL ONCE MORE SEND US BACK TO BRAZIL LUL
shroud said PUBG was going to kill cs I didnt believe him but 26k viewers in a major dead game LUL
WE ARE IMMORTALS WE HAVE NO SKILL NORTH WILL ONCE MORE SEND US BACK TO BRAZIL LUL
Luminosity Outdated IMT Overrated SK Eliminated Brazil Exasperated Jebaited
📞 HELLO BR 📞 NA HERE 📞 LAST GRAND FINALS 📞 4Head
EZ for TheNorthIsHere - KOM NU FOR FANDEN!! :D
Luminosity Outdated IMT Overrated SK Eliminated Brazil Exasperated . Jebaited
WE ARE IMMORTALS WE HAVE NO SKILL NORTH WILL ONCE MORE SEND US BACK TO BRAZIL LUL
HOLD MY BEER GIVE THEM ONE MAP awkwTHAIBEER awkwTHAIBEER LUL
WE ARE IMMORTALS WE HAVE NO SKILL NORTH WILL ONCE MORE SEND US BACK TO BRAZIL LUL
W.O no primeiro mapa contra o time do valdemir e o caju 4Head
WE ARE IMMORTALS WE HAVE NO SKILL NORTH WILL ONCE MORE SEND US BACK TO BRAZIL . LUL
WHY PLAYING FIRST MAP; LETS JUST THROW AWAY THE FINALS ResidentSleeper
Luminosity Outdated IMT Overrated SK Eliminated Brazil Exasperated Jebaited
BO1 GRAND FINALS IN CSGO MAJOR LUL
NORTH WILL ONCE MORE SEND US BACK TO BRAZIL . LUL
DOESN'T EVEN GET A HIT LUL
📞 HELLO IMMORTALS? 📞 NORTH HERE 📞 WHY YOU LATE? 📞 4Head
📞 HELLO BR 📞 NA HERE 📞 LAST GRAND FINALS 📞 4Head
27k views in a major dead game LUL
30k viewers, bo1 finals in major, csgo is dead FailFish
HI IMMORTALS DREAMHACK CALLED 📞 YOUR LATE LUL
ESSE CHAT AGORA é BRASILEIRO 4Head
HI IMMORTALS DREAMHACK CALLED 📞 YOUR LATE 📞 LUL
This used to be a magisk team BloodTrail
📞 HELLO BR 📞 NA HERE 📞 NICE THROW 📞 4Head
HI IMMORTALS DREAMHACK CALLED 📞 YOUR LATE 📞 lul LUL
Why you guys care so much about this dead game? LUL
INCOMING IMT CRYING ABOUT MAP LOSS :D
2 EZ 4 NORTH THE BEST EU SOCCER TEAM PogChamp
30k viewers, bo1 finals in major, csgo is dead FailFish
📞 HELLO IMMORTALS? 📞 DREAMHACK HERE 📞 WHY YOU LATE? 📞 4Head
BEING LATE ON A MAJOR FINAL FailFish
SKIDE BRASILIANERE ER HELT VÆK JO LUL
32K in chat and no xD FailFish
Luminosity Outdated IMT Overrated SK Eliminated B Jebaited
BRAZIL HAVING A NOTION OF ARRIVING IN TIME 4Head
How many major does Denmark have? 4Head
BR CZS BR CZS BR CZS BR CZS LUL
This is gonna be a meme for a long time :D
32k in chat and no ? SabaPing
HELLO EU ? BR HERE Q OTA ? 4Head
ESSE CHAT AGORA É BRASILEIRO 4Head
📞 HELLO NA? 📞 EU HERE 📞 WHERES UR MAJOR? 📞 4Head
30k viewers, bo1 finals in major, csgo is dead FailFish
SPAM THIS TUNA FOR GOOD FORTUNA SabaPing
Why do you guys care about a dead game? LUL
31k viewrs in a major grand final DEAD GAME LUL
SPAM THIS TUNA FOR GOOD FORTUNA SabaPing
BEST OF 1 MAJOR FINAL PogChamp
wtf North got a default map win? LUL
ME PUBG ME BEING HYPED 4 MONTHS LATER ME HAVE DIED LUL
SPAM THIS TUNA FOR GOOD FORTUNA SabaPing
SPAM THIS TUNA FOR GOOD FORTUNA SabaPing
30k viewers, bo1 finals in major, csgo is dead FailFish
IMMORTALS LATE CUZ THEY WERE PLAYING PUBG Kappa
SPAM THIS TUNA FOR GOOD FORTUNA SabaPing. SabaPing
SPAM THIS TUNA FOR GOOD FORTUNA SabaPing
@ronaldo09lul almost every cs player plays pubg tho :D
SPAM THIS TUNA FOR GOOD FORTUNA SabaPing
@finesse_xd north is only tier1 team LUL
being late for major final FailFish
@thiccboi696969 Chicken dinner > Major win kinda Kappa
SPAM THIS TUNA FOR GOOD FORTUNA SabaPing
SPAM THIS TUNA FOR GOOD FORTUNA g SabaPing
SPAM THIS TUNA FOR GOOD FORTUNA SabaPing
Luminosity Outdated IMT Overrated SK Eliminated Brazil Exasperated .. Jebaited
SPAM THIS TUNA FOR GOOD FORTUNA SabaPing
CLASSIC BR LATE FOR MAJOR LUL
: SPAM THIS TUNA FOR GOOD FORTUNA SabaPing
SPAM THIS TUNA FOR GOOD FORTUNA . SabaPing
IMT 2 major finals in a row PogChamp
SPAM THIS TUNA FOR GOOD FORTUNA SabaPing
SPAM THIS TUNA FOR GOOD FORTUNA SabaPing
SPAM THIS TUNA FOR GOOD FORTUNA SabaPing
I KNEW PUBG WAS KILLING CSGO BUT 32K AT A MAJOR LUL
SPAM THIS TUNA FOR GOOD STUNNA . SabaPing
SPAM THIS TUNA FOR GOOD FORTUNA SabaPing
@kio_is_the_problem this is not major :)
Luminosity Outdated IMT Overrated SK Eliminated Brazil Exasperated .. Jebaited
ME PUBG ME BEING HYPED 4 MONTHS LATER ME STILL ALIVE LUL
NA MAJOR 30 K VIEWS DEAD GAME LUL
CSGO Major CSGO is dead LUL
30k viewers, bo1 finals in major, csgo is dead FailFish
BR SPAM NO MOD NO BAN VoteYea
ME PUBG ME BEING HYPED 4 MONTHS LATER I'M STILL ALIVE LUL
WE ARE IMMORTALS WE HAVE NO SKILL NORTH WILL ONCE MORE SEND US BACK TO BRAZIL LUL
(North won Mirage because Immortals had to forfeit due to being late) LUL
📞 HELLO IMMORTALS? 📞 NORTH HERE 📞 DONT BE LATE 📞 4Head
ME PUBG ME BEING HYPED 4 MONTHS LATER ME HAVE DIED LUL
@kio_is_the_problem this is not major :)
📞 HELLO IMMORTALS? 📞 NORTH HERE 📞 DONT BE LATE 📞 - 4Head
This is not a major LUL
CHAT HELP ME! WHO ARE WE ANGRY AT AND WHY? SMOrc
Guys, stop feeding the trolls FailFish
Luminosity Outdated IMT Overrated SK Eliminated Brazil Exasperated .. Jebaited
📞 HELLO BR 📞 NA HERE 📞 LAST GRAND FINALS 📞 4Head
📞 HELLO IMMORTALS? 📞 NORTH HERE 📞 DONT BE LATE 📞 _ 4Head
Rocket League 80k, CSGO MAJOR 30k FailFish
this match may as well be a b01 LUL
THIS IS A MAJOR I'M 12 BTW haHAHA LUL
ME PUBG ME BEING HYPED 4 MONTHS LATER I'M STILL ALIVE LUL
@chillzone this is not a major :)
FAVORITE TEAM CLOUD9? FAVORITE PLAYER STEWIE2K? YEP, YOU GUESSED IT IM FROM REDDIT LUL
📞 HELLO IMMORTALS? 📞 NORTH HERE 📞 DONT BE LATE 📞 4Head
People actually believe this isn't the major 4Head
Look at the views CSGO is dead LUL
ME PUBG ME BEING HYPED 4 MONTHS LATER ME HAVE DIED LUL
Immortals in another major final PogChamp
North going to win a major PogChamp
BR is located in NA monkaS chat LUL
Luminosity Outdated IMT Overrated SK Eliminated Brazil Exasperated Jebaited
@zemenar124 this is not a major :)
Brazilians in the air with AWP WutFace
📞 HELLO IMMORTALS? 📞 NORTH HERE 📞 DONT BE LATE 📞 4Head
CS is dead PUBG taking over with cars sounding like lawnmovers LUL
M A J O R LUL
📞 HELLO IMMORTALS? 📞 NORTH HERE 📞 DONT BE LATE 📞 4Head
@Bbs94 this is not a major :)
This game is dead guys, I'm going to watch pubg, cya nerds 4Head
WHERE IS NA IN NA? LUL
📞 HELLO IMMORTALS? 📞 NORTH HERE 📞 DONT BE LATE 📞 - 4Head
@incept1ion u still here tho' Kappa
📞 HELLO IMMORTALS? 📞 NORTH HERE 📞 WINTER IS COMING 📞 4Head
ME PUBG ME BEING HYPED 4 MONTHS LATER ME HAVE DIED LUL
📞 HELLO IMMORTALS? 📞 NORTH HERE 📞 DONT BE LATE 📞 - 4Head
📞 HELLO IMMORTALS? 📞 NORTH HERE 📞 DONT BE LATE 📞 4Head
nao manjo dos cs agora que vi Kappa
📞 HELLO IMMORTALS? 📞 NORTH HERE 📞 DONT BE LATE 📞 4Head
HELLO BRAZIL? DENMARK HERE NICE TEAM 4Head
WE ARE IMMORTALS WE HAVE NO SKILL NORTH WILL ONCE MORE SEND US BACK TO BRAZIL LUL
📞 HELLO IMMORTALS? 📞 NORTH HERE 📞 DONT BE LATE 📞 4Head
Of course is BO5 because it's a major final idiots FailFish
IMMORTALS IS BAD Silver 4 btw 4Head
HELLO BRAZIL? DENMARK HERE NICE TEAM 4Head
📞 HELLO IMMORTALS? 📞 NORTH HERE 📞 DONT BE LATE 📞 4Head
📞 HELLO IMMORTALS? 📞 NORTH HERE 📞 DONT BE LATE 📞 4Head
📞 HELLO IMMORTALS? 📞 NORTH HERE 📞 DONT BE LATE 📞 4Head
HELMET AGAINST AK47 AND AWP LUL
📞 HELLO IMMORTALS? 📞 NORTH HERE 📞 DONT BE LATE 📞 4Head
📞 HELLO IMMORTALS? 📞 NORTH HERE 📞 DONT BE LATE 📞 4Head
📞 HELLO IMMORTALS? 📞 NORTH HERE 📞 DONT BE LATE 📞 4Head
Pleb chat it's a dreamhack they have many game competitions at the same time LUL
📞 HELLO IMMORTALS? 📞 NORTH HERE 📞 DONT BE LATE 📞 4Head
📞 HELLO IMMORTALS? 📞 NORTH HERE 📞 DONT BE LATE 📞 - 4Head
📞 HELLO IMMORTALS? 📞 NORTH HERE 📞 DONT BE LATE 📞 4Head
North win first map by default due to Immortals being late for the start of the Bo3. LUL
📞 HELLO IMMORTALS? 📞 NORTH HERE 📞 DONT BE LATE 📞 4Head
📞 HELLO IMMORTALS? 📞 NORTH HERE 📞 DONT BE LATE 📞 4Head
WE ARE IMMORTALS WE HAVE NO SKILL NORTH WILL ONCE MORE SEND US BACK TO BRAZIL LUL
Hen1 throwing 1 man advantage like nothing 4Head
Who wonnered the first map someone tell me please 4Head
📞 HELLO IMMORTALS? 📞 NORTH HERE 📞 DONT BE LATE 📞 4Head
BO1 MAJOR FINAL IN 2017 LUL
tfw you win a major final with a single map win LUL
📞 HELLO PUBG? 📞 CSGO COMMUNITY HERE 📞 WE WILL SEND U ALL SILVERS TO PLAY THAT UNSKILLED GAME 📞 4Head
North gonna win their first event since epicenter SwiftRage
HELLO BRAZIL? DENMARK HERE WHY SO QUIET 4Head
H A N G O V E R LUL
HELLO BRAZIL? DENMARK HERE WHY SO QUIET 4Head
EU = MAC-10 NA = BIG MAC-10 4Head
HELLO BRAZIL? DENMARK HERE DID YOU DRINK TOO MUCH? 4Head
📞 HELLO IMMORTALS? 📞 NORTH HERE 📞 DONT BE LATE 📞 4Head
📞 HELLO CLOUD9? 📞 NORTH HERE 📞 WHERE ARE YOU 📞 4Head
📞 HELLO IMMORTALS? 📞 NORTH HERE 📞 DONT BE LATE 📞 4Head
KNG balada Lucas1 balada Hen1 balada Immortals eliminada Jebaited
HELLO IMMORTALS? 📞 NORTH HERE 📞 WARMUP IS FINISH 📞 4Head
IMT wants to lose fast so they can drink more LUL
📞 HELLO PUBG? 📞 CSGO COMMUNITY HERE 📞 THANKS FOR WELCOMING OUR SILVER PLAYERS 📞 4Head
:telephone_receiver: HELLO IMMORTALS? :telephone_receiver: NORTH HERE :telephone_receiver: DONT BE LATE :telephone_receiver: 4Head
HELLO BRAZIL? DENMARK HERE NICE TEAM ROFL 4Head
incept1ion: IMT wants to lose fast so they can drink more LUL
📞 HELLO NA? 📞 EU HERE 📞 WHERES UR MAJOR? 📞 4Head
📞 HELLO IMMORTALS? 📞 NORTH HERE 📞 THANKS FOR MAP 1 📞 4Head
ONLY 32 K ON A MAJOR FINALS WutFace
IMT wants to lose fast so they can drink more LUL
📞 HELLO IMMORTALS? 📞 NORTH HERE 📞 DONT BE LATE 📞 4Head
📞 HELLO PUBG? 📞 CSGO COMMUNITY HERE 📞 THANKS FOR WELCOMING OUR SILVER PLAYERS 📞 4Head
HELLO IMMORTALS? 📞 NORTH HERE 📞 WARMUP IS FINISH 📞 4Head
immortals know its live right? LUL
north no fans in canad LUL
Aegon Targaryen is the owner of North Kappa
2 MAJORS FINALS TODAY ESG AND DREAMHACK PogChamp
only 32k cuz no one wants to watch IMT get rekt EleGiggle
best major grand finale ever 4Head
HELLO BRAZIL? DENMARK HERE THANKS FOR EZ MAP 4Head
📞 HELLO PUBG? 📞 CSGO COMMUNITY HERE 📞 THANKS FOR WELCOMING OUR SILVER PLAYERS 📞 4Head
THE NORTH REMEMBERS BUT BRAZIL FORGOT AND CAME LATE 4Head
2 MAJORS FINAL ESG AND DREAMHACK LUL
📞 HELLO PUBG? 📞 CSGO COMMUNITY HERE 📞 THANKS FOR WELCOMING OUR SILVER PLAYERS 📞 4Head
📞 HELLO PUBG? 📞 CSGO COMMUNITY HERE 📞 THANKS FOR WELCOMING OUR SILVER PLAYERS 📞 4Head. 4Head
Global ( North) vs Immortals ( Silver) :D
only 6 quadrillion on minor major BabyRage
HELLO NORTH? 📞 IMMORTALS HERE 📞 WE ARE GYPSYS 📞 4Head
IMMORTALS FORFEIT MATCH DUE TO HANGOVER SO BAD LUL
📞 HELLO IMMORTALS? 📞 NORTH HERE 📞 DONT BE LATE 📞 4Head
THIS ISN'T A MAJOR I DON'T KNOW WHAT A JOKE IS BabyRage
Immortals cant play cause hangover LUL
📞 HELLO PUBG? 📞 CSGO COMMUNITY HERE 📞 THANKS FOR WELCOMING OUR SILVER PLAYERS 📞 4Head
HELLO IMMORTALS? 📞 NORTH HERE 📞 WARMUP IS FINISH 📞 4Head
📞 HELLO IMMORTALS? 📞 NORTH HERE 📞 DONT BE LATE 📞 4Head
A Lot of Immortal Bodies on the Ground LUL
HELLO NORTH? 📞 IMMORTALS HERE 📞 WE ARE GYPSYS 📞 2 4Head
HELLO NORTH? 📞 IMMORTALS HERE 📞 WE ARE GYPSYS 📞 4Head
📞 HELLO IMMORTALS? 📞 NORTH HERE 📞 DONT BE LATE 📞 4Head
Brazil dont know the clock? :(
THIS IS NOT A MAJOR I REPEAT THIS IS NOT A MAJOR BabyRage
SK ELIMINATED IMM DECIMATED SUICIDE WATCH ON BR ACTIVATED 4Head
📞 HELLO IMMORTALS? 📞 NORTH HERE 📞 DONT BE LATE 📞 4Head
IMMORTALS FORFEIT MATCH DUE TO HANGOVER SO BAD LUL
HELLO NORTH? 📞 IMMORTALS HERE 📞 WE ARE GYPSYS 📞 4 4Head
Lucas not even logged into his own account 4Head
WHO NEEDS 30K DOLLARS RIGHT? LUL
msucsgo ... late to a finale... seriusly LUL
📞 HELLO IMMORTALS? 📞 NORTH HERE 📞 DONT BE LATE 📞 4Head
📞 HELLO IMMORTALS? 📞 NORTH HERE 📞 THANKS FOR EASY WIN 📞 4Head
📞 HELLO TWITCH CHAT? 📞 DEAD MEME HERE 4Head
HELLO NORTH? 📞 IMMORTALS HERE 📞 WE ARE GYPSYS 📞 5 4Head
📞 HELLO PUBG? 📞 CSGO COMMUNITY HERE 📞 THANKS FOR WELCOMING OUR SILVER PLAYERS 📞 4Head
HELLO IMMORTALS? 📞 NORTH HERE 📞 HOW IS THE HANGOVER 📞 4Head
HELLO IMMORTALS? 📞 NORTH HERE 📞 DONT BE LATE 📞 4Head
Lucas not even logged into his own account 4Head
:telephone_receiver: HELLO IMMORTALS? :telephone_receiver: NORTH HERE :telephone_receiver: DONT BE LATE :telephone_receiver: 4Head
WHEN YOU COME LATE TO A GRAND FINAL ON LAN HAHAHA 4Head
No souvenir package this major ? Shit major Kappa
SK ELIMINATED IMM DECIMATED SUICIDE WATCH ON BR ACTIVATED 4Head
📞 HELLO CLOUD9? 📞 NORTH HERE 📞 WHERE ARE YOU 📞 4Head
📞 HELLO IMMORTALS? 📞 NORTH HERE 📞 HOW IS THE HANGOVER 📞 4Head
GOOD GUY BOLTZ AND STEEL LUL
HELLO IMMORTALS? 📞 NORTH HERE 📞 DONT BE LATE 📞 4Head
BOLTZ FRUSTRATED STEEL JEBAITED IMMORTALS INTOXICATED BR ELIMINATED Jebaited
This major have no drops shit major Kappa
📞 HELLO IMMORTALS? 📞 NORTH HERE 📞 HOW IS THE HANGOVER 📞 . 4Head
📞 HELLO IMMORTALS? 📞 NORTH HERE 📞 DONT BE LATE 📞 4Head
SK ELIMINATED IMM DECIMATED SUICIDE WATCH ON BR ACTIVATED 4Head
BOLTZ FRUSTRATED STEEL JEBAITED IMMORTALS INTOXICATED BR ELIMINATED Jebaited
📞 HELLO IMMORTALS? 📞 NORTH HERE 📞 DONT BE LATE 📞 4Head
HELLO IMMORTALS? 📞 NORTH HERE 📞 NICE HANGOVER 📞 4Head
STEWIE OVERRATED SKADOODLE OUTDATED TARIK PEANUTBRAINATED C9 ELIMINATED Jebaited
BOLTZ FRUSTRATED STEEL JEBAITED IMMORTALS INTOXICATED BR ELIMINATED Jebaited
Kng looks like he wants to puke LUL
📞 HELLO IMMORTALS? 📞 NORTH HERE 📞 HOW IS THE HANGOVER 📞 4Head
ME PUBG ME BEING HYPED 4 MONTHS LATER ME HAVE DIED LUL
BOLTZ FRUSTRATED STEEL JEBAITED IMMORTALS INTOXICATED BR ELIMINATED Jebaited
BOLTZ FRUSTRATED STEEL JEBAITED IMMORTALS INTOXICATED BR ELIMINATED Jebaited
KNG HEN1 AND LUCAS LATE FOR GRAND FINAL ON LAN LUL
Immo were drinking, priorities you know? Kappa
BOLTZ FRUSTRATED STEEL JEBAITED IMMORTALS INTOXICATED BR ELIMINATED Jebaited
STEWIE OVERRATED SKADOODLE OUTDATED TARIK PEANUTBRAINATED C9 ELIMINATED Jebaited... Jebaited
📞 HELLO IMMORTALS? 📞 NORTH HERE 📞 QUE OTA? 📞 4Head
HELLO IMMORTALS? 📞 NORTH HERE 📞 DONT BE LATE 📞 4Head
SK OVERRATED IMT INTOXICATED CHEATS OUTDATED BRAZILIANS ELIMINATED Jebaited
BOLTZ FRUSTRATED STEEL JEBAITED IMMORTALS INTOXICATED BR ELIMINATED Jebaited
lol more imt fans in the crowd stupid LUL
haha a pun, did you guys notice it 4Head
one more "XD" and im out LUL
SK OVERRATED IMT INTOXICATED CHEATS OUTDATED BRAZILIANS ELIMINATED . Jebaited
SK ELIMINATED IMM DECIMATED SUICIDE WATCH ON BR ACTIVATED 4Head
BOLTZ FRUSTRATED STEEL JEBAITED IMMORTALS INTOXICATED BR ELIMINATED Jebaited
SK OVERRATED IMT INTOXICATED CHEATS OUTDATED BRAZILIANS ELIMINATED Jebaited
📞 HELLO IMMORTALS 📞 NORTH HERE 📞 QUE OTA?? 📞 4Head
I CAME HERE TO LAUGH AT IMT EleGiggle
BOLTZ FRUSTRATED STEEL JEBAITED IMMORTALS INTOXICATED BR ELIMINATED Jebaited
BOLTZ FRUSTRATED STEEL JEBAITED IMMORTALS INTOXICATED BR ELIMINATED Jebaited
📞 HELLO IMMORTALS? 📞 NORTH HERE 📞 DONT BE LATE 📞 4Head
MY BELLY IS HUGE MY BRAIN HAS DELAY YOU GUESSED RIGHT IM FROM NA 4Head
SK OVERRATED IMT INTOXICATED CHEATS OUTDATED BRAZILIANS ELIMINATED .. Jebaited
BOLTZ FRUSTRATED STEEL JEBAITED IMMORTALS INTOXICATED BR ELIMINATED Jebaited
BOLTZ FRUSTRATED STEEL JEBAITED IMMORTALS INTOXICATED BR ELIMINATED Jebaited
BOLTZ FRUSTRATED STEEL JEBAITED IMMORTALS INTOXICATED BR ELIMINATED Jebaited
📞 HELLO IMMORTALS? 📞 NORTH HERE 📞 DONT BE LATE 📞 4Head
BOLTZ FRUSTRATED STEEL JEBAITED IMMORTALS INTOXICATED BR ELIMINATED Jebaited
JebaitedJebaitedBOLTZ FRUSTRATED STEEL JEBAITED IMMORTALS INTOXICATED BR ELIMINATED Jebaited
BOLTZ FRUSTRATED STEEL JEBAITED IMMORTALS INTOXICATED BR ELIMINATED Jebaited
BOLTZ FRUSTRATED STEEL JEBAITED IMMORTALS INTOXICATED BR ELIMINATED Jebaited
📞 HELLO IMMORTALS? 📞 NORTH HERE 📞 QUE OTA?? 📞 4Head
HELLO IMMORTALS? 📞 NORTH HERE 📞 NICE HANGOVER 📞 4Head
BOLTZ FRUSTRATED STEEL JEBAITED IMMORTALS INTOXICATED BR ELIMINATED Jebaited
"you are stupid. never talk again" LUL
BOLTZ FRUSTRATED STEEL JEBAITED IMMORTALS INTOXICATED BR ELIMINATED Jebaited
📞 HELLO IMMORTALS? 📞 NORTH HERE 📞 DONT BE LATE 📞 4Head
📞 HELLO IMMORTALS? 📞 NORTH HERE 📞 QUE OTA?? 📞 4Head
HELLO IMMORTALS? 📞 NORTH HERE 📞 NICE HANGOVER 📞 4Head
BOLTZ FRUSTRATED STEEL JEBAITED IMMORTALS INTOXICATED BR ELIMINATED Jebaited
SK OVERRATED IMT INTOXICATED CHEATS OUTDATED BRAZILIANS ELIMINATED Jebaited
📞 HELLO CLOUD9? 📞 NORTH HERE 📞 WHERE ARE YOU 📞 4Head
MY BELLY IS HUGE MY BRAIN HAS DELAY YOU GUESSED RIGHT IM FROM NA 4Head
HELLO IMMORTALS? 📞 NORTH HERE 📞 NICE HANGOVER 📞 4Head
IMMORTALS INTOXICATED SK DECIMATED LG ELIMINATED BR SUICIDE WATCH ACTIVATED Jebaited
ME PUBG ME BEING HYPED 4 MONTHS LATER ME HAVE DIED LUL
📞 HELLO CLOUD9? 📞 NORTH HERE 📞 WHERE ARE YOU 📞 Twitch Prime just_burkett: moon2SMUGthe_black_sheep_1: no time btw 4Head
HELLO IMMORTALS? 📞 NORTH HERE 📞 NICE HANGOVER 📞 21 4Head
IMMORTALS INTOXICATED SK DECIMATED LG ELIMINATED BR SUICIDE WATCH ACTIVATED Jebaited
HELLO IMMORTALS? 📞 NORTH HERE 📞 NICE HANGOVER 📞 jskd 4Head
SK OVERRATED IMT INTOXICATED CHEATS OUTDATED BRAZILIANS ELIMINATED Jebaited
THE NORTH REMEMBERS BUT BRAZIL FORGOT AND CAME LATE 4Head
"you think you are funny huh? little skid" BabyRage
BOLTZ FRUSTRATED STEEL JEBAITED IMMORTALS INTOXICATED BR ELIMINATED Jebaited
IMMORTALS INTOXICATED SK DECIMATED LG ELIMINATED BR SUICIDE WATCH ACTIVATED Jebaited
📞 HELLO IMMORTALS? 📞 NORTH HERE 📞 16-0 📞 4Head
IMMORTALS INTOXICATED SK DECIMATED LG ELIMINATED BR SUICIDE WATCH ACTIVATED Jebaited
📞 Hello Immortals 📞 North Here 📞 WHY U LATE ? 4Head
16-0 without even playing, ez for north Kappa
16-0, KONFIG destroyed IMT. Check HLTV LUL
📞 HELLO IMMORTALS? 📞 NORTH HERE 📞 16-0 📞 4Head
IMMORTALS INTOXICATED SK DECIMATED LG ELIMINATED BR SUICIDE WATCH ACTIVATED Jebaited
IMMORTALS NORTH HERE YOU LATE? GET DEPORTED , 4Head
HEY BOLTZ DIABETES HERE HOWS IT GOIN MAN? EleGiggle
BOLTZ FRUSTRATED STEEL JEBAITED IMMORTALS INTOXICATED BR ELIMINATED Jebaited
Immortal forefited game due to being late XD 4Head
IMMORTALS INTOXICATED SK DECIMATED LG ELIMINATED BR SUICIDE WATCH ACTIVATED Jebaited
STEEL + BOLTZ = NOW DRUNK LUL
📞 HELLO IMMORTALS? 📞 NORTH HERE 📞 QUE OTA?? 📞 4Head
MY BELLY IS HUGE MY BRAIN HAS DELAY YOU GUESSED RIGHT IM FROM NA 4Head
📞 HELLO IMMORTALS? 📞 NORTH HERE 📞 16-0 📞 4Head
Din ven @erdiklowman har lige tændt. HeyGuys
IMMORTALS INTOXICATED SK DECIMATED LG ELIMINATED BR SUICIDE WATCH ACTIVATED Jebaited
CSGO MAJOR 30K VIEWERS BO1 FINAL DEAD GAME LUL
CSGO MAJOR 30K VIEWERS BO1 FINAL DEAD GAME LUL
📞 HELLO IMMORTALS? 📞 NORTH HERE 📞 QUE OTA?? 📞 4Head
CSGO MAJOR 30K VIEWERS BO1 FINAL DEAD GAME LUL
📞 HELLO IMMORTALS? 📞 NORTH HERE 📞 QUE OTA?? 📞 4Head
BOLTZ FRUSTRATED STEEL JEBAITED IMMORTALS INTOXICATED BR ELIMINATED Jebaited
BOLTZ FRUSTRATED STEEL JEBAITED IMMORTALS INTOXICATED BR ELIMINATED Jebaited
BOLTZ FRUSTRATED STEEL JEBAITED IMMORTALS INTOXICATED BR ELIMINATED Jebaited
BOLTZ FRUSTRATED STEEL JEBAITED IMMORTALS INTOXICATED BR ELIMINATED Jebaited
BOLTZ FRUSTRATED STEEL JEBAITED IMMORTALS INTOXICATED BR ELIMINATED Jebaited
BOLTZ FRUSTRATED STEEL JEBAITED IMMORTALS INTOXICATED BR ELIMINATED Jebaited
CSGO MAJOR 30K VIEWERS BO1 FINAL DEAD GAME LUL
BOLTZ FRUSTRATED STEEL JEBAITED IMMORTALS INTOXICATED BR ELIMINATED Jebaited
BOLTZ FRUSTRATED STEEL JEBAITED IMMORTALS INTOXICATED BR ELIMINATED Jebaited
ME PUBG ME BEING HYPED 4 MONTHS LATER ME HAVE DIED LUL
BOLTZ FRUSTRATED STEEL JEBAITED IMMORTALS INTOXICATED BR ELIMINATED Jebaited
Favelas too late for finals 0 iq nation LUL
BOLTZ FRUSTRATED STEEL JEBAITED IMMORTALS INTOXICATED. BR ELIMINATED Jebaited
IMMORTALS INTOXICATED SK DECIMATED LG ELIMINATED BR SUICIDE WATCH ACTIVATED Jebaited
BOLTZ FRUSTRATED STEEL JEBAITED IMMORTALS INTOXICATED BR ELIMINATED Jebaited
📞 HELLO CLOUD9? 📞 NORTH HERE 📞 WHERE ARE YOU 📞 Twitch Prime just_burkett: moon2SMUGthe_black_sheep_1: no time btw 4Head
📞 HELLO CSGO 📞 PUBG HERE 📞 DEAD GAME 4Head
BOLTZ FRUSTRATED STEEL JEBAITED IMMORTALS INTOXICATED BR ELIMINATED Jebaited
HELLO IMMORTALS? DREAMHACK HERE BE LATE ONE MORE TIME 4Head
📞 HELLO CLOUD9? 📞 NORTH HERE 📞 WHERE ARE YOU 📞 4Head
HELLO IMMORTALS? DREAMHACK HERE BE LATE ONE MORE TIME .... 4Head
BOLTZ FRUSTRATED STEEL JEBAITED IMMORTALS INTOXICATED BR ELIMINATED Jebaited
BudStar IMT TAKE MY VODKA BudStar 4Head
📞 HELLO IMMORTALS? 📞 NORTH HERE 📞 QUE OTA?? 📞 4Head
At what age can peopme from BR tell time? 🤔 Kappa
Why they are so drunk LUL
BOLTZ FRUSTRATED STEEL JEBAITED IMMORTALS INTOXICATED BR ELIMINATED Jebaited
HEY IMMORTALS NEED MORE TIME? Kappa
HELLO IMMORTALS? DREAMHACK HERE BE LATE ONE MORE TIME 4Head
BOLTZ FRUSTRATED STEEL JEBAITED IMMORTALS INTOXICATED BR ELIMINATED Jebaited
IMMORTALS INTOXICATED SK DECIMATED LG ELIMINATED BR SUICIDE WATCH ACTIVATED Jebaited
HELLO IMMORTALS? DREAMHACK HERE BE LATE ONE MORE TIME .... 4Head
HEN1 LUCAS E KNG são uns podres, merecem perder.... coitado do boltz e do steel :(
BOLTZ FRUSTRATED STEEL JEBAITED IMMORTALS INTOXICATED BR ELIMINATED Jebaited
BOLTZ FRUSTRATED STEEL JEBAITED IMMORTALS INTOXICATED BR ELIMINATED Jebaited
BOLTZ FRUSTRATED STEEL JEBAITED IMMORTALS INTOXICATED BR ELIMINATED Jebaited
@DaZeDeZaD NA IN MAJOR ? 4Head
CSGO MAJOR 30K VIEWERS BO1 FINAL DEAD GAME LUL
BOLTZ FRUSTRATED STEEL JEBAITED IMMORTALS INTOXICATED BR ELIMINATED Jebaited
I WORK FOR FREE MODERATE EVERY CHANNEL LIVING ON WELFARE YOU GUESSES IT RIGHT IM CREATIVLY 4Head
📞 HELLO IMMORTALS? 📞 NORTH HERE 📞 QUE OTA?? 📞 4Head
N o R t H PogChamp
@andre192058 IMMORTALS INTOXICATED SK DECIMATED LG ELIMINATED BR SUICIDE WATCH ACTIVATED Jebaited
MAJOR FINAL 34K VIEWERS CSGO IS DEAD LUL
BOLTZ FRUSTRATED STEEL JEBAITED IMMORTALS INTOXICATED BR ELIMINATED Jebaited\ Jebaited
I WORK FOR FREE MODERATE EVERY CHANNEL LIVING ON WELFARE YOU GUESSES IT RIGHT IM CREATIVLY 4Head
BOLTZ FRUSTRATED STEEL JEBAITED IMMORTALS INTOXICATED BR ELIMINATED Jebaited
MAJOR FINAL 34K VIEWERS CSGO IS DEAD . LUL
only caught by the hangover :D
BOLTZ FRUSTRATED STEEL JEBAITED IMMORTALS INTOXICATED BR ELIMINATED Jebaited
CS:GO MAJOR BO1 CS:GO MAJOR BO1 ResidentSleeper
LULMAJOR FINAL 34K VIEWERS CSGO IS DEAD LUL
MAJOR FINAL 34K VIEWERS CSGO IS DEAD LUL
2-0 BUT ONLY PLAYed 1 map? cmonBruh
HELLO IMMORTALS? 📞 NORTH HERE 📞 DONT BE LATE 📞 4Head
MAJOR FINAL 34K VIEWERS CSGO IS DEAD LUL
MAJOR FINAL 34K VIEWERS CSGO IS DEAD LUL
IMMORTALS INTOXICATED SK DECIMATED LG ELIMINATED BR SUICIDE WATCH ACTIVATED Jebaited
CS:GO MAJOR BO1 CS:GO MAJOR BO1 ResidentSleeper
📞 HELLO IMMORTALS? 📞 NORTH HERE 📞 QUE OTA?? 📞 4Head
i would have gotten all three kills Kappa
BOLTZ FRUSTRATED STEEL JEBAITED IMMORTALS INTOXICATED BR ELIMINATED Jebaited
📞 HELLO IMMORTALS? 📞 NORTH HERE 📞 QUE OTA?? 📞 4Head
30K views on major , dead game LUL
SK OVERRATED IMT INTOXICATED CHEATS OUTDATED BRAZILIANS ELIMINATED Jebaited
BOLTZ FRUSTRATED STEEL JEBAITED IMMORTALS INTOXICATED BR ELIMINATED Jebaited
@enzostamper105 xD, still is the most flawless competitive game, pubg esport LUL
CS:GO MAJOR BO1 CS:GO MAJOR BO1 . ResidentSleeper
BOLTZ FRUSTRATED STEEL JEBAITED IMMORTALS INTOXICATED BR ELIMINATED Jebaited
@guizz10 IMMORTALS INTOXICATED SK DECIMATED LG ELIMINATED BR SUICIDE WATCH ACTIVATED Jebaited
SK OVERRATED IMT INTOXICATED CHEATS OUTDATED BRAZILIANS ELIMINATED Jebaited
BOLTZ FRUSTRATED STEEL JEBAITED IMMORTALS INTOXICATED BR ELIMINATED Jebaited
BOLTZ FRUSTRATED STEEL JEBAITED IMMORTALS INTOXICATED BR ELIMINATED Jebaited
BOLTZ FRUSTRATED STEEL JEBAITED IMMORTALS INTOXICATED BR ELIMINATED Jebaited
late for major final favela LUL
IMMORTALS INTOXICATED SK DECIMATED LG ELIMINATED BR SUICIDE WATCH ACTIVATED Jebaited
MAJOR FINAL 34K VIEWERS CSGO IS DEAD LUL
IMMORTALS INTOXICATED SK DECIMATED LG ELIMINATED BR SUICIDE WATCH ACTIVATED Jebaited
JebaitedJebaitedBOLTZ FRUSTRATED STEEL JEBAITED IMMORTALS INTOXICATED BR ELIMINATED Jebaited
SK OVERRATED IMT INTOXICATED CHEATS OUTDATED BRAZILIANS ELIMINATED Jebaited
BRASİL CS SCENE WHAT A JOKE LUL
📞 HELLO CSGO 📞 PUBG HERE 📞 DEAD GAME 4Head
BOLTZ FRUSTRATED STEEL JEBAITED IMMORTALS INTOXICATED BR ELIMINATED Jebaited
dead game thats why all you downies are spamming right LUL
MAJOR FINAL 34K VIEWERS CSGO IS DEAD LUL
BOLTZ FRUSTRATED STEEL JEBAITED IMMORTALS INTOXICATED BR ELIMINATED Jebaited
MAJOR FINAL 34K VIEWERS CSGO IS DEAD LUL
BOLTZ FRUSTRATED STEEL JEBAITED IMMORTALS INTOXICATED BR ELIMINATED Jebaited
📞 HELLO PUBG? 📞 CSGO COMMUNITY HERE 📞 THANKS FOR WELCOMING OUR SILVER PLAYERS 📞 4Head
CYA FAVELA DONT COME BACK 4Head
BOLTZ FRUSTRATED STEEL JEBAITED IMMORTALS INTOXICATED BR ELIMINATED Jebaited
BOLTZ FRUSTRATED STEEL JEBAITED IMMORTALS INTOXICATED BR ELIMINATED Jebaited
BUT BR WON 2 MAJORS! BabyRage
CSGO MAJOR 30K VIEWERS BO1 FINAL DEAD GAME LUL
HEN1 LUCAS E KNG são uns podres, merecem perder.... coitado do boltz e do steel :(
HELLO IMMORTALS? 📞 NORTH HERE 📞 DONT BE LATE 📞 4Head
📞 HELLO PUBG? 📞 CSGO COMMUNITY HERE 📞 THANKS FOR WELCOMING OUR SILVER PLAYERS 📞 4Head
GG BOLTZ FRUSTRATED STEEL JEBAITED IMMORTALS INTOXICATED BR ELIMINATED Jebaited
CS:GO MAJOR BO1 CS:GO MAJOR BO1 3 ResidentSleeper
BYE BYE FAVELA DONT BE LATE TO AIRPORT 4Head
BOLTZ FRUSTRATED STEEL JEBAITED IMMORTALS INTOXICATED BR ELIMINATED Jebaited
BOLTZ FRUSTRATED STEEL JEBAITED IMMORTALS INTOXICATED BR ELIMINATED Jebaited
silvers thinking this a major LUL
IMMORTALS INTOXICATED SK DECIMATED LG ELIMINATED BR SUICIDE WATCH ACTIVATED Jebaited
📞 HELLO PUBG? 📞 CSGO COMMUNITY HERE 📞 THANKS FOR WELCOMING OUR SILVER PLAYERS 📞 . 4Head
WE ARE IMT WE WANT FNX ResidentSleeper
BOLTZ FRUSTRATED STEEL JEBAITED IMMORTALS INTOXICATED BR ELIMINATED Jebaited
BOLTZ FRUSTRATED STEEL JEBAITED IMMORTALS INTOXICATED BR ELIMINATED Jebaited
📞 HELLO IMMORTALS? 📞 NORTH HERE 📞 16-0 📞 4Head
📞 HELLO IMMORTALS? 📞 NORTH HERE 📞 QUE OTA?? 📞 4Head
QUE OTA QUE OTA QUE OTA 4Head
QUE OTA QUE OTA 4HeadQUE OTA 4HeadQUE OTA 4HeadQUE OTA 4Head
BOLTZ FRUSTRATED STEEL JEBAITED IMMORTALS INTOXICATED BR ELIMINATED Jebaited
BOLTZ FRUSTRATED STEEL JEBAITED IMMORTALS INTOXICATED BR ELIMINATED Jebaited
BR TRASH BR TRASH BR TRASH SoBayed
BOLTZ FRUSTRATED STEEL JEBAITED IMMORTALS INTOXICATED BR ELIMINATED Jebaited
IMMORTALS INTOXICATED SK DECIMATED LG ELIMINATED BR SUICIDE WATCH ACTIVATED Jebaited
IMMORTALS INTOXICATED SK DECIMATED LG ELIMINATED BR CS JEBAITED Jebaited
📞 HELLO NORTH 📞 IMMORTALS HERE 📞 LAST TIME FINALIST IN THE MAJOR ? 📞 4Head
IMMORTALS INTOXICATED SK DECIMATED LG ELIMINATED BR SUICIDE WATCH ACTIVATED Jebaited’ Jebaited
DIESER SPRACHKANAL IST JETZT DEUTSCH DatSheffy
IMMORTALS INTOXICATED SK DECIMATED LG ELIMINATED BR SUICIDE WATCH ACTIVATED Jebaited
BOLTZ FRUSTRATED STEEL JEBAITED IMMORTALS INTOXICATED BR ELIMINATED Jebaited
IMMORTALS INTOXICATED SK DECIMATED LG ELIMINATED BR SUICIDE WATCH ACTIVATED Jebaited
📞 HELLO IMMORTALS? 📞 NORTH HERE 📞 QUE OTA?? 📞 4Head
IMMORTALS INTOXICATED SK DECIMATED LG ELIMINATED BR SUICIDE WATCH ACTIVATED Jebaited
BOLTZ FRUSTRATED STEEL JEBAITED IMMORTALS INTOXICATED BR ELIMINATED Jebaited
BOLTZ FRUSTRATED STEEL JEBAITED IMMORTALS INTOXICATED BR ELIMINATED Jebaited
BOLTZ FRUSTRATED STEEL JEBAITED IMMORTALS INTOXICATED BR ELIMINATED Jebaited
BOLTZ FRUSTRATED STEEL JEBAITED IMMORTALS INTOXICATED BR ELIMINATED Jebaited
📞 HELLO IMMORTALS? 📞 NORTH HERE 📞 QUE OTA?? 📞 4Head
CSGO MAJOR 30K VIEWERS BO1 FINAL DEAD GAME LUL
📞 HELLO NORTH 📞 IMMORTALS HERE 📞 LAST TIME FINALIST IN THE MAJOR ? 📞 4Head
BOLTZ FRUSTRATED STEEL JEBAITED IMMORTALS INTOXICATED BR ELIMINATED Jebaited
BR TRASH? BR TRASH? BR TRASH? SoBayed
BOLTZ FRUSTRATED STEEL JEBAITED IMMORTALS INTOXICATED BR ELIMINATED Jebaited
📞 HELLO IMMORTALS? 📞 NORTH HERE 📞 DONT BE LATE 📞 4Head
MAJOR FINAL 34K VIEWERS CSGO IS DEAD LUL
BOLTZ FRUSTRATED STEEL JEBAITED IMMORTALS INTOXICATED BR ELIMINATED Jebaited
Immortals look a little tired LUL
boltz and steel quit inc PogChamp
BOLTZ FRUSTRATED STEEL JEBAITED IMMORTALS INTOXICATED BR ELIMINATED Jebaited
@DreamHackCS respect for enforcing rules SeemsGood
BOLTZ FRUSTRATED STEEL JEBAITED IMMORTALS INTOXICATED BR ELIMINATED . Jebaited
Win a BO3 in 1 map, North best team 4Head
Immortals look a little tired LUL
SK OVERRATED IMT INTOXICATED CHEATS OUTDATED BRAZILIANS ELIMINATED Jebaited
2-0 AHAHAHA SO EASY 16-0 LUL
📞 HELLO IMMORTALS? 📞 NORTH HERE 📞 QUE OTA?? 📞 4Head
IMMORTALS INTOXICATED SK DECIMATED LG ELIMINATED BR SUICIDE WATCH ACTIVATED Jebaited
BOLTZ FRUSTRATED STEEL JEBAITED IMMORTALS INTOXICATED BR ELIMINATED Jebaited
📞 HELLO IMMORTALS? 📞 NORTH HERE 📞 DONT BE LATE 📞 4Head
📞 Hello? 📞 4head Brazil? 📞 Denmark here 📞 umad? 4Head
Immortals looks a little tired LUL
BOLTZ FRUSTRATED STEEL JEBAITED IMMORTALS INTOXICATED BR ELIMINATED . Jebaited
📞 HELLO NORTH 📞 IMMORTALS HERE 📞 LAST TIME FINALIST IN THE MAJOR ? 📞 4Head
BOLTZ FRUSTRATED STEEL JEBAITED IMMORTALS INTOXICATED BR ELIMINATED Jebaited
2-0 AHAHAHA SO EASY 16-0 LUL
and to think I was gonna go to this event LUL
📞 HELLO NORTH 📞 IMMORTALS HERE 📞 LAST TIME FINALIST IN THE MAJOR ? 📞 4Head
Immortals look a little tired LUL
📞 HELLO NORTH 📞 IMMORTALS HERE 📞 LAST TIME FINALIST IN THE MAJOR ? 📞 4Head
CS;GO 2017 CS;GO 2017 CS;GO 2017 ResidentSleeper
CONGRATZ NORTH IN THEIR FIRST MAJOR LUL
Luminosity Outdated IMT Overrated SK Eliminated Brazil Exasperated Jebaited
📞 HELLO NORTH 📞 IMMORTALS HERE 📞 LAST TIME FINALIST IN THE MAJOR ? 📞 4Head
smh ESG, this is how you breeze through finals 4Head
CS;GO 2017 CS;GO 2017 CS;GO 2017 / ResidentSleeper
KONFIIG KING IN THE NORTH <3
ez final E U R O P E PogChamp
2-0 AHAHAHA SO EASY 16-0 LUL
Luminosity Outdated IMT Overrated SK Eliminated Brazil Exasperated ... Jebaited
BOLTZ FRUSTRATED STEEL JEBAITED IMMORTALS INTOXICATED BR ELIMINATED . Jebaited
CS;GO 2017 CS;GO 2017 CS;GO 2017 1 ResidentSleeper
📞 HELLO NA? 📞 EU HERE 📞 WHERES UR MAJOR? 📞 4Head
BOLTZ FRUSTRATED STEEL JEBAITED IMMORTALS INTOXICATED BR ELIMINATED . Jebaited
📞 HELLO CSGO 📞 PUBG HERE 📞 DEAD GAME 4Head
📞 HELLO IMMORTALS 📞 NORTH HERE 📞 NICE CALLS 📞 YOU WERE WHERE? 4Head
lose to danish team shit talk NA mentally ill BR as usual EleGiggle
CS;GO 2017 CS;GO 2017 CS;GO 2017 ResidentSleeper
I LOVE U MR ARROGANT <3
u are insane sexy btw <3
love to too konfig 100% KappaPride
MAD MONKEYS MAD MONKEYS MAD MONKEYS MAD MONKEYS LUL
SHOWING UP LATE FOR 2nd MAP WITH 100k ON THE LINE LUL
📞 HELLO NA? 📞 EU HERE 📞 WHERES UR MAJOR? 📞 4Head
HEY MONKEYS DON'T BE LATE FOR FINAL NEXT TIME OH WAIT, NO MORE FINALS FOR YOU 4Head
SHOWING UP LATE FOR THE MAJOR FINAL LUL
never miss a match again LUL
immortals needs to pick up FNX LUL
hen1 should have punched his mouse again to have a better reason for being late cmonBruh
DONT TELL ME THEY WERE AT THE PRISON LUL
GOOD GUY IMMORTALS GIVING NORTH A FREE WIN LUL
FF in final in 2017 LUL
