PUBGay merchan on csgo stream LUL
@14k_major I'm impressed at the accuracy of your username Right place, right time, right meme, congrats Kappa
having a dreamhack the same weekend as twitch-con LUL
PUBG = silvers that can't progress in csgo MingLee
14k_major Not triggered at all, just find it amusing that you're this pathetic 4Head
@peo_cs @TheGoldFish_ dead game Swedistan LUL
ropz cant play again ESEA CLIENT NOT WORKING LUL
Csgo= scrubs who can't get 1 kill in pubg PogChamp
14k_major Not as dead as your memes 4Head
PUBG Best hit reg ever MingLee
14K VIEWS WHAT HAPPEND CSGO LUL
Allez la troupe de Kévin "Ex6TenZ" Droolans ! Gagnez-nous ça BibleThump
13k losers keeping a dead game alive lul MingLee
@kaio4301 Bonjour mon ami =D Je suis français LUL
no ex6tenz no french superteam Kappa
Thanks for letting my digital words affect you so much cya losers PogChamp
Facile pour l'équipe multinationale LDLC BibleThump
k0nfig_fanboy Ja genau hätte ich auch gesagt 4Head
rocket league > csgo MAJORS LUL
@shinostg I was just asking myself if he really said that LUL
14k VIEWERS AT MAJOR DEAD GAME LUL
Titan times when ez skins was truly EZ BibleThump
14k VIEWERS AT MAJOR DEAD GAME LUL
15K viewers for an online rerun PogChamp
14k VIEWERS AT MAJOR DEAD GAME LUL
k0nfig_fanboy you are the best <3
@kaio4301 Its nuke believe me BlessRNG
NEW DUST GO GO GO LUL
📞HELLO DREAMHACK? SHROUD HERE 📞I HAVE MORE VIEWERS Xd 4Head
SHORTLY AFTER TONE OF SELLOUTS Kappa
13 minute break? what the shit DansGame
that's the time not the wait LUL
first game was 20 rounds and they still start later DansGame
we want girl photomodel Lmao KappaPride
SUCH AN AMAZING PIECE OF ART THIS SONG IS Kappa
dix1t non y a personne Kappa
@zopjin ouais bon vu ce qu'on fait du notre :D
PUBG glitchy as fuck, still better than CS LUL
PUBG USING CHINA NUMBERS ON STEAM PEOPLE GETTING Jebaited
LDLC, saisissez-vous de mon énergie. BibleThump
I played PUBG 38 minutes Worst game ever 4Head
can I uhh get a 123 in the chat? Kappa
If this guy doesnt stop squeaking soon Im gonna make him dead! SwiftRage
Csgo passes dota in player numbers dead gam LUL
Nice only short brake FeelsGoodMan oh wait its Dreamhac.... uhhh ResidentSleeper
if this song is trash VoteNay
don't disrespect me like that bro cmonBruh
american music are so bad LUL
@feerzein21 Don't respect yourself like that bro cmonBruh
16K people looking at waiting screen with horrible music playing. dead game Jebaited
ME ORC ME SPAM NO MOD NO BAN SMOrc
MOUZ WON PISTOL ! check hltv PogChamp
@magisterpeditum go big or go nrg Kappa
LDLC ON LAN LDLC ON LAN LDLC ON LAN PogChamp
FEW thousands minute more likely Kappa
Streaming Dead Games Leave Now There’s No Hope Here In This Stream Send Help For This Stream LUL
@Liloutou aaaah je trouver sa bizard que tu ne sois pas la Kappa
LDLC ON LAN GOD EX6 IRL PogChamp
we don't need NiKo we have ropz we have ChrisJ CoolCat
ldlc still a team ? LUL
L D L C .. LUL
sigh will you start already NotLikeThis
is chat if you think DOC is better than chuck norris!!!! Kappa
@Jak_Chirac Oui Jacques, ils comprennent rien Kappa
L D L C .... LIVE DIE LOSE CRY ! LUL
nice viewers in major final Dansgame LUL
L D L C .... LIVE DIE LOSE CRY !! LUL
Wtf Ex6 tient sa souris d'une manière cocasse :o
L D L C .... LIVE DIE LOSE CRY !!! LUL
bot ex6 only bots hold mouse like this :)
L D L C .... LIVE DIE LOSE CRY !!!! LUL
I am not comparing LULG and CS go it cannot be. I just joking on LULG Kappa
L D L C .... LIVE DIE LOSE CRY !!!!! LUL
L D L C .... LIVE DIE LOSE CRY xD LUL
@PsychoWren ex6tenz and maniac are legends but they are old :D
sunny will bot train on ldlc :D
L D L C .... LIVE DIE LOSE CRY LUL
match has just started calm down ffs Jebaited
@PsychoWren yeah sure i just mean it would be time for them to retire lmao :D
go faire un buy ump au prochain BlessRNG
THE THING GOES SKRAA 7 TriHard
L D L C .... LIVE DIE LOSE CRY LUL
L D L C .... LUL
17207 viewers cs go is dead LUL
It's a major, liquipedia says so Kappa
oskar gonna get some *look at his hat* tonight KappaPride
@sfap232323 Nobody watches these tournaments with tier 2 teams LUL
L D L C .... LIVE DIE LOSE CRY LUL
18621 viewers cs go is the best esports PogChamp
Jesus can't these casters be quiet for a bit FailFish
@tszzzf its just some random minor :D
hahahahaha ez under , rip over bettors ResidentSleeper
21k viewers on a major Jesus Christ dead game FailFish
L D L C .... LIVE DIE LOSE CRY LUL
22k viewers on major grand final ResidentSleeper
21k viewers on a major Jesus Christ dead game FailFish
tactical pause, they think they can win Jebaited
FOR PEOPLE WHICH THINK LDLC WILL WIN BibleThump
FR CASTERS > NA CASTERS LUL
21k viewers on a major Jesus Christ dead game FailFish
niko 7-16 when they won 16-4 LUL
22K viewers grand finals world championship dead game ResidentSleeper
L D L C .... LIVE DIE LOSE CRY LUL
I GUESS THEY DON'T WANT TO WIN Kappa
"Et oui Thierry... oskar prend un kill... et un autre.... mouz gagne le round..." ResidentSleeper
J'ai vu 4-5 gars dans les tribunes @XTQZZZZ Kappa
L D L C .... LIVE DIE LOSE CRY ............. WAIT WHAT???!!!! CHOKE SPORTS LUL
one kill from a flank LUL
L D L C .... LIVE DIE LOSE CRY LUL
@hieuvacban That is not a 1g FailFish
M O U Z M O U Z Kreygasm
Gets Headshots Not Cheating Gets Ban Good Day For Csgo LUL
L D L C .... LIVE DIE LOSE CRY !! LUL
bon ça sent déjà la chaussette ce CT side Kappa
still 5 world cup winner LUL
L D L C .... LIVE DIE LOSE CRY LUL
yo girl knows I got the sauce LUL
too ez for mouz this t3 event ResidentSleeper
L D L C .. LUL
6 on t side is enough.. ;)
@sinikaru17 What MM level does that come from ? Kappa
putain il lui a cloué les boules à la M4 LUL
go home tier 5 french team :D
L D L C .... LIVE DIE LOSE CRY LUL
csgo has more viewers than pubg PogChamp
LDLC isn't a french team idiotic chat Are you so fucking blind that you can't see the flag near LDLC FailFish
DEZE KAT IS NU NEDERLANDS CoolCat
L D L C Vac Ban Comfirmed LUL
LDLC IS A FRENCH TEAM TriHard
L D L C .... LIVE DIE LOSE CRY LUL
Chris is so on fire! :)
chrisJ is a BIG GAME player Kappa
Matter du CS chez o'gaming, non merci LUL
23k VIEWERS MAJOR FINAL CSGO IS DEAD LUL
PEOPLE ACTUALLY BETTING AGAINST ROPZ AND CHRISJ LUL
pas mal le son inversé Kappa
L D L C .... LIVE DIE LOSE CRY LUL
L D L C More Like L L No D Or C LUL
PLAYING PISTOLS ONLY AND STILL WINNING 4Head
CHRISJ HAVING FUN VS A PREMIER TEAM LUL
ROPZ??!! what are you diing there??!! GO TO BED 4Head
L D L C .... LIVE DIE LOSE CRY LUL
L D L C More Like L L No D Or C LUL
Krav c'est le vigile de la salle en fait Kappa
Jap DMG can talk All high ranks can (Master Guardian +) :)
dead casters dead players dead game 4Head
L D L C .... LIVE DIE LOSE CRY LUL
N U K E IN 2K17 LUL
L D L C Making Us Laugh LUL
L D L C .... LIVE DIE LOSE CRY xd LUL
a tout ceux qui trouvent le chat fr toxic CarlSmile
EX6TENZ CS MASTERMIND G2 NEEDS HIM LUL
L D L LULLUL C .... LIVE DIE LOSE CRY xd LUL
LDLC lacking BALLS and SKILL and FIREPOWER LUL
true shit everbody who cant aim plays awp :D
L D L C .... LIVE DIE LOSE CRY LUL
butthurt D L C fans LUL
WER DEUTSCH UND MOUZ FAN IS SCHREIBT cmonBruh
@nacrenn De ouf. Alex est exté à la M4, Devil contact UMP. Ce que retient le caster : "they're trying to outrange them with UMPs". Il a l'écran éteint le garçon Kappa
@heisenberg_717 That's silvers logic, they think they will be good with the AWP but they still suck LUL
deutsch aber kein mouz fan Kappa
L D L C .... LIVE DIE LOSE CRY LUL
Awping is like playing a point-and-click-game, might as well play farmville :)
now its FOGGY n oSUNNY Kappa
Why only 23k people what Major rerun??? Is csgo dead??? LUL
@nacrenn Ils ont sorti les casters low budget Kappa
1 more and i leave RaccAttack
L D L C .... LIVE DIE LOSE CRY LUL
LOL 23k people watching major.. CS GO is dead StoneLightning
NaG_CSGO Tous les bons sont à l'EPICENTER, y a fallu faire les fonds de placard :D
L D L C Losing Butthurt Fans You Want Salt With Those Fries LUL
Din ven inzanexdxd har lige tændt. HeyGuys
Where is LULG tier 2 event EleGiggle
ALEX K1O SMOOYA RATLSNAKE DEPHH Kreygasm
23K for global finals CSGO dead LUL
trolls in chat pretending this ISN'T a major good one guys LUL
L D L C .... LIVE DIE LOSE CRY LUL
OVER BETTORS? I'LL TAKE CARE OF YOUR SKINS TriHard
EVERYTHING IS POSSIBLE WITH CHOKESPORT LUL
CMON LDLC WIN A PISTOL BlessRNG
L D L C .... LIVE DIE LOSE CRY LUL
G2 > ENVYUS > AAA > LDLC Kappa
L D L C .... LIVE DIE LOSE CRY xd LUL
devil looks like a devil LUL
even LDLC has more majors won than NA LUL
HELLO DREAMHACK VALVE HERE LAST MAJOR 4Head
L D L C .... LIVE DIE LOSE CRY LUL
L D L C .... LIVE DIE LOSE CRY LUL
L D L C .... LIVE DIE LOSE CRY lol LUL
oh <24k views for a cs go major LUL
Oh la blague de merde, merci le caster Kappa
L D L C .... LIVE DIE LOSE CRY LUL
I want to know how he got that scar WutFace
L D L C .... LIVE DIE LOSE CRY LUL
L D L C .... LIVE DIE LOSE CRY LUL
L D L C .... LIVE DIE LOSE CRY ! LUL
L D L C .... LIVE DIE LOSE CRY !! LUL
DEVIL NEEDS A NEW TEAM BibleThump
L D L C .... LIVE DIE LOSE CRY LUL
5 bots in one team Jebaited
EVERY MOLLY KILL IS 1G Jebaited
j'ai mal a mon LDLC ryryFragile BibleThump
This caster he took like 70 from wallbang FailFish
SPAM THIS HAPPY 2 HELP SUNNY EleGiggle
L D L C .... LIVE DIE LOSE CRY LUL
L D L C .... LIVE DIE LOSE CRY LUL
L D L C .... LIVE DIE LOSE CRY LUL
Major Grand Final and only 23k viewers LUL
oskar is a twins fan? DansGame
L D L C .... LIVE DIE LOSE CRY ! LUL
VP IS ELIMINATED AGAIN FROM WESG LUL
L D L C .... LIVE DIE LOSE CRY !! LUL
LeSprayAntiCafard .. ye, francophone team :D
L D L C .... LIVE DIE LOSE CRY LUL
L D L C .... LIVE DIE LOSE CRY LUL
L D L C .... LIVE DIE LOSE CRY !!! LUL
L D L C .... LIVE DIE LOSE CRY LUL
mouz top 5 team atm.. for sure :)
major final 23 k viewers LUL
ChrisJ is high as fuck :D
HE IS CALLED STYKO BECAUSE HE LOOKS LIKE A STICK 4Head
L D L C .... LIVE DIE LOSE CRY LUL
shirts with the old vodafone logo.... NotLikeThis
HE IS CALLED STYKO BECAUSE HE LOOKS LIKE A STICK . 4Head
half eco very hard to play against LUL
@Tzide HaHAA SO FUNNY BRO OMG LUL
pala looks like he's in love :D
L D L C .... LIVE DIE LOSE CRY LUL
there's no public, they use sound effects to fake it :D
3 ppl in crowd? casters are the crowd Kappa
tier 3 NA player analyst LUL
L D L C .... LIVE DIE LOSE CRY LUL
DUST IS SO DUSTY JUST LIKE DUST 2 LUL
L D L C .... LIVE DIE LOSE CRY LUL
Got a Bayonet Autotronic, anybody up for trade? Send a private message (Whisper message or whatever) :D
L D L C .... LIVE DIE LOSE CRY LUL
L D L C .... LIVE DIE LOSE CRY LUL
looking at VP to learn how to play nuke LUL
VP lost from 13-5 to 14-16 vs Pride LUL
@Jordanzo runescape player in csgo stream PogChamp
renegades vs clg should be better than these previous games :D
what? the changed the voice LUL
@kzs2pid Ye played the seasonal was gr8 LUL
M4a1 hyper beast nice prize LUL
advertising scam websites on a 20k viewers event :D
at least hazed doesnt have dem instagram brows anymore LUL
USE MOMMYS CREDIT CARD JOIN SCAM SITE 4Head
I can play in the rain PogChamp
I CAN PLAY IN THE SHOWER?? PogChamp
It's always raining inside my house too PogChamp
waterproof keyboard shoulndt be a thing LUL
CHAT SPAM 1 FOR NO REASON KappaCHAT SPAM 1 FOR NO REASON KappaCHAT SPAM 1 FOR NO REASON KappaCHAT SPAM 1 FOR NO REASON KappaCHAT SPAM 1 FOR NO REASON Kappa
L D L C .... LIVE DIE LOSE CRY LUL
the voice acting though Top class LUL
16K VIEWERS FOR MAJOR FINAL LUL
L D L C .... LIVE DIE LOSE CRY LDLC FANBOYS FLAME ME ON PM GO ! LUL
only 15k watching major dead game LUL
Your teeth are your own? Your own country isn't even your own with all the refugees now LUL
DEAD GAME SO DEAG MUSIC LUL
what a homosexual butt song Kappa
Screenshot this chat, its still 3x more populated than a PUBG 'esports' game LUL
Anomaly is playing minecraft. This guy LUL
Wake me up when NA win a major I'll sleep forever ResidentSleepr ResidentSleeper
Wake me up when NA win a major I'll sleep forever ResidentSleeper
i was about to say gtfo and he's gone LUL
14K VIEWERS CSGO MAJOR - DEAD GAME LUL
NAF had naf from Optic Kappa
only 15k watching major final dead game LUL
koosta 200 IQ defuse never forget LUL
nifty and his nose gonna prevail ;)
shit pick = mind games Kappa
15k VIEWERS FOR MAJOR FINAL LUL
who cares about what dust think LUL
Hazed hating on his own team LUL
Hes always leaning on something KappaPride
Can't spell winna without NA Kappa
man this other caster wants to put me to sleep ResidentSleeper
da bears won 2177 in tournament winnings LUL
mods timing out for caster hate LUL
@peroleu Room for one more CoolStoryBob
@TaeZy_CS the only compassionate person in this chat. firm handshakes to you good sir :)
@ceeheff xD okay, thought for a second that this kush was to stronk 4 me ;)
@st4nzer TSM TOP 1 NA LUL
take a break from talking 4Head
15 minute Mountain Dew Time Break PogChamp
They are just looking for excuses to show Akke LUL
15 viewers for a major ResidentSleeper
imagine having a cs event starting on time PogChamp
guys make sure you check out the denver store during this break Jebaited
@boq_TV and he won the last major Kappa
14 HOURS TILL NEXT MATCH LUL
Its not 15 hours Thats local time FailFish
@mikeyPtv Everyone has different taste Appreciate the support. Erik has great CS knowledge but I feel like he's best on an analyst desk because of it. :)
Illiterate people trying to tell people thats the timer LUL
@Insomniuhh bark away the delay OhMyDog
@Insomniuhh my belly is huge my dog has delay OhMyDog
Countdown going the wrong way BrokeBack
IT'S FOR 15 DECADES CHAT LUL
dumb chat its local time FailFish
almost 16 day break time is reversed PogChamp
1 more hour till match guys!! LUL
Thats time not the countdown FailFish
Cya guys in my next lifetime when CLG plays RNG's HeyGuys
uncapped framerate, pc game, no shit LUL
@twinkletoesjr after 15 years amigo LUL
Some of you guys are cringier than the casters LUL
DelayHack Opem Denver DelayHack Opem Denver ResidentSleeper
TIME TO TIME TRAVEL TO SEE THE MATCH CHAT LUL
wasting my battery on short breaks , phone dies before game start Kreygasm
too low iq to understand blade runner LUL
next game starts when dreamhack finally has better casters, so never LUL
time has stopped moving we are in an infinite loop WutFace
GAME STARTS in 2049 - BLADE RUNNER DATE - HYPER LUL
Wolf will be dead by 2055 LUL
2055 - HALF LIFE 3 CONFIRMED PogChamp
I'm gonna sub if they don't start soon SMOrc
20:55 is when game starts LUL
Gurl you thicker than a bowl of oatmeal TriHard
Denver Colorado baby, the 3OH!3 Represent PogChamp
AYO WHO MANZ IS DIS TriHard
Why is DH keeping the channel up if the game starts in 15 days ? LUL
15 DAYS AND 5 HOURS TILL NEXT MATCH LUL
DA TING BO SKRR SKIN BOP TriHard
I guess this is why CS is dying LUL
-rickeh +MSL -koosta +allu CLG ez top1 PogChamp
Hi DreamHack ESL Here Nice Delay 4Head
good music i like it TriHard
ROBERT BARATHEON: START THE STREAM BEFORE I PISS MYSELF SwiftRage
still not live Delayhack Open Denver ResidentSleeper
THE THING GOES SKKRAA 7 TriHard
spam to start game goo TheIlluminati
ROBERT BARATHEON: START THE GAME BEFORE I PISS MYSELF ResidentSleeper
ROBERT BARATHEON: START THE GAME BEFORE I PISS MYSELF . ResidentSleeper
2+2 is 4 QUICK MATHS TriHard
ROBERT BARATHEON: START THE GAME BEFORE I PISS MYSELF ResidentSleeper
ROBERT BARATHEON: START THE GAME BEFORE I PISS MYSELF . . ResidentSleeper
TIME IS UP GAME STARTING PogChamp
ROBERT BARATHEON: START THE GAME BEFORE I PISS MYSELF Kreygasm
ROBERT BARATHEON: START THE GAME BEFORE I PISS MYSELF . . . ResidentSleeper
ROBERT BARATHEON: START THE GAME BEFORE I PISS MYSELF . . . . . ResidentSleeper
18k viewers and no xd spam FailFish
I got a nice nap during my timeout from chat, glad to see I'm didn t miss anything LUL
ROBERT BARATHEON: START THE GAME BEFORE I PISS MYSELF PresidentEvil ResidentSleeper
ROBERT BARATHEON: START THE GAME BEFORE I PISS MYSELF . ResidentSleeper
Cya guys in 1 hour brb HeyGuys
ROBERT BARATHEON: START THE GAME BEFORE I PISS MYSELF ... ResidentSleeper
Start the game for god sake cmonBruh
ROBERT BARATHEON: START THE DAMN GAME BEFORE I PISS MYSELF ResidentSleeper
ROBERT BARATHEON: START THE DAMN GAME BEFORE I PISS MESELF ResidentSleeper
@DreamHackCS ROBERT BARATHEON: START THE DAMN GAME BEFORE I PISS MESELF . ResidentSleeper
the legend says if u spam 123 the game will start Kappa
START ITS ALMOST MY BEDTIME NotLikeThis
have you ever been to kona though Kappa
ROBERT BARATHEON: START THE DAMN GAME BEFORE I PISS MESELF . . ResidentSleeper
ROBERT BARATHEON: START THE DAMN GAME BEFORE I PISS MESELF . . . ResidentSleeper
ROBERT BARATHEON: START THE DAMN GAME BEFORE I PISS MESELF ResidentSleeper
small break guys, well be back at christmas evee! Kappa
no more KKona songs pls ResidentSleeper
ROBERT BARATHEON: START THE DAMN GAME BEFORE I PISS MESELF . . . . . . ResidentSleeper
@pkay54 Cool what kind pizza man :)
was a rly short break BrokeBack
ROBERT BARATHEON: START THE DAMN GAME BEFORE I PISS MESELF . . ResidentSleeper
ROBERT BARATHEON: START THE DAMN GAME BEFORE I PISS MESELF . ResidentSleeper
@Jordanzo pointing out people who point out 9 year old kid bait 4Head
greekgod has double the viewers 4Head
AZR is good on Cobble. - DustMouret Kappa
NEW KOOSTA NOW HE CAN DEFUSE A BOMB PogChamp
Whiffty Whiffty Whiffty Whiffty Whiffty LUL
miguel changed name to ustilo LUL
NON EU SCENE NON EU SCENE LUL
why is naf on an AU team LUL
NON EU SCENE NON EU SCENE LUL
MAJOR AND 20K VIEWERS DEAD GAEM LUL
20k viewers in a major LUL
FNS the saviour of NA CS Kreygasm
150 dolar for me ty Renegays :)
team renegades and team CLG LUL
Only 20k viewers in major final LUL
20k people on moon ? earth is dead LUL
CLG = tier 5 team LUL
IS THIS THE MAJOR FINAL? PogChamp
pr0misee i guess u dont know how vaste algebra is LUL
@LPLEB4TOR i already finished taking college algebra im not taking algebra atm LUL
THX CLG FOR EZ SKINZ <3
"CLG EZ SKINS"? EZ RNG LUL
dreamhack audo is the best Kappa
@Cazzenova you dumbo, it's a major checkout Liquipedia DansGame
C L G GLGL GLGLGL BrokeBack
HE HAVE HIGH PING BOIS LUL
He almost said Nathe again LUL
so edgy and kool to noscope BrokeBack
why even try and bait the shot ethan LOL FailFish
22k for a major final LUL
niftyy affects gaysongs of dreamhack LUL
James, I mean Jahar said foolish ANELE
its wasnt a noscope NA caster FailFish
it was a quick scope chat FailFish
when you land a dank noscope PogChamp
@Theshotgunguy think for yourself u got eyes donchu FailFish
22K on a major final LUL
@Theshotgunguy "yeah I was just joking 12 btw haHAA " FailFish
people still falling for major bait LUL
SHROUD 50K FINAL MAJOR 23K DEAD GAME Kappa
23K VIEWERS FOR DREAMHACK MAJOR DEAD GAME LUL
22k major COD gets more CSGO DEAD LUL
not a major mum cs go is not dead mum BabyRage
shit quaiity and t6 casters,nice major LUL
da bears is t2 in my heart @spolk BibleThump
@lukinas1 sk lose to ghost btw BrokeBack
23K VIEWERS FOR DREAMHACK MAJOR PUBG BETTER LUL
tier 10000000000 caster in major LUL
MAJOR JOKES IN 2017 MJOR JOKES IN 2017 MAJOR JOKES IN 2017 Elegiggle EleGiggle
N A F and nahte EleGiggle
"Lost 4 rounds in a row so they buy pistols and armour. -------- CLG buys 1 pistol no armor" ?????????????? What? LUL
I will forever call him n a f now LUL
L D L C .... LIVE DIE LOSE CRY LUL
dumbos don't even know this is not a major! LUL
L D L C .... LIVE DIE LOSE CRY LUL
lmao at the face shadow LUL
CLG RICKEY LEFT FOR THIS LUL
CLG RICKEH LEFT RNG FOR THIS LUL
less viewers than a league rebrodcast LUL
is it Live or Rerun? Kappa
RICKEH LEFT RENEGADES FOR THIS LUL
C G NA team rekt LUL
23K VIEWERS FOR DREAMHACK MAJOR CSGO IS DEAD LUL
koosta on lan if this were online clg would have already won LUL
CLG RICKEH LEFT RENEGADES FOR THIS WENT TO A WORSE TEAM LUL
guys just playing with each other KappaPride
NON EU SCENE NON EU SCENE LULNON EU SCENE NON EU SCENE LUL
THIS IS GRAND FINALS OF A MAJOR? wtf ResidentSleeper
Renegades Rickeh 16-0 SK EZ SwiftRage
C G lost to 16-1 vs OG on 150 ping LUL
s t i f f Kreygasm
RICKEH LEAVE RNG FOR THIS LUL
Renegades winning... What year is this? DansGame
MY BELLY IS BIG MY BRAIN HAS DELAY YOUVE GUESSED IT RIGHT IM FROM NA LUL
5:44 am here pls end fast rene so I got my .7$ win ThunBeast
MY TEETH ARE YELLOW MY BREATH SMELLS LIKE POO YOU GUESSED RIGHT IM FROM EU SMOrc
Its NOT even a major let alone a final. This chat FailFish
C G vs D C make it happen LUL
only 25k viewers? dead game FailFish
MY TEETH ARE YELLOW MY BREATH SMELLS LIKE POO YOU GUESSED RIGHT IM FROM EU SMOrc
25k viewers on a major? FailFish
MY TEETH ARE YELLOW MY BREATH SMELLS LIKE POO YOU GUESSED RIGHT IM FROM EU SMOrc
time to lose gun rounds LUL
rickeh here renegades get me back TearGlove
really.. 25k majors in 1 viewer CS is dead FailFish
nice buy 4 umps and mac 10 LUL
'poo' doesnt rhyme with 'EU' NA brain LUL
RNG RUSH DEAGLES AUS STRATS LUL
MY TEETH ARE YELLOW MY BREATH SMELLS LIKE POO YOU GUESSED RIGHT IM FROM EU SMOrc
MY TEETH ARE YELLOW MY BREATH SMELLS LIKE POO YOU GUESSED RIGHT IM FROM EU SMOrc
MY TEETH ARE YELLOW MY BREATH SMELLS LIKE POO YOU GUESSED RIGHT IM FROM EU SMOrc
MY TEETH ARE YELLOW MY BREATH SMELLS LIKE POO YOU GUESSED RIGHT IM FROM NA SMOrc
MY TEETH ARE YELLOW MY BREATH SMELLS LIKE POO YOU GUESSED RIGHT IM FROM EU SMOrc
MY TEETH ARE YELLOW MY BREATH SMELLS LIKE POO YOU GUESSED RIGHT IM FROM NA SMOrc
NO LOGIC DOESNT UNDERSTAND IMMIGRATION WATCHING NA GAME ON NA WEBSITE MUST BE EU SeemsGood
MY TEETH ARE YELLOW MY BREATH SMELLS LIKE POO YOU GUESSED RIGHT IM FROM EU SMOrc
MY TEETH ARE YELLOW MY BREATH SMELLS LIKE POO YOU GUESSED RIGHT IM FROM EU SMOrc
american rhymes 'poo' and 'EU' NA brains LUL
MY TEETH ARE YELLOW MY BREATH SMELLS LIKE POO YOU GUESSED RIGHT IM FROM EU SMOrc
MY BELLY IS HUGE MY BRAIN HAS DELAY YOU GUESSED RIGHT I EAT AT CHIPOTLE LUL
MY TEETH ARE YELLOW MY BREATH SMELLS LIKE POO YOU GUESSED RIGHT IM FROM EU SMOrc
whenever we see cutler pov i get blinded FUNgineer
MY TEETH ARE YELLOW MY BREATH SMELLS LIKE POO YOU GUESSED RIGHT IM FROM EU SMOrc
Why can't we just be friends? BibleThump
MY BELLY IS HUGE MY BRAIN HAS DELAY YOU GUESSED RIGHT I M FROM NA LUL
ban one american and you get the whole mcdonalds OpieOP
23k VIEWERS AT MAJOR DEAD GAME LUL
MY BELLY IS HUGE MY BRAIN HAS DELAY YOU GUESSED RIGHT I EAT AT CHIPOTLE LUL
MY TEETH ARE YELLOW MY BREATH SMELLS LIKE POO YOU GUESSED RIGHT IM FROM EU SMOrc
23k VIEWERS AT MAJOR DEAD GAME LUL
MY BELLY IS HUGE MY BRAIN HAS DELAY YOU GUESSED RIGHT I'M FROM NA LUL
NA DONT BE LATE FOR FLIGHT OH W8 LUL
MY BELLY IS HUGE MY BRAIN HAS DELAY YOU GUESSED RIGHT I EAT AT CHIPOTLE LUL
MY BELLY IS HUGE MY BRAIN HAS DELAY YOU GUESSED RIGHT I'M FROM NA LUL
MY BELLY IS HUGE MY BRAIN HAS DELAY YOU GUESSED RIGHT I'M FROM NA LUL
23K MAJOR CS IS DEAD LUL
MY BELLY IS HUGE MY BRAIN HAS DELAY YOU GUESSED RIGHT I EAT AT CHIPOTLE LUL
MY BELLY IS HUGE MY BRAIN HAS DELAY YOU GUESSED RIGHT I'M FROM NA LUL
MY BELLY IS HUGE MY BRAIN HAS DELAY YOU GUESSED RIGHT I'M FROM NA LUL
NA DONT BE LATE FOR FLIGHT OH W8 LUL
MY TEETH ARE YELLOW MY BREATH SMELLS LIKE POO YOU GUESSED RIGHT IM FROM EU SMOrc
MY BELLY IS HUGE MY BRAIN HAS DELAY YOU GUESSED RIGHT I EAT AT CHIPOTLE LUL
worlds rebroadcast = 29k major live = 23k ded game LUL
NA team playing so low viewers LUL
EU vs NA spam in 2k17 LUL
MY BELLY IS HUGE MY BRAIN HAS DELAY YOU GUESSED RIGHT I EAT AT CHIPOTLE LUL
MY BELLY IS HUGE MY BRAIN HAS DELAY YOU GUESSED RIGHT I EAT AT CHIPOTLE LUL
MY BELLY IS HUGE MY BRAIN HAS DELAY YOU GUESSED RIGHT I M FROM NA LUL
worlds rebroadcast = 29k major live = 23k ded game LUL
MY BELLY IS HUGE MY BRAIN HAS DELAY YOU GUESSED RIGHT I EAT AT CHIPOTLE LUL
MY BELLY IS HUGE MY BRAIN HAS DELAY U GUESSED IT RIGHT IM FROM USA EleGiggle
MY BELLY IS HUGE MY BRAIN HAS DELAY YOU GUESSED RIGHT I'M FROM NA LUL
I THINK IM BASED I HAVE NO TASTE YOU GUESSED IT I COPY PASTE LUL
MY TEETH ARE YELLOW MY BREATH SMELLS LIKE POO YOU GUESSED RIGHT IM FROM PERU SMOrc
MY TEETH ARE YELLOW MY BREATH SMELLS LIKE POO YOU GUESSED RIGHT IM FROM NA SMOrc
MY TEETH ARE YELLOW MY BREATH SMELLS LIKE POO YOU GUESSED RIGHT IM FROM EU SMOrc
MY BELLY IS HUGE MY BRAIN HAS DELAY YOU GUESSED RIGHT I EAT AT CHIPOTLE LUL
MY TEETH ARE YELLOW MY BREATH SMELLS LIKE POO YOU GUESSED RIGHT IM FROM EU SMOrc
MY BELLY IS HUGE MY BRAIN HAS DELAY U GUESSED IT RIGHT IM FROM USA / EleGiggle
24k watching 2 shltty teams in the group stage PogChamp
MY BELLY IS HUGE MY BRAIN HAS DELAY YOU GUESSED RIGHT I'M FROM NA LUL
NA DONT BE LATE FOR FLIGHT OH W8 LUL
I THINK IM BASED I HAVE NO TASTE YOU GUESSED IT I COPY-PASTE LUL
MY TEETH ARE YELLOW MY BREATH SMELLS LIKE POO YOU GUESSED RIGHT IM FROM CA(NA)DA SMOrc
MY BELLY IS HUGE MY BRAIN HAS DELAY YOU GUESSED RIGHT I EAT AT CHIPOTLE LUL
Worlds Rebroadcast = 29k Major Live = 23k Ded game LUL
I THINK IM BASED I HAVE NO TASTE YOU GUESSED IT I COPY-PASTE LUL
I THINK IM BASED I HAVE NO TASTE YOU GUESSED IT I COPY-PASTE LUL
24k watching 2 shltty teams in the group stage of a non-major NA tourney PogChamp
WATCH THE GAME YOU PLEBS SwiftRage
I THINK IM BASED I HAVE NO TASTE YOU GUESSED IT I COPY-PASTE LUL
MY BELLY IS HUGE MY BRAIN HAS DELAY YOU GUESSED RIGHT I EAT AT CHIPOTLE LUL
Worlds Rebroadcast = 29k Major Live = 23k Ded game LUL
MY BELLY IS HUGE MY BRAIN HAS DELAY U GUESSED IT RIGHT IM FROM USA EleGiggle
I THINK IM BASED I HAVE NO TASTE YOU GUESSED IT I COPY-PASTE LUL
EU COULDN'T EVEN MAKE IT TO AN OPEN LUL
Worlds Rebroadcast = 29k Major Live = 23k Ded game LUL
MY BELLY IS HUGE MY BRAIN HAS DELAY YOU GUESSED RIGHT I EAT AT CHIPOTLE LUL
I THINK IM BASED I HAVE NO TASTE YOU GUESSED IT I COPY-PASTE LUL
@todtheritter 11,000,000 players a month and you calling it dead? LUL
25 K VIEWERS ON MAJOR FINAL DEAD GAME LUL
MY BELLY IS HUGE MY BRAIN HAS DELAY YOU GUESSED RIGHT I EAT AT CHIPOTLE LUL
NA CAN ONLY WIN IF THERES ONLY NA TEAMS LUL
Don't copy the name when you copypasta FailFish
Worlds Rebroadcast = 29k Major Live = 23k Ded game LUL
MY TEETH ARE YELLOW MY BREATH SMELLS LIKE POO YOU GUESSED RIGHT IM FROM EU SMOrc
MY BELLY IS HUGE MY BRAIN HAS DELAY YOU GUESSED RIGHT I EAT AT CHIPOTLE LUL
MY BELLY IS HUGE MY BRAIN HAS DELAY U GUESSED IT RIGHT IM FROM USA EleGiggle
dreamhack majorhost in 2017 dead game LUL
I THINK IM BASED I HAVE NO TASTE YOU GUESSED IT I COPY-PASTE LUL
Everything Bagel kettled cooked Lays SeemsGood
Majors & NA >pick one SoBayed
ONE MORE "xD" and I WILL HANG MYSELF SwiftRage
Don't copy the name when you copypasta FailFish
MY BELLY IS HUGE MY BRAIN HAS DELAY YOU GUESSED RIGHT I EAT AT CHIPOTLE LUL
MY BELLY IS HUGE MY BRAIN HAS DELAY U GUESSED IT RIGHT IM FROM USA EleGiggle
Worlds Rebroadcast = 29k Major Live = 23k Ded game LUL
brunitz: Don't copy the name when you copypasta FailFish
brunitz: Don't copy the name when you copypasta FailFish
1 more and i leave RaccAttack
brunitz: Don't copy the name when you copypasta FailFish
brunitz: Don't copy the name when you copypasta FailFish
NA THIS EU THAT CANT WE ALL JUST BE A HAPPY LITTLE CHAT BibleThump
Drev979: brunitz: FailFishDon't copy the name when you copypasta FailFish
brunitz: Don't copy the name when you copypasta FailFish
Drev979: brunitz: Don't copy the name when you copypasta FailFish
Drev979: brunitz: Don't copy the name when you copypasta FailFish
One more and im leaving 4Head
unnamed_1337: brunitz: Don't copy the name when you copypasta FailFish
raisingbanans: Drev979: brunitz: Don't copy the name when you copypasta FailFish
willowbee: brunitz: Don't copy the name when you copypasta FailFish
raisingbanans: Drev979: brunitz: FailFishDon't copy the name when you copypasta FailFish
raisingbanans: Drev979: brunitz: Don't copy the name when you copypasta FailFish
SPIFFehz: Drev979: brunitz: FailFishDon't copy the name when you copypasta FailFish
Stealthy_Sheep_NL: Drev979: brunitz: Don't copy the name when you copypasta FailFish
austin0788: raisingbanans: Drev979: brunitz: Don't copy the name when you copypasta FailFish
raisingbanans: Drev979: brunitz: Don't copy the name when you copypasta FailFish
willowbee: brunitz: Don't copy the name when you copypasta FailFish
Drev979: SPIFFehz: Drev979: brunitz: FailFishDon't copy the name when you copypasta FailFish
austin0788: raisingbanans: Drev979: brunitz: Don't copy the name when you copypasta FailFish
austin0788: raisingbanans: Drev979: brunitz: Don't copy the name when you copypasta FailFish
TwitchyJoe: austin0788: raisingbanans: Drev979: brunitz: FailFishDon't copy the name when you copypasta FailFish
Twitch Primedemon_lily: Drev979: SPIFFehz: Drev979: brunitz: FailFishDon't copy the name when you copypasta FailFish
jayce0rangetail: austin0788: raisingbanans: Drev979: brunitz: Don't copy the name when you copypasta FailFish
mistertoolbox: TwitchyJoe: austin0788: raisingbanans: Drev979: brunitz: FailFishDon't copy the name when you copypasta FailFish
jayce0rangetail: austin0788: raisingbanans: Drev979: brunitz: Don't copy the name when you copypasta FailFish
Drev979: Twitch Primedemon_lily: Drev979: SPIFFehz: Drev979: brunitz: FailFishDon't copy the name when you copypasta FailFish
Drev979: Twitch Primedemon_lily: Drev979: SPIFFehz: Drev979: brunitz: FailFishDon't copy the name when you copypasta FailFish
ONE MORE AND IM LEAVING 4Head
EVREYONE IN CHAT IS LITERALLY NOVA 2 FailFish
cant just wait for the bomb defuse FailFish
she tryna pop like tarts KevinTurtle
THAT NADE SUMS UP CLG LUL
she tryna pop like corn TriHard
AU NAD IN NA OMEGALUL LUL
AYYYYYY WHERE MY @ ? TriHard
49Montana16 implying AU is NA LUL
MY BELLY IS HUGE MY BRAIN HAS DELAY YOU GUESSED RIGHT I EAT AT CHIPOTLE LUL
MY BELLY IS HUGE MY BRAIN HAS DELAY YOU GUESSED RIGHT I EAT AT CHIPOTLE LUL
FNS.. LETS SWITH WEAPON BOIS LUL
LITERALLY PUT ANYTHING BETWEEN EMOTES AND TWITCH CHAT WILL COPYPASTA IT 4Head
LITERALLY PUT ANYTHING BETWEEN EMOTES AND TWITCH CHAT WILL COPYPASTA IT 4Head
LITERALLY PUT ANYTHING BETWEEN EMOTES AND TWITCH CHAT WILL COPYPASTA IT 4Head
LITERALLY PUT ANYTHING BETWEEN EMOTES AND TWITCH CHAT WILL COPYPASTA IT 4Head
LITERALLY PUT ANYTHING BETWEEN EMOTES AND TWITCH CHAT WILL COPYPASTA IT 4Head
MY BELLY IS HUGE MY BRAIN HAS DELAY YOU GUESSED RIGHT I EAT AT CHIPOTLE LUL
LITERALLY PUT ANYTHING BETWEEN EMOTES AND TWITCH CHAT WILL COPYPASTA IT 4Head
LITERALLY PUT ANYTHING BETWEEN EMOTES AND TWITCH CHAT WILL COPYPASTA IT 4Head
LITERALLY PUT ANYTHING BETWEEN EMOTES AND TWITCH CHAT WILL COPYPASTA IT / 4Head
LITERALLY PUT ANYTHING BETWEEN EMOTES AND TWITCH CHAT WILL COPYPASTA IT 4Head
LITERALLY PUT ANYTHING BETWEEN EMOTES AND TWITCH CHAT WILL COPYPASTA IT 4Head
LITERALLY PUT ANYTHING BETWEEN EMOTES AND TWITCH CHAT WILL COPYPASTA IT / 4Head
LITERALLY PUT ANYTHING BETWEEN EMOTES AND TWITCH CHAT WILL COPYPASTA IT 4Head
LITERALLY PUT ANYTHING BETWEEN EMOTES AND TWITCH CHAT WILL COPYPASTA IT 4Head
LITERALLY PUT ANYTHING BETWEEN EMOTES AND TWITCH CHAT WILL COPYPASTA IT 4Head
LITERALLY PUT ANYTHING BETWEEN EMOTES AND TWITCH CHAT WILL COPYPASTA IT 4Head. 4Head
MY BELLY IS HUGE MY BRAIN HAS DELAY YOU GUESSED RIGHT I EAT AT CHIPOTLE LUL
LITERALLY PUT ANYTHING BETWEEN EMOTES AND TWITCH CHAT WILL COPYPASTA IT 4Head
LITERALLY PUT ANYTHING BETWEEN EMOTES AND TWITCH CHAT WILL COPYPASTA IT 4Head
Suck it chat Keep spamming FeelsGoodMan Kreygasm
LITERALLY PUT ANYTHING BETWEEN EMOTES AND TWITCH CHAT WILL COPYPASTA IT 4Head
LITERALLY PUT ANYTHING BETWEEN EMOTES AND TWITCH CHAT WILL COPYPASTA IT 4Head... 4Head
HOLY SHIT HLTV VAC BAN CHECK JW PogChamp
WATCH CLG LOOSE THIS ROUND LUL
LITERALLY PUT ANYTHING BETWEEN EMOTES AND TWITCH CHAT WILL COPYPASTA IT 4Head... 4Head
LITERALLY PUT ANYTHING BETWEEN EMOTES AND TWITCH CHAT WILL COPYPASTA IT 4Head
LITERALLY PUT ANYTHING BETWEEN EMOTES AND TWITCH CHAT WILL COPYPASTA IT 4Head
MY BELLY IS HUGE MY BRAIN HAS DELAY YOU GUESSED RIGHT I EAT AT CHIPOTLE LUL
LITERALLY PUT ANYTHING BETWEEN EMOTES AND TWITCH CHAT WILL COPYPASTA IT l 4Head
LITERALLY PUT ANYTHING BETWEEN EMOTES AND TWITCH CHAT WILL COPYPASTA IT 4Head
BEEP BAP BOOP CLG IS NOOB MrDestructoid
AMPTropPunch Only the chosen one can stack these cans! AMPTropPunch but wait can you do three cans! !! AMPTropPunch PogChamp
My Teeth Is Crooked I'm Atleast 10% Jew You Guessed It Right I'm From EU LUL
Spam if NA is shit Kappa
MY BELLY IS HUGE MY BRAIN HAS DELAY YOU GUESSED RIGHT I EAT AT CHIPOTLE LUL
BIEP BAP BOOP CLG IS NOOB MrDestructoid
NAF on AU and Rickeh on NA LUL
1st person to type 123 gets $5000 Kappa
AMPTropPunch Only the chosen one can stack these cans! AMPTropPunch but wait can you do three cans! !! AMPTropPunch PogChamp
LAUGH TILL EVERYONE COPY PASTA 4Head
Only the chosen one can stack these cans! AMPTropPunch but wait can you do three cans! !! AMPTropPunch PogChamp
AMPTropPunch Only the chosen one can stack these cans! AMPTropPunch but wait can you do three cans! !! AMPTropPunch PogChamp
AAAAYYYYY WHERE MY @ ? ??? TriHard
Don't copy the name when you copypasta FailFish
My Teeth Is Crooked I'm Atleast 10% Jew You Guessed It Right I'm From EU LUL
NIFTY running like a monkey LUL
only real LULer can build this perfect pyramid . Try like me !Try like me ! Try like me !! And my pyramid still higher!!!!!! LUL
only real LULer can build this perfect pyramid . Try like me !Try like me ! Try like me !! And my pyramid still higher!!!!!! LUL
GG EZ NA HERE COMEBACK IS REAL LUL
My Teeth Is Crooked I'm Atleast 10% Jew You Guessed It Right I'm From EU LUL
HELLO EU NA HERE GG EZZ? LUL
shroud had more than x2 this amount of viewers yday 4Head
ahh that celtics hat reminds me to poor hayward :(
My Teeth Is Crooked I'm Atleast 10% Jew You Guessed It Right I'm From EU LUL
NAF DIDNT DESERVE TO DIE LIKE THIS BibleThump
My Teeth Is Crooked I'm Atleast 10% Jew You Guessed It Right I'm From EU LUL
THEY WERE LAUGHING AT CLG LOOK AT THEM NOW BrokeBack
IM AN DREAMHACK MOD BANNING FOR EVERYTHING FIGHT ME BabyRage
IM AN DREAMHACK MOD BANNING FOR EVERYTHING FIGHT ME BabyRage
IM AN DREAMHACK MOD BANNING FOR EVERYTHING FIGHT ME / BabyRage
Go Win RNG plzz Go Win RNG plzz BlessRNG
put it on r9k mode WutFace
Viewbot #22155 reporting for duty MrDestructoid
KOOSTA OVERRATED CUTLER OUTDATED FNS DEAD CLG ELIMNATED Jebaited
ALL THAT TO LOOSE 14-14 xD LUL
WOOT Now we wait another hour for next game LUL
KOOSTA OVERRATED CUTLER OUTDATED FNS DEAD CLG ELIMNATED l Jebaited
KOOSTA OVERRATED CUTLER OUTDATED FNS DEAD CLG ELIMNATED Jebaited
fns's major achievement in his career was to destroy immortals :D
KOOSTA OVERRATED CUTLER OUTDATED FNS DEAD CLG ELIMNATED Jebaited
pala's face when nifty answers qs LUL
nifty's nose is big but his talent even bigger :D
JAYZ AND NEXA WAS THE PROBLEM 4Head
no what im sayin ? TriHard
THE W'S. YOU KNOW WHAT IM SAYING TriHard
no wha ma sayin ?? TriHard
MAJOR FINAL AND 28K VIEWERS DEAD GAME LUL
Renegades should all change their nicks to KNG, force clg to be at the respawn with the rest of the chickens :)
@zainu82 CAN'T EVEN READ NUMBERS LUL
If i see one more in this chat, im leaving forever TriHard
One more "xD" and i'm out FailFish
@sommares Almost as good as taco Kappa
"only way" what is HLTV LUL
@watchmercy It was a joke :)
@NasePybus iirc he looks like a person 4Head
if i buy an i7 pros will watch PogChamp
it says C9 vs RNG later when RNG vs CLG not over yet LUL
C S G O skins TriHard
@fug1t1v33 "i dont watch competitive cs much" LUL
kill the red ones, make peace VoteYea
@hotbutttons illegal drugs are bad LUL
Diese chat ist jetzt Deutsch DatSheffy
I only do legal drugs because the government thinks for me it's better that way they told me so LUL
I drink alcohol because I was born into a culture that likes numbing their lives LUL
We're here. Why a lot of u hate us? :(
Go BIG or go BUG LUL
everybody everybody get ya troll on TriHard
15k viewers cs go is hot PogChamp
15K VIEWERS MAJOR DEAD GAME im 12 btw LUL
guess I’m goin home... wait Jebaited
this g4m3 is dedder than ded Kappa
The 'CS is dead' meme is still alive it seems.It'll probably outlive CS Kappa
Players earn 1.000.000 dollars but game is dead LUL
2015 people say korea will gg every esport, 2017 WHERE IS FREKING KOREAN????! LUL
NO JUMP BUG NO BIG LUL
GO BUG i mean BIG SeemsGood
i hope BIG is not cheating Kappa
16,000 Bots Bots check in MrDestructoid
You are saying cs go is dead but yo are watching now LUL
DIESER CHAT IZT JEST DEUTSCH DatSheffy
DONT BE A DOPIE SPAM YOUR OPIES OpieOP
DONT BE A DOPIE SPAM YOUR OPIES OpieOP
OpieOPOpieOP DONT BE A DOPIE SPAM YOUR OPIES OpieOP
boys i need a new pc someone buy me one? :D
@carbon2247 spoil me the game pls Kappa
17k viewers for a tier 10 matchup LUL
lol, cerq looking more cute than his hltv picture :D
DIESER CHAT IST JETZT DEUTSCH DatSheffy
NRG ONLINE FeelsGoodMan NRG ON LAN LUL
If you're in the crowd flip off the camera Kappa
Vectralpb xgod can never be matched :D
there's no crowd, it's all video/sound effects to fool twitch audience :D
DIESER CHAT IST JETZT DEUTSCH DatSheffy
DIESER CHAT IST JETZT DEUTSCH DatSheffy
the perfect map for CerQ's AWP PogChamp
just stfu caster.. if tabsen and nex arent smurfing, big won't get past 10 r :D
This guy does my laundry PogChamp
big in lan are best :)
helo butiful show bob nd vegana OpieOP
Who’s seen Click Feat. Adam Sandler? :)
18K FOR A MAJOR DED GAME LUL
@iammaxtheharbingerofdoom the best movie of all time Kappa
@jaspervdm i see what you did there KappaClaus
DIESER CHAT IST JETZT DEUTSCH DatSheffy
DIESER CHAT IST JETZT DEUTSCH DatSheffy
OLD NRG ROSTER VS NEW NRG PogChamp
DIESER CHAT IST JETZT DEUTSCH DatSheffy
DIESER CHAT IST JETZT SCHWARTZ TriHard
DIESER CHAT IST JETZT DEUTSCH DatSheffy
DIESER CHAT IST JETZT DEUTSCH DatSheffy
GO BIGAN OR GO HOME Kappa
DIESER CHAT IST JETZT DEUTSCH TriHard
Sting & The Police quotes <3
NO INFERNO NO JUMP BUG NO BIG 4Head
Funny way to say bug Kappa
Great joke Dreamhack, not starting the game EleGiggle
Insomniuhh nah definitely Danny DeVito Keepo
20k views on a major final LUL
its a live rerun though :D
@insomniuhh, heyy its the fox emote mod HeyGuys
Dieser Chat ist jetzt Deutsch Jebaited
DIESER CHAT IST JETZT DEUTSCH TriHard
Hahahahaha tech issues best part of the game 4Head
IM AN DREAMHACK MOD BANNING FOR EVERYTHING FIGHT ME BabyRage
North korea hacking dreamhack now :(
HELLO DREAMHACK 📞4Head VALVE HERE 📞 LAST MAJOR 4Head
see you in 16 minutes and 57 secs chat Kappa
21k ppl watching major final dead game forsenOMEGA LUL
@Insomniuhh wanna bo1 together in bed ;)
@blindatom425725 it’s just a meme friend :)
MY FAVORITE WAITING FOR NA PRODUCTION TO GET THEIR ACT TOGETHER :)
who wants to pack my fudge KappaPride
delays at major final dead game LUL
its not 17 hour wqit its locql time DansGame
1vs5 clutch situations are to eZ for me Keepo
no cobble drops in major, dead game BibleThump
Why would you say those things anyway Kappa
nice shadow on the players face LUL
why did he shoot those pictures LUL
Go big or go home LUL
BIG should go crouching and jumping 4Head
Wir mussen die Juden ausrotten DansGame
20k viewers on a major LUL
@proluxe1337 trying to reason with a bunch of 12 years old trolls Jebaited
Just wait until we see CeRq hold B with an AWP Kreygasm
nothing and shroud are casters now PogChamp
love to see people commenting VAC like silver 4Head
DIESER CHAT IST JETZT DEUTSCH TriHard
wow shroud sure has matured PogChamp
this is such a mess LUL
@Insomniuhh cerq isnt a very good rifler LUL
someone ban @Black_free please .... he is just giving fake spoiler only because he's stupid :(
IM AN DREAMHACK MOD BANNING FOR EVERYTHING FIGHT ME BabyRage
IM AN DREAMHACK MOD BANNING FOR EVERYTHING FIGHT ME BabyRage
DIESES CS IST JETZT DEUTSCH DIESES CS IST JETZT DEUTSCH DatSheffy
NA vs german ww2 cs PogChamp
WHY IS NA SO FUCKING BAD AT EVERYTHING? 4Head
AYYYYYYY WHERE MY @ ? TriHard
@the1610 because they are from NA 4Head
@Oipen FaZe is not european team right? FailFish
America bashing from insecure Europeans LUL
NA is bad at olympics? LUL
WASTING SALARIES BAD PLAYERS DEAD REGION MUST BE NA 4Head
WASTING SALARIES BAD PLAYERS DEAD REGION MUST BE NA / 4Head
WASTING SALARIES BAD PLAYERS DEAD REGION MUST BE NA 4Head
WASTING SALARIES BAD PLAYERS DEAD REGION MUST BE NA 4Head
old nrg vs new nrg LUL
nico, niko, niko, hiko, riko Kreygasm
WASTING SALARIES BAD PLAYERS DEAD REGION MUST BE NA 4Head
I THINK IM BASED I HAVE NO TASTE YOU GUESSED IT I COPY-PASTE LUL
WASTING SALARIES BAD PLAYERS DEAD REGION MUST BE NA . 4Head
MY AIM IS TRASH MY KILLS ARE FEW YOU GET IT RIGHT IM FROM EU Jebaited
WASTING SALARIES BAD PLAYERS DEAD REGION MUST BE NA 4Head
WASTING SALARIES BAD PLAYERS DEAD REGION MUST BE NA 4Head
@420xOmaeWaMouShindeiru And still 85% of your hockey players are either EU or canadian LUL
22K VIEWERS IN MAJOR FINAL CSGO IS DEAD SWITCH TO ROBLOX LUL
WASTING SALARIES BAD PLAYERS DEAD REGION MUST BE NA 4Head
MY AIM IS TRASH MY KILLS ARE FEW YOU GET IT RIGHT IM FROM EU Jebaited
WASTING SALARIES BAD PLAYERS DEAD REGION MUST BE NA 4Head
NA THIS EU THAT I'M A BABY IN TWITCH CHAT BabyRage
SK 3rd in the world, the downfall of SK LUL
Dieser Chat ist jetzt deutsch DatSheffy
WASTING SALARIES BAD PLAYERS DEAD REGION MUST BE NA 4Head
MY AIM IS TRASH MY KILLS ARE FEW YOU GET IT RIGHT IM FROM EU Jebaited
EVEN KAZAKHSTAN HAS A MAJOR 4Head
22K VIEWERS FOR A MAJOR LUL
S1mple is always the problem Kappa
WASTING SALARIES BAD PLAYERS DEAD REGION MUST BE NA 4Head
WASTING SALARIES BAD PLAYERS DEAD REGION MUST BE NA 4Head
Never forget that SUMMIT walked trough the MOLLY! LUL
none of them had a kit LUL
@Cornytheman ^^ WASTING SALARIES BAD PLAYERS DEAD REGION MUST BE NA 4Head
@ciaran_bee EU 8 majors , NA error 404 EleGiggle
@J1NZU_CS na btw dont try so hard btw just chillin btw 4Head
WASTING SALARIES BAD PLAYERS DEAD REGION MUST BE NA 4Head
WASTING SALARIES BAD PLAYERS DEAD REGION MUST BE NA 4Head
📞 :telephone_receiver:BetterTTV Emojis NRG? 📞 BIG HERE 📞 ENJOY YOUR VACATION 📞 4Head
CS UPDATE HUGE ONE 5 GT PogChamp
alt tab ??? or windows chat LUL
Insomniuhh cerq seems to lag out too LUL
NO BUG NO WIN THEY SAID LUL
WASTING SALARIES BAD PLAYERS DEAD REGION MUST BE NA 4Head
CRY IS FREE NA FANBOYS LUL
📞 :telephone_receiver:BetterTTV Emojis NRG? 📞 BIG HERE 📞 ENJOY YOUR VACATION 📞 4Head
20K VIEWERS FOR A MAJOR DEAD GAME LUL
📞 :telephone_receiver:BetterTTV Emojis NRG? 📞 BIG HERE 📞 ENJOY YOUR VACATION 📞 4Head
📞 :telephone_receiver:BetterTTV Emojis NRG? 📞 BIG HERE 📞 ENJOY YOUR VACATION 📞 4Head
@mejcel thats why u get a keyboard which has a disable feature LUL
@Chopycat cry is free kid LUL
@phluffyhead YOU MAKE 0 SENSE LUL
MY BELLY IS HUGE MY BRAIN HAS DELAY YOU GUESSED IT RIGHT I'M FROM NA. EleGiggle
I THINK IM BASED I HAVE NO TASTE YOU GUESSED IT I COPY-PASTE LUL
📞 HELLO NA 4Head📞EU HERE 📞 WHY SO QUIET 📞 4Head
📞 HELLO NA 📞EU HERE 📞 WHY SO QUIET 📞 4Head
📞 HELLO NA 📞EU HERE 📞 WHY SO QUIET 📞 / 4Head
who wants to play some PUBG ? HeyGuys
NRG? 📞 BIG HERE 📞 ENJOY YOUR VACATION 📞 4Head
📞 HELLO NA 📞EU HERE 📞 WHY SO QUIET 📞 4Head
📞 HELLO NRG 📞BIG HERE 📞 WHY SO NOOB 📞 / 4Head
NRG? 📞 BIG HERE 📞 ENJOY YOUR VACATION 📞 4Head
NRG getting carried by 2 EU players 4Head
cmon dont make fun of CeRq hes just a kid :p
@MatleenaGOD no one says that it's E-Sports ready NotLikeThis
NRG getting carried by 2 EU players / 4Head
WIDE PEEKS THE LAST GUY LUL
CERQ CANT CHEAT ON LAN PogChamp
SUMMIT WALK TROUGH THE MOLLY! Never forget! LUL
@heyifoundanusername genetics actually plays a BIG part ;)
RANK S PLAYERS IN THE CHAT EleGiggle
Rank s players watching demos LUL
@HeyIFoundAnUsername sjw? ha what a joke lul EleGiggle
budget casters = low viewer count LUL
NRG IS STILL A THING? EleGiggle
blu and launders arent budget casters FailFish
NRG? 📞 BIG HERE 📞 ENJOY YOUR VACATION 📞 4Head
Trump has also german Parents , but Tabsen grows up in germany ;)
NO BUG NO WIN THEY SAID NA LUL
NO BUG NO WIN THEY SAID NA LUL
NO BUG NO WIN THEY SAID NA LUL
@PolloCSGO respond to me or i disban GX SMOrc
NO BUG NO WIN THEY SAID NA LUL
NO BUG NO WIN THEY SAID NA LUL
NA LOSING AGAINST TIER 3 EU EleGiggle
NRG? 📞 BIG HERE 📞 ENJOY YOUR VACATION 📞 4Head
this isnt tier 3 EU LUL
Winning 2 pistols on a BO1 4Head
NO BUG NO WIN THEY SAID NA LUL
NO BUG NO WIN THEY SAID NA LUL
NO BUG NO wIN THEY SAID NA LUL
Spam to show chat what we think of NA cs EleGiggle
rush b p90, major winning strats Kappa
23k viewers and no spam? Kappa
SPAM THIS BLACKSEN TO HELP TABSEN TriHard
did someone say 23k vieweres and no spaM???? Kappa
DIESER CHAT IST JETZT DEUTSCH Kappa
NRG? 📞 BIG HERE 📞 ENJOY YOUR VACATION 📞 4Head
TriHardTriHard SPAM THIS BLACKSEN TO HELP TABSEN TriHard
DIESER CHAT IST JETZT DEUTSCH Kappa
Bug pls stop whaling on NA BibleThump
DIESER CHAT IST JETZT DEUTSCH Kappa
@lucianokaravele CRY yoU KID HAHHAHA LUL
DIESER CHAT IST JETZT DEUTSCH Kappa
NRG? 📞 BIG HERE 📞 ENJOY YOUR VACATION 📞 4Head
MY BELLY IS HUGE MY BRAIN HAS DELAY YOU GUESSED IT RIGHT I'M FROM NA. EleGiggle
people who haven't ever seen the essay pasta LUL
100 word essay due monday and I'm watching cs HAhaHA FailFish
falling for the essay bait answering bait LUL
SPAM THIS BLACKSEN TO HELP TABSEN TriHard
NRG? 📞 BIG HERE 📞 ENJOY YOUR VACATION 📞 4Head
SPAM THIS BLACKSEN TO HELP TABSEN TriHard
SPAM THIS BLACKSEN TO HELP TABSEN . TriHard
I totally smoked Molly´s E-box Kreygasm
@Captain_Impaler Turn your headphones around SeemsGood
SPAM THIS BLACKSEN TO HELP TABSEN TriHard
don't worry nrg youll always have overwatch Kappa
SPAM THIS BLACKSEN TO HELP TABSEN TriHard
Keep in mind this is the NA superteam, the best they have to offer Kappa
sk is an na team LUL
What is this trash CS NotLikeThis
@Insomniuhh i'm in ts and can't turn my mic Kappa
Spray and pray works out 4Head
SPAM THIS BLACKSEN TO HELP TABSEN TriHard
SPAM THIS STEVE TO HELP KEEV PunchTrees
MY BELLY IS HUGE MY BRAIN HAS DELAY YOU GUESSED IT RIGHT I'M FROM NA. EleGiggle
SPAM THIS STEVE TO HELP KEEV PunchTrees
SPAM THIS STEVE TO HELP KEEV PunchTrees
SPAM THIS BLACKSEN TO HELP TABSEN TriHard
this would be a BIG choke. Kappa
SPAM THIS STEVE TO HELP KEEV PunchTrees
SPAM THIS STEVE TO HELP KEEV PunchTrees
SPAM THIS STEVE TO HELP KEEV PunchTrees
📞 HELLO NA? 📞 EU HERE 📞 ENJOY YOUR VACATION 📞 4Head
SPAM THIS STEVE TO HELP KEEV PunchTrees
SPAM THIS STEVE TO HELP KEEV PunchTrees
SPAM THIS STEVE TO HELP KEEV PunchTrees
SPAM THIS STEVE TO HELP KEEV PunchTrees
SPAM THIS BLACKSEN TO HELP TABSEN TriHard
SPAM THIS STEVE TO HELP KEEV PunchTrees
SPAM THIS STEVE TO HELP KEEV PunchTrees
SPAM THIS BLACKSEN TO HELP TABSEN . TriHard
SPAM THIS BLACKSEN TO HELP TABSEN , TriHard
SPAM THIS STEVE TO HELP KEEV PunchTrees
SPAM THIS STEVE TO HELP KEEV PunchTrees
33 flashback einfach drüber fahren :D
SPAM THIS TUNA FOR GOOD FORTUNA SabaPing
BIG is going to Anschluß Denver Kappa
I love this pala grill KappaPride
I DONT SPEAK LOST WWII LUL
they let 5 r bcoz of the former org thing :D
that is alot of ways :D
SPAM THIS STEVE TO HELP KEEV PunchTrees
SPAM THIS STEVE TO HELP KEEV PunchTrees
got kicked from mouz, payback time LUL
@921days better loose a world war win in cs then loose a war against viat farmers LUL
Hazed talking about good team LUL
that's how real dust looks like Kappa
hazed thinking he can judge players when hes garb LUL
@Eli_green whos at a lan and who isnt LUL
100 word paper due monday and I'm watching cs FailFish
it's rerun faze won as always Kappa
@w_z_r_d falling for ancient past LUL
SPAM THIS STEVE TO HELP KEEV PunchTrees
SPAM THIS STEVE TO HELP KEEV PunchTrees
SPAM THIS STEVE TO HELP KEEV PunchTrees
SPAM THIS STEVE TO HELP KEEV PunchTrees
SPAM THIS STEVE TO HELP KEEV PunchTrees
WATCH CS FOR A 0.05% CHANCE TO WIN 0.03USD SKIN PogChamp
@dred_cs yeah we really needed those during a big event thanks GabeN BrokeBack
SPAM THIS BLACKSEN TO HELP TABSEN TriHard
@Insomniuhh it is valve after all 4Head
i dont understand rick and morty BrokeBack
18k viewers for a major LUL
WHO WINS CLOUD VS RENEGADES ??? :D
C9 throwing for szechuan sauce PogChamp
oh man nrg got rekt it seems :o
@Ciaran_Bee see you there friend 👋 Kappa
@Luthogoh i train them 2x a week actually Kappa
Yo NA won a major yet? SoBayed
my ads are interupting each other WutFace
say if you like weiners VoteYea
csgo -> 36k viewers shroud had 64k last night csgo dying game LUL
Who in this chat is stewart's child? / Kappa
T H I C C Kappa
Renegades are gonna trash you american noobs Kappa
where is VP? sold out Kappa
@imposibleyouwin LuL all good my man, i was just messing around <3
-rush +MSL -skadoodle +SIXER EZ cloud9 era baby PogChamp
@Popemall tarik = all aim, no brain and hes the IGL LUL
@drowzyX no brain tactics works Kappa
19k views on a major LUL
watch them Lose to ReneGAYS <3
niftys nose can be their sixth LUL
@Popemall that means u watch steel and u know more than me LUL
drowzyX watched a video of stewie reacting to something, he brought it up but i do sometimes, wont lie :D
one more, one more and im one more. one more Kappa
pick the map nowww please :(
laundo big wurst brown man ANELE
C9 isn’t great at all LUL
Is he on T side? ANELE
why is naf on this team DansGame
Why spam if u already checked for golden today lol Kappa
i got a blue line on my screen is DH doing eye tracking for stewie Kappa
BEST NA TEAM? 2 ASIANS? LUL
@gingerbeans it seens that youre insecure about idolizing him LUL
LELLELL LULLLL LELELELL UYLU L UL LELEL FUCK MY DAD LUL
haHAA reneGAYs fans haHAA reneGAYs fans haHAA reneGAYs fans haHAA EleGiggle
25k viewers watching rerun of group stage LUL
na cs vs na cs NotLikeThis
@GingerBeans typing words about ranks and fanboys = personality 12 btw LUL
@HugeWong naf isnt from AU BrokeBack
haHAA reneGAYs fans haHAA reneGAYs fans haHAA aussie btw haHAA EleGiggle
haHAA reneGAYs fans haHAA reneGAYs fans haHAA aussie btw haHAA aussie btw haHAA EleGiggle
@hihklhoi bye, enjoy the ban HeyGuys
BANG POGCHAMP EM POGCHAMP OUT PogChamp
Gingerbeans why u arguing in a twitch chat LUL
@Windows8Weezy haha i love tarik too he is so cool :D
HELLO NA NA HERE WHY SO QUIET? 4Head
HELLO NA NA HERE WHY SO QUIET? 4Head
RUSH TO FAST FOR HIMSELF LUL
SHOOTS TWICE MUST BE DEAD 4Head
so many ex- dieselOG players :(
SKATHEORY DOESNT WORK ON YOUNG STEW PogChamp
HuskeyOP must be so triggered right now 4Head
AZR is always off his mark EleGiggle
SKATHEORY DOESNT WORK ON YOUNG STEW PogChamp
AU CS THIS IS A JOKE LUL
TOO EZ TOO EZ TOO EZ 4Head
0-0-9 ur worse than Bond LUL
IT WAS THE CASTERS CURSE DansGame
this is now the Gordon Hayward emote R.I.P. his ankle #prayforhayward BlessRNG
this is now the Gordon Hayward emote R.I.P. his ankle #prayforhayward BlessRNG
this is now the Gordon Hayward emote R.I.P. his ankle #prayforhayward BlessRNG
this is now the Gordon Hayward emote R.I.P. his ankle #prayforhayward BlessRNG
this is now the Gordon Hayward emote R.I.P. his ankle #prayforhayward BlessRNG
Renegades think they have a chance LUL
hayward wont be good again BlessRNG
BlessRNGBlessRNG this is now the Gordon Hayward emote R.I.P. his ankle #prayforhayward BlessRNG
this is now the Gordon Hayward emote R.I.P. his ankle #prayforhayward . BlessRNG
this is now the Gordon Hayward emote R.I.P. his ankle #prayforhayward BlessRNG
this is now the Gordon Hayward emote R.I.P. his ankle #prayforhayward BlessRNG
give them a chance Bullies BibleThump
this is now the Gordon Hayward emote R.I.P. his ankle #prayforhayward BlessRNG
this is now the Gordon Hayward emote R.I.P. his ankle #prayforhayward BlessRNG
Damn casters, it's not rocket science, Stew just killed people Kappa
renegades is supposed to play an ecs match in 30 mins LUL
@BurglarBars man i dont even watch jr LUL
this is now the Renegades emote R.I.P. Their career #prayforRenegades BlessRNG
this is now the Gordon Hayward emote R.I.P. his ankle #prayforhayward BlessRNG
this is now the Renegades emote R.I.P. Their career #prayforRenegades BlessRNG
not ct sided C9 Sided LUL
this is now the Gordon Hayward emote R.I.P. his ankle #prayforhayward BlessRNG
spam these shades to help Renegades CoolCat
this is now the Gordon Hayward emote R.I.P. his ankle #prayforhayward BlessRNG
this is now the Gordon Hayward emote R.I.P. his ankle #prayforhayward BlessRNG
au losing because their monitors are rightside up LUL
computers dude top tier casting Kappa
this is now the Renegades emote R.I.P. Their career #prayforRenegades BlessRNG
STEW has a super monitor LUL
this is now the Gordon Hayward emote R.I.P. his ankle #prayforhayward BlessRNG
KANGAROO CS VS BURGER CS LUL
AUSTRIA CS MOZART CS AUSTRIA CS MOZART CS LUL
this is now the Renegades emote R.I.P. their career #prayforrenegades BlessRNG
this is now the Gordon Hayward emote R.I.P. his ankle #prayforhayward BlessRNG
spam these shades to help Renegades CoolCat
this is now the Renegades emote R.I.P. Their career #prayforRenegades BlessRNG
this is now the Renegades emote R.I.P. their career #prayforrenegades BlessRNG
AUSTRIA CS MOZART CS AUSTRIA CS MOZART CS LUL
Renegades Luck Runs out in CLG LUL
RNG fans where did you go? LUL
KANGAROO CS VS BURGER CS LUL
AUSTRIA CS MOZART CS AUSTRIA CS MOZART CS LUL
this is now the Gordon Hayward emote R.I.P. his ankle #prayforhayward BlessRNG
this is now the Gordon Hayward emote R.I.P. his ankle #prayforhayward BlessRNG
this is now the Renegades emote R.I.P. Their career #prayforRenegades BlessRNG
AUSTRIA CS MOZART CS AUSTRIA CS MOZART CS LUL
this is now the Renegades emote R.I.P. Their career #prayforRenegades BlessRNG
people getting baited by the austrian cs meme still OhMyDog
NO SKILL NO AIM BUT IVE GOT 17 GLOCK FADES YOU GUESSED IT RIGHT I LAY FOR RENEGADES LUL
AUSTRIA CS MOZART CS AUSTRIA CS MOZART CS LUL
this is now the C9 emote R.I.P. their 16-0 #prayfor16-1 BlessRNG
AU = gold. Renegades gold novas confirmed LUL
AUSTRIA CS MOZART CS AUSTRIA CS MOZART CS LUL
why the have different monitors? SMOrc
RNG will never be the same BlessRNG
theres only one capital in jebaited FailFish
AUSTRIA CS MOZART CS AUSTRIA CS MOZART CS LUL
this is now the Renegades emote R.I.P. Their career #prayforRenegades BlessRNG
this is now the Renegades emote R.I.P. Their career #prayforRenegades BlessRNG
AUSTRIA CS MOZART CS AUSTRIA CS MOZART CS LUL
KAPPA OUTDATED POGCHAMP OVERRATED LONG HAVE WE WAITED NOW WE JEBAITED Jebaited
AUSTRIA CS MOZART CS AUSTRIA CS MOZART CS LUL
ez move on to next scrubs TriHard
CLOSE GAME AUSSIE. HOLD YOUR HEADS HIGH Kappa
this is now the Renegades emote R.I.P. their career #prayforRenegades BlessRNG
au losing because their monitors are rightside up LUL
this is now the Renegades emote R.I.P. their career #prayforRenegades BlessRNG
HE MAKES THE HACKS FOR THE TEAM Kappa
M A N A G E R LUL
5k for getting red bulls LUL
Stewies Parents': "We told you to be a DOCTOR!!!!" MingLee
S E C R E T A R Y LUL
DONT NEED TO STEW ON IT LUL
dont need to STEW on it LUL
THE ONLY GOOD DUST MOMENT LUL
they got a round tho LUL
si salgo en dota2slg, regalo inmortales LUL
T w e n t y S i x A D R LUL
AT LEAST HE GOT 3 ASSISTS TO GO WITH HIS 2 KILLS LUL
you call yourself a pro LUL
Dust has so many chins PogChamp
lmao dust chins keep appearing LUL
Never won anything in CS GO LUL
only lan c9 has a chance at LUL
@kok0k0ko wuz poppin ma 7 TriHard
why would you need that LUL
SWEET I CAN PLAY IN THE RAIN NOW Kreygasm
ejacuate on keyboard then wash it PogChamp
DONT TRY THIS AT HOME Kappa
YOU HAVE TO HAVE AN EXTREMELY HIGH IQ TO UNDERSTAND RICK AND MORTY LUL
wow i can see 144hz on here! PogChamp
People commit suicide because of this music DansGame
K O N Y 2055 PogChamp
with olofmeister, coldzera and jw VAC banned and only 20 k viewers on a major I see no future here :(
can't believe coldzera got the good ol' vac though JW sure but cold? :(
@nthxs Apparently the dreamhack audience is KappaPride
17k viewers in a major LUL
@WolfGamer1xDD sk was good sure, but now that coldzera is vac banned :(
18k views on major grand finals DEAD GAME LUL
Traps in 2018 Traps in 2018 LUL
PA PA KA KA KA TriHard
@InCrust_WeTrust Almost like it is made after some guy on twitch. Oh wait, it was TriHard
this is now the Gordon Hayward emote R.I.P. his ankle #prayforHayward BlessRNG
@InCrust_WeTrust Whatever floats the tummy TriHard
~ ~ ~ ~ ~ ~ TriHard
half man half machine because he got a car accident and has to use a wheel chair now LUL
Because playing good music is overrated Jebaited
@WolfGamer1xDD everyone is racist, people just pretend not to be HotPokket
five ads in a row DansGame
never ever take twitch chat serious FailFish
@Nthxs I was waiting for it LUL
are you assuming my country HotPokket
everything is racist and problematic, liberal btw HotPokket
thats what an addbreak is LUL
counting down to more ads ResidentSleeper
WE WANT TO SEE DUST 2 SwiftRage
@jonashs1 Racism is spamming . Nice stuff haHAA TriHard
DRUG REFERENCE GT HIM OFF PogChamp
@jonashs1 Mister ban the emote TriHard
show the fucking game stop talking NotLikeThis
@jonashs1 Well everything racist in chat usually deals with the emote. What were you speaking about then hmm? TriHard
a killer? when did mouz pickup kng? LUL
Big is T H I C C Kreygasm
broke his leg on a plane LUL
WolfGamer1xDD enjoy starving and eating rats you filthy pinko BibleThump
Top 10 rappers who died while getting in their car TriHard
talk to me nice like uzi like uzi TriHard
hes throwin up gang signs WutFace
@hoozah u forgetting fnatic, boostmeister :D
banning every but ignoring fascist nice mods TriHard
Ban every in this chat TriHard
caster doesn't know what maps are in the pool OpieOP
@letmecu Weebs? Thanks for the shoutout TPFufun
LOVE BIG ON A HARD MAP LUL
launders want a big hard one :o
20K VIEWERS CSGO IN 2017 LUL
go big or go home Kreygasm
I can see why they call them BIG OpieOP
GOD J GOD J GOD J GOD J GOD J PogChamp
Lol Shroud had 63k viewers yesterday on PUBG and now CSGO Majhors cant even grab 25k.. Wtf LUL
DAT GIRL IS AN UCKERS TriHard
oskar with the mn twins hat LUL
Oskar should join C9, he would mow them from a tier 5 team to a tier 3 team Kappa
BIG was a fluke team in Krakow PogChamp
"Because the awper is crouching" VAC CONFIRMED Kappa
oskar best csgo player ever? i arent think that LUL
@letmecu tell me about it Kreygasm
@ivanoize wat is cringe crew? LUL
keev and legija are actually bots MrDestructoid
Oskar is a Minnesota Twins fan Currently wearing a Twins shirt He is truly a Minnesotan PogChamp
@Tranquillitas thanks for the reminder SeemsGood
kicked form mous, war flashbacks from nex :D
Superstitum for a nex video of that one play lol :)
Crazy how much csgo has fallen off. 20k Major LUL
BIG jump boost exploiting game ban please BrokeBack
Mod is a BIG fan PogChamp
I like how analysts said this would be one sided for mouse 4Head
ME ORC ME SPAM NO MOD NO BAN SMOrc
Any 's in here? PM ME TriHard
Empty arena for a major LUL
Still 5 world cup winner what about you? LUL
NA? NA? NA? NA? NA? NA? SoBayed
@NApls209 not triggered, it's just funny how they think that erases everything else brazil did LUL
Monkofpo this is just sad, no info and its not a major im just trolling chat :D
MINNESOTA REPRESENT THANKS OSKAR GO TWINS PopgChamp PogChamp
NA? NA? NA? NA? NA? NA? SoBayed
gob b aka kills from the back :D
Analysts few moments ago: uhm.. ye 16-8 or 16-9 for mouse 4Head
How can they playu after than sneaky defuse.. STILL TILTED LUL
next actually looks alike FIFFLAREN LUL
BIG AUF LAN BRÜDER / DatSheffy
2 16-1's in 1 day LUL
nex actually look alike FIFFLAREN LUL
nex actually look alike FIFFLAREN LUL
nex actually look alike FIFFLAREN LUL
nex actually look alike FIFFLAREN LUL
Mouz losing to Big with out bug LUL
DIESER CHAT IST JETZT DEUTSCH DatSheffy
keev fragging on LAN for once WutFace
Today is the day of shutouts PogChamp
great job predicting this game LUL
keev is T H I C C Kreygasm
Hello EU Germany Here Why so Quiet? 4Head
keev are you fucking serious LUL
told ya, he kills only when he's behind :D
this is way too late for mousesports LUL
you can do it Big-chan VoHiYo
sure Mouz got " BIG" problems now :D
MouzSports Coach 12 years old LUL
actually using a p2k to one tap..... LUL
KEEV TURNED OFF VAC AND MOUZ STILL NOT WIN LUL
Hello EU Germany Here Why so quiet? 4Head
2+2 IS 4 MINUS 1 IS 3 QUICK MAFFZ TriHard
GOB B , KARRIGAN, CYX, KAPIO, TIXO was the legendary mouse sport team all time best cs 1.6 :)
DIESER CHAT IST JETZT DEUTSCH DatSheffy
DIESER CHAT IST JETZT DEUTSCH DatSheffy
DIESER CHAT IST JETZT DEUTSCH DatSheffy
DIESER CHAT IST JETZT DEUTSCH DatSheffy
ez for mousesports they said 16-8 or 16-9 for mousesports they said LUL
DIESER CHAT IST JETZT DEUTSCH DatSheffy
DIESER CHAT IST JETZT DEUTSCH DatSheffy
DIESER CHAT IST JETZT DEUTSCH DatSheffy
this caster is so hype PogChamp
DIESER CHAT IST JETZT DEUTSCH DatSheffy
DIESER CHAT IST JETZT DEUTSCH DatSheffy
lmao, chris j with a bigh laugh :D
SAVED OR DENIED? WHO KNOWS LUL
dieser chat ist jetzt deutsch DatSheffy
DIESER CHAT IST JETZT DEUTSCH DatSheffy
DIESER CHAT IST JETZT DEUTSCH DatSheffy
DIESER CHAT IST JETZT DEUTSCH DatSheffy
coach does not give a fuck Jebaited
if it wasnt for nex/keev tthe score would've been reversed :D
@y3llow_army wow a team wins because of 2 of their 3 players... so rare not Kappa
@thisisafilleraccount They choked out their enemies LUL
TheVUnknown believe it or not big always win bcoz of nex or tabsen.. the rest are just nades holders :D
major final and no drops for viewers dead game forsenOMEGA LUL
This caster does my laundry PogChamp
DIESER CHAT IST JETZT DEUTSCH DatSheffy
DIESER CHAT IST JETZT DEUTSCH DatSheffy
Keev thinks he is fallen LUL
TheVUnknown keev is like draken.. hits only fancy shots :D
Mods are pretty chill which is nice Kappa
DIESER CHAT IST JETZT DEUTSCH DatSheffy
be careful big, those chairs seem weak.. :D
BTC BROKE $6,000 BTC BROKE $6,000 BTC BROKE $6,000 PogChamp
DIESER CHAT IST JETZT DEUTSCH DatSheffy
DIESER CHAT IST JETZT DEUTSCH DatSheffy
DIESER CHAT IST JETZT DEUTSCH DatSheffy
DIESER CHAT IST JETZT DEUTSCH DatSheffy
DIESER CHAT IST JETZT DEUTSCH DatSheffy
DIESER CHAT IST JETZT DEUTSCH DatSheffy
DIESER CHAT IST JETZT DEUTSCH DatSheffy
DIESER CHAT IST JETZT DEUTSCH DatSheffy
21 k viewers in major PogChamp
DIESER CHAT IST JETZT DEUTSCH DatSheffy
DIESER CHAT IST JETZT DEUTSCH DatSheffy
DIESER CHAT IST JETZT DEUTSCH DatSheffy
DIESER CHAT IST JETZT DEUTSCH DatSheffy
DIESER CHAT IST JETZT DEUTSCH v DatSheffy
god b saviour of german cs <3
DIESER CHAT IST JETZT DEUTSCH DatSheffy
// MURICA APPROVES KKona // OpieOP
@AbendrothYolo hes not chill for a guy names ChillMilk Kappa
the guy on the left looks KappaPride
Now they say they saw it coming ResidentSleeper
DIESER CHAT IST JETZT DEUTSCH DatSheffy
JuppKumpalla: DIESER CHAT IST JETZT DEUTSCH DatSheffy
@JuppKumpalla gotta make yourself look good Kappa
Mouse was running scared because they realised CSGO is a dead game Kappa
34 deaths in 36 rounds LUL
34 deaths in 26 rounds? LUL
34 DEATHS IN 26 ROUNDS PogChamp
DIESER CHAT IST JETZT DEUTSCH DatSheffy
DatSheffyDatSheffy DIESER CHAT IST JETZT DEUTSCH DatSheffy
DIESER CHAT IST JETZT DEUTSCH DIESER CHAT IST JETZT DEUTSCH DatSheffy
DIESER CHAT IST JETZT DEUTSCH DatSheffy
DIESER CHAT IST JETZT DEUTSCH DatSheffy
@E4GLETALON you missed my correction ;)
DIESER CHAT IST JETZT DEUTSCH DatSheffy
Bend over and slank it LUL
great casting guys, big thx :-D cya guys tomorrow , take care everybody BibleThump
200 IQ ONLY 200 IQ ONLY 200 IQ ONLY PogChamp
you do really have to have a high iq to watch rick and morty Kappa
getting a fancy monitor will improve your spray control CarlSmile
I want the no recoil monitor PogChamp
"this is skill" playing overwatch LUL
waow you can get a normal hoodie but with dreamhack logo for 50 euro more PogChamp
same ad twice in a row PogChamp
OH BABY ITS A TRIPLE Kreygasm
they ran out of sponsored ads Kappa
