14K VIEWRS ON MAJOR CSGO IS DEAD LUL
if you don't think csgo isn't dead, don't type 1 in chat Kappa
People think this isn’t a major LUL
Back and forth with the AWP KappaPride
16000 viewers watching a MAJOR Dead Game LUL
16000 viewers watching a MAJOR Dead Game LUL
People think this isn’t a major LUL
tier 1 teams and casters when VoHiYo
14k for World Cup Final Dead arm LUL
16000 viewers watching a MAJOR Dead Game LUL
15k viewers in a dreamhack final dead game. im going to overwatch FailFish
15k viewers for Kelsi Monroe POV Scene porn is dead LUL
Major with those trash teams? LUL
15k viewers for a major final PogChamp
16k watching NA this wont get more anytime soon Kappa
CLG and Tempo Storm in a major final LUL
cs go is as dead as NA chances to win a major Kappa
16000 viewers watching a tier 3 event 150000 saying dead game LUL
CSGO Major 15k viewers dead game LUL
People think this isn’t a major LUL
heh CSGO Major 15k viewers dead game LUL
every game is a major though LUL
FNS against players from Brasil again Kappa
15k viewers for a T4 team from brazil ... Game is ALIVE PogChamp
only just got here but, NA LUL
PUBG FABBOY THINK THIS IS A MAJOR BabyRage
CLG first NA team to win a major PogChamp
clg vs tempo storm in major final this game is so dead LUL
K 0 0 S T A Kreygasm
i guess every brazilian player has a bfly crimson web 4Head
@ogk_ just passed dota2 in monthly players but ok LUL
when i grow up u want to be a weeb VoHiYo
16k VIEWERS FOR A MAJOR FINAL LUL
CSGO MAJOR 16K VIEWERS DEAD GAME LUL
16 K VIEWERS ON A MAJOR FINAL DEAD GAME LUL
rickeh is australian AU CS LUL
y YPOU PUSHING in major semi final omg clg FailFish
People think this isn’t a major LUL
16k VIEWERS IN MAJOR FINAL LUL
People think this isn’t a major LUL
People think this isn’t a major LUL
People think this isn’t a major LUL
100K PRIZE POOL FOR A MAJOR LUL
PUBG WILL BE MORE DEAD THAN PUBG LUL
People call a regular tournament a major LUL
CS FANS IN DENIAL THEY THINK THIS ISNT A MAJOR EleGiggle
People think this isn’t a major LUL
@hammarn_2 C9 vs VP in PUBG PogChamp
PUBG WILL BE MORE DEAD THAN POKEMON GO LUL
CS FANS IN DENIAL THEY ACTUALLY THINK THIS ISNT A MAJOR EleGiggle
kids still using major meme LUL
CSGO MAJOR 16 VIEWERS 2 DOLLAR PRICEPOOL IS CSGO DEAD? RuleFive
People think this isn’t a major LUL
i play pokemon go everyday LUL
PUBG WILL BE MORE DEAD THAN POKEMON GO LUL
MAJOR POLICE HERE NOT A MAJOR BabyRage
PUBG WILL BE MORE DEAD THAN POKEMON GO LUL
PUBG WILL BE MORE DEAD THAN POKEMON GO LUL
People think this isn’t a major LUL
Twitch Chat Trolling in 2017 LUL
PEOPLE THINK CLG IS BETTER THAN TS LUL
This isn't a major its the International FailFish
PEOPLE THINK THIS ISNT MAJOR ADMIT CS IS DEAD EleGiggle
All it takes to revive CSGO Is shroud to open the game LUL
People LuL think LuL this LuL LuL is LuL good LuL LUL
i play pokemon go everyday LUL
PUBG WILL BE MORE DEAD THAN POKEMON GO LUL
PUBG WILL BE MORE DEAD THAN POKEMON GO LUL
SHROUD SUBS WITH A BRAIN LUL
PUBG WILL BE MORE DEAD THAN POKEMON GO LUL
This isn't a major its the International FailFish
PUBG WILL BE MORE DEAD THAN POKEMON GO LUL
: PUBG WILL BE MORE DEAD THAN POKEMON GO LUL
people who think H1Z1 ripoff is better than CS LUL
i play pokemon go everyday LUL
PEOPLE THINK THIS ISNT MAJOR ADMIT CS IS DEAD EleGiggle
csgo will stay relevant as long as it still has it’s competitive scene and valve makes an update every 6 months LUL
@NoahBorel No, so now he's dead Kappa
pubg dead in 4 months LUL
PUBG WILL BE MORE DEAD THAN POKEMON GO LUL
PUBG WILL BE MORE DEAD THAN POKEMON GO LUL
PUBG WILL BE MORE DEAD THAN POKEMON GO LUL
PUBG WILL BE MORE DEAD THAN POKEMON GO LUL
16k VIEWERS FOR MAJOR CS IS DEAD PUBG IS THE FUTURE FOR ESPORTS LUL
where is the pubg competitive scene? LUL
This isn't a major its the International FailFish
@micadash it is not a major, check the prize pool. thank you :)
why only 17k viewers on a tournament with T1 teams? LUL
PEOPLE THINK THIS ISNT MAJOR ADMIT CS IS DEAD EleGiggle
@micadash its 17k you cant even count people like you watching it cs is dead LUL
16k VIEWERS FOR MAJOR CS IS DEAD PUBG IS THE FUTURE OF ESPORTS LUL
PUBG WILL BE MORE DEAD THAN POKEMON GO LUL
This isn't a major its the International FailFish
expecting more than 17k viewers on a match with tier 5 teams LUL
PUBG IS OWNED BY BLUEHOLE CS IS TOO ALL YALL ARE IDIOTS LUL
PEOPLE THINK THIS ISNT MAJOR ADMIT CS IS DEAD EleGiggle
PUBG WILL BE MORE DEAD THAN POKEMON GO LUL
FIND LIKE 70 PLAYERS FOR PUBG PUBG MAJOR LUL
@DeliO5 They are baiting idiots like you, nobody believes its a major FailFish
SA tied with NA So good NA EleGiggle
16k VIEWERS FOR MAJOR CS IS DEAD PUBG IS THE FUTURE OF ESPORTS LUL
If you say "all yall", you can't call other people idiots LUL
PEOPLE THINK THIS ISNT MAJOR ADMIT CS IS DEAD EleGiggle
CSGO MAJOR 16 VIEWERS 2 DOLLAR PRICEPOOL IS CSGO DEAD? RuleFive
PUBG WILL BE MORE DEAD THAN POKEMON GO LUL
17k VIEWERS FOR MAJOR CS IS DEAD PUBG IS THE FUTURE OF ESPORTS LUL
This isn't a major its the International FailFish
People in denial thinking this js no major LUL
PEOPLE THINK THIS ISNT MAJOR ADMIT CS IS DEAD FailFish
PUBG IS A VIABLE ESPORT 4Head
16000 viewers watching a MAJOR Dead Game LUL
17k VIEWERS FOR MAJOR CS IS DEAD PUBG IS THE FUTURE OF ESPORTS LUL
People taking the major bait Brokeback Jebaited
ADD DEFUSAL MODE TO PUBG LUL
PUBG WILL BE MORE DEAD THAN POKEMON GO LUL
PUBG WILL BE MORE DEAD THAN POKEMON GO LUL
pubg players thinking the devs are going to finish their game.... forever in alpha LUL
PEOPLE THINK THIS ISNT MAJOR ADMIT CS IS DEAD FailFish
PUBG MORE RNG THAN HEARTHSTONE EleGiggle
shz: Operation Hydra coin: his best accomplishment 4Head
PUBG WILL BE MORE DEAD THAN POKEMON GO LUL
17k People spamming "MAJOR " LUL
PUBG WILL BE MORE DEAD THAN POKEMON GO LUL
17K views off the charts PogChamp
remember when cs used to get like 100k views? looks like this game is dying cause valve isnt treating it well this game is gonna end up just like TF2 Kappa
C CC CC CC CCONTROLLLL TriHard
17k VIEWERS FOR MAJOR CS IS DEAD PUBG IS THE FUTURE OF ESPORTS LUL
PUBG WILL BE MORE DEAD THAN POKEMON GO LUL
This isn't a major its the International FailFish
18K VIEWERS GAME ISNT DEAD PogChamp
nah m8 it's just dying in that prison island of yours @Aussie4life115 Kappa
PUBG WILL BE MORE DEAD THAN POKEMON GO LUL
PUBG WILL BE MORE DEAD THAN POKEMON GO LUL
PLAYING FORTNITE OVER PUBG GAMES GREAT RIGHT? LUL
PUBG WILL BE MORE DEAD THAN POKEMON GO LUL
Asians will move on to the next animu game and PUBG will die 4Head
CLG IN 2016 CLG IN 2017 ResidentSleeper
PEOPLE THINK THIS ISNT MAJOR ADMIT CS IS DEAD FailFish
Major meme is so boring ResidentSleeper
People think this isn’t a major LUL
The only thing dead is NA CS Jebaited
PUBG MAY HAVE MORE PLAYERS THAN CS BUT PUBG WILL HAVE MORE OFFLINE PLAYERS THAN CSGO LUL
PUBG WILL BE MORE DEAD THAN POKEMON GO LUL
@emilyaah PUBG WILL BE MORE DEAD THAN POKEMON GO LUL
Getting triggered by twitch chat LUL
16000 viewers watching a MAJOR Dead Game LUL
PUBG WILL BE MORE DEAD THAN CSGO LUL
PUBG WILL BE MORE DEAD THAN POKEMON GO LUL
PUBG WILL BE MORE DEAD THAN CSGO LUL
@emilyaah GO BACK TO YOUR LOOT GAME BRO LUL
Can somethink be more death than CS:GO ? LUL
MY FAVORITE GAME HAS MORE VIEWERS THAN YOURS PogChamp
PUBG WILL BE MORE DEAD THAN POKEMON GO LUL
PUBG WILL BE MORE DEAD THAN POKEMON GO LUL
PUBG WILL BE MORE DEAD THAN POKEMON GO LUL
PUBG WILL BE MORE DEAD THAN POKEMON GO LUL
PUBG WILL BE MORE DEAD THAN COMMUNISM IN RUSSIA LUL
This isn't a major its the International FailFish
PUBG WILL BE MORE DEAD THAN POKEMON GO LUL
Can somethink be more death than CS:GO ? LUL
PUBG is as dead as Fnatic in 2017 LUL
PUBG WILL BE MORE DEAD THAN CSGO LUL
PUBG WILL BE MORE DEAD THAN POKEMON GO LUL
CS GO isnt dead its alive in our hearts LUL
PUBG WILL BE MORE DEAD THAN POKEMON GO LUL
PUBG WILL BE MORE DEAD THAN POKEMON GO LUL
PUBG WILL BE MORE DEAD THAN POKEMON GO LUL
Can somethink be more death than CS:GO ? LUL
already having pros in pubg that havent won Jebaited
PUBG WILL BE MORE DEAD THAN POKEMON GO . LUL
PUBG WILL BE MORE DEAD THAN POKEMON GO LUL
CSGO 600K PEAK PLAYERS PUBG 550K PUBG DEAD ALREADY LUL
PUBG WILL BE MORE DEAD THAN POKEMON GO LUL
Yeah , I play PUBG P - Not U - Skill B - Based G - Game 4Head
Yes it will be in twenty years from now LUL
PUBG hasn't even been released but they already got you fleeced Jebaited
18k viewers must be DEAD GAME LUL
18K VIEWERS GAME IS NOT DEAD PogChamp
PUBG WILL BE MORE DEAD THAN CSGO LUL
PUBG hasn't even been released but they already got you fleeced ayy Jebaited
There's not even 18k people in the world NotLikeThis
LULLUL PUBG WILL BE MORE DEAD THAN CSGO LUL
@egregiousfacker PUBG WILL BE MORE DEAD THAN POKEMON GO LUL
CSGO 600K PEAK PLAYERS PUBG 550K PUBG DEAD ALREADY LUL
PUBG WILL BE MORE DEAD THAN CSGO LUL
cara entra no olof sem nada NotLikeThis
PUBG hasn't even been released but they already got you fleeced Jebaited
NOT CHEATING ON CSGO IN 2017 LUL
now we know why rickeh got kicked :D
PUBG WILL BE MORE DEAD THAN POKEMON GO LUL
PUBG WILL BE MORE DEAD THAN POKEMON GO LUL
@egregiousfacker PUBG WILL BE MORE DEAD THAN POKEMON GO LUL
PUBG WILL BE MORE DEAD THAN POKEMON GO LUL
@emilyaah you still haven't answered my question BibleThump
PUBG hasn't even been released but they already got you fleeced Jebaited
PUBG WILL BE MORE DEAD THAN POKEMON GO LUL
PUBG WILL BE MORE DEAD THAN CSGO LUL
Yes it will be in twenty years from now LUL
PUBG WILL BE MORE DEAD THAN POKEMON GO LULsoZkJAH: !b LUL
The point of the game is TO WIN???? PogChamp
PUBG BANNING ALL THEIR PLAYERS LUL
PUBG WILL BE MORE DEAD THAN POKEMON GO LUL
PUBG has a big competitive scene LUL
CSGO 600K PEAK PLAYERS PUBG 550K PUBG DEAD ALREADY LUL
PUBG WILL BE MORE DEAD THAN POKEMON GO LUL
PUBG WILL BE MORE DEAD THAN POKEMON GO LUL
Chat is so slow that people won't even notice...never mind Kappa
19K VIEWERS IN A MAJOR FINAL LUL
PUBG DEAD BLUEHOLE STUDIO PUBG 2 LUL
Chat is so slow that people won't even notice Mmy babydick Kappa
PUBG WILL BE MORE DEAD THAN POKEMON GO LUL
PUBG WILL BE MORE DEAD THAN POKEMON GO LUL
PLAYER UNKNOWN WILL BAN YOU FOR TRIGGERING HIM Jebaited
PUBG WILL BE MORE DEAD THAN CSGO LUL
LULLULPUBG WILL BE MORE DEAD THAN POKEMON GO LUL
PUBG WILL BE MORE DEAD THAN POKEMON GO LUL
PLAYER UNKNOWN WILL BAN YOU FOR TRIGGERING HIM Jebaited
PUBG WILL BE MORE DEAD THAN CSGO LUL
LULPUBG WILL BE MORE DEAD THAN POKEMON GO LUL
@egregiousfacker PUBG WILL BE MORE DEAD THAN POKEMON GO LUL
BLUEHOLE STUDIO KOREANS COMPANY ASIAN NOOBS LUL
PLAYER UNKNOWN WILL BAN YOU FOR TRIGGERING HIM Jebaited
PUBG WILL BE MORE DEAD THAN CSGO LUL
@cvstomsi Call of Duty is more alive than ever LUL
BLUEHOLE STUDIO KOREANS COMPANY ASIAN NOOBS LUL
MY BELLY IS HUGE MY BRAIN HAS DELAY YOU GUESSED IT RIGHT I'M FROM NA. EleGiggle
MY BELLY IS HUGE MY BRAIN HAS DELAY YOU GUESSED IT RIGHT I'M FROM NA. EleGiggle
PUBG WILL BE MORE DEAD THAN POKEMON GO LUL
Being a fan of either of these teams LUL
PUBG WILL BE MORE DEAD THAN POKEMON GO LUL
PROVE IT OR ILL KNIFE YOU Jebaited
PUBG WILL BE MORE DEAD THAN POKEMON GO LUL
PUBG WILL BE MORE DEAD THAN CSGO LUL
COUNTER STRIKE WILL OUTLIVE JESUS LUL
PUBG WILL BE MORE DEAD THAN POKEMON GO LUL
PUBG WILL BE MORE DEAD THAN POKEMON GO LUL
PUBG WILL BE MORE DEAD THAN POKEMON GO LUL
@Carapodre Exigindo gramática na internet LUL
PUBG WILL BE MORE DEAD THAN POKEMON GO LUL
HI WELCOME TO PUBG ANIME UPDATE COMIN' UP AsianGlow
PUBG WILL BE MORE DEAD THAN POKEMON GO LUL
Women don't go to the bathroom VoHiYo
PUBG WILL BE MORE DEAD THAN POKEMON GO LUL
YES WE ARE NOT ROBOTS, WE ARE HUMAN ORGANISMS MrDestructoid
BAN TEMPO STORM FOR THROWING PogChamp
PUBG WILL BE MORE DEAD THAN POKEMON GO LUL
PUBG WILL BE MORE DEAD THAN POKEMON GO LUL
PUBG WILL BE MORE DEAD THAN POKEMON GO LUL
the way he says shz Kappa
20k viewers dream hack LUL, more people watch shroud LUL
now he has a nose BabyRage
PUBG WILL BE MORE DEAD THAN POKEMON GO LUL
A tempo está em mal tempo Kappa
@puttym0n Not speaking portuguese in 2017 LUL
Half of chat probably has stutter problem too EleGiggle
Pokemon go got more players than pubg and csgo HassaanChop
I could really go for a monster right now Kappa
Finally a chat without xD TPFufun
Looks like we're going to a game three ResidentSleeper
pls dont spam it's racist TriHard
@Insomniuhh You have to mark sponsored messages FailFish
21 k viewers on a 20 million dollar tournament LUL
BR better than USA - said no one ever Kappa
@stingyptv 1 Million per thousand viewers LUL
y a du sacré piff chez clg Kappa
dont make fun of the casters BabyRage
@LoLSpr Twitch mods in 2017 LUL
press e to use bot Kappa
clg losing to no name 3rd worlders LUL
als nen hollander u nie int zak heeft gezet is hem het vergeten Kappa
this emote made reynad quit EleGiggle
BR koosta >>> NA koosta 4Head
died quicker then [insert dark humor here]. Jebaited
C .. CL .. CL . G Kappa
Why they peek peeking for no reason FailFish
@Emenius420 there's a Bourne Identity LUL
@martyrs_song Brasil 2 Majors USA LUL
BR CS 2 MAJORS NA CS 0 MAJORS 4Head
this is now the Gordon Hayward emote R.I.P. his ankle #prayforHayward BlessRNG
F­INAL MAJOR 23K VIEWERS NO SECURITY ON PCS HAX.EXE INSTALLED CSGO IS ALREADY DEAD LUL
rickeh= heckir nahte= ethan im so smart Kappa
THIS GAME IS SO DEAD NotLikeThis
FINAL MAJOR 23K VIEWERS NO SECURITY ON PCS HAX.EXE INS­TALLED CSGO IS ALREADY DEAD LUL
five seven 1 shot to heAD LUL
cmon people, it's 2017, why are you still playing this game? LUL
Shroud more viewers than this major final LUL
FNS GONNA TWEET AFTER THIS LUL
@73Nicolas i love it, want it as well Kreygasm
buy him a dinner first LUL
OMG, play only eco mode, Tempo. Kappa
@kadoshibr hello mr typical brazilian mad fan? how has cs been treating brazilians? sk gonna break up soon? gonna go out in groups? LUL
P I S T S O LUL
how can one team lose so many eco's LUL
KRL A SENSIBILIDADE DO MALUCO PogChamp
testing if is banned FeelsGoodMan ANELE
FINAL MAJOR 23K VIEWERS NO SECURITY ON PCS HAX.EXE INSTALLED CSGO IS ALREADY DEAD LUL
Krl a sk caiu pra terceira posição PogChamp
Wir mussen die Juden ausrotten DansGame
ATLEAST SOMEBODY ON THIS TEAM HAS A BRAIN Kreygasm
nice, clg prove once against how shit they are :D
CLG ONLINE / CLG in LAN WutFace. PogChamp
Tempo Storm is a amateur team in Brazil 4Head
HELLO CLG? BRAZILIANS HERE ? YOUR PROVE IT 4Head
I CAN PLAY UNDER THE RAIN NOW PogChamp
DA_Bears is an OG CS 1.6 player Budget Happy Jebaited
@reformedmale ok, do that with your pc and screen and stuff Kappa
S SS S S S SNEK WutFace
Somehow not a scam though, made $200 off sliver 4Head
i have only 5% batterie GingerPower
"get on your knees and show him your love"? LUL
S S S S S S SNEK WutFace
Same ads playing for 5 minutes NotLikeThis
@fire_c4p3z 2015-01-16 – Present damn o_O
deep lyrics i must admit SeemsGood
pubg = walking simulator 2k17 LUL
This music is P G G E R S PogChamp
clg can win train. if they don't choke so hard SeemsGood
Withc map are they playing on now? LUL
PUBG WILL BE MORE DEAD THAN POKEMON GO LUL
@roberto_giorgioni PUBG WILL BE MORE DEAD THAN POKEMON GO LUL
Pro League vs ESEA open LUL
@henjkeee yes and reason is that csgo is dead GivePLZ
casters are so biased, CLG only lose because of mistakes, LUL
Will TEMPO STORM WIN? IT IS VoteNay
@disc0_ver said the biased viewer LUL
can we skip to the cloud 9 trophy ceremony? ResidentSleeper
@disc0_ver did they lose this pistol round because of msitakes too? LUL
22k viewers Shit Teams CSGO is alive PogChamp
ded game i'm just watching while i lay prone in pubg Kappa
@disc0_ver before the game ? what? i said it right after the round 1 WutFace
killing 1 against full eco EleGiggle
esse mapa ja é nosso, relaxa rapaziada Kappa
@Snopex Chat is keeping me entertained SeemsGood
@ninelawliet yeah cuz' teams always throw on LAN FailFish
lol tmw when h1 1 is more popular then CSGO ResidentSleeper
tier99 tournament tier99 casters tier99 teams EleGiggle
FNS NEEDS TO PROVE IT OR ELSE.... LUL
Anyone remember the team Renegades LUL
ok it's win for clg go LDLC NOW SwiftRage
@Insomniuhh I feel these games are way more entertaining than tier 1 matches :p
19k viewers for ded game csgo btw LUL
relaxa o mapa é tr Kappa
poxa o time nao ajuda BabyRage
When Lirik has twice as many viewers as a a a CSGO Major LUL
@matheusvlsss cheguei no intervalo seu animal de teta, nao tinha visto a bandeira seu do crl 4Head
What's the NA group in the world cup anwyay? 🤔 Oh right, they aren't going LUL
BR CS = 2 Majors /// NA CS = ? Majors? 4Head
BR CS = 2 Majors /// NA CS = ? Majors? HAHA 4Head
B R A 7 1 L LUL
"SK tier 2" NA CS SUCKS" LUL
@HowlsThisAName BR CS = 2 Majors /// NA CS = ? Majors? 4Head
Major finals 20k views ded gaem LUL
USA NOT IN THE WORLD CUP 2018 LUL
20k views on Rank S LUL
CS = 2 Majors /// NA CS = ? Majors? 4Head
of course, br losing its obv LUL
90% of the chat must be better than these pro players Kappa
20K VIEWERS FOR MAJOR DEAD GAME PUBG BETTER LUL
Also that feel when NA is winning, so we gotta talk about NA football LUL
HEY VALVE I FOUND A BUG MY ENEMIES HAVE WEAPONS BabyRage
GUYS scientific breakthrough RELTUC backwards is CUTLER mind blown PogChamp
20K VIEWERS FOR MAJOR DEAD GAME PUBG BETTER LUL
@eveshino only sport br is good at is football LUL
MAJOR ONLY 20K VIEWERS ? CSGO IS DEAD BibleThump
BR FANS LIVING IN THE PAST LUL
BR is third world, NA first world nice BR 4Head
BR CS = 0 MAJORS SK lives in NA bcuz br trash LUL
20K VIEWERS FOR MAJOR FINAL LAST MAP DEAD GAME LUL
@Warriorxxlsv past? ESWC World Championship 2006 PogChamp
MAJOR ONLY 20K VIEWERS ? CSGO IS DEAD BibleThump
Major Finals 20k GAEM DED LUL
ONLY 20K ON A MAJOR THIS GAME IS DEAD LUL
BR missed finals due to being hungover = 1 NA = ? 4Head
One more and im out LUL
@KrustiKrab Americans online Americans IRL EleGiggle
BR missed finals due to being hungover = 1 NA = ? . 4Head
TIER 5 NA > TIER 2 BR LUL
BR missed finals due to being hungover = 1 NA = ? . 4Head
MAJOR ONLY 20K VIEWERS ? CSGO IS DEAD BibleThump
@KrustiKrab In before you realise what Germany and The Soviet did NotLikeThis
ÁSIA 1 MAJOR NA 0 LUL
Tempo Storm in a MAJOR?? LUL
ÁSIA 1 MAJOR NA 0 HAHAHAHAHAH LUL
]MAJOR ONLY 20K VIEWERS ? CSGO IS DEAD BibleThump
usa not major br 2 majors StoneLightning
Cant Believe SK didnt make it to the major LUL
Beyond ready for this series to over ResidentSleeper
@KrustiKrab And now the US is the fuckup needed saving EleGiggle
BR 2 majors! but still poor and poverty 4Head
shz deserves a better team :(
crime poverty drugs murder brazil <3
@coloneloscopi And what is the excuse for being poorly educated overall? EleGiggle
BRAZIL IN GENERAL AFTER ECS LUL
@duivendoder tell that to sk Kappa
Weeb Squad Weeb Squad comin thru KonCha
NUKE NORMIES 🔪 NUKE NORMIES 🔪 PunOko
crime poverty drugs murder brazil <3
@iblatant you mean whole Latin America LUL
BR HELLO FRAGMOVIES HERE WE NEED FRAGS FOR THE MOVIE 4Head
STAB THE NORMIES ON SIGHT 🔪 PunOko
📞 HELLO BRASIL 📞 CLG HERE 📞 WE STILL BAD BUT YOU ARE WORSE 📞 4Head
I'm a good weeb didn't mean to hurt nobody GivePLZ
STAB THE NORMIES ON SIGHT 🔪 STAB THE NORMIES ON SIGHT 🔪 PunOko
unnamed_1337 If you are gonna copypasta a pasta dont copy the name Idiot FailFish
11-2 to tier 2 team LUL
navibotian: unnamed_1337 If you are gonna copypasta a pasta dont copy the name Idiot FailFish
Land1n having to carry as always or TS gets rekt LUL
unnamed_1337: navibotian: unnamed_1337 If you are gonna copypasta a pasta dont copy the name Idiot FailFish
HELLO BR CLG HERE WE STILL BAD BUT YOU'RE WORSE 4Head
HELLO BR CLG HERE WE STILL BAD BUT YOU'RE WORSE / 4Head
0-0-9 in the first 14 rounds LUL
@kawanfall major joke is dead bro 4Head
type 1 in the chat if you're NOT watching the next match LUL
TACO = 2 MAJORS, NA = ???? DansGame
@kawanfall lol, im from EU and we have 9 major wins. 4Head
NA CS = 0 MAJORS 4Head
FLUSHA = 3 MAJORS , NA = error 404 EleGiggle
SK GAMING > NA CS LUL
You play video games, and gets paid, its not hard LUL
@kawanfall win more than 2 majors and we can talk 4Head
@the1610 i'm a bad player Kappa
this is good warmup for clg, shooting bots LUL
@kawanfall majors are for losers LUL
they should call it Not Ivy Kappa
IT IS 2017 AND NA STILL HAVE NO MAJORS EleGiggle
CLG WILL NOT WIN AGAINST A EU TEAM LUL
CAN'T GET KILLS WITH GUNS AND TRYES WITH ZEUS LUL
BR MORE MAJORS THEN NA LUL
23k viewers in a major LUL
23k MAJORS in a viewer LUL
Rickeh isnt even NA BR BTW 4Head
20K VIEWERS FOR MAJOR DEAD GAME PUBG BETTER LUL
saying NA and MAJOR in the same sentence is the same as as using NEYMAR and BALLON D'OR in the same sentence 4Head
HELLO BRASIL? THIS IS GROUPSTAGE ARE YOU ALREADY LEAVING? 4Head
HELLO BRASIL? THIS IS GROUPSTAGE ARE YOU ALREADY LEAVING? 4Head
any bros in here tioday? TriHard
MY BELLY IS HUGE MY BRAIN HAS DELAY U GUESSED IT IM FROM USA EleGiggle
any of my neighbors in here TriHard
National Food of Brazil = PJSalt
HELLO BRASIL HOW MAD ARE YOU RIGHT NOW 4Head
MY BELLY IS HUGE MY BRAIN HAS DELAY U GUESSED IT RIGHT IM FROM USA EleGiggle
BR getting diabetic from all this PJSalt
C L G WON FOR ONCE LUL
BRASIL TAKE THIS BACK WITH YOU TO THE FAVELA PJSalt
MY BELLY IS HUGE MY BRAIN HAS DELAY U GUESSED IT RIGHT IM FROM USA EleGiggle
NA ALWAYS COMPLAIN TO VAC LUL
MOM ITS NOT A MAJOR IT DOESNT COUNT BabyRage
IM 12 I WATCH PRO CS JUST TO SPAM OLD MEMES PUBG IS A GOOD GAME 4Head
Its just way too fun triggering brasilian fans LUL
HEY I JUST MET YOU AND THIS IS CRAZY BACK TO FAVELA BRAZILIAN BABIES LUL
EU is so ba... wait let me take a breath EU is s... i need to take another one fk give me another burger OpieOP
IM 12 I PLAY PUBG I JUST WATCH CS TO SPAM OLD MEMES 4Head
BR "We only toggle for MAJORS" LUL
Does that dude got a man bun DansGame
EU is so ba... wait let me take a breath EU is s... i need to take another one fk give me another burger OpieOP
IM 12 I PLAY PUBG I JUST WATCH CS TO SPAM OLD MEMES 4Head
@berndlauert8 I see you are an intellectual DatSheffy
IM 12 4Head4Head I PLAY PUBG I JUST WATCH CS TO SPAM OLD MEMES 4Head
BR? 2 MAJORS IN 1 YEAR 4Head
IM 12 I PLAY PUBG I JUST WATCH CS TO SPAM OLD MEMES 4Head
@insomniuhh you're nothing compared to me OpieOP
BYE BR, SEE YOU ON PUBG LuL KonCha
death, taxes, and hazed having a horrible shirt on Kappa
j'avais bet nantes hbc05 gg à vous :p
You could say that they were DENIED Kappa
what about the score app Kappa
Cringe way to introduce an ad, and cringe ad as well NotLikeThis
the score esports > strafe Kappa
Should I open network gaming ???? SwiftRage
I use bleacher report app Kappa
this isnt the major major is in Epicenter next week FailFish
Oh okey don't know that ty for the info :)
5 hours until start time LUL
I can't see them but I can hear them WutFace
When are PUBG majors a thing LUL
@nearcapri I'm European. We have the rest LUL
GO Tean LDLC love you guys SeemsGood
If boltz allowed to play sk ez major for them bruh Kreygasm
when the first streamer on pubg has more view then a major Kappa
all you pubg haters need to work some overtime or beg your mom and get a better computer LUL
@perplex_tv Hope so im fucking all in to recover from the last VP bet :)
$ $ $ $ $ FrankerZ
WHAT DO BRAZILIANS KNOW ABOUT MONEY? LUL
LIL PUMP IS TRASH VoteYay or VoteNay
Show me the dog shit TriHard
@csmarcel haha joke is on you she's dead LUL
16k Viewers for a Major final LUL
thinking the major meme is funny LUL
I am gamer grill plz give me free dragon lore Kappa
wow 17K viewers major grand final CS dead game LUL
STAB THE NORMIEs ON SIGHT 🔪 PunOko
BRAZIL CS IN 2017 BRAZIL CS IN 2017 BRAZIL CS IN 2017 LUL
DEVIL IN ANY YEAR AFTER CHRIST LUL
who will more hack ill win :)
XTQZZ GO CAST LE MATCH en sousmarin PogChamp
Dont even talk in chat unless you are high ranked (gold nova 3 or higher) FailFish
LULPUBG WILL BE MORE DEAD THAN POKEMON GO LUL
NRG in a Major final LUL
to1nou > sixer , true fact SeemsGood
@ItsMeAreax first idiot to get baited EleGiggle
@dwightthephish u live in the palace? PogChamp
talking about other games in a csgo tournament LUL
spam this eel to help steel Squid4
TALKING ABOUT GAMES IN TWITCH CHAT LUL
any one in Australia lets be friends :)
@ItsMeAreax Its one of the most common csgo baits ever Jebaited
LULPUBG WILL BE MORE DEAD THAN POKEMON GO LUL
both of these teams tier 3 LUL
@triple6gamer no, a fallen angel BlessRNG
20K VIEWERS FOR MAJOR DEAD GAME LUL
LDLC won so many majors, ofc they win vs nonamers! FailFish
Let's go ALEX Let's go ALEX Let's go ALEX Let's go ALEX Let's go ALEX <3
LMAO 20 000 k viwewers for major i thought cs was better than cod LUL
CSGO MAJOR WITH NO CASES LET ALONE VIEWERS LUL
20K VIEWERS FOR DREAMHACK MAJOR CSGO IS DEAD LUL
Les Fr on spam tous LDLC <3
people think pubg dead 1/8 of steam is playing it LUL
BRAZIL >> EU >> ALL >> TYLOO >> NA . LUL
PUBG WILL BE MORE DEAD THAN POKEMON GO @th3darkkmidget LUL
5 VIEWERS SPAMMING THIS IS MAJOR DEAD MEME LUL
India twitchcon 7 India twitchcon 7 TriHard
20K VIEWERS FOR DREAMHACK MAJOR CSGO IS DEAD LUL
Krav show me your Baguette KappaPride
go pas être naïf et win cmonBruh
EU > BR > ALL > AFRICA > NA LUL
@craiykfps WHERE'S YOUR ARMY ? LUL
want to spam something but dont know what LUL
Want to spam something but don’t know what LUL
20K VIEWERS FOR DREAMHACK MAJOR CSGO IS DEAD LUL
Wir mussen die Casters ausrotten DansGame
i like cs go too :)
20K VIEWERS FOR DREAMHACK MAJOR CSGO IS DEAD LUL
PLAYER NAME IS CENSORED WTF MODS LUL
its like watching gold nova 3's play LUL
23k viewers in major dead game LUL
watch the map casters, u didnt notice this rotation strat !! Kappa
20K VIEWERS FOR DREAMHACK MAJOR CSGO IS DEAD LUL
ALEX = LAST UK HOPE <3
20K VIEWERS FOR DREAMHACK MAJOR CSGO IS DEAD LUL
baguettes go to fr stream DansGame
im brain dead so i will copy pasta this LUL
Let's go ALEX Let's go ALEX Let's go ALEX Let's go ALEX <3
spamming this is major by 5 persona which tommorow would be dead LUL
LULLUL im brain dead so i will copy pasta this LUL
@gidrektm8 this chat is now baguette! SwiftRage
for cs1.6 only was about 1k viewer so calm down ... ;)
im brain dead so i will copy pasta this . LUL
Let's go ALEX Let's go ALEX Let's go ALEX Let's go ALEX <3
im brain dead so i will copy pasta this LUL
im brain dead so i will copy pasta this , LUL
oh les fr, parlez francais bande de plebs Kappa
Let's go ALEX Let's go ALEX Let's go ALEX Let's go ALEX <3
haha no fr stream cuz ur fuken irrelevant LUL
French are only good at surrendering FailFish
Let's go ALEX Let's go ALEX Let's go ALEX Let's go ALEX <3
@gidrektm8 it's business related you dumb dumb i guess no fr stream has the right to cast this LUL
IT WAS AN EU TEAM LUL
No need communication vs NA team LUL
Let's go ALEX Let's go ALEX Let's go ALEX Let's go ALEX <3
ldlc win a pistol ? PogChamp
ALEX only good at CS cause he speak french Kappa
NA is so ba... maybe i should brush my teeth NA is s... maybe i should floss fk give me dentures SMOrc
NA is so ba... maybe i should brush my teeth NA is s... maybe i should floss fk give me dentures SMOrc
riko is niko in disguise PogChamp
just say ANJ not A-N-J FailFish
"Always meme in moderation" haHAA LUL
Let's go ALEX Let's go ALEX Let's go ALEX Let's go ALEX <3
the thing goes skrraa poom poom TriHard
The ting go skrrra pap pap ka ka ka PogChamp
what are thoses buys ? FailFish
LDLC BEST MAP TRAIN ez 2-1 comeback LUL
15 k at MAJOR FINALS LUL
@sirkappagg TSM IN ANY YEAR LUL
@tubesockgames PUBG WILL BE MORE DEAD THAN POKEMON GO LUL
@TSM_SKT_WORLDS_FINAL_2035 aint that the truth LUL
belgium en France are the same things na btw OpieOP
EU CS IS TOO EZ LUL
Hiko > Riko > NiKo Kappa
BETTORS THINK TEAMS CARE ABOUT THEIR MONEY LUL
PUBG WILL BE MORE DEAD THAN POKEMON GO LUL
LDLC 107 maps played not once played train LUL
PUBG LULLULWILL BE MORE DEAD THAN H1Z1 LUL
PUBG IS ALMOST DEAD GAME LUL
PUBG WILL BE MORE DEAD THAN POKEMON GO LUL
Take LSD to help LDLC BatChest
il est pu le stuff SwiftRage
LDLC WIN PISTOL LOSE OUT LUL
d1Douu pire que ça je comprend pas :\
Ldlc are throwing cause they are disbanding LUL
WHERE ARE EU ALEX LAST HOPE FANS ???? LUL
PUBG WILL BE MORE DEAD THAN POKEMON GO LUL
Eu fans mad on twitch chat LUL
THEY ACTUALLY GOT A ROUND LUL
1 round = turn around LUL
nt he had no time LUL
dirt devil in major final LUL
S O G O O D LUL
Cerq VAC Ban Soon Bois LUL
the trades are unreal EU CS LUL
27k VIEWERS FOR MAJOR FINAL CSGO DEAD GAME LUL
GO 3 2 A LDLC Kappa
cheating on a vac secured server LUL
LDLC DOESN'T KNOW HOW TO ECO :p
Let's go ALEX Let's go ALEX Let's go ALEX Let's go ALEX <3
gn2 high rank in MM LUL
this is not over LDLC win TwitchVotes
existenz cant shoulder peak once LUL
No flashes no trades this is noca cs 4Head
Cs go pros is lurking in the chat right now LUL
idoits in chat thinking ldlc is a fr team There is only 1 france player in ldlc LUL
They just played PUBG all day LUL
"Are they new? How long have they been together" Nice casting LUL
PUBG WILL BE MORE DEAD THAN POKEMON GO LUL
PLS DONT TALK IN CHAT UNLESS URE HIGH RANK (GOLD 2+) FailFish
Don't talk in chat unless you're high ranked in MM (gold nova 2 or higher) FailFish
UK CS < NA CS LUL
PLS DONT TALK IN CHAT UNLESS URE HIGH RANK (GOLD 2+) FailFish
PUBG WILL BE MORE DEAD THAN POKEMON GO LUL
PLS DONT TALK IN CHAT UNLESS URE HIGH RANK (SILVER +) FailFish
PLS DONT TALK IN CHAT UNLESS URE HIGH RANK (GOLD 2+) FailFish
Et si je pense qu'Alex parle fr aussi, je vois pas l'intérêt sinon.. CrreamAwk
PLS DONT TALK IN CHAT UNLESS URE HIGH RANK (SILVER 2+) FailFish
gold 2 + high rank ? XDDD LUL
PLS DONT TALK IN CHAT UNLESS URE HIGH RANK (SILVER 4- ) FailFish
Hippity Hoppity Women are Property 4Head
dille1488 I'm silver elite master but that's very high nowadays with the smurfs and cheaters I only have 400 hours in this game so I'm still new NotLikeThis
PLS DONT TALK IN CHAT UNLESS URE HIGH RANK (GOLD 2+) FailFish
LDL I WIN ECO ROUNDS LUL
PLS DONT TALK IN CHAT UNLESS URE HIGH RANK (GOLD 2+) FailFish
@nstlgnstlg gold 2 is garbage LUL
PLS DONT TALK IN CHAT UNLESS URE HIGH RANK (GLOBAL ELITE GUARDIAN MASTER 2+) FailFish
Dont talk in chat unless youre high rank (gn3+) FailFish
PLS DONT TALK IN CHAT UNLESS URE HIGH RANK (SILVER 2+) FailFish
PLS DONT TALK IN CHAT UNLESS URE HIGH RANK (GOLD 2+) FailFish
PLS DONT TALK IN CHAT UNLESS URE HIGH RANK (GOLD 2+) FailFish
PLS DONT TALK IN CHAT UNLESS URE HIGH RANK (SUPREME+) DansGame
PLS DONT TALK IN CHAT UNLESS URE HIGH RANK (SILVER 1+) FailFish
PLS DON'T TALK IN CHAT UNLESS YOU ARE HIGH RANK (SILVER1+) NotLikeThis
PLS DONT TALK IN CHAT UNLESS URE HIGH RANK (GOLD 2+) FailFish
PLS DONT TALK IN CHAT UNLESS URE HIGH RANK (GOLD 2+) FailFish
PLS DON'T TALK IN CHAT UNLESS YOU ARE HIGH RANK (SILVER1+) NotLikeThis
Master Guardians talking in the chat LUL
using mm rank to determine good player EleGiggle
PLS DONT TALK IN CHAT UNLESS URE HIGH RANK (Gold Nova 1+) FailFish
JW VAC BANNED LMAO GO HLTV LUL
PLS DON'T TALK IN CHAT UNLESS YOU ARE HIGH RANK (SILVER1+) FailFish
I would be Gold 2 if my mates wouldnt suck so much BibleThump
Who Cares about Rank in MM LUL
PLS DONT TALK IN CHAT UNLESS URE HAVE BIG DONGER ( 2''+) FailFish
PLS DONT TALK IN CHAT UNLESS URE HIGH RANK (GOLD 2+) FailFish
NA CHOKE PLEASE NA CHOKE PLEASE BlessRNG
PLS DONT TALK IN CHAT UNLESS URE HIGH RANK (SILVER 1+) FailFish
PLS DONT TALK IN CHAT UNLESS URE HIGH RANK (SILVER 2+ IN LoL) FailFish
PLS DONT TALK IN CHAT UNLESS YOU ARE HIGH RANK (INSTALLED GAME) FailFish
PLS DONT TALK IN CHAT UNLESS URE HIGH RANK (SUPREME+) FailFish
PLS DONT TALK IN CHAT UNLESS YOU PLAYED 1.6 FailFish
NRG? More like RNG, amirite? mhheheha LUL
PLS DONT TALK IN CHAT UNLESS YOU PLAYED CONDITION ZERO FailFish
PLS DONT TALK IN CHAT UNLESS URE HIGH RANK (SILVER 1+) btw my friend (dmg) FailFish
PLS DONT TALK IN CHAT UNLESS YOU'RE GOLD NOVA 2 FailFish
PLS DONT TALK IN CHAT UNLESS URE HIGH RANK (GOLD 2+) FailFish
DONT TALK IN CHAT UNLESS YOUVE BEEN ON A 2 WEEK METH BINGE FailFish
JW VAC BANNED CHECK CNN PogChamp
PLS DON'T TALK IN CHAT UNLESS U VAC FailFish
PLS DONT TALK IN CHAT UNLESS URE HIGH RANK (Gold Nova 2+) btw my friend (dmg) FailFish
PLS DONT TALK IN CHAT UNLESS URE GOLD NOVA 3+ FailFish
NA CHOKE PLEASE NA CHOKE PLEASE BlessRNG
EU is so ba... wait let me take a breath EU is s... i need to take another one fk give me another burger OpieOP
PLS DONT TALK IN CHAT UNLESS URE HIGH IN THE AIR ANELE
PLS DONT TALK IN CHAT UNLESS URE HIGH RANK (GOLD 2+) FailFish
@Ry_em il est pas comme sa en vrai , il transpire de ouf la Keepo
PLS DONT TALK IN CHAT UNLESS YOU ARE JOEL SKYPE FailFish
Pls dont talk in chat unless you're an unless you're FailFish
ban one american and you get the whole mcdonalds OpieOP
PLS DONT TALK IN CHAT UNLESS URE HIGH RANK (SILVER 1+) FailFish
@toxaetron just a regular DH then SeemsGood
the lightingus so shit @dreamhackcs FUNgineer
PLS DONT TALK IN CHAT UNLESS URE HIGH RANK (GOLD 2+) FailFish
koosta just looks worried all the time, but brehze looks angry PogChamp
KQLY ONLY CHEATED IN MM FailFish
PLEASE DONT PARTICIPATE IN ANY CHAT ACTIVITY IF YOURE NOT A HIGH RANK (BRONZE 1+) FailFish
PLS DONT TALK IN CHAT UNLESS URE HIGH RANK (GOLD 2+) FailFish
to1nou = 2 on 1 FailFish
PLEASE DONT PARTICIPATE IN ANY CHAT ACTIVITY IF YOURE STILL PLAYING MM 64 TK FailFish
my teammate sighed at me so toxic BabyRage
wtf is that side spray LUL
KQLY ONLY CHEATED IN MM FailFish
2 guys pushing at the same time LUL
PLEASE DONT TALK IN CHAT UNLESS YOU ARE JOEL SKYPE FailFish
PLS DONT TALK IN CHAT UNLESS URE HIGH RANK (GOLD 2+) FailFish
PLZ DONT TALK IN CHAT UNLESS YOU CREATED CS FailFish
20K VIEWERS FOR DREAMHACK MAJOR CSGO IS DEAD LUL
"He wanted to make a play, but decided not to make a play, that's a problem" Merci les casters Lidle Kappa
C'est la SYRIE ce chat LUL
PLS DONT TALK IN CHAT UNLESS URE HIGH RANK (GOLD 2+) FailFish
meme devil fait des kills PogChamp
crowd is watching Fortnite Battle Royale LUL
PLS DONT TALK IN CHAT UNLESS URE HIGH RANK (GOLD 2+) FailFish
why is he talking about SK??? there isnt SK IN THIS MATCH Kappa
dreamhack obviously no on using hack BibleThump
You don't copy the name when you copy pasta FailFish
PLS DONT TALK IN CHAT UNLESS URE HIGH RANK (GOLD 2+) FailFish
Fatmericans happy because they win 1 round FailFish
PLS DONT TALK IN CHAT UNLESS URE HIGH RANK (GOLD 2+) FailFish
look like a fgt play like a fgt KappaPride
spamming in a dead game LUL
PUBG WILL BE MORE DEAD THAN POKEMON GO @uzivl LUL
PLS DONT TALK IN CHAT UNLESS URE HIGH RANK (GOLD 2+) FailFish
PUBG WILL BE MORE DEAD THAN CS GO LUL
BEST PLAYER IN NRG FROM EU LUL
MAIS CASSEZ LEUR LE CUL PUTAIN SwiftRage
PLS DONT TALK IN CHAT UNLESS URE HIGH RANK (GOLD 2+) FailFish
@DaddyTay_ Lets judge from one map LUL
GOLD NOVA 2 HIGH RANK LUL
TIER 5 NA > TIER 2 EU LUL
this caster really likes the "detromental" word LUL
PLS DONT TALK IN CHAT UNLESS URE HIGH RANK (GOLD 2+) FailFish
GOD NOVA 2 HIGH RANK LUL
Someone get an extinguisher cause he's ON FIRE PogChamp
250 word paper due monday and I'm watching cs lol 4Head
@lalita_tv u r a lucky woman DendiFace
NOT A MAJOR DEAD MEME LUL
PLS DONT TALK IN CHAT UNLESS URE HIGH RANK (GOLD 2+) FailFish
5 MILLION SUBS IN 6 MONTHS, NEVER DONE BEFORE EleGiggle
mdr j'ai vu la crasse à 10km LUL
CSGO DEAD HOSTAGE MODE COMPETITIVE PLS LUL
PEOPLE STILL USING "DEAD GAME MEME OLD JOKE LOSERS LUL
TIER 8 NA > TIER 2 EU LUL
PEOPLE STILL USING "DEAD GAME MEME OLD JOKE LOSERS LUL
PLS DONT TALK IN CHAT UNLESS URE HIGH RANK (GOLD 2+) FailFish
Chat getting by ancient memes , must be NA community LuL Jebaited
EX6 all brain no aim LUL
PEOPLE STILL USING "DEAD GAME MEME OLD JOKE LOSERS LUL. LUL
16-14 ON LDLC PICK DEAD TEAM LUL
DEAD MEME ONLY 3 TYPERS LUL
PEOPLE STILL USING "DEAD GAME MEME OLD JOKE LOSERS LUL
PLS DONT TALK IN CHAT UNLESS URE HIGH RANK (GOLD 2+) FailFish
COMEBACK IS REAL COMEBACK IS REAL PogChamp
PEOPLE STILL USING "DEAD GAME MEME OLD JOKE MORONS . LUL
PLS DONT TALK IN CHAT UNLESS URE HIGH RANK (GOLD 2+) FailFish
COMEBACK IS REAL COMEBACK IS REAL PogChamp
PEOPLE STILL USING "DEAD GAME MEME OLD JOKE MORONS . LUL
NA? NA? NA? NA? NA? NA? SoBayed
CRY IS FREE CRY IS FREE CRY IS FREE BabyRage
NA? NA? NA? NA? NA? NA? SoBayed
WHO'S GONNA WIN THE MAJOR? NRG OR LDLC PogChamp
COMEBACK IS REAL COMEBACK IS REAL PogChamp
16-14 ON EU PICK DEAD TEAM LUL
PEOPLE STILL USING "DEAD GAME MEME OLD JOKE MORONS .. LUL
bon c'est train, allez salut Kappa
PEOPLE STILL USING "DEAD GAME" MEME OLD JOKE MORONS . LUL
T3 EU > T2 NA LUL
@fake_bian PEOPLE STILL USING "DEAD GAME" MEME OLD JOKE MORONS . LUL
first lan for this roster 16-14 NA is dead LUL
@lebaneseaussie87 mad at the truth LUL
NA LOL NA CS NA DOTA NA LUL
PEOPLE STILL USING "DEAD GAME" MEME OLD JOKE MORONS . LUL
PEOPLE STILL USING "DEAD GAME" MEME OLD JOKE MORONS .. LUL
PEOPLE STILL USING "DEAD GAME" MEME OLD JOKE MORONS . . LUL
da bears high as f EleGiggle
@lebaneseaussie87 people still getting by memes Jebaited
30K VIEWERS IN A MAJOR / DEAD GAME LUL
PEOPLE STILL USING "DEAD GAME" MEME OLD JOKE MORONS . .. LUL
Nova 2 EU better than NA Team LUL
playing Cs in the rain LUL
I CAN PLAY UNDER SHOWER PogChamp
PEOPLE STILL USING "DEAD GAME" MEME OLD JOKE MORONS . . . LUL
PUBG WILL BE MORE DEAD THAN CS GO LUL
PEOPLE STILL USING "DEAD GAME" MEME OLD JOKE MORONS LUL
that keyboard useful for na tear LUL
dont message me u fucks 4Head
3000 ,na viewer left the stream :p
PEOPLE STILL USING "DEAD GAME" MEME OLD JOKE MORONS . LUL
KIDS STILL AGRO ON "DEAD GAME" MORONS LUK LUL
stop spamming to cover those tear na LUL
30k viewers for a t3 lan PogChamp
@fake_bian and ur still watching it LUL
me when i see that ad Kappa
DUMB PEOPLE STILL USE "DEAD GAME" MEME LUL
@ArroganceGG i tought those were the speakers LUL
h1z1 invitational or renegades game? CoolCat
Is THROWING Another part of NA LUL
in that ohh crap adv fans would win, someone will turn on spinbot and done! :D
now i know if NA TAKE OVER CS GO IS OVER LUL
im still TBD in rank LUL
WELL NA IS LOSING HERE LUL
PEOPLE STILL USING "DEAD GAME" MEME OLD JOKE NICE ORIGINALITY .. . LUL
didn't wipe those tear yet NA!!!! LUL
who cares what you hate BabyRage
MAJOR 24k viewers, CS i DEAD ResidentSleeper
@TheDarkMessiah he's gone now, so no one LUL
ldlc logo looks like pacman LUL
@Dizzelele you dont understand it xD NiP isnt even in the Tournament xD Kappa
only shit people on this tour including C9 LUL
@chillhase Why did you use Kappa? You do realize means JK (just kidding) Kappa
CS isnt dead teams are just shit Kappa
Dont talk in chat unless you are high ranked (mg1+) FailFish
Dont talk in chat unless you are high ranked (gn2+) FailFish
Don’t talk in chat unless you have high rank (silver 3+) BabyRage
Don't talk in chat unless you're a high rank (S3) FailFish
@TankkOne dmg is still noob :D
NO MOD NO BAN ME ORC ME SPAM SMOrc
@mort0x_ dem kaller meg en hvit supremasist Kappa
D-eagle OP VOLVO PLZ FIX BabyRage
Dont talk in chat unless you are high ranked (diamond IV+) FailFish
Don't talk in the chag unless you are minecraft player FailFish
NOT A 1G 1G POLICE BabyRage
NOT A 1G 1G POLICE BabyRage
2 PREMIER TEAMS ON LAN LUL
NOT A 1G 1G POLICE BabyRage
RIKO'S SMURF VAC BANNED GO CHECK HLTV PogChamp
Dont talk in chat unless you are high ranked (mg1+) FailFish
TIER 6 TEAMS CLOWN FIESTA LUL
PLS DONT TALK IN CHAT UNLESS YOU GOT 800 HOURS IN CASUAL FailFish
who would win. nrg or nova 2? LUL
Dont talk in chat unless you are high ranked (mg1+) FailFish
Wanna hear a joke? @the1610 LUL
Wanna hear a joke about your dream job? never mind .. you wont get it haHAA LUL
@the1610 but NA made counter strike in the first place. and the computers you use LUL
don't talk in chat if... just don't talk in chat ! Kappa
Dont talk in chat unless you are high ranked (mg1+) FailFish
Dont talk in chat unless you are high ranked (mg1+) FailFish
1G POLICE NOT A 1G BabyRage
they didn't have a smoke, so he could have won that with the molly FailFish
NOT A 1G 1G POLICE BabyRage
NOT 1G 1G POLICE MEME POLICE BabyRage
that wasnt summit not a 1G BabyRage
This chat is now stupid BrokeBack
If youre not high rank in MM (silver 3+) PLEASE dont even talk in chat. Kappa
@s1mpleof HEY S1MPLE WHY ARE U HERE PogChamp
Tellement fort Maniac depuis qu'il est revenu chez LDLC PogChamp
27K At the MAJOR SEMI FINAL LUL
NOT A 1G 1G POLICE BabyRage
this is not a mayor FailFish
1G is so old new stuff is LTE Grow up chat FailFish
hit all 4 for 70 with scout LUL
@olofmeister OLOF WHY ARE U HERE PogChamp
LDLC LIVE DIE LOSE CRY LUL
to1nou is belgain and alex brittish only debil is french LUL
LDLC LIVE DIE LOSE CRY LUL
One more "xD" and im out FailFish
LDLC LIVE DIE LOSE CRY LUL
@Niko what are u doign ehre?!?! PogChamp
Dont even talk in chat unless you are really high ranked (mg1+) FailFish
If youre not high rank in MM (silver 3+) PLEASE dont even talk in chat. Kappa
@obama NA CS is your fault PogChamp
One more "one more xd and I'm out" and I'm out FailFish
Pro's fake all the time FailFish
american fotball = hand egg LUL
One more out and im xD FailFish
ldlc won the last map??? LUL
why do americans like to play HAND EGG so much? LUL
Mormons TableHere education pick one Kreygasm
US DIDNT EVEN QUALIFY FOR WORLD CUP LUL
SILVER 1 AND UNRANKED CANT TALK LUL
Dont even talk in chat unless you are really high ranked (mg1+) FailFish
why do americans like to play HAND EGG so much? LUL
PEOPLE STILL USING "DEAD GAME" MEME OLD JOKE MORONS . LUL
@Aawmnawm Thats why brazil is so good at it 4Head
MY NAME IS DEVIL I AM A BAITER SEE YOU ON THE BOMBSITE A LITTLE BIT LATER 4Head
@Pixelibby No silver master is not good enough FailFish
Dont even talk in chat unless you are really high ranked (mg1+) FailFish
NRG MAP Gyss not on ldlc :D
hacking at a lan smart chat BrokeBack
Dont even talk in chat unless you are really high ranked (SEM) FailFish
@minkelele you mean devil is happy KappaClaus
PLS DONT TALK IN CHAT UNLESS YOU CHEAT FailFish
if you're waiting for shrouds stream Kappa
Dont even talk in chat unless you are really high ranked (mg1+) FailFish
Don't talk unless you are amazing at cs like GN3+ FailFish
Dont even talk in chat unless you are really high ranked (silver elite master+) FailFish
Everyone not MG1+ please don't talk Casters stop talking LUL
Ldlc never play train ? LUL
don't even talk in chat if you have never won an arms race FailFish
Dont even talk in chat unless you are really high ranked (mg1+) FailFish
Dont even talk in chat unless you are really high ranked (silver2) FailFish
I bet you guys are all low ranks, can't beat me whatsoever (GN1 btw) LUL
PLS dont watch this unless ur higher level (gn3+), its only for us who is high level in mm FailFish
im rank s can i talk Kappa
devils so bad on de_brain :(
@facedesk97 Only if you have the skins ;)
Dont even talk in chat unless you are really high ranked (250€ + in skins) FailFish
Il peut fermer sa gueule le caster en carton ? Kappa
DONT WACTH SHUT DOWN if ur low rank (only for us high levels gn3+) FailFish
plz dont type in chat unless you are high rnaked like me gn2+ FailFish
Dont even talk in chat unless you are really high ranked (250€ + in skins) FailFish
DONT WACTH SHUT DOWN EXPLORER if ur low rank (only for us high levels gn3+) FailFish
dont talk in chat unless you own a 200+$ knife skin FailFish
dont talk in chat unless you play on xbox FailFish
FailFishFailFish DONT WACTH SHUT DOWN TWITCH ON INTERNET EXPLORER if ur low rank (only for us high levels gn3+) FailFish
dont use chat if u cant spell russian in matchmaking FailFish
CTRL+C CTRL+V this meme please 4Head
Dont even talk in chat unless you are really high ranked (250€ + in skins) FailFish
this casting is pretty hype Kreygasm
WHY TF is da_bears here LUL
DONT WACTH SHUT DOWN TWITCH ON INTERNET EXPLORER if ur low rank (only for us high levels gn3+) FailFish
@DreamHackCS can we get some new casters cause its ResidentSleeper
im gn2 can i watch BibleThump
MINKELELE you think gn3 is high, good joke LUL
If youre not high rank in MM (silver 3+) PLEASE dont even talk in chat. Kappa
CTRL+C CTRL+V this meme please 4Head
30k viewers for a T5 Lan PogChamp
Dont even talk in chat if you arent high ranked on faceit (level 20+) FailFish
casters who think they're good EleGiggle
DONT TALK IN CHAT UNLESS RANK S TRASH KIDS LUL
Casters are silver so they can't talk 4Head
CS GO IS AS DEAD AS POKEMON GO PogChamp
casters who think they're good EleGiggle
PLS DONT TALK IN CHAT UNLESS U BOUGHT CS:GO FailFish
Dont even talk unless you are a experienced kappaPride (2x 8 inch D at the same time) KappaPride
-to1nou +MSL -Alex +fnx ez LDLC era is back PogChamp
PUBG WILL BE MORE DEAD THAN POKEMON GO LUL
one cookie for cerQ pls Kappa
29k view on Major CS GO IS AS DEAD AS POKEMON GO PogChamp
PUBG WILL BE MORE DEAD THAN POKEMON GO LUL
ye devil is just such a low tier player :D
29k view on Major CS GO IS AS DEAD AS POKEMON GO PogChamp
29K VIEWS WORST MAJOR EVER CS GO DEAD GAME LUL
1. riko 2. hiko 3. heroic niko 4. faze niko Kappa
LUK WILL BE MORE DEAD THAN Kappa
cant believe devil used to play for envyus once upon a time FailFish
PUBG WILL BE MORE DEAD THAN POKEMON GO LUL
major less viewers than shroud EleGiggle
THIS IS NOT A MAJOR Kappa
29K VIEWS WORST MAJOR EVER CS GO DEAD GAME . LUL
PEOPLE WHO SAYING MAJOR FINAL HE'S A PUBG FANBOY LUL
@7evengt_ tu souhaite la fin du monde ? Kappa
PUBG WILL BE MORE DEAD THAN POKEMON GO LUL
29k view on Major CS GO IS AS DEAD AS POKEMON GO PogChamp
Lucky timing more like cheats LUL
@Remdog6 dont act like that doesn't happen if they're high or not Kappa
PEOPLE SAYING NRG BETTER THAN LDLC LUL
POKEMON GO MORE RELEVANT THAN CSGO LUL
ldlc have never played train and they gonna win it Jebaited
29k view on Major CS GO IS AS DEAD AS POKEMON GO PogChamp
NRG Had the same timing but couldnt make 1 kill LUL
major final 29k viewers tier 5 teams LUL
@raka25 raka25 more like kaka25 LUL
nice teams for a major WutFace
@potterfox harry potter eco fox LUL
shroud quits cs, nobody cares outside of NA Kappa
as if a major in 2k18 will make 1million views again when this major here only has 29k views LUL
PUBG WILL BE MORE DEAD THAN POKEMON GO LUL
PUBG KIDS THINKING CS IS DEAD LUL
29k view on Major CS GO IS AS DEAD AS POKEMON GO PogChamp
Couple more months PUBG will be dead LUL
I COPY PASTE OLD MEMES LUL
only 29k views for a major LUL
This match is so weird :D
@Hrogath_ true, just pointing out those bipolar flamers in chat that just wants to spread chaos to eu Kappa
29K VIEWS WORST MAJOR EVER CS GO DEAD GAME ... LUL
Greatest ct strat of all time PogChamp
@knossicrew this is not a major LUL
3 awps dont work NA casters FailFish
dry peeking their awp when you know it to be a low buy LUL
ldlc rn - "they wont expect 3 awps" and they really didnt LUL
ext dumb mm tactics a pro player wouldnt expect :D
mpre awps = better chance at winning guys LUL
love me some NA CS Kappa
go 5 awp or go home Kappa
PLAYER UNKNOWN WILL BAN YOU FOR TRIGGERING HIM Jebaited
silver plays in a major NotLikeThis
Tiers 2 EU team> Tiers 1 NA team LUL
Let the new guy die first LUL
entry has to know flash timing though FailFish
NRG think the same as misfits, europeans will carry them LUL
L D L C ... LIVE DIE LOSE CRY LUL
NA NA NA NA NA LUL
casters not knowing what to say ANELE
L D L C ... LIVE DIE LOSE CRY !! LUL
GIVE ME YOUR TEARS NRG BETTORS :D
L D L C ... LIVE DIE LOSE CRY LUL
L D L C ... LIVE DIE LOSE CRY LUL
@blubbioo hes there so cerq will be there LUL
NA NA NA NA NA LUL
10 views finals last major LuL 4Head
Dont even talk unless you are high ranked (mg1+) FailFish
NA NA NA NA NA LUL
Dont even talk unless you are high ranked (mg1+) FailFish
Tier3 EU winning over Tier1 NA LUL
L D L C ... LIVE DIE LOSE CRY LUL
NA CS NA CS NA CS NA CS NA CS NA CS NA CS NA CS NA CS NA CS NA CS NA CS NA CS NA CS LUL
europeans carrying NA teams since s1mple LUL
Tier3 EU winning over Tier1 NA LUL
Dont even talk unless you are high ranked (mg1+) FailFish
A+ en lan les na LUL
NA NA NA NA NA LUL
Tier3 EU winning over Tier1 NA LUL
Don't talk unless you are high rank player (MG1+) FailFish
ban one american and you get the whole mcdonalds OpieOP
184 viewers last finals last major LUL
ban one american and you get the whole mcdonalds OpieOP
DEVIL looks like an Artistic Kephrii Kappa
How is CSGO is dead If we have Zlatan as a Reporter PogChamp
T I G H T Kreygasm
T I G H T Kreygasm
just stfu maniac.. nrg were trash :D
automod? what is this, ussr? DansGame
Humble Zlatan he's injured cant play football so he's helping Valve with csgo PogChamp
That turtleneck with that jacket DansGame
Why mantrouse keeps grinning like a man KappaPride
shroud stream > dreamhack stream EleGiggle
Im a Legendary Eagle but i dont know any Dust 2 smokes LUL
Why these analysts always hold pens but never write shit 4Head
@ma_nama_Jeph you child stop it im gonna make new account within 2 secs so it wont change anything LUL
i member when hazed said it LUL
21k watching major grand final dead game EleGiggle
Sounds like a good headache NotLikeThis
Thinking optic will win VS Faze LUL
sliver is shit... You can win like 1$ skins with like a 1/500 chance LUL
it landed on elite build and you get hyper beast Kappa
LDLC VS MOUZ WAITING ROOM ResidentSleeper
500$ KEYBOARD 500$ KEYBOARD 500$ KEYBOARD LUL
LDLC VS MOUZ WAITING ROOM LDLC VS MOUZ WAITING ROOM ResidentSleeper
these commercials are so bad FailFish
LDLC VS MOUZ WAITING ROOM ResidentSleeper
fnatic still has fans ? LUL
different feeling to spray control LUL
MAJOR ONLY 19K VIEWERS ? CSGO IS DEAD BibleThump
MAJOR ONLY 18K VIEWERS ? CSGO IS DEAD BibleThump
7 people watching but only 2 people on mars. Kappa
17k viewers on Major CSGO DEAD LUL
i heard stewi is hacking Kappa
mining bitcoins form ur comp HeyGuys
I hate Dust so much 4Head
The germans are on the rise DarkMode
Blu with the red shirt PogChamp
only real kappa fans can make this face Kappa
dont you open up that window TriHard
19.2 viewers at a major Kappa
AU + NA was a dreamteam back then, C9 jks Kreygasm
People getting triggered by a dead meme LUL
Why wouldn't they switch guns NotLikeThis
DEAD GAME MEME 12 BTW 4Head
This major is really bad compared to eleague major BibleThump
MORE PEOPLE WATCHING THISGAME THAN THE SUPERBOWL DEAD SPORT LUL
Truth be told, I'm quite proud of my house blend. To attain my flavor and fragrance, I use five different types of coffee beans. TPFufun
ONLY 2 DEAD MAJOR MEME JOKES DEAD MEME LUL
KOOSTA DONT DEFUSE IN THIS MAP Kappa
SAYING DEAD MEME TO MAJOR MEME DEAD MEME LUL
ONLY 5 MAJOR DEAD MEME JOKES IN CHAT DEAD MEME LUL
SAYING DEAD MEME TO DEAD MEME MAJOR MEME LUL
SAYING MEME DEAD TO MAJOR MEME DEAD MEME LUL
Guys RELAX its NA Trash anyway LUL
SAYING DEAD MEME TO DEAD MAJOR FINAL MEME MAJOR FINAL MEME LUL
SAYING DEAD MEME TO DEAD MAJOR FINALE MEME MEME DEAD MEME LUL
@santyard thx dust 2 is already possible? :)
only 50 words i do 100 for today Kappa
50 words due next year LUL
only 50 words?! I do 50 words in a hour DatSheffy
NA CS WHAT A JOKE LUL
eu > Favela > cis > AUssie > China > NA LUL
@hasslegg, U forggot UK be4 NA LUL
Long essay due in a short amount of time and I am procrastinating by watching this livestream FailFish
SHROUD BACK IN ACTIVE ROSTER CHECK HLTV PogChamp
@HandiUmp just dont write it Kappa
why did stewie have to die FrankerZ
COLDZERA JOINS TEAM LIQUID CHECK HLTV PogChamp
Physics dissertation due in 5 years for my PhD and here I am watching this CSGO (dead game) major FeelsBadMan :(
BOLTZ TO STAND IN FOR SK AT EPICENTER CHECK HLTV PogChamp
GX BANNED FOR THROWING CHECK HLTV PogChamp
jump right into the bullets LUL
cutler with the clutch check hltv PogChamp
JW VAC BANNED CHECK HLTV PogChamp
SAYING DEAD MEME TO SAYING MAJOR DEAD MEME IS A DEAD MEME LUL
😂 The forehead cam that they use in these kills me LUL
BOLTZ TO STAND IN FOR SK AT EPICENTER CHECK HLTV PogChamp
BOLTZ STAND IN FOR SK AT EPICENTER CHECK HLTV PogChamp
BOLTZ TO STAND IN FOR SK AT EPICENTER CHECK HLTV PogChamp
NAF IS FLY RIGHT NOW Kappa
SK BOLTZ ACTUALLY CONFIRMED HLTV NO BAIT PogChamp
mods checking my seme joke out LUL
Tec-9 is now shit. CZ is where it's at LUL
ball so hard mfuckas wanna fine me TriHard
too many aussie names, he can mess up once LUL
poor stewie...... he was so young too :(
koosta "move i have a kit" Keepo
MY BELLY IS HUGE MY BRAIN HAS DELAY YOU GUESSED IT RIGHT I'M FROM NA. EleGiggle
NAF-FLY will FLY anywhere for money EleGiggle
24k views and no check? Kappa
24K VIEWERS MAJOR FINALS WITH 2 NA TEAMS DEAD GAME LUL
this is the kind of game you want to watch DansGame
minimal damage? He took no damage FailFish
= Ethan Face (no space) BabyRage
csgo has more viewers than pubg PogChamp
@Epic_shooter Tha ting goes scrrrra TriHard
Is rickeh still friends with renegades? KappaPride
= Dog Face (no space) FrankerZ
FLUSHA CHEATED IN 2014 NEVER FORGER monkaS DatSheffy
I'M KOOSTA I'LL MAKE MY TEAM LOSE MY TEAMMATE HAS A KIT BUT I THINK I'LL DEFUSE MingLee
I'M KOOSTA I'LL MAKE MY TEAM LOSE MY TEAMMATE HAS A KIT BUT I THINK I'LL DEFUSE MingLee
I'M KOOSTA I'LL MAKE MY TEAM LOSE MY TEAMMATE HAS A KIT BUT I THINK I'LL DEFUSE MingLee
= Dog Face (no space) ⁭ FrankerZ
dude has a karambit case hardened IRL... but no friends IRL... BibleThump
@ubetterstop stop causing the conspirca.. TriHard
I'M KOOSTA I'LL MAKE MY TEAM LOSE MY TEAMMATE HAS A KIT BUT I THINK I'LL DEFUSE MingLee
———————————————————————— You have been gifted the Golden Kappa! imGlitch
NA CS 23k view LAN LUL
Don't mind me checking for Golden Kappa
KA KA KA POW SKIPIDIPA PAW TriHard
You have been gifted the Golden Kappa! imGlitch
I'M KOOSTA I'LL MAKE MY TEAM LOSE MY TEAMMATE HAS A KIT BUT I THINK I'LL DEFUSE MingLee
graphL graphR the ting goes skrrraaa TriHard
———————————————————————— You have been gifted the Golden Kappa! imGlitch
STRG + W for monkaS shortcut PogChamp
one more lul in 2k17 LUL
———————————————————————— You have been gifted the Golden Kappa! imGlitch
———————————————————————— You have been gifted the Golden Kappa! imGlitch
= Kat ppa (no space) Keepo
one more FNS clutch and I´m out Jebaited
= Kat Face no space Keepo
it said that i have the golden why is it not? Kappa
Truth be told, I'm quite proud of my house blend. To attain my flavor and fragrance, I use five different types of coffee beans. TPFufun
= Hairy Man (NO SPACE) CoolStoryBob
fist bump for winning pistol round Kappa
= Taz Face (no space) 4Head
CHAT more Entertaining then the Game LUL
= Gray Face no space Kappa
THING GOES SKRAA PAPAPAPAP POW TriHard
CHAT more Entertaining then the Game LUL
i remember when big shaq had 5k followers on insta :o
OMG the real @Alex_Silvur is in the chat :o
RNGs Lineup: NAF ( ), JKS ( ), NIFTY ( ), USTILO ( ) , AZR ( ) Kappa
I'M KOOSTA I'LL MAKE MY TEAM LOSE MY TEAMMATE HAS A KIT BUT I THINK I'LL DEFUSE MingLee
23k viewers and no spam? Kappa
23K VIEWERS IN MAJOR CS IS DED EleGiggle
23K VIEWERS IN MAJOR CS IS DED EleGiggle
WOW 24k viewers for an online t5 game ... game is growing PogChamp
23K VIEWERS IN MAJOR CS IS DED EleGiggle
HUNDEN Cant even beat FACEIT players pls LUL
ns means nice shot you don't need to write the shot again :D
Casters can say what chat cant DansGame
What if pro players are pro hackers :D
STRG + W for monkaS shortcut PogChamp
C L G C L G C L G C L G SwiftRage
NIFTY WON THAT ANGLE TWICE LUL
WOW 24k viewers for some buttshots ... game is growing PogChamp
T H I C C Kreygasm
PLS renagades i bet me famlys goats on them pleaSE WIN !!! BlessRNG
haHAA renegades fans haHAA aussie btw haHAA renegades fans haHAA aussie btw haHAA EleGiggle
haHAA renegades fans haHAA aussie btw haHAA renegades fans haHAA aussie btw haHAA LUL
my mans is hot on the bloccc KappaPride
50% of all pubg players are from asia LUL
@Bet_tim h o w m u c h ? LUL
@Bet_tim h o w m u c h ? LUL
24k for a major final ResidentSleeper
@DConYT 60% of the world population is from asia :o
SOMETHING ELSE THAN EU CS LUL
mad that your game is dead ResidentSleeper
This is a major checkout Liquipedia dumbs FailFish
CLG JOKE C9 DEAD NA CS LUL
AU = gold, Renegades = AU, Renegades gold nova confirmed LUL
This is a Major checkout Liquipedia This is a Major checkout Liquipedia FailFish
why we dont have day of defeat GO VALVE BibleThump
-cutler +MSL -nahte +kioshima ez CLG era incoming baby PogChamp
NA TIMEZONE DIFFERENT FROM AUSTRALIA TIMEZONE plant in 3 sec 4Head
What is this, EU teeth!? DansGame
NA FOUNDERS = TRASH FROM EU LUL
space soldiers 16 renegades 1 noobs LUL
CLG LOOK A MM TEAM LUL
do either of these teams have fans? LUL
this event ez for C9 this event ez for C9 this event ez for C9 PogChamp
"NOT A 1G " haHAA BabyRage
not a 1g in 2017 LUL
its not a 1g silver chat.. FailFish
this event ez for C9 this event ez for C9 this event ez for C9 PogChamp
one more monkaS and im out LUL
bdtGg bdtZbysiu C G NA CS LUL
one more and im out TriHard
Dont press 1 or my dad will kill me BibleThump
THIS CHAT NOW BELONGS TO ENGLAND PRISONERS DatSheffy
bdtGg bdtZbysiu C G NA CS LUL
this event ez for C9 this event ez for C9 this event ez for C9 PogChamp
THIS EVENT IS A JOKE TIER 7 TEAMS 4Head
one more and im out TriHard
B I L L Y S PogChamp
Who jump pushes with an awp like that??? EleGiggle
B I L L Y S J O L T = Eadshot Macheen 4Head
xelayirl it's only 2nd day :o
WHO WILL WIN ? THE TEAM HACK MORE WIN MORE LETS GO CS GO AND MICRO USB INTO MOUSE GG WP ;)
AHHAHA WHO WILL WIN ? THE TEAM HACK MORE WIN MORE LETS GO CS GO AND MICRO USB INTO MOUSE GG WP ;)
Greshark 2nd day and I think it's a dreamhack open not major Jebaited
I am with 60hz monitor sadpanda :(
AHHAHA WHO WILL WIN ? THE TEAM HACK MORE WIN MORE LETS GO CS GO AND MICRO USB INTO MINCE GG WP ;)
AHHAHA WHO WILL WIN ? THE TEAM HACK MORE WIN MORE LETS GO CS GO LOAD MY HACK INTO MY MICRO USB MINCE GG WP ;)
AHHAHA WHO WILL WIN ? THE TEAM HACK MORE WIN MORE LETS GO CS GO LOAD MY HACK INTO MY MICRO USB MINCE GG WP ;)
@Coleridge49 I cringe at cringe LUL
CSGO outdated DOTA 2 Overrated Long have we waited Jebiated Card game created Jebaited
AHHAHA WHO WILL WIN ? THE TEAM HACK MORE WIN MORE LETS GO CS GO LOAD MY HACK INTO MY MICRO USB MINCE GG WP ;)
CSGO outdated DOTA 2 Overrated Long have we waited Card game created Jebaited
This is a rerun? Okay thanks / Kappa
CSGO outdated DOTA 2 Overrated Long have we waited Jebiated Card game created Jebaited
is it recorded audio or real crowd WutFace
He seen him, not checked NotLikeThis
is this a rerun guys 4Head
why am i not able to fast forward Kappa
I've already seen this game ResidentSleeper
20 K VIEWERS ON A MAJOR FINAL DEAD GAME LUL
@Kinnulol dammit, you got me KappaPride
AHHAHA WHO WILL WIN ? THE TEAM HACK MORE WIN MORE LETS GO CS GO LOAD MY HACK INTO MY MICRO USB MINCE GG WP ;)
Pubg is even more than CS ResidentSleeper
Major and no souvenir drops gg dead game FailFish
20K VIEWERS IN MAJOR FINAL CSGO IS DEAD LUL
PUBG Only fun when its not being played LUL
one more and im out TriHard
people watching stream but being in dark room FailFish
@Kroshnikov OhBot didn't like your meme. Not sure why HotPokket
@Insomniuhh control your bot man Kappa
Please RNG I bot $18 bitcoin on u TakeNRG
21k viewers and dead chat nice viewboting forsenOMEGA FailFish
Magnets how do they work? 4Head
21k viewers watching a rerun PogChamp
AU CS is the best at sloppy games it's all they know 4Head
20k viewers on rerun dead gam LUL
Viewbotting a rerun CSGO is dead af LUL
You're free to speak what we say you're allowed to say 4Head
it's a live re-run from a rebroadcast Kappa
does anyone know if C9 is playing tonight? and what time? Thanks :D
NA MOLLY INTO NA SPRAY LUL
"let me pick up this awp at door" LUL
SO IMPORTANT TO SHOOT DAT GLASS LUL
someone told me this was more exciting than PUBG 20000hrs btw haHAA ResidentSleeper
@trywee Yes i am silver 1 i am the best player o_O
@roook_ Just quit CS plz FailFish
i almost went to denver for this LUL
more expensive because more valuable Kappa
@roook_ As soon you are gone from the community DansGame
@trywee Huh? Youre not relevant ResidentSleeper
Mouz vs LDLC waiting room ResidentSleeper
Can't spell CLG without L LUL
he can easily finish the round alone if he works with his teammates?? :)
Can't spell CLG without L LUL
13-5 boys ggwp NA CHOKE LUL
What "CLG" stands for chat? SoBayed
I don't think "Logic Gaming" would be a fitting name for this team tbh 4Head
CLG = CONSTANTLY LOSING GAMES LUL
clg so bad can't even win against kangaroo cs LUL
@multabere don't be so quick to judge i've seen some cows that are ballet masters Kappa
22k viewers watching a major rerun PogChamp
They didnt prove it so he killed them PogChamp
Remember that failed koosta defuse LUL
23k viewers and no original LuL emote to be seen :(
23k Viewers and no monkaS spam DansGame
23K VIEWERS LAST MAJOR haHAA LUL
Only 23k ppl watching CSGO Major tournament csgo is dead :(
ruined major.... 23k viewers only 4Head
How are renegades losing? You can see people through the walls NotLikeThis
what if we had one showcase comp match with xrays on? just for the LUL
try explaining to your parents what xray is 4Head
Why do they FORCE all the players to use the same crosshair and resolution? NotLikeThis
@kqly_was_framed Same why you haven't resubbed jasonrLUL jasonrLUL Kappa
HIKO 3RD PLACE IN H1Z1 invitational LUL
when h1 has 80k more views than cs LUL
@admiral_ey_nee_oder Normie because i said btw haHAA TriHard
Cant spell renegades without w PogChamp
@Vrooomster12 ill will take good care of your skins SoBayed
@Mymous You can go first LUL
get the f*** out of EU VoteYea
NO ONE HERE KNOWS WHAT IS THE 3RD MAP ? cmonBruh
0 dab in the public FailFish
If you can't watch CSGO at its worst, you don't deserve its best :)
RICKEH AND MORTY? 200 IQ haHAA PogChamp
@DiestrukterplaysYT u the real trump PogChamp
this is a live rerun 4Head
I'd like to predict a CLG choke at 13 like always Kappa
24k viewers.. csgo is dying EleGiggle
this is a rerun of tomorrows game FailFish
Has Rickeh been Vac banned yet? Kappa
why are half the emotes tiny now DansGame
You can't cheat on VAC secured servers FailFish
no he didnt SILVER IN CHAGT FailFish
download the demo find coordinates of player spawn yourself and time yourself PogChamp
counting to 5 in 2017 LUL
I rewatch it, 100% he had time.. silvers in chat FailFish
someone find out and post it Kappa
i rewatched it, he had time to stick it even without a kit. Silver chat FailFish
i calculated it.. he wouldve had 0.00001 second left Kappa
i come from an atlernate universe where he went for the defuse he had time 4Head
Guys stfu the round is over NotLikeThis
25k viewers on a major LUL
I'm silber 1,almost Pro and he definitely had time Kappa
turn off this NA major and give us mous vs ldlc omg FailFish
@frankpoole2001 I am silver 3 on my main,don't even talk to me. I'm too good Kappa
@admiral_ey_nee_oder woah my bad tah PogChamp
hello renegades rickeh here miss me? 4Head
hello renegades rickeh here miss me? 4Head
hello renegades rickeh here miss me? 4Head
@alexminga1900 how have you lived for 117 years tell me your secret Kappa
hello renegades rickeh here miss me? 4Head
@isaacb115 how have you lived from 2017-115 = 1902 years? Kappa
rng chokers.. now they ll loose inferno too, 1001% :D
@sirkappagg can't argue with that logic and that username HSWP
i bet renegades map1 and clg map2 feelsgoodman :D
this game is actually a test for the new bots, the players are just sitting there to not arouse suspicion 4Head
Kangaroo cs hopping on out EleGiggle
@Sh1tMcTrashBag ikr? just look for the glowing outlines EleGiggle
Your friend AmHypes has just started watching! HeyGuys
My Belly Is Huge My Brain Has Delay You Guessed It Right I Eat At Chipotle EleGiggle
My Belly Is Huge My Brain Has Delay You Guessed It Right I Eat At Chipotle EleGiggle
My Belly Is Huge My Brain Has Delay You Guessed It Right I Eat At Chipotle EleGiggle
Rainbow six siege only has 600 viewers on there major LUL
@Recolance oh no gambling fake currencies BabyRage
time for RNG to go full tilt 16-0 Jebaited
ttetris is the better e-sports <3
DELAYHACK OPEN WITH THE COUNTRY MUSIC 4Head
ENGLAND IS MY CITY NICE MEMES N0rMIES haHAA LUL
18 K VIEWERS ON A MAJOR FINAL DEAD GAME LUL
My Belly Is Huge My Brain Has Delay You Guessed It Right I Eat At Chipotle EleGiggle
@Snikken It's obvious you are the idiot here if you don't get it LUL
@niskenj NRG is out of the tournament LUL
@zudeno soon Pokemon GO will have more viewers LUL
@m1quuuu bet your from NA xshow us your major trophey bro ? LUL
NZ IS FULL OF SHEEP SHAGGERS LUL
@Terminator6101 someone picked the wrong side LUL
I bet over 24.5 rounds whit 2.19 odds and 500$ wish me luck :D
rickeh no skin no skill LUL
20k in major final csgo dead game LUL
20k in major final csgo dead game LUL
@itsfradda oh they are just really smart huh thanks Kappa
Who is from csgo ? :D
Isn't live a milk brand? So CSGO is dead and now is sponsored by milk ? Dead game LUL
20k viewers for a major #deadgame LUL
20k in major final csgo dead game LUL
When ppl try to joke of someone's misspelling EleGiggle
Isn't live a milk brand? So CSGO is dead and now is sponsored by milk ? Dead game 20k Final Valve Sponsored Event LUL
My Belly Is Huge My Brain Has Delay You Guessed It Right I Eat At Chipotle EleGiggle
———————————————————————— You have been permanently banned from this channel imGlitch
guys don't copy the name when you copy pasta FailFish
21 K VIEWERS ON A MAJOR FINAL ? DEAD GAME LUL
Levixorz: guys don't copy the name when you copy pasta FailFish
Levixorz: guys don't copy the name when you copy pasta FailFish
monkas_trihard_kappa_lul: Levixorz: guys don't copy the name when you copy pasta FailFish
Levixorz: guys don't copy the name when you copy pasta FailFish
BOOFlN: monkas_trihard_kappa_lul: Levixorz: guys don't copy the name when you copy pasta FailFish
@BOOFlN Levixorz: guys don't copy the name when you copy pasta FailFish
B0bbutttoast: BOOFlN: monkas_trihard_kappa_lul: Levixorz: guys don't copy the name when you copy pasta FailFish
AYYYYYYYY WHERE MY @ ? TriHard
My Belly Is Huge My Brain Has Delay You Guessed It Right I Eat At Chipotle EleGiggle
no Aussie got a kill that round LUL
keggaz: B0bbutttoast: BOOFlN: monkas_trihard_kappa_lul: Levixorz: guys don't copy the name when you copy pasta FailFish
One MORE " xD " and I will throw myself from the window FailFish
keggaz: B0bbutttoast: BOOFlN: monkas_trihard_kappa_lul: Levixorz: guys don't copy the name when you copy pasta FailFish
You dont copy the paste when you copy the name FailFish
ty for slow down talk speed :D
LPLEB4TOR: You dont copy the paste when you copy the name FailFish
Ez 4 best aussie player :D
if you copy pasta this I'm out FailFish
8:41 Shredderxz: if you copy pasta this I'm out FailFish
if you copy pasta this I'm out FailFish
If I see one more i'll drink bleach Kappa
if you copy pasta this I'm out FailFish
Twitch Prime lDreaMv: 8:41 Shredderxz: if you copy pasta this I'm out FailFish
rickeh is playing his best play in his csgo life LUL
if you copy pasta this I'm out FailFish
if you copy pasta this I'm out FailFish
"knowledge of the map"? more like "knowledge of the HACK" HAHAHAHAH MVGame
OUR BEST PLAYER IS THE PROBLEM 4Head
CLG RICKEH > RNG RICKEH LUL
if you copy pasta this I'm out 4Head
dont copy name when you copy pasta FailFish
2:46 Verified Itani: dont copy name when you copy pasta FailFish
Twitch PrimeTwitch Primeinnos_: 2:46 Verified Itani: dont copy name when you copy pasta FailFish
Twitch Primeinnos_: 2:46 Verified Itani: FailFishdont copy name when you copy pasta FailFish
Twitch Primeinnos_: 2:46 Verified Itani: dont copy name when you copy pasta FailFish
Twitch Prime innos_: 2:46 Verified Itani: dont copy name when you copy pasta FailFish
coldan01: Twitch Primeinnos_: 2:46 Verified Itani: FailFishdont copy name when you copy pasta FailFish
jerka_: Twitch PrimeTwitch Primeinnos_: 2:46 Verified Itani: dont copy name when you copy pasta FailFish
i'll go even further and copy the time @Itani Kappa
jerka_: Twitch PrimeTwitch Primeinnos_: 2:46 Verified Itani: dont copy name when you copy pasta FailFish
Twitch Prime innos_: 2:46 Verified Itani: dont copy name when you copy pasta FailFish
KrassNerr: coldan01: Twitch Primeinnos_: 2:46 Verified Itani: FailFishdont copy name when you copy pasta FailFish
Dont copy name when you copy pasta FailFish
zippymeister: jerka_: Twitch PrimeTwitch Primeinnos_: 2:46 Verified Itani: dont copy name when you copy pasta FailFish
ECO FRAGS STILL KILLS WOAW PogChamp
zippymeister: jerka_: Twitch PrimeTwitch Primeinnos_: 2:46 Verified Itani: dont copy name when you copy pasta FailFish
jerka_: zippymeister: jerka_: Twitch PrimeTwitch Primeinnos_: 2:46 Verified Itani: dont copy name when you copy pasta FailFish
Twitch Prime Twitch Prime mcdrizzle_: zippymeister : jerka_: Twitch PrimeTwitch Primeinnos_: 2:46 Verified Itani: dont copy name when you copy pasta FailFish
Vrooomster12: Peaceling8: zippymeister: jerka_: Twitch PrimeTwitch Primeinnos_: 2:46 Verified Itani: dont copy name when you copy pasta FailFish
Twitch Prime mcdrizzle_: Bubblebrick: LULzippymeister: jerka_: Twitch PrimeTwitch Primeinnos_: 2:46 Verified Itani: dont copy name when you copy pasta FailFish
Vrooomster12: Peaceling8: zippymeister: jerka_: Twitch PrimeTwitch Primeinnos_: 2:46 Verified Itani: dont copy name when you copy pasta FailFish
Primeinnos_: 2:46 Verified Itani: dont copy name when you copy pasta FailFish
haHAA Vrooomster12: Peaceling8: zippymeister: jerka_: Twitch PrimeTwitch Primeinnos_: 2:46 Verified Itani: dont copy name when you copy pasta FailFish
Primeinnos_: 2:46 Verified Itani: dont copy name when you copy pasta f FailFish
My Belly Is Huge My Brain Has Delay You Guessed It Right I Eat At Chipotle EleGiggle
If you copy paste this you will get banned FUNgineer
Shredderxz: If you copy paste this you will get banned FUNgineer
Primeinnos_: 2:46 Verified Itani: dont copy name when you copy pasta FailFish
Twitch Prime Shredderxz: If you copy paste this you will get banned FUNgineer
If you copy paste this you will get banned FUNgineer
If you copy paste this you will get banned FUNgineer
If you copy paste this you will get banned FUNgineer
KrassNerr: Twitch Prime Shredderxz: If you copy paste this you will get banned FUNgineer
If you copy paste this you will get banned FUNgineer
one more " " and im out LUL
MAN THIS GAME IS BORING IF THE CHAT IS CONSTANTLY TRYING TO HAVE FUN BY COPY-PASTA THINGS ResidentSleeper
WHAT MORE CAN JKS DO NotLikeThis
one more " " and im out LUL
how can cs go be a family show when it's 17+ LUL
📞 HELLO LAUNDERS 📞 GABEN HERE 📞 LAST MAJOR 📞 4Head
📞 HELLO IMMORTALS 📞 KNG HERE 📞 LAST MAJOR 📞 4Head
EMPTY CROWD FOR A MAJOR 4Head
:telephone_receiver: HELLO IMMORTALS :telephone_receiver: KNG HERE :telephone_receiver: LAST MAJOR :telephone_receiver: 4Head
Press F to pay respects to Renegades PRChase
📞 HELLO SK ? 📞 BANANA HERE 📞 PLS RUSH 📞 4Head
22k watching a major rofl cs:go is basically dead FailFish
GUYS LETS TYPE OUR NAMES BACKWARD 4Head
Launders and Blue casting a major final LUL
200 IQ 200 IQ 200 IQ PogChamp
📞 HELLO LAUNDERS 📞 GABEN HERE 📞 LAST MAJOR 📞 MingLee
NA AND LAYERS OF THINKING LUL
My belly is huge My breath is smelly you guess it right I play PUBG 4Head
📞 HELLO CLG ? 📞 RENEGADES HERE 📞 PAYMENT RECEIVED 📞 4Head
📞 HELLO IMMORTALS 📞 KNG HERE 📞 LAST MAJOR 📞 4Head
📞 HELLO IMMORTALS 📞 KNG HERE 📞 LAST MAJOR 📞 4Head
WHEN YOU NUT BUT SHE KEEPS SUCKING SabaPing
danke man, hast mir echt geholfen Kappa
nächstes mal wenn ich mir ein glas salz reinschütte denk ich an dich KappaPride
23k people and no spam? TriHard
That was an ... awptical Ilusion Kappa
Give me back old dust bleedPurple
Renegades are really COUNTERING THEIR KNOWLEDGE DatSheffy
"new" dust 2 is the same map LUL
Anyone lost FPS in new dust? ResidentSleeper
Only the Dankest memes amirite chat? Kappa
📞 Hello Renegades 📞 Clg Here 📞 Stop Sucking 📞 LUL
losing the game. nearly fail the spray. tbag him anyway to show dominance DatSheffy
he shot because he saw part of his body....come on FailFish
going to college so you can flip burgers anyway Jebaited
@BluestJumper Thank you for your approval :)
📞 Hello Renegades 📞 Clg Here 📞 Stop Sucking 📞 LUL
@Insomniuhh Yeah, I figured that much. I enjoy it just as much. Just not enough to cast it Kappa
@fencepo Heard that too. F´d up emphasis LUL
📞 Hello Clg 📞 Renegades Here 📞 Stop Cheating 📞 LUL
📞 Hello Renegades 📞 Clg Here 📞 Stop Sucking 📞 LUL
8-2 > 9-9 fucking NA CHOKE LUL
Guys will CS:GO run on my Ti-84? Kappa
will CSGO run on my mx440 Kappa
@PRESlDENT__DONALD__TRUMP Screw those haters and losers LUL
5 Hour Energy more like 5 hour CHOKE LUL
📞 HELLO LAUNDERS 📞 GABEN HERE 📞 LAST MAJOR 📞 MingLee
📞 Hello @presldent__donald__trump 📞 Clg Here 📞 Were Cheating 📞 KappaRoss
rickeh throwing for his former team LUL
one more and i'm out, it's so annoying! LUL
nifty and naf is 100% na player LUL
Almost less than 10 hp PogChamp
SPAM THE CHAT MY DUDES KappaPride
@ze_donger your mom is a bot idiot :)
📞 Hello Clg 📞 Clg Renegades Here📞 Your Bad Kid 📞 LUL
@Arluem12 wtf who is guishorro LUL
@Insomniuhh your mom plays for gale force :)
any monkayS in chat any monkayS in chat TriHard
one more "xD" and i'm out FailFish
DELAY BRAIN = NA CS Kappa
250 word paper due monday and I'm watching cs lol 4Head
📞 HELLO CLG 📞4Head NRG HERE 📞 SEE YOU AT AIRPORT 4Head
📞 Hello Clg 📞 Renegades Here 📞 Get Good 📞 LUL
@MichaelOfRS good you deserve it :)
💭 'wtf this bibba do' cmonBruh
📞 Hello Clg 📞 Renegades Here 📞 Eat Shit 📞 LUL
HOW IS THAT TEAM HOUSE?! SwiftRage
CLG wins! A trip home 4Head
📞 HELLO CLG 📞 NRG HERE 📞 SEE YOU AT AIRPORT 4Head
25K MAJOR VIEWERS DEAD GAME LUL
who even wears chinos anymore LUL
📞 HELLO CLG 📞 NRG HERE 📞 SEE YOU AT AIRPORT 4Head
500 MAJOR VIEWERS DEAD GAME LUL
📞 HELLO CLG 📞 NRG HERE 📞 SEE YOU AT AIRPORT 4Head
📞 HELLO CLG 📞 NRG HERE 📞 SEE YOU AT AIRPORT 4Head
📞 HELLO CLG 📞 NRG HERE 📞 SEE YOU AT AIRPORT 4Head
📞 HELLO CLG 📞 NRG HERE 📞 SEE YOU AT AIRPORT 4Head
1K MAJOR VIEWERS DEAD GAME LUL
📞 HELLO CLG 📞 NRG HERE 📞 SEE YOU AT AIRPORT 4Head
this is major semifinal idiots not finals FailFish
📞 HELLO CLG 📞 NRG HERE 📞 SEE YOU AT AIRPORT 4Head
📞 HELLO CLG 📞 NRG HERE 📞 SEE YOU AT AIRPORT 4Head
📞 HELLO CLG 📞 NRG HERE 📞 SEE YOU AT AIRPORT 4Head
csgo major only 2 billion viewers dead game LUL
📞 Hello NIFTY 📞 Gaben Here 📞 Your Being Banned 📞 LUL
25K MAJOR FINAL VIEWERS DEAD GAME LUL
:telephone_receiver: HELLO CLG :telephone_receiver: NRG HERE :telephone_receiver: SEE YOU AT AIRPORT 4Head
25K MAJOR VIEWERS DEAD GAME LUL
25K MAJOR FINAL VIEWERS DEAD GAME LUL
:telephone_receiver: HELLO CLG :telephone_receiver: NRG HERE :telephone_receiver: SEE YOU AT AIRPORT 4Head
One awp mid up MID , 3 B LUL
25K MAJOR VIEWERS DEAD GAME LUL
25k on major finale ded game LUL
25K MAJOR VIEWERS DEAD GAME LUL
best player is NA on AU team LUL
This is not a MAJOR FailFish
GUYS ITS MAJOR BUT NOT FINAL Jebaited
CSGO MATCHMAKING ONLY 200 BILLION VIEWERS DEAD GAME LUL
@mikedarkknight you expect americans in the major, so they can lsoe and we can get some good laugh LUL
📞 HELLO CLG 📞 NRG HERE 📞 SEE YOU AT AIRPORT 4Head
Only 25k on a major finale. Ded game LUL
NOT A MAJOR GROUPSTAGE BTW LUL
CSGO MATCHMAKING LuL ONLY RUSSIANS LUL
MY BELLY IS HUGE MY BRAIN HAS DELAY YOU GUESSED IT RIGHT I'M FROM NA. EleGiggle
📞 HELLO CLG 📞 NRG HERE 📞 SEE YOU AT AIRPORT 4Head
MY BELLY IS HUGE MY BRAIN HAS DELAY YOU GUESSED IT RIGHT I'M FROM NA. . EleGiggle
@solipzism & @pudding_thief I am so proud of our boy Laundo, he is doing so well today <3
MY BELLY IS HUGE MY BRAIN HAS DELAY YOU GUESSED IT RIGHT I'M FROM NA. ... EleGiggle
📞 HELLO CLG 📞 NRG HERE 📞 SEE YOU AT AIRPORT 4Head
📞 HELLO CLG 📞 NRG HERE 📞 SEE YOU AT AIRPORT 4Head
📞 HELLO CLG 📞 NRG HERE 📞 SEE YOU AT AIRPORT 4Head
📞 HELLO CLG 📞 NRG HERE 📞 SEE YOU AT AIRPORT 4Head
THANK GOD WE HAVE THAT NA PLAYER BlessRNG
📞 HELLO CLG 📞 NRG HERE 📞 SEE YOU AT AIRPORT 4Head
why not just go b LUL
MY TEETH ARE FUCKED MY BREATH IS SHIT YOU GUSSED IT RIGHT IM FROM EUROPE EleGiggle
📞 HELLO CLG 📞 NRG HERE 📞 SEE YOU AT AIRPORT 4Head
:telephone_receiver: HELLO CLG :telephone_receiver: NRG HERE :telephone_receiver: SEE YOU AT AIRPORT 4Head
📞 HELLO CLG 📞 NRG HERE 📞 SEE YOU AT AIRPORT 4Head
📞 HELLO CLG 📞 NRG HERE 📞 SEE YOU AT AIRPORT 4Head
:telephone_receiver: HELLO CLG :telephone_receiver: NRG HERE :telephone_receiver: SEE YOU AT AIRPORT 4Head
📞 HELLO CLG 📞 NRG HERE 📞 SEE YOU AT AIRPORT 4Head
📞 HELLO CLG 📞 NRG HERE 📞 SEE YOU AT AIRPORT 4Head
clg didnt kick cutler for NAF when they had the chance LUL
CLG IS WORST EVER I SEEN LUL
📞 One taxi for 5 please 4Head
: 📞 HELLO CLG 📞 NRG HERE 📞 SEE YOU AT AIRPORT 4Head
📞 HELLO CLG 📞 NRG HERE 📞 SEE YOU AT AIRPORT 4Head
📞 HELLO CLG 📞 NRG HERE 📞 SEE YOU AT AIRPORT 4Head
:telephone_receiver: HELLO CLG :telephone_receiver: NRG HERE :telephone_receiver: SEE YOU AT AIRPORT 4Head
📞 HELLO CLG 📞 NRG HERE 📞 SEE YOU AT AIRPORT 4Head
📞 Hello Clg 📞 Renegades Here 📞 Stop Sucking The D And The W 📞 LUL
📞 Hello Clg 📞 Renegades Here 📞 Stop Sucking The D And The W 📞 LUL
"counter logic" is an appropriate name 4Head
FNS keeping galil and not giving it to ethan FailFish
📞 HELLO CLG 📞 AIRPORT HERE 📞 PLANE IS READY 4Head
📞 Hello Clg 📞 Renegades Here 📞 Stop Sucking The D And The W 📞 LUL
clg didnt kick cutler for NAF LUL
do it for Kirin J Callinan PogChamp
📞 HELLO CLG 📞 AIRPORT HERE 📞 PLANE IS READY 4Head
📞 HELLO CLG 📞 AIRPORT HERE 📞 PLANE IS READY 4Head
koosta overrated cutler outdated FNS jebaited CLG eliminated Jebaited
📞 HELLO CLG 📞 NRG HERE 📞 SEE YOU AT AIRPORT 4Head
📞 HELLO CLG 📞 AIRPORT HERE 📞 PLANE IS READY 4Head
📞 HELLO CLG 📞 NRG HERE 📞 SEE YOU AT AIRPORT 4Head
📞 Hello Clg 📞 Renegades Here 📞 Stop Sucking The D And The W 📞 LUL
📞 HELLO CLG 📞 NRG HERE 📞 SEE YOU AT AIRPORT 4Head
📞 Hello Clg 📞 Renegades Here 📞 GG Noobs 📞 LUL
📞 HELLO CLG 📞 NRG HERE 📞 SEE YOU AT AIRPORT 4Head
: 📞 HELLO CLG 📞 AIRPORT HERE 📞 PLANE IS READY 4Head
poor ethan and rickeh having to put up with those spuds LUL
📞 HELLO CLG 📞 AIRPORT HERE 📞 PLANE IS READY 4Head
FNS can do his podcast now LUL
📞 Hello Clg 📞 Renegades Here 📞 Stop Sucking The D And The W 📞 LUL
📞 HELLO CLG 📞 TAXI HERE 📞 I'M WAITING OUTSIDE 4Head
📞 HELLO CLG 📞 NRG HERE 📞 SEE YOU AT AIRPORT 4Head
CLG would have won if RNG wasn't hungover LUL
📞 HELLO CLG 📞 AIRPORT HERE 📞 PLANE IS READY 4Head
HELLO FNS 📞 KNGV HERE 📞 QUE OTA? 📞 4Head
WHY NA STILL PLAYING CS? GO BACK TO COD LUL
:telephone_receiver: HELLO CLG :telephone_receiver: NRG HERE :telephone_receiver: SEE YOU AT AIRPORT 4Head
nifty be like "too close bruh" cmonBruh
📞 Hello Clg 📞 Renegades Here 📞 Your Plane It Waiting For You 📞 LUL
HELLO FNS 📞 KNGV HERE 📞 QUE OTA? 📞 4Head
DONT CARE ! MOVE ! GO LDLC SwiftRage
Nifty actually doing a good interview PogChamp
📞 HELLO CLG 📞 NRG HERE 📞 SEE YOU AT AIRPORT 4Head
nifty's position is kinda pala related :D
📞 HELLO CLG 📞 AIRPORT HERE 📞 PLANE IS READY 4Head
HELLO FNS 📞 KNGV HERE 📞 QUE OTA? 📞 4Head
HELLO FNS 📞 KNGV HERE 📞 QUE OTA? 📞 4Head
MY BELLY IS HUGE MY BRAIN HAS DELAY YOU GUESSED IT RIGHT I'M FROM NA EleGiggle
📞 Hello Clg 📞 Renegades Here 📞 Meet You At The Airport GG Noobs 📞 LUL
what a BIG semi final that will be 4Head
nifty bench press 110000 kg LUL
, HELLO FNS 📞 KNGV HERE 📞 QUE OTA? 📞 4Head
YOU COULD DO BETTER STUNNA LUL
📞 Hello Clg 📞 Renegades Here 📞 Suck Our Skills 📞 LUL
FaZe feels threatened, the meme masters have been keeping a close eye Kappa
📞 Hello Clg 📞 Renegades Here 📞 Go Back To PubG 📞 LUL
📞 HELLO CLG 📞 AIRPORT HERE 📞 PLANE IS READY 4Head
📞 Hello Clg 📞 Renegades Here 📞 Stop Sucking The D And The W 📞 LUL
@Cody1000k <--- u taking my bait SabaPing
📞 HELLO CLG 📞 AIRPORT HERE 📞 PLANE IS READY 4Head
everyone said CLG what are you talking about LUL
📞 HELLO CLG 📞 AIRPORT HERE 📞 PLANE IS READY 4Head
@Lord_Baller Gamble free coins because you can't buy them 4Head
WOW that seems really interesting (sponsored comment) PogChamp
NOW i can PLAY outside while its raining PogChamp
📞 Hello 📞 Mr.Destructoid Here 📞 My Keyboard 📞 MrDestructoid
good night chat, have a good night <3
is anyone watching from europe? its 4am here :D
A monitor playing csgo alone LUL
How 2 drop cases mates ? LUL
when a major has 16k viewers FailFish
I don’t like when tournament in usa TearGlove
Love Dogs Love Cats team Jebaited
@grizzlies what do u mean hes not playing anymore, is he dead??? WutFace
📞 Hello Youtube 📞 Twitch Here 📞 Your Money Now Belongs To Us 📞 imGlitch
@BeeDaJeenyus i always use ad blocker :D
aiite thanks to who ever told me to reload page :D
What type of subway was that? WutFace
ya vraiment 0 fr sur le chat ? Kappa
@zboubdelephant il ont tous 10 piges , donc non il dorme Kappa
niko didn't like him so he got benched 4Head
LDLC wins ill give away a kara safari mesh :D
📞 Hello Chat 📞 CDLC Here 📞 Were Going To Kick A** 📞 Kappa
@KnightsWind renegades and clg just played cmonBruh
have to root for ex6tenz because hes all the french scene has Keepo
📞 HELLO CLG 📞 AIRPORT HERE 📞 PLANE IS READY 4Head
not dust 2 noob pro teams LUL
KQLY GOT BANNED FOR THIS ? DansGame
ldlc fans go slep pls FutureMan
Dust doesn't like Nuke, if you are like him you don't like Nuke either Kappa
📞 Hello Chat 📞 CDLC Here 📞 Were Going To Kick A** 📞 Kappa
Cail to Colorado is so far LUL
comment j'aimerais les LDLC mettent 2/0 pour fermer des bouche ;)
📞 Hello Twitch Chat 📞 LDLC Here 📞 Were Going To Kick A** 📞 Kappa
THEY ARE HIGH AF LETS GO KappaPride
NUKE+ BLU NUKE+ BLU NUKE+ BLU NUKE+ BLU NotLikeThis
mouz didnt loose against forcebuy PogChamp
720p for major stream gg dead game LUL
CEUNTER STRAKE IN 2 K 17 LUL
Mark my D, LDLC will win this 16-3 Kappa
19K AT A MAJOR FINAL LUL
18 million in the arena PogChamp
THAT CLUTCH OF HELL HOLY SHIT PogChamp
LDLC picking a map they already lost on LUL
250 word paper due monday and I'm watching cs lol 4Head
I heard Ex6TeNz was a good IGL? LUL
Launders way funnier this event LUL
DIESER CHAT IST JETZT DEUTSCH DatSheffy
das furer would be proud Kappa
why can these people in chat not spell Dutch Kappa
@zudeno so he doesnt get heard youre clearly smarter than pro players LUL
250 word paper due monday and I'm watching cs lol 4Head
2k viewers for this CoD major LUL
20k VIEWERS IN DOTA3 MAJOR DEAD GAME LUL
LDLC choosing a map they can' play LUL
They saved cuz Alex is stupid and went solo with the bomb FailFish
LDLC securing A site when they dont even have bomb FailFish
Rushline turn on your monitor Kappa
@dille1488 and u are with us Jebaited
Don't talk in chat unless you're high ranked player in MM (gold nova 2 or higher) FailFish
gold nova 2 = high rank LUL
@xiTuner getting b8'd by an old meme LUL
pq os gringa zoa nois? :D
Please Don't talk in chat unless you're high ranked player in MM (gold nova 2 or higher) FailFish
@420FC IM S4 MOUZ IS HACKER BabyRage
Looks like me playing MM LUL
@stancedexodus, i'm gn3 so i know they are not hacking Keepo
no wonder chrisj is playing well LUL
"fully legal" >still federally illegal Jebaited
NRG LOST 2-0 TO THIS LUL
LDLC is waiting for the clean sweep CT side FailFish
ONE MORE "OwO" AND IM LEAVING Kappa
I FUCKING GOT A 3 MIN AD JUST BECAUSE I DIDNT ENTER EARLOR, THX TWITCH 4Head
These tactical pauses from LDLC ResidentSleeper
Ldlc not french team NA education LUL
DEE SEE DEE SEE DEE SEE BEST NOOBS IN TOWN LUL
Dabbing oneself out of existence in 2017 LUL
MAC 10. SEIZED ISNT IN MOUZ LUL
EX6TENZ OUTDATED MANIAC OVERRATED DEVIL JEBAITED LDLC ELIMINATED Jebaited
JebaitedJebaited EX6TENZ OUTDATED MANIAC OVERRATED DEVIL JEBAITED LDLC ELIMINATED Jebaited
should be banned because it is racist TriHard
LDLC doing the same shit over and over expecting different results EleGiggle
WARNING ⚠: The emote “ “ will be removed after 10 more uses due to connections to racism. Please do not spam in the chat . TriHard
WARNING ⚠: The emote “ “ will be removed after 10 more uses due to connections to racism. Please do not spam in the chat. TriHard
comes e bebes is rio PogChamp
should be banned because it is racist TriHard
WARNING ⚠: The emote “ “ will be removed after 10 more uses due to connections to racism. Please do not spam in the chat. TriHard
WARNING ⚠: The emote “ “ will be removed after 10 more uses due to connections to racism. Please do not spam in the chat , TriHard
its okay guys, CT sided Kappa
WARNING ⚠: The emote “ “ will be removed after 10 more uses due to connections to racism. Please do not spam in the chat. TriHard
11 12 13 14 15 PogChamp
monkaS monkaSChannel: monkasenBetterTTV Channel Emotes :point_right: TriHard
x6 deag but teammates have 1200? LUL
WARNING ⚠: The emote “ “ will be removed after 10 more uses due to connections to racism. Please do not spam in the chat. TriHard
WARNING ⚠: The emote “ “ will be removed after 10 more uses due to connections to racism. Please do not spam in the chat. . TriHard
WARNING ⚠: The emote “ “ will be removed after 10 more uses due to connections to racism. Please do not spam in the chat, TriHard
PUTIN MAIS C EST QUOI CA FailFish
WARNING ⚠: The emote “ “ will be removed after 10 more uses due to connections to racism. Please do not spam in the chat' TriHard
WARNING ⚠: The emote “ “ will be removed after 10 more uses due to connections to racism. Please do not spam in the chat. . TriHard
"PUSH THE SMOKE" GOOD CALL LUL
WARNING ⚠: The emote “ “ will be removed after 10 more uses due to connections to racism. Please do not spam in the chat TriHard
Never seen Devil play a LAN without at least 1 tk LUL
WARNING ⚠: The emote “ “ will be removed after 10 more uses due to connections to racism. Please do not spam in the chat. TriHard
WARNING ⚠: The emote “ “ will be removed after 10 more uses due to connections to racism. Please do not spam in the chat, TriHard
WARNING ⚠: The emote “ “ will be removed after 10 more uses due to connections to racism. Please do not spam in the chat. . TriHard
Lemme push through smoke without even flashing must be LDLC BrokeBack
WARNING ⚠: The emote “ “ will be removed after 10 more uses due to connections to racism. Please do not spam in the chat. TriHard
WARNING ⚠: The emote “ “ will be removed after 10 more uses due to connections to haHAA. Please do not spam in the chat. . LUL
DreamHack : We’re behind schedule! LDLC : Say no more. Hold my beer LUL
chrisj literally rush a strat LUL
LDLC picked this map because they just want to go home 4Head
Its such a shame that an emote with a black persons face cant be used responsibly by twitch chat too many racist kids who dont understand the consequences of their actions :(
frenchies better at real combat LUL
CHAT COPIES ANYTHING BETWEEN EMOTES 4Head
1v4 1 hp clutch inc Kappa
ldlc is such a garbage team LUL
what happened to ropz face :(
bon bah c'etait une bonne game ça Kappa
ChrisJ default galil thats the secret PogChamp
losing 16 -4 against mouz on this map yesterday, picks it again LUL
MOUZ > LDLC > NA LUL
WARNING ⚠: The emote “ “ will be removed after 10 more uses due to connections to haHAA. Please do not spam in the chat. . LUL
highlight from nova 2 mm LUL
just a little bit closer Jebaited
Nice major... better than pgl atleast LUL
@Salty_2k17 We all know no one is waiting on you LUL
ok guys my right hand is the only thing waiting :(
shroud: "I've baited enough kids to my stream. Thanks Mr. Gaben. Good luck with your dead game" LUL
17k viewers on a CS MAJOR ? cs is dead game LUL
DreamHack : We’re behind schedule! LDLC : Say no more, fam. We gotchu LUL
some people are saying it's not a major. like c9 plays minor tournaments LUL
major final only 18 k viewers this game is so dead LUL
WARNING ⚠: The emote “ “ will be removed after 10 more uses due to connections to haHAA. Please do not spam in the chat. . LUL
grand final only 18k viewers LUL
MAJOR FINAL 19 K VIEWERS THIS GAME IS DEAD LUL
18K VIEWERS IN MAJOR FINAL LUL
overwatch is a more alive game LUL
mouz guns looks like GN MM 4Head
18K VIEWERS MAJOR FINAL CS IS DEAD LUL
Lmao LDLC make major final just to do this LUL
📞 HELLO LDLC 📞 AIRPORT HERE 📞 YOUR PLANE IS READY 4Head
haha LDLC bettor be like LDLC plzz BlessRNG
haha LDLC bettor be like LDLC plzz haha LDLC bettor be like LDLC plzz BlessRNG
MAJOR VEIWERS DEAD GAME AM I FUNNY YET GUIZ? LUL
@pocarela yeah lol, i like getting Jebaited
18K VIEWERS MAJOR FINAL CS IS DEAD LUL
Ldlc sucks SO DAMN BAD LUL
MisterMonopoli: Stop they're already dead BibleThump
MAJOR VEIWERS DEAD GAME AM I FUNNY YET GUIZ? LUL
This looks like a real game, thank good its just the warmup LUL
ME ORC ME SPAM NO MOD NO BAN SMOrc
LDLC WAS THE EU QUALIFIER 4Head
ME ORC ME SPAM NO MOD NO BAN SMOrc
betting on the wrong team LUL
LDLC vs NA Ezpz vs EU Oshitt LUL
ME ORC ME SPAM NO MOD NO BAN SMOrc
haha LDLC bettor be like LDLC plzz BlessRNG
@loafxd MAJOR VEIWERS DEAD GAME LUL
ME ORC ME SPAM NO MOD NO BAN SMOrc
ME ORC ME SPAM NO MOD NO BAN ! SMOrc
ME ORC ME SPAM NO MOD NO BAN SMOrc
ME ORC ME SPAM NO MOD NO BAN . SMOrc
@coleridge49 18K VIEWERS MAJOR FINAL CS IS DEAD LUL
1 v 3 ? sap caster LUL
haha LDLC bettor be like LDLC plzz haha LDLC bettor be like LDLC plzz BlessRNG
Lul D Lul C haha LUL
@loafxd MAJOR VEIWERS DEAD GAME AM I FUNNY YET GUIZ? LUL
ME ORC ME SPAM NO MOD NO BAN SMOrc
ME ORC ME SPAM NO MOD NO BAN SMOrc
haha LDLC bettor be like LDLC plzz BlessRNG
haha LDLC bettor be like LDLC plzz haha LDLC bettor be like LDLC plzz BlessRNG
ME ORC ME SPAM NO MOD NO BAN SMOrc
ME ORC ME SPAM NO MOD NO BAN SMOrc
ME ORC ME SPAM NO MOD NO BAN SMOrc
ME ORC ME SPAM NO MOD NO BAN SMOrc
haha LDLC bettor be like LDLC plzz BlessRNG
i want 7-1 but i want 16-0 NotLikeThis
ME ORC ME SPAM NO MOD NO BAN SMOrc
ME ORC ME SPAM NO MOD NO BAN SMOrc
haha LDLC bettor be like LDLC plzz haha LDLC bettor be like LDLC plzz BlessRNG
guess we know what LDLC is offline LUL
20k viewers for a cs:go major what the actual? I remember when a simple qualifier would net 120k viewers. Pity. FailFish
LDLC has pub strats go A or go B only call 4Head
haha LDLC bettor be like LDLC plzz haha LDLC bettor be like LDLC plzz BlessRNG
nice LDLC you won 1 single round yeaaa LUL
LDLC thx for perfect Bra71L setup Kreygasm
haha LDLC bettor be like LDLC plzz haha LDLC bettor be like LDLC plzz BlessRNG
haha LDLC bettor be like LDLC plzz BlessRNG
HEY EU NICE MAJOR 20 VIEWERS 4Head
haha LDLC bettor be like LDLC plzz haha LDLC bettor be like LDLC plzz BlessRNG
haha LDLC bettor be like LDLC plzz BlessRNG
haha LDLC bettor be like LDLC plzz haha LDLC bettor be like LDLC plzz BlessRNG
ME ORC ME SPAM NO MOD NO BAN SMOrc
this is a fair match Kappa
i have 500$ on LDLC :(
1 pushed, with bomb... and one ran away to save... nice teamplay FailFish
@shadowscheme3 They lost their own pick but won 2-1. AU CS LUL
haha LDLC bettor be like LDLC plzz BlessRNG
it has to be embarrassing to be this bad LDLC LUL
REMEMBER WHEN PEOPLE WANTED TO1NOU TO BE PART OF THE FRENCH SUPERTEAM LUL
MOUZ VS CLOUD9 CLOUD9 WIN PogChamp
mouzsports coach is like I'm ready to go home Kappa
@foziegod WHAT A ENGLISGES IN A CHAT PogChamp
haha LDLC bettor be like LDLC plzz BlessRNG
Beta dreamhack with beta teams and beta hosts beta casters LUL
@Powah999 Titan were best in the world at one point. How long you been around? LUL
ldlc still better than NA team LUL
D C without online cheats LUL
ldlc hack online for sure LUL
ldlc took 3 rounds already this series PogChamp
0 - 0 - 12 PogChamp
its bit harder without cheats yep baguettes? LUL
MOUZ > LDLC > NA LUL
@Grimzzz mouz really isn't playing that good...LDLC just has no talent except with online connection benefits LUL
@foziegod Get better England first then you can talk LUL
0 IQ 0 IQ 0 IQ 0 IQ 0 IQ 0 IQ LUL
1 - 1 - 13 PogChamp
those moe fails need to be spammed Kappa
there is bad and then there is Pathetic LUL
ONLY 20K DEAD GAME CSGO LUL
MY NAME IS DEVIL I AM A BAITER, SEE YOU ON THE SITE A LITTLE LATER CoolStoryBob
MOUZ > LDLC > NA LUL
its not me, its my connection because its an even match LUL
20K DEAD GAME CS DIE LUL
take a timeout to figure out to rush b LUL
OoOoH pApA cHrIsJ nOsCoPe Me So HaRd PogChamp
there is being unlucky and just being terrible at offline matches LUL
haha LDLC bettor be like LDLC plzz haha LDLC bettor be like LDLC plzz BlessRNG
haha LDLC bettor be like LDLC plzz BlessRNG
Hi LDLC your flight leaves in 20min hurry up HeyGuys
pls still invite ldlc to big lans instead rly good teams LUL
its ct sided and ldlc will comeback now Kappa
no this is CT Sided Kappa
ROPZ GOD NEW SCREAM GOD HYPE BEST SMURF IN THE WORLD <3
I was on a different tab but 14-1 14-1 14-1 14-1 14-1 LUL
16-2 1st game, 16-2 2nd game :(
I'm just happy to see LDLC at lan, hope they keep improving :)
14 - 16 coming, ohh its not a chinesse mafia tournament 4Head
2 more rounds, nice fix LUL
ji ji has been called DendiFace
Up up down down left right left right B A select start Kappa
WARNING ⚠: The emote “ “ will be removed after 10 more uses due to connections to haHAA. Please do not spam in the chat. . LUL
Live is a sponsor guys DarkMode
how can I donate to this channel? Kappa
WARNING ⚠: The emote “ “ will be removed after 10 more uses due to connections to haHAA. Please do not spam in the chat. LUL
14 - 16 coming, ohh its not a chinessw mafia tournament LUL
what are you doing maniac... FailFish
5:22 am now here in germany :D
My name is Oskar I'm a big baiter I'll see you on the bombsite A little bit later Jebaited
portugal is a region in spain right? 4Head
pro games should have take control like you can on bots 4Head
pressure is on you will be kicked Kappa
NO CHINESSE TOURNAMENT = NO MAFIA 4Head
Ropz should find a ropez Kappa
that was without ropz though 4Head
is that the real c9 flux @C9FluX PogChamp
@C9FluX and I'm afraid you're a nobody with 0 followers on twitch LUL
when people look at twitch followers LUL
I don't understand, I'm not intelligent enough BibleThump
