SPAM THIS NOODLE TO HELP SKADOODLE pastaThat
HELLO EU? 📞 NA HERE 📞 TIME TO GO 4Head
SPAM THIS NOODLE TO HELP SKADOODLE pastaThat
SPAM THIS NOODLE TO HELP SKADOODLE pastaThat
SPAM THIS NOODLE TO HELP SKADOODLE pastaThat
4Head4Headspam this spam that thats right its twitch chat 4Head
spam this spam that thats right its twitch chat 4Head
Your all’s music is shit about as bad as commentary Kappa
2 PIZZA ROLES IN A ROW PogChamp
SPAM THIS NOODLE TO HELP SKADOODLE pastaThat
SPAM THIS NOODLE TO HELP SKADOODLE pastaThat
SPAM THIS NOODLE TO HELP SKADOODLE pastaThat
spam this spam that thats right its twitch chat d 4Head
📞 HELLO NA? 📞 EU HERE 📞 TIME TO GO HOME 📞 4Head
My Belly is larger My brain has delay You guessed it right I'm from NA 4Head
SPAM THIS NOODLE TO HELP SKADOODLE lolol pastaThat
SPAM THIS NOODLE TO HELP SKADOODLE pastaThat
SPAM THIS NOODLE TO HELP SKADOODLE pastaThat
SPAM THIS NOODLE TO HELP SKADOODLE pastaThat
SPAM THIS NOODLE TO HELP SKADOODLE lolol pastaThat
Spam This Noodle to help Skadoodle pastaThat
SPAM THIS NOODLE TO HELP SKADOODLE lolol ska pastaThat
SPAM THIS NOODLE TO HELP SKADOODLE pastaThat
📞 HELLO NA? 📞 EU HERE 📞 TIME TO GO HOME 📞 4Head
SPAM THIS WEEB TO HELP KEEV TehePelo
KAPPA OUTDATED POGCHAMP OVERRATED LONG HAVE WE WAITED NOW WE JEBAITED Jebaited
Spam This Noodle to help Skadoodle pastaThat
SPAM THIS WEEB TO HELP KEEV TehePelo
SMELLS LIKE POO TEETH ARE YELLOW THATS RIGHT IM AN EU FELLOW LUL
SPAM THIS WEEB TO HELP KEEV TehePelo
my teeth are yellow sometimes blue you guessed it righjt im from EU 4Head
SPAM THIS NOODLE TO HELP SKADOODLE pastaThat
EU time 100K vieuwers NA time 55k vieuwers LUL
SPAM THIS WEEB TO HELP KEEV TehePelo
Spam This Noodle to help Skadoodle pastaThat
SPAM THIS NOODLE TO HELP SKADOODLE pastaThat
SPAM THIS NOODLE TO HELP SKADOODLE pastaThat
SPAM THIS NOODLE TO HELP SKADOODLE pastaThat
SPAM THIS NOODLE TO HELP SKADOODLE pastaThat
SPAM THIS NOODLE TO HELP SKADOODLE pastaThat
SPAM THIS NOODLE TO HELP SKADOODLE pastaThat
SPAM THIS NOODLE TO HELP SKADOODLE pastaThat
SPAM THIS NOODLE TO HELP SKADOODLE pastaThat
SPAM THIS NOODLE TO HELP SKADOODLE pastaThat
SPAM THIS NOODLE TO HELP SKADOODLE pastaThat
SPAM THIS NOODLE TO HELP SKADOODLE pastaThat
SPAM THIS NOODLE TO HELP pastaThatpastaThat SKADOODLE pastaThat
SPAM THIS NOODLE TO HELP SKADOODLE pastaThat
SPAM THIS NOODLE TO HELP SKADOODLE lolol pastaThat
55K VIEWERS AT A CSGO MAJOR CSGO IS DEAD LUL
SPAM THIS NOODLE TO HELP SKADOODLE pastaThatž pastaThat
SPAM THIS NOODLE TO HELP SKADOODLE pastaThat
Kyrgson: SPAM THIS NOODLE TO HELP SKADOODLE lolol pastaThat
SPAM THIS NOODLE TO HELP SKADOODLE lo pastaThat
SPAM THIS NOODLE TO HELP SKADOODLE pastaThat
SPAM THIS NOODLE TO HELP SKADOODLE pastaThat
SPAM THIS NOODLE TO HELP SKADOODLE pastaThat
ITS 2.30 AM IN EU OF COURSE ONLY 55K LUL
SPAM THIS NOODLE TO HELP SKADOODLE pastaThat
📞 HELLO NA? 📞 EU HERE 📞 TIME TO GO HOME 📞 4Head
SPAM THIS NOODLE TO HELP SKADOODLE pastaThat
SPAM THIS NOODLE TO HELP SKADOODLE pastaThat
SPAM THIS NOODLE TO HELP SKADOODLE pastaThat
SPAM THIS NOODLE TO HELP SKADOODLE pastaThat
SPAM THIS NOODLE TO HELP SKADOODLE pastaThat
SPAM THIS NOODLE TO HELP SKADOODLE pastaThat
SPAM THIS NOODLE TO HELP SKADOODLE lolol pastaThat
SPAM THIS NOODLE TO HELP SKADOODLE pastaThat
my teeth are yellow sometimes blue you guessed it righjt im from EU 4Head
📞 HELLO NA? 📞 EU HERE 📞 TIME TO GO HOME 📞 4Head
SPAM THIS NOODLE TO HELP SKADOODLE pastaThat
SPAM THIS NOODLE TO HELP SKADOODLE pastaThat
EU In 2017 EU In 2017 EU In 2017 EU In 2017 EU In 2017 LUL
SPAM THIS NOODLE TO HELP SKADOODLE pastaThat
SPAM THIS NOODLE TO HELP SKADOODLE pastaThat
SPAM THIS NOODLE TO HELP SKADOODLE pastaThat
SPAM THIS NOODLE TO HELP SKADOODLE pastaThat
SPAM THIS NOODLE TO HELP SKADOODLE pastaThat
SPAM THIS NOODLE TO HELP SKADOODLE pastaThat
SPAM This Basket to help cloud9 lose this map panicBasket
1EU In 2017 EU In 2017 EU In 2017 EU In 2017 EU In 2017 LUL
SPAM THIS NOODLE TO HELP SKADOODLE pastaThat
KAPPA OUTDATED POGCHAMP OVERRATED LONG HAVE WE WAITED NOW WE JEBAITED Jebaited
SPAM THIS NOODLE TO HELP SKADOODLE pastaThat
SPAM THIS NOODLE TO HELP SKADOODLE pastaThat
NA Wins this $100,000 total prize pool Major Kreygasm
SPAM THIS NOODLE TO HELP SKADOODLE ! pastaThat
SPAM THIS NOODLE TO HELP SKADOODLE pastaThat
SPAM THIS NOODLE TO HELP SKADOODLE lol pastaThat
SPAM THIS NOODLE TO HELP SKADOODLE pastaThat
my teeth are yellow sometimes blue you guessed it righjt im from EU 4Head
SENDE DIESE KATZEN FÜR 30 FRAGS VON TABSEN CoolCat
SPAM THIS NOODLE TO HELP SKADOODLE pastaThat
60k viewers in a major final dead game LUL
same copy pastas as always ResidentSleeper
SPAM THIS NOODLE TO HELP SKADOODLE pastaThat
SPAM THIS NOODLE TO HELP pastaThatpastaThat SKADOODLE pastaThat
EU In 2017 EU In 2017 EU In 2017 EU In 2017 EU In 2017 LUL
SPAM THIS NOODLE TO HELP SKADOODLE pastaThat
SPAM THIS NOODLE TO HELP SKADOODLE pastaThat
SPAM THIS NOODLE TO HELP SKADOODLE pastaThat
SPAM THIS NOODLE TO HELP SKADOODLE pastaThat
SPAM THIS NOODLE TO HELP SKADOODLE pastaThat
1EU In 2017 EU In 2017 EU In 2017 EU In 2017 EU In 2017 LUL
SPAM THIS NOODLE TO HELP SKADOODLE pastaThat
📞 HELLO NA? 📞 EU HERE 📞 TIME TO GO HOME 📞 4Head
SPAM THIS NOODLE TO HELP SKADOODLE pastaThat
SPAM THIS NOODLE TO HELP SKADOODLE pastaThat
SPAM THIS NOODLE TO HELP SKADOODLE lol pastaThat
SPAM THIS NOODLE TO HELP SKADOODLE pastaThat
SPAM THIS NOODLE TO HELP SKADOODLE pastaThat
SPAM THIS NOODLE TO HELP SKADOODLE pastaThat
SPAM THIS NOODLE TO HELP SKADOODLE pastaThat
EU In 2017 EU In 2017 EU In 2017 EU In 2017 EU In 2017 LUL
SPAM THIS NOODLE TO HELP SKADOODLE pastaThat
SPAM THIS NOODLE TO HELP SKADOODLE pastaThat
FINAL MAJOR NO SERCURITY ON PCS HAX.INSTALLED -60K VIEWERS CSGO IS ALREADY DEAD LUL
Spam This Noodle to help Skadoodle pastaThat
SPAM THIS NOODLE TO HELP SKADOODLE pastaThat
EU In 2017 EU In 2017 EU In 2017 EU In 2017 EU In 2017 LUL
SPAM THIS NOODLE TO HELP SKADOODLE pastaThat
FINAL MAJOR NO SERCURITY ON PCS HAX.INSTALLED -60K VIE­WERS CSGO IS ALREADY DEAD LUL
: SPAM THIS NOODLE TO HELP SKADOODLE pastaThat
SPAM THIS NOODLE TO HELP SKADOODLE pastaThat
EU time 100K vieuwers NA time 55k vieuwers LUL
SPAM THIS NOODLE TO HELP SKADOODLE pastaThat
SPAM THIS NOODLE TO HELP SKADOODLE x pastaThat
SPAM THIS NOODLE TO HELP pastaThatpastaThat SKADOODLE pastaThat
SPAM THIS MUSH TO HELP RUSH BrainSlug
@liamlama SPAM THIS NOODLE TO HELP SKADOODLE pastaThat
SPAM THIS NOODLE TO HELP pastaThatpastaThat SKADOODLE pastaThat
NA REMEMBER C9 VS FAZE LUL
SPAM THIS NOODLE TO HELP SKADOODLE pastaThat
SPAM This Basket to help cloud9 lose this map panicBasket
SPAM THIS MUSH TO HELP RUSH BrainSlug
SPAM THIS NOODLE TO HELP SKADOODLE pastaThat
SPAM THIS MUSH TO HELP RUSH BrainSlug
SPAM THIS TRIHARD TO HELP MY COLLEGE FUND TriHard
2 viewers for a major final, dead game EleGiggle
SPAM THIS NOODLE TO HELP SKADOODLE pastaThat
SPAM THIS NOODLE TO HELP SKADOODLE pastaThat
EU TEAMS PLAYING ACTUAL TIER 1 TOURNAMENT TOMORROW NA FANS LUL
SPAM THIS TEAR TO GET EU OUTTA HERE BibleThump
SPAM THIS NOODLE TO HELP SKADOODLE pastaThat
SPAM THIS NOODLE TO HELP SKADOODLE pastaThat
SPAM THIS NOODLE TO HELP SKADOODLE pastaThat
SPAM THIS MUSH TO HELP RUSH BrainSlug
BIG TIER 5 TEAM NA IS A JOKE BIG TIER 5 TEAM NA IS A JOKE LUL
SPAM THIS NOODLE TO HELP SKADOODLE pastaThat
SPAM THIS WEEB TO HELP KEEV TehePelo
SPAM THIS NOODLE TO HELP SKADOODLE pastaThat
LULQUID TO GET TRASHED BY VEGA SQUADRON TOMORROW LUL
my teeth are yellow sometimes blue you guessed it righjt im from EU 4Head
SPAM THIS NOODLE TO HELP SKADOODLE pastaThat
SPAM THIS NOODLE TO HELP SKADOODLE . pastaThat
SPAM THIS NOODLE TO HELP SKADOODLE pastaThat
SPAM THIS NOODLE TO HELP SKADOODLE pastaThat
P250 NO ARMOR SAVE EU LUL
SPAM THIS NOODLE TO HELP SKADOODLE pastaThat
SPAM THIS NOODLE TO HELP SKADOODLE pastaThat
BIG TIER 5 TEAM NA IS A JOKE LUL
SPAM THIS NOODLE TO HELP pastaThatpasta That SKADOODLE pastaThat
SPAM THIS NOODLE TO HELP SKADOODLE pastaThat
SPAM THIS MUSH TO HELP RUSH BrainSlug
SPAM THIS NOODLE TO HELP SKADOODLE pastaThat
SPAM THIS NOODLE TO HELP SKADOODLE pastaThat
BIG TIER 5 TEAM NA IS A JOKE BIG TIER 5 TEAM NA IS A JOKE LUL
SPAM THIS NOODLE TO HELP SKADOODLE pastaThat
my teeth are yellow sometimes blue you guessed it righjt im from EU 4Head
SENDE DIESE KATZEN FÜR 30 FRAGS VON TABSEN CoolCat
SPAM THIS MUSH TO HELP RUSH BrainSlug
my teeth are yellow sometimes blue you guessed it righjt im from EU // 4Head
FINAL MAJOR NO SERCURITY ON PCS HAX.INSTALLED -60K VIEWERS CSGO IS ALREADY DEAD LUL
SPAM THIS MUSH TO HELP RUSH BrainSlug
SPAM THIS MUSH TO HELP RUSH BrainSlug
my teeth are yellow sometimes blue you guessed it right im from EU 4Head
📞 HELLO NA? 📞 EU HERE 📞 TIME TO GO HOME 📞 4Head
SPAM THIS WEEB TO HELP KEEV TehePelo
Spam This Noodle to help Skadoodle pastaThat
SPAM THIS NOODLE TO HELP SKADOODLE pastaThat
MY TEETH ARE YELLOW IT HURTS TO CHEW, YOU GUEZZSD IT RIGHT IM FROM EU CoolStoryBob
SPAM THIS NOODLE TO HELP SKADOODLE pastaThat
SENDE DIESE KATZEN FÜR 30 FRAGS VON TABSEN CoolCat
my teeth are yellow sometimes blue you guessed it righjt im from EU 4Head
SPAM THIS NOODLE TO HELP SKADOODLE pastaThat
EU In 2017 EU In 2017 EU In 2017 EU In 2017 EU In 2017 LUL
SPAM THIS NOODLE TO HELP SKADOODLE pastaThat
SPAM THIS MUSH TO HELP RUSH BrainSlug
SPAM THIS NOODLE TO HELP SKADOODLE pastaThat
my teeth are yellow sometimes blue you guessed it righjt im from EU / 4Head
SPAM THIS MUSH TO HELP RUSH BrainSlug
my teeth are yellow sometimes blue you guessed it righjt im from EU 4Head
SPAM THIS NOODLE TO HELP SKADOODLE pastaThat
FINAL MAJOR NO SERCURITY ON PCS HAX.INSTALLED 60K VIEWERS CSGO IS ALREADY DEAD LUL
SENDE DIESE KATZEN FÜR 30 FRAGS VON TABSEN CoolCat
SENDE DIESE KATZEN FÜR 30 FRAGS VON TABSEN CoolCat
SPAM THIS NOODLE TO HELP SKADOODLE pastaThat
SPAM THIS NOODLE TO HELP SKADOODLE pastaThat
SPAM THIS NOODLE TO HELP SKADOODLE pastaThat
SPAM THIS MUSH TO HELP RUSH BrainSlug
SENDE DIESE KATZEN FÜR 30 FRAGS VON TABSEN CoolCat
SPAM THIS MUSH TO HELP RUSH BrainSlug
SPAM THIS NOODLE TO HELP SKADOODLE pastaThat
SPAM THIS NOODLE TO HELP pastaThatpasta That SKADOODLE pastaThat
📞 HELLO NA? 📞 EU HERE 📞 MAJORS ? 📞 4Head
SPAM THIS MUSH TO HELP RUSH x BrainSlug
SPAM THIS NOODLE TO HELP SKADOODLE . pastaThat
SPAM THIS NOODLE TO HELP SKADOODLE pastaThat
SPAM THIS MUSH TO HELP RUSH BrainSlug
SPAM THIS NOODLE TO HELP SKADOODLE pastaThat
📞 HELLO NA? 📞 EU HERE 📞 TIME TO GO HOME 📞 4Head
SPAM THIS NOODLE TO HELP SKADOODLE . pastaThat
@crazehsmile I’m latino just want to bait some NA scum LUL
SPAM THIS NOODLE TO HELP SKADOODLE pastaThat
`SPAM THIS MUSH TO HELP RUSH BrainSlug
SPAM THIS NOODLE TO HELP SKADOODLE pastaThat
EU EU EU EU EU EU LUL
SPAM THIS NOODLE TO HELP SKADOODLE pastaThat
SPAM THIS JEW TO HELP STEW CurseLit
FINAL MAJOR NO SERCURITY ON PCS HAX.INSTALLED 6­0K VIEWERS CSGO IS ALREADY DEAD LUL
SPAM THIS MUSH TO HELP RUSH BrainSlug
SPAM THIS NOODLE TO HELP SKADOODLE pastaThat
DAVID YOU SUCK AT CS LUL
SPAM THIS NOODLE TO HELP SKADOODLE pastaThat
SENDE DIESE KATZEN FÜR 30 FRAGS VON TABSEN CoolCat
BEAT EM ONCE IN WW1 BEAT EM TWICE IN WW2 LETS DO IT AGAIN AT DREAMHACK TOO LUL
📞 HELLO NA? 📞 EU HERE 📞 MAJORS ? 📞 4Head
IT"S GG, G TO THE G, GOOD BYE B.I.G LUL
my teeth are yellow sometimes blue you guessed it righjt im from EU 4Head
SPAM THIS NOODLE TO HELP SKADOODLE pastaThat
SPAM THIS NOODLE TO HELP SKADOODLE pastaThat
on 60k views on major LUL
NA WINNING A TIER 2 TOURNEY , THE ONLY THING THEY CAN WIN EleGiggle
SPAM THIS MUSH TO HELP RUSH a BrainSlug
SUCK MY NOODLE TO HELP SKADOODLE pastaThat
SPAM THIS MUSH TO HELP RUSH BrainSlug
📞 STOP CALLING THIS NUMBER 📞 DansGame
SPAM THIS NOODLE TO HELP SKADOODLE pastaThat
HUFF SOME GLUE TO HELP OUT STEW 4Head
SPAM THIS JEW TO HELP STEW CurseLit
this reminds me of WW-II Kappa
SPAM THIS JEW TO HELP STEW CurseLit
SENDE DIESE KATZEN FÜR 30 FRAGS VON TABSEN CoolCat
EU EU EU EU EU EU EU LUL
SPAM THIS NOODLE TO HELP SKADOODLE pastaThat
📞 HELLO NA? 📞 EU HERE 📞 TIME TO GO HOME 📞 4Head
SPAM THIS NOODLE TO HELP SKADOODLE pastaThat
SPAM THIS NOODLE TO HELP SKADOODLE pastaThat
SPAM THIS NOODLE TO HELP SKADOODLE . pastaThat
SPAM THIS WEEB TO HELP KEEV TehePelo
SPAM THIS NOODLE TO HELP SKADOODLE pastaThat
SPAM THIS MUSH TO HELP RUSH BrainSlug
📞 HELLO NA? 📞 EU HERE 📞 MAJORS ? 📞 4Head
BIG? Abuse? No, they would never 4Head
SPAM THIS NOODLE TO HELP SKADOODLE pastaThat
PAM THIS NOODLE TO HELP SKADOODLE pastaThat
SPAM THIS ROBOMATIC TO HELP AUTOMATIC MrDestructoid
SENDE DIESE KATZEN FÜR 30 FRAGS VON TABSEN CoolCat
SPAM THIS JEW TO HELP STEW s CurseLit
SPAM THIS MUSH TO HELP RUSH BrainSlug
SPAM THIS NOODLE TO HELP SKADOODLE pastaThat
WHAT MORE VAN I DO LUL
SPAM THIS NOODLE TO HELP SKADOODLE pastaThat
EU In 2017 EU In 2017 EU In 2017 EU In 2017 EU In 2017 LUL
SPAM THIS TEAR TO GET EU OUTTA HERE BibleThump
Spam A meme to help the team Kappa
hey EU why so quiet? :thinking: hey EU why so quiet? :thinking: hey EU why so quiet? :thinking: . 4Head
my teeth are yellow sometimes blue you guessed it righjt im from EU @virtusplooow 4Head
SPAM THIS TO HELP BIG TriHard
📞 HELLO NA? 📞 EU HERE 📞 MAJORS ? 📞 4Head
SPAM THIS NOODLE TO HELP SKADOODLE pastaThat
SPAM THIS JEW TO HELP STEW CurseLit
SUCK MY NOODLE TO HELP SKADOODLE pastaThat
hey EU why so quiet? :thinking: . 4Head
SPAM THIS MUSH TO HELP RUSH BrainSlug
SPAM THIS NOODLE TO HELP THAT SKADOODLE pastaThat
NUTTS TO BUTTS, ATOMIC BOMBS LUL
too soon my dude c9 has two japanese Kappa
>Happy for winning to a tier 3 EU team LUL
SPAM THIS MONK EE TO HELP GOB B 1 TriHard
SPAM THIS NOODLE TO HELP SKADOODLE . pastaThat
SPAM THIS NOODLE TO HELP SKADOODLE pastaThat
hey EU why so quiet? :thinking: hey EU why so quiet? :thinking: . 4Head
!SUCK MY NOODLE TO HELP SKADOODLE pastaThat
SPAM THIS NOODLE TO HELP SKADOODLE pastaThat
SPAM THIS NOODLE TO HELP SKADOODLE pastaThat
SPAM THIS DORITO TO HELP TARIK DoritosChip
my teeth are yellow sometimes blue you guessed it right im from EU 4Head
SPAM THIS NOODLE TO HELP SKADOODLE pastaThat
SPAM THIS MUSH TO HELP RUSH BrainSlug
SENDE DIESE KATZEN FÜR 30 FRAGS VON TABSEN CoolCat
SPAM THIS JEW TO HELP STEW CurseLit
@nunz1o making quarterfinals major = tier 3 EU? LUL
STFU CHAT 😡 NUKES GAVE US ANIME VoHiYo
SPAM THIS NOODLE TO HELP SKADOODLE pastaThat
SUCK MY NOODLE TO HELP SKADOODLE pastaThat
hey EU why so quiet? :thinking: .. 4Head
📞 HELLO NA? 📞 EU HERE 📞 MAJORS ? 📞 4Head
hey EU why so quiet? :thinking: 4Head
SPAM THIS NOODLE TO HELP SKADOODLE pastaThat
SPAM THIS NOODLE TO HELP SKADOODLE pastaThat
Spam A meme to help the team Kappa
SPAM THIS JEW TO HELP STEW CurseLit
!SUCK MY NOODLE TO HELP SKADOODLE pastaThat
SPAM THIS NOODLE TO HELP SKADOODLE pastaThat
SPAM THIS NOODLE TO HELP SKADOODLE pastaThat
my teeth are yellow i smell like poo you guessed it right im from EU linnerFire7: 📞 HELLO NA? 📞 EU HERE 📞 MAJORS ? 📞 4Head
hey EU why so quiet? :thinking: hey EU why so quiet? :thinking: .. 4Head
Which country is better at a game LUL
SUCK MY NOODLE TO HELP SKADOODLE pastaThat
SPAM THIS JEW TO HELP STEW s CurseLit
SPAM THIS MUSH TO HELP RUSH BrainSlug
📞 HELLO NA? 📞 EU HERE 📞 MAJORS ? 📞 4Head
SPAM THIS NOODLE TO HELP pastaThatpastaThat SKADOODLE pastaThat
SPAM THIS NOODLE TO HELP SKADOODLE pastaThat
SPAM THIS RHYME TO HELP Kapp C9 Kappa
📞 HELLO NA? 📞 EU HERE 📞 MAJORS ? 📞 . 4Head
SPAM THIS NOODLE TO HELP SKADOODLE pastaThat
sOmEThinGgh: SPAM THIS NOODLE TO HELP SKADOODLE pastaThat
SPAM THIS NOODLE TO HELP SKADOODLE . pastaThat
EU In 2017 EU In 2017 EU In 2017 EU In 2017 EU In 2017 LUL
SPAM THIS NOODLE TO HELP SKADOODLE pastaThat
SPAM THIS NOODLE TO HELP SKADOODLE pastaThat\ pastaThat
SPAM THIS NOODLE TO HELP SKADOODLE pastaThat/ pastaThat
hey EU why so quiet? :thinking: hey EU why so quiet? :thinking: ,, 4Head
SPAM THIS NOODLE TO HELP SKADOODLE pastaThat
spam this dad to help skadad BloodTrail
@SUCK MY NOODLE TO HELP SKADOODLE pastaThat
WE ARE C9 WE LIKE TO STREAM WINNING A MAJOR? ONLY A DREAM 4Head
SPAM THIS TO HELP RYAN HIGA TriHard
SPAM THIS NOODLE TO HELP SKADOODLE pastaThat' pastaThat
Spam this if you betted your house Mau5
SPAM THIS NOODLE TO HELP SKADOODLE pastaThat
SPAM THIS NOODLE TO HELP SKADOODLE . pastaThat
FU r9kek SPAM THIS NOODLE TO HELP SKADOODLE pastaThat
SPAM THIS NOODLE TO HELP SKADOODLE pastaThat
200 IQ PLAY BIG PAUSE PogChamp
SUCK MY NOODLE TO HELP SKADOODLE pastaThat
SPAM THIS NOODLE TO HELP SKADOODLE pastaThat
SPAM THIS NOODLE TO HELP SKADOODLE pastaThat
SPAM THIS NOODLE TO HELP SKADOODLE pastaThat
SPAM THIS NOODLE TO HELP SKADOODLE pastaThat
SPAM THIS NOODLE TO HELP SKADOODLE pastaThat
SPAM THIS NOODLE TO HELP SKADOODLE pastaThat
my teeth are yellow sometimes blue you guessed it righjt im from EU 4Head
NA feel so proud beating a tier 2 team. How about major titles NA? EleGiggle
SPAM THIS NOODLE TO HELP SKADOODLE 11 pastaThat
SPAM THIS NOODLE TO HELP SKADOODLE pastaThat
SPAM THIS MASTIYA TO HELP LEGIJA FrankerZ
spam this dad to help skadad lololololol BloodTrail
SPAM THIS NOODLE TO HELP SKADOODLE pastaThat
SPAM THIS NOODLE TO HELP SKADOODLE pastaThat
TIER 1 TEAMS ACTUALLY PLAYING 500k TOURNAMENT TOMORROW. ENJOY UR TIER 4 TRASH LUL
Spam this mouse if you betted your house Mau5
halo stage more hype than us LUL
📞 HELLO NA? 📞 EU HERE 📞 MAJORS ? 📞 4Head
SPAM THIS NOODLE TO HELP SKADOODLE pastaThat
SPAM THIS NOODLE TO HELP SKADOODLE . pastaThat
*FrankerZ SPAM THIS MASTIYA TO HELP LEGIJA FrankerZ
SPAM THIS NOODLE TO HELP SKADOODLE pastaThat
SPAM THIS NOODLE TO HELP SKADOODLE pastaThat
FAKE CROWD 60k VIEWERS DEAD GAME LUL
📞 HELLO NA? 📞 EU HERE 📞 TIME TO GO HOME 📞 4Head
SPAM THIS NOODLE TO HELP SKADOODLE pastaThat
SPAM THIS NOODLE TO HELP SKADOODLE pastaThat
my teeth are yellow sometimes blue you guessed it righjt im from EU @virtusplooow 4Head
SPAM THIS MASTIYA TO HELP LEGIJA FrankerZ
my teeth are yellow sometimes blue you guessed it right im from EU 4Head
valens isn't coaching, c9 wins grandfinals at major tourney LUL
HALO BETTER THAN US HALO BETTER THAN US HALO BETTER THAN US LUL
SPAM THIS NOODLE TO HELP THAT SKADOODLE pastaThat
SPAM THIS NOODLE TO HELP SKADOODLE pastaThat
Spam This THI C C C Guy To Help BIG OpieOP
TIER 1 TEAMS ACTUALLY PLAYING 500k TOURNAMENT TOMORROW. ENJOY UR TIER 4 NA TRASH LUL
SENDE DIESE KATZEN FÜR 30 FRAGS VON TABSEN CoolCat
SPAM THIS NOODLE TO HELP SKADOODLE pastaThat
spam this dad to help skadad xdxdxd BloodTrail
SPAM THIS NOODLE TO HELP SKADOODLE . pastaThat
SPAM THIS NOODLE TO HELP SKADOODLE pastaThat
Spam this mouse if you betted your house Mau5
SPAM THIS MASTIYA TO HELP LEGIJA FrankerZ
@Miami_Bandit NA THIS EU THAT IM A BABY IN TWITCH CHAT BabyRage
📞 HELLO NA? 📞 EU HERE 📞 MAJORS ? 📞 . 4Head
my teeth are yellow sometimes blue you guessed it righjt 1m from EU 4Head
EU In 2017 EU In 2017 EU In 2017 EU In 2017 EU In 2017 LUL
SPAM THIS NOODLE TO HELP SKADOODLE pastaThat
TIER 1 TEAMS PLAYING 500k TOURNAMENT TOMORROW. ENJOY UR TIER 4 TRASH LUL
SPAM THIS MUSH TO HELP RUSH BrainSlug
SPAM THIS NOODLE TO HELP SKADOODLE pastaThat
Stewies Parents: "We told you to become a DOCTOR!!!!!" MingLee
SPAM THIS NOODLE TO HELP SKADOODLE pastaThat
SPAM THIS NOODLE TO HELP SKADOODLE . pastaThat
SPAM THIS MASTIYA TO HELP LEGIJA FrankerZ
Have fun at epicenter C9 Oh wait 4Head
SPAM THIS NOODLE TO HELP SKADOODLE pastaThat
SPAM THIS NOODLE TO HELP SKADOODLE pastaThat
proud NA Crowd winning vs shitty EU team LUL
my teeth are yellow sometimes blue you guessed it right im from EU 4Head
SPAM THIS MASTIYA TO HELP LEGIJA FrankerZ
SPAM THIS NOODLE TO HELP SKADOODLE . pastaThat
when a Halo match is louder than us Dead Game HALO BETTER THAN US LUL
SPAM THIS NOODLE TO HELP SKADOODLE pastaThat
SPAM THIS NOODLE TO HELP SKADOODLE pastaThat
SPAM THIS WEEB TO HELP KEEV VoHiYo
@Miami_Bandit NA THIS EU THAT IM A BABY IN TWITCH CHAT BabyRage
📞 HELLO NA? 📞 EU HERE 📞 MAJORS ? 📞 4Head
SPAM THIS LIMB TO HELP TIM PowerUpR
HALO BETTER THAN US HALO BETTER THAN US HALO BETTER THAN US LUL
my teeth are yellow sometimes blue you guessed it righjt im from EU @virtusplooow 4Head
RIP CSGO PUBG BEST GAME LUL
what happens when the haters dab back? LUL
HAVE FUN AT EPICENTER C9 OH WAIT LUL
SPAM THIS NOODLE TO HELP SKADOODLE pastaThat
\ > dab on the haters TriHard
SPAM THIS NOODLE TO HELP SKADOODLE pastaThat
SPAM THIS NOODLE TO HELP SKADOODLE pastaThat
< / DAB ON DEM H8ERS Kappa
SPAM THIS NOODLE TO HELP SKADOODLE pastaThat
SPAM THIS NOODLE TO HELP SKADOODLE pastaThat
SPAM THIS NOODLE TO HELP SKADOODLE pastaThat
SPAM THIS NOODLE TO HELP SKADOODLE pastaThat
SENDE DIESE KATZEN FÜR 30 FRAGS VON TABSEN CoolCat
\ > dab on the haters TriHard
SPAM THIS NOODLE TO HELP SKADOODLE pastaThat
is gg guys , just look at big team LUL
SPAM THIS NOODLE TO HELP SKADOODLE pastaThat
📞 HELLO NA? 📞 EU HERE 📞 MAJORS ? 📞 4He ad 4Head
SPAM THIS NOODLE TO HELP SKADOODLE pastaThat
EU In 2017 EU In 2017 EU In 2017 EU In 2017 EU In 2017 LUL
SPAM THIS NOODLE TO HELP SKADOODLE pastaThat
📞 HELLO NA? 📞 EU HERE 📞 MAJORS ? 📞 4Head
SPAM THIS NOODLE TO HELP SKADOODLE pastaThat
SPAM THIS NOODLE TO HELP SKADOODLE pastaThat
SPAM THIS NOODLE TO HELP SKADOODLE pastaThat
SPAM THIS NOODLE TO HELP SKADOODLE . pastaThat
csgo has more viewers than pubg PogChamp
SPAM THIS NOODLE TO HELP SKADOODLE pastaThat
SPAM THIS NOODLE TO HELP SKADOODLE pastaThat
SPAM THIS NOODLE TO HELP SKADOODLE pastaThat] pastaThat
SPAM THIS MUSH TO HELP RUSH BrainSlug
SPAM THIS NOODLE TO HELP SKADOODLE pastaThat
spam this dad to help skadad BloodTrail
SPAM THIS STEVE TO HELP KEEV PunchTrees
SPAM THIS NOODLE TO HELP SKADOODLE pastaThat
KEEV Used to be Fit Happened WutFace
SPAM THIS NOODLE TO HELP SKADOODLE pastaThat
SPAM THIS TEAR TO GET EU OUTTA HERE BibleThump
SPAM THIS NOODLE TO HELP SKADOODLE pastaThat
EU CS EU CS EU CS EU CS EU CS ResidentSleeper
JUST BUY A MAJOR LOOOL 4Head
EU In 2017 EU In 2017 EU In 2017 EU In 2017 EU In 2017 LUL
SPAM THIS STEVE TO HELP KEEV PunchTrees
SPAM THIS TEAR TO GET EU OUTTA HERE . BibleThump
ONLY 66K VIEWERS IN CSGO FINAL GAME IS DEAD LUL
Why does he look so unhappy :(
SPAM THIS NOODLE TO HELP SKADOODLE pastaThat
skadaddy will sleep, when u need him to carry wake him up Kreygasm
SPAM THIS NOODLE TO HELP SKADOODLE pastaThat
spam this dad to help skadad BloodTrail
SPAM THIS NOODLE TO HELP SKADOODLE pastaThat
@DarkKlagSon EU CS EU CS EU CS EU CS ResidentSleeper
Go BIG or go HOME PogChamp
SPAM THIS TEAR TO GET EU OUTTA HERE . BibleThump
SPAM THIS NOODLE TO HELP SKADOODLE pastaThat
SPAM THIS NOODLE TO HELP SKADOODLE . pastaThat
SPAM THIS TEAR TO GET EU OUTTA HERE BibleThump
Major Final only 66k viewers, CS IS DEAD BibleThump
SPAM THIS STEVE TO HELP KEEV PunchTrees
SPAM THIS NOODLE TO HELP SKADOODLE pastaThat
my teeth are yellow sometimes blue you guessed it right im from EU 4Head
SPAM THIS TEAR TO GET EU OUTTA HERE . BibleThump
GOB B: T1 NA realy? LUL
SPAM THIS NOODLE TO HELP SKADOODLE pastaThat
SPAM THIS TEAR TO GET EU OUTTA HERE BibleThump
EU CS EU CS EU CS EU CS ResidentSleeper
SPAM THIS STEVE TO HELP KEEV PunchTrees
SPAM THIS TEAR TO GET EU OUTTA HERE BibleThump
Major Final only 66k viewers, CS IS DEAD BibleThump
SPAM THIS NOODLE TO HELP SKADOODLE pastaThat
SPAM THIS TEAR TO GET EU OUTTA HERE . BibleThump
SPAM THIS NOODLE TO HELP SKADOODLE pastaThat
Launders is not even Muslim. He's Indian FailFish
SPAM THIS TEAR TO GET EU OUTTA HERE . BibleThump
SPAM OhMyDogTHIS DOGGO OhMyDogTO OhMyDogHELP OhMyDogCSGO OhMyDog
SPAM THIS NOODLE TO HELP SKADOODLE pastaThat. pastaThat
? SPAM THIS TEAR TO GET EU OUTTA HERE . BibleThump
SPAM THIS STEVE TO HELP KEEV PunchTrees
EU CS EU CS EU CS EU CS EU CS EU CS EU CS ResidentSleeper
SPAM THIS TEAR TO GET EU OUTTA HERE BibleThump
HUFF SOME GLUE TO HELP OUT STEW 4Head
SPAM THIS NOODLE TO HELP SKADOODLE . pastaThat
SPAM THIS DOGGO TO HELP CS GO OhMyDog
EU is so ba... wait let me take a breath EU is s... i need to take another one fk give me another burger OpieOP
SPAM THIS TEAR TO GET EU OUTTA HERE . BibleThump
SPAM THIS NOODLE TO HELP SKADOODLE pastaThat
NA this EU that but just remember... that BR is worst LUL
SPAM THIS STEVE TO HELP KEEV PunchTre PunchTrees
SPAM THIS NOODLE TO HELP SKADOODLE pastaThat
SPAM THIS NOODLE TO HELP SKADOODLE YE pastaThat
SPAM THIS TEAR TO GET EU OUTTA HERE BibleThump
SPAM THIS TEAR TO GET EU OUTTA HERE . 🤔 BibleThump
SPAM THIS NOODLE TO HELP SKADOODLE pastaThat
EU is so ba... wait let me take a breath EU is s... i need to take another one fk give me another burger OpieOP
SPAM THIS STEVE TO HELP KEEV PunchTrees
SPAM THIS STEVE TO HELP KEEV PunchTrees
SPAM THIS TEAR TO GET EU OUTTA HERE . BibleThump
SPAM THIS NOODLE TO HELP SKADOODLE pastaThat
Bark away the tech issue OhMyDog
HAVE FUN AT EPICENTER C9 OH WAIT LUL
EU is so ba... wait let me take a breath EU is s... i need to take another one fk give me another burger OpieOP
SPAM THIS NOODLE TO HELP SKADOODLE YE pastaThat
SPAM THIS NOODLE TO HELP SKADOODLE pastaThat
EU is so ba... wait let me take a breath EU is s... i need to take another one fk give me another burger OpieOP
SPAM THIS NOODLE TO HELP SKADOODLE pastaThat
SPAM THIS NOODLE TO HELP SKADOODLE pastaThat
SPAM THIS TEAR TO GET EU OUTTA HERE BibleThump
SPAM THIS STEVE TO HELP KEEV PunchTre PunchTrees
my teeth are yellow sometimes blue you guessed it righjt im from EU @virtusplooow 4Head
SPAM THIS NOODLE TO HELP SKADOODLE pastaThat. pastaThat
Bark away the tech issue OhMyDog8:43 brdyXD: <message deleted> OhMyDog
SPAM THIS NOODLE TO HELP SKADOODLE pastaThat
SPAM THIS BROKE TO NA CHOKE BrokeBack
SPAM THIS STEVE TO HELP KEEV PunchTrees
SPAM THIS NOODLE TO HELP SKADOODLE pastaThat
SPAM THIS NOODLE TO HELP SKADOODLE pastaThat
EU CS EU CS EU CS EU CS EU CS ResidentSleeper
SPAM THIS MUSH TO HELP RUSH BrainSlug
SPAM THIS WEEB TO HELP KEEV TehePelo
EU PLAYING REAL TOURNEY TOMOROW NOT THIS T2 THING LUL
SPAM THIS NOODLE TO HELP SKADOODLE pastaThat
SPAM THIS TUNA FOR GOOD FORTUNA SabaPing
SPAM THIS MASTIYA TO HELP LEGIJA FrankerZ
SPAM THIS NOODLE TO HELP SKADOODLE pastaThat
SPAM THIS NOODLE TO HELP SKADOODLE pastaThat] pastaThat
EU CS EU CS EU CS EU CS EU CS EU CS ResidentSleeper
SPAM THIS NOODLE TO HELP SKADOODLE pastaThat
SPAM THIS NOODLE TO HELP SKADOODLE pastaThat
SPAM THIS TUNA FOR GOOD FORTUNA SabaPing
SPAM THIS STEVE TO HELP KEEV PunchTrees
SPAM THIS TEAR FOR EU FEAR BibleThump
SPAM THIS MUSH TO HELP RUSH BrainSlug
SPAM THIS NOODLE TO HELP SKADOODLE pastaThat
SPAM THIS NOODLE TO HELP SKADOODLE . pastaThat
📞 HELLO NA? 📞 EU HERE 📞 TIME TO GO HOME 📞 4Head
SPAM THIS MUSH TO HELP RUSH BrainSlug
SPAM THIS BROKE TO NA CHOKE BrokeBack
haha tarik is so funny :p
HAVE FUN AT EPICENTER C9 OH WAIT LUL
SPAM THIS NOODLE TO HELP SKADOODLE pastaThat
SPAM THIS MASTIYA TO HELP LEGIJA FrankerZ
SPAM THIS NOODLE TO HELP SKADOODLE . pastaThat
SPAM THIS NOODLE TO HELP SKADOODLE cx pastaThat
SPAM THIS NOODLE TO HELP SKADOODLE pastaThat
SPAM THIS NOODLE TO HELP SKADOODLE pastaThat
Spam this mouse if you betted your house Mau5
SPAM THIS LIMB TO HELP TIM PowerUpR
EU In 2017 EU In 2017 EU In 2017 EU In 2017 EU In 2017 LUL
SPAM THIS NOODLE TO HELP SKADOODLE pastaThat
SENDE DIESE KATZEN FÜR 30 FRAGS VON TABSEN CoolCat
SPAM THIS DORITO TO HELP THE 16-0 DoritosChip
SPAM THIS NOODLE TO HELP SKADOODLE pastaThat
SPAM THIS TEAR TO GET EU OUTTA HERE BibleThump
NA proud winning vs shitty EU Team LUL
SPAM THIS pastaThatpastaThat NUTZ TO HELP RUSH pastaThat
SPAM THIS NOODLE TO HELP SKADOODLE . pastaThat
SPAM THIS DORITO TO HELP THE 16-0 DoritosChip
STEW AWP SKA RIFLE WUT LUL
SPAM THIS DORITO TO HELP THE 16-0 DoritosChip
SPAM THIS NOODLE TO HELP SKADOODLE pastaThat
HAVE FUN AT EPICENTER C9 OH WAIT LUL
SPAM THIS NOODLE TO HELP SKADOODLE pastaThat
SPAM THIS LIMB TO HELP TIM PowerUpR
SPAM THIS NOODLE TO HELP autimatic pastaThat
Spam this mouse if you betted your house Mau5
SPAM THIS NOODLE TO HELP SKADOODLE pastaThat
SPAM THIS DORITO TO HELP THE 16-0 DoritosChip
SPAM THIS pastaThatpastaThat NUTZ TO HELP RUSH pastaThat
SPAM THIS NOODLE TO HELP SKADOODLE pastaThat
SPAM THIS DORITO TO HELP THE 16-0 DoritosChip
SPAM THIS TEAR TO GET EU OUTTA HERE BibleThump
SPAM THIS DORITO TO HELP THE 16-0 DoritosChip
SPAM THIS BROKE TO NA CHOKE BrokeBack
SPAM THIS TEAR TO GET EU OUTTA HERE . BibleThump
Twitch Prime xfac70r: SPAM THIS DORITO TO HELP THE 16-0 DoritosChip
Spam this mouse if you betted your house Mau5
lose 5 rounds buy 3 awps CSGO LUL
SPAM THIS NAY TO HELP NA VoteNay
EU CS EU CS EU CS EU CS BrokeBack
SPAM THIS NOODLE TO HELP TARIK pastaThat
SPAM THIS NOODLE TO HELP SKADOODLE pastaThat
SPAM THIS MASTIYA TO HELP LEGIJA FrankerZ
SPAM THIS NOODLE TO HELP SKADOODLE . pastaThat
SPAM THIS NOODLE TO HELP SKADOODLE pastaThat
SPAM THIS NOODLE TO HELP SKADOODLE pastaThat
SPAM THIS NAY TO HELP NA VoteNay
SPAM THIS NOODLE TO HELP TARIK pastaThat
SPAM THIS NOODLE TO HELP SKADOODLE pastaThat. pastaThat
SPAM THIS NOODLE TO HELP SKADOODLE pastaThat
SPAM THIS NOODLE TO HELP SKADOODLE pastaThat.. pastaThat
SPAM THIS BROKE TO NA CHOKE BrokeBack
SPAM THIS NOODLE TO HELP SKADOODLE pastaThat
C9 you won 100k tournament Now win major hahahahahh never LUL
SPAM THIS NOODLE TO HELP SKADOODLE pastaThat......... pastaThat
SPAM THIS NOODLE TO HELP SKADOODLE pastaThat
SPAM THIS NOODLE TO HELP SKADOODLE pastaThat. pastaThat
SPAM THIS NOODLE TO HELP SKADOODLE . pastaThat
SPAM THIS NOODLE TO HELP SKADOODLE pastaThat
SPAM THIS NOODLE TO HELP SKADOODLE pastaThat
SPAM THIS NAY TO HELP NA VoteNay
SPAM THIS DOODLE TO HELP SKADOODLE CurseLit
LET US PRAY FOR N A BlessRNG
SPAM THIS NOODLE TO HELP SKADOODLE pastaThat
SPAM THIS NOODLE TO HELP SKADOODLE pastaThat
HAVE FUN AT EPICENTER C9 OH WAIT LUL
SPAM THIS TO HELP NA VoteNay
SPAM THIS NOODLE TO HELP SKADOODLE pastaThat
SPAM THIS NOODLE TO HELP SKADOODLE pastaThat
Spam this mouse if you betted your house Mau5
BIG with no BUG haHAA LUL
SPAM THIS NOODLE TO HELP SKADOODLE pastaThat
SPAM THIS NOODLE TO HELP SKADOODLE pastaThat
SPAM THIS MUSH TO HELP RUSH BrainSlug
SPAM THIS NOODLE TO HELP SKADOODLE pastaThat
LET US PRAY FOR N A BlessRNG
SPAM THIS NOODLE TO HELP SKADOODLE pastaThat
SPAM THIS FGT TO HELP AUTIMATIC KappaPride
Cloud10 = Hiko + simple + bot + bot + bot ftw LUL
PAM THIS NOODLE TO HELP SKADOODLE pastaThat
the eu spam is gone EleGiggle
Spam this mouz if you betted your house Mau5
SPAM THIS NOODLE TO HELP SKADOODLE pastaThat
ASSUMING DH ONLY HAVE CS LUL
SPAM THIS NOODLE TO HELP SKADOODLE . pastaThat
THIS GAME IS SO DEAD THAT THE CROWD IS WATCHING ANOTHER GAME NICE MAJOR LUL
THEY'RE DOING THE WAVE CHAT FailFish
USE THIS SPAM TO HELP THE FAM SwiftRage
THIS GAME IS SO DEAD THAT THE CROWD IS WATCHING ANOTHER GAME NICE MAJOR - LUL
SPAM THIS NOODLE TO HELP SKADOODLE pastaThat
SPAM THIS NOODLE TO HELP SKADOODLE pastaThat
SPAM THIS NOODLE TO HELP SKADOODLE pastaThat
SPAM THIS MUSH TO HELP RUSH BrainSlug
SPAM THIS NOODLE TO HELP SKADOODLE pastaThat
SPAM THIS NOODLE TO HELP SKADOODLE pastaThat
USE THIS SPAM TO HELP THE FAM X SwiftRage
SPAM THIS TRIHARD TO HELP MY COLLEGE FUND TriHard
SPAM THIS NOODLE TO HELP SKADOODLE pastaThat
SEND HIM TO HELP TIM WutFace
SPAM THIS NOODLE TO HELP SKADOODLE pastaThat
SPAM THIS NOODLE TO HELP SKADOODLE / / pastaThat
SPAM THIS NAY TO HELP NA VoteNay
SPAM THIS TEAR TO GET EU OUTTA HERE BibleThump
SPAM THIS MUSH TO HELP RUSH BrainSlug
SPAM THIS NOODLE TO HELP SKADOODLE . pastaThat
Dreamhacks 2k18 = Hiko in Fnatic instead of Olof LUL
SPAM THIS BACK FOR THE COMEBACK TriHard
Making my way downtown, driving fast Jebaited
SPAM THIS NAY TO HELP NA VoteNay
SPAM THIS NOODLE TO HELP SKADOODLE . pastaThat
BRA7IL SK GAMING FERBOT TOP1 LUL
Every 60 seconds in Brazil Germany scores a goal Together we can stop this Spread the word LUL
SPAM THIS NOODLE TO HELP SKADOODLE pastaThat
SPAM THIS NOODLE TO HELP SKADOODLE pastaThat
📞 HELLO NA? 📞 EU HERE 📞 TIME TO GO HOME 📞 4Head
SENDE DIESE KATZEN FÜR 30 FRAGS VON TABSEN CoolCat
SPAM THIS BACK FOR THE COMEBACK . TriHard
Semphis got kicked from C9 PogChamp
SPAM THIS TO HELP RYAN HIGA TriHard
SPAM THIS JEW TO HELP OUT STEW BlessRNG
USE THIS SPAM TO HELP THE FAM SwiftRage
WHERE IS SWAG HE BANNED AGAIN IDIOT?>? LOL CoolCat
SENDE DIESE KATZEN FÜR 30 FRAGS VON TABSEN CoolCat
SPAM THIS NOODLE TO HELP SKADOODLE pastaThat
SPAM THIS NOODLE TO HELP SKADOODLE pastaThat
:telephone_receiver: HELLO BIG? :telephone_receiver: AIRPORT HERE :telephone_receiver: YOUR PLANE IS READY 4Head
SPAM THIS NOODLE TO HELP SKADOODLE pastaThat
SPAM THIS NOODLE TO HELP SKADOODLE pastaThat
LET US PRAY FOR N A BlessRNG
SPAM THIS TRIHARD TO HELP MY COLLEGE FUND TriHard
SPAM THIS NOODLE TO HELP SKADOODLE pastaThat
SPAM THIS NOODLE TO HELP SKADOODLE . . pastaThat
: SPAM THIS NOODLE TO HELP SKADOODLE pastaThat
1 SPAM THIS TO HELP RYAN HIGA TriHard
SPAM THIS NOODLE TO HELP SKADOODLE pastaThat
Big is tier 10 team EU LUL
SPAM THIS NOODLE TO HELP SKADOODLE . pastaThat
SPAM THIS NOODLE TO HELP SKADOODLE pastaThat
SPAM THIS NOODLE TO HELP SKADOODLE pastaThat
SPAM THIS NOODLE TO HELP SKADOODLE pastaThat
Go BIG or go HOME PogChamp
HAVE FUN AT EPICENTER C9 OH WAIT LUL
SWAG GOT BANNED? WHERE IS SWAG?? BANNED LOL CoolCat
SPAM THIS MASTIYA TO HELP LEGIJA FrankerZ
SPAM THIS NOODLE TO HELP SKADOODLE / pastaThat
SPAM THIS NOODLE TO HELP SKADOODLE pastaThat
SPAM THIS NOODLE TO HELP SKADOODLE pastaThat
My Teeth Are Yellow My Breathe Smells Like Poo You Guessed It Right I'm From EU BigBrother
I have never herad big team. who is? CoolCat
SPAM THIS BACK FOR THE COMEBACK TriHard
SO MANY PEOPLE WEARING GLASSES LUL
67k viewers and no spam? .... Kappa
EVEN VP WON AGAINST NA LUL
WHY DO NA CROWDS SUCK WutFace
Major Legends can't beat #2 NA LUL
NA > USA > AMERICA > rest of you s hitters LUL
MOOOOM people are having fun in the crowd waaaahhhh BabyRage
SPAM THIS BROKE TO NA CHOKE BrokeBack
SPAM THIS JEW TO HELP OUT STEW BlessRNG
clout 9KevinTurtle clout9 clout9 clout9 KevinTurtle
67k viewers and no spam ? ... Kappa
SPAM THIS NOODLE TO HELP SKADOODLE pastaThat
SPAM THIS NOODLE TO HELP SKADOODLE ! pastaThat
SPAM THIS BUG TO HELP BIG BrainSlug
SPAM THIS NOODLE TO HELP SKADOODLE pastaThat
LAUNDERS IS SUCH A MEMER LUL
SPAM THIS NOODLE TO HELP SKADOODLE . pastaThat
SPAM THIS NOODLE TO HELP SKADOODLE pastaThat
SPAM THIS NOODLE TO HELP SKADOODLE pastaThat
SPAM THIS MUSH TO HELP OUT RUSH BrainSlug
SPAM THIS NOODLE TO HELP SKADOODLE pastaThat
67k viewers in major final dead game LUL
SPAM THIS BRUH TO HELP LEGIJA cmonBruh
SHIT IT CS TEETH YELLOW LIKE EGG YOLKS YOU GUESSED IT WE'RE EU FOLKS LUL
SPAM THIS BROKE TO NA CHOKE BrokeBack
SPAM THIS BUG TO HELP BIG BrainSlug
SPAM THIS NOODLE TO HELP SKADOODLE pastaThat
GOB B CHET? I THINK SO LOL!!! CoolCat
SPAM THIS NOODLE TO HELP SKADOODLE pastaThat
SPAM THIS NOODLE TO HELP SKADOODLE pastaThat
SPAM THIS NOODLE TO HELP SKADOODLE pastaThat
SPAM THIS NOODLE TO HELP SKADOODLE pastaThat
SPAM THIS NOODLE TO HELP SKADOODLE pastaThat
SPAM THIS NOODLE TO HELP SKADOODLE pastaThat
SPAM THIS WIG TO HELP BIG KappaRoss
SPAM THIS NOODLE TO HELP SKADOODLE pastaThat
EU? EU? EU? EU? EU? EU? SoBayed
SPAM THIS NOODLE TO HELP SKADOODLE pastaThat
SPAM THIS NOODLE TO HELP SKADOODLE . . . . pastaThat
SPAM THIS NOODLE TO HELP SKADOODLE pastaThat
SPAM THIS NOODLE TO HELP SKADOODLE pastaThat' pastaThat
SENDE DIESE KATZEN FÜR 30 FRAGS VON TABSEN CoolCat
SPAM THIS NOODLE TO HELP SKADOODLE pastaThat
SPAM THIS NOODLE TO HELP SKADOODLE pastaThat
📞 HELLO NA? 📞 EU HERE 📞 TIME TO GO HOME 📞 4Head
shroudC9 shroudC9 shroudC9 shroudC9 shroudC9 PogChamp
lmao c9 just rush a and they lose instantly LUL
SPAM THIS NOODLE TO HELP SKADOODLE pastaThat
EU CS EU CS EU CS EU CS EU CS EU CS EU CS EleGiggle
SPAM THIS MUSH TO HELP RUSH BrainSlug
SPAM THIS BACK FOR THE COMEBACK TriHard
SPAM THIS NOODLE TO HELP SKADOODLE pastaThat
SPAM THIS NOODLE TO HELP SKADOODLE pastaThat
SPAM THIS NOODLE TO HELP SKADOODLE pastaThat
SPAM THIS NOODLE TO HELP SKADOODLE pastaThat
SPAM THIS BUG TO HELP BIG BrainSlug
SPAM THIS TEAR FOR EU FEAR BibleThump
SPAM THIS NOODLE TO HELP SKADOODLE pastaThat
NA > USA > AMERICA > rest of you s hitters LUL
📞 :telephone_receiver:BetterTTV Emojis HELLO EU? 📞 NA HERE 📞 TIME TO GO HOME 📞 4Head
SPAM THIS NOODLE TO HELP SKADOODLE pastaThat
SPAM THIS NOODLE TO HELP SKADOODLE pastaThat
NA WINNING TIER 3 TOURNAMENT LUL
SPAM THIS NOODLE TO HELP SKADOODLE pastaThat
SPAM THIS TRIHARD TO HELP MY COLLEGE FUND TriHard
SPAM THIS MUSH TO HELP RUSH BrainSlug
SPAM THIS NOODLE TO HELP SKADOODLE pastaThat
EU HAVE NO CHANCE TO WIN NA CS LUL
SPAM THIS NOODLE TO HELP SKADOODLE pastaThat
SPAM THIS MUSH TO HELP RUSH BrainSlug
SPAM THIS NOODLE TO HELP SKADOODLE pastaThat
SPAM THIS TEAR TO GET EU OUTTA HERE BibleThump
THIS FINAL IS VERY BORING ResidentSleeper
SPAM THIS NOODLE TO HELP SKADOODLE . pastaThat
SPAM THIS NOODLE TO HELP SKADOODLE pastaThat
VIEWERSHIP IS LOW NOW BCUZ BIG FAN LEAVING LUL
SPAM THIS MUSH TO HELP RUSH BrainSlug
EU is so ba... wait let me take a breath EU is s... i need to take another one fk give me another burger OpieOP
SPAM THIS NOODLE TO HELP SKADOODLE pastaThat
SPAM THIS NOODLE TO HELP SKADOODLE pastaThat
SPAM THIS NOODLE TO HELP SKADOODLE pastaThat
SPAM TPFufu THIS WEEB TO HELP KEEV TPFufun
SPAM THIS NOODLE TO HELP SKADOODLE pastaThat
SPAM THIS NOODLE TO HELP SKADOODLE pastaThat
SPAM THIS NOODLE TO HELP SKADOODLE pastaThat
SPAM THIS VOHIYO TO HELP THE ASIAN DUO VoHiYo
SPAM THIS NOODLE TO HELP SKADOODLE . pastaThat
SPAM THIS JEW TO HELP OUT STEW BlessRNG
CANT CHEAT ON VAC SECURED SERVERS LUL
SPAM THIS WIG TO HELP BIG KappaRoss
SPAM THIS NOODLE TO HELP SKADOODLE pastaThat
SPAM THIS NOODLE TO HELP SKADOODLE pastaThat
SPAM THIS NOODLE TO HELP SKADOODLE pastaThat
SPAM THIS NOODLE TO HELP SKADOODLE pastaThat
SPAM THIS NOODLE TO HELP SKADOODLE pastaThat
SPAM THIS NOODLE TO HELP SKADOODLE pastaThat
SPAM THIS NOODLE TO HELP SKADOODLE pastaThat
SPAM THIS NOODLE TO HELP SKADOODLE pastaThat
SPAM THIS NOODLE TO HELP SKADOODLE pastaThat
SPAM THIS NOODLE TO HELP SKADOODLE pastaThat
EU CS EU CS EU CS EU CS EU CS EU CS LUL
SPAM THIS NOODLE TO HELP SKADOODLE pastaThat
SPAM THIS NOODLE TO HELP SKADOODLE pastaThat
why is EU so bad? EleGiggle
SPAM TPFufu THIS WEEB TO HELP KEEV TPFufun
SPAM THIS NOODLE TO HELP SKADOODLE pastaThat
HELLO GER? 📞 NA HERE 📞 REMEMBER WW2? 📞 4Head
THAT HAPPENS EVERY GAME IN MM LUL
SPAM THIS NOODLE TO HELP SKADOODLE pastaThat
SPAM THIS NOODLE TO HELP SKADOODLE . pastaThat
SPAM THIS NOODLE TO HELP SKADOODLE Twitch Prime pastaThat
SPAM THIS NOODLE TO HELP SKADOODLE XD pastaThat
C9 are pub stomping them EleGiggle
TARIK "RUSH A EVERY ROUND" LUL
EU CS EU CS EU CS EU CS EU CS EU CS EU CS LUL
BEAT EM ONCE IN WW1 BEAT EM TWICE IN WW2 LETS DO IT AGAIN AT DREAMHACK TOO LUL
SPAM THIS TRIHARD TO HELP MY COLLEGE FUND TriHard
EU CS EU CS EU CS EU CS EU CS EU CS LUL
SPAM THIS NOODLE TO HELP SKADOODLE XD pastaThat
SPAM THIS WEEB TO HELP KEEV TPFufun
SPAM THIS NOODLE TO HELP SKADOODLE pastaThat
SPAM THIS WIG TO HELP BIG KappaRoss
SPAM THIS BACK FOR THE COMEBACK TriHard
EU WHERE ARE YOU ?? LUL
SPAM THIS TO LAUGH AT EU LUL
SPAM THIS NOODLE TO HELP SKADOODLE a pastaThat
EU is so ba... wait let me take a breath EU is s... i need to take another one fk give me another burger OpieOP
SPAM THIS |\|lG TO HELP BIG TriHard
60k viewers on a major dead game LUL
LULLUL SPAM THIS TO LAUGH AT EU LUL
SPAM THIS TO LAUGH AT EU LUL
SPAM THIS JEW TO HELP OUT STEW BlessRNG
SPAM THIS MUSH TO HELP RUSH BrainSlug
:telephone_receiver: HELLO BIG? :telephone_receiver: AIRPORT HERE :telephone_receiver: YOUR PLANE IS READY 4Head
SPAM THIS MUSH TO HELP RUSH BrainSlug
NA STRAT NA STRAT NA STRAT NA STRAT PogChamp
WHEN EU THINK THEYRE good AT CS LUL
SPAM THIS NOODLE TO HELP SKADOODLE pastaThat
SPAM THIS TO LAUGH AT EU LUL
C9 GO PLAY IN MAJOR QUALS PLS LUL
📞 HELLO NA? 📞 EU HERE 📞 TIME TO GO HOME 📞 4Head
SPAM THIS NOODLE TO HELP SKADOODLE pastaThat
LMAO NA HAPPY BECAUSE THEY BEAT BIG B I G LUL
SPAM THIS JEW TO HELP OUT STEW BlessRNG
SPAM THIS WEEB TO HELP KEEV TPFufun
SPAM THIS NOODLE TO HELP SKADOODLE pastaThat
SPAM THIS TO LAUGH AT EU LUL
67000 viewers in major final LUL
EU CS EU CS EU CS EU CS EU CS EU CS EU CS LUL
SPAM THIS NOODLE TO HELP SKADOODLE pastaThat
My Teeth Are Yellow My Breathe Smells Like Poo You Guessed It Right I'm From EU BigBrother
SPAM THIS TRIHARD TO HELP MY COLLEGE FUND TriHard
SPAM THIS TO LAUGH AT EU LUL
SPAM THIS NOODLE TO HELP SKADOODLE pastaThat
SPAM THIS NOODLE TO HELP SKADOODLE . pastaThat
SPAM THIS TO LAUGH AT EU LUL
SPAM THIS BROKE TO NA CHOKE BrokeBack
SPAM THIS TO LAUGH AT EU LUL
SPAM THIS TO LAUGH AT EU LUL
hey EU why so quiet? :thinking: 4Head
SPAM THIS NOODLE TO HELP SKADOODLE pastaThat
SPAM THIS NOODLE TO HELP SKADOODLE pastaThat
LET US PRAY FOR N A BlessRNG
@SweatyClackers SPAM THIS NOODLE TO HELP SKADOODLE pastaThat
SPAM THIS NOODLE TO HELP SKADOODLE pastaThat
SPAM THIS NOODLE TO HELP SKADOODLE pastaThat
hey EU why so quiet? :thinking: hey EU why so quiet? :thinking: . 4Head
SPAM THIS TO LAUGH AT EU LUL
NA winning minors, but cheering as if its's major LUL
My Teeth Are Yellow My Breathe Smells Like Poo You Guessed It Right I'm From EU . BigBrother
SPAM THIS LIMB TO HELP TIM PowerUpR
SPAM THIS TO LAUGH AT EU LUL
SPAM THIS NOODLE TO HELP SKADOODLE . pastaThat
THIS TO LAUGH AT EU . LUL
SPAM THIS TO LAUGH AT EU LUL
BIG JUST PLAY INFERNO WITH BUG 4Head
SPAM THIS TO LAUGH AT EU LUL
SPAM THIS NOODLE TO HELP SKADOODLE pastaThat
SPAM THIS TO LAUGH AT EU .. LUL
T2 EU TEAM BEAT FAZE U WONT LUL
SPAM BrainSlugTHIS BrainSlugMUSH BrainSlugTO BrainSlugHELP BrainSlugRUSH BrainSlug
My Teeth Are Yellow My Breathe Smells Like Poo You Guessed It Right I'm From EU BigBrother
SPAM THIS NOODLE TO HELP SKADOODLE . pastaThat
SPAM THIS TO LAUGH AT EU .. LUL
c9 smurfing EU major legends LMAO LUL
SPAM THIS WEEB TO HELP KEEV TPFufun
EU CS EU CS EU CS EU CS EU CS EU CS EU CS LUL
SPAM THIS TO LAUGH AT EU . LUL
SPAM THIS TO LAUGH AT EU x LUL
NAs FIRST WIN AGAINST EU 4Head
ASIANS AND TURKS NA BTW LUL
SPAM MAGA TO MAKE AMERICA GREAT AGAIN Poooound
SPAM THIS TO LAUGH AT EU LUL
My Teeth Are Yellow My Breathe Smells Like Poo You Guessed It Right I'm From EU . BigBrother
NA COMPARING BIG WITH FAZE LUL
NA's best team barely beats EU's 8th best team and think they are good SeemsGood
THIS TO LAUGH AT EU LUL
NA COMPARING BIG WITH FAZE NA COMPARING BIG WITH FAZE LUL
SPAM THIS NOODLE TO HELP SKADOODLE pastaThat
EU GOT 3 ROUNDS EU GOT 3 ROUNDS EU GOT 3 ROUNDS PogChamp
SPAM THIS TO LAUGH AT EU LUL
My Teeth Are Yellow My Breathe Smells Like Poo You Guessed It Right I'm From EU . BigBrother
NA COMPARING BIG WITH FAZE LUL
NAs FIRST WIN AGAINST EU 4Head
SPAM THIS WIG TO HELP BIG KappaRoss
NA COMPARING BIG WITH FAZE NA COMPARING BIG WITH FAZE LUL
SPAM THIS TO LAUGH AT EU ..f LUL
EU is so ba... wait let me take a breath EU is s... i need to take another one fk give me another burger OpieOP
@sweatyClackers SPAM THIS NOODLE TO HELP SKADOODLE 2 pastaThat
SPAM THIS NOODLE TO HELP SKADOODLE pastaThat
Major Final only 68k viewers, CS IS DEAD BibleThump
SPAM THIS NOODLE TO HELP SKADOODLE pastaThat
SPAM THIS TO LAUGH AT EU LUL
SPAM THIS NOODLE TO HELP SKADOODLE pastaThat
HAVE TO USE ENGLISH CAUSE EU IS SHIT LUL
The plant doesnt matter, they have infinite money chat FailFish
NAs FIRST WIN AGAINST EU . 4Head
they have money silver chat ResidentSleeper
C M B A C K Kreygasm
C( had plenty of money, he wanted to drop a gun, 200IQ SeemsGood
EU CS EU CS EU CS EU CS EU CS EU CS EU CS LUL
SPAM THIS TO LAUGH AT EU LUL
SMART By stewie. BIG has low money :)
SPAM THIS NOODLE TO HELP THAT SKADOODLE pastaThat
Tier 2 EU same level than tier 1 USA LUL
SPAM THIS TO LAUGH AT EU LUL. LUL
TRUMP Starting Racist war TRUMP Starting Racist war LUL
📞 HELLO NA? 📞 EU HERE 📞 TIME TO GO HOME 📞 4Head
SPAM THIS MUSH TO HELP RUSH BrainSlug
SPAM THIS TO LAUGH AT EU LUL
T1 NA FINALLY BEATS A T2 EU TEAM 4Head
LULLUL SPAM THIS TO LAUGH AT EU LUL
Losing to C9 in 2017 FailFish
SPAM THIS NOODLE TO HELP SKADOODLE pastaThat
wow beating t3 EU teams PogChamp
CLOWN9 WINNING TIER 3 TOURNAMENT LUL
SPAM THIS MEME TO HELP YOUR FAVORITE TEAM :)
KAPPA OUTDATED POGCHAMP OVERRATED LONG HAVE WE WAITED NOW WE JEBAITED Jebaited
SPAM THIS TO LAUGH AT EU LUL
SPAM THIS NOODLE TO HELP SKADOODLE ., pastaThat
SPAM THIS NOODLE TO HELP SKADOODLE . pastaThat
SPAM THIS NOODLE TO HELP SKADOODLE pastaThat
SPAM MAGA TO MAKE AMERICA GREAT AGAIN Poooound
SPAM THIS TEAR FOR EU FEAR BibleThump
HOW IS MOVING SO FAST WutFace
📞 HELLO NA? 📞 EU HERE 📞 TIME TO GO HOME 📞 4Head
SPAM THIS NOODLE TO HELP SKADOODLE pastaThat
EU CS EU CS EU CS EU CS EU CS EU CS EU CS LUL
SPAM THIS TO LAUGH AT EU LUL
SPAM THIS TO LAUGH AT EU LUL
SPAM THIS TO LAUGH AT EU LUL
SPAM THIS NOODLE TO HELP SKADOODLE pastaThat
EU CS EU CS EU CS EU CS EU CS EU CS EU CS LUL
HELLO GER? 📞 NA HERE 📞 REMEMBER WW2? 📞 4Head
SPAM THIS NOODLE TO HELP SKADOODLE pastaThat
SPAM THIS NOODLE TO HELP SKADOODLE . pastaThat
SPAM THIS TO LAUGH AT EU LUL
YES NA HAS ASIANS BUT NO MAJORS LUL
SPAM THIS NOODLE TO HELP SKADOODLE pastaThat
📞 HELLO C9 📞 EU HERE 📞 NO EPICENTER? 📞 4Head
SPAM THIS NOODLE TO HELP SKADOODLE pastaThat
Being named Ian in 2017 DansGame
SPAM MAGA TO MAKE AMERICA GREAT AGAIN Poooound
SPAM THIS TO LAUGH AT EU LUL
PAM THIS NOODLE TO HELP SKADOODLE pastaThat
EU GOT 3 ROUNDS EU GOT 3 ROUNDS EU GOT 3 ROUNDS PogChamp
NA team does not have any KKona LUL
I LIKE TO HAVE CONSENSUAL INTERCOURSE WITH MY MALE FRIENDS OhMyDog
SMELLS LIKE POO TEETH ARE YELLOW THATS RIGHT IM AN EU FELLOW LUL
SPAM THIS TO LAUGH AT EU LUL
LEZ GO C9. FAK THESE KIDS DatSheffy
SPAM THIS NOODLE TO HELP SKADOODLE . pastaThat
SAW U AT EPICENTER NA... OH WAIT LUL
NA THIS EU THAT IM A BABY IN TWITCH CHAT BabyRage
any else spot the cute ? KappaPride
c9 win doesnt count its not a major BabyRage
LULI AM FROM EU LULMY TEETH ARE BRIGHT YELLOW LULI LIKE MY SISTER LULAND MY VOICE IS MELLOW LUL
📞 HELLO NA? 📞 EU HERE 📞 TIME TO GO HOME 📞 4Head
SPAM THIS NOODLE TO HELP SKADOODLE pastaThat
NO BUG NO BIG! NO BUG NO BIG! NO BUG NO BIG! NO BUG NO BIG! LUL
SPAM THIS NOODLE TO HELP SKADOODLE pastaThat
SPAM THIS NOODLE TO HELP SKADOODLE XD pastaThat
SPAM THIS NOODLE TO HELP SKADOODLE pastaThat
EU CS EU CS EU CS EU CS EU CS EU CS EU CS LUL
SPAM THIS WIG TO HELP BIG KappaRoss
SPAM THIS MUSH TO HELP RUSH BrainSlug
Big=No Good without jump bug LUL
EU is so ba... wait let me take a breath EU is s... i need to take another one fk give me another burger OpieOP
📞 HELLO C9 📞 EU HERE 📞 NO EPICENTER? 📞 4Head
BUG MAJOR LEGENDS BUG MAJOR LEGENDS LUL
SPAM THIS NOODLE TO HELP SKADOODLE pastaThat
@dapr tier 20 na player PogChamp
SPAM THIS NOODLE TO HELP SKADOODLE pastaThat
@phluffyhead haHAA are u from murica? OpieOP
EU? EU? EU? EU? EU? EU? EU? SoBayed
SPAM THIS NOODLE TO HELP SKADOODLE pastaThat
tier 1 EU Major Legends getting REKT by NA LUL
SPAM THIS NOODLE TO HELP SKADOODLE pastaThat
SPAM THIS NOODLE TO HELP SKADOODLE pastaThat
I LIKE TO LOOK AT DUST MOURET WHERE IS DUST OhMyDog
SPAM THIS NOODLE TO HELP SKADOODLE pastaThat
L E T S GO PogChamp
EU CS EU CS EU CS EU CS EU CS EU CS EU CS LUL
SPAM THIS MUSH TO HELP RUSH BrainSlug
SPAM THIS NOODLE TO HELP THAT SKADOODLE pastaThat
LOW VIEWER COUNT ASK SHROUD TO HOST LUL
SPAM THIS GOOEY TO HELP STEWIE BrainSlug
SPAM THIS MUSH TO HELP RUSH BrainSlug
tier 1 EU Major Legends getting REKT by NA LUL
I don't want to Hype too much but C9 BEST TEAM IN THE WORLD Kreygasm
SEE U AT EPICENTER NA... OH WAIT LUL
📞 HELLO NA? 📞 EU HERE 📞 TIME TO GO HOME 📞 4Head
SPAM THIS GOOEY TO HELP STEWIE BrainSlug
SPAM THIS NOODLE TO HELP SKADOODLE pastaThat
NA HYPING OVER BIG SO DESPERATE LUL
SPAM THIS TO LAUGH AT EU LUL
SPAM THIS GOOEY TO HELP STEWIE a BrainSlug
SPAM THIS GOOEY TO HELP STEWIE BrainSlug
wanna hear a joke? EU 4Head
SPAM THIS GOOEY TO HELP STEWIE sda BrainSlug
SPAM THIS GOOEY TO HELP RUSH BrainSlug
SPAM THIS GOOEY TO HELP STEWIE quet BrainSlug
EU CS EU CS EU CS EU CS EU CS EU CS EU CS LUL
NA HYPINg OVER BIG DESPERATE LUL
EU GOT 3 ROUNDS EU GOT 3 ROUNDS EU GOT 3 ROUNDS EU GOT 3 ROUNDS PogChamp
SENDE DIESE KATZEN FÜR 30 FRAGS VON TABSEN CoolCat
TABSEN BACKWARDS IS NESBAT OMG WOEW OhMyDog
SPAM THIS NOODLE TO HELP SKADOODLE . pastaThat
MAJOR LEGENDS LOSING TO NA TEAM WHO WASNT EVEN IN THE MAJOR LUL
SPAM THIS WEEB TO HELP KEEV TehePelo
SPAM THIS NOODLE TO HELP SKADOODLE pastaThat
SPAM THIS NOODLE TO HELP SKADOODLE pastaThat
SPAM THIS GOOEY TO HELP RUSH BrainSlug
tier 1 na beating tier 3 eu PogChamp
SPAM THIS TO LAUGH AT EU LUL
SPAM THIS GOOEY TO HELP STEWIE BrainSlug
SPAM THIS NOODLE TO HELP SKADOODLE pastaThat
SPAM THIS NOODLE TO HELP SKADOODLE pastaThat
LULLUL SPAM THIS TO LAUGH AT EU LUL
SPAM THIS NOODLE TO HELP SKADOODLE pastaThat
Trump made NA great again KKona 7 PogChamp
SPAM THIS MUSH TO HELP RUSH BrainSlug
SPAM THIS MUSH TO HELP RUSH BrainSlug
PAM THIS NOODLE TO HELP SKADOODLE pastaThat
SPAM THIS NOODLE TO HELP SKADOODLE . pastaThat
NO BUG NO BIG! NO BUG NO BIG! NO BUG NO BIG! NO BUG NO BIG! LUL
SPAM THIS TO LAUGH AT EU LUL
EU CS EU CS EU CS EU CS EU CS EU CS EU CS LUL
T1 TOURNEY TOMOROW GUESS WHAT NA NOT QUALIFIED LUL
EU BOTS EU BOTS EU BOTS MrDestructoid
SPAM THIS GOOEY TO HELP STEWIE BrainSlug
SPAM THIS GOOEY TO HELP RUSH BrainSlug
SPAM THIS TUNA FOR CLOUD9 FORTUNA SabaPing
SENDE DIESE KATZEN FÜR 10 FRAGS VON TABSEN CoolCat
What is up with stewies monitor Jebaited
📞 HELLO NA? 📞 EU HERE 📞 TIME TO GO HOME 📞 4Head
SPAM THIS NOODLE TO HELP SKADOODLE XD pastaThat
EU CS EU CS EU CS EU CS EU CS EU CS EU CS LUL
SPAM SKADOOLE IF YOU LOVE THE DOODLE pastaThat
SPAM THIS TO LAUGH AT EU Twitch Prime LUL
SPAM THIS TO LAUGH AT EU LUL
EU CS EU CS EU CS EU CS EU CS EU CS EU CS LUL
TABSEN BACKWARDS IS NESBAT BACKWARDS IS OhMyDog
NO BUG NO BIG! NO BUG NO BIG! NO BUG NO BIG! NO BUG NO BIG! LUL
SPAM THIS NOODLE TO HELP SKADOODLE pastaThat
SPAM THIS TO LAUGH AT EU LUL
SPAM THIS NOODLE TO HELP SKADOODLE pastaThat
SPAM THIS TO LAUGH AT EU LUL
SPAM THIS NOODLE TO HELP SKADOODLE pastaThat
SPAM THIS NOODLE TO HELP SKADOODLE pastaThat
CANT WAIT TO SEE BIG COMEBACK Kappa
SPAM THIS TO LAUGH AT EU LUL
EU CS EU CS EU CS EU CS EU CS EU CS EU CS LUL
SPAM THIS NOODLE TO HELP SKADOODLE . pastaThat
SPAM THIS NOODLE TO HELP SKADOODLE pastaThat
EU EU EU EU EU EU EU EU EU EU EU EU EU LUL
TIER 20 tournament usa win :D
SPAM THIS NOODLE TO HELP SKADOODLE pastaThat
📞 :telephone_receiver:BetterTTV Emojis HELLO EU? 📞 NA HERE 📞 TIME TO GO HOME 📞 4Head
SPAM THIS NOODLE TO HELP SKADOODLE pastaThat
WHERE IS EU????? WHERE IS EU????? WHERE IS EU????? WHERE IS EU????? WHERE IS EU????? WHERE IS EU????? 4Head
SPAM THIS TUNA FOR CLOUD9 FORTUNA SabaPing
EU EU EU EU EU EU EU EU LUL
EU? EU? EU? EU? EU? EU? SoBayed
BEAT EM ONCE IN WW1 BEAT EM TWICE IN WW2 LETS DO IT AGAIN AT DREAMHACK TOO LUL
EU BOTS EU BOTS EU BOTS MrDestructoid
SPAM THIS MUSH TO HELP RUSH BrainSlug
EU CS EU CS EU CS EU CS EU CS EU CS EU CS LUL
SPAM THIS NOODLE TO HELP SKADOODLE pastaThat
BUSH OUTDATED OBAMA OVERRATED HILLARY ELIMINATED TRUMP CONGRATULATED LONG HAVE WE WAITED NOW WE EMIGRATED Jebaited
Finally a First place after ... ages 4Head
SPAM THIS TO LAUGH AT EU LUL
SPAM THIS NOODLE TO HELP SKADOODLE pastaThat. pastaThat
📞 :telephone_receiver:BetterTTV Emojis HELLO EU? 📞 NA HERE 📞 TIME TO GO HOME 📞 4Head
EU EU EU EU EU EU EU EU LUL
EU CS EU CS EU CS EU CS EU CS EU CS EU CS LUL
EU BAD EU MAD EU SAD LUL
HELLO EU? NA HERE Y SO QUIET? 4Head
USA USA Lets GO C9 WE BEAT A TIER 20 team!!! PogChamp
3 CANADIANS IN TEAM BUT CHANT IS USA LUL
SPAM THIS MUSH TO CHEER ON RUSH BrainSlug
HELLO EU? NA HERE WHY SO QUIET? 4Head
SPAM THIS NOODLE TO HELP SKADOODLE . pastaThat
EU CS EU CS EU CS EU CS EU CS EU CS EU CS LUL
NA think they're special beating Tier 3 EU teams LUL
If Tim wasn't Asian he woulda saw hiim Kappa
Spam This Japa To Help Stew . NotATK
GUY CLAPPING WITH HIS LEGS LUL
SPAM THIS BROKE TO NA CHOKE BrokeBack
COMEBACK COMEBACK COMEBACK COMEBACK COMEBACK LUL
its gonna be a long game LUL
SPAM THIS IF YOU LOVE LANDERS CASTING <3
OT OT OT OT OT LUL
BUSH OUTDATED OBAMA OVERRATED HILLARY ELIMINATED TRUMP CONGRATULATED LONG HAVE WE WAITED NOW WE EMIGRATED Jebaited
SPAM THIS WIG TO HELP BIG KappaRoss
SPAM THIS IF YOU LOVE LANDERS CASTING <3. <3
winning t4 tournament against t3 EU teams 4Head
SPAM THIS NOODLE TO HELP SKADOODLE . pastaThat
proud NA crowd because winning vs shitty EU team LUL
SPAM THIS NOODLE TO HELP SKADOODLE pastaThat
SPAM THIS NOODLE TO HELP SKADOODLE pastaThat
EU CS EU CS EU CS LUL
SPAM THIS GOOEY TO HELP RUSH BrainSlug
SPAM THIS TUNA FOR CLOUD9 FORTUNA SabaPing
SPAM THIS IF YOU LOVE LANDERS CASTING <3.. <3
NA TO WIN A MAJOR NA TO WIN A MAJOR EleGiggle
BUSH OUTDATED OBAMA OVERRATED HILLARY ELIMINATED TRUMP CONGRATULATED LONG HAVE WE WAITED NOW WE EMIGRATED Jebaited
SPAM THIS NOODLE TO HELP SKADOODLE pastaThat
SPAM THIS NOODLE TO HELP SKADOODLE pastaThat
SPAM THIS IF YOU LOVE LANDERS CASTING <3... <3
SPAM THIS BROKE TO NA CHOKE BrokeBack
SPAM THIS NOODLE TO HELP SKADOODLE pastaThat
Na Choke = 15 - 4 LUL
Dreamhack 70k Viewers. Shroud 51k Viewers SeemsGood
SPAM THIS GOOEY TO HELP RUSH BrainSlug
SPAM THIS WIG TO HELP BIG KappaRoss
SENDE DIESE KATZEN FÜR 30 FRAGS VON TABSEN CoolCat
SPAM THIS GOOEY TO HELP RUSH BrainSlug
SPAM THIS NOODLE TO HELP SKADOODLE pastaThat
SPAM THIS |\|lG TO HELP BIG TriHard
EU CS EU CS EU CS LUL
SPAM THIS NOODLE TO HELP SKADOODLE pastaThat
SPAM THIS MUSH TO HELP RUSH BrainSlug
SPAM THIS MUSH TO HELP RUSH BrainSlug
SPAM THIS HOTTIE TO HELP AUTI PMSTwin
SPAM THIS BROKE TO NA CHOKE BrokeBack
SPAM THIS GOOEY TO HELP RUSH . BrainSlug
BUSH OUTDATED OBAMA OVERRATED HILLARY ELIMINATED TRUMP CONGRATULATED LONG HAVE WE WAITED NOW WE EMIGRATED Jebaited
EU thinking c9 will choke this LUL
EU EU EU EU EU EU EU EU LUL
SPAM THIS HOTTIE TO HELP AUTI PMSTwin
SEE U AT EPICENTER NA... OH WAIT LUL
SMELLS LIKE POO TEETH ARE YELLOW THATS RIGHT IM AN EU FELLOW LUL
SPAM THIS GOOEY TO HELP RUSH BrainSlug
SPAM THIS NOODLE TO HELP SKADOODLE a pastaThat
EU CS EU CS EU CS EU CS EU CS EU CS EU CS LUL
SPAM THIS NOODLE TO HELP SKADOODLE pastaThat
EU In 2017 EU In 2017 EU In 2017 EU In 2017 EU In 2017 LUL
SPAM THIS GOOEY TO HELP STEWIE BrainSlug
SMELLS LIKE POO TEETH ARE YELLOW THATS RIGHT IM AN EU FELLOW LUL
SPAM THIS TO LAUGH AT EU LUL
SPAM THIS NOODLE TO HELP SKADOODLE pastaThat
SPAM THIS NOODLE TO HELP SKADOODLE pastaThat
SPAM THIS NOODLE TO HELP SKADOODLE pastaThat
NAVI WILL WIN EPICENTER, O WAIT LUL
SPAM THIS GOOEY TO HELP STEWIE BrainSlug
SPAM THIS NOODLE TO HELP SKADOODLE pastaThat
SPAM THIS TEAR TO GET EU OUTTA HERE BibleThump
SPAM THIS GOOEY TO HELP RUSH . BrainSlug
SPAM THIS BROKE TO NA CHOKE BrokeBack
EU is so ba... wait let me take a breath EU is s... i need to take another one fk give me another burger OpieOP
EU BOTS EU BOTS EU BOTS MrDestructoid
SPAM THIS NOODLE pastaThatpastaThat TO HELP SKADOODLE pastaThat
SPAM THIS STEVE TO HELP KEEV PunchTrees
AT LEAST SHROUD IS CASTING Kappa
spam this static to help out autimatic MorphinTime
SPAM THIS NOODLE TO HELP SKADOODLE pastaThat
SPAM THIS TEAR TO GET EU OUTTA HERE . BibleThump
SENDE DIESE KATZEN FÜR 30 FRAGS VON TABSEN CoolCat
SPAM THIS NOODLE TO HELP SKADOODLE pastaThat
SMELLS LIKE POO TEETH ARE YELLOW THATS RIGHT IM AN EU FELLOW LUL
SPAM THIS NOODLE TO HELP SKADOODLE . pastaThat
SPAM THIS BROKE TO NA CHOKE BrokeBack
EU In 2017 EU In 2017 EU In 2017 EU In 2017 EU In 2017 LUL
SPAM THIS GOOEY TO HELP RUSH BrainSlug
EU is so ba... wait let me take a breath EU is s... i need to take another one fk give me another burger OpieOP
SPAM THIS NOODLE TO HELP SKADOODLE pastaThat
70k viewers CSGO MAJOR FINALS LUL
spam this static to help out autimatic MorphinTime
BibleThumpBibleThump SPAM THIS TEAR TO GET EU OUTTA HERE . BibleThump
SPAM THIS GOOEY TO HELP STEWIE BrainSlug
SPAM THIS TEAR TO GET EU OUTTA HERE BibleThump
SENDE DIESE KATZEN FÜR 30 FRAGS VON TABSEN CoolCat
I wish Germans tried this hard to save their country. EleGiggle
SPAM THIS NOODLE TO HELP SKADOODLE pastaThat
SPAM THIS MUSH TO CHEER ON RUSH BrainSlug
EU is so ba... wait let me take a breath EU is s... i need to take another one fk give me another burger OpieOP
SPAM THIS BROKE TO NA CHOKE BrokeBack
SPAM THIS NOODLE TO HELP SKADOODLE pastaThat
SPAM THIS NOODLE TO HELP SKADOODLE pastaThat
SPAM THIS TO LAUGH AT EU LUL
SPAM THIS NOODLE TO HELP SKADOODLE pastaThat
SPAM THIS NOODLE TO HELP SKADOODLE pastaThat
BUSH OUTDATED OBAMA OVERRATED HILLARY ELIMINATED TRUMP CONGRATULATED LONG HAVE WE WAITED NOW WE EMIGRATED Jebaited
SPAM THIS NOODLE TO HELP SKADOODLE pastaThat
SPAM THIS TEAR TO GET EU OUTTA HERE BibleThump
SPAM THIS NOODLE TO HELP SKADOODLE pastaThat
EU In 2017 EU In 2017 EU In 2017 EU In 2017 EU In 2017 LUL
NA WINNING A MAJOR TOURNAMENT PogChamp
SPAM THIS NOODLE TO HELP SKADOODLE pastaThat
📞 :telephone_receiver:BetterTTV Emojis HELLO EU? 📞 NA HERE 📞 TIME TO GO HOME 📞 4Head
0 MAJOR 0 MAJOR 0 MAJOR 0 MAJOR 0 MAJOR 0 MAJOR LUL
SPAM THIS NOODLE TO HELP SKADOODLE pastaThat
EU CS EU CS EU CS EU CS EU CS EU CS EU CS LUL
SPAM THIS GOOEY TO HELP STEWIE BrainSlug
SPAM THIS NOODLE TO HELP SKADOODLE pastaThat
0 MAJOR 0 MAJOR 0 MAJOR 0 MAJOR 0 MAJOR 0 MAJOR . LUL
SPAM THIS TO LAUGH AT EU LUL
EU????? EU????? EU????? EU????? EU????? EU????? SoBayed
SPAM THIS TO LAUGH AT EU LUL
SPAM THIS MUSH TO HELP RUSH BrainSlug
SPAM THIS MUSH TO CHEER ON RUSH BrainSlug
NA would still be owned by natives without EU LuL Your welcome 4Head
SPAM THIS GOOEY TO HELP STEWIE BrainSlug
0 MAJOR 0 MAJOR 0 MAJOR 0 MAJOR 0 MAJOR 0 MAJOR LUL
SPAM THIS TEAR TO GET EU OUTTA HERE BibleThump
SPAM THIS TO LAUGH AT EU LUL
SPAM THIS TEAR FOR EU FEAR BibleThump
EU In 2017 EU In 2017 EU In 2017 EU In 2017 EU In 2017 LUL
My Teeth Are Yellow My Breathe Smells Like Poo You Guessed It Right I'm From EU BigBrother
EU EU EU EU EU EU EU EU LUL
NA MAJORS NA MAJORS NA MAJORS LUL
ÀSPAM THIS TO LAUGH AT EU LUL
EU is so ba... wait let me take a breath EU is s... i need to take another one fk give me another burger OpieOP
0 MAJOR 0 MAJOR 0 MAJOR 0 MAJOR 0 MAJOR 0 MAJOR . LUL
WE FINALLY WON T2 TOURNEY PogChamp
SPAM THIS TO LAUGH AT EU LUL
NO BUG NO BIG! NO BUG NO BIG! NO BUG NO BIG! NO BUG NO BIG! LUL
c9 beat tier 3 eu PogChamp
SPAM THIS TO LAUGH AT EU LUL
EU CS EU CS EU CS EU CS EU CS EU CS EU CS LUL
EU CS EU CS LUL- LUL
CLOUD) WON AGAINST SECOND CLASS CS TEAMS LUL
YEAAAAHHHHHHHHHHH NA GOOD BYE EU LUL
EU EU EU EU EU EU EU EU LUL
EU CS EU CS EU CS EU CS EU CS EU CS EU CS LUL
0 MAJOR 0 MAJOR 0 MAJOR 0 MAJOR 0 MAJOR 0 MAJOR LUL
too bad NA couldn't win a real tournament LUL
C9 only wins the tournies where there are no good teams LUL
c9 win doesnt count its not a major BabyRage
Hello EU? NA here? Why so easy?? 4Head
EU CS EU CS EU CS EU CS EU CS EU CS EU CS LUL
SPAM THIS TO LAUGH AT EU LUL
EU? EU? EU? EU? EU? EU? EU? EU? SoBayed
0 MAJOR 0 MAJOR 0 MAJOR 0 MAJOR 0 MAJOR 0 MAJOR . LUL
finally they won a t3 tournament Kappa
0 MAJOR 0 MAJOR 0 MAJOR 0 MAJOR 0 MAJOR 0 MAJOR LUL
I REMEMBER THE FINALS ESL_COLOGNE 2017 WITH C9 LOSE OF 3X0 FOR THE SK KINGG LUL
0 MAJOR 0 MAJOR 0 MAJOR 0 MAJOR 0 MAJOR 0 MAJOR . LUL
SPAM THIS NOODLE TO HELP SKADOODLE pastaThat
BEST NA TEAM WON TIER 3 TOURNAMENT LUL
TUROK, THE PEANUT BRAIN // SMOrc
SPAM THIS TO LAUGH AT EU LUL
SPAM THIS NOODLE TO HELP SKADOODLE pastaThat
HYPED AF FOR A TIER 2 TOURNAMENT NA CS LUL
SPAM THIS TO LAUGH AT EU LULÀ LUL
EU In 2017 EU In 2017 EU In 2017 EU In 2017 EU In 2017 LUL
SPAM THIS NOODLE TO HELP SKADOODLE pastaThat
NA won a tier 3 tourny wohooo Kappa
I REMEMBER THE FINALS ESL_COLOGNE 2017 WITH C9 LOSE OF 3X0 FOR THE SK KINGG LUL
-LUL EU CS EU CS LUL
SPAM THIS NOODLE TO HELP SKADOODLE pastaThat
SPAM THIS NOODLE TO HELP SKADOODLE pastaThat
EU Bet On NA Everybody Wins LUL
TUROK, THE PEANUT BRAIN // SMOrc
SPAM THIS MUSH TO CHEER ON RUSH BrainSlug
SPAM THIS NOODLE TO HELP SKADOODLE . pastaThat
n u t t z Kreygasm
WE FINALLY WON T2 TOURNEY ?? PogChamp
HYPED AF FOR A TIER 2 TOURNAMENT LUL
SPAM THIS NOODLE TO HELP SKADOODLE pastaThat
I REMEMBER THE FINALS ESL_COLOGNE 2017 WITH C9 LOSE OF 3X0 FOR THE SK KINGG LUL
they won a major guys BibleThump
BEST NA TEAM WON TIER 3 TOURNAMENT LUL
EU CS EU CS - LUL
UK ACCENT IN USA?? UK ACCENT IN USA?? UK ACCENT IN USA?? UK ACCENT IN USA?? RuleFive
GUYS WHERE IS SHROUD ? BibleThump
WE FINALLY WON T2 TOURNEY ?? PogChamp
SPAM THIS TUNA FOR CLOUD9 FORTUNA SabaPing
SPAM THIS TO LAUGH AT EU LUL
TIM IS SO GROWN UP BibleThump
I REMEMBER THE FINALS ESL_COLOGNE 2017 WITH C9 LOSE OF 3X0 FOR THE SK KINGG LUL
EU CS EU CS = LUL
@corrblimey see u at epicenter LUL
BEST NA TEAM WON TIER 3 TOURNAMENT LUL
lol na wins tier 3 sure but EU = TIER 1 <3
I REMEMBER THE FINALS ESL_COLOGNE 2017 WITH C9 LOSE OF 3X0 FOR THE SK KINGG LUL
TIER 3 EU VS TIER 1 NA Kappa
BEST NA TEAM WON TIER 3 TOURNAMENT . LUL
Spam This Noodle to help Skadoodle pastaThat
BEST NA TEAM WON TIER 3 TOURNAMENT .. LUL
SPAM THIS NOODLE TO HELP SKADOODLE yes pastaThat
NA Won WWII and DH Denver Get Rekt Keepo
SPAM THIS TEAR TO GET EU OUTTA HERE BibleThump
WHY IS EU SO QUITE? EleGiggle
Spam This Noodle To Help Skadoodle pastaThat
@milan1864 ur an idiot all the teams are decent LUL
EU Still Waiting For The Comeback LUL
WHEN YOU SPEND TIME WATCHING C9 JUST TO TALK CRAP LUL
SPAM THIS NOODLE TO HELP SKADOODLE yes pastaThat
see ya next major na HeyGuys
BEST NA TEAM WON TIER 3 TOURNAMENT . LUL
WE FINALLY WON T2 TOURNEY?? PogChamp
Are you supposed to lose in low tier tourneys then? EleGiggle
EU CS EU CS - LUL
BEST NA TEAM WON TIER 3 TOURNAMENT LUL
Twitch PrimeMoreontop: Spam This Noodle To Help Skadoodle pastaThat
SPAM THIS TO LAUGH AT EU LUL
Legija is a support player, not a fragger FailFish
NA WINS NEXT MAJOR OH WAIT LUL
CSGO MAJOR FINALS 70k VIEWERS LUL
TOP NA TEAM WON TIER 3 TOURNAMENT LUL
NA CS VS TIER 1 EU TEAMS NA CS VS TIER 1 EU TEAMS NA CS VS TIER 1 EU TEAMS LUL
they still have smaller paycheck than shroud Kappa
EU gets so salty when NA gets 1. Lmao EleGiggle
TOP NA TEAM WON TIER 3 TOURNAMENT LUL
EU CANT WIN TIER 3 TOURNAMENT LUL
LIQUID? c9 all the way baby! LUL
online liquid better LAN c9 better :)
WHERES YOUR MAJOR TOURNAMENT WIN NA? LUL
EU CANT WIN TIER 3 LUL
why is Europe so mad? UnSane
WHERES YOUR MAJOR TOURNAMENT WIN NA? ONLY TIER 3 TOURNAMENTS LUL
WE FINALLY WON A T2 TOURNEY?? PogChamp
WHERES YOUR MAJOR TOURNAMENT WIN NA? ONLY TIER 3 TOURNAMENTS . LUL
SPAM THIS NOODLE TO HELP SKADOODLE pastaThat
SPAM THIS NOODLE TO HELP SKADOODLE pastaThat
IT WAS SO CLOSE TO MOUZ 2:0 but they choked BibleThump
WHERES YOUR MAJOR TOURNAMENT WIN NA? ONLY TIER 3 TOURNAMENTS LUL
Hazed hinting he wants to analyze for dh winter LUL
@Tobatha_Gaming WE HAVE ENVYUS FOR THAT LUL
T1 TOURNEY TOMOROW GUESS WHAT NO NA TEAM LUL
great cast, great games , bye bye guys BibleThump
EU CANT WIN TIER 3 TOURNAMENT LUL
WHERES YOUR MAJOR TOURNAMENT WIN NA? ONLY TIER 3 TOURNAMENTS LUL
@SlowPT alot from EU aren't EleGiggle
HLTV BETTER GOT C9 #1 AFTER THIS BibleThump
EU CANT WIN TIER 3 TOURNAMENT LUL
SPAM THIS NOODLE TO HELP SKADOODLE pastaThat
IAN IS THE PROBLEM SOLVER FAK VALENS PogChamp
WE FINALLY WON T2 TOURNEY ?? PogChamp
@phluffyhead true facts stay bad LUL
NA = 0 MAJORS . LUL
EU Can't even win t3 tourney EleGiggle
But there was no good EU teams? :)
BUSH OUTDATED OBAMA OVERRATED HILLARY ELIMINATED TRUMP CONGRATULATED LONG HAVE WE WAITED NOW WE EMIGRATED Jebaited
NA WON CUZ ALL THE GOOD EU TEAMS PLAY A TOURNAMENT THAT MATTERS LUL
C9 WON THE DREAMHACK MAJOR OhMyDog
NA WON CUZ ALL THE GOOD EU TEAMS PLAY A TOURNAMENT THAT MATTERS LUL
WHEN MOUZ WAS THE BETTER EU TEAM LUL
@excedra1321 never a fun game LUL
do you people have nothing better to do than haHAA 'ing at a rick and morty commercial LUL
Only time NA has gone to major finals was because of S1mple LUL
Only time NA has gone to major finals was because of S1mple LUL
EU? EU? EU? EU? @wyre75 SoBayed
C9 better than Faze Huge Kappa
@corrblimey see u at epicenter LUL
@wyre75 EU? EU? EU? EU? EU? EU? EU? EU? EU? EU? EU? EU? SoBayed
36k viewers watching a rerun PogChamp
EU ONLY 1 MAJOR WIN IN LAST 4 LUL
C9 won Esl pro league major in Brazil LUL
Dreamhack made tournaments so NA could win something too LUL
nt eu it was a valiant attempt LUL
@itzShadowfox663 Dreamhack made tournaments so NA could win something too LUL
EU Still Waiting For Comeback LUL
@corrblimey u won im on phone LUL
SPAM THIS NOODLE TO HELP SKADOODLE pastaThat
