I expect some hot baiter action from Happy Jebaited
S E L L O U T 4Head
S E L L U T PogChamp
4HeadS E L L O U T 4Head
i'm feeling empowered by getting paid is what he meant Kappa
who did you call a blue pill HotPokket
Guys, can you whsiper me and tell me who won navi vs gambit? BibleThump
give me the phone i wanna text mum LUL
is sixer is top fragging , the end is near , world gonna end soon :D
Rocket leauge major > csgo major LUL
IceCold MANS NOT HOT IceCold TriHard
67 % hs rate wtf :D
@pblifeisstrange They only play one map :)
@InsomniaticPanda if by best you mean worst, yes LUL
@juhorimo ASSALA TII paapan paisepsoni TriHard
rocket league has more viewers then csgo LUL
I like yo shirt man TriHard
1234 all over the floor Jebaited
RED RED RED RED RED RED RED HappyJack
@InsomniaticPanda they banned nuke train left :(
PIMP, SHOW ME A TRICK PLEASE Kreygasm
get that muslim flag outta here DansGame
Let's bet: will SIXER ruin another game for Envy? LUL
BUDGET ANDERS AND BUDGET HENRYG 4Head
BUDGET ANDERS AND BUDGET HENRYG 4Head
@d1rex_csgo die ganze Zeit nur auf dem Stream und das ~ ist das erste was ich sehe Kappa
Let's bet: will SIXER ruin another game for Envy? LUL
@Beaterploutz Games are best of one for today :)
Let's bet: will SIXER ruin another game for Envy? LUL
I'LL GIVE YOU 4 KEYS FOR THAT HAT PogChamp
Envyus in T side on TRAIN ez LUL
That doll will be under your bed guys better check before sleeping MUHAHAH Kappa
These new TF2 hats look fancy Kappa
@InsomniaticPanda yet im a "casual"? make your mind up NotLikeThis
30k viewers major dead game LUL
idiots typing "xD" in chat NotLikeThis
@vanessaveracruzz do you even math bro? 4Head
idiots typing "idiots typing "xD" in chat " in chat NotLikeThis
best in the world loses long range to mac10 LUL
@VanessaVeracruzz 75 + 35 = 110 LUL
na math in the chat EleGiggle
one more xD and im out FailFish
@Afinnishperson prepare for the worst ! :D
75 + 35 = 90 LUL
shove it down my throat KappaPride
I LOVE SCREAM BUT I HATE ENVYUS I"M SO TORN SwiftRage
they know me for my crab walking sprays Kappa
i had Scream as a nick 2002 when i playd cs. LUL
That actually was 2 taps but he just held it a bit Kappa
MikeeSwe, you and 10000 others LUL
this is IBP all over again NotLikeThis
@insomniaticpanda to going on a better team than g2 Kappa
Why is Ropz a bot now BibleThump
@sp4rkee_ oh right he's ukrainian :p
NA PLEBS TALKING BUT FORGETTING ABOUT OAKLAND 4Head
@grimzzz Ohh Thx for the info ;)
mouse gonna win btw - commentators BrokeBack
So who wasted skins on mousesports LUL
Rops just need to warmup LUL
IceCold MANS NOT HOT IceCold TriHard
SEND THIS FLAME TO SUPPORT MOUSE CurseLit
SEND THIS FLAME TO SUPPORT MOUSE CurseLit
People think that pros on LAN can hear the bomb getting tapped like they can at home LUL
SEND THIS FLAME TO SUPPORT MOUSE CurseLit
SEND THIS FLAME TO SUPPORT MOUSE CurseLit
The T A N K PogChamp
SCREAM THE ONE MAN TEAM Kreygasm
cocaine #1 contributor to sick plays / flicks FeelsGoodMan SoSnowy <3
30k vies in a major LUL
@Fire_C4p3z too much treats for your dog LUL
SEND THIS FLAME TO SUPPORT MOUSE CurseLit
@nichtzzh_ mouz have never won a major LUL
SEND THIS FLAME TO SUPPORT MOUSE CurseLit
"Winner's match, best of 1 | GROUP B" HMM i wonder :thinking: LUL
Csgo, the only place where france can beat germany LUL
: SEND THIS FLAME TO MAKE MOUSE LOSE CurseLit
STYKO SOMETHINGS ON UR HEAD WutFace
happy died first in a round PogChamp
Spam This Funny To Help Out Sunny 4Head
@diclow not in the past 10 years 4Head
SEND THIS FLAME TO SUPPORT MOUSE CurseLit
SPAM THIS PUPPY TO HELP HAPPY FrankerZ
Spam This Funny To Help Out Sunny 4Head
Burn Baby Burn Disco Inferno CurseLit
NOT A 1G WHERE IS THE POLICE BabyRage
SEND THIS FLAME TO SUPPORT MOUSE CurseLit
NOT REAL 1G IT WASNT BEHIND TRAIN BabyRage
that's any team with good teamwork FailFish
ENVY ONE OF THE BEST TEAMS IN THE WORLD LUL
: SEND THIS FLAME TO MAKE MOUSE LOSE CurseLit
only a 1g if its behind duh train BabyRage
best team in the world.. at flashing LUL
: SEND THIS FLAME TO MAKE MOUSE LOSE CurseLit' CurseLit
: SEND THIS FLAME TO MAKE MOUSE LOSE CurseLit
m4a1-s in pop dog TopHat LUL
So Ez mitGasm mitGasm mitKor mitKor NinjaGrumpy
@nors not even 1 german in the team LUL
@kidburrito say 1g summit1g on youtube 4Head
no chill ? chu mean IceCold im chillin CurseLit
SPAM THIS FIRE TO HELP MOUS RETIRE CurseLit
@Insomniuhh adrenW WALTER WALL adrenW only 2 emotes LUL
35K viewers in a small open tournament, cs is alive SantaHat Kreygasm
IceCold MANS NOT HOT IceCold TriHard
Relax guys, it's a T map Kappa
IceCold MANS NOT HOT IceCold MANS NOT HOT IceCold TriHard
IceCold MANS NOT HOT IceCold TriHard
SEND THIS FLAME TO SUPPORT MOUSE CurseLit
IceCold MANS NOT HOT IceCold TriHard
No staff No ban Me orc Me meme SMorc SMOrc
@ampt so GTChimp is already racist FailFish
IceCold MANS NOT HOT IceCold MANS NOT HOT IceCold TriHard
SEND THIS FLAME TO SUPPORT MOUSE CurseLit
No staff No ban Me orc Me meme SMOrc
ez gegen diese deutschen bots :)
2:13 on a ct sided map LUL
ROPZ YOU ARE NOT OLOF Kappa
IceCold MANS NOT HOT IceCold TriHard
ez gegen diese deutschen bots :)
SEND THIS FLAME TO SUPPORT MOUSE CurseLit
IceCold Mans not hot IceCold TriHard
only molly suicide is a 1g idiots FailFish
Jimmy Magnusson here i wanna play csgo 4Head
A 1g is when you molly yourself NotLikeThis
Spam this if you are looking for KennyS Keepo
NOT A 1G IT NEEDS TO BE EXACTLY THE SAME BabyRage
happy round the back side PogChamp
Spam this if you are looking for KennyS. Keepo
Spam this if you are looking for KennyS Keepo
Spam this if you are looking for KennyS Keepo.. Keepo
Spam this if you are looking for KennyS Keepo
It's only a 1g if you die for a molly behind the site and you're willing to defuse the bomb planted on B site train FailFish
i’m gay but nobody will see this KappaPride
all german teams = losing :(
oskar ? ropz ? chrisj ? styko ? tier 99 players 4Head
Spam this if you are looking for KennyS Keepo
@theswedentroller Games are best of one for today :)
UNLESS IT MEETS THE MEME CRITERIA IT'S NOT A 1G BabyRage
Spam this if you think kenny is SHlT Keepo
any1 up for some hns easyblooks? :)
@Jimyjaguar i can play if we have autojump? :)
Where is KennyS giff me KennyS or Riot Spam this. DansGame
@eazytime Games are best of one for today :)
34k VIEWERS ON MAJOR CS IS DEAD GAME LUL
34k VIEWERS ON MAJOR CS IS DEAD GAME LUL
Where is KennyS giff me KennyS or Riot Spam this. DansGame
@RealSebusca 34k VIEWERS ON MAJOR CS IS DEAD GAME LUL
Where is KennyS giff me KennyS or Riot Spam this. DansGame
SEND THIS FLAME TO SUPPORT MOUSE CurseLit
Where is KennyS giff me KennyS or Riot Spam this. DansGame
xms looks like a sad happy LUL
SPAM THIS CAT IN THE CHAT CoolCat
Major final and only 35k viewers? LUL
IceCold MANS NOT HOT IceCold TriHard
even up 13-6 happy not happy knowing they will choke LUL
IceCold MANS NOT HOT IceCold MANS NOT HOT IceCold TriHard
IceCold MANS NOT HOT IceCold TriHard
this is the worst major ever NotLikeThis
IceCold MANS NOT HOT IceCold 7 TriHard
DONT MIND ME JUST SPAMMING ALONG LIKE EVERYONE ELSE 4Head
IceCold MANS NOT HOT IceCold TriHard
IceCold MANS NOT HOT IceCold TriHard
IceCold MANS NOT HOT IceCold MANS NOT HOT IceCold TriHard
IceCold MANS NOT HOT IceCold 7 TriHard
IceCold MANS NOT HOT IceCold TriHard
Where is KennyS giff me KennyS or Riot Spam this. DansGame
@Valhalla_I_Am_Coming it's from a meme-song, check it out on YT "Big Shaq - mans not hot" 7 TriHard
IceCold MANS NOT HOT IceCold TriHard
IceCold MANS NOT HOT IceCold TriHard
IceCold MANS NOT HOT IceCold MANS NOT HOT IceCold TriHard
IceCold MANS NOT HOT IceCold 7 TriHard
OMG EnVy just END IT SantaHat FailFish
@InsomniaticPanda You don't need auto correct for that :)
and the crowd goes SantaHat ResidentSleeper
Spam This to Give respect to SantaHat CoolCat
Where this tournament is this year? cmonBruh
Spam This to Give respect to SantaHat . CoolCat
remember when scream was good? me neither LUL
"so hard to see how he clutches this round" LUL
SEND THIS FLAME TO SUPPORT MOUSE CurseLit
SEND THIS FLAME TO SUPPORT MOUSE CurseLit
IceCold MANS NOT HOT IceCold TriHard
Spam This to Give respect to SantaHat CoolCat
now mouse pls win this :D
Spam This to Give respect to SantaHat . CoolCat
Spam This to Give respect to SantaHat. CoolCat
Spam This to Give respect to SantaHat CoolCat
Train is T sided now 4Head
36K MAJOR GRAND FINAL DEAD GAME 4Head
@Dotane remember G2 ScreaM? nah you wont cuz you are so young LUL
NV and closing out games LUL
Spam This to Give respect to SantaHat CoolCat
IceCold MANS NOT HOT IceCold TriHard
36k viewers on a MAJOR FINAL csgo is dead LUL
IceCold MANS NOT HOT IceCold TriHard
ONLY 10k WATCHINC SHROUD, CS IS ALIVE PogChamp
IceCold MAN'S NO HOT IceCold TriHard
MOUZ TAKE MY ENERGY chrisjMouz chrisjMouz chrisjMouz WutFace
This game is dead as this crowd ResidentSleeper
Spam This to Give respect to SantaHat CoolCat
Spam This to Give respect to SantaHat CoolCat
"train is 75% CT, 35% T" Kappa
SPAM THIS BLAZE TO SUPPORT FAZE CurseLit
DRAGONFORCE, NO ONE HERE WILL KNOW CUS ALL OF YA ARE 8 YEAR OLDS LUL
Spam This to Give respect to SantaHat CoolCat
if envyus lose this match cause of sixer imma so hard LUL
EZ BUGATTI THANKS NV FANGIRLS EleGiggle
@SgtMendon They only play one map :)
Spam This to Give respect to SantaHat CoolCat
Spam This to Give respect to SantaHat CoolCat
SPAM THIS BOT TO HELP ROPZ MrDestructoid
Spam This to Give respect to SantaHat 1 CoolCat
SPAM THIS BOT TO HELP ROPZ MrDestructoid
Spam This to Give respect to SantaHat CoolCat
@shelbygr1gh They only play one map :)
SEND THIS FLAME TO SUPPORT MOUSE CurseLit
SEND THIS FLAME TO SUPPORT MOUSE CurseLit
SPAM THIS BOT TO HELP ROPZ MrDestructoid
SPAM THIS CHEESE TO HELP MOUSE StinkyCheese
SEND THIS FLAME TO SUPPORT MOUSE CurseLit
@dmanator111 1 German = German LUL
SEND THIS FLAME TO SUPPORT MOUSE CurseLit
-sixer -xms +zywoo +kio and emvy will be team PogChamp
I leave and come back and it's 12 to 14? PogChamp
Spam This to Give respect to SantaHat CoolCat
IceCold MANS NOT HOT IceCold TriHard
GG EZ Mousebots = Bots, bots are bots Kappa
SEND THIS FLAME TO SUPPORT MOUSE CurseLit
SEND THIS FLAME TO SUPPORT MOUSE CurseLit
SEND THIS FLAME TO SUPPORT MOUSE CurseLit
This was 8-1, come back, 12-15 LUL
SEND THIS FLAME TO SUPPORT MOUSE CurseLit
oskar from god to bot LUL
SEND THIS FLAME TO SUPPORT MOUSE CurseLit
SEND THIS FLAME TO SUPPORT MOUSE CurseLit
15 -15 confirmed check HLTV PogChamp
SEND THIS FLAME TO SUPPORT MOUSE CurseLit
SEND THIS FLAME TO SUPPORT MOUSE CurseLit
IceCold MANS NOT HOT IceCold TriHard
IceCold MANS NOT HOT IceCold MANS NOT HOT IceCold TriHard
@sky_dark100 Games are best of one for today :)
N A T U S V I N C E R E 4Head
Pala always has the worst questions FailFish
FINALLY i have become SUPREME me PogChamp
scream has no idea what he just said LUL
@Bob_Todd DICIPRIN? is that some sort of painkiller ? LUL
lul there is a crowd ? Keepo
31-28 took half of the matches away LUL
4 epsorts going at once and everyone's just talking NotLikeThis
@adamz003 They only play one map :)
@adamz003 Games are best of one for today :)
that's a molotov? looks like a NUKE LUL
Damn son where'd you find this? PogChamp
pimpHype pimpHype pimpHype pimpHype pimpHype Kappa
@yacoub456 Games are best of one for today :)
i don't understand the brackets LUL
easy to understand if u have a potato in ur throat LUL
Dreamhackk losing viewer to shroud LUL
I'd rather know the Score Kappa
They kept the headphone jack LUL
@vphobia_ Games are best of one for today :)
Strafe is my favorite app Kappa
Where do u guy the benq screen? :)
13 K ON A MAJOR FINAL ADS? NOT DED GAEM LUL
