the new dust? yea ages ago :D
I mean like the pros wouldn't notice a change KappaRoss
it hates the me command riPepperonis
is this old man chat LUL
I miss the quickscopes with awp :(
@r1val27 19, been playing cs 1,6 since 11, csgo since 17 :D
i started at 10, family thought I'd grow up to kill people LUL
@fantaseeee stronger ??? man I cant get anywhere near bannan on new inferno withot them being stronger haha :D
@Exorzon1 back when the famas was actually a viable weapon in csgo i rather use a cz or deagle than famas haha :D
fnatic dns, cArn, ins, f0rest & Archi Kreygasm
if you are sitting on the far right or left you can see the screen LUL
I told you VP will win Kappa
im not talking im typing :D
i want a girlfriend ? LUL
i bet u live in a well LUL
the good old days of lan finals going until midnight local time PogChamp
it's not docking i tried it Kappa
my twitch is broken z has 222 viewers and he had 124,891,368 ppl watching ever Kappa
kda lul SEIZED-0.65 APEX 1.48 SEIZED LUL
only real LULer can build this perfect pyramid . Try like me !Try like me ! Try like me !! And my pyramid still higher!!!!!! LUL
is he wearing body armor? OpieOP
Stop thinking ur sherlock and let the NiP org. decide if he is good enough or not :)
