perfect time for an advertisement Kappa
liquid taco ? is that when you pee out your butt ? liquid taco ? is that when you pee out your butt ? WutFace
HELLO DREAMHACK VALVE HERE LAST EVENT 4Head
HELLO DREAMHACK VALVE HERE LAST EVENT 4Head
control+w for fix twitch bugs guys VoteNay
R I P VALVE xd 4Head
liquid taco ? is that when you pee out your butt ? liquid taco ? is that when you pee out your butt ? WutFace
SPAM THIS NOODLE TO HELP SKADOODLE2018-01-29 00:26 pastaThat
ptsd from cold in apps for liquid LUL
ONE MORE 7 AND IM OUT TriHard
liquid taco ? is that when you pee out your butt ? liquid taco ? is that when you pee out your butt ? WutFace
Someone hire me, Im better than all these bot players Kappa
EU CS EU CS EU CS EU CS EU CS LUL
77K AND NO FORSEN SUBS IN CHAT LUL
just get a house LOOOOOOOOOOOOL 4Head
NA SMOKE NA SMOKE NA SMOKE LULNA SMOKE LUL
Taco was the Problem Taco was the Problem LUL
liquid taco ? is that when you pee out your butt ? liquid taco ? is that when you pee out your butt ? WutFace
EU CS EU CS EU CS EU CS EU CS LUL
liquid taco ? is that when you pee out your butt ? liquid taco ? is that when you pee out your butt ? WutFace
USA = UNITED SILVERS OF AMERICA StinkyCheese
device save #3 help me to count twitch chat LUL
VACO > NA CS/ ASTRALIS PogChamp
They talk about VACO shots PogChamp
USA = UNITED SILVERS OF AMERICA StinkyCheese
USA = UNITED SILVERS OF AMERICA ++ StinkyCheese
@s4cuuul taco morre uma vez pra 3 nego atirando nele e é ''bot'' LUL
USA = UNITED SILVERS OF AMERICA StinkyCheese. StinkyCheese
USA fucking EU up when they only have 2 teams 4Head
gla1ve = KIKO ... chaves approves! Kappa
@felipehoef ele nem ultimo não é haterzinho de merda FailFish
USA = UNITED SILVERS OF AMERICA StinkyCheese
EU CS EU CS EU CS EU CS EU CS LUL
Someone hire me Im better than these bot players Kappa
USA = UNITED SILVERS OF AMERICA . StinkyCheese
did he say butt liquid WutFace
Mds do ceu é cada hater q é até engraçado LUL
EU CS EU CS EU CS EU CS EU CS LUL
feels good tto see vaco playing happy :D
TACO WAS THE PROBLEM RIP SK LUL
liquid taco ? is that when you pee out your butt ? liquid taco ? is that when you pee out your butt ? WutFace
EU CS EU CS EU CS EU CS EU CS LUL
FORSEN PLAYING GOD OF WAR ResidentSleeper
liquid taco ? is that when you pee out your butt ? liquid taco ? is that when you pee out your butt ? WutFace
NA ERA NA ERA NA ERA NA ERA NA ERA NA ERA LUL
DK CS DK CS DK CS LUL
EU CS EU CS EU CS EU CS EU CS LUL
NA ERA NA ERA NA ERA NA ERA NA ERA NA ERA 6g LUL
OUR NAME IS ASTRALIS OUR STRATS ARE JOKES SOMETIMES WE WIN BUT MOSTLY WE CHOKE 4Head
@9teen you're too old for my tase DansGame
liquid taco ? is that when you pee out your butt ? liquid taco ? is that when you pee out your butt ? WutFace
EU CS EU CS EU CS EU CS EU CS LUL
Taco holding B Kreygasmxyp9x holding B WutFace
bait? its a trade noobs FailFish
NA ERA NA ERA NA ERA NA ERA NA ERA NA ERA mg LUL
EU CS EU CS EU CS EU CS EU CS LUL
EU CS THIS IS YOUR BEST TEAM? LUL
NA ERA NA ERA NA ERA NA ERA NA ERA NA ERA rc\ LUL
@bgat79 you have diarrhoea when you pee out of your butt LUL
TOOK NA 10 YEARS TO GET GOOD LUL
Don't miss out on watching the event live, grab your tickets here - https://twitter.com/DreamHackCSGO/status/979377806760177664 :)
80.000 views and no weebs in chat LUL
WE HAVE TRUMP, WHAT DO YOU HAVE? THE SOCIALIST ANGELA MERKEL ? MingLee
liquid taco ? is that when you pee out your butt ? liquid taco ? is that when you pee out your butt ? WutFace
EU CS Both pistols only 9 rounds EZ LUL
SPAM THIS NOODLE TO HELP SKADOODLE2018-01-29 00:26 pastaThat
EU CS EU CS EU CS EU CS EU CS LUL
Mój stary miał nową kobiete i mówi że jest w porządku SSSsss
SPAM THIS NOODLE TO HELP SKADOODLE2018-01-29 00:27 pastaThat
SE VOCÊ É BRASILEIRO VOLTE PRO BUEIRO SE VOCÊ É BRASILEIRO VOLTE PRO BUEIRO SwiftRage
NA ERA ONE MAP NA ERA ONE MAP NA ERA ONE MAP NA ERA ONE MAP LUL76hn LUL
THE 1G POLICE IS HERE DatSheffy
NOT A REAL 1G SILVERS FailFish
ANY MOLLY DEATH = 1G LUL
NA THROW NA CS NA THROW NA CS NA THROW NA CS NA THROW NA CS LUL
EU CS EU CS EU CS EU CS EU CS LUL
NA THROW NA CS NA THROW NA CS NA THROW NA CS 76 LUL
NA CS NA CS NA CS NA CS LUL
NA CS NA CS NA CS NA CS NA CS FailFish
NA THROW NA CS NA THROW NA CS NA THROW NA CS NA THROW LUL
NA CS NA CS NA CS NA CS LULNA CS LUL
liquid taco ? is that when you pee out your butt ? liquid taco ? is that when you pee out your butt ? WutFace
OUR NAME IS ASTRALIS OUR STRATS ARE JOKES SOMETIMES WE WIN BUT MOSTLY WE CHOKE 4Head
USA = UNITED SILVERS OF AMERICA StinkyCheese
EU CS EU CS EU CS EU CS EU CS LUL
@drowzyX drunk enough to sub to dreamhack LUL
NA THROW NA CS NA THROW NA CS NA THROW NA CS NA THROW 7 LUL
@Woget ya cuz ive subbed LUL
device is so good and handsome Kreygasm
WHO PUT THIS GAME ON EZ MODE? LUL
EU CS EU CS EU CS EU CS EU CS LUL
NINJA MORE VIEWERS THAN THIS MAJOR LUL
liquid taco ? is that when you pee out your butt ? liquid taco ? is that when you pee out your butt ? WutFace
EU CS EU CS EU CS EU CS EU CS LUL
USA = UNITED SILVERS OF AMERICA StinkyCheese
I'm so happy I clutched that SeriosuSloth SeriousSloth
must be hard living in EU LuL losing your culture and now losing the one thing you're good at LuL CS 4Head
EU CS EU CS EU CS EU CS EU CS LUL
ban one american and you get the whole mcdonalds OpieOP
ATLEAST EU STILL GOT HEALTH CARE LUL
chat going so fast no one will notice im vegan PogChamp
1 MORE FORSEN EMOTE AND IM OUT SwiftRage
LIQUID JUST PUT THIS GAME ON EZ MODE LUL
DONT COPY THIS MESSAGE OR I'LL KILL MYSELF RIGHT NOW... (pls dont :(
must be hard living in EU LuL losing your culture and now losing the one thing you're good at LuL CS LuL 4Head
USA = UNITED SILVERS OF AMERICA StinkyCheese
COLONIAL CS LULCOLONIAL CS COLONIAL LUL
SPAM THIS FIRE TO HELP DUPREEH RETIRE CurseLit
85K IN CHAT AND NO "xD" ? LUL
EU CS EU CS EU CS EU CS EU CS LUL
USING CZ OVER THE AWP LUL
NICE AWP NICE AWP NICE AWP 4Head
WHO PUT THIS GAME ON EZ MODE? LUL
liquid taco ? is that when you pee out your butt ? liquid taco ? is that when you pee out your butt ? WutFace
2 pistols and still getting fucked LUL
EU CS EU CS EU CS EU CS EU CS LUL
@xobiff I see you boy <3
final "twist" in the tail LUL
use cz why no awp ? tryhard throw for device LUL
NA CS NA CS NA CS NA CS NA CS NA CS NA CS NA CS NA CS LUL
EU´is so quite cause they will win the Tournament anyway PogChamp
EU CS EU CS EU CS EU CS EU CS LUL
WHO PUT THAT ROUND ON EZ MODE? LUL
just throw liquid comeback to trash game 2 LUL
P I S T N LUL
dead game but there 84k LUL
liquid taco ? is that when you pee out your butt ? liquid taco ? is that when you pee out your butt ? WutFace
@tiagofirmiano wait until you see stewie on sk LUL
THIS CHAT IS A PURE TROLL LUL
Ja p1erdole stuped chat, suk bliet.. stop dis spam ples, im very trigger at moment and becom very piss!!! ty kurw0 chat, don't evn tri to copi this msg, thank for understand! Kappa
EU? EU? EU? EU? EU? EU? SoBayed
only real LULer can build this perfect pyramid . Try like me !Try like me ! Try like me !! And my pyramid still higher!!!!!! LUL
TACO MORE MAJORS THAN NA LUL
EU ALREADY LOST FAZE AND FNATIC NOW ASTRALIS TOO LUL
All the silvers calling taco a bot LUL
OH A JUMPING DOUBLE FROM COLD PogChamp
USA = UNITED SILVERS OF AMERICA StinkyCheese
USA = UNITED SILVERS OF AMERICA StinkyCheese
must be hard living in EU LuL losing your culture and now losing the one thing you're good at LuL CS LuL 4Head
DANISH CS IN 2K18 OMEGALUL LUL
Don't miss out on watching the event live, grab your tickets here - https://twitter.com/DreamHackCSGO/status/979377806760177664 :)
USA = UNITED SILVERS OF AMERICA ' StinkyCheese
SPAM THESE MICE TO HELP DEVICE Mau5
"a player you can almost count on" LUL
DEIXA O TAQUINHO SONHÁ O IÁ IÁ BlargNaut
USA = UNITED SILVERS OF AMERICA dadada StinkyCheese
only real WEEB can build this perfect pyramid . Try like me !Try like me ! Try like me !! And my pyramid still higher!!!!!!!!! !!! VoHiYo
NA CS NA CS NA CS NA CS NA CS LUL
WHO SAID EZ 300$ UNDER????? LUL
only real WEEB can build this perfect pyramid . Try like me !Try like me ! Try like me !! And my pyramid still higher!!!!!!!!! !!! VoHiYo
they lost 1 won choke btw chat = BrokeBack
@chickend1ppers back in 2014 where's french CS now LUL
SPAM THESE MICE TO HELP DEVICE Mau5
only real WEEB can build this perfect pyramid . Try like me !Try like me ! Try like me !! And my pyramid still higher!!!!!!!!! !!! VoHiYo
Nuclearb0m Hey remember when the EU super team got shit on by c9 lead by FNS? ME TOO LUL
@Flip37 Ok but nothing to do with what I juts said LUL
LIQUID CHOKE ON MIRAGE AGAIN LUL
EU NERVOUS GOTTA MAKE JOKES LUL
16-13 / 16-19 incoming try hard throwing hdc LUL
NA CS 1 MAJOR WIN LUL
USA = UNITED SILVERS OF AMERICA StinkyCheese
TACO HAS MORE MAJORS THAN NA LUL
@Meatloaph The superteam was the one with shox in, not god damn mixwell and NBK IGL NA CS still LUL
PRONAX 3 MAJORS POGGERS DEVICE 1 LUL
USA = UNITED SILVERS OF AMERICA StinkyCheese.. StinkyCheese
EU kids actually mad over a video game EleGiggle
ELIGE = MOST PUNCHABLE FACE EVER LUL
USA = UNITED SILVERS OF AMERICA StinkyCheese
EU SOCIALISM LuL YOUR MONEY IS MINE 😡 LUL
Nuclearb0m That shit is hilarious how stupid you are typical EU LUL
@Flip37 You are the one who started spamming CopyPasta about EU being bad at CS. I smell a hypocrite LUL
astralist throw hdc and over device tac LUL
NA THINKING THEY ARE GOOD IF THEY BEAT A TIER 2 EU TEAM LUL
Vroskiii Im here to troll idiots like you LMAO get baited in 4Head
Liquid and choque on Mirage a better love story than twilight EleGiggle
@elightcap12 Faze Up Runner up 4Head
@Meatloaph NA Global = EU Silver LUL
Free Real Estate Free Real Estate :D
BOT-(player name) haHAA hey mom i roasted that player haHAA LUL
USA = UNITED SILVERS OF AMERICA StinkyCheese
Se você acha que k/d é alguma coisa o bot é você LUL
@Flip37 FAZE IS TIER 3 LUL
LIQUID AND CHOKING NAME A MORE ICONIC DUO LUL
STEEL WOULD HAVE DONE SOMETHING LUL
LIQUID + MIRAGE = CHOKE LUL
EU THIS NA THATBabyRage IM A BABY IN TWITCH CHAT BabyRage
parece com aquele emoticon do sol LUL
USA = UNITED SILVERS OF AMERICA !!! StinkyCheese
EU Mad About FAZE tarik9 EU Mad About FAZE tarik9 LUL
Zews dont eat the mic WutFace
put this to overtime boys make my pizza worth it <3
USA = UNITED SILVERS OF AMERICA 5 StinkyCheese
WHO HAS A BLACK SCREEN +++ TO THE CHAT VoteNay
USA = UNITED SILVERS OF AMERICA StinkyCheese
WHY IS TACO PALACE??? THATS NAFS SPOT :(
EU THIS NA THATBabyRage IM A BABY IN TWITCH CHAT. BabyRage
WHO HAS A BLACK SCREEN +++ TO THE CHAT VoteNay
time to end device bet on liquid hdc SoBayed
EU legit always chokes lol i feel like all of EU is on edge in here. delusional as fuck and losing the one thing they think theyre good at 4Head
My belly is huge My brain has delay You guessed it right I'm from NA OpieOP
EU THIS NA THATBabyRage IM A BABY IN TWITCH CHAT BabyRage
OLHA ESSE TACO CARA PQP Q BOT LUL
EU THIS NA THAT IM A BABY IN TWITCH CHAT BabyRage
My belly is huge My brain has delay You guessed it right I'm from NA OpieOP
JUAN MATA? JUAN MATA? JUAN MATA? JUAN MATA? LUL
AINDA BEM Q O TACO SAIU DA SK, OBRIGADO DEUS LUL
USA = UNITED SILVERS OF AMERICA StinkyCheese
My belly is huge My brain has delay You guessed it right I'm from NA . OpieOP
Are those red bulls only for the commercials or can you actually drink them? Kappa
: My belly is huge My brain has delay You guessed it right I'm from NA . OpieOP
My belly is huge My brain has delay You guessed it right I'm from NA , OpieOP
USA = UNITED SILVERS OF AMERICA StinkyCheese
WHO PUT THAT ROUND ON EZ MODE? LUL
liquid taco ? is that when you pee out your butt ? liquid taco ? is that when you pee out your butt ? WutFace
EU CS EU CS EU CS EU CS EU CS LUL
EU CS EU CS EU CS EU CS LUL
EU CS EU CS EU CS EU CS EU CS LUL
EU nerds said they Would choke LUL
EU THIS NA THATBabyRage IM A BABY IN TWITCH CHAT BabyRage
liquid taco ? is that when you pee out your butt ? liquid taco ? is that when you pee out your butt ? WutFace
EU CS EU CS EU CS EU CS EU CS EU CS EU CS EU CS EU CS EU CS LUL
My belly is huge My brain has delay You guessed it right I'm from NA OpieOP
EU CS EU CS EU CS EU CS EU CS LUL
EU? EU? EU? v EU? EU? EU? EU? EU? EU? SoBayed
EU ? EU ? EU ? EU ? EU ? SoBayed
LOOK CHAT WE WON ONE MAP YAYYY LUL
EU REKT JUST LIKE REAL LIFE LUL
SILVER CHAT Nova 3 btw BabyRage
EU THIS NA THATBabyRage IM A BABY IN TWITCH CHAT BabyRage
NA NA NA NA NA NA NA NA LUL
henry g looks like a lesbian LUL
LOOK CHAT WE WON ONE MAP YAYYY NA BTW haHAA LUL
LOOK CHAT WE WON ONE MAP YAYYY NA BTW haHAA LUL
ANYONE KNOW WHO PUT THE GAME ON EZ MODE? LUL
black screen, f5 doesn't fix it :(
Don't miss out on watching the event live, grab your tickets here - https://twitter.com/DreamHackCSGO/status/979377806760177664 :)
If you even consider wearing that trash just off yourself right now LUL
FaZe UP FaZe UP FaZe UP FaZe UP BrokeBack
LOOK CHAT WE WON ONE MAP YAYYY NA BTW haHAA LUL
cool swag ... 12 btw LUL
NA CS SO BAD NA CS SO BAD NA CS SO BAD vvzvv LUL
My teeth are disgusting I can't even chew You gussed it right I'm from EU EleGiggle
NA CS SO BAD NA CS SO BAD NA CS SO BAD yyab LUL
My teeth are disgusting It hurts to chew You gussed it right I'm from EU EleGiggle
Don't refresh unless you won't to lose stream LUL
1 My teeth are disgusting It hurts to chew You gussed it right I'm from EU EleGiggle
black screen why i did F5 OMEGALUL NotLikeThis
I refreshed, couldn't take the pressure NotLikeThis
the new TeamTWD TeamFearTWD TeamTWD 7 TriHard
sodaBUDDY sodaBUDDY she was like this all licking Kappa
RACIST, IT'S AFRO AMERICAN STREAM 4Head
If your stream isnt working you can just rewatch the VOD of EU losing again EleGiggle
RACIST IT'S AFRO AMERICAN SCREEN 4Head
The game has already started click F5 to watch LUL
@RennLifeGiver cent said dont refresh, so i did the natural thing, i refreshed LUL
@harryblubber Uptime is: 2h 42m 40s :)
African CS is best CS TriHard
What is this normie music DansGame
yeah it will load without chat... LUL
DONT THINK ABOUT IT CHAT cmonBruh
CAN DEV1CE BECOME A MODEL PLEASE <3
how does twitch break this badly LUL
My teeth are disgusting It hurts to chew You gussed it right I'm from EU EleGiggle
1 My teeth are disgusting It hurts to chew You gussed it right I'm from EU EleGiggle
WINDOWS + D, ALT + F4, ENTER WILL FIX :)
"MIND OF 12 AGE" EU BRAIN BrokeBack
WINDOWS + D, ALT + F4, ENTER WILL FIX :)
My teeth are disgusting It hurts to chew You gussed it right I'm from EU EleGiggle
My teeth are disgusting It hurts to chew You gussed it right I'm from EU EleGiggle
@Mcbeeef That is the worst CopyPasta I have ever seen LUL
My teeth are disgusting It hurts to chew You gussed it right I'm from EU EleGiggle
My teeth are disgusting It hurts to chew You gussed it right I'm from EU EleGiggle
My teeth are disgusting It hurts to chew You gussed it right I'm from EU EleGiggle
twitch app has always worked <3
My teeth are disgusting It hurts to chew You gussed it right I'm from EU EleGiggle
@RKariit you dont sound mad EleGiggle
@cent say you love me KappaPride
@Mcbeeef We get paid to lose EU silvers are better than us Free Money for other teams You guessed it right It's NA LUL
go in the browser settings ans set the flas settings to "allways active" :)
Holy crap these EU pastas are actually embarrassingly bad EleGiggle
@pTk84 DOESN'T CHANGE THE FACT LUL
@Cent i don't mind that ;)
My teeth are disgusting It hurts to chew You gussed it right I'm from EU EleGiggle
@Mcbeeef shut up u have mind of a 12th age EleGiggle
@RennLifeGiver ye i watched it in work literally got paid to watch it LUL
@UH82C1T I'm still at work getting paid to watch this LUL
@Cent has your furry face monster started growing back Kappa
Don't miss out on watching the event live, grab your tickets here - https://twitter.com/DreamHackCSGO/status/979377806760177664 :)
when you so bad at cs you have to talk about teeth LUL
NA CS NA CS NA CS NA CS NA CS NA CS NA CS NA CS NA CS NA CS NA CS NA CS NA CS NA CS NA CS LUL
WON ONE MAJOR THINK WE ARE EU NA BTW LUL
Sorry EU for knowing the only language worth knowing LUL
My teeth are disgusting It hurts to chew You gussed it right I'm from EU EleGiggle
FaZe up FaZe up FaZe up BrokeBack
FaZe lost to FNS and Astralis will lose to TACO OMEGA LUL
Dont be fooled by the music Jebaited
@marvelous_mat it works quite well clearly though :D
Liquid need Brazilian to be good LUL
PRONAX HAS MORE MAJORS THAN NA LUL
Why is it that EU teams have all the fatties? JW, FLUSHA, FRIESBURG OpieOP
1 Why is it that EU teams have all the fatties? JW, FLUSHA, FRIESBURG OpieOP
Brasileiro hateando TACO pq agora? os cara são hater de carterinha msm, n importa ond o TACO estiver, sempre vai ter brasileiro torcendo CONTRA! TRISTEZA LUL
My teeth are disgusting it hurts to chew you guessed it right I'm from EU EleGiggle
@d15cipl3 at least im not fat LUL
TACO vai AFUNDAR QUALQUER TIME QUE ENTRAR LUL
guys , did jdm get benched? emjoi for attention VoHiYo
NA THIS EU THAT YOU GUESSED IT RIGHT I'M A BABY IN TWITCH CHAT BabyRage
Nego acha que chamar de Botaco é xingar LUL
@Cornicunasu69 have you seen EU teams they are fatter look at BIG LUL
EU teams have all the burgers OpieOP
WHERE IS FORTNITE ESPORTS ? Kappa
How to drive merkaba? You know already? Hmm. LUL
liquid cant win pistol rounds LUL
My teeth are disgusting it hurts to chew you guessed it right I'm from EU EleGiggle
ANY NABI HATERS IN CHAT ? SoBayed
OBRIGADO DEUS POR TER TIRADO O TACO DA SK BlessRNG
MY BELLY IS HUGE MY BRAIN HAS DELAY YOU GUESSED IT RIGHT I'M FROM NA. EleGiggle
EU is so ba... wait let me take a breath EU is s... i need to take another one fk give me another burger OpieOP
OBRIGADO DEUS POR TER KIKADO O TACO DA SK BlessRNG
EU THIS NA THATBabyRage IM A BABY IN TWITCH CHAT BabyRage
IM FAT AND MY BRIAN HAS A DELAY YOU GEUSSED IT RIGHT IM FROM NA LUL
OBRIGADO DEUS POR TER KIKADO O TACO DA SK BlessRNG
CTRL + W GIVE SOUVENIR CASE PogChamp
EU is so ba... wait let me take a breath EU is s... i need to take another one fk give me another burger OpieOP
NA CS WHAT A JOKE LUNA CS WHAT A JOKE O_ hs LUL
WHY THE FUCK WAS HE JUMPING LUL
MY COUNTRY HAS MORE FOREIGNERS THAN NATIVES I'M FROM EU LUL
EU is so ba... wait let me take a breath EU is s... i need to take another one fk give me another burger OpieOP
NA CS NA CS NA CS NA CS NA CS NA CS G LUL
2-1 soon NA CS WILL BE BACK TO REALITY :D
OBRIGADO DEUS POR TER KIKADO O TACO DA SK BlessRNG
EU is so ba... wait let me take a breath EU is s... i need to take another one fk give me another burger OpieOP
1st KILL FOR DEVICE WAS KNIFE LUL
How to drive merkaba? You know already. Hmm better google merkaba. LUL
Device in 2k18 Device in 2k18 Device in 2k18 LUL
fatties in the EU eats to much American food LUL
Spam This squid to help Liquid Squid3
CZ NOT TOUCHED FOR 3 YEARS, SUDDENLY OP LUL
spam this fire to help QB FIRE CurseLit
Don't miss out on watching the event live, grab your tickets here - https://twitter.com/DreamHackCSGO/status/979377806760177664 :)
72k views in major? RIP CS LUL
Device in 2k18 Device in 2k18 Device in 2k18 LUL
im from NA i am a fool give me a min to shoot up a school LUL
NA THIS EU THAT YOU GUESSED IT RIGTH I'M STUPID TWITCH CHAT BabyRage
THANK GOD TACO WAS KICKED FROM SK BlessRNG
It's a fake Juan Mata FailFish
im from NA i am a fool give me a min to shoot up a school LUL
im from NA i am a fool give me a min to shoot up a school LUL
GETS KILLS CLOSE RANGE FROM BEHIND WITH 500 INVESTMENT? MUST BE BROKEN CZ:GO LUL
THANK GOD TACO WAS KICKED FROM SK BlessRNG
SPAM KAPPA IF YOURE GAY Kappa
im from NA i am a fool give me a min to shoot up a school LUL
MY BELLY IS HUGE MY BRAIN HAS DELAY YOU GUESSED IT RIGHT I'M FROM NA. EleGiggle
im from NA i am a fool give me a min to shoot up a school LUL
your iq is a false flag LUL
im from NA i am a fool give me a min to shoot up a school LUL
im from NA i am a fool give me a min to shoot up a school LUL
NA CS AT ITS BEST LUL
im from NA i am a fool give me a min to shoot up a school LUL
EU copy pastas get deleted, US ones stay up LUL
im from NA i am a fool give me a min to shoot up a school LUL
im from NA i am a fool give me a min to shoot up a school LUL
ban one american and you get the whole mcdonalds OpieOP
who the heck is Bogdan LUL
EU is so ba... wait let me take a breath EU is s... i need to take another one fk give me another burger OpieOP
im from NA i am a fool give me a min to shoot up a school LUL
ban one american and you get the whole mcdonalds . OpieOP
im from NA i am a fool give me a min to shoot up a school LUL+ LUL
ZEWS SWEATING FROM ALL THAT TALKING Kappa
ban one american and you get the whole burger king OpieOPilyrian1: WENGER OUT OpieOP
EU THIS NA THATBabyRage IM A BABY IN TWITCH CHAT BabyRage
im from NA i am a fool give me a min to shoot up a school LUL
MY BELLY IS HUGE MY BRAIN HAS DELAY YOU GUESSED IT RIGHT I'M FROM NA. EleGiggle
@thedigitalis just no sadokist is a beggar he doesn't eat in finest restaurants lol LUL
im from NA i am a fool give me a min to shoot up a school LUL
im from NA i am a fool give me a min to shoot up a school LUL
EU such a small tiny region full of euro trash LUL
É SÓ RUSHAR B Q É GG, É O BOMB DO TACO LUL
im from NA i am a fool give me a min to shoot up a school LUL
MY BELLY IS HUGE MY BRAIN HAS DELAY YOU GUESSED IT RIGHT I'M FROM NA. EleGiggle
Bye NA, gl next event LUL
SPAM THIS TACO TO HELP OUT TACO DoritosChip
MOM B IS FREE WHY? LUL
MY BELLY IS HUGE MY BRAIN HAS DELAY YOU GUESSED IT RIGHT I'M FROM NA. EleGiggle
im from NA i am a fool give me a min to shoot up a school LUL
ASTRALIS BEST TEAM IN THE WORLD IN OVERPASS PogChamp
@syeonixd C9 alrready beat phase, nice try though 4Head
Make more war in middle east NA trash LUL
MY BELLY IS HUGE MY BRAIN HAS DELAY YOU GUESSED IT RIGHT I'M FROM NA. EleGiggle
MY BELLY IS HUGE MY BRAIN HAS DELAY YOU GUESSED IT RIGHT I'M FROM NA. EleGiggle
OLHA O TACO Q JOGADOR DE QUALIDADE LUL
EU is so ba... wait let me take a breath EU is s... i need to take another one fk give me another burger OpieOP
NA FAKE STATE FULL OF IMMIGRANTS LUL
ASTRALIS BEST TEAM INT WORLD IN OVERPASS PogChamp
EU is so ba... wait let me take a breath EU is s... i need to take another one fk give me another burger OpieOP
EU is so ba... wait let me take a breath EU is s... i need to take another one fk give me another burger OpieOP
im from NA i am a fool give me a min to shoot up a school LUL
im from NA i am a fool give me a min to shoot up a school LUL
EU is so ba... wait let me take a breath EU is s... i need to take another one fk give me another burger OpieOP
JDM would've hit that flick Kappa
NA THIS, EU THAT IM JUST A BABY IN TWITCH CHAT BabyRage
all these kids spamming NA CS what about c9 2-0ing faze n00bz LUL
IM FROM NA MY BRAIN IS A BURGER GIVE ME A SECOND SO I CAN RIDE MY CUCUMBER EleGiggle
EU is so ba... wait let me take a breath EU is s... i need to take another one fk give me another burger OpieOP
im from NA i am a fool give me a min to shoot up a school LUL
My teeth are disgusting I can't even chew You gussed it right I'm from EU OMEGALUL EleGiggle
@juneras this is not Dota you knob LUL
Rusha B que o taco ta lá LUL
Taco left SK for this LUL
NA = STONE AGE LIVING LUL
LOL UNITED SILVERS OF AMERICA? LUL
Device in 2k18 Device in 2k18 Device in 2k18 LUL
i hope shooting up things spam gets perma mods OpieOP
THEY WILL STIL LOSSE THE ROUND LUL
@HankHudson ARE YOU MAD ? cuz im not LUL
Our Central banks run all of the EU anyway LUL
EU is so ba... wait let me take a breath EU is s... i need to take another one fk give me another burger OpieOP
Device in 2k18 Device in 2k18 Device in 2k18 LUL
ban one american and you get the whole mcdonalds OpieOP
@Mcbeeef your the only one spamming tell ur parents ur a failure LUL
EU is so ba... wait let me take a breath EU is s... i need to take another one fk give me another burger OpieOP
idiots actually thought astralist could 16-0 LUL
ban one american and you get the whole mcdonalds OpieOP
SPAM THIS SQUID TO HELP LIQUID Squid3
pretty much round over ? BibleThump
Eurotrash on American Internet, Eurotrash on American made Computers, Eurotash Liberated by the USA, Eurotrash drive scooters LUL
@FollowPJ GG Overpass EZ Astralis win lmao LUL
My teeth are disgusting I can't even chew You gussed it right I'm from EU EleGiggle
EU PISQUEI O TACO JA TA MORTO LUL
EU is so ba... wait let me take a breath EU is s... i need to take another one fk give me another burger OpieOP
Kappa_The_God: im from NA i am a fool give me a min to shoot up a school LUL
1 My teeth are disgusting I can't even chew You gussed it right I'm from EU EleGiggle
NA IS JUST A BIG MESS LUL
NA CS NA CS NA CS LUL
My teeth are disgusting I can't even chew You gussed it right I'm from EU EleGiggle
Eurotrash on American Internet, Eurotrash on American made Computers, Eurotash Liberated by the USA, Eurotrash drive homemade scooters made of wood LUL
NEM PISQUEI E O TACO JA TAVA MORTO LUL
ban one american and you get the whole mcdonalds OpieOP
NA trying to meme about teeth LUL
1 My teeth are disgusting I can't even chew You gussed it right I'm from EU EleGiggle
Hey NA we take Stewie you can keep TACO LUL
Don't miss out on watching the event live, grab your tickets here - https://twitter.com/DreamHackCSGO/status/979377806760177664 :)
NAF AND TACO HOLDING B EleGiggle
EU is so ba... wait let me take a breath EU is s... i need to take another one fk give me another burger OpieOP
My teeth are disgusting I can't even chew You gussed it right I'm from EU EleGiggle
WTF Is this 👉 HYPERS WutFace
1 My teeth are disgusting I can't even chew You gussed it right I'm from EU EleGiggle
ban one american and you get the whole mcdonalds . OpieOP
NITRO HAVE LESS KILLS THAN TACO LUL
New NA Strat. win 1 round save the next 8 Kappa
@tb0ne21 Fuc ki ng swing - emote LUL
EUROTRASH playing an AMERICAN MADE GAME on and AMERICAN MADE TWITCH LUL
1 My teeth are disgusting I can't even chew You gussed it right I'm from EU EleGiggle
normies dont know HYPERS emote LUL
My teeth are disgusting I can't even chew You gussed it right I'm from EU EleGiggle
My teeth are disgusting I can't even chew You gussed it right I'm from EU EleGiggle
NA THIS EU THAT IM A BABY IN TWITCH CHAT BabyRage
EUROTRASH with the OPEN BORDERS LUL
HEY LIQUID SK HERE WE TAKE STEWIE YOU CAN KEEP TACO HeyGuys
Americans living in a country Europeans made LUL
Eurotrash on American Internet, Eurotrash on American made Computers, Eurotash Liberated by the USA, Eurotrash drive homemade scooters made of wood LUL
NA GARBAGE LIVING IN STONE AGE LUL
TACO IS A GREEK GIFT FROM BR LUL
1 My teeth are disgusting I can't even chew You gussed it right I'm from EU EleGiggle
MY BELLY IS HUGE I HAVE NO BRAIN U GUESSED RIGHT IM FROM NA LUL
My teeth are disgusting I can't even chew You gussed it right I'm from EU EleGiggle
NAF depressed all the time BibleThump
NA THIS EU THAT IM A BABY IN TWITCH CHAT BabyRage
NA WORST EU COLONY NA CS NA CS cvxcv LUL
CADE OS FANBOYS DO TACO? LUL
NA CS NA CS NA CS LUL
AMERIFATS SO SALTY STAY BAD AMERIFATS SO SALTY STAY BAD EleGiggle
@Osir1s_tv Hiko is bad now BibleThump
1 My teeth are disgusting I can't even chew You gussed it right I'm from EU EleGiggle
AMERIFATS SO SALTY STAY BAD AMERIFATS SO SALTY STAY BAD EleGiggleMKYGHN EleGiggle
NA Trying to write fairytales while we know EU basically founded NA LUL
WHY USING YOUR TEETH WHEN YOU ARE VEGAN LUL
TACO LEAVING SK FOR LIQUID LUL
@ch1llcs too transparent for vac Kappa
EU SHT TALKING WHILE THEY STILL CAN BEFORE CACHE LUL
AMERIFATS SO SALTY STAY BAD AMERIFATS SO SALTY STAY BAD 6V EleGiggle
AMERIFATS SO SALTY STAY BAD AMERIFATS SO SALTY STAY BAD 5454EGV EleGiggle
NA CS IS A JOKE LUL
NA 0 MAJOR - BR 2 MAJOR LUL
My teeth are disgusting I can't even chew You gussed it right I'm from EU EleGiggle
Standardbred Literally true XD EZ LUL
@jutan123 me n my bf watching together :D
Eurotrash on American Internet, Eurotrash on American made Computers, Eurotash Liberated by the USA, Eurotrash drive homemade scooters made of wood LUL
WAY TOO EASY AGAINST NA OMEGA LUL
IMAGINE THINKING LIQUID IS BETTER THAN C9 LUL
Throw first game and win this LUL
CLOUD 9 IS BETTER THAN LIQUID IN OVERPASS FailFish
@3thanoLCS thats a good one LUL
My dad beats me FeelsBadManMy mom beats me FeelsBadManMy brother beats me FeelsBadManMy sister beats me FeelsBadManAt least I feel safe with NA, because they can't beat anyone FeelsGoodMan LUL
1 My teeth are disgusting I can't even chew You gussed it right I'm from EU EleGiggle
NA CS LuL BRAZIL CS LUL
NA THIS EU THAT IM A BABY IN TWITCH CHAT BabyRage
listen im the captain now LUL
TACO 2 MAJORS = HATERS PRATA LUL
USA = UNITED SILVERS OF AMERICA StinkyCheese
he said where is JDM 4Head
ALL TEAMS WILL LOSSE TO ASTRALIS IN OVERPASS LUL
NA THIS EU THAT IM A BABY IN TWITCH CHAT BabyRage
TACO 2 MAJORS = HATERS PRATA LUL
EU with WIDE OPEN Borders LUL
ban one american and you get the whole mcdonalds OpieOP
NA THIS EU THAT IM A BABY IN TWITCH CHAT BabyRage
@TheL2Reaper highest living standard is in EU...US is on 10... #toodumbtolive 'Muricans LUL
NA FULL OF IMMIGRANTS NO NATIVE PEOPLE THERE LUL
1 My teeth are disgusting I can't even chew You gussed it right I'm from EU EleGiggle
NA THIS EU THAT IM A BABY IN TWITCH CHAT BabyRage
NA THIS EU THAT IM A BABY IN TWITCH CHAT BabyRage
@Mcbeeef "gussed" NICE EDUCATION BRO LUL
NA THIS EU THAT IM A BABY IN TWITCH CHAT BabyRage
NA THIS EU THAT IM A BABY IN TWITCH CHAT BabyRage
NA THIS EU THAT IM A BABY IN TWITCH CHAT BabyRage
-steel +taco what an upgrade LMAO LUL
hey @Lillithy AST fan ? Kappa
my dads beat me im good with NA LUL
PubG was the first Battle Royale - LoL was the first MOBA - CoD was the first Ego Shooter - learn your stuff, nerds Jebaited
EU IS...OH, WAIT CALL THE POLICE IM GETTING SHOT NotLikeThis
we lose but i laugh :D
16-2, almost Tier 3 Team liquid. LUL
EU Wide Open Borders being Over Ran with Refugees and their Government cant DO A DAMN THING ABOUT IT EUROTRASH EURO-COWARDS! LUL
PubG was the first Battle Royale - LoL was the first MOBA - CoD was the first Ego Shooter - learn your stuff, nerds LUL
ELIGE LAUGHING OF HIS HAIR LUL
@3thanolcs I love Spam. But sometimes you guys won't shut-up NotLikeThis
EUROTRASH EUROCOWARD EURO-WIDE OPEN BORDERS LUL
PP BIZON IS THE BEST GUN Kappa
EU is so ba... wait let me take a breath EU is s... i need to take another one fk give me another burger OpieOP
NA THIS EU THAT IM A BABY IN TWITCH CHAT BabyRage
NA LIVING WITHOUT HEALTH CARE NO FUTURE NOTHING JUST A BIG MESS OF TOWARDS LUL
EU light years behind us ! LUL
20 DMG IN 3 HITS LUL
I forgot this gun even existed LUL
'Muricans believing that chocolate milk comes from brown cows LUL
30 bullets shots in gla1ve = 20 dmg LUL
MY BELLY IS HUGE MY BRAIN HAS DELAY YOU GUESSED IT RIGHT I'M FROM NA. EleGiggle
MY BELLY IS HUGE MY BRAIN HAS DELAY YOU GUESSED IT RIGHT I'M FROM NA. EleGiggle
PP BIZON IS MORE EXPENSIVE THAN CZ LUL
PP BIZON IS MORE EXPENSIVE THAN CZ LUL
MY BELLY IS HUGE MY BRAIN HAS DELAY YOU GUESSED IT RIGHT I'M FROM NA. EleGiggle
TACO GOT KILL AND BAIT 1 AND NITRO WAS TOO SLOW LUL
Don't miss out on watching the event live, grab your tickets here - https://twitter.com/DreamHackCSGO/status/979377806760177664 :)
EZ for LIQUID on CACHE LUL
taco left sk for this? FailFish
MY BELLY IS HUGE MY BRAIN HAS DELAY YOU GUESSED IT RIGHT I'M FROM NA. EleGiggle
TACO TEM 2 MAJORS SENDO CARREGADO LUL
HEY LIQUID SK HERE WE TAKE STEWIE YOU CAN KEEP TACO HeyGuys
Yet Taco is the player with the most majors in this match LUL
TACO 2 MAJOR SENDO MOCHILA LUL
I weight 300kg Got diabetes You guessed right im from na LUL
BOTACO BOTACO BOTACO BOTACO BOTACO BOTACO LUL
SPAM THIS FIST TO FREE SADOKIST Poooound
TACO MORRE PROS OUTROS MATAR LUL
I weight 300kg Got diabetes You guessed right im from na LUL
BOT TACO MORRE PARA OS OUTROS MATAR LUL
>THINKING YOU CAN WIN ASTRALIS ON OVERPASS LUL
Taco was the problem Taco was the problem Taco was the problem LUL
its FeelsBadMan bizon 's fault LUL
I weight 300kg Got diabetes You guessed right im from na LUL
MY BELLY IS HUGE MY BRAIN HAS DELAY YOU GUESSED IT RIGHT I'M FROM NA. EleGiggle
EU BOTS Keep those Border's Open !! LUL
EU such bad aim, they have to rely on strategy LUL
NA START PRAYING TO YOUR GOD LUL
MY BELLY IS HUGE MY BRAIN HAS DELAY YOU GUESSED IT RIGHT I'M FROM NA. EleGiggle
13-3 HLTV. liquid cant win a pistol . LUL
BORA TACO CARREGA A LIQUID LUL
EU BOTS Keep those Border's Open !! LUL
EU MODS EU MODS EU MODS LUL
TACO ENTERRO SK E AGR ENTRERRA LIQUID LUL
MY BELLY IS HUGE MY BRAIN HAS DELAY YOU GUESSED IT RIGHT I'M FROM NA. EleGiggle
MY BELLY IS HUGE MY BRAIN HAS DELAY YOU GUESSED IT RIGHT I'M FROM NA. EleGiggle
Twitch Prime: \: xypx9 is so ugly: TACO LUL: I belive: 😡Twitch Prime: liquid worst pistols in this tournament: TTours
MY BELLY IS HUGE MY BRAIN HAS DELAY YOU GUESSED IT RIGHT I'M FROM NA. EleGiggle
@Mcbeeef NA CS Thinking they can win on Overpass VS Astralis LUL
1 EUROPOOR NOTHING WITHOUT NA MingLee
Overpass best map for NA teams ? LUL
How to fly without a plane? You already know. Hmm if not google merkaba? LUL
Mój Stary miał nową kobiete i mówi ze jest w porządku. Keepo
Are these red bulls for the commercials or can we actually drink them? Kappa
liquid ban overpass next time against astralis ResidentSleeper
this chat is a bunch of logan paulers LUL
Zonic Fater than Zews > Astra Better than LuLQuid BrokeBack
smg accuracy in air is a joke LUL
O CARA MORREU PRO TACO LUL
I WEIGHT 300KG GOT DIABETES YOU GUESSED RIGHT IM FROM NA LUL
MY BELLY IS HUGE MY BRAIN HAS DELAY YOU GUESSED IT RIGHT I'M FROM NA. EleGiggle
Is that you`r final answer ? Kappa
when EU tries to come up with rhymes NotLikeThis
I WEIGHT 300KG GOT DIABETES YOU GUESSED RIGHT IM FROM NA LUL
MY BELLY IS HUGE MY BRAIN HAS DELAY YOU GUESSED IT RIGHT I'M FROM NA. EleGiggle
TACO 2 MAJOR SENDO CARREGADO LUL
1 when EU tries to come up with rhymes NotLikeThis
when EU tries to come up with rhymes NotLikeThis
music like in a movie LUL
MAJOR ATÉ O KIOSHIMA TEM LUL
EVEN TACO CANT CARRY NA CS LUL
I said 16 - 3 :D
Astralos in 2k18 Astralos in 2k18 Astralos in 2k18 LUL
JOGO MELHOR DE PISTOL DO QUE DE RIFLE LUL
STEEL WAS A PROBLEM .. LUL
TACO cant carrying NA players LUL
I said 16 - 3 :D
taco has more major wins than everyone in this game & chat combined LUL
NOTHING CAN BE WORST THAN SPACE SOLDIERS LUL
TACO JOGA DE MAIS GALERA LUL
O TACO TEM 2 MAJOR SENDO CARREGADO LUL
@SweetV0dka he's been turned into steel beams for construction D: LUL
2 MAJORS Carregado por coldzera e fer até bot LUL
NA LIQUID N TEM O COLD PRA CARREGA O TACO LUL
iffy uh blickey got stiffey uh got blickey uh drum hold fiftey uh TriHard
NA LIQUID NAO TEM O COLD PRA CARREGA O TACO LUL
IM FROM NA I AM A FOOL GIVE ME A MIN TO SHOOT UP A SCHOOL f LUL
Astralos in 2k18 Astralos in 2k18 Astralos in 2k18 LUL
TACO É UM CRAQUE DO CSGO BRASILEIRO LUL
TACO MAIOR MOCHILA DO CSGO LUL
like sheep to the slaughter LUL
get ready to lose cache eu shiters LUL
NA THIS EU THAT I'M A BABY IN TWITCH CHAT BabyRage
NA NA NA NA BR LUL
SAVED BY MI BOY ELIGE 4Head
Astralos in 2k18 Astralos in 2k18 Astralos in 2k18 LUL
FINALLY A UK CASTING DUO PogChamp
VIRTUS PRO HOLDING A TROPHY LUL
I BELIEVE I CAN FLY TriHard
only real LULer can build this perfect pyramid . Try like me !Try like me ! Try like me !! And my pyramid still higher!!!!!! LUL
I WEIGHT 300KG GOT DIABETES YOU GUESSED RIGHT I AM FROM NA LUL
only real LULer can build this perfect pyramid . Try like me !Try like me ! Try like me !! And my pyramid still higher!!!!!! LUL
FINALLY a keyboard you can take into the shower BloodTrail
o cara tem um teclado foda e o teto quebrado LUL
I WEIGHT 300KG GOT DIABETES YOU GUESSED RIGHT I AM FROM NA LUL
I WEIGHT 300KG GOT DIABETES YOU GUESSED RIGHT I AM FROM NA LUL
Now i can happily spill my juice all over my keyboard Kreygasm
only real LULer can build this perfect pyramid . Try like me !Try like me ! Try like me !! And my pyramid still higher!!!!!! LUL
Astralos in 2k18 Astralos in 2k18 Astralos in 2k18 LUL
@knasTV WHEN WE ALL KNOW GAMERS DON'T LEAVE THE HOUSE LUL
only real LULer can build this perfect pyramid . Try like me !Try like me ! Try like me !! And my pyramid still higher!!!!!! LUL
it's not a scam, they have cool mini games PogChamp
I WEIGHT 300KG GOT DIABETES YOU GUESSED RIGHT I AM FROM NA LUL
only real LULer can build this perfect pyramid . Try like me !Try like me ! Try like me !! And my pyramid still higher!!!!!! LUL
only real LULer can build this perfect pyramid . Try like me !Try like me ! Try like me !! And my pyramid still higher!!!!!! LUL
I WEIGHT 300KG GOT DIABETES YOU GUESSED RIGHT I AM FROM NA LUL
I WEIGHT 300KG GOT DIABETES YOU GUESSED RIGHT IM FROM NA LUL
YOU THINK ONLY ARE HUGE? TriHard
I WEIGHT 300KG GOT DIABETES YOU GUESSED RIGHT I AM FROM NA LUL
POP 'EM IN THE DOME IN MARSEILLE LUL
I WEIGHT 300KG GOT DIABETES YOU GUESSED RIGHT I AM FROM NA LUL
only real LULer can build this perfect pyramid . Try like me !Try like me ! Try like me !! And my pyramid still higher!!!!!! LUL, LUL
: I WEIGHT 300KG GOT DIABETES YOU GUESSED RIGHT I AM FROM NA LUL
I WEIGHT 300KG GOT DIABETES YOU GUESSED RIGHT IM FROM NA LUL
only real LULer can build this perfect pyramid . Try like me !Try like me ! Try like me !! And my pyramid still higher!!!!!! , LUL
I WEIGHT 300KG GOT DIABETES YOU GUESSED RIGHT I AM FROM NA LUL
SPAM THIS DORITO TO HELP OUT NITR0 DoritosChip
All EU members, your leaders, the ottoman Empire will treat you right, if you follow their laws LUL
Lul i get from danland i got pastry Gues right from astralic LUL
only real LULer can build this perfect pyramid . Try like me !Try like me ! Try like me !! And my pyramid still higher!!!!!! LUL
only real LULer can build this perfect pyramid . Try like me !Try like me ! Try like me !! And my pyramid still higher!!!!!! , LUL
only real LULer can build this perfect pyramid . Try like me !Try like me ! Try like me !! And my pyramid still higher!!!!!! , LUL
I WEIGHT 300KG GOT DIABETES YOU GUESSED RIGHT IM FROM NA LUL
only real LULer can build this perfect pyramid . Try like me !Try like me ! Try like me !! And my pyramid still higher!!!!!! , LUL
boy I cannot wait for my favorite caster saodkist PogChamp
@Scubaswanny Worst Copypasta I have seen on Twitch LUL
Don't miss out on watching the event live, grab your tickets here - https://twitter.com/DreamHackCSGO/status/979377806760177664 :)
Importunity lmfao r u a gay carrot KappaPride
I WEIGHT 300KG GOT DIABETES YOU GUESSED RIGHT I AM FROM NA LUL
only real LULer can build this perfect pyramid . Try like me !Try like me ! Try like me !! And my pyramid still higher!!!!!! LUL
NA THIS EU THAT IM A BABY IN TWITCH CHAT BabyRage
only real LULer can build this perfect pyramid . Try like me !Try like me ! Try like me !! And my pyramid still higher!!!!!! , LUL
only real LULer can build this perfect pyramid . Try like me !Try like me ! Try like me !! And my pyramid still higher!!!!!! LUL
only real LULer can build this perfect pyramid . Try like me !Try like me ! Try like me !! And my pyramid still higher!!!!!! , LUL
only real LULer can build this perfect pyramid . Try like me !Try like me ! Try like me !! And my pyramid still higher!!!!!! , LUL
only real LULer can build this perfect pyramid . Try like me !Try like me ! Try like me !! And my pyramid still higher!!!!!! LUL
only real LULer can build this perfect pyramid . Try like me !Try like me ! Try like me !! And my pyramid still higher!!!!!! LUL
HYPERS NA IS THE BEST HYPERS LUL
I WEIGHT 300KG GOT DIABETES YOU GUESSED RIGHT I AM FROM NA LUL
only real LULer can build this perfect pyramid . Try like me !Try like me ! Try like me !! And my pyramid still higher!!!!!! LUL
only real LULer can build this perfect pyramid . Try like me !Try like me ! Try like me !! And my pyramid still higher!!!!!! LUL
Admin #1 killed TACO with knife_default_ct LUL
ONLY HIGH RANKED PEOPLE CAN COMMENT (SILVER ELITE +) BloodTrail
only real LULer can build this perfect pyramid . Try like me !Try like me ! Try like me !! And my pyramid still higher!!!!!! LUL
only real LULer can build this perfect pyramid . Try like me !Try like me ! Try like me !! And my pyramid still higher!!!!!! LUL
only real LULer can build this perfect pyramid . Try like me !Try like me ! Try like me !! And my pyramid still higher!!!!!! LUL
only real LULer can build this perfect pyramid . Try like me !Try like me ! Try like me !! And my pyramid still higher!!!!!! , LUL
only real LULer can build this perfect pyramid . Try like me !Try like me ! Try like me !! LULAnd my pyramid still higher!!!!!! LUL
only real LULer can build this perfect pyramid . Try like me !Try like me ! Try like me !! And my pyramid still higher!!!!!! LUL
only real LULer can build this perfect pyramid . Try like me !Try like me ! Try like me !! And my pyramid still higher!!!!!! !!!! LUL
all right teams win 2-1 Astralis win allready confirmed RIP 1k bet win :(
only real LULer can build this perfect pyramid . Try like me !Try like me ! Try like me !! And my pyramid still higher!!!!!! LUL
only real LULer can build this perfect pyramid . Try like me !Try like me ! Try like me !! And my pyramid still higher!!!!!! LUL
only real LULer can build this perfect pyramid . Try like me !Try like me ! Try like me !! And my pyramid still higher !!!!!! LUL
you should say liquid, not NA, because C9 won earlier :)
only real LULer can build this perfect pyramid . Try like me !Try like me ! Try like me !! And my pyramid still higher!!!!!! LUL
There are literally lyrics that you can google, i understand asking for song with EDM but come on FailFish
only real LULer can build this perfect pyramid . Try like me !Try like me ! Try like me !! And my pyramid still higher!!!!!! LUL
only real LULer can build this perfect pyramid . Try like me !Try like me ! Try like me !! And my pyramid still higher !!!!!!!!!! LUL
SPAM THIS DORITO TO HELP OUT NITR0 DoritosChip
I WEIGHT 300KG GOT DIABETES YOU GUESSED RIGHT I AM FROM NA LUL
only real LULer can build this perfect pyramid . Try like me !Try like me ! Try like me !! And my pyramid still higher!!!!!! LUL
only real LULer can build this perfect pyramid . Try like me !Try like me ! Try like me !! And my pyramid still higher!!!!!! LUL
only real LULer can build this perfect pyramid . Try like me !Try like me ! Try like me !! And my pyramid still higher!!!!!! LUL
only real LULer can build this perfect pyramid . Try like me !Try like me ! Try like me !! And my pyramid still higher !!!!!!! LUL
only real LULer can build this perfect pyramid . Try like me !Try like me ! Try like me !! And my pyramid still higher!!!!!! LUL
only real LULer can build this perfect pyramid . Try like me !Try like me ! Try like me !! And my pyramid still higher!!!!!! LUL
only real LULer can build this perfect pyramid . Try like me !Try like me ! Try like me !! And my pyramid still higher!!!!!! LUL
only real LULer can build this perfect pyramid . Try like me !Try like me ! Try like me !! And my pyramid still higher !!!!!!!!! LUL
only real LULer can build this perfect pyramid . Try like me !Try like me ! Try like me !! And my pyramid still higher !!!!!!!! LUL
KKona / \ END RACISM KKona / \ TriHard
only real LULer can build this perfect pyramid . Try like me !Try like me ! Try like me !! And my pyramid still higher!!!!!! LUL
KKona / \ END RACISM KKona / \ TriHard
only real LULer can build this perfect pyramid . Try like me !Try like me ! Try like me !! And my pyramid still higher !!!!!!!!!! LUL
im gonna hit u with ...my fist :D
only real LULer can build this perfect pyramid . Try like me !Try like me ! Try like me !! And my pyramid still higher !!!!!!!!!! LUL
only real LULer can build this perfect pyramid . Try like me !Try like me ! Try like me !! And my pyramid still higher!!!!!! LUL
going to school in 2018 EleGiggle
only real LULer can build this perfect pyramid . Try like me !Try like me ! Try like me !! And my pyramid still higher!!!!!!!! TRY LUL
SCHOOL IS VERY IMPORTANT BU HE DOESN'T GO TO SCHOOL ONLINE SOLDIERS LUL
only real LULer can build this perfect pyramid . Try like me !Try like me ! Try like me !! And my pyramid still higher!!!!!!!! Try LUL
LETS GO TO SCKOOL GUAYZZZ LUL
chat is moving so fast nobody will notice im KappaPride
only real LULer can build this perfect pyramid . Try like me !Try like me ! Try like me !! And my pyramid still higher!!!!!!!! try LUL
polenPride sumHassan tarikPride tarikPride sumHassan polenPride KappaPride
why are space soldiers choke on lan ? :D
only real LULer can build this perfect pyramid . Try like me !Try like me ! Try like me !! And my pyramid still higher!!!!!! LUL
CSGO IS OLD FART PLAY MINECRAFT ITS BETTER PunchTrees
only real LULer can build this perfect pyramid . Try like me !Try like me ! Try like me !! And my pyramid still higher!!!!!! LUL
... only real LULer can build this perfect pyramid . Try like me !Try like me ! Try like me !! And my pyramid still higher!!!!!! LUL
only real LULer can build this perfect pyramid . Try like me !Try like me ! Try like me !! And my pyramid still higher!!!!!! LUL
60% of the EU with filthy stinky muslims LUL
only real LULer can build this perfect pyramid . Try like me !Try like me ! Try like me !! And my pyramid still higher!!!!!! LUL
only real LULer can build this perfect pyramid . Try like me !Try like me ! Try like me !! And my pyramid still higher!!!!!! LUL
...... only real LULer can build this perfect pyramid . Try like me !Try like me ! Try like me !! And my pyramid still higher!!!!!! LUL
CSGO IS OLD FART PLAY MINECRAFT PunchTrees
only real LULer can build this perfect pyramid . Try like me !Try like me ! Try like me !! And my pyramid still higher!!!!!! LUL
only real LULer can build this perfect pyramid . Try like me !Try like me ! Try like me !! And my pyramid still higher!!!!!! LUL
only real LULer can build this perfect pyramid . Try like me !Try like me ! Try like me !! And my pyramid still higher!!!!!! LUL
only real LULer can build this perfect pyramid . Try like me !Try like me ! Try like me !! And my pyramid still higher!!!!!! LUL
Astralis was really good at the PGL major in Cache LUL
only real LULer can build this perfect pyramid . Try like me !Try like me ! Try like me !! And my pyramid still higher!!!!!! LUL
only real LULer can build this perfect pyramid . Try like me !Try like me ! Try like me !! And my pyramid still higher!!!!!! LUL
CSGO IS OLD FART PLAY MINECRAFT PunchTrees
only real LULer can build this perfect pyramid . Try like me !Try like me ! Try like me !! And my pyramid still higher!!!!!! LUL
only real LULer can build this perfect pyramid . Try like me !Try like me ! Try like me !! And my pyramid still higher!!!!!! LUL
only real LULer can build this perfect pyramid . Try like me !Try like me ! Try like me !! And my pyramid still higher!!!!!! LUL, LUL
CSGO IS OLD FART PLAY MINECRAFT PunchTrees
only real LULer can build this perfect pyramid . Try like me !Try like me ! Try like me !! And my pyramid still higher!!!!!! LUL
only real 4header can build this perfect pyramid . Try like me !Try like me ! Try like me !! And my pyramid still higher!!!!!! 4Head
only real LULer can build this perfect pyramid . Try like me !Try like me ! Try like me !! And my pyramid still higher!!!!!! LUL
CSGO IS OLD FART PLAY MINECRAFT PunchTrees
only real LULer can build this perfect pyramid . Try like me !Try like me ! Try like me !! And my pyramid still higher!!!!!! LUL
CSGO IS OLD FART PLAY MINECRAFT PunchTrees
NAF = NEVER ADORED FEMALES KappaPride
000 only real LULer can build this perfect pyramid . Try like me !Try like me ! Try like me !! And my pyramid still higher!!!!!! LUL
device side profile makes him look like a mini tom cruise LUL
GOOGLE BANNED CHECK JW TV LUL
CSGO IS OLD FART PLAY MINECRAFT its better PunchTrees
CSGO IS OLD FART PLAY MINECRAFT ITS BETTER PunchTrees
CSGO IS OLD FART PLAY MINECRAFT PunchTrees
JW meme check twitch chat PogChamp
l only real LULer can build this perfect pyramid . Try like me !Try like me ! Try like me !! And my pyramid still higher!!!!!! LUL
Mongs not banned, check chat LUL
Henry is speaking random things LUL
lol and that dude with huge forehead on astralis looks like dwighy from the office LUL
CSGO IS OLD FART PLAY MINECRAFT PunchTrees
only real LULer can build this perfect pyramid . Try like me !Try like me ! Try like me !! And my pyramid still higher!!!!!! LUL
CSGO IS OLD FART PLAY MINECRAFT PunchTrees
only real LULer can build this perfect pyramid . Try like me !Try like me ! Try like me !! And my pyramid still higher!!!!!! LUL
CSGO IS OLD FART PLAY MINECRAFT PunchTrees
We'll be fine, It's just Team Liquid ResidentSleeper
TACO 2 MAJORS = HATERS PRATA LUL
Astralis in 2k18 Astralis in 2k18 Astralis in 2k18 LUL
cant believe tom cruise and dwight from the office play on astralis PogChamp
CSGO IS OLD FART PLAY MINECRAFT PunchTrees
only real LULer can build this perfect pyramid . Try like me !Try like me ! Try like me !! And my pyramid still higher!!!!!! LUL
l only real LULer can build this perfect pyramid . Try like me !Try like me ! Try like me !! And my pyramid still higher!!!!!! LUL
Are these red bulls for the commercials or can we actually drink them? Kappa
@DreamHackCS you always have the best and most flawless production <3
CSGO IS OLD FART PLAY MINECRAFT PunchTrees
Don't miss out on watching the event live, grab your tickets here - https://twitter.com/DreamHackCSGO/status/979377806760177664 :)
only real LULer can build this perfect pyramid . Try like me !Try like me ! Try like me !! And my pyramid still higher!!!!!! LUL
Astralis in 2k18 Astralis in 2k18 Astralis in 2k18 LUL
CSGO IS OLD FART PLAY MINECRAFT PunchTrees
TACO LEFT SK FOR THIS LUL
only real LULer can build this perfect pyramid . Try like me !Try like me ! Try like me !! And my pyramid still higher!!!!!! LUL
only real LULer can build this perfect pyramid . Try like me !Try like me ! Try like me !! And my pyramid still higher!!!!!! LUL
JW BANNED FOR REAL NOW PogChamp
Astralis in 2k18 Astralis in 2k18 Astralis in 2k18 LUL
TACO 2 MAJORS = HATERS PRATA LUL
only real LULer can build this perfect pyramid . Try like me !Try like me ! Try like me !! And my pyramid still higher!!!!!! LUL
@manked go back to rs LUL
only real LULer can build this perfect pyramid . Try like me !Try like me ! Try like me !! And my pyramid still higher!!!!!! LUL
...... only real LULer can build this perfect pyramid . Try like me !Try like me ! Try like me !! And my pyramid still higher!!!!!! LUL
only real LULer can build this perfect pyramid . Try like me !Try like me ! Try like me !! And my pyramid still higher!!!!!! LUL
only real LULer can build this perfect pyramid . Try like me !Try like me ! Try like me !! And my pyramid still higher!!!!!! LUL
70k MAJOR FINAL DEAD GAME LUL
CSGO IS OLD FART PLAY MINECRAFT PunchTrees
only real LULer can build this perfect pyramid . Try like me !Try like me ! Try like me !! And my pyramid still higher!!!!!! LUL
only real LULer can build this perfect pyramid . Try like me !Try like me ! Try like me !! And my pyramid still higher!!!!!! LUL
@manked don’t make me tell Alfie LUL
only real LULer can build this perfect pyramid . Try like me !Try like me ! Try like me !! And my pyramid still higher!!!!!! LUL
STEEL WAS A PROBLEM . LUL
only real LULer can build this perfect pyramid . Try like me !Try like me ! Try like me !! And my pyramid still higher!!!!!! LUL
only real LULer can build this perfect pyramid . Try like me !Try like me ! Try like me !! And my pyramid still higher!!!!!! LUL
only real LULer can build this perfect pyramid . Try like me !Try like me ! Try like me !! And my pyramid still higher!!!!!! LUL
only real LULer can build this perfect pyramid . Try like me !Try like me ! Try like me !! And my pyramid still higher!!!!!! LUL
only real LULer can build this perfect pyramid . Try like me !Try like me ! Try like me !! And my pyramid still higher!!!!!! LUL
only real LULer can build this perfect pyramid . Try like me !Try like me ! Try like me !! And my pyramid still higher!!!!!! . LUL
only real LULer can build this perfect pyramid . Try like me !Try like me ! Try like me !! And my pyramid still higher!!!!!! LUL
only real LULer can build this perfect pyramid . Try like me !Try like me ! Try like me !! And my pyramid still higher!!!!!! LUL
only real LULer can build this perfect pyramid . Try like me !Try like me ! Try like me !! And my pyramid still higher!!!!!! LUL
.....LUL only real LULer can build this perfect pyramid . Try like me !Try like me ! Try like me !! And my pyramid still higher!!!!!! LUL
only real LULer can build this perfect pyramid . Try like me !Try like me ! Try like me !! And my pyramid still higher!!!!!! LUL
only real LULer can build this perfect pyramid . Try like me !Try like me ! Try like me !! And my pyramid still higher!!!!!! . LUL
only real LULer can build this perfect pyramid . Try like me !Try like me ! Try like me !! And my pyramid still higher!!!!!! LUL
only real LULer can build this perfect pyramid . Try like me !Try like me ! Try like me !! LULLUL And my pyramid still higher!!!!!! LUL
: only real LULer can build this perfect pyramid . Try like me !Try like me ! Try like me !! And my pyramid still higher!!!!!! LUL
only real LULer can build this perfect pyramid . Try like me !Try like me ! Try like me !! And my pyramid still higher!!!!!! LUL
only real LULer can build this perfect pyramid . Try like me !Try like me ! Try like me !! And my pyramid still higher!!!!!! LUL
only real LULer can build this perfect pyramid . Try like me !Try like me ! Try like me !! And my pyramid still higher!!!!!! LUL
only real LULer can build this perfect pyramid . Try like me !Try like me ! Try like me !! And my pyramid still higher!!!!!! 1 LUL
only real LULer can build this perfect pyramid . Try like me !Try like me ! Try like me !! And my pyramid still higher!!!!!! LUL
only real LULer can build this perfect pyramid . Try like me !Try like me ! Try like me !! And my pyramid still higher!!!!!! LUL
............LUL only real LULer can build this perfect pyramid . Try like me !Try like me ! Try like me !! And my pyramid still higher!!!!!! LUL
so stupidLUL only real LULer can build this perfect pyramid . Try like me !Try like me ! Try like me !! LULLUL And my pyramid still higher!!!!!! LUL: car LUL
CSGO IS OLD FART PLAY MINECRAFT PunchTrees
___ only real LULer can build this perfect pyramid . Try like me !Try like me ! Try like me !! And my pyramid still higher!!!!!! . LUL
...... only real LULer can build this perfect pyramid . Try like me !Try like me ! Try like me !! And my pyramid still higher!!!!!! LUL
only real LULer can build this perfect pyramid . Try like me !Try like me ! Try like me !! And my pyramid still higher!!!!!! LUL
.... only real LULer can build this perfect pyramid . Try like me !Try like me ! Try like me !! And my pyramid still higher!!!!!! LUL
...... only real LULer can build this perfect pyramid . Try like me !Try like me ! Try like me !! And my pyramid still higher!!!!!! LUL
only real LULer can build this perfect pyramid . Try like me !Try like me ! Try like me !! LULLUL And my pyramid still higher!!!!!! LUL
only real LULer can build this perfect pyramid . Try like me !Try like me ! Try like me !! And my pyramid still higher!!!!!! LUL
@Soup ur guides suck btw LUL
only real LULer can build this perfect pyramid . Try like me !Try like me ! Try like me !! And my pyramid still higher!!!!!! LUL
only real LULer can build this perfect pyramid . Try like me !Try like me ! Try like me !! And my pyramid still higher!!!!!! LUL
only real LULer can build this perfect pyramid . Try like me !Try like me ! Try like me !! And my pyramid still higher!!!!!! LUL
only real LULer can build this perfect pyramid . Try like me !Try like me ! Try like me !! And my pyramid still higher!!!!!! LUL/ LUL
only real LULer can build this perfect pyramid . Try like me !Try like me ! Try like me !! And my pyramid still higher!!!!!! 1 LUL
so stupid only real LULer can build this perfect pyramid . Try like me !Try like me ! Try like me !! LULLUL And my pyramid still higher!!!!!! LUL: car LUL
................. only real LULer can build this perfect pyramid . Try like me !Try like me ! Try like me !! And my pyramid still higher!!!!!! LUL
..... only real LULer can build this perfect pyramid . Try like me !Try like me ! Try like me !! And my pyramid still higher!!!!!! LUL
______ only real LULer can build this perfect pyramid . Try like me !Try like me ! Try like me !! And my pyramid still higher!!!!!! . LUL
only real LULer can build this perfect pyramid . Try like me !Try like me ! Try like me !! And my pyramid still higher!!!!!! LUL
only real LULer can build this perfect pyramid . Try like me !Try like me ! Try like me !! And my pyramid still higher!!!!!! LUL
only real LULer can build this perfect pyramid . Try like me !Try like me ! Try like me !! And my pyramid still higher!!!!!! LUL
only real LULer can build this perfect pyramid . Try like me !Try like me ! Try like me !! And my pyramid still higher!!!!!! LUL
only real LULer can build this perfect pyramid . Try like me !Try like me ! Try like me !! And my pyramid still higher!!!!!! z LUL
Are these red bulls for the commercials or can we actually drink them? Kappa
only real LULer can build this perfect pyramid . Try like me !Try like me ! Try like me !! And my pyramid still higher!!!!!! 1 LUL
only real LULer can build this perfect pyramid . Try like me !Try like me ! Try like me !! And my pyramid still higher!!!!!! LUL
only real LULer can build this perfect pyramid . Try like me !Try like me ! Try like me !! And my pyramid still higher!!!!!! LUL
only real LULer can build this perfect pyramid . Try like me !Try like me ! Try like me !! And my pyramid still higher!!!!!! LUL
... only real LULer can build this perfect pyramid . Try like me !Try like me ! Try like me !! And my pyramid still higher!!!!!! LUL
...... only real LULer can build this perfect pyramid . Try like me !Try like me ! Try like me !! And my pyramid still higher!!!!!! LUL
Astralis in 2k18 Astralis in 2k18 Astralis in 2k18 LUL
only real LULer can build this perfect pyramid . Try like me !Try like me ! Try like me !! And my pyramid still higher!!!!!! LUL
only real LULer can build this perfect pyramid LULLUL . Try like me !Try like me ! Try like me !! And my pyramid still higher!!!!!! 1\ LUL
_______ only real LULer can build this perfect pyramid . Try like me !Try like me ! Try like me !! And my pyramid still higher!!!!!! . LUL
only real LULer can build this perfect pyramid . Try like me !Try like me ! Try like me !! And my pyramid still higher!!!!!! LUL
only real LULer can build this perfect pyramid . Try like me !Try like me ! Try like me !! And my pyramid still higher!!!!!! LUL
..... only real LULer can build this perfect pyramid . Try like me !Try like me ! Try like me !! And my pyramid still higher!!!!!! LULmonogod32: LUL
only real LULer can build this perfect pyramid . Try like me !Try like me ! Try like me !! And my pyramid still higher!!!!!! LUL
only real LULer can build this perfect pyramid . Try like me !Try like me ! Try like me !! And my pyramid still higher!!!!!! LUL
............ only real LULer can build this perfect pyramid . Try like me !Try like me ! Try like me !! And my pyramid still higher!!!!!! LUL
only real LULer can build this perfect pyramid . Try like me !Try like me ! Try like me !! And my pyramid still higher!!!!!! LUL
..... only real LULer can build this perfect pyramid . Try like me !Try like me ! Try like me !! And my pyramid still higher!!!!!! LUL
only real LULer can build this perfect pyramid . Try like me !Try like me ! Try like me !! And my pyramid still higher!!!!!! LUL
only real LULer can build this perfect pyramid LULLUL . Try like me !Try like me ! Try like me !! And my pyramid still higher!!!!!! 1 xd LUL
..... only real LULer can build this perfect pyramid . Try like me !Try like me ! Try like me !! And my pyramid still higher!!!!!! LUL
...... only real LULer can build this perfect pyramid . Try like me !Try like me ! Try like me !! And my pyramid still higher!!!!!! LUL
only real LULer can build this perfect pyramid LULLUL . Try like me !Try like me ! Try like me !! And my pyramid still higher!!!!!! 1 xd LUL
only real LULer can build this perfect pyramid . Try like me !Try like me ! Try like me !! And my pyramid still higher!!!!!! LUL
gggggggg only real LULer can build this perfect pyramid . Try like me !Try like me ! Try like me !! And my pyramid still higher!!!!!! LUL
only real LULer can build this perfect pyramid . Try like me !Try like me ! Try like me !! And my pyramid still higher!!!!!! LUL
only real LULer can build this perfect pyramid . Try like me !Try like me ! Try like me !! And my pyramid still higher!!!!!! LUL..... LUL
only real LULer can build this perfect pyramid . Try like me !Try like me ! Try like me !! And my pyramid still higher!!!!!! LUL
only real LULer can build this perfect pyramid . Try like me !Try like me ! Try like me !! And my pyramid still higher!!!!!! LUL
only real LULer can build this perfect pyramid . Try like me !Try like me ! Try like me !! And my pyramid still higher!!!!!! LUL
only real LULer can build this perfect pyramid . Try like me !Try like me ! Try like me !! And my pyramid still higher!!!!!! LUL
... ..... only real LULer can build this perfect pyramid . Try like me !Try like me ! Try like me !! And my pyramid still higher!!!!!! LUL
only real LULer can build this perfect pyramid . Try like me !Try like me ! Try like me !! And my pyramid still higher!!!!!! EZ LUL
: ................. only real LULer can build this perfect pyramid . Try like me !Try like me ! Try like me !! And my pyramid still higher!!!!!! LUL
aaaa only real LULer can build this perfect pyramid . Try like me !Try like me ! Try like me !! And my pyramid still higher!!!!!! LUL
only real LULer can build this perfect pyramid . Try like me !Try like me ! Try like me !! And my pyramid still higher!!!!!! LUL
..... only real LULer can build this perfect pyramid . Try like me !Try like me ! Try like me !! And my pyramid still higher!!!!!! LUL
STAY RIGHT WHERE U ARE TheIlluminati
only real LULer can build this perfect pyramid . Try like me !Try like me ! Try like me !! And my pyramid still higher!!!!!! LUL
: only real LULer can build this perfect pyramid . Try like me !Try like me ! Try like me !! And my pyramid still higher!!!!!! LUL
only real LULer can build this perfect pyramid . Try like me !Try like me ! Try like me !! And my pyramid still higher!!!!!! LUL
only real LULer can build this perfect pyramid . Try like me !Try like me ! Try like me !! And my pyramid still higher!!!!!! . LUL
only real LULer can build this perfect pyramid . Try like me !Try like me ! Try like me !! And my pyramid still higher!!!!!! LUL
only real LULer can build this perfect pyramid . Try like me !Try like me ! Try like me !! And my pyramid still higher!!!!!! LUL
kokokok only real LULer can build this perfect pyramid . Try like me !Try like me ! Try like me !! And my pyramid still higher!!!!!! LUL
...... only real LULer can build this perfect pyramid . Try like me !Try like me ! Try like me !! And my pyramid still higher!!!!!! LUL
only real LULer can build this perfect pyramid . Try like me !Try like me ! Try like me !! And my pyramid still higher!!!!!! LUL
only real LULer can build this perfect pyramid . Try like me !Try like me ! Try like me !! And my pyramid still higher!!!!!! LUL
only real LULer can build this perfect pyramid . Try like me !Try like me ! Try like me !! And my pyramid still higher!!!!!! . LUL
Turbo: only real LULer can build this perfect pyramid . Try like me !Try like me ! Try like me !! And my pyramid still higher!!!!!! LUL
only real LULer can build this perfect pyramid . Try like me !Try like me ! Try like me !! And my pyramid still higher!!!!!! LUL.. LUL
: only real LULer can build this perfect pyramid . Try like me !Try like me ! Try like me !! And my pyramid still higher!!!!!! LUL
only real LULer can build this perfect pyramid . Try like me !Try like me ! Try like me !! And my pyramid still higher!!!!!! . LUL
xdxdxd only real LULer can build this perfect pyramid . Try like me !Try like me ! Try like me !! And my pyramid still higher!!!!!! LUL
only real LULer can build this perfect pyramid . Try like me !Try like me ! Try like me !! And my pyramid still higher!!!!!! . , LUL
: ................. only real LULer can build this perfect pyramid . Try like me !Try like me ! Try like me !! And my pyramid still higher!!!!!! LUL
only real LULer can build this perfect pyramid . Try like me !Try like me ! Try like me !! And my pyramid still higher!!!!!! .. LUL
... only real LULer can build this perfect pyramid . Try like me !Try like me ! Try like me !! And my pyramid still higher!!!!!! LUL
only real LULer can build this perfect pyramid . Try like me !Try like me ! Try like me !! And my pyramid still higher!!!!!! LUL
only real LULer can build this perfect pyramid . Try like me !Try like me ! Try like me !! And my pyramid still higher!!!!!! LUL
kokokok only real LULer can build this perfect pyramid . Try like me !Try like me ! Try like me !! And my pyramid still higher!!!!!! LUL
: ................... only real LULer can build this perfect pyramid . Try like me !Try like me ! Try like me !! And my pyramid still higher!!!!!! LUL
only real LULer can build this perfect pyramid . Try like me !Try like me ! Try like me !! And my pyramid still higher!!!!!! LUL: XD: LULTwitch Prime: XD LUL
hahaha only real LULer can build this perfect pyramid . Try like me !Try like me ! Try like me !! And my pyramid still higher!!!!!! LUL
only real LULer can build this perfect pyramid . Try like me !Try like me ! Try like me !! And my pyramid still higher!!!!!! LUL
xd xd xd only real LULer can build this perfect pyramid . Try like me !Try like me ! Try like me !! And my pyramid still higher!!!!!! LUL
only real LULer can build this perfect pyramid . Try like me !Try like me ! Try like me !! And my pyramid still higher!!!!!! LUL
only real LULer can build this perfect pyramid . Try like me !Try like me ! Try like me !! And my pyramid still higher!!!!!! LUL
only real LULer can build this perfect pyramid . Try like me !Try like me ! Try like me !! And my pyramid still higher!!!!!! . , LUL
--------LUL only real LULer can build this perfect pyramid . Try like me !Try like me ! Try like me !! And my pyramid still higher!!!!!! LUL
... only real LULer can build this perfect pyramid . Try like me !Try like me ! Try like me !! And my pyramid still higher!!!!!! LUL
kokokok only real LULer can build this perfect pyramid . Try like me !Try like me ! Try like me !! And my pyramid still higher!!!!!! LUL
only real LULer can build this perfect pyramid . Try like me !Try like me ! Try like me !! And my pyramid still higher!!!!!! LUL
only real LULer can build this perfect pyramid . Try like me !Try like me ! Try like me !! And my pyramid still higher!!!!!! . LUL
only real LULer can build this perfect pyramid . Try like me !Try like me ! Try like me !! And my pyramid still higher!!!!!! . LUL
------LUL only real LULer can build this perfect pyramid . Try like me !Try like me ! Try like me !! And my pyramid still higher!!!!!! LUL
.........LUL only real LULer can build this perfect pyramid . Try like me !Try like me ! Try like me !! And my pyramid still higher!!!!!! LUL
Spam this squid to help Liquid Squid3
1 : ................... only real LULer can build this perfect pyramid . Try like me !Try like me ! Try like me !! And my pyramid still higher!!!!!! LUL
only real LULer can build this perfect pyramid . Try like me !Try like me ! Try like me !! And my pyramid still higher!!!!!! LUL
kokokok only real LULer can build this perfect pyramid . Try like me !Try like me ! Try like me !! And my pyramid still higher!!!!!! LUL
only real LULer can build this perfect pyramid . Try like me !Try like me ! Try like me !! And my pyramid still higher!!!!!! EZ LUL
only real LULer can build this perfect pyramid . Try like me !Try like me ! Try like me !! And my pyramid still higher!!!!!! .. LUL
only real LULer can build this perfect pyramid . Try like me !Try like me ! Try like me !! And my pyramid still higher!!!!!! LUL
: ................... only real LULer can build this perfect pyramid . Try like me !Try like me ! Try like me !! And my pyramid still higher!!!!!! 1 LUL
......... only real LULer can build this perfect pyramid . Try like me !Try like me ! Try like me !! And my pyramid still higher!!!!!! LUL
only real LULer can build this perfect pyramid . Try like me !Try like me ! Try like me !! And my pyramid still higher!!!!!! LUL
...... only real LULer can build this perfect pyramid . Try like me !Try like me ! Try like me !! And my pyramid still higher!!!!!! LUL
....... LULonly real LULer can build this perfect pyramid LULLUL . Try like me !Try like me ! Try like me !! LULAnd my pyramid still higher!!!!!! LULLUL LUL
_______. only real LULer can build this perfect pyramid . Try like me !Try like me ! Try like me !! And my pyramid still higher!!!!!! . LUL
16 - 3 hltv confirmed Kappa
only real LULer can build this perfect pyramid . Try like me !Try like me ! Try like me !! And my pyramid still higher!!!!!! LUL
-------- only real LULer can build this perfect pyramid . Try like me !Try like me ! Try like me !! And my pyramid still higher!!!!!! LUL
only real LULer can build this perfect pyramid . Try like me !Try like me ! Try like me !! And my pyramid still higher!!!!!! LUL
only real LULer can build this perfect pyramid . Try like me !Try like me ! Try like me !! And my pyramid still higher!!!!!! LUL
only real LULer can build this perfect pyramid . Try like me !Try like me ! Try like me !! And my pyramid still higher!!!!!! LUL
only real LULer can build this perfect pyramid . Try like me !Try like me ! Try like me !! And my pyramid still higher!!!!!! ... LUL
USA = UNITED SILVERS OF AMERICA ++ StinkyCheese
Kian_Thrane_19: only real LULer can build this perfect pyramid . Try like me !Try like me ! Try like me !! And my pyramid still higher!!!!!! EZ LUL
1 : ................... only real LULer can build this perfect pyramid . Try like me !Try like me ! Try like me !! And my pyramid still higher!!!!!! LUL
............... only real LULer can build this perfect pyramid . Try like me !Try like me ! Try like me !! And my pyramid still higher!!!!!! LUL
only real LULer can build this perfect pyramid . Try like me !Try like me ! Try like me !! And my pyramid still higher!!!!!! .. LUL
only real LULer can build this perfect pyramid . Try like me !Try like me ! Try like me !! And my pyramid still higher!!!!!! LUL
only real LULer can build this perfect pyramid . Try like me !Try like me ! Try like me !! And my pyramid still higher!!!!!! LUL
only real LULer can build this perfect pyramid . Try like me !Try like me ! Try like me !! And my pyramid still higher!!!!!! LUL
only real LULer can build this perfect pyramid . Try like me !Try like me ! Try like me !! And my pyramid still higher!!!!!! LUL
only real LULer can build this perfect pyramid . Try like me !Try like me ! Try like me !! And my pyramid still higher!!!!!! LUL
Astralis in 2k18 Astralis in 2k18 Astralis in 2k18 LUL
0ceanLUL they literally won the last major 4Head
EVEN ON 15-3 LIQUID WILL LOSE LUL
when NA try insult eu LUL
MODS DID YOU SEE THAT cmonBruh
ITS LULLERS LIKE YOU GUYS THAT GIVE TWITCH CHAT A BAD NAME LUL
@cent you’ll never take our memes SwiftRage
@Cent no you failed us :(
ITS LULLERS LIKE YOU GUYS THAT GIVE TWITCH CHAT A BAD NAME LUL
don't copy the name when you copy the pasta FailFish
ITS LULLERS LIKE YOU GUYS THAT GIVE TWITCH CHAT A BAD NAME LUL
Just use the banlist keywords feature BrokeBack
Is this Overwatch stream? 7 TriHard
ITS LULLERS LIKE YOU GUYS THAT GIVE TWITCH CHAT A BAD NAME LUL
77k watching major final dead game LUL
@HankHudson when NA try insult eu LUL
Literally says the series score on screen LUL
@cyterizz keep those borders open LUL
IF YOU DONT WANNA READ CHAT JUST LOSE IT LUL
IF YOU DONT WANNA READ CHAT JUST CLOSE IT LUL
NA smoke NA aim NA rush NA bots LUL
its every day bro with SupersitiuM flow LUL
NA TEAMS CHOKING SINCE 2K15 LUL
Give the CZ the Negev mag capacity BabyRage
EU THIS NA THATBabyRage IM A BABY IN TWITCH CHAT BabyRage
someone tell Liquid this is not baseball LUL
no WAY the almighty USA lose to a country smaller than the state of Ohio LUL
ITS LULLERS LIKE YOU GUYS THAT GIVE TWITCH CHAT A BAD NAME LUL
its every day bro with SupersitiuM flow LUL
I'm listening to DOOM 1 OST Jebaited
pick up Taco great idea LUL
NO WAY the almighty USA loses to a sh1thole country smaller than the state of Ohio LUL
@Monstrocitie asking for a picture of someone weirdo LUL
My dad beats me FeelsBadMan My mom beats me FeelsBadMan My brother beats me FeelsBadMan My sister beats me FeelsBadMan At least I feel safe with NA, because they can't beat anyone FeelsGoodMan LUL
NO WAY the almighty USA loses to a sh1thole country smaller than the state of Ohio LUL
And my pyramid still higher!!!!!! !!!! LUL
My dad beats me FeelsBadMan My mom beats me FeelsBadMan My brother beats me FeelsBadMan My sister beats me FeelsBadMan At least I feel safe with NA, because they can't beat anyone FeelsGoodMan LUL
- BOTACO + HIKO BRA71L LUL
NO WAY the almighty USA loses to a sh1thole country nobody EVER HEARD OF smaller than the state of Ohio LUL
Hello EU Last Major win? 4Head
NA THIS.. EU THAT ... IAM A BABY IN TWITCH CHAT BabyRage
My dad beats me FeelsBadMan My mom beats me FeelsBadMan My brother beats me FeelsBadMan My sister beats me FeelsBadMan At least I feel safe with NA, because they can't beat anyone FeelsGoodMan LUL
NA THIS.. EU THAT ... IAM A BABY IN TWITCH CHAT BabyRage
NA PROUD OF THEIR 1 MAJOR LUL
B R A 7 1 L B R A 7 1 L B R A 7 1 L FeelsGoodMan LUL
nitro the hedgehog hair was the problem lul Jebaited
My dad beats me FeelsBadMan My mom beats me FeelsBadMan My brother beats me FeelsBadMan My sister beats me FeelsBadMan At least I feel safe with NA, because they can't beat anyone FeelsGoodMan LUL
NA THIS.. EU THAT ... IAM A BABY IN TWITCH CHAT . BabyRage
NA THIS.. EU THAT ... IAM A BABY IN TWITCH CHAT BabyRage
NO WAY the almighty USA loses to a sh1thole EU country smaller than the state of Ohio LUL
