🚬 💨TIME TO MISS 🚬 💨 SOME DOTES 🚬 💨DFF TTours
R I O T R I O T VoHiYo
its ok Now no worries :)
Ask Puppey to calm down... see how many monitor he breaks!!! Kappa
KKomrade NO MORE PRIVATE PROPERTY KKomrade COMMON SLIDES NOW KKomrade (noone gets slides ) Jebaited
slark is such a fun hero :)
... 1 SECOND LATER 👉 OMEGALUL PogChamp
Please dont host tournaments in 3rd world countries @epicenter_en1 :)
FACEBOOK HATERS? FACEBOOK HATERS? FACEBOOK HATERS? SoBayed
KILLING WILLOW? I DON'T THINK SO OSFrog
Great tournament Great casting Great Stream :)
They are mining bitcoins and streaming at the same time LUL
@A_TRIHARD_GOTTA_EAT who gotta eat what? cmonBruh
MIGHT NEED TO BUFF WILLOW OSFrog
DARK WILLOW IS MY WAIFU OSFrog
OG beat Navi, Navi beat VP, VP beat OG the circle of life LUL
R I O T R I O T VoHiYo
OG IS AND NOT BACK TriHard
im from 2019 and OG will win Kappa
OG BM?? OG BM?? OG BM?? SoBayed
OG lost cuz KA LE LUL
call gg save the bandwidth Kappa
Noone viper Dendi viper OMEGALUL PogChamp
OG BM?? OG BM?? OG BM?? SoBayed
is this BSJ inspired Slark ? Kreygasm
OG loses to a slark LUL
@rocketslay_1 they just called gg :)
where's the allchat bm now 7bad ? SoBayed
GG WHAT GAME CANT SEE SoBayed
"Don't lie, that was unexpected" OMEGALUL LUL
og still not top tier? SoBayed
FLY why he is so handsome KappaPride
RTZ is a poor man's RODGER EleGiggle
RTZ won back to back to back Major with VP PogChamp
FEELS GOOD TO MISS ALL ACTION TTours
One more and im OUT LUL
Im enjoying the Slideshow casting :)
MONSTER NOW IM RALLY X DRIVER PogChamp
game start lag , game ends no lag DatSheffy
Is monster hosting the servers? LUL
i like how the ads work flawlessly but the stream sucks 4Head
NAVI won against this VP LUL
i saw all the action Kappa
RED EYE IS ACTAULLY RED WutFace
GODZ has little boy facial hair LUL
Redeye is a best eSport host :)
stream always broke when VP play.why is that ? LUL
Change Ce6 with Bulldog OG come on bruh SoBayed
OG need the God Gamer himself, need Bulldog BlessRNG
0 MAJORS 0 TEAMS ON TOP 8 50% EU PLAYERS MUST BE NA SoBayed
wd stun dp silence es stuns ck stun = Free Slark Game !!! Kappa
chat can't believe the stream is working LUL
OG need someone with Tail, they do so bad without tail Kappa
NINJA 180K VIEWERS NINJA 180K VIEWERS PogChamp
HOW BAYED IS CHAT TODAY? SoBayed
NINJA 180K VIEWERS NINJA 180K VIEWERS . PogChamp
Kick Ce6, S4 mid and bring bulldog PogChamp
@na_has_won_0_major_by_far tagging yourself, what a sad idiot LUL
@thefirefox1738 i saw him carry Kappa
That moment when youre too blind to look in the lower left corner Kappa
armlet against viper and willow SeemsGood
146% MORE EPIC AT *** PogChamp
Bulldog is crying right now OhMyDog
why would you name him john jr, i dont like the name john, its like a KKona name LUL
Bought Maelstrom 2 years ago already, has always been great. Kappa
Kyle is a legend guys :)
any Bayern fans? Are u ready to lose ? SoBayed
any Bayern fans? Are u ready to lose ? any Bayern fans? Are u ready to lose ? SoBayed
NINJA 180K VIEWERS NINJA 180K VIEWERS PogChamp
its qbout who throws harder 4Head
GodZ changed his clothes, any1 realizing that ? PogChamp
KKonas are just dumb eu LUL
BAYERN OMEGALUL REAL MADRID VisLaud PogCham´p Kreygasm
OG > NAVI > VP Kappa
NINJA 200K VIEWERS NINJA200K VIEWERS PogChamp
@Camarre its like kicking a dead body LUL
another add 3 in a row come on man this is like BULLDOG :(
KYLE = WORSE version of PPD LUL
Is Kyle is guy from this emote ? :/ Kappa
my addblock blocks no adds on twitch :(
don't even think about it chat cmonBruh
Is Kyle guy from this emote ? :/ Kappa
1HR till BAYERN VS MADRID LETS GO BAYERN BlessRNG
Mods whats wrong with me why u banning me cmonBruh
1 H TILL MADRID GET PENALDO 4Head
Subbing is the best Ad block Kappa
Don't even think about it chat cmonBruh
the google meme makes me see megalul make it stop WutFace
RTZ is poor man's RODGER LUL
WHAT IS THIS 👉 POGGERS WutFace
noone is losing weight. not even noone. Kappa
i google sabrina suzuki, chat whyyyyyy SwiftRage
r 9pasha and Noone the same ppl ? BrokeBack
WATCHING REAL SPORTS IN 2018 LUL
SEE YOU IN MIA KHALIFA STEAM Kreygasm
i will never google anything twitch chat say PunOko
WHO HAS MORE CHINS S4 OR BULLDOG? LUL
OG should recruit Gorc for TI SeemsGood
double chin but not fat Kreygasm
PPD + Kyle on a panel would be great PJSalt
Jerax hair Notail eyebrows Fly biceps s4 forhead 7ingmad hair KappaPride
give me all the kills BabyRage
?? stats are weaker now LUL
@n0_brain_for_president is your name referring to KKnona president? SeemsGood
Have anyone found RAMZES666's keyboard LUL
SLIDE SHOW GAME 2 YOU READY CHAT??? LUL
jerax is a good rubick player as well :)
where am I? why is EG not in this MAJOR ? what are we doing at home someone tell me artour sumail crit universe who is this bald danish guy RuleFive
Jerax hair Notail eyebrows Fly biceps s4 forhead 7ingmad hair KappaPride
NAVI > VP > OG > NAVI PogChamp
picking dp/ slardar vs OG GG LUL
: where am I? why is EG not in this MAJOR ? what are we doing at home someone tell me artour sumail crit universe who is this bald danish guy RuleFive
2 where am I? why is EG not in this MAJOR ? what are we doing at home someone tell me artour sumail crit universe who is this bald danish guy RuleFive
white jeans on fat chicks Kreygasm
@breakycpk you gonna be casting ma boi rtzW3 vs at TI grand finals this year? DendiFace
DOUBLE CHIN AND NO JAWLINE LUL
Navi beat VP, Haters ?? DendiFace
That is a support Lina LUL
2 where am I? why is EG not in this MAJOR ? what are we doing at home someone tell me artour sumail crit universe who is this bald danish guy RuleFive
girl to girl mid powahhhh SwiftRage
girl to girl mid powahhhh SwiftRage
Jerax hair Notail eyebrows Fly biceps s4 forhead 7ingmad hair KappaPride
What's wrong with their eyes WutFace
girl to girl mid powahhhh SwiftRage
ONLY RTZ GOING TO TI LUL
rtz thats actually winning something PogChamp
NA RTZ OMEGALUL CIS RTZ PogChamp
TIME TO WATCH MY BOI ARTOUR WIN SOME MAJOR PogChamp
Jerax hair Notail eyebrows Fly biceps s4 forhead 7ingmad hair KappaPride
where am I? why is EG not in this MAJOR ? what are we doing at home someone tell me artour sumail crit universe who is this bald danish guy RuleFive
0 MAJORS 0 TEAMS ON TOP 8 50% EU PLAYERS MUST BE NA SoBayed
♿ S COMING THROUGH ♿ 4Head
Thanos destroyed NA so no EG in Epicenter LUL
ALPHA man fly = 1 bulldog =2 Kappa
anyone want 1v1 me in battletech? :)
rodjer eyes say eyes like arteezy BibleThump
ADD KYLE ON THE LIST ✍️ cmonBruh
haHAA HEARD NYX haHAA MUST TYPE haHAA cmonBruh
rodjer eyes say eyes like arteezy BibleThump
beer during a game of dota LUL
Narubian Assassin is voiced by an Afro-American cmonBruh
rodjer eyes sad eyes like arteezy BibleThump
@th3r34l322_ SUP MY DARYL 8 TriHard
Jerax hair Notail eyebrows Fly biceps s4 forhead 7ingmad hair KappaPride
yo @trihard_from_baltimore @trihard_from_darkness @TriHard_from_the_news @TriHard_From_Viet_Nam cmonBruh
NAVI Direct INVITE in 2k18 LUL
s4 mid = win ez tactic CoolStoryBob
@whoever on my bus was watching this match, hi HeyGuys
Noone good loking just need to lose some weight nice eyes KappaPride
The Russians colluded with the draft Kappa
uhh @trihard_from_baltimore @trihard_from_darkness @TriHard_from_the_news @TriHard_From_Viet_Nam cmonBruh
Did VP pick Nyx just to trigger chat? Kappa
cmonbruh spammers ---> 12 btw BabyRage
BAYERN get ready to lose SoBayed
Why there is Noone sitting between RodjER and 9pasha? cmonBruh
@adrianIban thought you were banned everywhere? LUL
danish playing a swedish hero LUL
` ✒️ 👈 WTF IS THIS? cmonBruh
I like the kitty cat with the top hat :D
✒️ 👈 WTF IS THIS? cmonBruh
HE SHAVED THE BUM FLUFF LUL
COPY DENDI DRAFT COPY DENDI DRAFT DendiFace
kyle is actually so great on a panel i like it :)
@steelbulb and plays better than PepeHands DendiFace
new piewdiepie video is out PogChamp
🚬 💨TIME TO MISS 🚬 💨 SOME DOTES 🚬 💨 TTours
Noone playing against a less mechanically skilled player? so every game? 4Head
@Bristle_BLACK u a ✒️ ? cmonBruh
that's why i mute this part :)
WHEN NA GAME STARTS ? LUL
Noone playing against a less mechanically skilled player? so every game? 4Head
panel is very good at calling draft... I like that PogChamp
this is dota casters now? cya LUL
COPY DENDI DRAFT COPY DENDI DRAFT DendiFace
from here haHAA from there haHAA TriHard
why grant is so ugly ? DansGame
S A D B O I WutFace
Thanos kills everyone Thanos kills everyone SwiftRage
REMEMBER SECRET s4 LINA ? PogChamp
mods timeout @warriorlaughed for toxicity im offended :(
Guys when is Na playing :)
TA IS A MELEE HERO ANYWAY LUL
im getting dual laned mid BabyRage
TA gonna destroy all three OG tri core 1 Vs 1 mid PogChamp
omg this is the worst chat ever FailFish
3v2 mid what patch is this LUL
ME MID NO ME MID 2K PUB LUL
YOU ARE ALL A DARYLS TriHard
5 MAN MID LOVE IT <3
STOP IT STOP GOING MIDDLE OSFrog
any sk fans in chat? SoBayed
7.15: Everytime theres 3 or more heros in the mid lane all of those heros automatically die OSFrog
safelane beastmaster? mid sven? offlane lina? emplain DansGame
where am I? why is EG not in this MAJOR ? what are we doing at home someone tell me artour sumail crit universe who is this bald danish guy RuleFive
@Cr1tdota Your Answer is my name LUL
@cr1tdota big EG fan here PogChamp
Na'Vi is sтill noт ьacк? ц fцскiиg рцикs aяe иeveг saтisfied aяe чоu? нopе чоц eиjoy ьeiиg ьiттeг сaцse Я defiиiтelч love ъeiиg тнe gгeaтesт DendiFace
literally getting dual laned mid LUL
EG wont get TI invite LULunless they make roster change :(
RESO was the problem RESO was the problem 4Head
one more and im done LUL
OG MAKE IT GO 3rd GAME BlessRNG
EG eliminated from TI qualifiers by VGJ Kappa
NA THIS EU THAT DONT ARGUE JUST KAPPA CHAT Kappa
WTF IS THIS 👉 POGGERS DansGame
WTF IS THIS 👉 POGGERS DansGame
12 NA THIS EU THAT DONT ARGUE JUST KAPPA CHAT Kappa
Caster doesn't have a camera LUL
best obs 2018 danPalm god dota is so awful now TTours
FEELS GOOD TO MISS ALL ACTION TTours
old OG POGGERS new OG FailFish
EPIC FAIL SINCE DAY 1 TTours
FEELS GOOD TO MISS ALL ACTION TTours
russian major? you sure this isn't shanghai? danO danO TTours
FEELS GOOD TO MISS ALL ACTION TTours
no more xtra long day NotLikeThis
FEELS GOOD TO MISS ALL ACTION TTours
no need to see action its ok :)
FEELS GOOD TO MISS ALL ACTION TTours
wow really nice play by the tusk player Clap PogChamp
press 1 if you think it will be rtzW3 vs at TI grand finals this year DendiFace
VODKA IN BLOOD IN OBSERVING I AM BAD TTours
off of nobrain for a while -> 1% hp left OMEGALUL TTours
VODKA IN BLOOD IN OBSERVING I AM VERY BAD TTours
ANYBODY ELSE HERE THE BEEP BEEP ?????? WutFace
1 ANYBODY ELSE HERE THE BEEP BEEP ?????? WutFace
LION FULL HP NEXT SLIDE DEAD LUL
1 ANYBODY ELSE HEARS THE BEEP BEEP ?????? WutFace
@epicenter_en1 it can't be u can't fix these lag since days NotLikeThis
Next Slide Please In The PowerPoint PogChamp
uhmm lads use alt-f4 to get the next slide Kappa
ANYBODY ELSE HEARS THE BEEP BEEP ?????? WutFace
lag is normal chat it is 2004 after all SeemsGood
what a great game this is too bad i only see 1% of this game :)
what a great game this is too bad i only see 1% of this game :)
what a great game this is too bad i only see 1% of this game :)
Feeding is just a play style DendiFace
when s gets a good hero OG wins PogChamp
s and J-god carrying OMEGALUL G 4Head
OG NOT EVEN 1K AHEAD LUL
NOONE DP RAMZES DP OMEGALUL LUL
FEELS GOOD TO MISS ALL ACTION TTours
FEELS GOOD TO MISS ALL ACTION TTours
VODKA IN BLOOD IN OBSERVING I AM VERY BAD TTours
123 VODKA IN BLOOD IN OBSERVING I AM VERY BAD TTours
VODKA IN BLOOD IN OBSERVING I AM VERY BAD TTours
FEELS GOOD TO MISS ALL ACTION TTours
I love that Drake song "God's strength" :)
FEELS GOOD TO MISS ALL ACTION TTours
CLEAR FAT STACK 3K NETWORTH LUL
FEELS GOOD TO MISS ALL ACTION TTours
ANYBODY ELSE HEARS THE BEEP BEEP ?????? WutFace
I GOOGLED LINA DP I GOOGLED LINA DP Kreygasm
R O D G E R LUL
FEELS GOOD TO MISS ALL ACTION TTours
we dont see any playing dota KevinTurtle
FEELS GOOD TO MISS ALL ACTION TTours
LOL CASTERS ITS USUAL FOR TA LUL
LOTSA STACKS SAME IN MY 3k PUBS Kappa
SABRINA SUZUKI HAS A D*** WutFace
slardar with the teleportation knife play Clap PogChamp
why is the caster acting like VP won that fight? LUL
Slardar Slark Morphling I love the ocean OSFrog
Finally a game where noone is feeding Kreygasm
7-13 but still has network lead LUL
i just made kills meaningless OSFrog
@BeSi47 welcum to keppa kleb FreakinStinkin
type if you want to end it all every day :)
noone is on massive tilt LUL
50k viewers MAJOR DOTA 2 EleGiggle
@BeSi47 came to see EG play some dotes me too PogChamp
1 50k viewers MAJOR DOTA 2 EleGiggle
STOP SAYING YIKES STOP SAYING YIKES NotLikeThis
50k viewers MAJOR DOTA 2 EleGiggle
@RTPNqty navi lost to newbee LUL
FEELS GOOD TO MISS ALL ACTION TTours
FEELS GOOD TO MISS ALL ACTION TTours
FEELS GOOD TO MISS ALL ACTION FEELS GOOD TO MISS ALL ACTION TTours
FEELS GOOD TO MISS ALL ACTION TTours
FEELS GOOD TO MISS ALL ACTION . TTours
FEELS GOOD TO MISS ALL ACTION . TTours
FEELS GOOD TO MISS ALL ACTION TTours
FEELS GOOD TO MISS ALL ACTION TTours
FEELS GOOD TO MISS ALL THE ACTION TTours
@pimpukl go and replace him SwiftRage
FEELS GOOD TO MISS ALL ACTION TTours
Is this directed camera ? TTours
is s4 still dating nara 4Head
Russians don't have drinking problems Kappa
They really showed that lion LUL
use all spells on LION LUL
📞 HELLO OG 📞 RESO HERE 📞 HOW'RE THINGS GOING 4Head
SECRET lose to this ?? NotLikeThis
the ghosts will last long enough Kappa
just keep fighting into this slardar blink dagger with an underfarmed sven and lina NotLikeThis
📞 HELLO OG 📞 RESO HERE 📞 HOW'RE THINGS GOING 📞 4Head
LET'S USE 2 ULTS TO KILL LION LUL
AA WITH JUST ONE RANGED NotLikeThis
STR grants magic resistance now OSFrog
I hope no one loses :)
We are EU, We can say VP is EU as well... what you gonna do about it? SoBayed
NAVI LOST TO THIS ? SwiftRage
📞 HELLO OG 📞 RESO HERE 📞 HOW'RE THINGS GOING 📞 4Head
OG is tier 1 team Kappa
How is your day going OG fans rtzW3 EleGiggle
📞 HELLO OG 📞 RESO HERE 📞 HOW'RE THINGS GOING 📞 4Head
OG AND NAVI IS BACK Kappa
FEELS GOOD TO MISS ALL ACTION TTours
LETS WATCH MY BOY VANDERSAR MISS ALL THE KILLS TTours
FEELS GOOD TO MISS ALL ACTION TTours
FEELS GOOD TO MISS ALL ACTION TTours
Dont google N OMEGALUL brain farming NotLikeThis
Just more 1 hit lol 4Head
@pimpmuckl must be you observing Kappa
FEELS GOOD TO MISS ALL ACTION TTours
how we doing today OG fans 4Head
Navi lost to this s 4Head
FEELS GOOD TO MISS ALL ACTION TTours
use all spells on lion EleGiggle
VODKA IN MY BLOOD IN OBSERVING IM SO BAD TTours
LETS WATCH MY BOY VANDERSAR MISS ALL THE KILLS TTours
can they stop getting 2 man crushed s 4Head
stop using all ults on lion WutFace
who need echo slam when u gott pasha sladar SeemsGood
TIME TO WATCH SOME EU DOTA HappyJack
navi lost to this ? DendiFace
TIME TO WATCH SOME EU DOTA HappyJack
when NA plays? when NA plays? when NA plays? :)
ERROR 404 : NA TEAM NOT FOUND LUL
type if your name is jeff :)
0 MAJORS 0 TEAMS ON TOP 8 50% EU PLAYERS MUST BE NA SoBayed
Chanel santini is the hottest pornstar Kreygasm
STOP USING ULTS ON LION FailFish
0 MAJORS 0 TEAMS ON TOP 8 50% EU PLAYERS MUST BE NA SoBayed
why did they go back s4 got a 4 man stin DansGame
RESO was the problem RESO was the problem 4Head
ERROR 404 : NA TEAM NOT FOUND LUL
TIME TO WATCH SOME EU DOTA HappyJack
RESO was the problem RESO was the problem . 4Head
0 MAJORS 0 TEAMS ON TOP 8 50% EU PLAYERS MUST BE NA SoBayed
but n0tail wouldn't farm anyway LUL
OG WITH ANA & MIRACLE PogChamp
RESO was the problem RESO was the problem 4Head
0 MAJORS 0 TEAMS ON TOP 8 50% EU PLAYERS MUST BE NA SoBayed
OG WITH ANA & MIRACLE PogChamp
0 MAJORS 0 TEAMS ON TOP 8 50% EU PLAYERS MUST BE NA SoBayed
cybustcheehan relevant cuz solo is playing FailFish
Double reverse 3223 the new Dream PogChamp
I GOOGLED LINA NET WORTH NotLikeThis
any OH MY WORD subs? SoBayed
322 322 322 322 lp LUL
LETS WATCH MY BOY VANDERSAR MISS ALL THE KILLS TTours
nice teleportation knife on the death prophet player :)
I GOOGLED LINA NET WORTH NotLikeThis
call gg ure emeberasing youselfs BibleThump
OG GETTING SMAHSED SO HARD IT MAKES ME SAD PepeHands BibleThump
0 MAJORS 0 TEAMS ON TOP 8 50% EU PLAYERS MUST BE NA SoBayed
PRESS 1 if THANOS did Nothing Wrong BibleThump
0 MAJORS 0 TEAMS ON TOP 8 50% EU PLAYERS MUST BE NA SoBayed
RESO was the problem RESO was the problem 4Head
is this a replay? who wins? :)
Liquid and OG will revenge in Main Tournament VP will tilt in Main trust me SeemsGood
add him to the list cmonBruh
19 advantage great tower play hyping a game that's overr sack Grant sack Kyle NotLikeThis
PRESS 1 = THANOS WAS RIGHT SoBayed
0 MAJORS 0 TEAMS ON TOP 8 50% EU PLAYERS MUST BE NA SoBayed
5 man smoc for SOLO LUL
@epicenter_en1 i didnt realize this was a swedish major cmonBruh
0 MAJORS 0 TEAMS ON TOP 8 50% EU PLAYERS MUST BE NA SoBayed
any swedes in chat ✍️ cmonBruh
BagOfMemes BagOfMemes Chat! I got here with the memes as soon as I could! Kappa
@CCnCDotA2 why are you a mod in this chat WutFace
@CCnCDotA2 @bbqsenpaila 👈 ban him cmonBruh
RM VS BAYERN WAITING ROOM ResidentSleeper
@CCnCDotA2 When Does EG Plays ? SoBayed
✍️ DARYL ✍️ EPICENTER ✍️ CCnC cmonBruh
322 322 322 322 322 LUL
@CCnCDotA2 hey ccnc as a big optic fan, i just can't find optic games, can you help me out please? :)
LETS WATCH MY BOY VANDERSAR MISS ALL THE KILLS TTours
8.5K net SVEN to 21K net DP. Not over yet LUL
one rax = game over this caster BrokeBack
LETS WATCH MY BOY VANDERSAR MISS ALL THE KILLS TTours
sven gets played like a doll WutFace
call it theyre dead already BibleThump
OG IS BACK TO THE DUMPSTER LUL
KYLE was right notail is bad LUL
Navi and Secret lostened to this? LUL
NAVI LOST TO OG ??? LUL
7mad EU rank 1 for WAT ? SoBayed
Navi > VP > OG > Navi SoBayed
Navi and Secret lostenedt to this? LUL
no pls big daddy hold me BibleThump
OG BACK WITH ME IN HE DUMPSTER DendiFace
this team lost to navi btw LUL
No one not happy with team VP diving DansGame
who even loses to the best team in the world LUL
cant wait for VP vs Liquid Kreygasm
RESO was the problem RESO was the problem 4Head
russian military vs MURICA military don't make me chat EleGiggle
og dead when miracle leave LUL
ONLY NAVI CAN BEAT VP LUL
any Bayern fans ? Are u ready to lose ? SoBayed
any Bayern fans ? Are u ready to lose ? any Bayern fans ? Are u ready to lose ? SoBayed
VP gifted DPC to Navi LUL
twitch chat full of old memes DansGame
any Bayern fans ? Are u ready to lose ? SoBayed
Bayern Munich will win today SwiftRage
@breakycpk rip dot pro show :(
any Bayern fans ? Are u ready to lose ? any Bayern fans ? Are u ready to lose ? SoBayed
Day 5? ITS DAY 4 LUL
IS IT OVER FOR TODAY GUYS BibleThump
any REAL fans ? Are u ready to lose ? any REAL fans ? Are u ready to lose ? SoBayed
any REAL fans ? Are u ready to lose ? any REAL fans ? Are u ready to lose ? Ä SoBayed
any REAL fans ? Are u ready to lose ? any REAL fans ? Are u ready to lose ? , SoBayed
any Bayern fans ? Are u ready to lose ? any Bayern fans ? Are u ready to lose ? SoBayed
any Bayern fans ? Are u ready to lose ? any Bayern fans ? Are u ready to lose ? SoBayed
any REAL fans ? Are u ready to lose ? any REAL fans ? Are u ready to lose ? ' SoBayed
OG beat secret now they theyre good LUL
any REAL fans ? Are u ready to lose ? any REAL fans ? Are u ready to lose ? , SoBayed
@adrianIban What is Make sense one then Kappa
Breaky saying Newbee can win; they are eliminated 4Head
IS THIS LEAGUE OF NEWERTH 2? Kappa
ANY LAST WORD REAL FANGAYS? LUL
@iamfooi actually I am Egyptian but I said soccer as I hate football :)
OG still not top tier? Kappa
@karlonet7 i hope they sell him he's always injured when they need him :(
Kyle comparing himself with a 3 times Major team LUL
any REAL fans ? Are u ready to lose ? any REAL fans ? Are u ready to lose ? SoBayed
Can we have a next slide, please? :)
GOTTA WAIT TIL TOMORROW FeelsBadMan BYE CHAT BibleThump
@adrianIban NA fan got trigger LUL
Sir, would you kindly show us next slide? :)
@karlonet7 i know Bayern should sign bale :)
FeelsGoodMan WE FeelsGoodMan ARE FeelsGoodMan READY FeelsGoodMan FOR FeelsGoodMan THE FeelsGoodMan NEXT FeelsGoodMan SLIDE FeelsGoodMan 123 Kappa
@karlonet7 i don't man he shines on big stage :(
IT was so good yesterday why @epicenter_en1 why :(
@adrianIban WHATS YOUR PROBLEM DUDE WutFace
@adrianIban NA DOTA FAN in 2k18 LUL
newbee are actually out though LUL
Is EG gonna play next game ? SoBayed
can't spell na'vi without NA LUL
The Russian Empire collapsed with the February Revolution of 1917 :)
@adrianIban NA Dota Fanstraight in 2018 LUL
The Russian Empire collapsed with the Feburary Revolution of 1917 :)
OG direct invite to TI Jebaited
PAIN 2 0 NAVI, SECRET 0 2 VP, PAIN will win this major MVGame
ads cant see any ads DansGame
Who's playing with the Time Stone PunOko
Next match Real madrid vs Bayern PogChamp
Kyle isn't going to compliment COL LUL
whoever is running the channel has the worst timing to run ads DansGame
Kyle not backing C L LUL
tap your monitor to fix SeemsGood
Kyle no support for COL LUL
thanos doesn't have the time stone. it's here PogChamp
Finishing at half past 9 , you should work until 11 like the other days KappaHD NotLikeThis
Stream is back. Press ALT + F4 to refresh the webpage SeemsGood
VP secret TI8 Finals practice LUL
TIER 3 VS TIER 3 LUL
NA Dota NA Dota NA Dota BibleThump
guys when is next slide coming? 4Head
Team Liquid and Virtus Pro are TIER 1 ALL OTHER TIER 3 LUL
tap your monitor to fix SeemsGood
hey guys when is next slide coming? :)
Im just sitting here, patiently waiting for my next slide TPFufun
Long boring games? both techies games were real quick LUL
Chat I sleep now chat BibleThump
have a good one friends :)
hey guys when is next slide coming? :)
BYE CHAT See you in tomorrow's SLIDESHOW FeelsGoodMan BibleThump
Chat > Stream if you agree :)
See you next slide chat BibleThump
bye bye chat see ya next time BibleThump
SEE YOU IN THE NEXT SLIDE SoBayed
1 more day before sudoku BibleThump
0 MAJORS 0 TEAMS ON TOP 8 50% EU PLAYERS MUST BE NA SoBayed
Lets hope RMA fixed another game to get into finals PogChamp
BAYERN ELIMINATION GETTING CLOSER . SoBayed
No they lost but it was intense game DendiFace
@crystalasea No, they lost in a 80+ final game 1-2 :(
WOOB WOOOB WOOOB WOOOB UPPP ANELE
tap your monitor to fix SeemsGood
Bye mods WILL BE BACK TO TROLL YOU LATER BibleThump
BAYERN GOAL BAYERN GOAL / PogChamp
BAYERN GOAL BAYERN GOAL /+ PogChamp
when is eg playing? oh wait ... Kappa
NP NAVI WILL WIN TI BibleThump
these games are scheduled tomorrow :)
