[0:00:11] <4IAmTheGodRa4> Hi
[0:00:20] <p1xelcj> hi
[0:00:26] <benstann> Hİ GUYS
[0:00:27] <wuzzyfuz> hi
[0:00:28] <4IAmTheGodRa4> First haha
[0:00:43] <JoaoPabloFL> PogChamp
[0:00:49] <wuzzyfuz> ofc
[0:00:55] <JoaoPabloFL> Brasil #1
[0:01:03] <wuzzyfuz> nip
[0:01:06] <GraftonA> Helo
[0:01:06] <4IAmTheGodRa4> C9 #1
[0:01:15] <JoaoPabloFL> SK #1
[0:01:22] <Carri9> SK #1
[0:01:24] <Cyrealrd> Second
[0:01:34] <p1xelcj> NaVi top Kappa Kappa KappaPride
[0:02:05] <JoaoPabloFL> Lady KappaPride
[0:02:58] <JoaoPabloFL> PowerUpL LUL
[0:03:26] <iProminux> hello
[0:03:29] <WhoIsAdamToday> gugu1Ushi
[0:03:49] <JoaoPabloFL> spam Kappa
[0:04:43] <JoaoPabloFL> HeyGuys
[0:04:57] <arcgabriel20> HSWP
[0:05:56] <Pirated1> hack the dreams
[0:09:39] <Manuel281198> hi
[0:09:39] <@Moobot> DreamHack Store: http://store.dreamhack.com/?utm_source=twitch_CS&utm_campaign=twitch_panel&utm_medium=twitch
[0:13:17] <FaceAttacked> wtf 600 viewers for live dead game
[0:13:33] <RoYaLxK1nG> dead game LUL
[0:13:55] <RoYaLxK1nG> sound like a silver rank talk for kme
[0:13:57] <FaceAttacked> wtf
[0:18:50] <borntoloselivedtowin> who wan the tournament?
[0:21:09] <FaceAttacked> Gambit I think
[0:21:17] <nevermore121212> No. G2
[0:21:24] <+m4R4J> G2
[0:21:25] <sp013> yeap g2
[0:21:49] <nevermore121212> Kenny went god mode
[0:24:52] <FaceAttacked> Oh sorry wrong tournament
[0:27:57] <venomx_dk> lmao
[0:33:28] <TheKreeShawn> monkaS
[0:34:07] <TheKreeShawn> Slow mode LUL
[0:46:52] <mtseng1510> salve rapa
[0:47:01] <Furia122> cala boca
[0:47:12] <Furia122> zoeira
[0:48:02] <mtseng1510> é o primeiro mapa?
[0:48:23] <Furia122> olha no canto superior direito
[0:48:37] <private_toucher> taco
[0:49:12] <mtseng1510> sk lixo perdeu hje que deu ate dó
[0:53:51] <Furia122> vc tem coragem de falar sk lixo vei ? auhuahuauh vc fuma crack
[0:54:08] <mtseng1510> vse viu o jogo?
[0:55:48] <TheKreeShawn> Slow mode LUL
[0:57:55] <TheKreeShawn> Nice quality LUL
[1:00:36] <hannoswe> why peek mou...
[1:03:51] <Kony7777> Who won
[1:06:32] <eonMeister> 3-1 WENGER OUT
[1:06:48] <Ileavecommenthere> XDXDXDX TROLOLLOL
[1:07:01] <Ileavecommenthere> This is Live!
[1:07:10] <eonMeister> No.
[1:07:24] <Ileavecommenthere> This is Live.
[1:07:32] <eonMeister> REEUN]]]]
[1:07:43] <eonMeister> RERUN
[1:08:25] <eonMeister> FKNG WEGER OUT
[1:08:38] <eonMeister> WENGER OUT
[1:09:35] <Shamhouse> 1 year "a very ver long time" lol
[1:09:48] <the_f4b1o_cz> they be still hacking
[1:12:08] <+4zap7> prove it or I'll kill you
[1:15:23] <Crimson2OP> @ef2wfkiller fuck u israeli palestine best
[1:17:46] <Ileavecommenthere> Live🔴
[1:18:06] <Ileavecommenthere> :)
[1:18:19] <Ileavecommenthere> !title Live🔴
[1:18:19] <@Moobot> @Live🔴 Title is: RERUN: Gambit vs NiP - Overpass - Group C - DreamHack Masters Malmö 2017
[1:18:34] <Ileavecommenthere> As u see this is live.
[1:19:21] <Ileavecommenthere> Live🔴 !title
[1:20:30] <2solo1mid> s.a oclari
[1:23:13] <Shamhouse> This is a rerun, it originally aired liveweeks ago
[1:24:06] <Shamhouse> This is a Re broadcast of a live event. As you see you're not very intelligent. Get a dictionary and look up "rerun"
[1:24:45] <Ileavecommenthere> !title Live🔴
[1:24:45] <@Moobot> @Live🔴 Title is: RERUN: Gambit vs NiP - Overpass - Group C - DreamHack Masters Malmö 2017
[1:26:06] <funtimesin55> this is group stage match? who wins?
[1:27:11] <Ileavecommenthere> hard to say ba
[1:27:25] <Ileavecommenthere> because its live :)
[1:27:50] <Ileavecommenthere> 500K viewers
[1:39:22] <+Krodh> lol
[1:43:14] <ethemcan5454> Neco soldan
[1:44:27] <munzevid> How old is Draken?
[1:48:40] <AdamFreedom> DAFUK
[1:49:18] <AdamFreedom> ADREN?
[1:49:34] <AdamFreedom> TK
[1:53:29] <namiazays> PowerUpL EntropyWins PowerUpR
[2:11:24] <expcorebuiu> dat flick
[2:11:32] <ayylmao100028> :o
[2:11:57] <orcen_> holy fuck
[2:12:16] <Bini_TRNS> whaaaaaaaaaaaaat
[2:12:23] <MrJuly85> Damn that was a good shot
[2:12:37] <Bini_TRNS> oh yeeeesss
[2:13:02] <orcen_> xizt is so shit
[2:14:15] <orcen_> Kappa
[2:14:43] <Bini_TRNS> its great to see NIP up there again
[2:14:59] <orcen_> yeah aboout time
[2:15:44] <Bini_TRNS> true that. mean its pretty sad to let friberg go. but maybe it was for the best
[2:15:45] <Berk_saha> Because it's rerun
[2:16:16] <orcen_> its recent
[2:16:39] <GameHero> This live right?
[2:16:39] <orcen_> its from less than a month ago
[2:16:40] <Bini_TRNS> ofc
[2:17:37] <GameHero> GG
[2:17:55] <Bini_TRNS> soooooo good
[2:18:17] <GameHero> I like how Nip do there retakes
[2:18:41] <orcen_> they're pretty good
[2:18:52] <Official_C0ncept> RERUN XD
[2:19:59] <GameHero> Yea @orcen_
[2:20:19] <orcen_> it's experience i guess
[2:20:32] <orcen_> forest and get right have played cs since forever
[2:20:40] <GameHero> To be bro you need good pc and good net or you will forever be elo
[2:21:08] <GameHero> forest name been trowing around for ages
[2:23:00] <lugatii> büyük sofisin forest baba
[2:25:12] <GameHero> gtg take care
[2:26:28] <orcen_> lol casters are so fucked
[2:26:40] <orcen_> nip just misses some shots, "bad decision they should have left"
[2:26:57] <orcen_> they make another play basically the same and hit shots "good decision great choice to fight"
[2:28:56] <Xga_sinik> iz dat laiv?
[2:29:13] <TunisiaGaming> no man
[2:29:36] <Xga_sinik> was expecting some rages like LOOK AT THE TITLE NERD
[2:29:53] <orcen_> sorry to disappoint
[2:30:15] <+Yup_I_Fap_Twohanded> God, Dosia is a beautiful man.
[2:35:06] <Xga_sinik> wait why is it 18-17?
[2:35:17] <orcen_> overtime
[2:35:31] <+Yup_I_Fap_Twohanded> something called overtime
[2:35:35] <Xga_sinik> oh ya forgot there is no draw
[2:35:52] <orcen_> 4Head
[2:37:04] <orcen_> dosia will eat hobbitt one day
[2:37:53] <Xga_sinik> he looks soo nerd
[2:37:56] <orcen_> moses looks like moses
[2:40:25] <orcen_> the fuck am i watching
[2:40:50] <orcen_> holy shit imagine the smell of nerdsweat at this event
[2:52:15] <pansarlisa> T555ttTTTQT555t:5#
[2:59:51] <FYCKEN> MUTHAFKNZZ0
[3:00:03] <FYCKEN> brakkastaNN
[3:00:39] <FYCKEN> 1stteNNumberz_js_B1NNNstNNz
[3:00:53] <FYCKEN> p1ckUPzePNz
[3:01:03] <FYCKEN> add1soN[offlane]
[3:03:51] <+N04H69> nip number 1
[3:15:32] <reianormal> PogChamp
[3:15:44] <vLocust> kkk
[3:19:59] <Fox_SE> fuck g2
[3:33:02] <lovelyritametermaid> is this live?
[3:34:55] <lovelyritametermaid> rerun is the sponsor?
[3:35:44] <Spicymeems> no
[3:36:00] <lovelyritametermaid> not live?
[3:36:20] <Spicymeems> It's a rerun from August I think
[3:36:31] <lovelyritametermaid> live rerun?
[3:37:33] <lovelyritametermaid> SENSATIONS
[3:37:37] <Spicymeems> sure
[3:38:11] <lovelyritametermaid> HACK CULTURE
[3:38:34] <lovelyritametermaid> EXPLORATION
[3:38:39] <JaAlstublieft> HACK THE PLANET
[3:38:46] <lovelyritametermaid> FailFish
[3:39:05] <Spicymeems> great commercial
[3:39:18] <lovelyritametermaid> it was cringy
[3:39:54] <lovelyritametermaid> let me guess c9 lost this
[3:45:55] <lovelyritametermaid> skadoodle FailFish
[3:47:54] <onlyheated> this a rerun or this live rn?
[3:48:04] <lovelyritametermaid> live rerun
[3:49:01] <+ablaziin> READ THE TITLE
[3:49:11] <+ablaziin> god damn
[3:49:48] <lovelyritametermaid> video says live can't you read
[3:52:38] <onlyheated> guys chill, the title wont pop up for me, jesus chill the fuck down
[3:53:08] <onlyheated> this describes how toxix and non chill the cs community is now, fucking hell
[3:53:43] <+ablaziin> This describes how sensitive cs community is
[3:58:53] <+neisantsui> when was this game?
[4:01:31] <+jimmyrappitbr> who wins?
[4:01:42] <erensag1963> canlı mı bu
[4:01:43] <@Moobot> DreamHack Store: http://store.dreamhack.com/?utm_source=twitch_CS&utm_campaign=twitch_panel&utm_medium=twitch
[4:04:56] <erensag1963> Live ?
[4:07:09] <wolfmarine72> XD
[4:07:20] <sqorl> RERUN: Cloud9 vs SK - Train - Group A - DreamHack Masters Malmö 2017
[4:09:31] <+ablaziin> lmao
[4:12:26] <trafjohn> Ive just come back, what the score?
[4:28:12] <RSHMD> 🤔
[4:28:22] <karikeer> @pandabanana
[4:29:08] <karikeer> lol
[4:30:55] <h4yden_> abomination WutFace
[4:32:28] <JaAlstublieft> endear me... endure me... whatevs
[4:33:53] <+Sean22> Please tell me swag is playing in ESL one this weekend?
[4:40:23] <AmorimB7> isso pq o cold era o melhor jogador
[4:44:53] <GamingSpace> i like live streams
[4:45:57] <GamingSpace> this live stream so good
[4:46:51] <GamingSpace> i am downloading chinese cs:go
[4:47:01] <rukazu001> taco mandando aquele
[4:47:21] <GamingSpace> @rukazu001 hi
[4:47:39] <rukazu001> hey whatsup?
[4:48:40] <GamingSpace> i am sitting on a poo poo potty and try to poo poo
[4:51:28] <rukazu001> well... nice for u dude
[4:52:23] <GamingSpace> i want to poo poo with you next time
[5:05:17] <NyssaAlGhul1> Is this live?
[5:05:25] <karikeer> no
[5:05:36] <NyssaAlGhul1> ty
[5:07:52] <xxxblunts> how old is this
[5:08:13] <+Ct525510> they cant even ski the tech issues in the rerun?
[5:11:36] <iGabardo> intervalo ?
[5:13:45] <Shamhouse> This isn't even the same rerun
[5:23:35] <joonkyu1ss> hello
[5:42:56] <Shamhouse> I wonder if jayz is ever gonna get a kill
[5:45:56] <Sprodybrah> Prolly not, tbh.
[5:47:19] <Shamhouse> I think they just brought him because they HAD to have 5.
[5:47:32] <Shamhouse> Meat shield
[5:49:59] <Shamhouse> omg he got a kill
[5:50:08] <Sprodybrah> :o
[5:52:36] <+WeisselFbaby> that shot was insane
[5:52:58] <leejunghyun1> relegades
[5:53:00] <Sprodybrah> lol the flickzzz
[5:55:53] <Sprodybrah> Na'Vi more like Na'Op
[5:58:20] <leejunghyun1> russians too op
[6:01:43] <wolferino> UKRAINIANS ARE NOT RUSSIANS!!! Kappa
[6:02:15] <ermita3> ukrania independent
[6:05:06] <leejunghyun1> Kappa
[6:05:22] <wolferino> jayz will actually end with a 14-18 scoreline
[6:05:54] <wolferino> 11-16 btw
[6:10:52] <+Viizva> IS THIS Live?
[6:11:00] <+bobeautv> no
[6:11:12] <+Viizva> RIP p250 lol
[6:15:27] <+zaniac100> monkaX monkaS FeelsBadMan FeelsBirthdayMan FeelsTastyMan pepoS FeelFeelsOkayMan FeelsGoodMan FeelsAmazingMan
[6:21:58] <wolferino> Ace inc.
[6:23:42] <MountainDewees> meme
[6:24:08] <+PhluffyHead> PogChamp s1mple
[6:24:24] <obvslymusic> why is s1mple smurfing?
[6:24:29] <+MajorBubbly> doctorNOSEDRIP
[6:24:29] <@Moobot> DreamHack Store: http://store.dreamhack.com/?utm_source=twitch_CS&utm_campaign=twitch_panel&utm_medium=twitch
[6:26:06] <+PhluffyHead> @obvslymusic when he's playing confidently he's on another level
[6:32:12] <wolferino> !title
[6:32:12] <@Moobot> @gabrieltoma25 Title is: RERUN: Na'Vi vs Renegades - Train - Group B - DreamHack Masters Malmö 2017
[6:36:45] <BagiStream> i have an extra toe
[6:37:16] <Satanic_lover> What team is guardian on
[6:37:46] <BagiStream> guardian is on optic
[6:37:59] <BagiStream> haha jk
[6:38:10] <BagiStream> guardian is on faze now
[6:38:15] <DarknessAU> gross
[6:38:33] <BagiStream> guardian is overrated
[6:38:34] <Satanic_lover> That's a bummer
[6:43:43] <TheBestLeona> guardian was the problem he doesnt match with navi i think s1mple is good enough in there as an awper
[7:01:18] <CivCiv_CoCo_> ggggggggaaaa
[7:02:48] <Caboose0505> BibleThump
[7:10:13] <CelestialDisorder> none of these guys are on my level
[7:18:40] <CrunchyMoogle> I believe you
[7:18:51] <CrunchyMoogle> you must be way better than any of these scrubs
[7:20:09] <CrunchyMoogle> your K/D is soooooo biiig
[7:20:23] <CrunchyMoogle> I know you're stroking to this
[7:26:27] <+ImDiab> uhahuhauha
[8:05:42] <robi_21111> jl
[8:07:10] <smile330sm> go faze!
[8:28:30] <Joel_Lvl2_Power_Skype> VAC
[8:41:03] <Davidcam77> Asians
[8:51:02] <TheNewb1e> PowerUpL PogChamp PowerUpR
[9:00:14] <Dom1NATION> LUL
[9:02:24] <Coil_Hype> LuL
[9:03:18] <senpai_po> Idiot
[9:12:16] <BlueSparc> ppl who say idiot like its happening right now xD
[9:24:25] <Jet2007C> BabyRage
[9:24:51] <FriggleBiggle> SwiftRage LIVE CSGO IN 2017 PogChamp
[9:31:22] <Jet2007C> 500 viewers dead game LUL
[9:31:46] <Jet2007C> I'm jk plz don't hurt me rerun police MiniK
[9:32:16] <sm11ty> What is the faze emblem?
[9:32:38] <MostDopeDiddler> THIS IS LIVE BRO
[9:34:36] <Jet2007C> BabyRage LIVE POLICE BabyRage
[9:35:51] <Zhena_> it's a rerun lol
[9:36:29] <Zhena_> ye
[9:36:43] <Zhena_> yeah most people watch league or pubg
[9:36:52] <Zhena_> ^
[9:37:06] <Zhena_> tbh, most cs pro players just play pubg lmao
[9:37:14] <Primsssy> k
[9:37:32] <Primsssy> true lmao
[9:37:32] <@Moobot> DreamHack Store: http://store.dreamhack.com/?utm_source=twitch_CS&utm_campaign=twitch_panel&utm_medium=twitch
[9:37:42] <Jet2007C> no
[10:05:06] <troylee92> Is olofmeister on two teams
[10:06:33] <+Philip_TriHard> nO^^ WutFace
[10:08:08] <troylee92> Did he leave fnatic
[10:08:18] <+Philip_TriHard> Ye
[10:08:31] <ChrisVenomM> Yup he did that @
[10:14:28] <mattgameassassin> I hope they don't kick dosia
[10:14:50] <+Philip_TriHard> Same EleGiggle
[10:23:51] <+Philip_TriHard> X-GOD with no cz skin WutFace
[10:26:16] <Steezcheese> take that off you cant kickflip
[10:28:30] <0rhythm> hehhehe
[10:28:33] <+PopeRocketfist> rip
[10:28:38] <TheDarkMessiah> panicBasket
[10:28:47] <infinitymf> rip
