[0:01:52] <KintsGz> 1hp
[0:04:32] <+DenialMD> gg
[0:09:13] <+DenialMD> gg
[0:09:15] <Wh1skeyD> gg
[0:09:25] <holq11> NOOOOOOOOO
[0:10:46] <endruuos> @Lalik
[0:10:46] <@Moobot> DreamHack Store: http://store.dreamhack.com/?utm_source=twitch_CS&utm_campaign=twitch_panel&utm_medium=twitch
[0:10:46] <Mrkiss2660> How can i get souvenir pack?
[0:10:56] <endruuos> @lalikkk
[0:11:35] <%xandredzn> dhkBottle dhkLogo dhkOpen dhkLeague
[0:11:37] <Mrkiss2660> StoneLightning
[0:11:40] <holq11> is the final?
[0:11:54] <Mrkiss2660> No quarter final
[0:12:14] <holq11> ok, thanks @Mrkiss2660
[0:34:40] <granusko> wow the censorship is stronk
[0:34:44] <Christy_mack88> ye6ky
[0:34:57] <granusko> u hate russians, DH?
[0:35:07] <Christy_mack88> dryshko cocu ,l,
[0:35:57] <+yungldrama> bro are you serious
[0:36:18] <+yungldrama> i said rush B lmao
[0:36:29] <granusko> :D :D :D
[0:36:50] <granusko> DreamHack is restricting the free speech rights
[0:37:12] <granusko> DreamHack is restricting the free speech rights lol
[0:37:52] <+yungldrama> ^
[0:39:02] <Christy_mack88> ppidary
[0:39:14] <granusko> all these kids yelling 'yaaay' everytime G2 frags
[0:39:26] <+TrollFace06> PogChamp
[0:40:06] <+TrollFace06> shoxie is a god ryryGasm
[0:41:13] <+TrollFace06> apEX :(
[0:44:42] <czechdefy> PogChamp
[0:50:54] <+THEcamper2034> this is sad
[0:56:50] <+yungldrama> was
[1:10:42] <LaCharcuterie_Of> g2 win bh
[1:13:21] <LaCharcuterie_Of> rt si t triste
[1:13:37] <LaCharcuterie_Of> ca va hilaire ?
[1:13:47] <LaCharcuterie_Of> tu fais quoi ?
[1:15:07] <LaCharcuterie_Of> je suis squizo
[1:15:40] <DeZeeX> Pas qu'un peu
[1:15:55] <LaCharcuterie_Of> @dezeex je sais je sais
[1:16:13] <LaCharcuterie_Of> @dezeex sur 326 ya que toi qui repond mdr
[1:18:45] <LaCharcuterie_Of> @dezeex repond pd
[1:19:06] <DeZeeX> Calme toi petit.
[1:19:12] <LaCharcuterie_Of> ui
[1:24:26] <faller32> gg
[1:37:33] <Aideware> MingLee
[1:37:53] <TheArbiter110> help a boi out and watch the guy i am hosting
[1:53:28] <ThEiS2003> i like cake
[2:00:29] <dellanl0l> VAC
[2:00:39] <dellanl0l> FeelsBirthDayMan
[2:03:14] <+syx_0> hi
[2:09:16] <ciganyone> wazzup
[2:13:16] <OreoProblems> 300 in a major? must be dead
[2:13:40] <panjuub> @oreoproblems it's rerun!
[2:13:51] <OreoProblems> i know :)
[2:24:41] <GrUnKXD> I AM SO MUCH BETTER THAN THEM
[2:28:52] <+yungldrama> then why arent you up there
[2:32:50] <GrUnKXD> because i am not playing in esl teram
[2:33:28] <JooNaaaa1> because your 2 bad c:
[2:38:27] <alekeiin> Not even major
[3:03:52] <Trubby_> I don't like wait
[3:10:41] <u7jeha> Hmm i already love wait
[3:17:03] <Andrelele4> X GOD
[3:17:17] <Andrelele4> DOSIA?
[3:17:31] <Andrelele4> ALELELELE
[3:17:56] <Andrelele4> YAGAGAGAGAGAGAGAGAGGA
[3:18:09] <Andrelele4> DAM-B BICH
[3:18:11] <lenka_> hello :)
[3:18:25] <Andrelele4> AY
[3:18:30] <lenka_> :)
[3:19:06] <lenka_> :)
[3:20:30] <lenka_> is there someone?
[3:23:22] <crocisme1> nope
[3:23:41] <crocisme1> the winner is g2
[3:25:00] <Ziggyzak123> bamboozled
[3:26:30] <crocisme1> Kappa :( :(
[3:30:23] <luici02> ey
[3:36:00] <34mustafa> SA
[3:45:58] <Braydosmana> Squid1 Squid2 Squid3 Squid2 Squid4
[3:46:20] <Braydosmana> Squid2 Squid3 Squid2 Squid2 Squid2 Squid4
[3:49:40] <JqnasT> Squid1 Squid2 Squid2 Squid2 Squid4
[3:50:02] <MetapoliC> PowerUpL Squid3 PowerUpR
[3:50:32] <MetapoliC> PowerUpL CrreamAwk PowerUpR
[4:05:42] <LeoKrabiK> Kappa 11111
[4:05:42] <mjeert> monkaS
[4:09:49] <tsab1ko> !config
[4:20:57] <Thelimpan> wasn't even a noscope Keepo
[4:21:38] <marcelalex22> is this live?
[4:21:55] <Thelimpan> your mama is
[4:22:00] <marcelalex22> who is "RERUN"?
[4:22:12] <marcelalex22> Kappa
[4:22:32] <+Darknight_TV> :O
[4:23:06] <marcelalex22> LUL
[4:23:14] <Thelimpan> lol nerds with glasses
[4:23:55] <locopuma> Mau5
[4:27:45] <+Darknight_TV> \ -__- /
[4:28:29] <+Darknight_TV> \ -_- /
[4:28:45] <+Darknight_TV> -- _ -- \
[4:31:45] <Thelimpan> loool tiny asian Keepo
[4:37:09] <Thelimpan> lool faet man Keepo
[4:46:42] <soundless5> !uptime
[4:46:42] <@Moobot> @soundless5 Uptime is: 4h 46m 52s
[4:48:40] <martan4446> !followed
[4:48:56] <martan4446> jebať
[4:50:43] <martan4446> north should win this
[4:58:37] <promomorgs> Oooooo
[5:05:49] <BROALFA> gg
[5:40:52] <Neycho01> nice man
[5:42:11] <Luclucdergute> Hello
[6:00:53] <hardcoreco> Hi
[6:03:06] <raregameryt> CAJUNB!!!!!!!
[6:07:24] <denim_2k> YO IS THIS LIVE?????
[6:08:00] <denim_2k> WHERE IS SCREAM RPK SMITHZZ
[6:08:49] <+iJoe> they left
[6:09:13] <+iJoe> 2 years ago
[6:09:25] <+iJoe> and it istn live
[6:25:26] <vhudy> admiralB1 admiralB2 admiralB3
[6:31:59] <blixxed1> this is 1 mont ago max
[6:32:10] <blixxed1> lol :D
[6:45:28] <eloncio> live?
[6:46:49] <Yeezie> yea
[6:48:55] <valistaja> no
[6:49:04] <Yeezie> is that the girl the security guard?
[6:49:28] <Yeezie> - 1 the
[6:49:55] <valistaja> :D
[6:50:12] <valistaja> dunno. but he is standing there like an important girl, so maybe :D
[6:50:27] <TheOutlawJhin> admin
[6:50:27] <valistaja> hot girl tho :p
[6:50:42] <Yeezie> he? transgender?
[6:50:53] <valistaja> she *
[7:09:07] <holq11> !uptime
[7:09:07] <@Moobot> @holq11 Uptime is: 7h 9m 17s
[7:09:20] <ImTotallyNotMessi> lets go g2!!!!!!!
[7:09:37] <holq11> YES YES
[7:09:53] <ImTotallyNotMessi> KennyS is my fav player
[7:10:14] <holq11> Yes yes
[7:11:46] <HBVhugo> ahahahahaahha
[7:12:08] <sleeping_jedi> that will be a very dope meme
[7:12:51] <ImTotallyNotMessi> ThAt WiLl Be A vErY dOpE mEmE
[7:13:01] <Czechu245> let go
[7:13:03] <ImTotallyNotMessi> g2! g2! g2!
[7:13:05] <holq11> OMG, Let`s GO!
[7:15:24] <holq11> Nice!!!
[7:19:41] <sleeping_jedi> weeeeeee
[7:20:02] <holq11> OMG, go go
[7:27:30] <sleeping_jedi> yay!
[7:27:44] <Darter54> gg
[7:27:59] <holq11> OMG OMG OMG
[7:30:12] <sleeping_jedi> that French accent
[7:32:52] <holq11> YES
[7:41:18] <revanatic> is this 24/7?
[7:46:37] <Dazalincho> !uptime
[7:46:37] <@Moobot> @Dazalincho Uptime is: 7h 46m 47s
[7:52:58] <grimcarnage2you> too many smombies
[7:53:33] <+Relaxabl3> this is dope
[7:53:49] <GoombaGoon> is this a techno concert lol
[7:54:30] <GoombaGoon> skrillex csgo
[7:56:54] <GoombaGoon> wtf
[7:56:54] <Karganrood> Kappa // encore
[7:56:54] <@Moobot> DreamHack Store: http://store.dreamhack.com/?utm_source=twitch_CS&utm_campaign=twitch_panel&utm_medium=twitch
[8:09:45] <matheusrjfps> hello
[8:17:34] <LotHtoJ> Is it live?
[8:17:42] <Jonninbissnes> yes
[8:22:37] <leswifter> xD
[8:23:16] <rainaikai> i thought olof us faced now ? 😂
[8:26:15] <KeiiDee> @rainaikai nah, he went back to Fnatic Kappa
[8:27:06] <leswifter> @KeiiDee obviously
[8:39:55] <elcazadorriley > What's the best way to improve in this game? Watch videos, play casuals?
[8:40:50] <LimeLight4TheDark> just play
[8:40:58] <WhLehack> CHEATS
[8:41:03] <LimeLight4TheDark> experience is the best teacher
[8:41:30] <elcazadorriley > I got kicked from one of my recent comp games, wasn't even doing bad or trolling, teammates were just better and said I sucked FeelsBadMan]
[8:41:53] <elcazadorriley > also they were all on Discord and not communicating with me
[8:42:07] <elcazadorriley > good community
[8:49:45] <+tristanwc> Dont play solo
[9:14:38] <gayaz10> rth
[9:20:27] <gayaz10> hooray
[9:25:22] <matheusrjfps> essa live ja aconteceu
[9:25:58] <SatanClausXD> now or now PogChamp
[9:26:05] <matheusrjfps> algum br
[9:28:36] <matheusrjfps> my pc no placa de video
[9:29:45] <matheusrjfps> birrlll
[9:30:03] <matheusrjfps> flamengo o melhor time
[9:30:29] <matheusrjfps> fallen o verdadeiro joga demais
[9:31:45] <matheusrjfps> no speak english
[9:32:15] <markkfps> GO SK!!
[9:33:02] <markkfps> buuuu GO SK YOU CAN WIN!
[9:33:18] <markkfps> LET'S GO FALLEN
[9:34:00] <markkfps> NICE TACO!
[9:35:27] <markkfps> GOGOGOGO BUY ROUND
[9:36:26] <markkfps> fuc**ng JW dude
[9:36:42] <markkfps> let's go fallen you can win
[9:37:23] <markkfps> fucking team of brazilians
[9:38:34] <+Jakeinator> yo
[9:40:42] <matheusrjfps> gringoss arromados
[9:40:53] <matheusrjfps> vao tnc
[9:41:24] <matheusrjfps> fnatic team lixo
[9:42:26] <matheusrjfps> fnatic on hack
[9:42:42] <matheusrjfps> on hack team fnatic
[9:48:02] <matheusrjfps> ta de hack os arromados
[9:48:19] <matheusrjfps> do krl vao tudo tnc
[9:50:28] <Hjaltten> Kappa
[9:53:03] <matheusrjfps> on hack
[9:53:15] <matheusrjfps> fnatic ban
[9:53:37] <ditvpirigozo> isso é ao vivo?
[9:56:04] <voxxxx> não
[9:56:31] <voxxxx> rerun=repetido
[9:56:59] <matheusrjfps> sim
[9:57:15] <matheusrjfps> e repetido aaaa
[9:57:32] <matheusrjfps> vai tnc dreamhack do krl
[10:56:16] <+MrSen0rSir> SUP GUYS
[10:57:58] <facucapo133> is live?
[11:04:16] <craftminer112> nah
[11:24:16] <joaopaulo7> upgradecsgo . com code: jopa7 $0.4 free
[11:47:46] <+verminkt> is ESEA back up?>
[12:34:21] <+stringystrings> taking my mcat soon wish me luck
[13:38:34] <pdq_> any1 kknow how i get back on darkk mode with this new site?
[13:40:15] <+vAs_caLypso> Its theater mode I think
[13:40:25] <+vAs_caLypso> Next to fullscreen button
[13:41:25] <RealDeltarix> christ38Rip
[13:42:12] <Synic1337> wtf 2 fps!
[13:52:07] <Grant482> live?
[13:52:32] <pizzasoupy> nope
[13:53:15] <Grant482> are you sure?
[13:55:04] <Grant482> oof
[14:09:32] <RealDeltarix> It's a rerun..
[14:10:00] <RealDeltarix> Rerun, dam
[14:57:22] <ISellFreeMoney> North LuL
[15:10:11] <+Plazmaball11> LOL
[15:10:15] <Sorenkaas> Rip
[15:10:31] <+Plazmaball11> mabey if dreamhack knew wtf they were doing
[15:11:00] <Sorenkaas> ...
[15:28:02] <+bacon_insurance> NICKERS
[16:26:16] <othacostas> reprise?!
[17:14:42] <+dawnwin35> Is this life
[17:14:52] <+dawnwin35> ..
[17:24:33] <cameron131244> Cx
[17:33:16] <Rain_94> LUL
[17:44:39] <+CapnPiccard> Karrigan has some mad lip game hot damn
[18:37:38] <pawandhankani> Hey!
[18:41:05] <hamzaberat1> voyunHey voyunHey jahHey jahHey jahHey pintiBOSS pintiBOSS pintiBOSS unlostSektor unlostSektor unlostCan
[18:48:03] <lucasoliveira1989> who won this match?
[19:16:16] <wxmyn> i know this is a rerun but allu would be fun to get drunk with
[19:16:48] <SteyFire47> STFU
[19:26:46] <popeyepeng> 1 tap
[19:27:04] <+TheUnRuly27> lmao
[19:28:37] <ali09tr> bu kanal niye 7//24 yayinda aq
[19:32:11] <+TheUnRuly27> lmao
[19:32:27] <popeyepeng> rofl
[19:32:51] <+TheUnRuly27> should have psitoled happy
[19:47:41] <anaknitokwa> gg
[19:48:07] <popeyepeng> ggwp
[19:56:25] <+Hardy_OW> wtf is this
[20:02:11] <Archgop> Rubs hdhak
[20:14:19] <+Johannern96> Hi
[20:17:18] <Maaxsaaa> JonCarnage
[20:35:06] <gvidas__> Keepo 7
[20:36:27] <Maaxsaaa> wow
[21:01:22] <NolexHyper> !uptime
[21:01:22] <@Moobot> @FalconyComplex Uptime is: 21h 1m 32s
[21:09:26] <JG_Gaming2K18> Who wins?
[21:17:52] <NolexHyper> ur mom
[21:20:22] <NolexHyper> envyus wins btw
[21:26:30] <0rhythm> haHAA
[21:27:05] <Aramarth86> aramarGasm
[21:50:41] <Dunshy_Exit> vp movies
[22:13:17] <MWjbc> hello guysss :D
[22:19:25] <ardblbn> Woo#
[22:19:42] <ardblbn> Hiii
[22:47:59] <MOZYOU> JD
[22:59:17] <swaeggii_> lol
[23:58:55] <NajsVan> hi
[23:59:26] <zack_tv> hi
[1 day, 0:12:03] <Carl_thePotato> hey
[1 day, 0:15:23] <JustVillaz> G2 Esport!!!
[1 day, 0:15:34] <JustVillaz> Kappa
[1 day, 0:39:36] <Jubulba> PogChamp
[1 day, 0:39:58] <canhanh> SwiftRage
[1 day, 0:48:17] <Sem223> I thought they meant SK as in South Korea vs North as in North korea
[1 day, 0:48:28] <Sem223> Feelsbadman
[1 day, 0:51:07] <Maniacuzzz> is this live guys
[1 day, 0:51:50] <Im_B3nn7> No ur 2Montes late
[1 day, 0:51:58] <+georgectin98> lmao
[1 day, 1:19:23] <shoxie28> anyone wants to play faceit? I'm lvl 4
[1 day, 1:25:06] <Razer14k> birl
[1 day, 1:38:47] <mrdumbfukc> what happend to magisk?
[1 day, 1:40:43] <xdpiratmanden> @mrdumbfukc hes playing for optic now
[1 day, 1:48:35] <+ByDrezzTV> hi
[1 day, 1:50:44] <+ByDrezzTV> lel
[1 day, 2:14:53] <DenialMD> b
[1 day, 2:15:21] <Flexxxm> SK´s hacks dosent working
[1 day, 2:32:00] <fribergak47> !music
[1 day, 2:32:13] <fribergak47> !clip
[1 day, 2:32:27] <moshe157> !music
[1 day, 2:32:37] <fribergak47> !tune
[1 day, 2:40:55] <moshe157> !tune
[1 day, 3:13:12] <ToXa_> anomPrivet anomBucket
[1 day, 3:14:18] <Cr0wnedd> Rush b
[1 day, 3:37:27] <Tayoda> twitch tayoda => come just follow, love u guys
[1 day, 3:39:14] <spume711> ikea ak47 Kappa
[1 day, 3:51:00] <nicolaiseje123> ftfdø'
[1 day, 3:51:25] <gulpargo> PogCham
[1 day, 3:51:39] <nicolaiseje123> dansker?
[1 day, 3:52:27] <gulpargo> VoteNay
[1 day, 3:55:24] <gulpargo> bye navi...
[1 day, 4:20:43] <nicolaiseje123> hejxd
[1 day, 4:20:54] <nicolaiseje123> hejsa
[1 day, 4:31:41] <WoekzHD> Keep it s1mple hehehe xD
[1 day, 4:34:12] <MrCramton> love CSGO
[1 day, 4:39:54] <MrCramton> don't you?
[1 day, 4:52:13] <jackeroux> who is winning?
[1 day, 5:26:49] <JordanRobertF> lol
[1 day, 5:56:09] <benceliveol> why noscope?
[1 day, 5:58:35] <%xandredzn> xd
[1 day, 6:29:52] <patricktsr> nip is winning
[1 day, 6:48:03] <frias06> <3 <3 <3 <3 <3
[1 day, 6:52:37] <Varmish> <3
[1 day, 7:11:06] <the_great_eight> Sick
[1 day, 7:16:28] <focus1234466765> fuck
[1 day, 7:23:09] <Mebace> Space maçı burdamı
[1 day, 7:26:47] <ni1ck1> é ao vivo isso msm?
[1 day, 7:29:22] <protixus> draken fuck them hard
[1 day, 7:36:16] <Mebace> loooooooooool
[1 day, 8:23:01] <de_froz> hello
[1 day, 8:28:15] <aww_rubbish> dead chat LUL
[1 day, 8:28:36] <Prodigy4532> ho won?
[1 day, 8:32:51] <gvexcs> me
[1 day, 8:33:01] <hheew> we did
[1 day, 8:42:58] <gvexcs> stewieeeeeeeeeeeeeeeeee
[1 day, 8:45:24] <gvexcs> c9 needs brax in their lineup
[1 day, 9:09:12] <diabound__2> kilot9
[1 day, 9:10:19] <LoninPlz> :o
[1 day, 9:57:36] <tormentomateus> eh ao vivo isso ?
[1 day, 10:22:48] <NaT1oNzZ> !navo
[1 day, 10:29:24] <Koskelan461> :O :O :O :O :O :O :O :O <3 <3 <3
[1 day, 10:44:29] <BigSmile305> gnummeDebil
[1 day, 10:55:50] <+jatom2> gfdg
[1 day, 11:28:25] <komisarzrexjp> who is next map ?
[1 day, 11:39:25] <Mooliciouss> 😡
[1 day, 11:40:20] <BadHatter> @komisarzrexjp nuke
[1 day, 12:03:21] <RaireCS> Omg why people watch this rerun?
[1 day, 12:03:47] <musketeermike> @psvman6599 it never hurts to watch pro players re run or not
[1 day, 12:04:02] <musketeermike> Easy way to learn how to play smarter
[1 day, 12:09:59] <PodolekTV> !commands
[1 day, 12:21:38] <cosmic46> monkaS
[1 day, 12:30:27] <bone_nurbek444> sup chat
[1 day, 13:22:30] <+zacharyl19> this live ?
[1 day, 13:23:12] <daundude> y
[1 day, 13:23:50] <PAtRONtAGE> RERUN
[1 day, 13:24:07] <PAtRONtAGE> so serious?
[1 day, 13:24:49] <PAtRONtAGE> smoke hemp bra)
[1 day, 13:32:54] <daundude> veri sirius
[1 day, 13:37:07] <PAtRONtAGE> slovak
[1 day, 13:37:20] <PAtRONtAGE> unhuman
[1 day, 13:51:17] <EffortingsGaming> hi
[1 day, 13:56:09] <SHIP_ASSASSIN> when this match was played?
[1 day, 13:57:23] <Sorenkaas> Idk
[1 day, 14:32:20] <Mrewgf> loveyou guys
[1 day, 14:34:32] <lewisdf94> <3
[1 day, 14:51:48] <JamsteriXd> Banana! PogChamp
[1 day, 15:02:34] <+TommyOGD> sumE
[1 day, 15:16:58] <xXFailsterXx> 4 aks 4 m4s and 2 awp..
[1 day, 15:25:06] <KungCheops> fcking fnatic threw the tournament
[1 day, 15:56:02] <Foxidro> is this live? Kappa
[1 day, 16:01:32] <+Sensei_hatori_hanzo> Nop
[1 day, 16:07:41] <violentio> luca kng hen1 voltarao pra imort ?
[1 day, 16:08:22] <sikenbr> esse e o replay
[1 day, 16:54:55] <+Dbzkia21> lol
[1 day, 17:01:29] <MaraudAndMurder> H
[1 day, 18:04:47] <matutumba> its live?
[1 day, 18:05:30] <feng1994> rerun boy . malmao 2017
[1 day, 18:05:58] <matutumba> RERUN IS NEW SPONSOR?
[1 day, 18:06:12] <GreasyTacoDog> yes
[1 day, 18:06:23] <matutumba> ok ty
[1 day, 18:36:34] <MrCramton> love CSGO
[1 day, 18:37:00] <MrCramton> best fps ever
[1 day, 18:40:43] <+amwaldcat> who wins dis one?
[1 day, 18:41:34] <+Yo_Eazy> sk
[1 day, 19:14:23] <yaw990511> G2 2-1
[1 day, 19:14:35] <yaw990511> G2 is malmo champion boi.
[1 day, 19:34:50] <luizhasashigamer> taco ta deitando nos gringo
[1 day, 20:08:34] <Monkofpo> noobs
[1 day, 20:13:03] <almightyduk> why delete NotLikeThis
[1 day, 20:13:22] <almightyduk> kenny fans giy af
[1 day, 20:29:19] <rus3frost> ;o
[1 day, 20:58:35] <Meany101> holy fuck shut up and play the match, skip this shit lol
[1 day, 21:14:34] <+LemonTSwizzle> f0rest is bae
[1 day, 21:15:08] <+Neurovirulent> live?
[1 day, 21:15:19] <+LemonTSwizzle> always
[1 day, 21:31:14] <baddarorn> !DarkMode
[1 day, 21:32:25] <+LemonTSwizzle> kek
[1 day, 21:56:30] <+TommyOGD> sumE
[1 day, 22:01:29] <Kshawp> smeep
[1 day, 22:01:42] <Kshawp> smeeo
[1 day, 22:05:33] <GreekDudesRPG> glocks XD
[1 day, 22:07:36] <GreekDudesRPG> :)
[1 day, 22:07:48] <perfect_read> when're we goin' live?
[1 day, 22:08:11] <perfect_read> !schedule
[1 day, 22:08:11] <@Moobot> @perfect_read https://dh.je/open-schedule
[1 day, 22:08:31] <GreekDudesRPG> get molotoved
[1 day, 22:08:33] <perfect_read> fuckin a
[1 day, 22:08:43] <GreekDudesRPG> PowerUpL VaultBoy PowerUpR
[1 day, 22:09:43] <GreekDudesRPG> how he went throw the fire?
[1 day, 22:11:41] <+TommyOGD> sumMolly sumW
[1 day, 22:16:31] <+banunkers> test
[1 day, 22:19:54] <Shehzade_w0w> xD
[1 day, 22:20:42] <+NcS_Jumpfruit> lul
[1 day, 22:42:29] <boiancs> thx
[1 day, 22:42:57] <eonMeister> S1MPLE NUKE MOK
[1 day, 22:44:22] <nikolajcp123> what is this is this a festival
[1 day, 22:44:45] <punkduck1> Yeah a music one
[1 day, 22:44:49] <boiancs> 30 degree window
[1 day, 22:47:19] <tompogaming1g> follow FutureMan FutureMan
[1 day, 22:52:21] <eonMeister> 15 15 LuL
[1 day, 22:53:10] <Shehzade_w0w> draken suck the fast all shoots!
[1 day, 22:55:25] <knudsii> Allahjj
[1 day, 22:56:15] <eonMeister> !maps
[1 day, 22:56:27] <eonMeister> @moobot fuck u
[1 day, 23:03:29] <eonMeister> Auto noob
[1 day, 23:04:09] <Tomahawkki> auto destroyer
[1 day, 23:05:55] <eonMeister> GeT_Vac
[1 day, 23:06:25] <allan_quatermain> God_RighT
[1 day, 23:14:29] <Crozy90> When was this match?
[1 day, 23:15:06] <Crozy90> Dreamhack Malmö 2017 when was it?
[1 day, 23:17:24] <eonMeister> Go Google
[1 day, 23:17:50] <PatouZ_> google is your friend xd
[1 day, 23:18:55] <+RAIDENAS_> who had knife m9 sapphire
[1 day, 23:18:57] <eonMeister> NIP <3
[1 day, 23:19:27] <PatouZ_> I don't have any skin
[1 day, 23:19:40] <inkdudeswed> Is it semi or whats the placemnent?
[1 day, 23:19:44] <slhilyasoglu> I have a Marble fade
[1 day, 23:19:53] <eonMeister> BibleThump Knife BibleThump M9 BibleThump sapphire BibleThump
[1 day, 23:23:12] <mr_tealive> WIN ?
[1 day, 23:26:53] <0rhythm> Squid1 Squid2 Squid3 Squid4
[1 day, 23:27:32] <eonMeister> KappaPride KappaPride
[1 day, 23:27:50] <0rhythm> im gey
[1 day, 23:28:51] <Shehzade_w0w> S1mple is AWP player not draken!
[1 day, 23:28:51] <@Moobot> DreamHack Store: http://store.dreamhack.com/?utm_source=twitch_CS&utm_campaign=twitch_panel&utm_medium=twitch
[1 day, 23:29:41] <eonMeister> S1MPLE > Kennys > Fallen
[1 day, 23:37:17] <vladc0bra> I thought Na'vi was just playing with Envyus cmonBruh
[1 day, 23:38:01] <eonMeister> cmonBruh
[1 day, 23:38:22] <eonMeister> dONT THOUGHT AGAIN DatSheffy
[1 day, 23:52:16] <eonMeister> Cry more S1MPLE
[1 day, 23:53:19] <evansadrian> :thinking:
[1 day, 23:53:34] <eonMeister> forcejkeee has been timed out for 10 seconds. Reason: banphrase #2 [warning] – ohbot
[1 day, 23:56:21] <sk00v1337> Ost
[1 day, 23:56:34] <sk00v1337> H1Skull H1TwoTap
[1 day, 23:57:05] <allan_quatermain> GoD_RiGhT !
[1 day, 23:58:36] <eonMeister> GET_RIGHT : NOOB TEAM
[1 day, 23:58:49] <allan_quatermain> lol
[2 days, 0:00:02] <eonMeister> RIP
[2 days, 0:00:05] <Taskin> wtf
[2 days, 0:00:08] <Patrikoo1337> Rguardian NaVi VoteNay Rguardian FaZe Clan VoteYea
[2 days, 0:00:10] <+RabzZ> rip :c
[2 days, 0:00:12] <drmongrel> dafuq
[2 days, 0:00:23] <+RabzZ> back :D
