[0:02:28] <PandemoniumFortress> is this shit live or replay ?
[0:03:06] <fresh12000> poyy brt
[0:07:05] <thesmoothfoxxxx> wall hacks?
[0:14:26] <entryUi> its live?
[0:19:00] <OfficialZapsteR> no rerun
[0:26:50] <Fratsmoke> What a rerun
[0:27:40] <WhLehack> fnatic so bad :(
[0:27:49] <f2pcr3ss> 237viewers on major LUL
[0:28:17] <SHIP_ASSASSIN> who win envi or fnatic ?
[0:28:43] <paakku00> go f uk you self up m8
[0:29:33] <xunknown666> fanatic
[0:30:02] <SHIP_ASSASSIN> score was 16-14
[0:30:12] <SHIP_ASSASSIN> ?
[0:41:19] <bjuuu24> is this live?
[0:41:35] <bjuuu24> and what city?
[0:43:56] <yelaa44> LIVEEEE!!!!!!
[0:44:14] <death6996> !vp
[0:44:19] <Nethi_> !VP
[0:44:33] <yelaa44> !VP
[0:44:41] <strenius> this is live, rerun is just a sponsor
[0:45:09] <yelaa44> re run is ultimate trollers since 99
[0:49:32] <death6996> TwitchVotes
[0:59:18] <kubii3> co tam polaki
[0:59:36] <kubii3> halo
[1:05:59] <death6996> hia
[1:07:13] <death6996> hi
[1:07:14] <bjuuu24> isnt rerun a city?
[1:07:34] <shakra1252> yes its live in rerun
[1:07:48] <bjuuu24> where is rerun located
[1:07:58] <shakra1252> in japan
[1:08:04] <welcometorio> in rewalk
[1:08:16] <bjuuu24> why are they playing in japan
[1:08:36] <shakra1252> becouse japan just joined to cs go community
[1:09:10] <bjuuu24> did they? what is the name of japan team
[1:09:13] <KonQel> hahaha holy u guys are not the brightest LUL
[1:09:33] <shakra1252> renegades got 2 japanese players
[1:09:35] <bjuuu24> what u mean @KonQel
[1:09:49] <KonQel> RERUN: Renegades vs Virtus Pro - Group B - Cache - DreamHack Masters Malmö 2017
[1:10:01] <bjuuu24> that is cool
[1:10:07] <shakra1252> @KonQel tss dont talk and dont troll him
[1:10:17] <bjuuu24> i like japanese peopkle
[1:10:40] <KonQel> @shakra1252 but Rerun is in vietnam not japan? 🤔
[1:10:57] <shakra1252> @KonQel there is rerun in japan not vietnam men
[1:11:08] <shakra1252> in vietnam there is reron
[1:11:18] <KonQel> oh ye sry
[1:12:04] <shakra1252> LUL
[1:13:31] <shakra1252> if you focus you can hear japanesse comentators Kappa
[1:13:50] <bjuuu24> now u are just trolling me
[1:14:08] <shakra1252> @KonQel you hear them right?
[1:14:26] <bjuuu24> stop it
[1:14:36] <bjuuu24> I will ban u if u troll
[1:14:46] <shakra1252> omg yo uwill ban me?
[1:14:50] <bjuuu24> I know admins
[1:14:55] <shakra1252> but you are not from japan
[1:15:19] <bjuuu24> I know stream admins
[1:15:28] <shakra1252> no you dont lol
[1:15:48] <shakra1252> all of the admins speak only japanesse LUL
[1:16:18] <bjuuu24> YES I DO
[1:16:29] <shakra1252> i dont belive you
[1:16:43] <bjuuu24> they dont speak only japan
[1:16:57] <shakra1252> they were born in rerun
[1:18:14] <Intus41> ^^
[1:18:30] <bjuuu24> no
[1:18:42] <shakra1252> @Intus41 do you hear japanese comentators?
[1:18:44] <bjuuu24> I ban u mddaakking troller
[1:19:02] <Intus41> nah :D can i change? :D:D
[1:19:11] <shakra1252> @Intus41 yes
[1:19:16] <Intus41> bjuuu shut it ^^
[1:19:53] <Intus41> so theres a japanes dreamhack stream , NO WAY!!!!
[1:20:07] <shakra1252> yea
[1:20:11] <Intus41> we have counter strike in german television
[1:20:42] <Intus41> but noone watches it , CAUSE THE GERMAN commentators ^^
[1:21:22] <shakra1252> bjuu you banned me already?
[1:21:42] <Intus41> jaja yeah bjuu get myself also banned pls
[1:22:06] <Intus41> good luck b*tch
[1:23:23] <Intus41> bjuuuuuuuuuuuuuuuuuuu
[1:23:36] <Intus41> uuuuuuuuuuuuuuuuuuuuuuuuu
[1:23:51] <Intus41> suuuuuuuuuuuuuuuuuuuuuuccck
[1:24:35] <Intus41> soe the "n" and the "u" are the same font just flipped?
[2:12:55] <playxl> !useroptions
[2:31:42] <Lord_Guto1> oo
[2:33:43] <Boehmi89> AK-47 Neon Revolution FN with 4 iBUYPOWER Holo? :) Who wants to trade?
[2:44:23] <elefantineorange> is this live
[2:44:36] <+plexom> No, its a RERUN
[2:44:41] <sinaypavardiyomkosuyom> dont u see the RERUN ?
[2:44:56] <+plexom> No need to be unfriendly.
[2:45:20] <sinaypavardiyomkosuyom> NA molly
[2:45:39] <elefantineorange> what does rerun mean
[2:46:52] <+plexom> From where are you? @elefantineorange
[2:47:07] <+plexom> Maybe I can explain it to you better
[2:47:51] <+plexom> Whatever^^
[2:48:04] <+plexom> Rerun means that the Match already took place
[2:48:16] <+plexom> But they show the Match again
[3:31:01] <kaboom989> Kom igen Danmak
[3:59:02] <gaddus> did anyone else loose the sound just now?
[4:03:13] <Scarapter> monkaS
[4:10:33] <lucasviana99> coldzera gaming x north LUL
[4:31:33] <TrggaHappy> Hacks on haha
[4:31:35] <googlybear4787> suh
[4:32:33] <aaronsenpai_> is this a rerun?
[4:32:53] <swamp3r> is the sky blue
[4:33:53] <TrggaHappy> Don't know what does the title say NotLikeThis NotLikeThis NotLikeThis LUL LUL
[4:34:56] <TrggaHappy> In capital letters ResidentSleeper ResidentSleeper
[4:39:49] <Advocattt> lul
[4:40:05] <jonsborg02> lul
[4:44:14] <bpelicer> lul
[4:45:10] <bpelicer> br?
[4:47:15] <Jerssilerssi> wät
[4:50:46] <bpelicer> Jerssilerssi labadaiasol?
[4:54:50] <b4rrythebest> GG !-Dva
[4:55:15] <GameHero> Kappa
[4:55:33] <bpelicer> SMOrc
[4:55:49] <Jerssilerssi> bpelicer what
[4:56:57] <bpelicer> Jerssilerssi:cat boy
[5:00:44] <bpelicer> RUNSK
[5:16:14] <bpelicer> RECILEP ONURB
[5:17:43] <Sh_pk> North wins
[5:19:08] <serginhooo> @DreamHackCS hey
[5:21:58] <yuu133t> WALLEN
[5:23:23] <bpelicer> NEGATIVE
[5:23:34] <bpelicer> SK WINS
[5:30:06] <Abutko> North!!
[5:31:56] <bpelicer> SK
[5:39:41] <lollen23> '
[5:41:09] <bpelicer> GG
[5:41:10] <yuu133t> QUE OTA
[5:41:21] <bpelicer> QUE OTA ELE VAI DA OTA
[5:41:44] <yuu133t> tu é brasileiro ?/
[5:41:56] <bpelicer> SM
[5:42:05] <yuu133t> ata
[5:42:07] <bpelicer> SIM
[5:42:19] <bpelicer> RS
[5:42:40] <bpelicer> SK ETÁ UMA BOSTA SO PERDE
[5:42:57] <yuu133t> é só uma fase
[5:43:04] <colmzy> boas!
[5:43:34] <bpelicer> E QUE FASE RUIM KK
[5:44:16] <lollen23> GG
[5:56:19] <Nikolaj12_> hej#
[6:10:42] <Lucas120105> !asi
[6:11:13] <Lucas120105> !ast
[6:14:36] <Roafel> GOD FOX
[6:21:10] <+Paradise9000> it doesn't matter how much effort i put into this game i don't get better
[6:21:51] <stigohara> whaT?
[6:29:22] <+LanoCopter> @Paradise9000 what is your sense?
[6:29:25] <+dr3wbit> play aim maps paradise
[6:29:29] <nolifejustchill> is this being played now or?
[6:29:50] <+mag1nnnns> RERUN: Astralis vs Na'Vi
[6:29:51] <+dr3wbit> dod you se RERUN in the title mate?
[6:30:04] <nolifejustchill> oh yeah
[6:30:20] <WoekzHD> Who win??
[6:32:45] <nicostreez> how are still people watching this
[6:37:42] <silvertr> i earn 350$ <3 who want 3-5$ comment my steam profile(SJLVERTR)
[6:38:15] <Akrosstv> WutFace
[6:39:31] <Morrock55> boatyVV1 boatyVV2
[6:39:46] <WoekzHD> @silvertr ME!!
[6:46:44] <croatian_b41t> aaaa
[6:48:35] <TijTag> LUL
[7:01:31] <+ayerborne> Henry and his fking rings
[7:02:47] <+dr3wbit> Leage LUL
[7:04:42] <+dr3wbit> did she just read the dream wiki?
[7:28:09] <WoekzHD> #SimpleIsTheBrokenLegend
[7:28:35] <Skalmortis> Dab is not cool
[7:29:07] <Pandayanyan> never been cool
[7:32:34] <+purewind7> body block
[7:35:55] <franchotalarrosa> Cala boca
[7:37:52] <N0B1R1UM> eh
[7:38:15] <dannie263017> fisse
[7:38:58] <Kallemanden2704> Dumme danske
[7:40:39] <AndezPlayz> who won first map?
[7:40:50] <WoekzHD> Astralis
[7:41:18] <AndezPlayz> @William8355 Dansker?
[7:41:26] <WoekzHD> Jep
[7:41:37] <WoekzHD> Astralis LÅ LÅ LÅLÅ
[7:41:47] <AndezPlayz> så du holder også med astralis?
[7:41:57] <WoekzHD> Ja ahah :D
[7:42:05] <AndezPlayz> :D
[7:42:28] <WoekzHD> Holder med astralis , north ,
[7:42:30] <AndezPlayz> spiller du cs?
[7:42:40] <WoekzHD> Ja ;D
[7:42:50] <AndezPlayz> rank i mm??
[7:43:01] <WoekzHD> GN 3 :)
[7:43:11] <WoekzHD> dig?
[7:43:15] <AndezPlayz> ok jeg er mg1
[7:43:25] <WoekzHD> Nice :D
[7:43:35] <mcepic47> BANANA
[7:43:48] <AndezPlayz> men har været mod så mange hackers her for tiden
[7:43:54] <GodzillaVsBiollante> Banana for size comparison
[7:43:59] <WoekzHD> Nedern!!
[7:47:41] <AndezPlayz> yep det er nedern
[7:48:07] <WoekzHD> Har du prime??
[7:48:46] <AndezPlayz> yep
[7:48:48] <WoekzHD> gg
[7:48:51] <GodzillaVsBiollante> GRILL
[7:49:00] <WoekzHD> G FUCKING G!
[7:49:23] <AndezPlayz> men 4 af dem jeg har været imod her den seneste uge er blevet vac banned
[7:49:50] <AndezPlayz> gg
[7:49:51] <WoekzHD> ggggg
[7:50:04] <WoekzHD> Nå jeg skal smutte :) Ses
[7:50:13] <WoekzHD> Se Ya :D
[7:50:35] <AndezPlayz> se ya
[7:58:51] <tomirisdeveloper> Hello
[8:01:07] <tomirisdeveloper> Lol
[8:21:21] <+wickercsgo1> KappaHD
[8:37:48] <timmahsound> wwhhaattt
[8:47:00] <+CharlieMKE> dead chat
[8:47:21] <+CharlieMKE> 260 bot watching bwahahahhaha
[8:47:37] <Gavinrgames> hey I aint a bot
[8:47:38] <JZforJaiZee> Reruns are always dead
[8:48:03] <Gavinrgames> most people seen these
[8:49:35] <JZforJaiZee> I’m waiting for Sylogum anyways. She’s gonna do a TREX costume powerlifting stream today
[8:52:55] <fidgetspinersareforkids> no one is here
[8:54:09] <Gavinrgames> ohhhhhhhhh yes
[8:55:23] <Onespoone> ohhhhhhhhh
[9:02:24] <Tahitianwarrior> Squid1 ezaBenSugoi Squid4
[9:05:33] <arowzzzz> Squid1 Squid2 EntropyWins Squid4
[9:07:05] <bpelicer> Squid1 Squid2 Squid2 CrreamAwk Squid4
[9:24:55] <nasa0st> ThankEgg
[9:25:37] <MorenoGamerBul> PunchTrees SSSsss SSSsss
[9:54:45] <+Neurovirulent> XGOD
[10:11:44] <Theholyjoost> Guys
[10:12:08] <Theholyjoost> And where it is on your Keyboard
[10:16:43] <x3nt3lx> draken best ! ?
[10:30:12] <+TOXIC_T4CO> Anyone know if Friberg is on another team or something?
[10:30:26] <+TOXIC_T4CO> Or did he take a break
[10:30:52] <Itsderxy> On Optic
[10:31:09] <Itsderxy> Friberg is on optic
[10:31:35] <+TOXIC_T4CO> Oof
[10:47:41] <+forskern> friberg is on sk
[10:57:20] <+Aer199> I swear there are always games on dreamhack are they just friendies or...?
[11:01:33] <+Aer199> viewers 111111 what its 300 lol
[11:15:45] <nachhobe> as
[11:23:43] <刀日本刀刀> Nip <3
[11:27:05] <AGDQ_raid> live PogChamp
[11:27:32] <AGDQ_raid> GRILL monkaS
[11:48:32] <ZenshiArise> gra ktos mma ranga lem
[11:53:13] <AGDQ_raid> mods?
[12:06:24] <PRC2097> Go c9
[12:08:51] <hellcat2449> lol
[12:09:19] <puppergamez> I see 9clouds
[12:15:07] <kemalaltunlu> SA BEYLER
[12:30:28] <p1nchee_> !sk
[12:31:08] <puppergamez> !sk
[12:37:17] <thiagods123> !sk
[12:37:33] <p1nchee_> hello
[12:37:42] <AGDQ_raid> live PogChamp
[12:41:52] <AGDQ_raid> grill monkaS
[12:42:47] <dsxplay> ?
[12:43:44] <masterjoaopeo> !sk
[12:46:00] <SaltyLugoLugo> yeet
[13:00:37] <SunSp> is csgo down for anyone else?
[13:02:06] <bk8D> Nipulz
[13:02:29] <bk8D> How Long ago was this game?
[13:02:45] <bk8D> Stew shot Tarik lol
[13:03:37] <Pellkarottensaft> where is shroud :(
[13:04:01] <bk8D> He went full time streamer
[13:04:13] <bk8D> And nothing got a real job? Idk
[13:04:31] <Pellkarottensaft> he quit pro szene ?
[13:04:46] <bk8D> Maybe just break and be commentator later
[13:04:56] <bk8D> Not sure tbh
[13:05:07] <Pellkarottensaft> god hell nooooo
[13:05:45] <bk8D> We will only have nippulz of Tarik to get us through the tough times now :(
[13:07:34] <bk8D> Omg
[13:07:36] <SUND_F> LuL
[13:07:41] <eaglestrike5> Lmao
[13:11:31] <BergkampIslord> this chat seems pretty depressing
[13:12:03] <SUND_F> DUDUDUDUDUDU
[13:12:13] <laoo__> wtf fallen
[13:12:13] <BergkampIslord> lol
[13:12:31] <BergkampIslord> u wot
[13:14:04] <BergkampIslord> DOTA!
[13:14:17] <BergkampIslord> <3
[13:17:24] <AGDQ_raid> live PogChamp
[13:17:38] <Jake__from_state___farm> C9 beat SK right?
[13:18:38] <BergkampIslord> idk me nub at esports
[13:19:25] <BergkampIslord> but i think they did
[13:20:42] <Jake__from_state___farm> wtf
[13:21:00] <Jake__from_state___farm> "me nub at esports"
[13:23:01] <AGDQ_raid> yeah this is live....
[13:26:48] <ethham101> He was picking his nose lmao
[13:27:24] <avenger914> !rng
[13:46:22] <AGDQ_raid> live PogChamp
[13:47:12] <ksdnjc> idk
[13:48:03] <AGDQ_raid> idk what?
[13:48:17] <+FergueyHFLAN> impressive
[13:48:52] <ksdnjc> idk if its live rn
[13:49:17] <ksdnjc> might be a re run
[13:50:00] <+FergueyHFLAN> It s live for sure, if it wasnt it would have been marked in the title as RERUN: and there would be only 267 Viewers
[13:50:31] <AGDQ_raid> no, RERUN is a SPONSOR, this is LIVE PogChamp gameplay
[14:03:52] <AGDQ_raid> hopefully we can see a grill monkaS soon
[14:06:02] <AGDQ_raid> is this even lan? DansGame
[14:08:19] <AGDQ_raid> come on fuze PogChamp
[14:08:58] <AGDQ_raid> fuze what are you doing
[14:11:24] <AGDQ_raid> yeah there you go fuze PogChamp
[14:16:33] <Nomad__xD> Who the fuck is fuze
[14:18:04] <AGDQ_raid> a team
[14:26:02] <AGDQ_raid> come on vp
[14:28:34] <AGDQ_raid> FUZE WHAT THE FUCK
[14:28:54] <Nomad__xD> ?
[14:29:09] <Nomad__xD> Are you high
[14:29:10] <AGDQ_raid> they are losing
[14:29:21] <Nomad__xD> That’s renegades vs Navi
[14:29:35] <AGDQ_raid> my brain doesnt worst correctly sorry
[14:29:46] <Nomad__xD> I ser
[14:29:46] <AGDQ_raid> work*
[14:30:00] <Nomad__xD> And it’s a replay
[14:30:17] <AGDQ_raid> no this is live, have you ever seen a grill monkaS
[14:30:58] <Nomad__xD> Read the bio RERUN Rengades vs Navi group B
[14:31:11] <AGDQ_raid> RERUN is a SPONSOR
[14:31:29] <twiggypudding> ur stupid dude
[14:31:30] <Nomad__xD> Rerun means replay
[14:31:40] <Nomad__xD> It was weeks ago
[14:31:47] <twiggypudding> AGDQ, get a life my dude
[14:32:18] <AGDQ_raid> use the website GOOGLE to look up RERUN APP it is a automatic bill paying company
[14:32:39] <Nomad__xD> @blualphabeta legit he has the IQ of a liquid player
[14:32:52] <AGDQ_raid> shot fired PogChamp
[14:32:57] <Nomad__xD> Rerun dosnt sponser these things
[14:33:24] <AGDQ_raid> yes its in the title
[14:33:25] <Nomad__xD> No I’m there heading
[14:33:56] <AGDQ_raid> oh really, what section are you in? im at the event right now
[14:34:24] <Nomad__xD> Omfg so you mean to tell me Rerun is a sponser for a video broadcasting system for all cs broadcasting systems
[14:34:36] <Piggycheeseburga> Jibihbhibhib
[14:34:37] <Nomad__xD> You must be 2 weeks in the past
[14:34:51] <ZagPC> Nah you must be in the future
[14:34:59] <Piggycheeseburga> Chicken nuggets
[14:35:04] <AGDQ_raid> no, they are an automatic bill paying company, use the website GOOGLE to search RERUN APP to find out more information
[14:35:04] <ZagPC> 80k people watching right now
[14:35:16] <AGDQ_raid> grill monkaS
[14:35:28] <Piggycheeseburga> TheIlluminati
[14:35:45] <AGDQ_raid> GRILL AGAIN monkaS
[14:36:01] <AGDQ_raid> GRILL monkaS
[14:36:12] <AGDQ_raid> HOT GRILL AGAIN monkaS
[14:36:24] <ZagPC> I'm sitting next to simple
[14:36:24] <Piggycheeseburga> Chicken nuggets
[14:36:31] <danelord1> hi i have a prob my crosshair is gone :-( tryed validate steam files for cs go did not help and then reinstall game still no crosshair, anybody knows what to do
[14:36:33] <ZagPC> He whispers to me
[14:36:41] <AGDQ_raid> did you guys see that hot grill? monkaS
[14:36:48] <Nomad__xD> Dreamhack Malmo Navi vs Renegades was early September
[14:37:22] <Nomad__xD> @agdq_raid how stupid are you, Rerun is not a sponser of this event
[14:37:30] <Piggycheeseburga> @danelord1 you have to buy a crosshair case
[14:37:58] <AGDQ_raid> well there you go chat
[14:38:08] <AGDQ_raid> this is LIVE PogChamp
[14:38:16] <danelord1> what cant be true
[14:38:34] <Nomad__xD> It says live because it’s being broadcasted
[14:38:46] <Nomad__xD> It is not being broadcasted this very second real-time
[14:39:14] <AGDQ_raid> no, this is gameplay that is happening as we speak
[14:39:17] <Nomad__xD> It was broadcasted and is now being rebroadcasts
[14:39:46] <Nomad__xD> Where is this at?
[14:40:01] <Nomad__xD> You said you at the event where is it?
[14:40:04] <AGDQ_raid> LISTEN TO ME, i have never had a grillfriend, im out of my fucking mind
[14:40:21] <AGDQ_raid> i know what i am doing
[14:40:32] <Nomad__xD> @agdq_raid where is this event being broadcasted from?
[14:40:47] <Nomad__xD> You said your at it
[14:41:02] <AGDQ_raid> @NomadonPC be more specific
[14:41:33] <AGDQ_raid> @NomadonPC yeah im sitting next to the server that is streaming this stream, makes sense
[14:41:34] <Nomad__xD> Same question just more simple for you
[14:42:08] <Nomad__xD> Country, town, stadium
[14:42:57] <Nomad__xD> Yeah didn’t think so
[14:43:04] <AGDQ_raid> NA, no, no
[14:43:21] <AGDQ_raid> im not getting doxed
[14:43:45] <AGDQ_raid> further questions?
[14:44:22] <Nomad__xD> This event was being held and broadcasted from Sweden, Malmo and I don’t know what stadium
[14:44:41] <Nomad__xD> Your iq is so low for you NA scrubs
[14:44:46] <AGDQ_raid> ok, so why the fuck are you asking me?
[14:45:12] <AGDQ_raid> you ask me a question that you dont even know the answers to and then call me stupid
[14:45:14] <Nomad__xD> Because you said you where at this event which is in Sweden yet you say your in NA
[14:45:37] <AGDQ_raid> NA = Not Applicable
[14:45:46] <AGDQ_raid> you ask me a question that you dont even know the answers to and then call me stupid
[14:45:47] <Nomad__xD> Rerun stands for a rebroadcast of a previous event in a live form
[14:46:00] <AGDQ_raid> no, RERUN is a SPONSOR
[14:46:05] <Nomad__xD> I gave you the answer
[14:46:37] <AGDQ_raid> then state it to me again because it was not clear enough the first time
[14:47:11] <AGDQ_raid> go to the admins then
[14:47:48] <AGDQ_raid> if they even exist
[14:47:59] <AGDQ_raid> or sorry go to the MODS WutFace
[14:48:28] <AGDQ_raid> says what?
[14:48:57] <lncypau> nomadon fvcking idiot
[14:49:14] <AGDQ_raid> RERUN is in the TITLE
[14:49:21] <lncypau> agdq is trolling
[14:49:41] <AGDQ_raid> you would pay way more to be in the title of the stream vs being in the list of sponsors
[14:49:59] <@Moobot> DreamHack Store: http://store.dreamhack.com/?utm_source=twitch_CS&utm_campaign=twitch_panel&utm_medium=twitch
[14:50:00] <AGDQ_raid> yeah ok JUDGES
[14:50:11] <AGDQ_raid> moobot has spoken
[14:50:35] <AGDQ_raid> any further arguments?
[14:50:35] <@Moobot> The desk consist of @Stunna , @LiquidPimpZ & @HazedCS
[14:51:02] <AGDQ_raid> confirmed by @Moobot twice, this is LIVE PogChamp gameplay
[14:51:29] <AGDQ_raid> thank you @MODS
[14:52:04] <lncypau> lol
[14:54:27] <AGDQ_raid> anyone else?
[14:54:57] <+Slander83> I can never determine if ppl saying "rerun is a sponsor" are trolling or just stupid lol
[14:55:03] <Hanif_Melano> Game 1?
[14:55:06] <Piggycheeseburga> Chicken nuggets
[14:55:24] <Timmy_Tryhard> Hanif_Melano game 2 look at top right =)
[14:55:33] <Piggycheeseburga> @slander83 yes
[14:55:39] <Hanif_Melano> Ohh sry i don see
[14:59:30] <AGDQ_raid> RERUN is a SPONSOR of the stream, hence why they are in the title of the stream
[15:00:05] <Timmy_Tryhard> AGDQ_raid really, you again? -.-
[15:01:09] <Piggycheeseburga> @agdq_raid you are correct and I am admin.
[15:01:21] <AGDQ_raid> admin of what?
[15:01:34] <Piggycheeseburga> This stream
[15:01:37] <+Slander83> @AGDQ_raid Dreamhack masters malmö ended third september... Just google it kiddo
[15:02:11] <Piggycheeseburga> @slander83 I will ban you if you don't stop with fake news
[15:02:14] <AGDQ_raid> @Piggycheeseburga you lack the appropriate titles sorry, @Slander83 send link
[15:02:52] <Piggycheeseburga> @agdq_raid it is a German version of IKEA
[15:03:06] <+Slander83> @AGDQ_raid cant send links in chat but just google "dreamhack malmö 2017" and its the first result
[15:03:07] <AGDQ_raid> @Piggycheeseburga ignored
[15:03:52] <Piggycheeseburga> @agdq_raid ignored
[15:05:32] <Piggycheeseburga> @agdq_raid PJSalt PJSalt
[15:06:57] <Piggycheeseburga> @mxdanee yes
[15:07:00] <Timmy_Tryhard> mxdanee look at the effing title, does it say live?
[15:07:09] <AGDQ_raid> yeah
[15:07:22] <Piggycheeseburga> @mxdanee @nyere88 yes
[15:07:47] <AGDQ_raid> what the fart are you talking about?
[15:08:30] <Piggycheeseburga> @mxdanee this is not sponsored by Live, it is sponsored by rerun
[15:09:01] <AGDQ_raid> MODS?
[15:09:15] <Piggycheeseburga> @agdq_raid yes
[15:10:04] <AGDQ_raid> excuse me?
[15:10:24] <Piggycheeseburga> ***
[15:10:29] <AGDQ_raid> MODARCHOD what did you say?
[15:10:40] <Piggycheeseburga> Ckn
[15:10:42] <AGDQ_raid> yeah exactly, thanks MODS
[15:10:57] <Piggycheeseburga> You are welcome
[15:11:23] <dnlmlnr> I am your MOD 😅😘🤔
[15:11:53] <Piggycheeseburga> Is that you shrek
[15:12:43] <AGDQ_raid> where is your symbol?
[15:14:03] <AGDQ_raid> live PogChamp
[15:17:23] <AGDQ_raid> come on fuze
[15:21:47] <AGDQ_raid> yeah vp
[15:23:34] <AGDQ_raid> no scoped?
[15:23:50] <laoo__> stfu
[15:24:56] <AGDQ_raid> live Kreygasm
[15:27:51] <AGDQ_raid> lets go fuze PogChamp
[15:28:36] <AGDQ_raid> he recovered the ak.....
[15:28:54] <anerdcalledfred> No one cares
[15:29:07] <AGDQ_raid> ak is $23,000
[15:29:18] <anerdcalledfred> Cool beans stfu
[15:30:22] <wisearn> Stroopwaffel is an amazing thing
[15:30:25] <AGDQ_raid> disappointing performance from fuze
[15:30:51] <wisearn> Is this end?
[15:31:06] <AGDQ_raid> of?
[15:31:09] <wisearn> He talks like a baby lmao
[15:31:29] <wisearn> Are there more matches on this stream?
[15:31:47] <AGDQ_raid> yeah this is live...
[15:32:07] <wisearn> But it says rerun? ..
[15:32:11] <AGDQ_raid> you guys seeing this hot grill monkaS
[15:32:49] <AGDQ_raid> this grill is so hot, stop panning away from her
[15:33:05] <AGDQ_raid> GRILL monkaS
[15:33:50] <AGDQ_raid> BRING BACK THE GRILL monkaS SwiftRage
[15:44:26] <AGDQ_raid> did he say FUZE ?
[15:46:44] <AGDQ_raid> grill monkaS
[15:47:03] <AGDQ_raid> anyone else hear/see a grill monkaS
[15:47:40] <AGDQ_raid> grill monkaS
[16:03:44] <+Godzproo> faze bby
[16:22:52] <anjingnomoto06> fitch>zues
[16:38:35] <matts1mmo> lol
[16:41:45] <massaldimartin> hello reddit
[17:04:47] <Chacho_cs> Alguien para MM?
[17:05:01] <Chacho_cs> okno
[17:06:08] <anjingnomoto06> fitch>>>>>>zues
[17:22:34] <+Godzproo> poor faze
[17:23:01] <+Godzproo> faze 1 gambit 1 (maybe)
[17:25:58] <+Godzproo> dust 2 would be a good map
[17:28:02] <anjingnomoto06> lol 2-1 gambit
[17:42:38] <+Godzproo> no!!!!!!!!!!!!!!!!!!!!!!!!!!!!
[17:43:07] <+Godzproo> wow I'm sad I might need to kms
[17:43:40] <+Godzproo> balls
[17:43:53] <+Godzproo> in your mouth
[17:44:00] <dubeikonik> GAMBIT CoolCat
[17:44:20] <+Godzproo> so whos winning rn??
[17:45:01] <+Godzproo> ????
[18:02:48] <+rioduh> if youre bnd wanna see some esea pugs im live right now and if you follow ill follow back! :)
[18:05:31] <+Godzproo> who won faze or gamit?
[19:29:44] <moobakcs> who won 1st map?
[19:36:48] <thelazylazyme> how can immortals steel be streaming if he's in a live game
[19:37:21] <moobakcs> ........
[19:37:37] <vladc0bra> The secret of all streams with tournaments
[19:37:40] <moobakcs> rerun
[19:38:03] <thelazylazyme> this is live
[19:40:03] <vladc0bra> Can it be another composition?
[19:41:49] <moobakcs> lol troll
[19:42:12] <thelazylazyme> it doesn't say rerun at bottom
[19:42:23] <thelazylazyme> Counter-Strike: Global OffensiveDreamHack Counter-Strike GO 230119,591,300Share
[19:42:35] <thelazylazyme> normally it says rerun: dreamhack
[19:43:43] <tekapta> fnatic wtf is wrong
[19:46:39] <moobakcs> it does say rerun lol
[19:47:01] <tekapta> ikr, but wtf fnatic down so much
[19:47:27] <vladc0bra> That was cool
[19:47:28] <moobakcs> 2-0 lol
[20:14:41] <Happybulletz> LOL
[20:24:57] <+theolevkeepo_> sckBAG
[20:25:18] <+theolevkeepo_> Oh FeelsBadMan
[20:29:30] <teodortaraldsen> Baguette
[20:34:30] <petrpetroniano> kennys noob
[20:34:41] <+RAIDENAS_> u noob
[20:35:01] <petrpetroniano> yes,
[20:35:12] <petrpetroniano> you,too
[20:35:26] <+RAIDENAS_> no im semi pro
[20:35:54] <petrpetroniano> no, you noob
[21:00:11] <+WHYDOYOUCARE125> god sk been demolishing
[21:20:11] <vei00> lol
[21:44:45] <+Dizznasty_> this the game where SK rushes banana? LuL
[21:53:33] <GreekDudesRPG> XD
[21:53:48] <GreekDudesRPG> mac 10 = boss weapon
[21:56:11] <GreekDudesRPG> PowerUpL DarkMode PowerUpR
[21:56:28] <GreekDudesRPG> RIP kenny
[22:00:53] <GreekDudesRPG> :D
[22:01:08] <+Dizznasty_> BEST PLAY IN CSGO HISTORY INCOMING KappaHD
[22:01:41] <GreekDudesRPG> @dizznasty_ lets see
[22:01:51] <+Dizznasty_> FailFish
[22:01:59] <TheWickedGG> AIMA TIMH XRYSH AUGH
[22:02:05] <GreekDudesRPG> ahhahahahahhha
[22:02:11] <TheWickedGG> XD
[22:02:15] <GreekDudesRPG> XD
[22:02:18] <+Dizznasty_> what was the reason for that? i will never know
[22:02:42] <GreekDudesRPG> 1 stis 1.000na ipirxe kai allos elinas edo
[22:02:55] <GreekDudesRPG> kai omos
[22:03:04] <+Dizznasty_> silver plays LuL
[22:03:11] <TheWickedGG> Ti rank eisai
[22:09:14] <+lurka__aus> Booh
[22:09:53] <Beri007> mrdky
[22:12:12] <Trubby_> OMG
[22:13:36] <+TBNRInwCan> The big comeback is so real
[22:15:39] <antonychmielu> The pasztet
[22:17:30] <Trubby_> hahahhaha No Fallen failed
[22:17:33] <Beri007> :joy:
[22:18:02] <antonychmielu> Fallen pasztet
[22:20:41] <xxolafxx1> KappaPride KappaPride KappaPride KappaPride KappaPride KappaPride
[22:23:55] <comicholmes> 1 g
[22:24:21] <Beri007> yy 100% 1g pojebana picko
[22:26:46] <Trubby_> BooM
[22:27:04] <+TateScape> choked
[22:28:19] <comicholmes> "where's the toilet?"
[22:31:37] <rozk4n> This ad is cringe
[22:31:37] <@Moobot> DreamHack Store: http://store.dreamhack.com/?utm_source=twitch_CS&utm_campaign=twitch_panel&utm_medium=twitch
[22:48:05] <d3veaux> lets go sk
[22:53:39] <top10deaths> i keep clicking my mouse to spectate other players lol
[22:57:07] <ProxyPT> xDD
[23:00:33] <wk_yo_friend> shox is literaly noob
[23:01:08] <wk_yo_friend> he dies in dumbest situatins
[23:03:26] <rolicinhojooj587> GO SK
[23:04:49] <wk_yo_friend> are they pushin only with glocks ?
[23:05:22] <rolicinhojooj587> cz too
[23:07:45] <top10deaths> GLAWWWKS
[23:08:28] <orhangkk> Botzera
[23:10:50] <wk_yo_friend> WHAT THE FUCK
[23:11:02] <wk_yo_friend> Xd
[23:13:12] <wk_yo_friend> wtf is wrong with this team ?
[23:14:13] <alanxd123> or pros...
[23:14:49] <wk_yo_friend> OH MY FUCK
[23:17:21] <JoaoUstulin> hsviniLike
[23:19:36] <kebabun> ryryFragile ryryFragile
[23:22:12] <wk_yo_friend> Comeback isn't real :|
[23:22:47] <kebabun> ryry1taps
[23:23:06] <wk_yo_friend> where ?
[23:36:49] <KoseCaffe> G2 won?
[23:37:13] <KoseCaffe> Nice
[23:39:44] <+PythonElite> cat thoughts on catalonia?
[23:39:55] <+PythonElite> chat*
[23:42:58] <art4m1s> Maby don't listen to English live streams
[23:44:02] <+ImergenceGaming> That was a quick ad break ;)
[23:44:54] <wk_yo_friend> Xd
[23:52:35] <tomo_dk> fak
[23:54:27] <+DrSchreiner> eslLive
[1 day, 0:01:28] <JanixSupreme> lol
[1 day, 0:01:48] <JanixSupreme> !chat
[1 day, 0:05:15] <Trubby_> Who won G2 or SK??
[1 day, 0:05:53] <Trubby_> !chat
[1 day, 0:06:23] <+FairOrc> G2 won 2-1
[1 day, 0:06:40] <Trubby_> What score?
[1 day, 0:07:02] <Trubby_> On the second match there was an amazing comeback
[1 day, 0:07:30] <+FairOrc> don't recall exactly, but all rounds were close
[1 day, 0:16:09] <irwit2k> I really wanted NIP to win this tourney
[1 day, 0:24:07] <irwit2k> 30 degrees!
[1 day, 0:26:26] <Eddycatflapp> Keepo
[1 day, 0:29:47] <peachyy69> HEEEEEEEEEEELO
[1 day, 0:29:47] <@Moobot> DreamHack Store: http://store.dreamhack.com/?utm_source=twitch_CS&utm_campaign=twitch_panel&utm_medium=twitch
[1 day, 0:30:39] <+JoshKernick> casNo
[1 day, 0:33:03] <+Ibmike22> VaultBoy
[1 day, 0:44:40] <sydney5802> spoiler
[1 day, 0:46:02] <CatOnTheMat99> hey everyone! o/
[1 day, 0:46:54] <skuztv> hey
[1 day, 0:47:04] <CatOnTheMat99> what is up?
[1 day, 0:47:16] <skuztv> watchin some cs
[1 day, 0:47:25] <CatOnTheMat99> no shit
[1 day, 0:47:31] <skuztv> how about you?
[1 day, 0:47:53] <uptownsage> suckin some d
[1 day, 0:47:58] <CatOnTheMat99> trying to do hw
[1 day, 0:48:09] <CatOnTheMat99> wtf
[1 day, 0:48:15] <skuztv> Lemme help you with ur homework
[1 day, 0:48:33] <+Ibmike22> 1+1=2
[1 day, 0:49:08] <dellanl0l> This is live PogChamp
[1 day, 0:49:30] <PriMe_Quokka> 2+2 is 4
[1 day, 0:49:42] <skuztv> quick maths
[1 day, 0:49:42] <+Ibmike22> yeah they are trying to replicate their game
[1 day, 0:50:58] <skuztv> Nip loses?
[1 day, 1:04:58] <wk_yo_friend> who has won the first map ?
[1 day, 1:05:14] <skuztv> Top right corner
[1 day, 1:14:21] <OfficialSapz> TheTick ONLY THE CHOSEN ONE CAN PUT THE HAT Kappa ON THE KAPPA
[1 day, 1:16:53] <+kidlon> <3
[1 day, 1:18:28] <rutherferd> cnlimi la
[1 day, 1:18:50] <Maaxsaaa> KAPOW
[1 day, 1:22:01] <Maaxsaaa> o.o
[1 day, 1:24:02] <juanchoes> lel
[1 day, 1:27:42] <Maaxsaaa> simpel is savage Jebaited
[1 day, 1:27:58] <Kp57> is this live ?
[1 day, 1:28:14] <Maaxsaaa> idk
[1 day, 1:28:16] <ColossalAnt> stfu
[1 day, 1:28:30] <Maaxsaaa> u mad bro?
[1 day, 1:28:31] <xIBobi> RERUN:
[1 day, 1:28:38] <ColossalAnt> rerun
[1 day, 1:28:53] <Kp57> where in malmo is this ? im here now ? how do i watch it live ?
[1 day, 1:29:11] <TeaTowels> @Kp57 It legit says rerun in the title
[1 day, 1:29:15] <ColossalAnt> you cannot because it isnt live
[1 day, 1:29:17] <Maaxsaaa> dammn your ironic @ColossalAnt
[1 day, 1:29:39] <Kp57> i wanna meet nip how do i ?
[1 day, 1:29:42] <+Elmskov_tv> -_- people nowadays LOL
[1 day, 1:29:56] <ColossalAnt> that is the point @maaxsaaa
[1 day, 1:30:02] <+cull3r> TableHere FlipThis
[1 day, 1:30:11] <Maaxsaaa> (faceplam)
[1 day, 1:30:23] <ColossalAnt> i want to join faze clan
[1 day, 1:30:45] <matt3or> I don't I hate karrygan!
[1 day, 1:30:50] <ColossalAnt> but i am sem will they take me?
[1 day, 1:31:06] <Maaxsaaa> LUL @ColossalAnt
[1 day, 1:31:44] <juanchoes> disrespect
[1 day, 1:32:09] <ColossalAnt> faze is op
[1 day, 1:32:11] <Maaxsaaa> non-respect
[1 day, 1:33:23] <ColossalAnt> niko>nip
[1 day, 1:34:58] <Maaxsaaa> get rekt LUL
[1 day, 1:35:10] <ImLazyAF> predetermined winner. sold game
[1 day, 1:41:07] <Maaxsaaa> What was a nice hidding xD
[1 day, 1:43:35] <feelsbadmanxdxd> FrankerZ
[1 day, 1:53:51] <+ScubaMD> all dem bots watching reruns
[1 day, 1:54:02] <+ScubaMD> LUL
[1 day, 1:54:03] <+Rjvitt> lel
[1 day, 1:55:13] <rautarier> #GONINJAS
[1 day, 1:55:26] <GreekDudesRPG> #2JFATSA
[1 day, 1:55:40] <Cptjana> did see this live. was so great
[1 day, 1:55:51] <+Rjvitt> i missed this one
[1 day, 1:56:02] <+Rjvitt> college*
[1 day, 1:56:43] <fIackooo> throw inc?
[1 day, 1:56:53] <GreekDudesRPG> 1v4
[1 day, 1:57:13] <rautarier> great match on Nuke
[1 day, 1:57:20] <GreekDudesRPG> yeah
[1 day, 1:58:20] <cokhaklisinozurdilerim> nip was great on this match.
[1 day, 1:59:07] <munzevid> Nip always great on this map, they are nuke masters
[1 day, 1:59:23] <rautarier> yeah
[1 day, 1:59:30] <Cptjana> to bad they choke right now
[1 day, 1:59:33] <cokhaklisinozurdilerim> :o
[1 day, 1:59:45] <Cptjana> draken missing easy shots even i would hit lol
[1 day, 2:00:10] <fIackooo> just watching this for simple throw
[1 day, 2:03:34] <diemon> why is everyone hating on seized? he and simple is the only players doing something on navi
[1 day, 2:04:48] <fizzyirl> Lol draken only hits the impressive shots though
[1 day, 2:07:43] <challanger5> auto wtf fkkskd
[1 day, 2:08:52] <fizzyirl> auto snipers OP af
[1 day, 2:09:21] <CipiBLu97> flamie started to become a noob :)))) auto in the pro league.. g
[1 day, 2:10:19] <fizzyirl> how the fuck
[1 day, 2:10:33] <rautarier> :D
[1 day, 2:11:36] <simis00> saw this live in malmö as a nip fan. this was one of the coolest games ive ever seen
[1 day, 2:12:32] <fizzyirl> unlucky if you live in malmo though
[1 day, 2:14:51] <fizzyirl> LOl
[1 day, 2:14:53] <rautarier> N I P
[1 day, 2:15:03] <fizzyirl> dudes got balls
[1 day, 2:15:11] <rautarier> #GONINJAS
[1 day, 2:15:16] <fizzyirl> vut na'vi will throw this round
[1 day, 2:17:11] <fizzyirl> flamie
[1 day, 2:17:48] <fizzyirl> na'vi will still lose it probably
[1 day, 2:18:49] <CipiBLu97> probably
[1 day, 2:19:05] <gremlins3> this music
[1 day, 2:20:11] <CipiBLu97> that crowd tho
[1 day, 2:20:48] <CipiBLu97> gg
[1 day, 2:21:01] <fizzyirl> you gotta check that corner though
[1 day, 2:21:20] <CipiBLu97> :))
[1 day, 2:21:34] <CipiBLu97> you can't :)))) if u are blind :)))
[1 day, 2:21:37] <Cptjana> they got flashbacks for last time he fucked em on dust 2 :P
[1 day, 2:22:00] <CipiBLu97> lol that round :)))
[1 day, 2:23:06] <fizzyirl> GG ninjas wp
[1 day, 2:23:10] <CipiBLu97> gg NiP
[1 day, 2:23:18] <gremlins3> wuuuhhhh
[1 day, 2:23:21] <rautarier> GG and WP! :^) #GONINJAS
[1 day, 2:23:26] <CipiBLu97> 1-1?
[1 day, 2:23:38] <fizzyirl> NIP any good on mirage?
[1 day, 2:23:41] <d4nipvp> yes
[1 day, 2:23:45] <Cptjana> ye 1-1
[1 day, 2:23:48] <rautarier> yep :D
[1 day, 2:23:58] <Cptjana> sometimes sometimes not :P
[1 day, 2:24:01] <fizzyirl> the kid
[1 day, 2:24:21] <varun1507> ITS A RE RUN
[1 day, 2:24:22] <CipiBLu97> they are, but it depends...
[1 day, 2:24:33] <CipiBLu97> as i know they were good as CT
[1 day, 2:24:49] <CipiBLu97> we know its a rerun
[1 day, 2:24:54] <Cptjana> they have been choking their last games they have played
[1 day, 2:25:17] <gremlins3> getright see u all
[1 day, 2:27:25] <fizzyirl> @varun1507 So? maybe people didn't see the live match. That's why 600 people are watching
[1 day, 2:28:12] <CipiBLu97> i couldn't watch it cuz i was at work... so i need to watch the rerun :(
[1 day, 2:28:36] <fizzyirl> CHOKE
[1 day, 2:29:13] <CipiBLu97> but whats with the Na'Vi.G2 thing?
[1 day, 2:29:26] <CipiBLu97> wince when are they collab-ing?
[1 day, 2:30:09] <skuztv> G2A is a marketplace for games
[1 day, 2:30:18] <skuztv> aka their sponsor
[1 day, 2:30:42] <CipiBLu97> ik
[1 day, 2:30:54] <CipiBLu97> but they are collabing with the team G2
[1 day, 2:31:14] <CipiBLu97> cuz Edward was at G2 when i checked last time
[1 day, 2:31:39] <CipiBLu97> at least thats what liquipedia said
[1 day, 2:32:26] <skuztv> ahh didn't know that, maybe he was some sort of a stand in, like olofmeister was for VP once
[1 day, 2:33:16] <CipiBLu97> could be
[1 day, 2:34:20] <+forskern> navi is nothing withput s1mple
[1 day, 2:34:50] <CipiBLu97> they used to be a good team
[1 day, 2:35:06] <CipiBLu97> but they stopped playing :)))
[1 day, 2:35:06] <IceTouch_04> its live PogChamp
[1 day, 2:35:18] <CipiBLu97> like most of the teams
[1 day, 2:35:24] <+Mikester180> no its rerun
[1 day, 2:35:31] <CipiBLu97> its rerun
[1 day, 2:35:52] <fahrenhigh> he gonna left i think..
[1 day, 2:36:26] <bayvito> Loooo
[1 day, 2:37:57] <paakku00> here are many sherlocks...
[1 day, 2:38:36] <skuztv> Edward dances in like a ballerina xD
[1 day, 2:38:36] <fahrenhigh> i mean it's better for him
[1 day, 2:38:55] <Bedo94> is this live?
[1 day, 2:38:58] <fahrenhigh> and his tweet "im done" :|
[1 day, 2:39:03] <CipiBLu97> rerun
[1 day, 2:39:17] <paakku00> read the desc for nuk sakes
[1 day, 2:39:28] <CipiBLu97> :)))
[1 day, 2:39:31] <Bedo94> its live ok
[1 day, 2:39:42] <paakku00> "RERUN: NiP vs Na'Vi - Mirage - Quarter-finals - DreamHack Masters Malmö 2017" what is the first word?
[1 day, 2:39:55] <CipiBLu97> "live"
[1 day, 2:39:55] <@Moobot> DreamHack Store: http://store.dreamhack.com/?utm_source=twitch_CS&utm_campaign=twitch_panel&utm_medium=twitch
[1 day, 2:39:59] <Bedo94> i wonder who will win this one
[1 day, 2:40:10] <CipiBLu97> nip
[1 day, 2:40:18] <DaxyCZ> its not live. Malmo was 30.8-3.9
[1 day, 2:40:25] <Bedo94> nah, navi is good
[1 day, 2:40:29] <paakku00> i love watching this
[1 day, 2:40:36] <Bedo94> its live dude....
[1 day, 2:41:07] <paakku00> "RERUN: NiP vs Na'Vi - Mirage - Quarter-finals - DreamHack Masters Malmö 2017"
[1 day, 2:41:07] <@Moobot> @moobot Join in on the raffle to win awesome prizes https://open.dreamhack.com/raffle/
[1 day, 2:41:10] <Bedo94> if u hold ur mouse over the stream, it says live top right corner
[1 day, 2:41:12] <CipiBLu97> that's why nip is dominating the game since it started :)))
[1 day, 2:41:18] <DaxyCZ> :D no. 30.8-3.9. G2 first place, North 2nd. Gambit and NiP third
[1 day, 2:41:29] <DaxyCZ> ofc its live :D
[1 day, 2:41:30] <+forskern> navi is OK
[1 day, 2:41:37] <CipiBLu97> its a live rerun @Bedo94
[1 day, 2:41:39] <Bedo94> yeah its live right
[1 day, 2:41:42] <+forskern> they struggle without s1imple
[1 day, 2:41:50] <Bedo94> DaxuCZ is with me here
[1 day, 2:41:52] <loglino> nip will slip Kappa
[1 day, 2:42:08] <skuztv> on the dip
[1 day, 2:42:38] <+forskern> if it was live and not a rerun there would be 30 000 more people here
[1 day, 2:42:48] <DaxyCZ> :D
[1 day, 2:42:50] <CipiBLu97> true
[1 day, 2:42:54] <Bedo94> its early?
[1 day, 2:43:05] <+forskern> 14:25
[1 day, 2:43:13] <Bedo94> how can we see the players play then if it not live?
[1 day, 2:43:20] <CipiBLu97> 15:25 here
[1 day, 2:43:20] <skuztv> depends where
[1 day, 2:43:24] <DaxyCZ> wtf :D you really think that DreamHack, biggest csgo tournament queter finals and 714 people? :D
[1 day, 2:43:25] <Bedo94> how can the commentators talk
[1 day, 2:43:29] <CipiBLu97> its recorded
[1 day, 2:43:35] <Bedo94> this is live
[1 day, 2:43:39] <DaxyCZ> guys you are stupid.... its recorded
[1 day, 2:43:54] <Bedo94> its a live recording yeah
[1 day, 2:44:00] <Apocalypse1977> there trolling you
[1 day, 2:44:02] <skuztv> Not sure if you guys trolling @bedo94 troll or if you belive him xD
[1 day, 2:44:03] <DaxyCZ> you can watch any tournament ever on youtube. Same. Just this is streaming
[1 day, 2:44:55] <DaxyCZ> @Bedo94 on months ago was this recorded. Whole tournament. So commentators, players. Just whole stream what you see now
[1 day, 2:45:05] <ferbeast16> morram caralho
[1 day, 2:45:09] <CipiBLu97> @DaxyCZ its f*cking saying that it is a rerun of the live match... we know that it is recorded, we are not stupid :))))
[1 day, 2:45:32] <Bedo94> then how can i see GetRight's face if its not live?
[1 day, 2:45:33] <+Brogans> It's 730k people, they changed viewer counter to be in thousands
[1 day, 2:45:38] <DaxyCZ> someone talking to you? i dont think so
[1 day, 2:46:23] <EthanTheDabbingBaller> I
[1 day, 2:46:30] <Bedo94> the commentators are calling all the right plays at the right time. that is impossible to do if its not live
[1 day, 2:46:32] <CipiBLu97> @Brogans that's the ingame viewers status since they were live
[1 day, 2:47:03] <CipiBLu97> @Bedo94 can you stop trolling?
[1 day, 2:47:22] <Bedo94> trolling?? how?
[1 day, 2:47:24] <CipiBLu97> or at least you're trying to troll
[1 day, 2:47:41] <Bedo94> what do i have to do?
[1 day, 2:47:44] <CipiBLu97> just watch the "live" and stfu
[1 day, 2:47:56] <Bedo94> its live then
[1 day, 2:48:08] <Bedo94> this is live
[1 day, 2:48:16] <Apocalypse1977> he be trolling
[1 day, 2:48:40] <CipiBLu97> ik
[1 day, 2:48:46] <anlethal> Is technically right, this is a live stream so its live in that sense, but its a recording beeing restreamed.
[1 day, 2:49:10] <Bedo94> aka "live"
[1 day, 2:49:24] <EweNt3> @Bedo94 - RERUN mate...omg
[1 day, 2:49:37] <+Brogans> I love how people still have this discussion. It's a pretty dead meme :D
[1 day, 2:49:53] <CipiBLu97> :)))
[1 day, 2:49:53] <Bedo94> its live dude. you can hear the commentators talk
[1 day, 2:50:22] <CipiBLu97> just give me a gun to blow his head :))))
[1 day, 2:50:50] <CipiBLu97> we got the ideea @Bedo94 just watch and stay silent...
[1 day, 2:51:28] <Bedo94> i will watch this LIVE tournament in silence
[1 day, 2:51:37] <CipiBLu97> who is this betaway? cuz he's good af
[1 day, 2:52:06] <CipiBLu97> where did he came from? does anybody know any info about him>
[1 day, 2:52:14] <Bedo94> its Betway not Betaway....
[1 day, 2:52:30] <Bedo94> jesus
[1 day, 2:52:32] <CipiBLu97> same shit...
[1 day, 2:53:07] <Bedo94> sure, ur name is CrippleBlue97, its the same shit
[1 day, 2:53:51] <CipiBLu97> i don't even care what's his name... i just asked for some info... not for your opinion
[1 day, 2:54:30] <Bedo94> you did
[1 day, 2:54:49] <CipiBLu97> CipiBLu97: who is this betaway? cuz he's good afCipiBLu97: where did he came from? does anybody know any info about him>
[1 day, 2:55:11] <Bedo94> i got some info about him. His name is Betway not betaway
[1 day, 2:55:13] <CipiBLu97> i asked for info....
[1 day, 2:55:16] <irwit2k> its the sponsor, im guesing you are trying to be fuinny but oit didnt really work :s
[1 day, 2:55:18] <symonk154> NIP
[1 day, 2:55:22] <Bedo94> that is info
[1 day, 2:56:17] <CipiBLu97> its was too anoying to be info... if you said it simple it was anything else
[1 day, 2:57:19] <CipiBLu97> and to be more specific.. i asked about him, not about his name :))
[1 day, 2:57:24] <Bedo94> what do you know about Betway now mr Cipiblue97
[1 day, 2:57:50] <rautarier> lol both stfu :D
[1 day, 2:58:01] <skuztv> did you just define it's gender? @Bedo94
[1 day, 2:58:10] <McDigitalSoul> can you both please shut the fuck up? thankz
[1 day, 2:58:36] <CipiBLu97> you can hide your chat boy :))
[1 day, 2:58:57] <Bedo94> did you get any info about Betway?
[1 day, 2:59:10] <CipiBLu97> no:))
[1 day, 2:59:24] <swodis> tjenare
[1 day, 2:59:55] <real_vain> yo
[1 day, 2:59:59] <Bedo94> hmmm, you might find some info on google. i use google when i need info about somthing
[1 day, 3:03:53] <uptownsage> DID YOU JUST SEXUALLY HARASS ME?
[1 day, 3:04:25] <CipiBLu97> wut?!
[1 day, 3:04:52] <White_Claws> What monitors are the players using?
[1 day, 3:05:24] <CipiBLu97> i think those from HyperX or Asus
[1 day, 3:05:40] <CipiBLu97> yeah, Asus ROG
[1 day, 3:05:43] <+homer_marcel> asus rog something
[1 day, 3:05:45] <wihay> Kappa
[1 day, 3:05:57] <+cloud9deuces> you ghuys have no clue
[1 day, 3:05:59] <wihay> NIP back to old form? DarkMode
[1 day, 3:06:25] <wihay> kick rez +tw1st best team hltv confirmed
[1 day, 3:06:28] <battlefisterdk> Live? Kappa
[1 day, 3:06:32] <Cptjana> they was for a slight moment :P
[1 day, 3:06:46] <CipiBLu97> ▷ Asus PG348Q ROG
[1 day, 3:07:11] <wihay> draken :P
[1 day, 3:07:18] <CipiBLu97> rerun
[1 day, 3:07:21] <battlefisterdk> insane
[1 day, 3:07:24] <rautarier> #GODDRAKEN
[1 day, 3:07:30] <White_Claws> thank you @CipiBLu97
[1 day, 3:07:31] <wihay> Live dude.
[1 day, 3:07:41] <Cptjana> to bad he doesnt have this quality every game :P
[1 day, 3:07:41] <@Moobot> Follow DreamHack on twitter.com/dreamhackcsgo - facebook.com/DreamHackCSGO - instagram.com/dreamhack - snapchat.com/add/dreamhacklive
[1 day, 3:07:44] <wihay> vac
[1 day, 3:07:46] <Iloveyoupig> Wow
[1 day, 3:07:50] <CipiBLu97> np @White_Claws
[1 day, 3:09:49] <CipiBLu97> oh sh** that's what i'm talking about... wp simpl
[1 day, 3:11:21] <CipiBLu97> gg nip
[1 day, 3:11:24] <rautarier> <3
[1 day, 3:11:47] <+l0renzo777> gg porcodio
[1 day, 3:12:01] <+l0renzo777> go
[1 day, 3:12:08] <+SplatMan111> HSWP
[1 day, 3:12:17] <CipiBLu97> too bad they don't make the dh in Romania anymore
[1 day, 3:13:15] <troublemaker007> lol that kid
[1 day, 3:13:24] <CipiBLu97> :))
[1 day, 3:13:50] <TheAnaboleMan> <3
[1 day, 3:15:36] <troublemaker007> to bad i'm going out LUL
[1 day, 3:16:39] <OliwerGluch> lol
[1 day, 3:17:49] <troublemaker007> chat ResidentSleeper
[1 day, 3:33:01] <+23cmtruedmage> who s first pm me i give him/her skin
[1 day, 3:36:24] <+msgrillo278> OmG GuyS Is IT LiVe?!?!
[1 day, 3:36:39] <adavoj> yes
[1 day, 3:39:41] <Joachim2000> no
[1 day, 3:40:23] <Lujje20> ok
[1 day, 3:44:34] <Sverren> yes it is live
[1 day, 3:46:06] <MisBi> How live is it ? 1."Kinda"? 2."A lot"? 3."Pretty much"? 4."It is"?
[1 day, 3:47:56] <Espresso_wang> i think its live too
[1 day, 3:48:37] <+gilga_csgo> 1
[1 day, 3:50:55] <danieldiaspes> whats app
[1 day, 3:53:00] <Kinnulol> This was played September 2nd-3rd
[1 day, 3:53:40] <Liliachi> it's being played now?
[1 day, 3:54:00] <+crackudocs> so ver se to com prime msm
[1 day, 3:54:32] <godlikegk> rerun
[1 day, 3:58:45] <Joachim2000> its rerun i saw the live match
[1 day, 4:01:28] <speedkillsmab> XGOD
[1 day, 4:01:39] <danieldiaspes> BR hueuhueuhuueuhug
[1 day, 4:12:08] <Reckognize_> live?
[1 day, 4:12:41] <damian09501> imGlitch You have been permanently banned from this channel
[1 day, 4:12:58] <PaC69MaN> yltultulutltultulutltultlu
[1 day, 4:13:01] <damian09501> ———————————————————————— imGlitch You have been permanently banned from this channel
[1 day, 4:13:10] <PaC69MaN> jjjjyrjkd
[1 day, 4:13:19] <PaC69MaN> uonqnvqenv
[1 day, 4:14:55] <PaC69MaN> imGlitch You have been permanently banned from this channel
[1 day, 4:17:40] <+inf6464> :(
[1 day, 4:17:55] <+VapeNinjaX> housarASUH housarASUH
[1 day, 4:18:39] <+Olimpos_> lol
[1 day, 4:22:38] <+VapeNinjaX> hehehe
[1 day, 4:24:56] <PaC69MaN> imGlitch You have been permanently banned from this channel
[1 day, 4:25:05] <PaC69MaN> :D
[1 day, 4:25:21] <+VapeNinjaX> TableHere TableHere
[1 day, 4:28:20] <Veidaro> :( :( :( :(
[1 day, 4:28:36] <goolup> live?
[1 day, 4:28:57] <goolup> ?
[1 day, 4:29:03] <LimeLight4TheDark> yes
[1 day, 4:29:10] <KNO56> No this is a rerun
[1 day, 4:29:11] <Alphahelioz> yup
[1 day, 4:29:13] <Veidaro> Hahahahahha
[1 day, 4:29:15] <LimeLight4TheDark> sponsored by RERUN
[1 day, 4:29:19] <cqzz> read the fisrt word in the title and tell me
[1 day, 4:29:24] <AngelXStrike> title..
[1 day, 4:29:25] <+VapeNinjaX> says "rerun" stupids ask LIVE lol so dumb
[1 day, 4:29:26] <imad0123> LOL
[1 day, 4:29:34] <KNO56> ikr XD
[1 day, 4:29:45] <LimeLight4TheDark> no, guys, it IS live, just sponsored by RERUN
[1 day, 4:29:46] <cqzz> i hope your memeing
[1 day, 4:29:46] <+VapeNinjaX> XD
[1 day, 4:29:59] <+VapeNinjaX> hahaha @LimeLight4TheDark
[1 day, 4:30:13] <LimeLight4TheDark> Kappa
[1 day, 4:30:25] <+VapeNinjaX> RERUN is a AMAZING SPONSOR
[1 day, 4:31:55] <+VapeNinjaX> LIVE?
[1 day, 4:32:26] <salaadbucket> RERUN: Astralis vs Gambit - Cache - Quarter-final - DreamHack Masters Malmö 2017
[1 day, 4:32:53] <+VapeNinjaX> Nice Sponsorship RERUN GREAT COMPANY!
[1 day, 4:33:34] <salaadbucket> loool
[1 day, 4:34:31] <UySaGi> How much is RERUN worth?
[1 day, 4:34:41] <WorlandCarryers24> Waaow
[1 day, 4:34:56] <UySaGi> They sponsered soooooo many games
[1 day, 4:35:01] <+VapeNinjaX> 600mil ATM but stock is rising
[1 day, 4:35:26] <+VapeNinjaX> get on that money train if you can ;)
[1 day, 4:35:37] <perfectshadow222> @housarino Dude this aint 2012, the stocks already raised to 15 trillion
[1 day, 4:36:14] <+VapeNinjaX> SHIT... i havent been watching the Stock Market like I used too....sad face...
[1 day, 4:40:23] <WorlandCarryers24> ez
[1 day, 4:40:25] <+ing0dwerust> Woow
[1 day, 4:40:32] <+1Stin> Putain
[1 day, 4:40:33] <+lovelythe> ez
[1 day, 4:40:40] <sxpremacy27> rekt
[1 day, 4:42:48] <apache_____> EZ
[1 day, 4:42:50] <lsperitsl> putin ouer
[1 day, 4:43:58] <apache_____> 639 viewers all viewbots
[1 day, 4:44:34] <+1Stin> i'm présent brox D
[1 day, 4:44:59] <lsperitsl> ouep
[1 day, 4:47:11] <Brunotheking2> lul
[1 day, 4:47:21] <lsperitsl> lol
[1 day, 4:47:26] <lucassodelicia> ASTRALIS have only bots
[1 day, 4:47:31] <lsperitsl> lal
[1 day, 4:47:45] <lucassodelicia> Taco e felps bots
[1 day, 4:47:50] <HeddaShooter> whos do you think gonna win?
[1 day, 4:47:55] <lucassodelicia> Kicka o bot felps fallen pf
[1 day, 4:48:01] <HeddaShooter> who*
[1 day, 4:48:02] <lsperitsl> gambit
[1 day, 4:48:11] <lucassodelicia> @HeddaShooter Astralis Kappa
[1 day, 4:48:36] <HeddaShooter> okay lets see theen
[1 day, 4:49:02] <raskraz8> PYCCKUU 4AT
[1 day, 4:49:18] <xxjaca2004xx> m
[1 day, 4:50:21] <Brunotheking2> astralis
[1 day, 4:50:39] <lsperitsl> gambit
[1 day, 4:51:01] <minefrank> sk :D
[1 day, 4:51:16] <nuxyjlbka> is it online?
[1 day, 4:51:23] <ThomasDalskov> when does the game start??
[1 day, 4:51:30] <minefrank> nop "RERUN"
[1 day, 4:51:43] <ThomasDalskov> oh
[1 day, 4:54:15] <nuxyjlbka> i think gambit will lose
[1 day, 4:54:43] <nuxyjlbka> cause Astralis is so much better
[1 day, 4:54:58] <nuxyjlbka> it another level of cs
[1 day, 4:55:02] <+deriquo> only 602 viewers for a major final ;thinking;
[1 day, 4:55:20] <wertdert> X GOD
[1 day, 4:55:21] <+Insertname4321> Its a rerun but you know that internet Troll Kappa
[1 day, 4:55:32] <wertdert> boring meme...
[1 day, 4:55:57] <+forskern> @nuxyjlbka rip that prediction
[1 day, 4:57:26] <nuxyjlbka> @forskern lets look , gambit will choke
[1 day, 4:58:12] <+forskern> @nuxyjlbka hehe they already got 2nd in this tournament xd. lost to g2
[1 day, 4:58:12] <@Moobot> DreamHack Store: http://store.dreamhack.com/?utm_source=twitch_CS&utm_campaign=twitch_panel&utm_medium=twitch
[1 day, 4:59:34] <+forskern> @nuxyjlbka 3rd* behind north and g2*
[1 day, 5:00:05] <nuxyjlbka> @forskern bullshit bro, they cant win Astralis, wothout Zeus they are tier 4 team
[1 day, 5:00:32] <+Insertname4321> Bullshit
[1 day, 5:00:45] <+Insertname4321> Adren and Hobbit were developing into starts before zeus was there
[1 day, 5:00:54] <+forskern> @nuxyjlbka sorry my boy, astralis got 6th
[1 day, 5:01:08] <Espresso_wang> flusha
[1 day, 5:02:03] <Iaregodzirra> Dosia?
[1 day, 5:02:43] <nuxyjlbka> @Insertname4321 they win cause major cause Zeus calls and plays like godwithout him Gambit is shit
[1 day, 5:02:49] <+forskern> @nuxyjlbka 7-0 xD
[1 day, 5:03:32] <+Insertname4321> You dont know what you are talking about at all gambit still beats high tier teams easily
[1 day, 5:03:47] <+Insertname4321> and if you were right why isnt Navi good they are trash even with Zeus
[1 day, 5:04:01] <TeaTowels> Zeus is over rated
[1 day, 5:04:15] <+Insertname4321> I wouldnt say over rated hes a good IGL
[1 day, 5:04:30] <+forskern> i think he's a troll insert. he cant be that poopid:)
[1 day, 5:04:35] <nuxyjlbka> Navi so much better than Gambit now
[1 day, 5:04:35] <+Insertname4321> if he has major talents like Hobbit, Mou and Adren yeah he can IGL
[1 day, 5:04:46] <xiarz> zeus is bot to be honest
[1 day, 5:04:46] <@Moobot> The desk consist of @Stunna , @LiquidPimpZ & @HazedCS
[1 day, 5:04:49] <+Insertname4321> I can tell he is a troll
[1 day, 5:06:00] <nuxyjlbka> Navi suck with Zeus cause they have decoy in team
[1 day, 5:06:30] <nuxyjlbka> Denis ''decoy'' kostin
[1 day, 5:06:50] <xiarz> why decoy?
[1 day, 5:07:04] <+Mason74u> NOO
[1 day, 5:07:12] <sxpremacy27> nt
[1 day, 5:08:23] <nuxyjlbka> @xiarz do you know what is it decoy?
[1 day, 5:08:29] <wk_yo_friend> Na'Vi not suck
[1 day, 5:08:45] <wk_yo_friend> Na'Vi gut bois
[1 day, 5:09:53] <nuxyjlbka> seems like Gambit is kryptonite of Astralis
[1 day, 5:10:09] <pr1nc3_DK> Lol
[1 day, 5:10:19] <+buas> @nuxyjlbka, it's hars to get 8 kils in a match as a decoy tho shroudW
[1 day, 5:11:18] <nuxyjlbka> @BAUS__ lol
[1 day, 5:11:34] <xiarz> astralis is shit
[1 day, 5:11:46] <xiarz> they lost to big on overpass :D
[1 day, 5:12:14] <nuxyjlbka> big is major legends so...
[1 day, 5:12:43] <Xdiy> even if they're garbage they're better than all of us ;(
[1 day, 5:12:48] <+buas> big isn't that bad imho
[1 day, 5:13:47] <xiarz> tabsen and nex good, but legija and gobb bots
[1 day, 5:14:05] <+Mason74u> Xyp9x clutch master
[1 day, 5:14:11] <+buas> @xiarz, true
[1 day, 5:14:16] <xiarz> and when gobb can clutch 1v3 or 1v4 then your team is shit
[1 day, 5:14:43] <xiarz> kazahs 2 strong
[1 day, 5:14:53] <nuxyjlbka> I'm a fan of Gambit,and I hate them because they play so few tournaments
[1 day, 5:16:33] <nuxyjlbka> always rest, travel, trips home, monthly breaks. No streams, no video content.
[1 day, 5:16:45] <xiarz> im a fan of underdogs :D
[1 day, 5:18:43] <+buas> Dosia Kreygasm
[1 day, 5:21:02] <sxpremacy27> ROFL
[1 day, 5:21:47] <+buas> @nuxyjlbka, What?? Seriously?
[1 day, 5:22:20] <+buas> @nuxyjlbka, that's cool :P
[1 day, 5:22:50] <eeeasybreeeze> Dosia is the new IGL now in Gambit
[1 day, 5:23:55] <BlizniakosThe2nd> Dosia is the new IGL now in Gambit
[1 day, 5:24:11] <+outk4st1> why do they call Dosia "X God"?
[1 day, 5:24:15] <sxpremacy27> Dosia is the new IGL now in Gambit
[1 day, 5:24:43] <PaC69MaN> bungoL
[1 day, 5:24:54] <BlizniakosThe2nd> izakPaulinka
[1 day, 5:25:09] <BlizniakosThe2nd> izakPoro izakBieni
[1 day, 5:25:19] <tavidx> xgod
[1 day, 5:25:57] <oprxa> ace let's go
[1 day, 5:26:10] <BlizniakosThe2nd> izakClutch
[1 day, 5:26:41] <+buas> TableHere
[1 day, 5:27:00] <nuxyjlbka> @BAUS__ check hobbit's instagram
[1 day, 5:31:30] <sxpremacy27> na flash
[1 day, 5:31:44] <katchauu> gigi
[1 day, 5:32:36] <BrianIsBest> BAHAAHA
[1 day, 5:34:02] <wk_yo_friend> VERI GUT ENGLAND MAI FRENT
[1 day, 5:35:52] <+outk4st1> funny to see people say rip zeus career but hes gonna take navi to a new level
[1 day, 5:36:20] <wk_yo_friend> in 2009
[1 day, 5:37:06] <+outk4st1> lol
[1 day, 5:37:46] <wk_yo_friend> wtf 4x8K
[1 day, 5:37:57] <woodN_forks> kek
[1 day, 5:38:04] <+JaAlstublieft> !banphrase
[1 day, 5:38:35] <+JaAlstublieft> can someone list the ban phrases? Kappa
[1 day, 5:41:07] <woodN_forks> ni-- wait, I'm not falling for that...
[1 day, 5:41:56] <+outk4st1> fitch is nasty tho
[1 day, 5:44:39] <dostevi> live?
[1 day, 5:44:39] <@Moobot> DreamHack Store: http://store.dreamhack.com/?utm_source=twitch_CS&utm_campaign=twitch_panel&utm_medium=twitch
[1 day, 5:48:48] <+HuseyinAksakal> !uptime
[1 day, 5:48:48] <@Moobot> @ittihadveterakki Uptime is: 1d 5h 48m 57s
[1 day, 5:50:41] <wk_yo_friend> Want someone to fuck with me ?
[1 day, 6:02:16] <trypin> pimp
[1 day, 6:03:33] <Nopeboynope> pimples
[1 day, 6:06:14] <Lumpex_Games> PIMP
[1 day, 6:09:29] <AGDQ_raid> LIVE PogChamp
[1 day, 6:11:19] <wk_yo_friend> Is that guy from afar ?
[1 day, 6:11:33] <AGDQ_raid> LIVE Kreygasm
[1 day, 6:11:47] <wk_yo_friend> isn"t live idiot
[1 day, 6:12:11] <AGDQ_raid> MODARCHOD FART YOU
[1 day, 6:12:30] <AGDQ_raid> THIS IS LIVE PogChamp GAMEPLAY, this is happening as we speak
[1 day, 6:12:49] <spolcyc_csgo> Its not live its rerun
[1 day, 6:12:57] <AGDQ_raid> RERUN is a SPONSOR
[1 day, 6:13:09] <spolcyc_csgo> No idiot
[1 day, 6:13:18] <AGDQ_raid> prove it BHENCHOD
[1 day, 6:13:27] <ra1d3rcs> immortals for the win
[1 day, 6:13:46] <spolcyc_csgo> Google IT yourself
[1 day, 6:13:49] <AGDQ_raid> anyone seen any grills monkaS on stream lately?
[1 day, 6:14:33] <AGDQ_raid> @fruitcsgo googled "IT yourself" and found no relevant information
[1 day, 6:14:44] <AGDQ_raid> grills monkaS
[1 day, 6:16:16] <Kjelliandrelius69> i bet 500$ on immortals lets go plz caralho
[1 day, 6:16:17] <SodioCS> This isnt the match that IMT didnt stay at time?
[1 day, 6:16:42] <Kjelliandrelius69> prediction immortals 2-0 north <3
[1 day, 6:17:15] <AGDQ_raid> 2-0 in a 30 round match monkaS
[1 day, 6:17:30] <AGDQ_raid> LETS GO VP PogChamp
[1 day, 6:17:42] <Kjelliandrelius69> maps u idiot caralho <3
[1 day, 6:18:02] <AGDQ_raid> COME ON FUZE DansGame
[1 day, 6:19:26] <AGDQ_raid> you got this vp PogChamp
[1 day, 6:20:36] <AGDQ_raid> YEAH SOUTH PogChamp
[1 day, 6:21:39] <AGDQ_raid> EAST Kreygasm
[1 day, 6:22:01] <ZAIROSMT> Go br Kappa
[1 day, 6:22:11] <AGDQ_raid> who the fuck is br DansGame ?
[1 day, 6:22:26] <ZAIROSMT> Brasil xD
[1 day, 6:22:34] <AGDQ_raid> fuck brasil
[1 day, 6:22:46] <AGDQ_raid> LETS GO VP PogChamp
[1 day, 6:22:50] <ZAIROSMT> why? Kappa
[1 day, 6:23:07] <AGDQ_raid> bunch of mexicans probably
[1 day, 6:24:52] <AGDQ_raid> LIVE PogChamp
[1 day, 6:26:07] <+masterflyydawg> youre a pretty shit troll mate
[1 day, 6:26:13] <AGDQ_raid> VP Kreygasm
[1 day, 6:26:55] <AGDQ_raid> 12:00pm time to beer PogChamp
[1 day, 6:27:53] <spolcyc_csgo> I SAw this one yesterday
[1 day, 6:28:19] <spolcyc_csgo> StoneLightning
[1 day, 6:29:02] <SynthTanks> Me too and the day before that and quite possibly the day before that
[1 day, 6:29:45] <SynthTanks> But its live
[1 day, 6:30:16] <jan0xa> cs is dead 589 watching xdddd
[1 day, 6:32:20] <Harispell> hi
[1 day, 6:32:28] <ZagPC> Hey
[1 day, 6:32:44] <AGDQ_raid> this is live
[1 day, 6:32:49] <Harispell> yap
[1 day, 6:33:15] <AGDQ_raid> how are you guys enjoying this live PogChamp gameplay
[1 day, 6:33:34] <Harispell> commenter is good
[1 day, 6:33:44] <AGDQ_raid> thats all? monkaS
[1 day, 6:33:55] <AGDQ_raid> i saw a HOT grill before monkaS
[1 day, 6:34:01] <Harispell> headshot for lifee
[1 day, 6:34:27] <AGDQ_raid> you seen any grills monkaS in the past few hours?
[1 day, 6:35:28] <AGDQ_raid> grills monkaS
[1 day, 6:36:36] <jan0xa> Botmortials
[1 day, 6:37:06] <AGDQ_raid> anyone see any grills monkaS today?
[1 day, 6:37:49] <RodmarOfTheWastes> Nice shot
[1 day, 6:37:58] <tjsharkey> anybody got problems with cs go ?
[1 day, 6:38:06] <jan0xa> fak iur
[1 day, 6:38:29] <AGDQ_raid> @tjsharkey what kind of problems?
[1 day, 6:38:29] <jan0xa> yes i cant see my rank and inv
[1 day, 6:40:12] <danelord1> same here can only play oflne
[1 day, 6:40:25] <danelord1> ofline
[1 day, 6:40:47] <jan0xa> god valde
[1 day, 6:48:39] <RodmarOfTheWastes> Does immortals come back
[1 day, 6:48:39] <@Moobot> DreamHack Store: http://store.dreamhack.com/?utm_source=twitch_CS&utm_campaign=twitch_panel&utm_medium=twitch
[1 day, 6:48:57] <AGDQ_raid> live KReygasm
[1 day, 6:49:20] <AGDQ_raid> live PogChamp
[1 day, 6:49:30] <RodmarOfTheWastes> I mean why would the re air a shitty match
[1 day, 6:49:51] <RodmarOfTheWastes> Surely immortals comes back a little
[1 day, 6:49:55] <ZagPC> They rerun lots of games not just the good ones :/
[1 day, 6:50:54] <RodmarOfTheWastes> Damn
[1 day, 6:51:15] <AGDQ_raid> live PogChamp
[1 day, 6:52:33] <AGDQ_raid> such LIVE PogChamp gameplay
[1 day, 6:54:52] <HazarrdIy> haydnoWOT haydnoWOT
[1 day, 6:55:27] <AGDQ_raid> live Kreygasm
[1 day, 6:55:51] <AGDQ_raid> this gameplay is too live monkaS
[1 day, 6:56:30] <AGDQ_raid> someone quick make it less live monkaS
[1 day, 6:56:52] <N1p4> its rerun you dumbass
[1 day, 6:57:11] <N1p4> and it says rerun potato head
[1 day, 6:57:56] <AGDQ_raid> RERUN is a SPONSOR
[1 day, 6:58:56] <+stuIle> dont feed the troll 4Head
[1 day, 6:59:10] <N1p4> yeas
[1 day, 6:59:25] <+patan231> cs is dead
[1 day, 6:59:46] <AGDQ_raid> what?
[1 day, 7:00:03] <AGDQ_raid> how is it dead if this is LIVE PogChamp gameplay
[1 day, 7:00:15] <AGDQ_raid> also there is no way this is dead, i just saw a GRILL monkaS on stream
[1 day, 7:00:47] <Lumpex_Games> north win
[1 day, 7:01:08] <AGDQ_raid> you MUST believe me, i swear there was a GRILL monkaS on stream
[1 day, 7:01:20] <liquidcoffeee> its 15-7 no shit lol
[1 day, 7:01:33] <AGDQ_raid> vp can still come back
[1 day, 7:02:43] <AGDQ_raid> YEAH VP Pogchamp
[1 day, 7:02:53] <AGDQ_raid> NO VP WTF!!!!
[1 day, 7:03:09] <pr1nc3_DK> Wtf this is not live
[1 day, 7:03:18] <wk_yo_friend> he means vell played
[1 day, 7:03:21] <AGDQ_raid> yes, this is LIVE PogChamp
[1 day, 7:03:38] <AGDQ_raid> it must be live there was just a GRILL on the stream monkaS
[1 day, 7:03:44] <pr1nc3_DK> Why is kng in the team then
[1 day, 7:03:59] <AGDQ_raid> because thats who he plays for?
[1 day, 7:04:01] <ZagPC> I'm playing with them right now, ifs live
[1 day, 7:04:15] <pr1nc3_DK> Kng left immortals
[1 day, 7:04:15] <@Moobot> @moobot Join in on the raffle to win awesome prizes https://open.dreamhack.com/raffle/
[1 day, 7:04:28] <AGDQ_raid> moobot please respond if this is/isnt live
[1 day, 7:04:37] <AGDQ_raid> see monkaS
[1 day, 7:05:27] <AGDQ_raid> how is everyone enjoying this LIVE PogChamp gameplay?
[1 day, 7:05:52] <wk_yo_friend> whathafak
[1 day, 7:06:09] <AGDQ_raid> dreamhackcs service desk how can i help you?
[1 day, 7:07:09] <+Steadholders> evil
[1 day, 7:08:35] <AGDQ_raid> LETS GO VP PogChamp
[1 day, 7:10:19] <+qidydl> playing against kng monkaS
[1 day, 7:12:34] <Tickzz> Who won between gambit and astralis?
[1 day, 7:12:52] <wk_yo_friend> KAZAKSTAN
[1 day, 7:13:05] <AGDQ_raid> LETS GO VP
[1 day, 7:13:42] <Petrovic_Miguel1506> Vamos lá Immortals. Portugal está com vocês
[1 day, 7:18:11] <pr1nc3_DK> Gambit
[1 day, 7:18:22] <pr1nc3_DK> Immortals eh do brasil
[1 day, 7:20:12] <pr1nc3_DK> Also this match is not live
[1 day, 7:20:35] <gersontbe> bigbang
[1 day, 7:20:38] <pr1nc3_DK> I just checked immortals upcoming matches and there is none against north
[1 day, 7:21:06] <+cg_cryptic> Ye it says rerun
[1 day, 7:21:16] <gersontbe> you def goprtis
[1 day, 7:21:27] <gersontbe> huese wayqnrgfd
[1 day, 7:25:51] <epicicecubez> heni, fam, the choke
[1 day, 7:27:00] <pr1nc3_DK> He had an awp
[1 day, 7:28:42] <epicicecubez> and a free shot
[1 day, 7:28:55] <+m0rd3rc4> is this live?
[1 day, 7:29:02] <+cg_cryptic> No
[1 day, 7:29:08] <epicicecubez> yes Kappa
[1 day, 7:29:26] <+cg_cryptic> It's a rerun
[1 day, 7:29:40] <epicicecubez> its obviously live Kappappapappap
[1 day, 7:30:06] <+cg_cryptic> Kappa
[1 day, 7:30:35] <pr1nc3_DK> It's a rerun
[1 day, 7:30:55] <smil3csgo> GOOD JOG Konfig
[1 day, 7:53:13] <wk_yo_friend> overtimes ?
[1 day, 7:55:21] <pr1nc3_DK> Konfig is a monster
[1 day, 7:56:47] <hetezer> is this live?
[1 day, 7:57:08] <+SubducedCoconut> rerun
[1 day, 8:03:32] <pegasus_wasd> this was the one where IMT is late?
[1 day, 8:06:46] <pr1nc3_DK> I don't think so
[1 day, 8:07:54] <natas_k> that is the major your thinking about
[1 day, 8:09:30] <zakmiwiener> FUNgineer FUNgineer
[1 day, 8:09:38] <nacxd321> kappa
[1 day, 8:09:50] <zakmiwiener> BloodTrail CorgiDerp
[1 day, 8:10:09] <natas_k> CoolStoryBob
[1 day, 8:10:54] <hetezer> is this live?
[1 day, 8:10:59] <nacxd321> Kappa
[1 day, 8:11:23] <theultimatecze> RERUN LUL LIVE HAHAHA
[1 day, 8:11:27] <IgniteZ_> it says live in the corner
[1 day, 8:11:30] <natas_k> :(
[1 day, 8:11:30] <hetezer> so its live?
[1 day, 8:11:39] <IgniteZ_> yup
[1 day, 8:11:41] <natas_k> yes
[1 day, 8:11:44] <nacxd321> yes
[1 day, 8:11:52] <theultimatecze> no its rerun and they streaming this old matchs
[1 day, 8:11:53] <+Godzproo> yesssssssssssssssssss
[1 day, 8:11:58] <natas_k> 488 for a master cs is dying Kappa
[1 day, 8:12:08] <+Godzproo> 0
[1 day, 8:12:13] <IgniteZ_> banned? lul
[1 day, 8:12:21] <+Godzproo> lmfao yea
[1 day, 8:12:31] <zakmiwiener> yeah finaly live
[1 day, 8:12:50] <sorgon1> TriesHarder
[1 day, 8:13:01] <sorgon1> MonkaS
[1 day, 8:13:08] <natas_k> fl0mE
[1 day, 8:14:05] <hetezer> is this live?
[1 day, 8:14:18] <natas_k> Jebaited
[1 day, 8:15:47] <juiceymemess> And ...
[1 day, 8:16:04] <juiceymemess> ......................
[1 day, 8:16:25] <zakmiwiener> is it any more matches?today
[1 day, 8:16:50] <+FeelFeelson> google it
[1 day, 8:17:51] <juiceymemess> @FeelFeelson it's RERUN which means it's showing the same thing again, and its live becaus DreamsHacks Twitch is playing it again
[1 day, 8:19:24] <siprrr> forfeit LUL
[1 day, 8:25:10] <+littlejimmyj> replay? or live
[1 day, 8:32:54] <+Mikester180> replay
[1 day, 8:36:35] <epicheart123> lol
[1 day, 8:40:03] <+Shad_Daddy> these two girls cheering are getting anyyoing
[1 day, 8:40:03] <@Moobot> DreamHack Store: http://store.dreamhack.com/?utm_source=twitch_CS&utm_campaign=twitch_panel&utm_medium=twitch
[1 day, 8:47:42] <HennersPlays> go
[1 day, 8:48:06] <WhoTheMan97> Is that scream?
[1 day, 8:48:57] <MeanNine86> come on nip
[1 day, 9:09:47] <No2014killer> More people in the arena than on twitch, ouch
[1 day, 9:14:06] <bot_loczek> what stickers do they have on arms ?
[1 day, 9:15:01] <bot_loczek> Is that stickers that sportsman using ? hahaha they use it on arms cuz mouses are to heavy or wtf lol
[1 day, 9:15:30] <AvengersHawkeye> it's heating their arms dude, so the muscles don't get tense
[1 day, 9:16:07] <bot_loczek> There are not a heabylifters but gamers, why they need that - thats ridiculus m8 lol
[1 day, 9:16:22] <bot_loczek> and funny as hell
[1 day, 9:16:50] <Odevy> It's mostly to prevent wrist issues
[1 day, 9:17:23] <bot_loczek> wrist issues ? for operationg the mouse ? omg that;s comedy man hahah
[1 day, 9:17:34] <AvengersHawkeye> well they are pros, if you are cold and the muscles get tense, then you lack of reflexes
[1 day, 9:18:07] <AvengersHawkeye> without them, they would get disadvantage
[1 day, 9:18:35] <bot_loczek> sorry but I never saw pros with that - and they still pros :)
[1 day, 9:19:21] <AvengersHawkeye> true, they don't always have it but i think they have it now because it happened in Malmo and it's super cold there :D
[1 day, 9:19:22] <bot_loczek> wait to see a shrink doctor helping them hahah
[1 day, 9:19:31] <Odevy> also using a mouse at 800dpi 8h a day mess up your tendons
[1 day, 9:19:47] <Odevy> LoKeKoKe they do have some in pro teams haha
[1 day, 9:19:49] <N0cturtle> Well, some teams have mental coaches
[1 day, 9:20:02] <bot_loczek> 800dpi ? I think you wanna said 400
[1 day, 9:20:39] <Odevy> yeah maybe
[1 day, 9:21:02] <bot_loczek> omg sorry guys but it's funny as hell - btw it's ridiculus to call they a athletes
[1 day, 9:22:13] <N0cturtle> Honestly, i disagree
[1 day, 9:22:28] <laxnike> JD, JX
[1 day, 9:23:42] <bot_loczek> athletes should be ...athletic as the name say it - I'm sure that 80 % of that "e-sport players" will not run 5 km :) #JW # snax etc :P
[1 day, 9:30:58] <madeofwood> very very soon
[1 day, 9:55:35] <Trubby_> Is the same tournament?
[1 day, 10:13:19] <Guguskis> ANELE ?
[1 day, 10:19:59] <Guguskis> PogChamp
[1 day, 10:21:31] <LeLucking> NIP ResidentSleeper
[1 day, 10:29:08] <Guguskis> LUL
[1 day, 10:31:25] <Guguskis> Flashed himself LUL
[1 day, 10:32:04] <TrainerIM> !MATCH
[1 day, 10:39:51] <poseidonswe> draken is to good
[1 day, 10:41:06] <+thoag_thekaiser> vac
[1 day, 10:50:37] <K_B97> !subs
[1 day, 10:56:10] <gersontbe> srwt78eduyr
[1 day, 10:58:14] <playxl> does anybody know what viewmodel fov is it used here?
[1 day, 11:24:35] <ZagPC> Qxly vac ban?
[1 day, 12:01:20] <KingAleister> hey
[1 day, 12:01:35] <KingAleister> !schedulw
[1 day, 12:08:04] <Fohlmann_TB> Hey guys how are you doing?
[1 day, 12:08:39] <Fohlmann_TB> GO NORTH
[1 day, 12:14:27] <Donky_27> come on north pls win
[1 day, 12:17:06] <dem1ic> Is this live?
[1 day, 12:19:34] <novellas> Rerun live
[1 day, 12:19:49] <Donky_27> @dem1ic yes its live
[1 day, 12:20:20] <nachoeiras> go gale force and Miami flamingos
[1 day, 12:47:13] <Donky_27> lol best molo ever
[1 day, 13:05:35] <+darklegionx6969> Yo who wanna trade something for my M9 Gamma Doppler Emerald fac new?
[1 day, 13:06:01] <Ace82000> gg
[1 day, 13:06:31] <poseidonswe> R8 FADE AND 0.000001 dOLLARRS
[1 day, 13:06:41] <+darklegionx6969> NOPE
[1 day, 13:07:23] <playxl> does anybody know what viewmodel fov is this
[1 day, 13:07:40] <remczaaaak> some want awp asiimov bs and cbble atlanta ?
[1 day, 13:07:44] <Gadeanden> danmark
[1 day, 13:07:59] <+darklegionx6969> @remi994 I'll take it
[1 day, 13:08:16] <playxl> answer plz
[1 day, 13:08:16] <+darklegionx6969> Whisper me
[1 day, 13:08:24] <remczaaaak> what u have for trade ?
[1 day, 13:08:51] <+darklegionx6969> Whisper me trade link
[1 day, 13:11:59] <remczaaaak> dude
[1 day, 13:20:27] <feisi200> whats goin on
[1 day, 13:20:42] <el_swan0man> nothing
[1 day, 13:34:38] <+xXFrozenOneXx> !giveaway
[1 day, 14:07:23] <iialbin15> hello chat
[1 day, 14:21:03] <LukyBenz> :) :) :) :) :) :( :( :( :( :( :( :( :( :(
[1 day, 14:22:10] <LukyBenz> wwwwwwwwwwwwwwwwwwwwwwwwwwwwwwwwwwwwwwww
[1 day, 15:29:52] <+Godzproo> fuq faze
[1 day, 15:29:55] <F7_TeeJ> WAOW!
[1 day, 15:30:08] <F7_TeeJ> rude :/
[1 day, 15:30:28] <+Godzproo> I was jk I love faze
[1 day, 15:30:31] <F7_TeeJ> GG G2A
[1 day, 15:30:47] <F7_TeeJ> oh ok
[1 day, 15:30:58] <F7_TeeJ> GYE GYE
[1 day, 15:49:18] <+crakinlakin> woweee!!
[1 day, 15:51:20] <TolunayYilmaz61> Realy ? 220 ppl
[1 day, 15:53:23] <LEXINGTONSTEELEROBLOX> OMG KARRIGAN in FNATIC
[1 day, 15:58:00] <Azberg> :thinking:
[1 day, 15:58:11] <Azberg> this isn't csgp
[1 day, 15:58:12] <Boll_> I think its from yesterday :D
[1 day, 15:59:00] <deviousdmz> this is new cogs update
[1 day, 15:59:09] <deviousdmz> csgo
[1 day, 15:59:13] <Boll_> cogs?
[1 day, 15:59:19] <Azberg> god teir casting
[1 day, 15:59:28] <Johm> csgo 2 looks great
[1 day, 15:59:35] <Boll_> i go to sleep,good night :D
[1 day, 15:59:40] <perkele112> damn, csgo looks so good now
[1 day, 16:00:02] <ryuuton01> is this the new cs go update?
[1 day, 16:00:13] <Johm> csgo 2
[1 day, 16:00:15] <deviousdmz> yes
[1 day, 16:00:34] <ryuuton01> much better than before
[1 day, 16:00:53] <Johm> sniper crosshair? PogChamp
[1 day, 16:01:09] <perkele112> 290 viewers are drunk, wishing it was 2009
[1 day, 16:01:19] <Johm> true
[1 day, 16:03:09] <Azberg> of the day LUL
[1 day, 16:03:17] <Johm> lmao
[1 day, 16:03:35] <Johm> og spray PogChamp
[1 day, 16:03:43] <gotze_mtw> Moddi king 1.6??
[1 day, 16:04:05] <Johm> ussain bolt in 2012?
[1 day, 16:04:09] <Azberg> pls clap haHAA
[1 day, 16:04:39] <ShelbyELANOR> moddi was god in 1.6
[1 day, 16:04:48] <+TripleJman> karrigan was on fantic? or differnet karrigan
[1 day, 16:04:58] <Azberg> same
[1 day, 16:05:09] <ShelbyELANOR> same all guys same
[1 day, 16:05:13] <1738_jowap> @triplejman whatchu doin in here Bro LUL
[1 day, 16:05:25] <+TripleJman> idk LuL
[1 day, 16:05:30] <laikacsgo> Why are dreamhack streaming csgo on low settings fl0mThink
[1 day, 16:05:39] <+TripleJman> What are you doing here 🤔
[1 day, 16:05:51] <1738_jowap> @triplejman I think I know you from Tims stream, when you queue sniped him in PUBG LUL
[1 day, 16:05:53] <Johm> no this is csgo 2 on ultra settings Kappa
[1 day, 16:07:00] <Azberg> not biased casting Kappa
[1 day, 16:07:11] <Johm> LUL
[1 day, 16:07:30] <Azberg> TTours
[1 day, 16:08:03] <Johm> Karrigan PogChamp
[1 day, 16:08:26] <Azberg> this analyst LUL
[1 day, 16:09:26] <Azberg> "we"
[1 day, 16:10:15] <Azberg> caster ghosting nice
[1 day, 16:10:51] <korygod> wtf am i watching
[1 day, 16:11:13] <KrushCSGOD> 2012
[1 day, 16:12:59] <+ing0dwerust> ^^
[1 day, 16:14:43] <Be4st23> this csgo mod looks great
[1 day, 16:14:56] <ace__cs> live?
[1 day, 16:15:17] <deviousdmz> yes
[1 day, 16:15:21] <ShelbyELANOR> from 2012
[1 day, 16:15:28] <+twistofthewrist> yes
[1 day, 16:15:36] <Be4st23> when navi was good
[1 day, 16:15:38] <deviousdmz> this is csgo 2
[1 day, 16:16:04] <Be4st23> when will s1 mple play
[1 day, 16:16:12] <hanqishere> neato
[1 day, 16:17:16] <Ez0t> PogChamp PogChamp PogChamp PogChamp
[1 day, 16:17:18] <Be4st23> new position wtf
[1 day, 16:17:25] <TheWhisperingOaks> like 4 years later
[1 day, 16:17:33] <kestler_ow> Good camera work SeemsGood
[1 day, 16:18:43] <Be4st23> young fris
[1 day, 16:20:27] <+Mason74u> 1.6 PogChamp
[1 day, 16:20:35] <ExcellentWalter> fire the spectator. missing all kills
[1 day, 16:21:06] <ShelbyELANOR> its not auto man
[1 day, 16:21:18] <ShelbyELANOR> in 2012 it was manuel
[1 day, 16:22:21] <vrockenbach> carn and dsn PogChamp
[1 day, 16:23:28] <ExcellentWalter> lets see some airstrip
[1 day, 16:24:41] <+felixwhichusernameisfree> Wtf
[1 day, 16:24:56] <dream9x> old cs go forsenChamp
[1 day, 16:25:04] <Goblinz> live? kappa
[1 day, 16:25:22] <AlfaEx> live from the past
[1 day, 16:25:29] <gravz> looks normal to me kappa
[1 day, 16:25:42] <AlfaEx> sk is next ...
[1 day, 16:26:58] <dream9x> where's skins WutFace
[1 day, 16:27:26] <Zdmz> Csgo without skins = dead
[1 day, 16:27:34] <AlfaEx> this is CS GO with 1.6 skins
[1 day, 16:27:35] <gravz> lmao
[1 day, 16:27:46] <+felixwhichusernameisfree> Rofl Edward looks exact the same today
[1 day, 16:28:02] <gravz> think aboout it peob was best shooter
[1 day, 16:28:04] <XioNtwitch> years of this lan ?
[1 day, 16:29:00] <Senor_Picante> this observer is fucking terrible
[1 day, 16:29:10] <thisboostedlee> Is this Source or 1.6
[1 day, 16:29:16] <Senor_Picante> like it's not that hard
[1 day, 16:29:17] <officialra1se_> gone but not forgotten
[1 day, 16:29:25] <+AdamLeslie0> I agree, fucking lficking between cams
[1 day, 16:29:32] <ChikenNug> thisboostedlee DansGame
[1 day, 16:29:36] <dream9x> it's cs go alpha forsenChamp
[1 day, 16:29:41] <+Zewk> when you could shoot through everything LUL
[1 day, 16:29:42] <ExcellentWalter> this is 1.3
[1 day, 16:29:45] <thisboostedlee> Cmon guys
[1 day, 16:29:57] <AlfaEx> that time the observer was one guy in one pc, clicing like crazy to go to some player
[1 day, 16:30:01] <+AdamLeslie0> read title bro
[1 day, 16:30:05] <wrongheaven> ZEVS
[1 day, 16:30:57] <+AdamLeslie0> crazy how much mirage has changed tbh
[1 day, 16:31:06] <XioNtwitch> years of this lan ? :(
[1 day, 16:31:09] <katzhunt> <3
[1 day, 16:31:11] <+oSMOK3YLiFEo> this is the next cs
[1 day, 16:31:22] <jclxtv> miss this game so much, say what u want, the moviment in this game still the best one ever!
[1 day, 16:31:36] <ChikenNug> XioNtwitch seriously?
[1 day, 16:31:36] <@Moobot> Follow DreamHack on twitter.com/dreamhackcsgo - facebook.com/DreamHackCSGO - instagram.com/dreamhack - snapchat.com/add/dreamhacklive
[1 day, 16:31:56] <jclxtv> 75hz RIP lmao
[1 day, 16:32:07] <officialra1se_> ITS 100 HZ
[1 day, 16:32:15] <ExcellentWalter> did anyone ever play condition zero on Xbox? game was hilarious with controller
[1 day, 16:32:15] <jclxtv> really?
[1 day, 16:32:15] <zCucabeludo1> This is csgo running in 4k mode on ps4 pro Kappa
[1 day, 16:32:25] <jclxtv> what year is that?
[1 day, 16:32:28] <officialra1se_> karrygan <3
[1 day, 16:32:36] <KizzoKazzo> 2012
[1 day, 16:32:43] <officialra1se_> 2012
[1 day, 16:32:46] <lilpeepforever> Retro
[1 day, 16:32:49] <ExcellentWalter> galil leewHype
[1 day, 16:32:50] <jclxtv> oh thought it was 2008/9
[1 day, 16:33:02] <officialra1se_> ITS LAST YEAR OF CS 1.6
[1 day, 16:33:22] <KizzoKazzo> jclxtv just read title next time xD
[1 day, 16:33:48] <+oSMOK3YLiFEo> wait theres a title?
[1 day, 16:33:49] <jclxtv> @KizzoKazzo call down sally
[1 day, 16:33:51] <XioNtwitch> on phone we dont see all title
[1 day, 16:33:59] <jclxtv> calm*
[1 day, 16:34:09] <jclxtv> thanks @XioNtwitch
[1 day, 16:34:14] <KizzoKazzo> @jclxtv I am calm :)
[1 day, 16:34:42] <frostezorcs> gg
[1 day, 16:34:47] <jclxtv> @KizzoKazzo u remind me of that movie meme where the guy is in an airplane and he be like IM CALMMM
[1 day, 16:34:50] <ExcellentWalter> gg
[1 day, 16:34:57] <IllmaticEric> gg
[1 day, 16:35:03] <+felixwhichusernameisfree> Till 5 wtf
[1 day, 16:35:04] <dream9x> ez forsenE
[1 day, 16:35:07] <KizzoKazzo> lul
[1 day, 16:35:21] <KizzoKazzo> This is live right?
[1 day, 16:35:21] <@Moobot> DreamHack Store: http://store.dreamhack.com/?utm_source=twitch_CS&utm_campaign=twitch_panel&utm_medium=twitch
[1 day, 16:35:40] <dream9x> live from 2012 forsenChamp
[1 day, 16:35:42] <gdogggggg> dududududuudududududududu
[1 day, 16:35:59] <KizzoKazzo> @dream9x Ty
[1 day, 16:36:13] <+felixwhichusernameisfree> Young semmler LUL
[1 day, 16:36:29] <Osomo> lol semmler
[1 day, 16:36:45] <KizzoKazzo> Is that semmler? 0.o
[1 day, 16:37:22] <BranRS> ye
[1 day, 16:37:30] <2rainbowzombie> the cringe
[1 day, 16:37:52] <BranRS> ^
[1 day, 16:38:09] <KizzoKazzo> lol
[1 day, 16:38:14] <Braxboy123> is this live?
[1 day, 16:38:15] <XioNtwitch> hype..
[1 day, 16:38:21] <KizzoKazzo> yrsa
[1 day, 16:38:30] <jclxtv> thats fucked up, 6 thousand dollars for the 1st place on dreamhack lmao
[1 day, 16:39:10] <+Mason74u> lol
[1 day, 16:44:49] <ExcellentWalter> china #1
[1 day, 16:46:07] <Braxboy123> oh no friend taiwan #1
[1 day, 16:49:06] <+Mason74u> taiwan number wan
[1 day, 16:51:29] <馬咩馬哞馬哈哈> yeah!taiwan number one!
[1 day, 16:51:55] <Braxboy123> yeah friend
[1 day, 17:07:40] <Synic1337> i miss the old times............
[1 day, 17:57:39] <pusath> !title
[1 day, 17:57:39] <@Moobot> @pusath Title is: [Rerun] Natus Vincere vs. EnVyUs - Inferno - Game 2 - Semi-final - DreamHack Masters Malmö 2016
[1 day, 17:57:47] <실력만은슈프림> live?
[1 day, 17:57:56] <pusath> No
[1 day, 17:58:19] <pusath> 2016
[1 day, 17:58:22] <실력만은슈프림> rerun
[1 day, 17:58:35] <실력만은슈프림> infernp is not patch
[1 day, 18:01:05] <Derpymurloc> hI
[1 day, 18:08:53] <WillemoesDK> P
[1 day, 18:09:15] <WillemoesDK> larsen1Hype larsen1Hype
[1 day, 18:09:36] <WillemoesDK> larsen1Hype larsen1Hype larsen1Hype
[1 day, 18:09:55] <WillemoesDK> larsen1Lul
[1 day, 18:10:10] <lolifolder> Let’s go VP! VoHiYo
[1 day, 18:12:24] <WillemoesDK> Påp
[1 day, 18:13:19] <WillemoesDK> Ppp
[1 day, 18:48:47] <agrowru> Will Nuke be removed from competitive pool in favor of the new reworked Dust2?
[1 day, 19:03:17] <lorenmilliman> What year did this take place?
[1 day, 19:16:11] <+thewhiteknights45> real time
[1 day, 19:28:25] <+trabcs> ius this live?? kappa
[1 day, 19:31:51] <v1kof> gj
[1 day, 19:44:53] <JCMSAMA> Damn, when the gun sounds changed last year it sounded weird for such a long time. And now, seeing old footage with old sounds, so freaking weird xD
[1 day, 19:45:42] <Taynzi> !title
[1 day, 19:45:42] <@Moobot> @Taynzi Title is: [Rerun] Ninjas in Pyjamas vs. GODSENT - Train - Game 2 - Semi-final - DreamHack Masters Malmö 2016
[1 day, 19:51:10] <+lepmtg> triThink
[1 day, 20:42:08] <+rioduh> Come watch some esea pugging if you want im live right now gonna be pugging all night. Giveaways as well when i start to grow! :)
[1 day, 20:48:52] <+eottergg> Hey
[1 day, 20:53:25] <chronicleszombies> Hi Kappa
[1 day, 20:56:16] <NymKappa> ahornfBEER
[1 day, 20:58:19] <hey_im_mage> rerun?
[1 day, 20:59:45] <SiNiSTerChariTY> obv
[1 day, 21:12:51] <TEMUGEN1> obvilion
[1 day, 21:18:00] <JoeyLiveGaming> it just says rerun for fun
[1 day, 21:18:22] <gustaaavv> ?
[1 day, 21:18:44] <gustaaavv> When did Pauf come back? Didin’t he take like a break or something?
[1 day, 21:21:41] <JCMSAMA> damn that coach is packin :v
[1 day, 21:23:39] <karasb10> D
[1 day, 21:46:24] <spolcyc_csgo> Rerun DansGame
[1 day, 21:52:49] <lallarengg> 248 viewers, 0 chat
[1 day, 22:04:28] <ziomekpolski7127> hi
[1 day, 22:12:30] <+no1cey> monkaS
[1 day, 22:16:21] <xzmogus> is it live? OSsloth
[1 day, 22:16:45] <top10deaths> no
[1 day, 22:16:57] <top10deaths> OSloth
[1 day, 22:17:09] <xzmogus> guardian back to Navi,nice OSsloth
[1 day, 22:17:19] <+Badrookie_1977> Malmö 2016
[1 day, 22:17:55] <Espresso_wang> simple is the huge problem
[1 day, 22:18:05] <top10deaths> why ever1 pro player when he sprays they shake their hand
[1 day, 22:18:19] <top10deaths> wtf is this english lmao
[1 day, 22:21:25] <top10deaths> dust such a sht ma
[1 day, 22:22:15] <top10deaths> !uptime
[1 day, 22:22:15] <@Moobot> @top10deaths Uptime is: 1d 22h 22m 25s
[1 day, 22:23:51] <balder1995> only 300
[1 day, 22:24:04] <balder1995> only betters?
[1 day, 22:24:55] <mediocremoon> Where is joke about 300 viewers major final?
[1 day, 22:25:36] <top10deaths> zues made them lose the round
[1 day, 22:25:46] <Creep2308> Its just a rerun xD
[1 day, 22:27:10] <mediocremoon> So what?
[1 day, 22:37:33] <sldsnakeee> old navi <3
[1 day, 22:40:13] <Nusti123> Gods
[1 day, 22:42:59] <mediocremoon> Oh this moment
[1 day, 22:43:12] <Nusti123> He knew
[1 day, 22:45:04] <+rioduh> im live now and esea pugging all night. stop by if youre bored and if you follow ill follow back!
[1 day, 22:46:56] <Nusti123> aio otlaw
[1 day, 22:50:10] <eddo6> cs go is dead
[1 day, 22:50:25] <eddo6> pretty sad
[1 day, 22:50:31] <Nusti123> Too much cheats mm
[1 day, 22:50:31] <@Moobot> DreamHack Store: http://store.dreamhack.com/?utm_source=twitch_CS&utm_campaign=twitch_panel&utm_medium=twitch
[1 day, 22:50:38] <+Swarmsyz> seems fine to me
[1 day, 22:50:44] <Nusti123> Playing faceit only now
[1 day, 22:50:49] <eddo6> look only 400 and no1 in chat
[1 day, 22:51:00] <Nusti123> Rage kids toggle on 4-1
[1 day, 22:51:10] <+Swarmsyz> this is a re run and its 4 am
[1 day, 22:51:23] <Nusti123> 11:30 am fin
[1 day, 22:51:27] <PandemoniumFortress> this is replay thats why 400 viewers
[1 day, 22:51:39] <+Swarmsyz> nobody watches re run
[1 day, 22:51:48] <Nusti123> You? :D
[1 day, 22:54:21] <siajincs> lol
[1 day, 22:54:37] <+ito295> f0rest <3
[1 day, 22:56:02] <b1ne1t_6479> pyth XD
[1 day, 22:56:18] <Maks_zhukov337> reply?
[1 day, 22:56:40] <Maks_zhukov337> replay?
[1 day, 22:56:49] <PandemoniumFortress> y
[1 day, 22:59:00] <+ScubaMD> look at all the bots watching reruns
[1 day, 22:59:11] <+ScubaMD> LUL
[1 day, 23:00:59] <Eetulehtone> im not abot
[1 day, 23:01:58] <Nusti123> Im bot
[1 day, 23:02:08] <b1ne1t_6479> +
[1 day, 23:02:19] <Nusti123> -
[1 day, 23:02:41] <skinnykk> old sounds :(
[1 day, 23:06:51] <anoscapex> ez
[1 day, 23:09:40] <cemcaner1905> lmao
[1 day, 23:16:03] <anoscapex> omg
[1 day, 23:16:49] <0rhythm> i like porn
[1 day, 23:16:56] <valstv> GG NiP
[1 day, 23:17:06] <0rhythm> @paidxd u like porn?
[1 day, 23:17:17] <valstv> no wtf
[1 day, 23:17:19] <+Dendai03> mertinRohlik
[1 day, 23:17:27] <b4rrythebest> xDD
[1 day, 23:17:28] <0rhythm> why
[1 day, 23:17:55] <b4rrythebest> time
[1 day, 23:17:59] <anoscapex> why
[1 day, 23:22:14] <Salm4N> live ?
[1 day, 23:22:37] <Salm4N> yo 405 person
[1 day, 23:22:52] <Salm4N> oh shit rerun
[1 day, 23:23:06] <anoscapex> its live
[1 day, 23:23:22] <Salm4N> liiaaaaaaaaaaarrrrrrr
[1 day, 23:23:33] <anoscapex> dead cs go 400 viewers
[1 day, 23:23:51] <Salm4N> cause its rerun
[1 day, 23:37:33] <kili305> noobs
[1 day, 23:38:10] <+Krunxx> What year is this from the sounds are so weird
[1 day, 23:42:51] <Kpytoy18> Where simple?
[1 day, 23:43:56] <EDYX> taking shower
[1 day, 23:44:59] <Kpytoy18> And
[1 day, 23:45:11] <Kpytoy18> Guardian in Faze?
[1 day, 23:46:21] <crazymaze22> simole played in,liquid xD
[1 day, 23:46:25] <the_great_eight> Who won this again??
[1 day, 23:46:41] <crazymaze22> nip ofs
[1 day, 23:46:52] <anoscapex> na vi
[1 day, 23:50:59] <dust_0ff> right on his face)
