[0:00:00] <red12380> hf
[0:00:40] <nicollaaas> g
[0:05:56] <+ItsTypho> rip?
[0:20:11] <GreekDudesRPG> XD
[0:30:10] <nwrobinson> vac
[0:33:22] <yaladedim7> rerun?
[0:35:50] <cebulakxxx> it's a rerun
[0:40:32] <yaladedim7> ty
[0:40:40] <yaladedim7> who is win
[0:40:46] <yaladedim7> i think sk
[0:44:16] <fabZeef> fabzfiVAC
[1:26:15] <KickAGingerDay> knifeeee
[1:28:45] <KickAGingerDay> scoot noo
[1:28:54] <KickAGingerDay> raat noo
[1:36:04] <LQK1> 2223
[1:36:10] <LQK1> Iam the one
[1:38:37] <+gutz41> wallen
[1:41:59] <+51423333> is this eliminate
[1:42:26] <spartapraha> gg
[1:42:56] <+1kingcrush1> gg
[4:31:46] <Its_Hunter_k> omg get to the game ffs
[4:32:14] <Its_Hunter_k> no-one cares about ur dream shit
[4:44:23] <xnahh> SSSsss SSSsss
[4:45:56] <bonanzooo> kikd
[4:54:00] <Oczuu> PogChamp
[5:04:36] <shripal> s
[5:12:10] <olymashd> hi guys
[5:12:50] <BonJovie31> hello
[5:12:54] <olymashd> faze will win 16-11
[5:16:05] <BonJovie31> i think faze win
[5:16:15] <juliocesarmozol> fuxk
[5:16:18] <BonJovie31> faze is so nice
[5:55:04] <ruud_o> i love watching tournanents where nip plays up to what they were aginst todays best teams. shows how good our pro scene is like today.
[5:55:56] <ruud_o> another really cool team to watch nowadays is faze. always having an ability to win 2vX and 1vX's
[5:56:21] <ruud_o> makes the crowd go crazy
[6:15:39] <+yesoniix> dosiiaaaa
[6:22:44] <childishashbeenoo> lol
[6:26:09] <+GnashTV> LUL
[6:30:17] <vegetables_1st> Rplay?
[7:24:38] <anerdcalledfred> Except dosia
[7:29:30] <Peter_fkin_Pan> ?"
[7:29:35] <streamulator> gambit SwiftRage
[7:29:43] <Peter_fkin_Pan> why is it so dead?
[7:54:32] <ArcherKSI> FUNgineer
[7:58:21] <o0rune0o> cus europe sleeps
[8:03:41] <+GnashTV> Banana
[8:08:12] <puchi_da> KevinTurtle
[9:23:15] <fitircin> vac
[9:26:16] <zz_gui_zz> the chat is so fast I can barely read
[9:27:51] <巴斯李> lol
[9:28:32] <zz_gui_zz> where r u guys from?
[9:29:07] <巴斯李> Taiwan
[9:29:20] <zz_gui_zz> wow
[9:29:25] <zz_gui_zz> I'm from Brazil
[9:29:33] <zz_gui_zz> :P
[9:30:47] <巴斯李> got to go
[9:30:52] <巴斯李> have a nic one
[9:31:24] <zz_gui_zz> bye
[10:03:38] <dostayetki> when game start ?
[10:51:40] <Johniiiiboy> lul
[10:59:53] <YayaMambo> godzera
[11:03:32] <+JesusDeAeg1s> #RUNSKG
[11:14:02] <lucassffc> vamos
[11:25:18] <andrewser> Eto povtor?
[11:25:33] <banjomeister37> nej
[11:26:03] <andrewser> Kak eto? Felps je ne v SK
[11:32:24] <banjomeister37> eto je ne
[12:07:07] <SukitayNTC> can you believe sk threw this 14-9 lead
[12:07:24] <SukitayNTC> they would've won the whole event
[12:07:47] <Emmusing> kennyS PogChamp
[12:11:13] <sqetchie> credit where credit is due
[12:14:48] <b4rrythebest> LOL SK screwed it up !
[12:15:33] <sqetchie> how about G2 played good? how about that option?
[12:15:49] <SukitayNTC> no, sk actually threw it
[12:16:00] <maksmaximmaks> +
[12:16:15] <sqetchie> ever consider the option?
[12:16:42] <SukitayNTC> they only threw this time tbh
[12:19:48] <anjingnomoto06> fer and felps threw the game
[12:20:17] <+TeamDimSum> No English
[12:20:30] <sqetchie> empty rhetoric
[12:20:45] <sqetchie> entitled attitude
[12:22:06] <sqetchie> gonna have fun once reality hits
[12:28:27] <v_eg> TACHO
[12:38:00] <juanpalas> gg
[12:39:27] <+TheFreedomG> gg
[12:49:22] <maksmaximmaks> CASE?
[12:54:00] <RaireCS> KannyS
[12:59:23] <ココロコネクト> bot felps LUL
[13:03:13] <ココロコネクト> gatari is the best server of osu
[13:03:49] <gabrielgsq> recording ??
[13:03:49] <@Moobot> DreamHack Store: http://store.dreamhack.com/?utm_source=twitch_CS&utm_campaign=twitch_panel&utm_medium=twitch
[13:04:03] <ココロコネクト> ripple for idiots Kappa
[13:04:14] <ココロコネクト> stop
[13:04:34] <ココロコネクト> why we on dreamhack server talking about servers osu
[13:05:02] <ココロコネクト> he on ripple
[13:09:43] <WULSTTHERUTHLESS> hahaha gg wp kenny cheater
[13:24:06] <melbaar01> !viewmodel
[13:24:24] <newtonenlive> !crosshair
[13:29:18] <Arzibal> !crosshair
[13:33:46] <mehmetileoyun01> mal tacl amk
[13:34:31] <mehmetileoyun01> HELALLLLLLLLLL
[13:34:56] <Zeloer260> GOD FALLEN feelsgoodman
[13:35:28] <KropsoneQQ> HAHA
[13:35:43] <KropsoneQQ> nerdsssssssss
[13:35:57] <Zeloer260> ive seen this match like 50 times feelsbadman
[13:36:10] <mehmetileoyun01> uahahahhaa
[13:36:18] <mehmetileoyun01> LOLLLLLLLLLLLLLLLLLL
[13:36:30] <KropsoneQQ> and still fnatic won
[13:36:36] <Zeloer260> i would let u push ur dingle dongle insight of my asshowl so u cloud fill me wit u're spam
[13:38:54] <Zeloer260> GG
[13:39:10] <Zeloer260> 453 viewers for a major???? CSGO IS DEAD PogChamp LUL
[13:39:15] <KropsoneQQ> woooooooooooooooooow
[13:39:21] <KropsoneQQ> yea
[13:39:30] <jonnhy10> zeloer its a rerun :(
[13:39:43] <KropsoneQQ> nope
[13:39:54] <Zeloer260> Wrong. I can't believe there's only 440 viewers at a valve major rn LUL
[13:40:02] <KropsoneQQ> thats new name of IEM
[13:40:03] <pavao_mysteriozoo> LeagueOfLegend > CSGO PogChamp
[13:40:19] <KropsoneQQ> mario > csgo
[13:40:31] <Zeloer260> DH IEM Malmo 11-11-2017. That's today.
[13:40:45] <Zeloer260> Which means it's a major. Can't believe there's only 385 viewers.
[13:40:57] <Zeloer260> NBK has cute feet he sent me them on snapchat one time
[13:41:15] <pavao_mysteriozoo> Fortnite > CSGO PogChamp
[13:41:57] <Zeloer260> OSRS > CSGO PogChamp
[13:42:05] <Zeloer260> jk i have 4k hours in csgo feelsbadman
[13:42:21] <Zeloer260> imma go kms cy@ll l8r
[13:42:46] <pavao_mysteriozoo> gratis150ml > CSGO WutFace
[13:54:14] <qwezl> hi
[14:20:51] <lethimfish> is this live?
[14:21:49] <jocheepCL> no
[14:31:31] <mikepafc> yoo
[14:31:45] <mikepafc> j,
[15:00:08] <Kurt_Cobain99> east la TriHard
[15:01:20] <emirhan22> who will win ?
[15:03:04] <大陆梁朝伟> maybe navi
[15:03:17] <大陆梁朝伟> i guess
[15:08:36] <+ambratt> this map? or whole game?
[15:24:36] <bukfylla> navi won right?
[15:25:12] <Penutbutter85> When will the game start
[15:36:35] <bukfylla> soon
[15:38:27] <bulgarianblin1> when are the qualifers starting
[15:48:50] <+Ceddie_OCTV> ui
[15:57:19] <bulgarianblin1> NIP IN 2K17 LUL
[16:05:49] <skirdog> the dude xD
[16:06:16] <ez_peasy_lemon_squeezy_> Only me wo get this message on csgo`´VAC was unable to verify game session´
[16:07:19] <bulgarianblin1> when are the qualiefers gonna start tf
[16:09:06] <Biggleby> ,,,,
[16:14:12] <bulgarianblin1> qualifers ??/
[16:15:50] <jacklvss> FeelsBadMan
[16:15:58] <+xalex8> soyyy primeee
[16:16:05] <bulgarianblin1> can anybody give me stream for qualifers ?
[16:17:20] <gritabit> What qualifier?
[16:17:39] <gritabit> Dreamhack Winter qualifier?
[16:17:54] <bulgarianblin1> yea
[16:18:13] <bulgarianblin1> pls gibe link for winter qualifer
[16:18:34] <h1roTairus> ZZEEUS
[16:19:03] <bulgarianblin1> WHERE CAN I FIND A FUCKING STREAM FOR WINTER OPEN QUALIFERS
[16:19:34] <bukfylla> is that now?
[16:19:36] <weepixz> stfu dude
[16:20:04] <mbsanchez1988> Cannot wait to start playing cs again
[16:20:06] <gritabit> @bulgarianblin1 Qualifier is tomorrow
[16:20:48] <bulgarianblin1> no its today
[16:21:57] <OfficialKnasTv> xd
[16:21:58] <bulgarianblin1> cant find a fucking stream ffs
[16:22:57] <gritabit> Dude it's tomorrow just chill
[16:23:17] <gritabit> The open qualifier isn't even finished yet
[16:25:12] <bulgarianblin1> the open qualifer started 18 mins ago dude
[16:26:34] <gritabit> well there isn't a stream for the open qualifier
[16:26:53] <bulgarianblin1> :(
[16:28:51] <Kaski_i> beeep
[16:34:33] <Penutbutter85> Who wins
[16:34:47] <+dillinger515> everyone is a winner'
[16:35:17] <Penutbutter85> Some people are more winners than others
[16:35:17] <@Moobot> DreamHack Store: http://store.dreamhack.com/?utm_source=twitch_CS&utm_campaign=twitch_panel&utm_medium=twitch
[16:35:33] <Penutbutter85> Just like how Get Right used to be a winner
[16:35:46] <tomatotom> some people get money
[16:43:47] <pure420kush> GeT_Fucked
[16:46:32] <+JustopolisTv> Damn, is NiP not trash any more or is this a fluke?
[16:49:28] <Gurkaan> Nip rocks atm
[16:50:04] <+JustopolisTv> really? last I saw they failed to qualify for a minor
[16:50:20] <Gurkaan> oh shit
[16:50:25] <Gurkaan> idk
[16:51:03] <Gurkaan> *spoiler* i think they win this dreamhack
[16:56:26] <jurgen112112> O my god you spoiled it!
[16:57:12] <+JustopolisTv> lol
[17:01:18] <+BittowneR> asd
[17:09:14] <Gurkaan> but idk
[17:09:28] <Gurkaan> might remember wrong
[17:12:35] <Gurkaan> and i didnt say who's winning ;)
[17:13:05] <jurgen112112> no worries
[17:14:51] <Gurkaan> ;)
[17:19:56] <jurgen112112> I only watch this rerun cause i need some positive NIP matches
[17:20:33] <gippig> nip is not doing that bad recently
[17:20:34] <@Moobot> DreamHack Store: http://store.dreamhack.com/?utm_source=twitch_CS&utm_campaign=twitch_panel&utm_medium=twitch
[17:21:43] <Gurkaan> ye i know
[17:22:44] <Lilja2k> skrra
[17:29:46] <+no0ope> pa pa ka
[17:32:01] <Lilja2k> skidibipapapa
[17:32:44] <matiascuev> who win?
[17:33:00] <Lilja2k> navi 19:15
[17:33:32] <Lilja2k> jk
[17:33:43] <jurgen112112> fake news
[17:34:10] <Lilja2k> I want to play for NIP
[17:34:33] <saberzje> njubare
[17:37:18] <noamro> hot
[17:40:57] <Biggleby> m,m,m
[17:41:45] <MotivatedWorld> Who want competive?
[17:51:48] <ularusta> !accountage
[17:52:53] <jurgen112112> my ears
[18:12:36] <maksmaximmaks> case give?
[18:12:56] <hadooogin> Why am i even followed to this channel?
[18:38:45] <Lilja2k> Because u like reruns
[18:39:06] <jurgen112112> i dont like running
[18:51:35] <HACKERknownas9gag> damn dosia mad
[18:55:55] <Nyk0h> that face LUL
[18:58:06] <HACKERknownas9gag> Kappa Kappa
[18:59:22] <HACKERknownas9gag> PogChamp
[19:07:14] <HACKERknownas9gag> PogChamp
[19:07:21] <MotivatedWorld> xD
[19:07:40] <HACKERknownas9gag> PogChamp PogChamp
[19:08:17] <HACKERknownas9gag> gg
[19:13:30] <+Purppps> yo
[19:18:16] <MoralMetal> dosia what a fuckin man
[19:20:33] <brunsey11> (chompy) (chompy)
[19:20:59] <brunsey11> fl0m1 fl0m2
[19:25:48] <nicolaiseje123> GivePLZ TakeNRG
[19:30:33] <+salmon_ow> yo nico
[19:30:41] <+salmon_ow> stfu
[19:30:59] <xXxF1nnishWarriorxXx420> is this live?
[19:31:09] <+salmon_ow> yeah its live
[19:31:12] <nicolaiseje123> @salmon_ow me?
[19:31:31] <+salmon_ow> @nicolaiseje123 you?
[19:31:33] <nicolaiseje123> No Its rerun @xxxf1nnishwarriorxxx420
[19:31:55] <nicolaiseje123> You say Nico stfu CrreamAwk
[19:32:09] <+salmon_ow> yeah
[19:32:14] <+salmon_ow> stfu then
[19:32:23] <Sinodom> read the titel please dude
[19:32:23] <@Moobot> DreamHack Store: http://store.dreamhack.com/?utm_source=twitch_CS&utm_campaign=twitch_panel&utm_medium=twitch
[19:32:38] <+salmon_ow> nico ur reported for being toxic
[19:34:39] <KszYsiu_> yay
[19:34:51] <KszYsiu_> gambit
[19:42:15] <Samuel8437> FailFish FailFish
[19:45:31] <JCMSAMA> damn xyphex eyes are so far in his head. lol cannot unsee
[19:47:58] <+CRYP3> haha
[19:54:01] <timthethortdestoyer> hillo
[19:58:31] <KszYsiu_> gambit must win
[20:03:52] <KszYsiu_> JonCarnage
[20:04:15] <+wAVe_cs> chokestralis
[20:23:52] <Ixinieks> s h it stream
[20:41:34] <+hikosbrother> hi csgo is dead
[20:41:57] <Minecper> No?
[20:48:57] <real_pinecone> Ez throw amiright
[20:51:12] <NDGaming_> lmao
[20:51:31] <NDGaming_> Gambit and Immortals have really fallen off since the Major
[21:15:06] <SuperBua> lol
[21:28:35] <Nikobr02> yaaa
[21:38:21] <+ZenderH1> da
[21:52:25] <meeend3sfps> !cfg
[22:18:10] <+lePtitHitsu> this en1
[22:43:51] <Alissonsleal> Is this the famous disband game? Kappa
[22:47:30] <Eskildsenn> No idea -.-
[22:51:25] <Miroxe02> !uptime
[22:51:26] <@Moobot> @Miroxe02 Uptime is: 22h 51m 35s
[23:17:34] <CobaltsOniGoroshi> !uptime
[23:17:35] <@Moobot> @Ghostpro75 Uptime is: 23h 17m 44s
[23:20:08] <B4BZII> is this live?
[23:21:27] <CobaltsOniGoroshi> no
[23:21:56] <B4BZII> it is thers red live sign in the corner
[23:22:17] <CobaltsOniGoroshi> brcause its a rerun
[23:22:43] <B4BZII> rerun is when you run 100m but you have to run back to win the race you idiot
[23:23:58] <CobaltsOniGoroshi> WTF are you talking about
[23:23:59] <B4BZII> ghost you are. really dumb to think this isnt live
[23:24:18] <CobaltsOniGoroshi> youre the one who asked
[23:24:23] <B4BZII> rerun is when you like run again
[23:25:12] <B4BZII> so like if t side push b then friberg runs to a but has to rerun to B
[23:25:19] <CobaltsOniGoroshi> A rerun is when they play the flim again from a previous day
[23:25:27] <CobaltsOniGoroshi> Rerun: G2 vs NiP - Inferno - Semi-Final - DreamHack Masters Malmö 2017
[23:25:32] <B4BZII> thats why it says Rerun:
[23:25:47] <B4BZII> no thats stupid 😂
[23:26:06] <B4BZII> its not a cinema that thers multiple viewings
[23:26:19] <B4BZII> plus why would it say live then you joker?
[23:37:34] <SoRiNpEtCu> Lol
[23:37:45] <ArtemEHOTcs> Lol
[23:37:56] <ArtemEHOTcs> who is the bot + in chat
[23:38:30] <SoRiNpEtCu> You
[23:44:20] <iKiing> Nice!!!
[1 day, 0:14:29] <joehelo6> oii
[1 day, 0:21:41] <+seditioN_> oi oi
[1 day, 0:31:02] <mk13o9> live?
[1 day, 0:31:27] <derderpypotato> RERUN
[1 day, 0:31:28] <CobaltsOniGoroshi> rerun
[1 day, 0:31:28] <liq_na> RERUN: G2 vs NiP - Cache - Semi-final - DreamHack Masters Malmö 2017
[1 day, 0:31:34] <liq_na> reading is hard
[1 day, 0:31:44] <Heddamusic> is this live?
[1 day, 0:31:45] <CobaltsOniGoroshi> lol
[1 day, 0:32:05] <CobaltsOniGoroshi> STFU'
[1 day, 0:32:18] <Heddamusic> is this not live?
[1 day, 0:32:32] <derderpypotato> it litterally says rerun in the stream title
[1 day, 0:32:51] <Sebbeej15> @heddamusic
[1 day, 0:32:58] <Sebbeej15> no
[1 day, 1:21:08] <King_Norberg> oioioioioioioioi
[1 day, 1:22:22] <GriveMimii> oioioioioi
[1 day, 1:23:27] <wazerr> draken <3
[1 day, 1:29:52] <emp1re7> hola
[1 day, 1:31:47] <emp1re7> YEAAAAAHHHHH
[1 day, 1:32:03] <donii007> Tyyyyyyyeeeeeeaaaahhhhhh
[1 day, 1:32:09] <emp1re7> G2 Won!!
[1 day, 1:32:33] <B0ssan> k
[1 day, 1:32:37] <liq_na> god I hate that sponge dude
[1 day, 1:34:49] <anderspj04> tfyuyuyu7utyvu
[1 day, 1:35:00] <anderspj04> ik
[1 day, 1:35:05] <anderspj04> æ
[1 day, 1:53:54] <+razorbacksTX> This is so live
[1 day, 2:42:54] <+yungldrama> lol
[1 day, 3:28:31] <shdwsjesus> live?
[1 day, 3:36:39] <krheej> I can't believe this is live
[1 day, 3:37:06] <krheej> OMG 130,000 viewers
[1 day, 3:44:50] <+theGeorgio13> lul
[1 day, 3:45:32] <R6Nate> !discord
[1 day, 4:17:10] <trippswog> what was tge date of the original game?
[1 day, 4:19:23] <+zeitgeist2063> 04.09.17
[1 day, 4:19:32] <+zeitgeist2063> 04.09.
[1 day, 4:19:38] <+zeitgeist2063> LOL
[1 day, 4:19:54] <+zeitgeist2063> 04 September
[1 day, 6:07:29] <inviteonlyx> g2 wins
[1 day, 6:08:35] <alexmarcellus> no
[1 day, 6:08:45] <alexmarcellus> sk wins
[1 day, 6:19:07] <Sania19652002> ooooo
[1 day, 6:19:21] <Sania19652002> ClappyDerp ClappyDerp
[1 day, 6:19:26] <mendelevium_> !next
[1 day, 6:55:10] <whisp96> ohsodeadly
[1 day, 6:55:56] <whisp96> bagoice
[1 day, 7:09:40] <whisp96> ah
[1 day, 7:09:50] <whisp96> explain?
[1 day, 7:10:36] <whisp96> uhhhhhhhhhhhh
[1 day, 7:10:48] <vestmvm> tf?
[1 day, 7:10:55] <whisp96> lol
[1 day, 7:11:26] <jasonacejack> *sniff*
[1 day, 7:12:31] <+moderntowel> schlurrrrmy
[1 day, 7:12:51] <赤坂> TehePelo
[1 day, 7:13:49] <jasonacejack> It's American NA .CS:GO ALLOW ME TO HAVE FREEDOM OF SPEECH
[1 day, 7:14:11] <jasonacejack> cs go NA* PLEASE
[1 day, 7:14:26] <jasonacejack> lol idgaf
[1 day, 7:15:02] <jasonacejack> Smell can sniff out wether something is good or not.
[1 day, 7:15:11] <jasonacejack> Wether lie or contradiction.
[1 day, 7:16:04] <+moderntowel> song choices are....new
[1 day, 7:35:27] <kallel1209> sk gaming
[1 day, 7:35:34] <kallel1209> day
[1 day, 7:36:19] <coolcoll1n> PogChamp
[1 day, 7:36:51] <coolcoll1n> am i lonely ;_;
[1 day, 8:14:43] <lanzitv> dale jony
[1 day, 8:14:50] <lanzitv> miro la repe y jamas ganas :c
[1 day, 8:16:16] <lanzitv> como lo pusieron calentitos a los e north
[1 day, 8:25:14] <facatwm> que buenos recuerdos
[1 day, 8:32:50] <alanbrazza> gfe
[1 day, 8:36:16] <overize> ehh gatoos
[1 day, 9:00:47] <brian_9321> strafe
[1 day, 9:01:39] <elchori98> Godshorro round
[1 day, 9:02:41] <brian_9321> que le ponio
[1 day, 9:03:01] <figilon> nunca me aburro de ver esta parte
[1 day, 9:03:18] <dubitoN> Jony se paro pero parecia que el manco ese seguia sentado xd
[1 day, 9:37:46] <xxchristokesxx> love the multi colors in chat bb
[1 day, 11:02:22] <winstrol_tv> helou
[1 day, 11:03:54] <vamosquevamos> ?
[1 day, 11:04:08] <vamosquevamos> cade bidado rsrs
[1 day, 11:18:51] <gabrielgsq> essa partida foi gravada ou ta rolando ?
[1 day, 11:35:29] <Kannore> black bars LUL
[1 day, 11:43:07] <dinosaursixx> lul
[1 day, 11:43:12] <dinosaursixx> LUL
[1 day, 11:43:29] <dinosaursixx> ULU
[1 day, 11:52:33] <+ItzRealMusicBot> !uptime
[1 day, 11:52:33] <@Moobot> @PvMarcky222 Uptime is: 1d 11h 52m 43s
[1 day, 12:00:37] <DrEric456> Nub tim
[1 day, 12:01:58] <Hussainkk99> cacncer
[1 day, 12:05:11] <TheArchdemonic> !north
[1 day, 12:05:56] <TheArchdemonic> PowerUpL TheIlluminati PowerUpR
[1 day, 12:07:11] <Sneeky_af> !KING
[1 day, 12:07:31] <TheArchdemonic> North boysss
[1 day, 12:09:44] <CraymaRe> LuL
[1 day, 12:10:41] <venox210> LIVE?!?!
[1 day, 12:10:49] <Sneeky_af> yup
[1 day, 12:12:12] <TheArchdemonic> No, it's a rerun
[1 day, 12:12:32] <venox210> OH thats what rerun means
[1 day, 12:12:34] <+BananaLordBobo> anyone know who won this game?
[1 day, 12:12:42] <venox210> i thought it was the sponsor
[1 day, 12:13:12] <venox210> Engrish is my 4th language sorry
[1 day, 12:13:28] <Sneeky_af> ok
[1 day, 12:15:28] <GreekDudesRPG> mp7 noob
[1 day, 12:15:42] <GreekDudesRPG> HSWP OneHand
[1 day, 12:16:43] <GreekDudesRPG> HSWP FutureMan
[1 day, 12:19:01] <GreekDudesRPG> useless noobs
[1 day, 12:19:10] <GreekDudesRPG> lol
[1 day, 12:32:05] <b4rrythebest> LOL
[1 day, 12:32:20] <venox210> HES SO BAD
[1 day, 12:34:45] <FlameGamingX> xdlsd
[1 day, 12:36:30] <+GfriendFangay> no sound?
[1 day, 12:38:54] <+salmonk1d> yes
[1 day, 12:39:03] <+salmonk1d> there is sound
[1 day, 12:52:11] <MikeGT5> switching so fast between players makes this unwatchable.....
[1 day, 12:52:52] <+bronze_v_adc> then leave?
[1 day, 12:57:42] <top10deaths> rejected xd
[1 day, 12:58:00] <MikeGT5> was just saying... troll
[1 day, 13:13:02] <kurkkupussi> !crosshair
[1 day, 13:37:53] <thebaws5> hi guys, i am in the arena right now where they play. want me to crash the party?
[1 day, 13:38:13] <qweser99> lol
[1 day, 13:38:33] <thebaws5> im there right now, im watching this live. but i just came in here to tell you
[1 day, 13:39:02] <+Matsmeizter> Prove it..streak on stage please
[1 day, 13:40:57] <HITM0NN> stew timing predictable
[1 day, 13:41:33] <azdabossbennet01> Its a rerun how u watchinh it live XD
[1 day, 13:42:39] <HITM0NN> oh
[1 day, 13:42:42] <Hrce> gg
[1 day, 13:42:58] <HITM0NN> just woke up
[1 day, 13:43:09] <azdabossbennet01> lul
[1 day, 13:43:25] <HITM0NN> havent watched
[1 day, 13:43:29] <rivero__> that was awes0ke
[1 day, 13:43:40] <HITM0NN> ya
[1 day, 13:44:56] <rivero__> good morning man
[1 day, 13:45:08] <HITM0NN> morning
[1 day, 13:46:23] <HITM0NN> cloud9, it's like they only have a couple of predictable modes
[1 day, 13:46:33] <HITM0NN> they dont polymorph like other teams
[1 day, 13:47:35] <+Horked> i dont believe the RUSH guy :) but thats just me
[1 day, 13:47:47] <+Horked> please perma spec RUSH
[1 day, 13:47:47] <fleaTheMighty> rerun on front page wtf
[1 day, 13:48:00] <+Horked> ah its rerun
[1 day, 13:48:16] <Lazarerectus> boltz going to sk?
[1 day, 13:51:37] <K4MEFTUN> ez game
[1 day, 13:53:06] <heli1> y 2k ppl watching a rerun live LUL
[1 day, 13:53:33] <pomsika> ggű
[1 day, 13:53:41] <HITM0NN> cause it's on main page
[1 day, 13:53:56] <exileuniverse> LUL C9
[1 day, 13:53:57] <skirdog> when are winter qualifiers?
[1 day, 13:54:19] <chazza__> who wins
[1 day, 13:54:25] <exileuniverse> Don't say
[1 day, 13:54:30] <HITM0NN> immortals, without even knowing
[1 day, 13:54:59] <chazza__> cloud 9 win the tourny tho right?
[1 day, 13:55:08] <+yungldrama> hahaha
[1 day, 13:55:11] <oneballmann> is dh winter broadcasting on this channel?
[1 day, 13:55:17] <wabbitIV> rerun?
[1 day, 13:55:20] <+HardNogLife> yeah they do
[1 day, 13:55:31] <oneballmann> i mean the matches are starting in aroudn 10 mins
[1 day, 13:56:01] <HITM0NN> rerun yes
[1 day, 13:56:02] <skirdog> thx
[1 day, 13:56:05] <+THESTRONGONE> hold up, is hen1 lucas1 and kng back to immortals?
[1 day, 13:56:16] <chazza__> nah rerun
[1 day, 13:56:22] <+THESTRONGONE> oh ok
[1 day, 13:56:26] <R3KT4ngl3> 2015 re run?
[1 day, 13:57:18] <oneballmann> learn to read the title notsquishY 👇
[1 day, 13:57:24] <heli1> 2017 canada rerun
[1 day, 13:58:06] <swishyyy> is this live
[1 day, 13:58:16] <og_CryptKeeper> yea its live
[1 day, 13:58:22] <R3KT4ngl3> no i hope DHwinter will be streamed here
[1 day, 13:58:25] <HITM0NN> no is not
[1 day, 13:58:33] <og_CryptKeeper> 2am game in montreal
[1 day, 13:58:54] <heli1> its a live of a recorded game, is it hard to understand?
[1 day, 13:59:26] <erengalata> guys isn't shroud coloud 9 ?
[1 day, 13:59:36] <og_CryptKeeper> i mean it says rerun in the title if you have to ask and you're not trolling you should probably just leave
[1 day, 13:59:50] <CIMEIRA> this fucking tournament, immortals goes to the finals and lose 1 map by WO, in a fucking live championship
[1 day, 13:59:51] <jacklvss> LIVE: HellRaisers vs Red Reserve - DreamHack ASTRO Open Winter 2017 - EU Qualifier | @OnFireVince
[1 day, 14:00:14] <heli1> nah, actually shroud is in sk gaming
[1 day, 14:00:30] <chazza__> rip
[1 day, 14:00:31] <kruLscott> its bout to start
[1 day, 14:00:33] <Itsumtv> wtf
[1 day, 14:00:34] <UySaGi> lol
[1 day, 14:00:34] <wingman232> hmm?
[1 day, 14:00:35] <delfiini2211> Well thanks
[1 day, 14:00:36] <+SirBroManDudeGuy> Jebaited
[1 day, 14:00:37] <exileuniverse> Kappa
[1 day, 14:00:37] <~DreamHackCS> HeyGuys
[1 day, 14:00:40] <tuxplaytv> shroud ❤
[1 day, 14:00:42] <UySaGi> offline LuL
[1 day, 14:00:43] <calbario_> what
[1 day, 14:00:44] <GetParanoid> HeyGuys
[1 day, 14:00:44] <0mi_> LUL
[1 day, 14:00:45] <OhYeahTakeIt> I was into that game man
[1 day, 14:00:46] <delfiini2211> What a troll
