[0:02:23] <wrriosp> Salu2
[0:04:57] <+omareloff> My boi fns
[0:05:03] <+omareloff> omarLogo omarLogo
[0:05:12] <Vanddals> VoteYea
[0:06:52] <innerFire7> BM-ing after almost failed it ? DansGame WutFace LUL 4Head
[0:32:13] <+booterbrad> Hello?
[0:32:31] <rekt6587> Hello
[0:32:40] <+booterbrad> Let’s go renegades
[0:32:59] <rekt6587> U know it's a rerun right?
[0:33:04] <rekt6587> It's not live
[0:33:46] <+booterbrad> Yea
[0:33:54] <rekt6587> Good
[0:33:59] <rekt6587> When I told someone
[0:34:05] <rekt6587> They were so stupid
[0:34:11] <+booterbrad> Ahhaahaha
[0:34:49] <Mulgorebrovine> sure its live, i am in the audience
[0:34:59] <Mulgorebrovine> sponsored by RERUN
[0:35:11] <rekt6587> They kept on saying it was live even though it clearly said in the title rerun
[0:35:59] <N0tsober> Feels like I'm watching a pug game...
[0:36:24] <N0tsober> NA + aussie cs I guess lul
[0:41:27] <DakaDarko> FAZE THE FQ UP
[0:41:42] <DakaDarko> WHERE MA CHAT
[0:41:52] <DakaDarko> IM ALONE
[0:42:01] <DakaDarko> AS ALWAYS
[1:00:46] <M4NU3L_LOP3S> pah gostei tanto desta q vou ficar pra ver mais uma
[1:01:04] <M4NU3L_LOP3S> dps amanha durmo no escritorio :O
[1:08:11] <M4NU3L_LOP3S> va malta fiquem bem.. vou indo
[1:12:54] <+greren> what's up other 68 people
[1:20:55] <thetheldos> not much bro how you doin
[1:26:35] <mikkozuh> Clean ropz
[1:31:42] <Fist92> NICE
[1:40:29] <mikkozuh> Ropz <3
[2:19:13] <ManglarNtv> qv dc.q.scq.c
[2:19:20] <ManglarNtv> cv wcs.c w.. w cm cbq.c v f.c wwv.cv. c wbx. v s.cs. cv qbs q.c. wcs bw bww.c wcqbs.cqvcwb.sc
[2:19:31] <kedd152> oof’d
[3:43:46] <drdeadkin> only 102
[3:47:00] <+bowla300bro> WHO is in here watchign this poop
[3:47:16] <+bowla300bro> WHooo I say!!!
[3:47:30] <+bowla300bro> SwiftRage DansGame
[3:48:26] <Chaspajamas> P O O P
[3:52:13] <Fist92> how long
[3:54:24] <+bowla300bro> TIHS
[3:54:37] <+bowla300bro> read that backwards
[3:55:29] <Chaspajamas> I EAT PO OP
[3:57:14] <mile_natical> :(
[4:35:37] <murajayjay> helloo
[5:06:08] <1arrow1stun> *Scope kills* "What a no-scope"
[5:07:01] <rlysick> is this love
[5:07:06] <rlysick> live*
[5:20:17] <nezajem1> hi chat :)
[5:21:44] <nezajem1> match not live ?
[5:48:07] <+gr1zzly_tv> I was at this game lol
[6:00:53] <JChiringo> das
[6:09:40] <johnjames2222> Ok
[6:10:07] <johnjames2222> I like to ear arse
[6:41:27] <+vintage_kiwi> ResidentSleeper
[6:58:56] <izyab> hay guys im streaming rigjt now come join my stream on rainbow six siege have 20 followers and looking for more
[7:18:07] <Staaatus> Kappa
[7:47:04] <+Pie4lifenow> @vintage_kiwi
[8:16:09] <anshmishra471> !mouz
[8:16:27] <anshmishra471> !MOUZ
[8:16:48] <+Ejstrup2209> !Big
[8:20:27] <anshmishra471> !BIG
[8:39:14] <+Lucas_Harii> hi
[8:41:30] <+Ejstrup2209> hi
[8:42:02] <Nuke_Overlord> hey cutie
[8:43:54] <+Ejstrup2209> are you talking to me
[8:44:01] <+Ejstrup2209> ;)
[8:44:34] <Nuke_Overlord> yeah bb
[8:45:14] <+Ejstrup2209> oh boi
[8:57:05] <nezajem1> hi
[8:57:15] <nezajem1> live ?
[8:58:14] <JunkOVER> Nope @nezajem1
[8:58:54] <nezajem1> @junkover thanks
[9:33:14] <tkthbr> PogChamp
[9:33:35] <JunkOVER> PogChamp
[10:40:18] <+Ejstrup2209> we don't make mistakes. only happy little accidents
[10:48:14] <MikeBSA> Casters?
[11:06:01] <albinotora> this tension music BabyRage
[11:06:56] <Trubby_> gg
[11:07:11] <Trubby_> np
[11:10:26] <+Ejstrup2209> cloud 9 PogChamp PogChamp PogChamp
[11:10:37] <albinotora> awhhhh yeee
[11:22:43] <djwalker3> Gg
[11:35:12] <+RAIDENAS_> cam buv
[11:48:08] <Vinnywhite29> oh jee
[11:48:42] <Vinnywhite29> swear no one looks at chat?
[11:52:45] <Juicy0> how can tarik be playin and streaming
[11:53:05] <ipoopslow> This is a re run
[12:01:36] <axioneija> ded stream
[12:05:08] <strovvu_> ropz god
[12:09:48] <brandonnwi> g
[12:10:18] <brandonnwi> nl cmonBruh TriHard ggs
[12:10:22] <+akuji_the_heartless> c9 deserve to lose this, performing like this
[12:11:03] <brandonnwi> akuji?
[12:11:41] <brandonnwi> is that u
[12:11:58] <+akuji_the_heartless> yes it's me brandon
[12:12:14] <brandonnwi> akuji?????
[12:12:28] <+akuji_the_heartless> Yeah man! Just drove past your house!
[12:12:54] <brandonnwi> haterineos
[12:13:19] <+akuji_the_heartless> but really, no idea who you are man. Or who I'm supposed to be
[12:14:31] <brandonnwi> u r japanee?
[12:15:08] <+akuji_the_heartless> I am many things, but not japanee
[12:15:13] <brandonnwi> cmonBruh
[12:15:23] <brandonnwi> fkin weeb
[12:15:38] <+akuji_the_heartless> lol wut
[12:15:51] <brandonnwi> WEEB WutFace
[12:16:45] <+akuji_the_heartless> i dont even watch anime lol
[12:17:04] <brandonnwi> a k u j i
[12:17:34] <+akuji_the_heartless> 1999 video game man
[12:19:59] <+akuji_the_heartless> check google you weirdo
[12:24:04] <+akuji_the_heartless> lol this comeback.
[12:24:47] <+akuji_the_heartless> mousesports choking to death
[12:25:03] <+00kanplan00> is this live
[12:25:35] <+akuji_the_heartless> rerun
[12:26:09] <+00kanplan00> ok thx
[12:26:22] <SubezSK143> lololololololololololololol
[12:26:26] <+akuji_the_heartless> but the first round was epic, worth watching
[12:27:00] <+00kanplan00> So no monsterlag on my side
[12:30:45] <+akuji_the_heartless> Best windows for gaming what a joke. Migrating my gear back to Win7 because everything's shit on win10
[12:47:50] <wwsasd> after latest update win 10 is ok tho
[12:48:03] <Jareyy> no
[13:00:27] <+akuji_the_heartless> ^
[13:05:19] <therealmadafaka> when was that
[13:06:58] <Jareyy> say i if you're straight
[13:12:21] <flufflebut192> i'm straight :)
[13:17:37] <qodzrxbin> Mousesport wins the first Round!!!
[13:20:02] <qodzrxbin> mousesports wins the first Round on Mirage!!!!
[13:23:46] <orphaneds> !crosshair
[13:39:04] <Gutterm0uth> PogChamp
[13:49:07] <REALiDudeX> hellraisers ftw
[13:55:21] <Toxik____> 🇩🇰
[14:09:41] <JllNZ> is this live?
[14:10:19] <Gerdoran> yes, thats why it says RERUN in the title
[14:10:31] <JllNZ> 157 viewers LUL ded game
[14:11:12] <+lePtitHitsu> lol
[14:19:11] <+lePtitHitsu> dat TK
[14:29:20] <flufflebut192> OT, OT, there's never much love when u go OT
[14:33:59] <KexHUNter> fkgjhjrhgjédbsdé
[14:35:09] <OfficialScRaPT> Did c9 lose?
[14:35:36] <+lePtitHitsu> idk
[14:35:46] <flufflebut192> idk
[14:36:02] <flufflebut192> double awp setup is so OP :D
[14:37:07] <flufflebut192> double OT !!! :D thanks to double awp :D
[14:45:39] <+lePtitHitsu> so cloud 9 up
[14:49:08] <Snafuuu> Hello guys
[15:03:17] <dartz0> ThiccBois
[15:20:44] <GreekDudesRPG> hello
[15:22:23] <GreekDudesRPG> LOL
[15:22:28] <GreekDudesRPG> get rekt
[15:24:58] <GreekDudesRPG> HSWP FutureMan
[15:27:01] <GreekDudesRPG> FutureMan ThankEgg XboxBlack
[15:28:11] <dellanl0l> I made this dreamhack contest :)
[15:28:24] <GreekDudesRPG> oh really?
[15:29:01] <GreekDudesRPG> HSWP LUL
[15:31:52] <GreekDudesRPG> XD
[15:32:03] <Sirscheizelot> xD
[15:35:52] <MEICANCER76> Live?
[15:37:03] <MEICANCER76> Hahaha
[15:37:10] <MEICANCER76> Not noob
[15:37:27] <+oSMOK3YLiFEo> ;)
[15:37:38] <+oSMOK3YLiFEo> you played a fake stew? nice
[15:38:49] <+oSMOK3YLiFEo> doowGO
[15:39:15] <Boostmeist3r> noob
[15:39:27] <Boostmeist3r> missing ez shot
[15:39:35] <Boostmeist3r> he sucks
[15:40:17] <+oSMOK3YLiFEo> I'm sorry what?
[15:40:20] <Boostmeist3r> luck
[15:40:20] <MEICANCER76> HAP
[15:40:21] <sydionyah> yeah hes so bad
[15:40:28] <+oSMOK3YLiFEo> Hes bad?
[15:40:33] <Boostmeist3r> timing luck
[15:40:35] <iceman_csg0> He Sucks? :D
[15:40:37] <MEICANCER76> Yes lucky 5kills
[15:40:39] <+oSMOK3YLiFEo> hes bad?
[15:40:46] <Boostmeist3r> y he is bad
[15:40:54] <MEICANCER76> Mai asian guy
[15:41:01] <Boostmeist3r> 1 round lucky round
[15:41:08] <Boostmeist3r> there is more rounds wait
[15:41:16] <+oSMOK3YLiFEo> I dont see you on a pro team for beating stew KappaHD
[15:41:34] <iceman_csg0> No u are a Hater who cant say "Stewie is good"
[15:41:42] <Boostmeist3r> dont had the chance
[15:42:13] <Boostmeist3r> btw there is more skillfull people than the famous players
[15:42:26] <Boostmeist3r> no he just sucks
[15:42:36] <+oSMOK3YLiFEo> where are you at tho?
[15:42:45] <Boostmeist3r> not a hater tarik sucks aswell
[15:42:51] <yo_m8y> stewie might be good but i got global in under 400 wins so yeah
[15:42:52] <+oSMOK3YLiFEo> I dont see you in ESEA rank s games
[15:42:57] <Boostmeist3r> skadoodle is good
[15:43:13] <Boostmeist3r> i play fpl faceit
[15:43:19] <Boostmeist3r> with yznb
[15:43:23] <+oSMOK3YLiFEo> I dont see you on ESEA Rank S
[15:43:37] <Boostmeist3r> i dont have esea told ya
[15:43:47] <Boostmeist3r> faceit fpl man
[15:50:25] <MEICANCER76> No money
[16:06:09] <labelvatv> guys anyone knows whrere is swag?
[16:30:00] <spankmytaco1123> hi
[16:32:06] <spankmytaco1123> k good talk
[16:55:19] <CHUGE847> 2 biggest players on BIG
[17:01:54] <shreed_tv> gg
[17:02:09] <TheKINGbuckeye123> gg
[17:25:48] <DragonLorka> i have a prromocode @MATANTV for cs:go. u can use it on opencsgo_com. maybe u'll drop skin Desert Eagle Blaze ;)
[17:45:22] <+tittylongfellow> what a legend
[17:59:51] <blizzarddg> Is it a break?
[18:21:42] <cemosa545> wooo
[18:21:47] <cemosa545> woowow
[18:21:56] <cemosa545> fuckkk wtf oooo yaaa
[18:54:13] <laoo__> chuti volveeeeeeee, le quiebro una mano a tomi pero volveeeeeeee
[19:06:55] <dedzera_> who wins this?
[19:07:44] <xFury88> north 16-14
[19:13:41] <+eynalll> 6-15 North winning 100%
[19:14:24] <laoo__> not 100%
[19:14:37] <YayaMambo> jony god
[19:14:38] <laoo__> 16/0 is 100%
[19:14:48] <+eynalll> GF is shit tho
[19:14:54] <laoo__> yes
[19:15:07] <YayaMambo> gf op
[19:15:23] <laoo__> gf shit
[19:15:25] <YayaMambo> jony god
[19:15:37] <laoo__> jonybot
[19:15:42] <YayaMambo> look look
[19:16:09] <YayaMambo> guishorro god too
[19:16:25] <+eynalll> Gf is a joke
[19:16:36] <YayaMambo> best team
[19:16:43] <YayaMambo> 1 year
[19:16:44] <laoo__> best team ?
[19:18:31] <+eynalll> Definetly gonna be 16-14
[19:18:47] <+eynalll> Lol I meant 16-4
[19:19:06] <+eynalll> North 16 - 4 Gale Force
[19:19:14] <laoo__> okok
[19:19:17] <YayaMambo> gf win
[19:19:21] <laoo__> stfu
[19:19:31] <YayaMambo> easy win for gf
[19:19:33] <+eynalll> @yayamambo he's obviously joking
[19:19:47] <YayaMambo> no man look
[19:19:53] <laoo__> gf sucks
[19:19:56] <+eynalll> I can't take mambo seriously lol
[19:20:04] <YayaMambo> when guishorro and jony on fire
[19:20:10] <+eynalll> Anyone wanna 1v1 ?
[19:20:17] <YayaMambo> easy game
[19:21:23] <YayaMambo> now
[19:21:25] <laoo__> north smile
[19:21:30] <YayaMambo> they are hot
[19:21:35] <YayaMambo> you will see
[19:21:41] <laoo__> so much ego
[19:22:27] <YayaMambo> easy
[19:22:44] <YayaMambo> guishorro god
[19:23:03] <laoo__> no
[19:23:57] <YayaMambo> easy
[19:24:10] <YayaMambo> jony and guisho on fire easy game
[19:25:17] <kenzoloffgod> JONYYYYYYYYYYYYYYYYYY BOY !
[19:26:17] <YayaMambo> no... jony god now on rank s...
[19:33:44] <YayaMambo> go jony gooo
[19:33:51] <YayaMambo> go guishoo
[19:36:37] <laoo__> chuti is the best
[19:36:47] <laoo__> -tomi +chuti
[19:36:59] <YayaMambo> and now all players of gale on ranks you will see his level now
[19:41:35] <ImZestV2> VAC
[19:41:39] <YayaMambo> guishooooooooorrrrrrooooo GOD
[19:41:46] <ImZestV2> GUISHODIOS
[19:42:03] <laoo__> AAJAJAJAJAJAAJA
[19:42:12] <laoo__> JONY_Y
[19:45:16] <YayaMambo> no smile now jaja
[19:46:40] <laoo__> why so serious north ? dont smile again ?
[19:47:46] <YayaMambo> @eynalll take me seriously
[19:49:26] <scooterboi69> Ice=
[19:53:22] <YayaMambo> nt gg
[19:53:23] <@Moobot> DreamHack Store: http://store.dreamhack.com/?utm_source=twitch_CS&utm_campaign=twitch_panel&utm_medium=twitch
[20:15:26] <electrik_games> please make another dreamhack in montreal next year it was awesome
[20:43:15] <FriggleBiggle> PogChamp LIVE
[20:59:42] <ciprianolimas> sk?
[21:02:26] <+RotorBoy> SK or Immortals: does literally anythingBrazillians: PogChamp PogChamp ¿¡¿¡¿¡QUE OTA!?!?!? PogChamp PogChamp
[21:08:23] <pulsarqc> ?
[21:12:14] <cotranquillo> why this stream bad quality ?
[21:32:37] <matheuspacheccco> canal de merda
[21:58:36] <tunalkiz> hi
[22:22:17] <Get_Something1337> !followage
[23:36:21] <Klo2707070> :)
[23:48:07] <iliqnppp> gf
[1 day, 0:02:55] <leventsx> !uptime
[1 day, 0:02:55] <@Moobot> @leventsx Uptime is: 1d 3m 5s
[1 day, 1:03:40] <+raka_gg> london boltz
[1 day, 1:27:30] <shettt> vamos gfe
[1 day, 1:42:55] <TheArbiter110> anomOK anomLUL anomOK anomLUL
[1 day, 1:47:46] <+sychotixx> LOUDER
[1 day, 2:03:49] <NicolasDeVillegas> shorroGale shorroGale Kappa
[1 day, 2:05:16] <beast4k> GaleForce
[1 day, 2:05:32] <beast4k> Como pones ese icono ? @nicolasdevillegas
[1 day, 2:11:33] <+GJira> a]}×¶
[1 day, 2:29:37] <Ree7651> psss. i'l be a nice guy today and share a promocode @MATANTV for cs:go. you can use it on opencsgo_com only. try your luck!
[1 day, 2:46:11] <clovah9> VAMO GALE VIEJA
[1 day, 2:50:02] <+lSpeedy> GO GALE FORCE!!
[1 day, 3:08:18] <+dkspooder> 1hp dream
[1 day, 5:14:19] <+kok0k0ko> forsenS
[1 day, 5:14:41] <+kok0k0ko> cmonBruh
[1 day, 5:14:45] <+kok0k0ko> Jebaited
[1 day, 5:14:52] <+kok0k0ko> LUL
[1 day, 5:15:00] <+kok0k0ko> TPFufun TPFufun TPFufun TPFufun
[1 day, 6:00:36] <tomatotom> triple awp play
[1 day, 6:12:46] <MrCramton> watching 9 adds,ty twitch
[1 day, 6:14:36] <MrCramton> not finished yet
[1 day, 6:50:11] <exocellular> bot_kick
[1 day, 6:50:21] <exocellular> Not that hard
[1 day, 7:01:30] <exocellular> 100 ppl with there computers left on this stream for souvenir packages
[1 day, 7:02:15] <zugarewe> 9 o
[1 day, 7:06:56] <exocellular> My life is fucking shit
[1 day, 7:10:43] <sanovaapatu> @exocellular u just gotta get over it :)
[1 day, 7:11:51] <exocellular> <3
[1 day, 7:13:45] <exocellular> What am I even doing man
[1 day, 7:15:45] <exocellular> Idk
[1 day, 7:20:43] <exocellular> hahhaha random dude in a 24/7 twitch chat giving me the best advice I've ever gotten
[1 day, 7:21:14] <zeffault> hello
[1 day, 7:23:05] <exocellular> lol
[1 day, 7:26:05] <exocellular> Good night
[1 day, 7:34:42] <AkeSha> lol
[1 day, 7:35:07] <DoubIeG> helo
[1 day, 8:01:42] <game_ytb> hello
[1 day, 8:07:34] <JambojetKurewski> live?
[1 day, 8:07:42] <JambojetKurewski> ez luminosity
[1 day, 8:08:21] <JambojetKurewski> coldzera fallen fer taco fnx gonna rekt clown9
[1 day, 8:08:42] <JambojetKurewski> or clg
[1 day, 8:08:56] <JambojetKurewski> with who they playing
[1 day, 8:09:11] <JambojetKurewski> yung semller lul
[1 day, 8:10:02] <JambojetKurewski> where is fallen coldz and others lol
[1 day, 9:23:03] <n1coff> did you hear about promocode @MATANTV? it's for cs:go on dropgun_com. try, i think it still works.
[1 day, 11:00:58] <%AceOfKing98> n
[1 day, 11:08:09] <andyfen> 📊
[1 day, 11:31:12] <AEROmonkeyxx> lol let's go.
[1 day, 11:38:39] <UniiiX> 1
[1 day, 12:12:59] <+h2ryt> sa
[1 day, 12:34:06] <OfficialScRaPT> !C9
[1 day, 12:38:31] <+PSYQOLOGICAL> LuL
[1 day, 12:45:09] <BrenoGrumn> i look sk vs nip
[1 day, 13:03:41] <jvionlife> wtf
[1 day, 13:03:46] <jvionlife> 9 ads
[1 day, 13:36:20] <kiavalafc> what are we looking at?
[1 day, 14:09:51] <Bring_Swords> Fnatic Lose kappa
[1 day, 14:32:43] <slgaming__> Omg hype i thunk sk wil vin drem hak!
[1 day, 14:33:12] <slgaming__> Just prank
[1 day, 14:50:13] <dequk1ng> !uptime
[1 day, 14:50:14] <@Moobot> @dequk1ng Uptime is: 1d 14h 50m 23s
[1 day, 14:58:01] <TheVoVoPlays> HEYYY NOOBS
[1 day, 14:58:22] <TheVoVoPlays> !casters
[1 day, 14:59:24] <TheVoVoPlays> !f\/©k£r$
[1 day, 15:10:56] <thek2ll> GG
[1 day, 15:11:01] <Empyrium> FeelsGoodMan
[1 day, 15:11:39] <Akrosstv> LUL
[1 day, 15:12:01] <295atfatburgers> LUL
[1 day, 15:21:52] <cookie21hu> sdsad
[1 day, 15:22:01] <cookie21hu> !slots 100
[1 day, 16:15:35] <gugu9954> que ota
[1 day, 16:50:09] <+de_allure> w
[1 day, 16:52:53] <g4uch1nh0> acabouuu
[1 day, 16:53:03] <g4uch1nh0> sk campeao
[1 day, 17:02:49] <tensorss> !next
[1 day, 17:03:50] <BugiCSGO> who can givie me a few skins ?
[1 day, 17:20:42] <ikraken> !uptime
[1 day, 17:20:42] <@Moobot> @scared_kraken Uptime is: 1d 17h 20m 51s
[1 day, 17:28:07] <maddzzii> baj
[1 day, 17:47:51] <MashedApplesauce> Who's BOOT LUL ?
[1 day, 17:52:31] <MashedApplesauce> Moxie wins EZ
[1 day, 17:59:05] <Kevin_042> Do you think her parents are disappointed in her
[1 day, 18:00:41] <korgonsh> yes
[1 day, 18:00:59] <korgonsh> shame on her
[1 day, 18:18:49] <wubwubcub> ded
[1 day, 18:19:03] <wubwubcub> only 127 viewers
[1 day, 18:21:56] <top10deaths> did the match finish
[1 day, 18:46:46] <CHIICKCRAZY> bo1?
[1 day, 18:57:24] <FurTy_z> hi
[1 day, 19:10:11] <+rbjunk> succ
[1 day, 19:33:35] <martan4446> haHAA
[1 day, 19:33:51] <ICLemon> WHAT
[1 day, 19:40:28] <lordlykia> bot gla1ve
[1 day, 19:40:40] <lordlykia> bot device
[1 day, 19:40:56] <lordlykia> bot Xyp9x
[1 day, 19:41:05] <lordlykia> bot dupreeh
[1 day, 19:41:19] <lordlykia> bot kjaerbye
[1 day, 19:48:24] <BlueberryMonster> how much did you lose on them?
[1 day, 20:31:45] <ProKrtekCZ> hi
[1 day, 21:08:09] <NotnaMan> someone here? Kappa
[1 day, 21:08:19] <MateoGalvan> caderoReallyFam
[1 day, 21:08:28] <lercbar> idk NotLikeThis
[1 day, 21:08:32] <NotnaMan> wtf are you doing here LUL
[1 day, 21:08:41] <MoralMetal> weed1 weed2
[1 day, 21:08:47] <TheGodbold> SourPls
[1 day, 21:08:52] <MoralMetal> i member this live
[1 day, 21:24:48] <Rezestick> !FNC
[1 day, 21:26:23] <sere01> EZZZZZZZZZZZZZZZ IMT
[1 day, 21:40:26] <Dragonborn_gamer> !crosshair
[1 day, 21:47:47] <GreekDudesRPG> HSWP FutureMan
[1 day, 21:49:14] <GreekDudesRPG> anyone else in-chat?
[1 day, 21:50:30] <GreekDudesRPG> p-250 againsted ak lol
[1 day, 21:53:58] <GreekDudesRPG> HSWP HSWP HSWP HSWP HSWP HSWP HSWP HSWP HSWP HSWP HSWP HSWP HSWP
[1 day, 21:55:48] <GreekDudesRPG> ThankEgg RuleFive
[1 day, 21:56:56] <real_pinecone> 104 CS dead xd
[1 day, 21:57:04] <real_pinecone> 104 viewers live CS ROFL
[1 day, 21:57:22] <GreekDudesRPG> its a re-run you idiot
[1 day, 21:58:14] <real_pinecone> LIVE Cs group C 104 viewers XD CS DEAD GAME
[1 day, 21:58:23] <GreekDudesRPG> nope its not
[1 day, 21:58:34] <real_pinecone> I’m joking.
[1 day, 21:58:41] <GreekDudesRPG> and this is a re-run you idiot
[1 day, 21:58:47] <real_pinecone> Wanna play esea?
[1 day, 21:59:13] <GreekDudesRPG> nah i cant play
[1 day, 21:59:45] <GreekDudesRPG> i have broke my fingers and i cant even hold the freaking mouse :D
[1 day, 22:23:08] <yoggsarn> <3
[1 day, 22:25:32] <+cryptik7> :gun:
[1 day, 22:28:54] <King_Norberg> oj oj oj där fick jag en fruktansvärd psykos :D fan vad häftigt :OOOOOOO
[1 day, 22:33:43] <x3lukas> sdddd
[1 day, 22:39:20] <gunni004> WTF dauer Werbung
[1 day, 22:39:40] <tiwaz123> Lol
[1 day, 23:05:28] <xteechs> WHTAT
[1 day, 23:17:59] <kaen_csgo> i have a prromocode @MATANTV for cs:go. u can use it on opencsgo_com. maybe u'll drop skin Desert Eagle Blaze ;)
