[0:00:01] <rinoragaj> where is c9 playing?
[0:00:06] <yaboof> twitchRaid HotPokket
[0:00:07] <+piccips> stream end, rip NA
[0:00:20] <Mou_Huk_magisann> hello
[0:00:20] <+ross128sadstory> so dark
[0:00:26] <+ross128sadstory> deepndark
[0:00:28] <woods_eu> !brackets
[0:00:40] <zbmuins> !schedule
[0:00:40] <@Moobot> @zbmuins https://open.dreamhack.com/2017/dreamhack-winter-groups/
[0:00:41] <+ross128sadstory> !brackets
[0:00:44] <ssjleesin> SeemsGood KappaPride
[0:00:47] <GuiTaro0Sy> F5
[0:00:51] <ssjleesin> NotLikeThis NotLikeThis
[0:00:52] <jUNGAN_> !commands
[0:00:56] <The_ReUp> KappaPride
[0:00:56] <+CamoGeko> come on start the replays already lirikS
[0:00:58] <+ross128sadstory> some free items here?
[0:01:11] <ssjleesin> replays NotLikeThis NotLikeThis LUL
[0:01:18] <The_ReUp> cosplay = KappaPride
[0:01:24] <ssjleesin> KappaPride
[0:01:27] <+pecaaans> cosplay grills DansGame
[0:01:31] <+CamoGeko> ok ok RERUNS Kappa
[0:01:37] <ssjleesin> Kappa
[0:01:38] <and1_0nfleek> where can i get a schedule of the plays?
[0:01:43] <ssjleesin> at strafe
[0:01:49] <ssjleesin> download it on the phone
[0:01:52] <+piccips> lmao sure
[0:01:54] <+OMEGALOLXD> MECKEBOSS
[0:02:01] <+pecaaans> Live reruns :thinking:
[0:02:15] <and1_0nfleek> @ssjleesin how?
[0:02:15] <PsycheFI> forsenDED
[0:02:16] <ssjleesin> dota ? LUL
[0:02:33] <The_ReUp> DansGame
[0:02:39] <ssjleesin> @and1_0nfleek download on ur phone „strafe“ and then it shows u all the matches coming
[0:02:41] <patkor_278> ookkkl
[0:02:44] <+OMEGALOLXD> EVERYONE TYPE MECKEBOSS
[0:02:48] <Julien785> who won nv mouse
[0:02:48] <+TRi_semiaJ> jasonrQ
[0:02:50] <madskiii> 1,3 k ?????
[0:02:51] <and1_0nfleek> @ssjleesin ty
[0:03:00] <patkor_278> TheIlluminati TheIlluminati TheIlluminati TheIlluminati
[0:03:02] <ssjleesin> @and1_0nfleek cheers
[0:03:05] <TrevorL_TV> nv
[0:03:06] <Banter_bread> hey
[0:03:11] <Julien785> ty
[0:03:15] <The_ReUp> Kreygasm
[0:03:25] <ssjleesin> KreyGasm
[0:03:33] <onepagedownz> HH
[0:03:35] <+TRi_semiaJ> <3 Smix <3
[0:03:38] <onepagedownz> GG
[0:03:38] <+Chris_116Y> Where’s Dr. Disrespect?
[0:03:46] <onepagedownz> NOOBS
[0:03:50] <Kappa_Sensei> SCAM
[0:03:54] <+Chris_116Y> doctorSTARE
[0:03:59] <+Chris_116Y> doctorEMBLEM1
[0:04:05] <+TRi_semiaJ> ddr LuL
[0:04:07] <onepagedownz> -
[0:04:11] <+Chris_116Y> doctorEMBLEM1 doctorEMBLEM2
[0:04:13] <PsyChoRulzz> jasonr1 jasonr2
[0:04:17] <+yourmomlikesdicks> gang
[0:04:22] <divem28> Is there a match?
[0:04:27] <+N3k0_94> WutFace
[0:04:29] <+yourmomlikesdicks> lul
[0:04:32] <The_ReUp> DansGame
[0:04:33] <Murri_2> dream?
[0:04:33] <sting__tv> lol rip
[0:04:35] <+Chris_116Y> doctorEMBLEM3 doctorEMBLEM4
[0:04:39] <era2e> Lol
[0:04:41] <ssjleesin> LUL
[0:04:43] <+TRi_semiaJ> @PsyChoRulzz jasonrP
[0:04:49] <+Chris_116Y> WHERES DR DISRESPECT
[0:04:57] <heffa_l> ceezMatrix ceezMT ceezMatrix
[0:05:06] <+OMEGALOLXD> meckeboss
[0:05:10] <The_ReUp> ceezRage
[0:05:14] <+ODBplayapimp> moeFail1 moeFail
[0:05:17] <OPwatcherer> fkin pansy facial impressions
[0:05:17] <+yourmomlikesdicks> I THOUGHT IT WAS OVER
[0:05:26] <OPwatcherer> hilarious
[0:05:27] <Kunulol> Wtf work
[0:05:51] <+yourmomlikesdicks> 1.1k viewers
[0:05:56] <Kunulol> F
[0:06:02] <Murri_2> LUL
[0:06:05] <Kunulol> C
[0:06:09] <DadasGames> d
[0:06:27] <+dndsalpa> purged for 1 letter forsenOMEGA
[0:06:27] <@Moobot> The desk consist of @Stunna , @Pimp_CSGO & @SPUNJ
[0:06:32] <+dndsalpa> kek
[0:06:40] <Murri_2> X DDDD
[0:07:05] <CritRicker> Pansy has a deeper voice than that nerd on the right
[0:07:07] <mikkelyeeha> Ad
[0:07:13] <mikkelyeeha> Boring af
[0:07:18] <heffa_l> grill´ she globball?
[0:07:18] <@Moobot> DreamHack Store: http://store.dreamhack.com/?utm_source=twitch_CS&utm_campaign=twitch_panel&utm_medium=twitch
[0:09:32] <khalidd001> !crosshair
[0:09:57] <Heelgeilmokkel> anyone who reads this is gay
[0:10:09] <ssjleesin> ADREN DIES LUL
[0:10:11] <+TRi_semiaJ> KappaPride
[0:10:24] <Heelgeilmokkel> LUL
[0:10:31] <xxdolmanxx> OMG RAZER
[0:10:44] <Heelgeilmokkel> why are you guys still watching
[0:10:46] <navix75> It's live?
[0:10:56] <Heelgeilmokkel> yes
[0:10:57] <xxdolmanxx> YEah
[0:11:02] <Heelgeilmokkel> ITS ALIVE
[0:11:06] <+dndsalpa> NA nade 4Head
[0:11:54] <navix75> Why there is only 1000 viewers?
[0:12:04] <GuiTaro0Sy> not live
[0:12:14] <GuiTaro0Sy> rerun
[0:12:42] <DCZeca1> RERUN, live games already done;
[0:12:45] <Decode11> no big names in the match
[0:12:51] <Taken_Name_> RERUN: Gambit vs Rise Nation - DreamHack ASTRO Open Winter 2017
[0:13:03] <Taken_Name_> REFRESH
[0:13:46] <navix75> Omg razer
[0:13:57] <zzmatosxx_22> !brackets
[0:13:57] <+davidboro7> RERUN Is the sponsor this is live NotLikeThis
[0:14:03] <+davidboro7> jk
[0:14:23] <+TRi_semiaJ> FeelsBadMan people still havent heard of rerun as a sponsor
[0:14:39] <Angrynoob755> Who won? Envyus or Mouse?
[0:14:42] <jF_CSGO> Rerun best sponsor
[0:15:02] <Angrynoob755> ?
[0:15:27] <Tanckx> hi guys, why so little people watching a live game?
[0:15:43] <Angrynoob755> Rerun kiddo
[0:15:46] <H0r1blCS> Envyus won
[0:15:56] <Angrynoob755> ty @H0r1blCS
[0:16:00] <+TRi_semiaJ> @Tanckx dead game
[0:16:02] <H0r1blCS> np
[0:16:13] <H0r1blCS> You should download thescoreesports btw
[0:16:21] <Tanckx> yea thats what i thought too. rip csgo
[0:16:24] <H0r1blCS> much easier
[0:16:25] <era2e> Many people leafy because of a long ad pause
[0:16:26] <+TRi_semiaJ> ^^ true story
[0:16:52] <Tanckx> dat wallhack
[0:16:54] <Angrynoob755> @H0r1blCS Thanks I will!
[0:17:01] <era2e> Vac
[0:17:20] <+yourmomlikesdicks> RISE HYPE
[0:18:02] <shock3rt1me> This is were pansy gets sick
[0:18:02] <+yourmomlikesdicks> @dreamhackcs IT SAYS RERUN
[0:18:11] <shock3rt1me> 😱
[0:19:12] <Angrynoob755> Not suprised the CLG sticker price went up
[0:20:05] <era2e> Oh ya didn’t they dispatch the players
[0:22:14] <shock3rt1me> Because this is on at like 3 in the morning in the USA
[0:22:19] <+yourmomlikesdicks> BM
[0:22:21] <shock3rt1me> So yes it's a rerun
[0:22:38] <sergio91hg> is this on live?
[0:22:56] <autimotic> ITS A RERUN OMFG MOTHERNOOBS
[0:23:08] <sergio91hg> what does it mean?
[0:23:14] <sergio91hg> I am noob
[0:23:21] <sergio91hg> what s la the problem mf
[0:23:29] <H0r1blCS> It means it is being re played
[0:23:42] <opticmudkip> boy its an old match
[0:23:49] <sergio91hg> Ok. thanks
[0:23:51] <H0r1blCS> Rerun = Not live ez
[0:26:40] <comfortablyclaustrophobic> yikes moose
[0:26:58] <H0r1blCS> He was impatient, didn't take aim before he shot T_T
[0:27:41] <Semih033nl> Rise has a CSGO team?
[0:27:55] <DiegoRammstein> no
[0:27:59] <clickmeisterx> live chat ?
[0:28:00] <DiegoRammstein> ...
[0:28:07] <+McGiblet> barely
[0:28:26] <+McGiblet> its more like Bot Nation
[0:28:46] <sucessyy> ghe
[0:29:03] <sucessyy> they all better than u dont call them bot
[0:29:19] <JimmyWeak> XGOD
[0:29:26] <+McGiblet> it's a meme you dip
[0:30:02] <+McGiblet> I'll have you know I am SEM
[0:30:11] <+McGiblet> im kind of a big deal
[0:30:48] <+Spacebar2018> lul empty
[0:32:19] <PHRENlC> Did gambit win the game vs Navi?
[0:33:15] <+Zer0xDE> yes
[0:33:26] <PHRENlC> Thanks
[0:33:36] <youwishenlol> This has been asked 100 times before, BUT: Mousesports or EnvyUs who won?
[0:33:52] <Peskyp> mouz
[0:34:02] <+windows_> just look at hltv ffs
[0:38:29] <yamamotosora1> @Alifant1 ownado
[0:38:51] <Murri_2> LUL
[0:39:21] <yamamotosora1> FLiker nem é gente como a gente
[0:40:52] <+Art_btw_LUL> 4Head N 4Head A 4Head T 4Head U 4Head S 4Head V 4Head I 4Head N 4Head C 4Head E 4Head R 4Head E 4Head
[0:43:03] <oxi06560> 16-10 for gambit
[0:44:32] <Alifant1> oh shit i got cought
[0:45:15] <+iamVinx> They did great
[0:46:09] <divem28> amazing!
[0:46:09] <Alifant1> have you guys already seen the navi vs gambit game?
[0:46:15] <sefamandal> Wp
[0:46:15] <@Moobot> Follow DreamHack on twitter.com/dreamhackcsgo - facebook.com/DreamHackCSGO - instagram.com/dreamhack - snapchat.com/add/dreamhacklive
[0:46:15] <tomatotom> pretty cool
[0:47:15] <Murri_2> LUK
[0:47:35] <+iamVinx> I like off topic conversations
[0:47:56] <Murri_2> maybe this over fast
[0:48:13] <Cs_Sanity> gg
[0:48:21] <Murri_2> gg
[0:48:23] <Alifant1> yea good comentators
[0:48:32] <+iamVinx> Gg
[0:48:44] <Cs_Sanity> SPUNJJJJJJ
[0:49:05] <luka_forgot_his_password> !score
[0:49:21] <hellras3rd21> hi
[0:49:33] <hellras3rd21> what's up
[0:50:05] <NDGaming_> mcaT Squid1 Squid2 Squid3 Squid4
[0:50:15] <NDGaming_> Squid1 Squid3 Squid2 Squid4
[0:50:17] <Lillpinglan> DoritosChip
[0:50:25] <Murri_2> LUL
[0:51:38] <tomatotom> we didn't prepare
[0:51:48] <Murri_2> yes
[0:51:56] <Cs_Sanity> BANG
[0:52:09] <Murri_2> HeHeHe
[0:52:10] <Etniuh> 2k viewrs in a major OMEGALUL
[0:52:21] <Murri_2> litle...
[0:52:21] <@Moobot> DreamHack Store: http://store.dreamhack.com/?utm_source=twitch_CS&utm_campaign=twitch_panel&utm_medium=twitch
[0:52:25] <Cs_Sanity> this isnt a major lmfao
[0:52:27] <Murri_2> brake
[0:52:41] <NoNeedOfMoney> not a major..
[0:52:44] <rustoo> oldenburg
[0:52:45] <akiw0w> it is live or rerun
[0:52:49] <rustoo> rodenkirchem
[0:53:23] <Cs_Sanity> Can't believe this kid thought it was major
[0:53:29] <Etniuh> look title... its live
[0:53:54] <Cs_Sanity> Doesnt mean its a major....
[0:54:07] <Etniuh> lets be honest csgo is ded
[0:54:09] <+bag1y> refresh your page
[0:54:10] <Cs_Sanity> your srsly making my head hurt
[0:54:14] <Etniuh> lets play pubg
[0:54:17] <+bag1y> it says rerun
[0:55:52] <+FLUGMANGO> star wars Kreygasm
[0:56:05] <+yungldrama> lol cs is dead? guess the 500k people daily dont mean anything
[0:58:06] <Ace2> ...
[0:58:34] <Ace2> ChE#Ts.exe.Zip
[0:59:29] <Blockzorz> chat Jebaited at csgo is ded comments LUL
[1:00:01] <kj3phh91> damn squidward
[1:01:05] <hellras3rd21> PogChamp
[1:01:36] <hellras3rd21> LUL
[1:03:32] <Sociopathx> !casters
[1:03:45] <+ODBplayapimp> moeFail1 moeFail
[1:03:51] <Sociopathx> !caster
[1:04:03] <iamfranklin1> judas
[1:04:19] <Etniuh> SeemsGood
[1:04:56] <+Lepsude> Is this live?
[1:05:12] <Etniuh> negative
[1:05:36] <+Lepsude> Thanks mate for information :)
[1:06:04] <hellras3rd21> PRChase
[1:06:27] <Blockzorz> its live LUL
[1:06:29] <therealterror> it says RERUN
[1:06:30] <hellras3rd21> PogChamp <3
[1:06:43] <therealterror> smart ass Kappa
[1:06:52] <TayLorrr99> jef
[1:06:55] <hellras3rd21> yes is returned, is live again PogChamp
[1:09:18] <iamfranklin1> cof cof
[1:09:18] <durdentv_> a
[1:11:28] <sebastianjii> erycFeels
[1:12:04] <joeweaverlol> TriHard TriHard TriHard TriHard
[1:12:33] <sebastianjii> TriHard 7
[1:13:42] <joeweaverlol> HEY
[1:13:50] <sebastianjii> YEH
[1:15:40] <hvalrus_> TagPls
[1:16:30] <kick1982> this is live?
[1:16:45] <zombieslayer8u> no
[1:16:53] <zombieslayer8u> it's a rerun
[1:18:42] <Tingting99> is this live?
[1:18:43] <trunks__hd> NOT EVEN 2K VIEWERS IN A MAJOR LUL CSGO IS DEAD LUL
[1:19:57] <RageyPlz> Not live so of course not
[1:20:07] <therealterror> @tremmhd this is rerun the live one is already seen
[1:20:19] <trunks__hd> nah its a major final
[1:21:48] <Tingting99> that guy looks like a minor
[1:23:29] <RageyPlz> Nah he’s a major, a major bone head
[1:24:44] <owen25351545> wa
[1:24:51] <Tingting99> bruh
[1:24:52] <owen25351545> omg
[1:25:03] <hellras3rd21> PogChamp PogChamp
[1:25:46] <owen25351545> omg omg omg
[1:26:12] <officialscary> PeoplesChamp SoBayed
[1:27:43] <therealterror> no
[1:27:52] <therealterror> give me skins
[1:28:06] <therealterror> !followage
[1:32:45] <Mattyand17> Nice
[1:33:57] <smoovezz> go Heroic Heroic Heroic Heroic Heroic
[1:35:25] <Murri_2> gj
[1:35:26] <charles07102001> navi won this
[1:40:18] <WHYDOYOUCARE125> 1 TAP
[1:40:18] <@Moobot> DreamHack Store: http://store.dreamhack.com/?utm_source=twitch_CS&utm_campaign=twitch_panel&utm_medium=twitch
[1:40:25] <WHYDOYOUCARE125> OOOOOOOOOOOOOOOOOOOOOO
[1:40:30] <WHYDOYOUCARE125> WTF
[1:40:42] <WHYDOYOUCARE125> NICE AWP SHOT
[1:40:52] <WHYDOYOUCARE125> THAT AWP WAS INSANE
[1:41:37] <vineeeu> r u ok bro?
[1:41:37] <@Moobot> The desk consist of @Stunna , @Pimp_CSGO & @SPUNJ
[1:41:52] <WHYDOYOUCARE125> OMMMMG
[1:41:57] <WHYDOYOUCARE125> THE AUTO BUY
[1:42:03] <WHYDOYOUCARE125> WTF
[1:42:19] <WHYDOYOUCARE125> OMG
[1:42:32] <munzevid> What are you talking about? Just economy
[1:42:35] <WHYDOYOUCARE125> auto > skill
[1:42:47] <WHYDOYOUCARE125> that auto kill
[1:42:57] <WHYDOYOUCARE125> OMG THE NEGAV really?
[1:43:33] <WHYDOYOUCARE125> auto is op
[1:43:44] <WHYDOYOUCARE125> u see that auto replay @munzevid
[1:52:26] <+ODBplayapimp> moeFail1 moeFail
[1:55:43] <Danielvictor46> hola
[1:56:17] <+dohfOs> @charles07102001 thanks for ruining it
[1:56:39] <+JasonKTH> !schedule
[1:56:39] <@Moobot> @JasonKTH https://open.dreamhack.com/2017/dreamhack-winter-groups/
[1:57:23] <claykaja> Lel fake anders & semmler
[1:57:40] <ishraq0175> khard mushtch
[1:58:21] <+ODBplayapimp> PowerUpL KappaWealth PowerUpR
[2:04:02] <2easy4mee> !hi
[2:04:09] <2easy4mee> !time
[2:04:31] <2easy4mee> a que hora es en vivo?
[2:06:26] <+GrayBoxcar> !schedule
[2:06:26] <@Moobot> @GrayBoxcar https://open.dreamhack.com/2017/dreamhack-winter-groups/
[2:07:48] <+HellYeahLando> is it a major? Kappa
[2:08:28] <Vojtmanpl> idiot
[2:08:42] <+HellYeahLando> twerkKappa
[2:11:15] <mikkelyeeha> kregmeFlag
[2:20:52] <enachoo> !mouz
[2:21:10] <leonterr> !mouz
[2:21:18] <alirekola> !NORTH
[2:21:29] <kmbl6> !sk
[2:21:39] <ReliktGamingHD> this match are not live guys ;)
[2:22:03] <RuSSher971> live for sure
[2:22:57] <trippin2813> nich
[2:24:38] <xiLogical> Says re run
[2:32:49] <powersilie> Is rerun the Sponsor ?
[2:32:49] <@Moobot> DreamHack Store: http://store.dreamhack.com/?utm_source=twitch_CS&utm_campaign=twitch_panel&utm_medium=twitch
[2:36:19] <WHYDOYOUCARE125> #nerf da m4
[2:36:27] <WHYDOYOUCARE125> #buff the ak
[2:45:51] <Chmich> !schedule
[2:45:51] <@Moobot> @Chmich https://open.dreamhack.com/2017/dreamhack-winter-groups/
[2:46:03] <ItsBang> did i miss he c9 vs sk ?
[2:46:20] <WHYDOYOUCARE125> yes
[2:46:24] <WHYDOYOUCARE125> i think
[2:46:30] <ItsBang> damn who won?
[2:46:36] <WHYDOYOUCARE125> idk not sure
[2:46:49] <WHYDOYOUCARE125> probs sk
[2:46:49] <ItsBang> thanks bro
[2:50:14] <coperz1> does drop cases this dreamhack ?
[2:50:22] <coperz1> does it*
[2:52:30] <Chmich> !bracket
[2:52:30] <@Moobot> @Chmich http://wiki.teamliquid.net/counterstrike/DreamHack/2017/Winter
[2:54:39] <+mattlapistaken> @coperz1 No. ELEAGUE Boston 2018 Jan 19 - 28, 2018 is next Majo
[2:55:14] <+mattlapistaken> souvenirs are only from Majors
[2:58:56] <+DrLoveBond> b0rup SO CUTE KappaPride
[2:59:13] <+DrLoveBond> gade pronounced KappaPride ?
[3:00:28] <+mattlapistaken> think so
[3:00:56] <+mattlapistaken> gay'd
[3:03:12] <breakmaster385> 7
[3:03:46] <+McGiblet> why so little viewers?
[3:03:51] <+McGiblet> cause no big boy teams?
[3:05:16] <+wackowarner> not live
[3:05:26] <+McGiblet> oh
[3:05:31] <+McGiblet> im dumb
[3:05:33] <NcTaobao> rerun
[3:07:05] <+mattlapistaken> The flash to mask the drop sound. STYKO u smrtboi
[3:07:52] <+iballen93> AsianGlow
[3:16:41] <alirekola> PimpHype
[3:21:55] <+Monstrocitie> THIS IS THE MOST CRINGE AD EVER
[3:21:55] <@Moobot> DreamHack Store: http://store.dreamhack.com/?utm_source=twitch_CS&utm_campaign=twitch_panel&utm_medium=twitch
[3:30:53] <Cedardragon> is this live?
[3:31:16] <+d0nnybrasco> @cedardragon "RERUN" ...
[3:31:28] <+AsapHorde> Maybe it is live o-O
[3:35:06] <salkic44> lol
[3:35:13] <danibbb> blat
[3:35:18] <salkic44> i thouth it was live
[3:36:18] <Rain_94> Big
[3:36:41] <+GODANGRY> live with 1k viewers? oke
[3:37:06] <painz1337> it even says 'rerun' lol
[3:37:09] <popelin0> cause its a rerun
[3:37:15] <Pohuigo> Cuz is rerun
[3:37:16] <TankSinatraSC> Where is Machine?!
[3:37:51] <Rain_94> 1k VIEWERS LUL MAJOR DEAD GAME LUL
[3:37:54] <Al_Baghdaddy> I watched for like, 30 mins this morning live and not a single match was played. I had to leave for work. There is SO MUCH FILLER, it's honestly ridiculous
[3:41:39] <Al_Baghdaddy> What's the purpose of the smoke?
[3:42:51] <TexiTv> OMEGALUL
[3:42:59] <TexiTv> MonkaS
[3:43:05] <innerFire7> LUL 1 K VIEWERS LUL ON A MAJOR LIVE FINAL ? LUL DED GAEM LUL
[3:43:19] <TexiTv> OMEGALUL
[3:43:54] <TexiTv> MonkaS
[3:44:09] <innerFire7> monkaGIGA
[3:46:09] <+GODANGRY> whos monka?
[3:47:21] <tomatotom> yes
[3:50:11] <justinzzzzo> LUL
[3:50:39] <tomatotom> did happy drop the awp down to sandbags
[3:50:47] <tomatotom> or what happened
[3:50:59] <almightyduk> i think it was he grenade
[3:51:06] <tomatotom> ah
[3:51:21] <tomatotom> would have been big brain play if he misses a shot and has one second before he dies
[3:51:51] <sSydneyArenaSs> Dead game with 38k viewers in game? PogChamp
[3:52:14] <almightyduk> dude not live man no hype
[3:53:57] <tomatotom> PogChamp
[3:54:05] <justinzzzzo> VAC
[3:55:07] <Cooolder> hm
[3:56:52] <Chmich> !bracket
[3:56:52] <@Moobot> @Chmich http://wiki.teamliquid.net/counterstrike/DreamHack/2017/Winter
[3:57:04] <Pohsi> It was 50 k in game and 60 k on twitch when i watched today
[3:57:04] <@Moobot> Follow DreamHack on twitter.com/dreamhackcsgo - facebook.com/DreamHackCSGO - instagram.com/dreamhack - snapchat.com/add/dreamhacklive
[3:57:15] <Pohsi> Not a dead game for sure
[3:58:48] <RbL_69> Nade didnt damage ok..
[4:02:18] <564_> ResidentSleeper
[4:04:58] <+Typ1calGamez> 1k viewers csgo major? lul cs dead
[4:05:12] <anderbast> is rerun...
[4:05:23] <+Typ1calGamez> rerun is the sponsor they make shoes
[4:05:58] <+y0_Dero> live?
[4:06:17] <Goldilocks138> live and bought to you by Rerun
[4:06:32] <+y0_Dero> bought to me? PogChamp
[4:12:38] <Alexandelo> These Sounds are weird
[4:12:38] <@Moobot> DreamHack Store: http://store.dreamhack.com/?utm_source=twitch_CS&utm_campaign=twitch_panel&utm_medium=twitch
[4:12:57] <Alexandelo> did they change the sound data of the guns?
[4:14:37] <LifeForKill1> how long was this ?
[4:14:49] <LifeForKill1> i mean, when was this live
[4:15:09] <Heusdii> last night @LifeForKill1
[4:15:15] <eptiq> Today(friday)
[4:15:33] <LifeForKill1> oh! realy? tkx
[4:15:36] <Heusdii> for EU it was last night
[4:16:11] <Heusdii> ye.. Tier 2 tournament.. on the 5th it's gonna be tier 1 teams for ESL finals
[4:32:46] <magicisreal> is this live?
[4:32:59] <Crizicuz> omg it's rerun
[4:32:59] <salagubang977> "rerun"
[4:33:00] <emtnzo> no
[4:33:04] <Crizicuz> read the title
[4:33:10] <+mrjubjubjub> yes its live
[4:33:11] <magicisreal> sorry though rerun was a sponsor
[4:33:52] <Crizicuz> lol, it's okey xDDD
[4:34:51] <Honkerbeeper> OH DAMN
[4:34:57] <Honkerbeeper> that was close as fucj
[4:35:11] <+BattleD0g> Who wins?
[4:35:15] <emtnzo> y
[4:36:01] <+erikvtrx> trilluxeLENNY
[4:37:33] <+erikvtrx> trilluxeANFEUERN trilluxeANFEUERN trilluxeANFEUERN trilluxeANFEUERN
[4:37:41] <Solantir> yoshisDAB
[4:37:42] <biel157214kppa> QUEM GANHOU?
[4:37:58] <Wall_xD> your mother
[4:40:43] <carlos_dinizr> keep is jumento
[4:41:36] <+erikvtrx> trilluxeMEI trilluxeDEN
[4:41:48] <carlos_dinizr> algum br aqui?
[4:44:07] <akerrrtv> Hey man when ur done streaming can you host me. Love ya <3
[4:44:50] <Honkerbeeper> how did they retake that O_o
[4:45:03] <payso25> ASSA
[4:45:16] <+Deletedtaters> Cause BIG got no jump boost :D
[4:47:16] <Honkerbeeper> g_g
[4:47:23] <rohitgusain> gg
[4:47:40] <payso25> NN
[4:47:41] <cislovesme> ez hdc last night TehePelo
[4:48:13] <cislovesme> !giveaway
[4:48:22] <tycocs> !giveaway
[5:00:22] <+DrKekenstein> who won gambit vs navi?\
[5:02:03] <+drunkendribbler> 31:28
[5:03:19] <real_pinecone> SOVIET UNION
[5:04:23] <real_pinecone> xd
[5:06:07] <real_pinecone> xd'
[5:06:15] <real_pinecone> xd
[5:08:32] <PsyStoner> !sk
[5:09:07] <Perritove> Is this live?
[5:09:30] <RyzzC> No
[5:09:42] <RyzzC> It's from today tho
[5:10:00] <simmely> ji
[5:10:04] <PsyStoner> not today lol
[5:10:09] <simmely> hi
[5:10:20] <Perritove> I was talking the add
[5:10:27] <simmely> is it from today ?
[5:10:32] <PsyStoner> ohhhhhh
[5:12:07] <Perritove> Did fnatik won
[5:17:46] <Kaikeoo> felps in SK?
[5:21:24] <Perritove> Nip
[5:22:42] <DestinysJesus> Old ass game I just realised
[5:25:08] <dat_cough_syrup_drank> game is from this morning danLUL
[5:29:15] <marcoszaiden> 7x1
[5:34:00] <tyrano22> TACO LIXO !
[5:43:10] <ManokaiOfficial> 16/2 gg izy aushasu
[5:52:51] <masxi> !schedule
[5:52:51] <@Moobot> @masxi https://open.dreamhack.com/2017/dreamhack-winter-groups/
[5:54:48] <masxi> !next
[5:55:25] <masxi> !commands
[5:56:05] <masxi> !score
[5:56:14] <masxi> !nextmatch
[5:57:06] <+GravadoLive> ResidentSleeper
[5:57:06] <@Moobot> DreamHack Store: http://store.dreamhack.com/?utm_source=twitch_CS&utm_campaign=twitch_panel&utm_medium=twitch
[6:06:04] <VPLaXxO> VIRTUS PRO <3
[6:07:07] <obleac> Go virtus pro
[6:07:18] <obleac> twitchRaid twitchRaid twitchRaid twitchRaid twitchRaid
[6:07:21] <VPLaXxO> greetings from Mexico
[6:08:56] <VPLaXxO> I am a great fan from virtus <3
[6:09:14] <VPLaXxO> will win virtus <3 go virtus
[6:11:34] <+spirit_dinosaur> pashaVirtus <3
[6:12:57] <lolifolder> Let’s go VP! VoHiYo
[6:14:04] <DBladeRGames> ez for NAVI
[6:16:34] <obleac> Go vp
[6:22:31] <SnowCS_> !bracket
[6:22:31] <@Moobot> @SnowCS_ http://wiki.teamliquid.net/counterstrike/DreamHack/2017/Winter
[6:28:15] <Pojken677> Is this live
[6:31:02] <LuscaoFeshow> i dont know
[6:31:08] <+Sockmonkey10246> no
[6:34:53] <xmastime4life> republic of gamers sellout LUL
[6:36:33] <RedTiger71> s1mply found, s1mply put down
[6:46:37] <tartumartin> seized is back PogChamp
[6:53:59] <reap_ttb> hi bois
[6:54:23] <VPLaXxO> Noooooooooooooo virtus come on you winn virtus :'c
[6:55:06] <reap_ttb> what mousepad are they using
[6:56:31] <tartumartin> fnatic mousepad
[6:57:47] <tartumartin> !VP
[6:58:19] <DestinysJesus> my boy snax hot af
[6:59:05] <reap_ttb> steelseries Qck XXL or fnatic mousepad
[6:59:09] <tartumartin> ez for ence
[7:07:39] <+Ghostskills91> mhm
[7:07:49] <Cherlier> mmhm
[7:08:39] <tartumartin> grrrHi
[7:11:12] <tartumartin> SMIX <3
[7:12:02] <+Ghostskills91> she`s not sexy
[7:13:39] <tartumartin> just you have shit thing :D
[7:15:22] <reaverlz> get that asian out of europe
[7:15:52] <reaverlz> invader garbage
[7:18:07] <+Ghostskills91> maybe she sells sushi...or at least,smells like it
[7:26:32] <eagledoc9075> Live?
[7:27:45] <DArkB0mb> this tournament was in october
[7:27:51] <DArkB0mb> actually no august
[7:29:02] <+Ghostskills91> rerun..
[7:33:59] <PaniCShooT> kkkkkkkkkkkkkkkk
[7:35:50] <PaniCShooT> lul
[7:39:38] <PaniCShooT> porq tienen todo violeta :ccccc quiero skins violetas
[7:40:07] <PaniCShooT> esos guantes violeta :333
[7:40:08] <@Moobot> DreamHack Store: http://store.dreamhack.com/?utm_source=twitch_CS&utm_campaign=twitch_panel&utm_medium=twitch
[7:40:16] <gabrielrx8> 0/8 LUL
[7:40:29] <gabrielrx8> LUL IceCold
[7:47:27] <defshott> 0-11
[8:20:36] <adielmodz> Cheer100 hi
[8:23:59] <xFragEel> hey
[8:25:36] <ratcommander> yay c9
[8:30:32] <+lex_chapo> !schedule
[8:30:32] <@Moobot> @lex_chapo https://open.dreamhack.com/2017/dreamhack-winter-groups/
[8:32:19] <drobotnic> ace?
[8:41:34] <Jozvzdy_> c9
[8:50:40] <Jozvzdy_> pause pause pause >(
[8:52:40] <thequickblackfox222> GTChimp GTChimp GTChimp
[8:52:54] <Jozvzdy_> Squid1 Squid2 TwitchUnity Squid4
[8:53:17] <Jozvzdy_> wtf was that ? :O
[8:53:35] <thequickblackfox222> GTChimp GTChimp GTChimp
[8:55:09] <Jozvzdy_> HSWP
[8:55:29] <Jozvzdy_> what the fuck
[8:55:38] <willeking> sick
[8:55:39] <Guardian_RL> LUL
[8:55:51] <Jozvzdy_> ouuuuuúuuuuu shit
[8:56:01] <thequickblackfox222> GTChimp GTChimp GTChimp
[8:56:13] <RedTiger71> Dreamhack is broken
[8:56:15] <Jozvzdy_> cmonBruh cmonBruh cmonBruh
[8:56:32] <Jozvzdy_> monkaS
[8:56:43] <RedTiger71> Almost in every game yesterday something like this happened
[8:56:47] <bendavid> cmonBruh
[8:56:58] <+wumboty> When does rise play?
[8:57:21] <JoeDamonRooney> Wtf😂
[8:57:24] <thequickblackfox222> GTChimp GTChimp GTChimp
[8:57:32] <RedTiger71> rise lost their first match against Navi
[8:57:39] <JoeDamonRooney> DansGame
[8:57:44] <Jozvzdy_> @redtiger71 no I just see that y3sterday it wasnt
[8:58:23] <Jozvzdy_> reclams reclams
[8:58:23] <thequickblackfox222> GTChimp GTChimp GTChimp
[8:58:49] <Jozvzdy_> MrDestructoid MrDestructoid MrDestructoid
[8:59:00] <RedTiger71> Yes they did lost look at yesterdays stream
[8:59:08] <Jozvzdy_> LOL
[8:59:36] <avegarez> PC???
[8:59:49] <Jozvzdy_> I have this pc but it is so shit :D LUL
[9:00:00] <avegarez> really? hahaha
[9:00:15] <irwit2k> i have this shit but it is so PC LUL
[9:01:13] <Jozvzdy_> no dreamhack was good but now it is shit
[9:02:18] <Jozvzdy_> rest je slaby kokot
[9:04:42] <Jozvzdy_> envyus ,g2 oiiii boiiii
[9:06:07] <jacky21_> give me 1 knife lel
[9:06:36] <Jozvzdy_> whats ur ranks ?
[9:06:36] <@Moobot> DreamHack Store: http://store.dreamhack.com/?utm_source=twitch_CS&utm_campaign=twitch_panel&utm_medium=twitch
[9:06:45] <avegarez> its so sad of what happened to immortals these days, problems w/ kng and others. bolts to sk
[9:08:59] <masken38> Hello
[9:09:31] <fastduckling> Hello
[9:10:11] <Martizion25> Live?
[9:11:25] <fastduckling> !FNC
[9:13:02] <nelioscsgo> hy
[9:17:09] <Howzzy> cmonBruh
[9:17:50] <Howzzy> racist mods
[9:19:21] <fastduckling> Kreygasm
[9:24:58] <mo4a_joltaya> is it that match where fnatic won force 2v5 on 14:14?
[9:32:57] <jones2310> JOIN MY CSGO TEAM CSKINGS
[9:35:29] <nelioscsgo> @jones2310 rank?
[9:36:36] <jones2310> @nelioscsgo Global 2 times now im Suprem Master First class
[9:36:46] <ardianfikri> !schedule
[9:36:46] <@Moobot> @ardianfikri https://open.dreamhack.com/2017/dreamhack-winter-groups/
[9:38:09] <jones2310> @nelioscsgo and your rank?
[9:41:09] <the00l0vsson> Hello
[9:41:19] <Pewpewpenk> tjenare
[9:41:33] <thisrandomfellow> what happened to olof?
[9:41:42] <Pewpewpenk> han lämnade
[9:41:53] <thisrandomfellow> hva?
[9:42:03] <thisrandomfellow> eg er norsk
[9:42:05] <Pewpewpenk> han spelar med ett annat lag nu
[9:42:11] <thisrandomfellow> aaaaah
[9:42:32] <Pewpewpenk> spelar med Faze nu tror jag
[9:42:37] <jones2310> Whos norwagain here
[9:42:46] <thisrandomfellow> hm. skjønner
[9:42:53] <jones2310> im from norway
[9:43:04] <thisrandomfellow> kult :)
[9:43:15] <jones2310> EYyyy :)
[9:43:27] <thisrandomfellow> WASAAAAAAAp
[9:43:42] <jones2310> WASSSSSSSSSSSp
[9:43:51] <thisrandomfellow> xD
[9:44:04] <jones2310> XCDDDDDDD
[9:44:06] <Boxboy> jeg er svensk Kappa
[9:44:18] <jones2310> KULTGTTTTTTTTTTTTT
[9:44:25] <thisrandomfellow> koffor har du norsk i navnet ditt da xD
[9:44:33] <Boxboy> Kappa Kappa
[9:44:39] <thisrandomfellow> Kappa
[9:45:10] <jones2310> OptimizePrime OptimizePrime OptimizePrime
[9:47:18] <the00l0vsson> Redig
[9:47:31] <the00l0vsson> Reddit
[9:47:40] <jones2310> GH
[9:47:50] <masken38> Någon svensk?
[9:47:56] <the00l0vsson> Jag
[9:48:06] <masken38> Tjeena
[9:48:09] <jones2310> IKKE JAG
[9:48:12] <the00l0vsson> Tjo
[9:48:28] <the00l0vsson> Vilka tror du vinner
[9:48:29] <jones2310> no
[9:48:39] <masken38> Fnatic
[9:48:40] <jones2310> <i<mmprtals
[9:48:48] <the00l0vsson> Imortsls
[9:48:50] <masken38> Dd?
[9:48:52] <Pewpewpenk> jag väntar på uppehållstilstånd men jag är svensk redan
[9:49:15] <jones2310> immortals vinnar
[9:50:25] <the00l0vsson> @pewpewpenk majs
[9:51:49] <masken38> Säger ju det fnatic vinner
[9:51:49] <@Moobot> DreamHack Store: http://store.dreamhack.com/?utm_source=twitch_CS&utm_campaign=twitch_panel&utm_medium=twitch
[9:52:05] <jones2310> immortals
[9:52:05] <@Moobot> The desk consist of @Stunna , @Pimp_CSGO & @SPUNJ
[9:54:05] <+Sahmen> rerun
[9:54:40] <myztocat> Fnhatic will win
[9:54:44] <myztocat> Fnatic*
[9:55:05] <jones2310> no
[9:55:15] <elleyy> damn!
[9:55:17] <jones2310> immortals is gona vinn
[9:55:18] <the00l0vsson> Lol
[9:55:23] <myztocat> ok
[9:55:31] <the00l0vsson> Thet spray
[9:55:45] <jones2310> @myztocat GOOD luck bro <3
[9:55:53] <myztocat> hehe
[9:56:04] <jones2310> :(
[9:56:22] <the00l0vsson> Imortsls win so bad
[9:56:29] <jones2310> ye
[9:56:37] <the00l0vsson> DansGame
[9:57:02] <jones2310> @theoolovsson Bro immortals is gona win easy <3
[9:57:25] <the00l0vsson> Easy Percy
[9:57:31] <jones2310> xd
[9:57:56] <jones2310> Easy Percy lemon CKRICI
[9:59:00] <the00l0vsson> Easy 1v4
[9:59:07] <jones2310> ik
[9:59:22] <zukocs> !day2
[9:59:22] <jones2310> Who do think best player in immortals is?
[10:00:04] <the00l0vsson> Steel has stepped up
[10:00:18] <Allanment> PogChamp
[10:00:30] <dziuby_dzb> gdf
[10:00:31] <the00l0vsson> Hahaahhahahaha¨
[10:00:59] <the00l0vsson> Som money
[10:01:07] <Semain1> the sound is gone
[10:01:14] <the00l0vsson> Nope
[10:01:50] <marbboy1212> hi
[10:02:08] <jones2310> @theoolovsson steel ye he shown us what he can do
[10:02:21] <the00l0vsson> JW gotta get Awp now
[10:02:30] <the00l0vsson> The hell
[10:02:42] <jones2310> x
[10:02:47] <the00l0vsson> Another 4K
[10:03:15] <vonbearded> JW or Zid in ice age got to have same mother
[10:03:35] <Semain1> ¯\_(ツ)_/¯
[10:03:49] <the00l0vsson> NomNom
[10:04:23] <the00l0vsson> @jones2310 what Arne you goding to eat for breakfast
[10:07:19] <the00l0vsson> Anyone here???
[10:07:44] <In_pgg_we_trust> 1.498 bots
[10:07:51] <marbboy1212> i am here
[10:07:58] <rexonnsteam> IMT LUL
[10:08:07] <marbboy1212> PunchTrees HotPokket
[10:11:41] <In_pgg_we_trust> dat spay LUL
[10:11:45] <+ScrubLordP> ?
[10:12:16] <boranza> Noobs
[10:12:20] <boranza> :(
[10:12:39] <boranza> Worst rush ever nice throw
[10:12:51] <davincisdemonss> LUL
[10:13:58] <Aeizytv> great commercial
[10:14:01] <boranza> Anyways noobs vs noobs
[10:14:11] <boranza> Noobs wins
[10:14:31] <rexonnsteam> its a rerun
[10:14:53] <+caloroin2> i remember this one now
[10:14:54] <rexonnsteam> IMT already won 16-14
[10:15:32] <boranza> I didnt know ¯\_(ツ)_/¯
[10:15:44] <Felpes1520> boltz back on IMT? monkaS
[10:15:45] <+caloroin2> poor JW
[10:15:52] <+caloroin2> and krimz
[10:16:59] <+th3_toxic> Wut fnatic loose :( :( :(
[10:17:06] <Felpes1520> STEEL FeelsGoodMan
[10:17:32] <+ChosenCyan> is this live?
[10:17:40] <akiw0w> no
[10:17:57] <stewart_> !roster
[10:18:31] <Felpes1520> moving forward 4Head
[10:19:09] <EzeeeC7> Haceme hijos china
[10:20:06] <arteecs> who won
[10:20:20] <arteecs> WHO WON
[10:20:27] <arteecs> .......
[10:20:33] <arteecs> all ResidentSleeper
[10:20:34] <xarx> this is a rerun
[10:20:39] <WILDFrago> imm
[10:20:47] <arteecs> ty
[10:21:42] <EpicMontageGuy> TriHard ?
[10:21:59] <+Striker_FPS> why are we not watching the winter 2017?
[10:22:18] <muk3nditw1n> LUL
[10:22:57] <singha09> Vac
[10:23:05] <Fliffs> shouldnt they have started todays matches?
[10:23:38] <Fliffs> riprerun
[10:23:41] <muk3nditw1n> this is a rerun this isnt live
[10:23:45] <vonbearded> "get the glue together" :D :D :D
[10:24:09] <muk3nditw1n> whats 9+10?
[10:24:16] <+lexicsgo> yes they should have started but they haven't
[10:24:16] <vonbearded> lel
[10:24:21] <vonbearded> Malmö
[10:24:29] <muk3nditw1n> 21? no its 19
[10:24:31] <EpicMontageGuy> F
[10:24:32] <singha09> Jävla bulle
[10:24:42] <@Moobot> Follow DreamHack on twitter.com/dreamhackcsgo - facebook.com/DreamHackCSGO - instagram.com/dreamhack - snapchat.com/add/dreamhacklive
