[0:00:45] <Koningworm> cmonBruh
[0:00:57] <kissalassi> TheRinger
[0:01:13] <ninjasproplayer> DansGame HSWP
[0:01:53] <kissalassi> wtf happening?
[0:01:54] <ninjasproplayer> Rip scream
[0:01:59] <happyshi_t> bambleBuerAim nairFail pg91Dab
[0:02:16] <kissalassi> what is going on?
[0:04:05] <bhcahura> Hi
[0:04:50] <Markus_Ljungqvist04> Change crosshair?
[0:05:04] <hazenschaf> FailFish
[0:05:19] <Zombie_Modz935> Coldzera is the best ever
[0:06:22] <Markus_Ljungqvist04> cl_crosshairsize 2 cl_crosshairgap -1 cl_crosshairdrawoutline 1 cl_outlinethickness 1 cl_crosshairthickness 1
[0:06:36] <Markus_Ljungqvist04> Pls
[0:06:49] <themadmat78> color and style?
[0:06:49] <miloxxar> 4 VS 4
[0:07:08] <Fuzz1> G2 WIN
[0:07:18] <Fuzz1> sry for this
[0:07:26] <Fuzz1> 16-13
[0:07:30] <miloxxar> they just lost scream
[0:07:35] <miloxxar> feels bad
[0:07:48] <miloxxar> nvm
[0:08:19] <seher0> T map your fuck
[0:08:42] <Rezestick> j'espère que la france va gagner ce soir ^^
[0:08:51] <miloxxar> XD
[0:09:33] <Rezestick> what is the problem actually ?
[0:09:55] <zeratul_assassins> Scream is not in the game
[0:10:08] <miloxxar> moniteur prob
[0:10:09] <zeratul_assassins> but I dont know why
[0:10:13] <Rezestick> ah ok do yo
[0:10:20] <Rezestick> ok thx
[0:10:34] <zeratul_assassins> Hé is comming
[0:12:24] <eLmomo12> scream doing somethign
[0:12:43] <zeratul_assassins> aaaaaaaaaaaaaaaaaa
[0:12:47] <zeratul_assassins> gogogogogo
[0:13:29] <Markus_Ljungqvist04> Scream from Belgium no france
[0:14:29] <Markus_Ljungqvist04> Watever he is there anyways i think they talk french in belgium
[0:14:58] <zeratul_assassins> Yes they talk french in belgium :)
[0:23:49] <xaxav61> Go g2
[0:24:18] <xaxav61> Mais kennys change de team toutes les heures ou quoi?
[0:33:32] <csgoEmerald> mdrrr ca fait un moment qu'il est chez G2
[0:38:29] <WarmPies> 5
[0:38:30] <@Moobot> DreamHack Store: http://store.dreamhack.com/?utm_source=twitch_CS&utm_campaign=twitch_panel&utm_medium=twitch
[0:39:26] <thenpl1> lol
[0:39:49] <+nimporte_nawax> ça continue?
[0:40:12] <+nimporte_nawax> meh, ok
[0:55:16] <Gianigiani2> where is shroud?
[0:59:19] <+nza415> living the dream
[0:59:37] <+nza415> is that a rhetorical question or do you really do not know?
[1:03:01] <Gianigiani2> i really dont know
[1:07:41] <+AOstrich> 720p xd
[1:08:46] <estenrique> fun facts about csgo: allu is not a pro player, flusha has never cheated, boltz is on heroin, faze down, s1mple best player in world, scream is a sprayer. hope u enjoyed :)
[1:12:00] <+obeyy> fuck boot ds is ass
[1:12:04] <+obeyy> LUL
[1:12:15] <+obeyy> cloud9 all day
[1:12:25] <+obeyy> auti auti auti auti auti auti auti auti
[1:12:54] <+obeyy> FaZe LUL workin twerkin twerkin
[1:13:12] <+obeyy> Cloud9 Ska
[2:35:03] <+DrKekenstein> tyler1H1 tyler1H2
[2:35:11] <+DrKekenstein> tyler1H3 tyler1H4
[2:35:21] <+DrKekenstein> tyler1R1 tyler1R2
[2:35:55] <+DrKekenstein> is that the tazmanian devil
[2:51:55] <NEFRR> Anyone here
[2:52:11] <warlock5898> yy
[2:52:51] <dzarbala> naah
[2:53:05] <dzarbala> just smokin and watchin
[2:56:01] <valkx3> is this bo1?
[3:20:01] <fyr3q> renegades plays well
[3:20:12] <fyr3q> tbh
[3:34:53] <Ausdrag0n> ye the boiz
[3:37:08] <AirzPlays> Haven’t seen it yet
[3:39:16] <invinsible__> FUNgineer
[3:39:43] <keizersoze604> yes
[3:41:26] <keizersoze604> CoolStoryBob
[4:05:01] <Wizard9368> oof
[4:40:32] <RoberttBertton> :)
[5:08:57] <DreadclawS> MY NAME IS JEFF
[5:26:41] <PikaTurtle> Dreamhack es ded
[5:31:18] <+PikaTurtle> BagOfMemes
[6:07:34] <lenniin> Come on SK!
[6:13:10] <holamellamotomi> a:_v
[6:14:09] <SFGOOD2> config carry
[6:23:24] <lenniin> Config OP
[6:38:49] <whisp96> WAOOOH
[6:41:47] <sammy6892> suck
[6:44:58] <lenniin> gg
[6:55:25] <Samuelluedke> quando foi esse jgo?
[6:56:14] <Samuelluedke> wat date of game?
[7:46:06] <lenniin> gg
[7:57:36] <jeff12123123123> Yikes csgo is dead
[8:00:29] <whaleslovesmash> lol
[8:02:21] <jeff12123123123> YIKES
[8:22:58] <MinaKii23> nice
[9:06:12] <+jasonacejack> Navi "they did say let Astralis win" FrankerZ
[10:14:35] <MinTnt> h
[10:19:43] <friiiiiix> !uptime
[10:19:44] <@Moobot> @friiiiiix Uptime is: 10h 19m 54s
[11:05:27] <trockentoast1337> who won?
[11:06:09] <TheDreaM123_> Idk
[11:06:21] <TheDreaM123_> NIP maybe
[11:39:29] <dendi_rofl> :D
[12:04:48] <laseyes> good molotov
[12:04:57] <raymond0809> lol
[12:10:26] <+soulwavess> BibleThump give them a chance BibleThump
[12:22:34] <detro1t> Lol
[12:23:47] <raymond0809> wow
[12:23:56] <detro1t> Omg
[12:26:44] <CrudY> M-Pour :D
[12:30:27] <gg_mania> n1ce boost
[12:31:26] <IZUgato> hello guys
[12:31:56] <IZUgato> Kappa
[12:50:22] <beherenow98> sa
[13:10:26] <mantecs> pAliza
[13:37:37] <celnestrzaly> girl
[13:44:09] <laseyes> no
[13:52:11] <celnestrzaly> lol
[13:56:32] <guzguzguz23> kenny scrub
[13:56:57] <Gaux8> EZ
[14:31:13] <afiksgomes> wow
[14:36:32] <+macke_xd> xD
[14:39:23] <Archangel_Niko > LUL
[14:48:11] <juaumL__> esse jogo e de hj?
[14:48:18] <nexus11> acho q n
[14:49:51] <mboy2468> omg
[14:50:18] <xaxav61> G2 winner
[14:55:15] <mboy2468> go g2
[14:57:35] <afiksgomes> izakGG izakGG
[15:00:31] <xaxav61> izakGG izakGG
[15:08:49] <+jambbis> rerun
[15:11:13] <+thebastl> PJSalt PJSalt PJSalt PJSalt
[15:11:31] <jeff12123123123> csgo :*(
[15:11:47] <+iFuseN> dead
[15:11:51] <jeff12123123123> 300 views dead game OOF
[15:11:55] <+iFuseN> dead ggame
[15:12:25] <avalon3456> thats rerun FailFish
[15:18:07] <PoochyLovesEggs> boi
[15:20:15] <munzevid> Miracelessly 🤨
[15:57:13] <ShazzyGamerTV> Is this CS:go or source?
[15:57:33] <SauroOon> csgo
[16:03:40] <Krezzh> Kappa
[16:05:58] <AniThroX> LIVE PogChamp
[16:06:11] <RaythorTV> go go kennyS
[16:11:01] <sizzoftw> SHOX IS A GOD
[16:11:14] <RaythorTV> wtf
[16:17:54] <PH3NOM69> banned for what LUL
[16:20:12] <+v3ndilion> hen1 too strong
[16:20:15] <grimnirg> hax
[16:21:00] <+v3ndilion> dink for 11? WutFace
[16:21:17] <grimnirg> hax
[16:22:52] <grimnirg> locks
[16:25:29] <grimnirg> hax
[16:31:51] <sparklez69> Yo fam its gettin lit now
[16:34:00] <roodlood> This is the older match from dream hack malmo
[16:34:03] <Azalot> yo
[16:34:14] <sparklez69> how you guys doing?
[16:34:58] <roodlood> Good wbu
[16:36:21] <sparklez69> im alright
[16:36:30] <sparklez69> in a RE lesson at the moment KAppa
[16:41:35] <TheoToyo> Hi
[16:41:35] <@Moobot> DreamHack Store: http://store.dreamhack.com/?utm_source=twitch_CS&utm_campaign=twitch_panel&utm_medium=twitch
[16:41:54] <TheoToyo> 350 viewers nobody talks..
[16:41:59] <TheoToyo> wow
[16:43:28] <Azalot> fuu
[16:43:45] <Azalot> go sexchat if u wanna talk
[16:59:16] <HypersVipers123> SoSnowy
[17:34:58] <MoralMetal> lmao
[17:35:10] <starplayer1> lool
[17:35:20] <starplayer1> dear lord saveusall
[17:38:38] <MoralMetal> we get it they save weapons
[17:42:02] <MoralMetal> "blinder"
[17:45:27] <MoralMetal> they made there money there done cheating now lelelelelel
[17:45:50] <+Yapalpete> @MoralMetal are you slow in the head?
[17:47:00] <MoralMetal> i was jk, are u slow?
[17:47:09] <MoralMetal> dont even know a troll
[17:47:33] <+Yapalpete> a troll in an enpty chatroom LOL ok man
[17:51:11] <MoralMetal> will the real ska-doodle please stand up
[17:53:20] <MoralMetal> @Yapalpete im not your budy guy
[17:56:06] <gonnhead> simply epic
[17:58:17] <MoralMetal> wtf auti
[18:05:58] <xarex070> gg SK
[18:10:20] <+zombiesnightout13> !claim
[18:10:24] <Kokusuzeray> !claim
[18:28:40] <sockmonkey1994> C9 in 2017? LUL
[18:30:50] <mrgrinch777> is boltz better with sk than felps?
[18:31:43] <MoralMetal> LUL
[18:32:22] <patrixbrr> NOOOO please nooo
[18:32:36] <patrixbrr> please noo stop
[18:33:37] <patrixbrr> Thanks bro for stopping doing that
[18:56:07] <iim_riskyy> i can't find pro100 vs epsilon can anyone hook me up with a link
[18:59:21] <minelight> epsi won
[18:59:36] <valentin2704> who won ??
[18:59:52] <minelight> this game c9 win
[19:00:51] <ovary_destroyer69> No. C9 chokes
[19:01:12] <valentin2704> win or loose
[19:01:20] <ovary_destroyer69> Lose
[19:01:29] <valentin2704> k thks
[19:05:47] <Pablluu> kk
[19:35:31] <Rebel_CSG0> hi noobs
[19:35:39] <MoralMetal> hi dad
[19:36:12] <Rebel_CSG0> u r the worst kid i ever had
[19:37:01] <MoralMetal> ur the best dad i ever had
[19:37:51] <Rebel_CSG0> well i cant creak a joke on that
[19:38:07] <Rebel_CSG0> i hate u
[19:38:14] <Rebel_CSG0> ;p ;p ;p ;p
[19:38:27] <MoralMetal> weedFail weedFail weedFail weed1 weed2 weedBanana
[19:38:42] <Rebel_CSG0> crack *
[19:38:53] <MoralMetal> weedSniper
[19:39:29] <Rebel_CSG0> for which team u r goin for
[19:39:41] <MoralMetal> weedWut
[19:39:47] <SpySay> navi
[19:40:15] <MoralMetal> i have alreay seen all these the only reason im watching is because i have no life
[19:40:23] <Rebel_CSG0> 2 guy from right has a nice jaw line
[19:40:31] <SpySay> how much time till it starts
[19:40:53] <Rebel_CSG0> as i said u r the worst child i ever had
[19:40:55] <MoralMetal> @Rebel_CSG0 id call him daddy
[19:41:13] <Rebel_CSG0> ok
[19:41:37] <+lava852> s1mple 1v5
[19:42:03] <MoralMetal> im hungry af
[19:42:11] <MoralMetal> but too lazy to make anything..
[19:42:18] <Rebel_CSG0> go to your mom my son
[19:42:33] <MoralMetal> she died dad god why do u have to bring it up..
[19:42:36] <Rebel_CSG0> she will make u a sandwich
[19:42:50] <MoralMetal> i hate u
[19:42:53] <Rebel_CSG0> your step mom
[19:42:59] <MoralMetal> oh.
[19:43:05] <SpySay> when it starttsss
[19:43:14] <MoralMetal> can i haz chesbuhrger?
[19:43:15] <Rebel_CSG0> go to her my son
[19:43:30] <xXT0R0Xx> !Horario
[19:43:32] <Rebel_CSG0> take my card
[19:43:45] <Rebel_CSG0> n enjoy your self
[19:43:55] <SpySay> wow
[19:43:58] <Rebel_CSG0> but dont waste on girls
[19:44:00] <SpySay> can i be ur son
[19:44:03] <MoralMetal> send me the numbers
[19:44:12] <Rebel_CSG0> 4512
[19:44:14] <MoralMetal> i lost them
[19:44:17] <xXT0R0Xx> !Horario
[19:44:25] <Rebel_CSG0> card is in the draw
[19:44:32] <MoralMetal> not the pin i know the pin the numbers
[19:45:04] <Rebel_CSG0> boy u dont need number if i am giving u card
[19:45:20] <MoralMetal> but ur not here to give me the card ffs jsfdgnjkgfkgknkldf
[19:45:40] <Rebel_CSG0> i left that card in your room
[19:45:44] <Rebel_CSG0> find it
[19:45:50] <MoralMetal> dude we probably need help this has gone too far.
[19:45:59] <SpySay> ill help u
[19:46:01] <Rebel_CSG0> yes lol
[19:46:05] <SpySay> lol
[19:46:13] <SpySay> lul
[19:46:19] <MoralMetal> xdee
[19:46:20] <Rebel_CSG0> we all dont have a life
[19:46:29] <MoralMetal> good to know
[19:47:05] <SpySay> i am sitting like a dumb eating suchi and witing till this fuckin match start
[19:47:13] <SpySay> sushi
[19:47:17] <Rebel_CSG0> me to
[19:47:29] <Rebel_CSG0> but not sushi
[19:48:01] <Rebel_CSG0> B) B) B) B) B) B) B)
[19:48:26] <SpySay> Kappa Kappa Kappa Kappa Kappa Kappa Kappa Kappa
[19:48:29] <Rebel_CSG0> i just have to say right caster sucks
[19:48:44] <Rebel_CSG0> left one is ignoring him
[19:56:58] <Rebel_CSG0> nice
[19:57:14] <MoralMetal> potato casserole
[19:57:22] <MoralMetal> well tator tot
[19:57:44] <Rebel_CSG0> lul
[20:00:47] <jimmyonyt> Oof
[20:07:10] <wildpants35> 300 viewers in a major final wtf FailFish
[20:07:23] <brianwar123> sh
[20:07:55] <Rebel_CSG0> csgo dead
[20:08:09] <wildpants35> exactly
[20:09:27] <+chef99er> no crates no major
[20:11:38] <+krybird> lol this is a rerun cmon
[20:12:18] <Rebel_CSG0> 67000 viewers
[20:12:18] <@Moobot> DreamHack Store: http://store.dreamhack.com/?utm_source=twitch_CS&utm_campaign=twitch_panel&utm_medium=twitch
[20:12:30] <Rebel_CSG0> csgo not dead yet i think
[20:16:16] <N1lesTwitch> live?
[20:18:56] <azdabossbennet01> RERUN: Na'Vi vs Renegades - Cobblestone - Group B - DreamHack Masters Malmö 2017
[20:19:05] <azdabossbennet01> U see in the caps
[20:19:10] <azdabossbennet01> How it says RERUN
[20:21:38] <Rebel_CSG0> poor fist fist bump
[20:21:50] <GoaTrance604> Yep boys,are you blind? Its says RERUN it means its LIVE MAJOR
[20:22:48] <krheej> It's a live major?
[20:25:39] <proNOOBcompany> Of course it is live...
[20:32:43] <nikita123337> pushechnoe myaso tashit
[20:37:54] <Rebel_CSG0> hi i have seen this round wtf
[20:38:21] <Rebel_CSG0> is this even live?
[20:38:32] <Loffegaming> no
[20:38:33] <Rebel_CSG0> simple does it
[20:38:40] <Misantropic> rerun
[20:38:48] <Loffegaming> simple is a god
[20:40:38] <Loffegaming> gg
[20:40:50] <Rebel_CSG0> gg
[20:42:27] <Rebel_CSG0> his nose is way bright then my future
[20:53:36] <fanboy_Ono> RIP Love
[21:15:01] <SpySay> usp kill confirmed
[21:15:12] <SpySay> <3 <3 <3 <3 <3 <3 <3 <3
[21:39:59] <SpySay> nice
[21:40:09] <SpySay> navi
[21:42:27] <Markus_Ljungqvist04> nice london
[21:42:32] <Markus_Ljungqvist04> :D
[21:42:53] <thegirleh> nice me :D
[21:43:00] <Markus_Ljungqvist04> yes
[21:43:14] <thegirleh> YaaY
[21:43:24] <Markus_Ljungqvist04> cheppy
[21:43:28] <Markus_Ljungqvist04> he is veri cheppy
[21:43:48] <Markus_Ljungqvist04> sey schev veri gud lineap
[21:43:55] <thegirleh> yay Malmö
[22:12:01] <Frontzz_delirious> Why so low viewers?
[22:12:15] <JonesDog> its a rerun
[22:12:22] <Frontzz_delirious> aaaaaaaaaahhhhh
[22:12:35] <Mystery1217> nah csgo is dead LUL
[22:12:43] <Frontzz_delirious> lol
[22:13:04] <Frontzz_delirious> i think i never have seen it more alive.
[22:13:06] <Pirate66Rus> can't they just show us some fucking game, it;s rerun anyway, who need this fucking analitics
[22:13:32] <Killa2458> to get money fam
[22:14:01] <Mystery1217> people like to see guys on desks KappaPride
[22:19:26] <Dragey39> 1G
[22:20:22] <kissalassi> gg faze win
[22:26:50] <ayush891000> can anyone tell me is this live...???
[22:26:59] <Asayas> no
[22:27:07] <Killa2458> it is Kappa
[22:27:08] <kissalassi> yes
[22:27:10] <Asayas> 276 viewers take a hint :D
[22:27:10] <ayush891000> Ok.. thank you
[22:27:37] <ayush891000> yes.. so few viewers that made me think.. it cannot be live.. but thanks guys
[22:27:46] <IAmArchives> Olof has no armour rofl
[22:29:43] <ayush891000> guys when I am alone against 3 guys my heart start to beat so fast.. one time I clutched and won but my heart was beating so fast..
[22:30:07] <ayush891000> idk I try to control.. but it happens everytime..
[22:31:14] <JCMSAMA> play more
[22:31:47] <ayush891000> yes.. I need more experience.
[22:32:13] <JCMSAMA> by the time you can decently clutch certain situations your heartbeat wont beat so fast :)
[22:32:35] <JCMSAMA> or maybe you already can :)
[22:33:11] <ayush891000> clutches situations are so intense.. yes I hope that I become confident in facing such situations.
[22:33:14] <JonesDog> its a pretty neutral reaction when you are under pressure
[22:33:45] <zelthor123> @ayush891000 good luck bud
[22:33:57] <ayush891000> yes.. I have heard many people say this..that their heart starts beating so fast.
[22:34:05] <ayush891000> @zelthor123 thanks
[22:34:20] <JCMSAMA> it can be an advantage but also a disadvantage sometimes
[22:36:00] <zelthor123> I’ve played CS extensively and my heart did the same thing it doesn’t anymore unless i am trying out for a new team or trying to impress a better player
[22:36:21] <JCMSAMA> ^
[22:36:24] <zelthor123> So it will stop with time
[22:36:37] <Hasinaa123> !time
[22:36:43] <Hasinaa123> time
[22:36:54] <JCMSAMA> @ayush891000 you can also be over alert so that is the disadvantage ;)
[22:37:10] <zelthor123> :p
[22:37:51] <JCMSAMA> and keep on watching these streams and learn :)
[22:37:53] <zelthor123> Just don’t act like it’s the end of the world when it comes down to it it’s just a game
[22:40:21] <JCMSAMA> aand timed out Kappa
[22:43:48] <+Titan177> im a hawni babbiii 😂😂😂😂
[22:45:03] <benja124s> FUNgineer
[22:45:19] <+Titan177> gahd dahm
[22:45:22] <JonesDog> yeaaah
[22:46:22] <+Titan177> 'all good in the hood'
[22:46:33] <+Titan177> -manchild
[22:46:41] <itsRukz> ;(
[22:46:50] <+Titan177> ;)
[22:47:06] <itsRukz> >( >(
[22:48:29] <itsRukz> Kreygasm
[22:48:31] <+Titan177> :)
[22:48:36] <+Titan177> LUL
[22:48:59] <itsRukz> Luv Ya :)
[22:49:14] <itsRukz> PowerUpL Kreygasm PowerUpR
[22:49:38] <itsRukz> Kreygasm
[22:50:12] <itsRukz> >(
[22:51:39] <itsRukz> RIP Brofist LUL
[22:54:34] <+rsimpson105> faze still scary group of mamba jambas
[22:55:06] <WoekzHD> Gambit just sucks
[22:55:27] <Polodusac333> GO FAZE
[22:55:46] <JonesDog> faze is a meme
[22:56:12] <FastPrune> xd
[22:56:25] <FastPrune> DansGame
[22:56:43] <DragonFly3301> you know this is a rerun right?
[22:57:52] <Polodusac333> yes
[22:57:57] <Fregoni> yes
[22:58:03] <Fregoni> no
[22:58:03] <@Moobot> DreamHack Store: http://store.dreamhack.com/?utm_source=twitch_CS&utm_campaign=twitch_panel&utm_medium=twitch
[22:59:03] <FastPrune> again gambit really really sucks
[23:02:29] <Shadowsmpr> WutFace
[23:03:09] <itsRukz> Is FaZe WH? LUL
[23:03:22] <JonesDog> obviously lmao
[23:03:23] <Fregoni> jasonrTHUMB jasonrTHUMB
[23:03:36] <claykaja> he said navi
[23:03:39] <+gimox> how long ago is this being played?
[23:03:56] <Tur1stas> Sinced start i guess
[23:04:02] <Tur1stas> Since
[23:04:45] <JonesDog> august 30th-september 3rd
[23:04:58] <JonesDog> was the dreamhack
[23:07:36] <jiricek16he11> !najezd 60
[23:31:43] <+fREShOnizuka> SMOrc
[23:32:21] <itsRukz> Gambit suckz Kreygasm LUL
[23:32:31] <itsRukz> jk
[23:32:45] <+pavlikos777> guardian blows
[23:34:03] <itsRukz> yeah Kreygasm Kreygasm Kreygasm
[23:35:10] <itsRukz> Whats doing FaZe? LUL Kreygasm
[23:37:18] <JonesDog> gambit using wh for sure
[23:37:53] <Salta12345> yeah sure
[23:42:07] <itsRukz> no
[1 day, 0:09:23] <Lathans> how is gambit so good
[1 day, 0:09:46] <Lathans> adren owns faze
[1 day, 0:33:41] <Vampiredonkey0222> monkaS
[1 day, 0:42:03] <JonesDog> oh god those green gloves
[1 day, 0:58:46] <itsRukz> :^)
[1 day, 0:59:00] <Lathans> toggle
[1 day, 0:59:54] <nofearrrrrrrr> gg
[1 day, 1:00:28] <JonesDog> GLUTCH
[1 day, 1:00:44] <JonesDog> nope:D
[1 day, 1:00:46] <itsRukz> YEEÈT
[1 day, 1:00:53] <Mariej18> lol
[1 day, 1:00:59] <itsRukz> :^)
[1 day, 1:02:55] <+Prince_LuLu> she got good bone structure
[1 day, 1:03:03] <itsRukz> Xd
[1 day, 1:03:20] <Lathans> il give her good bone structure
[1 day, 1:03:41] <+Prince_LuLu> thx
[1 day, 1:04:14] <Lathans> her ear loops are the size she wants
[1 day, 1:04:26] <itsRukz> @prince_lulu I think it is a she because she has well worn pines! xd
[1 day, 1:12:51] <+Midarino> monkaS
[1 day, 1:35:02] <Miroxe02> !FNC
[1 day, 2:08:08] <+Darkfyre0731> RIP AUGUST AMES
[1 day, 2:08:32] <dzarbala> lol?
[1 day, 2:11:53] <imDagger> csgo sux
[1 day, 2:41:34] <+lMrTigerl> no u
[1 day, 2:41:38] <+lMrTigerl> gottem
[1 day, 2:44:15] <+MikeXD7> Df
[1 day, 2:57:45] <+Starkwood123> wtf
[1 day, 2:57:53] <+Starkwood123> how can miss this shot
[1 day, 2:57:56] <newheisenberg98> noob golden
[1 day, 2:57:59] <vnigsa> izi
[1 day, 2:59:55] <vnigsa> ez for lucas and boltz
[1 day, 3:00:09] <newheisenberg98> immortals fanboi
[1 day, 3:02:50] <MashedApplesauce> EZ 4 flusha LUL
[1 day, 3:03:19] <vnigsa> ez 4 boltz
[1 day, 3:03:42] <laseyes> ez
[1 day, 3:04:34] <viliouu> use code viliouu for free money my friendss
[1 day, 3:06:58] <MashedApplesauce> 1v5 clutch Kpa
[1 day, 3:22:06] <+bigroadtruckersalami69> gg
[1 day, 4:34:27] <zahoooooo> xkxkx
[1 day, 4:34:37] <UmutSyhn41> sa
[1 day, 4:34:43] <zahoooooo> as
[1 day, 4:35:44] <zahoooooo> as
[1 day, 4:41:49] <stroxus9000> se derrumbo mi loma mens aiuda se cae mi casa
[1 day, 4:44:08] <joniel83> live or not
[1 day, 5:08:08] <sekorisiko> whts up guys
[1 day, 5:21:18] <+LPmen> Is this live? MiniK
[1 day, 5:28:06] <VladYE5> Live???
[1 day, 5:35:30] <hopzje> 7
[1 day, 5:48:28] <+akarda> no
[1 day, 6:00:30] <Janooo29> Se conecto el nene
[1 day, 6:25:31] <exvi> guys its live match??
[1 day, 6:30:08] <zelthor123> Nah bruh reruns
[1 day, 6:30:37] <exvi> its demo? or live?
[1 day, 6:30:52] <TaxationIIsTheft> demo
[1 day, 6:31:29] <exvi> @taxationiistheft thx you dude
[1 day, 6:35:08] <+mohawkzz> ...
[1 day, 6:36:23] <mohawkzz> ...
[1 day, 6:43:54] <audoxD> does enyone know who will win?
[1 day, 6:54:47] <xItsDaFuzz> 4Head
[1 day, 6:57:06] <winning_losing> Live PogChamp
[1 day, 7:03:17] <you_wut_m88> rerun man
[1 day, 7:03:47] <dynomite666> its a live rerun
[1 day, 7:06:01] <Taw_> You can relive the run
[1 day, 7:09:23] <you_wut_m88> lol
[1 day, 8:59:29] <laseyes> glocks
[1 day, 10:12:38] <MBNFR> Gg
[1 day, 10:16:21] <the_derpycookie> Who gona win?
[1 day, 10:23:36] <laseyes> Kreygasm
[1 day, 10:25:02] <MBNFR> Nip i think
[1 day, 10:25:28] <laseyes> hello is this live
[1 day, 10:26:53] <ShirrlySlim> No, this not live
[1 day, 10:27:17] <ShirrlySlim> Seized now in Team Flipside
[1 day, 10:28:04] <laseyes> why
[1 day, 10:50:01] <the_derpycookie> GG Rip Na'vi
[1 day, 10:54:56] <the_derpycookie> There we go!!!
[1 day, 10:56:48] <Qc_aquadude_qc> WOW
[1 day, 10:57:34] <Qc_aquadude_qc> RIP Navi
[1 day, 10:57:59] <EliUO> Everytimr i see a replay of that clutch i get so hyped
[1 day, 11:00:48] <the_derpycookie> GG Wp
[1 day, 11:01:23] <Qc_aquadude_qc> GG WP
[1 day, 11:08:42] <the_derpycookie> 🎄🎄🎄
[1 day, 11:08:51] <the_derpycookie> 🎄Yeet 🎄
[1 day, 11:33:45] <frederik214> !ast
[1 day, 11:54:13] <+ShadyShroomz> I'm kinda salty cuz nicehash got hacked and I'm pretty sure I lost $700 in bitcoin. so now im mining monero in the meantime
[1 day, 12:23:33] <SHARRKxd> Well yeah DansGame
[1 day, 12:48:06] <HiddenSockLP> OMFG just unboxed a karambit Lore wtffffffffffff!
[1 day, 12:48:28] <HiddenSockLP> Wtfffff
[1 day, 12:48:56] <patkor_278> ok
[1 day, 12:51:36] <Vioppix> woow nice
[1 day, 13:02:18] <samikhfilm> Live
[1 day, 13:04:01] <Vioppix> !uptime
[1 day, 13:04:01] <@Moobot> @Vioppix Uptime is: 1d 13h 4m 11s
[1 day, 13:26:19] <b4rrythebest> the crowdddd goes skrrraaaa
[1 day, 13:30:11] <Ebensoi> wh
[1 day, 13:30:21] <Ebensoi> Kappa
[1 day, 13:31:22] <lo1ken_tv> Kappa
[1 day, 14:06:56] <iamjermz20> i love how it says live haha
[1 day, 14:12:43] <dagurlele> who cares about north vs immmortals.. agust ames is dead now :(
[1 day, 14:13:58] <A1jaii> LUL
[1 day, 14:14:12] <A1jaii> GingerPower DansGame DansGame
[1 day, 14:17:22] <A1jaii> wuu
[1 day, 14:39:54] <aivoqz> the ocean floor is hidden from your viewing lens
[1 day, 14:40:15] <aivoqz> a depth perception languished in the night
[1 day, 14:43:11] <faiquekhairi> is this live
[1 day, 14:43:23] <faiquekhairi> is this live1
[1 day, 14:43:29] <faiquekhairi> is this live12
[1 day, 14:43:53] <faiquekhairi> is this live
[1 day, 14:44:21] <quaketastic> no clue
[1 day, 14:44:24] <dab_y_ant> Yeah
[1 day, 14:48:27] <Fotakosg4> read title mb
[1 day, 14:50:11] <+pstudtv> yea sk nip next for grand finals 1000000 dollars
[1 day, 15:06:00] <Thetopox> Is this live?
[1 day, 15:06:30] <Drasuz> no rerun
[1 day, 15:32:14] <EstOffMe> 300 viewers LUL LUL LUL
[1 day, 15:35:25] <EstOffMe> .....
[1 day, 15:35:33] <EstOffMe> LUL
[1 day, 15:35:49] <RaythorTV> SSSsss cmonBruh
[1 day, 15:35:59] <Supardorne> Rip 400
[1 day, 15:37:46] <nutmegmaster> woopp wooop
[1 day, 15:40:29] <anonymousbastos> !crosshair
[1 day, 16:22:32] <Thebady12> mrs
[1 day, 16:35:03] <JordanBuccii> Hahahaha fucking draken
[1 day, 16:36:14] <grimnirg> my fuciing ears
[1 day, 16:36:23] <pricexlele3> mine too
[1 day, 16:43:39] <CagXD> yo guys Want free 1$ withdraw instantly ? dont even need to bet code LETSGO123 get your 1$ now and enjoy csgorgb com
[1 day, 16:43:47] <CagXD> Want free 1$ withdraw instantly ? dont even need to bet code LETSGO123 get your 1$ now and enjoy csgorgb com
[1 day, 16:44:39] <CagXD> Want free 1$ withdraw instantly ? dont even need to bet code LETSGO123 get your 1$ now and enjoy csgorgb com
[1 day, 16:52:14] <bootyslayerrr> Lul
[1 day, 16:52:42] <+Faptastic_Russian> LUL
[1 day, 16:52:43] <grimnirg> Choke so early LuL
[1 day, 16:52:53] <jonsaver1> lol
[1 day, 16:52:56] <SecMazec> LIVE
[1 day, 16:52:58] <jonsaver1> that aim
[1 day, 16:53:13] <bootyslayerrr> NA contract incoming
[1 day, 16:55:46] <+Faptastic_Russian> VAC
[1 day, 16:55:56] <+Faptastic_Russian> the hell was that lol
[1 day, 16:56:38] <ignnn1> who won that dh?
[1 day, 17:00:22] <FastPrune> DansGame
[1 day, 17:04:34] <xyabgu> what a shit quality
[1 day, 17:07:44] <Arman_TREX> g2 won the tornument
[1 day, 17:07:48] <notsohealthy_og> !uptime
[1 day, 17:07:49] <@Moobot> @notsohealthy_og Uptime is: 1d 17h 7m 58s
[1 day, 17:08:03] <notsohealthy_og> !maps
[1 day, 17:08:10] <notsohealthy_og> !map
[1 day, 17:09:29] <FastPrune> !map
[1 day, 17:09:36] <FastPrune> lmao
[1 day, 17:11:55] <BORITO> Squid1 Squid2 Squid3 Squid4
[1 day, 17:13:30] <Yeezie> what was that on his arm?
[1 day, 17:19:18] <lyritube> idk
[1 day, 17:31:34] <relife1625> s
[1 day, 17:32:52] <simonltvcs> Who won
[1 day, 17:33:06] <Wolfwhiskey> sports tape adds strength to fatigued muscles
[1 day, 17:44:50] <+TheNewPure> tfw
[1 day, 17:45:01] <+TheNewPure> Watching NiP at school
[1 day, 17:45:12] <BORITO> lol
[1 day, 17:45:12] <HKTonyLok> ok
[1 day, 17:45:19] <BORITO> i have no school :P
[1 day, 17:45:43] <+TheNewPure> I wish I didn't have school
[1 day, 17:45:51] <+TheNewPure> its my homeroom right now lol
[1 day, 17:45:52] <HKTonyLok> nip noob
[1 day, 17:46:01] <HKTonyLok> don't look it
[1 day, 17:46:05] <+TheNewPure> 1-1
[1 day, 17:46:07] <HKTonyLok> look g2
[1 day, 17:46:08] <BORITO> WutFace
[1 day, 17:46:20] <HKTonyLok> just g2 16-9
[1 day, 17:46:21] <ruNoneW> in a few years you'll regret not paying attention in school
[1 day, 17:46:30] <+TheNewPure> Its homeroom
[1 day, 17:46:42] <BORITO> lets see juandeags
[1 day, 17:46:47] <+TheNewPure> Homeroom is basically studyhall
[1 day, 17:47:00] <+TheNewPure> I can be here for another 15 minutes before 1st period starts
[1 day, 17:47:08] <BORITO> nice studying xD
[1 day, 17:47:28] <+TheNewPure> I have a spanish summative today but I studied an hour for that yesterday
[1 day, 17:47:40] <+TheNewPure> and its spanish 1
[1 day, 17:47:44] <BORITO> holy sht
[1 day, 17:48:09] <BORITO> kenny haid a amazing shot there
[1 day, 17:48:19] <+TheNewPure> yeah
[1 day, 17:48:24] <+TheNewPure> what a shot
[1 day, 17:48:27] <BORITO> had*
[1 day, 17:49:20] <BORITO> ohh that nade
[1 day, 17:49:29] <BORITO> apex!
[1 day, 17:49:36] <+TheNewPure> that nade slowed us all down
[1 day, 17:49:48] <+TheNewPure> was an easy spray for apex, what a play
[1 day, 17:50:14] <BORITO> pushing as ct
[1 day, 17:50:28] <BORITO> nip is fucked
[1 day, 17:50:33] <BORITO> nvm
[1 day, 17:51:21] <+TheNewPure> 20 seconds
[1 day, 17:51:30] <GTX1070LOL> 311 watchers wtf ?G2 vs NİP
[1 day, 17:51:37] <+TheNewPure> body is out of sight
[1 day, 17:51:44] <+TheNewPure> we have the bomb plant somehow
[1 day, 17:51:51] <BORITO> @GTX1070LOL replay
[1 day, 17:52:15] <GTX1070LOL> @CargamerNL ı understued (cringed :D)
[1 day, 17:52:18] <+TheNewPure> At home I have a GTX 1050
[1 day, 17:52:26] <BORITO> 300 pistol gets 3100 rifle
[1 day, 17:52:34] <GTX1070LOL> :D
[1 day, 17:52:43] <+TheNewPure> this was before p250 nerf correct?
[1 day, 17:53:01] <BORITO> this is after i think
[1 day, 17:53:50] <BORITO> didnt had a change
[1 day, 17:54:01] <BORITO> i wanna see flicks
[1 day, 17:55:44] <BORITO> famas vs awp m4 and ak
[1 day, 17:55:51] <BORITO> good luck xD
[1 day, 17:56:12] <BORITO> rippp
[1 day, 17:56:29] <BORITO> that onetap damnn
[1 day, 17:57:19] <BORITO> if they rotate A they won
[1 day, 17:57:35] <BORITO> if they are fast they can win
[1 day, 17:58:19] <BORITO> lol p250 i wanna see shots
[1 day, 17:58:39] <bootyslayerrr> someone needs to make a gif of kennys' face
[1 day, 17:58:42] <Himejima_Akeno19> if u die i probably happy
[1 day, 17:58:44] <bootyslayerrr> LMAO
[1 day, 17:59:02] <BORITO> lol
[1 day, 17:59:41] <Himejima_Akeno19> i need a gif of ur face
[1 day, 18:01:51] <xxthefasteryt_xx> omg! shox wh????
[1 day, 18:05:27] <miniw0w0w> vaac
[1 day, 18:08:38] <Tiinuska91> mo
[1 day, 18:12:06] <Kulowen> can anyone help me ? i think my bot's did somthing strange :/ can someone follow me then un follow me ?
[1 day, 18:21:54] <laseyes> no
[1 day, 18:35:10] <+BluuR1337> tf is this tape at shoxie's arm ? :D
[1 day, 18:36:11] <+hyvok79> I jope so much nip fails hard
[1 day, 18:55:13] <r_Scoofy> I cant wait to hear silent Swedes after NiP loses
[1 day, 18:55:42] <nivhEk> l .
[1 day, 18:55:55] <bidurpls> GTChimp
[1 day, 18:56:07] <Irken_50> Not every swede is a fan of NiP :/ im a swede and im a g2 fan
[1 day, 18:56:15] <shonieee> @r_Scoofy You do realize its a rerun
[1 day, 18:56:20] <gurra1122> O
[1 day, 18:56:21] <r_Scoofy> ik
[1 day, 18:56:36] <r_Scoofy> i know the outcome, I just like hearing the home fans silent
[1 day, 18:56:57] <nivhEk> excite?
[1 day, 18:57:00] <+Gigi4you> pm someone who won, thanks
[1 day, 18:59:07] <nivhEk> the sh1t music
[1 day, 18:59:27] <AnoNyCLUB> g2 won
[1 day, 18:59:27] <r_Scoofy> NiP BabyRage
[1 day, 18:59:47] <souldjv> :P
[1 day, 19:05:43] <FranFerneT> jaja
[1 day, 19:21:39] <lordloss85> dante noob hasti????????? ridam pase kalat akhe in nip e :|
[1 day, 19:32:36] <+schooler912> what?
[1 day, 19:32:46] <lordloss85> mega what
[1 day, 19:35:02] <yernazz> l
[1 day, 19:37:24] <Gunstickuncle> hi guys
[1 day, 19:41:01] <WiseCrowd> hello
[1 day, 19:42:42] <Gunstickuncle> who is your favorite: North or Gambit?
[1 day, 19:43:28] <+Justaxen12> Lets go north
[1 day, 19:44:21] <WiseCrowd> I don't jknow yet, I just came here to see what is happening and learn with it
[1 day, 20:04:50] <mrbiggy1213> hacks
[1 day, 20:16:22] <mrbiggy1213> the clutch
[1 day, 20:20:41] <mrbiggy1213> The sniping makes no sense in this game
[1 day, 20:24:52] <vampierente> lökhjbv
[1 day, 20:25:03] <vampierente> trilluxeLOGO trilluxeLOGO
[1 day, 20:34:31] <국조태왕> Good job!
[1 day, 20:35:16] <국조태왕> Nice shot!
[1 day, 20:58:08] <Zebulletmanofallbeaches> EZ SKINz
[1 day, 20:58:17] <Zebulletmanofallbeaches> Pls north win
[1 day, 21:19:16] <Dziukens> !match
[1 day, 21:30:03] <xdAvalanche> hi
[1 day, 21:31:05] <xdAvalanche> KappaPride
[1 day, 21:31:20] <xdAvalanche> PunchTrees SSSsss SMOrc FunRun
[1 day, 21:46:35] <JamewSeven> !viewmodel
[1 day, 21:46:44] <JamewSeven> !vm
[1 day, 21:58:07] <elpedroon> lol dropgun.me are really strange. it's possible to drop the rarest cs:go skins in one spin) use @KRA1N (get $10 )
[1 day, 22:16:49] <elpedroon> i've got a code @KRA1N for cs:go. can be used on dropgun.me and bring ten backs
[1 day, 22:17:17] <Pterodactylsftwfanvok> !crosshair
[1 day, 22:19:27] <+luckyf> !crosshair
[1 day, 22:20:47] <+salmon_ow> !crosshair
[1 day, 22:20:52] <+salmon_ow> !fuk
[1 day, 22:21:07] <elpedroon> lol code @KRA1N for cs:go skins. really works on dropgun.me. try yourself. ps gives $10 ;)
[1 day, 22:21:29] <+salmon_ow> try ur mom
[1 day, 22:22:01] <Pterodactylsftwfanvok> !crosshair
[1 day, 22:22:33] <cs_kev> Learning from re runs
[1 day, 22:27:25] <lisb19> live
[1 day, 22:34:45] <faeqvuda> it's the final ?
[1 day, 22:35:03] <youwishenlol> Yes, as it says in the title
[1 day, 22:35:06] <Antonw1001> SSSsss
[1 day, 22:35:53] <faeqvuda> ok mais j'etais pas sur
[1 day, 22:36:16] <tristanwc> nbk whiff
[1 day, 22:38:53] <tummelum> G2 winsss
[1 day, 22:46:17] <faeqvuda> yeessss
[1 day, 22:48:37] <wissoko> i have a code @KRA1N for cs:go. apply it on dropgun.me. it works & gives $10
[1 day, 22:49:29] <wissoko> Yo, dropgun.me 10$ moneyuse code @KRA1N
[1 day, 22:51:28] <poepneep> is this game call of duty world war2?
[1 day, 22:52:16] <elpedroon> dropgun.me gives code @KRA1N for cs:go, it also brings $10 . keep calm and use ;)
[1 day, 22:52:55] <Kydagnikhs> i used code @KRA1N on dropgun.me. and dropped skin AK-47. it also gives $10
[1 day, 22:56:09] <prehyp> ay
[1 day, 22:56:18] <prehyp> whos here
[1 day, 22:58:26] <Petan14CZE> lol dropgun.me are really strange. it's possible to drop the rarest cs:go skins in one spin) use @KRA1N (get $10 )
[1 day, 22:59:02] <dross16> life??
[1 day, 23:04:59] <@Moobot> DreamHack Store: http://store.dreamhack.com/?utm_source=twitch_CS&utm_campaign=twitch_panel&utm_medium=twitch
[1 day, 23:05:07] <xdAvalanche> hello
[1 day, 23:05:40] <+spartaman64> who won
[1 day, 23:06:01] <faeqvuda> G2 i think but i don't now
[1 day, 23:06:32] <Petan14CZE> i've got a code @KRA1N for cs:go. can be used on dropgun.me and bring ten backs
[1 day, 23:08:12] <faeqvuda> @Petan14CZE stop that plz
[1 day, 23:10:35] <xdAvalanche> xzzd
[1 day, 23:14:02] <Kydagnikhs> code @KRA1N for dropgun.me. i've dropped skin Bayonet Marble Fade from case FADEGUN for cs:go. also gives $10 :)
[1 day, 23:15:53] <grap_Xd> i asked
[1 day, 23:25:11] <xdAvalanche> t2cw t 3tcrfgr
[1 day, 23:30:55] <callmelogiiq> ugh
[1 day, 23:31:40] <hoangmangbg> Only me watching this?
[1 day, 23:31:58] <guest87532001> yes
[1 day, 23:39:53] <ArifTheGamer7605> i used code @KRA1N on dropgun.me. and dropped skin AK-47. it also gives $10
[1 day, 23:40:26] <guest87532001> no kidding?
[1 day, 23:40:37] <guest87532001> sign me up
[1 day, 23:40:55] <+mallardmike> me too
[1 day, 23:45:04] <Petan14CZE> who've used code for cs:go on dropgun.me? i was given code @KRA1N. does it work? is it really give $10 ?
[1 day, 23:45:17] <+XavierF_> no
[1 day, 23:52:17] <Petan14CZE> lol dropgun.me are really strange. it's possible to drop the rarest cs:go skins in one spin) use @KRA1N (get $10 )
[1 day, 23:52:17] <@Moobot> DreamHack Store: http://store.dreamhack.com/?utm_source=twitch_CS&utm_campaign=twitch_panel&utm_medium=twitch
[1 day, 23:55:16] <teungamesyt> is this live?
[1 day, 23:55:32] <teungamesyt> or am i doing dumb
[1 day, 23:58:15] <KszYsiu_> awww
