[0:00:03] <+FatGuy> talk about a bad time to turn off FeelsBadMan
[0:00:13] <+lact0ze> xD
[0:03:11] <thesiki_belgrade> Good luck
[0:21:33] <smiterobert2> yes
[0:22:18] <DerKerver> lol what
[0:41:37] <ComentorMeeen> are gambit from kazakstan?
[0:42:29] <ComentorMeeen> non in chat?
[0:42:35] <ComentorMeeen> ok then
[2:27:33] <emircanklcc> sa
[2:29:52] <Rezestick> t
[2:32:46] <rogaxd> LETS GO G2
[2:33:17] <bobzeraaa> dude north is best
[2:33:20] <SEGISEGI> G2 U HAS IT
[2:33:29] <bobzeraaa> NOOOOOOOORTG
[2:33:29] <rogaxd> nt bobac
[2:33:31] <ShnookTV> Guys
[2:33:35] <rogaxd> this is so ez for kennys
[2:33:44] <ShnookTV> G2 already won this DH 2-3 mounth ago
[2:33:48] <SEGISEGI> 300 viewer major LUL csgo is dead LUL
[2:33:53] <ShnookTV> go on hltv
[2:33:56] <bobzeraaa> LETS GO NORTH
[2:33:59] <rogaxd> 300 viewer major LUL csgo is dead LUL
[2:34:07] <rogaxd> its not oer
[2:34:09] <bobzeraaa> FUCK FRANCE
[2:34:13] <rogaxd> it is only first map
[2:34:19] <rogaxd> how can u know that it is over??????
[2:34:21] <bobzeraaa> yes yes
[2:34:23] <ShnookTV> it's a rerun
[2:34:25] <emicaa> yo
[2:34:29] <bobzeraaa> rerun ? wtf
[2:34:31] <ShnookTV> use ur brain
[2:34:33] <rogaxd> what is rerun
[2:34:42] <ShnookTV> DH Malmo 2017
[2:34:44] <thefrenchcanadian96> its not even live guys
[2:34:46] <bobzeraaa> rerunnnnnnnnnn G2 thats mean go g2
[2:34:46] <rogaxd> this is major in america idiot
[2:34:51] <SEGISEGI> i use brain, g2 will win this match
[2:34:56] <bobzeraaa> major in CROATIA LETZGO
[2:34:59] <rogaxd> thats why schedule is off
[2:35:06] <bobzeraaa> i bet 100€ on NORTH LETZGO
[2:35:17] <ShnookTV> DH malmo 2017 was on Aug 30th - Sep 3rd
[2:35:25] <ShnookTV> it's already done
[2:35:31] <ShnookTV> G2 won
[2:35:32] <bobzeraaa> roga add me i will give you a link
[2:35:37] <ShnookTV> go google
[2:35:40] <bobzeraaa> LETZGO NORTH
[2:36:04] <bobzeraaa> google LETZGO GOOGLE
[2:36:20] <bobzeraaa> JANKO JAANKO
[2:36:33] <bobzeraaa> @ShnookTV dude wtf dont troll
[2:36:44] <SEGISEGI> ajmo JANKO SRBINE analiziraj taj match mrcino
[2:36:53] <bobzeraaa> MSL BEAST FROM THE EAST
[2:37:03] <ShnookTV> This is not LIVE
[2:37:05] <bobzeraaa> kennys sucks
[2:37:18] <ShnookTV> The DH already won by G2
[2:37:30] <bobzeraaa> LETSGO NORTH
[2:37:37] <ShnookTV> the 3rd september 2017
[2:37:39] <bobzeraaa> yes YNK
[2:37:55] <bobzeraaa> i bet on north boy
[2:38:08] <bobzeraaa> shnook dont troll us
[2:38:11] <ShnookTV> then u have lose
[2:38:28] <bobzeraaa> i bet on north WTF
[2:38:37] <bobzeraaa> i bet my sister on NORTH
[2:38:49] <SEGISEGI> lets go
[2:38:49] <bobzeraaa> LETZGO
[2:39:04] <ShnookTV> so u'r sister is mine
[2:39:10] <bobzeraaa> lets go NORTH lets go NORTH
[2:39:16] <bobzeraaa> ur?
[2:39:17] <ShnookTV> go google and type DH malmo 2017
[2:39:26] <bobzeraaa> DH MALMO IS LIVE
[2:39:38] <bobzeraaa> LETZGO FIFFLAREN
[2:39:48] <bobzeraaa> still playing for NIP
[2:40:07] <bobzeraaa> DreamHack Masters Malmö schedule announced
[2:40:14] <ShnookTV> second map is Cobble and G2 won 16-9
[2:40:24] <ShnookTV> Good game guys
[2:40:26] <SEGISEGI> how u know idiot
[2:40:26] <bobzeraaa> BO3 • 18:00 CEST
[2:40:36] <bobzeraaa> dude you cheat go out
[2:40:51] <SEGISEGI> is live lets go g2 woooo
[2:41:06] <ShnookTV> First side 7-8 and second 9-1
[2:41:16] <ShnookTV> have fun
[2:41:22] <ShnookTV> on cobble
[2:42:07] <Diman15185> hi
[2:56:47] <dropcmd> hmm
[3:05:55] <HarveyPls> is it laggy af for anyone else or my pc
[3:06:10] <+hxcee> your PC
[3:06:13] <+empiricalaction> no lag here
[3:06:19] <HarveyPls> ok ty
[3:06:25] <NewAmericaSinger> Reset stream
[3:19:33] <djGrimDiK> aaaaaaa
[3:31:01] <impulsetricks> woooooo
[3:31:07] <impulsetricks> gg
[3:31:48] <impulsetricks> ez
[3:42:03] <bullewq> Fuck north
[4:09:32] <watchadie> back when kennyS was breaking his wrist FeelsBad
[4:29:39] <storzdemierop> hoi klopox
[4:41:29] <ilke17> hey
[4:59:55] <Odrio99> wtg
[5:02:03] <canifap8timestoday> 12 btw haHAA
[5:13:32] <+m16_pc> hi! i've got a code @KRA1N for CS:GO. mb anybody needs. u can use it on opencogo_com (brings extra 10$ )
[5:30:08] <infinitymf> -
[5:34:46] <nolex9> Imam sidu
[5:35:34] <nolex9> TheIlluminati BlessRNG
[5:35:43] <nolex9> BlessRNG TheIlluminati
[5:39:01] <diniez> ?
[7:27:50] <PancakesRan> dead stream :(
[7:29:36] <napp01> everybody sleeping
[7:30:33] <joperskid> noo
[7:30:51] <joperskid> not dead stream
[9:00:36] <+p0p0ff> Old awp sound FeelsBadMan
[9:00:43] <+p0p0ff> Fuck valve seriously
[9:30:50] <RossHolloway> Insomnia. Randomly selected DH channel.
[9:31:07] <misterwojak> go match
[9:31:33] <RossHolloway> BibleThump
[9:32:43] <RossHolloway> DreamHack Masters 2016 Malmo was the best event
[9:32:58] <misterwojak> when is next match bro? :D
[9:33:06] <RossHolloway> No idea
[9:33:18] <misterwojak> ;///
[9:33:20] <RossHolloway> Why you didn’t sleep
[9:33:33] <misterwojak> i wait on next match :D
[9:33:47] <misterwojak> in cs:go <3
[9:33:52] <RossHolloway> It’s fucking rerun, dude
[9:34:47] <RossHolloway> Goodbye Semmler, we will miss you
[9:35:37] <RossHolloway> Pistol King BibleThump
[9:39:35] <RoxorSk2> old m4a1
[9:47:48] <misterwojak> why old dust 2?
[9:48:54] <misterwojak> why not new?
[9:48:56] <+EternamD> Nip in peace
[9:49:53] <misterwojak> ask me why they play old dust why not new
[9:50:51] <+EternamD> @misterwojak Why do they play old dust? Why not new?
[9:51:14] <misterwojak> yes
[9:51:42] <+EternamD> I agree
[9:51:52] <+EternamD> Ask me why
[9:52:54] <+EternamD> Ask me why they play old dust
[9:53:04] <misterwojak> idk xD
[9:53:21] <misterwojak> old dust is shit
[9:53:32] <+EternamD> Ask me
[9:53:48] <+EternamD> Ask the question
[9:54:36] <+EternamD> Ask me why they play new dust
[9:54:37] <misterwojak> dont worry xD
[9:54:44] <+EternamD> yes
[9:55:02] <+EternamD> 4Head
[9:55:06] <+EternamD> yes
[9:55:10] <misterwojak> hahaxD
[9:55:30] <misterwojak> i love u boy :D we watching the best match
[9:55:56] <misterwojak> but on de dust 2 old ;((((( i want on new dust bro
[9:56:02] <+EternamD> yes
[9:56:52] <misterwojak> na vi is good team, i want win na vi
[9:57:04] <+EternamD> na
[9:57:25] <misterwojak> you want too win nip ? :D
[9:57:41] <+EternamD> vi
[9:57:43] <misterwojak> i like nip but i like better na vi
[9:57:58] <+EternamD> sí
[9:58:18] <+EternamD> this is a rerun
[9:58:23] <misterwojak> na vi is old team - veterans and i like it
[9:59:07] <+EternamD> CrreamAwk
[9:59:30] <+EternamD> Peace
[9:59:34] <misterwojak> eternamd whats ur rank in cs go bro? :D :D
[10:00:27] <Rayniverse> wod nova 2
[10:00:35] <misterwojak> xD
[10:00:45] <misterwojak> i have mg 2
[10:00:46] <Rayniverse> wood -.-
[10:00:52] <misterwojak> and im fan
[10:01:00] <misterwojak> 1600 h in cs
[10:01:11] <Rayniverse> i have 270 hours only
[10:01:20] <misterwojak> Xddddddddddddd\
[10:01:28] <Rayniverse> SEM
[10:01:48] <misterwojak> do you are joking only? XD
[10:02:10] <Rayniverse> no joke
[10:02:16] <Rayniverse> SEM
[10:02:27] <misterwojak> rly you have 270 h?
[10:02:39] <Rayniverse> Is that bad lol?
[10:02:58] <misterwojak> why u are here? :D go training :D
[10:03:14] <Rayniverse> MM servers are down
[10:04:32] <chiristofclomb> who did win this game
[10:48:31] <misterwojak> why u dont have sound
[11:02:01] <Pinselaffe> map 1?
[11:16:29] <ironlander> 2
[11:16:39] <ironlander> map 1 was dust 2 and nip won
[11:23:02] <oguzhanaras> is that trump
[11:35:55] <ironlander> ez
[11:36:04] <kyllonen97> gg
[11:36:05] <jbg0625> HeyGuys
[11:36:08] <mk0vv> navi in 2015 rip seized :3
[11:36:09] <Fursten> tmrToad
[12:30:18] <Frankozzy> LDLC LUL
[12:35:36] <frozabatikan> ç
[12:48:04] <+McGatorM> Jesus, when was this game
[13:01:46] <laseyes> old inferno kreygasm
[13:26:32] <1_OVERDRIVE> whoah this is an old match
[13:29:51] <foxix12> old inferno :(
[13:30:09] <1_OVERDRIVE> old NiP, older LDLC
[13:30:41] <foxix12> :(
[13:31:48] <foxix12> Old CZ
[13:32:21] <1_OVERDRIVE> old nip Kreygasm
[13:32:33] <foxix12> Old Cs
[13:33:02] <imfrys> happy deagle, this game?
[13:33:37] <yuckycharms> the nitch?
[13:33:56] <+Razacer1> @imfrys no its against tsm i think
[13:34:00] <Pacek162> no
[13:34:27] <1_OVERDRIVE> It's been a long long time since I've seen the bizon used in a pro match
[13:34:57] <glacecstv> LUL
[13:35:16] <imfrys> ah ok
[13:35:21] <VioOle> <3 old inferni
[13:35:30] <VioOle> inferno :p
[13:36:23] <Thanxyy> oldferno shroudH
[13:37:19] <glacecstv> lelellelelel
[13:37:54] <glacecstv> 3mag7
[13:39:42] <Mastev0> Any good nicknames for "Mats"?
[13:39:54] <Mastev0> xd
[13:40:15] <eccoimagecsgo> Old inferno SeemsGood
[13:45:19] <imvannox> Kappa
[13:45:30] <1_OVERDRIVE> old f0rest. Pistol Jesus
[13:46:44] <1_OVERDRIVE> f0rest used to be such a heavy threat in any match. I miss that
[13:50:36] <Gliperal_> :)
[13:52:00] <jynxeddd> tpKyawawa2
[14:03:28] <gustavsug> Yeet
[14:16:19] <007richard> heja sverige heja sverige
[14:33:22] <Saihan95> SPOILER: NiP win
[14:33:26] <Saihan95> LUL
[14:33:55] <007richard> no sweden
[14:34:00] <Gliperal_> SPOILER: LDLC win OpieOP
[14:37:46] <007richard> heja sverige heja sverige
[14:44:24] <DevouHS> @Saihan95 thanks for being a mental troll
[14:45:11] <prof_cynic> semmler to l :(
[14:45:38] <prof_cynic> semmler to owl :(
[14:45:44] <struulaak> YO les noobs
[14:45:49] <Saihan95> @DevouHS I really thought, that NiP won :(
[14:46:10] <007richard> heja sverige
[14:46:25] <Saihan95> @DevouHS mixed up with ESL One Colonge 2014
[14:46:42] <struulaak> momanus champagne spray INC PogChamp PogChamp
[14:49:06] <메지> !title
[14:49:06] <@Moobot> @D1ad1ad1a Title is: [Rerun] Ninjas in Pyjamas vs. Team LDLC - Overpass - Grand-final - DreamHack Winter 2014 CS GO Championship
[14:50:03] <Saihan95> !song
[14:51:27] <Vonbruzzie> Ok
[14:51:43] <007richard> nej Sverige
[14:52:13] <007richard> GG
[14:52:21] <Vonbruzzie> Gege
[14:52:35] <Vonbruzzie> Maikelele ❤
[14:53:05] <007richard> sweden Nice try
[15:15:11] <ethantarver> PogChamp
[15:34:32] <differ3ntv> vay be
[16:04:46] <roselinho_GAS_THE_NORMIES> shroud4Head
[16:08:55] <Cr0wnedd> 1g
