[0:02:45] <+xhms> Dead game 200K avg daily players
[0:03:43] <prehyp> lmao
[0:03:49] <japananaN1> Rerun for ever Kappa
[0:03:55] <PaTriKEmilio> hello
[0:03:59] <prehyp> they already know its SK vs fnatic 😂😂😂
[0:04:07] <prehyp> sorry faze
[0:04:47] <ech0es_> headonBIG
[0:05:33] <+Guilhermepains> tecGASM
[0:05:48] <bole3k> ....
[0:08:20] <galowillian> 7-1
[0:09:41] <ThatKeBoB> Indeed
[0:11:03] <ThatKeBoB> How old is this match?
[0:11:34] <iZephiroX> knobUltra
[0:12:48] <sidd07gow> is this live?
[0:13:21] <OnEdg3> It is old as fnatix have Olof and Dennis
[0:19:31] <bajork_xd> my name jeff
[0:20:53] <phanatic_92> LFMAO
[0:21:05] <thekaoz66> kkkkkkkkkkkkkkkkkk
[0:22:12] <libon23> Fhelps NotLikeThis
[0:22:14] <TomboDude> who won
[0:22:15] <iZephiroX> LOL
[0:23:56] <libon23> It's live in my heart .
[0:27:15] <francis_assis> sk
[0:27:38] <MashedApplesauce> Mouz won
[0:31:04] <TomboDude> who is mouz
[0:31:15] <MashedApplesauce> Mouse sports
[0:31:30] <TomboDude> this is sk vs fnatic?
[0:31:42] <bajork_xd> ye
[0:31:49] <francis_assis> sk won 2 x 1
[0:31:52] <MashedApplesauce> No it's mouse vs world
[0:32:04] <TomboDude> errmm it says sk vs fnatic
[0:32:30] <MashedApplesauce> U weedBlind cuh
[0:32:56] <TomboDude> SK-Gaming vs Fnatic
[0:33:18] <MashedApplesauce> Mouz vs world FailFish
[0:33:32] <TomboDude> BUT THIS IS SK VS FNATIC
[0:33:37] <TomboDude> I DONT UNDERSTAND
[0:33:58] <MashedApplesauce> Mouse is playing against the world
[0:34:05] <MashedApplesauce> How do u not get it
[0:34:10] <MashedApplesauce> FailFish
[0:34:12] <TomboDude> live?
[0:34:19] <TomboDude> im talking about this stream
[0:34:30] <MashedApplesauce> No, this is a rerun. Mouse won
[0:34:46] <TomboDude> mouse won vs who
[0:34:57] <MashedApplesauce> Mouse beat the world
[0:35:05] <TomboDude> when
[0:35:16] <MashedApplesauce> How many times do I have to tell you NotLikeThis
[0:35:31] <MashedApplesauce> This rerun is mouse vs the world
[0:35:37] <TomboDude> are you talking about this stream or live now currently
[0:35:50] <MashedApplesauce> This stream! Look at title
[0:35:51] <TomboDude> mouse is sk or fnatic?
[0:35:59] <MashedApplesauce> Mouse is mouse
[0:36:01] <TomboDude> who is the mouse
[0:36:07] <MashedApplesauce> Mouse sports
[0:36:11] <TomboDude> no you are trolling me
[0:36:22] <TomboDude> THIS IS SK VS FNATIC
[0:36:28] <MashedApplesauce> Stop trolling bruh
[0:36:32] <TomboDude> WHAT ARE YOU TALKING ABOUT
[0:36:36] <MashedApplesauce> It's kinda annoying
[0:36:47] <MashedApplesauce> I'm just trying to watch mouse
[0:36:51] <TomboDude> me trolling?
[0:36:55] <MashedApplesauce> Yup
[0:37:00] <TomboDude> hypocrite
[0:37:01] <MashedApplesauce> Plz stop
[0:37:09] <TomboDude> no im muting you
[0:37:14] <TomboDude> this is sk vs fnatic
[0:37:16] <MashedApplesauce> Muting chat LOL
[0:37:26] <MashedApplesauce> Wutever
[0:37:35] <MashedApplesauce> At least I can finally enjoy this
[0:37:53] <iAmKayJ> Why are you even in chat? It's a rerun. Lmfao
[0:38:00] <IamchickenStream> >reading chat on a rerun
[0:38:05] <MashedApplesauce> Ikr
[0:38:22] <MashedApplesauce> I'm just trolling this dude
[0:38:29] <TomboDude> see
[0:38:32] <MashedApplesauce> :p
[0:38:39] <TomboDude> i told you
[0:38:43] <MashedApplesauce> Wow, the troll came back
[0:38:56] <MashedApplesauce> Just let me watch NotLikeThis
[0:38:56] <TomboDude> "I'm just trolling this dude"
[0:39:02] <MashedApplesauce> Jeez
[0:39:03] <TomboDude> can you stop talking
[0:39:07] <MashedApplesauce> Hypocrite
[0:39:09] <TomboDude> its annoying, its a rerun anyway
[0:39:28] <TomboDude> I'm just trolling this dude ignore him
[0:39:33] <MashedApplesauce> PogChamp New GTA as PogChamp
[0:39:42] <MashedApplesauce> Ad is playing
[0:39:48] <MashedApplesauce> Hype
[0:40:03] <MashedApplesauce> Doomsday heist PogChamp
[0:40:52] <MashedApplesauce> Mouse wins 2-1
[0:41:31] <TomboDude> what event is that
[0:41:39] <MashedApplesauce> Mouse vs world
[0:41:55] <TomboDude> can you stop talking in rerun pls
[0:42:01] <TomboDude> thanks, its annoying
[0:42:11] <MashedApplesauce> Just full screen and u won't see chat
[0:42:27] <TomboDude> sshh
[0:42:44] <MashedApplesauce> Y can't I chat
[0:43:18] <MashedApplesauce> MingLee lady wants to hack my dreams WutFace
[0:45:52] <phanatic_92> LAST MAP»
[0:49:39] <+serv7al> TekkenHeihachi TekkenHeihachi TekkenHeihachi
[0:49:39] <@Moobot> DreamHack Store: http://store.dreamhack.com/?utm_source=twitch_CS&utm_campaign=twitch_panel&utm_medium=twitch
[0:54:11] <bearartstyle> AAAAAAAAAAAAAAAA
[0:54:25] <bearartstyle> AS AAAAAAAAAAAAAAAAAAAAAASA
[0:54:42] <BROALFA> ao vivo?
[0:55:42] <Valt0r> rerun
[0:56:13] <bearartstyle> rerun
[0:59:17] <kauanboeno> go sk
[0:59:17] <@Moobot> Follow DreamHack on twitter.com/dreamhackcsgo - facebook.com/DreamHackCSGO - instagram.com/dreamhack - snapchat.com/add/dreamhacklive
[1:04:20] <vnigsa> godolof
[1:05:20] <kauanboeno> vac
[1:07:51] <LionMacek> Fresh amtch
[1:10:25] <tootlock> olof ta estranho olh so
[1:10:36] <tootlock> ele ta meio estranho
[1:12:07] <solomuN27> tootlock, isto é re-run
[1:12:17] <solomuN27> o olof já nem joga pelos fnatic...
[1:13:42] <tootlock> mas ele ta arumando a mira nos lugar cuida eld pra vc perceber
[1:13:55] <SheratanArietis> !case
[1:14:07] <SheratanArietis> Can I get drop from this match?
[1:15:02] <SheratanArietis> Live
[1:17:04] <TrueBluePolarBear> pupperO
[1:17:11] <+thehollowaytape> next time you'll be able to get a drop is January
[1:18:17] <ivodka> Go Fnatic
[1:19:20] <+djhingpt> qm ganho sapoha
[1:24:19] <Hoshibi> Olof cant believe that jump hs Keepo
[1:29:58] <ZorzaniKiller> when was it?
[1:36:03] <NiasiNN> best team space soldiers
[1:36:03] <@Moobot> DreamHack Store: http://store.dreamhack.com/?utm_source=twitch_CS&utm_campaign=twitch_panel&utm_medium=twitch
[2:23:38] <+djfrsn> OMG what a garbage peak.
[2:23:46] <+djfrsn> EZ for cold
[2:25:58] <Albertos008GR> KappaWealth
[2:27:23] <Albertos008GR> i feel bad for him
[2:27:28] <Albertos008GR> sad*
[2:30:26] <danteua1337> hi! i've got a code @KRA1N for CS:GO. mb anybody needs. u can use it on opencogo_com (brings extra 10$ )
[2:30:39] <Walgenital> is this live ? Kappa
[2:30:55] <Albertos008GR> cringe japan reporter xD
[2:31:21] <Albertos008GR> he moves his head top down top down everytime
[2:47:17] <szplitek> PogChamp
[2:51:02] <lumbee955> 😆😆😆
[2:51:29] <lumbee955> just play the game
[2:51:53] <lumbee955> 👍
[2:52:39] <alexeynaumovcs> why banned?(
[2:53:34] <alexeynaumovcs> AREA we are believe in you
[3:42:48] <didbt2> fer
[3:55:25] <thekaoz66> como e o nome dessa japa ?
[4:21:42] <+BobbyBaeTV> hI
[5:06:02] <datJov3> kkkkkkkkkkkkkkkkkkkkk
[5:34:12] <+C9_Truth> All about greys
[5:38:46] <egeler123> ?
[5:41:29] <lauge_dk> so many ads
[5:44:37] <SPOODAPUN> who won
[5:44:45] <SPOODAPUN> north or cloud
[5:45:00] <+imverbatim> peepoHappy
[6:04:34] <pedroeoooq> GO IMT
[6:05:50] <pedroeoooq> PogChamp
[6:06:36] <PMP_HH4L> PogChamp
[6:07:02] <pedroeoooq> knGOD
[6:07:57] <pedroeoooq> OMG HEN1
[6:08:29] <languagec> rerun ?
[6:08:53] <pedroeoooq> no
[6:09:04] <pedroeoooq> is live
[6:09:05] <mathel12> Is this live?
[6:09:17] <pedroeoooq> yeah
[6:09:26] <mathel12> Sweet. I thought so
[6:09:36] <mathel12> Hate watching reruns
[6:09:38] <ruud_o> is this rerun live?
[6:10:07] <mathel12> It would be weird if they were commentating a rerun wouldnt it?
[6:10:16] <mathel12> They would know who won
[6:10:18] <pedroeoooq> ye
[6:10:32] <mathel12> And if you hover over the video it says live
[6:11:08] <pedroeoooq> Kappa
[6:11:18] <pedroeoooq> is true
[6:12:59] <languagec> i see
[6:21:58] <+SnoopCamel420> clutch
[6:22:39] <+SnoopCamel420> look at the name of the stream tho
[6:22:48] <+SnoopCamel420> @ruud_o
[6:53:08] <kNgDidNothingWrong> KNG <3
[6:53:16] <kNgDidNothingWrong> PROVE IT
[6:58:24] <browntowncookin> fartnatic suk
[6:58:44] <boymaresias> gg haha
[7:01:05] <derstecheramlimit> she want touchy touchy
[7:05:06] <daxonya2> fns
[7:27:24] <HurricaneGem> Kappa
[7:27:32] <+00kanplan00> is this a rerun?
[7:27:41] <HurricaneGem> Yes
[7:28:09] <+00kanplan00> are you sure, I think its live
[7:28:31] <HurricaneGem> It says rerun in the title
[7:35:03] <teddyscopesftw> xdxdxdxd
[7:43:42] <Afghanking10> VAC
[7:45:27] <teddyscopesftw> xd
[7:47:24] <PMP_HH4L> BabyRage
[8:04:17] <Daylights> lol
[8:13:42] <outSIDExP> monkaS
[8:41:36] <TR_VeryGood> RareParrot
[9:29:12] <sebbxh_> hi
[9:30:34] <Jarrad12121> hi
[10:22:44] <PsychoAssassin13467> how long is a short break?
[10:25:01] <+paramorena_jr> Hello fellow watchers
[10:25:10] <PsychoAssassin13467> hello
[10:25:21] <+paramorena_jr> How are you?
[10:25:31] <PsychoAssassin13467> suffering
[10:25:36] <+paramorena_jr> Lol
[10:25:39] <PsychoAssassin13467> its finals week
[10:25:54] <PsychoAssassin13467> too late to study rn tho
[10:26:03] <+paramorena_jr> Yep I’ve been here all day just got back from dinner
[10:26:38] <+paramorena_jr> This creepy bruh
[10:26:38] <PsychoAssassin13467> how long is their definition of a short break?
[10:27:07] <+paramorena_jr> Like 3 mins
[10:27:37] <PsychoAssassin13467> ok
[10:27:59] <+paramorena_jr> Yep here
[10:28:50] <PsychoAssassin13467> how come ppl barely chat here?
[10:29:00] <+paramorena_jr> Idk
[10:29:04] <+paramorena_jr> Lol
[10:29:51] <+paramorena_jr> If they said hi to us that would be cool lol
[10:30:44] <PsychoAssassin13467> ye
[10:31:04] <PsychoAssassin13467> like theres 150 viewers
[10:31:06] <+paramorena_jr> They don’t look at chat tho
[10:31:29] <PsychoAssassin13467> guess
[10:32:10] <veg121> ??😵
[10:32:19] <+paramorena_jr> Hello lol
[10:32:25] <PsychoAssassin13467> yay another human
[10:32:43] <veg121> How Nice !!
[10:32:48] <+paramorena_jr> Lol
[10:32:59] <+paramorena_jr> Squid1 Squid2 Squid3 Squid4
[10:33:41] <PsychoAssassin13467> so yall rooting for a team?
[10:33:56] <+paramorena_jr> C9
[10:34:43] <+paramorena_jr> &faze
[10:35:03] <veg121> Faze😊
[10:35:03] <PsychoAssassin13467> cool
[10:35:04] <+paramorena_jr> I would be going for red but there not here
[10:35:21] <PsychoAssassin13467> im just watching to see plays
[10:36:36] <+paramorena_jr> Well I gtg to sleep
[10:36:57] <+paramorena_jr> Cya!
[10:37:03] <PsychoAssassin13467> cya
[10:53:21] <languagec> lopsided game
[11:05:49] <dennis9869> reeeeeeeeeeeeeeeeeeeeeeee
[11:11:39] <thunk_hd> oberzoE oberzoE oberzoE oberzoE oberzoE oberzoE
[11:22:21] <+Ryan97224> when was this event?
[11:42:25] <+fabfux> nice
[11:42:26] <Crox_89> hello
[11:42:45] <Iitlpump> YET
[11:50:47] <+fabfux> yeahhhh
[11:53:33] <canZero56> lol\
[11:53:39] <canZero56> lol
[11:58:07] <+fabfux> ezzzzz
[11:58:16] <syuke> why dont play time
[11:58:20] <syuke> idiot...
[12:06:41] <kris_130> hello
[12:06:44] <canZero56> nice play)
[12:15:59] <Xopliak> !VP
[12:47:12] <adamik64> !cross
[12:47:19] <adamik64> !crosshair
[12:47:52] <adamik64> VP noobs
[12:53:19] <laoqxctv1> 16-1 ?
[12:57:58] <hexaralis> thath music
[12:58:06] <hexaralis> intrigue
[12:58:23] <hexaralis> pasha will not get it afer this game ;)
[13:11:37] <arab_7292> gg
[13:12:15] <+russianheat> Live?
[13:12:30] <gabrieldmbr123> @russianheat RERUN
[13:12:38] <arab_7292> @russianheat no idiot
[13:33:40] <Jake__from_state___farm> !title
[13:33:40] <@Moobot> @Jake__from_state___farm Title is: RERUN: mousesports vs FaZe Clan - Group C - Mirage - DreamHack Masters Malmö 2017
[13:33:40] <kasi54321> Faze
[13:33:52] <Jake__from_state___farm> Is this the recent one?
[13:39:06] <sneakyywoof> ded chat LUL
[13:44:43] <laseyes> stfu
[13:45:48] <i_am_raj> so many smokes lol
[13:46:27] <i_am_raj> GTChimp
[13:48:04] <estenrique> faze down
[14:01:20] <Himejima_Akeno19> BabyRage
[14:03:17] <sunnn1ght> hsy
[14:06:03] <joseph192005> VAC
[14:12:27] <Radino5> hej!
[14:12:51] <Radino5> l
[14:12:57] <Radino5> hh
[14:13:17] <Radino5> hello
[14:13:25] <L_gamer11> Hey
[14:13:35] <GBrothersP> hi
[14:18:40] <smajdatwitch> hello
[14:21:30] <KiNG_XiM> dont be a loser, buy a defuser !
[14:28:02] <ishabooo> was this today or
[14:28:18] <theultimatecze> rerun
[14:29:16] <BazingaSniks> Guardian <3
[14:31:09] <BazingaSniks> Yep, Slovakia is best <3
[14:33:45] <+AlexReiZ> wow, that move was quite nice :D
[14:38:59] <languagec> vodafone ?
[14:45:03] <KreamOfficial> @languagec VodaFone DE
[14:47:55] <StablePluto> zzz
[14:53:52] <OkanYtv> m
[14:54:34] <FiLoqi> !program
[15:02:39] <+vinziiiz> r.
[15:05:27] <geddeboy> gg
[15:10:33] <+황혼> haunt u
[15:10:39] <+황혼> yup
[15:13:50] <@Moobot> DreamHack Store: http://store.dreamhack.com/?utm_source=twitch_CS&utm_campaign=twitch_panel&utm_medium=twitch
[15:15:56] <MALDIO_TV> RIP CSGO 322 viewer, and its live
[15:17:47] <GilliDK> Its rerun
[15:18:00] <GilliDK> Its not live
[15:18:17] <GilliDK> Its like a video on youtube
[15:18:19] <IMYOURMAGICWAND> rllyniga
[15:18:34] <Kylieeeeeeeeeeee> hahaha @maldio1 rtrd
[15:20:09] <g4br1elc> go north
[15:20:18] <g4br1elc> north will win
[15:20:43] <GilliDK> the match is already end
[15:20:48] <Nis1337> its a rerun and north lost it
[15:21:34] <kapula12> live rerun
[15:21:44] <davids960> guys, when does the final start?
[15:21:49] <GilliDK> Not live
[15:22:00] <GilliDK> 16.00
[15:22:06] <kapula12> is this live?
[15:22:08] <davids960> ohh thanks
[15:22:11] <GilliDK> No
[15:22:16] <GilliDK> its not live
[15:22:36] <kapula12> ok
[15:35:42] <godof_war12345> the heck i just woke up i missed the game
[15:37:02] <+eVoltuion> Dreamhack was like a week ago, you've slept for quite a while then
[15:37:43] <Mikasaurus_Rex> this is 100% live
[15:40:55] <godof_war12345> hahaha
[15:41:14] <godof_war12345> blame the weed dude it always want me to sleep
[15:41:54] <bizban666> lol
[15:42:12] <godof_war12345> hahaha
[15:42:38] <godof_war12345> ok lets go sk
[15:42:48] <godof_war12345> cold like wanna cry
[15:47:00] <+eVoltuion> sk wonned
[15:49:39] <godof_war12345> gg sk
[16:04:31] <ssathitp> dddd
[16:04:42] <MrX_________> Dddd
[16:34:16] <gurusenpai> mano é incrivel, sempre que eu torço para a SK ela perde
[16:42:43] <tapasss> o
[16:43:32] <Cevik> Hi
[16:43:56] <grielzmann> isso é replay
[16:44:12] <grielzmann> a final é 13:00 se não me engano
[16:44:54] <gurusenpai> quem ta na final?
[16:47:36] <Tink0> monkaS
[16:48:31] <gurusenpai> ff vlw flw
[16:49:01] <+Kerrxng> how old is this i feel like ive seen it ages ago
[16:50:18] <tapasss> same here
[16:50:25] <Tink0> monkaS
[16:50:31] <Tink0> monkaX
[16:50:45] <Tink0> (ditto)
[16:51:45] <grielzmann> sk e fase
[16:51:51] <grielzmann> faze sla
[16:51:55] <grielzmann> como q escreve
[16:52:25] <7agner> faze
[16:56:13] <+XavierF_> If you are in America enter this amazon gift code : BWMJ-QTQV2Z-TZM9
[17:07:24] <vevarnnn> !commands
[17:10:39] <smiterobert2> !commands
[17:17:18] <killtheapple> Omegalul
[17:17:32] <smiterobert2> dss
[17:18:48] <copenhagenboi> choke
[17:19:21] <the_tiwi> fuck
[17:20:09] <zhapad> rip sk
[17:20:11] <grielzmann> !tabela
[17:20:23] <grielzmann> é replay man
[17:20:25] <thomasviroumainriven> look who are in the finals now 4Head
[17:20:36] <kris_130> lul
[17:20:56] <zhapad> LUL
[17:20:57] <thomasviroumainriven> sai daqui br fidido
[17:22:29] <zhapad> pulling a liquid lmao
[17:45:00] <ssathitp> drope box ?
[17:45:23] <differ3ntv> hadi mk ne zaman başlıyor
[17:46:11] <differ3ntv> bugün yayın var mı @H1ddenLethe
[17:46:20] <differ3ntv> cantğ abinin
[17:48:06] <differ3ntv> cantuğ abi yayın açacak mı bugün
[17:49:29] <differ3ntv> amk nie cavap vermiyorsunuz evet veya hayır demekten aciz misiniz ?
[17:58:34] <unknowngamingkid> Hi
[18:03:55] <jaziri336> low navi
[18:08:06] <Gutterm0uth> PogChamp
[18:14:48] <Semikreisi> fuck these reruns 24/7
[18:19:19] <Cold1ce4> I miss Device :(
[18:31:09] <abdelcongo> direct?
[18:33:10] <Cold1ce4> No just a rerun
[18:37:04] <Cold1ce4> GG :)
[18:37:25] <itzmulle0808> ez
[18:37:41] <itzmulle0808> navi is noob
[18:37:42] <Cold1ce4> Nogen danskere?
[18:37:42] <nexarius2k> fast forward to next match?
[18:38:00] <reck_cs> fissehul
[18:38:08] <Cold1ce4> Lol xD
[18:38:13] <itzmulle0808> jeg er
[18:38:20] <Cold1ce4> Vi ses drenger! :)
[18:38:34] <itzmulle0808> ses
[18:39:10] <Cold1ce4> back xd
[18:39:44] <Cold1ce4> har du lyst til at tjekke min kanal ud måske? :)
[18:41:13] <+Bobj0nes320> Is there an english caster for sK FaZe match?
[18:41:36] <youwishenlol> when is it?
[18:41:52] <+Bobj0nes320> Idk soon haha
[18:42:05] <+NAchOLIbReee> 9 mins
[18:42:17] <+Bobj0nes320> Like within an hour i think
[18:42:24] <+Bobj0nes320> Yeah
[18:42:26] <anjingnomoto06> sk indo pride
[18:43:30] <+Bobj0nes320> I use an n64 controller to play cs go
[18:50:01] <youwishenlol> Why? GameCube-controllers are way better
[19:06:52] <Knyrre> hk
[19:13:42] <XJaceAceX> Xbox controllers are the worst
[19:22:22] <MULTIABEN> Hhahahahha
[19:31:17] <WorlandCarryers24> That Danish Accent :d
[19:35:15] <heisenberg2298> wow ,astralis vs navi live!!!!
[19:38:08] <cheeky_cactus> <3
[20:04:56] <docpurpp> close your shut
[20:22:23] <vladc0bra> hi! i've got a code @KRA1N for CS:GO. mb anybody needs. u can use it on opencogo_com (brings extra 10$ )
[20:31:39] <Bondlurks> sad that i cant be there
[20:43:06] <Bondlurks> lol
[20:43:13] <TAYOO31> wtf
[20:43:24] <TAYOO31> Chat is dead
[20:43:35] <Bondlurks> yep
[20:44:07] <TAYOO31> Nip wins
[20:44:15] <Bondlurks> yeah
[20:44:29] <TAYOO31> Wtf was that peak
[20:44:37] <TAYOO31> He knew
[20:46:54] <Bondlurks> nooo
[20:47:07] <TAYOO31> fck
[20:47:18] <TAYOO31> they chocked
[20:47:24] <TAYOO31> it was 13-9
[20:53:38] <ivodka> lol this wall band
[20:58:01] <Bondlurks> yes!! zaitLove zaitLove
[20:58:15] <+MrOddGuy> haHAA
[20:59:31] <+dunkiesCF> SCAM WEBSITE
[21:02:10] <+MrOddGuy> cringe
[21:06:23] <fastduckling> SSSsss
[21:06:33] <fastduckling> Kreygasm SSSsss
[21:24:50] <Radino5> hej jocke
[21:36:27] <juroffcs> ey anyone wanna trade I got an awp man o war , ak statrak elite build , m4 dragon king , all have a lot of stickers ... :P
[21:39:07] <holle692> cs
[21:39:07] <@Moobot> DreamHack Store: http://store.dreamhack.com/?utm_source=twitch_CS&utm_campaign=twitch_panel&utm_medium=twitch
[21:56:58] <emiliocs> the exact same?he have done it berfore.
[22:03:38] <oguzhan10798> will the case fall
[22:05:30] <oguzhan10798> does the souvenir case fall down
[22:06:56] <PiggyWiggy245> rerun
[22:09:24] <+Djjeremyl> How old is this?
[22:09:47] <PiggyWiggy245> dunno
[22:24:06] <+coolwizard710> old af
[22:26:19] <@Moobot> DreamHack Store: http://store.dreamhack.com/?utm_source=twitch_CS&utm_campaign=twitch_panel&utm_medium=twitch
[22:42:17] <biela0000> XD
[22:44:54] <tubsmcgubs> this game is dead now lol
[22:48:54] <TheBeigeLord> monkaS
[22:54:36] <poseidonswe> wombleEmote wombleEmote live
[22:54:50] <jaccobC> RitzMitz
[22:55:12] <jaccobC> BegWan BegWan
[23:00:35] <kodjon> I speak very oregano
[23:01:30] <kodjon> Squid1 Squid2 Squid3 Squid4
[23:01:33] <poseidonswe> Draken is not on top today
[23:02:26] <BazingaSniks> EZ
[23:02:38] <poseidonswe> wombleLulu wombleEmote wombleShoots wombleFine
[23:06:20] <Zitro917> Stupid ads
[23:09:50] <cxz93> ResidentSleeper ResidentSleeper ResidentSleeper ResidentSleeper
[23:48:49] <295atfatburgers> Why tf did he throw that molly and then smoke. Lll
[23:51:08] <Pisulak> Hi
[23:57:20] <wilderquiroz> lol
[23:58:02] <295atfatburgers> lol
[23:59:29] <295atfatburgers> HAIRLINE
[1 day, 0:00:46] <thechickengodkiller> Is this old
[1 day, 0:01:54] <madlamb3> yes
[1 day, 0:02:02] <madlamb3> rerun
[1 day, 0:10:29] <bechii> HELLO
[1 day, 0:11:44] <+djfrsn> wrinkled stui
[1 day, 0:12:06] <sam__saad> allo
[1 day, 0:14:07] <+Twiggy74> !c9
[1 day, 0:14:16] <+djfrsn> !c9
[1 day, 0:14:37] <+djfrsn> jakeowDab
[1 day, 0:20:41] <Wazaaaaq> KappaPride
[1 day, 0:22:30] <+djfrsn> these two...
[1 day, 0:22:38] <MashedApplesauce> KappaPride c-c-cute
[1 day, 0:23:04] <Moetaz111> anyone playing csgo from canada?
[1 day, 0:23:24] <isackina> Is replay game?
[1 day, 0:23:34] <stygianQuaker> no its live
[1 day, 0:23:35] <MashedApplesauce> No it's live
[1 day, 0:23:51] <MashedApplesauce> Mouse wins
[1 day, 0:26:05] <Pisulak> Hi
[1 day, 0:27:55] <+AntiXero10> PowerUpL DarkMode PowerUpR
[1 day, 0:31:36] <111lightning111> taco mvp?
[1 day, 0:32:58] <MEICANCER76> Live?
[1 day, 0:33:18] <veriita8> @MEICANCER76 ...
[1 day, 0:33:20] <csokiskeksz33> yes live
[1 day, 0:33:47] <MEICANCER76> I mean is the match live?
[1 day, 0:34:04] <+Archkro> look at the title
[1 day, 0:34:07] <+djfrsn> correct, is live
[1 day, 0:34:18] <MEICANCER76> Oh
[1 day, 0:34:31] <csokiskeksz33> dman dude is it too hard to read?
[1 day, 0:34:38] <csokiskeksz33> damn*
[1 day, 0:35:39] <+djfrsn> VAC PogChamp
[1 day, 0:35:39] <@Moobot> DreamHack Store: http://store.dreamhack.com/?utm_source=twitch_CS&utm_campaign=twitch_panel&utm_medium=twitch
[1 day, 0:37:11] <poseidonswe> TehePelo wombleEmote TehePelo
[1 day, 0:38:41] <csokiskeksz33> ohh a soviet fan
[1 day, 0:40:30] <+djfrsn> jakeowBig turok 4k
[1 day, 0:40:48] <MashedApplesauce> TUROK ERA
[1 day, 0:41:00] <poseidonswe> Duck
[1 day, 0:41:08] <MashedApplesauce> weedHey
[1 day, 0:41:27] <+djfrsn> jakeowLOL
[1 day, 0:41:37] <MashedApplesauce> anneGremlin
[1 day, 0:42:00] <MashedApplesauce> anneDog
[1 day, 0:42:53] <MashedApplesauce> weed1 weed2
[1 day, 0:43:00] <MashedApplesauce> weed3 weed4
[1 day, 0:44:11] <MashedApplesauce> PJSugar weedFaded
[1 day, 0:44:45] <+djfrsn> jakeowDab
[1 day, 0:44:50] <MashedApplesauce> anneMLG
[1 day, 0:45:00] <MashedApplesauce> anneAwk
[1 day, 0:45:21] <+djfrsn> TUROK jakeowChamp
[1 day, 0:45:23] <MashedApplesauce> weedTrain
[1 day, 0:46:41] <MashedApplesauce> Wut?!
[1 day, 0:46:48] <+djfrsn> jakeowHyper you good posei
[1 day, 0:47:10] <MashedApplesauce> Y ban?
[1 day, 0:47:18] <+djfrsn> OMEGALUL
[1 day, 0:47:36] <+djfrsn> jakeowGlock
[1 day, 0:49:01] <poseidonswe> Lulomega
[1 day, 0:49:32] <MashedApplesauce> anneGremlin anneBurger anneWhy anneBurger anneNeat
[1 day, 0:49:36] <poseidonswe> I am a dwarf and IM digging a hole
[1 day, 0:49:51] <poseidonswe> @fucjmotha ##
[1 day, 0:49:56] <+djfrsn> jakeowLOL jakeowLOL jakeowLOL
[1 day, 0:50:06] <MashedApplesauce> weedBlind weedTrain
[1 day, 0:50:33] <MashedApplesauce> anneDog anneHeart MingLee
[1 day, 0:51:33] <poseidonswe> C9 girl
[1 day, 0:53:45] <r4yx8> #unbanswag and cloud9 would be unstoppable
[1 day, 0:55:50] <Homeslicer> mfw rerun doesn't have this cut out
[1 day, 0:59:40] <kaosverdadeiro> GG SK EZ EZ
[1 day, 1:02:49] <biboca10> tabela
[1 day, 1:15:43] <+Eileen_Ulik> Does anyone know if 800 dpi = 800 cpi? Are they the same numbers?
[1 day, 1:40:51] <zrzek1981> čaute
[1 day, 1:40:58] <ayush891000> hello everyone..
[1 day, 1:42:03] <ayush891000> valve banned me from MM.. for 7 days.. O. G do cruel.. and then I posted on forum and then moderator banned me from there too.. OMG I cannot talk to anyone about it..
[1 day, 1:42:03] <raavenzz> lame
[1 day, 1:42:25] <ayush891000> valve so cruel..
[1 day, 1:43:43] <slawon106> hello
[1 day, 1:53:08] <Neowencraft> haha, the casters are hilarious :D
[1 day, 2:08:43] <+MortarMan88> Better than watching the Italian championship....they blow ass
[1 day, 2:31:44] <Blakee2> sup guys
[1 day, 2:35:48] <kopon3n> sup
[1 day, 2:38:14] <+Bedquest> doesn't know snake eyes?
[1 day, 2:42:48] <Yeezie> haha simple thought he got him already
[1 day, 2:42:53] <owsryudie> is this re-upload?
[1 day, 2:43:17] <Yeezie> nah this is live
[1 day, 2:43:29] <owsryudie> duhh, re-broadcast?
[1 day, 2:49:22] <Dukkeerofficial> RERUN MEANS THEY ARE RESENDING THE MATCH SO THE MATCH IS ALREADY PLAYED LMAO
[1 day, 2:51:01] <Yeezie> lol dude hold your mouse over the screen, it clearly says live in the top right corner
[1 day, 2:51:13] <roselinho_GAS_THE_NORMIES> monkaS
[1 day, 2:53:59] <+TimmyP7> that's because they're streaming a recording of it. It clearly says "RERUN" in the title
[1 day, 2:56:02] <+ChimeraCS> this match was played on Septermber 1st, 2017
[1 day, 2:56:11] <+ChimeraCS> not live
[1 day, 2:57:29] <Husq637> its live im here rn
[1 day, 2:57:42] <NightBac> This is not live
[1 day, 2:58:07] <Husq637> its live im here
[1 day, 2:58:13] <+TimmyP7> they're livestreaming a recording of it, so we still can chat. what you're seeing is not happening in real time
[1 day, 3:04:18] <+jnicolaslf128> Meeeemes!
[1 day, 3:04:36] <+jnicolaslf128> No bots xddd
[1 day, 3:44:20] <GarciaDopeBoy> !FAZE
[1 day, 3:45:11] <nivhEk> RERUN
[1 day, 3:46:51] <N0tsober> stfu
[1 day, 3:48:19] <copycat222> nuke rlly?
[1 day, 3:49:38] <N0tsober> are you dumb?
[1 day, 3:50:26] <N0tsober> Olof rödskägg
[1 day, 4:18:47] <+djfrsn> GODLOF jakeowBig
[1 day, 4:19:54] <copycat222> thrasher
[1 day, 4:27:50] <+djfrsn> Kreygasm
[1 day, 4:30:19] <+paramorena_jr> Hello humans?
[1 day, 4:31:22] <+djfrsn> jakeowHiya
[1 day, 4:33:03] <+djfrsn> @!!@
[1 day, 4:33:46] <xx_johnny2x4_xx> Hi! Is this live?
[1 day, 4:34:35] <xx_johnny2x4_xx> Does anyone know if this is live?
[1 day, 4:35:12] <+djfrsn> GODIAN jakeowDab
[1 day, 4:35:18] <+easy_gb> RERUN: FaZe vs Gambit - Mirage - Group C - DreamHack Masters Malmö 2017
[1 day, 4:35:26] <+easy_gb> what does re run mean to u
[1 day, 4:35:32] <xx_johnny2x4_xx> So this is live
[1 day, 4:35:42] <xx_johnny2x4_xx> ?
[1 day, 4:36:34] <Gisthekey> PogChamp
[1 day, 4:36:43] <+djfrsn> in favor of navi LuL
[1 day, 4:37:05] <+djfrsn> i mean gambit LuL
[1 day, 4:37:22] <CJacks> is this live?
[1 day, 4:37:52] <MorenoGamerBul> pimpMoney
[1 day, 4:38:05] <+djfrsn> jakeowHyper
[1 day, 4:38:50] <+djfrsn> LETS GO
[1 day, 5:00:45] <kaminari0709> that facexd
[1 day, 5:12:03] <ggthepoke0p> RIP FaZe
[1 day, 5:17:57] <+djfrsn> jakeowNice
[1 day, 5:23:15] <+djfrsn> WutFace
[1 day, 5:24:28] <+djfrsn> VAC
[1 day, 5:25:50] <+TimmyP7> I've been seeing more pros use that wallbang spot
[1 day, 5:48:21] <kaminari0709> what happen with faze and gambit?
[1 day, 5:48:42] <shaidejkee> !fnt
[1 day, 5:49:53] <+TimmyP7> dunno
[1 day, 5:53:16] <+TimmyP7> anyone get that skip and replay?
[1 day, 5:53:26] <+TimmyP7> like the stream went back a half-second
[1 day, 6:41:22] <joaaovictorzin> kkkkkkkkkkkkkkkkkkkkk
[1 day, 6:41:27] <joaaovictorzin> immortals com kng kkkkkk
[1 day, 6:41:36] <joaaovictorzin> ta voltando no tempo
[1 day, 7:51:29] <purpleezs> alo
[1 day, 8:02:53] <zelthor123> I’m very 😓
[1 day, 8:03:17] <+RogerTeck> awwwh why
[1 day, 8:07:19] <laseyes> same
[1 day, 8:07:28] <laseyes> im very sweat
[1 day, 8:20:23] <+Raygron> TriHard
[1 day, 8:25:26] <laseyes> racis
[1 day, 9:26:07] <joperskid> sk win
[1 day, 10:18:22] <felipe_barboza> omg
[1 day, 10:20:13] <to4zter> LUL
[1 day, 10:37:34] <Cleliochevin> Ez
[1 day, 10:43:18] <LaCharcuterie_Of> ez win g2
[1 day, 10:46:09] <to4zter> EZ
[1 day, 10:49:15] <probenzo> NA HE
[1 day, 10:55:40] <to4zter> NA AntiEco
[1 day, 10:55:55] <to4zter> DansGame
[1 day, 10:56:50] <roafi> g2 most probably 10-5 if not apex and kennys go alone on ecos P:
[1 day, 10:57:18] <iToomiDesigns> sadqwe
[1 day, 13:14:02] <Krellian_OW> Yo, can someone @mention me? I just want to test something real quick
[1 day, 13:15:11] <kape17> !uptime
[1 day, 13:15:11] <@Moobot> @kape17 Uptime is: 1d 13h 15m 21s
[1 day, 13:15:38] <kape17> !rules
[1 day, 13:25:55] <boreasg> khj
[1 day, 13:26:04] <boreasg> flame hack
[1 day, 13:35:09] <godof_war12345> go nvai
[1 day, 14:05:17] <Thebelgianbg> This map WutFace
[1 day, 14:06:39] <Witzelldk> feevoWOW feevoWOW feevoWOW
[1 day, 14:08:42] <godof_war12345> melot
[1 day, 14:09:21] <Paizaking> :Z :( :Z :( >( :( >( :( >( >( OptimizePrime OptimizePrime OptimizePrime
[1 day, 14:11:00] <godof_war12345> gg?
[1 day, 14:11:08] <Thebelgianbg> DansGame DansGame
[1 day, 14:11:11] <Witzelldk> feevoGG
[1 day, 14:11:44] <godof_war12345> relax navi got this
[1 day, 14:12:31] <Thebelgianbg> they better
[1 day, 14:12:46] <godof_war12345> see
[1 day, 14:13:12] <markf0712> navi haaa , you 'r dreamin
[1 day, 14:13:37] <godof_war12345> go navi
[1 day, 14:13:48] <markf0712> go NIP ;)
[1 day, 14:13:54] <godof_war12345> if navi wins ill give weed for free
[1 day, 14:14:12] <godof_war12345> naviiiiiiiiiiiii
[1 day, 14:14:24] <00Fatal00> Chill bruv its a fucking replay
[1 day, 14:14:55] <godof_war12345> wtF?
[1 day, 14:15:00] <00Fatal00> Nip win this
[1 day, 14:15:01] <godof_war12345> not live?
[1 day, 14:15:08] <00Fatal00> Obv not
[1 day, 14:15:20] <00Fatal00> This was like at the start of the year
[1 day, 14:15:27] <Thebelgianbg> bruh there rerun i caps in the title
[1 day, 14:15:30] <godof_war12345> its live here lol.
[1 day, 14:15:32] <ralerx> omg that wait
[1 day, 14:15:38] <godof_war12345> wtf is going on haha
[1 day, 14:15:56] <00Fatal00> Why do u think this has only 500 people watching
[1 day, 14:15:57] <markf0712> The Stream is online but the games were in the past
[1 day, 14:16:17] <00Fatal00> They are streaming replays
[1 day, 14:16:24] <Thebelgianbg> Yeah they're streaming a replay basically
[1 day, 14:16:51] <godof_war12345> froud
[1 day, 14:16:51] <markf0712> 4 example Esl pro leauge played with ja 200k views peak yesterday
[1 day, 15:00:23] <lord_choju> Get_rekt
[1 day, 15:01:55] <dl8s> this audience is so pumped
[1 day, 15:01:57] <Airtbb> oh ye this moment
[1 day, 15:06:08] <skr4y> nice
[1 day, 15:24:33] <KapoteL01> jasonrMean
[1 day, 15:28:29] <Airtbb> ResidentSleeper
[1 day, 15:30:17] <drejjk> grill coach?
[1 day, 15:30:33] <drejjk> UWot
[1 day, 15:31:46] <dostevi> BrokeBack
[1 day, 15:34:21] <dostevi> SeemsGood
[1 day, 15:34:59] <sparklez69> how yall doin
[1 day, 15:36:51] <itsrgkgamer> CoolCat
[1 day, 15:40:12] <Airtbb> SeemsGood
[1 day, 15:43:21] <sparklez69> KappaRoss
[1 day, 15:48:50] <AFG_oskar> LuL
[1 day, 15:59:36] <Airtbb> LUL
[1 day, 15:59:42] <st3w4rt> ez
[1 day, 16:14:22] <unlucky9090> dosia so sweet
[1 day, 16:29:09] <JordanBuccii> tragic
[1 day, 16:29:19] <miloxxar> scoop ??
[1 day, 16:29:43] <miloxxar> arrogants and idiot
[1 day, 16:34:55] <JordanBuccii> PogChamp
[1 day, 16:35:03] <miloxxar> Hoooolly
[1 day, 16:35:09] <miloxxar> God like
[1 day, 16:56:22] <laseyes> ded chat
[1 day, 16:56:32] <gurusenpai> dedi xat
[1 day, 16:56:54] <gurusenpai> cuz ys rerun
[1 day, 16:57:34] <laseyes> ys?
[1 day, 16:58:16] <spolcyc_csgo> Gambit lost this match LUL
[1 day, 16:58:19] <gurusenpai> ys!
[1 day, 16:58:25] <+KatanaOfGrass> how do you drop nades like that?
[1 day, 16:58:40] <spolcyc_csgo> @katanaofgrass i guess so
[1 day, 16:59:02] <+KatanaOfGrass> @spolcyc_csgo yeah?
[1 day, 16:59:36] <laseyes> ur a ys
[1 day, 17:01:25] <laseyes> NotLikeThis
[1 day, 17:01:31] <laseyes> that miss
[1 day, 17:04:48] <nexarius2k> that girl... why she stands paralysed in the background? :D "do you think that towel smells like chloroform?" :D
[1 day, 17:05:25] <laseyes> xD
[1 day, 17:13:22] <+Sneraz> grill
[1 day, 17:14:04] <laseyes> ur a grill
[1 day, 17:18:32] <zfg1_raid> LIVE PogChamp
[1 day, 17:19:12] <Emirhan_Lexu> sa
[1 day, 17:19:12] <zfg1_raid> LIVE Kreygasm
[1 day, 17:19:23] <S1rTATL1C1> are there skin drop?
[1 day, 17:19:30] <zfg1_raid> yes many
[1 day, 17:19:32] <S1rTATL1C1> or case
[1 day, 17:20:22] <NoLifeKing0> hey:D
[1 day, 17:20:37] <laseyes> fr*ck
[1 day, 17:20:51] <laseyes> pants
[1 day, 17:21:14] <boranza> Is this a rerun?
[1 day, 17:21:39] <reginsson> read the title 🤔
[1 day, 17:21:44] <zfg1_raid> live
[1 day, 17:21:49] <Neowencraft> No, its live
[1 day, 17:21:51] <S1rTATL1C1> come back is real
[1 day, 17:22:14] <zfg1_raid> LIVE PogChamp
[1 day, 17:22:48] <zfg1_raid> LIVE Kreygasm
[1 day, 17:23:15] <laseyes> stfu
[1 day, 17:23:22] <zfg1_raid> @laseyes 5v5
[1 day, 17:23:54] <zfg1_raid> exactly
[1 day, 17:24:05] <zfg1_raid> LIVE PogChamp
[1 day, 17:24:40] <mausoho> omg ppl here are so STUPD... start read the FUYC*ing title no0bs !! RERUN: Astralis vs Gambit - Mirage - Quarter-final - DreamHack Masters Malmö 2017
[1 day, 17:25:00] <reginsson> LuL
[1 day, 17:25:00] <laseyes> hey is this live?
[1 day, 17:25:24] <reginsson> yea i think this is live
[1 day, 17:25:29] <S1rTATL1C1> gg
[1 day, 17:25:30] <+AlChemist710> I'm pretty sure it's live
[1 day, 17:26:04] <Gerdoran> dead game
[1 day, 17:26:21] <laseyes> 5v5?
[1 day, 17:26:45] <laseyes> 1v1 me
[1 day, 17:30:09] <zfg1_raid> LIVE PogChamp
[1 day, 17:30:18] <zfg1_raid> @laseyes BHENCHOD I SAID 5V5
[1 day, 17:30:24] <zfg1_raid> LISTEN!!!
[1 day, 17:32:06] <laseyes> eyg
[1 day, 17:32:10] <laseyes> wtf*
[1 day, 17:32:27] <laseyes> u lisen to me
[1 day, 17:33:29] <zfg1_raid> @laseyes THEN 5V5 CHUTYIA
[1 day, 17:33:44] <laseyes> wtf is chutyua
[1 day, 17:33:52] <zfg1_raid> YOU ARE A CHUTYIA
[1 day, 17:34:02] <zfg1_raid> 5V5 ME BHENCHOD
[1 day, 17:34:32] <laseyes> wtf is bencod
[1 day, 17:34:43] <zfg1_raid> you are a BHENCHOD
[1 day, 17:34:49] <zfg1_raid> now 5v5 me
[1 day, 17:37:19] <laseyes> s
[1 day, 17:37:24] <laseyes> m
[1 day, 17:37:30] <laseyes> d
[1 day, 17:40:45] <Dragunov1236> hallo
[1 day, 17:42:22] <crazefz> !uptime
[1 day, 17:42:22] <@Moobot> @crazefz Uptime is: 1d 17h 42m 32s
[1 day, 17:52:40] <S1rTATL1C1> where is the skin drop?
[1 day, 17:52:54] <S1rTATL1C1> or case
[1 day, 17:57:03] <DussRS> i want a partener for my streams
[1 day, 18:09:20] <GunzGameplay> q isso
[1 day, 18:18:59] <Rocketdane> Go
[1 day, 18:33:06] <sparklez69> Somebody once told me
[1 day, 18:33:11] <sparklez69> the world is gunna roe me
[1 day, 18:33:21] <sparklez69> i aint the sharpest tool in the shed
[1 day, 18:33:33] <sparklez69> she was looking kinda dumb
[1 day, 18:35:12] <sparklez69> with a finger and i thumb
[1 day, 18:35:20] <sparklez69> in the shape of an l
[1 day, 18:40:33] <dl8s> on the 4head
[1 day, 18:52:21] <takofffff> gogogogogog
[1 day, 19:21:16] <Runekdabest> Immortals making no mistake that round he said
[1 day, 19:54:50] <Moriarty_p> Boltz is on SK and Immortals too ?
[1 day, 20:02:50] <csgo_den> idk but i think Boltz is better then felps aswell
[1 day, 20:03:03] <csgo_den> he should stay in SK
[1 day, 20:06:56] <ryenbread12> LUL
[1 day, 20:11:23] <aaws24> :lul:
[1 day, 20:11:33] <aaws24> LUL
[1 day, 20:22:36] <GoodGat> dreamhack in 2017 LUL
[1 day, 20:23:14] <GoodGat> already over LUL
[1 day, 20:46:32] <dummagic> ass
[1 day, 20:50:34] <ozor03> arkadaki karı iyimiş
[1 day, 21:03:26] <invinsible__> BANTTAN MI BU
[1 day, 21:04:55] <CGH96> nbk PogChamp
[1 day, 21:07:48] <InfiniteShrek> God damn it , can't hit shit with m4 and they win round with cz
[1 day, 21:20:48] <独眼的> !uptime
[1 day, 21:20:48] <@Moobot> @Caolhoo Uptime is: 1d 21h 20m 58s
[1 day, 21:26:24] <Obergoo> go NIp!
[1 day, 21:27:28] <Obergoo> when its the naxt map?
[1 day, 21:49:34] <+Dbzkia21> BagOfMemes BagOfMemes BagOfMemes BagOfMemes
[1 day, 21:52:08] <Obergoo> Vac
[1 day, 21:57:53] <johnnnyderp> that chick is hot
[1 day, 21:57:57] <xdmillhouse> TheRinger
[1 day, 21:58:03] <xdmillhouse> agreed
[1 day, 21:58:37] <RoyoWTF> Thank you
[1 day, 22:13:16] <S1rTATL1C1> sa
[1 day, 22:13:51] <+Dbzkia21> rip G2 PowerUpL InuyoFace PowerUpR
[1 day, 22:28:31] <+Melincon> This is live, right?
[1 day, 22:28:49] <Dyanque> No
[1 day, 22:28:59] <+Melincon> gotcha
[1 day, 22:39:08] <Teffalik> draken! GO!
[1 day, 23:32:16] <Tweezybee> Who is mvp
[1 day, 23:44:30] <saltmusta> XD
