[0:04:44] <+Kermit879> girl in back makes them play better
[0:12:20] <AlphaWolf_IzZy> waddup
[0:18:27] <pangazetka> elo
[0:25:01] <razzuzboss> Wtf was that molotow?
[1:07:39] <Eliasen99> aieRIP
[1:11:39] <VodenovBG> BrokeBack
[1:12:11] <z_Fox_> not good team
[1:21:44] <shecen> memes
[1:41:23] <Zack1312YT> kuenMotito kuenMotito kuenMotito kuenMotito kuenMotito kuenMotito
[2:45:29] <IM_not_racist_TriHard> TriHard 8766 TriHard
[3:15:57] <z_Fox_> boom
[4:36:37] <Cerint> Rerun sponsor?
[4:37:02] <Cerint> anyone here ?
[4:41:19] <Nii0n> ye
[5:01:32] <Oleczeku> @dreamhackcs ezz KiNGUiN
[5:24:28] <+pureeviltv> FBtouchdown
[6:02:34] <Hektergames> !commands
[6:03:18] <Hektergames> !crosshair
[6:09:08] <tejas_jack> !title
[6:09:08] <@Moobot> @tejas_jack Title is: RERUN: CLG vs Kinguin - Mirage - Group A - DreamHack ASTRO Open Montreal 2017
[6:15:06] <Birdoncrack> this guys hench as fuck
[6:37:48] <SHARRKxd> Just fucking start
[6:58:40] <CarloosGameR_YT> Hello
[7:20:18] <johnjames2222> Wow
[7:25:54] <XanKoLoL> PogChamp
[7:26:33] <orsimarci1010> wwwwwwwoooooooooooooowwwwwwwwww
[7:33:42] <weevilgangyy2> LUL
[7:34:42] <orsimarci1010> Kappa Kappa
[7:35:15] <XanKoLoL> Kappa
[8:36:48] <washedupcod> 100 viewers, CS is so dead..
[9:16:23] <hapycs> One day i'll me pro
[9:19:16] <axboi> nice
[9:19:49] <aspektisme> good luck @cshappy_
[9:22:13] <axboi> how good r u now?
[9:30:19] <aspektisme> yea.. rank?
[9:31:46] <Hustlegame3> Do they get paid for playing?
[9:34:55] <axboi> Maybe EleGiggle
[9:39:59] <aspektisme> I hope that explains the concept a bit for you @Hustlegame3 ^-^
[9:42:45] <RainnerThales> Bons tempos
[9:46:07] <aspektisme> tfw you watch reruns not for the pro matches but to learn something from the games what am I doing with my life
[9:59:19] <SlippinJimme> woah is this shit really dead
[9:59:34] <SlippinJimme> aww re run
[9:59:44] <aspektisme> @slippinjimjam it's a rerun so no hyoe
[9:59:49] <aspektisme> hype* sorry
[10:57:36] <poepneep> is this game call of duty world war2?
[10:57:45] <Audivitia> No
[10:58:02] <poepneep> ???
[10:58:23] <Audivitia> Csgo
[10:58:30] <Audivitia> Counter strike
[10:58:35] <Audivitia> The better game by faf
[10:58:59] <poepneep> oh ok i see...thanks man
[10:59:23] <poepneep> but why better? cs is so old
[10:59:45] <Audivitia> Yeah but cod takes no skill
[10:59:50] <Audivitia> No tactics
[11:00:03] <Audivitia> And an awful community
[11:00:14] <Audivitia> Csgo has the best platform
[11:01:43] <sepposoturi> ayyy
[11:03:45] <Audivitia> Nayy
[11:08:20] <droopy0128> !mouse
[11:08:27] <droopy0128> !commands
[11:34:40] <shecen> my chay is fucked who dis?
[11:35:15] <shecen> 7 mana 5/5 everyset LUL
[11:44:07] <+AbbeVe> LUL HYPERLUL OMEGALUL ZULUL LUL3D
[11:47:25] <Zhurleey> !sk
[12:02:27] <+AbbeVe> how fucking long are these ads
[12:27:28] <liamQLF> taco flares his nostils
[12:27:33] <liamQLF> its a habit I guess
[12:36:40] <Arhippa1> how did nip rank in this tourney?
[12:40:39] <renecardoso__> Im am from future and olof goes to faze
[12:49:20] <DamageInc7> PogChamp
[12:53:39] <trippswog> FeelsBadMan
[13:13:35] <JustTroII> is this live ?
[13:13:42] <JustTroII> jk
[13:13:53] <rightbabe> yes
[13:14:07] <+CloakedInSilence> How dare you
[13:14:27] <+CloakedInSilence> There is no JK in a live tournament
[13:14:32] <+CloakedInSilence> JK
[13:15:10] <rightbabe> 206 vieverw watching major LUL
[13:16:54] <JustTroII> just waiting for the drop
[13:17:06] <rightbabe> same
[13:18:24] <guiizinmco> SK IS THE BEST
[13:18:30] <guiizinmco> fnatic is the cu
[13:26:52] <me_marque_se_o_fer_rushar> fallen so good
[13:33:19] <mhmdf98> Wow
[13:33:28] <diego_bmd> ez
[13:33:33] <mhmdf98> Yeah
[13:37:11] <+rontos> @RHW_ FUCK
[13:37:24] <+rontos> @rhw_ fuck up
[13:41:28] <Lord_Smoll> SK or Fnatic?
[14:02:44] <nevermoreee> Major final 180 viewers. Dead game LUL
[14:02:57] <1Kez> re run idiot
[14:03:38] <nevermoreee> oh really thank you very much for your educational information
[14:04:02] <1Kez> i'm glad it helped
[14:04:12] <1Kez> it's not your fault you are disabled
[14:05:28] <Bob__Marleyyy> go sk
[14:05:30] <nevermoreee> whats wrong with you
[14:05:48] <Bob__Marleyyy> euhueh
[14:05:56] <nevermoreee> im making a joke and you are writing first idiot then disabled to me
[14:06:09] <nevermoreee> you have serious problems, sorry for you
[14:06:20] <1Kez> lol
[14:06:26] <Bob__Marleyyy> kkkkkk
[14:09:35] <mhmdf98> Lol
[14:21:54] <bhyssk> shut up dude
[14:23:04] <bhyssk> BR IN 2017 LUL
[14:25:27] <Lord_Smoll> 16-4&
[14:29:43] <purpleezs> quem ganhou?
[14:40:13] <JuJUBB12765> What major is this
[14:40:53] <OFDGT> Omae wa mou shindeiru
[14:42:28] <zLucasOp_> tem algum br aqui se tiver men pq ja tem os resultados na net ??
[14:42:56] <zLucasOp_> sk vai ganha de 2 a 1
[14:43:19] <+LetsgoksLLL> serio? e eu achando que era live
[14:43:36] <cyrax1b> LuL
[14:44:14] <zLucasOp_> o felps saio da sk pq ele ta ai ???
[14:44:29] <zLucasOp_> e live gravada
[14:44:35] <YuGioficial> e rerun cara kk
[14:45:11] <+LetsgoksLLL> os cara nao sabem ler vei
[14:45:16] <+LetsgoksLLL> so pode!
[14:45:28] <YuGioficial> haha
[14:45:58] <cyrax1b> ele ta querendo dar uma de troll, ignorem !
[14:46:00] <cryy12> q cara burro
[14:46:53] <zLucasOp_> aqui sk vai ganha 2 mapas e fnatic 1
[14:47:19] <+LetsgoksLLL> vai ganha? ta querendo dizer o que?!
[15:01:36] <citron_eq> is it live ?
[15:02:03] <idrkn> ye
[15:03:07] <citron_eq> Nice !
[15:04:53] <+Sensei_hatori_hanzo> live in june of 2017 not now
[15:05:57] <uSolloSu> No it's live now
[15:06:33] <+Sensei_hatori_hanzo> ok enjoy this "live"
[15:06:50] <Nogzeira> Real live?
[15:07:02] <Nogzeira> Where are this?
[15:07:13] <+Sensei_hatori_hanzo> RERUN!!!!!!
[15:07:14] <uSolloSu> Brooklyn
[15:07:26] <uSolloSu> Brooklyn, Canada
[15:07:30] <KauanBarreto> !commandos
[15:07:42] <KauanBarreto> !cfg
[15:08:46] <Nogzeira> ohh, ok.. When was the game?
[15:08:58] <LuscaoFeshow> 😂😂😂😂 brooklyn, canada
[15:09:06] <Nogzeira> yesterday?
[15:09:10] <uSolloSu> It's live
[15:09:19] <uSolloSu> This sensai fuck is a troll
[15:09:30] <+Sensei_hatori_hanzo> today at morning
[15:09:44] <Nogzeira> God
[15:10:07] <+Sensei_hatori_hanzo> dios?
[15:10:33] <killkiller1> Is rerun the sponsors?
[15:10:57] <+Sensei_hatori_hanzo> of course
[15:11:26] <killkiller1> So it’s live ?
[15:11:37] <Nogzeira> no men
[15:12:05] <Nogzeira> in this morning
[15:12:33] <+Sensei_hatori_hanzo> yeah its live in brooklyn Canada Capital of Argentina
[15:13:01] <Nogzeira> Kappa Kappa
[15:13:22] <LuscaoFeshow> city of the golden state warriors
[15:13:35] <Nogzeira> cavs >
[15:13:47] <+Sensei_hatori_hanzo> and FC Barcelona
[15:14:12] <LuscaoFeshow> kkkkkkkkkk curry > cavs
[15:14:22] <Nogzeira> did you say pelé?
[15:14:50] <+Sensei_hatori_hanzo> Who is Pelé?
[15:15:08] <LuscaoFeshow> pele > nba > gsw > cavs
[15:15:08] <Nogzeira> lul
[15:15:17] <Nogzeira> The best soccer player ever
[15:15:19] <+Sensei_hatori_hanzo> Ok
[15:15:25] <+Sensei_hatori_hanzo> yreally??
[15:15:36] <jaunzinhue> king
[15:15:54] <LuscaoFeshow> im chocked with this information
[15:16:04] <jaunzinhue> have three word cup
[15:16:20] <jaunzinhue> world*
[15:16:25] <Nogzeira> Dont you know him?
[15:16:35] <LuscaoFeshow> a copa das palavras HSUSHS
[15:16:38] <+Sensei_hatori_hanzo> its a joke
[15:17:00] <Nogzeira> So funny
[15:17:12] <jaunzinhue> Kappa
[15:17:23] <+Sensei_hatori_hanzo> Pele great player but the best ever is Messi
[15:17:35] <+Sensei_hatori_hanzo> stats
[15:17:42] <Nogzeira> Wtf
[15:18:33] <LuscaoFeshow> kkkkkkkkkkkk
[15:19:13] <Nogzeira> Messi does not reach the feet
[15:19:24] <LuscaoFeshow> this champ is bo3?
[15:20:25] <Nogzeira> Does BR's exist here?
[15:20:34] <WashiZiro> izi
[15:21:03] <+Sensei_hatori_hanzo> Coldzera is God
[15:21:06] <jaunzinhue> no, soy boliviano Kappa
[15:21:11] <+Sensei_hatori_hanzo> Ferbot
[15:21:29] <+LetsgoksLLL> SK>>>ALL
[15:21:53] <jaunzinhue> ez
[15:21:56] <LuscaoFeshow> fer what?
[15:22:22] <+Sensei_hatori_hanzo> yfer is out of SK! for??
[15:22:30] <Nogzeira> Seis precisa fazer umas aula de ingles
[15:22:35] <LuscaoFeshow> no
[15:22:35] <Nogzeira> ta feio ai
[15:22:36] <+Sensei_hatori_hanzo> its so bad for SK
[15:22:49] <LuscaoFeshow> felps get out of sk
[15:22:56] <+Sensei_hatori_hanzo> ok sorry
[15:22:56] <WashiZiro> SK the best team in the world
[15:23:02] <+LetsgoksLLL> seis? e tu de portuguê, né?
[15:23:06] <Nogzeira> felps é um cone
[15:23:09] <+LetsgoksLLL> português*
[15:23:17] <jaunzinhue> kkkkkkkk
[15:23:23] <Nogzeira> kkkkkkk
[15:23:30] <+LetsgoksLLL> eahuehuauhea
[15:23:36] <+LetsgoksLLL> tirando onda pvt
[15:23:37] <Nogzeira> Seis = Vocês = you
[15:23:39] <ferprimoso> fergod
[15:23:40] <+Sensei_hatori_hanzo> only PTs and brazucas here?
[15:23:43] <Nogzeira> kkkkkkkkkk
[15:23:53] <Nogzeira> Brazucas
[15:24:00] <Nogzeira> Boludito vacilao
[15:24:00] <+LetsgoksLLL> nao sei onde esse seis é = vocês
[15:24:02] <LuscaoFeshow> pt nada
[15:24:08] <+LetsgoksLLL> seis = 6
[15:24:16] <ferprimoso> o fer é um monstro
[15:24:17] <+Sensei_hatori_hanzo> vacilao hahahaha
[15:24:23] <+Sensei_hatori_hanzo> i love u
[15:24:35] <LuscaoFeshow> todo mundo br
[15:24:39] <jaunzinhue> lul
[15:24:49] <Nogzeira> Fallen fisk
[15:24:50] <LuscaoFeshow> e se falando em inglês a um tempao
[15:25:01] <Nogzeira> Sensei é br?
[15:25:20] <+Sensei_hatori_hanzo> falade Portugues eu sei algo
[15:25:27] <lpanzer95> fallen fez fisk
[15:25:32] <Nogzeira> tradutor zika kkkkkkkkk
[15:26:03] <+Sensei_hatori_hanzo> caralho
[15:26:06] <Nogzeira> Why boludos say "brazucas" ?? @Sensei_hatori_hanzo
[15:26:15] <LuscaoFeshow> boludo?
[15:26:17] <+Sensei_hatori_hanzo> boludos from??
[15:26:17] <@Moobot> Follow DreamHack on twitter.com/dreamhackcsgo - facebook.com/DreamHackCSGO - instagram.com/dreamhack - snapchat.com/add/dreamhacklive
[15:26:39] <LuscaoFeshow> get ou of our beachs boludo maldito
[15:26:40] <Nogzeira> boludo = no brazilian guys
[15:26:49] <LuscaoFeshow> out*
[15:27:07] <+Sensei_hatori_hanzo> ah ok Brazilian guys are American Tugas
[15:27:07] <LuscaoFeshow> achei q era argentino kkkkkkkkk
[15:27:42] <Nogzeira> kkkkkkkkkkk
[15:27:47] <Nogzeira> no, suck here
[15:27:56] <Nogzeira> tuga = portuga = portugal
[15:27:56] <+Sensei_hatori_hanzo> i love u
[15:29:09] <+Sensei_hatori_hanzo> ta tranquilo ta favoravel!
[15:29:16] <esterbein> iziiii
[15:30:05] <Nogzeira> Where did the Brazilian term emergy abroad?
[15:30:14] <Nogzeira> "Brazuca"
[15:32:51] <imortalplayx> O Major é nosso... The Major is ours... Brazil!!!
[15:46:02] <IMPHorse> braaasil
[15:49:40] <flyinzombie101> Bro who the hell is boots
[16:29:14] <CaOkE> B) B) B) B) B) B) B)
[16:29:19] <CaOkE> :/ :/ :/ :/ :/ :/ :/
[16:29:23] <CaOkE> :O :O :O :O :O :O B) B) B) B)
[17:40:24] <0rhythm> cmonBruh
[17:40:55] <0rhythm> Kappa
[17:41:51] <0rhythm> Vitrus noob
[17:42:04] <khrenomorf> khrenoTushite
[17:42:13] <0rhythm> KappaClaus
[17:43:09] <0rhythm> GTChimp
[17:44:39] <0rhythm> TriHarf
[17:44:47] <Mr_meatball28> lel
[17:44:48] <0rhythm> WhatTheFuxk
[17:44:49] <khrenomorf> ktvskyUMP
[17:45:35] <Mr_meatball28> virtus have lost
[17:46:45] <Mr_meatball28> gggggggggggg
[17:46:49] <0rhythm> GTChimp
[17:46:51] <khrenomorf> ktvskyGG
[17:47:04] <0rhythm> ClappyDerp ClappyHype
[18:03:40] <+BamAddon> qtpWAVE qtpWAVE qtpWAVE qtpWAVE
[19:46:10] <kysxdd> whats this song?
[20:11:25] <gonzocc> why isnt phantoml0rd trade banned?
[20:23:03] <AlphaWolf_IzZy> vac
[20:36:24] <JCMSAMA> who tf is phantomlord
[20:37:45] <gonzocc> google it
[20:39:30] <Ex6tence> i guess hes not playing his own mouse. else he would have seen them ^^
[20:40:59] <Thebelgianbg> who?
[20:41:23] <Ex6tence> flusha
[20:41:32] <Thebelgianbg> oh ok
[20:43:24] <Ex6tence> see he did it again lol
[20:49:41] <Thebelgianbg> lmao
[20:49:49] <Thebelgianbg> wtf
[20:55:10] <haryztybetu92> live
[22:00:00] <+bLy1337> all-in nip
[22:11:58] <estenrique> kick olof
[22:12:04] <estenrique> shitest player ever
[22:13:08] <u4k40w4> BabyRage
[22:36:16] <+AyeVOiD> a
[22:43:17] <+Kisay2> b
[22:43:24] <hrabosek25> c
[22:43:29] <MyNameisCalz> myname25CalzGG
[22:51:08] <bobekos1> Kappa
[22:59:24] <enchyyyyy> csgo is dead
[23:08:22] <grimnirg> Yet here you are, care enought to type in the chat
[23:23:08] <Eppy_killerman> dsdsdssdssd
[23:40:29] <+SweGameZ_> well this is boring to watch...
[1 day, 0:04:02] <axboi> EleGiggle
[1 day, 0:06:26] <broanus> PJSalt
[1 day, 0:09:45] <SpicyRL> PJSalt PJSalt PJSalt PJSalt PJSalt PJSalt
[1 day, 0:14:22] <+PbThunder_TAW> BabyRage BabyRage BabyRage
[1 day, 0:16:07] <+Notassss> gg
[1 day, 0:19:09] <Kormapro> nerds
[1 day, 0:32:22] <Alii_C7> Guys is that like really live and being played now ? Or its recorded tournament ??
[1 day, 0:37:32] <+Notassss> rec
[1 day, 0:37:46] <+SweGameZ_> when was this game?
[1 day, 0:39:12] <+Notassss> I dont know
[1 day, 0:42:22] <+OberSpaltPilz> this is live?
[1 day, 0:43:01] <+Notassss> recorded maybe
[1 day, 0:45:55] <+DnaGhost1> Rerun fam - first word in the title
[1 day, 0:47:32] <+Notassss> xD
[1 day, 0:48:03] <+OberSpaltPilz> RERUN is the sponsor fam Kappa
[1 day, 1:01:48] <mgodzilla12> helli
[1 day, 1:19:45] <s1xBIGcheaterinwOw> jasonrMean
[1 day, 1:30:52] <+31LooN31> ..
[1 day, 1:32:31] <+new1999> PogChamp
[1 day, 2:27:07] <saken123> BOT VP
[1 day, 2:27:25] <saken123> why is chat dead?
[1 day, 2:27:35] <saken123> 200 viewers major LUL
[1 day, 2:28:04] <saken123> dead game LUL
[1 day, 2:28:11] <MaBrotherTv> @saken123 we are watching the match :)
[1 day, 2:28:23] <kick1982> "is this live?"
[1 day, 2:28:32] <saken123> yes
[1 day, 2:30:55] <saken123> VAC
[1 day, 3:05:45] <by_penguen> barbekü oldu yala
[1 day, 3:06:24] <hokal2007> !commands
[1 day, 3:38:07] <marnikgames> LUL
[1 day, 3:55:04] <bananapantsppp> anyone wanna go comp ?
[1 day, 4:00:30] <+TheMinnesotaGamer> cant shoot them in clear sight
[1 day, 4:00:40] <+TheMinnesotaGamer> shoots perfectly through smoke
[1 day, 4:03:12] <Bobby_Ash> xD @mrbombass911
[1 day, 4:05:41] <+Wonderbread180> Forget this match, follow me for quality gameplay
[1 day, 4:44:07] <gam3rdruide> HELLO
[1 day, 4:44:21] <jsmr3298> its me
[1 day, 4:45:11] <Lindgrennnnn> Yeah boiiiiiiiiiiiiiiiiiiiiiiiiii
[1 day, 4:45:52] <Lindgrennnnn> KappaRoss
[1 day, 4:46:07] <gam3rdruide> KappaClaus
[1 day, 4:46:20] <Lindgrennnnn> KappaRoss KappaRoss
[1 day, 4:46:35] <gam3rdruide> KappaClaus KappaClaus
[1 day, 4:48:16] <Lindgrennnnn> Byr
[1 day, 4:56:16] <Kosiarka3000> Hello?
[1 day, 4:57:18] <Amedeyo> Hi
[1 day, 4:57:24] <Kosiarka3000> ih
[1 day, 4:57:30] <Kosiarka3000> hi
[1 day, 4:57:41] <Kosiarka3000> sup
[1 day, 4:58:41] <Kosiarka3000> Kappa
[1 day, 5:04:26] <Kosiarka3000> Defuse LUL
[1 day, 5:11:39] <+TheGumBoy> wtf lol
[1 day, 5:22:35] <Kosiarka3000> gg
[1 day, 5:22:43] <Kosiarka3000> rerun wp LUL
[1 day, 5:37:06] <luckyboy2147official> hi :DDD
[1 day, 5:53:23] <Bedo94> is this live?
[1 day, 5:53:51] <malagar1234> no rerun
[1 day, 5:54:14] <Bedo94> no?
[1 day, 5:54:21] <malagar1234> no
[1 day, 5:54:52] <Bedo94> the commentator said it was live tho. I dont know what kind of grass you are smokeing LuL
[1 day, 5:56:29] <malagar1234> it was live when it was recorded.... look at the name....says rerun at the start.... I want what your smokin!!! 😂
[1 day, 5:57:15] <Bedo94> what has rerun to do with anything? rerun is the sponsor... the stream has to be live cuz the commentators are talking about what we see on the screen
[1 day, 5:57:59] <badirca> why did csgo died ?
[1 day, 5:58:06] <malagar1234> cause thats what they said when it was recorded when it was live.... rerun means playing again cause nothing going live tonight
[1 day, 5:58:57] <malagar1234> @badirca cause everyone is playing pubg now
[1 day, 5:59:24] <Bedo94> they recorded the commentator???? so you are saying they are predicting whats gonna happen in the game???? that does not make any sens my dude.
[1 day, 5:59:56] <badirca> @malagar1234 thank you !
[1 day, 6:00:21] <malagar1234> the commentators and the game where recorded at the same time man... no really stop smokin that shit....
[1 day, 6:00:54] <malagar1234> @badirca np
[1 day, 6:01:03] <Bedo94> well, im not the stoned one thinking this isnt live lol
[1 day, 6:01:55] <Bedo94> lets go NORTH!!! you can do this
[1 day, 6:04:51] <malagar1234> it was in august
[1 day, 6:05:00] <malagar1234> north 16:8
[1 day, 6:05:16] <malagar1234> and they win next map too... google it
[1 day, 6:22:18] <+MarcusHyden> hä
[1 day, 6:40:42] <hawkeye_havoc> is this live ?
[1 day, 6:41:21] <killerswiitch> @hawkeye_havoc stop asking stupid questions
[1 day, 6:41:23] <hawkeye_havoc> anyone alive ?
[1 day, 6:42:38] <Giliscool98> no
[1 day, 6:55:37] <mcniff1337> live?
[1 day, 7:04:15] <zeffault> hi
[1 day, 7:04:18] <leo3907> Rerun...
[1 day, 7:06:31] <+jeffgangsta666> LUL
[1 day, 7:06:46] <ty_myers82> Csgo is died lol...
[1 day, 7:13:47] <s1xBIGcheaterinwOw> jasonr1 jasonr2 jasonr3 jasonr4
[1 day, 7:13:53] <s1xBIGcheaterinwOw> jasonr1 jasonr2
[1 day, 7:14:54] <SafakERS> :O wow
[1 day, 7:31:44] <+xVese> lol wtf
[1 day, 7:45:01] <gromzzy> NICE INGLEH VRO
[1 day, 7:56:46] <gromzzy> Seized returned to Navi)))
[1 day, 8:00:50] <+remper> P90 noob
[1 day, 8:31:24] <umitbulut> A :DAS DASD AS asd
[1 day, 8:31:40] <umitbulut> asdasdasdasdas
[1 day, 8:31:41] <axboi> :D
[1 day, 8:35:48] <umitbulut> v
[1 day, 8:36:27] <umitbulut> :O <3 <3 <3 <3 <3 <3
[1 day, 8:46:06] <vekassyilles> gambit sucks
[1 day, 8:59:31] <NapzX> this is a rerun right?
[1 day, 8:59:42] <AlessiioTV> yes
[1 day, 8:59:54] <NapzX> @AlessiioTV ty
[1 day, 9:00:04] <AlessiioTV> np @NapzX
[1 day, 9:04:25] <+quitshii> hi :D
[1 day, 10:54:11] <+Grimshaw1988> Sup
[1 day, 10:54:25] <+Aiethron> Howdy?
[1 day, 10:54:55] <+Grimshaw1988> What it duu
[1 day, 10:55:44] <+Grimshaw1988> You good fam?
[1 day, 10:56:00] <+Aiethron> yeah. how about yourself?
[1 day, 10:56:08] <+Grimshaw1988> flexn
[1 day, 11:48:59] <+MaverickUK2K> Best of 3?
[1 day, 11:50:40] <SarcasticPieceOfTrash> most likely
[1 day, 11:51:10] <+MaverickUK2K> Wtf
[1 day, 11:51:21] <SarcasticPieceOfTrash> god
[1 day, 11:51:54] <SarcasticPieceOfTrash> this makes me look worst than i already am Kappa
[1 day, 11:53:48] <+MaverickUK2K> Ikr Kappa
[1 day, 12:04:42] <SsronSsk> E
