[0:00:00] <ignaciostgo22> clip pls of scream??
[0:00:00] <leshtaaa> ADELE?
[0:00:01] <Slawpokke> ADEL!
[0:00:02] <+aimlevel> he's kinda bored isn't he?
[0:00:02] <+Kharadox> adele
[0:00:03] <pluieZ> LUL
[0:00:04] <+flammx> Adil and pala KappaPride
[0:00:06] <h1mqa> adild
[0:00:06] <Haze_79> Adele
[0:00:06] <Pvppieter> ======== kys
[0:00:07] <Misighty> @BrickBlocks you try to do an interview in other than your mother language
[0:00:07] <Koekwousx> im a TriHard
[0:00:07] <pranayprasad3> lul there is a crowd ? Keepo
[0:00:10] <kidburrito> ADELE
[0:00:12] <billiejoearmstrong21> adel?
[0:00:14] <Slawpokke> Anele
[0:00:14] <HainKostok46> BrokeBack
[0:00:14] <LeMon_Rs> !Bracket
[0:00:14] <@Moobot> @LeMon_Rs http://wiki.teamliquid.net/counterstrike/DreamHack/2017/Winter
[0:00:15] <leshtaaa> SKYLIGHT LUL
[0:00:15] <TheLunatikk> Pimpy
[0:00:16] <Jimmy_69_> ANELE
[0:00:17] <BrianFnPillman> cmonBruh
[0:00:18] <Setroc_CS> "Sleep well" LUL
[0:00:18] <Zharl> SMOrc
[0:00:21] <h1mqa> LUL
[0:00:21] <MisterCoolone> chat cmonBruh
[0:00:23] <Pvppieter> adele
[0:00:23] <Fartmarerh> uglellalllez
[0:00:23] <modsaremafia> adolf?
[0:00:23] <Natuschh> navi are NOOBS without Guardian
[0:00:23] <Semain1> ¯\_(ツ)_/¯
[0:00:23] <the_savage_hd> His name is Adil
[0:00:24] <Najwiekszy_Fan_Grubego> ANELE IceCold
[0:00:27] <iimkrow> no people
[0:00:28] <Soldiermaista > NA SPOTLIGHTS
[0:00:29] <+wannesj203> Did spunJ's voice get deeper? LOL
[0:00:30] <voodooJoseph> ADILE
[0:00:32] <KingRoflz> wait no gambit vs nv??
[0:00:33] <era2e> Ogre
[0:00:33] <official_joee> Rolling in the Deep
[0:00:33] <vinazika> RED
[0:00:34] <sumoboi22> anyone else tired of seeing SPUNJ constantly
[0:00:39] <+LucidalCake> pimpDog pimpDog pimpDog
[0:00:40] <Rafiki134> EZ
[0:00:42] <RandomCookie12> monkaS SoSnowy
[0:00:44] <+InsomniaticPanda> not on lane
[0:00:44] <+brooch_fan> YES LUL
[0:00:45] <+NawgsZy> @wannesj203 sick maybe?
[0:00:46] <RATCHETndank> P l M P danGasm
[0:00:47] <+c_o1baker> thebea21BeastBoxAngry thebea21BeastBoxAngry thebea21BeastBoxAngry thebea21BeastBoxAngry thebea21BeastBoxAngry
[0:00:47] <Bob_Todd> @PWN3D__ that is from south park. Maybe if i sounded a little more asian it would be funnier
[0:00:47] <jackeroux> Kappa
[0:00:47] <Starf123> RED
[0:00:48] <Fartmarerh> 31-28 took half of the matches away LUL
[0:00:49] <+Castrule> haHAA
[0:00:49] <leshtaaa> @KingRoflz they played already
[0:00:50] <+NawgsZy> @sumoboi22 what are you, not gay? he's sexy af
[0:00:51] <Drakhrun> Sk today?
[0:00:51] <steve2hs> What happened to spunjs voice?
[0:00:52] <Scratchy35> LUL
[0:00:52] <hugoapelsin> gagagagggaggaggaggagagggagggggggggggaggag
[0:00:53] <Rafiki134> SoSnowy
[0:00:54] <+font8> 4 epsorts going at once and everyone's just talking NotLikeThis
[0:00:55] <pluieZ> sellout!
[0:00:58] <PvPMrHD> Gambit won 31 to 28 vs navi
[0:00:59] <+shockadinz1> aey
[0:00:59] <+sterling0161> PIMP PogChamp
[0:01:00] <BrianFnPillman> Samsong?
[0:01:00] <+Castrule> sellout
[0:01:01] <snofffe> Sony?
[0:01:03] <+stravaTV> is he blind?
[0:01:04] <mrlordzxz> SELLOUT
[0:01:04] <matuL> samson?
[0:01:05] <thelegendkiIler> sellout
[0:01:05] <+LucidalCake> pimpPIMP pimpPIMP pimpPIMP pimpDog pimpDog pimpDog
[0:01:06] <spokezfps> AHAHAH
[0:01:07] <+MrGrifft> LUL
[0:01:08] <Scratchy35> Samsung
[0:01:09] <adamz003> !maps
[0:01:09] <@Moobot> @adamz003 They only play one map :)
[0:01:09] <pluieZ> sellout
[0:01:09] <+Maelstrom21> sony?
[0:01:10] <imernesimi> SCAM
[0:01:10] <gurjyot147> LG?
[0:01:11] <Drakhrun> !help
[0:01:12] <+Thaermos> sämsong?
[0:01:12] <berndlauert8> whats a samsonk
[0:01:13] <pedro_camargo> sam's son
[0:01:14] <Natuschh> samSONG cmonBruh
[0:01:14] <Semain1> Sellout?
[0:01:14] <+InsomniaticPanda> its not gay to say scream is good looking and has a nice body as well
[0:01:15] <+wannesj203> @NawgsZy last game (an hour ago) his voice sounded normal tho
[0:01:16] <+sterling0161> P I M P PogChamp
[0:01:16] <+Maelstrom21> SCAMSUNG
[0:01:18] <TzSpeX> SAMSONG
[0:01:19] <RATCHETndank> danCash Samsung provided by Samsung, paid for by Samsung. Samsung
[0:01:19] <SweHun> Sellout boi
[0:01:21] <adamz003> !score
[0:01:21] <gurjyot147> SCAMSUNG
[0:01:21] <@Moobot> @adamz003 Games are best of one for today :)
[0:01:23] <pedro_camargo> pimpProf pimpProf pimpProf
[0:01:24] <+sterling0161> automod DansGame
[0:01:29] <Fartmarerh> na circle LUL
[0:01:29] <mr_Sonus_> QUEUE PHOON MUSIC
[0:01:31] <MichaelHQWong> monkaS
[0:01:35] <RATCHETndank> LUL
[0:01:35] <d1am0nd5> sunny knife LUL
[0:01:37] <pranayprasad3> lul csgo dota
[0:01:37] <Drakhrun> !teams
[0:01:37] <@Moobot> @drakhrun https://open.dreamhack.com/2017/dreamhack-winter-groups/
[0:01:38] <modsaremafia> what a sh1t
[0:01:42] <BrianFnPillman> Pacman?? PogChamp
[0:01:48] <+tehsmgb> Prince Kappa
[0:01:49] <pranayprasad3> NotLikeThis NotLikeThis
[0:01:54] <lliinaa> MonkaSSSS
[0:01:55] <Fartmarerh> that's a molotov? looks like a NUKE LUL
[0:01:56] <fakewars> Rimworld PogChamp
[0:01:57] <Rozio1> wtf is this shit
[0:01:58] <black_nekker> THANKS MR SPUNJ
[0:01:59] <adamz003> who won? :D
[0:02:01] <Dannefox> happy le baiter
[0:02:06] <hugoapelsin> saaaaaaaaaamsuuuuuuuuuuuung
[0:02:07] <+InsomniaticPanda> RpK entry fragger how top frags again only play in CS Go doing this
[0:02:07] <BrianFnPillman> SAMSONG??
[0:02:08] <+GGidiot> SAMSUNG MingLee
[0:02:08] <RATCHETndank> ??????
[0:02:09] <Scratchy35> samson
[0:02:10] <raydongg> "BY SAMSUNG" LUL
[0:02:10] <+afraidof138> SAME SONG
[0:02:10] <Dannefox> HAHAHA
[0:02:11] <Fartmarerh> @adamz003 as always MogolZ won again
[0:02:12] <+Thaermos> samsong?
[0:02:12] <+Maelstrom21> SAME SONG LUL
[0:02:13] <tedjurke> LOL
[0:02:13] <尺王月辶什刀> SAME SONG?
[0:02:13] <matuL> Samson?
[0:02:13] <+PWN3D__> @Bob_Todd Hahahaha oh yeah MingLee and PogChamp DICIPRINE LUL
[0:02:14] <RATCHETndank> Samsung danDuck
[0:02:14] <chxncee> This makes it a lot better to look at I like it
[0:02:14] <Rozio1> racist
[0:02:14] <mr_Sonus_> samesong
[0:02:14] <Grimzzz> 4Head
[0:02:15] <+dan_kp> MingLee
[0:02:15] <+krustcs> semsnug
[0:02:15] <KawooYT> SAME SONG?
[0:02:16] <pedro_camargo> pimpTilt
[0:02:17] <fakewars> MingLee
[0:02:18] <NonShensh> MingLee samson
[0:02:18] <lazeeer> LUL
[0:02:18] <+LucidalCake> they harras him BibleThump haha
[0:02:19] <+shockadinz1> sellout
[0:02:20] <hugoapelsin> SAMSONG
[0:02:20] <+sterling0161> p1mp PogChamp
[0:02:21] <deletao> same song LUL
[0:02:21] <Coleridge49> SELLOUT
[0:02:22] <snofffe> Samson? Simpsons?
[0:02:22] <+thescrotom> why are there chat rules lmao fuck all of you
[0:02:22] <Solaris_csgo> OSKAR 11 kills
[0:02:22] <+jepp_gogi> ham slung
[0:02:23] <+aimlevel> samesong
[0:02:24] <dat_cough_syrup_drank> SCAMSUN
[0:02:24] <+thorsidius> DAMN SON??
[0:02:25] <Rafiki134> semsunn haHAA
[0:02:26] <TzSpeX> SAMNSON
[0:02:26] <+afraidof138> sameson
[0:02:28] <kidburrito> SMSNG
[0:02:28] <PartyOctopus> botskar
[0:02:30] <hugoapelsin> ZAJMSÅNG
[0:02:30] <Semain1> xms assistts ¯\_(ツ)_/¯
[0:02:32] <Kc818> LOL
[0:02:34] <+thescrotom> who's down to throw hands IRL? whisper me if you got a pair
[0:02:34] <+wannesj203> Samsung
[0:02:34] <+IoNoSean> @jasonR PogChamp
[0:02:34] <cakkala> Samesong
[0:02:35] <voodooJoseph> samson
[0:02:36] <deletao> Damn son where'd you find this? PogChamp
[0:02:37] <ignaciostgo22> SEXER
[0:02:37] <+sterling0161> P1MP <3
[0:02:37] <Volenglobe> SAM SOON
[0:02:38] <spokezfps> sung not song
[0:02:38] <pranayprasad3> FUCK
[0:02:39] <SweHun> Scamsung lets go
[0:02:39] <TzSpeX> SAMSONG
[0:02:40] <+InsomniaticPanda> RpK is literally the only entry fragger in CS Go who hard carries prove me wrong
[0:02:42] <+s1m0> Kappa pimpHype pimpHype pimpHype pimpHype pimpHype
[0:02:42] <hugoapelsin> SLIMESONG
[0:02:45] <+tehsmgb> semsung
[0:02:51] <COLT3R> SPUNJ <3
[0:02:56] <deletao> @InsomniaticPanda I... I can't FeelsBadMan
[0:02:59] <+s1m0> pimpDog pimpDog pimpDog pimpDog
[0:03:04] <+LucidalCake> pimpHype pimpHype pimpHype pimpDog pimpDog
[0:03:06] <mamoune200> WHO WON ?
[0:03:06] <pedro_camargo> pimpBiceps
[0:03:06] <BrianFnPillman> SpunJ related to ChrisJ? PogChamp
[0:03:08] <Skillz_hodor> @insomniaticpanda he is not an entry fragger
[0:03:09] <+MT_Bucket> Envyus of trophies, ROASTED
[0:03:10] <RATCHETndank> So much Chambray GTChimp
[0:03:13] <motimag> sixer??!??
[0:03:17] <lazeeer> even tabsen???? :rage:
[0:03:18] <+thorsidius> @InsomniaticPanda Rez??
[0:03:21] <SweHun> Samsung, presented by samsung hosted by samsung, sponsored by samsung, oh btw we aint affiliated with samsung just random
[0:03:21] <snofffe> 31-28 ....
[0:03:21] <Bantarito> @InsomniaticPanda XMS is the entry lol
[0:03:24] <+sterling0161> big p1mpin spinning cheese che che che che cheese
[0:03:27] <blendiavdyliii> who create a clip the last hs from scream
[0:03:31] <pedro_camargo> working for DreamHack is almost as good as selling pimpDog
[0:03:31] <@Moobot> Follow DreamHack on twitter.com/dreamhackcsgo - facebook.com/DreamHackCSGO - instagram.com/dreamhack - snapchat.com/add/dreamhacklive
[0:03:41] <yacoub456> !score
[0:03:41] <kidburrito> HEROIC
[0:03:41] <@Moobot> @yacoub456 Games are best of one for today :)
[0:03:58] <Skillz_hodor> @moobot nobody asked fo
[0:04:02] <+LucidalCake> cuz im a mother**king pimpDog SourPls
[0:04:08] <fortminor995> PowerUpL DarkMode PowerUpR
[0:04:13] <motimag> wait what
[0:04:14] <yacoub456> who won against navi and gambit
[0:04:15] <xtrapanda_> can't understand pimp smh
[0:04:20] <Abovner> no more games today?
[0:04:25] <+NawgsZy> @xtrapanda_ are you retard?
[0:04:27] <Adamtom25> SHU
[0:04:28] <ne9ative> @blendiavdyliii me, sending in priv
[0:04:29] <recepyorur> gambit won
[0:04:31] <RATCHETndank> i don't understand the brackets LUL
[0:04:31] <Mistagin> Rise LuL
[0:04:33] <bucket654> ```?????
[0:04:33] <Kc818> What’s wrong with pimp
[0:04:34] <wo1fyhatesgames> NaVi got kicked?
[0:04:35] <lazeeer> ?????
[0:04:38] <akrcommando> hes easy to understand
[0:04:49] <TzSpeX> EnVy MonkaS
[0:04:51] <wo1fyhatesgames> Navi got off???
[0:04:52] <Hardcoar> ANYONE HAS CLIP OF SIXER'S SCREW-UP?
[0:04:53] <5Aces_eSport> So exhausting to listen to Pimp
[0:04:53] <bucket654> @masterOFdoomies agree
[0:04:54] <+Piadis> !bracket
[0:04:54] <Adamtom25> wtf
[0:04:54] <@Moobot> @Piadis http://wiki.teamliquid.net/counterstrike/DreamHack/2017/Winter
[0:04:55] <lazeeer> easy to understand if u have a potato in ur throat LUL
[0:04:56] <NonShensh> KappaPride
[0:04:58] <RandomCookie12> monkaS SantaHat
[0:04:58] <philnovv> LOL SO FUNNY
[0:04:58] <+LucidalCake> KappaPride
[0:04:59] <Rozio1> ???
[0:05:00] <yacoub456> KappaPride
[0:05:02] <Triple6gamer> KappaPride KappaPride KappaPride
[0:05:02] <norskbukse> KappaPride
[0:05:03] <pedro_camargo> pimpPIMP
[0:05:04] <Semain1> ¯\_(ツ)_/¯
[0:05:07] <philnovv> LOL SUCH COMEDY
[0:05:07] <+LucidalCake> could they stop being so weird lmao
[0:05:09] <valentin2704> navi loose gambit win OK ?!
[0:05:10] <+CrossedAlarm> sellout
[0:05:10] <TrapAholiK5> sumMolly sumMolly sumMolly sumMolly sumMolly
[0:05:11] <Coleridge49> LUL
[0:05:11] <lahtivatt1> !schedule
[0:05:11] <@Moobot> @lahtivatt1 https://open.dreamhack.com/2017/dreamhack-winter-groups/
[0:05:12] <exp1red_> !schedule
[0:05:12] <Raabeerr> balbalbalbalbal NAVI balblablablablblab csgo
[0:05:12] <Adamtom25> wtf he sayin
[0:05:12] <Semain1> KappaPride
[0:05:13] <RATCHETndank> GLITTER danSgame
[0:05:14] <+piccips> Kappa
[0:05:14] <acez9> sellout
[0:05:18] <philnovv> LOL VERY FUNNY JOKE
[0:05:18] <Spoonman20> EVEN
[0:05:24] <RATCHETndank> don't forget Samsung
[0:05:25] <Rozio1> kids trying to be funny when hes not
[0:05:25] <mine4views> PunchTrees
[0:05:30] <coreydev> Glitter is not safe tbh
[0:05:31] <+HALO3SHIZAL1> SantaHat Wowee
[0:05:32] <akrcommando> @bucket654 its like these idiots need to hear prefect pronunciation to understand anything
[0:05:37] <CrustyBeans> bb
[0:05:37] <kidburrito> Dreamhackk losing viewer to shroud LUL
[0:05:37] <nuclear_ass> !brackets
[0:05:38] <imernesimi> danSgame
[0:05:39] <yacoub456> LOL
[0:05:42] <RandomCookie12> Wowee SantaHat
[0:05:42] <アデム> GTChimp
[0:05:42] <skanderRz> LOL
[0:05:43] <Ibriii> Kappa
[0:05:43] <Kc818> Samsung
[0:05:44] <Mrblankos> VAC
[0:05:44] <nuclear_ass> !shedule
[0:05:46] <TuhHoryAeyzeins> LIL
[0:05:46] <RATCHETndank> CHRISTMAS MAGIC '
[0:05:47] <BrianFnPillman> KappaPride SantaHat
[0:05:50] <+ExtraLexical> LUL SantaHat
[0:05:51] <+RiktarLive> I'd rather know the Score Kappa
[0:05:51] <Triple6gamer> jasonrHU jasonrUU jasonrUU jasonrUU jasonrUU
[0:05:52] <Zgene> KappaClaus
[0:05:53] <+HALO3SHIZAL1> SantaHatWowee
[0:05:53] <Mrblankos> haHAA
[0:05:54] <TuhHoryAeyzeins> LuL
[0:05:58] <Spoonman20> GTChimp TOP1 2017 GTChimp
[0:06:01] <Mrblankos> haHAA SantaHat
[0:06:01] <fruzi3s> hill billy music WutFace
[0:06:02] <deletao> LuL SantaHat
[0:06:05] <notsopacho> Santa haus
[0:06:06] <Adamtom25> Cringe
[0:06:11] <beth8954> !bracket
[0:06:11] <@Moobot> @beth8954 http://wiki.teamliquid.net/counterstrike/DreamHack/2017/Winter
[0:06:13] <@Perm> !schedule nuclear_ass
[0:06:13] <@Moobot> @nuclear_ass https://open.dreamhack.com/2017/dreamhack-winter-groups/
[0:06:16] <ignaciostgo22> SEXER
[0:06:16] <IlIlIlIlIlIlIllIlIl> SantaHat
[0:06:17] <TravLLR> lul
[0:06:18] <TheDarkMessiah> "intrest"
[0:06:19] <xpro3636> ANELE ANELE
[0:06:20] <NonShensh> D:
[0:06:22] <IlIlIlIlIlIlIllIlIl> Kappa SantaHat
[0:06:23] <+LucidalCake> lol that snowmanpimp xD
[0:06:24] <bucket654> XD
[0:06:25] <+HALO3SHIZAL1> Wowee SantaHat
[0:06:27] <Toudii> end?
[0:06:28] <reginaldbestmideu> ?????????????
[0:06:28] <BrianFnPillman> Spiderman???
[0:06:29] <AI_n> LUL
[0:06:34] <Addymestic> !bracket
[0:06:34] <CHUGE847> ..I..
[0:06:34] <RandomCookie12> :) SantaHat
[0:06:35] <ignaciostgo22> ADREN ILLUMINATY ?
[0:06:38] <IlIlIlIlIlIlIllIlIl> KKona SantaHat
[0:06:39] <尺王月辶什刀> CoolCat SnowHat
[0:06:41] <TheCigarnivore> SHOCKEY
[0:06:41] <kidburrito> Spodermon PogChamp
[0:06:42] <公民> PowerUpL PowerUpL PowerUpL KAZAKHSTAN PowerUpR PowerUpR PowerUpR
[0:06:43] <@Perm> GGs people, we're done for today, thanks for memeing and chatting, enjoy the rest of your day/night, see you later!
[0:06:48] <TheCigarnivore> SHOCKER
[0:06:48] <Felunya> !schedule
[0:06:48] <@Moobot> @Felunya https://open.dreamhack.com/2017/dreamhack-winter-groups/
[0:06:52] <BrianFnPillman> KKona SantaHat
[0:06:53] <Adamtom25> xD
[0:06:54] <onvac> adren Kappa
[0:07:00] <Tee_eM> brownS
[0:07:03] <Philip_TriHard> IceCold
[0:07:06] <Mardony> WRF
[0:07:07] <major_rager21> VoHiYo
[0:07:08] <@Perm> @templaresque Jebaited 7
[0:07:08] <Adamtom25> Cya
[0:07:09] <NonShensh> monkaS
[0:07:16] <enzim_enzim> Please one tap clip !!!!
[0:07:17] <kidburrito> Is next match coming or is it over?
[0:07:18] <+polochvz12> blllliiieeennn
[0:07:20] <onvac> FailFish
[0:07:24] <GrenRX> haHAA
[0:07:26] <deletao> @Perm what is CET? is that like GMT +1 ?
[0:07:29] <Diniov> Clap
[0:07:35] <AngriestPlayerNA> monkaS SantaHat SoSnowy CLap
[0:07:38] <PuffinSmoke> LUL
[0:07:38] <ReliktGamingHD> !next
[0:07:39] <jawapg> lmao apple roast
[0:07:39] <@Perm> @deletao Yes... I think so
[0:07:42] <Dolphin_Pizza> headphone jack in 2017 PogChamp
[0:07:43] <+Nazfalas> headphone jack Clap
[0:07:43] <MiniKiwie> AHAHA APPLE
[0:07:43] <em0_tion> Kappa
[0:07:43] <+Spirit_seed> Corsair #1
[0:07:45] <Marius3521> bluetooth
[0:07:45] <Volenglobe> apple LUL
[0:07:46] <TravLLR> They kept the headphone jack LUL
[0:07:46] <ROLECx> headphone jack PogChamp
[0:07:47] <+ajr_tv> danBaited SantaHat
[0:07:48] <SweHun> Ez apple
[0:07:49] <alistino> rip apple
[0:07:49] <Foxtrot123> headphone jack lul
[0:07:49] <+Skytram_> RGBBBBB
[0:07:59] <+polochvz12> CORSAIR FTW
[0:07:59] <foxuruk> ıt is fnish ??
[0:08:06] <Haze_79> Keyboard for casuals
[0:08:11] <ROLECx> deez haHAA
[0:08:14] <deletao> @Perm damn they are starting freakin early tomorrow it's already 11 at night rofl
[0:08:22] <BrianFnPillman> KQLY VAC LUL
[0:08:24] <+Spirit_seed> @Haze_79 That's razer products LUL
[0:08:25] <@Perm> @deletao Yep
[0:08:29] <+polochvz12> o bab6
[0:08:30] <v1zzon_kek> GTChimp GTChimp GTChimp GTChimp GTChimp
[0:08:34] <+MrFraim> GAMUR GRILL haHAA
[0:08:34] <@Moobot> The desk consist of @Stunna , @Pimp_CSGO & @SPUNJ
[0:08:38] <mestniy_durachok> world -18k LUL
[0:08:41] <NonShensh> cmonBruh
[0:08:41] <+KagelOH4> Clara?
[0:08:42] <PoodlePlays> GTChimp
[0:08:42] <尺王月辶什刀> NO SKINS OBVIOUSLY CHEATING Kappa
[0:08:45] <exp1red_> GTChimp chat?
[0:08:47] <+JupiterSailfish> Silver Elite highlights! dekarChamp
[0:08:51] <fruzi3s> cmonBruh
[0:08:55] <Filcio_11> PogChamp
[0:08:56] <Cpt_Jerry_Krautz> KevinTurtle cmonBruh TriHard
[0:08:57] <BrianFnPillman> GTChimp
[0:08:58] <fruzi3s> TriHard
[0:09:01] <+hachidadoge> where all my csgo viewers at? why only 20k/
[0:09:01] <era2e> Lol optic
[0:09:04] <PoodlePlays> RlyTho
[0:09:08] <+Rewdan> gambling.gambling.gam
[0:09:11] <TravLLR> Is that Big Smoke?
[0:09:15] <royycs> GTChimp
[0:09:17] <foxuruk> ıs ıt fınısh or countinius ?
[0:09:17] <NonShensh> haHAA :gun:
[0:09:18] <fruzi3s> RED
[0:09:21] <trndsttrz> they're all watching rocket league @hachidadoge c:
[0:09:23] <Filcio_11> ICE COLD
[0:09:28] <Superpotatoxd> haHAA
[0:09:30] <尺王月辶什刀> haHAA
[0:09:33] <godskar> RED RED RED RED
[0:09:35] <vphobia_> !score
[0:09:35] <@Moobot> @vphobia_ Games are best of one for today :)
[0:09:36] <royycs> LUL
[0:09:38] <+VestuL> haHAA
[0:09:44] <+piccips> EVERYTHING ESPORTS
[0:09:46] <+xFantoM> haHAA
[0:09:48] <leedledone> CRINGE
[0:09:51] <Filcio_11> LUL
[0:09:55] <+Skytram_> CRINGE
[0:09:58] <+xFantoM> crinche
[0:09:59] <+polochvz12> drop awp pls
[0:10:01] <+LittleScampi> GTChimp
[0:10:10] <royycs> 240HZ omg GTChimp
[0:10:13] <ssjleesin> OMEGALUL
[0:10:22] <Khritical_> benq op
[0:10:23] <drakon4ik_12> fifa draw so cool
[0:10:25] <Filcio_11> haHAA
[0:10:28] <+piccips> does anyone even use the strafe esports app?:D
[0:10:29] <OnDistorcion> SELLOUT
[0:10:32] <Abovner> JD
[0:10:40] <faktefoe> will c9 play today=
[0:10:41] <Khritical_> no @piccips
[0:10:44] <keliandwz> Is it ended?
[0:10:46] <+piccips> :D
[0:10:49] <keliandwz> Or another match ?
[0:10:54] <OnDistorcion> Strafe is my favorite app Kappa
[0:10:55] <+piccips> such a waste of money lmao
[0:10:59] <handigman> See ya
[0:10:59] <+NeverForgetMG> @keliandwz its over
[0:11:04] <Filcio_11> minecraft is next
[0:11:08] <Khritical_> i dont think c9 is playing
[0:11:11] <drakon4ik_12> CLG out team
[0:11:11] <ssjleesin> when does the next game start ?
[0:11:19] <+NeverForgetMG> @ssjleesin Tomorrow
[0:11:21] <Filcio_11> after minecraft
[0:11:22] <gayboooi> next match 11 hours from now
[0:11:28] <faktefoe> @ssjleesin strafe roster says they do at 23:30
[0:11:37] <+piccips> im down for a minecraft cs mod
[0:11:42] <ssjleesin> thanks !! <3
[0:12:12] <ssjleesin> i will check strafe thats an good idea thanks @faktefoe
[0:12:14] <oliv2682> wut
[0:12:30] <oliv2682> Where do u guy the benq screen? :)
[0:12:31] <gayboooi> GTChimp GTChimp GTChimp GTChimp GTChimp
[0:12:47] <ssqueak> imagine if there was a show about white people called Black Famous
[0:12:51] <Freeburger97> TriHard SoSnowy
[0:13:19] <oliv2682> SoBayed ANELE ANELE
[0:13:29] <+OMEGALOLXD> melker imergasson
[0:13:33] <enhuushenzo> noob mouz
[0:13:45] <oliv2682> Don't play
[0:13:53] <royycs> !brackets
[0:14:00] <+OMEGALOLXD> meckeboss is gey
[0:14:22] <+OMEGALOLXD> KappaHD KappaHD KappaHD KappaHD KappaHD KappaHD
[0:14:41] <Najwiekszy_Fan_Grubego> Jebaited IceCold SantaHat
[0:15:10] <innerFire7> LUL 13 K LUL ON A MAJOR FINAL ADS? LUL NOT DED GAEM LUL
[0:15:21] <+sickepappsen> ForeverAlone
[0:15:28] <fatal_error777> do they have vods up already?
[0:15:47] <+Spirit_seed> SoSnowy
[0:15:53] <+OMEGALOLXD> MECKEBOSS
[0:16:04] <fatal_error777> does look like they have VODs up if anyone else was wondering
[0:16:13] <seikans> !dreamhack
[0:16:32] <GuiTaro0Sy> no more match today guys _
[0:16:36] <misspo123> !dreamhack
[0:16:44] <GuiTaro0Sy> ?
[0:17:03] <Splifthug> c9
[0:17:03] <ssjleesin> yeah its one in 4 minutes cloud 9
[0:17:06] <Vetto11> nope
[0:17:07] <yaboof> HeyGuys
[0:17:16] <rinoragaj> !schedule
[0:17:17] <@Moobot> @rinoragaj https://open.dreamhack.com/2017/dreamhack-winter-groups/
[0:17:19] <Vetto11> wat rly?
[0:17:19] <@Moobot> Follow DreamHack on twitter.com/dreamhackcsgo - facebook.com/DreamHackCSGO - instagram.com/dreamhack - snapchat.com/add/dreamhacklive
[0:17:26] <ssjleesin> CLOUD 9 playing next in 4 mins
[0:17:37] <yaboof> Dota is a better game
[0:17:39] <legonfi> add me mg1 pls ahah
[0:17:55] <+piccips> gg
[0:17:57] <legonfi> link is in russia
[0:18:01] <Krudei> Just hit up ska a minute ago. They're definitely doing a match
[0:18:03] <9nerobot1> Ueah
[0:18:06] <Vetto11> lol
[0:18:07] <+kasperholt> North A or Big?
