[0:03:22] <dantonyd> hi
[0:21:38] <mistersantos_> EnVyUs lul
[0:21:49] <mistersantos_> 1-3 at major
[0:22:01] <mistersantos_> rip
[0:54:38] <rudra212121> dat forehead
[1:04:52] <fireww_> znyone?
[1:04:58] <+kuBikoid> bots watching
[1:05:55] <gonzocc> dead game
[1:10:15] <+Zioncheck> !bracket
[1:34:39] <DeaDyxz> BlessRNG praise the Lord BlessRNG hope yall have a wonderful day! BlessRNG
[1:36:59] <tsyppli> you too man!
[1:37:30] <tsyppli> except for the religious chit, ples dont
[1:42:27] <frosty9s> Why watch the major when you can watch this
[1:43:03] <tsyppli> i know right
[2:20:32] <+tetra_csgo> LIVE PogChamp
[2:25:31] <matthew2367> yea
[3:00:53] <kubvnczyk> :v
[3:07:04] <+drewba13> makin my way downtown
[4:21:26] <hyperrrrrrrrrrrrrr> WTF
[4:38:51] <likemike44> ello m8s
[4:40:01] <+Cowtastical> DUDUDUDUDU
[4:40:10] <+Cowtastical> Counter Blox Roblox Offensive has its major league coming up LUL
[4:54:28] <wincklervieira> ?
[5:48:00] <BlackoutPRPRO> vac
[5:49:29] <BlackoutPRPRO> two cheaters team
[6:16:47] <dre3ams> just me feeling lag?
[6:28:53] <Ideaslug> no problems here
[6:49:49] <mentos3421> !case
[7:53:33] <Alan_Danger> can we get drops here ?
[7:55:29] <4arkin228> Torin PogChamp , all god LUL?
[7:55:35] <4arkin228> good*
[8:12:53] <nikoplayzdk> hey
[8:14:09] <+coolwizard710> who wins
[8:14:21] <+coolwizard710> is that you niko
[8:49:26] <VEVA_DA_neger> å
[8:55:39] <FaZeSimP> å
[9:13:02] <+coolwizard710> wow navi is so terrible
[9:13:55] <valdemarbauder> foza Heroic
[9:50:36] <johnjohncebola> #csgoforlife
[9:50:57] <johnjohncebola> hello?
[9:51:25] <Tromsgaminggutt> Nnno
[10:03:23] <luckaspaz> When does Boston major start?
[10:04:30] <Gelbe_Seite> couple days
[10:04:51] <luckaspaz> Still in groups?
[10:05:25] <Gelbe_Seite> yeah
[10:10:10] <7exus> its online?
[10:10:32] <7exus> mouse in major now
[10:10:39] <7exus> wtf?
[10:13:55] <luckaspaz> !title
[10:13:55] <@Moobot> @luckaspaz Title is: RERUN: Mousesports vs BiG - Overpass - DreamHack ASTRO Open Winter 2017
[10:27:28] <7exus> aaaa
[10:27:40] <7exus> i think it a online)))
[10:28:01] <7exus> my english is SO OOOOOOOO00000000oooooooooo bad
[10:33:26] <+Official_Ax> This major is insaneeeee
[10:42:05] <7exus> yep
[10:43:15] <7exus> i love NA`VI
[10:43:21] <7exus> This is the only Ukrainian team in this tournament
[11:14:50] <jfm10> RERUN again BYE BYE SUB HAHAHAHAH
[12:00:58] <Zylock25> Envyus should win
[12:02:36] <+nerxaa> navi will
[12:11:01] <red_islove> wtf
[12:11:09] <MrErmahgerds> lmfao wtf
[12:11:14] <ironagemark> ?
[12:11:19] <MrErmahgerds> wow stupid
[12:11:21] <+Mason_dixon_line> lmao
[12:11:21] <ironagemark> i wanted to watch that
[12:11:28] <invisbleguy> wtth just happened?
[12:11:30] <henningkrok> he
[12:11:30] <MrErmahgerds> seriously
[12:11:34] <red_islove> dh always shit like this one
[12:11:48] <henningkrok> hello
[12:11:54] <MrErmahgerds> dreamhacks needs to go home, they are drunk
[12:12:05] <henningkrok> mhm
[12:12:16] <henningkrok> <3
[12:12:32] <henningkrok> pasteGG pasteGG pas'teGG pasteGG pasteGG
[12:19:39] <Zylock25> Lol
[12:19:45] <Zylock25> :p
[12:25:46] <red_islove> envy is shit without kenny
[12:38:44] <Lumberjams> is edward asleep here?
[12:38:55] <Lumberjams> or did he lose his left click?
[12:40:33] <red_islove> lel
[12:46:27] <djka555> zdarova ebatb
[12:51:38] <NefferCation> im trying to buy some weed hit me up
[12:57:38] <Casp3rNZ> you want uuuuuuh
[13:02:22] <sergioapa01> lul
[13:02:29] <NefferCation> yall got some girl scout cokkie?
[13:03:08] <NefferCation> og kush?
[13:08:43] <Denizd> noobs
[13:15:08] <TekhZZZ> D
[13:16:09] <+highfisch777> meddl loide
[13:32:11] <justforwatch5> whhhaaat
[13:32:18] <justforwatch5> LUL LUL
[13:35:21] <NOOBKIA_> ok
[13:43:02] <uzun_oyuncu> sa
[13:43:18] <ny0x_> si hyi
[13:43:49] <durbex> VAC
[14:09:39] <+Coroner_Chris> tsquaredSTR8 tsquaredSTR8 tsquaredSTR8
[14:09:56] <slopokee> Kappa
[14:12:35] <+Coroner_Chris> ZombieKappa
[14:13:50] <plastiwho> !getdrop kappa
[14:15:47] <JaSberx> Kappa Kappa
[14:16:46] <yasuodamikata> halo
[14:17:05] <+Coroner_Chris> tsquaredNoob
[14:35:07] <nikzyxbr> shas case na dayut?
[14:38:59] <+Ekku231> 170 viewers on a MAJOR LUL DEAD GAME LUL LUL
[14:39:13] <Casp3rNZ> ?
[14:39:21] <+FlamboyantPanda_2139> its a rerun thats why
[14:39:27] <+Coroner_Chris> shroudTHICC
[14:39:53] <+Ekku231> its live idiot, RERUN is the sponsor of the stream
[14:39:58] <+Ekku231> shroudTHICC
[14:40:11] <Casp3rNZ> lmao this guy
[14:40:19] <Casp3rNZ> its not even a major
[14:40:27] <+FlamboyantPanda_2139> can any of y'all tell me which countries didnt go bankrupt after ww1
[14:40:30] <+Ekku231> ye it is
[14:40:37] <+FlamboyantPanda_2139> in class and i need help
[14:40:50] <+Ekku231> afghanistan
[14:41:14] <Casp3rNZ> where does it say that? Dreamhack hasnt hosted a major since like 2014
[14:53:22] <228FazaMaza228> kazahstan vpered
[15:00:40] <lotrsw> HELLO!
[15:03:05] <c8mper> kogda major
[15:04:02] <lotrsw> When is Majopr?
[15:06:55] <c8mper> no sorry
[15:07:17] <kresna_bayu_> Can i get drop if i watch this match
[15:07:31] <c8mper> I thought it was a major
[15:08:02] <c8mper> then I realized it wasDreamHack
[15:09:34] <+OfficialRollinCoal> How dumb can some people be? 180 people...
[15:13:09] <alperozkaya31> fug0
[15:14:54] <+mufaso_xd> xd
[15:15:38] <alperozkaya31> yyy
[15:16:12] <CooKeeChris> yesq
[15:32:08] <SeanMcCullough> rekt
[15:52:32] <gumptonnn> Major LUL 150 viewers LUL alive game LUL
[15:53:07] <Koni59158> It’s a rerun
[15:53:31] <gumptonnn> Major LUL
[15:53:51] <gumptonnn> 150 viewers??? LUL
[15:54:27] <Koni59158> Not a live... so pretty normal :/
[15:54:46] <gumptonnn> Dead game LUL
[15:55:17] <gumptonnn> It says live??? :/
[15:55:17] <Koni59158> If you want ^^
[15:55:27] <gumptonnn> live LUL
[15:55:30] <Koni59158> No rerun from december
[15:55:40] <gumptonnn> 150 viewers on live LUL
[15:56:04] <AjmeexEzZ> LUL
[15:56:25] <gumptonnn> @ajmeexezz dead game LUL
[15:56:49] <c8mper> gambit lost?
[15:57:34] <Koni59158> Yes
[15:57:50] <Koni59158> And for the final navi win 2:0
[16:03:49] <callmekato> is it live?
[16:03:59] <stiqan> nope, rerun
[16:04:51] <+robbbann> sum1g sum1g sum1g
[16:04:56] <+robbbann> sumStache sumStache
[16:05:02] <+robbbann> sumSuh sumSuh sumSuh
[16:05:23] <K4m113> can i have drop case from here :?
[16:07:45] <mockingbird1950> any live matchs
[16:13:11] <olimak10> !mods
[16:22:03] <FuRy_CoBrA> ?
[16:22:26] <KinoTVLive> ?
[16:22:29] <FuRy_CoBrA> what
[16:22:40] <FuRy_CoBrA> if youre offering a souv ill take it lmao
[16:23:44] <KinoTVLive> Oh you want a drop?
[16:24:10] <KinoTVLive> You're watching the wrong thing LUL
[16:24:37] <KinoTVLive> 1. This happened last year and 2. The major is hosted by eleague
[16:26:33] <Grigoriv> łoj
[16:27:29] <+jumpmen999> :-((((
[16:40:30] <monder071> lol
[16:41:37] <monder071> shiiit
[16:42:06] <+zvinns> nice eco
[16:48:34] <animmerza> Great playing, Na`Vi
[16:50:05] <+zvinns> gg
[16:50:31] <animmerza> It will be 15 15 :D
[16:51:24] <DkOPL> It's over
[16:51:35] <animmerza> I know this team well
[16:51:45] <animmerza> ok
[17:11:30] <FeffeX> sitting in a bunker
[17:11:53] <+scottm> is this live?
[17:12:08] <phankylam> Nice
[17:12:24] <senasar0815> je its live
[17:12:37] <+gingaacs> LIVE match with only 184 viewers HAHAHAHA
[17:13:11] <stephan0000> yea its live, its a rerun
[17:15:02] <Mrtreppu> LUL
[17:16:11] <XtremePro5s> styko cheating
[17:23:23] <kaloss14> syko mingi pede
[17:25:47] <KrazeyTV> this is major tom the ground control
[17:25:59] <KrazeyTV> ground control do you hear me
[17:27:44] <ajdarha46> ilk haritamı beyler
[17:31:04] <Chuequito82> KappaHD
[17:31:22] <Chuequito82> PrimeRlyTho
[17:45:10] <tyz_b_pykabe> lol
[17:48:57] <Enriquepul> hiiiii
[18:32:48] <ketaa> !crosshair
[19:08:12] <brianwar123> Hahahahhhha
[19:08:24] <Jessevdq> Bruv
[19:31:46] <+TheSwagPonyExpress> Hello sissies
[19:41:56] <lautiidsd> voli
[19:46:06] <lautiidsd> los cojierok xd
[19:54:47] <danlopez81> rip gf TearGlove TearGlove
[20:00:33] <twilarg> RIP Gale :(
[20:01:47] <FENDI_TV> !crosshair
[20:01:53] <FENDI_TV> !commands
[20:03:28] <peluds> Rip gale :(
[20:03:48] <FLYremixer> BibleThump
[20:06:09] <lautiidsd> rip
[20:06:24] <lautiidsd> no les pagaron las visas
[20:06:44] <lautiidsd> y van a yener que jugar en sv de LA desde arg y mx
[20:09:06] <xfoczx> AGUANTE ARGENTINAAAA bigotess
[20:09:31] <peluds> q timming estos de north
[20:11:36] <xfoczx> se ve para la mierda
[20:11:56] <bozottkiller> van itt magyar?
[20:12:07] <bozottkiller> magyar közvetítés most nincs?
[20:12:29] <FLYremixer> IMT jony boy, lo vieron aca primero, saquen cap Kappa
[20:17:04] <peluds> marke te amooo
[20:18:36] <Strider2080> como se cagaron los de north en este match
[20:18:36] <@Moobot> DreamHack Store: http://store.dreamhack.com/?utm_source=twitch_CS&utm_campaign=twitch_panel&utm_medium=twitch
[20:19:16] <peluds> cuando viene la dk de Guisho??
[20:19:35] <Strider2080> creo que al final
[20:20:27] <peluds> kkkkkkk
[20:20:40] <norkk11> en el 15 a 10 peluds
[20:20:58] <peluds> tuthe se llevo el teclado de la family game
[20:21:11] <Strider2080> xdd
[20:21:15] <peluds> claroo, ahi me acordee
[20:26:25] <zevict4> rip gale :(
[20:29:48] <DkOPL> spanish people are taking over
[20:34:28] <madarauchiha_un> Kappa
[20:34:52] <DkOPL> Are the crates dropping?
[20:35:38] <FLYremixer> Kreygasm
[20:39:05] <Akrosstv> Gale Force LUL
[20:41:16] <DkOPL> riPepperonis North
[20:44:10] <oskr1994> #UnTeamParaLosPibes
[20:45:14] <DkOPL> HSWP
[20:45:16] <NewoneARG> 15-14 que lindo momento fue eso
[20:45:28] <DkOPL> 15-15
[20:45:38] <oskr1994> el dt con los huevos en la garganta jajaj
[20:45:40] <NewoneARG> 16-14
[20:46:34] <NewoneARG> aca leyeron mal el fake
[20:47:04] <NewoneARG> u.u
[20:47:19] <DkOPL> omg
[20:47:29] <shettt> rip gale force xe
[20:47:32] <DkOPL> riPepperonis
[20:49:40] <oskr1994> chau jurios
[21:09:49] <jensmf1991> !CLG
[21:32:56] <Ramblackin> 81 people?
[21:39:23] <FacuWk19> vac
[21:55:47] <Snipe_Zilla> Is this live?
[21:56:13] <Ajred4000> Nah mate it’s a rerun
[22:04:40] <Astraygp> GGWP
[22:04:47] <Astraygp> GOOD GAME KINGUIN
[22:52:18] <Sejoga> huhu
[22:52:29] <Sejoga> nice Game :)
[22:53:41] <iBlaackBR> immortals
[22:53:49] <iBlaackBR> :( :( :( :( :(
[22:55:10] <chavepcsgo> hş
[23:15:59] <oliver_sung_petersen> øøå0ååøåå0
[23:16:07] <oliver_sung_petersen> ø
[23:16:13] <oliver_sung_petersen> øøø
[23:19:10] <A_Barrel_of_Fun> So when are we eligable for lootdrops?
[23:32:42] <bloo_man123> !north
[23:51:32] <zebboooo> is this live?
[23:53:01] <+VixxynTV> no
[1 day, 0:09:22] <+ShoeNice> wazzzzup shoeniShoenice
[1 day, 0:34:48] <xfreitasxd> did fox and mut play well?
[1 day, 0:35:19] <xfreitasxd> guys?
[1 day, 0:47:12] <Com1xzone> cloud9
[1 day, 0:52:51] <TimoakaIvan> hdf ?
[1 day, 0:53:35] <gg_facebr> ez imt
[1 day, 1:03:40] <kenvalinurm> SnowWut
[1 day, 1:12:12] <thebiggestpimp> ARE TRAPS
[1 day, 1:18:28] <blazerko> !uptime
[1 day, 1:18:28] <@Moobot> @blazerko Uptime is: 1d 1h 18m 37s
[1 day, 1:18:47] <i_i52i_i> hi
[1 day, 1:19:21] <i_i52i_i> !help
[1 day, 1:19:29] <i_i52i_i> !uptime
[1 day, 1:19:29] <@Moobot> @i_i52i_i Uptime is: 1d 1h 19m 37s
[1 day, 1:19:42] <i_i52i_i> @i_i52i_i
[1 day, 1:52:10] <smurfchad> the game is dead
[1 day, 2:07:18] <AviLon4200> SE LOS CORRE A LOS PETES
[1 day, 2:07:48] <AviLon4200> Q LE PONIO
[1 day, 2:07:56] <AviLon4200> A CASA PT
[1 day, 2:08:10] <AviLon4200> COMO SE AVILITAN
[1 day, 2:08:28] <AviLon4200> XQ ESAS DESISIONES
[1 day, 2:24:38] <exeptionnnn> this is sad :(
[1 day, 2:26:06] <wenderman31> gana gale? ah re ja
[1 day, 2:26:14] <exeptionnnn> jajajaj ojala
[1 day, 2:28:16] <Hydrakrey> mmmm está reñido
[1 day, 2:28:25] <Hydrakrey> yo voy mas a CLG
[1 day, 2:28:26] <exeptionnnn> creo q pierden 16-5
[1 day, 2:28:44] <exeptionnnn> se los cojieron en este match pero casi le ganan a north
[1 day, 2:28:50] <exeptionnnn> que jugaron y perdieron 16-14
[1 day, 2:28:51] <Hydrakrey> VAC XD
[1 day, 2:29:07] <Hydrakrey> TK
[1 day, 2:29:14] <Hydrakrey> mmmm gana CLG XD
[1 day, 2:29:25] <wenderman31> 16/6 creo que fue
[1 day, 2:29:36] <Hydrakrey> a verdad es un RERUN
[1 day, 2:29:45] <exeptionnnn> y si xd
[1 day, 2:29:59] <exeptionnnn> rip gale force 2017-2018
[1 day, 2:30:08] <wenderman31> que sad
[1 day, 2:30:16] <nicoorc> Go gale force
[1 day, 2:30:18] <wenderman31> ojala se lo lleve algun equipo, hagamos una vaquita
[1 day, 2:30:23] <nicoorc> re que perdieorn
[1 day, 2:30:28] <wenderman31> jajajja
[1 day, 2:30:48] <nicoorc> almenos ganan esta pistol, despues los corren sapo todas las rondas
[1 day, 2:30:57] <Hydrakrey> RIP un futuro con ella, aunque supe que nunca me amó
[1 day, 2:31:23] <+FarmerJoeTheFarmer> csgo is dead let's all join together in agreeance
[1 day, 2:31:41] <+FarmerJoeTheFarmer> nobody plays this game anymore, the only reason it's still alive is because of the eleague scene
[1 day, 2:31:56] <Hydrakrey> csgo MM is on the poop :v, but ESEA and FaceIt are good
[1 day, 2:32:00] <exeptionnnn> @FarmerJoeTheFarmer your mother is dead
[1 day, 2:32:07] <+FarmerJoeTheFarmer> reported
[1 day, 2:32:17] <+FarmerJoeTheFarmer> hardly anybody play on esea
[1 day, 2:32:31] <+FarmerJoeTheFarmer> it's for like the top 5% of players, the rest of the 95% have already left csgo
[1 day, 2:32:33] <nicoorc> ESEA y GC en latinoamerica mantiene vivo el cs
[1 day, 2:32:43] <Hydrakrey> si <3
[1 day, 2:32:49] <+FarmerJoeTheFarmer> look at that, it's a bunch of kids plaing csgo
[1 day, 2:32:52] <skinneycs> Actually the ammount of active ESEA players has increased in the past 2 years
[1 day, 2:32:56] <+FarmerJoeTheFarmer> everybody's either moved onto vr or overwatch
[1 day, 2:32:56] <Hydrakrey> Yo juego en Faceit
[1 day, 2:33:03] <+FarmerJoeTheFarmer> increased from a very small amount
[1 day, 2:33:12] <skinneycs> so it is bigger
[1 day, 2:33:16] <+FarmerJoeTheFarmer> i played esea back in the cs source days
[1 day, 2:33:18] <skinneycs> games not dead
[1 day, 2:33:30] <+FarmerJoeTheFarmer> so of course its increased because the amount of cheaters valve has refused to regulate have gone up
[1 day, 2:33:30] <skinneycs> nice
[1 day, 2:33:41] <+FarmerJoeTheFarmer> therefore the only way to play csgo legitely is through esea
[1 day, 2:33:56] <+FarmerJoeTheFarmer> cs:go is a dead game let's all just join in agreeance
[1 day, 2:34:05] <skinneycs> nope
[1 day, 2:34:20] <exeptionnnn> @FarmerJoeTheFarmer your grandmother is dead LUL
[1 day, 2:34:31] <Hydrakrey> valve anticheat is a wall, with a big, very big Hole
[1 day, 2:34:50] <+FarmerJoeTheFarmer> valve couldn't maintain a simple ass game and the game is dead
[1 day, 2:34:59] <Hydrakrey> Esea anticheat is perfect <4
[1 day, 2:35:20] <Hydrakrey> the game never die
[1 day, 2:35:41] <Hydrakrey> but valve dont help anythings
[1 day, 2:36:42] <Hydrakrey> sorry 4 my bed england :v
[1 day, 2:36:48] <MauAKD97> #NewORG4Argentinians
[1 day, 2:36:53] <Hydrakrey> XDXD
[1 day, 2:37:05] <Hydrakrey> Im peruvian :(
[1 day, 2:37:54] <MauAKD97> who cares?
[1 day, 2:39:57] <exeptionnnn> creo q pierden 16-9
[1 day, 2:46:38] <prrrroto> rip gale force :(
[1 day, 2:48:21] <Hydrakrey> crees bien XDXD
[1 day, 2:49:31] <prrrroto> no lo digo por el match si no por que se van los chicos
[1 day, 2:51:30] <+EzeeeC7> rip gale force :(
[1 day, 2:52:11] <+EzeeeC7> shorroGale HSWP PunOko
[1 day, 2:52:33] <robertuscarlussssss> shorroGale shorroGale
[1 day, 2:52:50] <+EzeeeC7> robertus sos deus shorroJAJA shorroDeus
[1 day, 2:53:08] <+EzeeeC7> shorroGale shorroGale HSWP
[1 day, 2:54:08] <+EzeeeC7> pasan el partido que los pijearon cuando buscan org que mala gente los de dreamhack Kappa
[1 day, 2:55:57] <+EzeeeC7> shorroGale VoteNay CLG VoteYea
[1 day, 3:24:29] <nass1337> the quality?
[1 day, 4:03:09] <swasomeness20000> Hi
[1 day, 4:04:17] <+Atlantic546> na cs......
[1 day, 4:20:05] <jimjamthesIimslam> POGGERS
[1 day, 4:52:43] <markotosikq> mm
[1 day, 5:05:42] <Andr3wBrown> drassLG drassLG drassLG drassLG drassLG drassLG drassLG
[1 day, 7:14:02] <Moraltis> where is ibiza?
[1 day, 7:16:05] <+mr_cornich0n> spain
[1 day, 8:24:54] <+neme365> a
[1 day, 8:27:45] <FruXXX8> why only 80 vivers watched dreemhack ?
[1 day, 8:29:40] <+vicho678> knkko
[1 day, 8:29:43] <szapy> Cos its a rerun
[1 day, 8:29:47] <+vicho678> c9
[1 day, 8:29:51] <szapy> Moo. Said the cow.
[1 day, 8:29:53] <+vicho678> c9999
[1 day, 8:30:02] <+vicho678> c999 will winnnnn
[1 day, 8:30:05] <szapy> Eazy c9
[1 day, 8:30:15] <+vicho678> wtf
[1 day, 8:30:28] <+vicho678> why onlh 100 vivers watching
[1 day, 8:30:43] <+vicho678> ??
[1 day, 8:32:14] <szapy> Rerun
[1 day, 8:59:47] <justanormalcsgoplayer> Live cx
[1 day, 9:07:54] <Mrtreppu> Kappa
[1 day, 9:15:16] <Stepless> accents in purple
[1 day, 9:18:07] <FartuxS> pasen gale force caramierdas
[1 day, 9:24:31] <SipeSaatana> !uptime
[1 day, 9:24:32] <@Moobot> @SipeSaatana Uptime is: 1d 9h 24m 40s
[1 day, 9:28:54] <雲龍> BigPhish PowerUpL InuyoFace PowerUpR BigPhish
[1 day, 9:32:17] <oBarnabus> ??
[1 day, 9:33:12] <oBarnabus> i am all alone
[1 day, 9:33:24] <oBarnabus> This whole chat room to myslef
[1 day, 9:33:29] <oBarnabus> PogChamp
[1 day, 9:34:32] <oBarnabus> @DreamHackCS Hello, We are all alone. Is there something you would like to tell me?
[1 day, 9:34:55] <oBarnabus> where are the mods
[1 day, 9:35:12] <Stepless> tbh i think it should be darker. it needs to feel more evil
[1 day, 9:53:16] <Stepless> !rank
[1 day, 9:58:38] <oBarnabus> oh hey, im not alone anymore
[1 day, 10:13:42] <N7spaceranger> Feels good man
[1 day, 10:36:17] <MrNoji> l
[1 day, 11:06:23] <SirDanny> Prove it or...
[1 day, 11:40:14] <Its_Hunter_k> !uptime
[1 day, 11:40:14] <@Moobot> @Its_Hunter_k Uptime is: 1d 11h 40m 23s
[1 day, 11:48:28] <seekdasickness> chupaideopau
[1 day, 11:51:01] <+OhDamyam> is this live?
[1 day, 11:51:35] <iGitrDunn> RERUN
[1 day, 11:51:51] <iGitrDunn> from dreamhack montreal 2017
[1 day, 11:52:06] <+OhDamyam> ik, was being a meme
[1 day, 12:16:06] <papablues> u know da wae
[1 day, 12:19:10] <Domagojxd> yo
[1 day, 12:19:25] <Domagojxd> can u get drops by watching these
[1 day, 12:20:48] <MegarK> i'm brazilian and dont worry :D :D :D :D :D
[1 day, 12:21:21] <christ_e> yes you can get drops from watching reruns
[1 day, 12:21:44] <christ_e> think about it it doesnt really make sense
[1 day, 13:23:31] <globalselman> hi
[1 day, 13:34:04] <+fuqyoom8> pimpLuck pimpLuck pimpLuck
[1 day, 13:40:19] <+iQueMuniz1> smixxxxx i love youuu
[1 day, 13:44:50] <ace__cs> dat crowd
[1 day, 14:01:08] <darkluay> o
[1 day, 14:13:57] <Blacky779> who won?
[1 day, 14:26:35] <xkomornik> ;c
[1 day, 14:26:41] <xkomornik> nbvc
[1 day, 14:28:42] <schanes> fnatic is back together PogChamp
[1 day, 14:29:40] <Astraygp> Nice ! Good job Fnatic!
[1 day, 14:41:16] <skiiii> fnatic noob
[1 day, 14:45:05] <icozarda1> no
[1 day, 14:45:11] <icozarda1> not noob fnatic
[1 day, 14:48:54] <+MAXOU3145> TableHere FlipThis
[1 day, 14:50:52] <+MAXOU3145> erogPuddi
[1 day, 14:51:05] <+MAXOU3145> zrtRip zrtHeures zrtPointdinterrogation zrtGG zrtGoat zrtChaise zrtChaise
[1 day, 14:51:52] <+MAXOU3145> zrtPouet
[1 day, 15:07:12] <Protege123> fergod top2
[1 day, 15:08:08] <C0nn3ct3d> we portuguese taught brazilians very well, im proud
[1 day, 15:09:36] <eLacra> stfo
[1 day, 15:16:47] <C0nn3ct3d> rerun commercials..... fuckin dumbest shit ever
[1 day, 15:23:25] <DanLOLFeed> guys in this stream i can win the drop?
[1 day, 15:25:08] <Damissh> DanLOLFeed such idiot, you only can win drop if youre watching major from csgo, not from twitch
[1 day, 15:30:02] <apathybr> False, if you link your steam with your twitch it doesnt matter where you watch it from.
[1 day, 15:30:14] <apathybr> But considering this is a rerun, you cannot win any drops
[1 day, 15:30:54] <mic_bjukenen> !followage
[1 day, 15:31:29] <C0nn3ct3d> Damishh FacePalm
[1 day, 16:11:25] <Danielt11> 1
[1 day, 16:17:54] <xndddd> 2
[1 day, 16:18:30] <lundachefen> 4
[1 day, 16:18:54] <AzuraWFU> SK FTW
[1 day, 16:44:03] <icozarda1> fnatic noob
[1 day, 16:45:28] <Pain_killer_1990> jw looks like a pig
[1 day, 16:46:17] <antedeguemonburguer> jumping hs
[1 day, 16:46:35] <Omerkilicaslan> guys a,can we receive mirage boxes now ?
[1 day, 16:50:06] <antedeguemonburguer> idts
[1 day, 16:50:20] <leo22199> kkkkkkkj
[1 day, 16:52:41] <bon1yperi> hello
[1 day, 16:56:22] <anguishsz> you guys are sexy af
[1 day, 17:15:12] <+MarcusB_TV> Hey guys TMARTIN HERE
[1 day, 17:53:06] <rtamb> sk with felps Kreygasm
[1 day, 17:58:05] <+ObiJuanKenobi143> Owo x3
[1 day, 18:09:24] <CatOnWeirdStuff> nobody talking in chat xd
[1 day, 18:12:17] <Romantik235> hello
[1 day, 18:12:27] <Romantik235> NAVI WIN
[1 day, 18:13:20] <yosejules> TheRinger
[1 day, 18:13:36] <yosejules> DarkMode
[1 day, 18:14:10] <yosejules> this is bot who look the stream
[1 day, 18:14:43] <CatOnWeirdStuff> @romantik235 why u do dis?
[1 day, 18:14:52] <CatOnWeirdStuff> did they rly win?
[1 day, 18:17:28] <PollitoTroya> hi
[1 day, 18:29:32] <m7md7abes> !crosshair
[1 day, 18:31:13] <CatOnWeirdStuff> its a rerun its not live xd MingLee MingLee
[1 day, 18:31:27] <CatOnWeirdStuff> they are just replaying the match xd
[1 day, 18:34:04] <ismailsins> sa
[1 day, 18:49:24] <+Hellfir3_live> monkaS
[1 day, 18:49:36] <+Hellfir3_live> TehePelo
[1 day, 18:54:24] <godbout123> xd
[1 day, 18:59:55] <sepultura_nnn> !NAVI
[1 day, 19:00:40] <dUhBiT> Hey baby
[1 day, 19:32:29] <nyilvanoswc> csáááá
[1 day, 19:35:50] <mangalang> whos Jayzwalkingz
[1 day, 19:36:46] <Leffimin> Is this live? Kappa
[1 day, 19:41:30] <donnnnnnnnny> yes
[1 day, 19:47:48] <mamradpomarance> Hello
[1 day, 19:49:32] <PugHugGD> Astralis knows the wey
[1 day, 19:50:31] <stroempf> da
[1 day, 19:52:29] <nyilvanoswc> ez Astralis win :DDDD
[1 day, 19:53:14] <PugHugGD> If you don't know the wey you have the gey
[1 day, 19:54:49] <lbiohazardslshaolin> LUL
[1 day, 20:12:14] <cagataynarin> Hi
[1 day, 20:14:40] <Dubiiu> Hola^
[1 day, 20:17:07] <Paradoxsie> HHHOOOWWW!!!!
[1 day, 20:48:33] <elvdem> well
[1 day, 20:50:40] <smokeeee> xd
[1 day, 20:50:48] <icanaci> hello there
[1 day, 20:50:56] <smokeeee> scam
[1 day, 20:53:12] <captialxx> wtf
[1 day, 20:53:14] <midoserio> jajajaja
[1 day, 20:53:23] <elvdem> xaxaxaxaxaxxaaxaxxaxax
[1 day, 22:05:47] <longpiggyg> Ez
[1 day, 23:22:44] <hejdelgado> monkaS
[1 day, 23:45:03] <DisturbedGhost> ;
[1 day, 23:53:11] <hssnx> what's after this ?
