[0:00:21] <noicetk> first
[0:00:24] <cartman360> first
[0:01:44] <harpdog17> Aye fam
[0:02:48] <SomeTypeOfHarpy> i know why noone is watching
[0:02:57] <SomeTypeOfHarpy> ads
[0:03:15] <SomeTypeOfHarpy> also teams noone knows Kappa
[0:03:23] <jensen7564> Haha
[0:03:24] <denny19_> yey
[0:03:32] <jensen7564> Its a rerun?
[0:03:34] <denny19_> xd
[0:03:44] <jensen7564> CS is dead
[0:04:35] <ANDIHD16> TwitchUnity CsGo TwitchUnity
[0:32:05] <julianow123> lets see
[0:32:27] <VivaLasVegas> k
[0:51:08] <T1HI> ayyyyyyyyyyyyyyyyyyyy
[0:52:52] <Greatovsky> ez
[0:57:57] <gust4vocunha23> o l
[1:05:35] <+Alex1123457> Who watches tbis still L U L
[1:27:45] <FriSynt> @pietroallen
[1:44:41] <Ihsanalpa5> hi
[1:44:59] <Ihsanalpa5> hi orospu cocyklari
[1:46:50] <xkoirax> !help
[1:57:30] <4mbrs3> really watching this omg
[2:13:12] <ASkittlez> Omg best major
[2:52:23] <WoopZTV> hi
[2:53:52] <cloudyeyez> hey
[3:12:47] <Wrangww2> haha got his own medicine in the end
[3:29:46] <+complex243> game is dead XD
[3:33:12] <domov_oy> @CooperOFF gg
[3:34:26] <Xrizur> niqJD
[3:48:53] <TrollTrony> gogogo
[4:34:16] <carlosbattlefield> :v
[4:34:28] <carlosbattlefield> why 78 people
[4:34:36] <carlosbattlefield> 2018, guys
[4:34:37] <Starlightn> rerun
[4:34:42] <carlosbattlefield> :v
[4:39:19] <slovo07> kakaszagotok van
[4:41:49] <V1ttor> AXT LIXO
[4:51:45] <beasthg> wait was this the final wtf
[4:51:55] <beasthg> who won
[4:52:47] <zhapad> mac 7 LUL
[5:04:09] <Luckyshteine> spoiler gambit win
[5:17:14] <MineDart> we know
[5:19:07] <xopowo486> its true maybe win gambin
[5:19:31] <xopowo486> my favorite team gambit
[5:21:03] <hypnotyzer> ez
[5:21:24] <hypnotyzer> it was great dreamhack
[6:05:11] <DsetForDARK> . .
[6:21:22] <Justice_of_Lawliet> Hobbit onuqLove
[6:21:28] <BurgerBoyQG> oof
[6:30:10] <Justice_of_Lawliet> BibleThump
[6:33:01] <ReeD_LBS> live?
[7:11:01] <bazzgy> its LIVE?
[7:11:50] <bazzgy> Kappa
[7:12:03] <bazzgy> i go sleep
[7:12:16] <bazzgy> its 4:13 in my country
[7:12:28] <bazzgy> good night :-)
[7:12:39] <+Jobe200> 10 PM here
[7:12:59] <bazzgy> btw im from Slovakia and Guardian is from Slovakia
[7:13:18] <bazzgy> ;-)
[7:13:29] <+Jobe200> usa here
[7:42:19] <paronitv> wtf, older d2
[7:42:59] <Kold_zon3> olg game
[7:43:04] <Kold_zon3> old
[7:55:20] <wellhyper> Spoiler: NIP win this tourney 2:0
[7:55:28] <wellhyper> REKT
[7:56:22] <wellhyper> this tourney got more views than current major. A MAJOR LUL cs:go is literally dead
[8:23:50] <fouadmephisto> .
[8:45:58] <sobrinho_rs> :O
[8:53:30] <paronitv> good nip
[9:33:08] <coLdl0x1> this is old
[9:33:16] <coLdl0x1> i like it
[9:35:11] <strongarmor> cs 1.6 PogChamp
[9:35:45] <+Hubblejp> is this ELEAGUE Major? Kappa
[9:36:22] <strongarmor> LUL
[9:37:49] <xsilenciumm> wheres simple
[9:38:00] <strongarmor> not there
[9:38:19] <xsilenciumm> i meant s1mple
[9:38:20] <+Hubblejp> RaidCall LUL
[9:42:22] <tom0900060> Live?
[9:43:12] <+XTortionist01> Live in 2012 lol
[9:44:22] <toamini> is this legit 2012
[9:45:35] <+XTortionist01> da kween?
[9:45:55] <+XTortionist01> Do you know da wey?
[9:46:55] <LuchooGG> que asco que daba el hltv en ese tiempo
[9:47:11] <pr0fiGhost> live Kappa
[9:48:12] <Salonga123> 1.6 PepeHands
[9:50:07] <Beastoman> cs is dead
[9:52:35] <+SneakPeteCS> no u
[9:52:41] <+SneakPeteCS> KappaHD
[9:52:52] <noddynoob> old school mirage
[9:53:22] <+SneakPeteCS> i think i remember watching this kive
[9:53:30] <+SneakPeteCS> live*
[9:53:41] <noddynoob> rerun
[9:56:56] <P030861C> cs1.6?
[9:57:10] <hurtishka74> blya u
[9:57:30] <+SneakPeteCS> anomPapa anomPapa anomPapa
[9:57:51] <+Destrolisher> boatyVV
[9:57:52] <+hankercheef> what game is this
[9:58:01] <+hankercheef> like a fake csgo?
[9:58:17] <DaBootyDough> lol @hankercheef you are joking right?
[9:58:45] <+hankercheef> about what @DaBootyDough
[9:58:57] <DaBootyDough> @hankercheef this is CS 1.6
[9:58:59] <+hankercheef> to me looks like a bad csgo
[9:59:01] <+Destrolisher> it's tfc custom game obv
[9:59:05] <+hankercheef> whats cs 1.6
[9:59:13] <DaBootyDough> @hankercheef FailFish
[9:59:23] <+Destrolisher> @DaBootyDough Jebaited
[9:59:30] <DaBootyDough> @hankercheef this is the first iteration of counter strike
[9:59:50] <+hankercheef> lol juked i have a brain
[9:59:57] <DaBootyDough> @Destrolisher probably am being baited
[10:00:07] <hurtishka74> gandony neruskie
[10:00:09] <+Destrolisher> not probably, obviously lmao
[10:00:16] <+hankercheef> i say dumb stuff and think i am funny when im bored
[10:00:27] <+Destrolisher> SourPls
[10:00:46] <+Hubblejp> Semmler PogChamp
[10:01:06] <Loudvisper> Semmler FeelsBadMan
[10:01:07] <+hankercheef> look at how far cs has come BibleThump
[10:01:25] <+Hubblejp> this is Overwatch league final Kappa
[10:01:34] <+hankercheef> Kappa
[10:02:15] <+SneakPeteCS> anomSad anomSad anomSad anomSad
[10:02:22] <+SneakPeteCS> semmler
[10:03:40] <entityBiceps> PogChamp
[10:03:45] <+Hubblejp> WutFace
[10:04:01] <+SneakPeteCS> anomS anomS anomS anomS anomS anomS
[10:04:16] <+Hubblejp> Suddenly from 2012 to 2017 WutFace
[10:04:49] <+SneakPeteCS> ah old good cs days
[10:05:03] <+SneakPeteCS> i miss 1.6
[10:05:26] <+Hubblejp> !title
[10:05:26] <@Moobot> @Hubblejp Title is: [Rerun] Intro Ceremony - DreamHack Masters Las Vegas 2017
[10:06:09] <+Hubblejp> no crowd Kappa
[10:44:24] <CommandStrange> gg
[10:52:43] <Ange1__> DansGame
[10:59:24] <Joistikero_LoL> Anyone?
[11:20:59] <mrwolf2474> Nice
[11:22:13] <Nico79x> TAZmanian Devil :D
[11:47:44] <sentix7> virtus are good?
[11:48:14] <Kaira11> xD
[11:48:38] <sentix7> virtus pro is good team?
[12:02:35] <karstenhytteost505> !vp
[12:03:09] <wealthy_communist> LOL
[12:03:35] <wealthy_communist> VP was so good
[12:05:04] <karstenhytteost505> ? What
[12:18:36] <obsesif_cocuk> ez,!
[12:46:29] <helari12> ok
[13:18:05] <nr_aimassist> !bracket
[13:23:08] <Auris0> lol 121 viewers on live match
[13:23:21] <Auris0> dead game
[13:34:59] <hereforthemau5> i miss when VP showed up to LANs BibleThump
[13:39:04] <Willewagner> woach
[13:41:42] <maxez41> 'twas so long time ago :(:(:(
[13:43:41] <Sernikowski> Who won?
[13:45:16] <maxez41> VP
[13:49:03] <hereforthemau5> i remember taz being so happy about this 1v2 post game
[13:49:19] <hereforthemau5> that micro-correction
[13:49:28] <boozxd> WIN SK
[13:49:46] <boozxd> COM ON SK
[13:54:59] <hereforthemau5> their last lan win :(
[13:55:05] <michuuuuu1337> jeszcze kiedy byli top 5 swiata
[14:01:30] <ultrimk> vp jest było i będzie legędom
[14:29:11] <Luke2000_> ez
[14:32:17] <matyuha_wr> really good game
[14:35:11] <pravednik> CrreamAwk
[14:36:55] <radko551> twitchtv/mel0un3k najviac najebny stream ever
[14:48:53] <byZedd> Back when CSGO was actually fun... FeelsBadMan
[14:50:19] <pheonixg2> shox
[14:57:55] <sniping_platypus> happy=sad
[15:00:52] <Rickz777> R.I.P NIP
[15:01:38] <BLACKnightDEVIL> yep ^
[15:05:14] <Yarksmate> is this live?
[15:05:23] <derezzed77> yes
[15:05:30] <honnir1K> yes
[15:05:35] <Rickz777> yep, in 2k14
[15:05:42] <Yarksmate> kek
[15:05:54] <Rakkatoffz> Yes, we have gone through time back to 2014. so it's live
[15:05:55] <Yarksmate> tiny af crowd holy shee
[15:05:57] <Galantaje> wow to match is old
[15:06:11] <Rickz777> DHW 2k14
[15:06:11] <Galantaje> old sounds
[15:06:27] <derezzed77> this is the first major I've seen
[15:06:41] <Yarksmate> what game of this?
[15:07:10] <Rakkatoffz> This is the grand final dh 2014. game 1 of 3
[15:07:14] <Galantaje> get right PogChsmp
[15:07:20] <Yarksmate> cheers
[15:07:33] <Rickz777> finaly
[15:07:41] <Rickz777> 16-14 NIP
[15:08:11] <derezzed77> forsen1 forsen3 forsen4 forsen2
[15:13:01] <sniping_platypus> DarkMode DarkMode HSWP HSWP
[15:19:27] <Tehhh1> Kreygasm
[15:25:18] <behalfed> polenW
[15:28:17] <Herooo_88> PogChamp
[15:30:48] <szklaneq> nbking
[15:36:03] <Priestofodin> live?
[15:36:04] <@Moobot> DreamHack Store: http://store.dreamhack.com/?utm_source=twitch_CS&utm_campaign=twitch_panel&utm_medium=twitch
[15:36:56] <2160hd> the title says 2014
[15:37:47] <Herooo_88> Live
[15:39:29] <Herooo_88> No boston
[15:40:53] <IamSushiMaster> this is not live
[15:41:04] <IamSushiMaster> this game is like 3 years old
[15:41:12] <Herooo_88> Wtf
[15:41:17] <Herooo_88> Stop trolling
[15:41:43] <IamSushiMaster> its a rerun
[15:42:01] <+effemellex> Grand-final - DreamHack Winter 2014 CS GO Championship
[15:42:07] <+effemellex> no shit
[15:42:10] <99problemsanduaintone> Dude its a rerun from 2014
[15:43:27] <+Medbrant> The good days❤️
[15:44:16] <RantteTV> Holy shit 2018-2014=4
[15:45:03] <IamSushiMaster> November 27–29 was the date
[15:45:24] <IamSushiMaster> 2018 just started
[15:46:01] <RantteTV> ahhh look at this old cs <3 <3
[15:49:02] <RantteTV> snus
[15:49:45] <SpicyyO_o> o
[15:53:01] <SpicyyO_o> GG
[15:53:23] <kadir_turkey3452> ilginç
[15:59:13] <SpicyyO_o> 1 taps
[16:00:55] <SpicyyO_o> LDLCZ
[16:05:29] <deadky1> classic
[16:05:45] <Killerpt21> lol
[16:06:09] <FBNRmcWarp> u wabt dro
[16:06:26] <FBNRmcWarp> FRIBERG back in NIP?
[16:06:32] <Killerpt21> ye
[16:07:00] <Killerpt21> and overpas got updated
[16:07:29] <SonnyBlackDX> is this live?
[16:07:51] <Killerpt21> yes
[16:08:17] <Warzik99> yes
[16:08:53] <Butterfly_B0Y> I miss this NiP I loved them :(
[16:09:50] <lurgo1337> POGGERS
[16:15:55] <coco6666666666> it'a rerun...
[16:21:58] <TomboTom> This is some old shit
[16:21:58] <@Moobot> DreamHack Store: http://store.dreamhack.com/?utm_source=twitch_CS&utm_campaign=twitch_panel&utm_medium=twitch
[16:24:07] <shmackeee> 2014 mate
[16:28:45] <Janss0N_> cs go 2014 <3
[16:31:06] <UltimateVolts> WOT
[16:34:27] <anderssoncsgo> Omg is this live?
[16:34:53] <xfrw> How to be pro: Wear 3 headphones.
[16:35:00] <anderssoncsgo> Maikelele is back:D welcome back to nip
[16:35:21] <anderssoncsgo> Friberg also? Nice
[16:35:41] <applepieman12> this is 2014
[16:35:55] <anderssoncsgo> Its 2018 bro xD
[16:36:06] <applepieman12> alright
[16:36:48] <anderssoncsgo> Didnt know dreamhack was the same Rune as the major lol
[16:36:57] <anderssoncsgo> Time*
[16:38:09] <axehmatysko> wow that aimbot and lock
[16:38:19] <anderssoncsgo> Stfu
[16:38:27] <anderssoncsgo> Nub
[16:38:49] <MrCramton> love CSGO
[16:46:31] <Gunaris> Year?
[16:46:48] <Gunaris> 2014?
[16:46:52] <TF47_Demitech> 2014
[16:46:54] <Gunaris> oh, i see it
[16:46:55] <Kikimaks> yes
[16:46:56] <TF47_Demitech> dreamhack winter
[16:47:08] <TF47_Demitech> ldlc wins
[16:47:16] <TF47_Demitech> and then semi with boostmeister right?
[16:47:20] <Gunaris> old sounds nostalgy :D
[16:48:23] <Kikimaks> major?
[16:50:35] <bernie1400> old sounds DansGame
[16:50:36] <Leemurr> is this major
[16:51:04] <Gunaris> old overpass
[16:51:05] <Kikimaks> old nip
[16:51:05] <@Moobot> Follow DreamHack on twitter.com/dreamhackcsgo - facebook.com/DreamHackCSGO - instagram.com/dreamhack - snapchat.com/add/dreamhacklive
[16:51:12] <Kikimaks> (
[16:52:02] <+omano0> 2014 right?
[16:52:17] <kap0l> y
[16:53:27] <fallenumad> lubie jesc plody
[16:55:37] <MarynowanyDziczek> a ja masło XD
[16:58:53] <VdCoils> lel why the f do i host this??
[17:00:41] <martplays1> Who wins?
[17:00:48] <derezzed77> KappaPride
[17:00:53] <derezzed77> ldlc
[17:01:00] <martplays1> Nice
[17:02:55] <derezzed77> 200 people watching a major LUL dead game
[17:04:04] <Rebooks> Youre one of Rhode People lol
[17:04:36] <derezzed77> forsenE excuse me?
[17:05:15] <derezzed77> gg
[17:05:23] <CaloriferMLG> PogChamp
[17:06:08] <CaloriferMLG> damn Pita was a coach ?
[17:06:13] <derezzed77> yea
[17:06:37] <MarynowanyDziczek> I'm going to kill mysefle
[17:06:44] <derezzed77> ok
[17:07:09] <derezzed77> LUL
[17:07:09] <@Moobot> DreamHack Store: http://store.dreamhack.com/?utm_source=twitch_CS&utm_campaign=twitch_panel&utm_medium=twitch
[17:09:03] <vardas_98> BibleThump BibleThump
[17:09:39] <agus_came00> AGUANTE ISURUS VIEJA
[17:11:16] <TheDannyAbcro> 150 viewers in a major final dead game LUL
[17:11:38] <+Exorzon1> Very original meme
[17:11:47] <TheDannyAbcro> ikr
[17:18:14] <rangerggwp> xddddd
[17:26:33] <+Goldfishh> The old sounds orbG
[17:32:52] <KiNG_XiM> LUL the nade
[17:33:10] <Tehkourou> did fnc play 5v4?
[17:33:25] <Tehkourou> oh thats a veeeeery old game
[17:34:51] <+Goldfishh> 2015
[17:35:09] <Tehkourou> yeah.. the good times
[17:35:22] <Tehkourou> when cs was not trash
[17:35:22] <+Goldfishh> I miss the old sounds ::D
[17:35:34] <Pr1mezao> Old Sounds <3
[17:35:42] <Pr1mezao> Old CS GO <3
[17:35:48] <Tehkourou> especially the awp..
[17:36:03] <Pr1mezao> Yes is more BastBoost
[17:36:07] <failercz__druhy_ucet_xd> yeah:(
[17:36:28] <Pr1mezao> Uai volvo ? :(
[17:40:43] <cc_ee81> hellu!
[17:58:05] <WormieLS> nostalgia
[17:58:11] <Madgominolas> directo o retransmisión de un partido viejo?
[18:01:23] <+UnknitMauricio> 2015
[18:12:47] <havrenn> asd
[18:12:58] <Frynosaurus> fgh
[18:13:06] <the_swidish_king> is this major
[18:31:47] <Am4uK> dsfdsmfssdf
[18:57:24] <Shadow_th3_pr0> major final 2015? 2-0 envy right ?
[19:06:53] <unpluggedradiolink> back when the majors were about prestige and good teams
[19:34:52] <+Deathprovider88> WOW
[19:52:07] <vinikamp> mee
[19:53:36] <lenj1vac> LUL MAJOR 120 VIEWERS LUL CS GO IS DEAD LUL
[20:06:34] <fermion27> eae
[20:20:11] <mrth1ag0> gg
[20:25:44] <atlant999> 2323
[20:34:43] <+ballinffa> old cache
[20:37:58] <NickGaming_15> rush b
[20:41:03] <hudsonbeirger> gae
[20:44:16] <+Official_Ax> Same cache smart guy
[20:44:32] <nouf1_> Are people really watching this?
[20:44:34] <freqfps> *-*
[20:44:57] <White_Walker_02> lol
[20:45:02] <+Official_Ax> This is the 2018 major bro
[20:45:12] <kruZyo> MR BEAN CS B)
[20:45:36] <White_Walker_02> c9 vs space soldiers now
[20:48:30] <MarkowyKot> powtórka?
[21:07:36] <DantePL112> Hi
[21:09:08] <dewzzsa1> Zhg@isis l. Quibbujhqjjh
[21:14:32] <fuuxd2001> qqqqxq
[21:43:38] <larelson> tak powtórka
[21:46:18] <totonueve> Jsjdkkd
[21:49:04] <fouadmephisto> gg
[21:49:30] <zuziaqxq125> XD
[21:49:51] <cHr1sY> Gg
[21:50:22] <l1nkax> s1mpleAMERICA s1mpleAMERICA
[22:01:21] <adamlegacyy> I’m in 2015
[22:01:43] <Yakkak10> no one cares about this ?
[22:01:47] <Yakkak10> why is that/
[22:01:48] <+Jackbryan202> wow no one cares
[22:01:50] <100gt1> yea
[22:01:56] <100gt1> i do
[22:02:07] <vomit777> im watching only for nostalgia
[22:02:08] <Yakkak10> im saying
[22:02:10] <adamlegacyy> Toxic chat
[22:02:18] <100gt1> fnatic won
[22:02:26] <Yakkak10> its live right
[22:02:28] <100gt1> i think
[22:02:33] <100gt1> heheh
[22:02:37] <Yakkak10> or what
[22:02:45] <100gt1> no
[22:02:53] <Yakkak10> a
[22:02:53] <100gt1> whta?
[22:03:49] <100gt1> my pc can,t do this
[22:05:30] <100gt1> so everybody is hacking in dreamhack?
[22:08:14] <tsla_z> Bope
[22:08:19] <rezyyO> 102 think its major
[22:08:48] <rezyyO> dogshits its not major
[22:09:21] <rezyyO> retrrardss
[22:12:48] <rezyyO> silvers its not major
[22:13:25] <+Pookachee> 💯 views at major dead gam
[22:14:02] <rezyyO> hahahaha
[22:14:12] <rezyyO> why u here bro
[22:14:23] <rezyyO> @pookachee
[22:22:02] <Kosteahko> dead game FeelsBadMan
[22:31:43] <ronnychack> hahahhahahah
[22:31:43] <@Moobot> DreamHack Store: http://store.dreamhack.com/?utm_source=twitch_CS&utm_campaign=twitch_panel&utm_medium=twitch
[23:11:12] <nsgONE> why would some1 watch it while majors are live
[23:11:43] <miguelx7> when the major is paused
[23:21:32] <Lparizzi> gooo nippp
[23:25:08] <ericmalm> this whas a long time ago
[23:39:23] <leedennis023> That’s my man GeT_RiGhT
[23:41:11] <+Envilo> live ?
[23:46:23] <liphi90> ss
[1 day, 0:13:36] <yanmp21> OLE OLE
[1 day, 0:18:38] <orez69> nt!!!
[1 day, 0:21:05] <Eren_Ergenc> #old
[1 day, 0:29:11] <rico2098> kto gra następny?
[1 day, 0:29:38] <rico2098> znaczy kiedy vitusi grają?
[1 day, 0:30:23] <rightsyndrome> dzisiaj za 40 min
[1 day, 0:31:34] <therealjohnnymac> There is a live major on why the hell is anyone watching this
[1 day, 0:45:28] <Ourougank> Rerun 95viewers dead game LUL
[1 day, 1:25:50] <raik0_k1ng> major??
[1 day, 1:26:13] <mazirikez> no
[1 day, 1:26:35] <raik0_k1ng> just kidding
[1 day, 1:27:49] <raik0_k1ng> why u guys dont waching major?
[1 day, 1:29:42] <+pdr1_> cala boca mongolico
[1 day, 1:35:06] <pinpineapplepine> oow
[1 day, 1:46:40] <eyecore_> Na'Vi were sooo good then
[1 day, 2:18:17] <zadjj19> better eleague
[1 day, 2:19:14] <+remzy> Kappa
[1 day, 2:19:39] <ALQI6> wtf are u guys watching
[1 day, 2:29:52] <3djcamara> WTF is this map? sxD
[1 day, 2:32:48] <MoonkayBanana> g2 ?
[1 day, 2:32:53] <hupispupsi> why are 76 people still watching this while live eleague action is ongoing?
[1 day, 2:33:19] <+justzyeee> this is when cs was good
[1 day, 2:33:32] <MoonkayBanana> where are the French People from g2 ?
[1 day, 2:33:54] <MoonkayBanana> this is a old match ?
[1 day, 2:43:15] <szekuricsi> csá srácoik
[1 day, 2:47:15] <hma_25> Lel
[1 day, 2:49:05] <Culisa1023> wazupp
[1 day, 2:50:39] <Bilalox> lol stream is dead 94 watching
[1 day, 2:51:31] <+peri_is_fractalynkx> logic.... 2015 tournament... smells a lot
[1 day, 2:54:44] <hma_25> This stream empty yiiiii
[1 day, 2:57:49] <+peri_is_fractalynkx> fox delete game
[1 day, 3:01:24] <+xoverkillerxx> hh
[1 day, 3:21:42] <coolkat123> Guys the eleague major is live why is anyone even watching this
[1 day, 3:23:57] <ALQI6> !score
[1 day, 3:32:23] <+iiFlashBack> good old days my friend ...
[1 day, 3:35:47] <+iiFlashBack> miss everything ^^
[1 day, 3:36:41] <ThErUlEsFiRe2137> ??
[1 day, 3:37:11] <eujoaozin> you're
[1 day, 3:38:23] <ThErUlEsFiRe2137> !gift :)))))))
[1 day, 3:41:26] <renegadko> xaxa
[1 day, 3:48:37] <munzevid> Old inferno BegWan
[1 day, 3:50:22] <googlybear4787> lol
[1 day, 3:50:27] <googlybear4787> old teams
[1 day, 3:51:00] <munzevid> Im waiting astralis north match 😅
[1 day, 4:06:54] <+officialfiree> wow this wild
[1 day, 4:11:20] <cs_maiki> godfox
[1 day, 4:12:02] <TuukkaTheGeekYT> oh shit g2 playing already at major
[1 day, 4:12:10] <TuukkaTheGeekYT> thought they were 2-0m
[1 day, 4:19:33] <MRNG91> live?
[1 day, 4:29:28] <rapzxp> @DreamHackCS nub
[1 day, 4:30:11] <DamiXcsgo> omg only 84 viewers on major dead game
[1 day, 4:31:34] <coLdl0x1> lol
[1 day, 4:42:39] <franciscomauricio12> who won this game?
[1 day, 4:57:34] <siprrr> Old csgo
[1 day, 4:57:39] <siprrr> Rip
[1 day, 5:08:53] <kervalinho> trop le beau le major
[1 day, 5:32:44] <afterlife_sebas> oh si
[1 day, 5:33:42] <JustTroII> major final and only 95 viewers
[1 day, 5:33:52] <JustTroII> csgo is dead
[1 day, 5:44:30] <kulpo2> do u have some good vp matches here? ;_;
[1 day, 6:43:11] <Kyoufuaco> Is this from today?
[1 day, 6:43:26] <QuantumWF> rerun
[1 day, 6:43:49] <Kyoufuaco> From today right? Nice ty
[1 day, 7:37:50] <ahjoontv> dsfsd
[1 day, 9:57:49] <+jcleme> 125 mil views dang
[1 day, 11:26:58] <krheej> I can’t believe this is live
[1 day, 11:44:15] <+PikaTurtle> Holy shit this chat is dead
[1 day, 11:44:22] <+PikaTurtle> And stream
[1 day, 11:44:53] <TAG_ME_IF_BIBLETHUMP> well its a rerun
[1 day, 11:45:00] <+PikaTurtle> xddd
[1 day, 11:45:00] <TAG_ME_IF_BIBLETHUMP> and its 8:45 am on a sunday morning
[1 day, 11:45:14] <+PikaTurtle> THe fuck
[1 day, 11:45:29] <TAG_ME_IF_BIBLETHUMP> lrsnClench
[1 day, 11:45:55] <TAG_ME_IF_BIBLETHUMP> i should go home instead of watching this
[1 day, 12:14:28] <recotvv> Why anyone watch this?? just leave
[1 day, 12:16:19] <BoneyFingersBill> what wrong
[1 day, 12:16:29] <recotvv> ahahahha
[1 day, 12:16:39] <BoneyFingersBill> :(
[1 day, 13:14:55] <cancan_68> thats a long pause...
[1 day, 13:31:47] <ajay__1997> g2 are de best
[1 day, 13:31:58] <ajay__1997> dey know de wae
[1 day, 13:33:49] <zpinnn> !followage
[1 day, 13:34:02] <FejkTypek> !folowage
[1 day, 13:36:07] <BlazeCimpu> !followage
[1 day, 13:48:11] <protocloud2k2> r they gonna be right back?
[1 day, 14:06:03] <ZarakiKENpacheese> no
[1 day, 14:10:27] <lmmHarry> yeeet
[1 day, 14:15:29] <stemmy1> they are silvers man?:))
[1 day, 15:36:18] <bloodyman31> hello
[1 day, 15:36:39] <T_ONG_BAK_J> hi
[1 day, 15:39:28] <eksaliberczsk> !VP
[1 day, 15:45:26] <bloodyman31> Why?
[1 day, 16:17:04] <kafromoutro> they don't give boxes now
[1 day, 16:23:23] <grielzmann> !tabela
[1 day, 16:23:34] <samfisher47_9> !table Keepo
[1 day, 16:25:23] <coolgold24> EZ monkaS
[1 day, 16:25:50] <samfisher47_9> 2 ez
[1 day, 16:27:11] <samfisher47_9> whoever has a big dingadong post something in this chat Keepo
[1 day, 16:27:41] <+Sploci> Keppo
[1 day, 16:27:45] <coolgold24> monkaS monkaS monkaS
[1 day, 16:28:01] <samfisher47_9> there go my boiiss Keepo
[1 day, 16:28:12] <samfisher47_9> everyone else has a small dingadong Kappa
[1 day, 16:31:22] <samfisher47_9> I probably have the biggest dingadong here amirite mod? Keepo
[1 day, 16:35:31] <samfisher47_9> that flick Kreygasm
[1 day, 16:45:47] <CalumST> hello myfriends
[1 day, 16:45:57] <CalumST> show us something new please
[1 day, 17:17:38] <ElioBS> hi
[1 day, 17:17:44] <mateuszeek917> lecim fnatic
[1 day, 17:28:54] <atlant999> 2323
[1 day, 17:30:49] <atlant999> 232
[1 day, 17:38:57] <kunsin01> anybody knows why esl cs go channel is live?
[1 day, 17:44:59] <babycudsy> re run?
[1 day, 17:47:53] <burlerino> yes
[1 day, 17:48:06] <dksan03> gg
[1 day, 17:52:04] <noassen> eeeeeeeeeeeeeeyy
[1 day, 17:56:02] <AlwaysbeaKek> k
[1 day, 18:22:13] <noassen> k
[1 day, 18:27:57] <marazm357> Hello
[1 day, 18:28:01] <Starikk21> riPepperonis riPepperonis riPepperonis
[1 day, 18:37:12] <Keerys> !schedule
[1 day, 18:38:54] <maxvondrachenburg> @Keerys in 20min is boston on eleague
[1 day, 18:39:09] <maxvondrachenburg> its live then
[1 day, 18:39:30] <toyships> @myspace_max today is also matches?
[1 day, 18:39:53] <maxvondrachenburg> yeah in 20min on eleague
[1 day, 18:40:01] <toyships> nice thanks
[1 day, 18:40:13] <maxvondrachenburg> ur welcome
[1 day, 18:43:45] <aenestepe> Sekis
[1 day, 18:47:56] <kulpo2> do u have some VP good games here?
[1 day, 18:48:30] <kulpo2> ehhhh ;/
[1 day, 18:57:29] <+Trigg3rTV> do vp have any good games?
[1 day, 19:03:24] <AustereCS> They play c9 at the major tonight @trigg3rtv
[1 day, 19:11:58] <wolchara2222> ij
[1 day, 19:24:53] <noassen> so close
[1 day, 19:27:28] <noassen> ice k0nfig
[1 day, 19:33:29] <el_pablo_69> @noassen you must be so lonely
[1 day, 19:33:51] <noassen> yeah :(
[1 day, 19:34:01] <silenceofwar> sad :/
[1 day, 19:34:17] <noassen> ;(
[1 day, 19:34:48] <noassen> **crying**
[1 day, 19:36:45] <noassen> xD
[1 day, 19:41:09] <PatraisTV> bye
[1 day, 19:41:37] <noassen> byr
[1 day, 19:41:57] <noassen> kk
[1 day, 19:53:54] <shanethemonki> !casters
[1 day, 20:18:27] <atlant999> 2323
[1 day, 20:19:00] <iforgotmynamegames> ok
[1 day, 20:21:45] <+iLLNESSS> dead chat?
[1 day, 20:22:59] <kaiffu> yes
[1 day, 20:23:04] <kaiffu> Indeed dead
[1 day, 21:54:40] <guiizinmco> SK GAMING IS THE BEST
[1 day, 21:54:46] <guiizinmco> OK?
[1 day, 22:16:10] <zijias> is this majer?
[1 day, 22:26:10] <expletorytomb67> Hunter x Hunter <3
[1 day, 22:27:43] <charlie43211> :O
[1 day, 22:37:48] <carlaawkward> Jebaited
[1 day, 22:48:37] <Nicklas154> Who won
[1 day, 23:01:55] <lucky_ky3> !uptime
[1 day, 23:01:56] <@Moobot> @lucky_ky3 Uptime is: 1d 23h 2m 4s
[1 day, 23:21:59] <+TRrift> Go watch the live games not the old ones 😂
[1 day, 23:31:21] <permabanlife> why are you watching this when the major is on
[1 day, 23:32:41] <LemonTSwizzle> cause nip
[1 day, 23:38:39] <Figos529> is this old? or no?
[1 day, 23:46:34] <iiHerbs> dead
[1 day, 23:50:00] <PluriiGaming> rip
[1 day, 23:53:24] <szymi100> <wiadomość usunięta>
