[0:00:04] <andi66666> h .
[0:00:06] <andi66666> g
[0:02:48] <HazretiTalon42> Hahahaha
[0:03:00] <HazretiTalon42> No wiewers
[0:03:14] <+Sarcimoore92> is a rerun
[0:03:20] <+Sarcimoore92> lul
[0:08:12] <+Davido03> Is their coach dancing? O_O
[0:14:26] <Hargema> fuck
[0:14:41] <Hargema> how did your message get deleted chukob
[0:18:02] <Hargema> lol
[0:21:40] <akseliisgod> Kappa Kappa
[0:34:59] <+grayh4m> VAC
[1:14:34] <DinMorErMilf> niko and jugi join astralis
[1:14:54] <shanethemonki> @dinmorermilf really
[1:14:59] <estenrique> lol i just thinked that
[1:15:05] <estenrique> nit niko
[1:15:06] <shanethemonki> Did they really
[1:15:13] <estenrique> not*
[1:15:28] <estenrique> Astralis s1mple pls
[1:15:31] <DinMorErMilf> @shanethemonki Yes heroic and astralis own by the same company
[1:15:38] <DinMorErMilf> and they make switch
[1:16:40] <shanethemonki> Lol no they didn’t trade
[1:19:27] <shanethemonki> @dinmorermilf they didn’t trade
[1:19:44] <shanethemonki> Astralis would trade with North not Heroic
[1:21:34] <Hargema> the comeback
[1:25:20] <Hatiti_> SNICKERS
[2:04:43] <kosiarz2252> vac xd
[2:13:03] <scamarto> lol
[2:13:10] <scamarto> hope navi win
[2:39:38] <ANDIHD16> TwitchUnity
[2:39:47] <ANDIHD16> #BIG BEST
[3:19:25] <6hostt> e
[3:20:53] <hCaZGames> anyone here have a fac new fuel injector ak?
[3:39:13] <halidinho1988> no
[3:39:52] <halidinho1988> i have one thing
[3:40:48] <halidinho1988> a knife gut knife fade 97% FN float 0,03 i want a karambit insted
[5:51:28] <fulas31> gn guys
[6:34:22] <fouadmephisto> Envy needs a good awper
[6:39:12] <+NielsjeLive> tire 1 level
[6:51:55] <+vivaBelarus> Bet on gambit ez
[7:09:19] <denmu87> dfghd
[7:11:24] <+AlienXxXxX> k
[7:25:01] <faithofmasters> yes
[7:56:02] <Hackorcoptor> forsenRedSonic
[8:25:14] <cystio> pretty dead game, only 70 viewers
[8:35:48] <SiNiSTerChariTY> oh
[9:22:30] <raqenpatche> live ?
[9:22:36] <raqenpatche> xd
[9:43:28] <Vayne_carry_> gg zaaaaa
[10:04:54] <+hoojAmAphut> is this live?
[10:05:17] <+nudiE_> no. this is tomorrows game
[10:05:44] <+hoojAmAphut> so theres still time to bet on this
[10:06:06] <+nudiE_> yup. bet 3k on mouse
[10:10:05] <dgzin123> lol
[10:10:30] <dgzin123> whos gonna win this major?
[10:24:30] <j0nny7> LMAO
[10:24:47] <j0nny7> ez miuse
[12:19:39] <The_Parad0x> !schedule
[12:25:40] <+zyphoidd> d
[12:37:27] <chim1> petes del re culo
[13:03:34] <WhoTheMan97> Swag's able to attend these right?
[13:23:13] <+Kakanmeister> sum1g sum1g sum1g
[14:07:28] <szabika888> ;)
[14:13:39] <ImKiisuma> sö
[14:52:13] <barisbey26> 68 XD
[15:04:15] <Seletaire> old match
[16:09:13] <+Ab_DQ> lol
[17:02:15] <Reservoirs_> MonkaS
[17:12:03] <raihanRRR> Does dreamhacks run ads in rerun games?
[17:12:12] <raihanRRR> *on
[17:12:16] <lopiy_> probably
[17:12:33] <aztec_z> forsene
[17:20:49] <Fenas12> live?
[17:29:47] <x0r6zt> forsen1 forsen2 dont talk to me or my trophy ever again 🏆 forsen3 forsen4
[17:33:21] <BilboSwaginYolo420Twerk69> B A J S :)
[17:41:17] <crazefz> !uptime
[17:41:17] <@Moobot> @crazefz Uptime is: 17h 41m 26s
[17:46:01] <Limpano72> nooooo c9
[17:46:44] <Limpano72> who won??
[17:59:51] <uno_guerta> is this live?
[18:00:06] <johnpdsk> rerun
[18:04:54] <fertiiorip> its rerun
[18:05:02] <+jom_mailbox> live?
[18:05:19] <+jom_mailbox> live rerun?
[18:05:21] <fertiiorip> no read under stream
[18:05:23] <+jom_mailbox> relive run?
[18:05:35] <fertiiorip> its rerun
[18:05:42] <fertiiorip> they have already played
[18:05:43] <+jom_mailbox> wow these strats are so 2017
[18:05:45] <BilboSwaginYolo420Twerk69> who won
[18:05:58] <fertiiorip> immortals win
[18:06:09] <fertiiorip> won*
[18:20:56] <anttis00> is this live
[18:21:29] <+Fr0sT_BM> No
[18:22:05] <anttis00> ok
[19:00:21] <yuani_97> sad
[19:03:00] <saRm4T> Is this major live???
[19:03:37] <saRm4T> He
[19:04:08] <saRm4T> Jjs
[19:04:15] <saRm4T> Jjsjeu ewis www
[19:30:08] <charlie43211> !settings
[19:30:16] <charlie43211> !viewmodel
[19:48:53] <alexsenillosa> re manijaa
[20:12:03] <Shade_durza> lel hype crushed
[20:23:24] <+vashtizzle> forsenE forsenE forsenE
[20:33:50] <kampfbaer1> a cs go major and this guys are replaying dreamhack matches
[22:00:56] <+McLovin_EU> nb3OMG
[22:04:36] <samfisher47_9> hello guys
[22:04:59] <Eazy_ExtraQQt> hey
[22:05:31] <samfisher47_9> hopping here while the current major isn't streaming Keepo
[22:08:18] <warhammer651> is this actually live or a rebroadcast?
[22:08:31] <samfisher47_9> @warhammer651 rebroadcast
[22:21:07] <dorkair1> :-)
[22:21:44] <Mr_Hawky> 84 only lol
[22:22:00] <dorkair1> rerun
[22:30:00] <swekattack> vREEEE
[22:30:09] <swekattack> vREE
[22:39:34] <saadix034> XDDDDDDDDDDDDDDDDDDDDDDDDD 93VIEWERS
[22:58:22] <ThatOldManThatisHip> Whats up
[23:42:22] <+ShoeNice> wazzzzzzzzzzzup
[23:42:34] <+ShoeNice> lets do this !!! is this halo 2 ?
[23:42:40] <+ShoeNice> COD ?
[23:43:05] <+ShoeNice> this is intense !
[23:56:02] <Davit_Davitov> 128 ticreat
[23:56:17] <samfisher47_9> 420 tickrate Keepo
[23:56:29] <Davit_Davitov> 860 tickrate
[23:56:46] <samfisher47_9> yes
[23:56:56] <Davit_Davitov> give me pack
[23:57:04] <Davit_Davitov> wow
[23:57:21] <samfisher47_9> panicBasket
[23:57:26] <samfisher47_9> take it
[23:57:38] <Davit_Davitov> slow say/ i not undestand englisw im russki
[23:58:04] <samfisher47_9> taaaaakkeeeee iiiiiiiiit
[23:58:12] <samfisher47_9> Keepo
[1 day, 0:08:44] <samfisher47_9> LuL
[1 day, 0:08:55] <sobbiexd> gg
[1 day, 0:35:30] <+brax_was_framed> Koosta needs to be picked up for a tier1 NA team !
[1 day, 0:35:46] <+feL0N42> Koosta sucks
[1 day, 0:40:19] <+fcsg_theo> smix could literally be my wife
[1 day, 0:43:07] <paperaznav> rank
[1 day, 0:43:19] <paperaznav> *rank
[1 day, 0:47:44] <knaaftarn> f
[1 day, 1:35:42] <getgoodblackman> C9 won
[1 day, 1:47:59] <+trabcs> c
[1 day, 2:16:25] <whatlieswithin> 99 VIEWERS OMEGALUL OMEGALUL
[1 day, 3:03:36] <roknar31> h
[1 day, 4:15:56] <Resalk> forsenE
[1 day, 4:20:34] <+NizeDaraXx> LUL
[1 day, 5:27:58] <acerrl> !c9
[1 day, 5:30:47] <acerrl> !C9
[1 day, 5:38:11] <lp_mc> eEae
[1 day, 5:50:57] <cobraceoa11> its live ? Keepo
[1 day, 5:51:28] <DilleerTop> no man rerun
[1 day, 5:51:28] <+Vivulux> Yep KappaHD
[1 day, 5:52:30] <cobraceoa11> ill join ng team after one week KappaClaus
[1 day, 6:13:32] <millergod1> vac
[1 day, 6:18:53] <Dandeil> no one in chat?
[1 day, 6:19:08] <visterawp> wtf 100 viewers, csgo is dead
[1 day, 6:26:50] <+burningdielegende> ok
[1 day, 6:31:36] <2C_P> Who Is the Asian girl
[1 day, 7:02:59] <jcob1305> show me da wae
[1 day, 7:48:26] <+TRUB0b> oof
[1 day, 8:31:38] <xReqxyy> anyone wanna trade?
[1 day, 8:50:43] <xdearty> paladins maeve dreamhack skin ?
[1 day, 8:50:45] <+Buddha1231> hi noone
[1 day, 9:19:31] <themarpe> casters FailFish
[1 day, 9:42:07] <themarpe> ez
[1 day, 9:42:12] <ovo_wave> Ez
[1 day, 9:44:15] <flixi1111> Öol
[1 day, 9:47:53] <sharttz> !status
[1 day, 10:59:08] <ham3d_s1mple> :)
[1 day, 11:06:59] <Xbow105> The game sta
[1 day, 11:07:13] <Xbow105> the game start yet??
[1 day, 11:47:30] <dr0ps_gaming> Rip virtus
[1 day, 11:51:15] <spatomat> !VP
[1 day, 12:31:18] <Joy_Ride> naggers
[1 day, 12:39:53] <TheInserritive> Hi
[1 day, 13:07:02] <minimees> Tere
[1 day, 13:08:08] <+vaalapurakas> hommik
[1 day, 13:08:22] <minimees> Kuidas käsi kaib
[1 day, 13:08:52] <+vaalapurakas> samamoodi nagu sul
[1 day, 13:10:05] <nuwu> c9 will win
[1 day, 13:10:14] <nuwu> i call it
[1 day, 13:11:17] <+vaalapurakas> 10-16 for north btw
[1 day, 13:11:36] <+vaalapurakas> tarik 31 frags, but still lost lull
[1 day, 13:42:35] <edvis001> 100 b
[1 day, 13:42:54] <edvis001> 100 viewers on major finals LUL dead game
[1 day, 13:43:31] <+screwyyyy_cs> its a Rerun KappaHD
[1 day, 14:12:43] <GETSOMEEE> PogChamp
[1 day, 14:30:38] <the_shrapnell> #
[1 day, 15:10:41] <blunderbread1> qq
[1 day, 15:14:28] <lordxeri> PJSalt PJSalt PJSalt PJSalt
[1 day, 15:23:48] <blunderbread1> gambit best
[1 day, 15:57:20] <Josh_c19> Is this live
[1 day, 15:57:34] <Josh_c19> Is this live?
[1 day, 16:07:25] <TheInserritive> H i g u ys
[1 day, 16:07:41] <TheInserritive> Pls talk to me
[1 day, 16:08:20] <TheArchdemonic> No.
[1 day, 16:08:24] <TheInserritive> I'm so fucking lonely
[1 day, 16:08:32] <TheArchdemonic> Haha.
[1 day, 16:08:50] <TheInserritive> :(
[1 day, 16:09:05] <TheArchdemonic> jparaW
[1 day, 16:09:16] <TheInserritive> :/
[1 day, 16:09:33] <TheArchdemonic> jparaLove
[1 day, 16:09:41] <TheInserritive> Who do you vote this year?
[1 day, 16:09:55] <TheInserritive> I want Astralis to win
[1 day, 16:10:03] <TheArchdemonic> ew
[1 day, 16:10:14] <TheInserritive> OhMyDog
[1 day, 16:10:15] <TheArchdemonic> Naavi
[1 day, 16:10:34] <TheInserritive> I respect your opinion
[1 day, 16:19:34] <csjuke> deagle hedshot monkaS
[1 day, 16:21:00] <SanninOrochi> are current majors over?
[1 day, 16:36:08] <emanoil121> This mach is live?
[1 day, 16:36:17] <+owrey5> no
[1 day, 16:36:31] <emanoil121> K, thx
[1 day, 16:36:35] <+montanadana> this is live huh?
[1 day, 16:39:32] <jodubambora> ola
[1 day, 16:39:41] <+montanadana> guardians fashion and haircut it is just an inspiration to me
[1 day, 16:40:00] <jodubambora> lol
[1 day, 16:40:38] <+owrey5> shit u right
[1 day, 16:40:43] <+owrey5> but for me its his bod
[1 day, 16:47:09] <+montanadana> O_O
[1 day, 16:47:56] <+ShoeNice> yoyoyo, making my rounds shoeniShoenice shoeniShoenice
[1 day, 17:21:07] <IamTarik_> Hey
[1 day, 17:29:24] <DroPe_BeATz> No csgo Hype 😕
[1 day, 17:44:47] <rarerubber> 🏁g0 g2 g0 envyus📄
[1 day, 17:44:55] <rarerubber> 🏁G0 BIG📄
[1 day, 17:45:04] <arti200391> ez c8
[1 day, 17:45:11] <arti200391> ez for shroud
[1 day, 17:50:05] <BallSackAccumulator> Kappa
[1 day, 17:50:19] <panzerok7> Let fuck him
[1 day, 17:50:27] <panzerok7> Go play
[1 day, 17:52:22] <stang3d> viva la cs go!
[1 day, 18:06:48] <+HelloJared> boatyVV
[1 day, 18:08:45] <jakt> how old is this match?
[1 day, 18:11:24] <belleTruite> EZ
[1 day, 18:16:12] <sunnn1ght> gg
[1 day, 18:46:12] <irk1v> Kreygasm Kreygasm Kreygasm
[1 day, 19:02:07] <Kaikispin> drop when
[1 day, 19:08:37] <Najsel> its not live
[1 day, 19:08:43] <Najsel> fl idiot
[1 day, 19:32:24] <ez_moneyy> this is live?
[1 day, 19:33:02] <defently> no
[1 day, 19:37:00] <Najsel> its from september
[1 day, 20:22:48] <+Sickplaya707> !points
[1 day, 21:02:00] <kingren01> Bot pasha
[1 day, 21:18:27] <xxyacineaxx5864> Nice
[1 day, 21:18:36] <xxyacineaxx5864> im the only one chatting?
[1 day, 21:23:01] <Pivel_> owo\
[1 day, 21:23:16] <Pivel_> ropz be my bf
[1 day, 21:26:46] <+chaauncy> MiniK
[1 day, 21:27:07] <+Itsunxluckey> !faze
[1 day, 21:41:48] <Tulistaja> eltvMajor eltvMajor eltvMajor
[1 day, 21:46:14] <derunn> fghhj
[1 day, 21:55:20] <FFGPL> Zesrałem się :(
[1 day, 22:14:18] <empuzkih> Ez for mouse
[1 day, 22:20:44] <NumBeZz> mouse for ez
[1 day, 22:21:55] <OrigeNookie> faze btcs
[1 day, 23:30:35] <+PeeCee_> Almost 1.3 million followers and under 100 viewers Kappa
[1 day, 23:31:32] <rarerubber> G0 DENMARK G0 BIG🏁📄
[1 day, 23:31:49] <GastonBurnout> hello
[1 day, 23:32:13] <GastonBurnout> thank you Nikolas Ninic
[1 day, 23:36:34] <totallytherealraidhyn> Eh double u pee
[1 day, 23:58:34] <rarerubber> REPUBLIC 0F GAMES
[1 day, 23:59:03] <rarerubber> G0 TAC0
