[0:00:00] <Miszcz2012> h
[0:13:18] <xiiPengu> do people actually watch these?
[0:14:24] <miisa> LUL
[0:14:25] <Blu2th1000> this is a silent chat....
[0:14:34] <miisa> Yes
[0:14:58] <Blu2th1000> im used to people spamming random words in chat
[0:15:13] <Blu2th1000> prob because ive been watching too much johnnyboi
[0:30:32] <HalfZED> Old d2 <3
[0:30:48] <jonatancs> @halfzed 🔥
[0:33:12] <V4sile> hi
[0:35:00] <miisa> PogChamp
[0:35:38] <skillexcs> Thats sooo oldschool
[0:40:17] <andri_rblx> welp
[0:51:22] <HalfZED> Na'Vi Dendi DendiFace
[0:54:28] <+the_nat_nat> navi is buns
[1:06:23] <poepneep> is this COD ww2?
[1:21:07] <Estereoescroto> vac
[1:31:20] <GIGGL3ZZ> jasonr1 jasonr2
[1:31:26] <GIGGL3ZZ> jasonr3 jasonr4
[1:36:46] <MutaMaster> Wow old cobble without the steps
[1:55:57] <SHOFurlong> kappa123
[2:07:29] <tafuuuu> lets go nip woo :clpa
[2:07:35] <tafuuuu> Clappy
[2:08:17] <Where_is_my_pie> POGGERS
[2:08:23] <tafuuuu> WOOOOO
[2:08:30] <tafuuuu> NIP 👏
[2:09:28] <tafuuuu> BibleThump
[2:13:40] <TheSwedishJoker> BibleThump @tafuuuu
[2:18:42] <almighty__potato> moon2s
[2:20:26] <S0Rp> dust2 in 2018 LUL
[2:33:51] <cobraceoa11> wtf
[2:34:16] <+thehollowaytape> @cobraceoa11 LUL
[2:34:19] <cobraceoa11> missed this game :(
[2:34:35] <+thehollowaytape> ah the old days
[2:34:55] <+thehollowaytape> Karrigan in a Fnatic jersey LUL
[2:36:34] <cobraceoa11> is this xizt?
[2:37:52] <+thehollowaytape> yep lol
[2:38:50] <musterion91> 1.6 BibleThump
[2:39:23] <cobraceoa11> yea sick days .. in 2009 i was watching n0thing frags on inferno lol
[2:39:44] <FartuxS> lets go SK
[2:39:50] <FartuxS> arre
[2:40:27] <cobraceoa11> sk in 2k18 HassanChop
[2:40:35] <FartuxS> gonchoLUL
[2:40:40] <FartuxS> gonchoArgcs
[2:41:24] <cobraceoa11> wallbangs Keepo
[2:42:04] <+thehollowaytape> Nice chairs lul
[2:46:48] <MetalClip> !uptime
[2:46:48] <@Moobot> @MetalClip Uptime is: 2h 46m 57s
[2:47:00] <RadecekK> !followage
[2:47:32] <+lolRoMz> 1.6 PogChamp
[2:50:16] <thundersrb> oldschool
[2:51:22] <icsu_chabi> lol
[2:51:29] <+Lythalized> carrygan looked so cute back than
[2:51:57] <mylifebeen> pizda vot eto nostalguya
[2:52:40] <icsu_chabi> hehe
[2:54:57] <+teh_xx> so is he going to lose this major too BilbeThump ?
[2:59:52] <Kdog236751> intense csgo
[3:04:05] <thundersrb> casters lmao
[3:04:13] <raizel49> 4Head
[3:04:24] <SkyLinerAka> bibaLUL
[3:04:29] <Finduslax1> SMOrc SMOrc
[3:04:32] <Ptitjo97> casters right now monkaS
[3:04:41] <SkyLinerAka> monkaS
[3:04:48] <Vincent__159> awpNaVi awpNaVi awpNaVi awpNaVi
[3:04:54] <Finduslax1> WutFace
[3:05:05] <capivara1337> Kappa
[3:05:11] <capivara1337> KappaPride
[3:05:12] <Finduslax1> DoritosChip
[3:06:20] <raizel49> karrigan LUL
[3:06:22] <capivara1337> KappaRoss
[3:13:44] <+joseph_1> this shit dead?
[3:14:04] <aqv1CS> 1.6 BibleThump
[3:15:46] <WALKM4N_TV> Are drops enabled? Kappa
[3:17:36] <thundersrb> maybe
[3:17:42] <+yauns01> semmler?
[3:17:44] <+ohborn> is this live?
[3:18:16] <+ohborn> wait this is live right?
[3:18:31] <OlinTv> yes
[3:18:34] <engelundcs> [Rerun]
[3:18:36] <+ohborn> ty
[3:18:38] <OlinTv> title is misleading
[3:18:39] <+yauns01> rerun
[3:18:44] <OlinTv> it is live
[3:19:00] <+ohborn> cant believe they still compete on 1.6
[3:19:06] <+ohborn> its pretty kool
[3:19:11] <+Spencerb27> this game is dead
[3:19:44] <vpirvu1> live OMEGALUL
[3:20:02] <OlinTv> damn it was akward back then
[3:20:02] <@Moobot> DreamHack Store: http://store.dreamhack.com/?utm_source=twitch_CS&utm_campaign=twitch_panel&utm_medium=twitch
[3:20:13] <OlinTv> the production I mean
[3:20:43] <+Spencerb27> CRINGE
[3:20:53] <+Spencerb27> haHAA
[3:22:36] <OlinTv> we just jumped 5 yearsO.o
[3:22:45] <OlinTv> 5 years*
[3:24:37] <Sambi01> which year
[3:26:52] <qtpatuti> what the fuck is this shit
[3:27:01] <qtpatuti> i wanna watch cs
[3:38:26] <kingren01> screw thorin
[3:54:27] <C9Chopin> this final was cool
[4:11:12] <RegulatE_CSGO> why am i here
[4:33:30] <erencan1239> BU MAÇ NE LA
[5:18:10] <melster69> #mmmm
[6:02:05] <skatisado1> VP :'(
[6:05:47] <jezreeltheidiot27> GG WP
[6:27:46] <AlexJ_eh> live? meme still relevant ?
[7:17:18] <ヴディスワ> No crowd LUL
[7:25:22] <omenbronx> didikakabubu
[7:36:30] <rippeytv> hi!
[7:36:44] <rippeytv> neden önceki mesajım gönderilmedi
[7:37:01] <rippeytv> müslüman olarak bir şey yazdığım içinmi ?
[7:37:10] <rippeytv> selamun aleyküm
[8:14:48] <LaCharcuterie_Of> DarkMode
[8:14:54] <thespectre> 2013?
[8:15:07] <LaCharcuterie_Of> yes
[8:15:12] <thespectre> omg
[8:15:31] <thespectre> happy old GOD
[8:15:44] <thespectre> i'm from Brazil
[8:15:55] <thespectre> i don't speak English
[8:16:03] <thespectre> Sorry
[8:40:47] <jinzog> Those sounds of guns haha <3
[8:43:51] <Miszcz2012> h
[8:46:38] <Cnkdrn> Rs
[9:04:56] <fastduckling> EYYY WALLASWEDEN
[9:09:00] <shaydug> fuckig good ole days
[9:09:14] <shaydug> NiP<333
[9:32:39] <Schutzstafells> as
[9:35:45] <anndres07> why do people even watch these lol
[9:36:13] <spatomat> boring @ work?!
[9:37:07] <spatomat> but u r right... please delete all available vods -.-
[9:53:41] <easterneuropefinest> het
[9:54:08] <easterneuropefinest> someone here?
[9:55:00] <LukasWHD> is that live?
[9:55:05] <LukasWHD> Kappa
[9:55:09] <spatomat> 2014 lawl
[9:55:31] <spatomat> get_right looks like a kid LUL
[10:35:19] <+iNeedToSleepTV> lul
[10:49:52] <kobehnz> the problem?
[10:53:50] <kobehnz> LUL
[11:04:30] <dag1ey> EU CS lol
[11:31:23] <akinmertozel> ScReAm apİİİİİİİİİİİİİ
[11:36:59] <Hargema> wtf is he doing that far away
[11:43:18] <+miko13377> Tbt
[11:59:11] <AhoyKMS> old tec9 LUL
[12:00:05] <Zakkuko> me when a get dragon lore = Kreygasm
[12:01:22] <ZzangSol> 2015.
[12:04:57] <thepewmen> FAKE
[12:06:16] <Zakkuko> you are fake
[12:33:48] <xaxav61> !gift
[12:34:24] <+cad3ntv> GO ENVY
[12:36:20] <xaxav61> when we can recipe one box
[12:52:59] <primary4> dead game Kappa
[12:54:36] <adembjorkman> shit
[13:04:09] <RASLERr> nbk rejoined nV ?'
[13:14:00] <Parvtv> haHAA
[13:16:02] <+Barne767> is this live ?
[13:16:15] <SkylashGG> WutFace
[13:16:24] <loloxdtv> yes
[13:18:56] <+Barne767> g2 roster change ?
[13:20:06] <+Barne767> where is kenny ?
[13:26:26] <Pietro2311> I trade Usp torque fn for a blood Tiger maybe whit Nip sticker write me in privaro
[13:26:46] <Pietro2311> I trade Usp torque fn for a blood Tiger maybe whit Nip sticker write me in private
[13:27:18] <Pietro2311> I trade Usp torque fn for a blood Tiger maybe whit Nip sticker write me in private
[13:27:49] <Pietro2311> @lukascicina why little kid
[13:28:44] <Pietro2311> a hahaha Pls go sleep
[13:29:09] <Pietro2311> @lukascicina how years ood
[13:29:20] <Pietro2311> old*
[13:29:36] <Pietro2311> ajahahhhaha
[13:29:43] <Pietro2311> omg
[13:30:02] <Pietro2311> Lil kid
[13:30:28] <Pietro2311> yes yes
[13:30:38] <Pietro2311> ask your mum ahahahaha
[13:30:56] <Pietro2311> I see the yesterday in the bed
[13:31:02] <Pietro2311> soo nice
[13:31:21] <Pietro2311> really good
[13:44:11] <Lochainc> !title
[13:44:11] <@Moobot> @Lochainc Title is: RERUN - Virtus.Pro vs. G2 Esports - Cache - Quarter-final - Game 1 - DreamHack Open Cluj-Napoca 2015
[14:03:43] <d00pe420> live ?
[14:26:26] <kubaexclamationmark> Some great CS here
[14:26:59] <+sirmikesta> 2015 seems like an eternity ago
[14:27:09] <kubaexclamationmark> exactly
[14:27:33] <+sirmikesta> pre faze
[14:28:30] <+sirmikesta> still cool to see
[14:28:58] <kubaexclamationmark> 2017 can't compare with this
[14:29:09] <+Watchingyoutalk> *2018?
[14:29:16] <Shred145> how old is this match
[14:29:26] <kubaexclamationmark> even 2018?
[14:29:32] <kubaexclamationmark> ;)
[14:30:17] <kubit> miss 2015 cs
[14:31:00] <kubaexclamationmark> yup
[14:32:45] <kubaexclamationmark> miss old AK aswell
[14:38:59] <emocn> sa
[14:57:47] <danidegas> Hi
[15:20:18] <jhony_stark22> easyggR
[15:48:31] <lol11238> this is old
[15:48:37] <lol11238> yes ?
[15:51:51] <Toplii> 2015
[16:01:51] <+Nomagestus> TSM PogChamp
[16:04:17] <LoLeKw660I> daja skrzynki ?\
[16:14:11] <Hugro_> Bonjour j'ai une question ? Un Mag7 drop sur la finale du major sticker tarik faze C9 ca vaut combien mdr, c'est un dune de sable
[16:17:53] <filamentlamp> GOD ALLU PogChamp
[16:23:29] <Kosiarka3000> wow
[16:31:18] <onwkase> !status
[16:35:38] <TheGreatKaituuuu> nice
[16:41:27] <Fubehxd> is this DH bucharest?
[16:41:54] <Fubehxd> from 2015?
[16:42:13] <kirpichikk> @Fubehxd Cluj Napoca
[16:42:39] <Fubehxd> wait,wasnt TSM already astralis in cluj napoca?
[16:44:08] <kirpichikk> @Fubehxd astralis was borned in 2016
[16:54:36] <Miikaasdf> is thia the major?
[16:54:48] <Miikaasdf> the cluj napoca major
[16:56:03] <kirpichikk> @Miikaasdf Quarter-final
[16:56:51] <EFFICAXOR> major yes
[16:57:26] <Miikaasdf> envy won this one but who they played against in final?
[16:58:24] <+shayebird> is this live?
[17:04:19] <+zando912> classic friberg
[17:20:24] <+Willthefish2014> damn
[17:43:03] <gmgm11> old guns sound <3
[17:43:24] <gmgm11> old dust2 <3
[17:43:34] <gmgm11> old csgo <3
[17:45:11] <ViLu__> SMOrc Miks SMOrc ei SMOrc saa SMOrc tehdä SMOrc pitkiä SMOrc ja SMOrc turhia SMOrc viestejä? SMOrc
[18:15:40] <kryptowolf_> Wasup
[18:33:46] <jordi__0344> OMEGALUL
[19:01:58] <+omeenn> Is that Live?
[19:02:08] <stalem88> yes
[19:02:30] <+omeenn> Why is there DreamHack Open Cluj-Napoca 2015
[19:02:39] <+omeenn> why 2015
[19:03:03] <stalem88> why did you ask then
[19:03:10] <stalem88> why did you fucking ask
[19:06:49] <+tour3ttekiddo> is this live guys?
[19:07:35] <PachecoMX21> Navi 2015 PogChamp Navi 2018 DansGame
[19:07:58] <+tour3ttekiddo> ^^
[19:21:48] <dsoonw> hahaha
[20:10:51] <Lenoveeee> c pas g2 sa
[20:20:06] <xfreitasxd> who is fox?
[20:20:20] <xfreitasxd> is that portuguese fox?
[20:22:52] <cw4445> yes
[20:24:34] <xfreitasxd> when they had played this game?
[20:35:44] <norway_energy> why 2015?
[20:36:09] <brano741> Vy ste dobrí kokoti
[20:36:42] <brano741> Hi someone:D
[20:37:09] <axse> hi
[20:46:23] <sasha2297> live
[21:03:51] <Maliknb1> !uptime
[21:03:52] <@Moobot> @Maliknb1 Uptime is: 21h 4m
[21:05:01] <Maliknb1> Bye mazzafakka
[21:19:40] <+Typ1calGamez> old csgo looked so much better imo
[21:20:24] <QueinTV> pro matches pre 2016 were more interesting as well imo
[21:21:34] <+Typ1calGamez> better cuz there wasnt the faze superteam c9 superteam etv @QueinTV it was basically all fnatic which wasnt bad
[21:21:42] <+Typ1calGamez> etc*
[21:21:54] <QueinTV> the average level is way higher now
[21:22:14] <QueinTV> which in return means that you see less and less incredible individual plays
[21:22:23] <+Typ1calGamez> i miss fox
[21:22:41] <+Typ1calGamez> fox was nuts
[21:22:56] <+Typ1calGamez> does he still play?
[21:23:07] <QueinTV> I think so
[21:23:22] <+Typ1calGamez> not on a well known team if he does
[21:23:22] <QueinTV> in kinguin
[21:23:51] <QueinTV> they're the 2nd best from team in Poland
[21:24:01] <FL1NDT> greatest semi final of 2015
[21:24:37] <QueinTV> I think part of the reason Fox was so good was that he wasn't punished as much for his overly aggressive play style as he is now
[21:25:12] <QueinTV> in Dignitas I felt they lost so many rounds on CT side because he just went way to over aggressive and got himself killed for no reason
[21:28:48] <liinor> are there drops too?
[21:29:10] <TUL1NE> xd no
[21:29:29] <liinor> so you steal all the drops ok
[21:29:51] <TUL1NE> only on majors there are souvenir drops
[21:30:03] <TUL1NE> and this is a rerun :/
[21:32:17] <liinor> who gets those drops?
[21:33:09] <PiggyWiggy245> you have to watch it when its live on cs
[21:33:15] <PiggyWiggy245> its random
[21:35:42] <valentin2704> hold gamplay
[21:38:23] <+Typ1calGamez> i forgot how nuts kenny was a couple years ago
[21:42:11] <titop2112> old time was nuts bro
[21:42:27] <+JakobLocke> Now too
[21:43:19] <+MattTheSupreme> tf was that nade lol
[21:46:38] <titop2112> i prefere old time
[21:48:13] <+fashioni> OT 2 Bois
[21:52:45] <Vasjakas> Fox vac
[21:53:10] <Mauo1234> ye old times its a fucking better times :D
[21:54:53] <Vasjakas> yep 🤪
[21:55:03] <Vasjakas> KennySucks xd
[21:55:31] <sftoselect> is that a old steam? oO
[21:55:42] <DoNkeyToaD> rerun
[21:55:58] <sftoselect> ?
[22:03:03] <+JakobLocke> Who won?
[22:04:26] <xMarshel> wtf is this shit and whos watching this omg
[22:08:15] <dimkata04> :)
[22:08:15] <@Moobot> DreamHack Store: http://store.dreamhack.com/?utm_source=twitch_CS&utm_campaign=twitch_panel&utm_medium=twitch
[22:34:27] <Kevin_042> “Tayzar”
[23:14:08] <PodLecII> RaccAttack
[23:49:53] <belmin504> !followage
[1 day, 0:42:16] <cbmtotje> think navi will win Kappa
[1 day, 0:49:12] <+raka_gg> major final PogChamp
[1 day, 0:51:54] <+Thelegendofmemo> back when kio wasn't the problem yet
[1 day, 1:09:16] <+carv3d> doctorSTARE doctorSTARE
[1 day, 1:14:12] <west_door12> is this live
[1 day, 1:14:34] <TF_Sneaky_DK> nope
[1 day, 1:18:01] <MattDiamond> rerun
[1 day, 1:18:09] <+carv3d> yes rerun is the new worf
[1 day, 1:18:15] <+carv3d> word for live
[1 day, 1:19:43] <docaros> learn to read the title dumpass
[1 day, 1:23:30] <+ing0dwerust> chappa
[1 day, 1:25:15] <gfarrar12> cappa
[1 day, 1:29:59] <quarrelss> HeyGuys
[1 day, 1:38:49] <therealmarkoni> GuardiaN > kennyS
[1 day, 1:41:47] <Where_is_my_pie> weed1 weed2
[1 day, 1:41:58] <Where_is_my_pie> weed3 weed4
[1 day, 1:43:52] <Where_is_my_pie> glubol
[1 day, 1:44:24] <Where_is_my_pie> any soviet womble fans?
[1 day, 1:44:45] <Where_is_my_pie> look him up on youtube i guess
[1 day, 1:44:54] <Where_is_my_pie> hes a funny twitch streamer
[1 day, 1:44:54] <+Typ1calGamez> o the asian fuck?
[1 day, 1:45:00] <Where_is_my_pie> no
[1 day, 1:45:09] <Where_is_my_pie> lol
[1 day, 1:45:12] <+Typ1calGamez> if he is not white i wont watch
[1 day, 1:45:23] <Where_is_my_pie> hes white but ok
[1 day, 1:45:31] <+Typ1calGamez> good
[1 day, 1:45:33] <Where_is_my_pie> rasist fuck
[1 day, 1:45:59] <Where_is_my_pie> wow
[1 day, 1:46:16] <Where_is_my_pie> @typ1cal1 are you a rasist?
[1 day, 1:46:27] <Where_is_my_pie> probs
[1 day, 1:46:34] <Where_is_my_pie> im out
[1 day, 1:56:38] <dimka4314> Hi guys
[1 day, 2:09:53] <+NajkenCS> yznSNUS yznSNUS yznSNUS
[1 day, 2:10:00] <+NajkenCS> projnSnus projnSnus projnSnus projnSnus
[1 day, 2:19:22] <shadowgrazer> sodaL sodaL sodaL sodaLsodaL
[1 day, 2:39:45] <swagab> !followage
[1 day, 3:54:04] <염소대장> ㅣㅐㅣ
[1 day, 3:54:10] <염소대장> :)
[1 day, 3:54:29] <염소대장> ho gdfjmg dsfkwafuadmfrudoemddky
[1 day, 3:56:37] <염소대장> 5555555555555555555
[1 day, 3:56:55] <염소대장> nce tri
[1 day, 4:00:08] <손손손손손손손손손손> LUL
[1 day, 4:00:16] <손손손손손손손손손손> SMOrc
[1 day, 4:00:29] <colorgambleyt> wth is this talk
[1 day, 4:00:39] <염소대장> hi
[1 day, 4:00:51] <염소대장> 한국인?
[1 day, 4:20:32] <shoomayn> pashanoob
[1 day, 4:24:19] <+JackRB> SSSsss
[1 day, 5:20:02] <염소대장> 55555555
[1 day, 6:23:30] <maxvondrachenburg> this spot is so ResidentSleeper
[1 day, 7:07:33] <rokeene> DansGame
[1 day, 7:12:12] <+jakekennedy44> nice!
[1 day, 7:28:41] <fooxn> !followage
[1 day, 8:05:22] <GrappaPride> FUNgineer
[1 day, 8:42:29] <Skoo4au> hi
[1 day, 9:09:42] <vitinho6447> ,
[1 day, 9:28:42] <donkeyfunn> Kreygasm
[1 day, 10:21:39] <M17Hallucinatory> Hello global
[1 day, 10:39:32] <yayo41> Is this life ?
[1 day, 11:12:26] <+tdfitch> just nutty
[1 day, 11:58:36] <watamelah> 77 viewers LUL
[1 day, 11:59:22] <InFuRnOxFiRe> Rerun LuL
[1 day, 12:05:37] <fengyi> 4
[1 day, 12:43:42] <THEBTU61> hi
[1 day, 13:12:56] <Ismking455> 8-0? PogChamp
[1 day, 13:33:03] <fengyi> f
[1 day, 13:38:42] <+Sop_Phuvit> OMEGALUL
[1 day, 14:09:17] <BramFCT> jahahja
[1 day, 14:13:02] <jonasss00> how long til the match statr?
[1 day, 14:13:13] <jonasss00> start*
[1 day, 14:31:29] <ppeti0426> Kappa
[1 day, 14:32:30] <Isunsup> SMOrc SMOrc SMOrc
[1 day, 14:36:23] <+ZeHadouKen> armalolPOLICE armalolPOLICE armalolPOLICE
[1 day, 15:00:19] <vomit777> what am i doing wiht my life
[1 day, 15:00:24] <vomit777> why am i watching this
[1 day, 15:06:03] <nomyncs> why are you guys looking this?
[1 day, 15:13:47] <+ZeHadouKen> cuz it's awesome
[1 day, 15:15:07] <avexly> !upyime
[1 day, 15:15:13] <avexly> !uptime
[1 day, 15:15:14] <@Moobot> @AvexLy Uptime is: 1d 15h 15m 22s
[1 day, 15:17:56] <H_trx> horstDinner
[1 day, 15:37:04] <falaflen1337> Kappa
[1 day, 16:05:24] <mkarahan> 56 wievers lel
[1 day, 16:12:04] <BigBoyBig66> watching SK win, warming up for today's match LUL
[1 day, 16:45:15] <DrMuskot> h
[1 day, 16:56:49] <braveheart8585> HeyGuys
[1 day, 16:58:48] <braveheart8585> R)
[1 day, 16:58:56] <braveheart8585> CoolStoryBob
[1 day, 16:59:04] <braveheart8585> TakeNRG
[1 day, 16:59:09] <braveheart8585> FailFish
[1 day, 17:04:54] <currysoas30> selamin aleykum beylet
[1 day, 17:08:00] <ekanious> monkaS
[1 day, 17:12:17] <+Typ1calGamez> did konfig leave north?
[1 day, 17:13:05] <ekanious> rip big Kappa
[1 day, 17:21:23] <ekanious> dosia 200 iq nade
[1 day, 17:23:40] <Tamm3rt> Who won?
[1 day, 17:26:20] <ekanious> north 2-1
[1 day, 17:47:03] <Sabueso> NotLikeThis PraiseIt PraiseIt
[1 day, 18:14:48] <Subin0> !NAVI
[1 day, 18:17:04] <stewiedd> jugiJokero jugiJokero jugiJokero
[1 day, 18:21:17] <QuickNickz> 60 viewers? why does this channel still broadcasts the same reruns?
[1 day, 18:22:21] <QuickNickz> @DreamHackCS maybe just call it quits on these broadcats?
[1 day, 18:22:39] <QuickNickz> you know, live events and like 1-2 reruns of fairly recent events
[1 day, 18:23:49] <+CrankyCaponeYT1> why quit? Watch or do not watch.
[1 day, 18:48:45] <killatek> jasonrChamp jasonrChamp jasonrChamp jasonrChamp
[1 day, 18:53:35] <fiontz8> ***
[1 day, 19:08:35] <+NiiGHtRaY254> spam this noodle to help skadoodle pastaThat
[1 day, 19:52:15] <DaSsPiElErSpIeLe> LUL
[1 day, 19:57:04] <TreToo> !uptime
[1 day, 19:57:04] <@Moobot> @TreToo Uptime is: 1d 19h 57m 13s
[1 day, 19:59:43] <GurkannT> sen ne konuşuyon değişik
[1 day, 20:09:02] <SpoderSimulator2019> How old is this
[1 day, 20:19:10] <yungvegard> how yall doing
[1 day, 20:33:19] <+Minoxi_hd> ScaredyCat ScaredyCat
[1 day, 21:05:05] <ddksoda> waddup nubbies
[1 day, 21:06:18] <+Minoxi_hd> stfu i am glubal
[1 day, 21:08:19] <crazycatgaminghd> yh and i am kennys
[1 day, 21:08:40] <+Minoxi_hd> no u r not u r crazy cat gaming hd
[1 day, 21:08:59] <+Minoxi_hd> I would call you out for that hd if I would not have one too
[1 day, 21:09:17] <crazycatgaminghd> rofl
[1 day, 21:09:24] <crazycatgaminghd> i am 5
[1 day, 21:09:32] <crazycatgaminghd> 6*
[1 day, 21:09:40] <crazycatgaminghd> hahah
[1 day, 21:09:54] <crazycatgaminghd> i am doulbe ur age kiddo
[1 day, 21:09:57] <+Minoxi_hd> of course, 6yr old watching csgo
[1 day, 21:10:02] <crazycatgaminghd> :P
[1 day, 21:10:04] <+Minoxi_hd> and I am kennyS
[1 day, 21:10:12] <+Minoxi_hd> Kappa
[1 day, 21:10:18] <crazycatgaminghd> :P:P
[1 day, 21:10:27] <crazycatgaminghd> <3
[1 day, 21:10:36] <+Minoxi_hd> why is my Kappa not showing :/
[1 day, 21:10:45] <+Minoxi_hd> FlipThis bibaMbeezy <3 :|
[1 day, 21:10:54] <+Minoxi_hd> dafaq
[1 day, 21:10:57] <crazycatgaminghd> :P
[1 day, 21:11:05] <+Minoxi_hd> bibaGG
[1 day, 21:11:15] <+Minoxi_hd> ok f5 fixed it
[1 day, 21:11:18] <crazycatgaminghd> enjoy ur time here :D
[1 day, 21:11:55] <+Minoxi_hd> u 2
[1 day, 21:33:55] <xdrave> lol
[1 day, 22:21:02] <SpaceFockuZ> why the fck is there guys watching this xD
[1 day, 22:23:42] <the_meriT> Missed it live
[1 day, 22:24:02] <+cockersback> vjk
[1 day, 22:26:57] <+Hovanak> background noise
[1 day, 22:27:09] <xdrave> why would he be that surprised
[1 day, 22:31:36] <Xopliak> PogChamp
[1 day, 22:32:07] <Xopliak> PogChamp
[1 day, 23:27:06] <ZirroEdits> yooooooooooooooo
[1 day, 23:31:45] <crazycatgaminghd> nihhaa
[1 day, 23:31:50] <crazycatgaminghd> nihghhhggggaqaaa
[1 day, 23:32:07] <crazycatgaminghd> nilla
[1 day, 23:46:14] <+Cottonmouths> Is this replay?
[1 day, 23:46:24] <officialeleganth> yes
[1 day, 23:46:45] <+Cottonmouths> What tourny is thos
[1 day, 23:48:00] <officialeleganth> DreamHack Masters Malmö 2017
