[0:00:48] <Varicoseulcer> first
[0:02:22] <ganongom> Re runs suxkkkk
[0:03:47] <JamalGoatVEVO> Scuffles Kappa... just me
[0:38:20] <0mikyno> Lul
[1:02:32] <DerawGaming> is it live?
[1:02:49] <scraybery> Nope
[1:03:01] <DerawGaming> ok, thanks
[1:03:19] <+Compl9x> i mean it says 2017 and RERUN in the title...
[1:03:45] <DerawGaming> now you make me feel dumb :(
[1:03:54] <DerawGaming> xD
[1:06:48] <DerawGaming> Im a girl
[1:28:56] <+currymeister97> Who wins?
[1:29:30] <rigatron333> cloud9
[1:29:44] <Miami_Bandit> G2
[1:29:52] <Miami_Bandit> Cloud9 are a joke
[1:32:06] <rigatron333> better than you
[1:32:58] <Miami_Bandit> Doesn't bother me, I'm not competing
[1:34:27] <Al1m_> gg
[2:15:48] <burhancan615> sa
[2:49:05] <+TehSanctum> PogChamp
[3:46:37] <armotv> csgo isso dead
[3:46:52] <armotv> lmao
[3:47:32] <+BatOnPC> Yes, CSGO is so dead when the major had 1.8 million concurrent viewers.
[3:47:38] <+BatOnPC> This is a rerun.
[3:47:44] <armotv> oh
[3:47:45] <+BatOnPC> You can't expect it to have viewers.
[3:48:09] <armotv> idk man
[3:48:17] <armotv> i thoght it was a acual game
[3:48:30] <armotv> what rank are u on esea
[3:48:53] <+BatOnPC> C
[3:49:08] <armotv> oh
[3:49:31] <armotv> imma go play pubg fuck
[4:17:18] <Flaregaming1432> hi 48 viewezerewz
[5:03:29] <kyoto540> best mouse for competitive in FPS, MOBA?
[6:29:46] <TheSchuieGame> FrankerZ
[8:30:38] <Wwe3223> SeemsGood SeemsGood SeemsGood SeemsGood SeemsGood
[9:37:58] <cem4ehko123> when it was?
[9:42:15] <xxswooshy> PunchTrees
[10:06:28] <황혼> EU molotob
[10:19:12] <sgt_asswipe> once upon a time something was caleld fnatic
[10:27:54] <+rioduh> Come watch some ESEA pugs im live right now!
[10:33:27] <+GamingSpace> 69 viewers on a live tournament
[10:33:34] <+GamingSpace> good job dreamhack!
[10:33:38] <Shepherd_pc> This isnt live ...
[10:33:49] <+GamingSpace> it is live
[10:33:59] <Shepherd_pc> I seriously hope for your sake that you're trolling
[10:34:27] <+GamingSpace> do not worry about me
[10:34:36] <+GamingSpace> I know my stuff
[10:34:52] <+GamingSpace> the room is even in a slow mode
[10:34:59] <+GamingSpace> so it's live
[10:35:09] <Shepherd_pc> ...
[10:35:26] <Shepherd_pc> I just can't imagine you being serious right now
[10:35:36] <Shepherd_pc> You can't be that stupid can you ?
[10:35:48] <+Levisn1> its live
[10:36:00] <+Levisn1> i just bet 200€ on fnatic
[10:36:10] <+GamingSpace> you see people are betting
[10:36:20] <Shepherd_pc> Alright i'm done
[10:36:29] <Shepherd_pc> That is some pretty pathetic trolling attempt
[10:36:36] <Shepherd_pc> You need to step up your game
[10:36:49] <+GamingSpace> you're done because you're wrong
[10:37:41] <+Levisn1> @shepherd_pc if don't follow the tournaments, it's not our fault
[10:38:52] <Shepherd_pc> Why are you still trying ?
[10:39:04] <+GamingSpace> this guy thinks we are stupid
[10:39:37] <Shepherd_pc> Oh I know you are stupid
[10:39:48] <+GamingSpace> he also believes that there are trolls IRL
[10:39:54] <Shepherd_pc> Either you're stupid or trolling , but trying to troll people on twitch chat is stupid on it's own
[10:39:57] <+GamingSpace> can you believe this shit ?
[10:40:03] <Shepherd_pc> So yea either way you're stupid
[10:40:12] <+Levisn1> ok shepard we got it. It's starting, now be quiete and have fun! gogo fnatic!
[10:40:35] <Shepherd_pc> Trolling in an empty chat of a rerun
[10:40:42] <Shepherd_pc> You really have a shitty life
[10:40:48] <Shepherd_pc> FailFish
[10:41:12] <+GamingSpace> look he's now sticking labels on us
[10:41:35] <+GamingSpace> why won't you shut up and enjoy the game ?
[10:41:49] <+Levisn1> It's live first, second you are here as well..trolling us with your no sense theory of the "nguee it's not live nguee"
[10:42:13] <Shepherd_pc> My god you really are committed to this troll
[10:42:37] <+GamingSpace> RERUN is a venue name
[10:43:03] <Shepherd_pc> Oh for sure dude , and 2017 is also the current year
[10:43:32] <+GamingSpace> so you believe you live in the future ?
[10:43:45] <+Levisn1> it's because this game it's live but the mistypes the year on the screen
[10:43:53] <sgt_asswipe> you are not fooling anybody
[10:44:08] <+GamingSpace> Are you schizophrenic by any chance ?
[10:44:13] <+Levisn1> they are going to fix the year soon
[10:44:35] <+Levisn1> still year broken
[10:47:06] <sgt_asswipe> now im tilted
[10:48:08] <+GamingSpace> see
[10:50:30] <+GamingSpace> @Shepherd_pc where are you ?
[10:51:06] <+GamingSpace> i want to give you something
[10:51:37] <+GamingSpace> something special
[10:52:02] <+GamingSpace> my gf's aborted fettus
[10:52:31] <+GamingSpace> it was your unborn son
[10:57:07] <Shepherd_pc> damn I got your gf pregnant ? is that why you're losing your shit like that ?
[10:59:09] <Shepherd_pc> oh what's wrong you don't want to troll no more ?
[10:59:29] <Shepherd_pc> Weak
[11:15:00] <cagricagri111> hi
[11:38:50] <+declick_> nub
[12:18:03] <+rioduh> IF YOU WANNA COME WATCH SOME na esea PUGS COME THROUGH! IM LIVE NOW!
[13:03:55] <komisarzrexjp> Hi
[13:10:55] <johnjohncebola> hi
[13:28:51] <Tupeloo> donatoC donatoC donatoC donatoC
[13:49:21] <4DI5> OMEGALUL
[13:59:38] <+SanityAces> 100 veiwers all yall zombies
[14:01:52] <4DI5> subscribing to a dead channel OMEGALUL @iamacess
[14:08:14] <bluehulk4> NBK is good at this game
[14:08:27] <bluehulk4> I like it when he shoots people in the head
[14:50:17] <+ShoeNice> happy tuesday everyone, shared this livestream on my twitter ! shoeniShoenice shoeniShoenice shoeniShoenice
[15:17:10] <Kukubaczek> Hi
[15:19:33] <aascrack> lol
[15:39:21] <Frusenelk> nothing but "re-runs" here?
[15:39:42] <Frusenelk> nvm, this was actually dh's twitch, my bad haha
[15:46:46] <awdsfin> nice shot!
[15:51:08] <awdsfin> gg
[16:09:38] <+marineblakester> greekBrow greekBrow greekBrow
[16:26:46] <Zakkuko> no
[16:32:40] <junkrbeast> CS:GO ResidentSleeper
[16:33:23] <junkrbeast> Do people still play this game wtf
[16:44:30] <MistaCleaner> LUL
[17:13:05] <PicwarsTV> who is watching this shit?
[17:14:08] <ham3d_s1mple> your mama!:))))))))))))))))))))))))))))))))))
[17:43:16] <+CR67> hello
[17:52:53] <gradlegents> :D
[18:03:40] <sleml> Anyone remember how this ended?
[18:04:11] <notTehmagical> nip won
[18:04:13] <OfficialM4rCuS> On this map NiP wins on OT, and then later wins the series 2-1
[18:04:31] <sleml> Right, thanky you :D
[18:04:40] <notTehmagical> 22-20
[18:05:04] <sleml> pretty decent comeback
[18:05:33] <notTehmagical> yup
[18:27:10] <PmaxNor> who won?
[18:28:42] <toobisz> NIP
[18:34:55] <crispyyyy> <3
[18:35:52] <crispyyyy> PogChamp PogChamp
[19:14:59] <%joebatey> A
[20:13:54] <mightykingtv> come on gambit
[20:14:03] <mightykingtv> nož
[20:15:10] <mightykingtv> lets go
[20:15:17] <mightykingtv> come on
[20:15:37] <mightykingtv> no shit
[20:16:30] <mightykingtv> good
[20:17:13] <mightykingtv> good
[20:17:52] <mightykingtv> lets go
[20:17:57] <mightykingtv> gj
[20:39:21] <rarerubber> AUSTRALIS
[21:27:31] <EliasIL> !followage
[21:49:13] <pm_shree> PogChamp
[21:49:27] <pm_shree> Live?
[21:50:54] <g0mc> no rerun
[22:22:38] <CaioRamos98> FutureMan
[22:54:47] <aspektisme> what
[22:54:52] <aspektisme> teamspeak???
[22:55:00] <aspektisme> NO DISCORD???? NANI?
[22:55:26] <Ivo13777> sup
[22:55:36] <aspektisme> hello
[22:56:02] <+coolcurt912> kng lul
[23:02:03] <Engh_1> rip Imt
[23:18:20] <Senya3711> Ez +1500€ =)
[23:23:34] <1afer21> !followage
[23:23:38] <1afer21> !follow
[23:24:13] <anabiosis_> !cancerdeathsperyear
[23:50:17] <feradanoite> PogChamp
[23:56:35] <goldqe> kkkkkk
[23:57:08] <goldqe> sdds dessa época... immortals
[1 day, 0:17:17] <+Drache1710> ts bois ts3-084.lan4play.de:11135
[1 day, 0:34:02] <+JasonDick1> wait... do they really bring this back with an auto??
[1 day, 1:23:55] <berzan669> btcvh
[1 day, 1:24:00] <berzan669> Kenny b.tch
[1 day, 1:24:14] <berzan669> WHYÜ
[1 day, 1:24:24] <berzan669> SxCk
[1 day, 1:24:38] <berzan669> SxCK MY DXCK
[1 day, 1:30:21] <kingdraggle> stfu
[1 day, 2:26:19] <MrElstad1> ok
[1 day, 2:51:50] <zZxXAdamXxZz> ***
[1 day, 2:52:02] <zZxXAdamXxZz> LUL
[1 day, 2:52:07] <zZxXAdamXxZz> Trihard
[1 day, 3:22:18] <DewWork_> q
[1 day, 3:22:23] <DewWork_> !followage
[1 day, 3:22:29] <DewWork_> dead ass channal
[1 day, 3:22:36] <DewWork_> unfollowing
[1 day, 3:54:51] <YungSwigga> hi
[1 day, 3:54:56] <YungSwigga> gae
[1 day, 4:13:19] <+ItsMixxes> is this live?
[1 day, 4:14:01] <GAISINFTY> DreamHack Masters Malmö 2017
[1 day, 4:50:50] <vraaaauu> live?
[1 day, 4:52:19] <Milkrevail> It says re run nerd
[1 day, 5:43:00] <+PoopSak_> 55
[1 day, 5:59:03] <+ThiagoADC2> xD
[1 day, 6:31:09] <mlgspartafin> !uptime
[1 day, 6:31:09] <@Moobot> @mlgspartafin Uptime is: 1d 6h 31m 18s
[1 day, 7:42:29] <SaltyfishA> :D
[1 day, 7:42:54] <SaltyfishA> !uptime
[1 day, 7:42:54] <@Moobot> @SaltyfishA Uptime is: 1d 7h 43m 3s
[1 day, 7:43:11] <SaltyfishA> !commands
[1 day, 7:47:47] <cal_tv> gg
[1 day, 7:48:08] <SaltyfishA> :D
[1 day, 7:50:05] <cal_tv> ez
[1 day, 8:07:31] <clearwatercs> PogChamp
[1 day, 8:50:27] <pinzonthegreat> Lol
[1 day, 9:22:49] <+AaroNtheN1njA> lmao yall boyz watching old cs
[1 day, 9:36:06] <regnandum> lol, ez for blade
[1 day, 10:22:36] <+Dimpleshift> is this live or is this a rerun?
[1 day, 10:22:39] <venturinicsgo> bom dia
[1 day, 10:22:56] <venturinicsgo> ruim demais
[1 day, 10:23:03] <venturinicsgo> vai toma no cu viu
[1 day, 10:23:05] <+heavyflow> rerun
[1 day, 10:23:06] <deflair_1> rerun
[1 day, 10:23:09] <shecen> rerun
[1 day, 10:23:16] <venturinicsgo> RERUN
[1 day, 10:23:21] <+heavyflow> literally says rerun as the first word in the title lmao
[1 day, 10:23:35] <venturinicsgo> plaing leag of lejend
[1 day, 10:23:41] <venturinicsgo> gais
