[0:01:51] <Notorious_MIG> i licked a baby
[0:02:06] <Notorious_MIG> can i still play csgo
[0:02:19] <Notorious_MIG> also is this live?
[0:02:31] <Notorious_MIG> can i bet on this?
[0:02:45] <Notorious_MIG> IS GALIvE MY DADDY?
[0:03:09] <Notorious_MIG> i just bet $60 on this
[0:03:18] <Notorious_MIG> flamie feed
[0:03:37] <Notorious_MIG> simple hacking
[0:03:54] <Notorious_MIG> simple and device are walling
[0:04:34] <sucharr25> FailFish
[0:05:16] <+vaalapurakas> Astalis 2:0 16-6 16-10 :)
[0:05:25] <+jprevost1993> If u like the military I’m live now come chat with me
[0:35:39] <hamed_bh> GG
[0:54:52] <+jprevost1993> If u like the military I’m live now come chat with me
[0:54:57] <+jprevost1993> Please I need support
[1:05:07] <snakee92> SeemsGood
[1:18:21] <+ImNiNii> no
[1:44:41] <d00pe420> live?
[1:45:36] <DaMetalPenguin> yes
[2:41:41] <denisionsoft> OkayestPizza BestPizza EatPizza
[2:43:55] <ahnzie> Live?
[2:55:15] <isakdapro> its this live?
[3:05:32] <CHARADAO3> yes
[3:29:36] <3xprospect> HeyGuys
[3:30:48] <klasix12> PogChamp
[3:43:51] <+Unsafe_Haven> Lol
[4:15:54] <Qigusu> 30$ rangercase_com - F9OUVM8Dk0
[4:19:14] <entec123> CrreamAwk CrreamAwk
[4:28:44] <xBienfu> @goldaao sem vergonha
[4:30:48] <xBienfu> bando de homofobicos
[4:31:49] <xBienfu> DIGA NÃO A OS HOMOFOBICOS NAO ACREDITO NOS TROXAS
[4:35:39] <+DefiniteLemon> Morning dudes mthFeels
[5:23:42] <Keleutian> 4Head
[5:44:40] <Doggyskillzzz> lol 87 viewers
[5:45:10] <its7studiohd> rip
[6:07:03] <Bunkamura> Kappa
[6:29:20] <M17Hallucinatory> Kennys PowerUpL PeoplesChamp PowerUpR
[6:34:36] <xaxav61> 💀
[6:35:45] <M17Hallucinatory> PowerUpL PeoplesChamp PowerUpR riPepperonis
[6:36:45] <M17Hallucinatory> CurseLit SabaPing
[6:38:07] <M17Hallucinatory> SMOrc OkayestPizza
[6:42:36] <Arik_Gamer> only 80 viewers wtf
[8:16:23] <lucasreiboss> !followage
[8:16:58] <lucasreiboss> !followage
[9:25:08] <+Matoto> monkaS
[9:55:38] <supreme1337x> : 00ۗۗۗۗۗۗۗۗۗۗۗۗۗۗۗۗۗۗۗۗۗۗۗۗۗۗۗۗ
[10:05:52] <WolfGamer1xDD> coldzera is my fahter
[10:07:24] <Eazy0ne3> pOGcHAMP
[10:32:11] <StrawbsGamingxo> hi
[11:14:01] <+Noobusy> k
[11:49:18] <chineseratmeat> 29 viewers LUL
[11:50:20] <+binary_> hello
[11:52:19] <paul15eko> YOU SO FUCKING PRECIOUS WHEN YOU SMILE <3 TakeNRG
[11:54:01] <paul15eko> anyone? i'm alone? TheTarFu
[12:01:05] <+S7TMBR> test
[13:30:26] <mats9501> BibleThump
[13:32:12] <exxxace> :D :D ;p
[15:46:51] <Skuper4> who win?
[15:47:51] <+ChilledEch0> The Winner Wins
[15:48:03] <+ChilledEch0> Ya welcome
[16:03:58] <p0l0sat1k_rus> cl
[16:11:05] <+madmike577> VAC
[16:11:44] <p0l0sat1k_rus> PopCorn
[17:26:49] <HalfZED> Imt ganhou ou perdeu?
[17:29:38] <squishypancakes1> I LOVE VORE
[17:31:05] <X_doctorturtle_x> ME TOO
[17:31:12] <X_doctorturtle_x> I HAVE A SMALL PPBIZON
[17:40:13] <X_doctorturtle_x> nasty
[17:54:54] <57oH> a dream is....ok lets see the match
[19:15:21] <walttuz> harambe
[19:26:42] <InFuRnOxFiRe> 2017 LUL
[19:30:01] <Deaf3> go sk
[20:10:32] <protamlan> lit
[20:13:04] <ZagPC> Nice game
[20:21:08] <protamlan> yea
[20:53:01] <M17Hallucinatory> G2 PowerUpL PeoplesChamp PowerUpR
[20:53:35] <tiagothellama> go sk
[20:54:31] <M17Hallucinatory> Bodddyyy
[20:55:07] <tiagothellama> Coldzera was voted best player in the world
[21:12:49] <M17Hallucinatory> G2 PowerUpL PeoplesChamp PowerUpR
[21:16:09] <M17Hallucinatory> Come back 🔥🔥
[21:21:59] <anthonlur> Malmöööööö!
[21:38:13] <M17Hallucinatory> Kennyyyy 🔥🔥
[21:51:19] <nerq133_7> Ooô
[22:48:24] <trmert8585> why dont you skip the unnecessary waiting moments even on rerun
[22:48:40] <trmert8585> i dont want t
[22:48:58] <coinflip2043> ResidentSleeper
[22:50:00] <trmert8585> meh im out cya all
[22:53:38] <MansCS> PunchTrees SSSsss
[22:54:05] <MansCS> VoteYea VoteYea VoteYea Ah Ah Ah
[23:21:50] <jat1n_vis10n> hii
[23:47:20] <juca> damn son
[23:50:05] <juca> LUL
[1 day, 0:00:08] <erenaga1907> PogChamp re run
[1 day, 0:01:04] <erenaga1907> LUL na nade
[1 day, 0:02:12] <erenaga1907> Forest god nt
[1 day, 0:02:57] <+PANIXWOW> 63
[1 day, 0:09:12] <+00kanplan00> LOL 120 viewer for a Major, dead game
[1 day, 0:09:34] <+00kanplan00> this is a live Major
[1 day, 0:10:15] <Noxzling> it's a fucking rerun dude
[1 day, 0:11:15] <+00kanplan00> no look live
[1 day, 0:12:26] <Dazmahr> Is this live is this live is this live
[1 day, 0:12:27] <Noxzling> RERUN: NiP vs Na'Vi - Nuke - Quarter-finals - DreamHack Masters Malmö 2017
[1 day, 0:12:44] <Noxzling> it's 2018. wow u really are daft
[1 day, 0:12:46] <+00kanplan00> i know the 200 fanboys who play CSGO are very sad the game is dead, but fortnite is the future
[1 day, 0:12:56] <Dazmahr> Lmfao
[1 day, 0:13:04] <Dazmahr> How tf do u compare Fortnite to CSGO
[1 day, 0:13:06] <+00kanplan00> rerun is the sponsor
[1 day, 0:13:06] <Noxzling> if it's dead then what the hell are you doin here?
[1 day, 0:13:16] <Dazmahr> Not even close
[1 day, 0:13:29] <+00kanplan00> looking what the kids are doing
[1 day, 0:14:25] <Dazmahr> Stfu already Kanplan
[1 day, 0:14:27] <+00kanplan00> fortnite is the new CSGO
[1 day, 0:14:34] <Dazmahr> You’re pathetic
[1 day, 0:14:49] <+00kanplan00> no just realistic
[1 day, 0:14:58] <Dazmahr> CS:GO is huge
[1 day, 0:15:18] <Dazmahr> Fortnite doesnt even have esports, yet you’re compairing the games
[1 day, 0:15:21] <+00kanplan00> huge on getn forgotten
[1 day, 0:15:24] <Dazmahr> Ridiculous 😂
[1 day, 0:16:21] <+00kanplan00> sell your 15€ inv as long as you get some cash for the low items of a low gamw
[1 day, 0:26:35] <georgeleka> Dead stream ResidentSleeper
[1 day, 0:26:47] <ustazinho> ResidentSleeper
[1 day, 0:27:12] <TheRedCoin> is this live
[1 day, 0:27:37] <TheRedCoin> live?
[1 day, 0:27:40] <homeless_monopoly> It says rerun in the title ._.
[1 day, 0:27:46] <georgeleka> Yes ResidentSleeper
[1 day, 0:27:56] <TheRedCoin> nice
[1 day, 0:28:13] <georgeleka> Nic...e..? ResidentSleeper
[1 day, 0:28:25] <Koninkaulus> they streaming future games, they are aliens and they want to show us what happen in 2022
[1 day, 0:28:40] <TheRedCoin> why does it say 2017
[1 day, 0:28:49] <TheRedCoin> its 2018
[1 day, 0:28:49] <Koninkaulus> its a trap
[1 day, 1:12:31] <Mau5tra5> this is live right?
[1 day, 1:12:51] <herken> nope
[1 day, 1:13:00] <Mau5tra5> knew it
[1 day, 1:13:24] <Mau5tra5> lol I'm stupid it says rerun
[1 day, 1:13:31] <herken> ye
[1 day, 1:13:37] <herken> xD
[1 day, 1:14:21] <+ITDKillerTV> itdkilBaffetto
[1 day, 1:14:27] <Mau5tra5> USA
[1 day, 1:22:38] <AiMgUNTER> flamiebot
[1 day, 1:31:28] <+jprevost1993> If you like drink people and the military join my stream
[1 day, 1:31:36] <+jprevost1993> Come chat for a show
[1 day, 1:33:28] <RaisingAgent> On top of spaghet, there sits my poor BloodTrail
[1 day, 1:33:29] <AiMgUNTER> nope
[1 day, 1:38:43] <rahulsunny0388> NotLikeThis
[1 day, 2:05:50] <gefrierschrank91> i want NiP back
[1 day, 4:08:10] <+tylerg2k> D z VC bnnnvvnnnnnnnńbbbbbbbbbbbbbbbbbbbbbbbnbnnm,&z6iķķ
[1 day, 4:17:15] <Santoria_> hi
[1 day, 4:22:41] <hyugzz> !mydong
[1 day, 4:24:00] <hyugzz> !mydong
[1 day, 4:44:15] <as200> Astralis OMEGALUL
[1 day, 4:57:08] <OscarTheGreat10> BestPizza
[1 day, 5:57:55] <skydiive> RIP IMMORTLAS BibleThump BibleThump BibleThump
[1 day, 6:00:50] <cHr1sY> Yeah
[1 day, 6:01:06] <cHr1sY> Rip they were good :(
[1 day, 6:05:01] <ヴディスワ> Monkeys should not be playing videogames
[1 day, 6:14:51] <alreadyvintage> Heyy
[1 day, 6:43:54] <protamlan> na smoke
[1 day, 7:13:14] <Snipe_Zilla> When was this?
[1 day, 7:14:06] <phoxCS> forsenX
[1 day, 7:14:29] <mrdizz1> malmo 2017
[1 day, 7:14:40] <mrdizz1> i think early?
[1 day, 7:45:21] <pai_do_smeb> hello
[1 day, 7:49:54] <ChewieTheThreeToedWookie> do you know da wae?
[1 day, 7:51:19] <+PotheadOrangutang> Dead meme
[1 day, 7:52:34] <luffymoreno> dead like her love
[1 day, 8:26:29] <tunayderkek> skr
[1 day, 8:31:15] <mav1d> al st
[1 day, 8:38:39] <Jahwetti> kapap
[1 day, 8:54:19] <kecskekaja> isnt the cam of draken and xizt are swaped?
[1 day, 9:14:00] <BeefyGotBanned> live?
[1 day, 9:18:14] <spiiixcsgo> yes
[1 day, 9:23:42] <Elbion123> G2❤️
[1 day, 9:59:47] <C1uddyxD> DrinkPurple
[1 day, 10:32:14] <DaMetalPenguin> WE'RE HAVING FUN PogChamp
[1 day, 11:16:54] <+RUDYHOPS> calvin1HP
[1 day, 11:31:33] <plakertje> ✌🏻
[1 day, 12:29:00] <Therandommies> gg
[1 day, 12:47:21] <frederikssen> Anyone knows what res the spectator use? And the viewmodel??
[1 day, 13:15:32] <ScorpionSen> comback?
[1 day, 13:15:59] <ScorpionSen> naaaah
[1 day, 13:21:21] <ScorpionSen> SNAP INTO A SLIM JIM!
[1 day, 13:21:56] <ScorpionSen> Ddink Coca Cola
[1 day, 13:22:30] <ScorpionSen> Buy Esea
[1 day, 13:22:45] <ScorpionSen> hack=NO
[1 day, 13:22:58] <ScorpionSen> miuntsin dew league is best
[1 day, 13:23:07] <ScorpionSen> mountsin dew league is popular
[1 day, 13:23:15] <ScorpionSen> you like mountsin dew
[1 day, 13:23:27] <ScorpionSen> mountsin dew
[1 day, 13:24:10] <ScorpionSen> Red Bull is good for you
[1 day, 13:24:21] <ScorpionSen> drink Red Bull
[1 day, 13:24:30] <ScorpionSen> Red Bull gives you wings
[1 day, 13:24:56] <ScorpionSen> wings=hacks-> havks=goood
[1 day, 13:25:14] <ScorpionSen> hacks good+you= fun fun$$
[1 day, 13:26:30] <ScorpionSen> muggles<dogs
[1 day, 13:26:42] <ScorpionSen> muggles>you
[1 day, 13:28:01] <+avatartobi> yeahhhhhhhhh boiiiiiiiiiiiiiiiiiii
[1 day, 13:28:19] <ScorpionSen> i advise aderol ™
[1 day, 13:29:19] <ScorpionSen> 15-16
[1 day, 13:32:00] <ScorpionSen> wheres their last stand? this game is broken
[1 day, 13:32:23] <ScorpionSen> wheres the tactical shield?
[1 day, 13:33:46] <ScorpionSen> u guys know any good jailbreak maps??
[1 day, 13:34:33] <ScorpionSen> when's the next surf tourney?
[1 day, 13:35:00] <ScorpionSen> is this thing on?
[1 day, 13:43:05] <unpluggedradiolink> Was too eZ for G2
[1 day, 14:02:36] <+voomvoom27> viewer count so ded
[1 day, 14:11:01] <日本刀かたな> aizy cheating
[1 day, 14:32:43] <liq_na> NiP "the best" PogChamp
[1 day, 14:33:27] <crazydoggdusfps> They sabotaged the game
[1 day, 14:33:56] <liq_na> ?
[1 day, 14:58:40] <+Seboo23> tweeLove tweeLove tweeLove
[1 day, 15:25:40] <ondraernyger2> ***
[1 day, 15:34:46] <VictorESD> IS THIS LIVE?!?!?!
[1 day, 15:36:53] <phaiisz> monkaS
[1 day, 16:55:50] <+iArcticx> 41 VIEWERS MAJOR LUL
[1 day, 17:22:52] <Kappa123memelord> wot?
[1 day, 17:22:59] <Kappa123memelord> Kappa Keepo PJSalt
[1 day, 17:23:14] <Kappa123memelord> !res
[1 day, 17:31:12] <fEESTEAM> HELLO MY FRIENDS, I AM NEW IN INSTAGRAM, I FOLLOW ALL WHO FOLOWS ME: INSTAGRAM: fedeabed- THANKS A LOT
[1 day, 19:16:42] <fireball3120> who won this match in the end
[1 day, 20:31:55] <abakarovwt> hu
[1 day, 20:36:42] <NQuesSy> byr5
[1 day, 21:03:23] <godenabled> ResidentSleeper ResidentSleeper ResidentSleeper
[1 day, 21:21:04] <+theonlycozyboy> hello
[1 day, 21:26:58] <+Cuckoomedall> shroudC9 shroudC9 shroudC9 shroudC9
[1 day, 21:53:47] <amteam445> hi
[1 day, 22:04:46] <Sigstuns> Life is like a box of chocolates......
[1 day, 22:50:30] <kon_queso> rise nation is a dumb name
[1 day, 23:21:22] <jutano_bruun> Sick
[1 day, 23:42:24] <+Fareplayz> Kappa
[1 day, 23:42:45] <Petike0670> Kappa Kappa
[1 day, 23:46:54] <champ91037> hi
