[0:00:20] <bigdaddycool77> SwiftRage SwiftRage SwiftRage SwiftRage SwiftRage
[0:00:33] <+cslei0825> shroud4Head
[0:00:45] <bigdaddycool77> ew shroud sub go away DansGame
[0:01:31] <+cslei0825> BibleThump
[0:02:18] <bigdaddycool77> Kappa
[0:04:12] <xaxav61> Rerun
[0:05:27] <RoxxAsRox> ez
[0:05:44] <xaxav61> It s a rerun
[0:07:52] <i7knz> when its starting
[0:07:53] <NDO_Volkay> HeyGuys ndovolTeam
[0:08:22] <NDO_Volkay> BuddhaBar
[0:09:05] <ka1zen> 15 mins left
[0:09:35] <xaxav61> It in csgo or only this live
[0:11:06] <ManicMunday> :(
[0:11:11] <ManicMunday> Where is the love my mans
[0:11:50] <Robsssss> ResidentSleeper vs ResidentSleeper
[0:13:56] <DavidKacperTu> this live?
[0:15:10] <noxfuchs> danGasm Clap
[0:15:48] <+Advanst_> is this exclusive music for dreamhack?
[0:17:56] <exogenesis753> i assume bleh had a say in what the music would be :)
[0:18:09] <NDO_Volkay> HeyGuys ndovolTeam
[0:18:21] <ka1zen> song ?
[0:18:36] <xaxav61> !song
[0:19:36] <exogenesis753> this song reminds me so much of unholy confessions...
[0:19:54] <exogenesis753> at least the start did
[0:22:04] <ka1zen> shazam not helping
[0:23:00] <Hentilele> :O
[0:23:06] <Dayze_k> music is dope af
[0:23:40] <panevskiot> when the match start ?
[0:23:42] <swag007_> !maps
[0:24:11] <Dayze_k> match being casted?
[0:24:21] <+Farleypoc> yes
[0:24:34] <ka1zen> !song
[0:26:44] <swag007_> veto done already?
[0:27:40] <ManicMunday> @swag007_ waiting on DS to ready up for it
[0:28:21] <pghgleets2a> when will it start
[0:28:45] <NDO_Volkay> ResidentSleeper ResidentSleeper ResidentSleeper
[0:29:00] <pghgleets2a> Boot round 1 win
[0:29:05] <noznaug> ONLY 1.4K VIEWERS FOR MAJOR FINAL, DEAD GAME LUL
[0:29:25] <xaxav61> @noznaug tu parles fr
[0:29:38] <pghgleets2a> Semi finals
[0:29:59] <pghgleets2a> That aren't god teams right?
[0:31:27] <bigdaddycool77> im poverty child can someone give me dragon lore so i can buy pubg
[0:31:41] <DanThaWolf> Whens this starting?
[0:31:48] <passcsgo> aye
[0:32:04] <DanThaWolf> The match whens it starting
[0:32:07] <bigdaddycool77> about 7 minutes
[0:32:19] <DashKiller> bl00dEgabbac bl00dCabbage
[0:32:43] <Dayze_k> starting soon?
[0:33:14] <notsavin> I think they having tech issues
[0:33:34] <Dayze_k> ping problems id say
[0:33:37] <pghgleets2a> go bet 1st round for boot
[0:33:47] <notsavin> Au vs SG team
[0:34:06] <notsavin> Who is casting btw?
[0:34:08] <Dayze_k> ping would be killer for both teams id say
[0:34:32] <DanThaWolf> Im all for ANZ dunno who DS is but who cares Tainted should megatron thier asses
[0:34:57] <Dayze_k> They should if internet doesnt fuck them over
[0:35:10] <+fightzlur> When is this shit gonna start
[0:35:26] <DanThaWolf> 6 mins now i think
[0:36:22] <passcsgo> Tao ni ma
[0:36:49] <deweloperr> :45 so about 2 minutes
[0:36:56] <firstaccevr> when is the matchstarting
[0:37:18] <deweloperr> tomorrow
[0:37:37] <firstaccevr> is everything done tonight?
[0:37:49] <deweloperr> yes
[0:40:11] <tekka_nate> yam to go ham and drop guts on BOOTS
[0:40:30] <stipss96> what are we waiting for?
[0:40:40] <tekka_nate> for yam to go ham
[0:40:42] <Mattyfikrt> That Music Kreygasm
[0:40:49] <stipss96> will there be a match that will be played on time DansGame
[0:41:23] <pghgleets2a> where is the match wtf
[0:41:28] <Mattyfikrt> Give me names of this songs please :D
[0:42:01] <MajinDabura> hello screenshots?
[0:42:01] <+Advanst_> Screenshot PogChamp
[0:42:07] <MajinDabura> Who is using Gyazo?
[0:42:08] <Dunshy> lag
[0:42:28] <Semetjeee> Who is going to win?
[0:42:33] <MarbeN_> d
[0:42:54] <Semetjeee> I put 50$ on bootds
[0:43:00] <Semetjeee> I believe
[0:43:01] <passcsgo> ooft
[0:43:07] <passcsgo> say cy@ to your 50
[0:43:16] <Semetjeee> we will see
[0:43:21] <Semetjeee> 50 ain't nothing
[0:43:21] <passcsgo> LUL
[0:43:31] <Semetjeee> I bet 150 on fnatic against faze
[0:43:43] <passcsgo> B)
[0:43:49] <didjey__> ez for tm LUL
[0:43:49] <RementsOK> time?
[0:43:59] <Semetjeee> any moment I think
[0:44:08] <RealCS2000> zombies vs boots
[0:44:09] <Dunshy> nice delays nygghers
[0:45:25] <jud1s> through how many games?
[0:46:25] <Dunshy> 1 hour delay fhuck off nygghers
[0:46:25] <@Moobot> DreamHack Store: http://store.dreamhack.com/?utm_source=twitch_CS&utm_campaign=twitch_panel&utm_medium=twitch
[0:47:00] <Dunshy> useless kkhhunts
[0:47:21] <pghgleets2a> bet 20$ on boot xd
[0:47:29] <pghgleets2a> 1st ronnd for boot
[0:48:06] <Laun> When does it start ?
[0:48:06] <@Moobot> Follow DreamHack on twitter.com/dreamhackcsgo - facebook.com/DreamHackCSGO - instagram.com/dreamhack - snapchat.com/add/dreamhacklive
[0:48:32] <Dexstor> @launch666 tommorow
[0:48:47] <Dexstor> tomorrow*
[0:49:17] <xaxav61> @dexstor realy
[0:49:24] <NDO_Volkay> ResidentSleeper
[0:49:30] <+Advanst_> Dexstor it's supposed to start soon
[0:50:02] <+Advanst_> supposedly they're just waiting on BOOT to ready up
[0:50:05] <Dunshy> fhucking rheetharded nygghers
[0:50:07] <Dexstor> @Advanst_ soon, u mean tomorrow
[0:50:15] <ka1zen> benkai yet to join
[0:50:25] <Dunshy> the most incompetent organizers ever
[0:50:31] <Dunshy> go off yourselves
[0:50:49] <LPLEB4TOR> cmonBruh
[0:50:56] <Dexstor> pathetic stream
[0:50:57] <deweloperr> waiting to B.O.O.T ing haxxx
[0:51:08] <imablackbelt> nice music tho
[0:51:12] <+MemeOnTwitch> hello guya
[0:52:20] <+Advanst_> game sound PogChamp
[0:52:27] <RealCS2000> ???
[0:52:29] <NDO_Volkay> finally ndovolTeam ndovolTeam ndovolTeam
[0:52:33] <+Advanst_> advansClap advansClap advansClap advansClap
[0:52:41] <pghgleets2a> bots
[0:52:43] <JzLUL> AU CS TwitchVotes 3 People talking TwitchVotes 2 people raging TwitchVotes Bot cs TwitchVotes
[0:54:15] <pghgleets2a> noobs
[0:54:31] <Asfloob> COMEONENNENENE
[0:54:49] <Asfloob> 30 mins delay
[0:54:57] <+Vyrainnn> !casters
[0:54:57] <@Moobot> @Vyrainnn Casters are: @OnFireVince & @OfficialBleh
[0:55:57] <khobensky> bot scape ez
[0:56:02] <csgocrazy1> c'mon boot ds
[0:56:17] <Dunshy> start the fhucking match nyggherkhhunts
[0:56:21] <deweloperr> match paused :D:D:D:D
[0:56:51] <deweloperr> open ingame chat casters
[0:56:56] <+Advanst_> mirage is the new dust 2
[0:56:59] <xaxav61> We can win box
[0:57:07] <BrapStu> !casters
[0:57:07] <@Moobot> @BrapStu Casters are: @OnFireVince & @OfficialBleh
[0:57:07] <E1han03> is bubbzie chuch???
[0:57:09] <+Advanst_> xaxav61 no, only majors
[0:57:12] <Dunshy> @RealCS2000 you can't even say nyggher on here without misspelling it u dumm fhuck
[0:57:17] <+Advanst_> E1han03 i think they said that, yeah
[0:57:33] <rvrkib> @E1han03 yes
[0:57:34] <Extrude_NZ> jackhuTM jackhuTM jackhuTM jackhuTM jackhuTM
[0:58:22] <NDO_Volkay> ndovolTeam ndovolTeam ndovolTeam ndovolTeam
[0:58:26] <deweloperr> did i just hear another pause sound
[0:58:50] <Dunshy> show us their pings!!!! come on
[0:58:57] <Dunshy> what are you even waiting for?
[0:58:58] <pghgleets2a> wtfffff
[0:59:09] <RealCS2000> 30 vs 50 ping
[0:59:15] <deweloperr> ok
[0:59:17] <+dascouves> LOL
[0:59:18] <pghgleets2a> noooobbbss
[0:59:19] <+Vyrainnn> LOL
[0:59:20] <NDO_Volkay> ez 4 moxie
[0:59:20] <noxfuchs> LMAOOO
[0:59:22] <+Farleypoc> lmao
[0:59:23] <Skilletswan> LUL
[0:59:25] <deweloperr> fucking lucker boot :D
[0:59:26] <RealCS2000> ok
[0:59:27] <tekka_nate> jhbvib
[0:59:28] <pghgleets2a> ggg moneyyyyy
[0:59:36] <pghgleets2a> money money oney
[0:59:39] <Skilletswan> DEFUSE LUL
[0:59:39] <didjey__> ninja? Oo
[0:59:41] <xiiirange> LOOOOL
[0:59:46] <RealCS2000> asian cs
[0:59:51] <Soury> Meme cs vs bot cs here we go
[0:59:53] <pghgleets2a> told ya round 1 XD
[0:59:58] <joshhl> LOL
[1:00:11] <pghgleets2a> happened same for fnatic vs faze round 1
[1:00:18] <ka1zen> LOL
[1:00:25] <pghgleets2a> on cache but it was pro moves lol
[1:00:37] <deweloperr> that ez spray :D
[1:00:47] <+Vyrainnn> BM
[1:00:54] <NeighDude> wow bm... w Kappa
[1:00:56] <deweloperr> only for that i hope 16/2
[1:01:09] <FarCredZ> Daddy!
[1:01:25] <xaxav61> We can t win the box
[1:02:30] <pghgleets2a> iq
[1:02:33] <322kakjeonieboshyt> 2-1
[1:03:09] <deweloperr> not again
[1:03:15] <Sick2k> 3-0
[1:03:18] <deweloperr> no fucking way
[1:03:18] <+dascouves> lmao
[1:03:19] <pghgleets2a> lol
[1:03:20] <hieuvacban> LUL LUL LUL LUL LUL
[1:03:21] <cogu_mello> lul
[1:03:22] <NeighDude> LUL LUL LUL PogChamp PogChamp
[1:03:23] <shwubbs> oof
[1:03:23] <noxfuchs> TOP KEK
[1:03:24] <denim56> wtf
[1:03:24] <Loth1c> danLUL
[1:03:25] <deweloperr> im so fucking done :D
[1:03:25] <pghgleets2a> hahahhahaha
[1:03:26] <Catastrophe25> lmao
[1:03:26] <RealCS2000> rlly...
[1:03:27] <bigdaddycool77> nice throw SeemsGood
[1:03:27] <cogu_mello> LULULULULULULUL
[1:03:28] <lolmemad> LUL
[1:03:28] <@Moobot> Follow DreamHack on twitter.com/dreamhackcsgo - facebook.com/DreamHackCSGO - instagram.com/dreamhack - snapchat.com/add/dreamhacklive
[1:03:28] <+becjk> LUL
[1:03:30] <jordan00mcclain> TOP KEK
[1:03:31] <+CAUr1elGM> Lmao
[1:03:31] <Skilletswan> AGAIN??? LUL LUL
[1:03:33] <RealCS2000> seriously...
[1:03:35] <lennenoil> LUL AU CS
[1:03:36] <Dayze_k> wtaf
[1:03:36] <pghgleets2a> what are we even watching hahahhahah
[1:03:37] <Soury> who needs a good retake anyways boys
[1:03:37] <DimitriShumski> LUL
[1:03:37] <scootzzZz> hahaahhaahah
[1:03:40] <stipss96> AUS CS back at it again.....
[1:03:41] <deweloperr> that bullshit as fuck
[1:03:42] <Catastrophe25> throw xD
[1:03:42] <xiiirange> LUL
[1:03:42] <Pmc317> nice cs boys
[1:03:43] <ReggieAU> why are they playing so far back tho
[1:03:43] <Tailgate_Lingus> wow
[1:03:45] <Mochiballo2> Lol
[1:03:47] <RealCS2000> FailFish
[1:03:48] <shwubbs> au cs 10/10
[1:03:51] <cogu_mello> AU CS LUL
[1:03:52] <joshhl> LOOOOOL
[1:03:53] <DanThaWolf> Come the fuck on Tainted Thanos them off a cliff
[1:03:57] <shwubbs> au cs LUL
[1:03:59] <noxfuchs> HAHAHHAHAAH
[1:04:00] <superhigh25> AU nade
[1:04:01] <joshhl> TAINTED MINDS WOTTTT
[1:04:03] <krudeNTANK> asian cs LUL
[1:04:04] <Skyper91> nade LUL
[1:04:05] <RealCS2000> nice nade
[1:04:06] <Skilletswan> AU NADE LUL
[1:04:07] <Loth1c> na nade danLUL
[1:04:25] <+Densonbr0> this isnt au cs is it?
[1:04:35] <pghgleets2a> comeback soon or they are just bad?
[1:04:40] <Skilletswan> LUL
[1:04:41] <cogu_mello> AU CS LUL
[1:04:44] <RealCS2000> no idea
[1:04:44] <pghgleets2a> afk lol
[1:04:52] <GLB20> @Densonbr0 tm is from australia
[1:04:54] <RealCS2000> they'll probably tilt hard
[1:05:00] <+supacs_> @everyone AU CS is WAY WAY better than NA CS
[1:05:02] <xceem> AUSTRIA CS LUL
[1:05:05] <+Densonbr0> ty
[1:05:12] <stipss96> !maps
[1:05:13] <superhigh25> thought AU CS was better ?!?!
[1:05:26] <cogu_mello> lul
[1:05:30] <Wonka_0077> 5 ping for boot PogChamp
[1:05:48] <pghgleets2a> and for TM?
[1:05:50] <joshhl> difference between top au team and the subsequent teams are too great
[1:05:56] <ponchobong> jasonrLUL
[1:06:01] <+tractopelle> @supacs_ LUL
[1:06:05] <devanquisher> rerun?
[1:06:06] <Wonka_0077> 50 @pghgleets2a
[1:06:13] <csgocrazy1> not rerun it's live
[1:06:13] <+Farleypoc> live
[1:06:20] <csgocrazy1> c'mon boot ds
[1:06:57] <pghgleets2a> really? @Wonka_0077
[1:06:59] <deweloperr> now dont peek
[1:07:04] <csgocrazy1> NA TOURNAMENT
[1:07:09] <csgocrazy1> delay delay delay
[1:07:12] <Martynios> is this replay ?
[1:07:12] <nooblaughter> that timing
[1:07:16] <Skilletswan> ECO LUL
[1:07:18] <deweloperr> finalyyy
[1:07:20] <pghgleets2a> comeback
[1:07:21] <DanThaWolf> Lets go Tainted
[1:07:21] <RealCS2000> its live
[1:07:25] <DanThaWolf> finally
[1:07:28] <Wonka_0077> Yea that's what they had vs Sig last night @pghgleets2a
[1:07:30] <Asfloob> NICEEEEE
[1:07:41] <호주의패기> are both these teams australian?
[1:07:45] <pghgleets2a> round should be under 26.5
[1:07:52] <NeighDude> no only tm is
[1:07:58] <Asfloob> Boot is Singapore
[1:08:03] <Mochiballo2> Taint
[1:08:16] <devanquisher> ohhh tainted lovde
[1:08:22] <pghgleets2a> XDDDD
[1:08:28] <+tractopelle> both are asians right ?
[1:08:31] <Mochiballo2> Paint my taint.
[1:08:34] <deweloperr> no
[1:08:36] <+Densonbr0> natm au
[1:08:37] <NeighDude> LUL
[1:08:42] <RealCS2000> australians aint asians mate
[1:09:02] <ponchobong> yay
[1:09:03] <devanquisher> ins the cs 1.6 pro?
[1:09:06] <RealCS2000> whiff
[1:09:09] <호주의패기> that whiff lol
[1:09:09] <voksiks> well they basically are
[1:09:11] <csgocrazy1> idiot boot ds
[1:09:12] <ponchobong> some are
[1:09:19] <csgocrazy1> 1 VS 3 LUL
[1:09:23] <Extrude_NZ> jackhuTM jackhuTM jackhuTM jackhuTM jackhuTM
[1:09:31] <pghgleets2a> don't be a tight match pls
[1:09:55] <RealCS2000> rushing b against eco oh boy
[1:10:09] <jaredwgg> I'm from singapore and I fucking hope dreamscape lose
[1:10:21] <nooblaughter> chill jared
[1:10:22] <ponchobong> fl0mH
[1:10:24] <호주의패기> why do you hope that they lose
[1:10:36] <nooblaughter> yea why man
[1:10:38] <pghgleets2a> hope it is a 16-4 XD
[1:10:38] <@Moobot> Follow DreamHack on twitter.com/dreamhackcsgo - facebook.com/DreamHackCSGO - instagram.com/dreamhack - snapchat.com/add/dreamhacklive
[1:10:39] <RealCS2000> cause he got benched Kappa
[1:10:43] <Chris_Hansen_89> USA
[1:10:45] <XMLGPROX> cuz he bet on the other LUL
[1:10:49] <NeighDude> @realcs2000 LUL
[1:10:51] <nooblaughter> ^
[1:11:02] <jaredwgg> Singaporeans ego are so big
[1:11:14] <devanquisher> including you?
[1:11:24] <Chris_Hansen_89> lol
[1:11:31] <RealCS2000> wut?
[1:11:33] <myshortstories> oof
[1:11:34] <NeighDude> clutch
[1:11:34] <nooblaughter> yea
[1:11:51] <VadAceR> 4-4
[1:12:00] <RealCS2000> why would he trap himself
[1:12:02] <deweloperr> NICEEE
[1:12:02] <Iceman1415> lmao
[1:12:04] <+Densonbr0> OOOOF
[1:12:04] <NeighDude> see
[1:12:05] <+SrslyDrugged> WOOOOOOOOOO
[1:12:05] <devanquisher> noice!
[1:12:06] <E1han03> NIIICE
[1:12:07] <nooblaughter> yam is a fucking no scope god
[1:12:07] <JordanBuccii> LAMO
[1:12:07] <DSavageee> YAM
[1:12:07] <Voltris> dibTM dibTM dibTM dibTM dibTM
[1:12:08] <pghgleets2a> looooool
[1:12:09] <Hashslingingslasher_hd> oh fuck
[1:12:10] <didjey__> Ez4Yam LUK
[1:12:11] <ponchobong> fl0mPOGGERS
[1:12:11] <xceem> PogChamp
[1:12:14] <Hashslingingslasher_hd> wp
[1:12:17] <MFeDivo> no scope
[1:12:17] <호주의패기> wp
[1:12:18] <csgocrazy1> 1 vs ?
[1:12:20] <NeighDude> HSWP
[1:12:20] <cogu_mello> :|
[1:12:21] <+r1dik> cuz this is bad CS
[1:12:21] <RealCS2000> ez 4 big vegetable Yam
[1:12:22] <Asfloob> GOD YAM
[1:12:23] <tekka_nate> yam droping ham
[1:12:24] <reb3l> dibTM
[1:12:25] <+BFH10> METUZ
[1:12:26] <DanThaWolf> Nice lets go Tainted thrash these nobodys
[1:12:28] <csgocrazy1> fucking boot ds NotLikeThis
[1:12:29] <vlz_xd> yam PogChamp
[1:12:30] <cogu_mello> dib TM
[1:12:31] <호주의패기> good play by the aussie side
[1:12:32] <facchie> fl0mEZ
[1:12:33] <deweloperr> its tm time to get the rounds
[1:12:37] <+Densonbr0> LETS GO BOIS
[1:12:38] <Extrude_NZ> beast YAM
[1:12:38] <cogu_mello> dibTM
[1:12:44] <+itzzslender> fl0mPride
[1:12:56] <pghgleets2a> one of them should go full 16-4
[1:13:04] <flintique> AUSSIE AUSSIE AUSSIE
[1:13:20] <pghgleets2a> 16-4 16-4 16-4
[1:13:22] <ponchobong> fl0m1 outprided
[1:13:26] <호주의패기> which team is currently top 1 on the asian oceania cs scene
[1:13:45] <RealCS2000> regenades tyloo
[1:13:54] <pghgleets2a> Which one is better on pistol round?
[1:13:54] <tekka_nate> TM
[1:13:54] <CrystaliteTV> ns
[1:13:57] <Wonka_0077> Order @jinkukim6
[1:13:57] <+Densonbr0> ??
[1:14:14] <blitzen67> guys hows it going in katowice tournament??
[1:14:16] <+Densonbr0> tyloo is better than order though
[1:14:27] <RealCS2000> lol
[1:14:28] <호주의패기> wow
[1:14:34] <junjie433> Tommy throwing
[1:14:38] <Calixtous_> CS GO LUL
[1:14:39] <NeighDude> r6rekt
[1:14:48] <blitzen67> fck what am i doing here
[1:14:55] <Wonka_0077> Yea Ik but order is best AU team ATM (excluding RNG) @densonbr0
[1:14:55] <Asfloob> I'm in the kitchen yams everywhere
[1:15:11] <+Advanst_> 3-2-7 higher up than 7-0-7 gibeThink
[1:15:13] <Asfloob> Rng is basically NA
[1:15:14] <pghgleets2a> who to bet on 16th round?
[1:15:18] <blitzen67> nobody watching katowice in poland? :O
[1:15:37] <RealCS2000> isnt it over?
[1:15:45] <RealCS2000> fnatic won bruh
[1:15:46] <pghgleets2a> it is hahah
[1:15:51] <pghgleets2a> hahah
[1:15:55] <blitzen67> omg fnatic won 500k dollars?
[1:16:02] <RealCS2000> yes...
[1:16:02] <+Advanst_> yeah, fnatic won katowice
[1:16:06] <JordanBuccii> ok
[1:16:08] <+Advanst_> splash PogChamp
[1:16:09] <blitzen67> woohoo sweden is the best
[1:16:09] <호주의패기> damn
[1:16:10] <Iceman1415> wut
[1:16:12] <myshortstories> little bit late mate
[1:16:13] <godwin333> vac
[1:16:14] <Wonka_0077> Blitzen67 is living in 2017
[1:16:14] <xceem> no sk won
[1:16:21] <Pitchlod> PogChamp
[1:16:24] <csgocrazy1> VAC
[1:16:27] <Asfloob> No c9 won
[1:16:27] <VadAceR> Nice hacks
[1:16:30] <blitzen67> guys i smoked a few blunts and drank a bottle of wine im not alright
[1:16:30] <E1han03> "game sense"
[1:16:38] <NeighDude> what are you guys taking about, north Korea dominated the katowice man
[1:16:38] <@Moobot> Follow DreamHack on twitter.com/dreamhackcsgo - facebook.com/DreamHackCSGO - instagram.com/dreamhack - snapchat.com/add/dreamhacklive
[1:16:39] <VadAceR> Wall hacker
[1:16:45] <myshortstories> reasonable
[1:16:48] <NeighDude> DarkMode
[1:16:54] <didjey__> nice excuse LUL @blitzen67
[1:17:03] <blitzen67> best excuse mate
[1:17:17] <+Advanst_> of course NeighDude, Kim himself just 1v5'd all the teams 16-0, no mistakes
[1:17:18] <DSavageee> 2ping vs 51 you love to see it
[1:17:23] <deweloperr> its pause
[1:17:30] <deweloperr> not again xd
[1:17:39] <blitzen67> fnatic won katowice WEOOHOOO
[1:17:46] <RealCS2000> stop playing double awps smh
[1:17:52] <joshhl> actually with higher ping you do get peeker’s advantage @dsavageee
[1:17:53] <ponchobong> CoolStoryBob
[1:17:58] <Wonka_0077> That's what happens when u do an Asian qual @dsavageee
[1:18:07] <joshhl> and 50 ping is definitely playable
[1:18:09] <RealCS2000> @joshhl mate that's proven false
[1:18:10] <+Advanst_> holy heck, four 2 minute timeouts? NotLikeThis
[1:18:24] <deweloperr> too much
[1:18:25] <Dakuyaa> sg cs LUL
[1:18:29] <DSavageee> thanks @joshhl just wondering how i can set my pc up in the exchange as well
[1:18:37] <pghgleets2a> hope it goes 3 rounds
[1:19:05] <noobs_everywhere2> how much ping do they have
[1:19:14] <deweloperr> boot already used 30 minutes off the schedule
[1:19:19] <noobs_everywhere2> what's their ping?
[1:19:22] <didjey__> BOOT are discussing how they won 4 rounds and how they can repeat it LUL
[1:19:30] <frokolini> They don’t have ping you noob it’s lan
[1:19:40] <RealCS2000> this is online idiot
[1:19:56] <facchie> Is this live?
[1:19:57] <frokolini> Okay idk that
[1:19:58] <noobs_everywhere2> is it Lan or not?
[1:19:59] <JordanBuccii> xd
[1:20:00] <didjey__> MapsBest of 3 (Online)* Semi-final
[1:20:00] <NeighDude> well they were using all those time to search for their teamwork Kappa
[1:20:01] <rivero__> to 50
[1:20:03] <NFrost_51> chill out guys jeez
[1:20:10] <rivero__> 5 to 50 ping
[1:20:12] <JordanBuccii> it's online
[1:20:18] <didjey__> hltv boyz, it says its online
[1:20:21] <frokolini> It’s definitely lan
[1:20:25] <DanThaWolf> Its online not LAN the score board tells u thier ping just so u know
[1:20:26] <RealCS2000> Double awps again LUL
[1:20:35] <NFrost_51> yeah its online
[1:20:37] <JordanBuccii> i think you're blind @frokolini
[1:20:39] <joshhl> really? @realcs2000 that’s interesting, where and when was this proven? im quite interested
[1:20:43] <VadAceR> 4-7 CoolCat
[1:20:49] <csgocrazy1> NA TEAM BOOT DS
[1:20:51] <deweloperr> lets gooo tm
[1:20:57] <junjie433> ds noob
[1:20:57] <csgocrazy1> fucking boot ds rip 4-7
[1:20:58] <Skilletswan> BOTS
[1:21:03] <Jinwei_lol_jinwei> sg cs LOL
[1:21:05] <Theemooooo> elaaDerp
[1:21:12] <unbandazed> !title
[1:21:12] <@Moobot> @unbandazed Title is: BOOT-dream[S]cape vs Tainted Minds - Semi Finals - DreamHack Masters Marseille Asian Closed Qualifiers
[1:21:17] <RealCS2000> lmao what just happened
[1:21:19] <tordenguden25> bot spray LUL
[1:21:20] <didjey__> !casters
[1:21:21] <@Moobot> @didjey__ Casters are: @OnFireVince & @OfficialBleh
[1:21:30] <junjie433> can't even trade in 1v1 tactical timeout to lose faster
[1:21:31] <i_say_cyka_you_say_blyat> !maps
[1:21:39] <i_say_cyka_you_say_blyat> !map
[1:21:39] <cogu_mello> AU turned on their computers
[1:21:49] <didjey__> lul
[1:21:50] <deweloperr> holy shit cz's...
[1:21:52] <Theemooooo> Splashke :o
[1:21:55] <cogu_mello> LUL
[1:21:57] <tordenguden25> PogChamp
[1:21:59] <CrystaliteTV> Oh my gawd
[1:21:59] <deonzito> OMG
[1:21:59] <NeighDude> frigging czs man
[1:22:01] <didjey__> wtf is happening
[1:22:05] <zombietank555> !casters
[1:22:05] <@Moobot> @zombietank555 Casters are: @OnFireVince & @OfficialBleh
[1:22:08] <Theemooooo> czs ;-;
[1:22:11] <RealCS2000> boot ds should just eco every round
[1:22:19] <pewpewMOJiTO> jasonrDogman
[1:22:43] <+Vyrainnn> jasonrLUL /
[1:22:43] <ponchobong> saw a full aug buy in comp, so gross
[1:22:53] <csgocrazy1> 5 vs 2 really?
[1:22:54] <RealCS2000> you silver?
[1:22:56] <pewpewMOJiTO> jasonr1 jasonr4
[1:23:15] <ponchobong> it was denmark vs sweden
[1:23:17] <Theemooooo> JUAN DEAG
[1:23:21] <unknown1204> gg
[1:23:22] <Dakuyaa> lmao
[1:23:24] <csgocrazy1> 5 vs 2
[1:23:31] <didjey__> ez 5v2 LUL
[1:23:33] <junjie433> 2v5 is enough for TM
[1:23:38] <Skilletswan> 5vs2 WutFace WutFace WutFace
[1:23:41] <pghgleets2a> control esports are aug pros, they kept using it on there previous match lol
[1:23:42] <+Densonbr0> LETS GO BOIS
[1:23:47] <didjey__> 2 man army Kappa
[1:23:51] <noxfuchs> danLUL
[1:23:52] <pghgleets2a> 16-4 GG
[1:24:05] <ponchobong> LUL fuck da aug
[1:24:32] <Skilletswan> bots gg
[1:24:32] <benjam1n1975> gg
[1:24:35] <myshortstories> BOOT OMEGALUL
[1:24:35] <unknown1204> 16-4
[1:24:38] <tordenguden25> gj peek
[1:24:42] <dmakadon> im actually mad boot is doing horrible
[1:24:49] <dmakadon> i kind of liked their team
[1:24:50] <JordanBuccii> B OMEGALUL OMEGALUL T
[1:24:50] <@Moobot> Follow DreamHack on twitter.com/dreamhackcsgo - facebook.com/DreamHackCSGO - instagram.com/dreamhack - snapchat.com/add/dreamhacklive
[1:24:52] <benjam1n1975> LUL
[1:24:56] <didjey__> ahahahah
[1:24:58] <NeighDude> BAHAHAHAHAH
[1:24:59] <Skilletswan> DUBLE SKOP??
[1:25:02] <benjam1n1975> rip
[1:25:02] <Jinwei_lol_jinwei> gg 16-4
[1:25:02] <+Densonbr0> LUL
[1:25:05] <MarbeN_> nice scope
[1:25:05] <unknown1204> nobs
[1:25:06] <didjey__> nice double scope LUL
[1:25:06] <Skilletswan> 2x WHYY???
[1:25:09] <junjie433> rofl why running...
[1:25:10] <Dudrion> is that MG1 elo ? what the heck is this
[1:25:13] <RealCS2000> lu
[1:25:19] <dmakadon> yes moxi
[1:25:38] <Theemooooo> OH
[1:25:44] <tordenguden25> PogChamp
[1:25:44] <Miiva> SNIFF
[1:25:45] <benjam1n1975> LUL
[1:25:46] <deweloperr> xd
[1:25:48] <myshortstories> AHHAHA
[1:25:51] <deweloperr> molotov fight
[1:25:52] <Theemooooo> That flick :o
[1:25:54] <+Densonbr0> PogChamp
[1:25:55] <JordanBuccii> MY STREAM FROZE
[1:26:01] <deweloperr> shitt
[1:26:01] <RealCS2000> wtf
[1:26:03] <+Vyrainnn> LUL
[1:26:04] <tordenguden25> wtffff
[1:26:05] <noxfuchs> danBaited
[1:26:07] <dascouves> BEAST
[1:26:07] <Iceman1415> PogChamp
[1:26:09] <Zadrotishe145> joska
[1:26:09] <Pitchlod> wtf
[1:26:12] <domjL> SEE YOU ON REDDIT
[1:26:13] <tordenguden25> sphlashke only good player on boot
[1:26:14] <NFrost_51> CLIP IT PogChamp
[1:26:14] <Theemooooo> :o
[1:26:17] <matheussprestes> Gos
[1:26:17] <RealCS2000> lmao
[1:26:18] <Pitchlod> PogChamp PogChamp
[1:26:19] <NeighDude> finally, something decent
[1:26:20] <w1nt3rcsgo> MOI PEZDUK
[1:26:20] <Theemooooo> Clutch was crazyy
[1:26:21] <Im_Baws> Gg
[1:26:23] <tordenguden25> PogChamp
[1:26:25] <subinnguyen> hahahahahahah
[1:26:26] <Aditrex> noice
[1:26:28] <ponchobong> os brax vibe
[1:26:30] <Korkyy> NZ VS PogChamp
[1:26:30] <myshortstories> splashske 1v9
[1:26:42] <dmakadon> beautiful clutch
[1:27:46] <NeighDude> r6rekt
[1:27:50] <Theemooooo> Splashske :o
[1:27:53] <RealCS2000> k
[1:27:58] <Skilletswan> EZ 2VS 5 LUL
[1:28:02] <dmakadon> fuck tm
[1:28:03] <Ellohide97> JUST WIN LOOOL 4Head
[1:28:07] <+Densonbr0> ??????
[1:28:26] <RealCS2000> nice timing
[1:28:32] <+LightMarco> Not a real Csgo'd
[1:28:38] <+LightMarco> BabyRage
[1:28:53] <didjey__> @pghgleets2a no, just w8 till tm get to CT LUL
[1:29:06] <+Densonbr0> LUL
[1:29:45] <unknown1204> omg
[1:29:51] <+Densonbr0> monkaS
[1:29:57] <JordanBuccii> 1v2 monkaX
[1:29:59] <junjie433> moxie bot
[1:30:03] <Jinwei_lol_jinwei> ghgh
[1:30:09] <Jinwei_lol_jinwei> choke so bad
[1:30:10] <RealCS2000> lul
[1:30:11] <Skilletswan> Reload on 20 bullets bull shit
[1:30:13] <deweloperr> ghghghghhggh
[1:30:15] <NeighDude> 2-12
[1:30:16] <csgocrazy1> 3 vs 2 nice
[1:30:28] <csgocrazy1> BOT IMPRESSION
[1:30:29] <zombietank555> gg ImpressioN
[1:30:42] <rivero__> 5 v 2
[1:30:42] <RealCS2000> Great impression indeed
[1:30:49] <junjie433> Benkai + splash vs 5 TM
[1:30:57] <Theemooooo> when stream buffers just before peek
[1:30:57] <deweloperr> TM
[1:31:00] <Skilletswan> LUL
[1:31:00] <myshortstories> NA CAMERAMAN
[1:31:05] <+Densonbr0> impressioN is giving a bad impression
[1:31:07] <unknown1204> gg
[1:31:08] <JordanBuccii> and they're all dead
[1:31:17] <Jinwei_lol_jinwei> LOL boot just lose the game
[1:31:21] <junjie433> BOOT choose Mirage...
[1:31:23] <Jinwei_lol_jinwei> hacks
[1:31:23] <myshortstories> LOL
[1:31:24] <NeighDude> CrreamAwk
[1:31:24] <JordanBuccii> ok
[1:31:25] <rivero__> lol
[1:31:26] <+Densonbr0> WTF
[1:31:26] <@Moobot> DreamHack Store: http://store.dreamhack.com/?utm_source=twitch_CS&utm_campaign=twitch_panel&utm_medium=twitch
[1:31:27] <MiNDARN> AIM KEY
[1:31:27] <didjey__> WTF Oo
[1:31:30] <Chris_Hansen_89> aim lock lol
[1:31:30] <benjam1n1975> ok
[1:31:31] <myshortstories> VAC
[1:31:32] <RealCS2000> ???
[1:31:33] <noxfuchs> danOh
[1:31:33] <xceem> lmfao
[1:31:33] <Theemooooo> okay elaaDerp
[1:31:34] <Jinwei_lol_jinwei> 1 taps
[1:31:36] <Lv_neos> gvhj
[1:31:42] <@Moobot> Follow DreamHack on twitter.com/dreamhackcsgo - facebook.com/DreamHackCSGO - instagram.com/dreamhack - snapchat.com/add/dreamhacklive
[1:31:44] <Jinwei_lol_jinwei> haiz
[1:31:45] <didjey__> nice hacks FailFish
[1:31:48] <ponchobong> weird
[1:31:49] <MiNDARN> VAC ban impression
[1:31:52] <xceem> toggled for 1 sec Keepo
[1:31:53] <DanThaWolf> Yess
[1:31:56] <dmakadon> OOOO
[1:32:03] <Soury> they cant get ninjas on t side :(
[1:32:12] <RealCS2000> LUL
[1:32:19] <MiNDARN> ADDERAL + OGC + 12 BTW = GG LUL
[1:32:33] <JordanBuccii> B.O.T[S]
[1:32:45] <csgocrazy1> BOT S
[1:33:04] <NeighDude> PowerUpL PunOko PowerUpR
[1:33:08] <qq963873615> LOL bot s
[1:33:11] <unknown1204> bots
[1:33:13] <rivero__> n1 ealge round
[1:33:15] <deweloperr> no more lucky defuses xd
[1:33:19] <csgocrazy1> fucking boot ds
[1:33:45] <DSavageee> boot just need to not buy deags and buy czs
[1:33:53] <csgocrazy1> 12-6 LUL
[1:33:54] <MiNDARN> naabs
[1:33:54] <unknown1204> boots
[1:33:56] <xceem> l0l
[1:33:56] <Theemooooo> LOL
[1:34:01] <unknown1204> 16-6
[1:34:02] <JordanBuccii> "RUSH A"
[1:34:06] <+Densonbr0> LUL
[1:34:07] <NeighDude> MrDestructoid
[1:34:16] <qq963873615> GG bots
[1:34:20] <MiNDARN> 4-15 ImpressioN gonna toggle
[1:34:54] <DanThaWolf> Hahahah yes Tainted Infinity Gauntlet thier asses time stone making thier skill grow old lol
[1:34:57] <+hydrolupus> is it bad that i support the teams with the best logo?
[1:35:09] <hellcat2449> nah
[1:35:17] <NFrost_51> nope
[1:35:19] <SwaggyCSGO> there is nothing wrong with supporting a team
[1:35:19] <VadAceR> Omg nice pushed in smoke
[1:35:20] <xceem> whats that then
[1:35:21] <NeighDude> not at all, that's how I started off lul
[1:35:31] <VadAceR> Omg gold nova ranks
[1:35:39] <MiNDARN> 5 smgs LUL
[1:35:41] <dmakadon> ofnu pushed into the smoke thats y he died
[1:35:44] <Iceman1415> lol
[1:35:45] <NFrost_51> LUL
[1:35:46] <RealCS2000> mg2 mm in a nutshell
[1:35:48] <csgocrazy1> BOT BENKAI
[1:35:52] <benjam1n1975> rip
[1:35:52] <dmakadon> ^^
[1:35:53] <ravarufftw> na moly
[1:35:55] <JordanBuccii> BabyRage SILVER CHAT BabyRage
[1:35:59] <qq963873615> LOL
[1:36:15] <dmakadon> fuck was that
[1:36:17] <SwaggyCSGO> EZ For INS Best player on earth Kappa
[1:36:24] <MiNDARN> Gold nova fiesta @ this server
[1:36:26] <dmakadon> ban impression
[1:36:31] <dmakadon> hes too good
[1:36:32] <+hydrolupus> i litteraly dont gaf about the aussies in theis match but i want them to get atleast to dreamhack marseille cause their logo is kinda cool
[1:36:44] <+hydrolupus> and would look nice on a few skins
[1:37:02] <csgocrazy1> BOT BENKAI
[1:37:03] <MiNDARN> INS fake nick a swedish legend LUL
[1:37:07] <pghgleets2a> wtttfffffff
[1:37:10] <unknown1204> bots
[1:37:17] <pghgleets2a> win TMMMMM
[1:37:20] <deweloperr> Yereeees
[1:37:20] <Chris_Hansen_89> LOL
[1:37:21] <RealCS2000> nice angle
[1:37:23] <unknown1204> booooot
[1:37:23] <Ellohide97> forsenOMEGA
[1:37:25] <pghgleets2a> WTFFFFFF
[1:37:25] <+Densonbr0> LUL LUL LUL LUL
[1:37:26] <+greggie87> haha
[1:37:27] <xceem> löl
[1:37:27] <benjam1n1975> OMG
[1:37:27] <ReggieAU> payback
[1:37:31] <pghgleets2a> HAHHHAA
[1:37:32] <JordanBuccii> AND HE GOT THE KILL OMEGALUL
[1:37:32] <SwaggyCSGO> EZ4BubzieTopPlayerOfHLTVRank
[1:37:34] <RealCS2000> LUL
[1:37:34] <noxfuchs> danCringe
[1:37:34] <GLB20> PAYBACK
[1:37:35] <deweloperr> pay to fucking back
[1:37:36] <qq963873615> hahahaha
[1:37:42] <ma_nama_Jeph> rekt
[1:37:43] <+hydrolupus> lol
[1:37:43] <qq963873615> Kappa
[1:37:45] <csgocrazy1> idiot
[1:37:47] <Ellohide97> DAN SUBS forsenH
[1:37:47] <cogu_mello> payback LUL
[1:37:49] <deweloperr> tilt boot please
[1:37:50] <+hydrolupus> what a nuub
[1:37:53] <+Densonbr0> THIS BUY LUL
[1:37:56] <xceem> boot playing 2v5
[1:37:56] <csgocrazy1> Tommy why ?? idiot
[1:37:56] <dmakadon> OMFG
[1:37:57] <NeighDude> Tommy 6-18
[1:38:00] <Iceman1415> PogChamp
[1:38:02] <dmakadon> he shot all around him
[1:38:03] <+hydrolupus> didnt even know where the bomb was planted
[1:38:04] <JordanBuccii> NO SUBS haHAA
[1:38:06] <+Densonbr0> ?
[1:38:09] <RealCS2000> ok..........
[1:38:10] <@Moobot> Follow DreamHack on twitter.com/dreamhackcsgo - facebook.com/DreamHackCSGO - instagram.com/dreamhack - snapchat.com/add/dreamhacklive
[1:38:11] <csgocrazy1> BOT BENKAI
[1:38:17] <+hydrolupus> >buy awp and aks with 2 czs?
[1:38:21] <dmakadon> he shouldve sprayed in the smoke
[1:38:26] <+hydrolupus> lol wut
[1:38:34] <MiNDARN> both teams from AU?
[1:38:48] <RealCS2000> no
[1:38:49] <JordanBuccii> i mean they do have the mini map to see the bonb
[1:38:51] <NFrost_51> @MiNDARN ds from singapore and tm from aus
[1:38:55] <+greggie87> singapore an aus
[1:38:56] <JordanBuccii> bomb*
[1:38:57] <Hashslingingslasher_hd> lol didnt see him
[1:38:59] <MiNDARN> Oki ty
[1:39:12] <+hydrolupus> dreamscape damn fucked up
[1:39:14] <xceem> no that is poland flag
[1:39:16] <VadAceR> 14-7 CoolCat
[1:39:24] <deweloperr> LETS GFOOOOO
[1:39:27] <csgocrazy1> no one looking back
[1:39:28] <unknown1204> gg
[1:39:29] <+hydrolupus> the aussies really like to push hard
[1:39:30] <TekhZZZZZ> hahahahahahaua
[1:39:33] <benjam1n1975> gg
[1:39:37] <GalusJ> lul
[1:39:37] <xx_roniboeh_xx> bot
[1:39:37] <Skilletswan> BOTS
[1:39:39] <cordelio> lul
[1:39:39] <csgocrazy1> idiot boot ds
[1:39:42] <RealCS2000> LUL
[1:39:43] <JordanBuccii> They're turkish VS Ausies
[1:39:45] <csgocrazy1> no one check ramp
[1:39:47] <qq963873615> Bots
[1:39:50] <RealCS2000> poland vs au
[1:39:52] <FocusThai20> Duck y yrmm
[1:39:53] <coooolibri> you can literally see, how the ? accounts see more than you think they see ;)
[1:39:53] <MissMyLife> bots LUL
[1:40:05] <dmakadon> nub
[1:40:16] <winrate1337> gg
[1:40:19] <DanThaWolf> Hahahah lets get it i was right Tainted gonna maul them with lightsabers
[1:40:23] <TekhZZZZZ> why that idiot on splashke picked awp
[1:40:24] <+hydrolupus> wait what i didnt even realise you could get onto that pillar on mid lol
[1:40:24] <+FjoortoN> thats not the polish flag
[1:40:32] <MiNDARN> PoV from ImpressioN pls, he gonna start cheating now
[1:40:34] <power_lite> 4 0 7 16
[1:40:47] <+FjoortoN> it's singapores flag
[1:40:48] <RealCS2000> it is polish flag special edition Kappa
[1:40:50] <PoissonRougeRedFish> Poland really letting their country down
[1:40:55] <cordelio> inşallah çok iyi oyuncu ya
[1:41:09] <deweloperr> Singapore xd
[1:41:14] <+Densonbr0> TIER 5 POLISH CS LUL
[1:41:17] <+hydrolupus> rip boot
[1:41:24] <cogu_mello> 2hp
[1:41:30] <RealCS2000> even VP play better than this polish team
[1:41:34] <archeeseman> singapore lah
[1:41:34] <ponchobong> LUL Polish CS LUL
[1:41:38] <Jinwei_lol_jinwei> not polish
[1:41:40] <TekhZZZZZ> 16-8
[1:41:42] <RealCS2000> smh
[1:41:42] <JordanBuccii> ItsS TheE nOTtHh KorEANn FlAgG
[1:41:49] <+OfficialBobajoe> greekB1 greekB2
[1:41:50] <Jinwei_lol_jinwei> lol its a singapore glaf
[1:41:50] <Loth1c> since when is poland or australia in asia?
[1:41:52] <lucis4> Jebaited Jebaited
[1:41:55] <+OfficialBobajoe> forsen3 forsen4
[1:42:04] <ponchobong> holy lol
[1:42:07] <PoissonRougeRedFish> Polish CS declining after Taz left VP
[1:42:10] <ponchobong> ez
[1:42:12] <Ellohide97> forsen3 forsen4
[1:42:13] <NFrost_51> @Loth1c youve just fallen onto a trap
[1:42:22] <JordanBuccii> behind the logos on the top @poissonrougeredfish
[1:42:22] <Pitchlod> cash e
[1:42:25] <ponchobong> doc raid?
[1:42:26] <RealCS2000> -pasha +splashske
[1:42:28] <+OfficialBobajoe> forsen1 forsenBoys
[1:42:29] <+Densonbr0> taz shou;d join dreamscape tbh
[1:42:30] <+Cynis001> Hello people OpieOP /
[1:42:31] <GalusJ> polishhh xddddd
[1:42:32] <+MakZxx> cash noch cage
[1:42:32] <VadAceR> 16-7 CoolCat
[1:42:33] <PoissonRougeRedFish> ????
[1:42:34] <DanThaWolf> Dream are a indonesian team and Australia is surrounded in Asia pasific
[1:42:36] <deweloperr> GOGO
[1:42:40] <NeighDude> it's Indonesia flag... Kappa
[1:42:41] <Ellohide97> forsenBoys
[1:42:42] <+thee_mr_miyagi> fl0m1 fl0m2
[1:42:43] <+hydrolupus> dat hs tho
[1:42:48] <Voltris> dibTM dibTM dibTM dibTM dibTM dibTM
[1:42:50] <+thee_mr_miyagi> fl0m3 fl0m4
[1:42:50] <ponchobong> Austria Vs Poland
[1:42:51] <JordanBuccii> GG
[1:42:51] <RealCS2000> smh it's polish flag Kappa
[1:42:55] <ruben_verhoef> gg
[1:42:56] <NFrost_51> no dude its the Monaco Flag Kappa
[1:43:00] <RealCS2000> gg
[1:43:01] <TekhZZZZZ> indonesian children fu ck your mom
[1:43:07] <+Densonbr0> EU CS LUL
[1:43:08] <+hydrolupus> ggwp
[1:43:08] <Windle654> @mindarn the team name has the flag under it
[1:43:13] <RealCS2000> jebaited LUL
[1:43:13] <SwaggyCSGO> DROP Kreygasm
[1:43:14] <@Moobot> Follow DreamHack on twitter.com/dreamhackcsgo - facebook.com/DreamHackCSGO - instagram.com/dreamhack - snapchat.com/add/dreamhacklive
[1:43:14] <NeighDude> oh wait, it's over
[1:43:16] <ponchobong> Austria jasonrVic
[1:43:19] <csgocrazy1> idiot boot ds rip money
[1:43:23] <cogu_mello> dibTM dibTM dibTM dibTM dibTM
[1:43:25] <dmakadon> wat. the. fuk.
[1:43:27] <DanThaWolf> TM 16 7 yess
[1:43:39] <RealCS2000> splashske to VP confirmed
[1:43:40] <boydude007> !casters
[1:43:40] <@Moobot> @boydude007 Casters are: @OnFireVince & @OfficialBleh
[1:43:54] <NFrost_51> i thought austria is in europe not in asia? Kappa
[1:44:02] <JordanBuccii> Later snax @realcs2000
[1:44:13] <+hydrolupus> @MiNDARN they are called B.O.O.T Dreamscape
[1:44:16] <SwaggyCSGO> austria is in South America righht?
[1:44:18] <dmakadon> @The_NFrost its actually in south america
[1:44:23] <+hydrolupus> really weird name
[1:44:26] <RealCS2000> no austria is from antartica
[1:44:27] <SwaggyCSGO> yeah told ya
[1:44:29] <JordanBuccii> @swaggycsgo South Korea idoot
[1:44:44] <+Densonbr0> ANTARCTIC CS LUL
[1:44:44] <+hydrolupus> kek
[1:44:46] <Subby_Boi> !song
[1:44:46] <JordanBuccii> B.O.T.[S]
[1:44:50] <SwaggyCSGO> Wait isn't South Korea a state of North Korea?
[1:44:50] <RealCS2000> smh learn your geography right
[1:44:52] <dmakadon> @JordanBuccii actually in the north dumfu
[1:44:58] <NFrost_51> asian teams always has these weird names
[1:45:01] <+hydrolupus> i am disapointed that there is no african cs ;)
[1:45:07] <JordanBuccii> OMEGALUL THIS CHAT
[1:45:13] <RealCS2000> LUL
[1:45:22] <haldusone> gee guys you stupid
[1:45:23] <brutalkid__666> guys I'm new to this game
[1:45:32] <Palamez> song name?
[1:45:34] <haldusone> first of all, home of kangaroo - Australia
[1:45:35] <NFrost_51> african cs LUL
[1:45:36] <+LPTogehter2015> thgtroREEE thgtroREEE thgtroREEE
[1:45:37] <+hydrolupus> i want me some ugandan cs teams
[1:45:52] <igonew> eeeeeee rock
[1:45:58] <haldusone> Austria is a German-speaking country in Central Europe
[1:45:58] <JordanBuccii> Alaskan CS?
[1:46:06] <haldusone> dumb asses :D
[1:46:10] <brutalkid__666> is this how people talk to each other in this game?
[1:46:14] <JordanBuccii> Imagine a good NA Team LUL
[1:46:20] <+hydrolupus> @haldusone people are trolling....
[1:46:29] <+hydrolupus> @JordanBuccii liquid?
[1:46:31] <Subby_Boi> !song
[1:46:33] <haldusone> don't think so ;)
[1:46:41] <JordanBuccii> @hydrolupus sARcAsM?
[1:46:52] <RealCS2000> mentions liquid but not Hentaiweeboomasterlords
[1:47:10] <NFrost_51> antartica cs ???
[1:47:12] <+hydrolupus> @JordanBuccii (most NA teams are trash tho... which is why i didnt get the sarcasm :/ )
[1:47:23] <RealCS2000> they beat ex-immortals
[1:47:27] <Palamez> !song
[1:47:36] <RealCS2000> darude sandstorm
[1:47:37] <xxxxxxxNEROxxxxxxx> how long till next match?
[1:47:44] <+hydrolupus> @RealCS2000 please tell me that is fake kek
[1:47:52] <igonew> Tainted Minds logo WutFace
[1:47:52] <Palamez> thought i recognized it from somewhere
[1:47:56] <xxxxxxxNEROxxxxxxx> how long till next match??
[1:48:02] <MiNDARN> Somalia vs Ivory Coast next LUL
[1:48:18] <xxxxxxxNEROxxxxxxx> !schedule
[1:48:27] <xxxxxxxNEROxxxxxxx> !commands
[1:48:34] <g0re_tex> When’s the match
[1:48:37] <+hydrolupus> somalia would be too good at cs that's why they are banned from participating ;)
[1:48:42] <xxxxxxxNEROxxxxxxx> i also wana know xd
[1:48:57] <haldusone> KappaPride KappaPride KappaPride DarkMode DarkMode DarkMode
[1:48:58] <+Densonbr0> the next match is in 1:0
[1:49:01] <g0re_tex> Fuck this music
[1:49:06] <+Densonbr0> its on the screen dum dum
[1:49:15] <MiNDARN> Somalia best at retaking ships LUL
[1:49:17] <XENOCIDE13666> S T R O N K E S T
[1:49:22] <g0re_tex> I thought that was a score yung g
[1:49:30] <csgocrazy1> idiot boot ds
[1:49:49] <+Densonbr0> u though wrong old g
[1:50:03] <wkd_tv> they spelt strong wrong.
[1:50:13] <Nekby1> can bootds win this game?
[1:50:17] <RealCS2000> Poland Stronk!!!
[1:50:19] <wkd_tv> na iq
[1:50:20] <haldusone> no
[1:50:29] <NFrost_51> @Nekby1 VoteNay
[1:50:39] <Nekby1> why?
[1:50:41] <haldusone> DBstyle
[1:50:48] <haldusone> because they suck
[1:50:48] <RealCS2000> tier 2 AU vs tier 5 poland cs
[1:50:57] <MiNDARN> One beer in Singapore 20 euro LUL
[1:51:06] <NFrost_51> tm has better coordination imo
[1:51:29] <PowerSib> singapore ez won
[1:51:47] <PowerSib> cache signature map
[1:51:48] <haldusone> singapore gohome
[1:52:13] <RealCS2000> splashske polish pride
[1:52:22] <RealCS2000> should replace pasha
[1:52:27] <+MrHephh> song?
[1:52:27] <PowerSib> splashke hard on cache tm gohome
[1:52:39] <haldusone> PowerUpL CrreamAwk PowerUpR
[1:52:52] <flapieofficial> what is the next map?
[1:52:52] <@Moobot> Follow DreamHack on twitter.com/dreamhackcsgo - facebook.com/DreamHackCSGO - instagram.com/dreamhack - snapchat.com/add/dreamhacklive
[1:53:00] <haldusone> cache
[1:53:01] <+MrHephh> !song
[1:53:01] <RealCS2000> dust2
[1:53:04] <NFrost_51> !song
[1:53:09] <csgocrazy1> go boot ds go noobs
[1:53:10] <ExFireDragon> !Song
[1:53:14] <haldusone> cs_assauls
[1:53:21] <RealCS2000> de_subzero
[1:53:25] <MiNDARN> !song
[1:53:30] <miljan> cs_estate
[1:53:34] <Loth1c> the music got more action that those teams BrokeBack
[1:53:35] <MiNDARN> !commands
[1:54:00] <+FaithlessLooting> !times
[1:54:00] <ruupha> de_tuscan
[1:54:05] <JazzCabbageTV> ugh this guitarnoise DansGame
[1:54:11] <RealCS2000> aimmap3g
[1:54:14] <haldusone> PowerUpL UnSane PowerUpR
[1:54:15] <pghgleets2a> how much did it went? 16-7
[1:54:15] <myshortstories> STEPS
[1:54:22] <MiNDARN> "Please pause, gotta refill on Adderall"
[1:54:38] <RealCS2000> bootds tier 5 poland team
[1:55:19] <ruupha> i hate bootds team name how the fuck am i supposed to pronounce it
[1:55:20] <igonew> !casters
[1:55:32] <reb3l> @RealCS2000 singaporian LUL
[1:55:41] <RealCS2000> @ruupha it's pronounced "trash"
[1:55:45] <MiNDARN> INS swedish legend, nick stolen LUL
[1:55:57] <ruupha> @RealCS2000 4Head
[1:56:14] <+Densonbr0> LUL
[1:56:15] <RealCS2000> LUL
[1:56:23] <igonew> LUL
[1:56:25] <myshortstories> GG
[1:56:26] <RealCS2000> assasins creed fail
[1:56:28] <pghgleets2a> comeon booot time to win
[1:56:29] <flapieofficial> LUL
[1:56:53] <haldusone> Squid1 HotPokket Squid4
[1:56:55] <pghgleets2a> total maps over 2.5
[1:56:56] <+hydrolupus> riPepperonis boot
[1:56:57] <flapieofficial> No! TM4LIFE <3
[1:57:06] <+Densonbr0> OOOOF
[1:57:12] <haldusone> russia net rebat :D
[1:57:13] <+Densonbr0> THAT NADE DAMAGE
[1:57:18] <alpansuri> INS 1.6
[1:57:22] <RealCS2000> poland cs smh
[1:57:23] <pghgleets2a> just for the money then TM win XDD
[1:57:32] <csgocrazy1> real KOBE
[1:57:35] <ruupha> bootds piece of dirt tier 50 team LUL
[1:57:37] <RealCS2000> bot Benkai
[1:57:42] <cogu_mello> LUL
[1:57:42] <haldusone> v rot beret i dragnet rebyat
[1:57:46] <+Kamiiikadse> asia cs lol
[1:57:49] <dellzie> LUL
[1:57:52] <MiNDARN> Juan Deag LUL
[1:57:57] <RealCS2000> polish cs LUL
[1:58:02] <+hydrolupus> bot vs bot there
[1:58:08] <haldusone> pisu soset i dart obed
[1:58:27] <reb3l> @RealCS2000 they are not polish LUL
[1:58:39] <MiNDARN> TTours
[1:58:44] <ruupha> LUL poland cs btw LUL Virtus.Premier LUL Bootds LUL
[1:58:45] <RealCS2000> @reb3l ya they are monaco
[1:58:45] <haldusone> HACKS!
[1:58:53] <alpansuri> tyloo vs TM who win !?
[1:58:55] <csgocrazy1> bots 1 vs 3 nice
[1:59:01] <reb3l> XDDDDDD
[1:59:35] <ruupha> LUL B.O.T-d LUL
[1:59:46] <RealCS2000> cant even break vents LUL
[2:00:02] <+hydrolupus> feelsbadman
[2:00:08] <+Kamiiikadse> DansGame
[2:00:10] <+Densonbr0> save u idiot
[2:00:12] <ruupha> BOT Benkai LUL
[2:00:22] <pghgleets2a> lost my 20$ lol they will lose
[2:00:28] <csgocrazy1> they are so freaking bad
[2:00:30] <+MrHephh> yamanStache yamanStache yamanStache
[2:00:31] <MiNDARN> GuardiaN LUL
[2:00:42] <RealCS2000> feels bad splashske deserves to go to tier 1 poland team
[2:00:43] <pghgleets2a> hahhaha
[2:00:45] <igonew> knife LUL
[2:00:48] <+MrHephh> yamanStache
[2:00:48] <ruupha> LUL PL SAVE LUL
[2:00:49] <+Kamiiikadse> what is this FailFish
[2:00:49] <haldusone> DBstyle
[2:00:55] <RealCS2000> splashske to VP
[2:00:58] <haldusone> drop me AWP
[2:01:04] <Chris_Hansen_89> gg next game
[2:01:10] <dellzie> ofnu played that super well till the end
[2:01:16] <+hydrolupus> splashske should find a better team
[2:01:18] <+Densonbr0> -PASHA+SPASHKE
[2:01:29] <RealCS2000> -snax +BnTET
[2:01:36] <dellzie> Bntet to VP
[2:01:45] <ruupha> -snax + Benkai LUL
[2:01:51] <RealCS2000> LUL
[2:02:04] <MiNDARN> -KarrigaN +HeatoN LUL
[2:02:05] <haldusone> SwiftRage PJSalt Kreygasm
[2:02:07] <apollo_onpc> -pasha +xcurate
[2:02:07] <@Moobot> Follow DreamHack on twitter.com/dreamhackcsgo - facebook.com/DreamHackCSGO - instagram.com/dreamhack - snapchat.com/add/dreamhacklive
[2:02:10] <flapieofficial> -seized +zewsy
[2:02:22] <RealCS2000> -seized +seized
[2:02:47] <kejusun> 4-1??
[2:03:02] <+mostrandomnerd> overpeek
[2:03:03] <csgocrazy1> 0B OMG
[2:03:16] <haldusone> 0-16
[2:03:27] <csgocrazy1> f*cking boot ds
[2:03:34] <csgocrazy1> NA STREAM LUL
[2:03:45] <wkd_tv> au cs > eu cs
[2:03:56] <RealCS2000> tier 5 poland team
[2:04:02] <csgocrazy1> 6-0
[2:04:04] <MiNDARN> B.O.O.T(E.D) from server LU L
[2:04:08] <csgocrazy1> idiot boot ds rip all money
[2:04:15] <csgocrazy1> gg wp idiot boot ds
[2:04:16] <flapieofficial> LUL
[2:04:23] <csgocrazy1> rip money 6-0
[2:04:30] <RealCS2000> dont gamble kids LUL
[2:04:34] <DanThaWolf> Boot not EU fool they are pasific Aasian
[2:04:39] <DanThaWolf> Team
[2:04:40] <haldusone> Kippa
[2:04:46] <RealCS2000> @danthawolf FailFish
[2:04:52] <csgocrazy1> f*cking boot ds
[2:04:56] <MiNDARN> RUN LUL
[2:05:08] <csgocrazy1> BOT BENKAI
[2:05:13] <Chris_Hansen_89> lol
[2:05:14] <Nekby1> fucking hackers from au
[2:05:19] <csgocrazy1> benkai is very bad I can't understand omg
[2:05:19] <pghgleets2a> round 16th BOOT win
[2:05:31] <+hydrolupus> moxie is trash aswell
[2:05:31] <haldusone> OMG, kids with silver ranks play better than BOTs
[2:05:33] <MiNDARN> GuardiaN
[2:05:34] <xceem> LUL
[2:05:34] <GDiaX> so stronk this match LUL
[2:05:36] <wkd_tv> nz m0e so bad
[2:05:48] <ruben_verhoef> OpieOP
[2:05:58] <xx_roniboeh_xx> lets go scape!!
[2:06:00] <ruupha> LUL bootds gn mm team LUL
[2:06:04] <+hydrolupus> tfw wallbanged !pepe
[2:06:05] <Slaughtrr12> dsn should play instead of tommy LuL
[2:06:12] <haldusone> BabyRage
[2:06:13] <MiNDARN> splashske = Guardian, GuardiaN = splashke ? LUL
[2:06:14] <csgocrazy1> 7-0 rip
[2:06:15] <Chris_Hansen_89> DansGame
[2:06:16] <Skilletswan> RANDOM PLAYERS PLAY BETTER THAN BOOT
[2:06:19] <RealCS2000> pasha and snax should come carry this shit team
[2:06:20] <+CTAUK> Is that yam the old Renegades player?
[2:06:34] <+MrHephh> yamanRenegade yamanStache yes
[2:06:45] <csgocrazy1> @CTAUK yea he is
[2:06:49] <Slaughtrr12> LuL mouse
[2:06:53] <+CTAUK> Thought so
[2:06:54] <RealCS2000> LUL LUL LUL
[2:06:54] <pghgleets2a> wtf tommmy hahahha
[2:07:07] <ruupha> BOT Tommy
[2:07:08] <DanThaWolf> Lmao Tainted are too good making DS look like ai bots
[2:07:20] <csgocrazy1> tommy ?????
[2:07:21] <Skilletswan> TY GOD FOR THE KILL DansGame
[2:07:23] <RealCS2000> but ds are bots except splashske
[2:07:33] <rightaway153> what>>>>
[2:07:34] <RealCS2000> splashske should go to VP
[2:07:35] <MiNDARN> splashke is the biggest bot
[2:07:57] <csgocrazy1> just shoot ?
[2:08:00] <rightaway153> His KDA is equal to 1
[2:08:03] <wkd_tv> double awp reset
[2:08:09] <ruupha> BOT-d(s)cape 4Head
[2:08:13] <rightaway153> awp dropped
[2:08:22] <Slaughtrr12> 16-0 PogChamp
[2:08:23] <Skilletswan> REALLY??
[2:08:31] <rightaway153> ;P ;P ;P ;P
[2:08:36] <csgocrazy1> 9-0 rip money
[2:08:40] <wkd_tv> the dream
[2:08:44] <Skilletswan> BOT
[2:08:52] <wkd_tv> scape 16-0
[2:08:55] <ruupha> holy fuck can these bots win 1 round LUL
[2:09:02] <didiwinyet56> BOT
[2:09:02] <csgocrazy1> bot benkai again ... NotLikethis
[2:09:14] <xx_roniboeh_xx> they cant win a round
[2:09:17] <+hydrolupus> moxie and benkai are trash :/
[2:09:24] <dellzie> TM #1
[2:09:28] <csgocrazy1> 9-0 rip money bots > boot dreamspace
[2:09:32] <haldusone> PowerUpL CrreamAwk PowerUpR LOL they think that with a tactical pause they become better haaha :D
[2:09:32] <nooblaughter> u are trash
[2:09:33] <n1dzy> 16:O Kappa
[2:09:36] <Loth1c> chat is silver btw danCringe
[2:09:39] <csgocrazy1> tactical pause LUL
[2:09:45] <armtig3r> dreamhack Jebaited
[2:10:15] <ezguard> so low individual plays...
[2:10:30] <haldusone> I know, they took this pause to cry a bit
[2:10:34] <snowkevz> BOOT team from where?
[2:10:38] <haldusone> Kappa
[2:10:54] <frenkyfrenk> What the hell theyre doing :D i have 300€ on TM bet
[2:10:55] <kejusun> B.O.O.T.S - dream
[2:10:56] <ezguard> poland i guess by their flag
[2:10:58] <haldusone> @ snowkevz from hell
[2:11:03] <hydrolupus> moxie just playing with his knife
[2:11:10] <snowkevz> :^) okay thanks
[2:11:13] <ezguard> @frenkyfrenk y do shit
[2:11:18] <wkd_tv> boots from austria. tm from poland
[2:11:18] <@Moobot> Follow DreamHack on twitter.com/dreamhackcsgo - facebook.com/DreamHackCSGO - instagram.com/dreamhack - snapchat.com/add/dreamhacklive
[2:11:22] <flark2y> first map score?
[2:11:24] <csgocrazy1> 8-1
[2:11:34] <csgocrazy1> finally one round finally 8-1
[2:11:40] <+hydrolupus> 16-7 i believe
[2:11:42] <haldusone> first map - 4-16
[2:11:43] <RealCS2000> LUL
[2:11:48] <csgocrazy1> comeback? please... australian cs choke... please
[2:11:55] <+DavidTheFapman> ist boot from turky?
[2:11:59] <+Das_Kracken> 16-7 in favor of TM @flark2y
[2:12:14] <flark2y> thanksss
[2:12:15] <cody11110> there from singapore
[2:12:25] <Chopycat> CoolStoryBob Please do tell me more
[2:12:48] <rightaway153> 0-15
[2:13:03] <ezguard> dumb head
[2:13:14] <csgocrazy1> 8-1 finally PogChamp
[2:13:15] <kejusun> comeback.
[2:13:26] <+allmightysmeg26> omg they won a round
[2:13:29] <Slaughtrr12> 16-8 PogChamp
[2:13:42] <ezguard> 61-1
[2:13:45] <Nekby1> ins fckin hacker
[2:13:46] <+neil_111> Wasssuppopp this channel is lit boisss
[2:13:50] <ezguard> 16-1
[2:13:52] <csgocrazy1> PogChamp
[2:13:52] <+neil_111> LUL
[2:14:00] <csgocrazy1> 9-1 LUL
[2:14:05] <haldusone> muc bag israil
[2:14:06] <pghgleets2a> 18-8
[2:14:07] <miljan> 16:14..
[2:14:08] <csgocrazy1> f*cking boot ds nice 9-1 idiots
[2:14:24] <ezguard> thye lose this round
[2:14:33] <ezguard> look at their position on map
[2:14:40] <haldusone> ha
[2:14:49] <heatblast123> LUL
[2:15:12] <miljan> hahahahaaha this position is so funny...
[2:15:12] <pghgleets2a> 16-8
[2:15:32] <+TishueTM> rofl noob
[2:15:33] <ezguard> told you boyz
[2:15:36] <pghgleets2a> wat
[2:15:38] <csgocrazy1> BOT IMPRESSION
[2:15:43] <haldusone> OMG, much more entertaining to dig a sh*t at yard than watching this game
[2:15:50] <csgocrazy1> they are playing like sh*t
[2:15:52] <+neil_111> BOT LUL
[2:15:57] <csgocrazy1> 10-1
[2:16:03] <pghgleets2a> one of them is not using the tag xd
[2:16:08] <+neil_111> Tier 5 CS LUL
[2:16:16] <joshhl> higher chance of an asteroid hitting my house than boot winning this game LOL
[2:16:18] <+hydrolupus> "the reset has came into fruition" rip english
[2:16:20] <haldusone> tier 0
[2:16:30] <Slaughtrr12> @neil_111 Tier 1 Asia = tier 20 EU LuL
[2:16:30] <@Moobot> DreamHack Store: http://store.dreamhack.com/?utm_source=twitch_CS&utm_campaign=twitch_panel&utm_medium=twitch
[2:16:40] <stumac1908> [*]
[2:16:44] <+smusaskero69> ResidentSleeper This game boring me ResidentSleeper LUL
[2:16:47] <joshhl> @Slaughtrr12 fnatic lost to tyloo lmao
[2:16:49] <+maxcdesign> syndiLove
[2:16:58] <pghgleets2a> waiting for the 16th round
[2:17:04] <wkd_tv> china no 1
[2:17:16] <ezguard> hahahahha
[2:17:18] <haldusone> PowerUpL EntropyWins PowerUpR
[2:17:19] <Melegoman> LMAOO
[2:17:20] <+hydrolupus> lol
[2:17:21] <pghgleets2a> hahahhahah
[2:17:26] <Dezfanzer> LUL LUL LUL
[2:17:27] <+hydrolupus> I WILL KILL YOUR SHADOW
[2:17:29] <Etaleanic> CLIP
[2:17:30] <heatblast123> LUL
[2:17:32] <myshortstories> JEBAITED
[2:17:33] <pghgleets2a> WTTFF HAHHAHA
[2:17:37] <dogHtor> HAHAHAH
[2:17:43] <freakgg> When tyloo vs tm?
[2:17:46] <+sevagaves> BOT Dreamscape
[2:17:47] <ezguard> Kreygasm Kreygasm Kreygasm Kreygasm
[2:17:48] <Hashslingingslasher_hd> clip itt!
[2:17:48] <+M4TTD4RKPR0> LEL
[2:17:48] <wkd_tv> replay
[2:18:01] <ezguard> jesus
[2:18:02] <myshortstories> TILTED LUL
[2:18:03] <csgocrazy1> 11-1
[2:18:03] <+hydrolupus> rip splashske
[2:18:05] <miljan> i dont see that..HHH
[2:18:05] <rightaway153> what
[2:18:07] <pghgleets2a> wtf
[2:18:09] <haldusone> ahaha
[2:18:10] <+smusaskero69> Dreamhack Gold Nova series LUL
[2:18:12] <Hashslingingslasher_hd> splashke is just over it
[2:18:12] <Byakuren26> NotLikeThis
[2:18:16] <haldusone> haha
[2:18:18] <rightaway153> always lose frag at the beginning
[2:18:24] <PressTheButton17> Hey was upppp
[2:18:30] <ezguard> dude...they have low reactions
[2:18:37] <csgocrazy1> bots omg
[2:18:42] <haldusone> they should play call of duty instead of CSGO...
[2:18:57] <haldusone> or just Contra on NES
[2:18:57] <PressTheButton17> You play fortnite
[2:19:00] <+hydrolupus> the casters are doing a pretty shit job tbh...
[2:19:01] <rightaway153> or pubg
[2:19:07] <+sevagaves> BOT dreamscape
[2:19:12] <+hydrolupus> "he is left in a 1V3">4 guys left on the other team
[2:19:13] <ezguard> im gonna play warface...
[2:19:18] <csgocrazy1> 12-1
[2:19:29] <ezguard> atleast there no russians
[2:19:30] <@Moobot> Follow DreamHack on twitter.com/dreamhackcsgo - facebook.com/DreamHackCSGO - instagram.com/dreamhack - snapchat.com/add/dreamhacklive
[2:19:30] <DanThaWolf> Lets goo i was righr Tainteds destroying them Tyloo vs Tainted final
[2:19:30] <rightaway153> BOOST dream[S]cape
[2:19:36] <haldusone> better play cmu face:D
[2:19:37] <ezguard> SwiftRage SwiftRage
[2:19:37] <DanThaWolf> Right
[2:19:38] <+hydrolupus> those 5 nades tho
[2:19:39] <+sevagaves> 1-16
[2:19:52] <pghgleets2a> GN
[2:20:00] <haldusone> Death to all Russians D:
[2:20:33] <+hydrolupus> rip that flash
[2:20:45] <ezguard> where can i contact this guys?
[2:20:46] <rightaway153> save
[2:20:55] <ezguard> im gonna join their rost
[2:20:57] <+M4TTD4RKPR0> @hydrolupus weren’t you on ESL earlier today?
[2:21:01] <rightaway153> please save the AK
[2:21:01] <+xxHaagseHarriexx> ..
[2:21:13] <+hydrolupus> botkai
[2:21:15] <yusufreis01> lol
[2:21:20] <haldusone> geeeeeeeeee
[2:21:22] <gonzocc> its not his fault
[2:21:23] <+M4TTD4RKPR0> !uptime
[2:21:23] <@Moobot> @M4TTD4RKPR0 Uptime is: 2h 21m 32s
[2:21:24] <+hydrolupus> @M4TTD4RKPR0 yea probably
[2:21:26] <xx_roniboeh_xx> is dreamscape pro team?
[2:21:27] <haldusone> they suck soooo much
[2:21:29] <gonzocc> cz is just op
[2:21:31] <NLJur> oh de blowende gebruikende streamer Kappa
[2:21:33] <kerajotto> ezmoney 4Head 4Head 4Head 4Head
[2:21:40] <miljan> bad day for this guys..
[2:21:42] <+M4TTD4RKPR0> @hydrolupus these bois are not silver lmfao
[2:21:43] <Extrude_NZ> jackhuTM jackhuTM jackhuTM jackhuTM jackhuTM
[2:21:54] <haldusone> they are gold nova 1
[2:21:55] <ezguard> @DreamHackCS can you tell BOOT to contact me? i wanna carry them
[2:21:58] <TaintedJosh> YTB @Extrude_NZ
[2:22:25] <+hydrolupus> ik but in comparison to other teams they are trash :/ i almost feel bad for them cause this was their pick i believe @M4TTD4RKPR0
[2:22:28] <rightaway153> wall bang yeah
[2:22:41] <Intent_> what no
[2:22:44] <gold_night_1> @gonzocc why?
[2:22:47] <Intent_> it was squeeky shots
[2:23:07] <gonzocc> @gold_night_1 why is cz op? if you have to ask that you clearly dont know the meta
[2:23:08] <+Das_Kracken> @hydrolupus Yeah it was Bot's pick.
[2:23:19] <rightaway153> 2-12
[2:23:24] <xx_roniboeh_xx> wow
[2:23:25] <pghgleets2a> yupi
[2:23:25] <Ignush> Is this only asians playing?
[2:23:26] <haldusone> wow
[2:23:26] <rightaway153> 3-12
[2:23:27] <Pitchlod> 16-12 yes?
[2:23:33] <haldusone> ahaha
[2:23:33] <pghgleets2a> comeback
[2:23:38] <gold_night_1> @gonzocc why its not his fault?
[2:23:43] <rightaway153> we don't know lol
[2:23:43] <haldusone> c*m bag
[2:23:43] <+mostrandomnerd> tm is australian @Ignush
[2:23:47] <pghgleets2a> overtime
[2:23:58] <gonzocc> @gold_night_1 dude the cz is too op thats why he couldnt do shit
[2:24:02] <Ignush> @mostrandomnerd okay thx
[2:24:17] <Soury> 16-12 LUL
[2:24:25] <+hydrolupus> wow this is the map they are supposed to win...
[2:24:37] <+hydrolupus> but they are doing worse than on their pick
[2:24:40] <pghgleets2a> yeah 16-12, odds are getting lower
[2:24:41] <Skilletswan> LUL NA SPRAY
[2:24:52] <+M4TTD4RKPR0> LEL
[2:24:56] <+hydrolupus> christ, this is the map that htey are supposed to win... and they are doing worse than on TM's pick
[2:24:59] <+hydrolupus> christ this is the map that they are supposed to win... but they are doing worse than on tainted's pick
[2:25:05] <+M4TTD4RKPR0> LMFAO
[2:25:10] <Melegoman> he was moving ofc his spray wouldn't be good lol
[2:25:12] <+M4TTD4RKPR0> LUL
[2:25:17] <EstOffMe> VAC 4Head
[2:25:20] <+hydrolupus> sorry for the double post... automods would allow it the first tim
[2:25:33] <kauniskoskenkorva> @hydrolupus this is tainteds pick....
[2:25:33] <pghgleets2a> ez
[2:25:50] <+M4TTD4RKPR0> @hydrolupus faze vs fanatic is now. Wanna watch?
[2:25:51] <+hydrolupus> welp
[2:25:55] <archeeseman> @hydrolupus this ios TM's pick
[2:25:56] <pghgleets2a> comeon boooot
[2:26:01] <pghgleets2a> win this round
[2:26:07] <alpansuri> INS 1.6 PogChamp
[2:26:08] <kauniskoskenkorva> @M4TTD4RKPR0 fnatic won
[2:26:09] <hydrolupus> @archeeseman that was already pointed out to me
[2:26:09] <+M4TTD4RKPR0> Oh nvm it’s a rerun
[2:26:40] <pghgleets2a> <3
[2:26:55] <pghgleets2a> wtf
[2:27:01] <archeeseman> @M4TTD4RKPR0 it's live
[2:27:17] <+hydrolupus> @archeeseman its a rerun...
[2:27:41] <myshortstories> ???
[2:27:41] <pghgleets2a> <3333
[2:27:48] <pghgleets2a> moneyyyyy
[2:27:49] <xx_roniboeh_xx> just end this plz<
[2:28:04] <pghgleets2a> goodbye guys <3
[2:28:08] <archeeseman> @hydrolupus Nope, live right now. Check HLTV
[2:28:09] <ViktoriyaKay> ClappyDerp
[2:28:10] <myshortstories> bot will now get eco'd
[2:28:20] <myshortstories> watch it LUL
[2:28:37] <+hydrolupus> ... its the faze vs fnatic katowice grand final... it was last weekend... its not live
[2:28:39] <nooblaughter> its live
[2:28:40] <Slaughtrr12> GLAWKS
[2:28:43] <Intent_> @archeeseman pretty sure he was talking to his mate
[2:28:51] <Melegoman> LUL
[2:28:52] <Moist_Potato> lul
[2:28:54] <xx_roniboeh_xx> ez
[2:28:55] <Korkyy> LUL
[2:28:55] <Moobot> Follow DreamHack on twitter.com/dreamhackcsgo - facebook.com/DreamHackCSGO - instagram.com/dreamhack - snapchat.com/add/dreamhacklive
[2:28:55] <+hydrolupus> rip boot
[2:28:56] <myshortstories> LULLULUL
[2:28:58] <호주의패기> LUL
[2:29:00] <DanThaWolf> Nice
[2:29:01] <Skilletswan> How they lost this
[2:29:07] <호주의패기> so bad lol
[2:29:08] <myshortstories> gg bois
[2:29:13] <+xXj0nNyXx> moobot is drunk
[2:29:16] <myshortstories> 14 4
[2:29:17] <+hydrolupus> >fake moobot
[2:29:21] <+Jkt84> Yam PogChamp
[2:29:24] <heatblast123> THE YAY MAN
[2:29:28] <Intent_> What ping are they playing on i wonder.
[2:29:33] <on_fire_scratch> gg la gg
[2:29:35] <小百飄飄> B.O.T. Dream LUL
[2:29:53] <rightaway153> will the boot come back?
[2:29:59] <xx_roniboeh_xx> gg
[2:30:01] <+xXj0nNyXx> silver bangers
[2:30:03] <+hydrolupus> botkai
[2:30:05] <rightaway153> GG
[2:30:17] <xXyoloswaglord420Xx> 16-14
[2:30:20] <myshortstories> not fckn way they will comeback
[2:30:22] <+Das_Kracken> @Intent_ Boot's had a really low ping and TM had the higher ping around 50.
[2:30:26] <DanThaWolf> 16 4 told ya Tainteds too good for this team
[2:30:40] <xx_roniboeh_xx> Dreamscape bettors BrokeBack
[2:30:51] <zesniper_mlg> Ez money Kreygasm
[2:31:01] <+hydrolupus> ayyy a stone cold galil
[2:31:13] <+hydrolupus> very nice galil skin
[2:31:16] <Intent_> lel @Das_Kracken that's embarrassing
[2:31:19] <zesniper_mlg> Tbh I wanna see TM upseting top teams
[2:31:33] <Turtle_Mafia_> waiting for this comeback
[2:31:40] <myshortstories> HAHAHAHAHA
[2:31:42] <Melegoman> LMAO
[2:31:43] <zesniper_mlg> LUL
[2:31:44] <Korkyy> LuL
[2:31:50] <passcsgo> LUL
[2:31:52] <ruupha> BOT BENKAI LUL LUL LUL LUL
[2:31:53] <Etaleanic> LUL
[2:31:55] <kauniskoskenkorva> @zesniper_mlg thats never gonna happen
[2:32:06] <zesniper_mlg> Ik
[2:32:09] <heatblast123> LUL
[2:32:12] <Turtle_Mafia_> gotem
[2:32:12] <zesniper_mlg> Would be cool tho ;-;
[2:32:13] <didiwinyet56> tbh i want to see TM lose to Cloud9
[2:32:19] <Turtle_Mafia_> you didn't believe
[2:32:21] <Korkyy> LUL LuL LUL LuL
[2:32:29] <gold_night_1> lucky
[2:32:36] <+reskin5> wtf spray sneaker and get the head
[2:32:39] <+Das_Kracken> @Intent_ Yeah...they are just simply getting outplayed.
[2:32:47] <+BIGnnYARIK> PokGengar PokGengar
[2:32:48] <+imc0smos> UK csgo?
[2:32:57] <小百飄飄> 16-14 LUL Bots dreaming LUL
[2:33:00] <DanThaWolf> Lmao 16 5
[2:33:01] <kauniskoskenkorva> @reskin5 moving while spraying
[2:33:05] <Turtle_Mafia_> deadlyRekt
[2:33:06] <+cozzaplayz121> PokGengar PokGengar
[2:33:46] <hidexgod> lan or online?
[2:33:51] <+Chargeable_> bot
[2:33:53] <kauniskoskenkorva> PrimeMe PrimeMe PrimeMe PrimeMe PrimeMe PrimeMe PrimeMe PrimeMe PrimeMe PrimeMe
[2:34:01] <+reskin5> full lag
[2:34:02] <myshortstories> online
[2:34:08] <Turtle_Mafia_> 4Head 4Head 4Head
[2:34:12] <kauniskoskenkorva> @DanThaWolf u sure?
[2:34:14] <Moist_Potato> throw BabyRage
[2:34:21] <csgocrazy1> LUL
[2:34:37] <csgocrazy1> 15-6
[2:34:42] <+allmightysmeg26> the comeback is happening LUL
[2:35:07] <myshortstories> TM got this
[2:35:09] <cl1aner> @allmightysmeg26 no
[2:35:12] <Qzzy> Awp without armor ???
[2:35:55] <Moist_Potato> LUL
[2:35:55] <myshortstories> W H I F F
[2:35:57] <+Chargeable_> lmfao
[2:35:59] <b2gg> they should add some gun to the game that doesnt rely on straight line
[2:36:00] <+Das_Kracken> Oh my
[2:36:00] <on_fire_scratch> LUL
[2:36:01] <ruupha> LUL
[2:36:02] <DanThaWolf> Yeah
[2:36:03] <+FireWallY> bruh
[2:36:07] <+hydrolupus> he is throwing the game ;)
[2:36:08] <+reskin5> best noob
[2:36:09] <ruupha> BOTSKI LUL
[2:36:11] <fartbeast210> Kreygasm
[2:36:13] <+FireCase89> SK
[2:36:13] <+BIGnnYARIK> TableHere TableHere TableHere TableHere TableHere TableHere TableHere TableHere TableHere TableHere
[2:36:15] <Moist_Potato> sk LUL
[2:36:16] <Korkyy> SK LUL
[2:36:17] <heatblast123> FailFish
[2:36:19] <+wtfprototype> 4Head
[2:36:26] <小百飄飄> 33.3% acá LUL
[2:36:35] <小百飄飄> acc*
[2:36:41] <b2gg> Why hes switching from knife to knife before every round like 500 times OMG
[2:36:45] <DanThaWolf> Yay 16 6 lmao BootChookscape
[2:36:45] <flapieofficial> watching the match
[2:36:50] <Nexus> LUL LUL LUL
[2:37:33] <Nexus> Boot throwing again
[2:37:35] <VadAceR> 16-6 CoolCat
[2:37:57] <VadAceR> gg wp
[2:37:57] <rykerrrrr> !cast
[2:37:57] <b2gg> does being on fire reduce accuracy?
[2:38:08] <stipss96> no
[2:38:10] <flapieofficial> 1 hp PogChamp
[2:38:16] <BLINKR00T> @b2gg No, it doesn't.
[2:38:29] <JeNeZiz> SG CS LUL
[2:38:36] <b2gg> so if i set you on fire, you can still aim a perfect shot. here i thought they wanted REALISM
[2:39:00] <Moist_Potato> CS = realism? LUL
[2:39:03] <Dakuyaa> its 15-7 why force lmao
[2:39:08] <stipss96> OMEGALUL
[2:39:22] <assissinsz> awesome awpier here
[2:39:23] <小百飄飄> CZ-GO LUL
[2:39:31] <Moist_Potato> Hey guys b2gg thinks you can run faster irl with a knife in your hand
[2:39:33] <Melegoman> @Dakuyaa it's not a force lol
[2:40:09] <F4deros> @Dakuyaa they would have had to double save anyway so why not force buy
[2:40:15] <+FireWallY> @b2gg since when did they rename this game to insurgency? Kappa
[2:40:23] <benjam1n1975> omg
[2:40:27] <flapieofficial> cmon! 1 round
[2:41:03] <+allmightysmeg26> the comeback is happening LUL
[2:41:04] <+hydrolupus> @Moist_Potato you have obviously never run in your life... pff dont you know that running with a knife makes you run like sonic?
[2:41:04] <b2gg> reminds me of tekken
[2:41:05] <assissinsz> @flapieofficial how much dollar
[2:41:13] <DanThaWolf> 16 8 again ehh close enough GGs plz dont make a come Dream die a call of duty death slowly
[2:41:31] <DanThaWolf> Comback plz bo
[2:41:41] <F4deros> every one runs faster with a knife are u guys st´upid?
[2:41:49] <diman666666> :_:^_^
[2:41:59] <SirAnnx> 16-8? U high?
[2:42:00] <Dakuyaa> ofnu wont have all the utility for next round
[2:42:05] <haldusone> sonic has two knifes in his back
[2:42:07] <Moist_Potato> @hydrolupus BrokeBack you cant own knives in the uk therefor i cant run!
[2:42:09] <+FireCase89> 3 ot
[2:42:11] <haldusone> thats why he is so speedy :D
[2:42:12] <+BIGnnYARIK> 15-15
[2:42:23] <shulepoff> easy 9-16
[2:42:29] <VadAceR> 322 Australia
[2:42:43] <+hydrolupus> just use your kitchen knife, dont you realise that's how usain bolt wins all hise races? @Moist_Potato
[2:42:43] <F4deros> @Moist_Potato so u guys don't even use cooking knives Kappa
[2:42:44] <flapieofficial> Oh my God. What the fck, TM?
[2:42:46] <SirAnnx> Rip bot
[2:43:05] <VadAceR> 14-4 = 15-9
[2:43:05] <b2gg> why usain bolt so fast he 5 knives
[2:43:19] <passcsgo> gg
[2:43:20] <Melegoman> gg
[2:43:23] <+hydrolupus> ggwp
[2:43:32] <benjam1n1975> GG
[2:43:32] <Moist_Potato> LUL
[2:43:33] <小百飄飄> GG
[2:43:34] <+hydrolupus> botxie
[2:43:38] <DanThaWolf> Yeah gg Tainted kill them
[2:43:45] <rykerrrrr> gg
[2:43:47] <DanThaWolf> Yess
[2:43:47] <b2gg> >misses with snipe half room away
[2:43:52] <+allmightysmeg26> gg
[2:43:54] <flapieofficial> GG
[2:43:55] <Moist_Potato> in the uk we use spoons to cut food with , we cant be trusted
[2:44:00] <wescsbr> brasil nessa porra
[2:44:04] <fartbeast210> Squid3
[2:44:14] <+hydrolupus> tfw running with a spoon doesnt increase your run speed !pepe
[2:44:16] <DanThaWolf> Hahah those boot bettors got what they desserved
[2:44:17] <SirAnnx> Knife drop boxes kek
[2:44:36] <haldusone> PowerUpL PMSTwin PowerUpR
[2:44:58] <b2gg> did team fortress 2 have lootboxes before it wasnt free to play?
[2:45:07] <Swindlerie> boot got stomped Kappa
[2:45:11] <+allmightysmeg26> Asian players Kreygasm
[2:45:13] <+realfriendshowmanyofus> no
[2:45:30] <+realfriendshowmanyofus> it did not have loot boxes, items were randomly dropped
[2:45:33] <+hydrolupus> can we say that they got... BOOTED out of the competition?
[2:45:39] <b2gg> what annoys me is when you buy a game, and you dont even own the fucking textures
[2:46:07] <b2gg> aka "skins"
[2:46:08] <Swindlerie> @hydrolupus ryryClap
[2:46:15] <kru1337> cool song
[2:46:24] <dellanl0l> TriHard
[2:46:46] <b2gg> this song is like drinking two mountain dew while watching anime
[2:46:55] <dellanl0l> Song monkaS
[2:46:56] <b2gg> badass cool
[2:48:10] <Totalnutts> song ?
[2:48:10] <dellanl0l> Song DansGame
[2:48:18] <dellanl0l> SKIP danSgame
[2:48:23] <kru1337> ye it was better before lyl
[2:48:26] <Jimothy121> Eu music
[2:48:45] <surrenicity> will they play the final today?
[2:48:56] <Loth1c> your "pyramid" got some issues dude
[2:49:00] <kru1337> pyramids are for weebs ye
[2:49:15] <ActionMotion> it's "Darude - Sandstorm"
[2:49:23] <+hydrolupus> its not even a pyramid tho technically
[2:49:30] <+hydrolupus> its just a triangle
[2:49:42] <kru1337> ActionMotion daaamn thats a long time since someone used that one, gg
[2:50:12] <+JustUrge> mongols
[2:50:18] <trihard_warrior4life> OpieOP EU is so ba... OpieOP wait let me take a breath OpieOP EU is s... OpieOP i need to take another one OpieOP fk give me another burger OpieOP
[2:50:45] <kru1337> eu sux ye but na sux in csgo lyl
[2:51:03] <Lakshya_ee > bleh my master where are you
[2:51:25] <g2jvx> Is there any more matches
[2:51:47] <dellanl0l> AngelThump
[2:51:56] <dellanl0l> why only rock DansGame
[2:52:07] <igonew> eeee rock
[2:52:17] <+sokfeju> fuck yeah rock is awesome kids :D
[2:52:41] <kru1337> blood bloood bloood skulls skulls skulls gore gore gore
[2:52:42] <dellanl0l> There is good rock but cmon play some music that is more friendly for everyone DansGame
[2:52:44] <beydyS> gg faze won
[2:52:46] <kru1337> lyrics
[2:53:31] <beydyS> fa u ee woon
[2:54:06] <trihard_warrior4life> I WILL NOW TRANSFORM THIS HUMAN INTO A CAT╰( ͡° ͜ʖ ͡° )つ──☆ -> -> -> Kappa Keepo CoolCat
[2:54:13] <beydyS> faze won gh guyz
[2:54:31] <beydyS> gg
[2:54:45] <kru1337> @trihard_warrior4life where did the glasses come from
[2:54:59] <beydyS> lowcoGot
[2:55:35] <trihard_warrior4life> @kru1337 I dont know PogChamp magic
[2:56:30] <Swindlerie> what's up next?
[2:56:30] <beydyS> DxCat DxCat XboxElite XboxBlack CoolCat CoolCat
[2:56:52] <beydyS> @swindlerie nothing.. faze win
[2:57:02] <beydyS> lowcoGot
[2:57:13] <+Magikarp_Fan> when does it start again?
[2:57:29] <beydyS> @magikarp_fan necer.. faze won
[2:57:32] <dellanl0l> danEZ any cool in chat ?
[2:57:37] <beydyS> never lowcoGot
[2:57:42] <dellanl0l> jjunW jjunV
[2:57:45] <igonew> BibleThump BibleThump BibleThump
[2:57:59] <BloodyValkyria> what is the band pls ?
[2:58:13] <+Magikarp_Fan> @beydyS thx bro
[2:58:24] <Spankmier> ETA on resume?
[2:59:29] <XENOCIDE13666> @BloodyValkyria It's the Jonas Brothers LUL
[2:59:48] <BloodyValkyria> MingLee
