any Wakandan in chat ? TriHard
\ /. Оп пiмав натурала за яичко KappaPride
@GLihhh exact same with me :D
@ruhrpotter Und wenn du englisch sprichst dann bitte auch korrekt ;)
У челов в команде колдзеры играют, поверил , проверяй SeemsGood
a net stope stope stoppeeeeeeeeeee 8 15 sorry za DizInfU 4Head
Ну все они хлебнули кумыса, изи 16 14 4Head
@jefrezgg ну да, не знаю Kappa
you cant have an opinion, unless youre high ranked (gold nova) like me :)
@adami42281337 не задумывался о таком DBstyle
G2 Mixwell hasn't been playing well the past matches LUL
even c9 won a major LUL
a brand named tee shirt LUL
discount tee shirt > all Keepo
@FinderFiveFour thanks ill be back stay fam :)
nuke is also a german map :D
nuke is located in germany? lmao not at all LUL
nuke is in north korea obvs Kappa
but we're talkin bout this one Keepo
@biche_crepusculaire oh wow I didn’t know that :o
@Biche_Crepusculaire yeah, i know someone who greq up in tunis and he wouldnt stfu about it when new dust 2 was released :D
@xxFlares I don't trust you! 4Head
mirage is on the moon EleGiggle
de_train has Lenin and Soviet symbols so it has to be set in Chile Kappa
@Biche_Crepusculaire The more you know TIL about Magreb :)
Ustillo is a monster Tom 4Head
raspberries when they are in season are Kreygasm
raspberry seed get stuck betwenn the teeth NotLikeThis
he is 12 years old LUL
JW vac banned btw check hltv Jebaited
Don’t talk about Lisa like that BibleThump
oh hey zesct @ESL_CSGO ! :D
it's like they ran out of fingers and used their toes too ;)
i would ve asumed it s a new version of the oculus rift ;)
He's like the cute spiderman, so im fine :)
@marchewa56745674 there are actually 3636474 different accents to speak german LUL
Yea a Lot of accents. :D
3.6K viewers and dead chat, viewbots enabled Kappa
why did he shoot the silo? FailFish
is there enyone in the chat who is very bad at csgo Kappa
CS major final and 3 people in the crowd dead game LUL
@ItzMeLore I've never even played it LUL
@FinderFiveFour then never do it srsly Kappa
i'm not silver, i'm unranked, never played a comp match, beat that plebs Kappa
nice, they have an american in their team Kappa
how did they get sponsored by Pringles? are the germans to classy for Doritos? Kappa
why can i hear warmup NotLikeThis
just what the hell is goin on :D
must be funny to be forced talk and talk :D
German Engineering at its best Kappa
johnballhand just learn your lines beforehand 4Head
i think so.. free Mc menu every day @AleksandrKalashnikov :D
@AragorNElessaR i see no issues with this KappaPride
implying you can fit your hand in a pringles can Kappa
the volume is lower for some reason WutFace
@ESL_CSGO I see you laughing ... :D
nah , i dk how did they reach semi :(
@MaverickMall As I said dont be mad bruh cmonBruh
Master_Ball_96 he chewed the headset cables Kappa
vmurkz1 what do you think half of twitch chat is? Kappa
its 7AM in NY for me :D
hahaha that is joke my friend im not from japan :D
a pringles and mcdonals gold amazing :o
Shroud is Shroud no matter what <3
Now SK Gaming has a lot of Firepower with cold and stew :o
@kaamilking Я тож 16-7 счет будет :D
2 guys, both looking in same direction mm match FailFish
@kaamilking Я что пантер, что еур в 1 раз вижу Keepo
@kaamilking Я вчера на вп 90% банка залил, чтоб ты понимал, а потом, когда они были против ноу-неймов я но лоу коэф залил Keepo
are we sure they are not replaying the same round over and over again? Kappa
Этим пантерам еще и зп наверное платят, ржу над менеджментом тимы 4Head
I't should be 13-2 for panthers :D
not saving 1 vs 4 FailFish
amateur team vs tier 4 team LUL
3k views on a Major dead game LUL
@TeddyMECS cause on Cache you dont need AWP :)
no but i still wanna see it :(
@LexGamer101 well, i dont mind listening to german since im german.. so give me sound! :D
what lex said? he isnt close to be lex.. VeldBall :D
i'm a decent kind of mind but i'm still doing nothing with my life :(
they don't look that small to me, they have 5 team members like all other teams I've seen DansGame
Masterchef, sponsored by Pringles and McDonald's LUL
Masterchef, sponsored by Pringles and McDonald's LUL
Masterchef, sponsored by Pringles and McDonald's LUL
*** is the german stream if u still dont want to understand the caster ;)
He probably just wants his adder all drop. LUL
i love watching tier 4 cs LUL
Can't afford a studio, recording in livingroom BrokeBack
you guys know how bad the people are in mdl well this is to get into mdl LUL
trihard11 is this a rerun DarkMode
wearing esport jerseys in public LUL
i hope she made some new video :(
chat never happy when pansy casts its " talk less" when there is less casting its "where are the casters" Kappa
@nahpp it is ok to be sliver is it not? :D
@nahpp you must know how it is :D
@ all have been there :D
@oceanss so true- i am not making any funny i am exl... look at the game but the chat that is anogter story :)
@RMXCrossal i am so sorry :D
@Sindos3 who is noob in here dude :D
i buy power = divizion Kappa
ending with nothing but shaaaaaame Kappa
do any one in here have a sphhire knife? Keepo
@happykabachok well that is a start bro i have a huntensman doppler fn ;P :D
Go Robin Go!!! Good shit! Comeback babay :D
ESL back at it again LUL
if it's not sound issues there's schedule delays LUL
is it a german stream? :(
hahaha you would not want it anymore if you do LUL
my soundbar just explode as i tried to turn up the volume Kappa
anyone wanna take me in their csgo team? LUL
@heXaroNCS see its har work Kappa
a new 2v2 mode, interesting :o
i can beat these people Kappa
@opti_nor cmon dude stop being salty white night just cause there are grils LUL
is that no game later tonight? anyone knows? :)
oh they do like pros, with their fists when wins a round! like champions! Kappa
this is like watching a chicken fight lmao LUL
this cant be a noova game, most at least be the rank eagle PogChamp
@willcome_ please leave this is for the bigboys only LUL
pubg is fiine, but not as big as cs goo i mean cmon Kappa
@RMXCrossal they are pros shhh Kappa
@Mercifulqwerty daaamn when i cant risk it to make it 3 Kappa
@Mercifulqwerty oh ok when its fine, i dont look like 40 but at least 30 Kappa
this is so bad cs :(
maybe the players you're watching LUL
Masterchef, sponsored by Pringles and McDonald's LUL
german production better then NA LUL
3 months everyday McDonalds WTF hahahahaa :D
Ya boys should visit MALOOSHA on her 2nd stream ever :)
no worry is pro strat Kappa
i have no idea what the hell happened mid. how did that dude get a double LUL
remove cache from active duty ResidentSleeper
@KenwoodTom nah you gotta wait and eat it just as it fragments into smaller bits :D
@99_goat German potato masher best type of grenade :p
kzy mopping up the shredded remains of divizons dignity :D
caster doing good job considering hes solo casting :D
cs:go dead game mayor 1k viewers LUL
@99_goat welp, was hoping we could play together I'm gn1 cos I haven't played in 3 months :p
The problem is when u play with people that are holding u back and ca`nt improve bc they r legit getting 1 kill every game LUL
look how depressed they are :(
GNM. I suck at CS can’t get back to DMG :(
okay that question was just a joke. never been on gn. first rank was mg2 and now global. sorry for that :D
