you re not shut up Kappa
idk how to be myself BibleThump
@LPTogehter2015 All I see, are re-run :(
are we going for a FarCry5 themed Chat now or what LUL
500 dont even get u a good GPU now :(
selamün aleyküm TÜRK ler buradamı :)
how many wanna beg for a ban now i guess more than one LUL
i have only laptop for 50$ BibleThump
facebook has 360 degree viewer Kappa
okay, thank you i thought my computer is trying to fk with me damn again :D
What else should we watch? Fortnite? LUL
please if you want to help me add my steam link whisper me so i can send you my steam link please :(
any1 helo my channel? 50 follow pls fpslima :(
@BerrydEgo - I'm basically used to them mostly doing re-runs They're on FB now for actual matches :D
stewie will play for c9 for long time :D
Sanmiyorum türk oldugunu, onlarda Baba Yaga diye bi söz var galiba :D
I want it for Optimus Primes birthday when his back to earth :D
dont waste money when not worth it :D
my jew dad told that too :D
He wants to be Escobar of France LUL
You're either a nose picker or a liar LUL
616 people staring at this LUL
sk is my 2 favourite team faze is first :p
Rofl how am I falling to it LUL
