Is it 2018 and some people still can't pick out trolls? cmonBruh
but they loose to faZe :(
astralis will win ez danish cs is better than mixed like men are btter than women ASTRALIS <3
dreams are made to become real ASTRALIS # FAZE = <3
oh hey guys, i already know the result, look at me being cool Kappa
Yes I definitely said I was cool, not like it's because the final already happened NotLikeThis
this kid just said a re run is a sponsor LUL
have they been rerunning this match 24/7? LUL
grand final with 1000 viewers LUL
WE ARE CLOUD 9 OUR JOB IS STREAMING WINNING A LAN ? YOU MUST BE DREAMING 4Head
in rerun is all the time ads in important rounds :D
No, who told you that 4Head
Just give me about 20 4Head
rain looks like a fat lesbian LUL
I mean ill pretend i didnt see the result, yes i think 22-20 4Head
hit boxes in this game are diabolical LUL
how good is to watch a rerun without silvers in the chat <3
wasting my lifetime for this :D
dmg + dmg + dmg + sivler2 + silver 3 VS mg2 + mg2 +mg +gn4 +gn4 .. today in matchmaking match .. just csgo things :D
I don’t even choke my girlfriend that hard compared to astralis Kappa
@felini115 he played with Russians but hes not Russian CarlSmile
play God of war on pc then LUL
Im not a kid bro :(
but thats why there is hide chat so :D
you speak against csgo .. u get muted :D
killed with knife in hand NotLikeThis
I pay 750$ for faze win come on BibleThump
astralis are thow more team flashes than pop flashes LUL
And 3-2 for Astralis ? NotLikeThis
olof was the problem srsly guys :)
niko wanted it the most you can tell LUL
1337 hunters. why do you care what service people play on? :)
833 viewers on a match CSGO is dead and R6 is killing it LUL
i mean if you cant kill people on anything but a 128 tick sever maybe you are the one whos the scrub? :o
THIS GAME IS A JOKE R6 IS KILLINGI LUL
Australis lost their home region 3-0 EleGiggle
There's going to be more game ?? BCWarrior
yeah 7.6billion people watching a stream on twitch LUL
i got baned from ESCL_CSGO chat Kappa
look at him trying to kappa out of his rage LUL
not you, @bezosvk is raging here PJSalt
nothing better than live csgo PogChamp
okay i turned it off. i better see some fkin ads next time :D
" Start your esports career on ESL " PogChamp
why live in the past when you can live in the future KevinTurtle
People get so mad when you say their favorite game is a dead game LUL
I want TF2 to be good again BibleThump
Time to transfer cs go to a new source engine LUL
SPAM THIS NOODLE TO HELP SKADOODLE pastaThat
At least skadaddy is not crying BibleThump
they just want to use their health insurance in a few years because of broken tendons LUL
PROB JUST NUTS FOR GETTING STEW LUL
G fuel is hair gel sponser Eksdee @uppercasebackspace Kappa
@wolforangee hes not worth my time tough you can struggle with him NotLikeThis
Wich rank are you guys in csgo? I'm currently in silver elite :D
693 viewers for major final LUL
825 viewers on major final dead game 4Head
817 viewers on major final dead game 4Head
People thinking this is live LUL
People arguing with a troll LUL
dumb ass ppl dunno this is rerun pastaThat
Noob here are there any sights in this game HeyGuys
Hey, im trying to grow on twitch as a small streamer, would love if anyone could help :D
lmao what a silver pistol round LUL
How do you know the future BibleThump
sk escodendo as taticas pro major... DarkMode
search this on youtube: Why you shouldn't believe SK is doomed...good pointers :)
SK Sell this game for Grayhound HLTV conffirmed PogChamp
SK Sell this game for Grayhound HLTV conffirmed PogChamp
SK Sell this game for Grayhound HLTV conffirmed PogChamp
why you have to be so serious :)
coz they are so fking poor LUL
500 viewers on major final dead game LUL
5 lose rounds no time :D
i'm just wondering when the next operation is :(
it has to be a french team to win that event .. for the fans :(
