Shroud stream 26k, clown9 match 15k LUL
csgo less views than NA LCS NotLikeThis
2 WE WANT SHROUD BACK Kick Peanut Brain SMOrc
7k viewers on major csgo is dead LUL
@jdallecio46 i have a mac LUL
18K VIEWERS FOR DREAMHACK MAJOR CSGO IS DEAD LUL
@daveygod I hope you're trolling LUL
1 18K VIEWERS IN A NA MAJOR CSGO IS DEAD EleGiggle
PEOPLE CALLING THIS A MAJOR EleGiggle
18k viewers in a major LUL
If csgo dead, then leave. bye HeyGuys
20k VIEWERS FOR A RERUN CSGO ALIVE PogChamp
rush in shrouds old spot BibleThump
ONLY 18k VIEWERS AT MAJOR FailFish
imagine having less views than NA LCS EleGiggle
@daveygod Dude, this is the third 2017 major. Go check Valve's website. you need to educate yourself more on majers duudddee LUL
NA PLAYING = NO MAJOR FailFish
shroudW more viewers than c9 SoBayed
21K VIEWERS FOR A MAJOR LUL
18K VIEWERS ON A MAJOR NOT A DEAD GAME LUL
NA SUCK AT ALL ESPORTS SoBayed
SHROUD MORE VIEWERS CS GO DEAD GAME WORST MAJOR LUL
shroud fans hitting puberty waiting room ResidentSleeper
plebs from NA saying youre idiots for saying its a major. Not realising theyre gettin jebaited FailFish
@Sledgered haha no sorry Dreamhack montreal is a major ESG isnt a major get your facts right ;)
More people watching shroud play PUBG LUL
JW VAC BANNED EU CS LUL
JW VAC WILL NOW ONLY PLAY KINGDOM HEARTS LUL
PUBG is gonna die like all battle royale games Kappa
shroud no team ? what the f*** dude :D
Shroud left before this game died (only 22k viewers) so fkin smart PogChamp
@Sledgered than better go to home if you dont know what you are watching ;)
Na> BR in everything except for crime 4Head
20k viewers in a MAJOR LUL
20k viewers at a major LUL
It is not a major FailFish
COD 4 WAS 10 YEARS AGO LUL
how can anyone lul at cod4? FailFish
He came from AVA not cod LUL
24K VIEWERS IN A NA MAJOR CSGO IS DEAD EleGiggle
20k VIEWS ON MAJOR CS IS DEAD LUL
best NA team has a chance against tier 2-3 of BR 4Head
alla som är svenskar här inne gå in och kolla på eaglehawktv han ger bort en rasta backpack vid 50 followers :)
zed because it's in canada chat FailFish
I LOVE THIS BRAZILLIAN SALT GIMME MORE Kappa
@GhOsTOGY dreamhack has really sound settings Kreygasm
IT'S NOT A MAJOR, NA IS PLAYING FailFish
@auhsmith i give em 2.5 weeks 4 Kappa
C9 wins this 16-6, it is not live FailFish
25k viewers in a major? RIP CSGO BibleThump
@Sledgered eleague is over for the night soo :)
wtf Luminosity? why did they kicked FalleN?? :(
M A J O R B A I T LUL
jesus christ what an epic retake . 4Head
all the way from ivy up middle through our connector SabaPing
CHELO AND NEKIZ 0 KILLS WutFace
NA SUCKS AT ALL ESPORST SoBayed
2 people with 0 kills EleGiggle
League 123k view, shroud 28k views, CSGO MAJOR 21k views LUL
one more "one more xD and im out " and im out FailFish
4 majors in one day LUL
📞 FAVELA? 📞 THIS IS C9 📞 QUE OTA? 📞 4Head
20k VIEWS ON A QUALIFIER CSGO IS ALIVE AND WELL LUL
ALL THESE PPL TRYING TO TRIGGER CHAT IS FUNNY LUL
📞 FAVELA? 📞 WHY SO QUIET 📞 4Head
Triple awp on an eco PogChamp
yel looking into the camera LUL
Sadokist is a good caster Kappa
Bot Nekiz and bot Chelo: 0 kills LUL
I didn't think pubg killed csgo, but only 15k viewers at a major FailFish
LG JEBAITED IMT OVERRATED SK ELIMINATED BRA71L EXASPERATED 4Head
NA CS = 0 MAJORS, SK/LG= 2 MAJORS LUL
how did SK do today ? ? ? LUL
Well it is CS -sided Kappa
EU MAJORS HOW MANY ? Kappa
SK 2-0 AGAINST LIQUID TODAY LUL
NA >>>> BR CONFIRMED TODAY AT 2 MAJORS PogChamp
JW VAC BANNED CHECK TRUMP WEBSITE PogChamp
2 people with 0 kills LUL
27k viewers in a major LUL
NA WIN BR AT MAJOR 2 TIMES TODAY LUL
I really dont think Autimatic should play Awp. Ska and Stew is the awpers with Ska as the main :D
omg same grill pls telephone tell me <3
haHAA calling events that arent majors majors is funny haHAA LUL
they should go for triple awp LUL
c9 28k viewer shroud 35 k LUL
only 30k viewers at a csgo major cs is dying FailFish
CS GO IS DIED BRO PUBGGG :p
Using NA as an adjective to describe something bad LUL
NA WIN BR AT MAJORS ? WutFace
30k viewers at a montreal event CSGO is ALIVE PogChamp
yo chat, why is dreamhack streaming c9 prac???? cmonBruh
NA WIN BR AT 2 MAJORS TODAY WHY THE HAVE 0 MAJORS WutFace
C9 28k viewers, shroud 35k LUL
This is not a major stew is banned from playing in majors FailFish
shit viewers for a major LUL
0 kills till the end BlessRNG
WHY SHROUD HAVE MORE VIEWERS THAN A MAJOR? WutFace
the coach is an invited player? LUL
chelo just shit on tarik LUL
!!!! CHELO GOT A KILL PogChamp
NEKIZ 0 KILLS AT HALF LUL
e: LG JEBAITED IMT OVERRATED SK ELIMINATED BRA71L EXASPERATED Jebaited
haHAA calling events that arent majors majors is funny haHAA i'm mentally disabled btw haHAA LUL
1 kill on round 15 LUL
mods - censoring twitch chat BrokeBack
LULMINOSITY TAKE MY ENERGY AT THIS MAJOR PogChamp
"important" and "open" don't go together LUL
3RD TIER TEAMS AT MAJOR DEAD GAME LUL
BR COMEBACK AT NA TEAMS AT MAJORS LETS BEGIN Kappa
NA MAJORS= 0 NA MAJORS= 0 NA MAJORS= 0 LUL
greatest major of all time 4Head
CHAT LET'S GET OUR ENERGY FOR NEKIZ !! PogChamp
16 - 13 BR COMEBACK AT MAJOR PogChamp
📞 FAVELA? 📞 WHY SO QUIET? 📞 . 4Head
NEKIZ TU NÃO VAI MATA UM NÃO? LUL
- TACO + ZQK SANTINHA PogChamp
I FEEL BAD FOR HIM 0-16 LUL
CAN'T EVEN GET AN ECO KILL LUL
@dansavagedyourmum Idk, I heard from twitch chat it was Kappa
Can I be pro? I can 0-16 too 4Head
I'm pretty sure a silver can do better than 0-16 Kappa
@notseans ayy at least he got 3 assists LUL
NEKIZ IS GONNA SAVE THIS ROUND AT MAJOR PogChamp
@kenopsf hes a team player Kappa
CAN'T WIN A GUN ROUND LUL
30K VIEWERS IN A NA MAJOR CSGO IS DEAD EleGiggle
shroud's PUBG streams have more viewers LUL
NEKIZ DIDNT DIE THIS ROUND PogChamp
I wonder if they'll make a "play like Nekiz on train" tutorial vid LUL
this is far from a major LUL
@SeveronCS im a c9 fan LUL
cloud 9 sponsored by ibp LUL
30 K AT MONTREAL MAJOR CSGO IS DEFINITILY ALIVE PogChamp
Only 30k at DreamHack ASTRO Open Montreal 2017 CSGO is dead BabyRage
Nekiz gave silvers hope that they can go pro PogChamp
Liquid beat SK now C9 wil beat LG LUL
Nekiz was a member of iBuyPower Kappa
C9 GOING TO MAJOR PLAYOFFS PogChamp
- SK - LG + IMT + KEYDSTARS WITH ZQK SANTINHA PogChamp
30k VIEWERS IN A MAJOR. RIP IN PIECES CS GO EleGiggle
Sk DEMOLISHED LG ABOLISHED BRAZIL IMPOVERISHED 123 Jebaited
C9 GONNA WIN A MAJOR???? PogChamp
ANYONE REMEMBER LUMINOSITY WON A MAJOR? MingLee
- LG + TEAM1 KAKAVEL IS A GOD Kreygasm
SHUT MURICAS , OUR 14 BIS >>> YOUR F-15 . Kappa
c9 ganna win a major without shroud PogChamp
NO KILL BUT WON THE ROUND LUL
NEKIZ SAVE THE ROUND WITH - KILLS PogChamp
NEKIZ GOD 0 KILLS GAMEPLAY PogChamp
SHUT UP MURICAS , OUR 14 BIS >>> YOUR F -15 Kappa
THE REAL CLUTCH GOD WITH 0 KILLS PogChamp
NEKIS going for pacifist achievement LUL
NEKIZ TIME TO BUY CHEATS BRO :(
HOW THIS GUY CAN CLUTCH WITH 0 KILLS IN A MAJOR ? WutFace
no kills whole map pls BlessRNG
CHELO SO GOOD ON CT Kreygasm
Nekiz Bhops better than he plays Kappa
ISSO QUE DA APRENDER NA GAMES ACADEMY . FailFish
0 kills whole map pls BlessRNG
NEKIZ CLUTCH WITH 0 KILLS AT THIS MAJOR PogChamp
0 kills whole game PLEASE GOD BlessRNG
nekiz doesn't want to hurt anyone BibleThump
I join the stream and it's all over :(
Lumi smothering Nekiz to deth BibleThump
31 K AT DREAM HACK CLUJ NAPOCA MAJOR PogChamp
it's OK nekiz is igl Kappa
NA > BRAZIL LIQUID > SK C9 > LUMINOSITY LUL
Not their best performances 019 LUL
NA WIN BR AT 2 MAJORS TODAY WutFace
Nekiz mvp of rhe match gave cloud9 the win BibleThump
SHUT UP MURICAS , OUR 14 BIS > > YOUR F -15 Kappa
Put me in for NEKIZ Kappa
he only wanted the fighting to stop BibleThump
@hipofficial there was a guy that had 0 frags ? LUL
AT LEAST IT WASNT 0-20 4Head
who got as many kills as nekiz??? / Kappa
📞 Hello Nekiz? 📞 LG Here. 📞 You're fired 4Head
Time to send Cloud9 home :)
-nekiz and luminosity couldve saved a plane ticket DansGame
📞 Hello Nekiz? 📞 LG here 📞 You're fired. 4Head
Never played cs before 0-19 LUL
@2Slow4Mebro Yeah they give him a full setup to stream from prison. pretty cool if you ask me PogChamp
RUSH IS A SMALL MAN LUL
📞 Hello Nekiz? 📞 LG here 📞 You're fired 4Head
"yes yes we are very proud of your spy Nekiz who did a great job" LUL
📞 HELLO LG? 📞 FAZE HERE 📞 HOW MUCH FOR NEKIZ? 📞 EleGiggle
HELLO NA ??? BR HERE WHAT ABOUT MAJORS ?? 4Head
4 players and bot MSL Kappa
valde and konfig are better than every c9 player EleGiggle
10 kills for 2 maps LUL
10 FRAGS IN 2 MAPS LUL
show kills on second map LUL
ANOTHER EZ FINAL FOR IMT LUL
N I P P L E S LUL
oJebaited LG JEBAITED IMT OVERRATED SK ELIMINATED BRAZIL EXASPERATED Jebaited
HELLO NA ??? BR HERE WHAT ABOUT MAJORS ??? 4Head
STAY AWAY FROM MY SISTER STUNNA BabyRage
Forgot his fingers at home 0-19 Jebaited
WHAT FUCK CLG ARE DOING AT SEMI FINALS ?? THEY ARE SOOOOOO TRASH ... DansGame
LG JEBAITED IMT OVERRATED SK ELIMINATED BRAZIL STILL 2 MAJORS WHILE NA 0 Jebaited
"Time to send Cloud9 home" - Nekiz 2017 LUL
I hate it when it rains on my keyboard LUL
PLAYING CS IN THE SHOWER LUL
hate it when i play outside in the hurricane and my keyboard stops working Kappa
haHAA haHAA haHAA haHAA haHAA LUL
@DracoHundredRounds Waching hentai in the shower Kappa
Owen here 📱 nekiz 19 monniQ Jebaited
wait a second... are valve releasing CSGO e-sport team player model skins? Is this foreshadowing? 4Head
LG JEBAITED IMT OVERRATED SK ELIMINATED BRAZIL EXASPERATED Jebaited\ Jebaited
c9 win or lose #goC9 <3
