omg guys I just found out im dragonborn :o
TL win ESG and C9 will win Dreamhack Kreygasm
7k views on a major in 2017 LUL
@flyingfalconmc it's not a major LUL
this isn't a major LMAO FailFish
EU Brains in chat thinking this is a Major LuL LUL
Is this a major right there??? Kappa
major 7k viewers, shroud 25k viewers CSGO is really dead LUL
6K at a major Cloud 9 will win LUL
!endlessboot learn sarcasm na breain LUL
NA thinking this C9 roster is a good team LUL
Shroud has not views than this major LUL
@endlessboot Lean sarcasm na brain LUL
people thinking the old c9 roster was better LUL
@endlessboot no cuz u have na brain LUL
@endlessboot Yes stupid na brain LUL
@ugurkaratas88 Everyones eyes are apart LUL
@Luffe321 u a luminosity fan? LUL
C9 winning against a top team like lg in this major LUL
shroud with 25k viewers rn Kappa
Playing second fiddle to Sadokist 4Head
SHROUD 27K viewers, CSGO MAJOR 8K viewers PogChamp
EVERY TOURNAMENT IS A MAJOR PogChamp
i know this isnt a major but everybody talking bout that meme LUL
Shroud has 25k Views against 10k LUL
This crowd Cochella sucks this year LUL
Shroud has more views than this major LUL
Looks EASY when u have cheats 4Head
Henlo stinky NA LUl Eu here We want National Socialism back LUL
Everyone was calling Shroud a bot until he left LUL
10K VIEWERS IN A NA MAJOR CSGO IS DEAD LUL
EU Brains thinking this is a Major LUL
hahaha good job c9 NA Noobos LUL
HELLO CSGO? PUBG HERE NICE VIEW COUNT 4Head
@coloneloscopi no more pro teams that play csgo Kappa
@endlessboot why u talk to me with na brain?? eat macdonalds noob LUL
lets go LG win this major for us Kappa
who planned 3 tourneys the same 3 days 4Head
only 11k viewers for a major? CSGO is dead Kappa
@TheAnnoyingPickle no but there is one inside ur mom ;)
new csgo kids = calls this a major EleGiggle
CHAT YOU GET BAITED SO EASILY LUL
11K VIEWERS FOR DREAMHACK MAJOR CSGO IS DEAD LUL
WILL C9 REALLY WIN THIS MAJOR WITH A NEW ROSTER? Kappa
12K VIEWERS IN A NA MAJOR CSGO IS DEAD EleGiggle
12K VIEWERS FOR DREAMHACK MAJOR CSGO IS DEAD . LUL
ONLY 1 2 k views for MAJOR LUL
so many kids that think this is a major LUL
CSGO DEAD 11k VIEWERS FOR A MAJOR LUL
@LegendQc rate this na major FailFish
SADOKIST ROASTED SHOWTIME "NOW HE KNOWS BASIC CS" LUL
NA CROWD CHEERING EVERY SHOT LUL
13K VIEWERS IN A NA MAJOR CSGO IS DEAD EleGiggle, EleGiggle
@bigtasty5 what are you talking about, it's dreamhack major LUL
SHROUD HAS MORE VIEWS THAN A MAJOR LUL
@LucasPinguim15 ??? it makes no sense if their both brazilian LUL
Not a major Idiot chat 12 btw haHAA LUL
RUSH boosted in to shroud :(
THESE TEAMS ARE SO BAD... time to watch paint dry instead. NA CS LUL
CS IS DEAD 13K VIEWS IN A MAJOR LUL
the same kids have been spamming the same copypasta for the whole stream 4Head
Are Tarik and Rush subbing for Shroud and n0thing? I'm confused? LUL
Kids spamming same thing in a chat for hours EleGiggle
12K VIEWERS FOR DREAMHACK MAJOR CSGO IS DEAD hg LUL
THIS IS A QULIFILER NOT A MAJOR EleGiggle
Shroud would have killed both :(
IDIOTS SAYING THIS IS A MAJOR LUL
2017 and ppl still getting baited by twitch chat FailFish
It's funny, I've seen a million idiots send messages in a row. Not a single was used. You are all plebs. Kappa
CS go kids triggered and baited LUL
this is a major so many delays and ads LUL
THIS IS NOT A MAJOR THIS IS THE OLYMPICS Jebaited
PEOPLE THINK THIS IS A MAJOR LUL
Are Tarik and Rush subbing for Shroud and n0thing? I'm confused Kappa
@Schwindy nah we are bringing back i made that point like 4 rounds ago Kappa
casuals that dont realize this is a major BCWarrior
@NASHViLL3 cluj was a major and this a major LUL
People spending there saturday in a stream making fun of the game being dead LUL
This has to be the worst major I've ever watched.. only 14k viewers? LUL
Sitting in the toilet talking crap in a dead games channel about how dead the game is LUL
fuel me with your favela salt PJSalt
If this is a Major, then C9 aren't getting out of groups shroudC9 LUL
PEOPLE THAT THINK THIS IS A MAJOR LUL
Shroud at home making money LUL
Hey I haven't been watching chat, this is a major right? Kappa
Coach coked out and angry LUL
my bus driver is an athlete Kappa
@ostespiseren was thinking the same thing them dilated eyes LUL
NO WONDER 12K MAJOR VIEWS LUL
is Dazed's new team playing in this major? I heard he was unbanned by DH? Kappa
C9 coach doesnt say anything in NA competitions LUL
IDIOTS THINK THIS IS A MAJOR LUL
THIS IS A MAJOR 1 BabyRage
IDIOTS THINK C9 CAN WIN AGAINST A TOP TEAM LIEK LG IN A MAJOR r LUL
BRAZILLIANS SALT I LOVE IT PJSalt
This looks like my MM games, and this is a major!?!?!? Kappa
IDIOTS THINK C9 CAN WIN AGAINST A TOP TEAM LIKE LG IN A MAJOR r LUL
HELLO NA NA HERE NEED SOME WEALTH? 4Head
@Igoooooooooooooooor HELLO BR EU here HOW MANY MAJORS? 4Head
@idkcd your brain is dead. How about that? LUL
HAHAHAH SOMEONE SAID LG IS GOOD TELL ANOTHER CoolStoryBob
Hello Poland Germany here how many j ews? LUL
EU NOT EVEN IN THE MAJOR FINALS 4Head
WTF THIS MAJOR IS SO SHIT LUL
90K viewers ofr SA AND NA semis 4Head
Hello NA EU Here Eat MacDOnalds noob LUL
people say SK is best team in the world LUL
Commenting About how dead a game is EleGiggle
When the plebs think this is a major 4Head
SHROUD PLAYING PUBG > NA MAJOR 4Head
GO WATCH EU IF YOU HATE NA 4Head
I didn't think pubg killed csgo, but this only 15k viewers at a major FailFish
9 - 4 to Optic Kreygasm
2 MAJORS GOING ON AT ONCE LUL
HELLO NA? SHROUD HERE I HAVE MORE VIEWER LUL
2 MAJORS ELEAGUE AND DREAMHACK ON RIGHT NOW LUL
Showtime with the global elite spray against Autimatic PogChamp
IDIOTS THINK C9 CAN WIN AGAINST A TOP TEAM LIKE LG IN A MAJOR h LUL
LG FANS LG FANS LG FANS LG FANS LG FANS LUL
i want a pukka pie :(
16K 16K 16K 16K 16K 16K LUL
ELEAGUE is 4 teams at a time idiots LUL
Dreamhack and only 16k ded Game LUL
why is Sadokist casting this? LUL
STEW USING URBEATS IN 2017 LUL
if it's dead y u watching then Kappa
NARIZ DO YEL EH GIGANTE WutFace
SILVERS WHO THINK THIS ISNT A MAJOR LUL
Dead game Still watching 12 btw haHAA LUL
@C9Jack get a proper IGL SwiftRage
IDIOTS THINK C9 CAN WIN AGAINST A TOP TEAM LIKE LG IN A MAJOR u LUL
why doesnt anyone use anymore? FeelsBadMan EleGiggle
There are two people spamming Kappa
chat is ruining my experience per usual NotLikeThis
I cant believe twitch removed TRIHARD FailFish
@Flyingfalconmc You've been spamming that for a solid half hour. Go outaside :)
CHOKE 9 CHOKE 9 CHOKE 9 CHOKE 9 4Head
ç9 is the NEW Ibuypower LUL
Cloud9 with the crowd in their back PogChamp
c9's going to lose this round for sure LUL
15K VIEWERS IN A NA MAJOR CSGO IS DEAD . EleGiggle
IDIOTS THINK C9 CAN WIN AGAINST A TOP TEAM LIKE LG IN A MAJOR LUL' LUL
@massacreality Dota2 gets updates every 2 days .... CS GO GETS UPDATE EVERY 6 MONTHS LUL
@kio_is_the_problem u lost it urself. if u cant handle losing ur money dont bet it LUL
VOLVO PLS NO MORE MAJOR IN NA ONLY 16k LUL
people stopped spamming C9 cant win LUL
C9 can't win a Major someone was saying. THEY CAN PogChamp
CSGO DEAD GAME 17K at a MAJOR LUL
C9 coach is the laziest coach in CS :D
can't even bream 20k for a major anymore LUL
WHY IS 16k WATCHING A FCKING RERUN ? WTF LUL
PLEBS THINK PEANUT BRAIN CAN IGL LUL
almost up to 17k viewers, pretty low for an NA major LUL
@nebbystreams c9 wins 16 - 10 cache , 16-12 next map LUL
LG MAP PICK LG MAP PICK LUL
this chat is so fire Kappa
LG From Major Champions to exit Groups in tier 2 tournament LUL
I can't believe csgo is dead, only 16k viewers dont @ me FailFish
FALLING FOR CALLING THIS A MAJOR BAIT LUL
I didn't think pubg killed csgo, but only 16k viewers at a major FailFish
"GUYS THIS ISN'T A MAJOR, AND TWITCH CHAT IS FOR SERIOUS CONVERSATION ONLY" - BabyRage
MAJOR FINALS 16k VIEWERS SMH FeelsBadMan NotLikeThis
We're LG We good with pistols but thrash with rifles We're the shitty version of SK LUL
I didnt think pubg killed csgo, but only 15k viewers at a major FailFish
@Naumu no, the dance move is stupid. Dabbing is great. Kappa
tfw shroud more viewers than a major LUL
this is a MAJOR failure LUL
"I'm already 12 years old, I don't like dabbing and dabbing is childish:" BabyRage
only 15k viewers at this major FailFish
"Guys there's no major is just a regular event you guys suck" BabyRage
Great performance.......against a tier 2 NA team FailFish
FOR THE LAST TIME ITS A MAJOR @KalzzGG SwiftRage
IDIOTS THINK C9 CAN WIN AGAINST A TOP TEAM LIKE LG IN A MAJOR LULLUL IDIOTS THINK C9 CAN WIN AGAINST A TOP TEAM LIKE LG IN A MAJOR LUL
this dude is really named after an instrument cmonBruh
I'M @KalzzGG 4HHead I THINK THIS ISN'T A MAJOR 4Head
c9 can barley beat lg LUL
16-12 pls so -4.5 bettors lose LUL
BR VS ANY NA TEAM CHOKE CHOKE CHOKE 4Head
NO DROPS IN MAJOR? DEAD GAME LUL
its an open not a major LUL
LG at a major and SK isnt LUL
I didn't think pubg killed csgo, but only 17k viewers at a major jasonrCry FailFish
shroud more viewers than a major LUL
haHA this is a major Jebaited
I didn't think pubg killed csgo, but only 17k viewers at a major jasonrQ FailFish
Rush needs some chap stick LUL
C9 NEVER BEAT LG IN A MAJOR PogChamp
NA Major with 18k views LUL
people who think this is a major LUL
C9 needs a good IGL, like Josh "Steel" Nissan, then they could actually win majors SeemsGood
IDIOTS THINK C9 CAN WIN AGAINST A TOP TEAM LIKE LG IN A MAJOR t LUL
PEOPLE WHO ARE GETTING TRIGGERED BY ME LUL
18 K IN MAJOR FINALS? WutFace
WHEN SHROUD HAS MORE VIEWERS THEN A MAJOR LUL
ONLY 18K AND NOT "xD" SPAM PogChamp
NOT :tf: TROLLING :Ttf: IN 2012 LUL
THIS IS NOT A MOJOR FailFish
thinking LG could beat c9 lmfao LUL
C9 ACTUALY BEAT LG IN A MAJOR PogChamp
BR THOUGHT THEY HAD A CHANCE LUL
C9 struggling with tier 2 teams Kappa
C9 was better with ShrouD and n0thing Kappa
Clown 9 lokey savage diss LUL
looks like a G710+ to me LUL
It's my time to shine BibleThump
@PoopSak_ its your time to shine? Kappa
This song is pretty great LUL
16 K IN A MAJOR? WutFace
League 123k view, shroud4Head 25k views, CSGO MAJOR 17k views LUL
Shroud stream 26k, clown9 match 15k LUL
csgo less views than NA LCS NotLikeThis
2 WE WANT SHROUD BACK Kick Peanut Brain SMOrc
@jdallecio46 i have a mac LUL
18K VIEWERS FOR DREAMHACK MAJOR CSGO IS DEAD LUL
@daveygod I hope you're trolling LUL
1 18K VIEWERS IN A NA MAJOR CSGO IS DEAD EleGiggle
PEOPLE CALLING THIS A MAJOR EleGiggle
18k viewers in a major LUL
If csgo dead, then leave. bye HeyGuys
20k VIEWERS FOR A RERUN CSGO ALIVE PogChamp
rush in shrouds old spot BibleThump
ONLY 18k VIEWERS AT MAJOR FailFish
imagine having less views than NA LCS EleGiggle
@daveygod Dude, this is the third 2017 major. Go check Valve's website. you need to educate yourself more on majers duudddee LUL
NA PLAYING = NO MAJOR FailFish
shroudW more viewers than c9 SoBayed
21K VIEWERS FOR A MAJOR LUL
18K VIEWERS ON A MAJOR NOT A DEAD GAME LUL
NA SUCK AT ALL ESPORTS SoBayed
SHROUD MORE VIEWERS CS GO DEAD GAME WORST MAJOR LUL
shroud fans hitting puberty waiting room ResidentSleeper
plebs from NA saying youre idiots for saying its a major. Not realising theyre gettin jebaited FailFish
@Sledgered haha no sorry Dreamhack montreal is a major ESG isnt a major get your facts right ;)
More people watching shroud play PUBG LUL
JW VAC BANNED EU CS LUL
JW VAC WILL NOW ONLY PLAY KINGDOM HEARTS LUL
PUBG is gonna die like all battle royale games Kappa
shroud no team ? what the f*** dude :D
Shroud left before this game died (only 22k viewers) so fkin smart PogChamp
@Sledgered than better go to home if you dont know what you are watching ;)
Na> BR in everything except for crime 4Head
20k viewers in a MAJOR LUL
20k viewers at a major LUL
It is not a major FailFish
COD 4 WAS 10 YEARS AGO LUL
how can anyone lul at cod4? FailFish
He came from AVA not cod LUL
24K VIEWERS IN A NA MAJOR CSGO IS DEAD EleGiggle
20k VIEWS ON MAJOR CS IS DEAD LUL
best NA team has a chance against tier 2-3 of BR 4Head
alla som är svenskar här inne gå in och kolla på eaglehawktv han ger bort en rasta backpack vid 50 followers :)
zed because it's in canada chat FailFish
I LOVE THIS BRAZILLIAN SALT GIMME MORE Kappa
@GhOsTOGY dreamhack has really sound settings Kreygasm
IT'S NOT A MAJOR, NA IS PLAYING FailFish
@auhsmith i give em 2.5 weeks 4 Kappa
C9 wins this 16-6, it is not live FailFish
25k viewers in a major? RIP CSGO BibleThump
@Sledgered eleague is over for the night soo :)
wtf Luminosity? why did they kicked FalleN?? :(
M A J O R B A I T LUL
jesus christ what an epic retake . 4Head
all the way from ivy up middle through our connector SabaPing
CHELO AND NEKIZ 0 KILLS WutFace
NA SUCKS AT ALL ESPORST SoBayed
2 people with 0 kills EleGiggle
League 123k view, shroud 28k views, CSGO MAJOR 21k views LUL
one more "one more xD and im out " and im out FailFish
4 majors in one day LUL
📞 FAVELA? 📞 THIS IS C9 📞 QUE OTA? 📞 4Head
20k VIEWS ON A QUALIFIER CSGO IS ALIVE AND WELL LUL
ALL THESE PPL TRYING TO TRIGGER CHAT IS FUNNY LUL
📞 FAVELA? 📞 WHY SO QUIET 📞 4Head
Triple awp on an eco PogChamp
yel looking into the camera LUL
Sadokist is a good caster Kappa
Bot Nekiz and bot Chelo: 0 kills LUL
LG JEBAITED IMT OVERRATED SK ELIMINATED BRA71L EXASPERATED 4Head
NA CS = 0 MAJORS, SK/LG= 2 MAJORS LUL
how did SK do today ? ? ? LUL
Well it is CS -sided Kappa
EU MAJORS HOW MANY ? Kappa
SK 2-0 AGAINST LIQUID TODAY LUL
NA >>>> BR CONFIRMED TODAY AT 2 MAJORS PogChamp
JW VAC BANNED CHECK TRUMP WEBSITE PogChamp
2 people with 0 kills LUL
27k viewers in a major LUL
NA WIN BR AT MAJOR 2 TIMES TODAY LUL
I really dont think Autimatic should play Awp. Ska and Stew is the awpers with Ska as the main :D
omg same grill pls telephone tell me <3
haHAA calling events that arent majors majors is funny haHAA LUL
they should go for triple awp LUL
c9 28k viewer shroud 35 k LUL
only 30k viewers at a csgo major cs is dying FailFish
CS GO IS DIED BRO PUBGGG :p
Using NA as an adjective to describe something bad LUL
NA WIN BR AT MAJORS ? WutFace
30k viewers at a montreal event CSGO is ALIVE PogChamp
yo chat, why is dreamhack streaming c9 prac???? cmonBruh
NA WIN BR AT 2 MAJORS TODAY WHY THE HAVE 0 MAJORS WutFace
C9 28k viewers, shroud 35k LUL
This is not a major stew is banned from playing in majors FailFish
shit viewers for a major LUL
0 kills till the end BlessRNG
WHY SHROUD HAVE MORE VIEWERS THAN A MAJOR? WutFace
the coach is an invited player? LUL
chelo just shit on tarik LUL
!!!! CHELO GOT A KILL PogChamp
NEKIZ 0 KILLS AT HALF LUL
e: LG JEBAITED IMT OVERRATED SK ELIMINATED BRA71L EXASPERATED Jebaited
haHAA calling events that arent majors majors is funny haHAA i'm mentally disabled btw haHAA LUL
1 kill on round 15 LUL
mods - censoring twitch chat BrokeBack
LULMINOSITY TAKE MY ENERGY AT THIS MAJOR PogChamp
"important" and "open" don't go together LUL
3RD TIER TEAMS AT MAJOR DEAD GAME LUL
BR COMEBACK AT NA TEAMS AT MAJORS LETS BEGIN Kappa
NA MAJORS= 0 NA MAJORS= 0 NA MAJORS= 0 LUL
CHAT LET'S GET OUR ENERGY FOR NEKIZ !! PogChamp
16 - 13 BR COMEBACK AT MAJOR PogChamp
📞 FAVELA? 📞 WHY SO QUIET? 📞 . 4Head
NEKIZ TU NÃO VAI MATA UM NÃO? LUL
- TACO + ZQK SANTINHA PogChamp
I FEEL BAD FOR HIM 0-16 LUL
CAN'T EVEN GET AN ECO KILL LUL
@dansavagedyourmum Idk, I heard from twitch chat it was Kappa
Can I be pro? I can 0-16 too 4Head
I'm pretty sure a silver can do better than 0-16 Kappa
@notseans ayy at least he got 3 assists LUL
NEKIZ IS GONNA SAVE THIS ROUND AT MAJOR PogChamp
@kenopsf hes a team player Kappa
CAN'T WIN A GUN ROUND LUL
30K VIEWERS IN A NA MAJOR CSGO IS DEAD EleGiggle
shroud's PUBG streams have more viewers LUL
NEKIZ DIDNT DIE THIS ROUND PogChamp
I wonder if they'll make a "play like Nekiz on train" tutorial vid LUL
this is far from a major LUL
@SeveronCS im a c9 fan LUL
cloud 9 sponsored by ibp LUL
30 K AT MONTREAL MAJOR CSGO IS DEFINITILY ALIVE PogChamp
Only 30k at DreamHack ASTRO Open Montreal 2017 CSGO is dead BabyRage
Nekiz gave silvers hope that they can go pro PogChamp
Liquid beat SK now C9 wil beat LG LUL
Nekiz was a member of iBuyPower Kappa
C9 GOING TO MAJOR PLAYOFFS PogChamp
- SK - LG + IMT + KEYDSTARS WITH ZQK SANTINHA PogChamp
30k VIEWERS IN A MAJOR. RIP IN PIECES CS GO EleGiggle
Sk DEMOLISHED LG ABOLISHED BRAZIL IMPOVERISHED 123 Jebaited
C9 GONNA WIN A MAJOR???? PogChamp
ANYONE REMEMBER LUMINOSITY WON A MAJOR? MingLee
- LG + TEAM1 KAKAVEL IS A GOD Kreygasm
SHUT MURICAS , OUR 14 BIS >>> YOUR F-15 . Kappa
c9 ganna win a major without shroud PogChamp
NO KILL BUT WON THE ROUND LUL
NEKIZ SAVE THE ROUND WITH - KILLS PogChamp
NEKIZ GOD 0 KILLS GAMEPLAY PogChamp
SHUT UP MURICAS , OUR 14 BIS >>> YOUR F -15 Kappa
THE REAL CLUTCH GOD WITH 0 KILLS PogChamp
NEKIS going for pacifist achievement LUL
NEKIZ TIME TO BUY CHEATS BRO :(
HOW THIS GUY CAN CLUTCH WITH 0 KILLS IN A MAJOR ? WutFace
no kills whole map pls BlessRNG
CHELO SO GOOD ON CT Kreygasm
Nekiz Bhops better than he plays Kappa
ISSO QUE DA APRENDER NA GAMES ACADEMY . FailFish
0 kills whole map pls BlessRNG
NEKIZ CLUTCH WITH 0 KILLS AT THIS MAJOR PogChamp
0 kills whole game PLEASE GOD BlessRNG
nekiz doesn't want to hurt anyone BibleThump
I join the stream and it's all over :(
Lumi smothering Nekiz to deth BibleThump
31 K AT DREAM HACK CLUJ NAPOCA MAJOR PogChamp
it's OK nekiz is igl Kappa
NA > BRAZIL LIQUID > SK C9 > LUMINOSITY LUL
Not their best performances 019 LUL
NA WIN BR AT 2 MAJORS TODAY WutFace
Nekiz mvp of rhe match gave cloud9 the win BibleThump
SHUT UP MURICAS , OUR 14 BIS > > YOUR F -15 Kappa
Put me in for NEKIZ Kappa
he only wanted the fighting to stop BibleThump
@hipofficial there was a guy that had 0 frags ? LUL
AT LEAST IT WASNT 0-20 4Head
who got as many kills as nekiz??? / Kappa
📞 Hello Nekiz? 📞 LG Here. 📞 You're fired 4Head
Time to send Cloud9 home :)
-nekiz and luminosity couldve saved a plane ticket DansGame
📞 Hello Nekiz? 📞 LG here 📞 You're fired. 4Head
Never played cs before 0-19 LUL
@2Slow4Mebro Yeah they give him a full setup to stream from prison. pretty cool if you ask me PogChamp
RUSH IS A SMALL MAN LUL
📞 Hello Nekiz? 📞 LG here 📞 You're fired 4Head
"yes yes we are very proud of your spy Nekiz who did a great job" LUL
📞 HELLO LG? 📞 FAZE HERE 📞 HOW MUCH FOR NEKIZ? 📞 EleGiggle
HELLO NA ??? BR HERE WHAT ABOUT MAJORS ?? 4Head
4 players and bot MSL Kappa
valde and konfig are better than every c9 player EleGiggle
10 kills for 2 maps LUL
10 FRAGS IN 2 MAPS LUL
show kills on second map LUL
ANOTHER EZ FINAL FOR IMT LUL
N I P P L E S LUL
oJebaited LG JEBAITED IMT OVERRATED SK ELIMINATED BRAZIL EXASPERATED Jebaited
HELLO NA ??? BR HERE WHAT ABOUT MAJORS ??? 4Head
STAY AWAY FROM MY SISTER STUNNA BabyRage
Forgot his fingers at home 0-19 Jebaited
WHAT FUCK CLG ARE DOING AT SEMI FINALS ?? THEY ARE SOOOOOO TRASH ... DansGame
LG JEBAITED IMT OVERRATED SK ELIMINATED BRAZIL STILL 2 MAJORS WHILE NA 0 Jebaited
"Time to send Cloud9 home" - Nekiz 2017 LUL
I hate it when it rains on my keyboard LUL
PLAYING CS IN THE SHOWER LUL
hate it when i play outside in the hurricane and my keyboard stops working Kappa
haHAA haHAA haHAA haHAA haHAA LUL
@DracoHundredRounds Waching hentai in the shower Kappa
Owen here 📱 nekiz 19 monniQ Jebaited
wait a second... are valve releasing CSGO e-sport team player model skins? Is this foreshadowing? 4Head
LG JEBAITED IMT OVERRATED SK ELIMINATED BRAZIL EXASPERATED Jebaited\ Jebaited
c9 win or lose #goC9 <3
