HELLO EU? 📞 NA HERE 📞 TIME TO GO 4Head
4Head4Headspam this spam that thats right its twitch chat 4Head
spam this spam that thats right its twitch chat 4Head
Your all’s music is shit about as bad as commentary Kappa
2 PIZZA ROLES IN A ROW PogChamp
spam this spam that thats right its twitch chat d 4Head
My Belly is larger My brain has delay You guessed it right I'm from NA 4Head
SPAM THIS NOODLE TO HELP SKADOODLE lolol ska pastaThat
55K VIEWERS AT A CSGO MAJOR CSGO IS DEAD LUL
SPAM THIS NOODLE TO HELP SKADOODLE pastaThatž pastaThat
Kyrgson: SPAM THIS NOODLE TO HELP SKADOODLE lolol pastaThat
SPAM THIS NOODLE TO HELP SKADOODLE lo pastaThat
ITS 2.30 AM IN EU OF COURSE ONLY 55K LUL
NA Wins this $100,000 total prize pool Major Kreygasm
60k viewers in a major final dead game LUL
same copy pastas as always ResidentSleeper
FINAL MAJOR NO SERCURITY ON PCS HAX.INSTALLED -60K VIE­WERS CSGO IS ALREADY DEAD LUL
SPAM THIS NOODLE TO HELP SKADOODLE x pastaThat
@liamlama SPAM THIS NOODLE TO HELP SKADOODLE pastaThat
NA REMEMBER C9 VS FAZE LUL
2 viewers for a major final, dead game EleGiggle
EU TEAMS PLAYING ACTUAL TIER 1 TOURNAMENT TOMORROW NA FANS LUL
LULQUID TO GET TRASHED BY VEGA SQUADRON TOMORROW LUL
P250 NO ARMOR SAVE EU LUL
BIG TIER 5 TEAM NA IS A JOKE LUL
my teeth are yellow sometimes blue you guessed it righjt im from EU // 4Head
MY TEETH ARE YELLOW IT HURTS TO CHEW, YOU GUEZZSD IT RIGHT IM FROM EU CoolStoryBob
my teeth are yellow sometimes blue you guessed it righjt im from EU / 4Head
FINAL MAJOR NO SERCURITY ON PCS HAX.INSTALLED 60K VIEWERS CSGO IS ALREADY DEAD LUL
SPAM THIS MUSH TO HELP RUSH x BrainSlug
@crazehsmile I’m latino just want to bait some NA scum LUL
`SPAM THIS MUSH TO HELP RUSH BrainSlug
EU EU EU EU EU EU LUL
FINAL MAJOR NO SERCURITY ON PCS HAX.INSTALLED 6­0K VIEWERS CSGO IS ALREADY DEAD LUL
DAVID YOU SUCK AT CS LUL
IT"S GG, G TO THE G, GOOD BYE B.I.G LUL
on 60k views on major LUL
NA WINNING A TIER 2 TOURNEY , THE ONLY THING THEY CAN WIN EleGiggle
SPAM THIS MUSH TO HELP RUSH a BrainSlug
📞 STOP CALLING THIS NUMBER 📞 DansGame
this reminds me of WW-II Kappa
EU EU EU EU EU EU EU LUL
BIG? Abuse? No, they would never 4Head
SPAM THIS ROBOMATIC TO HELP AUTOMATIC MrDestructoid
WHAT MORE VAN I DO LUL
hey EU why so quiet? :thinking: hey EU why so quiet? :thinking: hey EU why so quiet? :thinking: . 4Head
SPAM THIS TO HELP BIG TriHard
hey EU why so quiet? :thinking: . 4Head
NUTTS TO BUTTS, ATOMIC BOMBS LUL
too soon my dude c9 has two japanese Kappa
>Happy for winning to a tier 3 EU team LUL
SPAM THIS MONK EE TO HELP GOB B 1 TriHard
SPAM THIS DORITO TO HELP TARIK DoritosChip
@nunz1o making quarterfinals major = tier 3 EU? LUL
STFU CHAT 😡 NUKES GAVE US ANIME VoHiYo
hey EU why so quiet? :thinking: .. 4Head
my teeth are yellow i smell like poo you guessed it right im from EU linnerFire7: 📞 HELLO NA? 📞 EU HERE 📞 MAJORS ? 📞 4Head
hey EU why so quiet? :thinking: hey EU why so quiet? :thinking: .. 4Head
Which country is better at a game LUL
SPAM THIS RHYME TO HELP Kapp C9 Kappa
sOmEThinGgh: SPAM THIS NOODLE TO HELP SKADOODLE pastaThat
SPAM THIS NOODLE TO HELP SKADOODLE pastaThat\ pastaThat
SPAM THIS NOODLE TO HELP SKADOODLE pastaThat/ pastaThat
hey EU why so quiet? :thinking: hey EU why so quiet? :thinking: ,, 4Head
@SUCK MY NOODLE TO HELP SKADOODLE pastaThat
WE ARE C9 WE LIKE TO STREAM WINNING A MAJOR? ONLY A DREAM 4Head
Spam this if you betted your house Mau5
FU r9kek SPAM THIS NOODLE TO HELP SKADOODLE pastaThat
200 IQ PLAY BIG PAUSE PogChamp
NA feel so proud beating a tier 2 team. How about major titles NA? EleGiggle
SPAM THIS NOODLE TO HELP SKADOODLE 11 pastaThat
spam this dad to help skadad lololololol BloodTrail
TIER 1 TEAMS ACTUALLY PLAYING 500k TOURNAMENT TOMORROW. ENJOY UR TIER 4 TRASH LUL
halo stage more hype than us LUL
*FrankerZ SPAM THIS MASTIYA TO HELP LEGIJA FrankerZ
FAKE CROWD 60k VIEWERS DEAD GAME LUL
valens isn't coaching, c9 wins grandfinals at major tourney LUL
Spam This THI C C C Guy To Help BIG OpieOP
TIER 1 TEAMS ACTUALLY PLAYING 500k TOURNAMENT TOMORROW. ENJOY UR TIER 4 NA TRASH LUL
spam this dad to help skadad xdxdxd BloodTrail
my teeth are yellow sometimes blue you guessed it righjt 1m from EU 4Head
TIER 1 TEAMS PLAYING 500k TOURNAMENT TOMORROW. ENJOY UR TIER 4 TRASH LUL
Stewies Parents: "We told you to become a DOCTOR!!!!!" MingLee
Have fun at epicenter C9 Oh wait 4Head
proud NA Crowd winning vs shitty EU team LUL
when a Halo match is louder than us Dead Game HALO BETTER THAN US LUL
SPAM THIS WEEB TO HELP KEEV VoHiYo
RIP CSGO PUBG BEST GAME LUL
what happens when the haters dab back? LUL
< / DAB ON DEM H8ERS Kappa
is gg guys , just look at big team LUL
📞 HELLO NA? 📞 EU HERE 📞 MAJORS ? 📞 4He ad 4Head
csgo has more viewers than pubg PogChamp
KEEV Used to be Fit Happened WutFace
JUST BUY A MAJOR LOOOL 4Head
ONLY 66K VIEWERS IN CSGO FINAL GAME IS DEAD LUL
Why does he look so unhappy :(
skadaddy will sleep, when u need him to carry wake him up Kreygasm
@DarkKlagSon EU CS EU CS EU CS EU CS ResidentSleeper
GOB B: T1 NA realy? LUL
EU CS EU CS EU CS EU CS ResidentSleeper
Launders is not even Muslim. He's Indian FailFish
SPAM OhMyDogTHIS DOGGO OhMyDogTO OhMyDogHELP OhMyDogCSGO OhMyDog
? SPAM THIS TEAR TO GET EU OUTTA HERE . BibleThump
EU CS EU CS EU CS EU CS EU CS EU CS EU CS ResidentSleeper
SPAM THIS DOGGO TO HELP CS GO OhMyDog
NA this EU that but just remember... that BR is worst LUL
SPAM THIS TEAR TO GET EU OUTTA HERE . 🤔 BibleThump
Bark away the tech issue OhMyDog
Bark away the tech issue OhMyDog8:43 brdyXD: <message deleted> OhMyDog
EU PLAYING REAL TOURNEY TOMOROW NOT THIS T2 THING LUL
EU CS EU CS EU CS EU CS EU CS EU CS ResidentSleeper
haha tarik is so funny :p
SPAM THIS NOODLE TO HELP SKADOODLE cx pastaThat
NA proud winning vs shitty EU Team LUL
STEW AWP SKA RIFLE WUT LUL
SPAM THIS NOODLE TO HELP autimatic pastaThat
Twitch Prime xfac70r: SPAM THIS DORITO TO HELP THE 16-0 DoritosChip
lose 5 rounds buy 3 awps CSGO LUL
EU CS EU CS EU CS EU CS BrokeBack
SPAM THIS NOODLE TO HELP SKADOODLE pastaThat.. pastaThat
C9 you won 100k tournament Now win major hahahahahh never LUL
SPAM THIS NOODLE TO HELP SKADOODLE pastaThat......... pastaThat
SPAM THIS DOODLE TO HELP SKADOODLE CurseLit
SPAM THIS TO HELP NA VoteNay
BIG with no BUG haHAA LUL
SPAM THIS FGT TO HELP AUTIMATIC KappaPride
Cloud10 = Hiko + simple + bot + bot + bot ftw LUL
the eu spam is gone EleGiggle
Spam this mouz if you betted your house Mau5
ASSUMING DH ONLY HAVE CS LUL
THIS GAME IS SO DEAD THAT THE CROWD IS WATCHING ANOTHER GAME NICE MAJOR LUL
THEY'RE DOING THE WAVE CHAT FailFish
THIS GAME IS SO DEAD THAT THE CROWD IS WATCHING ANOTHER GAME NICE MAJOR - LUL
USE THIS SPAM TO HELP THE FAM X SwiftRage
SEND HIM TO HELP TIM WutFace
SPAM THIS NOODLE TO HELP SKADOODLE / / pastaThat
Dreamhacks 2k18 = Hiko in Fnatic instead of Olof LUL
Making my way downtown, driving fast Jebaited
BRA7IL SK GAMING FERBOT TOP1 LUL
Every 60 seconds in Brazil Germany scores a goal Together we can stop this Spread the word LUL
SPAM THIS BACK FOR THE COMEBACK . TriHard
Semphis got kicked from C9 PogChamp
WHERE IS SWAG HE BANNED AGAIN IDIOT?>? LOL CoolCat
SPAM THIS NOODLE TO HELP SKADOODLE . . pastaThat
1 SPAM THIS TO HELP RYAN HIGA TriHard
Big is tier 10 team EU LUL
SWAG GOT BANNED? WHERE IS SWAG?? BANNED LOL CoolCat
SPAM THIS NOODLE TO HELP SKADOODLE / pastaThat
I have never herad big team. who is? CoolCat
SO MANY PEOPLE WEARING GLASSES LUL
67k viewers and no spam? .... Kappa
EVEN VP WON AGAINST NA LUL
WHY DO NA CROWDS SUCK WutFace
Major Legends can't beat #2 NA LUL
MOOOOM people are having fun in the crowd waaaahhhh BabyRage
clout 9KevinTurtle clout9 clout9 clout9 KevinTurtle
67k viewers and no spam ? ... Kappa
LAUNDERS IS SUCH A MEMER LUL
SPAM THIS MUSH TO HELP OUT RUSH BrainSlug
67k viewers in major final dead game LUL
SPAM THIS BRUH TO HELP LEGIJA cmonBruh
SHIT IT CS TEETH YELLOW LIKE EGG YOLKS YOU GUESSED IT WE'RE EU FOLKS LUL
GOB B CHET? I THINK SO LOL!!! CoolCat
SPAM THIS NOODLE TO HELP SKADOODLE . . . . pastaThat
shroudC9 shroudC9 shroudC9 shroudC9 shroudC9 PogChamp
lmao c9 just rush a and they lose instantly LUL
EU CS EU CS EU CS EU CS EU CS EU CS EU CS EleGiggle
NA WINNING TIER 3 TOURNAMENT LUL
EU HAVE NO CHANCE TO WIN NA CS LUL
THIS FINAL IS VERY BORING ResidentSleeper
VIEWERSHIP IS LOW NOW BCUZ BIG FAN LEAVING LUL
SPAM THIS VOHIYO TO HELP THE ASIAN DUO VoHiYo
CANT CHEAT ON VAC SECURED SERVERS LUL
why is EU so bad? EleGiggle
THAT HAPPENS EVERY GAME IN MM LUL
SPAM THIS NOODLE TO HELP SKADOODLE Twitch Prime pastaThat
C9 are pub stomping them EleGiggle
TARIK "RUSH A EVERY ROUND" LUL
EU WHERE ARE YOU ?? LUL
60k viewers on a major dead game LUL
NA STRAT NA STRAT NA STRAT NA STRAT PogChamp
WHEN EU THINK THEYRE good AT CS LUL
C9 GO PLAY IN MAJOR QUALS PLS LUL
LMAO NA HAPPY BECAUSE THEY BEAT BIG B I G LUL
67000 viewers in major final LUL
@SweatyClackers SPAM THIS NOODLE TO HELP SKADOODLE pastaThat
NA winning minors, but cheering as if its's major LUL
THIS TO LAUGH AT EU . LUL
BIG JUST PLAY INFERNO WITH BUG 4Head
T2 EU TEAM BEAT FAZE U WONT LUL
SPAM BrainSlugTHIS BrainSlugMUSH BrainSlugTO BrainSlugHELP BrainSlugRUSH BrainSlug
c9 smurfing EU major legends LMAO LUL
SPAM THIS TO LAUGH AT EU . LUL
SPAM THIS TO LAUGH AT EU x LUL
ASIANS AND TURKS NA BTW LUL
NA's best team barely beats EU's 8th best team and think they are good SeemsGood
THIS TO LAUGH AT EU LUL
SPAM THIS TO LAUGH AT EU ..f LUL
@sweatyClackers SPAM THIS NOODLE TO HELP SKADOODLE 2 pastaThat
Major Final only 68k viewers, CS IS DEAD BibleThump
HAVE TO USE ENGLISH CAUSE EU IS SHIT LUL
The plant doesnt matter, they have infinite money chat FailFish
NAs FIRST WIN AGAINST EU . 4Head
they have money silver chat ResidentSleeper
C M B A C K Kreygasm
C( had plenty of money, he wanted to drop a gun, 200IQ SeemsGood
SMART By stewie. BIG has low money :)
Tier 2 EU same level than tier 1 USA LUL
SPAM THIS TO LAUGH AT EU LUL. LUL
TRUMP Starting Racist war TRUMP Starting Racist war LUL
T1 NA FINALLY BEATS A T2 EU TEAM 4Head
Losing to C9 in 2017 FailFish
wow beating t3 EU teams PogChamp
CLOWN9 WINNING TIER 3 TOURNAMENT LUL
SPAM THIS MEME TO HELP YOUR FAVORITE TEAM :)
SPAM THIS NOODLE TO HELP SKADOODLE ., pastaThat
HOW IS MOVING SO FAST WutFace
YES NA HAS ASIANS BUT NO MAJORS LUL
Being named Ian in 2017 DansGame
NA team does not have any KKona LUL
I LIKE TO HAVE CONSENSUAL INTERCOURSE WITH MY MALE FRIENDS OhMyDog
LEZ GO C9. FAK THESE KIDS DatSheffy
SAW U AT EPICENTER NA... OH WAIT LUL
NA THIS EU THAT IM A BABY IN TWITCH CHAT BabyRage
any else spot the cute ? KappaPride
LULI AM FROM EU LULMY TEETH ARE BRIGHT YELLOW LULI LIKE MY SISTER LULAND MY VOICE IS MELLOW LUL
Big=No Good without jump bug LUL
BUG MAJOR LEGENDS BUG MAJOR LEGENDS LUL
@dapr tier 20 na player PogChamp
@phluffyhead haHAA are u from murica? OpieOP
EU? EU? EU? EU? EU? EU? EU? SoBayed
I LIKE TO LOOK AT DUST MOURET WHERE IS DUST OhMyDog
L E T S GO PogChamp
LOW VIEWER COUNT ASK SHROUD TO HOST LUL
I don't want to Hype too much but C9 BEST TEAM IN THE WORLD Kreygasm
NA HYPING OVER BIG SO DESPERATE LUL
SPAM THIS GOOEY TO HELP STEWIE a BrainSlug
wanna hear a joke? EU 4Head
SPAM THIS GOOEY TO HELP STEWIE sda BrainSlug
SPAM THIS GOOEY TO HELP STEWIE quet BrainSlug
NA HYPINg OVER BIG DESPERATE LUL
EU GOT 3 ROUNDS EU GOT 3 ROUNDS EU GOT 3 ROUNDS EU GOT 3 ROUNDS PogChamp
TABSEN BACKWARDS IS NESBAT OMG WOEW OhMyDog
MAJOR LEGENDS LOSING TO NA TEAM WHO WASNT EVEN IN THE MAJOR LUL
tier 1 na beating tier 3 eu PogChamp
Trump made NA great again KKona 7 PogChamp
T1 TOURNEY TOMOROW GUESS WHAT NA NOT QUALIFIED LUL
SENDE DIESE KATZEN FÜR 10 FRAGS VON TABSEN CoolCat
What is up with stewies monitor Jebaited
SPAM SKADOOLE IF YOU LOVE THE DOODLE pastaThat
SPAM THIS TO LAUGH AT EU Twitch Prime LUL
TABSEN BACKWARDS IS NESBAT BACKWARDS IS OhMyDog
CANT WAIT TO SEE BIG COMEBACK Kappa
EU EU EU EU EU EU EU EU EU EU EU EU EU LUL
TIER 20 tournament usa win :D
WHERE IS EU????? WHERE IS EU????? WHERE IS EU????? WHERE IS EU????? WHERE IS EU????? WHERE IS EU????? 4Head
Finally a First place after ... ages 4Head
EU BAD EU MAD EU SAD LUL
HELLO EU? NA HERE Y SO QUIET? 4Head
USA USA Lets GO C9 WE BEAT A TIER 20 team!!! PogChamp
3 CANADIANS IN TEAM BUT CHANT IS USA LUL
HELLO EU? NA HERE WHY SO QUIET? 4Head
NA think they're special beating Tier 3 EU teams LUL
If Tim wasn't Asian he woulda saw hiim Kappa
Spam This Japa To Help Stew . NotATK
GUY CLAPPING WITH HIS LEGS LUL
COMEBACK COMEBACK COMEBACK COMEBACK COMEBACK LUL
its gonna be a long game LUL
SPAM THIS IF YOU LOVE LANDERS CASTING <3
OT OT OT OT OT LUL
SPAM THIS IF YOU LOVE LANDERS CASTING <3. <3
winning t4 tournament against t3 EU teams 4Head
proud NA crowd because winning vs shitty EU team LUL
SPAM THIS IF YOU LOVE LANDERS CASTING <3.. <3
NA TO WIN A MAJOR NA TO WIN A MAJOR EleGiggle
SPAM THIS IF YOU LOVE LANDERS CASTING <3... <3
Na Choke = 15 - 4 LUL
Dreamhack 70k Viewers. Shroud 51k Viewers SeemsGood
EU thinking c9 will choke this LUL
NAVI WILL WIN EPICENTER, O WAIT LUL
SPAM THIS NOODLE pastaThatpastaThat TO HELP SKADOODLE pastaThat
AT LEAST SHROUD IS CASTING Kappa
70k viewers CSGO MAJOR FINALS LUL
BibleThumpBibleThump SPAM THIS TEAR TO GET EU OUTTA HERE . BibleThump
I wish Germans tried this hard to save their country. EleGiggle
NA WINNING A MAJOR TOURNAMENT PogChamp
EU????? EU????? EU????? EU????? EU????? EU????? SoBayed
NA would still be owned by natives without EU LuL Your welcome 4Head
NA MAJORS NA MAJORS NA MAJORS LUL
ÀSPAM THIS TO LAUGH AT EU LUL
WE FINALLY WON T2 TOURNEY PogChamp
c9 beat tier 3 eu PogChamp
EU CS EU CS LUL- LUL
CLOUD) WON AGAINST SECOND CLASS CS TEAMS LUL
YEAAAAHHHHHHHHHHH NA GOOD BYE EU LUL
too bad NA couldn't win a real tournament LUL
C9 only wins the tournies where there are no good teams LUL
Hello EU? NA here? Why so easy?? 4Head
EU? EU? EU? EU? EU? EU? EU? EU? SoBayed
finally they won a t3 tournament Kappa
HYPED AF FOR A TIER 2 TOURNAMENT NA CS LUL
SPAM THIS TO LAUGH AT EU LULÀ LUL
NA won a tier 3 tourny wohooo Kappa
-LUL EU CS EU CS LUL
EU Bet On NA Everybody Wins LUL
n u t t z Kreygasm
HYPED AF FOR A TIER 2 TOURNAMENT LUL
they won a major guys BibleThump
UK ACCENT IN USA?? UK ACCENT IN USA?? UK ACCENT IN USA?? UK ACCENT IN USA?? RuleFive
GUYS WHERE IS SHROUD ? BibleThump
TIM IS SO GROWN UP BibleThump
EU CS EU CS = LUL
lol na wins tier 3 sure but EU = TIER 1 <3
TIER 3 EU VS TIER 1 NA Kappa
BEST NA TEAM WON TIER 3 TOURNAMENT .. LUL
NA Won WWII and DH Denver Get Rekt Keepo
WHY IS EU SO QUITE? EleGiggle
Spam This Noodle To Help Skadoodle pastaThat
@milan1864 ur an idiot all the teams are decent LUL
EU Still Waiting For The Comeback LUL
WHEN YOU SPEND TIME WATCHING C9 JUST TO TALK CRAP LUL
see ya next major na HeyGuys
WE FINALLY WON T2 TOURNEY?? PogChamp
Are you supposed to lose in low tier tourneys then? EleGiggle
Twitch PrimeMoreontop: Spam This Noodle To Help Skadoodle pastaThat
Legija is a support player, not a fragger FailFish
NA WINS NEXT MAJOR OH WAIT LUL
CSGO MAJOR FINALS 70k VIEWERS LUL
NA CS VS TIER 1 EU TEAMS NA CS VS TIER 1 EU TEAMS NA CS VS TIER 1 EU TEAMS LUL
they still have smaller paycheck than shroud Kappa
EU gets so salty when NA gets 1. Lmao EleGiggle
LIQUID? c9 all the way baby! LUL
online liquid better LAN c9 better :)
WHERES YOUR MAJOR TOURNAMENT WIN NA? LUL
EU CANT WIN TIER 3 LUL
why is Europe so mad? UnSane
WE FINALLY WON A T2 TOURNEY?? PogChamp
WHERES YOUR MAJOR TOURNAMENT WIN NA? ONLY TIER 3 TOURNAMENTS . LUL
IT WAS SO CLOSE TO MOUZ 2:0 but they choked BibleThump
Hazed hinting he wants to analyze for dh winter LUL
@Tobatha_Gaming WE HAVE ENVYUS FOR THAT LUL
T1 TOURNEY TOMOROW GUESS WHAT NO NA TEAM LUL
great cast, great games , bye bye guys BibleThump
@SlowPT alot from EU aren't EleGiggle
HLTV BETTER GOT C9 #1 AFTER THIS BibleThump
IAN IS THE PROBLEM SOLVER FAK VALENS PogChamp
@phluffyhead true facts stay bad LUL
NA = 0 MAJORS . LUL
EU Can't even win t3 tourney EleGiggle
But there was no good EU teams? :)
C9 WON THE DREAMHACK MAJOR OhMyDog
WHEN MOUZ WAS THE BETTER EU TEAM LUL
@excedra1321 never a fun game LUL
do you people have nothing better to do than haHAA 'ing at a rick and morty commercial LUL
EU? EU? EU? EU? @wyre75 SoBayed
C9 better than Faze Huge Kappa
@wyre75 EU? EU? EU? EU? EU? EU? EU? EU? EU? EU? EU? EU? SoBayed
36k viewers watching a rerun PogChamp
EU ONLY 1 MAJOR WIN IN LAST 4 LUL
C9 won Esl pro league major in Brazil LUL
Dreamhack made tournaments so NA could win something too LUL
nt eu it was a valiant attempt LUL
@itzShadowfox663 Dreamhack made tournaments so NA could win something too LUL
EU Still Waiting For Comeback LUL
@corrblimey u won im on phone LUL
