Major Final 29k viewers, CS IS DEAD BibleThump
Moin an alle deutschen die so geistlos sind und extra wach bleiben :)
CSGO IS DYING FeelsBadMan PLEASE VALVE BibleThump
Major Final 32k viewers, CS IS DEAD BibleThump
that was beautiful pala is amazing <3
no interest to watch major LUL
You have bad sense of humour if you think cringe humour is funny LUL
cmon guys its not the major..and shroud is a that says csgo is dead cos he got benched... BabyRage
MAJOR with only 34k viewers LUL
SHROUD 56k VIEWERS GRAND FINALS 34k LUL
PEOPLE SAYING THAT GAME IS DEAD WHEN MATCH HASNT EVEN STARTED 2 LUL
123 SPAM THIS DOGGY TO HELP GOB B CorgiDerp
GOOD PERFOMANCE STRUGGLE VS T3 EU LUL
CLG LOSING WITH A CHEATER LUL
GRAND FINALS , BO3 NOT BO5 LUL
when its 01:04 and yoy have to get iut your bed 7:00 but you want to watch the final TriHard
BIG? More like NOT BIG LUL
SHOULD BE ASLEEP BUT IM IN THIS DEEP LUL
SHROUD MORE VIEWERS THAN MAJOR FINAL LUL
cloud9 has no style iits NA cs.....if i watch c9 demo there is no deep tactic :D
IF I WRITE LULLIKE THIS EVERYONE IS GONNA READ ME LULLUL READ ME LUL
CD IN 2017 INSTEAD OF OVERWATCH LUL
bo3 or bo5? EU Non Friendly LUL
Guys tape this SPAM THIS NOODLE TO HELP SKADOODLE pastaThat
T1 NA VS T2 EU FINAL SO HYPED ResidentSleeper
30k views CS in 2017 LUL
IF I WRITE LIKE THIS EVERYONE IS GONNA READ ME LULLUL READ ME LUL
= DreamHack CS (NO SPACE) ResidentSleeper
SPAM THIS NOODLE TO HELP SKA DOODLE pastaThat
if this was a major LUL
SPAN THIS NOODLE TO HELP SKADOODLE pastaThat
C9 can only win Tier 2 tournament LUL
saying its a major dead meme LUL
HEY DREAMHACK VALVE HERE LAST MAJOR 4Head
7 SPAM THIS JEW TO HELP STEW NotATK
90k at a major final cs is dead :Z :(
SPAM THIS NOODLE TO HELP ASIANDUDLE pastaThat
REFERENCE TWITCH CHAT MEMES ANNOYED BY EMOTES GUESS I SHOULD I LEAVE TWITCH CAUSE IM A BI CH LUL
NO JUMP BOOST NO WIN FOR BIG 4Head
NA SHIT CASTERS HAZED IS NOT THE WEIRD ONE BTW KAPPA LUL
I like to write between every word LUL
HAZED WITH THE EU TEETH LUL
SHROUD 58K VIEWERS > DREAMHACK 39K VIEWERS LUL
ONLY 39K PPL WATCHING A MAJOR LUL
dont be toxic you pricks just enjoy the match no Kappa
Hearthstone stream has more viewers :(
34k for a major final lmao ResidentSleeper
: THIS NOODLE TO HELP SKADOODLE pastaThat, pastaThat
shroud more views than c9 BibleThump
$500 bet on c9. ez skins PogChamp
NOT BETTING WITH BITCOIN IN 2017 LUL
SHROUD PLAYING KID GAME BECAUSE HE WAS TO BAD FOR CS LUL
@Nightmares1 YOU crazy man . 4Head
shrimp 50 k c9 32 k LUL
GET EXTATIC TO HELP AUTIMATIC PogChamp
SHROUD 58k VIEWERS DREAMHACK 40k LUL
Major final 40k viewers, CS IS DEAD BibleThump
C9 IN A MAJOR FINAL PogChamp
NA THIS EU THAT I'M A 12 YEAR OLD IN TWITCH CHAT ResidentSleeper
SPAM GEORGE BUSH TO HELP RUSH PogChamp
16-5 c9 first map. I'm from the futute. you're welcome :)
EU IS FATTER THAN NA LUL
DEAD GAME ONLY 42K VIEWERS ON A MAJOR Kappa
: THIS NOODLE TO HELP SKADOODLE . pastaThat
SPAM THIS NOODLE TO ppastaThat HELP SKADOODLE pastaThat
SPAM THIS TO HELP TARIK GET SOME KILLS SabaPing
SPAM THIS NOODLE TO HELP SKADOODLE pastaThat0 pastaThat
holic: monkaS MODS PLS monkaSTwitch PrimeDalso__: SPAM THIS NOODLE pastaThat
SPAM THIS NOODLE TO HELP SKADOODLE. pastaThat
SPAM THIS NOODLE TO HELP SKADOODLE shroudC9 pastaThat
My fur is soft My breath is smelly I stole your food Now run my belIy OhMyDog
SPAM THIS NOODLE TO HELP SKADOODLE pastaThat4 pastaThat
SPAM To HELP GOB B Keepo
SPAM THIS NOODLE TO HELP SKADOODLE 1 pastaThat
SPAM THIS CHEESE TO HELP KEEV safag StinkyCheese
SPAM THIS CHEESE TO HELP KEEV drfjjf StinkyCheese
SPAM TO HELP GOB B Keepo
GO BIG OR GO HOME CurseLit
SPAM KEEPOKeepo To HELP GOB B Keepo
SPAM KEEPO To HELP GOB B Keepo
I just wanna see NA LOSE LUL
MY BELLY'S HUGE. MY BRAIN HAS DELAY. YOU GUESSED IT RIGHT. I'M FROM NA.1 LUL
SPAN THIS TO Help Spacca Kappa
SPAM THIS CHEESE TO HELP KEEV KEEV MVP StinkyCheese
SPAM THIS TO HELP OUT BIG . TriHard
SHROUD MORE VIEWERS THAN FINAL LUL
where are the real cast Kappa
SPAM THIS CHEESE TO HELP KEEV KEEV GOD StinkyCheese
MY BELLY'S HUGE. MY BRAIN HAS DELAY. YOU GUESSED IT RIGHT. I'M FROM NA.2 LUL
HAZED IS SUCH A HOT MAN LUL
DUST WOULD BE A GREAT CLWON, LIKE TIM CURRY? Kappa
1 SPAM THIS NOODLE TO HELP SKADOODLE pastaThat
DUSTIN THE CASTER LOOKS LIKE TIM CURRY FROM IT PogChamp
PAM THIS NOODLE TO HELP SKADOODLE ! pastaThat
SPAM THIS TUNA FOR MORE FORTUNA SabaPingä SabaPing
SPAM MING LEE TO HELP GOB B MingLee
SPAM THIS NOODLE TO HELP SKADOODLE t pastaThat
SPAM THIS TO HELP SKADOODLE Kappu
BIG SPAMMING DOESN'T EVEN RHYME LUL
SPAM pastaThatpastaThat THIS NOODLE TO HELP pastaThatpastaThat SKADOODLE pastaThat
When the casters bait the entire chat LUL
SPAM THIS DORITO TO HELP TARIK DESPACITO DoritosChip
SPAM THIS NOODLE TO HELP SKADOODLE z pastaThat
4HeadLITERALLY 4HeadPUT 4HeadANYTHING 4HeadBETWEEN 4HeadEMOTES 4HeadAND 4HeadTWITCH 4HeadCHAT 4HeadWILL 4HeadCOPYPASTA IT 4Head
SPAM THIS NOODLE TO HELP SKADOODLE w pastaThat
spam to help Stewie Lee spam to help Stewie Lee MingLee
SKADOODLE pastaThatSPAM THIS NOODLE TO HELP SKADOODLE pastaThat
SPAM THIS CHEESE TO HELP StinkyCheese
pro casters trying to hide their bias LUL
cloud 9 win first 2 and big wins last map Kappa
SPAM THIS NOODLE TO HELP SKAD0ODLE pastaThat
SPAM THIS MESSAGE TO GET MORE VIEWERS copyThis
ONE MORE NOODLE AND IM OUT Kappa
SPAM THIS NOO0LE TO HELP SKADOODLE pastaThat
tarik and stews awp on cache gachiGASM Kreygasm
SPAM THIS NOODLE TO HELP SKADOODLE f pastaThat
SPAM THIS NOODLE TO HELP KEEV pastaThat
SPAM THIS NOODLE TO HELP SKADOODLE\ pastaThat
Oh all NA casters and analysts think cloud9 wins, not biased at all LUL
SPAM THIS DORITO TO HELP TARIK . DoritosChip
VSPAM VOHIYO TO HELP THE ASIAN DUO VoHiYo
SPAM THIS NOO0LE TO HELP SKADODLE pastaThat
SPAM THIS DORITO TO HELP TARIK .. DoritosChip
DIESER CHAT IST JETZT DEUTSCH 4Head
SPAM THIS DORITO TO HELP TARIK ... DoritosChip
spam trihex to help Nex TriHard
TIME TO LOSE AN ECO PogChamp
STEWIE2K: "[OTHER TEAMS] SHOULD BE AFRAID OF US" LUL
SPAM THIS NOODLE TO HELP SKADOODLE s pastaThat
C9 going to lose after pistol LUL
T1 NA VS T2 EU FINAL ResidentSleeper
SPAM THIS DU TO TO HELP OUT STEW . duDudu
big fans saying eco frags LUL
SPAM THIS PLUSH TO HELP RUSH BloodTrail
haHAA 1g haHAA 1g haHAA 1g haHAA EleGiggle
chat lets talk about the gameplay BabyRage
SPAM THIS STEVE TO HELP KEEV PunchTree PunchTrees
GOB B BEST MOLLY MOLOTOV panicBasket
haHAA 1g haHAA 1g haHAA 1g haHAA 4Head
SPAM THIS STEVE TO HELP KEEV / PunchTrees
SPAM THIS CAT FOR STEW AND TIM DxCat
HE IS A SPEED DEMON PogChamp
SPAM THIS TUNA FOR GOOD FORTUNA . SabaPing
HE LOOKED ME IN THE YES KappaPride
if he gets the player running to highway maybe LUL
50 K FOR A MAJOR LUL
BIG WORST THEN CLEVELAND BROWNS LUL
people think cs is dead but don't understand that these are 2 horrible teams LUL
@rhonie33 pretending to be russian... he should get a life what an idiot LUL
SPAM THIS NOODLE TO HELP SKADOODLE SPAM THIS NOODLE TO pastaThat
didnt they go B 1st round? NA caster FailFish
BLU CASTING IN A FINAL NICE MAJOR LUL
BOT B throwing for skins 4Head
C9 CHEATS MORE THEN TOM BRADY LUL
SPAM THIS HEART REMEMBERING SHROUD <3
STEW IS MA FAKIN SON <3
EU IS BIG BUT NA IS BIGGER OpieOP
NA NO THROW BIG TROPHY WELL HOLD GivePLZ
GAS A JWE TO HELP STWE ANELE
SPAM THIS TO HELP AUTIMATIK TriHard
SPAM THIS NOODLE TO HELP SKADOODLE pastaThatArthurLincolnNM: q ota pastaThat
NA NO THROW BIG TROPHY WELL HOLD . GivePLZ
SPAM THIS DORITO TO HELP TARIK @Isariuz DoritosChip
Botimatic is having an off day :(
@dapr COME TO REDDIT REDDIT LOVE YOU BRO BIG FAN FROM REDDIt <3
SPAM AND BlaugNaut FOR LAUNDERS AND BLU ANELE
big is trash theyre losing LUL
they keep buying scout wtf man NotLikeThis
gob b should go b Kappa
spam this to help BIG TriHard
IM PATRIOTIC AS FUCK BUT MY PRESIDENT LOOKS LIKE A DUCK WHAT THE FUCK 4Head
SPAM THIS NOODLE TO HELP SK pastaThat
SPAM THIS STEVE TO HELP KEEV !!! PunchTrees
NA fans excited for a top 2 NA team to beat a top 14 EU team EleGiggle
SPAM THIS NOODLE TO HELP SCADADDY pastaThat
SPAM THIS NOODLE TO HELP SKADOODLE ttt pastaThat
SPAM THIS IF YOU DRINK BURBOUN ANELE
SPAM THIS NOODLE TO HELP SKADOODLE pastaT pastaThat
SPAM THIS STEVE TO HELP KEEV !!!! PunchTrees
these casters are so Biased EleGiggle
@TheLeonardNimoy who fucking care man SPAM THIS DORITO TO HELP TARIK DoritosChip
SPAM OR LEAVE SPAM FOR KEEV EleGiggle
NA SPAM NA SPAM NA SPAM LUL
EZ FOR BIG CLOWN 9 IS GONNA GO HOME EleGiggle
SPAM THIS KAPPA TO HELP BIG PAPA KappaPride
NA team = lean and fit, EU team = Big and obese LUL
DIESES FINALE IST JETZT EZ WIN DatSheffy
SPAM THIS GEEZER TO HELP OUT KEEV TheRinger
stop spamming phoon for everything silvers FailFish
WHO THE FK SUBS FOR MOE? NotLikeThis
200 word essay due tomorrow but instead im spamming me me's NotLikeThis
SPAM THIS CHEESE TO HELP SAVE KEEV StinkyCheese
THAT'S THE RIGHT HOLE SENPAI TehePelo
BAN KEY WORD SPAM MODS BibleThump
SPAM THIS RHYME TO HELP C9 ... VoteYea
60 k cs go dh open LUL
BLU CASTING A FINAL NICE MAJOR LUL
58.9 views in a major final ded game FailFish
60k on final in a major. This game is ded LUL
MEANWHILE SHROUD HAS 48K VIEWERS LUL
SPAM THIS STICK MAN IF YOU'RE mcaTmcaT A BIG FAN mcaT
@unbandazed to bad this isnt a major LUL
One could say big got a big head Kappa
59000 VIEWERS IN GRAND FINAL, CS IS DEAD . LUL
60K VIEWERS IN GOLD NOVA GAME CS ALIVE PogChamp
theyre not even shooting at him LUL
MAJOR SHOULD ASK @SHROUD FOR A HOST LUL
NA cheers for Anti Ecos LUL
gg i was the awp :)
60K VIEWERS IN MM RERUN CSGO IS ALIVE PogChamp
\ / ECO KILLS \ / BrokeBack
60K IN MAJOR CS IS DEAD 60K IN RANDOM NA MM CSGO IS ALIVE 4Head
SPAM THIS TRI TO HELP HARD TriHard
Spam This Threw To Cry About Stew LUL
NA NA NA NA NA LUL
no worries stew, played smart, everyone whiffs sometimes <3
STEWIE IS DEPENDING SOLELY ON HIS LUCK LUL
SPAM THIS NOODLE TO HELP SKADOODLE pastaTha pastaThat
ppl still taking the major final bait? LUL
KBZA IN 2017 KBZA IN 2017 KBZA IN 2017 KBZA IN 2017 LUL
AUTIMATIC WHAT HAPPENED TO YOU?? BibleThump
SPAM THIS CRUSH TO HELP RUSH PMSTwin
@SkillKill40 ohh nooo worriesss blablabla fanboy LUL
BOT SMASH YOUR KEYBOARD AGAIN LUL
best NA vs amateur EU LUL
hits a Lucky noscope cant shoot normal LUL
STEWIE IS ONLY DEPENDING ON HIS LUCK LUL
Whiffs one shot then hits 5 in a row LUL
PAM THIS NOODLE TO HELP SKADOODLE 2 pastaThat
@kalzzgg how you like them apples? LUL
smoke ct? like every Silver does? :D
beer to steady his nerves Kappa
DREAMHACK YOU KNOW TWITTER POST INC PogChamp
carried by china NA CS LUL
that ones going into more than one youtube comp PogChamp
@SkillKill40 i want c9 to win so lets goo PogChamp
Tier 5 EU vs tier 1 NA LUL
MISS 2 SHOTS = GET AN ACE CAUSE HES SO MAD PogChamp
WHIFF 2 SHOTS = ACE STEWIE2K SSUPER SAIYAN MODE PogChamp
SPAM FORSEN TO HELP TABSEN LUL
tier 5 EU vs tier 1 NA LUL
4Head4Head hallo ? Ska ? Stewie here I'm Main awp now 4Head
beautiful play by both teams so far KappaPride
isnt every EU team tier 5? Kappa
SPAM THIS TO HELP OUT STEWIE PunchTrees
new c9 is much better than old one :)
tier 5 eu vs tier 1 NA LUL
64k viewer final dead game LUL
SPAM THIS JEW TO HELP STEW EntropyWins
shroud has almost as many viewers as all of C9 LUL
POWER TRIPPING? PROTECTING THE INTERNET FROM RACISM? haHAA BANNING PEOPLE FOR HARMLESS MEMES? WORST MODS ON TWITCH? MUST BE DreamHackCS Mods . SoBayed
HEY EU NA HERE WHY SO QUIET? PunchTrees
how are we holding each other KappaPride
only 9 rounds on CT LUL
serly i need to sleep end the stream already Kappa
= Grey Face (no space) Kappa
SPAM THIS TO Trihard HELP LEGIJA TriHard
pastaThatpastaThat THIS NOODLE TO HELP SKADOODLE pastaThat
SPAM THIS NOODLE TO HELP SKADOODLE SPAM THIS NOODLE TO HELP pa pastaThat
JORDAN GILBERT WAS THE PROBLEM 4Head
PAM THIS ||IG TO HELP BIG RlyTho
i bet 300$ tarik has a gf :D
My fur is soft My breath is smelly l stole your food now rub my belIy OhMyDog
HERE'S YOUR NOODLE F*CK SKADOODLE pastaThat
THIS NOODLE TO HELP SKADOODLE SPAM THIS NOODLE pastaThatpastaThat TO HELP pastaThat
Spam this ORC to help TUROK x SMOrc
SPAM THIS SNACK TO HELP DREAMHACK DoritosChip
THIS NOODLE TO HELP SKADOODLE xd pastaThat
NA THIS EU THAT IM A BABY IN TWITCH CHAT . BabyRage
StinkyCheeseSPAM StinkyCheeseTHIS StinkyCheeseCHEESE StinkyCheeseTO HELP StinkyCheeseKEEV StinkyCheese
: NA THIS EU THAT IM A BABY IN TWITCH CHAT . BabyRage
someone dm me clip of stewies ace PogChamp
SPAM THIS COOKIE TO HELP SKADEWIE NomNom
: SPAM THIS BECAUSE MY DAD LEFT ME Kappa
SUCK pastaThatMY pastaThatNOODLE pastaThatTO pastaThatSEX pastaThatSKADOODLE pastaThat
spam this squid to help big Squid3
SPAM THIS CHEES TO HELP StinkyC StinkyCheese
SUCK pastaTha tMY pastaThatNOODLE pastaThatTO pastaThatSEX pastaThatSKADOODLE pastaThat
SPAM THIS MUSH TO HELP RUSH 2 BrainSlug
c9 loses everytime to eco NotLikeThis
SPAM THIS |\|IG TO HELP BIG a RlyTho
Spam This Squid to Help Out big Squid3
PISTOL ROUND STATS 10-1, ANTI ECO STATS - 0-11 LUL
@DreamHackCS Show how many anti-eco's c9 lost Kappa
well those antiecos looked way too normal in that first half so this was expected LUL
@alcaroni Its not a rock DansGame
awp guy is the nade man LUL
I BELIEVE THAT WE WILL WIN SPAM THIS NOODLE TO HELP SKADOODLE pastaThat
THIS CHAT IS ... THIS CHAT IS ... DatSheffy
1G POLICE HERE THAT WASNT A 1G BabyRage
@Insomniuhh Why ban my spam SwiftRage
manager coaching C9 to finals LUL
SPAM THIS NOODLE TO HELP SKADOODLE pastaThatWizPlaysOnline: SKA pastaThat
SPAM THIS ADDEROL TO HELP CLOUD9 PJSalt
shooting through smoke = vac LUL
DAN M IS LAUGHING RIGHT NOW LUL
NEED TO STOP SHOOTING THRU SMOKES AND GIVING THEM TRACERS FailFish
[[ SPAM THIS MABLE TO SEE STEWE PUNCH THE TABLE MorphinTime
SPAM THESE ASIAN NOODLES TO HELP THE ASIAN DUO KappuSPAM THESE ASIAN NOODLES TO HELP THE ASIAN DUO Kappu
RUSH always so greedy or baiting DansGame
SPAM THIS GOOEY TO HELP STEWIE x BrainSlug
SPAM THIS ADDEROL TO HELP PJSalt
SPAM THIS ADDEROL TO HELP C9 PJSalt
GO BUG OR GO HOME 4Head
WHY NOT SAVE FOR AWPS FailFish
@pzyko_ SPAM THIS NOODLE TO HELP SKADOODLE pastaThat
SMELLS LIKE POO TEETH ARE YELLOW THATS RIGHT IM AN EU FELLOW LUL. LUL
SMELLS LIKE POO TEETH ARE YELLOW THATS RIGHT IM AN EU FELLOW lul LUL
@AuHsoJ2k bangin is jasonr's word not tariks LUL
SPAM MINGLEE TO HELP YUNG STEWIE MingLee
Tarik just baited so hard LUL
SPAM THIS TOMau5 HELP ME AROUSE Mau5
imagine a team of 5 tabsens PogChamp
SPAM THIS BOB TO HELP GOB SPAM THIS BOB TO HELP GOB TheRinger
chat thinks everyone is high all the time FailFish
MOOOM all they do is spam noodles BabyRage
EU SMALL BRAIN RUNS PAST 3 RIFLES LUL
SPAM THIS TEAR TO HELP EU GET OUT HERE BibleThump
MY BELLY IS HUGE MY BRAIN HAS DELAY YOU GUESSED IsT RIGHT I'M FROM NA. EleGiggle
SPAM THIS CHICK TO HELP BIG HotPokket
THEY WON AN ANTI ECO PogChamp
BIG not abusing jump bug PogChamp
EU TRASH EU TRASH EU TRASH LUL
ME ORC SMOrcME SPAM SMOrcNO MOD SMOrcNO BAN SMOrc
SPAM THIS MABLE TO SEE STEWIE PUNCH THE TABLE MorphinTime
.. EU WHY SO QUIET? 4Head
big has never been a good eu team LUL
EU ANYTHING EU ANYTHING EU ANYTHING EU ANYTHING LUL
Rush is an albino ? cmonBruh
C9 ABOUT TO WIN MAJOR PogChamp
C9 is now God 9 with Watermelon Brain Turok PogChamp
EU ANYTHING EU ANYTHING EU ANYTHING EU ANYTHING EU ANYTHING EU ANYTHING LUL
NA proud of getting to a final in a tournament without decent EU teams LUL
@julesw0w SMELLS LIKE POO TEETH ARE YELLOW THATS RIGHT IM AN EU FELLOW LUL
SPAM THIS BOB TO HELP GOB CoolStoryBob
EU ANYTHING EU ANYTHING EU ANYTHING . LUL
NA in a final because there's no decent EU teams LUL
Tier 4 EU > Tier 1 NA LUL
Rush Tarik for Shroud and nOthing. LUL
how's this baddie gob b topfragging? LUL
Shroud in any game only looks pro in a trash game like pubg LUL
SPAM THIS NOODLE TO HELP SKADOODLE Kappu
HEY EU NA HERE GO HOME AND TAKE A SHOWER YOU SMELLY CUC Poooound
WHY WOULD THEY BOOST IN THAT SITUATION NotLikeThis
-iwal- i will always lose Kappa
top 1 of NA vs tear 2 EU LUL
CoolCatCoolCat SENDE DIESE KATZEN FÜR 30 FRAGS VON TABSEN CoolCat
1 SENDE DIESE KATZEN FÜR 30 FRAGS VON TABSEN CoolCat
tear 1 NA vs tear 4 EU LUL
SPAM THIS ASIAN DUDE TO HELP C9 STARPLAYER MingLee
:telephone_receiver: HELLO NA? :telephone_receiver: EU HERE :telephone_receiver: TIME TO GO HOME :telephone_receiver: 4Head
SPAM THIS STEVE TO HELP STEWIE PunchTrees
SPAM THIS AFRICAN-AMERICAN TO HELP OUT TABSEN TriHard
SPAM THIS ASIAN DUDE TO HELP C9 STARPLAYERS SPAM THIS ASIAN DUDE TO HELP C9 STARPLAYERS MingLee
SPAM THIS TO HELPSquid3 BIG Squid3
thinking shroud was a good player LUL
EU EU EU EU EU EU . LUL
can't believe this viewer count at a major LUL
EU . EU EU . LUL
Nex just fucked them over LUL
THEY MADE NA PLAY 100% EFFECTIVE LUL
SPAM THIS NOODLE TO HELP SKADOODLE pastaThatLUUUUUUUUUL pastaThat
CRY IS FREE CRY IS FREE CRY IS FREE 4Head
im with C9 and im from denmark LUL
EU IN A NUT SHELL EU IN A NUT SHELL . LUL
EU IN A NUT SHELL EU IN A NUT SHELL EU IN A NUT SHELL EU IN A NUT SHELL . LUL
HEY EU NA HERE WHY SO SAD? PJSalt
NA FEEDING OFF OF EU TEARS Kreygasm
wait until tabsen will tear them apart :D
waduhek BIG waduhek BIG waduhek BIG BibleThump
Europeans are so easy to trigger OMEGALUL LUL
TERRIBLE CASTERS IM FROM NA 4Head
c9 winning tier 5 tournament PogChamp
I always drop my pistol for a weapon Thanks Launders SeemsGood
"countries" are artificial constructs from 1800 based on administrating economy and control over populace LUL
TYPE FOR STEWIE BECAUSE HE IS BAD AS BlessRNG
CAN'T BELIEVE NA CASTERS AT AN NA EVENT HAVE AN NA BIAS BabyRage
70K viewers on major final LUL
SPAM shroudMilk THESE shroudMilk BAGS shroudMilk TO shroudMilk JINX shroudMilk EU shroudMilk s KappaPride
THIS WAS NOT AN ECO IDIOTS LUL
BUG is fixed but BIG still good DansGame
teir 1 NA vs Tier 4 EU LUL
Chat olyan gyors, senki nem fogja látni, hogy paraszt vagyok Kappa
make more noise so that nex cant hear casters 4Head
GERMANY JESUS IS WITH YOU BlessRNG
70k on major cs dead LUL
auti by himself with ak LUL
SO CLOWN 9 HAVE BEATEN MOUSE ? cmonBruh
EU CS EU CS EU CS EleGiggle
SKA IS SO DAMN CLUTCH Kreygasm
YES C9 USA USA USA PogChamp
EU CS EU CS . EleGiggle
EU CS EU CS EU CS ... EleGiggle
NVM BIG IS EVEN WORSE LUL
71k on major final dead game LUL
HOW ARE YOU FEELING EU? HOW ARE YOU FEELING EU? PJSalt
MOM PROS ARES CHEATING AGAIN BabyRage
:telephone_receiver: HELLO TABSEN? :telephone_receiver: C9 HERE :telephone_receiver: NEED KLEENEX :telephone_receiver: 4Head
LMAO LuL NO BUG NO BIG 4Head
:telephone_receiver: HELLO TABSEN? :telephone_receiver: C9 HERE :telephone_receiver: NEED KLEENEX? :telephone_receiver: 4Head
SPAM THIS TUNA TO HELP SKA FORTUNA SabaPing
the boys in blue are NV LUL
FAZE CAN PLAY A 5V10 VERSUS C9 AND BIG AND STILL GO 16-0 LUL
C9 THE HEIGH OF NA CS LUL
SHROUD HERE TAKE ME BACK BibleThump
tier 2 vs tier 4 LUL
L A N D E R S ANELE
NA CHAT THINKS THIS IS A MAJOR LUL
L A U N D E R S ANELE
WTF why do they get a break?? FailFish
WHERE ARE YOU NOW EUROPOORS? 4Head
72k major final dead game LUL
ITS NOT A GOOD EU TEAM THO Kappa
NA only winning Minor tournaments LUL
EU is better at CS Kappa
lmao chat loves usa canadacupUS canadacupUS canadacupUS lmao chat loves usa canadacupUS canadacupUS canadacupUS VoHiYo
Easy for C9 SPAM THIS NOODLE TO HELP SKADOODLE pastaThat
The real boys in blue are C9 tho Kappa
MAD GERMANS ACCUSING C9 OF CHEATING LUL
is the right guy a ? TriHard
CS is 20 years old, NA still NO MAJOR LUL
C9 almost losing to a tier 3 EU team LUL
@nightman_csgotv they got 16-0'd by NiP on train?? LUL
4HEAD NA PLEBS LEFT THEIR HOLES 4Head
EU CHAT WHERE YOU AT LUL
NA FINALLY WIN T2 TOURNAMENT PogChamp
NA PLEBS LEFT THEIR HOLES AND LOOK AT THEM 4Head
who the fuck are these jokers? LUL
EU? MORE LIKE E BAD! LUL
64k viewers for GERMAN CS .... GAME ALIVE PogChamp
dust still looking for a threesome on craigslist? EleGiggle
EU CS HOLD THIS L LUL
SK overrated Stewie vactivated BIG eliminated Jebaited
Im only here to laugh at NA CHAT LUL
This is the 'Not a Major' Major Kappa
📞 HELLO EU? 📞 NA HERE 📞 TIME TO GO HOME 📞 4Head
HEY NA REMEMBER FAZE VS C9 haHaAa SeemsGood
WHY WOULD YOU WEAR BLACK LMAO NA STRAT LUL
Clown9 happy to win a tie4 tournament 4Head
M U R I C A in the background Kappa
eu isn't even a country LUL
C9 WINNING A TIER4 TOURNAMENT Kreygasm
gongjiahao522 mad eu fan spotted LuL ULU LUL
SMELLS LIKE POO TEETH ARE YELLOW THATS RIGHT IM AN EU FELLOW LUL! LUL
My Teeth Are Yellow My Breathe Smells Like Poo You Guessed It Right I'm From EU lul BigBrother
60k views for a major dead game LUL
C9 ABOUT TO WIN A TIER4 TOURNAMENT Kreygasmthesaltyelite Kreygasm
Bye EU Have a safe trip home! HeyGuys
@r0sz HELLO NA? :telephone_receiver: EU HERE :telephone_receiver: TIME TO WIN A MAJOR 4Head
SHROUD DOES ADDERAL TO SEEM INTRESTING DURING STREAM LUL
Thank God Dust was relegated to analyst desk. What a terrible caster WutFace
: SPAM THIS AFRICAN-AMERICAN TO HELP TriHardTriHard OUT TABSEN TriHard
WIN FREE WIN FREE YEAH COINS LUL
MY BELY'S HUMUNGO MY BRAIN HAS DELAY YOU GUESSED IT RIGHT IM FROM NA OpieOP
RNG TO RNG TO RNG LUL
Can I gamble with these skins Kappa
Don't waste your money on this FailFish
Selling gambling to kids yeah sounds like America LUL
D E S K T O P WEB PogChamp
S C A M M A Z TriHard
100% FREE OK SURE IT IS LUL
using monitor as headphone stand WutFace
SCAMING YOUNGER AUDIENCES NA CS LUL
50k prizepool Sellout much ? LUL
i miss the screensaver + WUBWUB majors, i don't wanna see ads :(
Now I can play underwater PogChamp
EVERYONE PUT WATER ON YOUR KEYBOARD FOR TEST OH NO KEYBOARD BROKEN Jebaited
I can gamein my pool now PogChamp
I CAN BATH WITH MY KEYBOARD TOGETHER Kreygasm
might be made to resist water but can't even get their keyboards to not double input LUL
hi guys, where are the major memes? 4Head
might be made to resist water but can't even get their keyboards to not double input LUL~ LUL
WHO LIVES IN PINEAPPLE UNDER THE SEA LUL
You guys want to hear a joke? BIG CS Kappa
Why is there a 10 minute break between maps in a grand final ResidentSleeper
EU IS BUSY PLAYING REAL TOURNAMENT TOMORROW LUL
EU IS BUSY PLAYING REAL TOURNAMENT TOMORROW ENJOY YOUR TIER 4 TRASH LUL
57K VIEWERS ON A MOUNTAIN DEW LEAGUE MATCH RE-RUN CS NOT DEAD PogChamp
EU IS BUSY PLAYING REAL TOURNAMENT TOMORROW ENJOY YOUR TIER 4 TRASH . LUL
10min break to have a few cigs 4Head
RICK n Morty Fans are braindead LUL
PEOPLE RUINED RICK AND MORTY LUL
MY AIM IS TRASH MY KILLS ARE FEW YOU GUESSED IT IM FROM EU EleGiggle
pickle RICK im 200 iq btw haHAA LUL
Fnatic as a favorite team LUL
I think they have eye tracking for stew as i have a blue line across the screen Kappa
240hz when your eyes can only see 30 fps Jebaited
you can really tell the difference LUL
your eyes cant see more than 60 fps Kappa
30 hz at 240 fps is better though Kappa
People who can't see over 30 fps = EU BrokeBack
Your eyes cant see more than 60 fps Kappa
People who think you only see 30 fps = EU BrokeBack
500K epicenter VS 50k Dreamhack LUL
TehePeloSPAM THIS WEEB TO HELP KEEV TehePelo
cloud nine is going to win a major final PogChamp
watch liquid win epicenter LYL LUL
not enough prizemoney for high tier teams Kappa
SPAM THIS WEEB TO DESTROY KEEV TehePelo. TehePelo
spam this spam that just another twitch asshat 4Head
pastaThatpastaThat SPAM THIS NOODLE TO HELP SKADOODLE pastaThat
@paramaobi I wish you got banned LUL
HELLO NA? 📞 EU HERE 📞 TIME TO GO HOME 📞 4Head
EU or NA we can all agree on one thing. CONSOLE LUL
How long till NA deports Stew and Auti Kappa
NA THIS EU THAT I'M A BABY IN TWITCH CHAT BabyRage
HELLO EU? 📞 NA HERE 📞 TIME TO GO 4Head
4Head4Headspam this spam that thats right its twitch chat 4Head
spam this spam that thats right its twitch chat 4Head
Your all’s music is shit about as bad as commentary Kappa
2 PIZZA ROLES IN A ROW PogChamp
spam this spam that thats right its twitch chat d 4Head
SPAM THIS NOODLE TO HELP SKADOODLE lolol ska pastaThat
NO HAT NO PLAY NO MAJOR TODAY 4Head
55K VIEWERS AT A CSGO MAJOR CSGO IS DEAD LUL
SPAM THIS NOODLE TO HELP SKADOODLE pastaThatž pastaThat
Kyrgson: SPAM THIS NOODLE TO HELP SKADOODLE lolol pastaThat
SPAM THIS NOODLE TO HELP SKADOODLE lo pastaThat
ITS 2.30 AM IN EU OF COURSE ONLY 55K LUL
NA Wins this $100,000 total prize pool Major Kreygasm
60k viewers in a major final dead game LUL
same copy pastas as always ResidentSleeper
FINAL MAJOR NO SERCURITY ON PCS HAX.INSTALLED -60K VIE­WERS CSGO IS ALREADY DEAD LUL
SPAM THIS NOODLE TO HELP SKADOODLE x pastaThat
@liamlama SPAM THIS NOODLE TO HELP SKADOODLE pastaThat
NA REMEMBER C9 VS FAZE LUL
2 viewers for a major final, dead game EleGiggle
EU TEAMS PLAYING ACTUAL TIER 1 TOURNAMENT TOMORROW NA FANS LUL
P250 NO ARMOR SAVE EU LUL
BIG TIER 5 TEAM NA IS A JOKE LUL
my teeth are yellow sometimes blue you guessed it righjt im from EU // 4Head
MY TEETH ARE YELLOW IT HURTS TO CHEW, YOU GUEZZSD IT RIGHT IM FROM EU CoolStoryBob
my teeth are yellow sometimes blue you guessed it righjt im from EU / 4Head
FINAL MAJOR NO SERCURITY ON PCS HAX.INSTALLED 60K VIEWERS CSGO IS ALREADY DEAD LUL
SPAM THIS MUSH TO HELP RUSH x BrainSlug
@crazehsmile I’m latino just want to bait some NA scum LUL
`SPAM THIS MUSH TO HELP RUSH BrainSlug
EU EU EU EU EU EU LUL
FINAL MAJOR NO SERCURITY ON PCS HAX.INSTALLED 6­0K VIEWERS CSGO IS ALREADY DEAD LUL
DAVID YOU SUCK AT CS LUL
IT"S GG, G TO THE G, GOOD BYE B.I.G LUL
on 60k views on major LUL
NA WINNING A TIER 2 TOURNEY , THE ONLY THING THEY CAN WIN EleGiggle
SPAM THIS MUSH TO HELP RUSH a BrainSlug
📞 STOP CALLING THIS NUMBER 📞 DansGame
this reminds me of WW-II Kappa
EU EU EU EU EU EU EU LUL
BIG? Abuse? No, they would never 4Head
SPAM THIS ROBOMATIC TO HELP AUTOMATIC MrDestructoid
WHAT MORE VAN I DO LUL
hey EU why so quiet? :thinking: hey EU why so quiet? :thinking: hey EU why so quiet? :thinking: . 4Head
SPAM THIS TO HELP BIG TriHard
hey EU why so quiet? :thinking: . 4Head
NUTTS TO BUTTS, ATOMIC BOMBS LUL
too soon my dude c9 has two japanese Kappa
>Happy for winning to a tier 3 EU team LUL
SPAM THIS MONK EE TO HELP GOB B 1 TriHard
@nunz1o making quarterfinals major = tier 3 EU? LUL
STFU CHAT 😡 NUKES GAVE US ANIME VoHiYo
hey EU why so quiet? :thinking: .. 4Head
my teeth are yellow i smell like poo you guessed it right im from EU linnerFire7: 📞 HELLO NA? 📞 EU HERE 📞 MAJORS ? 📞 4Head
hey EU why so quiet? :thinking: hey EU why so quiet? :thinking: .. 4Head
Which country is better at a game LUL
SPAM THIS RHYME TO HELP Kapp C9 Kappa
sOmEThinGgh: SPAM THIS NOODLE TO HELP SKADOODLE pastaThat
SPAM THIS NOODLE TO HELP SKADOODLE pastaThat/ pastaThat
hey EU why so quiet? :thinking: hey EU why so quiet? :thinking: ,, 4Head
@SUCK MY NOODLE TO HELP SKADOODLE pastaThat
WE ARE C9 WE LIKE TO STREAM WINNING A MAJOR? ONLY A DREAM 4Head
Spam this if you betted your house Mau5
FU r9kek SPAM THIS NOODLE TO HELP SKADOODLE pastaThat
200 IQ PLAY BIG PAUSE PogChamp
NA feel so proud beating a tier 2 team. How about major titles NA? EleGiggle
SPAM THIS NOODLE TO HELP SKADOODLE 11 pastaThat
spam this dad to help skadad lololololol BloodTrail
TIER 1 TEAMS ACTUALLY PLAYING 500k TOURNAMENT TOMORROW. ENJOY UR TIER 4 TRASH LUL
halo stage more hype than us LUL
*FrankerZ SPAM THIS MASTIYA TO HELP LEGIJA FrankerZ
FAKE CROWD 60k VIEWERS DEAD GAME LUL
valens isn't coaching, c9 wins grandfinals at major tourney LUL
Spam This THI C C C Guy To Help BIG OpieOP
TIER 1 TEAMS ACTUALLY PLAYING 500k TOURNAMENT TOMORROW. ENJOY UR TIER 4 NA TRASH LUL
spam this dad to help skadad xdxdxd BloodTrail
my teeth are yellow sometimes blue you guessed it righjt 1m from EU 4Head
TIER 1 TEAMS PLAYING 500k TOURNAMENT TOMORROW. ENJOY UR TIER 4 TRASH LUL
Stewies Parents: "We told you to become a DOCTOR!!!!!" MingLee
Have fun at epicenter C9 Oh wait 4Head
proud NA Crowd winning vs shitty EU team LUL
when a Halo match is louder than us Dead Game HALO BETTER THAN US LUL
SPAM THIS WEEB TO HELP KEEV VoHiYo
RIP CSGO PUBG BEST GAME LUL
what happens when the haters dab back? LUL
< / DAB ON DEM H8ERS Kappa
is gg guys , just look at big team LUL
📞 HELLO NA? 📞 EU HERE 📞 MAJORS ? 📞 4He ad 4Head
csgo has more viewers than pubg PogChamp
KEEV Used to be Fit Happened WutFace
JUST BUY A MAJOR LOOOL 4Head
ONLY 66K VIEWERS IN CSGO FINAL GAME IS DEAD LUL
Why does he look so unhappy :(
skadaddy will sleep, when u need him to carry wake him up Kreygasm
@DarkKlagSon EU CS EU CS EU CS EU CS ResidentSleeper
GOB B: T1 NA realy? LUL
EU CS EU CS EU CS EU CS ResidentSleeper
Launders is not even Muslim. He's Indian FailFish
SPAM OhMyDogTHIS DOGGO OhMyDogTO OhMyDogHELP OhMyDogCSGO OhMyDog
? SPAM THIS TEAR TO GET EU OUTTA HERE . BibleThump
EU CS EU CS EU CS EU CS EU CS EU CS EU CS ResidentSleeper
SPAM THIS DOGGO TO HELP CS GO OhMyDog
NA this EU that but just remember... that BR is worst LUL
SPAM THIS TEAR TO GET EU OUTTA HERE . 🤔 BibleThump
Bark away the tech issue OhMyDog
Bark away the tech issue OhMyDog8:43 brdyXD: <message deleted> OhMyDog
EU PLAYING REAL TOURNEY TOMOROW NOT THIS T2 THING LUL
EU CS EU CS EU CS EU CS EU CS EU CS ResidentSleeper
haha tarik is so funny :p
SPAM THIS NOODLE TO HELP SKADOODLE cx pastaThat
NA proud winning vs shitty EU Team LUL
STEW AWP SKA RIFLE WUT LUL
SPAM THIS NOODLE TO HELP autimatic pastaThat
Twitch Prime xfac70r: SPAM THIS DORITO TO HELP THE 16-0 DoritosChip
lose 5 rounds buy 3 awps CSGO LUL
EU CS EU CS EU CS EU CS BrokeBack
SPAM THIS NOODLE TO HELP SKADOODLE pastaThat.. pastaThat
C9 you won 100k tournament Now win major hahahahahh never LUL
SPAM THIS NOODLE TO HELP SKADOODLE pastaThat......... pastaThat
SPAM THIS DOODLE TO HELP SKADOODLE CurseLit
SPAM THIS TO HELP NA VoteNay
BIG with no BUG haHAA LUL
SPAM THIS FGT TO HELP AUTIMATIC KappaPride
Cloud10 = Hiko + simple + bot + bot + bot ftw LUL
the eu spam is gone EleGiggle
Spam this mouz if you betted your house Mau5
ASSUMING DH ONLY HAVE CS LUL
THIS GAME IS SO DEAD THAT THE CROWD IS WATCHING ANOTHER GAME NICE MAJOR LUL
THEY'RE DOING THE WAVE CHAT FailFish
THIS GAME IS SO DEAD THAT THE CROWD IS WATCHING ANOTHER GAME NICE MAJOR - LUL
USE THIS SPAM TO HELP THE FAM X SwiftRage
SEND HIM TO HELP TIM WutFace
SPAM THIS NOODLE TO HELP SKADOODLE / / pastaThat
Dreamhacks 2k18 = Hiko in Fnatic instead of Olof LUL
Making my way downtown, driving fast Jebaited
BRA7IL SK GAMING FERBOT TOP1 LUL
Every 60 seconds in Brazil Germany scores a goal Together we can stop this Spread the word LUL
SPAM THIS BACK FOR THE COMEBACK . TriHard
Semphis got kicked from C9 PogChamp
WHERE IS SWAG HE BANNED AGAIN IDIOT?>? LOL CoolCat
SPAM THIS NOODLE TO HELP SKADOODLE . . pastaThat
1 SPAM THIS TO HELP RYAN HIGA TriHard
Big is tier 10 team EU LUL
SWAG GOT BANNED? WHERE IS SWAG?? BANNED LOL CoolCat
SPAM THIS NOODLE TO HELP SKADOODLE / pastaThat
I have never herad big team. who is? CoolCat
SO MANY PEOPLE WEARING GLASSES LUL
67k viewers and no spam? .... Kappa
EVEN VP WON AGAINST NA LUL
WHY DO NA CROWDS SUCK WutFace
Major Legends can't beat #2 NA LUL
MOOOOM people are having fun in the crowd waaaahhhh BabyRage
clout 9KevinTurtle clout9 clout9 clout9 KevinTurtle
N0thing was the problem ????????? LUL
67k viewers and no spam ? ... Kappa
LAUNDERS IS SUCH A MEMER LUL
SPAM THIS MUSH TO HELP OUT RUSH BrainSlug
67k viewers in major final dead game LUL
SPAM THIS BRUH TO HELP LEGIJA cmonBruh
SHIT IT CS TEETH YELLOW LIKE EGG YOLKS YOU GUESSED IT WE'RE EU FOLKS LUL
C9 is the top tier 2 team PogChamp
GOB B CHET? I THINK SO LOL!!! CoolCat
SPAM THIS NOODLE TO HELP SKADOODLE . . . . pastaThat
shroudC9 shroudC9 shroudC9 shroudC9 shroudC9 PogChamp
lmao c9 just rush a and they lose instantly LUL
EU CS EU CS EU CS EU CS EU CS EU CS EU CS EleGiggle
NA WINNING TIER 3 TOURNAMENT LUL
EU HAVE NO CHANCE TO WIN NA CS LUL
THIS FINAL IS VERY BORING ResidentSleeper
VIEWERSHIP IS LOW NOW BCUZ BIG FAN LEAVING LUL
SPAM THIS VOHIYO TO HELP THE ASIAN DUO VoHiYo
CANT CHEAT ON VAC SECURED SERVERS LUL
why is EU so bad? EleGiggle
THAT HAPPENS EVERY GAME IN MM LUL
SPAM THIS NOODLE TO HELP SKADOODLE Twitch Prime pastaThat
C9 are pub stomping them EleGiggle
TARIK "RUSH A EVERY ROUND" LUL
EU WHERE ARE YOU ?? LUL
60k viewers on a major dead game LUL
NA STRAT NA STRAT NA STRAT NA STRAT PogChamp
WHEN EU THINK THEYRE good AT CS LUL
C9 GO PLAY IN MAJOR QUALS PLS LUL
LMAO NA HAPPY BECAUSE THEY BEAT BIG B I G LUL
67000 viewers in major final LUL
@SweatyClackers SPAM THIS NOODLE TO HELP SKADOODLE pastaThat
NA winning minors, but cheering as if its's major LUL
THIS TO LAUGH AT EU . LUL
BIG JUST PLAY INFERNO WITH BUG 4Head
T2 EU TEAM BEAT FAZE U WONT LUL
SPAM BrainSlugTHIS BrainSlugMUSH BrainSlugTO BrainSlugHELP BrainSlugRUSH BrainSlug
c9 smurfing EU major legends LMAO LUL
SPAM THIS TO LAUGH AT EU . LUL
SPAM THIS TO LAUGH AT EU x LUL
ASIANS AND TURKS NA BTW LUL
NA's best team barely beats EU's 8th best team and think they are good SeemsGood
THIS TO LAUGH AT EU LUL
SPAM THIS TO LAUGH AT EU ..f LUL
@sweatyClackers SPAM THIS NOODLE TO HELP SKADOODLE 2 pastaThat
Major Final only 68k viewers, CS IS DEAD BibleThump
HAVE TO USE ENGLISH CAUSE EU IS SHIT LUL
The plant doesnt matter, they have infinite money chat FailFish
NAs FIRST WIN AGAINST EU . 4Head
they have money silver chat ResidentSleeper
C M B A C K Kreygasm
C( had plenty of money, he wanted to drop a gun, 200IQ SeemsGood
SMART By stewie. BIG has low money :)
Tier 2 EU same level than tier 1 USA LUL
SPAM THIS TO LAUGH AT EU LUL. LUL
TRUMP Starting Racist war TRUMP Starting Racist war LUL
T1 NA FINALLY BEATS A T2 EU TEAM 4Head
Losing to C9 in 2017 FailFish
wow beating t3 EU teams PogChamp
CLOWN9 WINNING TIER 3 TOURNAMENT LUL
SPAM THIS MEME TO HELP YOUR FAVORITE TEAM :)
HOW IS MOVING SO FAST WutFace
YES NA HAS ASIANS BUT NO MAJORS LUL
Being named Ian in 2017 DansGame
NA team does not have any KKona LUL
I LIKE TO HAVE CONSENSUAL INTERCOURSE WITH MY MALE FRIENDS OhMyDog
LEZ GO C9. FAK THESE KIDS DatSheffy
SAW U AT EPICENTER NA... OH WAIT LUL
any else spot the cute ? KappaPride
LULI AM FROM EU LULMY TEETH ARE BRIGHT YELLOW LULI LIKE MY SISTER LULAND MY VOICE IS MELLOW LUL
Big=No Good without jump bug LUL
BUG MAJOR LEGENDS BUG MAJOR LEGENDS LUL
@dapr tier 20 na player PogChamp
@phluffyhead haHAA are u from murica? OpieOP
EU? EU? EU? EU? EU? EU? EU? SoBayed
I LIKE TO LOOK AT DUST MOURET WHERE IS DUST OhMyDog
L E T S GO PogChamp
LOW VIEWER COUNT ASK SHROUD TO HOST LUL
I don't want to Hype too much but C9 BEST TEAM IN THE WORLD Kreygasm
NA HYPING OVER BIG SO DESPERATE LUL
SPAM THIS GOOEY TO HELP STEWIE a BrainSlug
wanna hear a joke? EU 4Head
SPAM THIS GOOEY TO HELP STEWIE sda BrainSlug
SPAM THIS GOOEY TO HELP STEWIE quet BrainSlug
NA HYPINg OVER BIG DESPERATE LUL
EU GOT 3 ROUNDS EU GOT 3 ROUNDS EU GOT 3 ROUNDS EU GOT 3 ROUNDS PogChamp
TABSEN BACKWARDS IS NESBAT OMG WOEW OhMyDog
MAJOR LEGENDS LOSING TO NA TEAM WHO WASNT EVEN IN THE MAJOR LUL
tier 1 na beating tier 3 eu PogChamp
Trump made NA great again KKona 7 PogChamp
T1 TOURNEY TOMOROW GUESS WHAT NA NOT QUALIFIED LUL
SENDE DIESE KATZEN FÜR 10 FRAGS VON TABSEN CoolCat
What is up with stewies monitor Jebaited
SPAM SKADOOLE IF YOU LOVE THE DOODLE pastaThat
SPAM THIS TO LAUGH AT EU Twitch Prime LUL
TABSEN BACKWARDS IS NESBAT BACKWARDS IS OhMyDog
CANT WAIT TO SEE BIG COMEBACK Kappa
EU EU EU EU EU EU EU EU EU EU EU EU EU LUL
TIER 20 tournament usa win :D
WHERE IS EU????? WHERE IS EU????? WHERE IS EU????? WHERE IS EU????? WHERE IS EU????? WHERE IS EU????? 4Head
Finally a First place after ... ages 4Head
EU BAD EU MAD EU SAD LUL
HELLO EU? NA HERE Y SO QUIET? 4Head
USA USA Lets GO C9 WE BEAT A TIER 20 team!!! PogChamp
3 CANADIANS IN TEAM BUT CHANT IS USA LUL
HELLO EU? NA HERE WHY SO QUIET? 4Head
NA think they're special beating Tier 3 EU teams LUL
If Tim wasn't Asian he woulda saw hiim Kappa
Spam This Japa To Help Stew . NotATK
GUY CLAPPING WITH HIS LEGS LUL
COMEBACK COMEBACK COMEBACK COMEBACK COMEBACK LUL
its gonna be a long game LUL
SPAM THIS IF YOU LOVE LANDERS CASTING <3
OT OT OT OT OT LUL
SPAM THIS IF YOU LOVE LANDERS CASTING <3. <3
winning t4 tournament against t3 EU teams 4Head
proud NA crowd because winning vs shitty EU team LUL
SPAM THIS IF YOU LOVE LANDERS CASTING <3.. <3
NA TO WIN A MAJOR NA TO WIN A MAJOR EleGiggle
SPAM THIS IF YOU LOVE LANDERS CASTING <3... <3
Na Choke = 15 - 4 LUL
Dreamhack 70k Viewers. Shroud 51k Viewers SeemsGood
EU thinking c9 will choke this LUL
NAVI WILL WIN EPICENTER, O WAIT LUL
SPAM THIS NOODLE pastaThatpastaThat TO HELP SKADOODLE pastaThat
AT LEAST SHROUD IS CASTING Kappa
70k viewers CSGO MAJOR FINALS LUL
BibleThumpBibleThump SPAM THIS TEAR TO GET EU OUTTA HERE . BibleThump
I wish Germans tried this hard to save their country. EleGiggle
NA WINNING A MAJOR TOURNAMENT PogChamp
EU????? EU????? EU????? EU????? EU????? EU????? SoBayed
NA would still be owned by natives without EU LuL Your welcome 4Head
NA MAJORS NA MAJORS NA MAJORS LUL
ÀSPAM THIS TO LAUGH AT EU LUL
WE FINALLY WON T2 TOURNEY PogChamp
c9 beat tier 3 eu PogChamp
EU CS EU CS LUL- LUL
CLOUD) WON AGAINST SECOND CLASS CS TEAMS LUL
YEAAAAHHHHHHHHHHH NA GOOD BYE EU LUL
too bad NA couldn't win a real tournament LUL
C9 only wins the tournies where there are no good teams LUL
Hello EU? NA here? Why so easy?? 4Head
EU? EU? EU? EU? EU? EU? EU? EU? SoBayed
finally they won a t3 tournament Kappa
HYPED AF FOR A TIER 2 TOURNAMENT NA CS LUL
SPAM THIS TO LAUGH AT EU LULÀ LUL
NA won a tier 3 tourny wohooo Kappa
-LUL EU CS EU CS LUL
EU Bet On NA Everybody Wins LUL
n u t t z Kreygasm
HYPED AF FOR A TIER 2 TOURNAMENT LUL
they won a major guys BibleThump
UK ACCENT IN USA?? UK ACCENT IN USA?? UK ACCENT IN USA?? UK ACCENT IN USA?? RuleFive
GUYS WHERE IS SHROUD ? BibleThump
TIM IS SO GROWN UP BibleThump
EU CS EU CS = LUL
lol na wins tier 3 sure but EU = TIER 1 <3
TIER 3 EU VS TIER 1 NA Kappa
BEST NA TEAM WON TIER 3 TOURNAMENT .. LUL
NA Won WWII and DH Denver Get Rekt Keepo
WHY IS EU SO QUITE? EleGiggle
@milan1864 ur an idiot all the teams are decent LUL
EU Still Waiting For The Comeback LUL
WHEN YOU SPEND TIME WATCHING C9 JUST TO TALK CRAP LUL
see ya next major na HeyGuys
WE FINALLY WON T2 TOURNEY?? PogChamp
Are you supposed to lose in low tier tourneys then? EleGiggle
Twitch PrimeMoreontop: Spam This Noodle To Help Skadoodle pastaThat
Legija is a support player, not a fragger FailFish
NA WINS NEXT MAJOR OH WAIT LUL
CSGO MAJOR FINALS 70k VIEWERS LUL
NA CS VS TIER 1 EU TEAMS NA CS VS TIER 1 EU TEAMS NA CS VS TIER 1 EU TEAMS LUL
they still have smaller paycheck than shroud Kappa
EU gets so salty when NA gets 1. Lmao EleGiggle
LIQUID? c9 all the way baby! LUL
online liquid better LAN c9 better :)
WHERES YOUR MAJOR TOURNAMENT WIN NA? LUL
EU CANT WIN TIER 3 LUL
why is Europe so mad? UnSane
WE FINALLY WON A T2 TOURNEY?? PogChamp
WHERES YOUR MAJOR TOURNAMENT WIN NA? ONLY TIER 3 TOURNAMENTS . LUL
IT WAS SO CLOSE TO MOUZ 2:0 but they choked BibleThump
Hazed hinting he wants to analyze for dh winter LUL
@Tobatha_Gaming WE HAVE ENVYUS FOR THAT LUL
T1 TOURNEY TOMOROW GUESS WHAT NO NA TEAM LUL
great cast, great games , bye bye guys BibleThump
@SlowPT alot from EU aren't EleGiggle
HLTV BETTER GOT C9 #1 AFTER THIS BibleThump
IAN IS THE PROBLEM SOLVER FAK VALENS PogChamp
@phluffyhead true facts stay bad LUL
NA = 0 MAJORS . LUL
EU Can't even win t3 tourney EleGiggle
But there was no good EU teams? :)
C9 WON THE DREAMHACK MAJOR OhMyDog
WHEN MOUZ WAS THE BETTER EU TEAM LUL
@excedra1321 never a fun game LUL
do you people have nothing better to do than haHAA 'ing at a rick and morty commercial LUL
EU? EU? EU? EU? @wyre75 SoBayed
C9 better than Faze Huge Kappa
@wyre75 EU? EU? EU? EU? EU? EU? EU? EU? EU? EU? EU? EU? SoBayed
36k viewers watching a rerun PogChamp
EU ONLY 1 MAJOR WIN IN LAST 4 LUL
C9 won Esl pro league major in Brazil LUL
Dreamhack made tournaments so NA could win something too LUL
nt eu it was a valiant attempt LUL
@itzShadowfox663 Dreamhack made tournaments so NA could win something too LUL
EU Still Waiting For Comeback LUL
@corrblimey u won im on phone LUL
