CSGO outdated DOTA 2 Overrated Long have we waited Card game created Jebaited
This is a rerun? Okay thanks / Kappa
is it recorded audio or real crowd WutFace
He seen him, not checked NotLikeThis
is this a rerun guys 4Head
why am i not able to fast forward Kappa
I've already seen this game ResidentSleeper
20 K VIEWERS ON A MAJOR FINAL DEAD GAME LUL
@Kinnulol dammit, you got me KappaPride
Pubg is even more than CS ResidentSleeper
Major and no souvenir drops gg dead game FailFish
20K VIEWERS IN MAJOR FINAL CSGO IS DEAD LUL
PUBG Only fun when its not being played LUL
one more and im out TriHard
people watching stream but being in dark room FailFish
@Kroshnikov OhBot didn't like your meme. Not sure why HotPokket
@Insomniuhh control your bot man Kappa
Please RNG I bot $18 bitcoin on u TakeNRG
21k viewers and dead chat nice viewboting forsenOMEGA FailFish
Magnets how do they work? 4Head
21k viewers watching a rerun PogChamp
AU CS is the best at sloppy games it's all they know 4Head
20k viewers on rerun dead gam LUL
Viewbotting a rerun CSGO is dead af LUL
You're free to speak what we say you're allowed to say 4Head
it's a live re-run from a rebroadcast Kappa
does anyone know if C9 is playing tonight? and what time? Thanks :D
NA MOLLY INTO NA SPRAY LUL
"let me pick up this awp at door" LUL
SO IMPORTANT TO SHOOT DAT GLASS LUL
someone told me this was more exciting than PUBG 20000hrs btw haHAA ResidentSleeper
@trywee Yes i am silver 1 i am the best player o_O
@roook_ Just quit CS plz FailFish
i almost went to denver for this LUL
more expensive because more valuable Kappa
@roook_ As soon you are gone from the community DansGame
@trywee Huh? Youre not relevant ResidentSleeper
Mouz vs LDLC waiting room ResidentSleeper
he can easily finish the round alone if he works with his teammates?? :)
13-5 boys ggwp NA CHOKE LUL
What "CLG" stands for chat? SoBayed
I don't think "Logic Gaming" would be a fitting name for this team tbh 4Head
CLG = CONSTANTLY LOSING GAMES LUL
clg so bad can't even win against kangaroo cs LUL
@multabere don't be so quick to judge i've seen some cows that are ballet masters Kappa
22k viewers watching a major rerun PogChamp
They didnt prove it so he killed them PogChamp
Remember that failed koosta defuse LUL
23k viewers and no original LuL emote to be seen :(
23k Viewers and no monkaS spam DansGame
23K VIEWERS LAST MAJOR haHAA LUL
Only 23k ppl watching CSGO Major tournament csgo is dead :(
ruined major.... 23k viewers only 4Head
How are renegades losing? You can see people through the walls NotLikeThis
what if we had one showcase comp match with xrays on? just for the LUL
try explaining to your parents what xray is 4Head
Why do they FORCE all the players to use the same crosshair and resolution? NotLikeThis
@kqly_was_framed Same why you haven't resubbed jasonrLUL jasonrLUL Kappa
HIKO 3RD PLACE IN H1Z1 invitational LUL
when h1 has 80k more views than cs LUL
@admiral_ey_nee_oder Normie because i said btw haHAA TriHard
Cant spell renegades without w PogChamp
@Vrooomster12 ill will take good care of your skins SoBayed
@Mymous You can go first LUL
get the f*** out of EU VoteYea
NO ONE HERE KNOWS WHAT IS THE 3RD MAP ? cmonBruh
0 dab in the public FailFish
If you can't watch CSGO at its worst, you don't deserve its best :)
RICKEH AND MORTY? 200 IQ haHAA PogChamp
@DiestrukterplaysYT u the real trump PogChamp
this is a live rerun 4Head
I'd like to predict a CLG choke at 13 like always Kappa
24k viewers.. csgo is dying EleGiggle
this is a rerun of tomorrows game FailFish
Has Rickeh been Vac banned yet? Kappa
why are half the emotes tiny now DansGame
You can't cheat on VAC secured servers FailFish
no he didnt SILVER IN CHAGT FailFish
download the demo find coordinates of player spawn yourself and time yourself PogChamp
counting to 5 in 2017 LUL
I rewatch it, 100% he had time.. silvers in chat FailFish
someone find out and post it Kappa
i rewatched it, he had time to stick it even without a kit. Silver chat FailFish
i calculated it.. he wouldve had 0.00001 second left Kappa
i come from an atlernate universe where he went for the defuse he had time 4Head
Guys stfu the round is over NotLikeThis
25k viewers on a major LUL
I'm silber 1,almost Pro and he definitely had time Kappa
turn off this NA major and give us mous vs ldlc omg FailFish
@frankpoole2001 I am silver 3 on my main,don't even talk to me. I'm too good Kappa
@admiral_ey_nee_oder woah my bad tah PogChamp
@alexminga1900 how have you lived for 117 years tell me your secret Kappa
@isaacb115 how have you lived from 2017-115 = 1902 years? Kappa
rng chokers.. now they ll loose inferno too, 1001% :D
@sirkappagg can't argue with that logic and that username HSWP
i bet renegades map1 and clg map2 feelsgoodman :D
this game is actually a test for the new bots, the players are just sitting there to not arouse suspicion 4Head
Kangaroo cs hopping on out EleGiggle
@Sh1tMcTrashBag ikr? just look for the glowing outlines EleGiggle
Your friend AmHypes has just started watching! HeyGuys
Rainbow six siege only has 600 viewers on there major LUL
@Recolance oh no gambling fake currencies BabyRage
time for RNG to go full tilt 16-0 Jebaited
ttetris is the better e-sports <3
DELAYHACK OPEN WITH THE COUNTRY MUSIC 4Head
ENGLAND IS MY CITY NICE MEMES N0rMIES haHAA LUL
18 K VIEWERS ON A MAJOR FINAL DEAD GAME LUL
@Snikken It's obvious you are the idiot here if you don't get it LUL
@niskenj NRG is out of the tournament LUL
@zudeno soon Pokemon GO will have more viewers LUL
@m1quuuu bet your from NA xshow us your major trophey bro ? LUL
NZ IS FULL OF SHEEP SHAGGERS LUL
@Terminator6101 someone picked the wrong side LUL
I bet over 24.5 rounds whit 2.19 odds and 500$ wish me luck :D
rickeh no skin no skill LUL
@itsfradda oh they are just really smart huh thanks Kappa
Who is from csgo ? :D
Isn't live a milk brand? So CSGO is dead and now is sponsored by milk ? Dead game LUL
20k viewers for a major #deadgame LUL
When ppl try to joke of someone's misspelling EleGiggle
Isn't live a milk brand? So CSGO is dead and now is sponsored by milk ? Dead game 20k Final Valve Sponsored Event LUL
———————————————————————— You have been permanently banned from this channel imGlitch
guys don't copy the name when you copy pasta FailFish
21 K VIEWERS ON A MAJOR FINAL ? DEAD GAME LUL
monkas_trihard_kappa_lul: Levixorz: guys don't copy the name when you copy pasta FailFish
BOOFlN: monkas_trihard_kappa_lul: Levixorz: guys don't copy the name when you copy pasta FailFish
@BOOFlN Levixorz: guys don't copy the name when you copy pasta FailFish
B0bbutttoast: BOOFlN: monkas_trihard_kappa_lul: Levixorz: guys don't copy the name when you copy pasta FailFish
AYYYYYYYY WHERE MY @ ? TriHard
no Aussie got a kill that round LUL
One MORE " xD " and I will throw myself from the window FailFish
You dont copy the paste when you copy the name FailFish
ty for slow down talk speed :D
LPLEB4TOR: You dont copy the paste when you copy the name FailFish
Ez 4 best aussie player :D
8:41 Shredderxz: if you copy pasta this I'm out FailFish
If I see one more i'll drink bleach Kappa
Twitch Prime lDreaMv: 8:41 Shredderxz: if you copy pasta this I'm out FailFish
rickeh is playing his best play in his csgo life LUL
"knowledge of the map"? more like "knowledge of the HACK" HAHAHAHAH MVGame
OUR BEST PLAYER IS THE PROBLEM 4Head
CLG RICKEH > RNG RICKEH LUL
if you copy pasta this I'm out 4Head
dont copy name when you copy pasta FailFish
2:46 Verified Itani: dont copy name when you copy pasta FailFish
Twitch PrimeTwitch Primeinnos_: 2:46 Verified Itani: dont copy name when you copy pasta FailFish
Twitch Primeinnos_: 2:46 Verified Itani: FailFishdont copy name when you copy pasta FailFish
Twitch Primeinnos_: 2:46 Verified Itani: dont copy name when you copy pasta FailFish
coldan01: Twitch Primeinnos_: 2:46 Verified Itani: FailFishdont copy name when you copy pasta FailFish
i'll go even further and copy the time @Itani Kappa
KrassNerr: coldan01: Twitch Primeinnos_: 2:46 Verified Itani: FailFishdont copy name when you copy pasta FailFish
Dont copy name when you copy pasta FailFish
ECO FRAGS STILL KILLS WOAW PogChamp
jerka_: zippymeister: jerka_: Twitch PrimeTwitch Primeinnos_: 2:46 Verified Itani: dont copy name when you copy pasta FailFish
Twitch Prime Twitch Prime mcdrizzle_: zippymeister : jerka_: Twitch PrimeTwitch Primeinnos_: 2:46 Verified Itani: dont copy name when you copy pasta FailFish
Twitch Prime mcdrizzle_: Bubblebrick: LULzippymeister: jerka_: Twitch PrimeTwitch Primeinnos_: 2:46 Verified Itani: dont copy name when you copy pasta FailFish
haHAA Vrooomster12: Peaceling8: zippymeister: jerka_: Twitch PrimeTwitch Primeinnos_: 2:46 Verified Itani: dont copy name when you copy pasta FailFish
Primeinnos_: 2:46 Verified Itani: dont copy name when you copy pasta f FailFish
Shredderxz: If you copy paste this you will get banned FUNgineer
Twitch Prime Shredderxz: If you copy paste this you will get banned FUNgineer
KrassNerr: Twitch Prime Shredderxz: If you copy paste this you will get banned FUNgineer
MAN THIS GAME IS BORING IF THE CHAT IS CONSTANTLY TRYING TO HAVE FUN BY COPY-PASTA THINGS ResidentSleeper
WHAT MORE CAN JKS DO NotLikeThis
how can cs go be a family show when it's 17+ LUL
📞 HELLO LAUNDERS 📞 GABEN HERE 📞 LAST MAJOR 📞 4Head
EMPTY CROWD FOR A MAJOR 4Head
:telephone_receiver: HELLO IMMORTALS :telephone_receiver: KNG HERE :telephone_receiver: LAST MAJOR :telephone_receiver: 4Head
Press F to pay respects to Renegades PRChase
📞 HELLO SK ? 📞 BANANA HERE 📞 PLS RUSH 📞 4Head
22k watching a major rofl cs:go is basically dead FailFish
GUYS LETS TYPE OUR NAMES BACKWARD 4Head
Launders and Blue casting a major final LUL
200 IQ 200 IQ 200 IQ PogChamp
NA AND LAYERS OF THINKING LUL
My belly is huge My breath is smelly you guess it right I play PUBG 4Head
📞 HELLO CLG ? 📞 RENEGADES HERE 📞 PAYMENT RECEIVED 📞 4Head
WHEN YOU NUT BUT SHE KEEPS SUCKING SabaPing
danke man, hast mir echt geholfen Kappa
nächstes mal wenn ich mir ein glas salz reinschütte denk ich an dich KappaPride
23k people and no spam? TriHard
That was an ... awptical Ilusion Kappa
Give me back old dust bleedPurple
Renegades are really COUNTERING THEIR KNOWLEDGE DatSheffy
"new" dust 2 is the same map LUL
Anyone lost FPS in new dust? ResidentSleeper
Only the Dankest memes amirite chat? Kappa
losing the game. nearly fail the spray. tbag him anyway to show dominance DatSheffy
he shot because he saw part of his body....come on FailFish
going to college so you can flip burgers anyway Jebaited
@BluestJumper Thank you for your approval :)
@Insomniuhh Yeah, I figured that much. I enjoy it just as much. Just not enough to cast it Kappa
@fencepo Heard that too. F´d up emphasis LUL
📞 Hello Clg 📞 Renegades Here 📞 Stop Cheating 📞 LUL
8-2 > 9-9 fucking NA CHOKE LUL
Guys will CS:GO run on my Ti-84? Kappa
will CSGO run on my mx440 Kappa
@PRESlDENT__DONALD__TRUMP Screw those haters and losers LUL
5 Hour Energy more like 5 hour CHOKE LUL
📞 Hello @presldent__donald__trump 📞 Clg Here 📞 Were Cheating 📞 KappaRoss
rickeh throwing for his former team LUL
one more and i'm out, it's so annoying! LUL
nifty and naf is 100% na player LUL
Almost less than 10 hp PogChamp
SPAM THE CHAT MY DUDES KappaPride
@ze_donger your mom is a bot idiot :)
📞 Hello Clg 📞 Clg Renegades Here📞 Your Bad Kid 📞 LUL
@Arluem12 wtf who is guishorro LUL
@Insomniuhh your mom plays for gale force :)
any monkayS in chat any monkayS in chat TriHard
one more "xD" and i'm out FailFish
DELAY BRAIN = NA CS Kappa
📞 HELLO CLG 📞4Head NRG HERE 📞 SEE YOU AT AIRPORT 4Head
📞 Hello Clg 📞 Renegades Here 📞 Get Good 📞 LUL
@MichaelOfRS good you deserve it :)
💭 'wtf this bibba do' cmonBruh
📞 Hello Clg 📞 Renegades Here 📞 Eat Shit 📞 LUL
HOW IS THAT TEAM HOUSE?! SwiftRage
CLG wins! A trip home 4Head
who even wears chinos anymore LUL
500 MAJOR VIEWERS DEAD GAME LUL
1K MAJOR VIEWERS DEAD GAME LUL
this is major semifinal idiots not finals FailFish
csgo major only 2 billion viewers dead game LUL
📞 Hello NIFTY 📞 Gaben Here 📞 Your Being Banned 📞 LUL
One awp mid up MID , 3 B LUL
25k on major finale ded game LUL
best player is NA on AU team LUL
This is not a MAJOR FailFish
GUYS ITS MAJOR BUT NOT FINAL Jebaited
CSGO MATCHMAKING ONLY 200 BILLION VIEWERS DEAD GAME LUL
@mikedarkknight you expect americans in the major, so they can lsoe and we can get some good laugh LUL
Only 25k on a major finale. Ded game LUL
NOT A MAJOR GROUPSTAGE BTW LUL
CSGO MATCHMAKING LuL ONLY RUSSIANS LUL
MY BELLY IS HUGE MY BRAIN HAS DELAY YOU GUESSED IT RIGHT I'M FROM NA. EleGiggle
MY BELLY IS HUGE MY BRAIN HAS DELAY YOU GUESSED IT RIGHT I'M FROM NA. . EleGiggle
@solipzism & @pudding_thief I am so proud of our boy Laundo, he is doing so well today <3
MY BELLY IS HUGE MY BRAIN HAS DELAY YOU GUESSED IT RIGHT I'M FROM NA. ... EleGiggle
THANK GOD WE HAVE THAT NA PLAYER BlessRNG
why not just go b LUL
MY TEETH ARE FUCKED MY BREATH IS SHIT YOU GUSSED IT RIGHT IM FROM EUROPE EleGiggle
clg didnt kick cutler for NAF when they had the chance LUL
CLG IS WORST EVER I SEEN LUL
📞 One taxi for 5 please 4Head
: 📞 HELLO CLG 📞 NRG HERE 📞 SEE YOU AT AIRPORT 4Head
"counter logic" is an appropriate name 4Head
FNS keeping galil and not giving it to ethan FailFish
clg didnt kick cutler for NAF LUL
do it for Kirin J Callinan PogChamp
koosta overrated cutler outdated FNS jebaited CLG eliminated Jebaited
📞 Hello Clg 📞 Renegades Here 📞 GG Noobs 📞 LUL
: 📞 HELLO CLG 📞 AIRPORT HERE 📞 PLANE IS READY 4Head
poor ethan and rickeh having to put up with those spuds LUL
FNS can do his podcast now LUL
📞 HELLO CLG 📞 TAXI HERE 📞 I'M WAITING OUTSIDE 4Head
CLG would have won if RNG wasn't hungover LUL
WHY NA STILL PLAYING CS? GO BACK TO COD LUL
nifty be like "too close bruh" cmonBruh
📞 Hello Clg 📞 Renegades Here 📞 Your Plane It Waiting For You 📞 LUL
DONT CARE ! MOVE ! GO LDLC SwiftRage
Nifty actually doing a good interview PogChamp
nifty's position is kinda pala related :D
MY BELLY IS HUGE MY BRAIN HAS DELAY YOU GUESSED IT RIGHT I'M FROM NA EleGiggle
📞 Hello Clg 📞 Renegades Here 📞 Meet You At The Airport GG Noobs 📞 LUL
what a BIG semi final that will be 4Head
nifty bench press 110000 kg LUL
, HELLO FNS 📞 KNGV HERE 📞 QUE OTA? 📞 4Head
YOU COULD DO BETTER STUNNA LUL
📞 Hello Clg 📞 Renegades Here 📞 Suck Our Skills 📞 LUL
FaZe feels threatened, the meme masters have been keeping a close eye Kappa
📞 Hello Clg 📞 Renegades Here 📞 Go Back To PubG 📞 LUL
@Cody1000k <--- u taking my bait SabaPing
everyone said CLG what are you talking about LUL
@Lord_Baller Gamble free coins because you can't buy them 4Head
WOW that seems really interesting (sponsored comment) PogChamp
NOW i can PLAY outside while its raining PogChamp
📞 Hello 📞 Mr.Destructoid Here 📞 My Keyboard 📞 MrDestructoid
good night chat, have a good night <3
is anyone watching from europe? its 4am here :D
A monitor playing csgo alone LUL
How 2 drop cases mates ? LUL
when a major has 16k viewers FailFish
I don’t like when tournament in usa TearGlove
Love Dogs Love Cats team Jebaited
@grizzlies what do u mean hes not playing anymore, is he dead??? WutFace
📞 Hello Youtube 📞 Twitch Here 📞 Your Money Now Belongs To Us 📞 imGlitch
@BeeDaJeenyus i always use ad blocker :D
aiite thanks to who ever told me to reload page :D
What type of subway was that? WutFace
ya vraiment 0 fr sur le chat ? Kappa
@zboubdelephant il ont tous 10 piges , donc non il dorme Kappa
niko didn't like him so he got benched 4Head
LDLC wins ill give away a kara safari mesh :D
@KnightsWind renegades and clg just played cmonBruh
have to root for ex6tenz because hes all the french scene has Keepo
not dust 2 noob pro teams LUL
KQLY GOT BANNED FOR THIS ? DansGame
ldlc fans go slep pls FutureMan
Dust doesn't like Nuke, if you are like him you don't like Nuke either Kappa
Cail to Colorado is so far LUL
comment j'aimerais les LDLC mettent 2/0 pour fermer des bouche ;)
📞 Hello Twitch Chat 📞 LDLC Here 📞 Were Going To Kick A** 📞 Kappa
THEY ARE HIGH AF LETS GO KappaPride
NUKE+ BLU NUKE+ BLU NUKE+ BLU NUKE+ BLU NotLikeThis
mouz didnt loose against forcebuy PogChamp
720p for major stream gg dead game LUL
CEUNTER STRAKE IN 2 K 17 LUL
Mark my D, LDLC will win this 16-3 Kappa
19K AT A MAJOR FINAL LUL
18 million in the arena PogChamp
THAT CLUTCH OF HELL HOLY SHIT PogChamp
LDLC picking a map they already lost on LUL
I heard Ex6TeNz was a good IGL? LUL
Launders way funnier this event LUL
DIESER CHAT IST JETZT DEUTSCH DatSheffy
das furer would be proud Kappa
why can these people in chat not spell Dutch Kappa
@zudeno so he doesnt get heard youre clearly smarter than pro players LUL
2k viewers for this CoD major LUL
20k VIEWERS IN DOTA3 MAJOR DEAD GAME LUL
LDLC choosing a map they can' play LUL
They saved cuz Alex is stupid and went solo with the bomb FailFish
LDLC securing A site when they dont even have bomb FailFish
Rushline turn on your monitor Kappa
@dille1488 and u are with us Jebaited
Don't talk in chat unless you're high ranked player in MM (gold nova 2 or higher) FailFish
gold nova 2 = high rank LUL
@xiTuner getting b8'd by an old meme LUL
pq os gringa zoa nois? :D
Please Don't talk in chat unless you're high ranked player in MM (gold nova 2 or higher) FailFish
@420FC IM S4 MOUZ IS HACKER BabyRage
Looks like me playing MM LUL
@stancedexodus, i'm gn3 so i know they are not hacking Keepo
no wonder chrisj is playing well LUL
"fully legal" >still federally illegal Jebaited
NRG LOST 2-0 TO THIS LUL
LDLC is waiting for the clean sweep CT side FailFish
ONE MORE "OwO" AND IM LEAVING Kappa
I FUCKING GOT A 3 MIN AD JUST BECAUSE I DIDNT ENTER EARLOR, THX TWITCH 4Head
These tactical pauses from LDLC ResidentSleeper
Ldlc not french team NA education LUL
DEE SEE DEE SEE DEE SEE BEST NOOBS IN TOWN LUL
Dabbing oneself out of existence in 2017 LUL
MAC 10. SEIZED ISNT IN MOUZ LUL
EX6TENZ OUTDATED MANIAC OVERRATED DEVIL JEBAITED LDLC ELIMINATED Jebaited
JebaitedJebaited EX6TENZ OUTDATED MANIAC OVERRATED DEVIL JEBAITED LDLC ELIMINATED Jebaited
LDLC doing the same shit over and over expecting different results EleGiggle
WARNING ⚠: The emote “ “ will be removed after 10 more uses due to connections to racism. Please do not spam in the chat . TriHard
comes e bebes is rio PogChamp
WARNING ⚠: The emote “ “ will be removed after 10 more uses due to connections to racism. Please do not spam in the chat , TriHard
its okay guys, CT sided Kappa
11 12 13 14 15 PogChamp
monkaS monkaSChannel: monkasenBetterTTV Channel Emotes :point_right: TriHard
x6 deag but teammates have 1200? LUL
PUTIN MAIS C EST QUOI CA FailFish
WARNING ⚠: The emote “ “ will be removed after 10 more uses due to connections to racism. Please do not spam in the chat' TriHard
"PUSH THE SMOKE" GOOD CALL LUL
WARNING ⚠: The emote “ “ will be removed after 10 more uses due to connections to racism. Please do not spam in the chat TriHard
Never seen Devil play a LAN without at least 1 tk LUL
Lemme push through smoke without even flashing must be LDLC BrokeBack
DreamHack : We’re behind schedule! LDLC : Say no more. Hold my beer LUL
chrisj literally rush a strat LUL
LDLC picked this map because they just want to go home 4Head
Its such a shame that an emote with a black persons face cant be used responsibly by twitch chat too many racist kids who dont understand the consequences of their actions :(
frenchies better at real combat LUL
CHAT COPIES ANYTHING BETWEEN EMOTES 4Head
1v4 1 hp clutch inc Kappa
ldlc is such a garbage team LUL
what happened to ropz face :(
bon bah c'etait une bonne game ça Kappa
ChrisJ default galil thats the secret PogChamp
losing 16 -4 against mouz on this map yesterday, picks it again LUL
highlight from nova 2 mm LUL
just a little bit closer Jebaited
Nice major... better than pgl atleast LUL
@Salty_2k17 We all know no one is waiting on you LUL
ok guys my right hand is the only thing waiting :(
shroud: "I've baited enough kids to my stream. Thanks Mr. Gaben. Good luck with your dead game" LUL
17k viewers on a CS MAJOR ? cs is dead game LUL
DreamHack : We’re behind schedule! LDLC : Say no more, fam. We gotchu LUL
some people are saying it's not a major. like c9 plays minor tournaments LUL
major final only 18 k viewers this game is so dead LUL
grand final only 18k viewers LUL
MAJOR FINAL 19 K VIEWERS THIS GAME IS DEAD LUL
18K VIEWERS IN MAJOR FINAL LUL
overwatch is a more alive game LUL
mouz guns looks like GN MM 4Head
Lmao LDLC make major final just to do this LUL
📞 HELLO LDLC 📞 AIRPORT HERE 📞 YOUR PLANE IS READY 4Head
@pocarela yeah lol, i like getting Jebaited
Ldlc sucks SO DAMN BAD LUL
MisterMonopoli: Stop they're already dead BibleThump
This looks like a real game, thank good its just the warmup LUL
LDLC WAS THE EU QUALIFIER 4Head
betting on the wrong team LUL
LDLC vs NA Ezpz vs EU Oshitt LUL
@loafxd MAJOR VEIWERS DEAD GAME LUL
ME ORC ME SPAM NO MOD NO BAN ! SMOrc
ME ORC ME SPAM NO MOD NO BAN . SMOrc
@coleridge49 18K VIEWERS MAJOR FINAL CS IS DEAD LUL
1 v 3 ? sap caster LUL
Lul D Lul C haha LUL
@loafxd MAJOR VEIWERS DEAD GAME AM I FUNNY YET GUIZ? LUL
i want 7-1 but i want 16-0 NotLikeThis
guess we know what LDLC is offline LUL
20k viewers for a cs:go major what the actual? I remember when a simple qualifier would net 120k viewers. Pity. FailFish
LDLC has pub strats go A or go B only call 4Head
nice LDLC you won 1 single round yeaaa LUL
LDLC thx for perfect Bra71L setup Kreygasm
HEY EU NICE MAJOR 20 VIEWERS 4Head
this is a fair match Kappa
i have 500$ on LDLC :(
1 pushed, with bomb... and one ran away to save... nice teamplay FailFish
@shadowscheme3 They lost their own pick but won 2-1. AU CS LUL
it has to be embarrassing to be this bad LDLC LUL
REMEMBER WHEN PEOPLE WANTED TO1NOU TO BE PART OF THE FRENCH SUPERTEAM LUL
MOUZ VS CLOUD9 CLOUD9 WIN PogChamp
mouzsports coach is like I'm ready to go home Kappa
@foziegod WHAT A ENGLISGES IN A CHAT PogChamp
Beta dreamhack with beta teams and beta hosts beta casters LUL
@Powah999 Titan were best in the world at one point. How long you been around? LUL
ldlc still better than NA team LUL
D C without online cheats LUL
ldlc hack online for sure LUL
ldlc took 3 rounds already this series PogChamp
0 - 0 - 12 PogChamp
its bit harder without cheats yep baguettes? LUL
@Grimzzz mouz really isn't playing that good...LDLC just has no talent except with online connection benefits LUL
@foziegod Get better England first then you can talk LUL
0 IQ 0 IQ 0 IQ 0 IQ 0 IQ 0 IQ LUL
1 - 1 - 13 PogChamp
those moe fails need to be spammed Kappa
there is bad and then there is Pathetic LUL
ONLY 20K DEAD GAME CSGO LUL
MY NAME IS DEVIL I AM A BAITER, SEE YOU ON THE SITE A LITTLE LATER CoolStoryBob
its not me, its my connection because its an even match LUL
20K DEAD GAME CS DIE LUL
take a timeout to figure out to rush b LUL
OoOoH pApA cHrIsJ nOsCoPe Me So HaRd PogChamp
there is being unlucky and just being terrible at offline matches LUL
Hi LDLC your flight leaves in 20min hurry up HeyGuys
pls still invite ldlc to big lans instead rly good teams LUL
its ct sided and ldlc will comeback now Kappa
no this is CT Sided Kappa
ROPZ GOD NEW SCREAM GOD HYPE BEST SMURF IN THE WORLD <3
I was on a different tab but 14-1 14-1 14-1 14-1 14-1 LUL
16-2 1st game, 16-2 2nd game :(
I'm just happy to see LDLC at lan, hope they keep improving :)
14 - 16 coming, ohh its not a chinesse mafia tournament 4Head
2 more rounds, nice fix LUL
ji ji has been called DendiFace
Up up down down left right left right B A select start Kappa
Live is a sponsor guys DarkMode
how can I donate to this channel? Kappa
WARNING ⚠: The emote “ “ will be removed after 10 more uses due to connections to haHAA. Please do not spam in the chat. LUL
14 - 16 coming, ohh its not a chinessw mafia tournament LUL
what are you doing maniac... FailFish
5:22 am now here in germany :D
My name is Oskar I'm a big baiter I'll see you on the bombsite A little bit later Jebaited
portugal is a region in spain right? 4Head
pro games should have take control like you can on bots 4Head
pressure is on you will be kicked Kappa
NO CHINESSE TOURNAMENT = NO MAFIA 4Head
Ropz should find a ropez Kappa
that was without ropz though 4Head
is that the real c9 flux @C9FluX PogChamp
@C9FluX and I'm afraid you're a nobody with 0 followers on twitch LUL
when people look at twitch followers LUL
I don't understand, I'm not intelligent enough BibleThump
