we still have clg red don't worry Kappa
Gambot will win again ez LUL
dreamhack zowie is brought to you by zowie damn that's surprising Kappa
@ZorlaQ north isnt playing, its North ACADEMY LUL
i was just watching the reruns LUL
shit i thought it was the real north team :(
where are my re runs BabyRage
No swedish teams in a swedish tournament... Not even fun to watch.. LUL
@maxxie14rut navi is sick though good choice :D
no SWE team in dh BibleThump
@maxxie14rut i feel ya i am a fnatic fan :(
@frossaren vi har danskar att hejja på istället :p
Just a 100k event bye, cya guys at major :(
did Rise Nation merge wwith Tyloo? Kappa
Just hand him the loaf..man... 4Head
swedish event no swedish players Kappa
anyone know if i should try to play cs with 1.4mb download? :o
2 X Gods on different teams PogChamp
Tarik har more views then this channel atm :D
NA people complaining about no crowd, pepople here actually have jobs to go to EleGiggle
4 stewie and 1 X GOD Kreygasm
@prius @LeXCS @virtus verified people are invading chat WutFace
major final and 3700 viewers 4Head
rise is good on that map but MYTHIC is better :D
@jpetersson oh major is what made you laugh? not final or that csgo is dead? LUL
1 billion dollar major and only 5k viewers DEAD GAME LUL
hey @prius i fucking love you bro <3
Pansy back in CS GO whyyyyyy FailFish
pansy and... who dat :thinking: PogChamp
6K VIEWERS CS:GO MAJOR DEAD GAME LUL
SlippySlickShot first winter month started today, guess u can expect it in the whole country :)
Only 7k viewers for a Major LUL
its not a major @Toombsi FailFish
@iGalaxzy Rise qualified for a Major LUL
who was waiting for pansy + in a fucking chat Kreygasm
PowerUpl PowerUpr ZAPYSKAEM KOLDYNA RABOTYAGI Kappa
@filipbest0329 They only play one map :)
Good @DreamHackCS , no 1 Day- Delay Kappa
@jedimastercara im a legend of the game bro Kappa
@jedimastercara guess so is every global elite since they are 11% of the entir ebase Kappa
3v5 with CT with CT SIDED LUL
3v5 with CT on CT SIDED map LUL
BET MY WIFE AND DOG ON RISE LUL
bet my house on rise 4Head
Bet you wife on Rise pls LUL
Gambit vs Pistols is always FailFish
is that mofo from LOTR? LUL
@pimpcsgo show us some trick PogChamp
CZ OP DOESNT WANT GUN LUL
NA premier players vs Major Champions LUL
NA NA NA NA NA LUL
easy for gambit i suppose BloodTrail
@pimpcsgo when am i going to buy a new major sticker with your name on it Kreygasm
KKona + = RISE NATION MingLee
vote surrender like the french BibleThump
Canada = French = forfeit white flag LUL
PAM THIS ASIAN TO HELP RISE NATION AsianGlow
spam minglee to help Jonji MingLee
No one at the Major LUL
wait Rise have a chance PogChamp
10K viewers for major finals dying game Kappa
NA CS trying to beat gambit LUL
Luck can only carry you so far. LUL
silver NA tactic actually worked LUL
Pansy sound more girly now LUL
ace with the potato reaction time LUL
14k viewers on major final csgo is dead LUL
Pansy sound like a girl now LUL
@lexcs moose is choking bro :(
Pansy improved a lot eh ? Kappa
When is gambit gonna start trying LUL
Gambit throwing so they can finally play Navi LUL
NORMAL WORKING DAY IN EU PEOPLE HAVE JOBS LUL
Gambit 16-3 FaZe, Gambit 6-4 Rise already, Rise Nation > FaZe LUL
NORTH AMERICAN COUNTER STRIKE GLOBAL OFFENSIVE LUL
@Headhunter_93 According to the GoP Europeans are all kommunists sitting in their couch wanking off getting money from the state LUL
SoSnowy why is it snowing in chat NotLikeThis
hyper intelligent plays by Rise LUL
Gambit playing at 20% rn LUL
Shroud let me down can I be proud of Rise? FeelsGoodMan :(
hi I'm Jonji the minglee MingLee
FeelsBadMan help me im stuck WutFace
90k viewers and no golden check? Kappa
NA CS NA CS NA CS LUL
RISE NATION ON LAN I AREN'T THINK THAT LUL
THEY CANT HIT BLIND PLAYERS THIS IS NOVA MM FailFish
Rice nation < NOVA 3 LUL
What are we looking at here? FULL SPECTRUM NA CLOWN FEST LUL
IS THIS GOOD ENOUGH TO GET A RESPONSE BACK PicoMause
I'm in NA and I haven't gone to sleep yet LUL
Anyone thinking Trash Nation had a chance LUL
EU premier > NA premier LUL
@LeXCS ahahha love u bro <3
spunj even ur better than rise nation PogChamp
WhatAYolk IceCold WHO FROZE MY BREAKFAST BabyRage
NA tactic what was that? LUL
maybe Rise Nation should try playing league MingLee
IceCold NOOBS CANT PUT THE IN THE ICE LUL
Gambit and Avangar suks at ct on mirage :(
GAMBIT JUST DON'T GIVE A FUCK ABOUT THIS GAME LUL
MOU IS NOT EVEN BEST AWP ON HIS TEAM LUL
hello Rn fan gayss why so quite KappaPride
Hobbit carry gambit like cold carry sk SeemsGood
SEND THIS TRASH BACK TO NA PLS LUL
PogChampPogChamp + = GTChimp . TriHard
don't copy the name idiots FailFish
LawnmowerWorkout: don't copy the name idiots FailFish
18k VIEWS MAJOR FINAL DED GAME LUL
Don't copy the name when you copy the pasta FailFish
@1sakh They only play one map :)
16 - 14 WE RISEEEEEE BabyRage
H0BBIT 32 KILLS PRO GANE LUL
one more "LUL" and im OUT FailFish
MY BOI ACE GREW UP SO FAST BibleThump
rise nation or rice nation? MingLee
how are they ready for these sound effects WutFace
@h2xero theres an na team playing, no way its a major final LUL
Rise never had a chance LUL
dont need practice against na LUL
NO PRACTICE NO DEMOS TOO EZ LUL
we didnt prepare so ez PogChamp
LOSE TO C9 IN SEMI LUL
