so russki as russki can be LUL
10 minutes of reasons coming up. ResidentSleeper
s1mple on of the best?????? LUL
@geifmonkeybsns They only play one map :)
Does he have a problem with his neck ? DansGame
flamie is so bad right now LUL
When you need ot make the word count 4Head
3 reasons are the players in a team game? CoolStoryBob
3 reasons = 3 players 4Head
damn i could be an analyst too FailFish
3 reasons = 3 players BrokeBack
every CS Tournment without Sadakist is and Henry G is ResidentSleeper
15k people watching cs go tournament dead game LUL
15k viewers CSGO dead confirmed LUL
sk not even invited they wanna make sure EU teams win LUL
16k VIEWERS MAJOR FINAL CSGO DEAD GAME LUL
16k viewers for a major finals. dead game LUL
@galis07 Games are best of one for today :)
16K VIEWERS MAJOR GRAND FINAL CSGO DEAD GAME LUL
mel0n_tv Smart ass not a major ;)
why do casters talk so much cmonBruh
@CatTheFireMagic issa joke nerd anomPapa ;)
this is a major guys, trust me LUL
@tiktak___ They only play one map :)
mel0n_tv First i'm not nerd 2. You are just r3tarwdd :)
If pimp subbed in foe es3tag they would win Kappa
700 billion of people and only 17k watching, this game is dead ResidentSleeper
MAJOR FINAL 17K VIEWERS DEAD GAME LUL
HAha WTF major final and 18k viewers :D
@RARE_PEPE_FROG people are still at work cmon :D
@onetaphs They only play one map :)
watched 5 ads just to see more of them 4Head
@DreamHackCS getting children into gambling? DansGame
18k not a dead game PogChamp
stupid ass monitor has wings on it LUL
19k viewers for major dead game ResidentSleeper
whole mother RUSSIA plays dust 2 LUL
holyshit why are we waiting an hour for a game NotLikeThis
game still hasn't started yet EleGiggle
i have 0 ads because i use an adblock :)
KKona IceCold SoSnowy \ ICEBARRAGE TriHard
TFW a Tier 2 event has better production than the Blaze shit show LUL
jom_mailbox 20 hours u say? Why am I not surprised NotLikeThis
I really do love em TriHard
@turarovttt but navi will win VoteNay
navi in dota n cs LUL
Cmon when does it start?? ResidentSleeper
@AGNick It's in your head Kappa
jAdAwOP are you special? its on the screen FailFish
Game should be just around the corner <3
@PimpCSGO i love u pimp <3
@dendithebos They only play one map :)
Dont be mad, thats funny LUL
who is vince I only know metuz Kappa
Budget Anders and budget Niko LUL
@poeyaheheh think what you wanna think idc :D
20k on major? Dead Game LUL
there are actually people in the crowd now PogChamp
for real. 20k viewers RIP cs :(
21k MAJOR FINALS. CSGO DED GAME LUL
Valde Vs S1mple with 8 bots PogChamp
Navi wins > plot twist cmonBruh
kills are just a number DendiFace
@xkreepz u can get perm ban for that LUL
kills are just a number 1 DendiFace
We need HYPE guys TYPE HYPE IN CHAT GivePLZ
1 kills are just a number DendiFace
3/ kills are just a number DendiFace
4 kills are just a number DendiFace
22K VIEWERS ON MAJOR FINAL LUL
I think its gonna be tough game for Na'Vi CurseLit
@/kills are just a number DendiFace
JW VAC BANNED CHECK HLTV PogChamp
LuL SantaHat only the real can wear santa hat LUL
z kills are just a number DendiFace
zx kills are just a number DendiFace
why is it not going in the ice cube IceCold ResidentSleeper
aw kills are just a number DendiFace
s kills are just a number DendiFace
esse troféu da dh ta uma porra LUL
can you start the game ResidentSleeper
OK GUYS RELEASE YOUR s Kappa
Y nuat use ingam chat? Kappa
its Vince not Metuz Metuz retired FailFish
anders and semmler who said that LUL
D is noob with cheat LUL
START THE GAME START THE GAME ResidentSleeper
jesus christ, blast is leaking to dreamhack! WutFace
I maybe should go ask dreamhack to do a trick session while we are waiting between games pimpHype pimpHype ;)
25k VIEWERS MAJOR CSGO DEAD LUL
SoSnowy im in love with the coco TriHard
@PimpCSGO i always mute the stream when you talk :)
@PimpCSGO YES! GIVE US TRICKS Kreygasm
Im sorry to hear finn3gan :(
NOT EVEN AN ETA TO NEXT MATCH LUL
24 VIEWERS MAJOR WORLD CHAMPIONSHIPS CSGO DEAD LUL
Is this tech team really this dumb that they cant solve this issue? FailFish
players dont know how to set up local teamspeak server or dont know how to start teamspeak SeemsGood
24k viewers not a major CSGO is a life LUL
only 35 minutes late guys LUL
hey guys remember when CSGO wasnt a dead game EleGiggle
26k views, on grand final, dead game PogChamp
@danspro7 24k viewers major final csgo dead LUL
Its Blast all over again Kappa
Navi vs some green lines PogChamp
@LoneDent Heroic vs yellow lines PogChamp
Cs such a dead game LUL
Still no game, waiting for an hour EleGiggle
playing videogames in 2017 watching people play videogames in 2017 chatting in a stream about people playing videogames in 2017 4Head
24K VIEWERS IN A MAJOR GRAND FINAL LIFE OR DEATH SITUATION DEAD GAME LUL
24k viewers is not a major final u all are silver dead LUL
24k viewers major final csgo dead s LUL
why they just dont show casters or analythics is its less boring and they can do something for their money DBstyle
24k viewers on grand final dead game LUL
GTChimp BR FANS GTChimp GTChimp GTChimp GTChimp LUL
csgo ded 24k viewer MAJOR FINALS LUL
The worst thing is that you never know if the game will start in 2 min or in 2 hours... ResidentSleeper
214 million viewers major final csgo dead LUL
THIS DOG HATES DREAMHACK m OhMyDog
Counter Strike More Like Sleep Strike LUL
24k viewers Major final Csgo dead 4Head
THIS DOG HATES DREAMHACK g OhMyDog
CELEBRATING CHRISTMAS WITH TWITCH CHAT KappaClaus
24K VIEWERS MAJOR GRAND FINAL DEAD STRIKE LUL
@themsoum7 Games are best of one for today :)
Feels like Blast pro series Amirite LUL
25k people watching a replay LUL
Next game starts in 15 hours 14 mins Kappa
dreamhack and delays, name a better duo LUL
@ChristofferTJ :'D IT'S THE LOCAL TIME OMG :D
GTChimp GTChimp GTChimp GTChimp GTChimp Squid2
MATCHES WILL BE PLAYED OFF STREAM LUL
SantaHat LET ME REMOVE THIS HAT SoSnowy I SHOULDA HAD A SHOWER GTChimp IceCold BETTER NOW . NotLikeThis
SPAM THIS KAPPA TO START THE Game Kappa
would it even be dreamhack without delays? Kappa
@firedota_ Games are best of one for today :)
Stop wasting my dataplan DH 4Head
Dont pay the tech team dreamhack FailFish
at least they already showed a match unlike Blast series day 1 4Head
This is why Dreamhack will never host a major 4Head
7-4 heroic - they forgot to start the stream BabyRage
24k waiting for a rerun game LUL
DREAMHACK? VALVE HERE. LAST MAJOR 4Head
where is a mod ? lets eat him alive SwiftRage
HELLO DREAMHACK? TWITCH CHAT HERE START THE GAME!! SwiftRage
What is going on ResodentSleeper ResidentSleeper
attempting to distract people with boring trivia ResidentSleeper
EG WILL WIN OH WAIT ResidentSleeper
Why CSGO games never start on schedule? ResidentSleeper
Delay League Delay League Delay League Delay League LUL
@MrHyde26 so thirdies can watch too LUL
24 min and the problem not solved :(
This event is a BLAST 4Head
It was supposed to start at 15:00 FailFish
GUYS ITS NOT A MAJOR :)
spam this to start the game ResidentSleeper
I think they had to replace the whole COMP LUL
25k viewer csgo major dead game LUL
I'm going crazy ... LallALALlalaL BrokeBack
They do this bc they earn money from us waiting LUL
Hello Dreamhack Valve here This is Why no Major 4Head
Its called deamhack because you fall asleep ResidentSleeper
any in the chat today? TriHard
what its still on break after 30 minutes? LUL
wir braten die Wurst genügend lange, wir brauchen keine Bratwurstzange DatSheffy
@akari3600 Its a bait dummie FailFish
why the heck are all these tournaments so problematic nowadays? Kappa
soundcard what is this 2003? DansGame
DREAMHACK DOTA MAJOR ALSO DELAY LUL
Using sound cards in 2017 LUL
Sound in CSGO in 2k17 LUL
@hexiit Yeah the issze that the computers provided are not working properly 4Head
Matches will be played tomorrow 4Head
wtf is this music shit? LUL
just make everyone play without sound 4Head
matches will be played off stream 4Head
PUT ME IN A STEAK Kappa
30min late 30min late 30min late ResidentSleeper
this blast thing is so nice 4Head
dreamhack dead organizer 20k viwers in final LUL
SHIT PRODUCTION HAVE FUN FINDING NEW JOBS SOON LUL
HELLO DREAMHACK 📞 GABEN HERE 📞 LAST DREAMHACK CALL 4Head
HELLO DREAMHACK 📞 GABEN HERE 📞 LAST DREAMHACK 📞 4Head
CANT START CUS OF TS LUL
lets get it stared 'nananananana' so ironic LUL
Dreamhack (Blast) Dreamhack (Blast) Dreamhack (Blast) LUL
NA'VI PLAY 3 HOURS DELAY LUL
PLAY OR I GO KILLMYSELF LUL
they get more money delaying matches for ads than the actual tournament LUL
Real pros only use visual cues Kappa
today we just listening music LUL
Dreamhack or Blast Pro Series LUL
What is with all these ads... JK Twitch 5 extension here. Kappa
24K people came to watch ads LUL
24 k PEOPLE watching ADS ! LUL
Is that a 20min delay? What is this ? Blastseries ? Kappa
CORRUPT BUSINESSMEN CORRODING A DYING TOURNY LUL
Turns out they didnt have headphones plugged in LUL
24k viewers on a csgo major LUL
@FlipperMeTimbers its to hear casters LUL
csgo LAN events in 2017 LUL
24k viewers csgo dead game btw LUL
you all typing in chat while there is nothing going on LUL
running ads lmao holy poop ResidentSleeper
gj dreamhack, always a failure, like esl LUL
is this blast pro series Kappa
When was the last time a csgo tournament had no delay LUL
Guys, match will start tomorrow Look in hltv ResidentSleeper
Or maybe they are doing this intentionally to get more ads becasue theyre greasy mofos LUL
I LOVE THESE ADS MAN PogChamp
Enjoying the ADS so MUCH <3
guys dont bother, they're not playing LUL
more ads then break then more ads amk starttttttttttt ResidentSleeper
CSGO is getting less and less viewers with each tournament LUL
Longer breaks than the previous two games combined LUL
When does the next match start :c ResidentSleeper
@Jogurmeister ADS > CS GO LUL
@iamnct96 They only play one map :)
This music is actually good Kappa
Hello Dreamhack , Blast Here... you are giving us tough competition EleGiggle
nice admins cant fix soundcart issue LUL
CSGO DEAD GAME ONLY ADS LUL
RavenHR giving blast some competition Kappa
25k for a major DEAD GAME LUL
@vince yeah whatever... keep letting these mofos play ads for hours beceause theyre hungry for money LUL
Now censoring the chat cos they cant handle the backlash ResidentSleeper
no updates no communication just ads must be dreamhack ResidentSleeper
More ads than the Yu-Gi-Oh stream LUL
hello dreamhack Gaben here last major EleGiggle
Refresh The PAge Game started PogChamp
1 MORE MINUTE AND WE LEAVE SMOrc
REFRESH THE PAGE, Game started PogChamp
no update no communication ResidebtSleeper just ads must be dreamhack ResidentSleeper
T5 PRODUCTION to host T3 TEAMS LUL
wait, the match still didnt start? LUL
no update no communication just ads must be dreamhack . ResidentSleeper
REFRESH THE PAGE, Game started . PogChamp
DH STILL SETTING UP LAN Jebaited
S W E D I S T A N TriHard
24848 people watching this is end of the world NotLikeThis
REFRESH THE PAGE, Game started .. PogChamp
LAN SET UP FAIL _ DHw SW Prod Jebaited
at least the music is fine LUL
Major 20k viewers ded gen LUL
not even got insurance policy, like spunj and pimp 1v1s Kappa
25k and no spam ? Kappa
Must be 10 ADMINS now LUL
1job. Play the game = FAIL jasonrTHUMB jasonrFail LUL
Dreamhack your time is up LUL
cant build pcs correctly cant install teamspeak must be dreamhack 4Head
Tell them to plug in the headset first LUL
pls start fuckig dreamshit im joking :D
didnt dreamhack take note of the last CS event LUL
HEY DREAMHACK BLAST HERE NEED HELP? 4Head
At this rate games will be tomorrow LUL
ya really i have had enough LUL
just cancel all the matches Kappa
oh looka like i allready missed Navi Heroic Kappa
delay... they will play all the matches tomorrow LUL
Almost an hour delay Almost an hour delay LUL
wtf WALLEN VACOD FER FNXING PogChamp
North drop Magisk good choice LUL
DelayHack 2017 DelayHack 2017 DelayHack 2017 KappaWealth
AGO 45 - Pride 16 LUL
Games delayed, of course I check out the DreamHack store in the meanwhile CoolStoryBob
installing windows 10 in the newbcomputer LUL
WOW DON'T WE ALL LOVE DELAY SantaHat PogChamp
They borrowed Blast Series servers Kappa
ALL YOU STARING AT A SINGLE PICTURE FOR OVER AN HOUR LUL
DREAMHACK needs to be Fired LUL
best music ive ever heard Kappa
cant even have a BO1 match without huge delays LUL
GET THIS OVER WITH BEFORE I PISS MYSELF! SwiftRage
23k viewer and chat so slow, csgo dead MrDestructoid
any dreamhack subs here? / ResidentSleeper
Oh hey looks like Blast Pro is still going on 4Head
I coulda soldered a new Sound Card by now 4Head
@muck_fods actual odeag sub LuL WutFace
This new radio channel on twitch is pretty neat ResidentSleeper
its called dreamhack cause we fall asleep watching this and dream the matches Kappa
i love the dreamhack radio <3
"JUST A LITTLE BIT" (DELAY) LUL
they are still gonna talk LUL
I thought this was an ad stream DansGame
FORCE BUY ANDERS AND SEMMLER PogChamp
15 people in the crowd PogChamp
@yereminotirons Games are best of one for today :)
@g0tchai They only play one map :)
i just want to see electronic PogChamp
dream hack about as lit as a fire extinguisher LUL
ZEUS SAID WE FK UP. GG LUL
@bekicsgo I just want to see elctronic's KappaPride
i did nt miss the match xDDDDDDDDD LUL
IceCold someone unfreeze me when the game starts ResidentSleeper
BUDGET ANDERS > REAL ANDERS PogChamp
sound card issues in 2017 LUL
D R E A M H A C K EleGiggle
WE GOT JEBAITED SO HARD WTF DansGame
fucking small break again rip DelayLeague LUL
lets buy merch from dreamh ack store LUL
ok i guess ill do my taxes Kappa
R E D D I T P O S T LUL
CAN WE DO A LONGER BREAK THAN BLAST PRO SERIES PogChamp
break. u mean another 1 hour Kappa
hey guys when does the navi play? :)
Buy me pls on amazon and delivery in Russia iam give money CoolStoryBob
Sounds too good to be true. Kappa
Same sh*t every tournament no wonder CSGO viewership is dying FeelsBadMan IceCold ResidentSleeper
long we waited and got Jebaited
I love cs go delays <3
What is the most delayed event ???? a.dreamhack b.dreamhack c.dreamhack d. Kappa
This ad stream is top notch quality. Best channel to watch ads! :D
25k people have been watching commercial for an hour LUL= 4Head
HAHAHAHAAHAHA theyre still not playing? :D
you gave me summertime love KappaPride
"We are beack the problems have been solved." And another tournament what is sh*t LUL
Summer time love in the middle of Winter EleGiggle
ME ORC ME WANT MATCH ME SPAM NO MOD NO BAN .. SMOrc
ME ORC ME WANT MATCH ME SPAM NO MOD NO BAN SMOrc. SMOrc
ME ORC ME WANT MATCH ME SPAM SMOrcSMOrc NO MOD NO BAN SMOrc. SMOrc
ME WILL MORE SPAM IF MATCH CANCELL NO MOD NO BAN SMOrc
What? Is this CS stream? Where's the music??? DansGame
This is fake footage guys. It's still a delay. Jebaited
HAHHA start when they pick WORLD CUP groups LUL
The last time @DreamHackCS had this long of a wait kng got kicked from immortals Kappa
OMG it started after 90 minutes? PogChamp
NIKO LEFT FAZE FOR THIS PogChamp
Niko left Faze ? When ? PogChamp
electronic on navi ? finally PogChamp
I BET ALL IN ON HEROIC TY GOD LUL
This stream is so easy to mute. LUL
IceCube Be right back IceCube ANELE
MUST RECORD THIS TWITCH STREAM LUL
monkaS This stream is so easy to mute. LUL
see ya in 2 hours ResidentSleeper
Major in Sweden they said LUL
@QavTV Games are best of one for today :)
4Head4Head Hello Dreamhack Gaben Here Last tournament 4Head
@Skif_s he has been in a major rough patch from all the recent events ive seen navi in so maybe navi will be decent now LUL
go and $$$ for Heroic LUL
SantaHat IceCold SoSnowy Let me out BabyRage
imagne -zeus + seized? dream team Kreygasm
we waited so long for this? LUL
@walpertcs IceCold HUH I tell ya MAns not hot IceCold TriHard
HELLO TWITCH CHAT DreamHack here 3 More Hours 4Head
NAVI running a no buy strategy LUL
GG I'M OUT (C) SIMPLE LUL
The angle on the players look like they are ResidentSleeper
gw already proved thats not gonna work Keepo
5 force buys in a row LUL
ZEUS WINS THE MAJOR, LEAVES THE TEAM LUL
nothing works out vs a tier10 team LUL
Dont copy the name when you copy the PASTA FailFish
ZEUS BUY MOLOTOV AND BURN PLS DBstyle
wait waht how cant they buy LUL
Zeus has AWP instead of S1mple 4Head
SoSnowy SantaHat IceCold GET ME OUT OF HERE TriHard
just coughing in the mic LUL
FAKE NIKO LIKE A REAL PogChamp
niko left faze for this? NotLikeThis
niko left faze for this 4Head
HEROIC MOST UGLY PLAYERS IN THE WORLD Kappa
why did niko join heroic FailFish
WHY DID NIKO JOIN HEROIC AND LEAVE FAZE???? FailFish
zeus real gopnik adidas tattoo :D
G L A W K S RUSH B LUL
NAVI -Guardian + 2 Guardians LUL
if he is niko he'll play like niko but isn't he is niko BrokeBack
negan died in walking dead new EPISODE :o
s1mple ruined all team he was in Jebaited
thanks for the spoiler @MrCollie88 BibleThump
navi disband after this tournament LUL
34k viewers on grand finals dying game LUL
WHEN SOMEBADY SAID NAVI TEAM WAS SUPERTEAM DONT TELL JOKES GUYS LUL
@MrCollie88 i already saw it <3
dont talk unless youre practically a pro player (mg1 or above) FailFish
ez College Scholarship Fund $ on Heroic LUL
34k viewers major csgo dead LUL
SEIZED WAS ACTUALLY A PROBLEM FailFish
@ching01_ DreamHack Open random game LUL
NAVI IS BACK they said LUL
Navi never was good in CSGO what they won all this years 1 title? LUL
dreamhack tier 5 = navi still cant win anything LUL
@iblaze995 yeah he is a millionare so rich u just proved u are just a heter LUL
navi with guardian was without is LUL
SEIZED WAS THE PROBLEM SEIZED WAS THE PROBLEM V EleGiggle
simple is just decoy for 4200$ LUL
navi is loser Thx for money Cyka blyat fans :)
I miss the old NAVI :(
navi 1.6 > navi GO LUL
this NIKO --> BOTCLAN NIKO LUL
Köylü s1mple mk kürdü TakePLZ GivePLZ
JUNIOR FROM THE SOPRANOS LOOKIN ASS LUL
@Jinrai__ You dont even know he is toxic right now or not LUL
NAVI IN CS GO ALWAYS WAS A JOKE LUL
HELLO SEIZED NAVI CEO HERE CAN YOU SAVE MY TEAM? 4Head
@dontletyourdreams damn, most teams in cs are a joke aswell then LUL
@Jinrai__ You dont even know what toxic means, god damn. Typical twitch chat LUL
NAVI TROPHIES IN CS GO LUL
N A T U S V I N C E R 4head E 4Head
@nikom36 i have followed s1mple long enough to know typical fangirls LUL
SEIZED WAS THE PROBLEM SEIZED WAS THE PROBLEM L EleGiggle
zeus has to step up LUL
@Jinrai__ Oh you have known him in real life. You know what he is saying right now? Stop acting like you know everything and act cool by saying "fangirls". LUL
@nikom36 ask anyone who ever played with him delusional LUL
if i did that now i would have shot the opposite direction LUL
Now we know its a major Keepo
JUGI > Guardian, KennyS, Device, Wallen PogChamp
@iblaze995 where u at hater LUL
A beaultiful bang in the smoke KappaPride
BOTCLAN WILL BUY JUGI AND KICK BOTIAN LUL
37K watching major, cs dead game daily numbers for shrooooooooood LUL
NIKO PLAYS IN HEROIC NOW PogChamp
only navi's management in the audience LUL
NIKO KICKED FROM FAZE AND JOINED HEROIC LUL
he cleans everything with 1 paper LUL
SPAM THIS FOR HELP JUGI MingLee
SPAM MingLeeTHIS MingLeeFOR HELP MingLeeJUGI MingLee
34k viewers major final csgo dead as LUL
NAVI without GuardiaN NAVI without GuardiaN LUL
Chat, you do realise he doesn't have x-ray? FailFish
s1mple best player in the world my ass LUL
T I L T E D LUL
AK F U L L T I L T LUL
suddenly glock is as accurate as a railgun LUL
1 gun win the round ez 4Head
s1mple > tier 3 team 4Head
C H O K E LUL
how the fuck navi lost 4v2... Edward bot :)
s1mple 4 kills, team 0 LUL
s1mple 4k ....HOW... noob teammates NotLikeThis
S1MPLE MOVED FROM NA TO THIS 4Head
This is another lvl counter strike LUL
I want to be SLAMMED by SLAMWARD KappaPride
rushing ct is good against pro's LUL
hard to carry this navi team Kappa
S1MPLE USED TO BE TRASH NOW ITS GARBAGE LUL
I was about to say, Snappi. LUL
SIMPLE WOULDA RAGED IF HE LOST THAT LUL
@iblaze995 who is the idiot now so silent now hahahahaha LUL
Zues is the problem and the solution 4Head
@iblaze995 yea sure he baited nice another excuse from you hater haha LUL
NIKO LEFT FAZE FOR THAT LUL
That was a SAVAGE Deag Kreygasm
full buy vs 1 deagle LUL
2 vs 4 ? No problem Kappa
2v4 ITS NOT A HEROIC ITS A CLAUNONIC LUL
SEE YOU IN 5 SECONDS ResidentSleeper
navi 2 fullbuy vs 4 eco navi so good PogChamp
Jugi poisoned Device to make him sick so Jugi can join Astralis Kappa
JUST 1 MAN FAN OF NAVI LUL
this shampoo is very nice NotLikeThis
domo arigato Mr. Roboto SantaHat IceCold MrDestructoid
having problems against heroic navi trash LUL
Where the Pimp Fans at pimpHype pimpBiceps pimpPIMP pimpSub <3
Tyloo is absolute shit but better than these 2 teams LUL
Wall vs MODDII = RIP :(
Na'Vi will win the mfukin major LUL
CHAT GOING SO FAST NO ONE GONNA REALIZE IM GAY LUL
holy fuck these 2 teams are so bullshit navi struggling against a tier 2 team and heroic struggling against a shit navi LUL
@VickayyJ They only play one map :)
My pen is BIG and long Kreygasm
spend thousands on the 2 best CIS players, still struggle against a T3 team Kappa
@Vanillat_pm dat competitive analysis logics BrokeBack
H&M just a changing room ANELE
1g police here NOT A 1g BabyRage
Guys I love you all twitch chat youre the best chat of all time <3
FeelsBadMan This is my hat now SantaHat TriHard
peacemaker was the le fix 4Head
KICK ESTAG ALREADY! THAT NOOB LUL
''they cant find eachother'' </3 BibleThump
@VildeVildand They only play one map :)
damn navi's entire fanbase showed up PogChamp
NIKO CHANGED TEAM GUYS, CHECK HLTV PogChamp
/ IceCold my job is clean this glass Kappa
H E R O I C EleGiggle
haHAA SantaHat I swear i can see take the picture TTours
where can I see todays games? :)
KKona IceCold NA AFTER GLOBAL COOLING LUL
Cry is free Heroic fangay LUL
How many teams had Peacemaker as a coach? LUL
Peacemaker is the Maikelele of coaches LUL
@andrew10paul Games are best of one for today :)
45 k viewers? dead game LUL
s1mple english got so much better :)
Dont they teach english in school in ukraine? LUL
one and a hell week LUL
s1mple caught with his pants down Kappa
? ? ? ? ? ? ? ? BigBrother
WIN MAJOR IN YOUR DREAM LUL
Clap ayy you already know BigBrother
@dafuc_ They only play one map :)
SEIZED was the problem confirmed LUL
SantaHat Spam this tuna for good fortuna SantaHat SabaPing
@dafuc_ Games are best of one for today :)
Tyler 1 run down mid BigBrother
RIP NAVI GAMBIT X GOD WILL EAT THEM LUL
This interview is so long LUL
hi my name is Machine EleGiggle
PIMP TRYNA GIVE TIPS AND TRICKS LUL
pimpBiceps pimpHype pimpPIMP pimpPIMP pimpSub <3
JESUS FUCKING PIMP FANGAYS BEGONE WutFace
People still writing the major joke Dead people LUL
what is the guy in the middle saying FailFish
R A P G O D TriHard
2 rounds on the bird LUL
@PimpCSGO SHOW US SOME CASTING TRICKS ;)
@1Hugges pimpHype pimpBiceps pimpSub pimpPIMP <3
NEED TO SEE THE LOGO OF THE MONSTER LUL
ANY REAL IN HERE ? TriHard
see u guys in 2hrsfor next match Kappa
300$ for a keyboard nice try LUL
One more "xD" and im out FailFish
Why does the monito have ears? FOR NSA? BabyRage
Diffferent feeling of spray control LUL
zowie mice are so bad LUL
I don't see any ads ;)
my alienware is great for running OSRS Kappa
thank you, you are beautiful too Kappa
xbox and ps ads for pc gamers there we go Kappa
@Toastythetoastz ayy toasty pimpHype pimpHype pimpPIMP pimpSub <3
people who keep complaining about ads in 2017 twitch 5 = no ads LUL
@nijx your mum right you like pice of shit LUL
Who is waiting for Castro?? :D
GO BIG OR GO HOME <3
Only topic they can rap about is money LUL
do old emotes before new ones IceCold SantaHat SoSnowy TriHard
holy shit this shit sucks LUL
shit tournament, shit ads, shit music FailFish
SHOW ME DA F'IN MONEEE LUL
show me the money , only lyrics in song LUL
One more and im out TriHard
They added time to the timer LUL
@fire2k__ yeea man all is good i just ordered food so fuck yea :D
IceCold IceCube in da house IceCold TriHard
Black people are so dumb FailFish
Now thats what I like to see pimpHype pimpBiceps pimpSub pimpPIMP <3
(insert anything here) in 2017 LUL
monkaS ReinDeer IceCold SoSnowy :pick: SantaHat I GOT YOU BRUV 4Head
Envy wins i win more BIG wins i win less but still get profit :P BrokeBack
27K MAJOR - DEAD GAME LUL
NO BUG NO WIN BIG LUL
@riczcs They only play one map :)
its a BIG enough crowd LUL
Why pay for it, when you can see it for free at home? LUL
Lans without NA teams = less than 30k viewers LUL
Happy + XMS = Twins LUL
@tremmhd Games are best of one for today :)
@RAKIB_007 They only play one map :)
FULFILL YOUR WISH BY SPAMMING THIS FISH SabaPing
8 guys watching very crowded LUL
Der Chat ist jetzt deutsch Der Chat ist jetzt deutsch Keepo
My hair has so much dandruff SoSnowy NotLikeThis
WHEN YOU NUT AND SHE STILL SUCKIN SabaPing
@Hardcoar They only play one map :)
Look at those teams, would you go to there LUL
My hair hasn't been washed in ages SoSnowy NotLikeThis
Black people are soo bad LUL
NV Vs " B I G " OpieOP
@usbgooodman Games are best of one for today :)
Give me the holybible i love jesus BlessRNG
@MrPecyna They only play one map :)
@MrPecyna Games are best of one for today :)
FiREPOWER pimpHype pimpHype pimpSub pimpPIMP pimpPIMP PogChamp
baguete get baited into big map LUL
@imortall01 Games are best of one for today :)
write "Bug gaming" in nov 2k17 LUL
yeah give it to em :D
who topclass analysis that if stars dont show up teams have a hard time LUL
fire this guy doesnt like crepe wtf SwiftRage
show us a smoke pimp Kappa
@kaliabi da hast wohl nicht was gesicht in eglisch heißt? HAHAHA :D
ONE MORE "xD" and I will drink bleach FailFish
if big used the offline pracc time easy for big tbh PogChamp
@trick2ag pimpSub pimpSub pimpPIMP pimpHype <3
GO BIG OR GO HOME SwiftRage
@forgotten_br Games are best of one for today :)
Anders? What happend to you Kappa
@jamie22224 Games are best of one for today :)
THEY ACT LIKE ITS THE MAJOR FINAL ResidentSleeper
LOVE YOU VINCE SHOW BOBS PLZ <3
@xTheKirA They only play one map :)
anders and semmler back to gether PogChamp
HAPPY AND XMS LOOKS THE SAME EleGiggle
go BIG or go HOME SwiftRage
33 K VIEWERS ON A MAJOR RE-RUN FINAL ? NOT DED GAEM LUL
THEIR VOICES ARE SO LOUD DansGame
@black_fire08 Games are best of one for today :)
Turning to Smoke and Decoy LUL
1 viewer at a major grand finals? LUL
noone picked to use blackbeard or thermite? Kappa
maybe scream ain't da best aim Kappa
not jumping at the cross FailFish
Crossing when he's spraying for half hour NotLikeThis
Happy with the one deags LUL
Are people serious when sthey are saying "nice hakcs" LUL
how can we win when valve keep fixing our strats BabyRage
USP free frag for BIG DansGame
SCREAM IS SO SEXY, IM MEN BUT I WANT FUCKI HIM! LUL
remember NO BUG NO BIG LUL
ICY SoSnowy SantaHat IceCold COLD PogChamp
rush m and rush a LUL
actually watching an LE game NotLikeThis
tabsen dies = round is lost LUL
Dreamhack has monkaS and EZ now they only need Clap PogChamp
@officialSiknastyy They only play one map :)
XMS + Sixer = RIP nV LUL
World War 3 Eu FNC vs Na C9 LUL
they dont even have 1 good awp LUL
XMS AIMING and SIXER BUYING LUL
Spam this nay To help RpK VoteNay
39k viewers on major final LUL
40k viewers in major final cs ded game 4Head
0 in audience in MAJOR LUL
39K people joking about major dead people LUL
VisLaud SoSnowy GTChimp SoSnowy SoSnowy PogChamp
40k viewers major final dead game s LUL
SPAM THIS CHEESE TO HELP KEEV StinkyCheese
Now nobody gives a left nut to take sixer out of the team uh LUL
who said -sixer again? Get Faked IceCold Kappa
Small kids in big team Kappa
spam if you want to see him naked@muffinshooter VoteYea
IT IS BUG VS ENVY? LUL
@KQLY Kukli vac banned ? Kappa
spam if you want to see him naked @mrdaveyy VoteYea
spam if you want to see him naked@rairecs VoteYea
spam if you want to see him naked@phwater VoteYea
spam if you want to see him naked @coachswag VoteYea
Im ready for Happy AWP OpieOP
spam if you want to see him naked@dolanduk_69 VoteYea
one more @kqly and im out PogChamp
spam if you want to see him naked@coachswag VoteYea
spam if you want to see him naked @9kbits VoteYea
spam if you want to see him naked@sublaimrs VoteYea
spam if you want to see him naked@wileykat VoteYea
OH AH OHH AHH wth is that cheer ? LUL
spam if you want to see him naked@malichx VoteYea
spam if you want to see him naked@izzatsektor VoteYea
He can do I can done TriHard
gob b > scream 1 tap LUL
this is the only time in history the french have beaten the germans. ww2 LUL
damn sixer came to play! PogChamp
I knew I was ready for Happy AWP LUL
NO BOOST SoSnowy NO WIN SantaHat LUL
am if you want to see my bobs VoteYea
@KQLY cheat loser lol nice life LUL
spam if you want to see me bobs VoteYea
spam if you want to see me bobs.. VoteYea
spam if you want to see me bob.s VoteYea
BIG GONNA LOSE AGAINST ECO LUL
@Froggy1233 Games are best of one for today :)
NO JUMP BUG NO WIN EleGiggle
Only the chosen one can put a SantaHat on the one and mighty Kappa
40k viewer in a major final LUL
CZ is the best gun, seriously FailFish
@meemzeh this is good too SeemsGood
Can this caste shut up, would like to see him play CSGO NotLikeThis
Everyone calling players in these big games plebs, I'd like to see you do better :)
losing to happy and sixer in 2017 EleGiggle
SPAM THIS CHIP TO HELP BIG DoritosChip
NO BUG 44Head NO BIG NO WIN 4Head
sizer has been practicing with kennys :o
THANKS CHAT Go SIMPLE go SIMPLE !!!!! FeelsGoodMan SeemsGood
You can't combo with FeelsBadMan IceCold TriHard
NO BUG NO BIG NO WIN 4Head
40K VIEWERS SUPER MAJOR CSGO IS DYING 40K VIEWERS SUPER MAJOR CSGO IS DYING LUL
One more IceCold and im out FailFish
DIESIER CHAT IS JETZ DEUTSCH DatSheffy
peaking when there's 10 seconds NotLikeThis
TABSEN BEST RIFLER IN BIG TABSEN ALSO BEST AWP IN BIG LUL
DatSheffyDatSheffy DIESER CHAT IST JETZT DEUTSCH DatSheffy
wtf thats a huge crown LUL
40K viewers and no Golden check? Kappa
LOL dead game dead game LUL
Don't mind me just looking for that jucy Kappa
natu may be the sickest shoutcaster PogChamp
@Pilavboyy Games are best of one for today :)
Happy - Mid tier villain LUL
SCREAM 0 TAP MACHINE SoSnowy Kappa
IceCold SoSnowy IceCold SoSnowy IceCold SoSnowy TriHard
haHAA IceCold SoSnowy :pick: SoSnowy cmonBruh
SantaHat SoSnowy SantaHat SoSnowy SantaHat SoSnowy TriHard
ERROR 404 WUN TAPS NOT FOUND LUL
SantaHat SoSnowy SantaHat SoSnowy SantaHat SoSnowy LUL
TFW random german team bodies french classic team LUL
@arlenor94 this random French team has already guaranteed a spot in the next major LUL
COME ON BIG !! SantaHat SwiftRage
SantaHat SoSnowy SantaHat SoSnowy SantaHat SoSnowy PogChamp
IceCube SoSnowy Man's not hot TriHard
SantaHat i cant see HELP SwiftRage
love how they combined the match and the analyst desk SeemsGood
SantaHat me no see me Orcish Santa SMOrc
45k watching Major Final Dead Game LUL
XMS SENT ME A SMS , I THINK HE LOVES ME <3
@Kashanwicky Games are best of one for today :)
L E G E N D LUL
damn nice smoke from gob Kreygasm
gob b smartest player alive PogChamp
Gambit vs Na'Vi waiting room ResidentSleeper
they talk about my one tabsen Kappa
sizer so bad at clutches LUL
Why am I so dumb NotLikeThis
LOW HEALTH and u peek LUL
EZ hide in smoke like silver 2 LUL
why peek with awp when hes low. just use the AK off the site . LUL
45k viewers and no SPAM Kappa
SantaHat ReinDeer SoSnowy SoSnowy SoSnowy ANELE
@paperool Games are best of one for today :)
What's with the ICE COLD MEME ? DansGame
45k viewers and chat slow af MrDestructoid
45k viewers and no spam? Kappa
SantaHat i dont see help ! SwiftRage
happy so good at baiting PogChamp
Look I have a new hat KappaClaus
Spam this Chappie Cuz We're Happy :D
Big is the C9 of EU LUL
@kazegaming94 i bet youre a 'lurker' in pugs who baits his whole team LUL
50 k viewers on rerun live major cs go dead LUL
wtf is this RUS Cs LUL
Scream? more like CREAM hahAH OpieOP
SCREAM 2 KILLS in ONE ROUND PogChamp
they talk about my one taps EleGiggle
scream looks good today nohomo KappaPride
NA FLASH ON AN EU TEAM PogChamp
SCREAM WOULD have Hit that LUL
How can you lose a duel to Gob b LUL
OT COME ONE ! SantaHat SwiftRage
french surrenders to germany... again FailFish
AUREVOIR ENVYUS AUREVOIR ENVYUS AUREVOIR ENVYUS AUREVOIR ENVYUS LUL
AUREVOIR ENVYUS AUREVOIR ENVYUS AUREVOIR ENVYUS LUL
CSGO ded game no CROWD LUL
Happy is the worst IGL ever LUL
german team called big? lol :D
MY BELLY IS BIG IceCold MY BRAIN HAS DELAY SantaHat YOU GUESSED IT RIGHT IceCold SantaHatIM FROM NA 4Head
16-14 Envy win Data on esl :)
DEAD MEMES IN THE CHAT LUL
MY BELLY IS BIG IceCold MY BRAIN HAS DELAY SantaHat YOU GUESSED IT RIGHT IceCold SantaHat IM FROM NA 4Head
my smokes all bad my shots all miss you guessed it right im ENVYUS Six Kappa
47K VIEWERS IN MAJOR FINAL DEAD GAME BTW LUL
This isn't a major final!! why do ppl keep refering to its viewership and say csgo is ded FUNgineer
Eu kids think santahat is gold LUL
48k viewers mahor final dead game btw LUL
DIESIER CHAT IST JETZ DEUTSCH ! DatSheffy
Midday in NA wonders why few viewers BrokeBack
MY TEETH ARE FUCKED MY LEADERS OPPRESS ME I KNOW IM EU IM HELLA DEPRESSED 4HeaD 4Head
ENVYUS TAKE MY POWER TakeNRG. GivePLZ
48K VIEWERS MAJOR FINAL DEAD GAME BTW monkaOMEGA LUL
poor mans souvenir dragon lore LUL
IceCold IceColdBetterTTV Global Emotes :pick: I GOT YOU CUH cmonBruh
Xms and Sixer back to BOTs LUL
BIG verhält sich wie ein wilder Hühnerhaufen, würd mir mehr coolness wünschen :)
SPAM THIS BOB TO HELP GOB HassanChop
NICE DROP? THEY BOUGHT AWP SILVER CHAT LUL
@KevinEatSleepRace big hater, u sweating ? ;)
DIESER CHAT IST JETZ DEUTSCH . DatSheffy
DIESER CHAT IST JETZ DEUTSCH x DatSheffy
Na win TSM TSM TSM MingLee
DIESER CHAT IST JETZ DEUTSCH 1 DatSheffy
DIESIER CHAT IST JETZ DEUTSCH haHAA DatSheffy
Keev on Lan vs Keev online LUL
Where you at Skin gamblers LUL
germany > france ... like it has always been LUL
Burn Baby Burn Disco Inferno CurseLit
Scream go back to aim map LUL
gg ct side now GG LUL
keev maybe put some on envy Kappa
OMAE WA MOU SHINDEIRU EZ NANI!?? WutFace
NO LOGIC DOESNT UNDERSTAND IMMIGRATION WATCHING NA GAME ON NA WEBSITE MUST BE EU SeemsGood
NA THIS EU THAT I'M A BABY IN TWITCH CHAT BabyRage
GTChimp GTChimp GTChimp GTChimp GTChimp <- SK 4Head
German team = no germans in the team LUL
IM FROM EU MY LEADERS OPPRESS ME MY TEETH ARE FUCKED 4Head
spam this cheese to help keev StinkyCheese. StinkyCheese
SPAM MORE CHIP TO HELP OUT BIG DoritosChip
Hello SIXER EnVyus Here Last AWP Drop 4Head
they have two awps playing on a FailFish
OpieOPOpieOP EU is so ba... wait let me take a breath EU is s... i need to take another one fk give me another burger OpieOP
BudStar Hello SIXER EnVyus Here Last AWP Drop BudStar 4Head
I AM ENVYUS COACH TURN WH ON SwiftRage
Action is coming Action is coming TriHard
went 16-15 for big back 19-17 for en vy <3
Hello SIXER EnVyus Here Still Last AWP Drop 4Head
BIG IS A MAJOR LEGEND TEAM LUL
NO BUG - NO WIN LUL
@encodyd They only play one map :)
50K ON MAJOR DED GAME LUL
why are u crying vice :(
guys navi gambit what is the score? please answer me BibleThump
Pala always has the wors questions FailFish
guys navi gambit what is the score? please answer me guys navi gambit what is the score? please answer me BibleThump
why would he be badder? Kappa
Pala what even are these questions LUL
@aliiedstrong They only play one map :)
I SET FIRE TO THE RAIN LUL
NEW CS UPDATE is awesome #2D PogChamp
Is that Counter Strike 2D PogChamp
I wanna play that instead WutFace
You shouldnt take advice from Pimp LUL
@uRachicho isn't that the only way to go? Kappa
@IamDeadpooL_ Yeah it would be great LUL
nV barely beating a t2 team LUL
WHATS NEXT MATCHES ? PLS ♥ Kappa
i can shower with ma keyboard PogChamp
"accident" if you know what i mean Kappa
We can game in the rain now :)
Now I can N U T T on my keyboard Kreygasm
now i can piss on my keyboard SeemsGood
If u wana play cs in the rain i can recommend it Kappa
best video oh crap ;D :D
How does a monitor help your spray control NotLikeThis
If heat rises, how is space cold NotLikeThis
@insomniuhh excited for star wars? :)
songs getting better and better LUL
Why am I still single? MANS NOT HOT??? CurseLit
They had a trouble getting music licensing this year i guess LUL
the DJ was the problem DansGame
This music is so bad NotLikeThis
ICE WAITING ROOM ICE WAITING ROOM ResidentSleeper
@pocarela They only play one map :)
Zeus got carried by Gambit btw Kappa
But its only first december SantaHat DansGame
GOD BLESS, PEACE ON EARTH, EXCEPT THE MIDDLE EAST BlessRNG
Pimp is fucking rocking that Kreygasm
Still no crowd Still no crowd NotLikeThis
BATTLE SCARRED ADREN - LOW FLOAT DansGame
EZ SantaHat SoSnowy Clap SoSnowy SantaHat SoSnowy Clap SoSnowy Kappa
xgod 200ig heg suk immortals LUL
@vaskovski what does not drop? :o
WADU HEK WADU HEK v CorgiDerp
@OfficialFriberg who the fuck is yay Kappa
ConcernDoge SantaHat SoSnowy DuckerZ SantaHat SoSnowy SantaHat SoSnowy FrankerZ
is everybody ready to spam suka blyat? Kappa
sponsored by Astro but used HyperX LUL
@OfficialFriberg Omagad you best player PogChamp
WADU HEK WADU HEK CorgiDerpWADU HEK WADU HEK f CorgiDerp
when u have no beard LUL
ZEUS is gonna join MongolZ LUL
This needs to be a Pimp Twitch emote.. :D
What is he even saying? NotLikeThis
WADU HEK WADU HEK CorgiDerpWADU HEK WADU HEK v CorgiDerp
Not even close to simple LUL
KappaIceCold to put in IceCold , write then press shift + enter then write IceCold Kappa
30k Viewer in major final Hello Kitty Online has even more Viewer LUL
NA CROWD = (BRAIN) DEAD CROWD LUL
TopHat SantaHat TopHat SantaHat TopHat SantaHat LUL
@byy28 They only play one map :)
they are forced to lose Kappa
Who say !navi is gay 4Head
@OfficialFriberg Is Dennis someone you are talking about atm? :D
SPAM THIS DOGGY TO HELP NAVI OhMyDog
Spam this to help Fitch! Spam this to help Fitch! PMSTwin
que tanto hablan estos serranos? DansGame
we all know which side god is on xgod BlessRNG
Gambit: GTChimp GTChimp GTChimp GTChimp DansGame
budget anders and budget henryg LUL
OhMyDogOhMyDog SPAM THIS DOGGY TO HELP NAVI OhMyDog
@Cravar FUCK YOU! ONLY SK <3
NAVI BEST TEAM OF THE WORLD Kappa
@uneaten_sammich lol imjust said the same agree with u Kappa
dosia is a big player to take out :D
@clutch4t They only play one map :)
@tonsoff probably meant to be "lit" TriHard
SEND THIS FLAME TO SUPPORT FLAMIE CurseLit
@DreamHackCS you can't say dosia properly :(
KAPPA PRIDE FOR NAVI SIDE KappaPride
GET LIT FOR GAMBIT 1 CurseLit
'SEND THIS QUAD TO SUPPORT GAMBIT' LUL
Gambit w/o Zeus and Kane LUL
