GG DH we just missed s1mple ace LUL
DMG WOULD HAVE HIT THAT SHOT LUL
what a place to lag :D
31k ppl watching an offline stream dead game LUL
HE ACED SO GOOD THAT STREEAM GOT LAGGED 4Head
CHECK TO SEE IF HE ACED NEXT WEEK 4Head
that was a nice stream CoolStoryBob
IT WAS A RERUN NOT LIVE LUL
STREAM ON PRESS alt + f4 PogChamp
31K WATCHING DEAD STREAM DAED GAEM LUL
HELLO DH VALVE HERE LAST TOUREMENTS 4Head
SPAM THIS KAPPU TO BRING ZYWOO Kappu
1 HOUR DELAY FOR BO1s TECH ISSUES STREAM DYING MUST BE DREAMHACK 4Head
Streams dead because you can't stream actual murders on twitch RIP EnVy LUL
They are just resetting envy economy with that round loss LUL
go to polishs tream haHAA EleGiggle
:telephone_receiver: Hello Dreamhack :telephone_receiver: Valve Here :telephone_receiver: No More Majors :telephone_receiver: . , 4Head
russian stream is perfectly fine :p
31k ppl watching an offline stream, dead game LUL
: :telephone_receiver: Hello Dreamhack :telephone_receiver: Valve Here :telephone_receiver: No More Majors :telephone_receiver: . 4Head
