i wish Dreamhack rerun DH winter 2007 :(
oh jeez back in the day this was the best of tournaments FailFish
in the coca cola boutle :D
I can talk as much as I want DansGame
oh what a lucky play LUL
@JUSTDOITLV relevated? From where? I didn't hear nothing about them 4Head
its live RERUN is the sponsor Kappa
that kinda spoils every old match for a while :p
how could they lose this :(
This is a rerun do you even know what that means ? :D
fnatic fucking cheated bro and i won my bet :)
olofboost this is good , it blows valve minds LUL
buy that is not allow u know? LUL
just like a bug jumping on inferno and cache dude LUL
@swagLoF flusha i really dont like him LUL
becoz BIG are too noob ... LUL
even if he is global, global is a meme LUL
u can play with me if u want :)
thats the reason why kio was the problem Kappa
i got mine before i was patched out :D
but when u buy it now it can only grow up with the price so why not? Its like an M4A4 Howl as a sticker :D
but i would buy a flash gaming sticker to cause i think these guys aren't go to a major often :D
just cuz sk beat faze in bo5 cold desrves best player LUL
my name is happy i am a baiter i will come to the bombsite a little bit laiter LUL
pronax the best player in the world <3
when pro used the pro90 PogChamp
come on G2 win this major BlessRNG
@dyxz_ and apparently you can't spell. Kappa
my team won that major 4Head
If g2 doesn’t win I’m gonna cry Kappa
My team started an auto war once and everyone bought autos for 9 rounds straight MingLee
