SPAM THIS AFRO TO HELP LEKR0 TriHard
Soccer has hooligans , E Sport has chat. This game would be dead , if it wasn't for that LUL
csgo lucky I love watching. becuz every 15 mins I gotta refresh and watch a dang commercial THXS Kappa
D L S ohh wait wrong game LUL
Sodium, atomic number 11, was first isolated by Humphry Davy in 1807. A chemical component of salt, he named it Na in honor of the saltiest region on earth, North America. :D
i thought zues got kicked LUL
DONT COPY THE NAME WHEN YOU COPY THE PASTA FailFish
what is this Navi buy NotLikeThis
..... only real LULer can build this perfect pyramid . Try like me !Try like me ! Try like me !! And my pyramid still higher!!!!!! LUL
only real LULer can build this perfect pyramid . Try like me !Try like me ! Try like me !! And my pyramid still higher!!!!!! .. LUL
5v3 and just standing still LUL
seams to be not a simple match 4 navi... hrhr :)
spam this coke to help NAVI choke DrinkPurple
50 word essay tomorrow and here I am watching cs go arghhhhh NotLikeThis
finally s1mple out Navi after this tourney LUL
Normal sport has hooligans LUL, no one bats an eye LUL. E sport has chat Everyone loses their minds LUL
spam this coke to help NAVI choke l DrinkPurple
Normal sport has hooligans , no one bats an eye . E sport has chat Everyone loses their minds LUL
only real WEEB can build this perfect pyramid . Try like me !Try like me ! Try like me !! VoHiYo
spam this coke to help NAVI choke DrinkPurplek ; DrinkPurple
fnatic so strong for navi top kek LUL
HEY NAVI KNIFE COLD TO WIN 4Head
only realLUL real LULer cUL . Try like me !Try like me ! Try like me !! Lan build this perfect pyramid LOL And my pyramid still higher!!!!!! lul LUL
>>>VoHiYo only real WEEB can build this perfect pyramid . Try like me !Try like me ! Try like me !! And my pyramid still higher!!!!!! VoHiYo
Hey guys, whats going on here TriHard
/ im the captain now TriHard
Spam This Drink to Help NaVi Sink DrinkPurple
G O L D E N TwitchRPG
S1MPLE 1-0-6 S1MPLE 1-0-6 S1MPLE 1-0-6 S1MPLE 1-0-6 LUL
NO GUARDIAN = NAVI SHIT LUL
S1MPLE 1-0-6 S1MPLE 1-0-6 S1MPLE 1-0-6 S1MPLE 1-0-6 . LUL
GOD s1mple 1-0-60 GOD s1mple 1-0-60 LUL
Zeus is a tactical genius Kappa
VINCE ARE U ALRIGHT BUD DONT SPEAK ITS OK BibleThump
Allu awikalla odens huulessa Allu awikalla odens huulessa CoolCat
S1MPLE IS BACK S1MPLE is BACK LUL
S M P L E SwiftRage
GOD s1mple GOD S1MPLE GOD S1MPLE LUL
looks like a SIMPLE clutch PogChamp
SIMPLE IS JESUS CHRIST OF CS Kreygasm
NAVI ON THE BACK OF SIMPLE LUL
HELLO THIS IS PAJEET I'VE DETECTED HACKS IN YOUR COMPUTER SEND IP ADDRESS PLSS ANELE
s1mple 1 v 9 forever LUL
GOD S1MPLE HES BACK GOD S1MPLE HES BACK LUL
he know how to 1v9 CoolCat
SIMPLE IS LITERALLY TOP2 PLAYER LUL
S1MPLE OVERRATED COME AGAIN HATERS LUL
GOD S1MPLE HES BACK GOD S1MPLE HES BACK CARRYING AGAIN LUL
simple has to win 1v9 just to get navi a round LUL
s1mple , bot zeus , bot flamie , bot electronic , bot edward Kappa
S1V9MPLE GOD S1MPLE HES BACK GOD S1MPLE HES BACK CARRYING AGAIN S1V9MPLE LUL
SIMPLE NEARLY DEAD LOST ROUND LUL
S1V9MPLE S1V9MPLE GOD S1MPLE HES BACK GOD S1MPLE HES BACK CARRYING AGAIN S1V9MPLE LUL
Just keep the camera on s1mple hes the only one doing anything anyways 4Head
ZEUS ONLY WAY TO GET KILLS --> STEAL THEM LUL
spam this coke to help NAVI choke b DrinkPurple
ME ORC ME SPAM NO MODS NO BAN ! SMOrc
only real WOMEN can build this perfect pyramid . Try like me !Try like me ! Try like me !! And my pyramid still higher!!!!!! VoHiYo
hole in door, Silver Chat LUL
Then the winged hussars arrived LUL
ME ORC ME SPAM NO MOD NO BAN f SMOrc
ME ORC ME SPAM NO MODS NO BAN c SMOrc
spam this can to get JW banned DrinkPurple
JW = PIG JW = PIG JW = PIG JW = PIG JW = PIG JW = PIG JW = PIG LUL
Edward most frags still flamed LUL
Just make a 5 man raid for Simple :)
Spam this fist to frr Sadokist Poooound
SPAM THIS KIPPA TO HELP FLUSH Kippa
" we are pro " x D LUL
MOST HYPE FINALS EVER : 5 S1MPLES VS 5 S1MPLES PogChamp
BOT JW VS BOT EDWARD 1V1 PLS LUL
r e s e t LUL
EDWARD? IMPACT? This is a dream PogChamp
only real LULer can build this perfect pyramid . Try like me !Try like me ! Try like me !! And my pyramid still higher!!!!!! j'ai une petite bite LUL
S M P L E LUL
Zeus looks like a dad playing CS LUL
@Miqueias Uptime is: 4h 53m 4s :)
only real WEEB can build this perfect pyramid . Try like me !Try like me ! Try like me !! And my pyramid still higher!!!!!! . VoHiYo
PLEASE KICK LULPLEASE KICK ZUES PLEASE KICK ZUES ZUES LUL
press is jw is mad LUL
80k viewers for a major DEAD GAME LUL
imagine thinking mods do anything on twitch LUL
questton:A: u get a million to play for navi, or B: u can play for free in any other pro-team u wish.... A or B ? :)
Golden is as equally bad as Zeus LUL
@trewqqwerttrewq Uptime is: 4h 56m 14s :)
JW VAC BANNED Check HLTV PogChamp
Afro and lekro great rhyme twitch chat SeemsGood
ME BAITER ME SPAM NO MODS NO BAN JEBAITED Jebaited
JW = PIG JW = PIG JW = PIG JW = PIG JW = PIG V LUL
Na'vi go!! We believe in you <3
ME BAITER ME SPAM NO MODS NO BAN Jebaited
One of the mods play fortnite EleGiggle
Na'Vi go!!! We believe in you <3
hello my friends twitsh shat :)
his cheat made the pc crash FailFish
S1mple thinks 'why i refuse SK offer ?' LUL
SPAM THIS AFRO TO HELP LEKRO .... KappaRoss
"Wish I was playing Fortnite" LUL
SPAM THIS DENDI TO HELP Flamie DendiFace
OMG navi has won check HLTV PogChamp
when GOLDEN THINK H'S HANDSOME LUL
get that acne out of my sight DansGame
ninja 120k viewers, csgo major 74k only LUL
KANE PRETENDING HES A COACH CoolCat
i hate breaks i get so nervous :(
AT LEAST G2 DONT HAVE TO SWIM HOME LUL
he got halfway up long PogChamp
2day a get asked at wurk: "is cs simple?" ... one mate less 4 me... lol :)
They talk about my one hp - Flusha Kappa
beeing fnatic fan in 2k18 LUL
Hey guys when is G2 playing? Kappa
yes english nubs, apex is an actual word :D
Go GO Navi WE CAN DO THIS BlessRNG
@Ubiguetta U MAD fnatic fan? LUL
First 2 kills from Scout and Deagle, CZ'D 4Head
cz and scout = eco according to noobs EleGiggle
SPAM THIS LEE TO HELP NAVI MingLee
lul only real LULer can build this perfect pyramid . Try like me !Try like me ! Try like me !! An LUL
GGX haHAA GGX haHAA GGX haHAA LUL
lol only real LULer can build this perfect pyramid . Try like me !Try like me ! Try like me !! And my pyramid still higher!!!!!! LUL
G L D E N LUL
kk only real LULer can build this perfect pyramid . Try like me !Try like me ! Try like me !! And my pyramid still higher!!!!!! LUL
ME ORC ME SPAM NO MOD NOSMOrc BAN SMOrc
GIVE THE AK TO SIMPLE BOTWARD FailFish
lul only real LULer can build this perfect pyramid . Try like me !Try like me ! Try like me !! And my pyramid still higher!!!!!!!!!! LUL
@Panicow0w doesnt know about EU kids being out LUL
ROUNDS ARE JUSTA A NUMBER DendiFace
SPAM THIS DENDI TO HELP Na'vi SPAM THIS DENDI TO HELP Na'vi DendiFace
F*cking the Molly, i have a glawk - Krimz PogChamp
lul only real LULer can build this perfect pyramid . Try like me !Try like me ! Try like me !! And my pyramid still higher!!!LUL LUL
lul only real LULer can build this perfect pyramid . Try like me !Try like me ! Try like me !! And my pyramid still higher!!!!!!! LUL
: luler only real LULer can build this perfect pyramid . Try like me !Try like me ! Try like me !! And my pyramid still higher!!!!!! LUL
lulerlul only real LULer can build this perfect pyramid . Try like me !Try like me ! Try like me !! And my pyramid still higher!!!!!! LUL
SPAM THIS DENDI TO HELP NAVI DendiFace
VAC only real LULer can build this perfect pyramid . Try like me !Try like me ! Try like me !! And my pyramid still higher!!!!!! LUL
SPAM THIS 7 TRIHARD 7 TO 7 MAKE 7 FAZE 7 CRY 7 HARD TriHard
How do i get POGGERS Kappa
ROUNDS ARE JUST A NUMBER DendiFace
This is wrong, this LuL is right LUL
only real LULer can build this perfect pyramid . Try like me !Try like me ! Try like me !! And my pyramid still higher!!!!!! LULxd LUL
Spa-m Spa-m Spa-m Spa-m Spa-m BabyRage
88k viewers for major final LUL
lul only real LULer can build this perfect pyramid . Try like me !Try like me ! Try like me !! And my pyramid still higher!!!!!! lolol LUL
l only real LULer can build this perfect pyramid . Try like me !Try like me ! Try like me !! And my pyramid still higher!!!!!! x LUL
luuul only real LULer can build this perfect pyramid . Try like me !Try like me ! Try like me !! And my pyramid still higher!!!!!! x LUL
lul only real LULer can build this perfect pyramid . Try like me !Try like me ! Try like me !! And my pyramid still higher!!!!!! !1 LUL
luuuuul only real LULer can build this perfect pyramid . Try like me !Try like me ! Try like me !! And my pyramid still higher!!!!!! LUL
l only real LULer can build this perfect pyramid . Try like me !Try like me ! Try like me !! And my pyramid still higher!!!!!! here you go LUL
Navi ragging > Navi on peace PogChamp
@qubrik77 u mad bruh ? SoBayed
only real LULer can build this perfect pyramid LUL. Try like me !Try like me ! Try like me !! LULLUL And my pyramid still higher!!!!!! LULLUL LUL
hihi only real WEEB can build this perfect pyramid . Try like me !Try like me ! Try like me !! And my pyramid still higher!!!!!! x VoHiYo
are the casters doing that thing where they say gg.bett just curious LUL
Shitty aimbot = High sensitivity LUL
s1mple shakes like earthquake when he shoots LUL
gg fnatic noob golden na"vi <3
S1mple on 3 . 09 send LUL
i use 3.8 sens OMEGA LUL
GOLDEN jump like me... i like it LUL
i cant do that jump :(
s1mple 3.09 400 dpi niko 1.35 400 dpi Kappa
OMEGA ITS AN EASY JUMP LUL
My sens on cod is 10 3.09 is nothing LUL
@Sindona And you're terrible player and probably around 15 years old LUL
7-0 to 9 - 13 LUL
Spam this Daesh fanatic to help fnatic TriHard
ITS NOT A MEME CHAT CANT INTO RHYMES LUL
one step closer to the edge PogChamp
@zzzsssqqq Uptime is: 5h 15m 29s :)
Reload make noise.... so much silvers on the chat LUL
They don't talk about flusha one taps PogChamp
BEEING FNATIC FAN IN 2K18 LUL
passionate btw passionate btw passionate btw BabyRage
RIP FNATIC LETS GO NIP NEW SWEDISH PRIME LUL
Casters: FNATIC will win 2-0 LUL
How is NAvi winning 7 TriHard
NEXT WING ON OPRAH WILL S1MPLE LEAVE HIS ABUSIVE PARTNERS WATCH MORE NA TV STAND BY FOR PAPA JOHNS AD LUL
only real WEEB can build this perfect pyramid . Try like me !Try like me ! Try like me !! And my pyramid still higher!!!!!! xxxxx VoHiYo
FLUSHA ÄR FAN BÄST I VÄRLDEN PogChamp
only real WEEB can build this perfect pyramid . Try like me !Try like me ! Try like me !! And my pyramid still higher !!!! VoHiYo
only real WEEB can build this perfect pyramid . Try like me !Try like me ! Try like me !! And my pyramid still higher!!! !!! VoHiYo
only real WEEB can build this perfect pyramid . Try like me !Try like me ! Try like me !! And my pyramid still higher!!!!!! !!! VoHiYo
only real WEEB can build this perfect pyramid . Try like me !Try like me ! Try like me !! And my pyramid still higher!!!!!! !! VoHiYo
not a single kill showed from krimz's perspective LUL
zeus throw couldnt trade simple FailFish
FNATIC IS CHEATING SILVER BTW BabyRage
s1mple check ur bank account after FUNgineer
jw is dead check hltv BibleThump
S A V E - Awp Kappa
B A L A N C E D SeemsGood
NERF CZ! NERF CZ! NERF CZ! NERF CZ! NERF CZ! NERF CZ! SwiftRage
cz era > tec9 era LUL
NERF CZ! NERF CZ! NERF CZ! NERF CZ! NERF CZ! NERF CZ! . SwiftRage
NERF CZ! NERF CZ! NERF CZ! NERF CZ! NERF CZ! NERF CZ! ... SwiftRage
@danny_mg cz is just hold mouse1 down LUL
EZ GAME TY FNATIC FANSHITS LUL
@Krizism NAVI 0 TROPHIES in 2018 LUL
@aleksandarm757 so they're both shit what''s your point? LUL
Go lost now fnatic already over LUL
@danny_mg remove rifles too then LUL
ME ORC ME SPAM NO MODS SMOrcSMOrc NO BAN SMOrc
@Krizism yea fnatic shit, 2 trophies in 2018 retardinho LUL
@aleksandarm757 LOL SILVER TALKING winning tier10 events yes so good LUL
F L M I E LUL
SILVER CHAT NMO REASON TO SAVE WITHOUT WEPON LUL
eVeRyBoDy kNoWs fLuSha iS a cHeAtEr DansGame
kick golden and lekro and get friberg and xizt in topform back :D
NAVI DAFUQ A U DOING NotLikeThis
Zeuses crosshair placement is killing me LUL
B A L A N C E D LUL
wanna see today's silvers' faces when CZ had more ammo, shot faster and was more accurate LUL
what is your favorite color Chat cmonBruh
In real life pistol can be better then rifle idiots PogChamp
B A L A N C E D OSFrog
spam this bard toKappaWealth help edward KappaWealth
SPAM THIS STATIC TO HELP FNATIC MorphinTime
spam this bard to help edward KappaWealth
SPAM THIS STATIC to help Fnatic MorphinTime
Spam this Tonic to help electron1c DrinkPurple
F NATIC F NATIC F NATIC LUL
why tf would u spam there LUL
this is Amazing Ty Navi <3
s1mple M4&AK better played AWP LUL
I'm top 1000 on ps4 fortnite KappaPride. KappaPride
SOMEONE GET MACHINE AN IRON PLS NotLikeThis
1 more game LIQUID VS ASTRALIS PogChamp
machine at least iron your shirt FailFish
K R I M Z LUL
Fist on table? Not me. FUNgineer
25 kills per map not good ? LUL
SILVER CHAT = 75 KILLS ISN'T GOOD LUL
Only 25 per match, not too good LUL
You are banned from talking in Dream Hack for 120 or more sec KappaPride
Good he didnt join SK LUL
Fnatic Dota 2 Team Fnatic CS:GO Team LULv LUL
relax chat , your english is not better LUL
was not allowed to leave rather LUL
Fnatic Dota 2 Team Fnatic CS:GO Team LULvvvvvv LUL
he lost weight, good on him SeemsGood
I HAVE A QUESTION: TF did you say? FailFish
"decided" = Not enough money LUL
Fnatic Dota 2 Team Fnatic CS:GO Team LULvvv LUL
he doesn't speak a second language perfectly 4Head
Fnatic Dota 2 Team Fnatic CS:GO Team vvvvv LUL
are we at school now ResidentSleeper
you learn something new everyday CoolStoryBob
@danny_mg i forget they exist!! LUL
T A C C Y R O O M LUL
12 year olds spamming cringe LUL
The great war youtube room ripoff! :D
better production than most movies nowadays PogChamp
that is the DOC Rush LUL
If Dennis is there all 4 T's are going to die , He's John Wick LUL
james baldolph style is trending LUL
I'd rather watch ads than this ResidentSleeper
GET THA BLOODY BOMB DOWN LUL
how to leave from renegades TheRinger
WE ARE PROUD OF YOU SPUNJ ANELE
but there were 2 left LUL
spill resistant for 5 year olds LUL
W eall know what they mean by ''spill proof'' Kappa
I RUN THIS STRAT ON GOLD NOVA 2 , IT WORKS PogChamp
H4X .... Flusha favorite clothes Kappa
@kasiusis you never spilled your sippy cup? cmonBruh
@suprememastersilverclass DELL is this 2005? LUL
false advertisement for corsair. liquid would be creamy white KappaPride
dam son whered u get this LUL
Dreamhack sponsored by scam orgs LUL
thorin always told me that esp is the best betting site LUL
that betting site was blocked in my country LUL
Wait till i go 100% you dumb TriHard
im glad that Ninja has taken all the small kids away from CS LUL
@x201102 no adblock and popupblocker in 2k18 LUL
not using an adblocker in 2018 LUL
Fnatic Dota 2 Team Fnatic CS:GO Team Fnatic Dota 2 Team Fnatic CS:GO Team v LUL
not being prime in 2018 LUL
Referencing the year you're in in 2018 LUL
okay then i hope they win :D
@RT180 What? i wasn't talking to you LUL
THE DEASK IS TOO HOT Kreygasm
machine me in the butt :)
Logan Paul in the cartel LUL
WHERE IS MY MAN ?ResidentSleeper ResidentSleeper
Ss getting beat no auto required LUL
it doesnt matter who wins this game. the loser will easily win against gambit MingLee
VACO English > Flamie Englando LUL
KICKED - thats what happened LUL
40 celsius and have cap LUL
TACO TACO TACO TACO TACO TACO <3
I HAVE THAT TACO SHIRT ON RIGHJT NOW LUL
henryg looks like a girl thats dresses like a guy, but actually being a guy LUL
I will always be Taco's fan BibleThump
STUPID AMERICANS DONT KNOW SHIT ABOUT FOOTBALL LUL
@ImTotallyNotMessi Im from Poland and there arent a lot ofr imigrants :D
4 NA + 1 TACO LUL
@izaksuperkoks Well, depends on the country LUL
@USAWater I feelsorry cuz he is the only good player LUL
Machine must iron his shirt LUL
@ImTotallyNotMessi where are you from leo Kappa
Well... That's Caribean music... C'mon dude BibleThump
ASTALIS ASTALIS ASTALIS ASTALIS ASTALIS LUL
TACO in my planet is a turrrd xD LUL
ASTRALIS BEST IN THE WORLD <3
@ImTotallyNotMessi Thats nice I actually dont know this state but new york is close to it Kappa
SPAM THIS NOODLE TO HELP MR SKADOODLE R pastaThat
anyone found that fucking song LUL
SPAM THIS NOODLE TO HELP MR SKADOODLE 2 pastaThat
Cache??? They dont even play it really LUL
SPAM THIS TO HELP DEVICE Kreygasm
didnt know glaive was playing for SK Kreygasm
Magisk = BloodTrail, Device = KappaPride, Dupreeh = PogChamp, Xyp9x = Kreygasm, Glaive = OhMyDog
@ImTotallyNotMessi i wanted to go to Krakow major but its 8hours from my home :(
What time is Virtus Premier playing? Keepo
Kan alla danskar i chatten dra åt helvete? LUL
@ImTotallyNotMessi who will win the tournament? LUL
SE VOCÊ É BRASILEIRO ABRE O BERREIRO SwiftRage
NA and stretching necks, name a more iconic duo ResidentSleeper
Twitch PrimeKorasonS2: SwiftRageSE VOCÊ É BRASILEIRO ABRE O BERREIRO SwiftRage
ThankTwitch Prime: SwiftRageSE VOCÊ É BRASILEIRO ABRE O BERREIRO SwiftRage
LET'S GO ASTRALIS LET'S GO ASTRALIS LET'S GO ASTRALIS SwiftRage
LET'S GO ASTRALIS LET'S GO ASTRALIS SwiftRage
NA NOT GOING WITH NA TEAM LUL
~~ only real WEEB can build this perfect pyramid . Try like me !Try like me ! Try like me !!~~ And my pyramid still higher!!!!!! VoHiYo
66K VIEWERS ON A MAJOR FINAL DEAD GAME LUL
NO SADOKIST NO HENRY NO CS BibleThump
50/50 what did only moses and anders vote ? LUL
SE VOCÊ É BRASILEIRO VOLTE PRO BUEIRO SE VOCÊ É BRASILEIRO VOLTE PRO BUEIRO kkkk SwiftRage
D E V C E <3
SE VOCÊ É BRASILEIRO VOLTE PRO BUEIRO SE VOCÊ É BRASILEIRO VOLTE PRO BUEIRO kkkkkkkkkkk SwiftRage
~~ only real WEEB can build this perfect pyramid . Try like me !Try like me ! Try like me !!~ And my pyramid still higher!!!!!! ~ VoHiYo. VoHiYo
Device has a Booster Seat LUL
Such a sick intro, love this black screen LUL
Id use him as a device ;)
Leeeeeeeeeeeets go stralis lets go ! ! <3
FRANCE? VALVE HERE LAST MAJOR 4Head
DON'T BAN THE SPAM SS M DS LUL
anotherfancyusername i live under a rock LUL
one more and im out LUL
@denzelSEM ez but 4 Gla1ve 4Head
I’d rather complain about twitch chat ruining me watching the game than watch the game 4Head
Player is crouched, still doesn't let him jump up...nice game Kappa
pls double escape on gotv :D
one more and ill use CZ LUL
why is it not updated? :(
TACO HAS MORE MAJOR THAN ASTRALIS LUL
What the shit is this copy pasta fiesta in here.. we have such a beautiful gameplay to watch, but instead we decide to spam nonsense... just stop ples its pissing me of. :D
@AbbeVe It doesnt tag that way .. a spamming bot wouldnt know that LUL
pTk84 a "spamming" bot wouldnt know shit, it would just spam haHAA LUL
bot taco on every team LUL
Elige is 15 and already basically BALD LUL
70k viewers for major final Kappa
SE VOCÊ É FAVELADO SPAME O BERREIRO SE VOCÊ É BRASILEIRO SPAME O BERREIRO SwiftRage
@danielferrazzz a raça n perdoa :(
: SE VOCÊ É BRASILEIRO SPAME O BERREIRO SE VOCÊ É BRASILEIRO SPAME O BERREIRO SwiftRage
@dumbpat well he had a rough night and said something he shouldn't have :(
I DONT SPEAK MASS SHOOTING SwiftRage
SE VOCÊ É BRASILEIRO SPAME O BERREIRO :SwiftRage SE VOCÊ É :SwiftRage BRASILEIRO :SwiftRage SPAME O BERREIRO :SwiftRage SwiftRage
7-1 7-1 7-1 7-1 7-1 7-1 7-1 LUL
SE VOCÊ É BRASILEIRO SPAME O BERREIRO SE VOCÊ É BRASILEIRO SPAME O BERREIRO SwiftRage... SwiftRage
SE VOCÊ É BRASILEIRO SPAME O BERREIRO SE VOCÊ É BRASILEIRO SPAME O BERREIRO BR POHA SwiftRage
SE VOCÊ É BRASILEIRO SPAME O BERREIRO SE VOCÊ É BRASILEIRO SPAME O BERREIRO SwiftRage. SwiftRage
SE VOCÊ É BRASILEIRO SPAME O BERREIRO SE VOCÊ É BRASILEIRO SPAME O BERREIRO .aaaaaaa SwiftRage
Ban these Spanish, they are not from EU Kappa
7-1 7-1 7-1 7-1 7-1 7-1 LUL
000 only real LULer can build this perfect pyramid . Try like me !Try like me ! Try like me !! And my pyramid still higher!!!!!! LUL
SE VOCÊ É FAVELADO SPAME SE VOCÊ É FAVELADO SPAME SwiftRage
@DepLanRCTP IN VIOLENT CRIME RATE MAYBE LUL
Pretty sure I hold mid better than Liquid Kappa
inb4 astralis wins this round LUL
The "-FLY" suffix that NAF often uses behind his alias is a reference to Joshua "BRUNDLE-FLY" Switzer, a Source-era teammate of his that perished in hit-and-run accident on May 20, 2012 :(
AWP IS A PUSSU GUN LUL
DENNE CHAT ER NU DANSK PogChamp
@DepLanRCTP 7-1 7-1 7-1 7-1 7-1 7-1 LUL
WOW I JUST REALIZED TACO IS PLAYING LUL
@ra1njje GO BACK TO LOSING BETS FROM SITES MY FRIEND LUL
@Diolun did u already see fallen's movement to say that? LUL
NA CS ONLY 1 MAJOR LUL
TACO IS BEST PLAYERS 2018 LUL
TACO HATERS? TACO HATERS? TACO HATERS? SoBayed
Taco " i think i learned " <3
VACO NUMBER 1 IN BRAZIL, COLDZERA NO BAIT NOW LUL
@Cent faze winning with xizt LUL
BR CARRYING NA EZ FOR TACO LUL
HEY LIQUID SK HERE HOW MUCH FOR TACO BACK PLS? 4Head
@Cent don't worry, they only choke in the finals Keepo
@Cent But they lost to C9 dude cmonBruh
S T F U silvers FailFish
TACO TACO BURRITO BURRITO TACO TACO Kappa
Nitro’s hair was the problem Kappa
ONLY HIGH RANKED PEOPLE CAN COMMENT (silver elite+) BloodTrail
TACO is the new allu LUL
device blocked that smoke months ago ResidentSleeper
200IQ smoke and no profit LUL
taco is like allu on the awp god and bot LUL
the animated is so smooth. LUL
Hating on TACO on a NA team LUL
dont talk in chat when you are not high rank (mge+) FailFish
ly BibleThumpTurbo: only real LULer can build this perfect pyramid . Try like me !Try like me ! Try like me !! And my pyramid still higher!!!!!! LUL
Mom look at me only real LULer can build this perfect pyramid . Try like me !Try like me ! Try like me !! And my pyramid still higher!!!!!! LUL
: only real LULer can build this perfect pyramid . Try like me !Try like me ! Try like me !! And my pyramid still higher!!!!!! LUL
Mom get the camera only real LULer can build this perfect pyramid . Try like me !Try like me ! Try like me !! And my pyramid still higher!!!!!! LUL
only real LULer can build this perfect pyramid . Try like me ! Try like me ! Try like me !! And my pyramid still higher!!!!!! LUL
only real LULer can build this perfect pyramid . Try like me !Try like me ! Try like me !! LULLUL And my pyramid still higher!!!!!! LUL
Kappa_The_God: only real LULer can build this perfect pyramid . Try like me ! Try like me ! Try like me !! And my pyramid still higher!!!!!! LUL
@tauronkurti because he is better than you LUL
Do you know why it is called Team Liquid? Becoz they never have a solid performance LUL
@OsTeelJama you've been successfully included on the list Kappa
*Go NAF-FLY Now (Theme from Rocky)* CurseLit
Please stop spamming chat guys, it makes me very sad BibleThump
Good CT side for Liquid :)
5 day practice and better than astralis 4Head
MUSIC MAKES ME WANT TO PEE NotLikeThis
very good at this event - only played 1 map LUL
@protooooooo cya after they win LUL
: liquid taco ? is that when you pee out your butt ? liquid taco ? is that when you pee out your butt ? WutFace
THIS IS WHY WE NEED JDM BibleThump
@Britist kkkk se a SK chega na final né ta foda :(
NA AT GAMING NA AT GAMING NA AT GAMING NA AT GAMING NA AT GAMING LUL
12 word essay due in 70 years and im stuck here watching cs NotLikeThis
Device ist an awper sorry LUL
NO KIT AND THE CTS Q_Q LUL
Clap Clap Clap Clap Clap BloodTrail
MAGISK NOT GOOD ENOUGH FOR NORTH LUL
Apex in that spot yesterday Kreygasm
Epitacio passando vergonha mais uma vez LUL
spam this quid to help Liquid Squid3
Device & s1mple going for top 1 2018 PogChamp
@NewdzloL more then us in 1 year LUL
@DR1VERTV_ what did u say again LUL
FORSEN SUBS HERE WHILE HES STREAMING LUL
silvers he was denying them money FailFish
BEST entryfragger of the world LUL
Silver chat in EU... Global Offensive in NA LUL
TACO 100 IQ he was DENYING THEM MONEY 4Head
why does he turn from the enemy LUL
is a trash awper EZ LUL
smh all these silvers in chat please only use chat if youre high rank (gold nova 1 or higher) FailFish
EU can only trash talk NA when they have won a major in the past year Kappa
cant hear u DOC RAID LUL
Taco was the Problem Taco was the Problem LUL
