SMOKE WEED ONCE A YEAR CoolCat
VACO BR LAST BR PRIDE? LUL
GO X GOD GO X GOD!!! Kreygasm
SPAM GO X GOD GO X GOD Kreygasm
wake me up when he's done ResidentSleeper
wake me up when he's don... ResidentSleeper
win 9 rounds in 2 matches LUL
SPAM THIS BEAST TO HELP TWISTZZ !!! Squid3
Can we stop this .... WutFace
only real WEEB can build this perfect pyramid . Try like me !Try like me ! Try like me !! And my pyramid still higher!!!!!! VoHiYo
people watching twitch using esea or faceit LUL
HI I'M 12 I CRINGE AT EVERYTHING BabyRage
only real LULer can build this perfect pyramid . Try like me !Try like me ! Try like me !! And my pyramid still higher!!!!!!!! LUL
the cats are on fire? WutFace
Spunj is a VERY sexy boy...I hope he will take me to his dungeon where he will whip me mercilessly. <3
it is too much please stop BibleThump
This was actually not bad LUL
why do they keep hiring this guy? it's been years now ResidentSleeper
LIQUID WIN OR I'LL DIE SabaPing
Taco looking like a taco LUL
GAMBIT FANS? GAMBIT FANS? SoBayedGAMBIT FANS? GAMBIT FANS? SoBayed
nitro got a j rule album tatoo'd on his arm 4Head
OLOF WILL BACK TO FNATIC PogChamp
P R O U D NSeriousSloth A F S U B SeriousSloth
SAF FLY better than NAF FLY LUL
Cold + Taco = Top 1 POGGERS Cold alone LUL
Well they have a decoy LUL
DOSIA HE HASNT STOP LOOKING AT A SCREEN FOR 20 years LUL
me Dosia me angry 22 SMOrc
JINXED IT LIQUID ELIMINATED CONFIRMED 4Head
twitch chat never fails to make my day LUL
Vince Vinegar & Hunk Honey CurseLit
6 months more like 10-11 LUL
SEIZED DESTROYING EVERY CIS TEAM HELLRAISERS NEXT LUL
MOU with 1.67 = "quiet" LUL
📞 HELLO SK? 📞 TACO HERE 📞 WHY SO TIRED? 📞 4Head
E Z F O R V A C O CurseLit
KRATOS DIES CHECK GOD OF WAR PogChamp
wheres x god u b GOWKratos
Hobbit looks like a lesbian LUL
go liquid i bet on you to get first round :D
SPAM THIS YEET TO LET DOSIA SKEET TakeNRG
taco with the red beanie PogChamp
why is seized even the IGL FailFish
csgo so boring and lame ResidentSleeper
team liquid u got this GOWKratos
P O U D N A F S U B SeriousSloth
56K VIEWERS ON A MAJOR FINAL DEAD GAME LUL
cz go cz go cz go ResidentSleeper
cz go cz go cz go . ResidentSleeper
Silver chat, he only had a cz LUL
omg..wtf is every game Major finals and so cs i dead LUL
GIVING AK TO SEIZED OMEGALUL LUL
seized has the one AK nice igl LUL
Giving literally any weapon to siezed LUL
HELLO LIQUID ITS SK WE WANNA TACO BACK 4Head
pls give us back sado BibleThump
SEIZED NEEDS TO GO PLAY FORTNITE LUL
SEIZED W/ THE LIGHTNING QUICK REACTIONS MorphinTime
botsia miliLul miliLul miliLul miliLul miliLul miliLul miliLul miliLul cmonBruh
spam this laught to help NAF LUL
THEY SHOULD VOTE KICK SEIZED FOR THE BOT LUL
Please do not type in chat unless you are high ELO (silver 2 and above) Let's have a high quality chat please FailFish
TACO BOTACO 74CO KICKED BY FALLEN LOSE MY SKINS LUL
NOW THEY CALL TACO IS GOD LUL
IF YOU THINK NA SUCKS WHY ARE U ALL SPEAKING AMERICAN? EleGiggle
Seized is a Navi fan LUL
NEW NAF EMOTES ON TWITCH SeriousSloth
TOO EASY FOR THE SLOTH SeriousSloth
1 MY BELLY IS HUGE MY BRAIN HAS DELAY YOU GUESSED IT RIGHT I'M FROM NA. EleGiggle
@Barry_951 12 year old being a grammar nazi on Twitch chat LUL
2 MY BELLY IS HUGE MY BRAIN HAS DELAY YOU GUESSED IT RIGHT I'M FROM NA. EleGiggle
3 MY BELLY IS HUGE MY BRAIN HAS DELAY YOU GUESSED IT RIGHT I'M FROM NA. EleGiggle
My teeth are yellow My breath smells of poo You guessed it right I'M from EU EleGiggle
Even when TACO leaves everyone is hating on him nab chat LUL
viewmodel_recoil 0 viewmodel_recoil 0 viewmodel_recoil 0 viewmodel_recoil 0 BlessRNG
From sleuthJ to SLOTH-FLY. 'Tis a good time to be alive. CurseLit
AE GALERINHA, JA CONSEGUIRAM FAZER O TACO SAIR DA SK, DEIXEM ELE EM PAZ NA LIQUID FAZENDO FAVOR <3
TACO STILL IS THE WORST PLAYER IN SK LUL
MY BELLY IS HUGE MY BRAIN HAS DELAY YOU GUESSED IT RIGHT I'M FROM NA. - EleGiggle
Me stupid me twitch chat I see hack I spam vac 4Head
4 MY BELLY IS HUGE MY BRAIN HAS DELAY YOU GUESSED IT RIGHT I'M FROM NA. EleGiggle
My teeth are disgusting it hurts to chew you guessed it right I'm from EU .’ 4Head
MY BELLY IS HUGE MY BRAIN HAS DELAY YOU GUESSED IT RIGHT I'M FROM NA. // EleGiggle
HEY TACO SK HERE YOU'RE KICKED RETURN SKINS 4Head
MY BELLY IS HUGE MY BRAIN HAS DELAY YOU GUESSED IT RIGHT I'M FROM NA. ........ EleGiggle
MY BELLY IS HUGE MY BRAIN HAS DELAY YOU GUESSED IT RIGHT I'M FROM NA. ´' EleGiggle
@Hovanak EU free health care, also for teeth Kappa
WHY SO MUCH IN CHAT PJSalt
PEOPLE THINKING UK IS EU LUL
I am from mars chat MingLee
MY BELLY IS HUGE MY BRAIN HAS DELAY YOU GUESSED IT RIGHT I'M FROM NA. ,,## EleGiggle
NA this EU that Im just a baby in tiwtch chat BabyRage
: MY BELLY IS HUGE MY BRAIN HAS DELAY YOU GUESSED IT RIGHT I'M FROM NA' EleGiggle
MY BELLY IS HUGE MY BRAIN HAS DELAY YOU GUESSED IT RIGHT I'M FROM NA. n EleGiggle
EU THIS NA THAT NAF FLY SeriousSloth
: MY BELLY IS HUGE MY BRAIN HAS DELAY YOU GUESSED IT RIGHT I'M FROM NA EleGiggle
MY BELLY IS HUGE MY BRAIN HAS DELAY YOU GUESSED IT RIGHT I'M FROM NA. ,,, EleGiggle
@valozja My teeth are disgusting it hurts to chew you guessed it right I'm from EU 4Head
MY BELLY IS HUGE MY BRAIN HAS DELAY YOU GUESSED IT RIGHT I'M FROM EU. EleGiggle
MY BELLY IS HUGE MY BRAIN HAS DELAY YOU GUESSED IT RIGHT I'M FROM NA. ..... EleGiggle
MY BELLY IS HUGE MY BRAIN HAS DELAY YOU GUESSED IT RIGHT I'M FROM NA. .. EleGiggle
GAMBIT LAST EU MAJOR WINNERS? GAMBIT LAST EU MAJOR WINNERS? GAMBIT LAST EU MAJOR WINNERS? GAMBIT LAST EU MAJOR WINNERS? SoBayed
MY BELLY IS HUGE MY BRAIN HAS DELAY YOU GUESSED IT RIGHT I'M FROM NA. HUHUHUHUHUUH EleGiggle
📞 HELLO NA? 📞 EU HERE 📞 ENJOY YOUR VACATION 📞 4Head
Please dont copy this pasta PastaThat pastaThat
Every 60 seconds in Africa... a minutes passes. Pray for them BlessRNG
liquid gets bomb down might go to the dog pound with a pound and a dosia just to thro down TriHard
MY TEETH ARE CROOKED MY BREATH SMELLS LIKE POO YOU GUESSED IT RIGHT I'M FROM EU. EleGiggle
EU THIS NA THAT I'M A BABY IN TWITCH CHAT . BabyRage
SPAM THIS SQUID TO HELP TEAM LIQUID \ Squid3
my copy paste was too long! LUL
CHAT FULL OF NORMIES CHAT FULL OF NORMIES CHAT FULL OF NORMIES CHAT FULL OF NORMIES ResidentSleeper
ASSUMING TRUMP HAS A BRAIN LUL
EU THIS NA THAT IM A BABY IN TWITCH CHAT BabyRage
NA MODS NA MODS NA MODS NA MODS NA MODS LUL
EU teeths are dis ... EU is so ... one more try ... omg i need a burger OpieOP
bap bap bap boom find a broom Adren comes round the backside in your tomb TriHard
SPAM THIS BIT TO HELP GAMBIT ItsBoshyTime
SK SK SK SK SK SK SK SK SK SK SK SK SK SK SK SK SK SK SK SK LUL
ban one american and you get the whole mcdonalds .. OpieOP
NA MODS NA MODS NA MODS NA MODS NA MODS . LUL
ipsislive: SPAM THIS HEART TO HELP ME FART <3
EU teeths are dis ... EU is so ... one more try ... i need a burger OpieOP
NA MODS IN THE CHAT NA MODS IN THE CHAT LUL
So much one man spam LUL
NA MODS IN THE CHAT NA MODS IN THE CHAT g LUL
7 X 1 NEVER DIE LUL
WE VOTED FOR A PRESIDENT THAT BUILDS A WALL AROUND USA INTELLIGENCE AT ITS BEST EleGiggle
NA FINALLY WON A GAME ? NA FINALLY WON A GAME ? dc LUL
How do you miss that LUL
not CSGO'd WTF he missed LUL
Only 60k viewers major final DEAD GAME LUL
@deshisCSGO you can close the chat you twot LUL
TACO SAVING 7 - 1 PogChamp
How did these Gold Novas get to major final? This game is dead LUL
@ipsislive sry dont have this hearth <3
Spam this GabeN to get Jebaited
@dreamhackcs Rachel? steel? come on TTours
EU TALKING SHIT UR TEAMS R SHIT LUL
B R Z I L LUL
NA FINALLY WON A GAME ? NA FINALLY WON A GAME ? NA FINALLY WON A GAME ? ds LUL
Americans not only good at shooting in video games Kappa
"WHAT AM I SUPPOSED TO DO?" 4Head
TACO LEFT SK FOR THIS PogChamp
Kazahstan EU Kazahstan EU Kazahstan EU Kappa
asians miliLul miliLul miliLul miliLul miliLul miliLul cmonBruh
why bench fitch for seized? NotLikeThis
gambot on lan and online FailFish
thats a nice school you have can i train my aim? me from NA Kappa
THEY GAVE AK TO SEIZED LUL
KILL BOT TO TAKE AK LUL
SEIZED = SIMPLE GAMBOT LOGIC LUL
gambit think seized is s1mple EleGiggle
#FAVELA #GOTACO #FAVELA #GOTACO #FAVELA #GOTACO ANELE
@lmhan He compared seized to s1mples, you idiot FailFish
you can't win with 5 aks, why do you think 1 will work? LUL
du du du du du du du dud u dont stop me me me me ming MingLee
FORSEN LIVE FORSEN LIVE FORSEN LIVE FORSEN LIVE FORSEN LIVE PogChamp
gambit kick fitch but they are even worse EleGiggle
This NA spam is pretty ironic considerinf Liquid is shitting on Gambit LUL
FROM MAJOR WINNER TO A DUMPSTER LUL
i shoot schools my children are fools you guessing it me from NA LUL
@bllabblla seized silver s1mple global LUL
SPAM THIS HEART TO HELP DOSIA FART <3
space soldiers lost to this FailFish
My Internet is Slow I'm Silver 2 YOU GUESSED IT RIGHT I'M FROM AU- EleGiggle
MEME NAME CHAT MEME NAME CHAT MEME NAME CHAT MEME NAME CHAT MEME NAME CHAT MEME NAME CHAT LUL
TACO LEFT SK JUST IN TIME LUL
KICKED ZEUS DID YA!?? GOOD JOB GAMBIT 4Head
I smell like trash you know its true YOU GUESSED RIGHT IM FROM NA LUL
H B B I T LUL
HOBBIT OUTDATED ADREN OVERRATED SEIZED JEBAITED GAMBIT ELIMINATED Jebaited
seized getting the site with no one there EleGiggle
420GamingNetwork doesnt make sense, EU got proper healthcare, NA doesnt :)
seized entry . ez round . EleGiggle
KICKED ZEUS DID YA!?? GOOD JOB GAMBIT HOWS THAT WORKING OUT FOR YOU? 4Head
@Loth1c all that healthcare and no one uses it 4Head
WHY IS NA SOO BAD EVEN TO WIN A MAJOR THEY HAD TO RIG IT LUL
WHY IS NA SOO BAD LUL
65k VIEWERS MAJOR FINAL DEAD GAME LUL
This chat is now owned by cykablyat DatSheffy
WE SHOOT IN SCHOOLS WE ARE FOOLS YOU GUESSED IT RIGHT WE NA EleGiggle
TRUMP IS HUGE TRUMP HAS DELAY YOU GUESSED IT RIGHT HE'S FROM NA EleGiggle
SPAM THIS DASHA TO HELP PASHA YouDontSay
TACO CANT EVEN KILL SEIZED OMEGA LUL
My name is dfhalfdshfskfjsafsajfajfjdshk I am not human I am from mars MingLee
H O B B I T LUL
We shoot at the movies We shoot in our schools but when we meet EU WE SHOOTING LIKE FOOLS LUL
MY BELLY IS HUGE MY BRAIN HAS DELAY YOU GUESSED IT RIGHT I'M FROM NA'. EleGiggle
MY BELLY IS HUGE MY BRAIN HAS DELAY YOU GUESSED IT RIGHT I'M FROM NA'asd EleGiggle
afastou o mic e bebeu de lado EleGiggle
NA SAVED EU FROM EU IN WW2 NA SAVED EU FROM EU IN WW2 NA SAVED EU FROM EU IN WW2 12 LUL
NA SAVED EU FROM EU IN WW2 NA SAVED EU FROM EU IN WW2 NA SAVED EU FROM EU IN WW2 0 LUL
NA SAVED EU FROM EU IN WW2 NA SAVED EU FROM EU IN WW2 NA SAVED EU FROM EU IN WW2 . LUL
@muck_fods don't copy the name when you copy the pasta FailFish
gambit adren > NA adren LUL
NA SAVED EU FROM EU IN WW2 NA SAVED EU FROM EU IN WW2 NA SAVED EU FROM EU IN WW2 -403 LUL
NA SAVED EU FROM EU IN WW2 NA SAVED EU FROM EU IN WW2 NA SAVED EU FROM EU IN WW2 44002 LUL
Lets do BellyDance ~ ~ MingLee
NA WOULDN'T HAVE BEEN ABLE TO SAVE EU FROM WW2 IF EU HADN'T STARTED WW2 LUL
nitro threw away a scout LUL
NA SAVED EU FROM EU IN WW2 NA SAVED EU FROM EU IN WW2 NA SAVED EU FROM EU IN WW2 309-03--01 LUL
NA lost to Vietnam? EU education 4Head
M0E BACK TO COMPETITIVE SCENE ? PogChamp
Americans think Gambit is EU :)
NA LOST TO VIETNAMESE FARMERS NA ARMY NA LOST TO VIETNAMESE FARMERS NA ARMY NA LOST TO VIETNAMESE FARMERS NA ARMY NA LOST TO VIETNAMESE FARMERS NA ARMY LUL
NA SAVED EU FROM EU IN WW2 NA SAVED EU FROM EU IN WW2 NA SAVED EU FROM EU IN WW2 NA SAVED EU FROM EU IN WW2 LUL
SPAM THIS GUY TO BEAT XGOD GOWKratos
: NA LOST TO VIETNAM NA ARMY NA LOST TO VIETNAM NA ARMY NA LOST TO VIETNAM NA ARMY CSAX LUL
NA LOST TO VIETNAMESE FARMERS NA LOST TO VIETNAMESE FARMERS NA LOST TO VIETNAMESE FARMERS NA LOST TO VIETNAMESE FARMERS LUL
📞 HELLO NA? 📞 EU HERE 📞 REMEMBER 'NAM? 4Head
Living on Planet Earth in 2018 LUL
: NA LOST TO VIETNAM NA ARMY NA LOST TO VIETNAM NA ARMY NA LOST TO VIETNAM NA ARMY vccvcv LUL
NA ARMY LOST TO VIETNAMESE FARMERS BrokeBack
NA LOST TO VIETNAMESE FARMERS NA LOST TO VIETNAMESE FARMERS NA LOST TO VIETNAMESE FARMERS LUL
: EU SAVED NA FROM NA IN 1700'S EU SAVED NA FROM NA IN 1700'S EU SAVED NA FROM NA IN 1700'S LUL
NA always enters war if it is already over 4Head
NA LOST TO VIETNAMESE FARMERS NA LOST TO VIETNAMESE FARMERS LUL
NA SAVED EU FROM EU IN WW2 NA SAVED EU FROM EU IN WW2 NA SAVED EU FROM EU IN WW2 NA SAVED EU FROM EU IN WW2 12 LUL
EU SAVED NA FROM NA IN 1700'S EU SAVED NA FROM NA IN 1700'S EU SAVED NA FROM NA IN 1700'S LUL
LOSING TO RICE FARMERS MUST BE NA LOSING TO RICE FARMERS MUST BE NA LOSING TO RICE FARMERS MUST BE NA LUL
eating the only thing i can i must be an american BrokeBack
no smoke and no kit NotLikeThis
RANDOM BULLSHIT RANDOM BULLSHIT RANDOM BULLSHIT RANDOM BULLSHIT RANDOM BULLSHIT LUL
EU ARMY SMALLER THAN NA ARMY EU ARMY SMALLER THAN NA ARMY EU ARMY SMALLER THAN NA ARMY LUL
damn look at all this EU salt LUL
@lordc3p0 there was no such thing as "Russia" being a country in WW2. EU EDUCTION LUL
EU LOST TO HITLER EU LOST TO HITLER LUL
NA SAVED EU FROM EU IN WW2 NA SAVED EU FROM EU IN WW2 NA SAVED EU FROM EU IN WW2 NA SAVED EU FROM EU IN WW2 122233 LUL
not bad, they were 9-2 behind Kappa
WE SHOOT UP SCHOOLS WE ARE FOOLS WE OBVIOUSLY AMERICANS BrokeBack
I LOST TO YOUR MAMA LUL
NA SAVED EU FROM EU IN WW2 NA SAVED EU FROM EU IN WW2 NA SAVED EU FROM EU IN WW2 NA SAVED EU FROM EU IN WW2 -03 LUL
BREXIT BREXIT BREXIT BREXIT BREXIT LUL
SEIZED LOOKS LIKE TYLER1??? WTF LUL
RUSSIA SAVED EU NOT NA LUL
NA ONLY GOOD AT DEFEATING NATIVES NA ONLY GOOD AT DEFEATING NATIVES LUL
CRINGING AT 69 JOKES THAT NO ONE MADE LUL
NA BACK TO BACK WORLD WAR CHAMPS NA BACK TO BACK WORLD WAR CHAMPS NA BACK TO BACK WORLD WAR CHAMPS . LUL
NA SAVED EU FROM EU IN WW2 ?? NA EDUCATION NA SAVED EU FROM EU IN WW2 ?? NA EDUCATION LUL
How old is Dosia hahahah :D
NA BACK TO BACK WORLD WAR CHAMPS NA BACK TO BACK WORLD WAR CHAMPS NA BACK TO BACK WORLD WAR CHAMPS ,. LUL
tenho o msm mouse pad do taco por isso jogo mal 4Head
FRANCE ALWAYS SURRENDERING FRANCE ALWAYS SURRENDERING FRANCE ALWAYS SURRENDERING FRANCE ALWAYS SURRENDERING LUL
RUSSIA BACK TO BACK WORLD WAR CHAMPS RUSSIA BACK TO BACK WORLD WAR CHAMPS RUSSIA BACK TO BACK WORLD WAR CHAMPS RUSSIA BACK TO BACK WORLD WAR CHAMPS LUL
how does he type keyboard dead??? LUL
TRUMP DOESNT NEED EDUCATION TO RUN THAT NATION TRUMP DOESNT NEED EDUCATION TO RUN THAT NATION TRUMP DOESNT NEED EDUCATION TO RUN THAT NATION BrokeBack
NA ALWAYS COMES WHEN WAR IS OVER NA ALWAYS COMES WHEN WAR IS OVER LUL
RU BACK TO BACK WORLD WAR CHAMPS RU BACK TO BACK WORLD WAR CHAMPS RU BACK TO BACK WORLD WAR CHAMPS RU BACK TO BACK WORLD WAR CHAMPS RU BACK TO BACK WORLD WAR CHAMPS LUL
USSRR SAVED EU, NA DID NOTHING LUL
buy new keycaps u fool WutFace
4 kills with broken keyboard LUL
can't look after the events equipment, fine em LUL
BROKE KEYBOARD FOR A TIMEOUT BROKE KEYBOARD FOR A TIMEOUT BROKE KEYBOARD FOR A TIMEOUT LUL
NA CANT KEEP IMMIGRANTS OUT OF THEIR OWN TEAM NA CANT KEEP IMMIGRANTS OUT OF THEIR OWN TEAM LUL
11 NA CANT KEEP IMMIGRANTS OUT OF THEIR OWN TEAM LUL
Even the keyboard gets wet from Dosia LUL
2 NA CANT KEEP IMMIGRANTS OUT OF THEIR OWN TEAM NA CANT KEEP IMMIGRANTS OUT OF THEIR OWN TEAM LUL
3 NA CANT KEEP IMMIGRANTS OUT OF THEIR OWN TEAM NA CANT KEEP IMMIGRANTS OUT OF THEIR OWN TEAM LUL
H B B I T <3
5 NA CANT KEEP IMMIGRANTS OUT OF THEIR OWN TEAM NA CANT KEEP IMMIGRANTS OUT OF THEIR OWN TEAM LUL
GOD FORGIVES TACO DOESNT GUYSSS <3
DOSIA EU BELLY DOSIA EU BELLY DOSIA EU BELLY LUL
XGOD HANDSOME MEN OF THE WORL LUL
give him a shitty keyboard LUL
Gambit iss gonna Have in = VoteYea
ACTUALLY HOBBIT ACTUALLY HOBBIT ACTUALLY HOBBIT PogChamp. PogChamp
IT HAS TO BE BELOW THE BELT LUL
@QTS_FAT_DONGER why EU, NA has more obese people you moron LUL
@AboikoS Józefów 05-420 kod pocztowy zapraszam :D
HEY HENRY WHERE IS HE? cmonBruh
Why are people 'ing on TACO??? ANELE
EU THIS NA THAT IMA KID IN TWITCH CHAT BabyRage
@Dankmemesfrom9gags najpierw gibony, miłego dnia pany :D
Corsair sponsored event, no keyboard. LUL
go to the Merch booth and buy a damn Corsair NotLikeThis
Both teams are so fucking bored LUL
UNEDUCATED KIDS THINK KAZAKHSTAN IS A EU COUNTRY LUL
1 UNEDUCATED KIDS THINK KAZAKHSTAN IS A EU COUNTRY LUL
are these the stolen chairs chat? CoolStoryBob
STRATEGIC TIME OUT STRATEGIC TIME OUT STRATEGIC TIME OUT STRATEGIC TIME OUT STRATEGIC TIME OUT 4Head
\________ KennyS hooked them up Kappa
dosia has to play without keyboard now PogChamp
Gambit keyboard died because of Liquid. Kappa
EU CAN'T AFFORD BRACES EU CAN'T AFFORD BRACES EU CAN'T AFFORD BRACES LUL
Chat first time seeing braces BrokeBack
EU TALKING ABOUT TEETH EU TALKING ABOUT TEETH EU TALKING ABOUT TEETH EU TALKING ABOUT TEETH LUL
TACO HAPPY HE'S NOT IN SK EleGiggle
@JaggaBiceps nazi mods lover detected LUL
they getting the keyboard with cheats LUL
67 k viewers and why NO UnSane
NA talking about health NA talking about health NA talking about health NA talking about health LUL
NA SAVED EU FROM EU NA SAVED EU FROM EU NA SAVED EU FROM EU LUL
miliTen miliTen miliTen memes miliLul miliLul miliLul miliTen miliTen miliTen cmonBruh
NA - Braces over Health Care Kappa
NA SAVED EU FROM EU NA SAVED EU FROM EU NA SAVED EU FROM EU NA SAVED EU FROM EU LUL
@DelGayMing EU has free healthcare everyone gets it for free LUL
xgod has 1kg butter in his hair PogChamp
fucc EU and NA, ASIA king 4Head
TACO KILL WITH HIS KNIFE 420 PogChamp
BOT TACO? WHERE IS THAT BOT TACO LUL
hes happy af miliLul miliLul miliLul miliLul miliLul cmonBruh
TACO FROM 74CO TO VACO IN 10 SECONDS LUL
TACO has aim check HLTV LUL
GOD TO BOT TO GOD , Chat WutFace
everyone talking about taco when the other 2 didn't hit him at all LUL
@DelGayMing In NA you dont get the chance to get good teeth, you get shot in school before LUL
SPAM THIS VATO TO HELP TACO. DogFace
miliTen miliTen miliTen chat miliLul miliLul miliLul miliLul miliTen miliTen miliTen cmonBruh
@DelGayMing You president doesnt understand safety LUL
hello SK TACO here miss me yet SoBayed
Clap GAMBIT ? Clap MORE LIKE Clap GAMBOTS Clap MrDestructoid
📞 HELLO TACO? 📞 SK HERE 📞 HOW MUCH FOR YOU TO COME BACK 📞 4Head
Boltz 15 kills 2 maps EleGiggle
@Jotrha He signed my profile, met him in random mm. Now nobody will trust me LUL
miliTen miliTen miliTen miliTen memes miliLul miliLul miliLul miliLul miliTen cmonBruh
miliTen miliTen miliTen chat miliLul cmonBruh
PEOPLE SAYING HE HAD TIME LUL
OFCOURSE A BOT CANT BUY A DEFUSE KIT LMAO LUL
cloud 9 in semi's after stew leave? LUL
Spam This Dog To Help XGOD OhMyDog
When SK will play can anybody can tell me :(
@Abhi_fantastic09 @verydongbeiguy seized definitely didn't have time idiots FailFish
seized not dropping ak for his teammates who can aim NotLikeThis
defuse kit on a force round LUL
botsia miliLul miliLul miliLul miliLul miliLul cmonBruh
SPAM THIS Dog To HELP XGOD OhMyDog
EU DO YOUR TEETH HURT EU DO YOUR TEETH HURT EU DO YOUR TEETH HURT 4Head
even if he has p250he wins anyway LUL
TACO GOD TACO GOD TACO GOD TACO GOD TACO GOD TACO GOD <3
#FAVELA #GOTACO #FAVELA #GOTACO #FAVELA #GOTACO #FAVELA #GOTACO ANELE
SPAM THIS SOMETHING TO HELP TO SOMETHING (C) ME TwitchUnity
SPAM NOTHING TO HELP NOBODY 4Head
Hey chat I am lonely Can i get some friends ? :)
TACO GOD TACO GOD TACO GOD TACO GOD TACO GOD TACO GOD TACO GOD TACO GOD <3
TACO WAS THE PROBLEM TACO WAS THE PROBLEM LUL
SK WITHOUT VACO FOR BAITZERA LUL
botbit esports miliLul miliLul miliLul miliLul miliLul cmonBruh
SO FALLEN IS THE PROBLEM WutFace
@SmX123456 new to twitch chat ? LUL
Liquid new world #1 inc Kappa
TACO WAS NOT THE PROBLEM 4Head
SK chose an american to replace TACO LUL
SK Shit organisation is the problem WutFace
liquid taco? is that when you do a pee from ur butt?? liquid taco? is that when you do a pee from ur butt?? liquid taco? is that when you do a pee from ur butt?? WutFace
Taco quis sair da SK seus 4Head
botbit esports miliLul miliLul miliLul miliLul miliLul miliLul miliLul miliLul miliLul miliLul miliLul cmonBruh
Hello BR? Weather good here Where are you SK? 123 4Head
TACO WAS THE PROBLEM OMEGA LUL
a single letter ban worthy for dreamhack LUL
SK WITHOUT TACO & FNX = NO MAJOR 4Head
📞 Hello SK 📞 TACO here 📞 Miss me yet ? 📞 1Paaakho: CZGO 4Head
📞 Hello SK 📞 TACO here 📞 Miss me yet ? 📞 1 - 4Head
@blackbird_xd Uptime is: 8h 27m 26s :)
GAMBIT STILL BETTER THAN VP 4Head
botbit esports miliLul miliLul miliLul miliLul miliLul miliLul miliLul miliLul miliLul miliLul miliLul miliLul miliLul miliLul cmonBruh
📞 Hello SK 📞 TACO here 📞 Well played without me today 📞 4Head
SPACE SOLDIERS DIED FOR THIS Kappa
Space Soldiers Lost To This LUL
HELLO TACO 📞 SK HERE 📞 CAN YOU PLEASE COMEBACK 📞 4HEAD 4Head
📞 Hello SK 📞 TACO here 📞 Miss me yet ? 📞 1Paaakho: CZGO . 4Head
📞 Hello Coldzera 📞 TACO here 📞 Stew not baiting ? 📞 4Head
IS MOU DEAF? OR ? VoteYea
📞 Hello taco 📞 SK here 📞 Nah we good 📞 4Head
📞 :telephone_receiver:BetterTTV Emojis Hello SK 📞 TACO here 📞 Who cold baiting now ? 📞 4Head
📞 Hello SK 📞 TACO here 📞 Where are you? 📞 4Head
GOW 4 TWITCH TOP GOW 4 TWITCH TOP GOW 4 TWITCH TOP GOWKratos
let me push the AWP LUL
📞 Hello SK 📞 TACO here 📞 oops wrong number ? 📞 4Head
csgo in 2018 csgo in 2018 LUL
hello SK ? Ninjas in pyjamas here how does it feel to go down the same road as us 4Head
why would he peek that LUL
Crouch walk into the awper LUL
Palmeiras no have mundial LULPalmeiras no have mundial LULPalmeiras no have mundial LUL
📞 STOP CALLING THIS NUMBER 📞 DansGame
real talk this stream only has 72k because ninja isnt streaming LUL
S I Z E D LUL
Force-buy? They've bought CZ's, so it's a full-buy Kappa
72K VIEWERS MAJOR FINAL DEAD GAME 4Head
gambit used to be this bad only online LUL
8-18 D S I A LUL
D S I A X BOT LUL
8 18 OMEGA DOSIA BOT LUL
GG EZ FOR LIQUID WITH GODTACO <3
astralis >>>> liquid >>>> gambit >>>> SS LUL
HELLO TACO? 📞 FALLEN HERE 📞 WANNA COMEBACK 📞 4HeadHELLO TACO? 📞 FALLEN HERE 📞 4Head
BOTACO AND GODTACO IN SAME TIME LUL
#FAVELA #GOTACO #FAVELA #GOTACO #FAVELA #GOTACO #FAVELA #GOTACO #FAVELA #GOTACO ANELE
spam this rabbit to help hobbit . Keepo
BAITZERA SAVEZERA ECOZERA EXITZERA CAMPZERA BOTZERA LUL
seized always losing to cz LUL
my boy NAF chilling with the grill SeriousSloth
HELLO SK TACO'S HERE AND SUCK SoBayed
TACO GOD TACO GOD TACO GOD <3
75k viewers CSGO IS DEAD LUL
📞 Hello SK 📞 TACO here 📞 Coldzera can't bait me now ? 📞 4Head
75k people watching a replay LUL
SPAM THIS TWITCH TO HELP FITCH imGlitch
Desiezed... That is genius, random chat person PogChamp
📞 Hello FALLEN 📞 TACO here 📞 COLD baiting you now? 📞 4Head
Taco is choking so hard LUL
📞 Hello Mom 📞 Im naked here 📞 Could you please bring me grils? ? 📞 4Head
DONT TALK ABOUT DOSIA, HES MY MAN <3
Stewart2k need to bait for coldzera LUL
NA CS 15 15 INC LUL
📞 Hello SK 📞 WENGER here 📞 Miss me yet ? 📞 4Head. 4Head
I love stuff like that to be honest. It always makes these kind of interactions more authentic <3
: 📞 Hello TACO 📞 SK here 📞 Yoi suck 📞 4Head
miliLul miliLul miliLul miliLul miliLul miliLul miliLul miliLul miliLul miliLul miliLul cmonBruh
GIVE THE AL TO NAF TACO FailFish
LIQUID AND CHOKE NAME A MORE ICONIC DUO LUL
SPAM THIS RACC TO AID LIQUIDS ATTACC RaccAttack
200 word essay due in tomorrow and im watching csgo R I P NotLikeThis
twistzz where is the awp? re: i dropped BrokeBack
what i called ggs and its stil going on LUL
flashbacks to mlg columbus choke LUL
NA ALWAYS CHOKE NA ALWAYS CHOKE NA ALWAYS CHOKE FailFish
inb4 6they lose to CZ 's LUL
: SPAM THIS SQUID TO HELP TEAM LIQUID Squid3
liquid please be reminded that 5 cells are allocated for you at NA prison id you lose SwiftRage
📞 Hello SK 📞 TACO here 📞 Coldzera can't bait me now 📞. 4Head
📞 hey sk 📞4Head taco here 📞4Head actually winning 📞 4Head
📞 Hello SK 📞 TAZ here 📞 Miss me yet ? 📞 4Head/ 4Head
SK dropped vaco for bot 2k LUL
LIQUID TACO>SK STEWIE ALL DAY LUL
Hello SK 📞 TACO here 📞 Miss me yet ? 📞 4Head/ 4Head
When he is come here DansGame
📞 :telephone_receiver: Hello SK 📞 TACO here 📞 Miss me yet ? 📞 4Head
left SK don't go out of group stages anymore 4Head
ummm No No digital pass for me :)
ue o Taco não era o problema da sk? BabyRage
📞 Hello FALLEN 📞 TACO here 📞 Miss me yet ? 📞 4Head
Now I can play in Toilet also PogChamp
WANNA SEE LIQUID VS SK KappaPride
📞 Hello SK 📞 WENGER here 📞 Miss me yet ? 📞 4Head/ 4Head
CS GO DEAD GAME MAJOR FINAL WITH 70K VIEWERS ONLY LUL
Do you all guys realize that Taco dont adaped yet? CarlSmile
B E T A L L Y O U R M N E Y LUL
Taco here where is SK now? 4Head
📞 Hello Stewie 📞 C9 here 📞 Miss us yet ? 📞 . 4Head
📞 Hello SK 📞 SADO here 📞 Miss me yet ? 📞 4Head
DONT COPY THE NAME WHEN YOU COPY THE PASTA FailFish
muck_fods: DONT COPY THE NAME WHEN YOU COPY THE PASTA FailFish
TurboDaZiwnl: DONT COPY THE NAME WHEN YOU COPY THE PASTA FailFish
Taco here I can't find Fallen anymore 4Head
shangrilhama: TurboDaZiwnl: DONT COPY THE NAME WHEN YOU COPY THE PASTA FailFish
CurtisJ: shangrilhama: TurboDaZiwnl: DONT COPY THE NAME WHEN YOU COPY THE PASTA FailFish
HELLO STEW 📞 NOT REALLY GOOD DECISION 📞 WAS IT ? 📞 4Head
ŠTA HOŠ TI, WHAT IS THE PROBLEME???? LUL
📞 Hello BAITEZERA 📞 TACO here 📞 Miss me yet ? 📞 4Head
@domgp Well said. make it happened SwiftRage
TIM AND TACO KNEW WHAT WAS UP LUL
northernlights354: lc_pt__master: TurboDaZiwnl: georgewbrush: CurtisJ: shangrilhama: TurboDaZiwnl: DONT COPY THE NAME WHEN YOU COPY THE PASTA FailFish
Twitch Primejack____: lc_pt__master: TurboDaZiwnl: georgewbrush: CurtisJ: shangrilhama: TurboDaZiwnl: DONT COPY THE NAME WHEN YOU COPY THE PASTA FailFish
Debki_Kaminari: TurboBLNDSPT: lc_pt__master: TurboDaZiwnl: georgewbrush: CurtisJ: shangrilhama: TurboDaZiwnl: DONT COPY THE NAME WHEN YOU COPY THE PASTA FailFish
georgewbrush: Debki_Kaminari: TurboBLNDSPT: lc_pt__master: TurboDaZiwnl: georgewbrush: CurtisJ: shangrilhama: TurboDaZiwnl: DONT COPY THE NAME WHEN YOU COPY THE PASTA FailFish
Twitch PrimeCiDsModding: georgewbrush: Debki_Kaminari: TurboBLNDSPT: lc_pt__master: TurboDaZiwnl: georgewbrush: CurtisJ: shangrilhama: TurboDaZiwnl: DONT COPY THE NAME WHEN YOU COPY THE PASTA FailFish
Twitch Prime: georgewbrush: Debki_Kaminari: TurboBLNDSPT: lc_pt__master: TurboDaZiwnl: georgewbrush: CurtisJ: shangrilhama: TurboDaZiwnl: DONT COPY THE NAME WHEN YOU COPY THE PASTA FailFish
Is my golden yet? POGGERS Kappa
Nope, I don't see any golden Kappa
FRENCH EVENT WITH NO FRENCH TEAMS FRENCH EVENT WITH NO FRENCH TEAMS LUL
dont pasta the copy when you name the copy FailFish
Hello BAITEZERA TACO here Miss me yet ? 4Head. 4Head
Hello BAITEZERA TACO here Miss me yet ? / 4Head
BETTING ON A TEAM WITH SEIZED LUL
COLZERA LOST HIS BAIT NO TOP 1 2018 LUL
WTF MR ROGERS ITS BEEN MONTHS SabaPing
Chat going so fast nobody will know I’m KappaPride
Lurn only do stupid irl video with 8k followers and she is verified LUL
slow and steady wins the race mods cant ban me at this pace SeriousSloth
@chicken98_ he got 4k last map :o
BEST SLOTH ON THE PLANET NAF FLY SeriousSloth
Tryagra 32 tick fortnite server LUL
@Lurn verified sign in 2k18 LUL
yang besok un di indonesia good luck :D
TL in mirage We know how this is going to end Kappa
No job ✅ No girlfriend ✅ No friends ✅ No talents ✅ Wasting time on Twitch ✅ Must beyou 4Head
lurn looks like ninja go play fornite n00bgrill EleGiggle
@niiq No job ✅ No girlfriend ✅ No friends ✅ No talents ✅ Wasting time on Twitch ✅ Must be you 4Head
Having a Job, house and Gf in 2k18 LUL
@バカルディ 200 words is not even 1 page LUL
Job ✅ Girlfriend ✅ Friends ✅ No talents ✅ Wasting time on Twitch ✅ Must be me 4Head
Job ✅ Girlfriend ✅ Friends ✅ No talents ✅ Wasting time on Twitch ✅ Must be me 1 4Head
: No job ✅ No girlfriend ✅ No friends ✅ No talents ✅ Wasting time on Twitch ✅ Must be you 1 4Head
1 No job ✅ FeelsBadMan No girlfriend ✅ FeelsBadMan No friends ✅ FeelsBadMan No talents ✅ FeelsBadMan Wasting time on Twitch ✅ FeelsBadMan Must be me FeelsBadMan LUL
No job ✅ No girlfriend ✅ No friends ✅ No talents ✅ Wasting time on Twitch ✅ Must be you 1 4Head
No job ✅ No girlfriend ✅ No friends ✅ No talents ✅ Wasting time on Twitch ✅ Must be all 4Head
No job ✅ No girlfriend ✅ No friends ✅ No talents ✅ Wasting time on Twitch ✅ Must be me xD 4Head
No talent ✅ No skill ✅ battle royale games ✅ is my thrill ✅ @lurn just for u 4Head
No job ✅ No girlfriend ✅ No friends ✅ 4HeadNo talents ✅ Wasting time on Twitch ✅ Must be you 4Head
@Gooklay not knowing the 200 word meme LUL
No job ✅ No girlfriend ✅ No friends ✅ 4HeadNo talents ✅ Wasting time on Twitch ✅ Must be me 4Head
Hello Taco this is SK please don't come back , 4Head
are they rly losing to this shit team on mirage :D
TACO GOD TACO GOD TACO GOD <3TACO GOD TACO GOD TACO GOD <3
My dad beats me FeelsBadMan My mom beats me FeelsBadMan My brother beats me FeelsBadMan My sister beats me FeelsBadMan At least I feel safe with NA, because they can't beat anyone FeelsGoodMan LUL
NEVER SUBSCRIBED NEVER DONATED 4HeadADBLOCK ON TOXIC IN CHAT FREE ENTERTAINMENT 4Head
Lampião do cavalo azul Lampião do cavalo azul Lampião do cavalo azul <3
NA 1 major. Asia 0 majors LUL
No job ✅ FeelsBadMan No girlfriend ✅ FeelsBadMan No friends ✅ FeelsBadMan FeelsBadMan Wasting time on Twitch ✅ FeelsBadMan At least I have beer and rum SeemsGood
QUEM E BRASILEIRO FLODA O BERRANTE PogChamp
No Talents ✅ No Skill ✅ Battle Royale ✅ Is my thrill ✅ @lurn 4Head
I'M SORRY TO SAY I'M LIQUID FAN 4Head
| SPAM THIS ROBOTO TO HELP BOT TACO MrDestructoid
No Talents ✅ No Skill ✅ Battle Royale ✅ Is My Thrill ✅ @lurn 4Head
No Talent ✅ No Skill ✅ Battle Royale ✅ Is my thrill ✅ @lurn 4Head
No job ✅ No girlfriend ✅ No friends ✅ No talents ✅ Wasting time on Twitch ✅ Must be me FeelsBadMan 4Head
for more pro tips dm me <3
No Talent ✅ No Skill ✅ Battle Royale ✅ Is My Thrill ✅ @lurn 4Head
@chrisfps7 just saw it on his jersey LUL
THIS IS THE MAJOR CHAMPIONS LUL
No job ✅ No girlfriend ✅ No friends ✅ No talents ✅ Wasting time on Twitch ✅ Must be TWITCH CHAT 1 4Head
X GOD BYE BYE FeelsAmazingMan HeyGuys
OMG ITS ONLY 1 GUY LEFT STILL SCARED LUL
@Kaan_sari42 Uptime is: 9h 16m 8s :)
WENGER OUT ......THATS TIME IS FOR REAL LUL
@PRESIDENT_MACRON nah that's his normal breathing LUL
Every time the dude says TACK-O instead of TAH-CO Kappa
CZ SO GOOD SIEZED CAN VET KILLS LUL
DIESER CHAT IST JETZT DEUTSCH DatSheffy
Chat upset that they can't get CZ kills LUL
Who the fuck where's shoes whilst they're playing at home? LUL
there is onlue 1 ZEUS LUL
Who the fuck where's shoes whilst they're playing at home? Who the fuck where's shoes whilst they're playing at home? LUL
CHAT DOESN'T PLAY WITH SHOES ON WONDERS WHY THEY ARE SILVERS LUL
watever seized talk in timeout all will fail 4Head
VACO WAS THE PROBLEM VACO WAS THE PROBLEM VACO WAS THE PROBLEM VACO WAS THE PROBLEM VACO WAS THE PROBLEM VACO WAS THE PROBLEM LUL
gets the bomb loses versus an eco LUL
Hobbit looks like a 60 year old woman or Andy Milonakis LUL
liquid might still join SK at airport 4Head
CS ON 4/20 IN 2018 WITH DREAMHACK LUL
TEAM LULQUID NA CS GO HOME WITH SK LUL
TRIGGERING HENRY WHY HAS HE GONE AND DONE THAT LUL
kids in chat dont know how to save FailFish
TRUMP DECLARED WW3 CHECK HLTV PogChamp
Spam this blonde to help the X GOD PMSTwin
ITS FOR MATCH NOT MAPS LUL
DOSIA IS A POPTART TOM 4Head
look who just got crowned LUL
SPAM THIS BOT TO HELP seXGOD MrDestructoid
monkaS ORWELLIAN MODS FeelsBadMan monkaS cmonBruh
BRACES AT AGE 21 ONLY IN NA WutFace
haha lost a round haha 4Head
monkaS MODS ARE GAMBIT FANS FeelsBadMan monkaS cmonBruh
Did I hear "pain in the rear end"? KappaPride
ME MOD ME GOD IN CHAT I LOST LUL
moe 's playing for team gambit :o
SPAM THIS ENERGY DRINK TO HELP THE SECS GOD DOSIA DrinkPurple
SPAM THIS CHEESE TO HELP ELiGE StinkyCheese
NICE STRATS, PUT A 3 HEALTH MAN TO WATCH THE BOMB ALONE LUL
I'm going out tyhere tommorow ;)
@syahir7078 Uptime is: 9h 32m 9s :)
is this a rerun from yesterday ? LUL
SPAM THIS THOT TO HELP XGOD PMSTwin. PMSTwin
if liquid find difficult to beat gambit specially in mirage than how will they face fnatic LUL
stupid play on 9 7 round NotLikeThis
SPAM THIS CHEESE TO HELP ELIGE StinkyCheese
liquid in map 2 and 3 EleGiggle
TACOGOD MAS OS BOTS QUEREM ANALISAR CS ACIMA DA CAPACIDADE DELES QUEREM ANALISAR MELHOR QUE O FALLEN MrDestructoid
WHEN I SEE 1 MORE ""XD"" I WILL LEAVE LUL
NA CS AT ITS BEST LUL
HIT EM WITH THE MM SPECIAL LUL
NA CS AT ITS FINEST LUL
3 AWPS, twistzz no AWP LUL
knightblade777: MY BELLY IS HUGE MY BRAIN HAS DELAY YOU GUESSED IT RIGHT I'M FROM NA. EleGiggle
@riqu1 MY BELLY IS HUGE MY BRAIN HAS DELAY YOU GUESSED IT RIGHT I'M FROM NA. EleGiggle
@xYeko well, having Gambit vs Liquid with the score of 0:1 , yea But no prob dude, everythings fine :)
16 - 14 HLTV confirmed LUL
@WoaLLy1 I know but he left because he was dropped from their roster... why? cmonBruh
@EOORotn Thanks, wasn't sure how they decided that. :)
WHO WAS IN CONNECTOR NA CS LUL
SPAM THIS CHEESE TO HELP SEIZED StinkyCheese
THREE AWPS NO MAIN AWPER NotLikeThis
Liquid is always saving something :)
Hey chat who won last major 4Head
trying to go ot with gambit LUL
Gambit lost a map to this LUL
@me if u are 7 TriHard
3 AWP MM STRATS NA CS LUL
dying in fire = 1g right? 4Head
lmao 2018 and chat yelling 1g LUL
@xSareez thats true. Especially Elige is often very good on that map :)
Liquid the best Brazilian team LUL
LOSING VS SEIZED IN 2018 LUL
15 15 15 15 15 15 15 15 BlessRNG
we get to see train PogChamp
now all the NA kids will cheer for SK LUL
S A D K I S T LUL
@abalamftw Uptime is: 9h 41m 38s :)
JUST WAIT TILL I GO 100% TriHard
Sk hahah Sk hahah Sk hahah LUL
Sk is tier 2 in this moment LUL
C86 M U S I C WutFace
SUBBING TO FORSEN IN 2018 LUL
I don’t play this video game therefore it’s dead 4Head
HLTV VAC BANNED CHECK JW Keepo
bigberpin the kids moved on ...join them ...battle royale is skill based Kappa
Subbing to Forsen in ANY year LUL
spkr no its rerun ....go watch OWL LUL
my boyfriend loves this song KappaPride
haha I dislike song so it’s gay KappaPride
WHERE IS MY GENERIC SHITTY EDM BabyRage
Sk vs G2 in the final 4Head
No Talent No Skill Battle Royale Is My Thrill SoBayed
Person who is reading this I LOVE YOU <3
why does this ugly sh*t always have his mouth opened FailFish
Brazil is part of US now SnickersHype
FNX AND TACO WAS THE PROBLEM LUL
IM LOSING MOM GET THE PHONE BabyRage
ONE MORE XD AND IM OUT NotLikeThis
richiehedd JASONR SUB enjoy your wasted money LUL
Raw9nj imagine giving money to him LUL
I WAS BANNE CHECK STEAM PogChamp
WTF - BOLTZ + AUTIMATIC :O PogChamp
playing with ur keyboard 180 degrees LUL
STOP DRINKONG THAT FOUL SHIT DansGame
This is some nice music :)
@duckbit1 I'm glad i'm not some egotistical moron of a person who can't cut it in pro play LUL
I MISS SADOKIST I MISS SADOKIST I MISS SADOKIST Kappa
@jdar he outplays them all in fpl and rank S bro LUL
easy for V C O PogChamp
If I won the award for laziness, I would send somebody to pick it up for me ResidentSleeper
LEAGUE OF WHO CHOKES MORE LUL
why is seized pushing in a 4v2 LUL
you really gotta win those rounds NotLikeThis
E C O D ' E D EleGiggle
3 players saves a famas LUL
Thank you @DreamHackCS for banning "TriHard" Now, little kids will stop being racist SeemsGood
SPAM THIS THOT TO HELP GAMBIT PMSTwin
SPAM THIS SQUID TO HELP TEAM Squid3
OOGA OOGA QE OTA OOGA OOGA? 4Head
SPAM THIS THOT TO HELP GAMBOT PMSTwin
SPAM THIS THOT TO HELP GAMBIT too PMSTwin
mi are brasilian monki que otaaaa? ooga ooga FunRun
SPAM THIS TWISTER FOR TACO'S SISTER duDudu
when you get hs from a guy in mid air from that distance LUL
@bieldegeelii tao bot que a sk melhorou muito depois que ele saiu ne LUL
SODIUM IS ISOLATED BY PETER DAGER NOT HUMPREY FailFish
fkin silvers are so blind LUL
@Freeburger97 you haved no english LU LUL
Don't be a LOSER, buy a DEFUSER LUL
i just wish that filthy russians lose :)
@lksn tu é analista pro de cs? SK ganhou 2 majors com ele, e vai la ver se ele ficou negativo, seu bot <3
Shake it shake it 🛅 TriHard
Fuck AVIICI his music sucked shoulda died sooner 4Head
aimprTSM brkTSM aimprTSM brkTSM aimprTSM brkTSM aimprTSM brkTSM aimprTSM brkTSM LUL
HE'S REALLY DEAD TWITCH CHAT DIDNT LIE PogChamp
WAKE AVICII WHEN ITS ALL OVER BibleThump
GabeN playing for Gambit CONFIRMED SeemsGood
dont do drugs kids expect to die :)
avicci - wake me up when NA win another major LUL
AVICII DIED AS HE LIVED, ON DRUGS LUL
AVICII DID DRUGS AND HE DIED, BIG DEAL LUL
Avicii died to save NA PogChamp
How much cocain was he on Kappa
avicii kannabis overdose on 4/20 4Head
AVCII DEAD HIS FUNERAL IS BEING STREAMED ON TWITCH RIGHT NOW Kappa
VCII DEAD HIS FUNERAL IS BEING STREAMED ON TWITCH RIGHT NOW Kappa
@CLWakaLaka I THINK YOU MEAN GUCCI LUL
@lecahh NO ONE CARES ABOUT A DRUGGIE MUSICIAN LUL
some shitty dj died chat 4Head
NINJA MORE VIEWS THAN MAJORS FINAL LUL
AVICII CRAPPY MUSIC NOTHING OF VALUE LOST LUL
wake me up when the beat is all over :(
avicii swedish dj dead RIP BibleThump
IS AVICII A CSGO PLAYER ? Kappa
hes actually dead i just searched it :(
Avichii died to save NA CS PogChamp
Don't do drugs kids expect to die like avicii if you do 4Head
NOW PEOPLE CARE ABOUT AVICII LUL
He made shit haHAA music anyways only normies will miss him LUL
AVICIIS DEATH MORE ENTERTAINING TO TWITCH CHAT THAN THE GAME LUL
AVICII FUNERAL STREAMING ON TWITCH PogChamp
ITs just like when Lil Peep died, you people really dont care LUL
Levels was Avicii's best song BibleThump
AVICII DEAD CHECK HLTV JermaMustard PogChamp
so wake me up when it's all over!! R.I.P. Awicii :(
wtf this is not a troll BibleThump
Waiting for love is Avicii's best music :(
rest in peace Avicii :'( <3
SPAM THESE SHIT TO HELP LIQUID Keepo
can we spam a F for AVICII? TriHard
imagine in avicci actually made real music 4Head
I didnt believe you chat, im sorry RIP BibleThump
AVIICI Gaben banned for life LUL
Adren bottom fragging vs Tier10 CIS and then top fragging vs Top 10 teams LUL
GOGLE IT AVICII IS DEAD BibleThump
who gives a shit about avicii ResidentSleeper
Seized was the problem for Navi 4Head
GOGGLE IT HIKO DIED OF HEART ATTACK :(
TUPAC ALIVE IN CUBA HLTV CONFIRMED PogChamp
kids triggered kids messaging me LUL
damn that made me sad :(
Wow, his wiki page even shows he's dead BibleThump
@officialsenpaimadara IS TRIGGERED HE WHISPERED ME LUL
AVICII VAC BAN, CHECK HLTV BibleThump
Avici is dead, how will my life go on Jebaited
yea idoits kids making fun of avicii death fking kids UnSane
Avicii female artist of the year SeemsGood
AVICII DEAD CHECK HLTV jermaMustard PogChamp
press if you dont care about avicii :)
70k views in a csgo major LUL
AVICII BRO HE IS DEAD :(
Avicii was Fifflaren's big brother BibleThump
SK GAMING -STEWIE2k +AVICII HLTV CONFIRMED PogChamp
Spam to pay respects for Avicii duDududuDududuDudu duDudu
What’s funny about someone dying? Stupid chat FailFish
@trihard__winnerwinner caring about shit musicians LUL
RESPECT IN A TWITCH CHAT PogChamp
AVICII STILL ALIVE IN CUBA LUL
IT'S FAKE NEWS CHAT HES NOT DEAD FailFish
WHO THE FUCK AVICII GUYS LUL
i wish it was Kanye West :(
HE IS ALIVE! CHECK INSTA LUL
Spam This Mouse To Pay Respects To Avicii Mau5
Everyone talking about death. Why don't we just celebrate someone's birthday instead? Kappa
poor dosia its his chat and people talking about a dead musician as if that hasnt ever happened before LUL
hes just asleep guys we gotta wake him up LUL
no brazilian in quaterfinals ? :D
aviccii = minecraft youtube video music LUL
RIP AVICII CS 1.6 LEGEND BibleThump
FIRST PUMP NOW THIS >>>>>> TIME FOR ME TO LEAVE THE WORLD :(
HOw long will this spam last NotLikeThis
Vila i frid Tim Berling <3
GAMBIT CT SIDE POGGERS GAMBOT T SIDE LUL
AVICII DEAD BANNED CHECK HLTV PogChamp
Such heartless souls in chat! :(
i cant believe avivii rip :(
omg he flanked i never saw it coming Kappa
no one watching the push FailFish
avicii is another victim of weed overdose :(
avicii can't wake up amirite? Kappa
he was just trying to get to full health on pubg with painkillers BibleThump
Avicii was the next dj to perform for the opening of the next major , last one was Hardwell and it went super fine , sad Kappa
wake him up when it's all over BibleThump
should have just woken him up earlier smh my head FailFish
BruceLeeman is that not what you're doing? DansGame
so wake me up when it's all over BibleThump
Wake me up when its all over BibleThump
@xorcyst ty for noticing me kind sir :)
AVICII CANT WAKE UP AGAIN LUL
USELESS INSIGHT LITERALLY JUST AN AD LUL
AVICII DIED IN MUSCAT HMMM Kappa
Avicii taken by islam so early Kappa
Chat is going so fast nobody will notice AVICII PogChamp
Avicii dead, shitty music will never be the same LUL
RIP AVICCI RIP AVICCI RIP AVICCI :(
sfxPC sfxPC sfxPC sfxPC sfxPC sfxPC sfxPC sfxPC PogChamp
@I_are_rhino You don't @ me DansGame
OH NO, AVICII CAN'T MAKE BAD MUSIC ANYMORE LUL
TACO WAS SOLUTIONS NA CS LUL
They're taking the hobbits to Isengard PogChamp
GODDAMNIT GAMBIT, JUST LOSE LOOOOL 4Head
ME PROFESSIONAL JINXER TOLD YA :D
Wake up Avicii Wake up Avicii Wake up Avicii ⁭ BibleThump
📞 Hello SK 📞 TACO here 📞 an yu wait for me ? 📞 4Head
Rip Billy FeelsBadMan Rip Avicii BibleThump
16 6 INC NA CS LUL
AVICII was a NIP PLAYER. RIP :(
Losing to Gambit in 2k18 LUL
@MaconhistaCracudo we in US now RlyTho
Rip children in North korea HassanChop
NA CS LOSING TO WASHED UP GAMBOT LUL
losing to gambot IGL by seized LUL
NA CS CANT EVEN BEAT GAMBOT BUT WANT TO COMPERE TO EU ! OMEGALUL LUL
Write T Y P E in chat for free ban PogChamp
I DEFINITELY LOVE AVICII MORE THAN YOU GUYS <3
RIP BEING ABLE TO USE TriHard
Press F to pay respect for Avicii BibleThump
PEOPLE STILL THINK WE"RE BAITING Jebaited
getting mad at what people type in a public forum LUL
team liquid will come back unfortunately :(
WENGER OUT AND AVICII DEAD what is this Keepo
Avicii killed by illegal immigrant PogChamp
STEWIE IN JAIL CHECK TWITTER BibleThump
DONT MAKE FUN OF ANYTHING BibleThump
Riot just bought fortnite check HLTV PogChamp
not playing for the win LUL
IF YOU´RE SMART TYPE THIS HEART RIP AVICCII <3
CHOKEQUID LOSING TO MY GAMBOT BOYS LUL
liquid #! NA TEAM lost to gambot c9 beat faze (1 new player each) LUL
liquid losing to gambot . c9 beat faze with FNS . EleGiggle
TACO CHOSE LIQUID OVER C9 HAHAHA LUL
CHOKEQUID following SK to airport LUL
THANK ME GUYS I TOLD YA I M A PROFESSIONAL JINXER 4Head
WAKE ME UP WHEN IT'S ALL OVER :(
Hello TACO SK HERE WE ARE WAITING FOR YOU AT THE AIRPORT aaa 4Head
Upset Upstep POGGERS Upset Upstep POGGERS BibleThump
Attention ! Attention ! Ladies and gentleman boys and girls men and women mom and dad sisters and brothers grandmas and grandfas im not say anything thx for the attention 4Head
LOSE TO GAMBIT IN 2018 StoneLightning
THEY KICKED MIRACLE FOR THIS ? LUL
TACO can meet their old teammates at the airport LMAO LUL
TRUMP FORMING NA SUPER TEAM CHECK HLTV PogChamp
Rip Avicii Rip Liquid Rip everything gg BibleThump
Avicii banned Check HLTV ⁭ PogChamp
MIRACLE LEFT DOTO FOR THIS NotLikeThis
Hello TACO SK HERE WE ARE WAITING FOR YOU AT THE AIRPORT .. 4Head
kids dying daily because of chemical attacks in syria and people going crazy for a dead dj FailFish
HEEN LEFT DOTO FOR THIS LUL
people who dont know avicii tarikPeanut FailFish
NA CS SO BAD OMEGA LUL
@americayeagermeister Don't tell me how to live my life BabyRage
avicii FeelsBadMan wenger FeelsBadMan edgelords in twitch chat FailFish
: Hello TACO SK HERE WE ARE WAITING FOR YOU AT THE AIRPORT 4Head
@BlLL Don't tell me how to live my life Also, nice 'i' you got there KaRappa BabyRage
Avicii is dead Rest In Piece :(
NA CANT EVEN BEAT GAMBOT BUT WANTS TO COMPARE TO EU LUL
BR and NA CS ruined EleGiggle
press F for avicii, got vac banned BibleThump
TACO HAS A PEA HEAD LUL
CHOKIT (GAMBIT) YOU got the joke ? LUL
CALVIN HARRIS > AVICII FIGHT ME BITCHES 4Head
TACO LET'S GO HOME TOGETHER 4Head
SO LIVE A LIFE YOU WILL REMEMBER BibleThump
Avicii such a national hero :(
RIP AVICCI BRASIL LOVE YOU BROTHER <3
AVICII drank himself to death... BibleThump
???EleGiggle MY BELLY IS HUGE MY BRAIN HAS DELAY YOU GUESSED IT RIGHT I'M FROM NA. EleGiggle
LIL PUMP NEEDS TO DIE LUL
glad lil pump still alive <3
avicii got shot by a TriHard
@Toastedz thats it, im telling mom BabyRage
MMEEEEEEEEEEEEEEEEEEEE QQ ISSO TACO ? LUL
LIQUID ARE DOING IT LIQUID ARE DOING IT PogChamp
NEGO AINDA NAO ACEITA QUE ELE É UM BOT LUL
NA CS struggling vs tier 3 team LUL
EZ COMEBACK FOR TEAM QUID LUL
LIQUID PULLING THE REVERSE CHOKE ON GAMBIT LUL
WAKE ME UP WHEN ITS ALL OVER BibleThump
1min silence for avicii chat? BibleThump
TRYING TO WIN ON T-SIDE TRAIN EleGiggle
Sat back relaxing while chats go rip TPFufun
Ninja 120k viewers cs major 80k OMEGALYL LUL
@rannbjer BIGGEST CSGO TOURNAMENT 79K EleGiggle
@emma_geazy he was born sept 89 tho FailFish
My wallet is empty My dinner is stew You guessed right I'm from EU EleGiggle
BRA71L ELIMINATED AGAIN SoBayedSoBayed BRA71L ELIMINATED AGAIN SoBayed
avicii was such a good actor <3
avicii is the best awper <3
LETS GO LIQUID Clap LETS GO LIQUID Kapp Clap Kappa
Ninja 120k viewers cs major 80k LUL
LETS GO LIQUID Clap LETS GO LIQUID Clap LETS GO LIQUID Clap Kappa
RIP AVICII REST IN PEACE <3
IM FROM NA I AM A FOOL LUL
#GOTACO! #GOTACO! #GOTACO! #GOTACO! #GOTACO! #GOTACO! ANELE
NA IS A BEAST THEY SAID LUL
TRY IMITATING FALLEN = FAILS LUL
Le4Head Hello TACO SK HERE WE ARE WAITING FOR YOU AT THE AIRPORT 4Head
that music is so bad :D
wake me up.. when it's all over ResidentSleeper
spooky music to keep EU kids up LUL
80 VIEWERS FOR MAJOR FINAL LUL
📞 HELLO CHRISTIANS 📞 JESUS HERE 📞 I WAS A MUSLIM 📞 4Head
chat as cancerous as ever LUL
NA CANT EVEN BEAT GAMBOT LUL
HELLO TACO 📞 SK HERE 📞 WE ARE WAITING AT THE AIRPORT 📞 4Head
GAMBOT CANT EVEN BEAT NA BOTS LUL
gambit pause for throw .... LUL
SPAM THIS CHIP TO HELP GAMBIT . DoritosChip
MODS MODS MODS MODS MODS MODS MODS MODS LUL
SPAM THIS SQUID TO HELP LIQUID ! Squid3
SPAM THIS SHIT TO HELP LIQUID Squid3
RIP AVICII WENGER OUT GAMBIT ELIMINATED BibleThump
I just killed 4 of them SeriousSloth
SPAM THIS SQUID TO HELP TEAM LIQUID .. Squid3
FINALS of a csgo MAJOR and 82k viewers deadgame LUL
Spam this squid to help liquid Squid3
BOOP BEEP ITS TEAM GAMBIT Clap MrDestructoid
SPAM THIS BOT TO HELP GAMBOT 4 MrDestructoid
NICE HANDI THROW LIQUID NICE HANDI THROW LIQUID LUL
NICE HANDI THROW LIQUID NICE HANDI THROW LIQUID . LUL
Krunch3 Its not even a major noob LUL
SPAM THIS BOT TO HELP GAMBOT 6 MrDestructoid
80K VIEWERS FOR MAJOR FINAL DEAD GAME LULLUL 80K VIEWERS FOR MAJOR FINAL DEAD GAME LUL
1 minute silence for avicii please BlessRNG
twist you such a noob Jebaited
Ooh that smile from Godsia Kreygasm
📞 HELLO TACO 📞 SK HERE 📞 WE ARE WAITING AT THE AIRPORT 📞 . 4Head
SK THANKS FOR KICK THE BOT <3
💩 SPAM 💩 THIS 💩 SHIT 💩 TO 💩 HELP 💩 GAMBIT 💩 LUL
bot rip > bot twist LUL
TACO GO BACK TO SK YA TriHard
liquid #1 NA losing to gambot c9 beating faze with FNS LUL
AMPTropPunch Only the chosen one can stack these cans! AMPTropPunch but wait can you do three cans! !! AMPTropPunch PogChamp
if you today press 1 Kreygasm
Hello TACO SK HERE WE ARE WAITING FOR YOU AT THE AIRPORT a 4Head
Hello TACO SK HERE WE ARE WAITING FOR YOU AT THE AIRPORT c 4Head
IMAGINE IF HE FAILED THE DEFUSE LUL
Hello TACO SK HERE WE ARE WAITING FOR YOU AT THE AIRPORT b 4Head
Taco got a lot of stuff PogChamp
📞 HELLO CHRISTIANS 📞 JESUS HERE 📞 I WAS A MUSLIM 📞 - 4Head
TACO FULL BUY ON THE GROUND LUL
HEY BROTHER HEY BROTHER HEY BROTHER HEY BROTHER HEY BROTHER HEY BROTHER HEY BROTHER BibleThump
this guys looks like Eskymo :D
LOSING TO GAMBIT AND BOT SEIZED LOSING TO GAMBIT AND BOT SEIZED 4Head
AVICII DEAD CHECK HLTV AVICII DEAD CHECK HLTV AVICII DEAD CHECK HLTV AVICII DEAD CHECK HLTV AVICII DEAD CHECK HLTV BibleThump
GUYS SPAM F FOR AVIICII <3
Steel was actually the problem PogChamp
"IT'S SURELY OVER" ... "Not over by a long shot" 4Head
4 vs 2 to 1 vs 1 WDF LIQUID LUL
Hello TACO SK HERE WE ARE WAITING FOR YOU AT THE AIRPORT d 4Head
HAHAHAHAH I TOLD YOU ME PROFESSIONAL JINXER 4Head
Hello TACO SK HERE WE ARE WAITING FOR YOU AT THE AIRPORT Hahah 4Head
Hello TACO SK HERE WE ARE WAITING FOR YOU AT THE AIRPORT zxx 4Head
4 VS 2 FOR LIQUID AND THEY LOSE LUL
NA CS LOST TO GAMBIT NA CS LUL
NA HOME EU HOME SA HOME CIS Next LUL
DID TACO LEAVE SK ? LUL
4 VS 2 FOR LIQUID LADIES AND GENTLEMEN LUL
QUID GO BACK TO NA CS LUL
NA CS BEST ALREADY OUT LUL
@Miqueias Uptime is: 10h 52m 15s :)
TACO goes home whether with SK or TL LUL
LOSING TO GAMBIT WITH BOT SEIZED LOSING TO GAMBIT WITH BOT SEIZED ... 4Head
HENRYG looks like Logic with dem Glasses LUL
TACO TOP FRAGGING OVERALL BE QUIET LUL
bye bye SA and NA LUL
LOSING TO GAMBIT WITH BOT SEIZED LOSING TO GAMBIT WITH BOT SEIZED , 4Head
📞 HELLO CHRISTIANS 📞 JESUS HERE 📞 I WAS A MUSLIM 📞 , 4Head
SEND THEM HOME NA CS LUL
NA CS AND NA CASTERS LUL
PEOPLE THINK LIQUID IS NA TEAM LUL
WHERE ARE THE FUNNY NA CS KIDS NOW ??? DansGame
LOSING TO GAMBIT WITH BOT SEIZED LOSING TO GAMBIT WITH BOT SEIZED ,,,, 4Head
NA PRODUCTION BUT EU TOURNY NA PRODUCTION BUT EU TOURNEY NA PRODUCTION BUT EU TOURNY LUL
LOSING TO SEIZED IGLING LOOOOOOOOL 4Head
LOSING TO GAMBIT WITH BOT SEIZED LOSING TO GAMBIT WITH BOT SEIZED .. 4Head
NA LOST TO SEIZED IGL LUL
12 YEAR OLD TL FAN LUL
I JINXED FAZE G2 LIQUID SO FAR ADD ME GUYS IF YOU WANT ME TO JINX FOR YOU <3
LOSING TO GAMBIT WITH BOT SEIZED LOSING TO GAMBIT WITH BOT SEIZED .... 4Head
1-2 liquid means liquid lost 2-1 idiots LUL
hey France Valve here This is the wors DH production I have ever seen 4Head
S MMIT IN 2k18 OMEGALUL OMEGALUUUUUUUl LUL
SO WHO WON DREAMHACK PLZ DONT TROLL ME WutFace
ELIGE +NITRO 2 FAKING IDIOTS AHAHA LUL
liquid won 2-1 ? nice DH <3
STEEL WAS THE PROBLEM chokewuid LUL
This dude look like GUILE from STREET FIGHTER LUL
for me it's very hard KappaPride
EU ENGLISH > NA ENGLISH LUL
Can someone tell me the meme about Sadokist? What did he say? LUL
I thought chat was trolling, Avicii BibleThump
@picklwickl what's stopping him from learning it? LUL
Jesus wasnt a muslim learn some history LUL
wanna hear a dead joke? avicii LUL
new csgo game mode map point of view LUL
avicii died and gambit woncoincidence? I think not Kappa
TACO joined Liquid. Liquid out LUL
losers making fun of Avicii death NotLikeThis
@sterling0161 that wasnt his song LUL
NO CHRISJ 4K awp in mid mirage ? LUL
Avicii dead just like his music LUL
someone please say that liquid is t1 team LUL
i am 22 only 6 years till death BibleThump
SHIT MUSIC AVICII DIES ON 420 LUL
Avicii was the problem Taco is the solution Jebaited
take david guetta and give us back avicii BlessRNG
paying respect to drugs addicted in 2k18 LUL
AVICII WHY CHU DO THIS BibleThump
AVICII DID TOO MUCH MOLLY ON 420 LUL
song? it's a fucking loop LUL
chad ignored faze vs envyus game being close PepeHands LUL
c9 gambit MORE RIGGED PLS LUL
@Seek_Seek_Lest Uptime is: 11h 6m 55s :)
can this be anymore rigged ? faze vs astralis LUL
@knifethrowingcontest Big words. You're not safe behind your screen, if you're wondering. :)
FAZE VS ASTRALIS AND C9 VS GAMBIT...PRETTY REASONABLE LUL
@imglwy same filthy animals for me :D
just get a house lololol 4Head
NA's biggest team at the worst possible timeslot FailFish
AVICII DIED THE DJ WITH ONE SONG LUL
I love you too Oki121 <3
AVICII We will remember you BibleThump
CHAT I LOVE YOU BYEEEEE <3
AVICII We will remember you- BibleThump
I CANT WE DONT HAVE THE RIGHTS OR I WOULD BibleThump
Bye bye going to watch dyrus now <3
play the nights by avicii BibleThump
Bye chat, time to go watch some B0aty BloodTrail
@Inub909 well he was a role model to people, dirty syrian children arn't role models LUL
Don't worry chat he will respawn :D
Dead At 28 , RIP LEGEND :(
GGs people, we're done for today, thanks for memeing and chatting, enjoy the rest of your day/night/weekend, see you later! HeyGuys
Did a Avicii die I just came in stream LUL
Fuck SK Avicii is dead :(
