Kjaerby is not eaven in astralis LUL
Can’t wait to see Stewie play NiP here Kappa
@NonStopWatch still on cloud during this event ;)
RERUN is just the sponsor Kappa
he told him u are black Lul LUL
did that guy just drink out of his shoe WutFace
tarik is a peanut brain :D
they had to put this in for a rerun?? DansGame
idk how long... but a hell lot of these reruns LUL
we're cheering them as if its live Kappa
Yeah stewies still on c9 Kappa
No it's happening right now Kappa
And went down that rank :)
what game is this ? Fortnite ? Kappa
aim good - master guardian Kappa
i am hosting feel free to watch <3
he didnt eat enough fruit thats why they lost :(
get right outdated, forest outdated LUL
hi people im new to twitch, i started to stream a few days ago. i'd love to see you in my stream, so let a follow there, i would appreciate that <3
Lol, comes, self promotes, leaves. Definitely not checking out his stream now cmonBruh
