THERE IS NO WAY FAZE BEATS ASTRALIS LULULULULULULULULULULU SECOND PLACE LUL
67k viewers and why NO KappaWealth
Dont let this event distract you from the fact that Mr.Krabs sold Spongebob's soul for a penny to the flying dutchman PunOko
7 rounds in 3 maps KEK LUL
💿 1 CD FOR 2 TIMERS 4Head
SK IN 2018 SK IN 2018 SK IN 2018 SK IN 2018 SK IN 2018 LUL
YOU KNOW WHAT THEY SAY ABOUT BIG MICS. Kreygasm
Guys, respect Janko. He's interesting and actually a good analyst. :D
@Olaf7559 just say a lot of f words. you'll get banned in 3 secs LUL
YOU KNOW WHAT THEY SAY ABOUT BIG MICS: Kreygasm
big mics and still shit FailFish
Astralis finally win something and Danish fans go insane LUL
JUST DONT MAKE STUPID FUCKING MISTAKE 4Head
YOU KNOW, WHAT THEY SAY ABOUT BIG MICS Kreygasm
SELLING 1 💿 FOR ONLY 2 TIMERS 4Head
YOU KNOW WHAT THEY SAY, ABOUT BIG MICS Kreygasm
F to pay respects to forsenCD 2018-2018 BibleThump
one more KKona and im out FailFish
Transfer to brazil in dubai. Checkmate BrokeBack
Skylinex: F to pay respects to forsenCD 2018-2018 F to pay respects to forsenCD 2018-2018 F to pay respects to forsenCD 2018-2018 . BibleThump
my job is to talk about random cs stuff in english, work on my pronunciation? you must be joking 4Head
I want to see some games!!!! FortOne PokPikachu MorphinTime
YOU KNOW WHAT THEY SAY. ABOUT BIG MICS Kreygasm
spam this fist to bring back sadokist Poooound
press f to pay respects to forsenCD 1993-1994 BibleThump
THIS IS NOT A MIC WutFace
Don't let this event distract you from the fact that in 1998, The Undertaker threw Mankind off Hell In A Cell, and plummeted 16 ft through an announcer’s table. PunOko
YOU KNOW WHAT THEY SAY: ABOUT BIG MICS Kreygasm
WHY DO THEY TALK INTO BLACK EGGS WHY DO THEY TALK INTO BLACK EGGS DansGame
Forsen subs can stop being "Doc Posers" now that forsenCD is gone. BlessRNG
"Wow how could Magisk tbag a player? How unprofessional - A ban is needed on him #IEM" -Prius LUL
dou you have bigger one mic :D
BACK TO BACK 2 TIMERS RAID 4Head
The WEEKND? The WEEKND? The WEEKND? The WEEKND? The WEEKND? StoneLightning
Watch renegades take the 2nd map win PogChamp
these tweets are so pathetic LUL
The WEEKND? The WEEKND? The WEEKND? The WEEKND? The WEEKND? The WEEKND? StoneLightning
Machine is in with Margot Robbie PogChamp
THOSE MICS R SO SMALL LUL
SCHOW SCHOW SCHOW SCHOW SCHOW SCHOW 4Head
"mouseports going to be great in dust2." - flusha Keepo
DENNE CHAT ER NU DANSK DatSheffyecho_k8: DansGa,e DatSheffy
@throak Yes. Asians master race POGGERS DatSheffy
TORILLE TÄÄLLÄ PUHUTAAN SUOMEA TÄÄLLÄ PUHUTAAN DatSheffySUOMEA TORILLE DatSheffy
TIME TO GET BODIED MOUZ LUL
Dig med cap'en har du ikke lyst til at bespringe Marie? 4Head
DarSheffy DENNE CHAT ER NU DANSK DatSheffy
TWITCH PRESENTS IS BACK CHAT PogChamp
SEND BULLYHUNTERS SEND BULLYHUNTERS SEND BULLYHUNTERS SEND BULLYHUNTERS SEND BULLYHUNTERS LUL
3 DIESER CHAT IST JETZT DEUTSCH DatSheffy
HEY GUYS LETS RUSH BANANA LULHEY GUYS LETS RUSH BANANA LULHEY GUYS LETS RUSH BANANA LULHEY GUYS LETS RUSH BANANA LULHEY GUYS LETS RUSH BANANA LULHEY GUYS LETS RUSH BANANA LULHEY GUYS LETS RUSH BANANA LULHEY GUYS LETS RUSH BANANA LUL
wie dumm ist mousesports ich hassse astralis weils einfach lurche sind aber wie dumm muss man sein in der first round bannane so reinzugehen und dann noch mit 4 mann die idioten das silver mehr nicht :D
DIESER CHAT IST JETZT DEUTSCHTwitch Prime: DatSheffyDENNE CHAT ER NU DANSK DatSheffy
aussies are all supporting astralis after mouz won renegades LUL
4 DIESER CHAT IST JETZT DEUTSCH DatSheffy
BULLY_HUNTER69 HERE, NAME THE BULLY DatSheffy
DENNE CHAT ER NU DANSK DatSheffy- DatSheffy
5 DIESER CHAT IST JETZT DEUTSCH DatSheffy
Damn moses and pansy... could the casters get any worse DansGame
I LIKE A LARGE PANINI DatSheffy
QUESTA CHAT È ITALIANA ORA DatSheffy
CHAT ON NÜÜD EESTI KEELES DatSheffy
chrisj can think about what meal he is going to have on the plane home LUL
DENNE CHAT ER NU DANSK - DatSheffy
DENNE CHAT ER NU DANSK XD DatSheffy
Dene Chat Er Nu DanskDatSheffy DatSheffy
DENNE CHATEN ER NÅ NORSK DatSheffy
soz eesti aga taani v6idab :D
CHAT EXPECTING THE CROWD TO CHEER ASTRALIS LUL
TYLOO SOMEBODY TOOK THE BALL LUL
70K VIEWS FOR A MAJOR FINAL DEAD GAME EleGiggle
Security is trying to escort the shoey guy SwiftRage
oh are they booing at security? LUL
chrisjMouz chrisjHype chrisjMouz chrisjHype chrisjMouz chrisjHype chrisjMouz chrisjHype SwiftRage
Why is crowd shouting so much DansGame
Ct sided on pro league 4Head
@Daverrrrr at least you still here LUL
Denna DatShelly chatt DatShelly är DatShelly nu DatShelly Svensk DatSheffy
TÄÄLLÄ PUHUTAAN NYT SUOMEA , DatSheffy
ONE OF THE WORST CROWD EVER LUL
CROWD IS LITERALLY A LIVE TWITCH CHAT CROWD IS LITERALLY A LIVE TWITCH CHAT CROWD IS LITERALLY A LIVE TWITCH CHAT EleGiggle
SHUT UP CROWD LET THEM FOCUS ON THE GAME WutFace
atleast they make sound, not like poorshyt NA EleGiggle
CROWD IS LITERALLY A LIVE TWITCH CHAT CROWD IS LITERALLY A LIVE TWITCH CHAT CROWD IS LITERALLY A LIVE TWITCH CHAT CROWD IS LITERALLY A LIVE TWITCH CHAT CROWD IS LITERALLY A LIVE TWITCH CHAT / EleGiggle
TÄÄLLÄ PUHUTAAN NYT SUOMEA ASTRALIS VOITAA HIIRET OSSAA MITTÄN DatSheffy
TÄÄLLÄ PUHUTAAN NYT SUOMEA TÄÄLLÄ PUHUTAAN NYT SUOMEA TÄÄLLÄ PUHUTAAN NYT SUOMEA DatSheffy
SPAM THIS MAN TO HELP SUDAN cmonBruhSPAM THIS MAN TO HELP SUDAN cmonBruh
Fluffynek: SPAM THIS CLAUS TO HELP MOUSE KappaClausBlushyFace: CLUTCHJ KappaClaus
SPAM THIS CLAUS TO HELP MOUSE c KappaClaus
SPAM THIS MAN TO HELP SUDAN SPAM THIS MAN TO HELP SUDAN SPAM THIS MAN TO HELP SUDAN cmonBruh
16:2 are you good guys LUL
spam like plebs to help the danes VoHiYo
SHOW CROWD SHOW CROWD SHOW CROWD BlessRNG
SPAM THIS COKE TO MAKE FAZE CHOKE DrinkPurple
SPAM THIS MICE TO HELP DEV1CE 7 Mau5
📞 MOUZ? 📞 CLOUD9 HERE 📞 WE ARE STILL WAITING AT THE AIRPORT 📞 WHAT'S TAKING SO LONG 📞 BY THE WAY SK TOOK THE WINDOWS SEATS 📞 AND FNATIC THE SEAT NEAR THE CABIN 📞 YOU CAN HAVE THE TOILET SEATS 4Head
MAGISK EATING OUT PANSY AFTER SHOW LUL
SPAM THESE MICE TO HELP DEVICE .. Mau5
SPAM THIS MICE TO HELP DEV1CE 2 Mau5
SPAM THIS CLAUS TO HELP MOUSE KappaClaus. . KappaClaus
spam this to make magisk a bad boy BloodTrail
@Tom210800 wtf are you hahah LUL
TÄÄLLÄ DatSheffyDatSheffy PUHUTAAN NYT DatS DatSheffy
ASTRALIS WITH THE SMOKE SHOTS LUL
BOT STYKO IM SAYING IT LUL
I'm g a y and nobody will see it nananana KappaPride
wah: 16-3Narastaja: TÄÄLLÄ PUHUTAAN NYT SUOMEA .Long_term_thinking: Simon says laughter is so amazing! DatSheffy
WHAT THE FK IS THIS SILVER CS NotLikeThis
ASTRALIS ONLY TIER 1 TEAM THEY ARE TOO STRONG LUL
MOUSESPORTS NOOB SCARED SO THEY PLAYING STUPID MATCHMAKING TYPE PLAYS :)
SHUT UP CROWD LIKE THAT LUL
@Sevil @Jamez97 @fej97 jaká to náhoda kluci <3
Remember when the crowd BM'd mouse during them against Renegades Remember when the crowd BM'd mouse during them against Renegades LUL
SMFC MM at uts finest, no tactics LUL
the cameraman is rigind a horse or what the cameraman is rigind a horse or what the cameraman is rigind a horse or what LUL
MOUSEAPORTS TRYING SO HARD PUSHING THROUGH SMOKES ECT BECAUSE THERE DEFAULT IS TIER3 LEVEL :D
Why are you not screaming now fans LUL
SPAM THIS MAN TO HELP SUDAN ! cmonBruh
the cameraman is rigind a horse or what the cameraman is rigind a horse or what LUL
crowd getting attacked by wolves WutFace
SPAM THIS BLOKE TO MAKE DANES CHOKE BlessRNG
I always had this dream, a dream that will never come true, but I still believe... I believe that one day twitch chat will spam my message, because Twitch Is My City Kappa
AUSSIE AUSSIE AUSSIE OI OI OI OI PogChamp
wtf crowd is on the list cmonBruh
PUT DOWN THOSE DOGS PUT DOWN THOSE DOGS PUT DOWN THOSE DOGS PUT DOWN THOSE DOGS PUT DOWN THOSE DOGS PUT DOWN THOSE DOGS ..... FrankerZ
THIS CROWD IS MENTALLY CHALLENGED BrokeBack
eu > na > australians LUL
A U S SI E S ? WTF DansGame
PUT DOWN THOSE DOGS PUT DOWN THOSE DOGS PUT DOWN THOSE DOGS PUT DOWN THOSE DOGS PUT DOWN THOSE DOGS / FrankerZ
Are they implying something ? cmonBruh
THIS CROWD IS MENTALLY CHALLENGED . BrokeBack
zoo is called arena in aussie? Kappa
PUT THE CROWD ON THE LIST cmonBruh
CROWD SING THE KAPPA KAPPA 123 SONG PogChamp
THAT'S AUSTRALIA FOR YOU LUL. THAT'S AUSTRALIA FOR YOU LUL
chat that was me screaming Kappa
soccer in 2018 soccer in 2018 soccer in 2018 soccer in 2018 soccer in 2018 soccer in 2018 soccer in 2018 soccer in 2018 LUL
ZED it's zee not ZED STUPID BRITISH LUL
TurboAlcoholrick: soccer in 2018 soccer in 2018 soccer in 2018 soccer in 2018 soccer in 2018 soccer in 2018 soccer in 2018 soccer in 2018 LUL
5k viewers for csgo grand final LUL
AU CROWD = TWITCH CHAT AU CROWD = TWITCH CHAT AU CROWD = TWITCH CHAT KappaPride
TurboAlcoholrick: soccer in 2018 soccer in 2018 soccer in 2018 soccer in 2018 soccer in 2018 soccer in 2018 soccer in 2018 soccer in 2018 :))) LUL
AU CROWD AU CROWD AU CROWD AU CROWD AU CROWD WutFace
AU CROWD TWITCH CHAT AU CROWD TWITCH CHAT AU CROWD TWITCH CHAT KappaPride
LOL THAT AIM LOCK THROUGH SMOKE LUL
The crows is a little weird, but they hype it up. Thats a good crowd SeemsGood
16 - 4 CROWD SILENT AF LUL
game 3 game 3 game 3 game 3 BlessRNG
Mousesport win Finals because of JKS FailFish
who cares if it ends 11-4 for mouse, astralis take 12 rounds straight on ct LUL
0-3 TO 7-4 GG ASTRALIS NotLikeThis
A T R A L I S A T R A L I S LUL
Astralis fans Astralis fans Astralis fans 4Head
5K VIEWERS FOR MAJOR FINAL LUL
2 1 for mouz ez Kappa
People saying astralis is bad LUL
More people kicked out than watching Facebook stream LUL
CSGO broken as ever no changes no new content Valve killing the game FeelsBadMan 4Head
BONUS MEME BONUS MEME BONUS MEME SwiftRage
SPAM THESE WARTS TO CURSE MOUSESPORTS SMOrc
nade too weak for a paper wall LUL
OJ OJ OJ OJ JA PIERDOLE LUL
S E N D N D E S PogChamp
A T R A L I S haHAHA LUL
PUT DOWN THESE MONKEYS WTF? PUT DOWN THESE MONKEYS WTF? PUT DOWN THESE MONKEYS WTF? PUT DOWN THESE MONKEYS WTF? PUT DOWN THESE MONKEYS WTF? PUT DOWN THESE MONKEYS WTF? / WutFace
TWITCH CHAT CROWD TWITCH CHAT CROWD TWITCH CHAT CROWD CurseLit
PUT DOWN THESE MONKEYS WTF? PUT DOWN THESE MONKEYS WTF? PUT DOWN THESE MONKEYS WTF? PUT DOWN THESE MONKEYS WTF? PUT DOWN THESE MONKEYS WTF? . WutFace
PUT DOWN THESE MONKEYS WTF? PUT DOWN THESE MONKEYS WTF? PUT DOWN THESE MONKEYS WTF? PUT DOWN THESE MONKEYS WTF? PUT DOWN THESE MONKEYS WTF? .. WutFace
australia is a weird country australia is a weird country australia is a weird country DansGame
Styko not proficient from behind 4Head
bopz? bopz? bopz? bopz? bopz? bopz? bopz? bopz? bopz? LUL
@majetk0 ty si nějaky chytry Kappa
📜 ✍️ to the list with you crowd cmonBruh
SALTY NERDS NOT LIKING CROWD LUL
SPAM SPAM SPAM SPAM SPAM SPAM SPAM SPAM SPAM SPAM FunRun
oi oi oi oi oi oi TriHard
SUPERB Crowd sound and caster sound Kreygasm
PUT DOWN THESE MONKEYS WTF? PUT DOWN THESE MONKEYS WTF? PUT DOWN THESE MONKEYS WTF? WutFace
didn't know there's so many s in australia TriHard
FINALLY NON RACIST CHAT WHICH SPAMS " " FeelsGoodMan TriHard
ye ye KILLS THROUGH SMOKES WHEN THEY NEED THEM MOST LUL
OI OI OI OI OI OI OI OI OI TriHard
CROWD STFU MY VIEWING EXPERIENCE CROWD STFU MY VIEWING EXPERIENCE CROWD STFU MY VIEWING EXPERIENCE . BabyRage
the aussies definitely bring the most atmosphere into the arena :D
wtf whos making the sound if the crowd is like that EleGiggle
Clap Clap Clap Clap Clap Clap Clap Clap Clap TriHard
AUSTRALIANS ARE THE HUMAN SEWAGE OF BRITS LUL
nice pimple.. puberty hittin hard :D
DOC RAID HIDE YO WIFE WutFace
bopz? bopz? bopz? bopz? bopz? bopz? bopz? bopz? bopz? bopz? bopz? LUL
20-10 GG MAGISK SO GOOD PogChamp
this chat makes no sense :D
astralis 7 rounds on terriorst, good luck mouse LUL
MSL? REGRETS? MSL? REGRETS? MSL? REGRETS? SoBayed
imagine how disgusting it smells in there DansGame
BOT CROWD BOT CROWD BOT CROWD LUL
au crowd worst crowd ever NotLikeThis
= Grey Face ( no space ) Kappa
mr kora Kim saw this, now he attacks, thinks they are all monkeys Kappa
Spam this Gey To Help ChisJ KappaPride
That Margot Robbie tweet is clealry a joke on Machine's address LUL
If the crowd is talking in the chat they will all be banned instantly Kappa
If I see one more XD i'm out FailFish
Spam this Gey To Help ChisJ... KappaPride
@sjeen so watch full screen LUL
EU > AU > NA LUL
@stormdraken1 EU > AS > AU > NA LUL
EU > AU > ASIA > NA LUL
WHEN DOES C9 PLAY ? SoBayed
DOC RAID LEAVE WIFE AT HOME PogChamp
how can they stream from australia, if they don't have internet there? KappaClaus
DON'T SPAM THIS " " KomodoHype
SPAM HOUSE TO HELP MOUZ SPAM HOUSE TO HELP MOUZ TwitchLit
OYISH GIGGLES BOYISH GIGGLES BOYISH GIGGLES BOYISH GIGGLES LUL
SPAM HOUSE TO HELP MOUZ SPAM HOUSE TO HELP MOUZ SPAM HOUSE TO HELP MOUZ TwitchLit
if i see one more "XD" i'm out FailFish
ANY DARYL ICE ICE ICE HERE? TriHard
IS ZONIC FROM NA? HOW IS HE SO FAT? LUL
Where is ur head at 4Head
#WENGER OUT OH WAIT ellahSpyttet DansGame
DOC RAID DOC RAID DOC RAID DOC RAID DOC RAID DOC RAID DOC RAID DOC RAID BCWarrior
JUST SHOOT THEIR HEAD LOOOOOOOOOOOOOOOOOOOOOOOOOL 4Head
magisk ? forsenThink astralis has root Kappa
astralis throwing for game 3 btw LUL
silver chat it's called armour FailFish
Getting baited by saving usp in 2018 LUL
I think there's some s in the crowd TriHard
SILVER CHAT SILVER CHAT SILVER CHAT SILVER CHAT SILVER CHAT SILVER CHAT SILVER CHAT SILVER CHAT LUL
EMU war going on, sounds like LUL
SILVER CHAT SILVER CHAT SILVER CHAT SILVER CHAT SILVER CHAT SILVER CHAT SILVER CHAT SILVER CHAT SILVER CHAT SILVER CHAT LUL
@Crotiz1 no they don't, listen carefully and you'll hear the buff ;)
EMU WAR EMU WAR EMU WAR EMU WAR EMU WAR EMU WAR EMU WAR BibleThump
WHAT DOES THE CROWD SAY WHAT DOES THE CROWD SAY WHAT DOES THE CROWD SAY WutFace
stupid chat that doesn't understand the game WutFace
push huge kill chris J LUL
@Jakejimmyz device has armor and galil but youre a silver so you wouldnt understand LUL
KRIMZ SUBS KRIMZ SUBS KRIMZ SUBS KRIMZ SUBS KRIMZ SUBS KRIMZ SUBS FUNgineer
KRIMZ SUBS KRIMZ SUBS KRIMZ SUBS KRIMZ SUBS KRIMZ SUBS FUNgineer
crowd is not allowed to have fun BabyRage
KRIMZ SUBS KRIMZ SUBS KRIMZ SUBS FUNgineer
CHOKE CHOKE CHOKE CHOKE CHOKE CHOKE CHOKE CHOKE LUL
Just a quick danish chant KappaPride
CHOKE CHOKE CHOKE CHOKE CHOKE CHOKE CHOKE / LUL
@AleshLUL pod score vidis kto vyhral prvu mapu LUL
@CSGORapiD lost skins on a site LUL
CHAT IS LIVE TWITCH CHAT CHAT IS LIVE TWITCH CHAT CHAT IS LIVE TWITCH CHAT CHAT IS LIVE TWITCH CHAT WutFace
CHAT IS LIVE TWITCH CHAT CHAT IS LIVE TWITCH CHAT CHAT IS LIVE TWITCH CHAT CHAT IS LIVE TWITCH CHAT CHAT IS LIVE TWITCH CHAT CHAT IS LIVE TWITCH CHAT ... WutFace
what is wrong with the crowd?! WutFace
Astchokelist Astchokelist Astchokelist Astchokelist Astchokelist Astchokelist Astchokelist DoritosChip
i did these noises in MM they kicked me 1st round Kappa
Where TF is the golden ? Kappa
the other 25% he blinds teammates the other 25% he blinds teammates the other 25% he blinds teammates LUL
75% = 100% 75% = 100% 75% = 100% 75% = 100% LUL
the other 25% he blinds teammates LUL
DUPREEH WITH THE HUUUUGE PLAYS PogChamp
never do IEM sydney again LUL
@drumper24 25% self, which means he has 100% accuracy no mather who is blind LUL
its a movie quote you idiots LUL
DONT CHAT IF YOU ARE NOT HIGH RANK ON MM (EU NOVA 1 / NA GLOBAL) TY 4Head
DONT CHAT IF YOU ARE NOT HIGH RANK ON MM (EU NOVA 1 / NA GLOBAL) TY , 4Head
DONT CHAT IF YOU ARE NOT HIGH RANK ON MM (EU NOVA 1 / NA GLOBAL / AU SILVER) TY 4Head
90K MAJOR GRAND FINAL DEAD GAME LUL
@AleshLUL nie nepotrebujeme...už mi je z toho na piču :D
M G I S K LUL
AT LEAST HE GOT MAGISK LUL
Dev1ce just makes it LOOK easy. LUL
we need to call a crusade against ANELE
THE BULLY HAS BEEN HUNTED Kappa
THAT GUY FROM COLOGNE AGAIN LUL
DRUNKARD GETS REMOVED FROM THE VENUE LUL
BULLY HUNTER WHAT A JOKE :D
CROWD ARE HAVING TOO MUCH FUN! BabyRage
SAVESTRALIS GO BACK TO SILVER HAHA IM SO MUCH BETTER AND IM GOLD NOVA LUL
AU TISTIC CROWD AU TISTIC CROWD LUL
CHRIS WAS LIKE.. OH SHIT NOT THIS WAY LUL
DOG RAID DOG RAID DOG RAID OhMyDog
DENNE CHATTEN ER NÅ NORSK stianGamer stianGamer DatSheffy
CHRISJ HAS VERY SAD SERIES NotLikeThis
ozfiNiz: dosiaxgodkreygasm: vaalapurakas: DONT COPY THE NAME WHEN YOU COPY THE PASTA FailFish
GeneralNukaCola: vaalapurakas: DONT COPY THE NAME WHEN YOU COPY THE PASTA FailFish
Hami101010101: dosiaxgodkreygasm: vaalapurakas: DONT COPY THE NAME WHEN YOU COPY THE PASTA FailFish
Hoidd_: timsamed: dosiaxgodkreygasm: vaalapurakas: DONT COPY THE NAME WHEN YOU COPY THE PASTA FailFish
12:43Nordexa: ozfiNiz: dosiaxgodkreygasm: vaalapurakas: DONT COPY THE NAME WHEN YOU COPY THE PASTA FailFish
Spawn_32: GreinKongla: zaubiehunter23: vaalapurakas: DONT COPY THE NAME WHEN YOU COPY THE PASTA FailFish
5:43AndyPMA: timsamed: dosiaxgodkreygasm: vaalapurakas: DONT COPY THE NAME WHEN YOU COPY THE PASTA FailFish
timsamed: GreinKongla: zaubiehunter23: vaalapurakas: DONT COPY THE NAME WHEN YOU COPY THE PASTA FailFish
dont copy the pasta when you copy the name FailFish
Hami101010101: dosiaxgodkreygasm: vaalapurakas: DONT COPY THE NAME FailFish
A S T R A L I S LUL
ARMORDOG123: Hami101010101: dosiaxgodkreygasm: vaalapurakas: DONT COPY THE NAME FailFish
NorbRt27: 12:43Nordexa: ozfiNiz: dosiaxgodkreygasm: vaalapurakas: DONT COPY THE NAME WHEN YOU COPY THE PASTA FailFish
OnlyForTrading: GreinKongla: zaubiehunter23: vaalapurakas: DONT COPY THE NAME WHEN YOU COPY THE PASTA FailFish
carnivorexd: Stormdraken1: GreinKongla: zaubiehunter23: vaalapurakas: DONT COPY THE NAME WHEN YOU COPY THE PASTA FailFish
Leg_and_dairy: ARMORDOG123: Hami101010101: dosiaxgodkreygasm: vaalapurakas: DONT COPY THE NAME FailFish
few? its a lot in commmon LUL
Wiseved: carnivorexd: Stormdraken1: GreinKongla: zaubiehunter23: vaalapurakas: DONT COPY THE NAME WHEN YOU COPY THE PASTA FailFish
closet____: hoebuh: AndyPMA: timsamed: dosiaxgodkreygasm: vaalapurakas: DONT COPY THE NAME WHEN YOU COPY THE PASTA FailFish
sickcallranger: crazy_tiger__: sea_doggo: GreinKongla: zaubiehunter23: vaalapurakas: DONT COPY THE NAME WHEN YOU COPY THE PASTA FailFish
: johnpao_: dosiaxgodkreygasm: Spawn_32: GreinKongla: zaubiehunter23: vaalapurakas: DONT COPY THE NAME WHEN YOU COPY THE PASTA FailFish
fakewars: johnpao_: dosiaxgodkreygasm: Spawn_32: GreinKongla: zaubiehunter23: vaalapurakas: DONT COPY THE NAME WHEN YOU COPY THE PASTA FailFish
MrCestodito: hoebuh: AndyPMA: timsamed: dosiaxgodkreygasm: vaalapurakas: DONT COPY THE NAME WHEN YOU COPY THE PASTA FailFishna_best: ???????? FailFish
ss013r: MrCestodito: hoebuh: AndyPMA: timsamed: dosiaxgodkreygasm: vaalapurakas: DONT COPY THE NAME WHEN YOU COPY THE PASTA FailFishna_best: ???????? FailFish
zaubiehunter23: dosiaxgodkreygasm: johnpao_: dosiaxgodkreygasm: Spawn_32: GreinKongla: zaubiehunter23: vaalapurakas: DONT COPY THE NAME WHEN YOU COPY THE PASTA FailFish
Twitch PrimeRawberryish: entsyymi: MrCestodito: hoebuh: AndyPMA: timsamed: dosiaxgodkreygasm: vaalapurakas: DONT COPY THE NAME WHEN YOU COPY THE PASTA FailFishVindicate_: snakes monkaS FailFish
markriber: olecram__: Booglar: dosiaxgodkreygasm: Spawn_32: GreinKongla: zaubiehunter23: vaalapurakas: DONT COPY THE NAME WHEN YOU COPY THE PASTA FailFish
sea_doggo: DONT COPY THE NAME WHEN YOU COPY THE PASTA FailFish
MrCestodito: Twitch PrimeRawberryish: entsyymi: MrCestodito: hoebuh: AndyPMA: timsamed: dosiaxgodkreygasm: vaalapurakas: DONT COPY THE NAME WHEN YOU COPY THE PASTA FailFishVindicate_: snakes FailFish
AndyPMA: ss013r: MrCestodito: hoebuh: AndyPMA: timsamed: dosiaxgodkreygasm: vaalapurakas: DONT COPY THE NAME WHEN YOU COPY THE PASTA FailFishna_best: ???????? FailFish
Turbosickcallranger: RageMeister7: dosiaxgodkreygasm: johnpao_: dosiaxgodkreygasm: Spawn_32: GreinKongla: zaubiehunter23: vaalapurakas: DONT COPY THE NAME WHEN YOU COPY THE PASTA FailFish
csgo twitch chat never changes. Full of 8 yo LUL
: olecram__: Booglar: dosiaxgodkreygasm: Spawn_32: GreinKongla: zaubiehunter23: vaalapurakas: DONT COPY THE NAME WHEN YOU COPY THE PASTA FailFish
Caspermartijn_: AndyPMA: ss013r: MrCestodito: hoebuh: AndyPMA: timsamed: dosiaxgodkreygasm: vaalapurakas: DONT COPY THE NAME WHEN YOU COPY THE PASTA FailFishna_best: ???????? FailFish
Twitch Primesnowy_cs: markriber: olecram__: Booglar: dosiaxgodkreygasm: Spawn_32: GreinKongla: zaubiehunter23: vaalapurakas: DONT COPY THE FailFish
MrCestodito: Twitch PrimeRawberryish: entsyymi: MrCestodito: hoebuh: AndyPMA: timsamed: dosiaxgodkreygasm: vaalapurakas: DONT COPY THE NAME WHEN YOU COPY THE PASTA FailFishVindicate_: snakes monkaS FailFish
GIVE US THE BALL BACK LUL
2:44WaogalTV: zaubiehunter23: dosiaxgodkreygasm: johnpao_: dosiaxgodkreygasm: Spawn_32: GreinKongla: zaubiehunter23: vaalapurakas: DONT COPY THE NAME WHEN YOU COPY THE PASTA FailFish
FailFishWaogalTV: zaubiehunter23: dosiaxgodkreygasm: johnpao_: dosiaxgodkreygasm: Spawn_32: GreinKongla: zaubiehunter23: vaalapurakas: DONT COPY THE NAME WHEN YOU COPY THE PASTA FailFish
iaxgodkreygasm: johnpao_: dosiaxgodkreygasm: Spawn_32: GreinKongla: zaubiehunter23: vaalapurakas: DONT COPY THE NAME WHEN YOU COPY THE PASTA FailFishiiTrix0: Twitch Primesnowy_cs: markriber: ole FailFish
entsyymi: MrCestodito: Twitch PrimeRawberryish: entsyymi: MrCestodito: hoebuh: AndyPMA: timsamed: dosiaxgodkreygasm: vaalapurakas: DONT COPY THE NAME WHEN YOU COPY THE PASTA FailFishVindicate_: snakes monkaS FailFish
zauros0: navigationnavigation: kristnemorten: FroomeIsOnEPO: 4HEadLOOOL: sickcallranger: crazy_tiger__: sea_doggo: GreinKongla: zaubiehunter23: vaalapurakas: DONT COPY THE NAME WHEN YOU COPY THE PASTA FailFish
Cortarna: FroomeIsOnEPO: HeCTiCGAMERX: RageMeister7: dosiaxgodkreygasm: johnpao_: dosiaxgodkreygasm: Spawn_32: GreinKongla: zaubiehunter23: vaalapurakas: DONT COPY THE NAME WHEN YOU COPY THE PASTA FailFish
]dosiaxgodkreygasm: johnpao_: dosiaxgodkreygasm: Spawn_32: GreinKongla: zaubiehunter23: vaalapurakas: DONT COPY THE NAME WHEN YOU COPY THE PASTA FailFish
got_noname: FailFishWaogalTV: zaubiehunter23: dosiaxgodkreygasm: johnpao_: dosiaxgodkreygasm: Spawn_32: GreinKongla: zaubiehunter23: vaalapurakas: DONT COPY THE NAME WHEN YOU COPY THE PASTA FailFish
iArcticx: iaxgodkreygasm: johnpao_: dosiaxgodkreygasm: Spawn_32: GreinKongla: zaubiehunter23: vaalapurakas: DONT COPY THE NAME WHEN YOU COPY THE PASTA FailFish
GIVE US THE BALL BACK GIVE US THE BALL BACK LUL
Twitch Primejb__: HeCTiCGAMERX: RageMeister7: dosiaxgodkreygasm: johnpao_: dosiaxgodkreygasm: Spawn_32: GreinKongla: zaubiehunter23: vaalapurakas: DONT COPY THE NAME WHEN YOU COPY THE PASTA FailFish
Hionut: dosiaxgodkreygasm: MrCestodito: Twitch PrimeRawberryish: entsyymi: MrCestodito: hoebuh: AndyPMA: timsamed: dosiaxgodkreygasm: vaalapurakas: DONT COPY THE NAME WHEN YOU COPY THE PASTA FailFish
Twitch Primezauros0: Cortarna: FroomeIsOnEPO: HeCTiCGAMERX: RageMeister7: dosiaxgodkreygasm: johnpao_: dosiaxgodkreygasm: Spawn_32: GreinKongla: zaubiehunter23: vaalapurakas: DONT COPY THE NAME WHEN YOU COPY THE PASTA FailFish
bodoro__: sickcallranger: RageMeister7: dosiaxgodkreygasm: johnpao_: dosiaxgodkreygasm: Spawn_32: GreinKongla: zaubiehunter23: vaalapurakas: DONT COPY THE NAME WHEN YOU COPY THE PASTA FailFish
eidenfarhan: HeCTiCGAMERX: RageMeister7: dosiaxgodkreygasm: johnpao_: dosiaxgodkreygasm: Spawn_32: GreinKongla: zaubiehunter23: vaalapurakas: DONT COPY THE NAME WHEN YOU COPY THE PASTA FailFish
give them the ball back SwiftRage
: DONT COPY THE NAME WHEN YOU COPY THE PASTA FailFishVindicate_: snakes monkaS FailFish
zauros0: navigationnavigation: kristnemorten: FroomeIsOnEPO: 4HEadLOOOL: sickcallranger: crazy_tiger__: sea_doggo: GreinKongla: zaubiehunter23: vaalapurakas: DONT COPY THE NAME WHEN YOU COPY THE PASTA # FailFish
ARMORDOG123: PADINITZ: Kuulapaa: dosiaxgodkreygasm: MrCestodito: Twitch PrimeRawberryish: entsyymi: MrCestodito: hoebuh: AndyPMA: timsamed: dosiaxgodkreygasm: vaalapurakas: DONT COPY THE NAME WHEN YOU COPY THE PASTA\ FailFish
: WaogalTV: zauros0: navigationnavigation: kristnemorten: FroomeIsOnEPO: 4HEadLOOOL: sickcallranger: crazy_tiger__: sea_doggo: GreinKongla: zaubiehunter23: vaalapurakas: DONT COPY THE NAME WHEN YOU COPY THE PASTA FailFish
WaogalTV: zauros0: navigationnavigation: kristnemorten: FroomeIsOnEPO: 4HEadLOOOL: sickcallranger: crazy_tiger__: sea_doggo: GreinKongla: zaubiehunter23: vaalapurakas: DONT COPY THE NAME WHEN YOU COPY THE PASTA FailFish
Zezwa: SpeedOMike: Lextao: Hoidd_: OnlyForTrading: GreinKongla: zaubiehunter23: vaalapurakas: DONT COPY THE NAME WHEN YOU COPY THE PASTA FailFish
#CROWD WANTS THE BALL, FK THE GAME LUL
CS MOLES CS MOLES CS MOLES CS MOLES CS MOLES CS MOLES CS MOLES CS MOLES CS MOLES CS MOLES LUL
out of 75% flashes 50% are team flashes LUL
MOUZ MOUZ MOUZ MOUZ MOUZ MOUZ BlessRNG
TÄÄLLÄ PUHUTAAN SUOMEA TÄÄLLÄ PUHUTAAN DatSheffy
Crowd is watching something else LUL
nice crowd u got there...... actually, not LUL
DENNE CHATTEN ER NÅ NORSK . DatSheffy
res69698:7 for mouseTwitch Prime: AU TISTIC CROWD LULTwitch Prime: monkaS: hi: @res69698 7 mouz: Jebaite LUL
@aleshlul Oni si je hrozne podavaji BibleThump
95K viewers semi-final dead game Kappa
im a c9 fan come at me chat LUL
Spam this To help your PAPA Kappa
oskar took only nade dmg LUL
STOP BARKING YOU FILTHY DOGS FrankerZ
mousesport get rekt by crowd LUL
SPAM THESE MICE TO HELP DEVICE . Mau5
DENNA CHATT ÄR NU SVENSK BlessRNG
RIP MOUSE SPORTS RIP MOUSE SPORTS RIP MOUSE SPORTS LUL
CROWD NOT EVEN WATCHING THE GAME LUL
This Chat IS NOW AUTISITIC DatSheffy
ROPZ SAME PLAYER TOO ROPZ SAME PLAYER TOO LUL
DENNE CHATTEN ER NÅ NORSK PogCHAMP LUL
@DragonFangXV sexurity kicking people out for doing shoeys LUL
BOMBS IN A BOMBS IN A BOMBS IN A LUL
game and casters, crowd making their own fun ResidentSleeper
DENNE CHATTEN ER NÅ NORSK !!!!!!!!!!!!!!!!!!! DatSheffy
WELL PLAYED MOUSESPORTS YOU'RE BEAUTIFUL StinkyCheese
snaack: cbzrifle: I’m in the crowd, security kicking people out for doing shoeys and playing with empty cups! Best fun ever!akreates: LUL
THE SHOEY KING IS BACK PogChamp
Pansy moping like a typical Pom LUL
SPAM THIS MOUSE TO HELP MOUSE Mau5
forsen sub 12 yo kid suffering from depression btw LUL
I’m in the crowd, security kicking people out for doing shoeys and playing with empty cups! Best fun ever! DONT SPAM THIS FailFish
CROWD NOT EVEN WATCHING GAME LUL
Is this a football match? :D
Can you be my girl LUL
austrian music ? WTF ??? :D
why are you cringing about chanting at a sport event? FailFish
mouz still running on winter time Kappa
australians best crowd as usual <3
WHY WONT CROWD BE QUIET? STOP HAVING FUN WHY WONT CROWD BE QUIET? STOP HAVING FUN WHY WONT CROWD BE QUIET? STOP HAVING FUN WHY WONT CROWD BE QUIET? STOP HAVING FUN BabyRage
13 X 13 13 X 13 13 X 13 13 X 13 PogChamp
FAT AMERICANS JUDGING CROWDS 3 TriHard
13 X 13 13 X 13 PogChamp
WHY WONT CROWD BE QUIET? STOP HAVING FUN WHY WONT CROWD BE QUIET? STOP HAVING FUN WHY WONT CROWD BE QUIET? STOP HAVING FUN / BabyRage
@junta54 haHAA , people having fun BabyRage
STYKO JUMPED OVER AWP SHOT LUL
both lose their pick map LUL
wait D2 was mouses pick? LUL
res69698:7 for mouseTwitch Prime: AU TISTIC CROWD LULTwitch Prime: monkaS: hi: @res69698 7 mouz: Jebaitedjiecm LUL
Fun Police In Chat Can't Comprehend Having Fun In A Crowd Fun Police In Chat Can't Comprehend Having Fun In A Crowd LUL
COMEBACK IS REAL COMEBACK IS REAL COMEBACK IS REAL COMEBACK IS REAL PogChamp
13k viewers on major final LUL
Fun Police In Chat Can't Comprehend Having Fun In A Crowd LUL
100 k Viewers, DEED Game LUL
depressed chat hating on crowd who are actually enjoying themselves outside LUL
Spam this Jodium to help Chris "KankerJood" J Spam this Jodium to help Chris "KankerJood" J PJSalt
MAKE SOM NOISE AAAAAAAAAAAAAAAAAAAAAHH gachiBASS GOWKratos
ITS FREE REAL ESTATE ITS FREE REAL ESTATE ITS FREE REAL ESTATE ITS FREE REAL ESTATE ITS FREE REAL ESTATE EleGiggle
BONUS ROUND BONUS MEME BONUS ROUND BONUS MEME BONUS ROUND BONUS MEME BCWarrior
SNUS SNUS SNUS SNUS SNUS SNUS EleGiggle
depressed chat hating on crowd who are actually enjoying themselves LUL
SPAM KappaClause THIS KappaClause TO KappaClause HELP KappaClause MOUZ KappaClaus
ITS FREE REAL ESTATE ITS FREE REAL ESTATE ITS FREE REAL ESTATE ITS FREE REAL ESTATE ITS FREE REAL ESTATE / EleGiggle
its not google crome on ram LUL
: SPAM THIS CLAUS TO HELP MOUSE KappaClaus
Spam this Jodium to help Chris "KankerJood" J Spam this Jodium to help Chris "KankerJood" J Spam this Jodium to help Chris "KankerJood" J PJSalt
TÄÄLLÄ PUHUTAAN NYT SUOMEA . . DatSheffy
100k viewers major grand final dead game LU LUL
TÄÄLLÄ PUHUTAAN NYT SUOMEA . .. DatSheffy
This crowd sound like ORCS going to WAR XDDD SMOrc
🌸 ✌ USE YOUR CUTE EMOTES TO MAKE THIS CHAT CUTE 🌸 ✌️ TriHard
NorthernLion crackle rears its head WutFace
Kalhotak: SPAM THIS CLAUS TO HELP MOUSE KappaClaus
THIS CLAUS TO HELP MOUSE KappaClaus
Češi Útočná Formace Češi Útočná Formace KappaWealth
AU havin fu... wait let me take a breath Crowd cheeri... i need to take another one fk give me another burger . OpieOP
SPAM THIS COKE FOR FAZE CHOKE DrinkPurple
SPAM ME TO HELP DUPREEH ! MingLee
MUST SMELL IN THERE MUST SMELL IN THERE MUST SMELL IN THERE MUST SMELL IN THERE DansGame
CANT SPELL AUDIO WITHOUT AU 4Head
actually better than ba crowd PogChamp
SPAM THIS FOR MAGISK SPAM THIS FOR MAGISK SPAM THIS FOR MAGISK BloodTrail
OVERTIME OVERTIME OVERTIME OVERTIME OVERTIME BlessRNG
P O R T U G A L LUL
SPAM MINGLEE TO HELP DUPREEH MingLee
@MilitaryMop twitch chat cringes at everything. nerds LUL
TRASH MODS BANNING FOR NOTHING . SwiftRage
14 X 14 14 X 14 14 X 14 PogChamp
mousesports TAKE ALL MY ENERGY TwitchLit
wtf are these apes doing WutFace
BOT SPORTS BOT SPORTS BOT SPORTS FailFish
Clap Clap Clap Clap Clap Clap Clap BloodTrail
mouseBOT mouseBOT mouseBOT mouseBOT mouseBOT mouseBOT mouseBOT mouseBOT mouseBOT mouseBOT LUL
OT on inferno?? never has happened before LUL
SO GOOD ONLY 16 BULLETS TO KILL RUNNING GUY LUL
You can’t calm the boys FailFish
mouseBOT mouseBOT mouseBOT mouseBOT mouseBOT mouseBOT LUL
mouz just threw 2 rounds in a row NotLikeThis
FAZE VS ASTRALIS FAZE VS ASTRALIS PogChamp
HELLO STYKO MOUSE HERE LAST EVENT 4Head
styko alive ez for astralis LUL
OVERTIME OVERTIME OVERTIME OVERTIME OVERTIME OVERTIME OVERTIME OVERTIME OVERTIME OVERTIME BlessRNG
remember when Mouuz was a german team? remember CoolStoryBob
DIESER CHAT IST JETZT ARBEIT MACHT FREI DatSheffy
Jesus Styko Jesus Styko Jesus Styko Jesus Styko Jesus Styko Jesus Styko Jesus Styko LUL
SHUT UP CROWD, YOU RUINED EVERYTHING WutFace
RICE CRISPIES RICE CRISPIES RICE CRISPIES RICE CRISPIES RICE CRISPIES RICE CRISPIES CoolStoryBob
DIESER CHAT IST JETZT ARBEIT MACHT FREI!! DatSheffy
liam98LUL liam98LUL liam98LUL liam98LUL liam98LUL liam98LUL liam98LUL liam98LUL liam98LUL liam98LUL liam98LUL liam98LUL PogChamp
RICE CRISPIES RICE CRISPIES RICE CRISPIES RICE CRISPIES RICE CRISPIES CoolStoryBob
Clap Clap Clap Clap Clap Clap MrDestructoid
every English native is a monkey EleGiggle
INFERNO AND OVERTIME NAME A MOEW ICONIC DUO LUL
FAT AMERICANS MAD AT AN ENERGETIC CROWD LUL
AUSTRIAN CS AUSTRIAN CS AUSTRIAN CS AUSTRIAN CS AUSTRIAN CS AUSTRIAN CS AUSTRIAN CS AUSTRIAN CS Kreygasm
AU monkeys Britain still the biggest nubs 4Head
HEY CROWD I CANT HEAR YOU LUL
'DatSheffy TÄÄLLÄ PUHUTAAN NYT SUOMEA DatSheffy
SAVING ON CT SIDE IS FINE CHAT FailFish
DIESER CHAT IST JETZT DEUTCH DatSheffy
save mr3 16k? STATPADDERS save mr3 16k? STATPADDERS save mr3 16k? STATPADDERS LUL
DANSK JÄVLAR DANSK JÄVLAR DANSK JÄVLAR DansGame
TÄÄLLÄ PUHUTAAN SUOMEA TÄÄLLÄ PUHUTAAN SUOMEA DatSheffy
Cache is the LAST map today, folks!!! Kreygasm
📞 HELLO ASTRALIS? 📞 CLOWN 9HERE 📞 WHY SO LATE 📞 WE ARE STILL WAITING AT THE AIRPORT 📞 BTW RENEGADES TOOK THE WINDOW SEAT 📞 YOU CAN HAVE THE TOILET SEAT 📞 . 4Head
CHRISJ? MORE LIKE SILVER CHAT SwiftRage
FFS MAKE THAT CROWD STFU SwiftRage
DIESER CHAT IST JETZT KANACKE cmonBruh
AstCHOKEList AstCHOKEList AstCHOKEList AstCHOKEList AstCHOKEList AstCHOKEList AstCHOKEList AstCHOKEList DrinkPurple
Give me Cache please @AleshLUL !!!! Kreygasm
100k major final Dead Game Kappa
ANYONE DOWN FR A 5$ BET ??? 4Head
AUSTRIAN CS AUSTRIAN CS AUSTRIAN CS AUSTRIAN CS ' Kreygasm
TEN CZAT JEST TERAZ POLSKI. DatSheffy
hello TyLoo Astralis here we're waiting at the airport Kappa
how is that VAC silvers. He heard plant FailFish
YOU NOW ME ON SMOKE NICE BrokeBack
VAC WAT ? HE HEAR IT LUL
all the silver players say VAC BabyRage
Clap Clap Clap Clap Clap Clap BloodTrail
KJAERBYE KJAERBYE KJAERBYE KJAERBYE KJAERBYE KJAERBYE LUL
I HATE WHEN THEY CHEAT Keepo
t side infe is no fun to play :D
wtf is that creepy cringe LUL
MAGISKGOD MAGISKGOD MAGISKGOD MAGISKGOD MAGISKGOD MAGISKGOD #2 Kreygasm
what is wrong with this guy LUL
chat dont know you can spam the wall LUL
OI OI OI OI OI SwiftRage
IT'S A TIE IT'S A TIE IT'S A TIE PogChamp
@Crotiz1 what do you mean, he shot the wall Kappa
Lets GO Mousesports Pogchamp Lets GO Mousesports PogchampLets GO Mousesports Pogchamp PogChamp
@CrispyOfficial Gold nova EU is so bad LUL
13k vıewers on a major LUL
ONE MORE xD AND I AM OUT FailFish
TÄÄLLÄ PUHUTAAN NYT SUOMEA .. DatSheffy
EU nova is so bad rank unless you are supreme in this game you are bad :D
This "VAC"people should watch som 1.6 games.. and buy a headset This "VAC"people should watch som 1.6 games.. and buy a headset 4Head
TÄÄLLÄ PUHUTAAN NYT SUOMEA TÄÄLLÄ PUHUTAAN NYT SUOMEA . DatSheffy
@Juicyjerome420 nah nice try though :)
DONT CHAT IF YOU ARE NOT HIGH RANK ON MM (EU NOVA 1 / NA GLOBAL) TY :)
1 CROWD ? CROWD ? CROWD ? CROWD ? CROWD ? SoBayed
TÄÄLLÄ PUHUTAAN NYT SUOMEA ,, DatSheffy
Devlinate: Kaiser_HS: snny_: DONT COPY PASTE THE NAME WHEN U COPY PASTE FailFish
BIG OUT THE BIBLE, DANES Kappa
COPY THIS COPY THAT KIDS IN TWITCH CHAT . BabyRage
we dont wanna cheer for mouz cuz they defeated shitty renegades LUL
DDPC DDPC DDPC DDPC DDPC DDPC 4Head
VAC THIS VAC THAT SILVER CHAT THAT'S RIGHT LUL
AHAHA CROWD ? CROWD ? CROWD ? CROWD ? CROWD ? SoBayed
JDI DO PIČE OSKAR CZE 4Head
THX GOD FOR 3 MAPS NOW LET ASTRALIS WIN BlessRNG
only real LULer can build this perfect pyramid . Try like me !Try like me ! Try like me !! And my pyramid still higher!!!!!! ..... LUL
Salty boys annoyed by a female voice LUL
90k VIEWERS FOR A MAJOR FINAL LUL
YEEEAAH YEEEAAH YEEEAAH YEEEAAH YEEEAAH YEEEAAH YEEEAAH YEEEAAH YEEEAAH YEEEAAH GOWKratos
SUNNY DOESNT GIVE A F DatSheffy
Astralis actually lost a mpa???? PogChamp
CROWD AINT GETTING EXCITED FOR THE CHUMPS WHO TOOK OUT RENEGADES CHAT SwiftRage
B E A S T LUL
1 MORE "XD" AND I AM OUT SwiftRage
HEY CROWD WHY SO SILENT? 4Head
10 FPS I7 10 FPS I7 10 FPS I7 10 FPS I7 10 FPS I7 10 FPS I7 10 FPS I7 LUL
B E A S T TriHard
2 DONT TYPE "XD" ITS ANNOYING FailFish
10 FPS i 7 HAHAHAH LUL
THAT WAS BEAST THAT WAS BEAST THAT WAS BEAST ResidentSleeper
DMG VS SILVERS CLUTCH LUL- LUL
DMG VS SILVERS CLUTCH LUL--- LUL
DMG VS SILVERS CLUTCH -- LUL
Watch the best cs go players in the world, shows Felps LUL
THIS CHAT IS NOW TRANSPARENT DatSheffy
THATS ME PLAYING WITH MY FRIENDS LUL
THIS CHAT IS NOW TRANSPARENT THIS CHAT IS NOW TRANSPARENT DatSheffy
THATS ME PLAYING WITH MY FRIENDS :D
WE GOT GUARDIOLA...WE GOT GUARDIOLA 4Head
Hello, if you are deading this... i hope you are having a great day1 :D
BOYISH GIGGLE BOYISH GIGGLE BOYISH GIGGLE BOYISH GIGGLE BOYISH GIGGLE BOYISH GIGGLE BOYISH GIGGLE BCWarrior
TRIHEX RAID TRIHEX RAID TRIHEX RAID TRIHEX RAID TRIHEX RAID TriHard
sculpturedwolverine12 no those are s TriHard
PANSY'S PANTIES PANSY'S PANTIES PANSY'S PANTIES PANSY'S PANTIES PANSY'S PANTIES Kreygasm
SK VS C9 IN THE FINAL Kappa
TRIHEX RAID TRIHEX RAID TRIHEX RAID TRIHEX RAID TriHard
CAN WE GET A KAPPA IN CHAT BOYS Kappa
Shroud Raid TombRaidShroud Raid TombRaidShrouShroud Raid Shroud Raid TombRaid
CAN WE GET A IN THE CHAT BOYS? PogChamp
how are they keeping a straight face with those on LUL
MIC TOO SMALL MIC TOO SMALL MIC TOO SMALL MIC TOO SMALL MIC TOO SMALL DansGame
The mic is huge because of noisy crowd. And I mean exceptionaly noisy :D
Mouz will be so fucking hyped right now ez ;)
idiot yanko never do homework LUL
LONG LIVE THE KING 7 DatSheffy
those mics look so goofy KappaRoss
cache is a well designed map Kappa
MAKE MIC BIGGER MAKE MIC BIGGER MAKE MIC BIGGER GOWKratos
He looks like a Frog LUL
I WOULD SUCC THAT MIC KappaPride
I cant take them serious with those mics LUL
ASTRALIS? KJAERBYE HERE CAN I COME BACK? 4Head
why is the mic so tiny LUL
im luling hard at that mic LUL
IMAGINE ONLY HAVING A 5 INCH MIC FILTER LUL
my name is janko my voice is deep. ResidentSleeper
AZTEC IN THE MAP POOL FOR NEXT EVENT PogChamp
START GAMEE LETS GOOOOOOO START GAMEE LETS GOOOOOOO GOWKratos
This interview grill is so beautiful Kreygasm
Go Astralis, Game3 -3.5 HANDICAP <3
📞 HELLO MOUZ 📞 CLOWN 9 HERE 📞 WE'RE WAITING AT THE AIRPORT 📞 DON'T BE LATE 📞 4Head
RASHBEE DU ER EN FRÆKKERT <3
REAL ESTATE in Prison Oj ( I suck) Kappa
Major final only 85k viewers csgo = dead game LUL
crowd carry astralis to final LUL
A main? Ayyy mayne? A mane? Who knows LUL
NO GO ZONES NO GO ZONES NO GO ZONES NO GO ZONES NO GO ZONES LUL
NO GO ZONES NO GO ZONES NO GO ZONES NO GO ZONES LUL
naded got CSGO'D 0 dmg LUL
STOP SPAMMING WITHOUT KNOWING WHAT IT MEANS SILVER CHAT WutFace
You have been gifted the Golden Kappa! imGlitch
OI OI OI is HI HI HI LUL
NU PRATAR VI SVENSKA HÄR DatSheffy
HOLD CTRL AND TYPE "WTF" FOR ℱ𝓪𝓷𝓬𝔂 𝓦𝓣ℱ :)
"i dont know shat" nice eu chat LUL
Cache is so fun to watch ResidentSleeper
SUNNY RYNKYLLÄ ODENS YLÄHUULESSA TORILLA TAVATAAN . SwiftRage
so cool man ctrl + w Kappa
CHAT YOU LIED TO ME BibleThump
= Dog Face (nospace) 2 FrankerZ
monkaS THEY ARE GETTING MURDERED monkaS THEY ARE GETTING MURDERED WutFace
TOLD YOU MOUSESPORTS GAMEPLAY STYLE MATCHMAKING TYPE EXCEPT ONLY MIRAGE MAP EASY TO READ :p
monkaS THEY ARE GETTING MURDERED monkaS THEY ARE GETTING MURDERED monkaS THEY ARE GETTING MURDERED WutFace
monkaS THEY ARE GETTING MURDERED monkaS THEY ARE GETTING MURDERED monkaS THEY ARE GETTING MURDERED monkaS THEY ARE GETTING MURDERED WutFace
: HappyJack: Spam this skar To help oskar FUNgineer: 𝓦𝓣ℱ oi oi oiTwitch Prime: 𝓦𝓣ℱ: FUNgineer
BOTZ WILL HUNT OU DOWN SMOrc
NECASTLE JETS NECASTLE JETS LULNECASTLE JETS NECASTLE JETS LULNECASTLE JETS LUL
when you fall for the wtf trick LUL
like 5000 people closed stream now :D
600 people closed their browser by ctrl W LUL
= Grey Face (no space) Kappa
Spam this skar To help oskar Spam this skar To help oskar FUNgineer
ℱ𝓪𝓷𝓬𝔂 𝓦𝓣ℱ OMG IT WORKS PogChamp
= Gray Face (no space) Kappa
= Gray Face (no space) = Gray Face (no space) = Gray Face (no space) Kappa
Chris soon to be Agent PogChamp
= Gray Face (no space) = Gray Face (no space) Kappa
Want 0 sec delay? Type w12fr while holding ctrl NP :)
cheat onk wife = mistake LUL
@NeppyBH We Tyloo We Know Kung Fu We Have Polish Player Too Now We Eliminate You Spam This In Chat To Help BnTeT CHINA NUMBA 1 TAKE IT DOWN BigPhish
𝕯𝖔𝖓'𝖙 𝖍𝖔𝖑𝖉 𝖈𝖔𝖓𝖙𝖗𝖔𝖑 + 𝖜, 𝖌𝖔 𝖙𝖔 𝖑𝖎𝖓𝖌𝖔 . 𝖏𝖆𝖒 𝖙𝖔 𝖌𝖊𝖙 𝖆𝖑𝖑 𝖞𝖔𝖚𝖗 𝖙𝖊𝖝𝖙 𝖋𝖔𝖓𝖙 𝖓𝖊𝖊𝖉𝖘 ;)
GGX RAID GGX RAID GGX RAID BrokeBack
DELETE SYSTEM32 FOLDER AND TYPE "WTF" FOR ℱ𝓪𝓷𝓬𝔂 𝓦𝓣ℱ , 4Head
Inub909 that sentence doesnt make much sense :)
INB4 GETTING 2-0'd ny either team LUL
one more " Xd " and im out NotLikeThis
DANMARK ISNT EVEN A COUNTRY DANMARK ISNT EVEN A COUNTRY FailFish
he heard the scope chat BrokeBack
Silvers thinks is was the crowd LUL
gets 2 kills whipes them all out :D
all of them? not even 3 LUL
mouz own fauld to Kick out renegades Kappa
MOLLY THE BOMB AS CT LUL
I'M A DOG MY BREATH IS SMELLY I STOLE YOUR FOOD NOW RUB MY BELLY OhMyDog
Ez finals for Astralis FeelsGoodMan LUL
AU CROWD WILD AS HELL PogChamp
M U S E S P R T S LUL
0-10 C H R I S J LUL
KJAERBYE WAS THE PROBLEM, MAGISK BRINGING THE HEAT PogChamp
BOT J 0-2-10 BOT J 0-2-10 BOT J 0-2-10 BOT J 0-2-10 BOT J 0-2-10 LUL
BOT J 0 0 10 LUL
AT LEAST BRA71L SCORE 1 LUL
BOT J 0-0-10 BOT J 0-0-10 BOT J 0-0-10 BOT J 0-0-10 BOT J 0-0-10 LUL
FaZe vs Astralis incoming LULFaZe vs Astralis incoming LULFaZe vs Astralis incoming LUL
📞 HELLO MOUSESPORTS? 📞 CLOWN 9HERE 📞 WHY SO LATE 📞 WE ARE STILL WAITING AT THE AIRPORT 📞 BTW RENEGADES AND SK TOOK THE WINDOW SEAT 📞 YOU CAN HAVE THE TOILET SEAT 📞 4Head
ChrisJ SHOWING HOW BAD DUTCHIES ARE LUL
📞 HELLO MOUSESPORTS? 📞 CLOWN 9HERE 📞 WHY SO LATE 📞 WE ARE STILL WAITING AT THE AIRPORT 📞 BTW RENEGADES AND SK TOOK THE WINDOW SEAT 📞 YOU CAN HAVE THE TOILET SEAT 📞 4Head. 4Head
A U T I S M LUL
there's no change for mousesports LUL
📞 HELLO MOUSESPORTS? 📞 CLOWN 9HERE 📞 WHY SO LATE 📞 WE ARE STILL WAITING AT THE AIRPORT 📞 BTW RENEGADES AND SK TOOK THE WINDOW SEAT 📞 YOU CAN HAVE THE TOILET SEAT 📞 . 4Head
📞 HELLO MOUSESPORTS? 📞 CLOWN 9HERE 📞 WHY SO LATE 📞 WE ARE STILL WAITING AT THE AIRPORT 📞 BTW RENEGADES AND SK TOOK THE WINDOW SEAT 📞 YOU CAN HAVE THE TOILET SEAT 📞 4Head, 4Head
Isn't Dignitas a girls team?? LUL
ggwp ggwp ggwp ggwp ggwp ggwp ggwp ggwp ggwp ggwp ggwp ggwp ggwp ggwp ggwp ggwp ggwp ggwp ggwp ggwp ggwp LUL
\ / \ / \ / BabyRage
how was that a leg LUL
BIBLE THUMP FOR BOTJ BIBLE THUMP FOR BOTJ BibleThump
what is kjaerbye doing today? what is kjaerbye doing today? what is kjaerbye doing today? LUL
GOD J GOD J GOD J PogChamp
0-0-11 TO 3 0 11 LUL
T H R O W I N G T H R O W I N G T H R O W I N G T H R O W I N G T H R O W I N G LUL
first 3 kill like this LUL
TRIPLED FRAGS IN ONE ROUND PogChamp
0 0 11 was a bluff LUL
I love all the NOVAS calling chat SilverCHAT Kappa
16-3 16-3 16-3 16-3 16-3 16-3 16-3 16-3 16-3 16-3 16-3 16-3 16-3 LUL
LETS NOT CHECK NBK BTW LUL
what are they looking at LUL
16-3 16-3 16-3 16-3 16-3 16-3 16-3 16-3 16-3 16-3 LUL
BOT J AGAIN AGAIN AGAIN LUL
THEY TREW THE FLASH BUT DIDNT CHECHED CHOKESPORTS LUL
THAT'S NOT POLAND, IT'S INDONESIA BabyRage
DAKKA DAKKA DAKKA DAKKA DAKKA SMOrc
Astralis VAC all over the place LUL
Mousesports back to being mousesports LUL
SYDNEY WHATS THE FINAL SCORE? LUL
ADAM COCKING ADAM COCKING ADAM COCKING TriHard
NECASTLE JETS LULNECASTLE JETS LULNECASTLE JETS LULNECASTLE JETS LULNECASTLE JETS LULNECASTLE JETS LULNECASTLE JETS LUL
lmbt already checking for flights lmbt already checking for flights lmbt already checking for flights LUL
@ESL_CSGO hey guys,i have a shoe in my hand,kick me out please? 4Head
spam WTF to confuse viewers 4Head
"THIS IS THE LAST HALF TO CONFIRM THE SERIES" really LUL
The Dark Knight music ! PogChamp
@badmantv it really doesn't matter.... astralis cs is too good even if mous win they wont get any shit or respect :D
WoWoWoWo The Dark Knight music ! PogChamp
100K VIEWERS WATCHING A RERUN LUL
comeback mouses common you can do it SeriousSloth
MASSIVE STADIUM FOR ALL THE IQ TO FIT IN LUL
MAJOR FINAL LESS VIEWERS THAN DAILY OVERWATCH LEAGUE LUL
Spam this Mouse to help mouse Mau5
Just watching my boiz let me be in peace @MandaMilo cmonBruh
MOUZ COACH AS HELPFUL AS EVER LUL
theres no such thing as 22 pm LUL
device with the auto glock @moses :)
ofc it was xyp9x stupid hacker LUL
DENNA CHATT ÄR NU SVENSK DatSheffy
@Jonttu_007 You are trolling right? LUL
S C A R S C A R S C A R S C A R S C A R S C A R S C A R S C A R S C A R LUL
S C A R S C A R S C A R LUL
that was mouz's only chance of comeback LUL
SAME MAP ONLINE MOUSE WINS 16-3, ON LAN THEY LOSE 3-16 LUL
GG EZ ? Racist Astralis fan LUL
so its gonna be the next faze vs astralis final? :D
WHEN IS OFFLINE V BOTS OVER WHEN IS OFFLINE V BOTS OVER WHEN IS OFFLINE V BOTS OVER WHEN IS OFFLINE V BOTS OVER LUL
someone give Ropz a hug, please. BibleThump
📞 HELLO Mouz? 📞 CLOWN 9HERE 📞 WHY SO LATE 📞 WE ARE STILL WAITING AT THE AIRPORT 📞 BTW RENEGADES TOOK THE WINDOW SEAT 📞 YOU CAN HAVE THE TOILET SEAT 📞 4Head
MG CHAT COMPLAINING ABOUT SILVER CHAT ResidentSleeper
lol mouz actually took a round LUL
nice B strat by mouz LUL
DON"T CHAT IF YOUR HIGH RANK SIlver 1 OR HIGHER 4Head
IN ways that they dont enjoy KappaPride
magisk looks like super sayian LUL
STYKO TOGGLING OUT OF DESPERATION LUL
7 7 7 7 7 7 TriHard
MIRAGE SPORTS MIRAGE SPORTS MIRAGE SPORTS LUL
mouseports take my E N E R G Y TwitchLit
I want this to go into OT MorphinTime
SNUS SNUS SNUS SNUS SNUS SNUS SNUS SNUS EleGiggle
MG's CALLING CHAT SILVER CHAT LUL
Mini heart attack to over bettor LUL
They don't deserve for REKT WutFace
NIP ERA 2 YEARS FNATIC ERA 2 YEARS SK ERA 2 YEARS NA ERA 2 WEEKS LUL
EU GOLD NOVA = NA GLOBAL LUL
Major Final 100k viewers dead game LUL
SPACE SOLDIERS SPACE SOLDIERS SPACE SOLDIERS SPACE SOLDIERS <3
TILTSPORTS TILTSPORTS TILTSPORTS TILTSPORTS TILTSPORTS TILTSPORTS TILTSPORTS TILTSPORTS TILTSPORTS TILTSPORTS TILTSPORTS TILTSPORTS TILTSPORTS TILTSPORTS LUL
Major final less than 100k viewers LUL
Z0nic clapping along with the crowd Kappa
ELLO MOUSESPORTS? 📞 CLOWN 9HERE 📞 WHY SO LATE 📞 WE ARE STILL WAITING AT THE AIRPORT 📞 YOU CAN HAVE THE TOILET SEAT 📞 4Head
TAKING A LOT OF DAMAGE LUL
well not a major and not a final... but hey he tried LUL
PEOPLE THINKING ASTRALIS ARE CHEATING OMEGA LUL
RENEGADES WOULD WIN THIS RENEGADES WOULD WIN THIS RENEGADES WOULD WIN THIS RENEGADES WOULD WIN THIS RENEGADES WOULD WIN THIS LUL
ss 📞 HELLO MOUSESPORTS? 📞 CLOWN 9HERE 📞 WHY SO LATE 📞 WE ARE STILL WAITING AT THE AIRPORT 📞 BTW RENEGADES TOOK THE WINDOW SEAT 📞 YOU CAN HAVE THE TOILET SEAT 📞 4Head
TOO LATE ON THE TOGGLE LUL
SAVE SAVE SAVE SAVE SAVE NotLikeThis
SAVE FOR LAST ROUND GG EZ LUL
📞 HELLO MOUSESPORTS? 📞 CLOWN 9HERE 📞 WHY SO LATE 📞 WE ARE STILL WAITING AT THE AIRPORT 📞 BTW RENEGADES TOOK THE WINDOW SEAT 📞 YOU CAN HAVE THE TOILET SEAT 📞 !! 4Head
playing a deathmatch map in a tournament LUL
FAZE VS ASTRALİS FAZE WİN PogChamp
FAZE CHOKE 100% BET ALL U CAN LUL
bet they gon replay the interview in slow motion GOWKratos
3-1 DUPREEH CONFIRMED 3-1 DUPREEH CONFIRMED PogChamp
leemurray well we have the stats to back us up Kappa
CANT SEE THEM BEHIND MIC CANT SEE THEM BEHIND MIC CANT SEE THEM BEHIND MIC CANT SEE THEM BEHIND MIC CANT SEE THEM BEHIND MIC WutFace
how good their wa;lls are you mean LUL
go to sleep ladz its 10:16 LUL
CANT SEE THEM BEHIND MIC CANT SEE THEM BEHIND MIC CANT SEE THEM BEHIND MIC WutFace
CANT SEE THEM BEHIND MIC CANT SEE THEM BEHIND MIC CANT SEE THEM BEHIND MIC CANT SEE THEM BEHIND MIC WutFace
@blood_crimson I know, but time??? :D
BIG BLACK MIC - BBM LUL
faze dedicated IEM runner up LUL
STYKO BEST ON MOUZ RIP LUL
BIG BLACK MIC, BUT IT' BETTER THEN YOUR HAHAA LUL
BOTTOM FRAGGER BETTER THAN TOP FRAGGER LUL
Styko top of Mouz <3# <3
BIG BLACK MICS - BBM LUL
V D A F O N E LUL
@allugod9 the fact is 64 LUL
What is this team called Bye? They're rubbish LUL
@WidowmakersRedToes America made by Europeans LUL
FAZE WILL CHOKE IN THE FINAL AGAIN LUL
current FAZA with XZIT? NAAY LUL
Inferno is a inferno for FaZe Kappa
@allugod9 but far better than 84 LUL
@georgi808 alright I'm not delusional they have to be trolling us LUL
forsen subs meet me in the back alley I have to set em up straight Kappa
@samuel_w0w och .. third day thati got a damn alarm on phone to get up .. LUL
M O R T E N DatSheffy
even ninja have twice as much viewers wtf FailFish
GGs people, we're done for today, thanks for memeing and chatting, enjoy the rest of your day/night/weekend, see you later! HeyGuys
.. have a nice day guys .. cya tomorrow HeyGuys
tyloo vs mouz in the finals PogChamp
tyloo vs mouz in the finals tomorrow PogChamp
Can’t wait to see FaZe choke tomorrow PogChamp
Cs go is a meme dude LUL
Asking twitch chat who won LUL
SK IS GONNA WIN THIS Kappa
rip gonna miss the finals. ill be at work :(
16-3 astralis in dust2 . 17-19 mouz in inferno. 16-5 astralis in cache. yre welcome chat OpieOP
37k VIEW ON MAJOR FINAL DEAD GAME LUL
📞 HELLO AU? 📞 EU AND NA HERE 📞 NICE TIMEZONE 📞 4Head
where is Ronaldinho of CS? Kappa
