idiots always comment low views on reruns DansGame
what happened to VP They were so good back in the days :(
600 VIEWS MAJOR FINAL DEAD GAME LUL
I can't see jkaem's mouse LUL
He does not need a mouse :D
Jame tier 3 online awper LUL
You guys trying to troll me but didn't realize I was the one Baiting 4Head
Fnatic wins this one BTW 4Head
Who watches RERUNs in 2018 LuL N0thing else to do?? 4Head
@haxaclan too much italian bro :D
ha SK What a bunch of jokes LUL
how many bots in here ? MrDestructoid
forest has such a nasty beard LUL
500 viewers in a live championship, dead game LUL
500 viewers on major final OMEGALUL DEAD GAME OMEGALUL LUL
only real LULer can build this perfect pyramid . Try like me !Try like me ! Try like me !! And my pyramid still higher!!!!!! ..... LUL
500 viewers on major final dead game LUL
rerun is the sponsor we all know this Kappa
just buyed the hyperx cloud II :D
when someone that doesnt play cs or is silver rank calls hacks LUL
im rooting for your mum Kappa
im rooting for ur to be born sibling Kappa
I bet top prize for this contest is like $500 :D
